read_file 1572381243.4349303 1572381243.4364722 bigbrain_769_603_2776.nii 139738377692992
increment_file 1572381243.4366384 1572381243.8623905 bigbrain_769_603_2776.nii 139738377692992
write_file 1572381243.8633282 1572381244.3757253 inc-bigbrain_769_603_2776.nii 139738377692992
task_duration 1572381243.4337423 1572381244.3870137 1572380543-tmpfsAD_1it_25cpus_40bb-1 139738377692992
read_file 1572381243.4329734 1572381243.4343944 bigbrain_769_603_694.nii 139645614831424
increment_file 1572381243.4345205 1572381243.876663 bigbrain_769_603_694.nii 139645614831424
write_file 1572381243.8774962 1572381244.3725865 inc-bigbrain_769_603_694.nii 139645614831424
task_duration 1572381243.431888 1572381244.3838212 1572380543-tmpfsAD_1it_25cpus_40bb-1 139645614831424
read_file 1572381243.4102626 1572381243.4119391 bigbrain_769_603_0.nii 140620854765376
increment_file 1572381243.4120998 1572381243.8398175 bigbrain_769_603_0.nii 140620854765376
write_file 1572381243.8407028 1572381244.3568296 inc-bigbrain_769_603_0.nii 140620854765376
task_duration 1572381243.4089994 1572381244.3681188 1572380543-tmpfsAD_1it_25cpus_40bb-1 140620854765376
read_file 1572381243.4072368 1572381243.408889 bigbrain_769_2412_694.nii 140255253681984
increment_file 1572381243.4090385 1572381243.8505614 bigbrain_769_2412_694.nii 140255253681984
write_file 1572381243.8514555 1572381244.3431332 inc-bigbrain_769_2412_694.nii 140255253681984
task_duration 1572381243.4060214 1572381244.355056 1572380543-tmpfsAD_1it_25cpus_40bb-1 140255253681984
read_file 1572381243.4055824 1572381243.40717 bigbrain_769_603_2082.nii 140593073108800
increment_file 1572381243.4073112 1572381243.8354473 bigbrain_769_603_2082.nii 140593073108800
write_file 1572381243.8362944 1572381244.3529348 inc-bigbrain_769_603_2082.nii 140593073108800
task_duration 1572381243.404363 1572381244.3642843 1572380543-tmpfsAD_1it_25cpus_40bb-1 140593073108800
read_file 1572381243.403613 1572381243.4050174 bigbrain_769_603_1388.nii 140688288474944
increment_file 1572381243.4051456 1572381243.8327014 bigbrain_769_603_1388.nii 140688288474944
write_file 1572381243.8335512 1572381244.345872 inc-bigbrain_769_603_1388.nii 140688288474944
task_duration 1572381243.4024587 1572381244.3574176 1572380543-tmpfsAD_1it_25cpus_40bb-1 140688288474944
read_file 1572381243.3625982 1572381243.3641808 bigbrain_769_2412_2776.nii 139938106341184
increment_file 1572381243.364319 1572381243.790656 bigbrain_769_2412_2776.nii 139938106341184
write_file 1572381243.7916472 1572381244.31184 inc-bigbrain_769_2412_2776.nii 139938106341184
task_duration 1572381243.3613899 1572381244.3236942 1572380543-tmpfsAD_1it_25cpus_40bb-1 139938106341184
read_file 1572381243.3275359 1572381243.3300707 bigbrain_769_2412_2082.nii 140013212534592
increment_file 1572381243.3302765 1572381243.7547376 bigbrain_769_2412_2082.nii 140013212534592
write_file 1572381243.7556784 1572381244.2797856 inc-bigbrain_769_2412_2082.nii 140013212534592
task_duration 1572381243.3253078 1572381244.292172 1572380543-tmpfsAD_1it_25cpus_40bb-1 140013212534592
read_file 1572381243.323547 1572381243.3251343 bigbrain_769_2412_0.nii 139830147561280
increment_file 1572381243.3252687 1572381243.7491186 bigbrain_769_2412_0.nii 139830147561280
write_file 1572381243.7501438 1572381244.2769291 inc-bigbrain_769_2412_0.nii 139830147561280
task_duration 1572381243.322297 1572381244.2900052 1572380543-tmpfsAD_1it_25cpus_40bb-1 139830147561280
read_file 1572381243.3127534 1572381243.3149889 bigbrain_769_1809_2776.nii 139660723148608
increment_file 1572381243.3152199 1572381243.7680569 bigbrain_769_1809_2776.nii 139660723148608
write_file 1572381243.768952 1572381244.2929265 inc-bigbrain_769_1809_2776.nii 139660723148608
task_duration 1572381243.310757 1572381244.3048375 1572380543-tmpfsAD_1it_25cpus_40bb-1 139660723148608
read_file 1572381243.3026867 1572381243.304584 bigbrain_769_2412_1388.nii 139674138187584
increment_file 1572381243.304739 1572381243.7311237 bigbrain_769_2412_1388.nii 139674138187584
write_file 1572381243.732029 1572381244.2571383 inc-bigbrain_769_2412_1388.nii 139674138187584
task_duration 1572381243.3009436 1572381244.269804 1572380543-tmpfsAD_1it_25cpus_40bb-1 139674138187584
read_file 1572381243.2945335 1572381243.2965212 bigbrain_769_1809_694.nii 140430389086016
increment_file 1572381243.2966669 1572381243.7674658 bigbrain_769_1809_694.nii 140430389086016
write_file 1572381243.7683442 1572381244.270184 inc-bigbrain_769_1809_694.nii 140430389086016
task_duration 1572381243.292731 1572381244.2825658 1572380543-tmpfsAD_1it_25cpus_40bb-1 140430389086016
read_file 1572381243.2880492 1572381243.2895389 bigbrain_769_1809_2082.nii 140243656333120
increment_file 1572381243.2896624 1572381243.6908627 bigbrain_769_1809_2082.nii 140243656333120
write_file 1572381243.6918325 1572381244.2055926 inc-bigbrain_769_1809_2082.nii 140243656333120
task_duration 1572381243.2867968 1572381244.217337 1572380543-tmpfsAD_1it_25cpus_40bb-1 140243656333120
read_file 1572381243.2576177 1572381243.2595696 bigbrain_769_1809_1388.nii 140415606925120
increment_file 1572381243.2597356 1572381243.7298265 bigbrain_769_1809_1388.nii 140415606925120
write_file 1572381243.7307372 1572381244.237492 inc-bigbrain_769_1809_1388.nii 140415606925120
task_duration 1572381243.2558553 1572381244.250107 1572380543-tmpfsAD_1it_25cpus_40bb-1 140415606925120
read_file 1572381243.2097802 1572381243.2225027 bigbrain_769_1206_694.nii 139831271393088
increment_file 1572381243.2226913 1572381243.6576774 bigbrain_769_1206_694.nii 139831271393088
write_file 1572381243.658586 1572381244.1708758 inc-bigbrain_769_1206_694.nii 139831271393088
task_duration 1572381243.207582 1572381244.182914 1572380543-tmpfsAD_1it_25cpus_40bb-1 139831271393088
read_file 1572381243.194406 1572381243.1962485 bigbrain_769_1809_0.nii 140339104802624
increment_file 1572381243.1964054 1572381243.6316383 bigbrain_769_1809_0.nii 140339104802624
write_file 1572381243.6326036 1572381244.147938 inc-bigbrain_769_1809_0.nii 140339104802624
task_duration 1572381243.1928215 1572381244.1599557 1572380543-tmpfsAD_1it_25cpus_40bb-1 140339104802624
read_file 1572381243.129313 1572381243.1313164 bigbrain_769_1206_2776.nii 140423674902336
increment_file 1572381243.1314723 1572381243.607238 bigbrain_769_1206_2776.nii 140423674902336
write_file 1572381243.6080465 1572381244.11801 inc-bigbrain_769_1206_2776.nii 140423674902336
task_duration 1572381243.1278927 1572381244.131488 1572380543-tmpfsAD_1it_25cpus_40bb-1 140423674902336
read_file 1572381243.112489 1572381243.1142054 bigbrain_769_0_2776.nii 139961876072256
increment_file 1572381243.1143367 1572381243.6198516 bigbrain_769_0_2776.nii 139961876072256
write_file 1572381243.6206543 1572381244.1395245 inc-bigbrain_769_0_2776.nii 139961876072256
task_duration 1572381243.1108618 1572381244.1525424 1572380543-tmpfsAD_1it_25cpus_40bb-1 139961876072256
read_file 1572381243.1022854 1572381243.1040816 bigbrain_769_0_694.nii 140595239343936
increment_file 1572381243.1042185 1572381243.5995243 bigbrain_769_0_694.nii 140595239343936
write_file 1572381243.600373 1572381244.1143556 inc-bigbrain_769_0_694.nii 140595239343936
task_duration 1572381243.1006136 1572381244.1279557 1572380543-tmpfsAD_1it_25cpus_40bb-1 140595239343936
read_file 1572381243.097052 1572381243.0987177 bigbrain_769_1206_2082.nii 139665446696768
increment_file 1572381243.098855 1572381243.6044705 bigbrain_769_1206_2082.nii 139665446696768
write_file 1572381243.6052644 1572381244.1263757 inc-bigbrain_769_1206_2082.nii 139665446696768
task_duration 1572381243.0954125 1572381244.1399236 1572380543-tmpfsAD_1it_25cpus_40bb-1 139665446696768
read_file 1572381243.0786395 1572381243.0802453 bigbrain_769_1206_0.nii 140599624857408
increment_file 1572381243.080371 1572381243.5730383 bigbrain_769_1206_0.nii 140599624857408
write_file 1572381243.5738328 1572381244.0900347 inc-bigbrain_769_1206_0.nii 140599624857408
task_duration 1572381243.0770495 1572381244.1039052 1572380543-tmpfsAD_1it_25cpus_40bb-1 140599624857408
read_file 1572381243.0730052 1572381243.0748353 bigbrain_769_1206_1388.nii 140584665024320
increment_file 1572381243.0749936 1572381243.5816326 bigbrain_769_1206_1388.nii 140584665024320
write_file 1572381243.5826416 1572381244.1200864 inc-bigbrain_769_1206_1388.nii 140584665024320
task_duration 1572381243.0713978 1572381244.1339126 1572380543-tmpfsAD_1it_25cpus_40bb-1 140584665024320
read_file 1572381243.0188437 1572381243.0203655 bigbrain_769_0_2082.nii 140090159245120
increment_file 1572381243.0204926 1572381243.5679386 bigbrain_769_0_2082.nii 140090159245120
write_file 1572381243.568853 1572381244.1120882 inc-bigbrain_769_0_2082.nii 140090159245120
task_duration 1572381243.0173962 1572381244.1259701 1572380543-tmpfsAD_1it_25cpus_40bb-1 140090159245120
read_file 1572381242.9982533 1572381242.999714 bigbrain_769_0_1388.nii 140508328736576
increment_file 1572381242.9998443 1572381243.4749334 bigbrain_769_0_1388.nii 140508328736576
write_file 1572381243.4758613 1572381244.0168362 inc-bigbrain_769_0_1388.nii 140508328736576
task_duration 1572381242.9948578 1572381244.029857 1572380543-tmpfsAD_1it_25cpus_40bb-1 140508328736576
read_file 1572381242.6537404 1572381242.6555185 bigbrain_769_0_0.nii 140138949257024
increment_file 1572381242.6556516 1572381243.287876 bigbrain_769_0_0.nii 140138949257024
write_file 1572381243.2889817 1572381243.7835014 inc-bigbrain_769_0_0.nii 140138949257024
task_duration 1572381242.652058 1572381243.796919 1572380543-tmpfsAD_1it_25cpus_40bb-1 140138949257024
read_file 1572381241.800224 1572381241.8017378 bigbrain_3076_603_694.nii 140042001749824
increment_file 1572381241.8018813 1572381242.2623875 bigbrain_3076_603_694.nii 140042001749824
write_file 1572381242.2632687 1572381242.8528721 inc-bigbrain_3076_603_694.nii 140042001749824
task_duration 1572381241.7991517 1572381242.8710601 1572380543-tmpfsAD_1it_25cpus_40bb-1 140042001749824
read_file 1572381241.7928903 1572381241.7943606 bigbrain_3076_603_0.nii 140476367370048
increment_file 1572381241.794484 1572381242.1861775 bigbrain_3076_603_0.nii 140476367370048
write_file 1572381242.1869955 1572381242.7169726 inc-bigbrain_3076_603_0.nii 140476367370048
task_duration 1572381241.7917275 1572381242.7374868 1572380543-tmpfsAD_1it_25cpus_40bb-1 140476367370048
read_file 1572381241.7785425 1572381241.7801135 bigbrain_3076_2412_1388.nii 139678948022080
increment_file 1572381241.780271 1572381242.2340944 bigbrain_3076_2412_1388.nii 139678948022080
write_file 1572381242.234995 1572381242.8386278 inc-bigbrain_3076_2412_1388.nii 139678948022080
task_duration 1572381241.7773836 1572381242.8591084 1572380543-tmpfsAD_1it_25cpus_40bb-1 139678948022080
read_file 1572381241.7719293 1572381241.7733526 bigbrain_3076_2412_0.nii 140274298668864
increment_file 1572381241.7734942 1572381242.2341352 bigbrain_3076_2412_0.nii 140274298668864
write_file 1572381242.2349792 1572381242.7787535 inc-bigbrain_3076_2412_0.nii 140274298668864
task_duration 1572381241.7707922 1572381242.823194 1572380543-tmpfsAD_1it_25cpus_40bb-1 140274298668864
read_file 1572381241.7575643 1572381241.7591214 bigbrain_3076_2412_2082.nii 140174174529344
increment_file 1572381241.759243 1572381242.2151923 bigbrain_3076_2412_2082.nii 140174174529344
write_file 1572381242.2161193 1572381242.8190255 inc-bigbrain_3076_2412_2082.nii 140174174529344
task_duration 1572381241.7563353 1572381242.8454604 1572380543-tmpfsAD_1it_25cpus_40bb-1 140174174529344
read_file 1572381241.7573826 1572381241.7589934 bigbrain_3076_1809_694.nii 140645111367488
increment_file 1572381241.7591455 1572381242.215409 bigbrain_3076_1809_694.nii 140645111367488
write_file 1572381242.216113 1572381242.8080773 inc-bigbrain_3076_1809_694.nii 140645111367488
task_duration 1572381241.7561593 1572381242.8265164 1572380543-tmpfsAD_1it_25cpus_40bb-1 140645111367488
read_file 1572381241.7501733 1572381241.7517285 bigbrain_3076_2412_2776.nii 139826366469952
increment_file 1572381241.751882 1572381242.2085593 bigbrain_3076_2412_2776.nii 139826366469952
write_file 1572381242.2094598 1572381242.7655783 inc-bigbrain_3076_2412_2776.nii 139826366469952
task_duration 1572381241.7489865 1572381242.795187 1572380543-tmpfsAD_1it_25cpus_40bb-1 139826366469952
read_file 1572381241.7394779 1572381241.7408485 bigbrain_3076_603_2082.nii 139747823793984
increment_file 1572381241.7409644 1572381242.198183 bigbrain_3076_603_2082.nii 139747823793984
write_file 1572381242.1990411 1572381242.7957652 inc-bigbrain_3076_603_2082.nii 139747823793984
task_duration 1572381241.7383568 1572381242.8317802 1572380543-tmpfsAD_1it_25cpus_40bb-1 139747823793984
read_file 1572381241.739133 1572381241.7404888 bigbrain_3076_603_2776.nii 140501102286656
increment_file 1572381241.7406158 1572381242.1970553 bigbrain_3076_603_2776.nii 140501102286656
write_file 1572381242.1980152 1572381242.7751906 inc-bigbrain_3076_603_2776.nii 140501102286656
task_duration 1572381241.7379699 1572381242.8167229 1572380543-tmpfsAD_1it_25cpus_40bb-1 140501102286656
read_file 1572381241.7373664 1572381241.7387328 bigbrain_3076_2412_694.nii 140458981922624
increment_file 1572381241.7388608 1572381242.2008615 bigbrain_3076_2412_694.nii 140458981922624
write_file 1572381242.2016256 1572381242.7731092 inc-bigbrain_3076_2412_694.nii 140458981922624
task_duration 1572381241.7362258 1572381242.8212786 1572380543-tmpfsAD_1it_25cpus_40bb-1 140458981922624
read_file 1572381241.7336164 1572381241.7350419 bigbrain_3076_603_1388.nii 140681810196288
increment_file 1572381241.7351747 1572381242.1920128 bigbrain_3076_603_1388.nii 140681810196288
write_file 1572381242.1929147 1572381242.7677073 inc-bigbrain_3076_603_1388.nii 140681810196288
task_duration 1572381241.7324483 1572381242.8088138 1572380543-tmpfsAD_1it_25cpus_40bb-1 140681810196288
read_file 1572381241.706591 1572381241.7081826 bigbrain_3076_1809_2776.nii 139970926745408
increment_file 1572381241.708313 1572381242.173039 bigbrain_3076_1809_2776.nii 139970926745408
write_file 1572381242.173985 1572381242.7043955 inc-bigbrain_3076_1809_2776.nii 139970926745408
task_duration 1572381241.7054117 1572381242.721049 1572380543-tmpfsAD_1it_25cpus_40bb-1 139970926745408
read_file 1572381241.6814976 1572381241.68346 bigbrain_3076_1809_0.nii 139987394737984
increment_file 1572381241.6836212 1572381242.1429207 bigbrain_3076_1809_0.nii 139987394737984
write_file 1572381242.1437368 1572381242.6981246 inc-bigbrain_3076_1809_0.nii 139987394737984
task_duration 1572381241.6796489 1572381242.714778 1572380543-tmpfsAD_1it_25cpus_40bb-1 139987394737984
read_file 1572381241.6722012 1572381241.6734087 bigbrain_3076_1809_2082.nii 139834874062656
increment_file 1572381241.6735015 1572381242.125491 bigbrain_3076_1809_2082.nii 139834874062656
write_file 1572381242.1261973 1572381242.662837 inc-bigbrain_3076_1809_2082.nii 139834874062656
task_duration 1572381241.6711001 1572381242.6780467 1572380543-tmpfsAD_1it_25cpus_40bb-1 139834874062656
read_file 1572381241.6714165 1572381241.6727617 bigbrain_3076_1809_1388.nii 139883137177408
increment_file 1572381241.6728804 1572381242.1252494 bigbrain_3076_1809_1388.nii 139883137177408
write_file 1572381242.1261334 1572381242.663999 inc-bigbrain_3076_1809_1388.nii 139883137177408
task_duration 1572381241.6702976 1572381242.67934 1572380543-tmpfsAD_1it_25cpus_40bb-1 139883137177408
read_file 1572381241.6334443 1572381241.6348088 bigbrain_3076_1206_694.nii 139896581433152
increment_file 1572381241.6349275 1572381242.0976846 bigbrain_3076_1206_694.nii 139896581433152
write_file 1572381242.098473 1572381242.620026 inc-bigbrain_3076_1206_694.nii 139896581433152
task_duration 1572381241.632313 1572381242.6331763 1572380543-tmpfsAD_1it_25cpus_40bb-1 139896581433152
read_file 1572381241.6287134 1572381241.6301594 bigbrain_3076_0_694.nii 139697751299904
increment_file 1572381241.6302748 1572381242.0996509 bigbrain_3076_0_694.nii 139697751299904
write_file 1572381242.100396 1572381242.6286871 inc-bigbrain_3076_0_694.nii 139697751299904
task_duration 1572381241.6275773 1572381242.6483314 1572380543-tmpfsAD_1it_25cpus_40bb-1 139697751299904
read_file 1572381241.6178718 1572381241.6191854 bigbrain_3076_1206_2082.nii 139944753317696
increment_file 1572381241.6192946 1572381242.0851326 bigbrain_3076_1206_2082.nii 139944753317696
write_file 1572381242.0859487 1572381242.6227953 inc-bigbrain_3076_1206_2082.nii 139944753317696
task_duration 1572381241.6167428 1572381242.6358871 1572380543-tmpfsAD_1it_25cpus_40bb-1 139944753317696
read_file 1572381241.6063488 1572381241.6080654 bigbrain_3076_1206_1388.nii 139938993387328
increment_file 1572381241.6082067 1572381242.0726628 bigbrain_3076_1206_1388.nii 139938993387328
write_file 1572381242.0734375 1572381242.6104872 inc-bigbrain_3076_1206_1388.nii 139938993387328
task_duration 1572381241.6046808 1572381242.624086 1572380543-tmpfsAD_1it_25cpus_40bb-1 139938993387328
read_file 1572381241.5958226 1572381241.597641 bigbrain_3076_1206_2776.nii 140603355076416
increment_file 1572381241.5977945 1572381242.07767 bigbrain_3076_1206_2776.nii 140603355076416
write_file 1572381242.0784597 1572381242.6030202 inc-bigbrain_3076_1206_2776.nii 140603355076416
task_duration 1572381241.5943441 1572381242.6175518 1572380543-tmpfsAD_1it_25cpus_40bb-1 140603355076416
read_file 1572381241.5939314 1572381241.5956223 bigbrain_3076_1206_0.nii 140631437535040
increment_file 1572381241.5957572 1572381242.0620983 bigbrain_3076_1206_0.nii 140631437535040
write_file 1572381242.0628781 1572381242.5903847 inc-bigbrain_3076_1206_0.nii 140631437535040
task_duration 1572381241.5922952 1572381242.6053176 1572380543-tmpfsAD_1it_25cpus_40bb-1 140631437535040
read_file 1572381241.575253 1572381241.576881 bigbrain_3076_0_2776.nii 140596856264512
increment_file 1572381241.5770104 1572381242.0474634 bigbrain_3076_0_2776.nii 140596856264512
write_file 1572381242.04827 1572381242.573302 inc-bigbrain_3076_0_2776.nii 140596856264512
task_duration 1572381241.5737145 1572381242.588352 1572380543-tmpfsAD_1it_25cpus_40bb-1 140596856264512
read_file 1572381241.4202776 1572381241.422135 bigbrain_3076_0_1388.nii 140039963813696
increment_file 1572381241.4222858 1572381241.9879327 bigbrain_3076_0_1388.nii 140039963813696
write_file 1572381241.9889922 1572381242.5081646 inc-bigbrain_3076_0_1388.nii 140039963813696
task_duration 1572381241.4186516 1572381242.5238698 1572380543-tmpfsAD_1it_25cpus_40bb-1 140039963813696
read_file 1572381241.3962133 1572381241.3979597 bigbrain_3076_0_2082.nii 139883640637248
increment_file 1572381241.3981094 1572381241.9390423 bigbrain_3076_0_2082.nii 139883640637248
write_file 1572381241.9400618 1572381242.4964366 inc-bigbrain_3076_0_2082.nii 139883640637248
task_duration 1572381241.3945858 1572381242.510957 1572380543-tmpfsAD_1it_25cpus_40bb-1 139883640637248
read_file 1572381241.1645558 1572381241.1662595 bigbrain_3076_0_0.nii 140168618985280
increment_file 1572381241.1663778 1572381241.8029523 bigbrain_3076_0_0.nii 140168618985280
write_file 1572381241.8036518 1572381242.2954009 inc-bigbrain_3076_0_0.nii 140168618985280
task_duration 1572381241.1629143 1572381242.309339 1572380543-tmpfsAD_1it_25cpus_40bb-1 140168618985280
read_file 1572381240.2162817 1572381240.21766 bigbrain_2307_603_1388.nii 140336767891264
increment_file 1572381240.217782 1572381240.6828065 bigbrain_2307_603_1388.nii 140336767891264
write_file 1572381240.6836133 1572381241.2122984 inc-bigbrain_2307_603_1388.nii 140336767891264
task_duration 1572381240.2152207 1572381241.22854 1572380543-tmpfsAD_1it_25cpus_40bb-1 140336767891264
read_file 1572381240.1983113 1572381240.1999497 bigbrain_2307_2412_694.nii 140027702740800
increment_file 1572381240.2001004 1572381240.6724906 bigbrain_2307_2412_694.nii 140027702740800
write_file 1572381240.6734333 1572381241.241111 inc-bigbrain_2307_2412_694.nii 140027702740800
task_duration 1572381240.1971247 1572381241.2777584 1572380543-tmpfsAD_1it_25cpus_40bb-1 140027702740800
read_file 1572381240.188661 1572381240.190467 bigbrain_2307_603_694.nii 140145454823232
increment_file 1572381240.1906333 1572381240.6640434 bigbrain_2307_603_694.nii 140145454823232
write_file 1572381240.6650207 1572381241.239144 inc-bigbrain_2307_603_694.nii 140145454823232
task_duration 1572381240.1872852 1572381241.2549236 1572380543-tmpfsAD_1it_25cpus_40bb-1 140145454823232
read_file 1572381240.168429 1572381240.1699307 bigbrain_2307_603_2776.nii 140607328712512
increment_file 1572381240.170062 1572381240.6407897 bigbrain_2307_603_2776.nii 140607328712512
write_file 1572381240.641578 1572381241.1692638 inc-bigbrain_2307_603_2776.nii 140607328712512
task_duration 1572381240.1672194 1572381241.1858094 1572380543-tmpfsAD_1it_25cpus_40bb-1 140607328712512
read_file 1572381240.1528473 1572381240.1544192 bigbrain_2307_603_2082.nii 139977943877440
increment_file 1572381240.1545668 1572381240.623529 bigbrain_2307_603_2082.nii 139977943877440
write_file 1572381240.6243646 1572381241.1360726 inc-bigbrain_2307_603_2082.nii 139977943877440
task_duration 1572381240.1515822 1572381241.1501694 1572380543-tmpfsAD_1it_25cpus_40bb-1 139977943877440
read_file 1572381240.1516237 1572381240.1530678 bigbrain_2307_603_0.nii 139775535511360
increment_file 1572381240.1531975 1572381240.628594 bigbrain_2307_603_0.nii 139775535511360
write_file 1572381240.629428 1572381241.1872 inc-bigbrain_2307_603_0.nii 139775535511360
task_duration 1572381240.150475 1572381241.2054186 1572380543-tmpfsAD_1it_25cpus_40bb-1 139775535511360
read_file 1572381240.1501884 1572381240.1515458 bigbrain_2307_2412_2082.nii 140468901074752
increment_file 1572381240.1516695 1572381240.6218398 bigbrain_2307_2412_2082.nii 140468901074752
write_file 1572381240.622626 1572381241.161644 inc-bigbrain_2307_2412_2082.nii 140468901074752
task_duration 1572381240.1490636 1572381241.1776643 1572380543-tmpfsAD_1it_25cpus_40bb-1 140468901074752
read_file 1572381240.1404316 1572381240.1417809 bigbrain_2307_2412_0.nii 140429592893248
increment_file 1572381240.1419096 1572381240.6151645 bigbrain_2307_2412_0.nii 140429592893248
write_file 1572381240.6159074 1572381241.16561 inc-bigbrain_2307_2412_0.nii 140429592893248
task_duration 1572381240.1392653 1572381241.1818464 1572380543-tmpfsAD_1it_25cpus_40bb-1 140429592893248
read_file 1572381240.1378186 1572381240.1394835 bigbrain_2307_1809_0.nii 140137113651008
increment_file 1572381240.1396272 1572381240.614779 bigbrain_2307_1809_0.nii 140137113651008
write_file 1572381240.6157722 1572381241.177314 inc-bigbrain_2307_1809_0.nii 140137113651008
task_duration 1572381240.1365361 1572381241.1926098 1572380543-tmpfsAD_1it_25cpus_40bb-1 140137113651008
read_file 1572381240.134657 1572381240.1359897 bigbrain_2307_2412_2776.nii 140585653782336
increment_file 1572381240.1361003 1572381240.608639 bigbrain_2307_2412_2776.nii 140585653782336
write_file 1572381240.6093884 1572381241.1203303 inc-bigbrain_2307_2412_2776.nii 140585653782336
task_duration 1572381240.133524 1572381241.1350188 1572380543-tmpfsAD_1it_25cpus_40bb-1 140585653782336
read_file 1572381240.1307979 1572381240.1322677 bigbrain_2307_1809_1388.nii 140343507732288
increment_file 1572381240.132393 1572381240.606811 bigbrain_2307_1809_1388.nii 140343507732288
write_file 1572381240.6077492 1572381241.159421 inc-bigbrain_2307_1809_1388.nii 140343507732288
task_duration 1572381240.1296384 1572381241.1753561 1572380543-tmpfsAD_1it_25cpus_40bb-1 140343507732288
read_file 1572381240.1291738 1572381240.130497 bigbrain_2307_1206_694.nii 139644879062848
increment_file 1572381240.1306016 1572381240.5977085 bigbrain_2307_1206_694.nii 139644879062848
write_file 1572381240.5985796 1572381241.110486 inc-bigbrain_2307_1206_694.nii 139644879062848
task_duration 1572381240.1280482 1572381241.1247344 1572380543-tmpfsAD_1it_25cpus_40bb-1 139644879062848
read_file 1572381240.128763 1572381240.129993 bigbrain_2307_2412_1388.nii 139845046220608
increment_file 1572381240.1300933 1572381240.6021135 bigbrain_2307_2412_1388.nii 139845046220608
write_file 1572381240.602875 1572381241.1479738 inc-bigbrain_2307_2412_1388.nii 139845046220608
task_duration 1572381240.1276536 1572381241.1646068 1572380543-tmpfsAD_1it_25cpus_40bb-1 139845046220608
read_file 1572381240.1265974 1572381240.1279285 bigbrain_2307_1809_694.nii 139645433763648
increment_file 1572381240.128041 1572381240.603262 bigbrain_2307_1809_694.nii 139645433763648
write_file 1572381240.6039374 1572381241.1337175 inc-bigbrain_2307_1809_694.nii 139645433763648
task_duration 1572381240.1254334 1572381241.1499474 1572380543-tmpfsAD_1it_25cpus_40bb-1 139645433763648
read_file 1572381240.1175253 1572381240.1187456 bigbrain_2307_1809_2082.nii 139997716186944
increment_file 1572381240.1188529 1572381240.5846164 bigbrain_2307_1809_2082.nii 139997716186944
write_file 1572381240.5853755 1572381241.0921822 inc-bigbrain_2307_1809_2082.nii 139997716186944
task_duration 1572381240.116484 1572381241.108483 1572380543-tmpfsAD_1it_25cpus_40bb-1 139997716186944
read_file 1572381240.1096659 1572381240.1110454 bigbrain_2307_1809_2776.nii 140105258256192
increment_file 1572381240.1111765 1572381240.5804217 bigbrain_2307_1809_2776.nii 140105258256192
write_file 1572381240.5814 1572381241.1375954 inc-bigbrain_2307_1809_2776.nii 140105258256192
task_duration 1572381240.1085248 1572381241.1536498 1572380543-tmpfsAD_1it_25cpus_40bb-1 140105258256192
read_file 1572381240.071384 1572381240.072657 bigbrain_2307_1206_2776.nii 139878547433280
increment_file 1572381240.072763 1572381240.46004 bigbrain_2307_1206_2776.nii 139878547433280
write_file 1572381240.4608498 1572381240.9546418 inc-bigbrain_2307_1206_2776.nii 139878547433280
task_duration 1572381240.070286 1572381240.9682643 1572380543-tmpfsAD_1it_25cpus_40bb-1 139878547433280
read_file 1572381240.043936 1572381240.0454304 bigbrain_2307_1206_0.nii 139636233267008
increment_file 1572381240.0455587 1572381240.5007539 bigbrain_2307_1206_0.nii 139636233267008
write_file 1572381240.5017297 1572381241.0707922 inc-bigbrain_2307_1206_0.nii 139636233267008
task_duration 1572381240.0426955 1572381241.085015 1572380543-tmpfsAD_1it_25cpus_40bb-1 139636233267008
read_file 1572381240.0296488 1572381240.0310621 bigbrain_2307_1206_2082.nii 139637447702336
increment_file 1572381240.031191 1572381240.478851 bigbrain_2307_1206_2082.nii 139637447702336
write_file 1572381240.4797025 1572381241.056363 inc-bigbrain_2307_1206_2082.nii 139637447702336
task_duration 1572381240.028431 1572381241.0692277 1572380543-tmpfsAD_1it_25cpus_40bb-1 139637447702336
read_file 1572381240.0216522 1572381240.0231388 bigbrain_2307_1206_1388.nii 140451117672256
increment_file 1572381240.0232687 1572381240.4772859 bigbrain_2307_1206_1388.nii 140451117672256
write_file 1572381240.4782832 1572381241.057532 inc-bigbrain_2307_1206_1388.nii 140451117672256
task_duration 1572381240.0204704 1572381241.0715556 1572380543-tmpfsAD_1it_25cpus_40bb-1 140451117672256
read_file 1572381240.01375 1572381240.015045 bigbrain_2307_0_694.nii 140277471840064
increment_file 1572381240.0151546 1572381240.4699523 bigbrain_2307_0_694.nii 140277471840064
write_file 1572381240.4709024 1572381241.0498383 inc-bigbrain_2307_0_694.nii 140277471840064
task_duration 1572381240.012636 1572381241.0630407 1572380543-tmpfsAD_1it_25cpus_40bb-1 140277471840064
read_file 1572381239.9986813 1572381240.0003622 bigbrain_2307_0_2082.nii 140387480708928
increment_file 1572381240.000499 1572381240.4398756 bigbrain_2307_0_2082.nii 140387480708928
write_file 1572381240.4408438 1572381241.0229778 inc-bigbrain_2307_0_2082.nii 140387480708928
task_duration 1572381239.9970357 1572381241.036523 1572380543-tmpfsAD_1it_25cpus_40bb-1 140387480708928
read_file 1572381239.9505017 1572381239.952123 bigbrain_2307_0_1388.nii 139975481108288
increment_file 1572381239.9522629 1572381240.4295096 bigbrain_2307_0_1388.nii 139975481108288
write_file 1572381240.4305055 1572381241.0200272 inc-bigbrain_2307_0_1388.nii 139975481108288
task_duration 1572381239.949003 1572381241.0370233 1572380543-tmpfsAD_1it_25cpus_40bb-1 139975481108288
read_file 1572381239.917529 1572381239.918984 bigbrain_2307_0_2776.nii 139792473483072
increment_file 1572381239.9191108 1572381240.375186 bigbrain_2307_0_2776.nii 139792473483072
write_file 1572381240.3761454 1572381240.9678564 inc-bigbrain_2307_0_2776.nii 139792473483072
task_duration 1572381239.9161036 1572381240.9823623 1572380543-tmpfsAD_1it_25cpus_40bb-1 139792473483072
read_file 1572381239.7294698 1572381239.7310736 bigbrain_2307_0_0.nii 139832097974080
increment_file 1572381239.7311933 1572381240.2969108 bigbrain_2307_0_0.nii 139832097974080
write_file 1572381240.2976797 1572381240.7898762 inc-bigbrain_2307_0_0.nii 139832097974080
task_duration 1572381239.7278512 1572381240.8025336 1572380543-tmpfsAD_1it_25cpus_40bb-1 139832097974080
read_file 1572381238.5811477 1572381238.5827801 bigbrain_1538_1809_1388.nii 139673875097408
increment_file 1572381238.582942 1572381239.049531 bigbrain_1538_1809_1388.nii 139673875097408
write_file 1572381239.050452 1572381239.629379 inc-bigbrain_1538_1809_1388.nii 139673875097408
task_duration 1572381238.5799649 1572381239.6555457 1572380543-tmpfsAD_1it_25cpus_40bb-1 139673875097408
read_file 1572381238.5746572 1572381238.576172 bigbrain_1538_2412_694.nii 140709521438528
increment_file 1572381238.5763285 1572381239.0547585 bigbrain_1538_2412_694.nii 140709521438528
write_file 1572381239.0556312 1572381239.6120892 inc-bigbrain_1538_2412_694.nii 140709521438528
task_duration 1572381238.573454 1572381239.650683 1572380543-tmpfsAD_1it_25cpus_40bb-1 140709521438528
read_file 1572381238.5524704 1572381238.5539885 bigbrain_1538_1206_2082.nii 139838611498816
increment_file 1572381238.5541177 1572381239.0364332 bigbrain_1538_1206_2082.nii 139838611498816
write_file 1572381239.0372186 1572381239.6048615 inc-bigbrain_1538_1206_2082.nii 139838611498816
task_duration 1572381238.5512493 1572381239.645226 1572380543-tmpfsAD_1it_25cpus_40bb-1 139838611498816
read_file 1572381238.5437586 1572381238.545238 bigbrain_1538_1206_694.nii 139822901167936
increment_file 1572381238.5453916 1572381239.0274258 bigbrain_1538_1206_694.nii 139822901167936
write_file 1572381239.0283053 1572381239.565376 inc-bigbrain_1538_1206_694.nii 139822901167936
task_duration 1572381238.5425296 1572381239.5843005 1572380543-tmpfsAD_1it_25cpus_40bb-1 139822901167936
read_file 1572381238.5400558 1572381238.541686 bigbrain_1538_603_0.nii 140685904017216
increment_file 1572381238.5418375 1572381239.0198643 bigbrain_1538_603_0.nii 140685904017216
write_file 1572381239.0207307 1572381239.5440655 inc-bigbrain_1538_603_0.nii 140685904017216
task_duration 1572381238.53879 1572381239.5636659 1572380543-tmpfsAD_1it_25cpus_40bb-1 140685904017216
read_file 1572381238.5333292 1572381238.5348158 bigbrain_1538_2412_2776.nii 139980802344768
increment_file 1572381238.5349524 1572381239.0174503 bigbrain_1538_2412_2776.nii 139980802344768
write_file 1572381239.0183458 1572381239.5433667 inc-bigbrain_1538_2412_2776.nii 139980802344768
task_duration 1572381238.5321574 1572381239.56085 1572380543-tmpfsAD_1it_25cpus_40bb-1 139980802344768
read_file 1572381238.532973 1572381238.5345998 bigbrain_1538_2412_2082.nii 139804283635520
increment_file 1572381238.5347466 1572381239.0038068 bigbrain_1538_2412_2082.nii 139804283635520
write_file 1572381239.0047932 1572381239.5463793 inc-bigbrain_1538_2412_2082.nii 139804283635520
task_duration 1572381238.5316887 1572381239.5638125 1572380543-tmpfsAD_1it_25cpus_40bb-1 139804283635520
read_file 1572381238.527348 1572381238.5288641 bigbrain_1538_603_694.nii 140179135719232
increment_file 1572381238.528999 1572381239.0112207 bigbrain_1538_603_694.nii 140179135719232
write_file 1572381239.0122168 1572381239.5398324 inc-bigbrain_1538_603_694.nii 140179135719232
task_duration 1572381238.5261712 1572381239.556439 1572380543-tmpfsAD_1it_25cpus_40bb-1 140179135719232
read_file 1572381238.526213 1572381238.5276937 bigbrain_1538_2412_1388.nii 139711073613632
increment_file 1572381238.5278347 1572381238.9945002 bigbrain_1538_2412_1388.nii 139711073613632
write_file 1572381238.9954126 1572381239.5484812 inc-bigbrain_1538_2412_1388.nii 139711073613632
task_duration 1572381238.5250192 1572381239.5658247 1572380543-tmpfsAD_1it_25cpus_40bb-1 139711073613632
read_file 1572381238.520615 1572381238.5220747 bigbrain_1538_603_2082.nii 140064993388352
increment_file 1572381238.5222032 1572381238.988279 bigbrain_1538_603_2082.nii 140064993388352
write_file 1572381238.9891915 1572381239.529827 inc-bigbrain_1538_603_2082.nii 140064993388352
task_duration 1572381238.5194647 1572381239.545968 1572380543-tmpfsAD_1it_25cpus_40bb-1 140064993388352
read_file 1572381238.5036943 1572381238.5050986 bigbrain_1538_1206_2776.nii 140262973871936
increment_file 1572381238.505201 1572381238.9696982 bigbrain_1538_1206_2776.nii 140262973871936
write_file 1572381238.9705677 1572381239.5163994 inc-bigbrain_1538_1206_2776.nii 140262973871936
task_duration 1572381238.5016677 1572381239.5317004 1572380543-tmpfsAD_1it_25cpus_40bb-1 140262973871936
read_file 1572381238.5029173 1572381238.5043786 bigbrain_1538_603_2776.nii 140627268982592
increment_file 1572381238.5045073 1572381238.982041 bigbrain_1538_603_2776.nii 140627268982592
write_file 1572381238.9830058 1572381239.510176 inc-bigbrain_1538_603_2776.nii 140627268982592
task_duration 1572381238.5016673 1572381239.5244129 1572380543-tmpfsAD_1it_25cpus_40bb-1 140627268982592
read_file 1572381238.500018 1572381238.5014262 bigbrain_1538_1809_2776.nii 139933066188608
increment_file 1572381238.5015562 1572381238.8973892 bigbrain_1538_1809_2776.nii 139933066188608
write_file 1572381238.8983405 1572381239.4157653 inc-bigbrain_1538_1809_2776.nii 139933066188608
task_duration 1572381238.49877 1572381239.4297574 1572380543-tmpfsAD_1it_25cpus_40bb-1 139933066188608
read_file 1572381238.496746 1572381238.4986112 bigbrain_1538_603_1388.nii 140048795993920
increment_file 1572381238.4987612 1572381238.9697702 bigbrain_1538_603_1388.nii 140048795993920
write_file 1572381238.9705672 1572381239.5217957 inc-bigbrain_1538_603_1388.nii 140048795993920
task_duration 1572381238.4949636 1572381239.537311 1572380543-tmpfsAD_1it_25cpus_40bb-1 140048795993920
read_file 1572381238.493263 1572381238.4950535 bigbrain_1538_2412_0.nii 140625301563200
increment_file 1572381238.4951835 1572381238.9716923 bigbrain_1538_2412_0.nii 140625301563200
write_file 1572381238.9724872 1572381239.5227072 inc-bigbrain_1538_2412_0.nii 140625301563200
task_duration 1572381238.4916303 1572381239.5383048 1572380543-tmpfsAD_1it_25cpus_40bb-1 140625301563200
read_file 1572381238.4921064 1572381238.494168 bigbrain_1538_1206_1388.nii 139756249704256
increment_file 1572381238.4943395 1572381238.9749014 bigbrain_1538_1206_1388.nii 139756249704256
write_file 1572381238.9757967 1572381239.5153363 inc-bigbrain_1538_1206_1388.nii 139756249704256
task_duration 1572381238.4902453 1572381239.544579 1572380543-tmpfsAD_1it_25cpus_40bb-1 139756249704256
read_file 1572381238.490118 1572381238.491492 bigbrain_1538_1809_2082.nii 140289347200832
increment_file 1572381238.4916136 1572381238.9689596 bigbrain_1538_1809_2082.nii 140289347200832
write_file 1572381238.9698982 1572381239.4941232 inc-bigbrain_1538_1809_2082.nii 140289347200832
task_duration 1572381238.4888864 1572381239.5086436 1572380543-tmpfsAD_1it_25cpus_40bb-1 140289347200832
read_file 1572381238.4844046 1572381238.4856982 bigbrain_1538_1809_694.nii 140600791463744
increment_file 1572381238.4858174 1572381238.9615474 bigbrain_1538_1809_694.nii 140600791463744
write_file 1572381238.9625025 1572381239.482098 inc-bigbrain_1538_1809_694.nii 140600791463744
task_duration 1572381238.483204 1572381239.4966314 1572380543-tmpfsAD_1it_25cpus_40bb-1 140600791463744
read_file 1572381238.4833877 1572381238.4847956 bigbrain_1538_1809_0.nii 139971586402112
increment_file 1572381238.4849112 1572381238.8764355 bigbrain_1538_1809_0.nii 139971586402112
write_file 1572381238.8774765 1572381239.3914828 inc-bigbrain_1538_1809_0.nii 139971586402112
task_duration 1572381238.4822915 1572381239.40442 1572380543-tmpfsAD_1it_25cpus_40bb-1 139971586402112
read_file 1572381238.4718308 1572381238.474191 bigbrain_1538_1206_0.nii 140284209805120
increment_file 1572381238.4743779 1572381238.9416347 bigbrain_1538_1206_0.nii 140284209805120
write_file 1572381238.9426055 1572381239.49383 inc-bigbrain_1538_1206_0.nii 140284209805120
task_duration 1572381238.4697535 1572381239.508411 1572380543-tmpfsAD_1it_25cpus_40bb-1 140284209805120
read_file 1572381238.4546518 1572381238.456134 bigbrain_1538_0_694.nii 140379262617408
increment_file 1572381238.4562502 1572381238.926584 bigbrain_1538_0_694.nii 140379262617408
write_file 1572381238.927487 1572381239.451366 inc-bigbrain_1538_0_694.nii 140379262617408
task_duration 1572381238.4532924 1572381239.4661827 1572380543-tmpfsAD_1it_25cpus_40bb-1 140379262617408
read_file 1572381238.4155142 1572381238.4176254 bigbrain_1538_0_2776.nii 139789659977536
increment_file 1572381238.417801 1572381238.8836825 bigbrain_1538_0_2776.nii 139789659977536
write_file 1572381238.88466 1572381239.4471061 inc-bigbrain_1538_0_2776.nii 139789659977536
task_duration 1572381238.4135568 1572381239.460694 1572380543-tmpfsAD_1it_25cpus_40bb-1 139789659977536
read_file 1572381238.357221 1572381238.3586357 bigbrain_1538_0_2082.nii 140445126129472
increment_file 1572381238.35876 1572381238.796208 bigbrain_1538_0_2082.nii 140445126129472
write_file 1572381238.7972465 1572381239.3779283 inc-bigbrain_1538_0_2082.nii 140445126129472
task_duration 1572381238.3560464 1572381239.391811 1572380543-tmpfsAD_1it_25cpus_40bb-1 140445126129472
read_file 1572381238.257546 1572381238.2590117 bigbrain_1538_0_1388.nii 140560614020928
increment_file 1572381238.259131 1572381238.737533 bigbrain_1538_0_1388.nii 140560614020928
write_file 1572381238.738533 1572381239.3248322 inc-bigbrain_1538_0_1388.nii 140560614020928
task_duration 1572381238.256119 1572381239.3393424 1572380543-tmpfsAD_1it_25cpus_40bb-1 140560614020928
read_file 1572381238.2415435 1572381238.2432127 bigbrain_1538_0_0.nii 139740146231104
increment_file 1572381238.2433572 1572381238.749195 bigbrain_1538_0_0.nii 139740146231104
write_file 1572381238.7501976 1572381239.3345318 inc-bigbrain_1538_0_0.nii 139740146231104
task_duration 1572381238.2400098 1572381239.3479257 1572380543-tmpfsAD_1it_25cpus_40bb-1 139740146231104
read_file 1572381236.8525527 1572381236.854957 bigbrain_0_0_0.nii 140454489569088
increment_file 1572381236.8550973 1572381237.339099 bigbrain_0_0_0.nii 140454489569088
write_file 1572381237.3399475 1572381237.865311 inc-bigbrain_0_0_0.nii 140454489569088
task_duration 1572381236.8498404 1572381237.879001 1572380543-tmpfsAD_1it_25cpus_40bb-1 140454489569088
read_file 1572381236.850905 1572381236.85337 bigbrain_0_603_2776.nii 140543750432576
increment_file 1572381236.8535738 1572381237.3331058 bigbrain_0_603_2776.nii 140543750432576
write_file 1572381237.3338926 1572381237.8834722 inc-bigbrain_0_603_2776.nii 140543750432576
task_duration 1572381236.8487551 1572381237.8982337 1572380543-tmpfsAD_1it_25cpus_40bb-1 140543750432576
read_file 1572381236.8502176 1572381236.8516738 bigbrain_0_1206_2082.nii 139995099096896
increment_file 1572381236.8517957 1572381237.2467413 bigbrain_0_1206_2082.nii 139995099096896
write_file 1572381237.2475812 1572381237.7795224 inc-bigbrain_0_1206_2082.nii 139995099096896
task_duration 1572381236.8490431 1572381237.7920644 1572380543-tmpfsAD_1it_25cpus_40bb-1 139995099096896
read_file 1572381236.85008 1572381236.851639 bigbrain_0_0_2776.nii 140295652845376
increment_file 1572381236.851772 1572381237.3347673 bigbrain_0_0_2776.nii 140295652845376
write_file 1572381237.3355172 1572381237.8580322 inc-bigbrain_0_0_2776.nii 140295652845376
task_duration 1572381236.8487809 1572381237.8717942 1572380543-tmpfsAD_1it_25cpus_40bb-1 140295652845376
read_file 1572381236.849422 1572381236.8509285 bigbrain_0_603_694.nii 140568129193792
increment_file 1572381236.851062 1572381237.3348212 bigbrain_0_603_694.nii 140568129193792
write_file 1572381237.3355632 1572381237.860995 inc-bigbrain_0_603_694.nii 140568129193792
task_duration 1572381236.848171 1572381237.8754494 1572380543-tmpfsAD_1it_25cpus_40bb-1 140568129193792
read_file 1572381236.8493948 1572381236.8508375 bigbrain_0_1206_0.nii 140131621394240
increment_file 1572381236.850946 1572381237.334476 bigbrain_0_1206_0.nii 140131621394240
write_file 1572381237.335153 1572381237.86089 inc-bigbrain_0_1206_0.nii 140131621394240
task_duration 1572381236.8482525 1572381237.8750553 1572380543-tmpfsAD_1it_25cpus_40bb-1 140131621394240
read_file 1572381236.8473547 1572381236.8487618 bigbrain_0_2412_2082.nii 140462454118208
increment_file 1572381236.8488894 1572381237.3320189 bigbrain_0_2412_2082.nii 140462454118208
write_file 1572381237.3327806 1572381237.862328 inc-bigbrain_0_2412_2082.nii 140462454118208
task_duration 1572381236.8459177 1572381237.8763993 1572380543-tmpfsAD_1it_25cpus_40bb-1 140462454118208
read_file 1572381236.8460617 1572381236.847814 bigbrain_0_1809_2082.nii 139925677332288
increment_file 1572381236.847958 1572381237.3332293 bigbrain_0_1809_2082.nii 139925677332288
write_file 1572381237.334006 1572381237.8774476 inc-bigbrain_0_1809_2082.nii 139925677332288
task_duration 1572381236.8444679 1572381237.891273 1572380543-tmpfsAD_1it_25cpus_40bb-1 139925677332288
read_file 1572381236.8459957 1572381236.847519 bigbrain_0_0_694.nii 140660031645504
increment_file 1572381236.8476338 1572381237.2422159 bigbrain_0_0_694.nii 140660031645504
write_file 1572381237.2431953 1572381237.7496433 inc-bigbrain_0_0_694.nii 140660031645504
task_duration 1572381236.8445008 1572381237.7626143 1572380543-tmpfsAD_1it_25cpus_40bb-1 140660031645504
read_file 1572381236.8459582 1572381236.847457 bigbrain_0_603_1388.nii 139824295475008
increment_file 1572381236.8475692 1572381237.3325243 bigbrain_0_603_1388.nii 139824295475008
write_file 1572381237.333268 1572381237.868497 inc-bigbrain_0_603_1388.nii 139824295475008
task_duration 1572381236.8444805 1572381237.8825357 1572380543-tmpfsAD_1it_25cpus_40bb-1 139824295475008
read_file 1572381236.8460734 1572381236.8473327 bigbrain_0_0_2082.nii 140467765663552
increment_file 1572381236.847436 1572381237.3326426 bigbrain_0_0_2082.nii 140467765663552
write_file 1572381237.3333883 1572381237.874572 inc-bigbrain_0_0_2082.nii 140467765663552
task_duration 1572381236.8450005 1572381237.8889134 1572380543-tmpfsAD_1it_25cpus_40bb-1 140467765663552
read_file 1572381236.8457227 1572381236.8471406 bigbrain_0_1206_694.nii 140225781204800
increment_file 1572381236.8472471 1572381237.3290188 bigbrain_0_1206_694.nii 140225781204800
write_file 1572381237.3298693 1572381237.856003 inc-bigbrain_0_1206_694.nii 140225781204800
task_duration 1572381236.8443584 1572381237.869815 1572380543-tmpfsAD_1it_25cpus_40bb-1 140225781204800
read_file 1572381236.8457432 1572381236.8470125 bigbrain_0_0_1388.nii 139704294229824
increment_file 1572381236.8471122 1572381237.32879 bigbrain_0_0_1388.nii 139704294229824
write_file 1572381237.3296182 1572381237.8745503 inc-bigbrain_0_0_1388.nii 139704294229824
task_duration 1572381236.844655 1572381237.888602 1572380543-tmpfsAD_1it_25cpus_40bb-1 139704294229824
read_file 1572381236.8455007 1572381236.8467164 bigbrain_0_1809_0.nii 140377857509184
increment_file 1572381236.8468199 1572381237.3330555 bigbrain_0_1809_0.nii 140377857509184
write_file 1572381237.3337643 1572381237.878366 inc-bigbrain_0_1809_0.nii 140377857509184
task_duration 1572381236.8444207 1572381237.8923242 1572380543-tmpfsAD_1it_25cpus_40bb-1 140377857509184
read_file 1572381236.8450654 1572381236.846292 bigbrain_0_2412_1388.nii 140685772306240
increment_file 1572381236.8463886 1572381237.3321452 bigbrain_0_2412_1388.nii 140685772306240
write_file 1572381237.3329937 1572381237.8887782 inc-bigbrain_0_2412_1388.nii 140685772306240
task_duration 1572381236.8439038 1572381237.9033282 1572380543-tmpfsAD_1it_25cpus_40bb-1 140685772306240
read_file 1572381236.844902 1572381236.8461385 bigbrain_0_1809_1388.nii 140616574838592
increment_file 1572381236.8462343 1572381237.3301866 bigbrain_0_1809_1388.nii 140616574838592
write_file 1572381237.3308833 1572381237.8657167 inc-bigbrain_0_1809_1388.nii 140616574838592
task_duration 1572381236.843768 1572381237.8800302 1572380543-tmpfsAD_1it_25cpus_40bb-1 140616574838592
read_file 1572381236.8448617 1572381236.8461065 bigbrain_0_1206_2776.nii 139721087293248
increment_file 1572381236.8462029 1572381237.3283205 bigbrain_0_1206_2776.nii 139721087293248
write_file 1572381237.3293295 1572381237.876544 inc-bigbrain_0_1206_2776.nii 139721087293248
task_duration 1572381236.8437026 1572381237.8915992 1572380543-tmpfsAD_1it_25cpus_40bb-1 139721087293248
read_file 1572381236.844812 1572381236.8460605 bigbrain_0_1809_2776.nii 139921143207744
increment_file 1572381236.8461537 1572381237.3327768 bigbrain_0_1809_2776.nii 139921143207744
write_file 1572381237.33345 1572381237.888903 inc-bigbrain_0_1809_2776.nii 139921143207744
task_duration 1572381236.8436918 1572381237.9034746 1572380543-tmpfsAD_1it_25cpus_40bb-1 139921143207744
read_file 1572381236.8447468 1572381236.8460577 bigbrain_0_2412_2776.nii 140375356090176
increment_file 1572381236.8461554 1572381237.2411952 bigbrain_0_2412_2776.nii 140375356090176
write_file 1572381237.2422838 1572381237.7743812 inc-bigbrain_0_2412_2776.nii 140375356090176
task_duration 1572381236.8436139 1572381237.7870686 1572380543-tmpfsAD_1it_25cpus_40bb-1 140375356090176
read_file 1572381236.8447502 1572381236.846052 bigbrain_0_1809_694.nii 139693505259328
increment_file 1572381236.8461528 1572381237.3303702 bigbrain_0_1809_694.nii 139693505259328
write_file 1572381237.3312078 1572381237.8636248 inc-bigbrain_0_1809_694.nii 139693505259328
task_duration 1572381236.8436184 1572381237.8776839 1572380543-tmpfsAD_1it_25cpus_40bb-1 139693505259328
read_file 1572381236.8447626 1572381236.8460495 bigbrain_0_1206_1388.nii 140544283387712
increment_file 1572381236.8461523 1572381237.3297155 bigbrain_0_1206_1388.nii 140544283387712
write_file 1572381237.3305671 1572381237.8585637 inc-bigbrain_0_1206_1388.nii 140544283387712
task_duration 1572381236.8436217 1572381237.872544 1572380543-tmpfsAD_1it_25cpus_40bb-1 140544283387712
read_file 1572381236.844778 1572381236.8460221 bigbrain_0_603_0.nii 140656461965120
increment_file 1572381236.846121 1572381237.3291187 bigbrain_0_603_0.nii 140656461965120
write_file 1572381237.3299036 1572381237.8590612 inc-bigbrain_0_603_0.nii 140656461965120
task_duration 1572381236.843629 1572381237.874571 1572380543-tmpfsAD_1it_25cpus_40bb-1 140656461965120
read_file 1572381236.844735 1572381236.8460085 bigbrain_0_2412_0.nii 140267288258368
increment_file 1572381236.8461115 1572381237.3304822 bigbrain_0_2412_0.nii 140267288258368
write_file 1572381237.3311749 1572381237.8650758 inc-bigbrain_0_2412_0.nii 140267288258368
task_duration 1572381236.8436406 1572381237.8794494 1572380543-tmpfsAD_1it_25cpus_40bb-1 140267288258368
read_file 1572381236.8447125 1572381236.8459911 bigbrain_0_603_2082.nii 140237949863744
increment_file 1572381236.8460963 1572381237.3332422 bigbrain_0_603_2082.nii 140237949863744
write_file 1572381237.3339815 1572381237.8985827 inc-bigbrain_0_603_2082.nii 140237949863744
task_duration 1572381236.8436055 1572381237.91513 1572380543-tmpfsAD_1it_25cpus_40bb-1 140237949863744
read_file 1572381236.8446748 1572381236.84599 bigbrain_0_2412_694.nii 140014545897280
increment_file 1572381236.846096 1572381237.332609 bigbrain_0_2412_694.nii 140014545897280
write_file 1572381237.3333356 1572381237.88887 inc-bigbrain_0_2412_694.nii 140014545897280
task_duration 1572381236.8435433 1572381237.903408 1572380543-tmpfsAD_1it_25cpus_40bb-1 140014545897280
