read_file 1572303606.2200649 1572303606.2228734 bigbrain_0_1809_1388.nii 140115069626176
increment_file 1572303606.2230139 1572303640.9493763 bigbrain_0_1809_1388.nii 140115069626176
write_file 1572303640.9517138 1572303641.5262594 inc-bigbrain_0_1809_1388.nii 140115069626176
task_duration 1572303606.2185254 1572303641.5390227 1572302907-local_1it_25cpus_40bb-1 140115069626176
read_file 1572303606.2205307 1572303606.222886 bigbrain_0_1809_2082.nii 140182600382272
increment_file 1572303606.2230186 1572303642.1849043 bigbrain_0_1809_2082.nii 140182600382272
write_file 1572303642.187327 1572303642.786463 inc-bigbrain_0_1809_2082.nii 140182600382272
task_duration 1572303606.219421 1572303642.7999418 1572302907-local_1it_25cpus_40bb-1 140182600382272
read_file 1572303606.2200744 1572303606.2228923 bigbrain_0_603_694.nii 140140723513152
increment_file 1572303606.223049 1572303642.678683 bigbrain_0_603_694.nii 140140723513152
write_file 1572303642.680998 1572303643.257549 inc-bigbrain_0_603_694.nii 140140723513152
task_duration 1572303606.2187755 1572303643.2710667 1572302907-local_1it_25cpus_40bb-1 140140723513152
read_file 1572303606.2200096 1572303606.222891 bigbrain_0_1206_0.nii 140330281703232
increment_file 1572303606.2230844 1572303643.262353 bigbrain_0_1206_0.nii 140330281703232
write_file 1572303643.2642817 1572303643.9534574 inc-bigbrain_0_1206_0.nii 140330281703232
task_duration 1572303606.218216 1572303643.9700434 1572302907-local_1it_25cpus_40bb-1 140330281703232
read_file 1572303606.2200446 1572303606.2228968 bigbrain_0_603_2082.nii 139638882600768
increment_file 1572303606.2231364 1572303641.191971 bigbrain_0_603_2082.nii 139638882600768
write_file 1572303641.1944866 1572303641.8001864 inc-bigbrain_0_603_2082.nii 139638882600768
task_duration 1572303606.2183685 1572303641.819756 1572302907-local_1it_25cpus_40bb-1 139638882600768
read_file 1572303606.2200139 1572303606.2229 bigbrain_0_1206_694.nii 139663415957312
increment_file 1572303606.2231617 1572303641.5901046 bigbrain_0_1206_694.nii 139663415957312
write_file 1572303641.5924728 1572303642.1805334 inc-bigbrain_0_1206_694.nii 139663415957312
task_duration 1572303606.2182167 1572303642.195417 1572302907-local_1it_25cpus_40bb-1 139663415957312
read_file 1572303606.2200077 1572303606.2229106 bigbrain_0_603_2776.nii 140425969235776
increment_file 1572303606.2231839 1572303643.0925605 bigbrain_0_603_2776.nii 140425969235776
write_file 1572303643.0945654 1572303643.72975 inc-bigbrain_0_603_2776.nii 140425969235776
task_duration 1572303606.2182117 1572303643.7458608 1572302907-local_1it_25cpus_40bb-1 140425969235776
read_file 1572303606.2200525 1572303606.222925 bigbrain_0_0_0.nii 140538259445568
increment_file 1572303606.2232218 1572303642.2790563 bigbrain_0_0_0.nii 140538259445568
write_file 1572303642.2813838 1572303642.9184709 inc-bigbrain_0_0_0.nii 140538259445568
task_duration 1572303606.2183485 1572303642.940241 1572302907-local_1it_25cpus_40bb-1 140538259445568
read_file 1572303606.22002 1572303606.2229378 bigbrain_0_2412_694.nii 140237870675776
increment_file 1572303606.2232425 1572303642.7168808 bigbrain_0_2412_694.nii 140237870675776
write_file 1572303642.7196937 1572303643.3915064 inc-bigbrain_0_2412_694.nii 140237870675776
task_duration 1572303606.2182431 1572303643.4067335 1572302907-local_1it_25cpus_40bb-1 140237870675776
read_file 1572303606.2200167 1572303606.2229397 bigbrain_0_2412_1388.nii 139908944418624
increment_file 1572303606.2232652 1572303643.622286 bigbrain_0_2412_1388.nii 139908944418624
write_file 1572303643.624658 1572303644.1561205 inc-bigbrain_0_2412_1388.nii 139908944418624
task_duration 1572303606.218242 1572303644.1713634 1572302907-local_1it_25cpus_40bb-1 139908944418624
read_file 1572303606.220041 1572303606.2229521 bigbrain_0_1809_0.nii 139765483939648
increment_file 1572303606.2232928 1572303643.320491 bigbrain_0_1809_0.nii 139765483939648
write_file 1572303643.322772 1572303643.9078865 inc-bigbrain_0_1809_0.nii 139765483939648
task_duration 1572303606.2182853 1572303643.9229765 1572302907-local_1it_25cpus_40bb-1 139765483939648
read_file 1572303606.220073 1572303606.2241597 bigbrain_0_1206_2776.nii 140054799816512
increment_file 1572303606.2242997 1572303641.4205642 bigbrain_0_1206_2776.nii 140054799816512
write_file 1572303641.423041 1572303642.0152802 inc-bigbrain_0_1206_2776.nii 140054799816512
task_duration 1572303606.2186868 1572303642.0290134 1572302907-local_1it_25cpus_40bb-1 140054799816512
read_file 1572303606.220062 1572303606.224199 bigbrain_0_2412_2082.nii 140099469739840
increment_file 1572303606.2243476 1572303647.5306451 bigbrain_0_2412_2082.nii 140099469739840
write_file 1572303647.532918 1572303648.157848 inc-bigbrain_0_2412_2082.nii 140099469739840
task_duration 1572303606.2184021 1572303648.1754317 1572302907-local_1it_25cpus_40bb-1 140099469739840
read_file 1572303606.2219584 1572303606.2242079 bigbrain_0_2412_0.nii 139844944062272
increment_file 1572303606.2243702 1572303642.3926914 bigbrain_0_2412_0.nii 139844944062272
write_file 1572303642.395539 1572303642.9630167 inc-bigbrain_0_2412_0.nii 139844944062272
task_duration 1572303606.2208436 1572303642.9822974 1572302907-local_1it_25cpus_40bb-1 139844944062272
read_file 1572303606.2200246 1572303606.2242222 bigbrain_0_2412_2776.nii 140449962272576
increment_file 1572303606.2244024 1572303642.1833332 bigbrain_0_2412_2776.nii 140449962272576
write_file 1572303642.1848207 1572303642.7862062 inc-bigbrain_0_2412_2776.nii 140449962272576
task_duration 1572303606.2182763 1572303642.8001463 1572302907-local_1it_25cpus_40bb-1 140449962272576
read_file 1572303606.2200553 1572303606.2242494 bigbrain_0_0_694.nii 140195431831360
increment_file 1572303606.2244153 1572303641.054129 bigbrain_0_0_694.nii 140195431831360
write_file 1572303641.056654 1572303641.611471 inc-bigbrain_0_0_694.nii 140195431831360
task_duration 1572303606.218365 1572303641.624912 1572302907-local_1it_25cpus_40bb-1 140195431831360
read_file 1572303606.2205641 1572303606.224256 bigbrain_0_1809_694.nii 140392731912000
increment_file 1572303606.2244368 1572303642.145871 bigbrain_0_1809_694.nii 140392731912000
write_file 1572303642.1486964 1572303642.786636 inc-bigbrain_0_1809_694.nii 140392731912000
task_duration 1572303606.2192867 1572303642.803727 1572302907-local_1it_25cpus_40bb-1 140392731912000
read_file 1572303606.22005 1572303606.2242777 bigbrain_0_1206_1388.nii 140469885105984
increment_file 1572303606.2244937 1572303643.7155287 bigbrain_0_1206_1388.nii 140469885105984
write_file 1572303643.7184753 1572303644.3932297 inc-bigbrain_0_1206_1388.nii 140469885105984
task_duration 1572303606.21827 1572303644.4123006 1572302907-local_1it_25cpus_40bb-1 140469885105984
read_file 1572303606.2200704 1572303606.2243366 bigbrain_0_603_0.nii 140304399300416
increment_file 1572303606.224502 1572303642.2471592 bigbrain_0_603_0.nii 140304399300416
write_file 1572303642.2487993 1572303642.8321414 inc-bigbrain_0_603_0.nii 140304399300416
task_duration 1572303606.2185497 1572303642.8455763 1572302907-local_1it_25cpus_40bb-1 140304399300416
read_file 1572303606.2205489 1572303606.2244654 bigbrain_0_0_2082.nii 140162179245888
increment_file 1572303606.2246268 1572303644.385056 bigbrain_0_0_2082.nii 140162179245888
write_file 1572303644.3873546 1572303644.8787124 inc-bigbrain_0_0_2082.nii 140162179245888
task_duration 1572303606.219038 1572303644.892521 1572302907-local_1it_25cpus_40bb-1 140162179245888
read_file 1572303606.223803 1572303606.257905 bigbrain_0_0_2776.nii 139732558968640
increment_file 1572303606.2581913 1572303643.0828137 bigbrain_0_0_2776.nii 139732558968640
write_file 1572303643.084079 1572303643.5969973 inc-bigbrain_0_0_2776.nii 139732558968640
task_duration 1572303606.2224295 1572303643.6111588 1572302907-local_1it_25cpus_40bb-1 139732558968640
read_file 1572303606.2250543 1572303606.2996438 bigbrain_0_1206_2082.nii 140373873485632
increment_file 1572303606.299945 1572303641.7255802 bigbrain_0_1206_2082.nii 140373873485632
write_file 1572303641.727593 1572303642.3887315 inc-bigbrain_0_1206_2082.nii 140373873485632
task_duration 1572303606.2238462 1572303642.405513 1572302907-local_1it_25cpus_40bb-1 140373873485632
read_file 1572303606.2252343 1572303606.4506009 bigbrain_0_1809_2776.nii 139621097453376
increment_file 1572303606.4509463 1572303642.1553328 bigbrain_0_1809_2776.nii 139621097453376
write_file 1572303642.1570795 1572303642.7764304 inc-bigbrain_0_1809_2776.nii 139621097453376
task_duration 1572303606.2239635 1572303642.7915041 1572302907-local_1it_25cpus_40bb-1 139621097453376
read_file 1572303606.225466 1572303606.5139363 bigbrain_0_603_1388.nii 140222797948736
increment_file 1572303606.5143027 1572303644.049247 bigbrain_0_603_1388.nii 140222797948736
write_file 1572303644.0505939 1572303644.6665962 inc-bigbrain_0_603_1388.nii 140222797948736
task_duration 1572303606.2241285 1572303644.6825726 1572302907-local_1it_25cpus_40bb-1 140222797948736
read_file 1572303606.2250159 1572303606.5140169 bigbrain_0_0_1388.nii 140426165536576
increment_file 1572303606.5143793 1572303642.966742 bigbrain_0_0_1388.nii 140426165536576
write_file 1572303642.968145 1572303643.6200943 inc-bigbrain_0_0_1388.nii 140426165536576
task_duration 1572303606.2237778 1572303643.635142 1572302907-local_1it_25cpus_40bb-1 140426165536576
read_file 1572303641.853638 1572303641.9376092 bigbrain_1538_0_0.nii 140367594432320
increment_file 1572303641.9380457 1572303668.529408 bigbrain_1538_0_0.nii 140367594432320
write_file 1572303668.532229 1572303669.0907621 inc-bigbrain_1538_0_0.nii 140367594432320
task_duration 1572303641.852474 1572303669.1029468 1572302907-local_1it_25cpus_40bb-1 140367594432320
read_file 1572303641.9531279 1572303642.0617757 bigbrain_1538_0_1388.nii 139849521952576
increment_file 1572303642.0621064 1572303669.452897 bigbrain_1538_0_1388.nii 139849521952576
write_file 1572303669.4546876 1572303669.982393 inc-bigbrain_1538_0_1388.nii 139849521952576
task_duration 1572303641.9521043 1572303669.9942334 1572302907-local_1it_25cpus_40bb-1 139849521952576
read_file 1572303642.1096482 1572303642.2794054 bigbrain_1538_0_2082.nii 140683865298752
increment_file 1572303642.2797604 1572303669.4742143 bigbrain_1538_0_2082.nii 140683865298752
write_file 1572303669.4767368 1572303670.0063105 inc-bigbrain_1538_0_2082.nii 140683865298752
task_duration 1572303642.1086576 1572303670.01774 1572302907-local_1it_25cpus_40bb-1 140683865298752
read_file 1572303642.3263521 1572303642.4666328 bigbrain_1538_0_2776.nii 139794271340352
increment_file 1572303642.4669678 1572303670.7764993 bigbrain_1538_0_2776.nii 139794271340352
write_file 1572303670.7788427 1572303671.3526359 inc-bigbrain_1538_0_2776.nii 139794271340352
task_duration 1572303642.325176 1572303671.3675861 1572302907-local_1it_25cpus_40bb-1 139794271340352
read_file 1572303642.4910786 1572303642.727306 bigbrain_1538_0_694.nii 139674762815296
increment_file 1572303642.7276301 1572303682.3781347 bigbrain_1538_0_694.nii 139674762815296
write_file 1572303682.3800342 1572303682.962193 inc-bigbrain_1538_0_694.nii 139674762815296
task_duration 1572303642.490125 1572303682.9746468 1572302907-local_1it_25cpus_40bb-1 139674762815296
read_file 1572303642.6891265 1572303642.8319654 bigbrain_1538_1206_0.nii 140651705149248
increment_file 1572303642.8323088 1572303671.0539277 bigbrain_1538_1206_0.nii 140651705149248
write_file 1572303671.0557187 1572303671.6212347 inc-bigbrain_1538_1206_0.nii 140651705149248
task_duration 1572303642.6881776 1572303671.633475 1572302907-local_1it_25cpus_40bb-1 140651705149248
read_file 1572303643.1973875 1572303643.3113062 bigbrain_1538_1206_694.nii 139784862070592
increment_file 1572303643.3115122 1572303671.2295222 bigbrain_1538_1206_694.nii 139784862070592
write_file 1572303671.2317448 1572303671.9157326 inc-bigbrain_1538_1206_694.nii 139784862070592
task_duration 1572303643.1961918 1572303671.9308145 1572302907-local_1it_25cpus_40bb-1 139784862070592
read_file 1572303643.1591449 1572303643.3139431 bigbrain_1538_1206_2776.nii 140283428001600
increment_file 1572303643.3143392 1572303672.3396678 bigbrain_1538_1206_2776.nii 140283428001600
write_file 1572303672.3415911 1572303673.0059788 inc-bigbrain_1538_1206_2776.nii 140283428001600
task_duration 1572303643.158026 1572303673.0232794 1572302907-local_1it_25cpus_40bb-1 140283428001600
read_file 1572303643.172715 1572303643.3209178 bigbrain_1538_1206_1388.nii 140403187603264
increment_file 1572303643.321241 1572303672.0353692 bigbrain_1538_1206_1388.nii 140403187603264
write_file 1572303672.037582 1572303672.7469285 inc-bigbrain_1538_1206_1388.nii 140403187603264
task_duration 1572303643.171474 1572303672.7651303 1572302907-local_1it_25cpus_40bb-1 140403187603264
read_file 1572303643.1531603 1572303643.3210616 bigbrain_1538_1206_2082.nii 140057687865152
increment_file 1572303643.3214018 1572303671.5855322 bigbrain_1538_1206_2082.nii 140057687865152
write_file 1572303671.58829 1572303672.1005776 inc-bigbrain_1538_1206_2082.nii 140057687865152
task_duration 1572303643.1514523 1572303672.1134691 1572302907-local_1it_25cpus_40bb-1 140057687865152
read_file 1572303643.2508206 1572303643.3517973 bigbrain_1538_1809_0.nii 139623677208384
increment_file 1572303643.3521938 1572303671.857217 bigbrain_1538_1809_0.nii 139623677208384
write_file 1572303671.8588505 1572303672.4093657 inc-bigbrain_1538_1809_0.nii 139623677208384
task_duration 1572303643.2496502 1572303672.4218152 1572302907-local_1it_25cpus_40bb-1 139623677208384
read_file 1572303643.307427 1572303643.4199839 bigbrain_1538_1809_1388.nii 140319980779328
increment_file 1572303643.420371 1572303671.8995476 bigbrain_1538_1809_1388.nii 140319980779328
write_file 1572303671.9012833 1572303672.4257598 inc-bigbrain_1538_1809_1388.nii 140319980779328
task_duration 1572303643.3064134 1572303672.4383135 1572302907-local_1it_25cpus_40bb-1 140319980779328
read_file 1572303643.334753 1572303643.4741828 bigbrain_1538_1809_2082.nii 139913088288576
increment_file 1572303643.4744315 1572303672.7462199 bigbrain_1538_1809_2082.nii 139913088288576
write_file 1572303672.7475379 1572303673.3877528 inc-bigbrain_1538_1809_2082.nii 139913088288576
task_duration 1572303643.3333015 1572303673.404055 1572302907-local_1it_25cpus_40bb-1 139913088288576
read_file 1572303643.5656877 1572303643.6739776 bigbrain_1538_1809_2776.nii 140626520627008
increment_file 1572303643.67431 1572303672.4752257 bigbrain_1538_1809_2776.nii 140626520627008
write_file 1572303672.4769993 1572303673.029634 inc-bigbrain_1538_1809_2776.nii 140626520627008
task_duration 1572303643.5643482 1572303673.0434732 1572302907-local_1it_25cpus_40bb-1 140626520627008
read_file 1572303643.739094 1572303643.808935 bigbrain_1538_1809_694.nii 140467075012416
increment_file 1572303643.809175 1572303671.8702104 bigbrain_1538_1809_694.nii 140467075012416
write_file 1572303671.871961 1572303672.5111518 inc-bigbrain_1538_1809_694.nii 140467075012416
task_duration 1572303643.7378485 1572303672.526249 1572302907-local_1it_25cpus_40bb-1 140467075012416
read_file 1572303643.970325 1572303644.0085797 bigbrain_1538_2412_1388.nii 140342134486848
increment_file 1572303644.008854 1572303671.9513535 bigbrain_1538_2412_1388.nii 140342134486848
write_file 1572303671.9538336 1572303672.5249736 inc-bigbrain_1538_2412_1388.nii 140342134486848
task_duration 1572303643.969168 1572303672.5383089 1572302907-local_1it_25cpus_40bb-1 140342134486848
read_file 1572303643.933276 1572303644.0190756 bigbrain_1538_2412_0.nii 139704117184320
increment_file 1572303644.0194106 1572303672.20712 bigbrain_1538_2412_0.nii 139704117184320
write_file 1572303672.2099953 1572303672.8592396 inc-bigbrain_1538_2412_0.nii 139704117184320
task_duration 1572303643.9318697 1572303672.8740537 1572302907-local_1it_25cpus_40bb-1 139704117184320
read_file 1572303644.0822353 1572303644.0834727 bigbrain_1538_2412_2082.nii 139683681126208
increment_file 1572303644.0836291 1572303644.5359752 bigbrain_1538_2412_2082.nii 139683681126208
write_file 1572303644.5366528 1572303645.0150034 inc-bigbrain_1538_2412_2082.nii 139683681126208
task_duration 1572303644.081151 1572303645.0270138 1572302907-local_1it_25cpus_40bb-1 139683681126208
read_file 1572303644.2317424 1572303644.355101 bigbrain_1538_2412_2776.nii 140106770724672
increment_file 1572303644.355456 1572303672.4062696 bigbrain_1538_2412_2776.nii 140106770724672
write_file 1572303672.4093947 1572303673.0806754 inc-bigbrain_1538_2412_2776.nii 140106770724672
task_duration 1572303644.2307065 1572303673.0974588 1572302907-local_1it_25cpus_40bb-1 140106770724672
read_file 1572303644.3051627 1572303644.4162056 bigbrain_1538_2412_694.nii 140615171512128
increment_file 1572303644.416463 1572303672.7888765 bigbrain_1538_2412_694.nii 140615171512128
write_file 1572303672.7901704 1572303673.4197342 inc-bigbrain_1538_2412_694.nii 140615171512128
task_duration 1572303644.3040104 1572303673.4348896 1572302907-local_1it_25cpus_40bb-1 140615171512128
read_file 1572303644.4663367 1572303644.522165 bigbrain_1538_603_0.nii 139717617571648
increment_file 1572303644.5224576 1572303673.5296838 bigbrain_1538_603_0.nii 139717617571648
write_file 1572303673.531885 1572303674.1482217 inc-bigbrain_1538_603_0.nii 139717617571648
task_duration 1572303644.465277 1572303674.163493 1572302907-local_1it_25cpus_40bb-1 139717617571648
read_file 1572303644.6981394 1572303644.8159094 bigbrain_1538_603_1388.nii 139953717565248
increment_file 1572303644.8161922 1572303672.537834 bigbrain_1538_603_1388.nii 139953717565248
write_file 1572303672.539815 1572303673.0948265 inc-bigbrain_1538_603_1388.nii 139953717565248
task_duration 1572303644.6971323 1572303673.1083925 1572302907-local_1it_25cpus_40bb-1 139953717565248
read_file 1572303644.9491613 1572303645.0681345 bigbrain_1538_603_2082.nii 139773049620288
increment_file 1572303645.0684621 1572303674.5084543 bigbrain_1538_603_2082.nii 139773049620288
write_file 1572303674.510136 1572303674.9958367 inc-bigbrain_1538_603_2082.nii 139773049620288
task_duration 1572303644.948231 1572303675.0091412 1572302907-local_1it_25cpus_40bb-1 139773049620288
read_file 1572303645.292709 1572303645.3515975 bigbrain_1538_603_694.nii 139773503424320
increment_file 1572303645.3519409 1572303673.4939582 bigbrain_1538_603_694.nii 139773503424320
write_file 1572303673.4961412 1572303674.034083 inc-bigbrain_1538_603_694.nii 139773503424320
task_duration 1572303645.2917025 1572303674.047295 1572302907-local_1it_25cpus_40bb-1 139773503424320
read_file 1572303645.1641333 1572303645.3720126 bigbrain_1538_603_2776.nii 140093631936320
increment_file 1572303645.3723593 1572303673.2814612 bigbrain_1538_603_2776.nii 140093631936320
write_file 1572303673.2826374 1572303673.888554 inc-bigbrain_1538_603_2776.nii 140093631936320
task_duration 1572303645.1630054 1572303673.9031577 1572302907-local_1it_25cpus_40bb-1 140093631936320
read_file 1572303648.4488802 1572303648.4998472 bigbrain_2307_0_0.nii 139849647900480
increment_file 1572303648.5001774 1572303676.4063857 bigbrain_2307_0_0.nii 139849647900480
write_file 1572303676.4095109 1572303676.9042609 inc-bigbrain_2307_0_0.nii 139849647900480
task_duration 1572303648.4479573 1572303676.916619 1572302907-local_1it_25cpus_40bb-1 139849647900480
read_file 1572303669.39687 1572303669.4827528 bigbrain_2307_0_1388.nii 140142213072704
increment_file 1572303669.4830735 1572303720.0677605 bigbrain_2307_0_1388.nii 140142213072704
write_file 1572303720.0705342 1572303720.6885834 inc-bigbrain_2307_0_1388.nii 140142213072704
task_duration 1572303669.3959405 1572303720.7036016 1572302907-local_1it_25cpus_40bb-1 140142213072704
read_file 1572303670.3007514 1572303670.3457065 bigbrain_2307_0_2082.nii 140056985126720
increment_file 1572303670.3460233 1572303722.629135 bigbrain_2307_0_2082.nii 140056985126720
write_file 1572303722.630891 1572303723.2027357 inc-bigbrain_2307_0_2082.nii 140056985126720
task_duration 1572303670.2998097 1572303723.2143426 1572302907-local_1it_25cpus_40bb-1 140056985126720
read_file 1572303670.3168232 1572303670.4607322 bigbrain_2307_0_2776.nii 140200543569728
increment_file 1572303670.4610717 1572303722.2882836 bigbrain_2307_0_2776.nii 140200543569728
write_file 1572303722.2901733 1572303722.7945397 inc-bigbrain_2307_0_2776.nii 140200543569728
task_duration 1572303670.3158934 1572303722.8063564 1572302907-local_1it_25cpus_40bb-1 140200543569728
read_file 1572303671.6335661 1572303671.7335951 bigbrain_2307_0_694.nii 139684436404032
increment_file 1572303671.7339344 1572303726.3990357 bigbrain_2307_0_694.nii 139684436404032
write_file 1572303726.4025598 1572303726.9678493 inc-bigbrain_2307_0_694.nii 139684436404032
task_duration 1572303671.632621 1572303726.979788 1572302907-local_1it_25cpus_40bb-1 139684436404032
read_file 1572303671.912234 1572303671.951616 bigbrain_2307_1206_0.nii 140455968900928
increment_file 1572303671.9518864 1572303726.6996362 bigbrain_2307_1206_0.nii 140455968900928
write_file 1572303726.7013614 1572303727.372388 inc-bigbrain_2307_1206_0.nii 140455968900928
task_duration 1572303671.9112601 1572303727.3871846 1572302907-local_1it_25cpus_40bb-1 140455968900928
read_file 1572303672.2204661 1572303672.2658498 bigbrain_2307_1206_1388.nii 139861637932864
increment_file 1572303672.2660997 1572303726.6880748 bigbrain_2307_1206_1388.nii 139861637932864
write_file 1572303726.690568 1572303727.2332098 inc-bigbrain_2307_1206_1388.nii 139861637932864
task_duration 1572303672.2194343 1572303727.2451117 1572302907-local_1it_25cpus_40bb-1 139861637932864
read_file 1572303672.4309256 1572303672.5074966 bigbrain_2307_1206_2082.nii 140263383344960
increment_file 1572303672.5078607 1572303729.0862691 bigbrain_2307_1206_2082.nii 140263383344960
write_file 1572303729.0885742 1572303729.767824 inc-bigbrain_2307_1206_2082.nii 140263383344960
task_duration 1572303672.4298704 1572303729.7823744 1572302907-local_1it_25cpus_40bb-1 140263383344960
read_file 1572303672.740632 1572303672.8215408 bigbrain_2307_1206_2776.nii 139710398523200
increment_file 1572303672.8218873 1572303731.3170211 bigbrain_2307_1206_2776.nii 139710398523200
write_file 1572303731.3188913 1572303731.79868 inc-bigbrain_2307_1206_2776.nii 139710398523200
task_duration 1572303672.7395117 1572303731.8101134 1572302907-local_1it_25cpus_40bb-1 139710398523200
read_file 1572303672.8052096 1572303672.8627472 bigbrain_2307_1206_694.nii 140216652080960
increment_file 1572303672.8630908 1572303738.6653907 bigbrain_2307_1206_694.nii 140216652080960
write_file 1572303738.667183 1572303739.175976 inc-bigbrain_2307_1206_694.nii 140216652080960
task_duration 1572303672.8042107 1572303739.1882463 1572302907-local_1it_25cpus_40bb-1 140216652080960
read_file 1572303672.8372474 1572303672.944986 bigbrain_2307_1809_0.nii 140605457323840
increment_file 1572303672.945301 1572303733.2100542 bigbrain_2307_1809_0.nii 140605457323840
write_file 1572303733.2131636 1572303733.9063802 inc-bigbrain_2307_1809_0.nii 140605457323840
task_duration 1572303672.8362648 1572303733.9209394 1572302907-local_1it_25cpus_40bb-1 140605457323840
read_file 1572303672.8811543 1572303672.96594 bigbrain_2307_1809_1388.nii 139872107190080
increment_file 1572303672.9662395 1572303735.8570623 bigbrain_2307_1809_1388.nii 139872107190080
write_file 1572303735.8585944 1572303736.357605 inc-bigbrain_2307_1809_1388.nii 139872107190080
task_duration 1572303672.8800545 1572303736.369209 1572302907-local_1it_25cpus_40bb-1 139872107190080
read_file 1572303673.0625174 1572303673.1748195 bigbrain_2307_1809_2082.nii 140211771512640
increment_file 1572303673.1750135 1572303736.9932961 bigbrain_2307_1809_2082.nii 140211771512640
write_file 1572303736.9950507 1572303737.4941807 inc-bigbrain_2307_1809_2082.nii 140211771512640
task_duration 1572303673.0614362 1572303737.5070715 1572302907-local_1it_25cpus_40bb-1 140211771512640
read_file 1572303673.1842139 1572303673.289777 bigbrain_2307_1809_2776.nii 139643336603456
increment_file 1572303673.2899868 1572303738.3338373 bigbrain_2307_1809_2776.nii 139643336603456
write_file 1572303738.3356154 1572303738.9268432 inc-bigbrain_2307_1809_2776.nii 139643336603456
task_duration 1572303673.1826112 1572303738.9400284 1572302907-local_1it_25cpus_40bb-1 139643336603456
read_file 1572303673.3963904 1572303673.4693828 bigbrain_2307_2412_0.nii 140495319295808
increment_file 1572303673.4697154 1572303735.6076484 bigbrain_2307_2412_0.nii 140495319295808
write_file 1572303735.6095314 1572303736.2742615 inc-bigbrain_2307_2412_0.nii 140495319295808
task_duration 1572303673.3952396 1572303736.2888193 1572302907-local_1it_25cpus_40bb-1 140495319295808
read_file 1572303673.3992314 1572303673.509974 bigbrain_2307_1809_694.nii 140589682792256
increment_file 1572303673.5102954 1572303741.3696423 bigbrain_2307_1809_694.nii 140589682792256
write_file 1572303741.3714418 1572303741.8635886 inc-bigbrain_2307_1809_694.nii 140589682792256
task_duration 1572303673.398196 1572303741.8752627 1572302907-local_1it_25cpus_40bb-1 140589682792256
read_file 1572303673.4324374 1572303673.5399635 bigbrain_2307_2412_2082.nii 140282992383808
increment_file 1572303673.540245 1572303731.5610178 bigbrain_2307_2412_2082.nii 140282992383808
write_file 1572303731.561981 1572303732.0970142 inc-bigbrain_2307_2412_2082.nii 140282992383808
task_duration 1572303673.4314988 1572303732.1087787 1572302907-local_1it_25cpus_40bb-1 140282992383808
read_file 1572303673.4487448 1572303673.5910673 bigbrain_2307_2412_1388.nii 139765905872704
increment_file 1572303673.5912697 1572303739.8002589 bigbrain_2307_2412_1388.nii 139765905872704
write_file 1572303739.8020968 1572303740.386289 inc-bigbrain_2307_2412_1388.nii 139765905872704
task_duration 1572303673.4478178 1572303740.398581 1572302907-local_1it_25cpus_40bb-1 139765905872704
read_file 1572303673.753152 1572303673.7543304 bigbrain_2307_2412_694.nii 139869426571072
increment_file 1572303673.7544878 1572303674.1700647 bigbrain_2307_2412_694.nii 139869426571072
write_file 1572303674.1708739 1572303674.6552083 inc-bigbrain_2307_2412_694.nii 139869426571072
task_duration 1572303673.7521265 1572303674.666347 1572302907-local_1it_25cpus_40bb-1 139869426571072
read_file 1572303673.6855104 1572303673.8127425 bigbrain_2307_2412_2776.nii 140047584765760
increment_file 1572303673.8130918 1572303745.7748096 bigbrain_2307_2412_2776.nii 140047584765760
write_file 1572303745.7767358 1572303746.3397493 inc-bigbrain_2307_2412_2776.nii 140047584765760
task_duration 1572303673.6845522 1572303746.35184 1572302907-local_1it_25cpus_40bb-1 140047584765760
read_file 1572303674.1718822 1572303674.2443871 bigbrain_2307_603_0.nii 139677868656448
increment_file 1572303674.2447004 1572303733.3506453 bigbrain_2307_603_0.nii 139677868656448
write_file 1572303733.352419 1572303733.8431818 inc-bigbrain_2307_603_0.nii 139677868656448
task_duration 1572303674.1708744 1572303733.854944 1572302907-local_1it_25cpus_40bb-1 139677868656448
read_file 1572303674.4532216 1572303674.5010679 bigbrain_2307_603_2082.nii 139969324488512
increment_file 1572303674.501423 1572303736.4100347 bigbrain_2307_603_2082.nii 139969324488512
write_file 1572303736.4118006 1572303736.9025683 inc-bigbrain_2307_603_2082.nii 139969324488512
task_duration 1572303674.4522886 1572303736.913978 1572302907-local_1it_25cpus_40bb-1 139969324488512
read_file 1572303674.341855 1572303674.5109289 bigbrain_2307_603_1388.nii 140596552787776
increment_file 1572303674.5112407 1572303731.2671616 bigbrain_2307_603_1388.nii 140596552787776
write_file 1572303731.2690809 1572303731.8441262 inc-bigbrain_2307_603_1388.nii 140596552787776
task_duration 1572303674.340834 1572303731.8561635 1572302907-local_1it_25cpus_40bb-1 140596552787776
read_file 1572303674.9343252 1572303675.2451217 bigbrain_2307_603_2776.nii 139655160092480
increment_file 1572303675.2454598 1572303740.1680877 bigbrain_2307_603_2776.nii 139655160092480
write_file 1572303740.1698313 1572303740.6612751 inc-bigbrain_2307_603_2776.nii 139655160092480
task_duration 1572303674.9334116 1572303740.6728764 1572302907-local_1it_25cpus_40bb-1 139655160092480
read_file 1572303675.2678514 1572303675.4116201 bigbrain_2307_603_694.nii 140537129805632
increment_file 1572303675.4119914 1572303734.7379785 bigbrain_2307_603_694.nii 140537129805632
write_file 1572303734.7406862 1572303735.2598567 inc-bigbrain_2307_603_694.nii 140537129805632
task_duration 1572303675.26688 1572303735.2717404 1572302907-local_1it_25cpus_40bb-1 140537129805632
read_file 1572303677.202577 1572303677.509438 bigbrain_3076_0_0.nii 140099356211008
increment_file 1572303677.5097842 1572303743.1005507 bigbrain_3076_0_0.nii 140099356211008
write_file 1572303743.103374 1572303743.6666687 inc-bigbrain_3076_0_0.nii 140099356211008
task_duration 1572303677.2014103 1572303743.6788425 1572302907-local_1it_25cpus_40bb-1 140099356211008
read_file 1572303683.2434506 1572303683.5336008 bigbrain_3076_0_1388.nii 139785497696064
increment_file 1572303683.5339425 1572303761.4340632 bigbrain_3076_0_1388.nii 139785497696064
write_file 1572303761.4371834 1572303762.0316238 inc-bigbrain_3076_0_1388.nii 139785497696064
task_duration 1572303683.2424614 1572303762.044283 1572302907-local_1it_25cpus_40bb-1 139785497696064
read_file 1572303720.9808724 1572303721.1957004 bigbrain_3076_0_2082.nii 140009055315776
increment_file 1572303721.1960087 1572303790.8377476 bigbrain_3076_0_2082.nii 140009055315776
write_file 1572303790.8402698 1572303791.4546754 inc-bigbrain_3076_0_2082.nii 140009055315776
task_duration 1572303720.9799125 1572303791.4683602 1572302907-local_1it_25cpus_40bb-1 140009055315776
read_file 1572303723.0599566 1572303723.4432123 bigbrain_3076_0_2776.nii 140132903675712
increment_file 1572303723.4435573 1572303793.3882093 bigbrain_3076_0_2776.nii 140132903675712
write_file 1572303793.3904421 1572303794.0754788 inc-bigbrain_3076_0_2776.nii 140132903675712
task_duration 1572303723.059043 1572303794.0896018 1572302907-local_1it_25cpus_40bb-1 140132903675712
read_file 1572303723.4772863 1572303723.6253102 bigbrain_3076_0_694.nii 140462002071360
increment_file 1572303723.6255815 1572303778.4627538 bigbrain_3076_0_694.nii 140462002071360
write_file 1572303778.4651935 1572303779.1085606 inc-bigbrain_3076_0_694.nii 140462002071360
task_duration 1572303723.4763308 1572303779.122749 1572302907-local_1it_25cpus_40bb-1 140462002071360
read_file 1572303727.2647698 1572303727.379771 bigbrain_3076_1206_0.nii 139975213508416
increment_file 1572303727.3800712 1572303781.8955433 bigbrain_3076_1206_0.nii 139975213508416
write_file 1572303781.8977857 1572303782.456124 inc-bigbrain_3076_1206_0.nii 139975213508416
task_duration 1572303727.2633138 1572303782.4678402 1572302907-local_1it_25cpus_40bb-1 139975213508416
read_file 1572303727.5130436 1572303727.7271776 bigbrain_3076_1206_1388.nii 139936919340864
increment_file 1572303727.7275078 1572303796.0080872 bigbrain_3076_1206_1388.nii 139936919340864
write_file 1572303796.0098693 1572303796.518562 inc-bigbrain_3076_1206_1388.nii 139936919340864
task_duration 1572303727.5119915 1572303796.5308037 1572302907-local_1it_25cpus_40bb-1 139936919340864
read_file 1572303727.639352 1572303727.978588 bigbrain_3076_1206_2082.nii 139960811542336
increment_file 1572303727.978913 1572303815.5421824 bigbrain_3076_1206_2082.nii 139960811542336
write_file 1572303815.5454476 1572303816.2319214 inc-bigbrain_3076_1206_2082.nii 139960811542336
task_duration 1572303727.6384692 1572303816.2467005 1572302907-local_1it_25cpus_40bb-1 139960811542336
read_file 1572303730.051385 1572303730.3885648 bigbrain_3076_1206_2776.nii 140537385097024
increment_file 1572303730.3889 1572303787.1636193 bigbrain_3076_1206_2776.nii 140537385097024
write_file 1572303787.1668153 1572303787.8372324 inc-bigbrain_3076_1206_2776.nii 140537385097024
task_duration 1572303730.0504742 1572303787.8512516 1572302907-local_1it_25cpus_40bb-1 140537385097024
read_file 1572303732.0745835 1572303732.1604881 bigbrain_3076_1206_694.nii 140377375573824
increment_file 1572303732.1608212 1572303793.5154955 bigbrain_3076_1206_694.nii 140377375573824
write_file 1572303793.5179207 1572303794.093594 inc-bigbrain_3076_1206_694.nii 140377375573824
task_duration 1572303732.0735857 1572303794.1062558 1572302907-local_1it_25cpus_40bb-1 140377375573824
read_file 1572303732.1515517 1572303732.4849908 bigbrain_3076_1809_0.nii 140654857512768
increment_file 1572303732.4853122 1572303796.0674314 bigbrain_3076_1809_0.nii 140654857512768
write_file 1572303796.0691984 1572303796.5690076 inc-bigbrain_3076_1809_0.nii 140654857512768
task_duration 1572303732.1506388 1572303796.5810685 1572302907-local_1it_25cpus_40bb-1 140654857512768
read_file 1572303732.3734362 1572303732.6653907 bigbrain_3076_1809_1388.nii 139683471206208
increment_file 1572303732.6657152 1572303793.620388 bigbrain_3076_1809_1388.nii 139683471206208
write_file 1572303793.622155 1572303794.16678 inc-bigbrain_3076_1809_1388.nii 139683471206208
task_duration 1572303732.3725064 1572303794.178525 1572302907-local_1it_25cpus_40bb-1 139683471206208
read_file 1572303734.2195501 1572303734.3074195 bigbrain_3076_1809_2776.nii 140485027202880
increment_file 1572303734.3077369 1572303802.6618633 bigbrain_3076_1809_2776.nii 140485027202880
write_file 1572303802.6637764 1572303803.184028 inc-bigbrain_3076_1809_2776.nii 140485027202880
task_duration 1572303734.2186549 1572303803.1962001 1572302907-local_1it_25cpus_40bb-1 140485027202880
read_file 1572303734.149524 1572303734.342666 bigbrain_3076_1809_2082.nii 140640081663808
increment_file 1572303734.3429923 1572303794.8210945 bigbrain_3076_1809_2082.nii 140640081663808
write_file 1572303794.8229926 1572303795.4560153 inc-bigbrain_3076_1809_2082.nii 140640081663808
task_duration 1572303734.148591 1572303795.4705546 1572302907-local_1it_25cpus_40bb-1 140640081663808
read_file 1572303735.5420108 1572303735.9064517 bigbrain_3076_1809_694.nii 139918728279872
increment_file 1572303735.9068017 1572303791.9855187 bigbrain_3076_1809_694.nii 139918728279872
write_file 1572303791.9872413 1572303792.475657 inc-bigbrain_3076_1809_694.nii 139918728279872
task_duration 1572303735.5411336 1572303792.4876485 1572302907-local_1it_25cpus_40bb-1 139918728279872
read_file 1572303736.5609052 1572303736.7077174 bigbrain_3076_2412_0.nii 139863308425024
increment_file 1572303736.7080655 1572303802.9019222 bigbrain_3076_2412_0.nii 139863308425024
write_file 1572303802.903731 1572303803.3984394 inc-bigbrain_3076_2412_0.nii 139863308425024
task_duration 1572303736.5598936 1572303803.4110692 1572302907-local_1it_25cpus_40bb-1 139863308425024
read_file 1572303736.6717124 1572303736.8752487 bigbrain_3076_2412_1388.nii 139857033226048
increment_file 1572303736.87558 1572303800.1188774 bigbrain_3076_2412_1388.nii 139857033226048
write_file 1572303800.1205044 1572303800.6575754 inc-bigbrain_3076_2412_1388.nii 139857033226048
task_duration 1572303736.670795 1572303800.6692486 1572302907-local_1it_25cpus_40bb-1 139857033226048
read_file 1572303737.168297 1572303737.2632964 bigbrain_3076_2412_2082.nii 140161692673856
increment_file 1572303737.2636337 1572303805.933116 bigbrain_3076_2412_2082.nii 140161692673856
write_file 1572303805.9350097 1572303806.4435532 inc-bigbrain_3076_2412_2082.nii 140161692673856
task_duration 1572303737.1673915 1572303806.4554574 1572302907-local_1it_25cpus_40bb-1 140161692673856
read_file 1572303737.7819057 1572303738.0348973 bigbrain_3076_2412_2776.nii 139644840326976
increment_file 1572303738.0352366 1572303794.6475937 bigbrain_3076_2412_2776.nii 139644840326976
write_file 1572303794.6496704 1572303795.1745336 inc-bigbrain_3076_2412_2776.nii 139644840326976
task_duration 1572303737.780771 1572303795.1863732 1572302907-local_1it_25cpus_40bb-1 139644840326976
read_file 1572303739.2131557 1572303739.4418104 bigbrain_3076_2412_694.nii 140356982601536
increment_file 1572303739.4421453 1572303798.1102834 bigbrain_3076_2412_694.nii 140356982601536
write_file 1572303798.113004 1572303798.6072853 inc-bigbrain_3076_2412_694.nii 140356982601536
task_duration 1572303739.2121592 1572303798.6192245 1572302907-local_1it_25cpus_40bb-1 140356982601536
read_file 1572303739.4373038 1572303739.5010145 bigbrain_3076_603_0.nii 139768652351296
increment_file 1572303739.501334 1572303799.7086425 bigbrain_3076_603_0.nii 139768652351296
write_file 1572303799.7105339 1572303800.2359 inc-bigbrain_3076_603_0.nii 139768652351296
task_duration 1572303739.4357991 1572303800.247684 1572302907-local_1it_25cpus_40bb-1 139768652351296
read_file 1572303740.6607094 1572303740.7762766 bigbrain_3076_603_1388.nii 140649437153088
increment_file 1572303740.7767339 1572303807.263141 bigbrain_3076_603_1388.nii 140649437153088
write_file 1572303807.2658975 1572303807.8396437 inc-bigbrain_3076_603_1388.nii 140649437153088
task_duration 1572303740.6597269 1572303807.851646 1572302907-local_1it_25cpus_40bb-1 140649437153088
read_file 1572303740.9369507 1572303741.2203536 bigbrain_3076_603_2082.nii 140339530585920
increment_file 1572303741.2206764 1572303810.0387008 bigbrain_3076_603_2082.nii 140339530585920
write_file 1572303810.0405815 1572303810.734494 inc-bigbrain_3076_603_2082.nii 140339530585920
task_duration 1572303740.9360433 1572303810.74927 1572302907-local_1it_25cpus_40bb-1 140339530585920
read_file 1572303742.1358216 1572303742.471811 bigbrain_3076_603_2776.nii 140354766632768
increment_file 1572303742.4721606 1572303800.4468615 bigbrain_3076_603_2776.nii 140354766632768
write_file 1572303800.4492633 1572303800.9365637 inc-bigbrain_3076_603_2776.nii 140354766632768
task_duration 1572303742.1348372 1572303800.9477952 1572302907-local_1it_25cpus_40bb-1 140354766632768
read_file 1572303743.9513493 1572303744.0376794 bigbrain_3076_603_694.nii 139976426227520
increment_file 1572303744.0380175 1572303816.1770868 bigbrain_3076_603_694.nii 139976426227520
write_file 1572303816.179578 1572303816.6949456 inc-bigbrain_3076_603_694.nii 139976426227520
task_duration 1572303743.9503598 1572303816.7069235 1572302907-local_1it_25cpus_40bb-1 139976426227520
read_file 1572303746.6243634 1572303746.9531963 bigbrain_769_0_0.nii 140638514640704
increment_file 1572303746.9535458 1572303812.0435548 bigbrain_769_0_0.nii 140638514640704
write_file 1572303812.0453582 1572303812.6152503 inc-bigbrain_769_0_0.nii 140638514640704
task_duration 1572303746.6229837 1572303812.6293952 1572302907-local_1it_25cpus_40bb-1 140638514640704
read_file 1572303762.3216312 1572303762.5803914 bigbrain_769_0_1388.nii 140055279023936
increment_file 1572303762.5807347 1572303818.12272 bigbrain_769_0_1388.nii 140055279023936
write_file 1572303818.1242187 1572303818.6767654 inc-bigbrain_769_0_1388.nii 140055279023936
task_duration 1572303762.320722 1572303818.6887069 1572302907-local_1it_25cpus_40bb-1 140055279023936
read_file 1572303779.4047692 1572303779.5236795 bigbrain_769_0_2082.nii 140390430504768
increment_file 1572303779.5240116 1572303835.8669438 bigbrain_769_0_2082.nii 140390430504768
write_file 1572303835.8688169 1572303836.448181 inc-bigbrain_769_0_2082.nii 140390430504768
task_duration 1572303779.4038548 1572303836.4602606 1572302907-local_1it_25cpus_40bb-1 140390430504768
read_file 1572303782.749075 1572303782.8493283 bigbrain_769_0_2776.nii 140193648944960
increment_file 1572303782.8496945 1572303849.8447201 bigbrain_769_0_2776.nii 140193648944960
write_file 1572303849.8471842 1572303850.3854113 inc-bigbrain_769_0_2776.nii 140193648944960
task_duration 1572303782.7481282 1572303850.3972192 1572302907-local_1it_25cpus_40bb-1 140193648944960
read_file 1572303788.11569 1572303788.3187697 bigbrain_769_0_694.nii 139981265033024
increment_file 1572303788.319146 1572303845.1876688 bigbrain_769_0_694.nii 139981265033024
write_file 1572303845.189595 1572303845.7079773 inc-bigbrain_769_0_694.nii 139981265033024
task_duration 1572303788.114782 1572303845.7193637 1572302907-local_1it_25cpus_40bb-1 139981265033024
read_file 1572303791.7444124 1572303792.083033 bigbrain_769_1206_0.nii 140649784092480
increment_file 1572303792.083393 1572303854.5227866 bigbrain_769_1206_0.nii 140649784092480
write_file 1572303854.5243058 1572303855.0286036 inc-bigbrain_769_1206_0.nii 140649784092480
task_duration 1572303791.7434762 1572303855.040952 1572302907-local_1it_25cpus_40bb-1 140649784092480
read_file 1572303792.7639234 1572303793.0797462 bigbrain_769_1206_1388.nii 140564702086976
increment_file 1572303793.0800762 1572303849.1708608 bigbrain_769_1206_1388.nii 140564702086976
write_file 1572303849.1726422 1572303849.6918461 inc-bigbrain_769_1206_1388.nii 140564702086976
task_duration 1572303792.7630074 1572303849.7042882 1572302907-local_1it_25cpus_40bb-1 140564702086976
read_file 1572303794.410606 1572303794.486779 bigbrain_769_1206_2776.nii 140238055171904
increment_file 1572303794.4871047 1572303849.7657425 bigbrain_769_1206_2776.nii 140238055171904
write_file 1572303849.767446 1572303850.3043056 inc-bigbrain_769_1206_2776.nii 140238055171904
task_duration 1572303794.4096813 1572303850.3170795 1572302907-local_1it_25cpus_40bb-1 140238055171904
read_file 1572303794.4633822 1572303794.5915215 bigbrain_769_1206_694.nii 139998583441216
increment_file 1572303794.591836 1572303846.454767 bigbrain_769_1206_694.nii 139998583441216
write_file 1572303846.4577312 1572303846.9492803 inc-bigbrain_769_1206_694.nii 139998583441216
task_duration 1572303794.4623966 1572303846.96013 1572302907-local_1it_25cpus_40bb-1 139998583441216
read_file 1572303794.3893998 1572303794.6990993 bigbrain_769_1206_2082.nii 139882913777472
increment_file 1572303794.699446 1572303852.7517269 bigbrain_769_1206_2082.nii 139882913777472
write_file 1572303852.7535217 1572303853.2731545 inc-bigbrain_769_1206_2082.nii 139882913777472
task_duration 1572303794.3883774 1572303853.28496 1572302907-local_1it_25cpus_40bb-1 139882913777472
read_file 1572303795.47298 1572303795.798631 bigbrain_769_1809_0.nii 140064627312448
increment_file 1572303795.7989619 1572303847.7990909 bigbrain_769_1809_0.nii 140064627312448
write_file 1572303847.8012638 1572303848.3630147 inc-bigbrain_769_1809_0.nii 140064627312448
task_duration 1572303795.4717898 1572303848.3761077 1572302907-local_1it_25cpus_40bb-1 140064627312448
read_file 1572303795.75795 1572303796.0671535 bigbrain_769_1809_1388.nii 140613208987456
increment_file 1572303796.0675018 1572303850.3900096 bigbrain_769_1809_1388.nii 140613208987456
write_file 1572303850.391791 1572303850.9008863 inc-bigbrain_769_1809_1388.nii 140613208987456
task_duration 1572303795.756996 1572303850.9131474 1572302907-local_1it_25cpus_40bb-1 140613208987456
read_file 1572303796.8848033 1572303796.9362197 bigbrain_769_1809_2776.nii 139906918405952
increment_file 1572303796.9365616 1572303849.7969768 bigbrain_769_1809_2776.nii 139906918405952
write_file 1572303849.7994537 1572303850.4073222 inc-bigbrain_769_1809_2776.nii 139906918405952
task_duration 1572303796.8838112 1572303850.422366 1572302907-local_1it_25cpus_40bb-1 139906918405952
read_file 1572303796.798411 1572303797.0035107 bigbrain_769_1809_2082.nii 140532372129600
increment_file 1572303797.003816 1572303848.7973416 bigbrain_769_1809_2082.nii 140532372129600
write_file 1572303848.7990263 1572303849.405812 inc-bigbrain_769_1809_2082.nii 140532372129600
task_duration 1572303796.7975008 1572303849.421534 1572302907-local_1it_25cpus_40bb-1 140532372129600
read_file 1572303798.8995059 1572303799.1566153 bigbrain_769_1809_694.nii 140452542412608
increment_file 1572303799.1569362 1572303850.1802044 bigbrain_769_1809_694.nii 140452542412608
write_file 1572303850.182197 1572303850.7056215 inc-bigbrain_769_1809_694.nii 140452542412608
task_duration 1572303798.8983457 1572303850.7175958 1572302907-local_1it_25cpus_40bb-1 140452542412608
read_file 1572303800.5192323 1572303800.7859685 bigbrain_769_2412_0.nii 139797934384960
increment_file 1572303800.7862902 1572303852.3964198 bigbrain_769_2412_0.nii 139797934384960
write_file 1572303852.3995717 1572303853.0439944 inc-bigbrain_769_2412_0.nii 139797934384960
task_duration 1572303800.5182807 1572303853.058843 1572302907-local_1it_25cpus_40bb-1 139797934384960
read_file 1572303800.9397578 1572303801.2692614 bigbrain_769_2412_1388.nii 140422021723968
increment_file 1572303801.2696187 1572303853.0181425 bigbrain_769_2412_1388.nii 140422021723968
write_file 1572303853.021155 1572303853.5021245 inc-bigbrain_769_2412_1388.nii 140422021723968
task_duration 1572303800.9387922 1572303853.5137866 1572302907-local_1it_25cpus_40bb-1 140422021723968
read_file 1572303801.2296784 1572303801.4597738 bigbrain_769_2412_2082.nii 140607992497984
increment_file 1572303801.4601095 1572303854.6746106 bigbrain_769_2412_2082.nii 140607992497984
read_file 1572303803.465302 1572303803.6052847 bigbrain_769_2412_2776.nii 140397462505280
increment_file 1572303803.605462 1572303853.2571166 bigbrain_769_2412_2776.nii 140397462505280
write_file 1572303853.2596354 1572303853.8143718 inc-bigbrain_769_2412_2776.nii 140397462505280
task_duration 1572303803.4643116 1572303853.8294058 1572302907-local_1it_25cpus_40bb-1 140397462505280
read_file 1572303803.662736 1572303803.9640846 bigbrain_769_2412_694.nii 140422375991104
increment_file 1572303803.9644532 1572303853.9873593 bigbrain_769_2412_694.nii 140422375991104
write_file 1572303853.9891922 1572303854.4929123 inc-bigbrain_769_2412_694.nii 140422375991104
task_duration 1572303803.6618366 1572303854.5045211 1572302907-local_1it_25cpus_40bb-1 140422375991104
read_file 1572303806.722341 1572303806.8130746 bigbrain_769_603_0.nii 140190645499712
increment_file 1572303806.8134484 1572303855.1317 bigbrain_769_603_0.nii 140190645499712
read_file 1572303808.1308506 1572303808.2419686 bigbrain_769_603_1388.nii 140206389835584
increment_file 1572303808.2422948 1572303855.1457975 bigbrain_769_603_1388.nii 140206389835584
read_file 1572303811.0198941 1572303811.0208452 bigbrain_769_603_2082.nii 139740577548096
increment_file 1572303811.0209866 1572303811.4912298 bigbrain_769_603_2082.nii 139740577548096
write_file 1572303811.4919608 1572303811.999048 inc-bigbrain_769_603_2082.nii 139740577548096
task_duration 1572303811.0189822 1572303812.0102468 1572302907-local_1it_25cpus_40bb-1 139740577548096
read_file 1572303812.269296 1572303812.540959 bigbrain_769_603_2776.nii 139752212817728
increment_file 1572303812.5411665 1572303856.8296678 bigbrain_769_603_2776.nii 139752212817728
read_file 1572303812.9009 1572303813.182697 bigbrain_769_603_694.nii 140515989649216
increment_file 1572303813.1830673 1572303856.7730474 bigbrain_769_603_694.nii 140515989649216
