read_file 1572392278.5647178 1572392278.5669074 bigbrain_769_2412_694.nii 140703938729792
increment_file 1572392278.567097 1572392279.0626707 bigbrain_769_2412_694.nii 140703938729792
write_file 1572392279.063453 1572392279.579559 inc-bigbrain_769_2412_694.nii 140703938729792
task_duration 1572392278.5633042 1572392279.5922263 1572392213-tmpfsAD_1it_96cpus_40bb-2 140703938729792
read_file 1572392278.5492492 1572392278.551407 bigbrain_769_603_2776.nii 140485810833216
increment_file 1572392278.551635 1572392279.0518575 bigbrain_769_603_2776.nii 140485810833216
write_file 1572392279.0525358 1572392279.573036 inc-bigbrain_769_603_2776.nii 140485810833216
task_duration 1572392278.5477061 1572392279.5850978 1572392213-tmpfsAD_1it_96cpus_40bb-2 140485810833216
read_file 1572392278.5453515 1572392278.547221 bigbrain_769_2412_2776.nii 140260084209472
increment_file 1572392278.547405 1572392279.0495343 bigbrain_769_2412_2776.nii 140260084209472
write_file 1572392279.0505924 1572392279.5753539 inc-bigbrain_769_2412_2776.nii 140260084209472
task_duration 1572392278.5439684 1572392279.5879426 1572392213-tmpfsAD_1it_96cpus_40bb-2 140260084209472
read_file 1572392278.527706 1572392278.5297015 bigbrain_769_603_694.nii 139984300947264
increment_file 1572392278.529893 1572392279.053566 bigbrain_769_603_694.nii 139984300947264
write_file 1572392279.0545225 1572392279.6240451 inc-bigbrain_769_603_694.nii 139984300947264
task_duration 1572392278.5263379 1572392279.6356475 1572392213-tmpfsAD_1it_96cpus_40bb-2 139984300947264
read_file 1572392278.5200894 1572392278.5218582 bigbrain_769_2412_0.nii 139951514941248
increment_file 1572392278.522017 1572392279.0309968 bigbrain_769_2412_0.nii 139951514941248
write_file 1572392279.0319152 1572392279.5596836 inc-bigbrain_769_2412_0.nii 139951514941248
task_duration 1572392278.5186827 1572392279.5716436 1572392213-tmpfsAD_1it_96cpus_40bb-2 139951514941248
read_file 1572392278.4936385 1572392278.495481 bigbrain_769_603_2082.nii 140103578863424
increment_file 1572392278.495647 1572392279.011318 bigbrain_769_603_2082.nii 140103578863424
write_file 1572392279.0122602 1572392279.5395143 inc-bigbrain_769_603_2082.nii 140103578863424
task_duration 1572392278.4921548 1572392279.5522861 1572392213-tmpfsAD_1it_96cpus_40bb-2 140103578863424
read_file 1572392278.4864535 1572392278.4882605 bigbrain_769_1809_694.nii 140220414162752
increment_file 1572392278.4884236 1572392279.0064921 bigbrain_769_1809_694.nii 140220414162752
write_file 1572392279.0073612 1572392279.5278947 inc-bigbrain_769_1809_694.nii 140220414162752
task_duration 1572392278.4850836 1572392279.5408173 1572392213-tmpfsAD_1it_96cpus_40bb-2 140220414162752
read_file 1572392278.4827158 1572392278.4847078 bigbrain_769_1809_2776.nii 140126772959040
increment_file 1572392278.4849114 1572392279.0082288 bigbrain_769_1809_2776.nii 140126772959040
write_file 1572392279.0091846 1572392279.5859997 inc-bigbrain_769_1809_2776.nii 140126772959040
task_duration 1572392278.4812846 1572392279.5987651 1572392213-tmpfsAD_1it_96cpus_40bb-2 140126772959040
read_file 1572392278.4656074 1572392278.4673467 bigbrain_769_603_1388.nii 140335375480640
increment_file 1572392278.4674857 1572392278.988641 bigbrain_769_603_1388.nii 140335375480640
write_file 1572392278.9896748 1572392279.5182242 inc-bigbrain_769_603_1388.nii 140335375480640
task_duration 1572392278.4643435 1572392279.5311966 1572392213-tmpfsAD_1it_96cpus_40bb-2 140335375480640
read_file 1572392278.4418225 1572392278.4446006 bigbrain_769_1206_1388.nii 140583448442688
increment_file 1572392278.4448407 1572392278.9964542 bigbrain_769_1206_1388.nii 140583448442688
write_file 1572392278.9973283 1572392279.5774727 inc-bigbrain_769_1206_1388.nii 140583448442688
task_duration 1572392278.439631 1572392279.589999 1572392213-tmpfsAD_1it_96cpus_40bb-2 140583448442688
read_file 1572392278.4416056 1572392278.4430885 bigbrain_769_603_0.nii 139763073972032
increment_file 1572392278.4432127 1572392278.973969 bigbrain_769_603_0.nii 139763073972032
write_file 1572392278.974901 1572392279.5852923 inc-bigbrain_769_603_0.nii 139763073972032
task_duration 1572392278.4403708 1572392279.5989835 1572392213-tmpfsAD_1it_96cpus_40bb-2 139763073972032
read_file 1572392278.439158 1572392278.4415643 bigbrain_769_2412_2082.nii 140410596005696
increment_file 1572392278.4417338 1572392278.9958832 bigbrain_769_2412_2082.nii 140410596005696
write_file 1572392278.9968483 1572392279.5731711 inc-bigbrain_769_2412_2082.nii 140410596005696
task_duration 1572392278.4372373 1572392279.5857534 1572392213-tmpfsAD_1it_96cpus_40bb-2 140410596005696
read_file 1572392278.4340672 1572392278.43572 bigbrain_769_2412_1388.nii 140573139924800
increment_file 1572392278.435885 1572392278.9596064 bigbrain_769_2412_1388.nii 140573139924800
write_file 1572392278.960531 1572392279.4855776 inc-bigbrain_769_2412_1388.nii 140573139924800
task_duration 1572392278.43278 1572392279.4984612 1572392213-tmpfsAD_1it_96cpus_40bb-2 140573139924800
read_file 1572392278.4267304 1572392278.428159 bigbrain_769_1809_1388.nii 139735108417344
increment_file 1572392278.4282794 1572392278.9512951 bigbrain_769_1809_1388.nii 139735108417344
write_file 1572392278.952233 1572392279.5333993 inc-bigbrain_769_1809_1388.nii 139735108417344
task_duration 1572392278.4255595 1572392279.546214 1572392213-tmpfsAD_1it_96cpus_40bb-2 139735108417344
read_file 1572392278.4207144 1572392278.4227955 bigbrain_769_1809_2082.nii 140412318328640
increment_file 1572392278.4229493 1572392278.9541583 bigbrain_769_1809_2082.nii 140412318328640
write_file 1572392278.9552522 1572392279.5423172 inc-bigbrain_769_1809_2082.nii 140412318328640
task_duration 1572392278.4193063 1572392279.5555952 1572392213-tmpfsAD_1it_96cpus_40bb-2 140412318328640
read_file 1572392278.394066 1572392278.3955085 bigbrain_769_1206_694.nii 140040637585216
increment_file 1572392278.3956296 1572392278.9304388 bigbrain_769_1206_694.nii 140040637585216
write_file 1572392278.9313486 1572392279.5202765 inc-bigbrain_769_1206_694.nii 140040637585216
task_duration 1572392278.3929183 1572392279.533498 1572392213-tmpfsAD_1it_96cpus_40bb-2 140040637585216
read_file 1572392278.3784504 1572392278.3798666 bigbrain_769_1809_0.nii 140382439974720
increment_file 1572392278.3799927 1572392278.9145238 bigbrain_769_1809_0.nii 140382439974720
write_file 1572392278.9154668 1572392279.5041165 inc-bigbrain_769_1809_0.nii 140382439974720
task_duration 1572392278.3772995 1572392279.5172677 1572392213-tmpfsAD_1it_96cpus_40bb-2 140382439974720
read_file 1572392278.3688266 1572392278.3702116 bigbrain_769_1206_2776.nii 140501312358208
increment_file 1572392278.3703206 1572392278.9044778 bigbrain_769_1206_2776.nii 140501312358208
write_file 1572392278.9053993 1572392279.4896755 inc-bigbrain_769_1206_2776.nii 140501312358208
task_duration 1572392278.3676834 1572392279.5032804 1572392213-tmpfsAD_1it_96cpus_40bb-2 140501312358208
read_file 1572392278.3546464 1572392278.3574579 bigbrain_769_0_694.nii 139869853112128
increment_file 1572392278.357663 1572392278.922379 bigbrain_769_0_694.nii 139869853112128
write_file 1572392278.9234078 1572392279.4618235 inc-bigbrain_769_0_694.nii 139869853112128
task_duration 1572392278.3523815 1572392279.4744585 1572392213-tmpfsAD_1it_96cpus_40bb-2 139869853112128
read_file 1572392278.348809 1572392278.350431 bigbrain_769_1206_2082.nii 139925007263552
increment_file 1572392278.3505743 1572392278.8850079 bigbrain_769_1206_2082.nii 139925007263552
write_file 1572392278.8860638 1572392279.427181 inc-bigbrain_769_1206_2082.nii 139925007263552
task_duration 1572392278.347578 1572392279.4398973 1572392213-tmpfsAD_1it_96cpus_40bb-2 139925007263552
read_file 1572392278.3331008 1572392278.3363454 bigbrain_3076_603_1388.nii 140034790041408
increment_file 1572392278.3365848 1572392278.9268768 bigbrain_3076_603_1388.nii 140034790041408
write_file 1572392278.9280078 1572392279.5146358 inc-bigbrain_3076_603_1388.nii 140034790041408
task_duration 1572392278.3306928 1572392279.5276823 1572392213-tmpfsAD_1it_96cpus_40bb-2 140034790041408
read_file 1572392278.2892385 1572392278.2909946 bigbrain_769_0_2776.nii 140115209013056
increment_file 1572392278.2911444 1572392278.8267615 bigbrain_769_0_2776.nii 140115209013056
write_file 1572392278.8276787 1572392279.414153 inc-bigbrain_769_0_2776.nii 140115209013056
task_duration 1572392278.2876222 1572392279.4284062 1572392213-tmpfsAD_1it_96cpus_40bb-2 140115209013056
read_file 1572392278.2826676 1572392278.2845628 bigbrain_769_1206_0.nii 140240304273216
increment_file 1572392278.2847133 1572392278.821834 bigbrain_769_1206_0.nii 140240304273216
write_file 1572392278.8228467 1572392279.484618 inc-bigbrain_769_1206_0.nii 140240304273216
task_duration 1572392278.2808602 1572392279.4986336 1572392213-tmpfsAD_1it_96cpus_40bb-2 140240304273216
read_file 1572392278.1480424 1572392278.1496527 bigbrain_769_0_1388.nii 140711690159936
increment_file 1572392278.1497943 1572392278.7715523 bigbrain_769_0_1388.nii 140711690159936
write_file 1572392278.7724946 1572392279.345992 inc-bigbrain_769_0_1388.nii 140711690159936
task_duration 1572392278.1465547 1572392279.361335 1572392213-tmpfsAD_1it_96cpus_40bb-2 140711690159936
read_file 1572392278.1445222 1572392278.1461265 bigbrain_769_0_2082.nii 140232190367552
increment_file 1572392278.1462657 1572392278.8234687 bigbrain_769_0_2082.nii 140232190367552
write_file 1572392278.8242247 1572392279.4050722 inc-bigbrain_769_0_2082.nii 140232190367552
task_duration 1572392278.1430516 1572392279.419531 1572392213-tmpfsAD_1it_96cpus_40bb-2 140232190367552
read_file 1572392278.139683 1572392278.1422124 bigbrain_3076_603_2776.nii 140173357897536
increment_file 1572392278.142401 1572392278.789119 bigbrain_3076_603_2776.nii 140173357897536
write_file 1572392278.7901947 1572392279.353872 inc-bigbrain_3076_603_2776.nii 140173357897536
task_duration 1572392278.137864 1572392279.3671715 1572392213-tmpfsAD_1it_96cpus_40bb-2 140173357897536
read_file 1572392278.1145453 1572392278.1165442 bigbrain_3076_603_694.nii 140058937575232
increment_file 1572392278.1167035 1572392278.7844558 bigbrain_3076_603_694.nii 140058937575232
write_file 1572392278.7855818 1572392279.35124 inc-bigbrain_3076_603_694.nii 140058937575232
task_duration 1572392278.1127954 1572392279.3649285 1572392213-tmpfsAD_1it_96cpus_40bb-2 140058937575232
read_file 1572392278.1124039 1572392278.1140385 bigbrain_769_0_0.nii 139734894507840
increment_file 1572392278.1141722 1572392278.7459595 bigbrain_769_0_0.nii 139734894507840
write_file 1572392278.7469397 1572392279.2947102 inc-bigbrain_769_0_0.nii 139734894507840
task_duration 1572392278.110854 1572392279.310316 1572392213-tmpfsAD_1it_96cpus_40bb-2 139734894507840
read_file 1572392278.1041896 1572392278.1059282 bigbrain_3076_603_2082.nii 140286099711808
increment_file 1572392278.1060736 1572392278.752976 bigbrain_3076_603_2082.nii 140286099711808
write_file 1572392278.7539535 1572392279.325011 inc-bigbrain_3076_603_2082.nii 140286099711808
task_duration 1572392278.1025677 1572392279.340603 1572392213-tmpfsAD_1it_96cpus_40bb-2 140286099711808
read_file 1572392275.363882 1572392275.374929 bigbrain_3076_1809_0.nii 140423817156416
increment_file 1572392275.3760507 1572392276.844003 bigbrain_3076_1809_0.nii 140423817156416
write_file 1572392276.8469498 1572392278.6297252 inc-bigbrain_3076_1809_0.nii 140423817156416
task_duration 1572392275.356983 1572392278.6469972 1572392213-tmpfsAD_1it_96cpus_40bb-2 140423817156416
read_file 1572392275.3262472 1572392275.336656 bigbrain_3076_603_0.nii 140068747728704
increment_file 1572392275.3375702 1572392276.809887 bigbrain_3076_603_0.nii 140068747728704
write_file 1572392276.812975 1572392278.4415119 inc-bigbrain_3076_603_0.nii 140068747728704
task_duration 1572392275.3192122 1572392278.4635894 1572392213-tmpfsAD_1it_96cpus_40bb-2 140068747728704
read_file 1572392275.2638671 1572392275.2738097 bigbrain_3076_2412_1388.nii 140286195488576
increment_file 1572392275.2747219 1572392276.7755344 bigbrain_3076_2412_1388.nii 140286195488576
write_file 1572392276.7786274 1572392278.4288595 inc-bigbrain_3076_2412_1388.nii 140286195488576
task_duration 1572392275.2576046 1572392278.4486308 1572392213-tmpfsAD_1it_96cpus_40bb-2 140286195488576
read_file 1572392275.2230697 1572392275.2323234 bigbrain_3076_1809_694.nii 140346628155200
increment_file 1572392275.2330396 1572392276.7811906 bigbrain_3076_1809_694.nii 140346628155200
write_file 1572392276.7840714 1572392278.5202775 inc-bigbrain_3076_1809_694.nii 140346628155200
task_duration 1572392275.2174726 1572392278.537413 1572392213-tmpfsAD_1it_96cpus_40bb-2 140346628155200
read_file 1572392275.221195 1572392275.230749 bigbrain_3076_1206_694.nii 140248356591424
increment_file 1572392275.2315063 1572392276.7696245 bigbrain_3076_1206_694.nii 140248356591424
write_file 1572392276.7725852 1572392278.4211996 inc-bigbrain_3076_1206_694.nii 140248356591424
task_duration 1572392275.215416 1572392278.4367225 1572392213-tmpfsAD_1it_96cpus_40bb-2 140248356591424
read_file 1572392275.135373 1572392275.1444864 bigbrain_3076_1809_2776.nii 140388363073344
increment_file 1572392275.1452777 1572392276.721851 bigbrain_3076_1809_2776.nii 140388363073344
write_file 1572392276.7249024 1572392278.4816694 inc-bigbrain_3076_1809_2776.nii 140388363073344
task_duration 1572392275.12976 1572392278.4993305 1572392213-tmpfsAD_1it_96cpus_40bb-2 140388363073344
read_file 1572392275.1060584 1572392275.1151152 bigbrain_3076_2412_2776.nii 139709889709888
increment_file 1572392275.115977 1572392276.713684 bigbrain_3076_2412_2776.nii 139709889709888
write_file 1572392276.7167678 1572392278.3416383 inc-bigbrain_3076_2412_2776.nii 139709889709888
task_duration 1572392275.100363 1572392278.359442 1572392213-tmpfsAD_1it_96cpus_40bb-2 139709889709888
read_file 1572392275.0598805 1572392275.0693316 bigbrain_3076_1809_1388.nii 140199425128256
increment_file 1572392275.0701408 1572392276.695849 bigbrain_3076_1809_1388.nii 140199425128256
write_file 1572392276.698915 1572392278.385909 inc-bigbrain_3076_1809_1388.nii 140199425128256
task_duration 1572392275.0543346 1572392278.402811 1572392213-tmpfsAD_1it_96cpus_40bb-2 140199425128256
read_file 1572392275.0291235 1572392275.038291 bigbrain_3076_2412_2082.nii 139848435230528
increment_file 1572392275.0390325 1572392276.6888 bigbrain_3076_2412_2082.nii 139848435230528
write_file 1572392276.6919827 1572392278.397935 inc-bigbrain_3076_2412_2082.nii 139848435230528
task_duration 1572392275.0235584 1572392278.4147115 1572392213-tmpfsAD_1it_96cpus_40bb-2 139848435230528
read_file 1572392275.0275195 1572392275.0345829 bigbrain_3076_1206_2776.nii 139711128135488
increment_file 1572392275.035378 1572392276.4133039 bigbrain_3076_1206_2776.nii 139711128135488
write_file 1572392276.4181726 1572392277.808105 inc-bigbrain_3076_1206_2776.nii 139711128135488
task_duration 1572392275.0223544 1572392277.8279905 1572392213-tmpfsAD_1it_96cpus_40bb-2 139711128135488
read_file 1572392274.9916437 1572392274.9983604 bigbrain_3076_1206_1388.nii 140674978658112
increment_file 1572392274.9991665 1572392276.3887522 bigbrain_3076_1206_1388.nii 140674978658112
write_file 1572392276.393031 1572392277.8420715 inc-bigbrain_3076_1206_1388.nii 140674978658112
task_duration 1572392274.9867206 1572392277.8782403 1572392213-tmpfsAD_1it_96cpus_40bb-2 140674978658112
read_file 1572392274.9785843 1572392274.9866512 bigbrain_3076_0_2082.nii 139637148940096
increment_file 1572392274.9874513 1572392276.6273334 bigbrain_3076_0_2082.nii 139637148940096
write_file 1572392276.6303983 1572392278.3506484 inc-bigbrain_3076_0_2082.nii 139637148940096
task_duration 1572392274.9731822 1572392278.3688314 1572392213-tmpfsAD_1it_96cpus_40bb-2 139637148940096
read_file 1572392274.9756334 1572392274.9828293 bigbrain_2307_2412_2082.nii 139716012271424
increment_file 1572392274.9834092 1572392276.6317086 bigbrain_2307_2412_2082.nii 139716012271424
write_file 1572392276.635294 1572392278.1670544 inc-bigbrain_2307_2412_2082.nii 139716012271424
task_duration 1572392274.970781 1572392278.2501419 1572392213-tmpfsAD_1it_96cpus_40bb-2 139716012271424
read_file 1572392274.9713395 1572392274.980167 bigbrain_3076_0_2776.nii 140392261314368
increment_file 1572392274.9810112 1572392276.6171126 bigbrain_3076_0_2776.nii 140392261314368
write_file 1572392276.6202343 1572392278.366144 inc-bigbrain_3076_0_2776.nii 140392261314368
task_duration 1572392274.9658015 1572392278.3835578 1572392213-tmpfsAD_1it_96cpus_40bb-2 140392261314368
read_file 1572392274.9476974 1572392274.9543276 bigbrain_3076_2412_0.nii 139712151926592
increment_file 1572392274.9550197 1572392276.3522563 bigbrain_3076_2412_0.nii 139712151926592
write_file 1572392276.3571584 1572392277.7992334 inc-bigbrain_3076_2412_0.nii 139712151926592
task_duration 1572392274.9428558 1572392277.8399215 1572392213-tmpfsAD_1it_96cpus_40bb-2 139712151926592
read_file 1572392274.9313087 1572392274.93806 bigbrain_3076_0_694.nii 140519321364288
increment_file 1572392274.9388041 1572392276.3286495 bigbrain_3076_0_694.nii 140519321364288
write_file 1572392276.3333895 1572392277.8845203 inc-bigbrain_3076_0_694.nii 140519321364288
task_duration 1572392274.9267683 1572392277.9137163 1572392213-tmpfsAD_1it_96cpus_40bb-2 140519321364288
read_file 1572392274.9115365 1572392274.9166374 bigbrain_3076_1809_2082.nii 140558045869888
increment_file 1572392274.9172654 1572392276.3188567 bigbrain_3076_1809_2082.nii 140558045869888
write_file 1572392276.3227272 1572392277.7688603 inc-bigbrain_3076_1809_2082.nii 140558045869888
task_duration 1572392274.9072123 1572392277.8293128 1572392213-tmpfsAD_1it_96cpus_40bb-2 140558045869888
read_file 1572392274.906501 1572392274.9151812 bigbrain_3076_0_1388.nii 140261385430848
increment_file 1572392274.9158056 1572392276.6087484 bigbrain_3076_0_1388.nii 140261385430848
write_file 1572392276.6121025 1572392278.3887267 inc-bigbrain_3076_0_1388.nii 140261385430848
task_duration 1572392274.9013193 1572392278.4106 1572392213-tmpfsAD_1it_96cpus_40bb-2 140261385430848
read_file 1572392274.8702395 1572392274.8757825 bigbrain_3076_2412_694.nii 140349698946880
increment_file 1572392274.8765967 1572392276.2937248 bigbrain_3076_2412_694.nii 140349698946880
write_file 1572392276.2978113 1572392277.7826557 inc-bigbrain_3076_2412_694.nii 140349698946880
task_duration 1572392274.865919 1572392277.8382206 1572392213-tmpfsAD_1it_96cpus_40bb-2 140349698946880
read_file 1572392274.8120031 1572392274.8171074 bigbrain_2307_603_2082.nii 139956971333440
increment_file 1572392274.8175168 1572392276.5114224 bigbrain_2307_603_2082.nii 139956971333440
write_file 1572392276.5156324 1572392278.3225992 inc-bigbrain_2307_603_2082.nii 139956971333440
task_duration 1572392274.8091989 1572392278.3481498 1572392213-tmpfsAD_1it_96cpus_40bb-2 139956971333440
read_file 1572392274.803316 1572392274.808544 bigbrain_3076_1206_0.nii 140652725425984
increment_file 1572392274.8090544 1572392276.5241647 bigbrain_3076_1206_0.nii 140652725425984
write_file 1572392276.5273767 1572392278.4024186 inc-bigbrain_3076_1206_0.nii 140652725425984
task_duration 1572392274.8003125 1572392278.4224546 1572392213-tmpfsAD_1it_96cpus_40bb-2 140652725425984
read_file 1572392274.7969656 1572392274.8040473 bigbrain_3076_0_0.nii 140183639435072
increment_file 1572392274.8046713 1572392276.516136 bigbrain_3076_0_0.nii 140183639435072
write_file 1572392276.5215619 1572392278.2487466 inc-bigbrain_3076_0_0.nii 140183639435072
task_duration 1572392274.7920825 1572392278.3148336 1572392213-tmpfsAD_1it_96cpus_40bb-2 140183639435072
read_file 1572392274.7932873 1572392274.7986088 bigbrain_3076_1206_2082.nii 139887356098368
increment_file 1572392274.799179 1572392276.2293625 bigbrain_3076_1206_2082.nii 139887356098368
write_file 1572392276.232514 1572392277.6989982 inc-bigbrain_3076_1206_2082.nii 139887356098368
task_duration 1572392274.7889361 1572392277.7730086 1572392213-tmpfsAD_1it_96cpus_40bb-2 139887356098368
read_file 1572392274.7378106 1572392274.744128 bigbrain_2307_2412_694.nii 139860151981888
increment_file 1572392274.7446501 1572392276.487269 bigbrain_2307_2412_694.nii 139860151981888
write_file 1572392276.4923491 1572392278.3207018 inc-bigbrain_2307_2412_694.nii 139860151981888
task_duration 1572392274.7340348 1572392278.341931 1572392213-tmpfsAD_1it_96cpus_40bb-2 139860151981888
read_file 1572392274.6726646 1572392274.6762664 bigbrain_2307_603_0.nii 139932147296064
increment_file 1572392274.6767058 1572392276.0675902 bigbrain_2307_603_0.nii 139932147296064
write_file 1572392276.0706623 1572392277.728383 inc-bigbrain_2307_603_0.nii 139932147296064
task_duration 1572392274.6697772 1572392277.7612913 1572392213-tmpfsAD_1it_96cpus_40bb-2 139932147296064
read_file 1572392274.6117563 1572392274.6169562 bigbrain_2307_1809_2082.nii 139631591188288
increment_file 1572392274.6173956 1572392276.3138967 bigbrain_2307_1809_2082.nii 139631591188288
write_file 1572392276.3169837 1572392278.0958164 inc-bigbrain_2307_1809_2082.nii 139631591188288
task_duration 1572392274.6083345 1572392278.116828 1572392213-tmpfsAD_1it_96cpus_40bb-2 139631591188288
read_file 1572392274.5803728 1572392274.5862517 bigbrain_2307_1809_694.nii 140576610150208
increment_file 1572392274.5867965 1572392276.4040265 bigbrain_2307_1809_694.nii 140576610150208
write_file 1572392276.4090192 1572392278.2503753 inc-bigbrain_2307_1809_694.nii 140576610150208
task_duration 1572392274.5769777 1572392278.28746 1572392213-tmpfsAD_1it_96cpus_40bb-2 140576610150208
read_file 1572392274.5710936 1572392274.5746307 bigbrain_2307_603_694.nii 139949663381312
increment_file 1572392274.5749679 1572392275.9764216 bigbrain_2307_603_694.nii 139949663381312
write_file 1572392275.979118 1572392277.5797904 inc-bigbrain_2307_603_694.nii 139949663381312
task_duration 1572392274.5684304 1572392277.600001 1572392213-tmpfsAD_1it_96cpus_40bb-2 139949663381312
read_file 1572392274.56696 1572392274.5723894 bigbrain_2307_1809_2776.nii 139689064707904
increment_file 1572392274.5728683 1572392276.3939955 bigbrain_2307_1809_2776.nii 139689064707904
write_file 1572392276.397456 1572392278.3131807 inc-bigbrain_2307_1809_2776.nii 139689064707904
task_duration 1572392274.563627 1572392278.334548 1572392213-tmpfsAD_1it_96cpus_40bb-2 139689064707904
read_file 1572392274.563312 1572392274.5667756 bigbrain_2307_603_2776.nii 140090930825024
increment_file 1572392274.567118 1572392275.965722 bigbrain_2307_603_2776.nii 140090930825024
write_file 1572392275.96859 1572392277.6166532 inc-bigbrain_2307_603_2776.nii 140090930825024
task_duration 1572392274.5606544 1572392277.644524 1572392213-tmpfsAD_1it_96cpus_40bb-2 140090930825024
read_file 1572392274.541575 1572392274.5464623 bigbrain_2307_1206_694.nii 140444128188224
increment_file 1572392274.546964 1572392275.9377682 bigbrain_2307_1206_694.nii 140444128188224
write_file 1572392275.9415922 1572392277.5584586 inc-bigbrain_2307_1206_694.nii 140444128188224
task_duration 1572392274.5375416 1572392277.591578 1572392213-tmpfsAD_1it_96cpus_40bb-2 140444128188224
read_file 1572392274.5346973 1572392274.5397542 bigbrain_2307_1809_0.nii 140322507679552
increment_file 1572392274.540264 1572392276.333243 bigbrain_2307_1809_0.nii 140322507679552
write_file 1572392276.3366284 1572392278.1253452 inc-bigbrain_2307_1809_0.nii 140322507679552
task_duration 1572392274.5314713 1572392278.1921713 1572392213-tmpfsAD_1it_96cpus_40bb-2 140322507679552
read_file 1572392274.5309768 1572392274.534415 bigbrain_2307_2412_0.nii 140523785316160
increment_file 1572392274.5348365 1572392275.9297345 bigbrain_2307_2412_0.nii 140523785316160
write_file 1572392275.9326336 1572392277.6057677 inc-bigbrain_2307_2412_0.nii 140523785316160
task_duration 1572392274.5285587 1572392277.633743 1572392213-tmpfsAD_1it_96cpus_40bb-2 140523785316160
read_file 1572392274.5168345 1572392274.5196836 bigbrain_2307_603_1388.nii 140522279749440
increment_file 1572392274.51998 1572392275.883619 bigbrain_2307_603_1388.nii 140522279749440
write_file 1572392275.8864567 1572392277.5876398 inc-bigbrain_2307_603_1388.nii 140522279749440
task_duration 1572392274.5147312 1572392277.6134439 1572392213-tmpfsAD_1it_96cpus_40bb-2 140522279749440
read_file 1572392274.5104382 1572392274.5131626 bigbrain_2307_2412_2776.nii 140243028440896
increment_file 1572392274.513432 1572392275.822768 bigbrain_2307_2412_2776.nii 140243028440896
write_file 1572392275.8258057 1572392277.5439813 inc-bigbrain_2307_2412_2776.nii 140243028440896
task_duration 1572392274.5085285 1572392277.5704007 1572392213-tmpfsAD_1it_96cpus_40bb-2 140243028440896
read_file 1572392274.5020366 1572392274.504026 bigbrain_2307_2412_1388.nii 139820690638656
increment_file 1572392274.504283 1572392275.800069 bigbrain_2307_2412_1388.nii 139820690638656
write_file 1572392275.8030875 1572392277.5229511 inc-bigbrain_2307_2412_1388.nii 139820690638656
task_duration 1572392274.5004597 1572392277.5510817 1572392213-tmpfsAD_1it_96cpus_40bb-2 139820690638656
read_file 1572392274.4371724 1572392274.4421883 bigbrain_2307_1206_2082.nii 139885318604608
increment_file 1572392274.4426677 1572392275.8237274 bigbrain_2307_1206_2082.nii 139885318604608
write_file 1572392275.8279777 1572392277.5508578 inc-bigbrain_2307_1206_2082.nii 139885318604608
task_duration 1572392274.433383 1572392277.585906 1572392213-tmpfsAD_1it_96cpus_40bb-2 139885318604608
read_file 1572392274.4235487 1572392274.42601 bigbrain_2307_1809_1388.nii 140172281648960
increment_file 1572392274.4262736 1572392275.7860694 bigbrain_2307_1809_1388.nii 140172281648960
write_file 1572392275.7891157 1572392277.5224648 inc-bigbrain_2307_1809_1388.nii 140172281648960
task_duration 1572392274.4215524 1572392277.5504344 1572392213-tmpfsAD_1it_96cpus_40bb-2 140172281648960
read_file 1572392274.4156296 1572392274.4205863 bigbrain_2307_1206_0.nii 140081144592192
increment_file 1572392274.4210734 1572392275.8017614 bigbrain_2307_1206_0.nii 140081144592192
write_file 1572392275.80603 1572392277.521081 inc-bigbrain_2307_1206_0.nii 140081144592192
task_duration 1572392274.4121003 1572392277.5576866 1572392213-tmpfsAD_1it_96cpus_40bb-2 140081144592192
read_file 1572392274.4030657 1572392274.405392 bigbrain_2307_0_2082.nii 140564024379200
increment_file 1572392274.4055786 1572392275.7502375 bigbrain_2307_0_2082.nii 140564024379200
write_file 1572392275.7530406 1572392277.525412 inc-bigbrain_2307_0_2082.nii 140564024379200
task_duration 1572392274.4011724 1572392277.5536804 1572392213-tmpfsAD_1it_96cpus_40bb-2 140564024379200
read_file 1572392274.3931842 1572392274.404077 bigbrain_1538_603_2082.nii 140573338388288
increment_file 1572392274.4046242 1572392276.2458622 bigbrain_1538_603_2082.nii 140573338388288
write_file 1572392276.2480192 1572392278.1486123 inc-bigbrain_1538_603_2082.nii 140573338388288
task_duration 1572392274.390397 1572392278.1773484 1572392213-tmpfsAD_1it_96cpus_40bb-2 140573338388288
read_file 1572392274.3984873 1572392274.4016929 bigbrain_1538_603_694.nii 140104966997824
increment_file 1572392274.402046 1572392276.2416537 bigbrain_1538_603_694.nii 140104966997824
write_file 1572392276.246578 1572392278.0907822 inc-bigbrain_1538_603_694.nii 140104966997824
task_duration 1572392274.367975 1572392278.1104257 1572392213-tmpfsAD_1it_96cpus_40bb-2 140104966997824
read_file 1572392274.3740256 1572392274.3766088 bigbrain_2307_0_694.nii 140623510931264
increment_file 1572392274.3768122 1572392276.196322 bigbrain_2307_0_694.nii 140623510931264
write_file 1572392276.1996393 1572392278.2417922 inc-bigbrain_2307_0_694.nii 140623510931264
task_duration 1572392274.372119 1572392278.2742581 1572392213-tmpfsAD_1it_96cpus_40bb-2 140623510931264
read_file 1572392274.3702226 1572392274.3724258 bigbrain_2307_1206_1388.nii 140199959385920
increment_file 1572392274.372655 1572392276.119496 bigbrain_2307_1206_1388.nii 140199959385920
write_file 1572392276.1320004 1572392278.2974114 inc-bigbrain_2307_1206_1388.nii 140199959385920
task_duration 1572392274.3656337 1572392278.3193057 1572392213-tmpfsAD_1it_96cpus_40bb-2 140199959385920
read_file 1572392274.3644145 1572392274.3667135 bigbrain_1538_2412_1388.nii 140167255398208
increment_file 1572392274.366929 1572392276.159525 bigbrain_1538_2412_1388.nii 140167255398208
write_file 1572392276.1631575 1572392278.0562224 inc-bigbrain_1538_2412_1388.nii 140167255398208
task_duration 1572392274.3627167 1572392278.0788205 1572392213-tmpfsAD_1it_96cpus_40bb-2 140167255398208
read_file 1572392274.3527598 1572392274.3664498 bigbrain_1538_2412_0.nii 140142504679232
increment_file 1572392274.3667421 1572392275.7250633 bigbrain_1538_2412_0.nii 140142504679232
write_file 1572392275.7298403 1572392277.5160942 inc-bigbrain_1538_2412_0.nii 140142504679232
task_duration 1572392274.3509107 1572392277.5557883 1572392213-tmpfsAD_1it_96cpus_40bb-2 140142504679232
read_file 1572392274.359222 1572392274.361615 bigbrain_2307_1206_2776.nii 140683524863808
increment_file 1572392274.3618362 1572392276.0278873 bigbrain_2307_1206_2776.nii 140683524863808
write_file 1572392276.0314922 1572392278.0456645 inc-bigbrain_2307_1206_2776.nii 140683524863808
task_duration 1572392274.3404489 1572392278.072587 1572392213-tmpfsAD_1it_96cpus_40bb-2 140683524863808
read_file 1572392274.3328512 1572392274.3349457 bigbrain_1538_603_2776.nii 140321231886144
increment_file 1572392274.3351207 1572392275.997483 bigbrain_1538_603_2776.nii 140321231886144
write_file 1572392276.0027742 1572392277.9039001 inc-bigbrain_1538_603_2776.nii 140321231886144
task_duration 1572392274.3311684 1572392277.9331725 1572392213-tmpfsAD_1it_96cpus_40bb-2 140321231886144
read_file 1572392274.3319407 1572392274.333705 bigbrain_2307_0_1388.nii 140650611812160
increment_file 1572392274.3338637 1572392275.7310572 bigbrain_2307_0_1388.nii 140650611812160
write_file 1572392275.7335534 1572392277.4970305 inc-bigbrain_2307_0_1388.nii 140650611812160
task_duration 1572392274.330086 1572392277.5185046 1572392213-tmpfsAD_1it_96cpus_40bb-2 140650611812160
read_file 1572392274.3235273 1572392274.3254213 bigbrain_1538_603_0.nii 139788731504448
increment_file 1572392274.325573 1572392276.1389802 bigbrain_1538_603_0.nii 139788731504448
write_file 1572392276.1542802 1572392277.9911592 inc-bigbrain_1538_603_0.nii 139788731504448
task_duration 1572392274.3219056 1572392278.0106723 1572392213-tmpfsAD_1it_96cpus_40bb-2 139788731504448
read_file 1572392274.3220754 1572392274.3245473 bigbrain_2307_0_2776.nii 140406034802496
increment_file 1572392274.324734 1572392275.945576 bigbrain_2307_0_2776.nii 140406034802496
write_file 1572392275.9511473 1572392277.9412398 inc-bigbrain_2307_0_2776.nii 140406034802496
task_duration 1572392274.32016 1572392277.9925616 1572392213-tmpfsAD_1it_96cpus_40bb-2 140406034802496
read_file 1572392274.313506 1572392274.3155096 bigbrain_1538_603_1388.nii 140551794104128
increment_file 1572392274.3156831 1572392275.6369653 bigbrain_1538_603_1388.nii 140551794104128
write_file 1572392275.6396086 1572392277.4393332 inc-bigbrain_1538_603_1388.nii 140551794104128
task_duration 1572392274.3067572 1572392277.4614885 1572392213-tmpfsAD_1it_96cpus_40bb-2 140551794104128
read_file 1572392274.2818184 1572392274.2837884 bigbrain_2307_0_0.nii 139673618646848
increment_file 1572392274.2839491 1572392275.6869848 bigbrain_2307_0_0.nii 139673618646848
write_file 1572392275.6915042 1572392277.4651916 inc-bigbrain_2307_0_0.nii 139673618646848
task_duration 1572392274.2802153 1572392277.4950905 1572392213-tmpfsAD_1it_96cpus_40bb-2 139673618646848
read_file 1572392274.263725 1572392274.26545 bigbrain_1538_2412_2082.nii 140165891979072
increment_file 1572392274.2655938 1572392275.9991794 bigbrain_1538_2412_2082.nii 140165891979072
write_file 1572392276.0023394 1572392277.9145668 inc-bigbrain_1538_2412_2082.nii 140165891979072
task_duration 1572392274.262192 1572392277.944886 1572392213-tmpfsAD_1it_96cpus_40bb-2 140165891979072
read_file 1572392274.252889 1572392274.2547822 bigbrain_0_1206_1388.nii 139717224572736
increment_file 1572392274.2549317 1572392275.6182904 bigbrain_0_1206_1388.nii 139717224572736
write_file 1572392275.6219387 1572392277.4573607 inc-bigbrain_0_1206_1388.nii 139717224572736
task_duration 1572392274.2512972 1572392277.486128 1572392213-tmpfsAD_1it_96cpus_40bb-2 139717224572736
read_file 1572392274.234242 1572392274.2538526 bigbrain_1538_2412_2776.nii 140217289250624
increment_file 1572392274.2540119 1572392276.0288317 bigbrain_1538_2412_2776.nii 140217289250624
write_file 1572392276.0358028 1572392277.8892179 inc-bigbrain_1538_2412_2776.nii 140217289250624
task_duration 1572392274.232339 1572392277.9205186 1572392213-tmpfsAD_1it_96cpus_40bb-2 140217289250624
read_file 1572392274.2204058 1572392274.2223306 bigbrain_1538_1809_2082.nii 140020930340672
increment_file 1572392274.2224789 1572392275.6347928 bigbrain_1538_1809_2082.nii 140020930340672
write_file 1572392275.6396277 1572392277.4497526 inc-bigbrain_1538_1809_2082.nii 140020930340672
task_duration 1572392274.2187934 1572392277.4782999 1572392213-tmpfsAD_1it_96cpus_40bb-2 140020930340672
read_file 1572392274.2178278 1572392274.2197654 bigbrain_0_2412_694.nii 140493637781312
increment_file 1572392274.2199342 1572392275.5942006 bigbrain_0_2412_694.nii 140493637781312
write_file 1572392275.5980153 1572392277.424876 inc-bigbrain_0_2412_694.nii 140493637781312
task_duration 1572392274.216231 1572392277.456513 1572392213-tmpfsAD_1it_96cpus_40bb-2 140493637781312
read_file 1572392274.2002656 1572392274.2021954 bigbrain_1538_2412_694.nii 140574462814016
increment_file 1572392274.2023578 1572392275.4623642 bigbrain_1538_2412_694.nii 140574462814016
write_file 1572392275.4657643 1572392277.2456625 inc-bigbrain_1538_2412_694.nii 140574462814016
task_duration 1572392274.1986406 1572392277.282384 1572392213-tmpfsAD_1it_96cpus_40bb-2 140574462814016
read_file 1572392274.1940517 1572392274.1959958 bigbrain_1538_1809_694.nii 140704754530112
increment_file 1572392274.196151 1572392275.4794583 bigbrain_1538_1809_694.nii 140704754530112
write_file 1572392275.4844997 1572392277.2791858 inc-bigbrain_1538_1809_694.nii 140704754530112
task_duration 1572392274.1924243 1572392277.3167698 1572392213-tmpfsAD_1it_96cpus_40bb-2 140704754530112
read_file 1572392274.1036148 1572392274.1059911 bigbrain_0_0_2776.nii 139758793508672
increment_file 1572392274.1061769 1572392275.4673362 bigbrain_0_0_2776.nii 139758793508672
write_file 1572392275.4724011 1572392277.2675679 inc-bigbrain_0_0_2776.nii 139758793508672
task_duration 1572392274.1015716 1572392277.3094652 1572392213-tmpfsAD_1it_96cpus_40bb-2 139758793508672
read_file 1572392274.0898297 1572392274.1033049 bigbrain_0_1809_0.nii 140470619539264
increment_file 1572392274.1035128 1572392275.5270991 bigbrain_0_1809_0.nii 140470619539264
write_file 1572392275.533158 1572392277.3657992 inc-bigbrain_0_1809_0.nii 140470619539264
task_duration 1572392274.087853 1572392277.4090772 1572392213-tmpfsAD_1it_96cpus_40bb-2 140470619539264
read_file 1572392274.0921197 1572392274.0942442 bigbrain_0_1809_2776.nii 139638026721088
increment_file 1572392274.0944033 1572392275.4524176 bigbrain_0_1809_2776.nii 139638026721088
write_file 1572392275.4582446 1572392277.2643197 inc-bigbrain_0_1809_2776.nii 139638026721088
task_duration 1572392274.0901327 1572392277.3073204 1572392213-tmpfsAD_1it_96cpus_40bb-2 139638026721088
read_file 1572392274.0798397 1572392274.093423 bigbrain_0_0_0.nii 140218208929600
increment_file 1572392274.093613 1572392275.536033 bigbrain_0_0_0.nii 140218208929600
write_file 1572392275.5411448 1572392277.3727357 inc-bigbrain_0_0_0.nii 140218208929600
task_duration 1572392274.0778759 1572392277.4142082 1572392213-tmpfsAD_1it_96cpus_40bb-2 140218208929600
read_file 1572392274.0905085 1572392274.0923786 bigbrain_1538_0_694.nii 140490344875840
increment_file 1572392274.0925264 1572392275.9289334 bigbrain_1538_0_694.nii 140490344875840
write_file 1572392275.9338114 1572392277.8819754 inc-bigbrain_1538_0_694.nii 140490344875840
task_duration 1572392274.0889194 1572392277.9164119 1572392213-tmpfsAD_1it_96cpus_40bb-2 140490344875840
read_file 1572392274.0894387 1572392274.091154 bigbrain_1538_1809_1388.nii 139683539322688
increment_file 1572392274.0912948 1572392275.5744674 bigbrain_1538_1809_1388.nii 139683539322688
write_file 1572392275.5777137 1572392277.4012089 inc-bigbrain_1538_1809_1388.nii 139683539322688
task_duration 1572392274.0879016 1572392277.4301665 1572392213-tmpfsAD_1it_96cpus_40bb-2 139683539322688
read_file 1572392274.0673282 1572392274.0690942 bigbrain_0_603_2776.nii 139814654019392
increment_file 1572392274.0692432 1572392275.2973735 bigbrain_0_603_2776.nii 139814654019392
write_file 1572392275.300825 1572392277.1070364 inc-bigbrain_0_603_2776.nii 139814654019392
task_duration 1572392274.065778 1572392277.146138 1572392213-tmpfsAD_1it_96cpus_40bb-2 139814654019392
read_file 1572392274.0516891 1572392274.0533326 bigbrain_1538_0_1388.nii 140504986797888
increment_file 1572392274.0534508 1572392275.4930637 bigbrain_1538_0_1388.nii 140504986797888
write_file 1572392275.4959815 1572392277.3065586 inc-bigbrain_1538_0_1388.nii 140504986797888
task_duration 1572392274.0501308 1572392277.3419576 1572392213-tmpfsAD_1it_96cpus_40bb-2 140504986797888
read_file 1572392274.051466 1572392274.0532343 bigbrain_1538_1206_1388.nii 140054068045632
increment_file 1572392274.053386 1572392275.5935595 bigbrain_1538_1206_1388.nii 140054068045632
write_file 1572392275.596719 1572392277.4076145 inc-bigbrain_1538_1206_1388.nii 140054068045632
task_duration 1572392274.0498645 1572392277.5103226 1572392213-tmpfsAD_1it_96cpus_40bb-2 140054068045632
read_file 1572392274.0428462 1572392274.0446365 bigbrain_0_1809_2082.nii 139943837800256
increment_file 1572392274.0447795 1572392275.7417505 bigbrain_0_1809_2082.nii 139943837800256
write_file 1572392275.747776 1572392277.5958273 inc-bigbrain_0_1809_2082.nii 139943837800256
task_duration 1572392274.0411038 1572392277.6395195 1572392213-tmpfsAD_1it_96cpus_40bb-2 139943837800256
read_file 1572392274.0392437 1572392274.0410185 bigbrain_0_2412_1388.nii 140113148852032
increment_file 1572392274.0411725 1572392275.9656513 bigbrain_0_2412_1388.nii 140113148852032
write_file 1572392275.9770522 1572392277.931027 inc-bigbrain_0_2412_1388.nii 140113148852032
task_duration 1572392274.0375826 1572392277.9557996 1572392213-tmpfsAD_1it_96cpus_40bb-2 140113148852032
read_file 1572392274.038882 1572392274.0409439 bigbrain_0_1809_694.nii 140177909925696
increment_file 1572392274.0634766 1572392275.8915343 bigbrain_0_1809_694.nii 140177909925696
write_file 1572392275.8961732 1572392277.8269346 inc-bigbrain_0_1809_694.nii 140177909925696
task_duration 1572392274.0369127 1572392277.874926 1572392213-tmpfsAD_1it_96cpus_40bb-2 140177909925696
read_file 1572392274.0203614 1572392274.0355175 bigbrain_1538_1206_2082.nii 140028466325312
increment_file 1572392274.0356643 1572392275.9914436 bigbrain_1538_1206_2082.nii 140028466325312
write_file 1572392275.9956596 1572392277.9198422 inc-bigbrain_1538_1206_2082.nii 140028466325312
task_duration 1572392274.018175 1572392277.9436672 1572392213-tmpfsAD_1it_96cpus_40bb-2 140028466325312
read_file 1572392274.0331194 1572392274.034803 bigbrain_0_2412_2082.nii 139629918189376
increment_file 1572392274.0349405 1572392275.5183187 bigbrain_0_2412_2082.nii 139629918189376
write_file 1572392275.5234158 1572392277.365289 inc-bigbrain_0_2412_2082.nii 139629918189376
task_duration 1572392274.0315747 1572392277.396413 1572392213-tmpfsAD_1it_96cpus_40bb-2 139629918189376
read_file 1572392274.0274198 1572392274.0292797 bigbrain_1538_1206_2776.nii 140051531392832
increment_file 1572392274.0294201 1572392275.8776217 bigbrain_1538_1206_2776.nii 140051531392832
write_file 1572392275.8819387 1572392277.8622966 inc-bigbrain_1538_1206_2776.nii 140051531392832
task_duration 1572392274.0112584 1572392277.9055407 1572392213-tmpfsAD_1it_96cpus_40bb-2 140051531392832
read_file 1572392274.0203786 1572392274.0222356 bigbrain_1538_1206_694.nii 140170598176576
increment_file 1572392274.0223873 1572392275.5362422 bigbrain_1538_1206_694.nii 140170598176576
write_file 1572392275.5474646 1572392277.3625941 inc-bigbrain_1538_1206_694.nii 140170598176576
task_duration 1572392274.0186265 1572392277.3878856 1572392213-tmpfsAD_1it_96cpus_40bb-2 140170598176576
read_file 1572392274.0203924 1572392274.0220435 bigbrain_0_603_2082.nii 139833349023552
increment_file 1572392274.022173 1572392275.4163857 bigbrain_0_603_2082.nii 139833349023552
write_file 1572392275.4194665 1572392277.2056074 inc-bigbrain_0_603_2082.nii 139833349023552
task_duration 1572392274.018626 1572392277.244457 1572392213-tmpfsAD_1it_96cpus_40bb-2 139833349023552
read_file 1572392274.019469 1572392274.0212162 bigbrain_1538_1809_2776.nii 140706552657728
increment_file 1572392274.0213437 1572392275.758071 bigbrain_1538_1809_2776.nii 140706552657728
write_file 1572392275.7634404 1572392277.7163181 inc-bigbrain_1538_1809_2776.nii 140706552657728
task_duration 1572392274.0179508 1572392277.7977026 1572392213-tmpfsAD_1it_96cpus_40bb-2 140706552657728
read_file 1572392274.0186868 1572392274.020958 bigbrain_0_2412_0.nii 139876653778752
increment_file 1572392274.0211236 1572392275.8988004 bigbrain_0_2412_0.nii 139876653778752
write_file 1572392275.9047058 1572392277.8556745 inc-bigbrain_0_2412_0.nii 139876653778752
task_duration 1572392274.0166984 1572392277.8868005 1572392213-tmpfsAD_1it_96cpus_40bb-2 139876653778752
read_file 1572392274.0103981 1572392274.0119898 bigbrain_1538_1809_0.nii 139880380331840
increment_file 1572392274.0121186 1572392275.4627979 bigbrain_1538_1809_0.nii 139880380331840
write_file 1572392275.4648125 1572392277.285109 inc-bigbrain_1538_1809_0.nii 139880380331840
task_duration 1572392274.0089197 1572392277.3209743 1572392213-tmpfsAD_1it_96cpus_40bb-2 139880380331840
read_file 1572392274.0044584 1572392274.00636 bigbrain_0_2412_2776.nii 139902692427584
increment_file 1572392274.0065055 1572392275.871625 bigbrain_0_2412_2776.nii 139902692427584
write_file 1572392275.8778746 1572392277.868482 inc-bigbrain_0_2412_2776.nii 139902692427584
task_duration 1572392274.0028265 1572392277.903769 1572392213-tmpfsAD_1it_96cpus_40bb-2 139902692427584
read_file 1572392273.9800777 1572392274.0046952 bigbrain_0_1809_1388.nii 140194796230464
increment_file 1572392274.00486 1572392275.7087693 bigbrain_0_1809_1388.nii 140194796230464
write_file 1572392275.7276938 1572392277.6972277 inc-bigbrain_0_1809_1388.nii 140194796230464
task_duration 1572392273.9781983 1572392277.7182643 1572392213-tmpfsAD_1it_96cpus_40bb-2 140194796230464
read_file 1572392273.9995172 1572392274.003945 bigbrain_0_0_2082.nii 140105947998016
increment_file 1572392274.0040948 1572392275.8518887 bigbrain_0_0_2082.nii 140105947998016
write_file 1572392275.855826 1572392277.8324816 inc-bigbrain_0_0_2082.nii 140105947998016
task_duration 1572392273.9978335 1572392277.8601394 1572392213-tmpfsAD_1it_96cpus_40bb-2 140105947998016
read_file 1572392274.0007625 1572392274.002468 bigbrain_0_1206_2082.nii 140169565439808
increment_file 1572392274.0026214 1572392275.4500039 bigbrain_0_1206_2082.nii 140169565439808
write_file 1572392275.4546163 1572392277.3235183 inc-bigbrain_0_1206_2082.nii 140169565439808
task_duration 1572392273.9991677 1572392277.3592012 1572392213-tmpfsAD_1it_96cpus_40bb-2 140169565439808
read_file 1572392273.9885619 1572392273.9910462 bigbrain_1538_0_2776.nii 140055677040448
increment_file 1572392273.9912126 1572392275.9766428 bigbrain_1538_0_2776.nii 140055677040448
write_file 1572392275.9960856 1572392278.0369494 inc-bigbrain_1538_0_2776.nii 140055677040448
task_duration 1572392273.9864318 1572392278.0618162 1572392213-tmpfsAD_1it_96cpus_40bb-2 140055677040448
read_file 1572392273.9882278 1572392273.9899385 bigbrain_0_0_694.nii 140334905018176
increment_file 1572392273.990078 1572392275.714514 bigbrain_0_0_694.nii 140334905018176
write_file 1572392275.7258804 1572392277.6630394 inc-bigbrain_0_0_694.nii 140334905018176
task_duration 1572392273.9865992 1572392277.6960533 1572392213-tmpfsAD_1it_96cpus_40bb-2 140334905018176
read_file 1572392273.9874015 1572392273.9892218 bigbrain_0_0_1388.nii 139646577280832
increment_file 1572392273.9893591 1572392275.3767555 bigbrain_0_0_1388.nii 139646577280832
write_file 1572392275.3842378 1572392277.4147182 inc-bigbrain_0_0_1388.nii 139646577280832
task_duration 1572392273.9857295 1572392277.4598455 1572392213-tmpfsAD_1it_96cpus_40bb-2 139646577280832
read_file 1572392273.9855547 1572392273.9874203 bigbrain_0_1206_0.nii 140647529178944
increment_file 1572392273.9875612 1572392275.4364579 bigbrain_0_1206_0.nii 140647529178944
write_file 1572392275.4404771 1572392277.4128838 inc-bigbrain_0_1206_0.nii 140647529178944
task_duration 1572392273.981137 1572392277.4403868 1572392213-tmpfsAD_1it_96cpus_40bb-2 140647529178944
read_file 1572392273.9822972 1572392273.983986 bigbrain_0_603_694.nii 139968365410112
increment_file 1572392273.9841087 1572392275.7031431 bigbrain_0_603_694.nii 139968365410112
write_file 1572392275.707924 1572392277.7102864 inc-bigbrain_0_603_694.nii 139968365410112
task_duration 1572392273.9807665 1572392277.7844062 1572392213-tmpfsAD_1it_96cpus_40bb-2 139968365410112
read_file 1572392273.9821618 1572392273.9836864 bigbrain_0_603_1388.nii 139971346241344
increment_file 1572392273.9838126 1572392275.4815173 bigbrain_0_603_1388.nii 139971346241344
write_file 1572392275.4848983 1572392277.3459454 inc-bigbrain_0_603_1388.nii 139971346241344
task_duration 1572392273.9806836 1572392277.3771622 1572392213-tmpfsAD_1it_96cpus_40bb-2 139971346241344
read_file 1572392273.9802597 1572392273.9822035 bigbrain_1538_0_2082.nii 139902110152512
increment_file 1572392273.9823358 1572392275.3943176 bigbrain_1538_0_2082.nii 139902110152512
write_file 1572392275.4013815 1572392277.4880095 inc-bigbrain_1538_0_2082.nii 139902110152512
task_duration 1572392273.9784286 1572392277.5288317 1572392213-tmpfsAD_1it_96cpus_40bb-2 139902110152512
read_file 1572392273.9799392 1572392273.9816568 bigbrain_0_1206_2776.nii 139719914911552
increment_file 1572392273.9817777 1572392275.4607482 bigbrain_0_1206_2776.nii 139719914911552
write_file 1572392275.4651365 1572392277.4464316 inc-bigbrain_0_1206_2776.nii 139719914911552
task_duration 1572392273.9783623 1572392277.4875808 1572392213-tmpfsAD_1it_96cpus_40bb-2 139719914911552
read_file 1572392273.978923 1572392273.9807107 bigbrain_1538_0_0.nii 139691945514816
increment_file 1572392273.9808464 1572392275.6143522 bigbrain_1538_0_0.nii 139691945514816
write_file 1572392275.6207726 1572392277.6189513 inc-bigbrain_1538_0_0.nii 139691945514816
task_duration 1572392273.977143 1572392277.6524162 1572392213-tmpfsAD_1it_96cpus_40bb-2 139691945514816
read_file 1572392273.9784393 1572392273.9802206 bigbrain_0_1206_694.nii 140517499729728
increment_file 1572392273.9803681 1572392275.4415321 bigbrain_0_1206_694.nii 140517499729728
write_file 1572392275.4463897 1572392277.3070269 inc-bigbrain_0_1206_694.nii 140517499729728
task_duration 1572392273.9768143 1572392277.341991 1572392213-tmpfsAD_1it_96cpus_40bb-2 140517499729728
read_file 1572392273.978435 1572392273.98011 bigbrain_0_603_0.nii 139821370050368
increment_file 1572392273.980247 1572392275.8972073 bigbrain_0_603_0.nii 139821370050368
write_file 1572392275.9110637 1572392277.8231585 inc-bigbrain_0_603_0.nii 139821370050368
task_duration 1572392273.9768853 1572392277.8489625 1572392213-tmpfsAD_1it_96cpus_40bb-2 139821370050368
read_file 1572392273.9762511 1572392273.9778695 bigbrain_1538_1206_0.nii 139753790834496
increment_file 1572392273.978002 1572392275.4347172 bigbrain_1538_1206_0.nii 139753790834496
write_file 1572392275.4384594 1572392277.2688088 inc-bigbrain_1538_1206_0.nii 139753790834496
task_duration 1572392273.974736 1572392277.3073752 1572392213-tmpfsAD_1it_96cpus_40bb-2 139753790834496
