read_file 1572383968.263967 1572383970.4515965 bigbrain_2307_603_2082.nii 140686133720896
increment_file 1572384320.061495 1572384379.7496676 bigbrain_2307_603_2082.nii 140686133720896
write_file 1572384494.7830844 1572385016.9060128 inc-bigbrain_2307_603_2082.nii 140686133720896
task_duration 1572383968.1757495 1572385017.1021543 1572383959-isilonAD_1it_96cpus_40bb-1 140686133720896
read_file 1572383968.2070975 1572383969.6381476 bigbrain_2307_2412_0.nii 139758105630528
increment_file 1572384267.606614 1572384315.1441815 bigbrain_2307_2412_0.nii 139758105630528
write_file 1572384494.7770925 1572385016.914558 inc-bigbrain_2307_2412_0.nii 139758105630528
task_duration 1572383968.127698 1572385017.1211023 1572383959-isilonAD_1it_96cpus_40bb-1 139758105630528
read_file 1572383968.1325014 1572383969.6285741 bigbrain_1538_2412_694.nii 139854803007296
increment_file 1572384197.449061 1572384257.7557013 bigbrain_1538_2412_694.nii 139854803007296
write_file 1572384493.7234793 1572385016.9060326 inc-bigbrain_1538_2412_694.nii 139854803007296
task_duration 1572383968.0581145 1572385017.0973356 1572383959-isilonAD_1it_96cpus_40bb-1 139854803007296
read_file 1572383968.208456 1572383969.6415844 bigbrain_2307_1809_1388.nii 140377656723264
increment_file 1572384285.7057257 1572384336.6997552 bigbrain_2307_1809_1388.nii 140377656723264
write_file 1572384494.7786427 1572385016.8760645 inc-bigbrain_2307_1809_1388.nii 140377656723264
task_duration 1572383968.1398284 1572385017.0729787 1572383959-isilonAD_1it_96cpus_40bb-1 140377656723264
read_file 1572383968.2077608 1572383969.639398 bigbrain_2307_2412_1388.nii 140010557990720
increment_file 1572384277.8472059 1572384327.1287978 bigbrain_2307_2412_1388.nii 140010557990720
write_file 1572384494.77701 1572385016.873701 inc-bigbrain_2307_2412_1388.nii 140010557990720
task_duration 1572383968.1350253 1572385017.0304658 1572383959-isilonAD_1it_96cpus_40bb-1 140010557990720
read_file 1572383968.2067587 1572383969.6373987 bigbrain_2307_1206_0.nii 139739741984576
increment_file 1572384258.5569937 1572384305.9448373 bigbrain_2307_1206_0.nii 139739741984576
write_file 1572384494.7757697 1572385016.903406 inc-bigbrain_2307_1206_0.nii 139739741984576
task_duration 1572383968.105936 1572385017.1022408 1572383959-isilonAD_1it_96cpus_40bb-1 139739741984576
read_file 1572383968.265324 1572383970.9867475 bigbrain_3076_1206_1388.nii 139953383081792
increment_file 1572384339.6432939 1572384401.5822332 bigbrain_3076_1206_1388.nii 139953383081792
write_file 1572384494.784968 1572385016.908399 inc-bigbrain_3076_1206_1388.nii 139953383081792
task_duration 1572383968.1822772 1572385017.1097677 1572383959-isilonAD_1it_96cpus_40bb-1 139953383081792
read_file 1572383968.1341145 1572383969.6321745 bigbrain_2307_1206_2082.nii 140171660089152
increment_file 1572384224.7376976 1572384279.4306228 bigbrain_2307_1206_2082.nii 140171660089152
write_file 1572384293.415735 1572384494.7783298 inc-bigbrain_2307_1206_2082.nii 140171660089152
task_duration 1572383968.0809233 1572384494.982469 1572383959-isilonAD_1it_96cpus_40bb-1 140171660089152
read_file 1572383967.9634333 1572383969.6091597 bigbrain_0_1206_0.nii 140455940343616
increment_file 1572384071.9155354 1572384133.7789316 bigbrain_0_1206_0.nii 140455940343616
write_file 1572384490.4742641 1572384948.2631102 inc-bigbrain_0_1206_0.nii 140455940343616
task_duration 1572383967.8704984 1572385016.943341 1572383959-isilonAD_1it_96cpus_40bb-1 140455940343616
read_file 1572383968.0785606 1572383969.6257443 bigbrain_1538_2412_1388.nii 140148526667584
increment_file 1572384175.6253388 1572384237.5288043 bigbrain_1538_2412_1388.nii 140148526667584
write_file 1572384493.1493876 1572385009.893928 inc-bigbrain_1538_2412_1388.nii 140148526667584
task_duration 1572383968.0450265 1572385016.9790516 1572383959-isilonAD_1it_96cpus_40bb-1 140148526667584
read_file 1572383968.4369864 1572383972.057225 bigbrain_3076_1206_0.nii 140347508885312
increment_file 1572384382.9603972 1572384440.1641197 bigbrain_3076_1206_0.nii 140347508885312
write_file 1572384494.7985728 1572385016.8871205 inc-bigbrain_3076_1206_0.nii 140347508885312
task_duration 1572383968.3893166 1572385017.0810668 1572383959-isilonAD_1it_96cpus_40bb-1 140347508885312
read_file 1572383967.7751093 1572383969.5337553 bigbrain_0_603_694.nii 139983629928256
increment_file 1572383969.6437871 1572383977.1412692 bigbrain_0_603_694.nii 139983629928256
write_file 1572384417.8204455 1572385016.8984706 inc-bigbrain_0_603_694.nii 139983629928256
task_duration 1572383967.7689426 1572385017.0936434 1572383959-isilonAD_1it_96cpus_40bb-1 139983629928256
read_file 1572383968.1337523 1572383969.6314268 bigbrain_1538_603_2776.nii 139724967827264
increment_file 1572384219.2765703 1572384275.5762165 bigbrain_1538_603_2776.nii 139724967827264
write_file 1572384494.325456 1572384995.0485544 inc-bigbrain_1538_603_2776.nii 139724967827264
task_duration 1572383968.0738652 1572385016.9453268 1572383959-isilonAD_1it_96cpus_40bb-1 139724967827264
read_file 1572385019.7159367 1572385025.4888527 bigbrain_769_1809_0.nii 140069438740288
increment_file 1572385093.629915 1572385154.4812825 bigbrain_769_1809_0.nii 140069438740288
write_file 1572385172.195481 1572385320.663403 inc-bigbrain_769_1809_0.nii 140069438740288
task_duration 1572385017.7672985 1572385320.7159534 1572383959-isilonAD_1it_96cpus_40bb-1 140069438740288
read_file 1572383968.0191207 1572383969.6155074 bigbrain_1538_1809_2082.nii 140071059433280
increment_file 1572384110.113927 1572384171.996034 bigbrain_1538_1809_2082.nii 140071059433280
write_file 1572384491.441997 1572385016.8867996 inc-bigbrain_1538_1809_2082.nii 140071059433280
task_duration 1572383967.8927777 1572385017.078934 1572383959-isilonAD_1it_96cpus_40bb-1 140071059433280
read_file 1572383968.2635882 1572383970.3176374 bigbrain_3076_0_694.nii 139970245908288
increment_file 1572384315.1425374 1572384374.2914987 bigbrain_3076_0_694.nii 139970245908288
write_file 1572384494.782019 1572385016.905249 inc-bigbrain_3076_0_694.nii 139970245908288
task_duration 1572383968.1721966 1572385017.1124656 1572383959-isilonAD_1it_96cpus_40bb-1 139970245908288
read_file 1572383968.2660866 1572383971.2546086 bigbrain_3076_0_1388.nii 139872967497536
increment_file 1572384350.1938286 1572384412.4962418 bigbrain_3076_0_1388.nii 139872967497536
write_file 1572384494.7862275 1572385016.912475 inc-bigbrain_3076_0_1388.nii 139872967497536
task_duration 1572383968.1861193 1572385017.1174695 1572383959-isilonAD_1it_96cpus_40bb-1 139872967497536
read_file 1572383970.3166687 1572383989.556436 bigbrain_3076_2412_1388.nii 140618203993920
increment_file 1572384442.5720725 1572384484.0431015 bigbrain_3076_2412_1388.nii 140618203993920
write_file 1572384494.8142133 1572385016.8977046 inc-bigbrain_3076_2412_1388.nii 140618203993920
task_duration 1572383969.8444061 1572385017.0816233 1572383959-isilonAD_1it_96cpus_40bb-1 140618203993920
read_file 1572383968.6331766 1572383972.4762242 bigbrain_3076_1206_2082.nii 140380836448064
increment_file 1572384393.877831 1572384449.2083278 bigbrain_3076_1206_2082.nii 140380836448064
write_file 1572384494.7994728 1572385016.907374 inc-bigbrain_3076_1206_2082.nii 140380836448064
task_duration 1572383968.6128151 1572385017.097613 1572383959-isilonAD_1it_96cpus_40bb-1 140380836448064
read_file 1572383968.8938656 1572383972.610101 bigbrain_3076_1206_2776.nii 140320299849536
increment_file 1572384399.3343751 1572384453.3404207 bigbrain_3076_1206_2776.nii 140320299849536
write_file 1572384494.810606 1572385016.9170144 inc-bigbrain_3076_1206_2776.nii 140320299849536
task_duration 1572383968.8709068 1572385017.1177025 1572383959-isilonAD_1it_96cpus_40bb-1 140320299849536
read_file 1572385020.6261857 1572385027.762782 bigbrain_3076_603_694.nii 139989564213056
increment_file 1572385126.367138 1572385170.890117 bigbrain_3076_603_694.nii 139989564213056
write_file 1572385172.2049193 1572385320.6517527 inc-bigbrain_3076_603_694.nii 139989564213056
task_duration 1572385017.7925782 1572385320.7063324 1572383959-isilonAD_1it_96cpus_40bb-1 139989564213056
read_file 1572383970.182923 1572383988.8873906 bigbrain_3076_1809_2776.nii 140564073264960
increment_file 1572384438.1826925 1572384482.0666394 bigbrain_3076_1809_2776.nii 140564073264960
write_file 1572384494.8139608 1572385016.9188719 inc-bigbrain_3076_1809_2776.nii 140564073264960
task_duration 1572383969.7767756 1572385017.1060138 1572383959-isilonAD_1it_96cpus_40bb-1 140564073264960
read_file 1572385017.7354388 1572385024.2275498 bigbrain_769_2412_2776.nii 140525189596992
increment_file 1572385030.83802 1572385069.6442187 bigbrain_769_2412_2776.nii 140525189596992
write_file 1572385172.176336 1572385317.3925157 inc-bigbrain_769_2412_2776.nii 140525189596992
task_duration 1572385017.7312472 1572385320.6906526 1572383959-isilonAD_1it_96cpus_40bb-1 140525189596992
read_file 1572385019.09705 1572385024.8196867 bigbrain_769_1809_694.nii 140013543851840
increment_file 1572385072.985963 1572385133.6680028 bigbrain_769_1809_694.nii 140013543851840
write_file 1572385172.192672 1572385320.654283 inc-bigbrain_769_1809_694.nii 140013543851840
task_duration 1572385017.7571442 1572385320.7084396 1572383959-isilonAD_1it_96cpus_40bb-1 140013543851840
read_file 1572385017.7361572 1572385024.257041 bigbrain_3076_603_2082.nii 140479314896704
increment_file 1572385035.786192 1572385080.5981057 bigbrain_3076_603_2082.nii 140479314896704
write_file 1572385172.1820986 1572385316.0943565 inc-bigbrain_3076_603_2082.nii 140479314896704
task_duration 1572385017.7346692 1572385320.6925125 1572383959-isilonAD_1it_96cpus_40bb-1 140479314896704
read_file 1572383969.6214528 1572383985.9431655 bigbrain_3076_1809_694.nii 140042196604736
increment_file 1572384425.0150378 1572384473.4528034 bigbrain_3076_1809_694.nii 140042196604736
write_file 1572384494.811715 1572385016.9159322 inc-bigbrain_3076_1809_694.nii 140042196604736
task_duration 1572383969.6199663 1572385017.1101587 1572383959-isilonAD_1it_96cpus_40bb-1 140042196604736
read_file 1572383967.9812782 1572383969.6099432 bigbrain_0_603_1388.nii 139693087254336
increment_file 1572384077.3700728 1572384139.2392244 bigbrain_0_603_1388.nii 139693087254336
write_file 1572384490.6097343 1572385016.90419 inc-bigbrain_0_603_1388.nii 139693087254336
task_duration 1572383967.8727093 1572385017.0989304 1572383959-isilonAD_1it_96cpus_40bb-1 139693087254336
read_file 1572383968.1328213 1572383969.6294677 bigbrain_2307_0_2082.nii 140449187755840
increment_file 1572384202.9070287 1572384262.689528 bigbrain_2307_0_2082.nii 140449187755840
write_file 1572384493.8819714 1572385016.8755713 inc-bigbrain_2307_0_2082.nii 140449187755840
task_duration 1572383968.0623736 1572385017.0711455 1572383959-isilonAD_1it_96cpus_40bb-1 140449187755840
read_file 1572385019.2496262 1572385025.0873134 bigbrain_769_0_2082.nii 139807175313216
increment_file 1572385077.9059834 1572385139.580487 bigbrain_769_0_2082.nii 139807175313216
write_file 1572385172.1936088 1572385320.655699 inc-bigbrain_769_0_2082.nii 139807175313216
task_duration 1572385017.7569945 1572385320.7116408 1572383959-isilonAD_1it_96cpus_40bb-1 139807175313216
read_file 1572383967.8306427 1572383969.5421708 bigbrain_0_1206_2082.nii 140459697690432
increment_file 1572383973.144371 1572383985.0074558 bigbrain_0_1206_2082.nii 140459697690432
write_file 1572384422.744229 1572384912.7281923 inc-bigbrain_0_1206_2082.nii 140459697690432
task_duration 1572383967.7738929 1572385016.9423318 1572383959-isilonAD_1it_96cpus_40bb-1 140459697690432
read_file 1572385018.6826057 1572385024.282803 bigbrain_769_2412_2082.nii 140400162518848
increment_file 1572385058.199706 1572385117.2885258 bigbrain_769_2412_2082.nii 140400162518848
write_file 1572385172.1871269 1572385320.6583962 inc-bigbrain_769_2412_2082.nii 140400162518848
task_duration 1572385017.754913 1572385320.714868 1572383959-isilonAD_1it_96cpus_40bb-1 140400162518848
read_file 1572383968.0428262 1572383969.625143 bigbrain_1538_2412_2776.nii 140531963004736
increment_file 1572384170.1482081 1572384232.0660543 bigbrain_1538_2412_2776.nii 140531963004736
write_file 1572384492.995289 1572385016.8774307 inc-bigbrain_1538_2412_2776.nii 140531963004736
task_duration 1572383968.0269506 1572385017.0748816 1572383959-isilonAD_1it_96cpus_40bb-1 140531963004736
read_file 1572385018.9600341 1572385024.6861813 bigbrain_3076_603_2776.nii 140292135606080
increment_file 1572385068.0662355 1572385128.2129052 bigbrain_3076_603_2776.nii 140292135606080
write_file 1572385172.189663 1572385320.664013 inc-bigbrain_3076_603_2776.nii 140292135606080
task_duration 1572385017.756238 1572385320.7192507 1572383959-isilonAD_1it_96cpus_40bb-1 140292135606080
read_file 1572383968.0173392 1572383969.611367 bigbrain_0_0_2082.nii 140282274613056
increment_file 1572384088.2880409 1572384150.1465032 bigbrain_0_0_2082.nii 140282274613056
write_file 1572384490.8988774 1572385016.9122214 inc-bigbrain_0_0_2082.nii 140282274613056
task_duration 1572383967.8765771 1572385017.1217937 1572383959-isilonAD_1it_96cpus_40bb-1 140282274613056
read_file 1572383968.020902 1572383969.618439 bigbrain_1538_2412_0.nii 140147437557568
increment_file 1572384131.9344633 1572384193.8359702 bigbrain_1538_2412_0.nii 140147437557568
write_file 1572384492.1425555 1572385016.3600655 inc-bigbrain_1538_2412_0.nii 140147437557568
task_duration 1572383967.916802 1572385017.0263975 1572383959-isilonAD_1it_96cpus_40bb-1 140147437557568
read_file 1572383968.0220623 1572383969.6224885 bigbrain_1538_1809_0.nii 139810551408448
increment_file 1572384159.218531 1572384221.125746 bigbrain_1538_1809_0.nii 139810551408448
write_file 1572384492.7130842 1572385016.9060812 inc-bigbrain_1538_1809_0.nii 139810551408448
task_duration 1572383968.0094912 1572385017.0915048 1572383959-isilonAD_1it_96cpus_40bb-1 139810551408448
read_file 1572383968.0179152 1572383969.612186 bigbrain_0_0_1388.nii 140157734803264
increment_file 1572384093.7459676 1572384155.6062427 bigbrain_0_0_1388.nii 140157734803264
write_file 1572384491.0352197 1572385013.5939233 inc-bigbrain_0_0_1388.nii 140157734803264
task_duration 1572383967.8243868 1572385017.0228312 1572383959-isilonAD_1it_96cpus_40bb-1 140157734803264
read_file 1572383968.0184934 1572383969.6127155 bigbrain_1538_1206_0.nii 140696708986688
increment_file 1572384099.205047 1572384161.0765252 bigbrain_1538_1206_0.nii 140696708986688
write_file 1572384491.1515849 1572385016.8685555 inc-bigbrain_1538_1206_0.nii 140696708986688
task_duration 1572383967.8814907 1572385017.0287673 1572383959-isilonAD_1it_96cpus_40bb-1 140696708986688
read_file 1572383968.1444354 1572383969.6344478 bigbrain_2307_1206_2776.nii 140611222660928
increment_file 1572384243.7896636 1572384293.415668 bigbrain_2307_1206_2776.nii 140611222660928
write_file 1572384494.5322287 1572385016.9177275 inc-bigbrain_2307_1206_2776.nii 140611222660928
task_duration 1572383968.095483 1572385017.1046958 1572383959-isilonAD_1it_96cpus_40bb-1 140611222660928
read_file 1572385017.7347894 1572385023.5097134 bigbrain_769_1809_2776.nii 140391158105920
increment_file 1572385026.023073 1572385048.3008351 bigbrain_769_1809_2776.nii 140391158105920
write_file 1572385172.1750395 1572385316.413116 inc-bigbrain_769_1809_2776.nii 140391158105920
task_duration 1572385017.722801 1572385320.6905541 1572383959-isilonAD_1it_96cpus_40bb-1 140391158105920
read_file 1572383968.912182 1572383972.8778067 bigbrain_3076_1809_1388.nii 140235488417600
increment_file 1572384415.4379847 1572384465.594112 bigbrain_3076_1809_1388.nii 140235488417600
write_file 1572384494.813005 1572385016.915306 inc-bigbrain_3076_1809_1388.nii 140235488417600
task_duration 1572383968.8859887 1572385017.107357 1572383959-isilonAD_1it_96cpus_40bb-1 140235488417600
read_file 1572383968.0187943 1572383969.6135244 bigbrain_0_1206_1388.nii 140194280621888
increment_file 1572384104.6603525 1572384166.536373 bigbrain_0_1206_1388.nii 140194280621888
write_file 1572384491.2988322 1572385016.8767257 inc-bigbrain_0_1206_1388.nii 140194280621888
task_duration 1572383967.885975 1572385017.0725453 1572383959-isilonAD_1it_96cpus_40bb-1 140194280621888
read_file 1572383968.61546 1572383972.3245249 bigbrain_3076_1206_694.nii 140252109793088
increment_file 1572384388.419122 1572384444.8214993 bigbrain_3076_1206_694.nii 140252109793088
write_file 1572384494.7987108 1572385016.9169457 inc-bigbrain_3076_1206_694.nii 140252109793088
task_duration 1572383968.5945039 1572385017.1219978 1572383959-isilonAD_1it_96cpus_40bb-1 140252109793088
read_file 1572385018.3372805 1572385024.280442 bigbrain_769_2412_0.nii 139746190497600
increment_file 1572385050.1716213 1572385106.383073 bigbrain_769_2412_0.nii 139746190497600
write_file 1572385172.184819 1572385318.6839106 inc-bigbrain_769_2412_0.nii 139746190497600
task_duration 1572385017.7479997 1572385320.696078 1572383959-isilonAD_1it_96cpus_40bb-1 139746190497600
read_file 1572385018.5079913 1572385024.2813528 bigbrain_769_1206_0.nii 140352175015744
increment_file 1572385053.920454 1572385111.8363547 bigbrain_769_1206_0.nii 140352175015744
write_file 1572385172.186643 1572385319.3258505 inc-bigbrain_769_1206_0.nii 140352175015744
task_duration 1572385017.7487457 1572385320.6966777 1572383959-isilonAD_1it_96cpus_40bb-1 140352175015744
read_file 1572384496.6175737 1572384496.653271 bigbrain_3076_603_1388.nii 140356792284992
increment_file 1572384496.6587284 1572384955.5385299 bigbrain_3076_603_1388.nii 140356792284992
write_file 1572385016.8736007 1572385024.2594008 inc-bigbrain_3076_603_1388.nii 140356792284992
task_duration 1572384496.6127708 1572385040.5762527 1572383959-isilonAD_1it_96cpus_40bb-1 140356792284992
read_file 1572385020.3613355 1572385026.9603696 bigbrain_769_2412_694.nii 140509952055104
increment_file 1572385115.4438913 1572385167.4708564 bigbrain_769_2412_694.nii 140509952055104
write_file 1572385172.1979635 1572385320.659836 inc-bigbrain_769_2412_694.nii 140509952055104
task_duration 1572385017.788563 1572385320.7133014 1572383959-isilonAD_1it_96cpus_40bb-1 140509952055104
read_file 1572383968.2656858 1572383971.1208131 bigbrain_2307_2412_694.nii 139930195392320
increment_file 1572384344.835327 1572384407.0376112 bigbrain_2307_2412_694.nii 139930195392320
write_file 1572384494.7855444 1572385016.9184208 inc-bigbrain_2307_2412_694.nii 139930195392320
task_duration 1572383968.1828032 1572385017.1225092 1572383959-isilonAD_1it_96cpus_40bb-1 139930195392320
read_file 1572383967.94557 1572383969.608518 bigbrain_0_603_0.nii 140671266027328
increment_file 1572384066.4616761 1572384128.3256438 bigbrain_0_603_0.nii 140671266027328
write_file 1572384490.3319342 1572385016.9152024 inc-bigbrain_0_603_0.nii 140671266027328
task_duration 1572383967.8685777 1572385017.1049771 1572383959-isilonAD_1it_96cpus_40bb-1 140671266027328
read_file 1572383968.0343165 1572383969.6241803 bigbrain_1538_1809_694.nii 139869108766528
increment_file 1572384164.689882 1572384226.583826 bigbrain_1538_1809_694.nii 139869108766528
write_file 1572384492.8593154 1572385016.8926582 inc-bigbrain_1538_1809_694.nii 139869108766528
task_duration 1572383968.0230489 1572385017.089709 1572383959-isilonAD_1it_96cpus_40bb-1 139869108766528
read_file 1572385018.825226 1572385024.2936566 bigbrain_769_0_2776.nii 140287932319552
increment_file 1572385063.0136254 1572385122.7575831 bigbrain_769_0_2776.nii 140287932319552
write_file 1572385172.189052 1572385320.6593108 inc-bigbrain_769_0_2776.nii 140287932319552
task_duration 1572385017.755628 1572385320.713758 1572383959-isilonAD_1it_96cpus_40bb-1 140287932319552
read_file 1572385020.4777613 1572385027.3616893 bigbrain_769_603_2776.nii 139669549791040
increment_file 1572385120.8964772 1572385169.4478576 bigbrain_769_603_2776.nii 139669549791040
write_file 1572385172.1988058 1572385320.6628995 inc-bigbrain_769_603_2776.nii 139669549791040
task_duration 1572385017.7886608 1572385320.7079623 1572383959-isilonAD_1it_96cpus_40bb-1 139669549791040
read_file 1572383970.7181125 1572383991.1331093 bigbrain_3076_2412_2082.nii 139690845296448
increment_file 1572384461.351684 1572384488.374123 bigbrain_3076_2412_2082.nii 139690845296448
write_file 1572384494.8161142 1572385016.9322743 inc-bigbrain_3076_2412_2082.nii 139690845296448
task_duration 1572383969.8869338 1572385017.1165972 1572383959-isilonAD_1it_96cpus_40bb-1 139690845296448
read_file 1572383968.1344903 1572383969.6330674 bigbrain_1538_603_0.nii 140359758829376
increment_file 1572384230.2205834 1572384283.564925 bigbrain_1538_603_0.nii 140359758829376
write_file 1572384494.4411838 1572385016.8841324 inc-bigbrain_1538_603_0.nii 140359758829376
task_duration 1572383968.0889828 1572385017.078415 1572383959-isilonAD_1it_96cpus_40bb-1 140359758829376
read_file 1572383968.262997 1572383970.050145 bigbrain_2307_1206_694.nii 140562144573248
increment_file 1572384306.210323 1572384363.3675187 bigbrain_2307_1206_694.nii 140562144573248
write_file 1572384494.781283 1572385016.9114206 inc-bigbrain_2307_1206_694.nii 140562144573248
task_duration 1572383968.155571 1572385017.1204624 1572383959-isilonAD_1it_96cpus_40bb-1 140562144573248
read_file 1572385018.1643722 1572385024.2754478 bigbrain_769_0_694.nii 140469009499968
increment_file 1572385046.7237296 1572385101.1975439 bigbrain_769_0_694.nii 140469009499968
write_file 1572385172.1848469 1572385318.354228 inc-bigbrain_769_0_694.nii 140469009499968
task_duration 1572385017.7425227 1572385320.6955025 1572383959-isilonAD_1it_96cpus_40bb-1 140469009499968
read_file 1572385017.87223 1572385024.2723265 bigbrain_769_1206_694.nii 140354157209408
increment_file 1572385043.5139806 1572385095.743554 bigbrain_769_1206_694.nii 140354157209408
write_file 1572385172.184245 1572385318.0427625 inc-bigbrain_769_1206_694.nii 140354157209408
task_duration 1572385017.739195 1572385320.692917 1572383959-isilonAD_1it_96cpus_40bb-1 140354157209408
read_file 1572383968.2622135 1572383969.9164257 bigbrain_2307_1809_2082.nii 140099090769728
increment_file 1572384301.8080735 1572384357.8998847 bigbrain_2307_1809_2082.nii 140099090769728
write_file 1572384494.7807484 1572385016.9052885 inc-bigbrain_2307_1809_2082.nii 140099090769728
task_duration 1572383968.1552222 1572385017.099361 1572383959-isilonAD_1it_96cpus_40bb-1 140099090769728
read_file 1572383967.833683 1572383969.558256 bigbrain_0_603_2082.nii 140300083087168
increment_file 1572383995.0135007 1572384041.9100292 bigbrain_0_603_2082.nii 140300083087168
write_file 1572384488.4207053 1572385016.8986795 inc-bigbrain_0_603_2082.nii 140300083087168
task_duration 1572383967.831065 1572385017.1014888 1572383959-isilonAD_1it_96cpus_40bb-1 140300083087168
read_file 1572383968.1330972 1572383969.6300945 bigbrain_2307_0_2776.nii 139760049428288
increment_file 1572384208.3603792 1572384267.073242 bigbrain_2307_0_2776.nii 139760049428288
write_file 1572384494.016893 1572385016.8796685 inc-bigbrain_2307_0_2776.nii 139760049428288
task_duration 1572383968.0692852 1572385017.070588 1572383959-isilonAD_1it_96cpus_40bb-1 139760049428288
read_file 1572383967.847721 1572383969.5743437 bigbrain_1538_1809_1388.nii 140179066586944
increment_file 1572384008.901834 1572384068.3073108 bigbrain_1538_1809_1388.nii 140179066586944
write_file 1572384489.0892327 1572384976.4666512 inc-bigbrain_1538_1809_1388.nii 140179066586944
task_duration 1572383967.8292725 1572385016.9437592 1572383959-isilonAD_1it_96cpus_40bb-1 140179066586944
read_file 1572383967.8318484 1572383969.5545113 bigbrain_1538_0_2082.nii 140587450730304
increment_file 1572383987.1458845 1572384012.0866773 bigbrain_1538_0_2082.nii 140587450730304
write_file 1572384488.4188101 1572384954.0819118 inc-bigbrain_1538_0_2082.nii 140587450730304
task_duration 1572383967.820049 1572385016.9130847 1572383959-isilonAD_1it_96cpus_40bb-1 140587450730304
read_file 1572383967.873328 1572383969.5935922 bigbrain_1538_1206_2082.nii 140021235132224
increment_file 1572384038.9234354 1572384101.0517805 bigbrain_1538_1206_2082.nii 140021235132224
write_file 1572384489.6034935 1572385016.8886867 inc-bigbrain_1538_1206_2082.nii 140021235132224
task_duration 1572383967.8711917 1572385017.0832932 1572383959-isilonAD_1it_96cpus_40bb-1 140021235132224
read_file 1572383968.114248 1572383969.6278865 bigbrain_2307_0_0.nii 139878380869440
increment_file 1572384191.990037 1572384253.1006408 bigbrain_2307_0_0.nii 139878380869440
write_file 1572384493.5790863 1572385011.2771702 inc-bigbrain_2307_0_0.nii 139878380869440
task_duration 1572383968.0469198 1572385017.0158935 1572383959-isilonAD_1it_96cpus_40bb-1 139878380869440
read_file 1572383970.851924 1572383991.5345807 bigbrain_3076_2412_694.nii 139960065189696
increment_file 1572384488.4137473 1572384494.4401515 bigbrain_3076_2412_694.nii 139960065189696
write_file 1572384494.9225504 1572385016.928844 inc-bigbrain_3076_2412_694.nii 139960065189696
task_duration 1572383969.8898137 1572385017.1128085 1572383959-isilonAD_1it_96cpus_40bb-1 139960065189696
read_file 1572385017.735731 1572385024.24808 bigbrain_769_1809_1388.nii 140359145441088
increment_file 1572385032.442872 1572385074.0290632 bigbrain_769_1809_1388.nii 140359145441088
write_file 1572385172.1807175 1572385317.7133205 inc-bigbrain_769_1809_1388.nii 140359145441088
task_duration 1572385017.7315133 1572385320.6932886 1572383959-isilonAD_1it_96cpus_40bb-1 140359145441088
read_file 1572383967.9277377 1572383969.6078687 bigbrain_0_1809_2082.nii 140380633909056
increment_file 1572384061.0036635 1572384122.8685338 bigbrain_0_1809_2082.nii 140380633909056
write_file 1572384490.1855667 1572385016.871556 inc-bigbrain_0_1809_2082.nii 140380633909056
task_duration 1572383967.8602092 1572385017.029273 1572383959-isilonAD_1it_96cpus_40bb-1 140380633909056
read_file 1572383967.8458993 1572383969.571196 bigbrain_0_1206_2776.nii 140069291525952
increment_file 1572383999.267464 1572384052.2093937 bigbrain_0_1206_2776.nii 140069291525952
write_file 1572384488.6890216 1572385016.9010623 inc-bigbrain_0_1206_2776.nii 140069291525952
task_duration 1572383967.8438666 1572385017.0945408 1572383959-isilonAD_1it_96cpus_40bb-1 140069291525952
read_file 1572383968.2765317 1572383971.7896917 bigbrain_2307_603_1388.nii 140266280433472
increment_file 1572384372.0271266 1572384431.1137002 bigbrain_2307_603_1388.nii 140266280433472
write_file 1572384494.7973073 1572385016.9154325 inc-bigbrain_2307_603_1388.nii 140266280433472
task_duration 1572383968.2088835 1572385017.1083016 1572383959-isilonAD_1it_96cpus_40bb-1 140266280433472
read_file 1572383968.911698 1572383972.744097 bigbrain_3076_1809_0.nii 140468982888256
increment_file 1572384404.7910404 1572384457.194424 bigbrain_3076_1809_0.nii 140468982888256
write_file 1572384494.8118584 1572385016.8950293 inc-bigbrain_3076_1809_0.nii 140468982888256
task_duration 1572383968.8728898 1572385017.0871084 1572383959-isilonAD_1it_96cpus_40bb-1 140468982888256
read_file 1572383967.8616185 1572383969.587613 bigbrain_1538_0_1388.nii 140279075579712
increment_file 1572384027.473269 1572384090.1338599 bigbrain_1538_0_1388.nii 140279075579712
write_file 1572384489.4266615 1572385016.899953 inc-bigbrain_1538_0_1388.nii 140279075579712
task_duration 1572383967.8455887 1572385017.091723 1572383959-isilonAD_1it_96cpus_40bb-1 140279075579712
read_file 1572383968.0212033 1572383969.6189396 bigbrain_1538_1206_694.nii 139742900414272
increment_file 1572384137.3875995 1572384199.2953262 bigbrain_1538_1206_694.nii 139742900414272
write_file 1572384492.0028462 1572385016.897813 inc-bigbrain_1538_1206_694.nii 139742900414272
task_duration 1572383967.923933 1572385017.0972176 1572383959-isilonAD_1it_96cpus_40bb-1 139742900414272
read_file 1572383967.8480544 1572383969.5754774 bigbrain_0_1809_2776.nii 139754774017856
increment_file 1572384013.0210826 1572384073.7621434 bigbrain_0_1809_2776.nii 139754774017856
write_file 1572384489.2264621 1572385016.8942084 inc-bigbrain_0_1809_2776.nii 139754774017856
task_duration 1572383967.8249662 1572385017.0865223 1572383959-isilonAD_1it_96cpus_40bb-1 139754774017856
read_file 1572383968.2646525 1572383970.7191563 bigbrain_2307_1809_2776.nii 140403425462080
increment_file 1572384329.8032472 1572384390.6680932 bigbrain_2307_1809_2776.nii 140403425462080
write_file 1572384494.7838662 1572385016.8980205 inc-bigbrain_2307_1809_2776.nii 140403425462080
task_duration 1572383968.1764102 1572385017.0919328 1572383959-isilonAD_1it_96cpus_40bb-1 140403425462080
read_file 1572383968.019437 1572383969.6161478 bigbrain_0_2412_1388.nii 140127608792896
increment_file 1572384115.5665948 1572384177.4722817 bigbrain_0_2412_1388.nii 140127608792896
write_file 1572384491.5773942 1572385015.3189762 inc-bigbrain_0_2412_1388.nii 140127608792896
task_duration 1572383967.8726985 1572385017.0266004 1572383959-isilonAD_1it_96cpus_40bb-1 140127608792896
read_file 1572385017.756253 1572385024.2706513 bigbrain_769_1809_2082.nii 140012049852224
increment_file 1572385039.3695767 1572385088.1474133 bigbrain_769_1809_2082.nii 140012049852224
write_file 1572385172.181943 1572385315.7115824 inc-bigbrain_769_1809_2082.nii 140012049852224
task_duration 1572385017.7383134 1572385320.682105 1572383959-isilonAD_1it_96cpus_40bb-1 140012049852224
read_file 1572385019.5459461 1572385025.354874 bigbrain_769_1206_2776.nii 140540703708992
increment_file 1572385088.279903 1572385150.0981512 bigbrain_769_1206_2776.nii 140540703708992
write_file 1572385172.1953812 1572385320.6566675 inc-bigbrain_769_1206_2776.nii 140540703708992
task_duration 1572385017.7621706 1572385320.7122617 1572383959-isilonAD_1it_96cpus_40bb-1 140540703708992
read_file 1572383968.0197303 1572383969.616903 bigbrain_1538_1206_2776.nii 140111196227392
increment_file 1572384121.0209882 1572384182.926878 bigbrain_1538_1206_2776.nii 140111196227392
write_file 1572384491.715759 1572385016.8812284 inc-bigbrain_1538_1206_2776.nii 140111196227392
task_duration 1572383967.8983788 1572385017.0794609 1572383959-isilonAD_1it_96cpus_40bb-1 140111196227392
read_file 1572383967.8310547 1572383969.552092 bigbrain_0_1809_0.nii 140256715523904
increment_file 1572383977.2732482 1572383990.4640756 bigbrain_0_1809_0.nii 140256715523904
write_file 1572384451.350386 1572385016.8774834 inc-bigbrain_0_1809_0.nii 140256715523904
task_duration 1572383967.7772806 1572385017.072812 1572383959-isilonAD_1it_96cpus_40bb-1 140256715523904
read_file 1572383968.021489 1572383969.6211104 bigbrain_1538_0_2776.nii 140452985374528
increment_file 1572384148.2996857 1572384210.2064912 bigbrain_1538_0_2776.nii 140452985374528
write_file 1572384492.428715 1572385016.8730102 inc-bigbrain_1538_0_2776.nii 140452985374528
task_duration 1572383967.9269753 1572385017.0278106 1572383959-isilonAD_1it_96cpus_40bb-1 140452985374528
read_file 1572383967.8612251 1572383969.5858262 bigbrain_0_0_0.nii 140581037848384
increment_file 1572384022.1214745 1572384084.6760752 bigbrain_0_0_0.nii 140581037848384
write_file 1572384489.360701 1572385016.892947 inc-bigbrain_0_0_0.nii 140581037848384
task_duration 1572383967.8440669 1572385017.0838842 1572383959-isilonAD_1it_96cpus_40bb-1 140581037848384
read_file 1572383968.0963912 1572383969.6264126 bigbrain_1538_603_2082.nii 140647307142976
increment_file 1572384181.083037 1572384242.987767 bigbrain_1538_603_2082.nii 140647307142976
write_file 1572384493.3019693 1572385016.9061265 inc-bigbrain_1538_603_2082.nii 140647307142976
task_duration 1572383968.0768824 1572385017.088233 1572383959-isilonAD_1it_96cpus_40bb-1 140647307142976
read_file 1572383968.0169616 1572383969.6106539 bigbrain_0_1809_1388.nii 140088438826816
increment_file 1572384082.8282375 1572384144.6920707 bigbrain_0_1809_1388.nii 140088438826816
write_file 1572384490.7443492 1572385016.886151 inc-bigbrain_0_1809_1388.nii 140088438826816
task_duration 1572383967.875696 1572385017.0797503 1572383959-isilonAD_1it_96cpus_40bb-1 140088438826816
read_file 1572385020.9397173 1572385028.5657625 bigbrain_769_603_694.nii 140711217788736
increment_file 1572385137.563494 1572385172.1745305 bigbrain_769_603_694.nii 140711217788736
write_file 1572385172.2055793 1572385320.6625142 inc-bigbrain_769_603_694.nii 140711217788736
task_duration 1572385017.799297 1572385320.7146015 1572383959-isilonAD_1it_96cpus_40bb-1 140711217788736
read_file 1572383968.285422 1572383971.9234562 bigbrain_3076_0_0.nii 140391969437504
increment_file 1572384377.499026 1572384435.7763247 bigbrain_3076_0_0.nii 140391969437504
write_file 1572384494.7977178 1572385016.8867424 inc-bigbrain_3076_0_0.nii 140391969437504
task_duration 1572383968.2693076 1572385017.0758162 1572383959-isilonAD_1it_96cpus_40bb-1 140391969437504
read_file 1572383969.9154856 1572383987.549532 bigbrain_3076_1809_2082.nii 140591224735552
increment_file 1572384429.401531 1572384477.0383885 bigbrain_3076_1809_2082.nii 140591224735552
write_file 1572384494.8127668 1572385016.929425 inc-bigbrain_3076_1809_2082.nii 140591224735552
task_duration 1572383969.7178245 1572385017.111683 1572383959-isilonAD_1it_96cpus_40bb-1 140591224735552
read_file 1572383967.831541 1572383969.5527925 bigbrain_0_2412_0.nii 139653273175872
increment_file 1572383981.4207282 1572383996.9939938 bigbrain_0_2412_0.nii 139653273175872
write_file 1572384488.4182355 1572385016.8847232 inc-bigbrain_0_2412_0.nii 139653273175872
task_duration 1572383967.7731793 1572385017.0768 1572383959-isilonAD_1it_96cpus_40bb-1 139653273175872
read_file 1572385017.7351346 1572385024.1976094 bigbrain_769_603_1388.nii 139622444156736
increment_file 1572385029.7684634 1572385065.2603202 bigbrain_769_603_1388.nii 139622444156736
write_file 1572385172.1799383 1572385320.653675 inc-bigbrain_769_603_1388.nii 139622444156736
task_duration 1572385017.7273433 1572385320.708253 1572383959-isilonAD_1it_96cpus_40bb-1 139622444156736
read_file 1572383968.2080798 1572383969.6409426 bigbrain_2307_1206_1388.nii 140642942768960
increment_file 1572384281.7038982 1572384331.7819312 bigbrain_2307_1206_1388.nii 140642942768960
write_file 1572384494.7780235 1572385016.8744438 inc-bigbrain_2307_1206_1388.nii 140642942768960
task_duration 1572383968.138989 1572385017.074081 1572383959-isilonAD_1it_96cpus_40bb-1 140642942768960
read_file 1572383967.8465257 1572383969.5731747 bigbrain_0_0_694.nii 140091688212288
increment_file 1572384005.1555414 1572384063.1182008 bigbrain_0_0_694.nii 140091688212288
write_file 1572384488.9562535 1572384983.5731623 inc-bigbrain_0_0_694.nii 140091688212288
task_duration 1572383967.8443334 1572385016.9849029 1572383959-isilonAD_1it_96cpus_40bb-1 140091688212288
read_file 1572383968.1321046 1572383969.6272228 bigbrain_1538_1809_2776.nii 140706149844800
increment_file 1572384186.5360847 1572384248.1766837 bigbrain_1538_1809_2776.nii 140706149844800
write_file 1572384493.4390543 1572385016.9359307 inc-bigbrain_1538_1809_2776.nii 140706149844800
task_duration 1572383968.0497448 1572385017.1317346 1572383959-isilonAD_1it_96cpus_40bb-1 140706149844800
read_file 1572383968.0217664 1572383969.6217105 bigbrain_1538_603_1388.nii 140450547099456
increment_file 1572384153.7578483 1572384215.6626713 bigbrain_1538_603_1388.nii 140450547099456
write_file 1572384492.554119 1572385016.9001105 inc-bigbrain_1538_603_1388.nii 140450547099456
task_duration 1572383968.0034788 1572385017.0848136 1572383959-isilonAD_1it_96cpus_40bb-1 140450547099456
read_file 1572383967.910077 1572383969.6054876 bigbrain_0_1809_694.nii 139957080762176
increment_file 1572384055.5510085 1572384117.4110332 bigbrain_0_1809_694.nii 139957080762176
write_file 1572384490.0654328 1572385016.9316869 inc-bigbrain_0_1809_694.nii 139957080762176
task_duration 1572383967.8594143 1572385017.1132517 1572383959-isilonAD_1it_96cpus_40bb-1 139957080762176
read_file 1572383968.2444985 1572383969.6534076 bigbrain_2307_1809_694.nii 140543039428416
increment_file 1572384297.5582848 1572384352.4406364 bigbrain_2307_1809_694.nii 140543039428416
write_file 1572384494.7806551 1572385016.90509 inc-bigbrain_2307_1809_694.nii 140543039428416
task_duration 1572383968.1545296 1572385017.099923 1572383959-isilonAD_1it_96cpus_40bb-1 140543039428416
read_file 1572385020.7870374 1572385028.16415 bigbrain_769_1206_2082.nii 140183548704576
increment_file 1572385131.8218713 1572385171.7978058 bigbrain_769_1206_2082.nii 140183548704576
write_file 1572385172.205257 1572385317.0799372 inc-bigbrain_769_1206_2082.nii 140183548704576
task_duration 1572385017.7932193 1572385320.6841497 1572383959-isilonAD_1it_96cpus_40bb-1 140183548704576
read_file 1572383970.5843084 1572383990.731967 bigbrain_3076_603_0.nii 139709475612480
increment_file 1572384455.4819195 1572384487.7349164 bigbrain_3076_603_0.nii 139709475612480
write_file 1572384494.8160408 1572385016.91359 inc-bigbrain_3076_603_0.nii 139709475612480
task_duration 1572383969.8718216 1572385017.1234686 1572383959-isilonAD_1it_96cpus_40bb-1 139709475612480
read_file 1572383968.2671351 1572383971.6559837 bigbrain_2307_2412_2082.nii 140705211324224
increment_file 1572384366.5748842 1572384426.7269437 bigbrain_2307_2412_2082.nii 140705211324224
write_file 1572384494.7967951 1572385016.9068813 inc-bigbrain_2307_2412_2082.nii 140705211324224
task_duration 1572383968.205048 1572385017.0922723 1572383959-isilonAD_1it_96cpus_40bb-1 140705211324224
read_file 1572383967.8321438 1572383969.5557365 bigbrain_1538_0_694.nii 140247242479424
increment_file 1572383992.3361452 1572384032.530992 bigbrain_1538_0_694.nii 140247242479424
write_file 1572384488.4193783 1572385016.882585 inc-bigbrain_1538_0_694.nii 140247242479424
task_duration 1572383967.8253455 1572385017.0786757 1572383959-isilonAD_1it_96cpus_40bb-1 140247242479424
read_file 1572383967.8608856 1572383969.582776 bigbrain_0_0_2776.nii 140163496396608
increment_file 1572384017.3049831 1572384079.2169316 bigbrain_0_0_2776.nii 140163496396608
write_file 1572384489.2931843 1572385016.8897357 inc-bigbrain_0_0_2776.nii 140163496396608
task_duration 1572383967.7811513 1572385017.0854776 1572383959-isilonAD_1it_96cpus_40bb-1 140163496396608
read_file 1572385019.8628993 1572385025.622519 bigbrain_769_0_0.nii 139683161417536
increment_file 1572385099.085712 1572385158.3292985 bigbrain_769_0_0.nii 139683161417536
write_file 1572385172.196839 1572385320.6577272 inc-bigbrain_769_0_0.nii 139683161417536
task_duration 1572385017.7676961 1572385320.7138093 1572383959-isilonAD_1it_96cpus_40bb-1 139683161417536
read_file 1572383967.8324163 1572383969.5569797 bigbrain_0_2412_2776.nii 140376786265920
increment_file 1572383993.4069576 1572384037.5865836 bigbrain_0_2412_2776.nii 140376786265920
write_file 1572384488.4196029 1572385016.8898735 inc-bigbrain_0_2412_2776.nii 140376786265920
task_duration 1572383967.826877 1572385017.0879622 1572383959-isilonAD_1it_96cpus_40bb-1 140376786265920
read_file 1572383970.0491276 1572383988.218259 bigbrain_3076_2412_0.nii 139762687153984
increment_file 1572384433.7961524 1572384479.822465 bigbrain_3076_2412_0.nii 139762687153984
write_file 1572384494.81364 1572385016.932341 inc-bigbrain_3076_2412_0.nii 139762687153984
task_duration 1572383969.7713716 1572385017.112981 1572383959-isilonAD_1it_96cpus_40bb-1 139762687153984
read_file 1572383967.7747157 1572383969.5725129 bigbrain_1538_0_0.nii 139648217106240
increment_file 1572384001.9450412 1572384057.6632733 bigbrain_1538_0_0.nii 139648217106240
write_file 1572384488.8222198 1572385006.7755384 inc-bigbrain_1538_0_0.nii 139648217106240
task_duration 1572383967.7575684 1572385016.9455187 1572383959-isilonAD_1it_96cpus_40bb-1 139648217106240
read_file 1572383968.2175913 1572383969.6422787 bigbrain_2307_2412_2776.nii 140371788121920
increment_file 1572384291.5708973 1572384344.3016999 bigbrain_2307_2412_2776.nii 140371788121920
write_file 1572384494.779015 1572385016.9032717 inc-bigbrain_2307_2412_2776.nii 140371788121920
task_duration 1572383968.1534219 1572385017.0977454 1572383959-isilonAD_1it_96cpus_40bb-1 140371788121920
read_file 1572383968.020346 1572383969.6203632 bigbrain_1538_2412_2082.nii 140225581401920
increment_file 1572384142.8472848 1572384204.7524703 bigbrain_1538_2412_2082.nii 140225581401920
write_file 1572384492.2874997 1572384990.814642 inc-bigbrain_1538_2412_2082.nii 140225581401920
task_duration 1572383967.9028785 1572385017.0171485 1572383959-isilonAD_1it_96cpus_40bb-1 140225581401920
read_file 1572383968.020052 1572383969.6175199 bigbrain_1538_1206_1388.nii 140210227152704
increment_file 1572384126.4790545 1572384188.3803797 bigbrain_1538_1206_1388.nii 140210227152704
write_file 1572384491.8669744 1572385016.9037497 inc-bigbrain_1538_1206_1388.nii 140210227152704
task_duration 1572383967.9000192 1572385017.1011071 1572383959-isilonAD_1it_96cpus_40bb-1 140210227152704
read_file 1572383967.8729124 1572383969.5978894 bigbrain_0_603_2776.nii 140470870882112
increment_file 1572384050.0969098 1572384111.958682 bigbrain_0_603_2776.nii 140470870882112
write_file 1572384489.912505 1572385016.8877537 inc-bigbrain_0_603_2776.nii 140470870882112
task_duration 1572383967.8607101 1572385017.0910218 1572383959-isilonAD_1it_96cpus_40bb-1 140470870882112
read_file 1572383968.2074366 1572383969.6387923 bigbrain_2307_1809_0.nii 140327278864192
increment_file 1572384271.7261002 1572384319.7950149 bigbrain_2307_1809_0.nii 140327278864192
write_file 1572384494.7765803 1572385016.906777 inc-bigbrain_2307_1809_0.nii 140327278864192
task_duration 1572383968.1311355 1572385017.0952075 1572383959-isilonAD_1it_96cpus_40bb-1 140327278864192
read_file 1572385017.7124147 1572385017.7298138 bigbrain_769_0_1388.nii 140240953849664
increment_file 1572385017.7375698 1572385024.1686478 bigbrain_769_0_1388.nii 140240953849664
write_file 1572385028.9679294 1572385170.8896124 inc-bigbrain_769_0_1388.nii 140240953849664
task_duration 1572385017.7107456 1572385172.2361605 1572383959-isilonAD_1it_96cpus_40bb-1 140240953849664
read_file 1572385020.2238152 1572385026.559229 bigbrain_769_603_2082.nii 139893961905984
increment_file 1572385109.9902904 1572385164.9572713 bigbrain_769_603_2082.nii 139893961905984
write_file 1572385172.197132 1572385320.6567724 inc-bigbrain_769_603_2082.nii 139893961905984
task_duration 1572385017.777741 1572385320.7122836 1572383959-isilonAD_1it_96cpus_40bb-1 139893961905984
read_file 1572383968.2643394 1572383970.5852528 bigbrain_3076_0_2776.nii 139653855049536
increment_file 1572384324.880778 1572384385.207411 bigbrain_3076_0_2776.nii 139653855049536
write_file 1572384494.7835329 1572385016.909527 inc-bigbrain_3076_0_2776.nii 139653855049536
task_duration 1572383968.1769028 1572385017.114528 1572383959-isilonAD_1it_96cpus_40bb-1 139653855049536
read_file 1572383970.4505498 1572383990.2251718 bigbrain_3076_2412_2776.nii 140480618407744
increment_file 1572384449.3404956 1572384486.2919858 bigbrain_3076_2412_2776.nii 140480618407744
write_file 1572384494.8144054 1572385016.8972425 inc-bigbrain_3076_2412_2776.nii 140480618407744
task_duration 1572383969.8637075 1572385017.083585 1572383959-isilonAD_1it_96cpus_40bb-1 140480618407744
read_file 1572383968.2668047 1572383971.5227401 bigbrain_2307_603_2776.nii 140261952079680
increment_file 1572384361.1143582 1572384422.3425393 bigbrain_2307_603_2776.nii 140261952079680
write_file 1572384494.7902079 1572385016.880068 inc-bigbrain_2307_603_2776.nii 140261952079680
task_duration 1572383968.1951509 1572385017.0751197 1572383959-isilonAD_1it_96cpus_40bb-1 140261952079680
read_file 1572383967.8831992 1572383969.5959752 bigbrain_0_2412_2082.nii 139867743995712
increment_file 1572384044.6441243 1572384106.5055046 bigbrain_0_2412_2082.nii 139867743995712
write_file 1572384489.754875 1572385016.879185 inc-bigbrain_0_2412_2082.nii 139867743995712
task_duration 1572383967.7834747 1572385017.0762682 1572383959-isilonAD_1it_96cpus_40bb-1 139867743995712
read_file 1572385019.3951547 1572385025.2210097 bigbrain_769_603_0.nii 139980804970304
increment_file 1572385083.0930283 1572385145.1571543 bigbrain_769_603_0.nii 139980804970304
write_file 1572385172.194551 1572385320.6654007 inc-bigbrain_769_603_0.nii 139980804970304
task_duration 1572385017.7603827 1572385320.7196507 1572383959-isilonAD_1it_96cpus_40bb-1 139980804970304
read_file 1572383968.2633636 1572383970.183962 bigbrain_2307_603_0.nii 140041384793920
increment_file 1572384310.4887173 1572384368.8206992 bigbrain_2307_603_0.nii 140041384793920
write_file 1572384494.7821007 1572385016.9139025 inc-bigbrain_2307_603_0.nii 140041384793920
task_duration 1572383968.171315 1572385017.1026018 1572383959-isilonAD_1it_96cpus_40bb-1 140041384793920
read_file 1572385017.7344368 1572385022.7321713 bigbrain_769_1206_1388.nii 139937658464064
increment_file 1572385024.2777781 1572385036.6955268 bigbrain_769_1206_1388.nii 139937658464064
write_file 1572385169.4484353 1572385316.7427762 inc-bigbrain_769_1206_1388.nii 139937658464064
task_duration 1572385017.720051 1572385320.6877782 1572383959-isilonAD_1it_96cpus_40bb-1 139937658464064
read_file 1572383968.2664528 1572383971.3886328 bigbrain_2307_603_694.nii 140325513545536
increment_file 1572384355.6511004 1572384417.418283 bigbrain_2307_603_694.nii 140325513545536
write_file 1572384494.7878807 1572385016.8807182 inc-bigbrain_2307_603_694.nii 140325513545536
task_duration 1572383968.1936963 1572385017.0745654 1572383959-isilonAD_1it_96cpus_40bb-1 140325513545536
read_file 1572385020.03489 1572385026.1578097 bigbrain_769_2412_1388.nii 139995003356992
increment_file 1572385104.5380235 1572385161.9106221 bigbrain_769_2412_1388.nii 139995003356992
write_file 1572385172.1969194 1572385320.6538289 inc-bigbrain_769_2412_1388.nii 139995003356992
task_duration 1572385017.7692375 1572385320.709985 1572383959-isilonAD_1it_96cpus_40bb-1 139995003356992
read_file 1572383968.188905 1572383969.636758 bigbrain_1538_603_694.nii 140403684521792
increment_file 1572384253.901891 1572384301.809609 bigbrain_1538_603_694.nii 140403684521792
write_file 1572384494.775227 1572385016.9342864 inc-bigbrain_1538_603_694.nii 140403684521792
task_duration 1572383968.1050436 1572385017.1261778 1572383959-isilonAD_1it_96cpus_40bb-1 140403684521792
read_file 1572383968.1333873 1572383969.6308746 bigbrain_2307_0_1388.nii 140212720744256
increment_file 1572384213.8178542 1572384271.460448 bigbrain_2307_0_1388.nii 140212720744256
write_file 1572384494.1613772 1572385016.884673 inc-bigbrain_2307_0_1388.nii 140212720744256
task_duration 1572383968.0703795 1572385017.0805 1572383959-isilonAD_1it_96cpus_40bb-1 140212720744256
read_file 1572383968.1348019 1572383969.633702 bigbrain_2307_0_694.nii 140136436815680
increment_file 1572384235.6791165 1572384287.4189339 bigbrain_2307_0_694.nii 140136436815680
write_file 1572384494.4872746 1572385016.8750699 inc-bigbrain_2307_0_694.nii 140136436815680
task_duration 1572383968.0936894 1572385017.0703337 1572383959-isilonAD_1it_96cpus_40bb-1 140136436815680
read_file 1572383968.2649574 1572383970.8529437 bigbrain_3076_0_2082.nii 140472457271104
increment_file 1572384334.7214358 1572384396.1252635 bigbrain_3076_0_2082.nii 140472457271104
write_file 1572384494.7846236 1572385016.907775 inc-bigbrain_3076_0_2082.nii 140472457271104
task_duration 1572383968.1800349 1572385017.0955856 1572383959-isilonAD_1it_96cpus_40bb-1 140472457271104
read_file 1572383967.8621168 1572383969.5883064 bigbrain_0_2412_694.nii 139682263648064
increment_file 1572384033.198347 1572384095.5927474 bigbrain_0_2412_694.nii 139682263648064
write_file 1572384489.4996424 1572385016.8960495 inc-bigbrain_0_2412_694.nii 139682263648064
task_duration 1572383967.8475742 1572385017.0897508 1572383959-isilonAD_1it_96cpus_40bb-1 139682263648064
read_file 1572383967.841591 1572383969.568687 bigbrain_0_1206_694.nii 139986236311360
increment_file 1572383996.9925253 1572384047.0235543 bigbrain_0_1206_694.nii 139986236311360
write_file 1572384488.430093 1572385016.8931105 inc-bigbrain_0_1206_694.nii 139986236311360
task_duration 1572383967.8396995 1572385017.086101 1572383959-isilonAD_1it_96cpus_40bb-1 139986236311360
