read_file 1572372254.1998978 1572372254.2020028 bigbrain_0_603_2082.nii 139832045823808
increment_file 1572372254.2021892 1572372375.4663298 bigbrain_0_603_2082.nii 139832045823808
write_file 1572372375.468249 1572372375.9438615 inc-bigbrain_0_603_2082.nii 139832045823808
task_duration 1572372254.19416 1572372375.9557707 1572371546-localAD_1it_96cpus_40bb-0 139832045823808
read_file 1572372254.1998978 1572372254.2022545 bigbrain_1538_0_2776.nii 140481684150080
increment_file 1572372254.2024522 1572372376.390365 bigbrain_1538_0_2776.nii 140481684150080
write_file 1572372376.3934066 1572372376.8895962 inc-bigbrain_1538_0_2776.nii 140481684150080
task_duration 1572372254.1876383 1572372376.9014475 1572371546-localAD_1it_96cpus_40bb-0 140481684150080
read_file 1572372254.2071645 1572372254.23588 bigbrain_0_2412_694.nii 139641979295552
increment_file 1572372254.2361047 1572372376.9568698 bigbrain_0_2412_694.nii 139641979295552
write_file 1572372376.9589376 1572372377.4475667 inc-bigbrain_0_2412_694.nii 139641979295552
task_duration 1572372254.2055745 1572372377.4608395 1572371546-localAD_1it_96cpus_40bb-0 139641979295552
read_file 1572372254.2078445 1572372254.2431762 bigbrain_0_2412_2082.nii 140478770317120
increment_file 1572372254.2434475 1572372377.3554661 bigbrain_0_2412_2082.nii 140478770317120
write_file 1572372377.357488 1572372377.8663287 inc-bigbrain_0_2412_2082.nii 140478770317120
task_duration 1572372254.1960955 1572372377.8794773 1572371546-localAD_1it_96cpus_40bb-0 140478770317120
read_file 1572372254.2149098 1572372254.2431986 bigbrain_0_1809_2082.nii 140539746375488
increment_file 1572372254.243538 1572372377.21904 bigbrain_0_1809_2082.nii 140539746375488
write_file 1572372377.2214763 1572372377.7366567 inc-bigbrain_0_1809_2082.nii 140539746375488
task_duration 1572372254.2130182 1572372377.7498167 1572371546-localAD_1it_96cpus_40bb-0 140539746375488
read_file 1572372254.2098603 1572372254.2433434 bigbrain_0_2412_1388.nii 140591463929664
increment_file 1572372254.243578 1572372377.3850048 bigbrain_0_2412_1388.nii 140591463929664
write_file 1572372377.3873897 1572372377.8927495 inc-bigbrain_0_2412_1388.nii 140591463929664
task_duration 1572372254.1878085 1572372377.9061284 1572371546-localAD_1it_96cpus_40bb-0 140591463929664
read_file 1572372254.209864 1572372254.2467387 bigbrain_0_1206_0.nii 140240379471680
increment_file 1572372254.2469509 1572372377.3130057 bigbrain_0_1206_0.nii 140240379471680
write_file 1572372377.315417 1572372377.8221614 inc-bigbrain_0_1206_0.nii 140240379471680
task_duration 1572372254.1968355 1572372377.8344512 1572371546-localAD_1it_96cpus_40bb-0 140240379471680
read_file 1572372254.2242377 1572372254.2489405 bigbrain_1538_1206_2776.nii 140197592938304
increment_file 1572372254.2491062 1572372377.8087518 bigbrain_1538_1206_2776.nii 140197592938304
write_file 1572372377.8105006 1572372378.3406606 inc-bigbrain_1538_1206_2776.nii 140197592938304
task_duration 1572372254.222752 1572372378.3536856 1572371546-localAD_1it_96cpus_40bb-0 140197592938304
read_file 1572372254.2255201 1572372254.249279 bigbrain_1538_1206_1388.nii 139629114615616
increment_file 1572372254.249486 1572372388.854437 bigbrain_1538_1206_1388.nii 139629114615616
write_file 1572372388.8565922 1572372389.3700545 inc-bigbrain_1538_1206_1388.nii 139629114615616
task_duration 1572372254.2239594 1572372389.3820755 1572371546-localAD_1it_96cpus_40bb-0 139629114615616
read_file 1572372254.2213047 1572372254.2576988 bigbrain_0_0_2082.nii 140519547950912
increment_file 1572372254.2578928 1572372378.04883 bigbrain_0_0_2082.nii 140519547950912
write_file 1572372378.0502882 1572372378.581343 inc-bigbrain_0_0_2082.nii 140519547950912
task_duration 1572372254.21973 1572372378.5955148 1572371546-localAD_1it_96cpus_40bb-0 140519547950912
read_file 1572372254.232267 1572372254.264498 bigbrain_0_0_2776.nii 140370309891904
increment_file 1572372254.2646832 1572372378.4759111 bigbrain_0_0_2776.nii 140370309891904
write_file 1572372378.4778216 1572372379.3517716 inc-bigbrain_0_0_2776.nii 140370309891904
task_duration 1572372254.2307498 1572372379.384659 1572371546-localAD_1it_96cpus_40bb-0 140370309891904
read_file 1572372254.2273407 1572372254.264882 bigbrain_0_603_1388.nii 139888665499456
increment_file 1572372254.265086 1572372378.6796782 bigbrain_0_603_1388.nii 139888665499456
write_file 1572372378.6809807 1572372380.013302 inc-bigbrain_0_603_1388.nii 139888665499456
task_duration 1572372254.2254372 1572372380.0806866 1572371546-localAD_1it_96cpus_40bb-0 139888665499456
read_file 1572372254.2256389 1572372254.2792761 bigbrain_1538_1809_1388.nii 140534598551360
increment_file 1572372254.2794788 1572372378.7216806 bigbrain_1538_1809_1388.nii 140534598551360
write_file 1572372378.7237241 1572372379.557007 inc-bigbrain_1538_1809_1388.nii 140534598551360
task_duration 1572372254.223943 1572372379.5993214 1572371546-localAD_1it_96cpus_40bb-0 140534598551360
read_file 1572372254.224398 1572372254.2890298 bigbrain_1538_0_694.nii 139928549844800
increment_file 1572372254.289245 1572372378.3831952 bigbrain_1538_0_694.nii 139928549844800
write_file 1572372378.385995 1572372378.9880743 inc-bigbrain_1538_0_694.nii 139928549844800
task_duration 1572372254.222607 1572372379.0087998 1572371546-localAD_1it_96cpus_40bb-0 139928549844800
read_file 1572372254.2730174 1572372254.3233008 bigbrain_0_603_694.nii 139780720138048
increment_file 1572372254.3235207 1572372378.4358513 bigbrain_0_603_694.nii 139780720138048
write_file 1572372378.4379692 1572372379.1697757 inc-bigbrain_0_603_694.nii 139780720138048
task_duration 1572372254.2714741 1572372379.202545 1572371546-localAD_1it_96cpus_40bb-0 139780720138048
read_file 1572372254.2940001 1572372254.339942 bigbrain_0_603_2776.nii 139688520992576
increment_file 1572372254.34015 1572372378.7532508 bigbrain_0_603_2776.nii 139688520992576
write_file 1572372378.754598 1572372380.4038904 inc-bigbrain_0_603_2776.nii 139688520992576
task_duration 1572372254.2924623 1572372380.4373472 1572371546-localAD_1it_96cpus_40bb-0 139688520992576
read_file 1572372254.2888098 1572372254.3440766 bigbrain_1538_603_2082.nii 140439447893824
increment_file 1572372254.3442628 1572372379.2568202 bigbrain_1538_603_2082.nii 140439447893824
write_file 1572372379.2598946 1572372380.54182 inc-bigbrain_1538_603_2082.nii 140439447893824
task_duration 1572372254.287306 1572372380.6602373 1572371546-localAD_1it_96cpus_40bb-0 140439447893824
read_file 1572372254.2851837 1572372254.3441365 bigbrain_1538_0_0.nii 139707976759104
increment_file 1572372254.34434 1572372379.8429804 bigbrain_1538_0_0.nii 139707976759104
write_file 1572372379.847812 1572372381.4186187 inc-bigbrain_1538_0_0.nii 139707976759104
task_duration 1572372254.2836533 1572372381.4326181 1572371546-localAD_1it_96cpus_40bb-0 139707976759104
read_file 1572372254.2431703 1572372254.344204 bigbrain_0_0_0.nii 140140569605952
increment_file 1572372254.344384 1572372377.9336934 bigbrain_0_0_0.nii 140140569605952
write_file 1572372377.9353175 1572372378.463206 inc-bigbrain_0_0_0.nii 140140569605952
task_duration 1572372254.2416887 1572372378.477535 1572371546-localAD_1it_96cpus_40bb-0 140140569605952
read_file 1572372254.2768383 1572372254.3442442 bigbrain_1538_603_0.nii 140160768161600
increment_file 1572372254.344423 1572372379.0523655 bigbrain_1538_603_0.nii 140160768161600
write_file 1572372379.0542095 1572372380.7577662 inc-bigbrain_1538_603_0.nii 140160768161600
task_duration 1572372254.2753694 1572372380.8064556 1572371546-localAD_1it_96cpus_40bb-0 140160768161600
read_file 1572372254.2964835 1572372254.3442578 bigbrain_0_603_0.nii 140426430592832
increment_file 1572372254.3444312 1572372378.7631314 bigbrain_0_603_0.nii 140426430592832
write_file 1572372378.764912 1572372380.6982048 inc-bigbrain_0_603_0.nii 140426430592832
task_duration 1572372254.2947097 1572372380.7368743 1572371546-localAD_1it_96cpus_40bb-0 140426430592832
read_file 1572372254.243219 1572372254.3443959 bigbrain_0_1206_694.nii 140583521081152
increment_file 1572372254.3445873 1572372379.049963 bigbrain_0_1206_694.nii 140583521081152
write_file 1572372379.0523746 1572372380.8993 inc-bigbrain_0_1206_694.nii 140583521081152
task_duration 1572372254.2416353 1572372380.9463627 1572371546-localAD_1it_96cpus_40bb-0 140583521081152
read_file 1572372254.2600904 1572372254.3446712 bigbrain_0_1809_2776.nii 140676360292160
increment_file 1572372254.3448877 1572372379.7376611 bigbrain_0_1809_2776.nii 140676360292160
write_file 1572372379.7414303 1572372381.3784187 inc-bigbrain_0_1809_2776.nii 140676360292160
task_duration 1572372254.2584517 1572372381.394825 1572371546-localAD_1it_96cpus_40bb-0 140676360292160
read_file 1572372254.2520564 1572372254.3501267 bigbrain_1538_2412_0.nii 140093670348608
increment_file 1572372254.3503077 1572372378.2793472 bigbrain_1538_2412_0.nii 140093670348608
write_file 1572372378.2810793 1572372378.8462725 inc-bigbrain_1538_2412_0.nii 140093670348608
task_duration 1572372254.250443 1572372378.8622894 1572371546-localAD_1it_96cpus_40bb-0 140093670348608
read_file 1572372254.2518866 1572372254.350287 bigbrain_0_1206_2776.nii 140056875517760
increment_file 1572372254.3504696 1572372378.3103347 bigbrain_0_1206_2776.nii 140056875517760
write_file 1572372378.3131034 1572372378.9715571 inc-bigbrain_0_1206_2776.nii 140056875517760
task_duration 1572372254.2502851 1572372378.9965882 1572371546-localAD_1it_96cpus_40bb-0 140056875517760
read_file 1572372254.263839 1572372254.3503566 bigbrain_0_1809_1388.nii 140564535752512
increment_file 1572372254.3505406 1572372379.7263775 bigbrain_0_1809_1388.nii 140564535752512
write_file 1572372379.7282724 1572372380.964174 inc-bigbrain_0_1809_1388.nii 140564535752512
task_duration 1572372254.2622275 1572372381.01062 1572371546-localAD_1it_96cpus_40bb-0 140564535752512
read_file 1572372254.27431 1572372254.3504357 bigbrain_0_2412_0.nii 139946949437248
increment_file 1572372254.3506372 1572372378.3202486 bigbrain_0_2412_0.nii 139946949437248
write_file 1572372378.3222697 1572372378.977127 inc-bigbrain_0_2412_0.nii 139946949437248
task_duration 1572372254.272651 1572372379.0073228 1572371546-localAD_1it_96cpus_40bb-0 139946949437248
read_file 1572372254.2372503 1572372254.3527243 bigbrain_0_1809_694.nii 140417449338688
increment_file 1572372254.3529022 1572372379.4429169 bigbrain_0_1809_694.nii 140417449338688
write_file 1572372379.4454741 1572372381.2767386 inc-bigbrain_0_1809_694.nii 140417449338688
task_duration 1572372254.23573 1572372381.2953434 1572371546-localAD_1it_96cpus_40bb-0 140417449338688
read_file 1572372254.2974565 1572372254.370186 bigbrain_1538_1206_2082.nii 139897061701440
increment_file 1572372254.3703814 1572372378.3731236 bigbrain_1538_1206_2082.nii 139897061701440
write_file 1572372378.3748212 1572372379.033372 inc-bigbrain_1538_1206_2082.nii 139897061701440
task_duration 1572372254.295897 1572372379.0545032 1572371546-localAD_1it_96cpus_40bb-0 139897061701440
read_file 1572372254.340228 1572372254.3893569 bigbrain_1538_603_2776.nii 140477991262016
increment_file 1572372254.3895636 1572372378.6697748 bigbrain_1538_603_2776.nii 140477991262016
write_file 1572372378.6709821 1572372379.9258735 inc-bigbrain_1538_603_2776.nii 140477991262016
task_duration 1572372254.3304944 1572372379.9618795 1572371546-localAD_1it_96cpus_40bb-0 140477991262016
read_file 1572372254.2815201 1572372254.3894007 bigbrain_0_0_1388.nii 140577899177792
increment_file 1572372254.3896348 1572372378.6792538 bigbrain_0_0_1388.nii 140577899177792
write_file 1572372378.6809049 1572372379.8714068 inc-bigbrain_0_0_1388.nii 140577899177792
task_duration 1572372254.2798111 1572372379.919139 1572371546-localAD_1it_96cpus_40bb-0 140577899177792
read_file 1572372254.2867932 1572372254.3992703 bigbrain_0_1206_1388.nii 140704085055296
increment_file 1572372254.3994994 1572372378.6908762 bigbrain_0_1206_1388.nii 140704085055296
write_file 1572372378.6926446 1572372379.7818367 inc-bigbrain_0_1206_1388.nii 140704085055296
task_duration 1572372254.285176 1572372379.840641 1572371546-localAD_1it_96cpus_40bb-0 140704085055296
read_file 1572372254.3192332 1572372254.4084647 bigbrain_1538_603_1388.nii 139983166502720
increment_file 1572372254.4086607 1572372379.01056 bigbrain_1538_603_1388.nii 139983166502720
write_file 1572372379.012375 1572372380.8861911 inc-bigbrain_1538_603_1388.nii 139983166502720
task_duration 1572372254.2836332 1572372380.9397626 1572371546-localAD_1it_96cpus_40bb-0 139983166502720
read_file 1572372254.4267142 1572372254.428387 bigbrain_1538_2412_2082.nii 140185734059840
increment_file 1572372254.428583 1572372254.889027 bigbrain_1538_2412_2082.nii 140185734059840
write_file 1572372254.8897986 1572372255.3765934 inc-bigbrain_1538_2412_2082.nii 140185734059840
task_duration 1572372254.4252002 1572372255.3875523 1572371546-localAD_1it_96cpus_40bb-0 140185734059840
read_file 1572372254.2842517 1572372254.4602716 bigbrain_0_1809_0.nii 140623458068288
increment_file 1572372254.4605112 1572372379.8295436 bigbrain_0_1809_0.nii 140623458068288
write_file 1572372379.8314192 1572372381.1774728 inc-bigbrain_0_1809_0.nii 140623458068288
task_duration 1572372254.2826903 1572372381.2214296 1572371546-localAD_1it_96cpus_40bb-0 140623458068288
read_file 1572372254.2683454 1572372254.5016294 bigbrain_1538_1809_0.nii 140037078398784
increment_file 1572372254.5018597 1572372378.5597463 bigbrain_1538_1809_0.nii 140037078398784
write_file 1572372378.5616877 1572372379.5364645 inc-bigbrain_1538_1809_0.nii 140037078398784
task_duration 1572372254.2666645 1572372379.5708292 1572371546-localAD_1it_96cpus_40bb-0 140037078398784
read_file 1572372254.3261242 1572372254.5213778 bigbrain_1538_1809_694.nii 139726307546944
increment_file 1572372254.5215921 1572372378.5999446 bigbrain_1538_1809_694.nii 139726307546944
write_file 1572372378.6017601 1572372379.9541192 inc-bigbrain_1538_1809_694.nii 139726307546944
task_duration 1572372254.3245792 1572372380.0139549 1572371546-localAD_1it_96cpus_40bb-0 139726307546944
read_file 1572372254.3565004 1572372254.540561 bigbrain_1538_1809_2082.nii 139847502358336
increment_file 1572372254.5407748 1572372378.6402988 bigbrain_1538_1809_2082.nii 139847502358336
write_file 1572372378.6416228 1572372379.797188 inc-bigbrain_1538_1809_2082.nii 139847502358336
task_duration 1572372254.3550088 1572372379.8510904 1572371546-localAD_1it_96cpus_40bb-0 139847502358336
read_file 1572372254.3773975 1572372254.5424957 bigbrain_1538_603_694.nii 140075684132672
increment_file 1572372254.5426805 1572372378.6390917 bigbrain_1538_603_694.nii 140075684132672
write_file 1572372378.6402922 1572372379.9789228 inc-bigbrain_1538_603_694.nii 140075684132672
task_duration 1572372254.375811 1572372380.0347588 1572371546-localAD_1it_96cpus_40bb-0 140075684132672
read_file 1572372254.407693 1572372254.6026177 bigbrain_1538_1206_694.nii 140664504362816
increment_file 1572372254.6028085 1572372379.216279 bigbrain_1538_1206_694.nii 140664504362816
write_file 1572372379.2189033 1572372381.2053933 inc-bigbrain_1538_1206_694.nii 140664504362816
task_duration 1572372254.4060795 1572372381.2348404 1572371546-localAD_1it_96cpus_40bb-0 140664504362816
read_file 1572372254.4436955 1572372254.6128476 bigbrain_2307_1809_1388.nii 140398399186752
increment_file 1572372254.6130805 1572372379.2444131 bigbrain_2307_1809_1388.nii 140398399186752
write_file 1572372379.2462816 1572372381.2016053 inc-bigbrain_2307_1809_1388.nii 140398399186752
task_duration 1572372254.4420798 1572372381.23314 1572371546-localAD_1it_96cpus_40bb-0 140398399186752
read_file 1572372254.6247315 1572372254.626105 bigbrain_2307_2412_694.nii 140588083996480
increment_file 1572372254.6262813 1572372255.0040028 bigbrain_2307_2412_694.nii 140588083996480
write_file 1572372255.0047991 1572372255.4912791 inc-bigbrain_2307_2412_694.nii 140588083996480
task_duration 1572372254.623571 1572372255.5028574 1572371546-localAD_1it_96cpus_40bb-0 140588083996480
read_file 1572372254.4169812 1572372254.6550848 bigbrain_1538_2412_694.nii 140426676864832
increment_file 1572372254.6554353 1572372379.8372552 bigbrain_1538_2412_694.nii 140426676864832
write_file 1572372379.8404431 1572372381.1186798 inc-bigbrain_1538_2412_694.nii 140426676864832
task_duration 1572372254.4153564 1572372381.1535683 1572371546-localAD_1it_96cpus_40bb-0 140426676864832
read_file 1572372254.2709036 1572372254.669683 bigbrain_1538_1809_2776.nii 140650140227392
increment_file 1572372254.669873 1572372382.594413 bigbrain_1538_1809_2776.nii 140650140227392
write_file 1572372382.5967793 1572372383.089916 inc-bigbrain_1538_1809_2776.nii 140650140227392
task_duration 1572372254.269338 1572372383.102387 1572371546-localAD_1it_96cpus_40bb-0 140650140227392
read_file 1572372254.341854 1572372254.6703393 bigbrain_1538_0_1388.nii 140117672331072
increment_file 1572372254.6705537 1572372380.9676669 bigbrain_1538_0_1388.nii 140117672331072
write_file 1572372380.9698694 1572372381.6511874 inc-bigbrain_1538_0_1388.nii 140117672331072
task_duration 1572372254.3402822 1572372381.6671035 1572371546-localAD_1it_96cpus_40bb-0 140117672331072
read_file 1572372254.2519774 1572372254.670901 bigbrain_0_0_694.nii 139958263535424
increment_file 1572372254.6712563 1572372379.5115514 bigbrain_0_0_694.nii 139958263535424
write_file 1572372379.5137608 1572372380.873058 inc-bigbrain_0_0_694.nii 139958263535424
task_duration 1572372254.2504818 1572372380.9304006 1572371546-localAD_1it_96cpus_40bb-0 139958263535424
read_file 1572372254.3542278 1572372254.6712382 bigbrain_2307_1206_1388.nii 140282120599360
increment_file 1572372254.6715431 1572372379.868587 bigbrain_2307_1206_1388.nii 140282120599360
write_file 1572372379.872714 1572372381.0517354 inc-bigbrain_2307_1206_1388.nii 140282120599360
task_duration 1572372254.352739 1572372381.0904508 1572371546-localAD_1it_96cpus_40bb-0 140282120599360
read_file 1572372254.3327374 1572372254.6714969 bigbrain_1538_1206_0.nii 140658297255744
increment_file 1572372254.6718388 1572372380.0471392 bigbrain_1538_1206_0.nii 140658297255744
write_file 1572372380.0495992 1572372381.4061017 inc-bigbrain_1538_1206_0.nii 140658297255744
task_duration 1572372254.330947 1572372381.4205415 1572371546-localAD_1it_96cpus_40bb-0 140658297255744
read_file 1572372254.2758298 1572372254.67469 bigbrain_0_2412_2776.nii 140194899134272
increment_file 1572372254.6748555 1572372379.3323243 bigbrain_0_2412_2776.nii 140194899134272
write_file 1572372379.3348415 1572372381.0709844 inc-bigbrain_0_2412_2776.nii 140194899134272
task_duration 1572372254.2743256 1572372381.1095903 1572371546-localAD_1it_96cpus_40bb-0 140194899134272
read_file 1572372254.2881296 1572372254.675095 bigbrain_0_1206_2082.nii 140054525687616
increment_file 1572372254.6752748 1572372379.1243584 bigbrain_0_1206_2082.nii 140054525687616
write_file 1572372379.1263123 1572372380.8015954 inc-bigbrain_0_1206_2082.nii 140054525687616
task_duration 1572372254.2459254 1572372380.8356762 1572371546-localAD_1it_96cpus_40bb-0 140054525687616
read_file 1572372254.4343622 1572372254.675341 bigbrain_2307_0_0.nii 140574863292224
increment_file 1572372254.6755629 1572372379.6373944 bigbrain_2307_0_0.nii 140574863292224
write_file 1572372379.640911 1572372381.3232353 inc-bigbrain_2307_0_0.nii 140574863292224
task_duration 1572372254.4327939 1572372381.339907 1572371546-localAD_1it_96cpus_40bb-0 140574863292224
read_file 1572372254.2572727 1572372254.6762373 bigbrain_1538_2412_1388.nii 140595509892928
increment_file 1572372254.676532 1572372379.5150635 bigbrain_1538_2412_1388.nii 140595509892928
write_file 1572372379.519704 1572372381.2405047 inc-bigbrain_1538_2412_1388.nii 140595509892928
task_duration 1572372254.2557945 1572372381.2623315 1572371546-localAD_1it_96cpus_40bb-0 140595509892928
read_file 1572372254.3108153 1572372254.6762483 bigbrain_1538_0_2082.nii 140308890916672
increment_file 1572372254.6766071 1572372379.3282843 bigbrain_1538_0_2082.nii 140308890916672
write_file 1572372379.3306015 1572372381.0703163 inc-bigbrain_1538_0_2082.nii 140308890916672
task_duration 1572372254.3090475 1572372381.109448 1572371546-localAD_1it_96cpus_40bb-0 140308890916672
read_file 1572372254.4283557 1572372254.6763875 bigbrain_2307_0_694.nii 139672456755008
increment_file 1572372254.6767075 1572372379.6450257 bigbrain_2307_0_694.nii 139672456755008
write_file 1572372379.6483877 1572372381.284473 inc-bigbrain_2307_0_694.nii 139672456755008
task_duration 1572372254.42673 1572372381.301333 1572371546-localAD_1it_96cpus_40bb-0 139672456755008
read_file 1572372254.4675448 1572372254.6850204 bigbrain_2307_1206_2776.nii 139740141303616
increment_file 1572372254.6853554 1572372378.8671336 bigbrain_2307_1206_2776.nii 139740141303616
write_file 1572372378.868581 1572372380.709023 inc-bigbrain_2307_1206_2776.nii 139740141303616
task_duration 1572372254.466047 1572372380.7602153 1572371546-localAD_1it_96cpus_40bb-0 139740141303616
read_file 1572372254.469549 1572372254.685029 bigbrain_2307_1206_0.nii 139915126986560
increment_file 1572372254.6854103 1572372378.5689898 bigbrain_2307_1206_0.nii 139915126986560
write_file 1572372378.5705965 1572372379.383875 inc-bigbrain_2307_1206_0.nii 139915126986560
task_duration 1572372254.4234965 1572372379.4114244 1572371546-localAD_1it_96cpus_40bb-0 139915126986560
read_file 1572372254.600738 1572372254.6918945 bigbrain_2307_2412_0.nii 140438354913088
increment_file 1572372254.6922367 1572372378.9070084 bigbrain_2307_2412_0.nii 140438354913088
write_file 1572372378.9095373 1572372380.6846302 inc-bigbrain_2307_2412_0.nii 140438354913088
task_duration 1572372254.599031 1572372380.7381997 1572371546-localAD_1it_96cpus_40bb-0 140438354913088
read_file 1572372254.431103 1572372254.691929 bigbrain_2307_0_1388.nii 140282573469504
increment_file 1572372254.692289 1572372378.577168 bigbrain_2307_0_1388.nii 140282573469504
write_file 1572372378.5785892 1572372379.4747617 inc-bigbrain_2307_0_1388.nii 140282573469504
task_duration 1572372254.4294903 1572372379.5283704 1572371546-localAD_1it_96cpus_40bb-0 140282573469504
read_file 1572372254.4286516 1572372254.6919608 bigbrain_1538_2412_2776.nii 140342365808448
increment_file 1572372254.6923563 1572372378.877631 bigbrain_1538_2412_2776.nii 140342365808448
write_file 1572372378.8797262 1572372380.3501954 inc-bigbrain_1538_2412_2776.nii 140342365808448
task_duration 1572372254.3895104 1572372380.405334 1572371546-localAD_1it_96cpus_40bb-0 140342365808448
read_file 1572372254.5392232 1572372254.692 bigbrain_2307_1206_2082.nii 139723610847040
increment_file 1572372254.692407 1572372378.896732 bigbrain_2307_1206_2082.nii 139723610847040
write_file 1572372378.8997483 1572372380.692567 inc-bigbrain_2307_1206_2082.nii 139723610847040
task_duration 1572372254.5370865 1572372380.729672 1572371546-localAD_1it_96cpus_40bb-0 139723610847040
read_file 1572372254.6011708 1572372254.710208 bigbrain_2307_2412_2776.nii 139962390542144
increment_file 1572372254.7105434 1572372378.9299352 bigbrain_2307_2412_2776.nii 139962390542144
write_file 1572372378.931918 1572372380.7461054 inc-bigbrain_2307_2412_2776.nii 139962390542144
task_duration 1572372254.5999746 1572372380.8024306 1572371546-localAD_1it_96cpus_40bb-0 139962390542144
read_file 1572372254.4997926 1572372254.710331 bigbrain_2307_1809_0.nii 140441592272704
increment_file 1572372254.7106524 1572372378.9070683 bigbrain_2307_1809_0.nii 140441592272704
write_file 1572372378.908861 1572372380.7241282 inc-bigbrain_2307_1809_0.nii 140441592272704
task_duration 1572372254.4979055 1572372380.7698677 1572371546-localAD_1it_96cpus_40bb-0 140441592272704
read_file 1572372254.5973425 1572372254.7103345 bigbrain_2307_2412_1388.nii 139750775895872
increment_file 1572372254.710738 1572372378.9072113 bigbrain_2307_2412_1388.nii 139750775895872
write_file 1572372378.9091074 1572372380.720352 inc-bigbrain_2307_2412_1388.nii 139750775895872
task_duration 1572372254.5954068 1572372380.7578344 1572371546-localAD_1it_96cpus_40bb-0 139750775895872
read_file 1572372254.5991466 1572372254.7197983 bigbrain_3076_0_2776.nii 140183653635904
increment_file 1572372254.7201343 1572372378.9363668 bigbrain_3076_0_2776.nii 140183653635904
write_file 1572372378.937965 1572372380.8970718 inc-bigbrain_3076_0_2776.nii 140183653635904
task_duration 1572372254.5973358 1572372380.9373376 1572371546-localAD_1it_96cpus_40bb-0 140183653635904
read_file 1572372254.5897386 1572372254.7379763 bigbrain_2307_603_0.nii 140442322077504
increment_file 1572372254.7382812 1572372378.948666 bigbrain_2307_603_0.nii 140442322077504
write_file 1572372378.9506495 1572372380.5249214 inc-bigbrain_2307_603_0.nii 140442322077504
task_duration 1572372254.5881355 1572372380.5825677 1572371546-localAD_1it_96cpus_40bb-0 140442322077504
read_file 1572372254.4715962 1572372254.7379754 bigbrain_2307_0_2776.nii 140027548997440
increment_file 1572372254.7383645 1572372378.939914 bigbrain_2307_0_2776.nii 140027548997440
write_file 1572372378.9418797 1572372380.716751 inc-bigbrain_2307_0_2776.nii 140027548997440
task_duration 1572372254.470038 1572372380.7591088 1572371546-localAD_1it_96cpus_40bb-0 140027548997440
read_file 1572372254.5284696 1572372254.7380006 bigbrain_2307_0_2082.nii 140706206168896
increment_file 1572372254.7384248 1572372379.1714976 bigbrain_2307_0_2082.nii 140706206168896
write_file 1572372379.1736035 1572372381.0540063 inc-bigbrain_2307_0_2082.nii 140706206168896
task_duration 1572372254.5270205 1572372381.086999 1572371546-localAD_1it_96cpus_40bb-0 140706206168896
read_file 1572372254.6605422 1572372254.7678328 bigbrain_3076_1206_1388.nii 140143501023040
increment_file 1572372254.7682524 1572372379.3897276 bigbrain_3076_1206_1388.nii 140143501023040
write_file 1572372379.39161 1572372381.1926644 inc-bigbrain_3076_1206_1388.nii 140143501023040
task_duration 1572372254.6594498 1572372381.2197258 1572371546-localAD_1it_96cpus_40bb-0 140143501023040
read_file 1572372254.5448759 1572372254.7678573 bigbrain_2307_1206_694.nii 140209074956096
increment_file 1572372254.7683237 1572372379.3989184 bigbrain_2307_1206_694.nii 140209074956096
write_file 1572372379.400327 1572372380.5889897 inc-bigbrain_2307_1206_694.nii 140209074956096
task_duration 1572372254.5432038 1572372380.6519144 1572371546-localAD_1it_96cpus_40bb-0 140209074956096
read_file 1572372254.6578295 1572372254.77646 bigbrain_3076_1809_2776.nii 140239560251200
increment_file 1572372254.7768023 1572372379.408896 bigbrain_3076_1809_2776.nii 140239560251200
write_file 1572372379.4106877 1572372380.7948234 inc-bigbrain_3076_1809_2776.nii 140239560251200
task_duration 1572372254.6567273 1572372380.8551285 1572371546-localAD_1it_96cpus_40bb-0 140239560251200
read_file 1572372254.6115637 1572372254.7764618 bigbrain_3076_0_2082.nii 140578607372096
increment_file 1572372254.7768757 1572372379.3992345 bigbrain_3076_0_2082.nii 140578607372096
write_file 1572372379.4017572 1572372380.5365798 inc-bigbrain_3076_0_2082.nii 140578607372096
task_duration 1572372254.6097147 1572372380.585176 1572371546-localAD_1it_96cpus_40bb-0 140578607372096
read_file 1572372254.5822852 1572372254.7938948 bigbrain_2307_1809_2776.nii 140421223429952
increment_file 1572372254.7942424 1572372379.4221897 bigbrain_2307_1809_2776.nii 140421223429952
write_file 1572372379.4255 1572372381.2809548 inc-bigbrain_2307_1809_2776.nii 140421223429952
task_duration 1572372254.581103 1572372381.2984064 1572371546-localAD_1it_96cpus_40bb-0 140421223429952
read_file 1572372254.5378876 1572372254.7939262 bigbrain_2307_1809_2082.nii 140130613413696
increment_file 1572372254.7943158 1572372379.4117568 bigbrain_2307_1809_2082.nii 140130613413696
write_file 1572372379.4152339 1572372381.307118 inc-bigbrain_2307_1809_2082.nii 140130613413696
task_duration 1572372254.5361695 1572372381.32283 1572371546-localAD_1it_96cpus_40bb-0 140130613413696
read_file 1572372254.565666 1572372254.7939715 bigbrain_2307_1809_694.nii 140453243463488
increment_file 1572372254.7943623 1572372379.4118686 bigbrain_2307_1809_694.nii 140453243463488
write_file 1572372379.4152727 1572372381.241172 inc-bigbrain_2307_1809_694.nii 140453243463488
task_duration 1572372254.5639617 1572372381.2630396 1572371546-localAD_1it_96cpus_40bb-0 140453243463488
read_file 1572372254.6339204 1572372254.7940378 bigbrain_2307_603_2776.nii 140556639643456
increment_file 1572372254.794421 1572372379.4276252 bigbrain_2307_603_2776.nii 140556639643456
write_file 1572372379.4292474 1572372380.7204273 inc-bigbrain_2307_603_2776.nii 140556639643456
task_duration 1572372254.6328063 1572372380.765907 1572371546-localAD_1it_96cpus_40bb-0 140556639643456
read_file 1572372254.6463487 1572372254.8033075 bigbrain_2307_603_2082.nii 140641551198016
increment_file 1572372254.8036022 1572372379.4288018 bigbrain_2307_603_2082.nii 140641551198016
write_file 1572372379.4296288 1572372380.7314959 inc-bigbrain_2307_603_2082.nii 140641551198016
task_duration 1572372254.6452718 1572372380.7898698 1572371546-localAD_1it_96cpus_40bb-0 140641551198016
read_file 1572372254.6535177 1572372254.8312895 bigbrain_3076_1206_2082.nii 139800222156608
increment_file 1572372254.8316107 1572372379.8231027 bigbrain_3076_1206_2082.nii 139800222156608
write_file 1572372379.8248453 1572372381.1598077 inc-bigbrain_3076_1206_2082.nii 139800222156608
task_duration 1572372254.6524055 1572372381.192985 1572371546-localAD_1it_96cpus_40bb-0 139800222156608
read_file 1572372254.637659 1572372254.831314 bigbrain_3076_0_1388.nii 140215190181696
increment_file 1572372254.831683 1572372379.83228 bigbrain_3076_0_1388.nii 140215190181696
write_file 1572372379.838558 1572372381.214922 inc-bigbrain_3076_0_1388.nii 140215190181696
task_duration 1572372254.636563 1572372381.2444131 1572371546-localAD_1it_96cpus_40bb-0 140215190181696
read_file 1572372254.578232 1572372254.8313918 bigbrain_2307_2412_2082.nii 139715199584064
increment_file 1572372254.8317614 1572372379.707939 bigbrain_2307_2412_2082.nii 139715199584064
write_file 1572372379.7116318 1572372381.2920642 inc-bigbrain_2307_2412_2082.nii 139715199584064
task_duration 1572372254.577053 1572372381.3090463 1572371546-localAD_1it_96cpus_40bb-0 139715199584064
read_file 1572372254.6169498 1572372254.831396 bigbrain_2307_603_1388.nii 139874401646400
increment_file 1572372254.831823 1572372379.6962154 bigbrain_2307_603_1388.nii 139874401646400
write_file 1572372379.6985662 1572372381.047608 inc-bigbrain_2307_603_1388.nii 139874401646400
task_duration 1572372254.6157808 1572372381.0977602 1572371546-localAD_1it_96cpus_40bb-0 139874401646400
read_file 1572372254.662126 1572372254.8610415 bigbrain_3076_1206_694.nii 139688977770304
increment_file 1572372254.8613799 1572372379.153858 bigbrain_3076_1206_694.nii 139688977770304
write_file 1572372379.1564205 1572372380.273744 inc-bigbrain_3076_1206_694.nii 139688977770304
task_duration 1572372254.6610186 1572372380.3534675 1572371546-localAD_1it_96cpus_40bb-0 139688977770304
read_file 1572372254.6662467 1572372254.861135 bigbrain_3076_0_694.nii 140388443944768
increment_file 1572372254.8614595 1572372378.8765974 bigbrain_3076_0_694.nii 140388443944768
write_file 1572372378.878247 1572372380.4472013 inc-bigbrain_3076_0_694.nii 140388443944768
task_duration 1572372254.665103 1572372380.4760907 1572371546-localAD_1it_96cpus_40bb-0 140388443944768
read_file 1572372254.7201207 1572372255.0037189 bigbrain_3076_2412_2776.nii 140506439051072
increment_file 1572372255.0040457 1572372379.134649 bigbrain_3076_2412_2776.nii 140506439051072
write_file 1572372379.1371317 1572372381.1541607 inc-bigbrain_3076_2412_2776.nii 140506439051072
task_duration 1572372254.7191966 1572372381.1834333 1572371546-localAD_1it_96cpus_40bb-0 140506439051072
read_file 1572372254.6892314 1572372255.003734 bigbrain_3076_1206_0.nii 139648896304960
increment_file 1572372255.0041158 1572372379.1430197 bigbrain_3076_1206_0.nii 139648896304960
write_file 1572372379.1457102 1572372381.0348234 inc-bigbrain_3076_1206_0.nii 139648896304960
task_duration 1572372254.6881464 1572372381.0721154 1572371546-localAD_1it_96cpus_40bb-0 139648896304960
read_file 1572372254.7130837 1572372255.0484796 bigbrain_3076_2412_1388.nii 140568769652544
increment_file 1572372255.0487778 1572372379.1436877 bigbrain_3076_2412_1388.nii 140568769652544
write_file 1572372379.145748 1572372381.2013865 inc-bigbrain_3076_2412_1388.nii 140568769652544
task_duration 1572372254.712152 1572372381.2306938 1572371546-localAD_1it_96cpus_40bb-0 140568769652544
read_file 1572372254.6974146 1572372255.0574393 bigbrain_3076_1809_0.nii 139992781346624
increment_file 1572372255.0576866 1572372379.153193 bigbrain_3076_1809_0.nii 139992781346624
write_file 1572372379.1553855 1572372380.1426656 inc-bigbrain_3076_1809_0.nii 139992781346624
task_duration 1572372254.6962721 1572372380.1914847 1572371546-localAD_1it_96cpus_40bb-0 139992781346624
read_file 1572372254.695116 1572372255.0780857 bigbrain_3076_1809_1388.nii 140515827832640
increment_file 1572372255.0784006 1572372379.1638818 bigbrain_3076_1809_1388.nii 140515827832640
write_file 1572372379.1671982 1572372380.2985446 inc-bigbrain_3076_1809_1388.nii 140515827832640
task_duration 1572372254.6940205 1572372380.3631818 1572371546-localAD_1it_96cpus_40bb-0 140515827832640
read_file 1572372254.6939561 1572372255.098049 bigbrain_3076_1809_694.nii 140002017400640
increment_file 1572372255.0983865 1572372379.3599646 bigbrain_3076_1809_694.nii 140002017400640
write_file 1572372379.3618724 1572372381.2342458 inc-bigbrain_3076_1809_694.nii 140002017400640
task_duration 1572372254.6928623 1572372381.2606497 1572371546-localAD_1it_96cpus_40bb-0 140002017400640
read_file 1572372254.7123916 1572372255.1173205 bigbrain_3076_2412_2082.nii 140139254658880
increment_file 1572372255.1176307 1572372379.380331 bigbrain_3076_2412_2082.nii 140139254658880
write_file 1572372379.382804 1572372381.3317611 inc-bigbrain_3076_2412_2082.nii 140139254658880
task_duration 1572372254.711445 1572372381.3532615 1572371546-localAD_1it_96cpus_40bb-0 140139254658880
read_file 1572372254.698561 1572372255.1174169 bigbrain_3076_0_0.nii 139768400840512
increment_file 1572372255.1177392 1572372379.370228 bigbrain_3076_0_0.nii 139768400840512
write_file 1572372379.3725526 1572372381.3111627 inc-bigbrain_3076_0_0.nii 139768400840512
task_duration 1572372254.697215 1572372381.3327966 1572371546-localAD_1it_96cpus_40bb-0 139768400840512
read_file 1572372254.702053 1572372255.204309 bigbrain_3076_2412_0.nii 140540226164544
increment_file 1572372255.2046056 1572372379.6968813 bigbrain_3076_2412_0.nii 140540226164544
write_file 1572372379.7000785 1572372381.3530958 inc-bigbrain_3076_2412_0.nii 140540226164544
task_duration 1572372254.7010503 1572372381.368415 1572371546-localAD_1it_96cpus_40bb-0 140540226164544
read_file 1572372254.6872587 1572372255.2353785 bigbrain_3076_1809_2082.nii 140621881841472
increment_file 1572372255.235701 1572372379.562963 bigbrain_3076_1809_2082.nii 140621881841472
write_file 1572372379.5661862 1572372380.993273 inc-bigbrain_3076_1809_2082.nii 140621881841472
task_duration 1572372254.686104 1572372381.0348473 1572371546-localAD_1it_96cpus_40bb-0 140621881841472
read_file 1572372254.6876557 1572372255.2552319 bigbrain_3076_1206_2776.nii 140222923728704
increment_file 1572372255.2555625 1572372379.7070014 bigbrain_3076_1206_2776.nii 140222923728704
write_file 1572372379.7106383 1572372381.3443518 inc-bigbrain_3076_1206_2776.nii 140222923728704
task_duration 1572372254.6865094 1572372381.3602736 1572371546-localAD_1it_96cpus_40bb-0 140222923728704
read_file 1572372254.688214 1572372255.2753854 bigbrain_2307_603_694.nii 139899419838272
increment_file 1572372255.275699 1572372379.8219745 bigbrain_2307_603_694.nii 139899419838272
write_file 1572372379.8263574 1572372381.3961604 inc-bigbrain_2307_603_694.nii 139899419838272
task_duration 1572372254.6870167 1572372381.4108348 1572371546-localAD_1it_96cpus_40bb-0 139899419838272
read_file 1572372254.7574716 1572372255.3060813 bigbrain_3076_603_0.nii 140412505327424
increment_file 1572372255.3063867 1572372379.9604533 bigbrain_3076_603_0.nii 140412505327424
write_file 1572372379.9627976 1572372381.1885698 inc-bigbrain_3076_603_0.nii 140412505327424
task_duration 1572372254.7563856 1572372381.2194786 1572371546-localAD_1it_96cpus_40bb-0 140412505327424
read_file 1572372254.7210689 1572372255.3469021 bigbrain_3076_2412_694.nii 140559310120768
increment_file 1572372255.3471994 1572372379.1324031 bigbrain_3076_2412_694.nii 140559310120768
write_file 1572372379.1342628 1572372381.0740187 inc-bigbrain_3076_2412_694.nii 140559310120768
task_duration 1572372254.7201428 1572372381.1084254 1572371546-localAD_1it_96cpus_40bb-0 140559310120768
read_file 1572372255.6641204 1572372256.0673025 bigbrain_3076_603_1388.nii 139626887489344
increment_file 1572372256.0676546 1572372379.7987149 bigbrain_3076_603_1388.nii 139626887489344
write_file 1572372379.800498 1572372381.073998 inc-bigbrain_3076_603_1388.nii 139626887489344
task_duration 1572372255.663098 1572372381.120856 1572371546-localAD_1it_96cpus_40bb-0 139626887489344
read_file 1572372255.7649832 1572372256.2241578 bigbrain_3076_603_2082.nii 140372776888128
increment_file 1572372256.2245274 1572372379.6657379 bigbrain_3076_603_2082.nii 140372776888128
write_file 1572372379.668032 1572372381.024954 inc-bigbrain_3076_603_2082.nii 140372776888128
task_duration 1572372255.7640052 1572372381.063036 1572371546-localAD_1it_96cpus_40bb-0 140372776888128
read_file 1572372376.210285 1572372376.578971 bigbrain_3076_603_2776.nii 140249520281408
increment_file 1572372376.579352 1572372411.2807124 bigbrain_3076_603_2776.nii 140249520281408
write_file 1572372411.2826538 1572372411.7853572 inc-bigbrain_3076_603_2776.nii 140249520281408
task_duration 1572372376.2093887 1572372411.7970185 1572371546-localAD_1it_96cpus_40bb-0 140249520281408
read_file 1572372377.161432 1572372377.7265232 bigbrain_3076_603_694.nii 139818315941696
increment_file 1572372377.726879 1572372410.6117752 bigbrain_3076_603_694.nii 139818315941696
write_file 1572372410.6135824 1572372411.083984 inc-bigbrain_3076_603_694.nii 139818315941696
task_duration 1572372377.160527 1572372411.0953948 1572371546-localAD_1it_96cpus_40bb-0 139818315941696
read_file 1572372377.7292545 1572372378.0800352 bigbrain_769_0_0.nii 140719864858432
increment_file 1572372378.08022 1572372410.124928 bigbrain_769_0_0.nii 140719864858432
write_file 1572372410.1267693 1572372410.6054955 inc-bigbrain_769_0_0.nii 140719864858432
task_duration 1572372377.7283614 1572372410.6173034 1572371546-localAD_1it_96cpus_40bb-0 140719864858432
read_file 1572372378.065306 1572372378.3735664 bigbrain_769_0_1388.nii 140080217114432
increment_file 1572372378.3739383 1572372410.2916782 bigbrain_769_0_1388.nii 140080217114432
write_file 1572372410.2935793 1572372410.7619126 inc-bigbrain_769_0_1388.nii 140080217114432
task_duration 1572372378.0641887 1572372410.7732198 1572371546-localAD_1it_96cpus_40bb-0 140080217114432
read_file 1572372378.1989033 1572372378.5188317 bigbrain_769_0_2776.nii 140694345803584
increment_file 1572372378.519157 1572372412.2886899 bigbrain_769_0_2776.nii 140694345803584
write_file 1572372412.291044 1572372412.7492998 inc-bigbrain_769_0_2776.nii 140694345803584
task_duration 1572372378.1979263 1572372412.760687 1572371546-localAD_1it_96cpus_40bb-0 140694345803584
read_file 1572372378.2025316 1572372378.5576885 bigbrain_769_0_2082.nii 139768432850752
increment_file 1572372378.5578988 1572372412.1340048 bigbrain_769_0_2082.nii 139768432850752
write_file 1572372412.1369424 1572372412.7691414 inc-bigbrain_769_0_2082.nii 139768432850752
task_duration 1572372378.2011802 1572372412.7832284 1572371546-localAD_1it_96cpus_40bb-0 139768432850752
read_file 1572372378.209468 1572372378.6815283 bigbrain_769_0_694.nii 139650032330560
increment_file 1572372378.6817393 1572372409.2727945 bigbrain_769_0_694.nii 139650032330560
write_file 1572372409.2750018 1572372409.744505 inc-bigbrain_769_0_694.nii 139650032330560
task_duration 1572372378.2085238 1572372409.7559853 1572371546-localAD_1it_96cpus_40bb-0 139650032330560
read_file 1572372378.6212738 1572372378.9575565 bigbrain_769_1206_0.nii 139991728424768
increment_file 1572372378.9577816 1572372413.388754 bigbrain_769_1206_0.nii 139991728424768
write_file 1572372413.3904786 1572372413.8808117 inc-bigbrain_769_1206_0.nii 139991728424768
task_duration 1572372378.6202486 1572372413.8933196 1572371546-localAD_1it_96cpus_40bb-0 139991728424768
read_file 1572372378.827828 1572372379.1239758 bigbrain_769_1206_1388.nii 140106046080832
increment_file 1572372379.1242375 1572372413.1645947 bigbrain_769_1206_1388.nii 140106046080832
write_file 1572372413.1666994 1572372413.665345 inc-bigbrain_769_1206_1388.nii 140106046080832
task_duration 1572372378.8266222 1572372413.6775713 1572371546-localAD_1it_96cpus_40bb-0 140106046080832
read_file 1572372378.9738882 1572372379.1738703 bigbrain_769_1206_2082.nii 140687798093632
increment_file 1572372379.1741998 1572372413.8892643 bigbrain_769_1206_2082.nii 140687798093632
write_file 1572372413.892104 1572372414.377018 inc-bigbrain_769_1206_2082.nii 140687798093632
task_duration 1572372378.9729276 1572372414.3891697 1572371546-localAD_1it_96cpus_40bb-0 140687798093632
read_file 1572372379.2511349 1572372379.4914255 bigbrain_769_1206_2776.nii 140705480427328
increment_file 1572372379.4918826 1572372414.7712884 bigbrain_769_1206_2776.nii 140705480427328
read_file 1572372379.4449022 1572372379.521389 bigbrain_769_1206_694.nii 139975266617152
increment_file 1572372379.5217986 1572372413.449138 bigbrain_769_1206_694.nii 139975266617152
write_file 1572372413.4508772 1572372413.9427571 inc-bigbrain_769_1206_694.nii 139975266617152
task_duration 1572372379.4436772 1572372413.954882 1572371546-localAD_1it_96cpus_40bb-0 139975266617152
read_file 1572372379.7999964 1572372379.8846471 bigbrain_769_1809_0.nii 139691332392768
increment_file 1572372379.885309 1572372413.699035 bigbrain_769_1809_0.nii 139691332392768
write_file 1572372413.7014022 1572372414.176062 inc-bigbrain_769_1809_0.nii 139691332392768
task_duration 1572372379.7964501 1572372414.1882682 1572371546-localAD_1it_96cpus_40bb-0 139691332392768
read_file 1572372379.920696 1572372379.9654486 bigbrain_769_1809_2082.nii 139632844322624
increment_file 1572372379.9660058 1572372414.2092998 bigbrain_769_1809_2082.nii 139632844322624
read_file 1572372380.0327356 1572372380.109892 bigbrain_769_1809_1388.nii 139914194880320
increment_file 1572372380.11055 1572372413.298535 bigbrain_769_1809_1388.nii 139914194880320
write_file 1572372413.300245 1572372413.8496013 inc-bigbrain_769_1809_1388.nii 139914194880320
task_duration 1572372380.028886 1572372413.861866 1572371546-localAD_1it_96cpus_40bb-0 139914194880320
read_file 1572372380.0613654 1572372380.1808994 bigbrain_769_1809_2776.nii 140579977152320
increment_file 1572372380.1813362 1572372414.5503154 bigbrain_769_1809_2776.nii 140579977152320
read_file 1572372380.2783442 1572372380.3258343 bigbrain_769_1809_694.nii 140321877223232
increment_file 1572372380.3261456 1572372413.9705794 bigbrain_769_1809_694.nii 140321877223232
write_file 1572372413.9722993 1572372414.4634778 inc-bigbrain_769_1809_694.nii 140321877223232
task_duration 1572372380.2756076 1572372414.4753456 1572371546-localAD_1it_96cpus_40bb-0 140321877223232
read_file 1572372380.436243 1572372380.4712248 bigbrain_769_2412_2082.nii 140136939050816
increment_file 1572372380.4715211 1572372413.0618389 bigbrain_769_2412_2082.nii 140136939050816
write_file 1572372413.0648336 1572372413.6227016 inc-bigbrain_769_2412_2082.nii 140136939050816
task_duration 1572372380.4340649 1572372413.6363006 1572371546-localAD_1it_96cpus_40bb-0 140136939050816
read_file 1572372380.5582829 1572372380.5957446 bigbrain_769_2412_1388.nii 140214544553792
increment_file 1572372380.5960257 1572372413.529817 bigbrain_769_2412_1388.nii 140214544553792
write_file 1572372413.5315044 1572372414.0297 inc-bigbrain_769_2412_1388.nii 140214544553792
task_duration 1572372380.5559173 1572372414.0419638 1572371546-localAD_1it_96cpus_40bb-0 140214544553792
read_file 1572372380.631582 1572372380.781667 bigbrain_769_2412_2776.nii 140240586180416
increment_file 1572372380.7820628 1572372414.4018896 bigbrain_769_2412_2776.nii 140240586180416
read_file 1572372380.7435188 1572372380.782204 bigbrain_769_2412_694.nii 139634849441600
increment_file 1572372380.782663 1572372414.279772 bigbrain_769_2412_694.nii 139634849441600
read_file 1572372380.7232733 1572372380.7829704 bigbrain_769_2412_0.nii 140636407666496
increment_file 1572372380.7834454 1572372414.1401188 bigbrain_769_2412_0.nii 140636407666496
read_file 1572372380.8135996 1572372380.8852682 bigbrain_769_603_2776.nii 140673109030720
increment_file 1572372380.885629 1572372414.3998525 bigbrain_769_603_2776.nii 140673109030720
read_file 1572372380.9046514 1572372380.907535 bigbrain_769_603_2082.nii 139898867746624
increment_file 1572372380.907871 1572372381.450632 bigbrain_769_603_2082.nii 139898867746624
write_file 1572372381.4514732 1572372381.9306314 inc-bigbrain_769_603_2082.nii 139898867746624
task_duration 1572372380.9030507 1572372381.94248 1572371546-localAD_1it_96cpus_40bb-0 139898867746624
read_file 1572372380.8814695 1572372380.918713 bigbrain_769_603_694.nii 140297579341632
increment_file 1572372380.919054 1572372414.3182447 bigbrain_769_603_694.nii 140297579341632
read_file 1572372380.8207667 1572372380.9405196 bigbrain_769_603_0.nii 139911462594368
increment_file 1572372380.9409337 1572372413.5265646 bigbrain_769_603_0.nii 139911462594368
write_file 1572372413.528099 1572372414.0370996 inc-bigbrain_769_603_0.nii 139911462594368
task_duration 1572372380.819392 1572372414.048775 1572371546-localAD_1it_96cpus_40bb-0 139911462594368
read_file 1572372380.9169614 1572372381.0742197 bigbrain_769_603_1388.nii 140235141674816
increment_file 1572372381.0746377 1572372414.1680028 bigbrain_769_603_1388.nii 140235141674816
