read_file 1572389534.1985815 1572389534.1998317 bigbrain_0_603_2082.nii 140614682826560
increment_file 1572389534.1999805 1572389544.9777668 bigbrain_0_603_2082.nii 140614682826560
write_file 1572389544.9812963 1572389567.171517 inc-bigbrain_0_603_2082.nii 140614682826560
task_duration 1572389534.1975276 1572389567.1990287 1572389361-optaneAD_1it_25cpus_40bb-2 140614682826560
read_file 1572389534.1986656 1572389534.1998441 bigbrain_0_1809_0.nii 139942367962944
increment_file 1572389534.199996 1572389544.9768293 bigbrain_0_1809_0.nii 139942367962944
write_file 1572389544.9802544 1572389566.5966208 inc-bigbrain_0_1809_0.nii 139942367962944
task_duration 1572389534.197638 1572389566.6016636 1572389361-optaneAD_1it_25cpus_40bb-2 139942367962944
read_file 1572389534.1988506 1572389534.2001364 bigbrain_0_2412_0.nii 140265980671808
increment_file 1572389534.200303 1572389544.673803 bigbrain_0_2412_0.nii 140265980671808
write_file 1572389544.6812773 1572389549.661425 inc-bigbrain_0_2412_0.nii 140265980671808
task_duration 1572389534.197761 1572389549.6743236 1572389361-optaneAD_1it_25cpus_40bb-2 140265980671808
read_file 1572389534.198935 1572389534.2001684 bigbrain_0_0_0.nii 140476456617792
increment_file 1572389534.2003214 1572389544.9523637 bigbrain_0_0_0.nii 140476456617792
write_file 1572389544.9569077 1572389566.851922 inc-bigbrain_0_0_0.nii 140476456617792
task_duration 1572389534.1978464 1572389566.878616 1572389361-optaneAD_1it_25cpus_40bb-2 140476456617792
read_file 1572389534.1989717 1572389534.2001781 bigbrain_0_1206_2082.nii 140196211779392
increment_file 1572389534.2003891 1572389544.6825466 bigbrain_0_1206_2082.nii 140196211779392
write_file 1572389544.6888602 1572389550.403476 inc-bigbrain_0_1206_2082.nii 140196211779392
task_duration 1572389534.1978176 1572389550.4085631 1572389361-optaneAD_1it_25cpus_40bb-2 140196211779392
read_file 1572389534.1989074 1572389534.2001925 bigbrain_0_603_2776.nii 140034219214656
increment_file 1572389534.2003908 1572389544.6854546 bigbrain_0_603_2776.nii 140034219214656
write_file 1572389544.6905813 1572389574.2348812 inc-bigbrain_0_603_2776.nii 140034219214656
task_duration 1572389534.1977992 1572389574.2415116 1572389361-optaneAD_1it_25cpus_40bb-2 140034219214656
read_file 1572389534.1989093 1572389534.2002215 bigbrain_0_1206_0.nii 139966194091840
increment_file 1572389534.2004204 1572389544.6843965 bigbrain_0_1206_0.nii 139966194091840
write_file 1572389544.690029 1572389574.6325781 inc-bigbrain_0_1206_0.nii 139966194091840
task_duration 1572389534.1977777 1572389574.6430128 1572389361-optaneAD_1it_25cpus_40bb-2 139966194091840
read_file 1572389534.198967 1572389534.2002373 bigbrain_0_0_1388.nii 139793100027712
increment_file 1572389534.200447 1572389544.6725676 bigbrain_0_0_1388.nii 139793100027712
write_file 1572389544.6842237 1572389550.3351297 inc-bigbrain_0_0_1388.nii 139793100027712
task_duration 1572389534.1978643 1572389550.3403752 1572389361-optaneAD_1it_25cpus_40bb-2 139793100027712
read_file 1572389534.198957 1572389534.2002392 bigbrain_0_2412_694.nii 140682463680320
increment_file 1572389534.200476 1572389544.6703062 bigbrain_0_2412_694.nii 140682463680320
write_file 1572389544.6833246 1572389550.6002192 inc-bigbrain_0_2412_694.nii 140682463680320
task_duration 1572389534.1978662 1572389550.6050093 1572389361-optaneAD_1it_25cpus_40bb-2 140682463680320
read_file 1572389534.1989806 1572389534.2002726 bigbrain_0_1809_2776.nii 140580324030272
increment_file 1572389534.2005076 1572389544.9733543 bigbrain_0_1809_2776.nii 140580324030272
write_file 1572389544.9777784 1572389548.70881 inc-bigbrain_0_1809_2776.nii 140580324030272
task_duration 1572389534.197883 1572389548.7690432 1572389361-optaneAD_1it_25cpus_40bb-2 140580324030272
read_file 1572389534.1990082 1572389534.2003217 bigbrain_0_603_1388.nii 140515675223872
increment_file 1572389534.2005363 1572389544.6842403 bigbrain_0_603_1388.nii 140515675223872
write_file 1572389544.6904366 1572389548.3295689 inc-bigbrain_0_603_1388.nii 140515675223872
task_duration 1572389534.1978672 1572389548.33485 1572389361-optaneAD_1it_25cpus_40bb-2 140515675223872
read_file 1572389534.1990938 1572389534.200331 bigbrain_0_2412_2082.nii 140141246564160
increment_file 1572389534.2005758 1572389544.6827583 bigbrain_0_2412_2082.nii 140141246564160
write_file 1572389544.6890037 1572389574.7722476 inc-bigbrain_0_2412_2082.nii 140141246564160
task_duration 1572389534.1979268 1572389574.7763913 1572389361-optaneAD_1it_25cpus_40bb-2 140141246564160
read_file 1572389534.1990104 1572389534.2003367 bigbrain_0_1206_2776.nii 139826513196864
increment_file 1572389534.2005963 1572389544.6889546 bigbrain_0_1206_2776.nii 139826513196864
write_file 1572389544.6926663 1572389561.5205646 inc-bigbrain_0_1206_2776.nii 139826513196864
task_duration 1572389534.197844 1572389561.530805 1572389361-optaneAD_1it_25cpus_40bb-2 139826513196864
read_file 1572389534.1990793 1572389534.200375 bigbrain_0_2412_1388.nii 139941964302144
increment_file 1572389534.2006965 1572389544.9580584 bigbrain_0_2412_1388.nii 139941964302144
write_file 1572389544.9604638 1572389566.49734 inc-bigbrain_0_2412_1388.nii 139941964302144
task_duration 1572389534.197931 1572389566.5022886 1572389361-optaneAD_1it_25cpus_40bb-2 139941964302144
read_file 1572389534.1994278 1572389534.2005467 bigbrain_0_1206_694.nii 139789934692160
increment_file 1572389534.2010245 1572389544.994001 bigbrain_0_1206_694.nii 139789934692160
write_file 1572389544.996529 1572389566.6407642 inc-bigbrain_0_1206_694.nii 139789934692160
task_duration 1572389534.1983879 1572389566.6464024 1572389361-optaneAD_1it_25cpus_40bb-2 139789934692160
read_file 1572389534.203872 1572389534.208062 bigbrain_0_1809_1388.nii 140700861970240
increment_file 1572389534.2085686 1572389544.6552594 bigbrain_0_1809_1388.nii 140700861970240
write_file 1572389544.6686664 1572389548.1752222 inc-bigbrain_0_1809_1388.nii 140700861970240
task_duration 1572389534.2020972 1572389548.1832623 1572389361-optaneAD_1it_25cpus_40bb-2 140700861970240
read_file 1572389534.2037816 1572389534.2113082 bigbrain_0_2412_2776.nii 140601932760896
increment_file 1572389534.211883 1572389544.9843435 bigbrain_0_2412_2776.nii 140601932760896
write_file 1572389544.987724 1572389548.0526845 inc-bigbrain_0_2412_2776.nii 140601932760896
task_duration 1572389534.2023087 1572389548.0575182 1572389361-optaneAD_1it_25cpus_40bb-2 140601932760896
read_file 1572389534.2018251 1572389534.2112174 bigbrain_0_603_694.nii 140438403385152
increment_file 1572389534.213015 1572389544.68209 bigbrain_0_603_694.nii 140438403385152
write_file 1572389544.689242 1572389549.9573038 inc-bigbrain_0_603_694.nii 140438403385152
task_duration 1572389534.1996589 1572389549.962995 1572389361-optaneAD_1it_25cpus_40bb-2 140438403385152
read_file 1572389534.2064636 1572389534.2121282 bigbrain_0_0_2776.nii 140441670788928
increment_file 1572389534.2126358 1572389544.6807787 bigbrain_0_0_2776.nii 140441670788928
write_file 1572389544.6846917 1572389549.9171004 inc-bigbrain_0_0_2776.nii 140441670788928
task_duration 1572389534.2034745 1572389549.9219866 1572389361-optaneAD_1it_25cpus_40bb-2 140441670788928
read_file 1572389534.203469 1572389534.2140908 bigbrain_0_0_694.nii 139741671077696
increment_file 1572389534.2164245 1572389544.9816751 bigbrain_0_0_694.nii 139741671077696
write_file 1572389544.9835494 1572389566.7229939 inc-bigbrain_0_0_694.nii 139741671077696
task_duration 1572389534.199861 1572389566.7300832 1572389361-optaneAD_1it_25cpus_40bb-2 139741671077696
read_file 1572389534.211652 1572389534.2227972 bigbrain_0_0_2082.nii 139737789060928
increment_file 1572389534.2238054 1572389544.984282 bigbrain_0_0_2082.nii 139737789060928
write_file 1572389544.9870524 1572389569.5327442 inc-bigbrain_0_0_2082.nii 139737789060928
task_duration 1572389534.2084572 1572389569.6271856 1572389361-optaneAD_1it_25cpus_40bb-2 139737789060928
read_file 1572389534.211666 1572389534.2244608 bigbrain_0_1809_694.nii 140133435787072
increment_file 1572389534.2266707 1572389544.9801972 bigbrain_0_1809_694.nii 140133435787072
write_file 1572389544.9827895 1572389568.709558 inc-bigbrain_0_1809_694.nii 140133435787072
task_duration 1572389534.2048302 1572389568.7759311 1572389361-optaneAD_1it_25cpus_40bb-2 140133435787072
read_file 1572389534.2147748 1572389534.228562 bigbrain_0_603_0.nii 140091055048512
increment_file 1572389534.2309551 1572389544.9815185 bigbrain_0_603_0.nii 140091055048512
write_file 1572389544.983599 1572389566.4760697 inc-bigbrain_0_603_0.nii 140091055048512
task_duration 1572389534.208683 1572389566.4807427 1572389361-optaneAD_1it_25cpus_40bb-2 140091055048512
read_file 1572389534.2114606 1572389534.228943 bigbrain_0_1206_1388.nii 140417515685696
increment_file 1572389534.2312415 1572389544.9750338 bigbrain_0_1206_1388.nii 140417515685696
write_file 1572389544.9785802 1572389574.8007007 inc-bigbrain_0_1206_1388.nii 140417515685696
task_duration 1572389534.204311 1572389574.8063996 1572389361-optaneAD_1it_25cpus_40bb-2 140417515685696
read_file 1572389534.2118165 1572389534.2297585 bigbrain_0_1809_2082.nii 139885010954048
increment_file 1572389534.2319095 1572389544.6896217 bigbrain_0_1809_2082.nii 139885010954048
write_file 1572389544.6932528 1572389548.339422 inc-bigbrain_0_1809_2082.nii 139885010954048
task_duration 1572389534.2047749 1572389548.343987 1572389361-optaneAD_1it_25cpus_40bb-2 139885010954048
read_file 1572389548.3512225 1572389548.3527448 bigbrain_1538_0_0.nii 140627150382912
increment_file 1572389548.3613937 1572389558.9387333 bigbrain_1538_0_0.nii 140627150382912
write_file 1572389559.0771892 1572389577.6724825 inc-bigbrain_1538_0_0.nii 140627150382912
task_duration 1572389548.3498516 1572389577.6801019 1572389361-optaneAD_1it_25cpus_40bb-2 140627150382912
read_file 1572389548.5614433 1572389548.5626965 bigbrain_1538_0_1388.nii 140145801865024
increment_file 1572389548.5763106 1572389560.1448398 bigbrain_1538_0_1388.nii 140145801865024
write_file 1572389560.1508548 1572389578.0966566 inc-bigbrain_1538_0_1388.nii 140145801865024
task_duration 1572389548.5603747 1572389578.1010497 1572389361-optaneAD_1it_25cpus_40bb-2 140145801865024
read_file 1572389548.919665 1572389548.9264848 bigbrain_1538_0_2082.nii 140140042463040
increment_file 1572389548.9837384 1572389562.2359226 bigbrain_1538_0_2082.nii 140140042463040
write_file 1572389562.3543146 1572389583.7904694 inc-bigbrain_1538_0_2082.nii 140140042463040
task_duration 1572389548.9150722 1572389583.805682 1572389361-optaneAD_1it_25cpus_40bb-2 140140042463040
read_file 1572389548.9207485 1572389548.9274075 bigbrain_1538_0_2776.nii 139936976611136
increment_file 1572389548.983965 1572389562.370791 bigbrain_1538_0_2776.nii 139936976611136
write_file 1572389562.4661012 1572389592.837516 inc-bigbrain_1538_0_2776.nii 139936976611136
task_duration 1572389548.916728 1572389593.0591116 1572389361-optaneAD_1it_25cpus_40bb-2 139936976611136
read_file 1572389550.0585525 1572389550.067577 bigbrain_1538_0_694.nii 140175889205056
increment_file 1572389550.126318 1572389565.8247604 bigbrain_1538_0_694.nii 140175889205056
write_file 1572389565.8400898 1572389576.845481 inc-bigbrain_1538_0_694.nii 140175889205056
task_duration 1572389550.054634 1572389576.8509715 1572389361-optaneAD_1it_25cpus_40bb-2 140175889205056
read_file 1572389550.4968781 1572389550.5007095 bigbrain_1538_1206_1388.nii 140211746977600
increment_file 1572389550.5119936 1572389565.9117117 bigbrain_1538_1206_1388.nii 140211746977600
write_file 1572389565.9155164 1572389576.6368973 inc-bigbrain_1538_1206_1388.nii 140211746977600
task_duration 1572389550.4955895 1572389576.6417377 1572389361-optaneAD_1it_25cpus_40bb-2 140211746977600
read_file 1572389550.4977062 1572389550.5055268 bigbrain_1538_1206_0.nii 140370800908096
increment_file 1572389550.5126514 1572389565.1701138 bigbrain_1538_1206_0.nii 140370800908096
write_file 1572389565.2173893 1572389578.5160692 inc-bigbrain_1538_1206_0.nii 140370800908096
task_duration 1572389550.493768 1572389578.521282 1572389361-optaneAD_1it_25cpus_40bb-2 140370800908096
read_file 1572389550.8922136 1572389550.8959873 bigbrain_1538_1206_2776.nii 140635305854784
increment_file 1572389550.8979368 1572389565.6064835 bigbrain_1538_1206_2776.nii 140635305854784
write_file 1572389565.6099207 1572389589.7459743 inc-bigbrain_1538_1206_2776.nii 140635305854784
task_duration 1572389550.890897 1572389589.7506065 1572389361-optaneAD_1it_25cpus_40bb-2 140635305854784
read_file 1572389550.9462507 1572389550.9503255 bigbrain_1538_1206_694.nii 139649539417920
increment_file 1572389550.952486 1572389565.7169907 bigbrain_1538_1206_694.nii 139649539417920
write_file 1572389565.7204094 1572389589.891112 inc-bigbrain_1538_1206_694.nii 139649539417920
task_duration 1572389550.9451158 1572389589.8961997 1572389361-optaneAD_1it_25cpus_40bb-2 139649539417920
read_file 1572389551.3153522 1572389551.3477132 bigbrain_1538_1206_2082.nii 140632901728064
increment_file 1572389551.3609278 1572389565.909702 bigbrain_1538_1206_2082.nii 140632901728064
write_file 1572389565.9132786 1572389587.2634985 inc-bigbrain_1538_1206_2082.nii 140632901728064
task_duration 1572389551.3058321 1572389587.2687047 1572389361-optaneAD_1it_25cpus_40bb-2 140632901728064
read_file 1572389551.4135654 1572389551.4185932 bigbrain_1538_1809_0.nii 139863669106496
increment_file 1572389551.4207106 1572389565.9078722 bigbrain_1538_1809_0.nii 139863669106496
write_file 1572389565.9096067 1572389587.0416305 inc-bigbrain_1538_1809_0.nii 139863669106496
task_duration 1572389551.4122877 1572389587.045969 1572389361-optaneAD_1it_25cpus_40bb-2 139863669106496
read_file 1572389563.8494525 1572389563.8661997 bigbrain_1538_1809_1388.nii 140069407930176
increment_file 1572389563.8923676 1572389566.4548256 bigbrain_1538_1809_1388.nii 140069407930176
write_file 1572389566.4558275 1572389576.9691937 inc-bigbrain_1538_1809_1388.nii 140069407930176
task_duration 1572389563.8363261 1572389576.9748642 1572389361-optaneAD_1it_25cpus_40bb-2 140069407930176
read_file 1572389566.8343773 1572389566.8361 bigbrain_1538_1809_2776.nii 140693491722048
increment_file 1572389566.8424933 1572389573.1816852 bigbrain_1538_1809_2776.nii 140693491722048
write_file 1572389573.2027702 1572389577.5269558 inc-bigbrain_1538_1809_2776.nii 140693491722048
task_duration 1572389566.8329344 1572389577.5463052 1572389361-optaneAD_1it_25cpus_40bb-2 140693491722048
read_file 1572389566.8375125 1572389566.8388283 bigbrain_1538_1809_2082.nii 139909195986752
increment_file 1572389566.843238 1572389573.6969247 bigbrain_1538_1809_2082.nii 139909195986752
write_file 1572389573.7200656 1572389589.683013 inc-bigbrain_1538_1809_2082.nii 139909195986752
task_duration 1572389566.836251 1572389589.6885169 1572389361-optaneAD_1it_25cpus_40bb-2 139909195986752
read_file 1572389567.0472045 1572389567.0507731 bigbrain_1538_1809_694.nii 139683848677184
increment_file 1572389567.0910733 1572389573.8580961 bigbrain_1538_1809_694.nii 139683848677184
write_file 1572389573.868222 1572389605.7254493 inc-bigbrain_1538_1809_694.nii 139683848677184
task_duration 1572389567.0454345 1572389605.73314 1572389361-optaneAD_1it_25cpus_40bb-2 139683848677184
read_file 1572389567.1699896 1572389567.1738026 bigbrain_1538_2412_0.nii 139632258152256
increment_file 1572389567.2200263 1572389574.29513 bigbrain_1538_2412_0.nii 139632258152256
write_file 1572389574.3121433 1572389589.4717107 inc-bigbrain_1538_2412_0.nii 139632258152256
task_duration 1572389567.1674695 1572389589.476507 1572389361-optaneAD_1it_25cpus_40bb-2 139632258152256
read_file 1572389567.2910306 1572389567.2994761 bigbrain_1538_2412_1388.nii 140581777196864
increment_file 1572389567.3545694 1572389574.21982 bigbrain_1538_2412_1388.nii 140581777196864
write_file 1572389574.2313743 1572389589.9667091 inc-bigbrain_1538_2412_1388.nii 140581777196864
task_duration 1572389567.2878413 1572389589.972261 1572389361-optaneAD_1it_25cpus_40bb-2 140581777196864
read_file 1572389567.987075 1572389567.9946325 bigbrain_1538_2412_2082.nii 140288079021888
increment_file 1572389568.088302 1572389574.7428746 bigbrain_1538_2412_2082.nii 140288079021888
write_file 1572389574.7477202 1572389606.471555 inc-bigbrain_1538_2412_2082.nii 140288079021888
task_duration 1572389567.9834888 1572389606.476439 1572389361-optaneAD_1it_25cpus_40bb-2 140288079021888
read_file 1572389568.312651 1572389568.318363 bigbrain_1538_2412_2776.nii 140635126945600
increment_file 1572389568.4061785 1572389574.6828213 bigbrain_1538_2412_2776.nii 140635126945600
write_file 1572389574.6939337 1572389589.6042643 inc-bigbrain_1538_2412_2776.nii 140635126945600
task_duration 1572389568.3113713 1572389589.6199698 1572389361-optaneAD_1it_25cpus_40bb-2 140635126945600
read_file 1572389571.1641927 1572389571.175643 bigbrain_1538_2412_694.nii 139899585075008
increment_file 1572389571.2429564 1572389575.0264213 bigbrain_1538_2412_694.nii 139899585075008
write_file 1572389575.0276825 1572389600.7239318 inc-bigbrain_1538_2412_694.nii 139899585075008
task_duration 1572389571.159617 1572389600.9676418 1572389361-optaneAD_1it_25cpus_40bb-2 139899585075008
read_file 1572389571.770172 1572389571.7836483 bigbrain_1538_603_0.nii 140060485842752
increment_file 1572389571.8523118 1572389575.0963814 bigbrain_1538_603_0.nii 140060485842752
write_file 1572389575.0977523 1572389596.1915824 inc-bigbrain_1538_603_0.nii 140060485842752
task_duration 1572389571.7657986 1572389596.4810185 1572389361-optaneAD_1it_25cpus_40bb-2 140060485842752
read_file 1572389574.6711333 1572389574.6730447 bigbrain_1538_603_1388.nii 140166724339520
increment_file 1572389574.6972332 1572389575.8658063 bigbrain_1538_603_1388.nii 140166724339520
write_file 1572389575.8666828 1572389593.5562372 inc-bigbrain_1538_603_1388.nii 140166724339520
task_duration 1572389574.6701765 1572389593.870166 1572389361-optaneAD_1it_25cpus_40bb-2 140166724339520
read_file 1572389575.0365725 1572389575.0378733 bigbrain_1538_603_2082.nii 140497959356224
increment_file 1572389575.0453835 1572389576.1608891 bigbrain_1538_603_2082.nii 140497959356224
write_file 1572389576.1617332 1572389606.2351239 inc-bigbrain_1538_603_2082.nii 140497959356224
task_duration 1572389575.0354414 1572389606.2433195 1572389361-optaneAD_1it_25cpus_40bb-2 140497959356224
read_file 1572389575.1566696 1572389575.1578488 bigbrain_1538_603_2776.nii 139866535753536
increment_file 1572389575.1664424 1572389576.2829714 bigbrain_1538_603_2776.nii 139866535753536
write_file 1572389576.2837303 1572389596.1556034 inc-bigbrain_1538_603_2776.nii 139866535753536
task_duration 1572389575.155706 1572389596.4753876 1572389361-optaneAD_1it_25cpus_40bb-2 139866535753536
read_file 1572389575.1829538 1572389575.1839323 bigbrain_1538_603_694.nii 140664838530880
increment_file 1572389575.1919649 1572389576.3651156 bigbrain_1538_603_694.nii 140664838530880
write_file 1572389576.3661659 1572389606.7312212 inc-bigbrain_1538_603_694.nii 140664838530880
task_duration 1572389575.1820228 1572389606.7422094 1572389361-optaneAD_1it_25cpus_40bb-2 140664838530880
read_file 1572389576.9713783 1572389576.972543 bigbrain_2307_0_0.nii 140536575133504
increment_file 1572389576.9815397 1572389580.01171 bigbrain_2307_0_0.nii 140536575133504
write_file 1572389580.034885 1572389605.7221153 inc-bigbrain_2307_0_0.nii 140536575133504
task_duration 1572389576.970282 1572389605.7274308 1572389361-optaneAD_1it_25cpus_40bb-2 140536575133504
read_file 1572389577.1352866 1572389577.1365712 bigbrain_2307_0_1388.nii 140482881701696
increment_file 1572389577.1460278 1572389583.2189095 bigbrain_2307_0_1388.nii 140482881701696
write_file 1572389583.2269068 1572389607.7631824 inc-bigbrain_2307_0_1388.nii 140482881701696
task_duration 1572389577.1341782 1572389607.7674541 1572389361-optaneAD_1it_25cpus_40bb-2 140482881701696
read_file 1572389577.375069 1572389577.3782775 bigbrain_2307_0_2082.nii 140375548475200
increment_file 1572389577.411242 1572389582.8435488 bigbrain_2307_0_2082.nii 140375548475200
write_file 1572389582.860148 1572389607.135696 inc-bigbrain_2307_0_2082.nii 140375548475200
task_duration 1572389577.3731802 1572389607.1414626 1572389361-optaneAD_1it_25cpus_40bb-2 140375548475200
read_file 1572389578.2963262 1572389578.3000488 bigbrain_2307_0_2776.nii 139721851463488
increment_file 1572389578.3241427 1572389585.129241 bigbrain_2307_0_2776.nii 139721851463488
write_file 1572389585.1622398 1572389608.4579656 inc-bigbrain_2307_0_2776.nii 139721851463488
task_duration 1572389578.2939491 1572389608.4626608 1572389361-optaneAD_1it_25cpus_40bb-2 139721851463488
read_file 1572389578.5066526 1572389578.5453498 bigbrain_2307_0_694.nii 140279972837184
increment_file 1572389578.581637 1572389585.3551447 bigbrain_2307_0_694.nii 140279972837184
write_file 1572389585.3677979 1572389608.2637131 inc-bigbrain_2307_0_694.nii 140279972837184
task_duration 1572389578.5024981 1572389608.2681122 1572389361-optaneAD_1it_25cpus_40bb-2 140279972837184
read_file 1572389578.9484887 1572389578.9605863 bigbrain_2307_1206_0.nii 139714249000768
increment_file 1572389578.9970536 1572389585.146247 bigbrain_2307_1206_0.nii 139714249000768
write_file 1572389585.1579072 1572389607.4981372 inc-bigbrain_2307_1206_0.nii 139714249000768
task_duration 1572389578.9441564 1572389607.5034673 1572389361-optaneAD_1it_25cpus_40bb-2 139714249000768
read_file 1572389579.8215778 1572389579.8314054 bigbrain_2307_1206_1388.nii 139708068595520
increment_file 1572389579.8542283 1572389585.446396 bigbrain_2307_1206_1388.nii 139708068595520
write_file 1572389585.4515245 1572389607.1961257 inc-bigbrain_2307_1206_1388.nii 139708068595520
task_duration 1572389579.8147023 1572389607.2018247 1572389361-optaneAD_1it_25cpus_40bb-2 139708068595520
read_file 1572389584.747995 1572389584.7559977 bigbrain_2307_1206_2082.nii 140520627349312
increment_file 1572389584.7847364 1572389587.4796996 bigbrain_2307_1206_2082.nii 140520627349312
write_file 1572389587.4816067 1572389608.627693 inc-bigbrain_2307_1206_2082.nii 140520627349312
task_duration 1572389584.7447407 1572389608.637841 1572389361-optaneAD_1it_25cpus_40bb-2 140520627349312
read_file 1572389587.4498756 1572389587.452901 bigbrain_2307_1206_2776.nii 139904529692480
increment_file 1572389587.4803014 1572389589.8551548 bigbrain_2307_1206_2776.nii 139904529692480
write_file 1572389589.8567324 1572389608.8393648 inc-bigbrain_2307_1206_2776.nii 139904529692480
task_duration 1572389587.447793 1572389608.8503385 1572389361-optaneAD_1it_25cpus_40bb-2 139904529692480
read_file 1572389587.7495947 1572389587.7526019 bigbrain_2307_1206_694.nii 140196256696128
increment_file 1572389587.7818394 1572389589.4420977 bigbrain_2307_1206_694.nii 140196256696128
write_file 1572389589.4464767 1572389620.8300195 inc-bigbrain_2307_1206_694.nii 140196256696128
task_duration 1572389587.7475944 1572389620.8491096 1572389361-optaneAD_1it_25cpus_40bb-2 140196256696128
read_file 1572389589.9845653 1572389589.9858124 bigbrain_2307_1809_0.nii 140624759928640
increment_file 1572389589.9900422 1572389601.4132025 bigbrain_2307_1809_0.nii 140624759928640
write_file 1572389601.4694152 1572389608.6140866 inc-bigbrain_2307_1809_0.nii 140624759928640
task_duration 1572389589.983472 1572389608.6330075 1572389361-optaneAD_1it_25cpus_40bb-2 140624759928640
read_file 1572389590.0438528 1572389590.0449991 bigbrain_2307_1809_1388.nii 140493793318720
increment_file 1572389590.0467782 1572389602.647743 bigbrain_2307_1809_1388.nii 140493793318720
write_file 1572389602.6542995 1572389626.4024987 inc-bigbrain_2307_1809_1388.nii 140493793318720
task_duration 1572389590.0427911 1572389626.4119735 1572389361-optaneAD_1it_25cpus_40bb-2 140493793318720
read_file 1572389590.0717776 1572389590.0733101 bigbrain_2307_1809_2776.nii 139961616758592
increment_file 1572389590.0819266 1572389602.7132063 bigbrain_2307_1809_2776.nii 139961616758592
write_file 1572389602.7163439 1572389627.0801885 inc-bigbrain_2307_1809_2776.nii 139961616758592
task_duration 1572389590.0707097 1572389627.0849369 1572389361-optaneAD_1it_25cpus_40bb-2 139961616758592
read_file 1572389590.089921 1572389590.094836 bigbrain_2307_1809_2082.nii 140665593296704
increment_file 1572389590.106398 1572389602.652563 bigbrain_2307_1809_2082.nii 140665593296704
write_file 1572389602.6788785 1572389610.1957614 inc-bigbrain_2307_1809_2082.nii 140665593296704
task_duration 1572389590.0878563 1572389610.3098247 1572389361-optaneAD_1it_25cpus_40bb-2 140665593296704
read_file 1572389590.3590305 1572389590.3614917 bigbrain_2307_2412_0.nii 140613931472704
increment_file 1572389590.3978755 1572389604.5941865 bigbrain_2307_2412_0.nii 140613931472704
write_file 1572389604.598192 1572389621.469808 inc-bigbrain_2307_2412_0.nii 140613931472704
task_duration 1572389590.3577006 1572389621.474246 1572389361-optaneAD_1it_25cpus_40bb-2 140613931472704
read_file 1572389590.6207561 1572389590.6301615 bigbrain_2307_1809_694.nii 139902915327808
increment_file 1572389590.6600506 1572389603.7468662 bigbrain_2307_1809_694.nii 139902915327808
write_file 1572389603.7853339 1572389621.3351 inc-bigbrain_2307_1809_694.nii 139902915327808
task_duration 1572389590.616412 1572389621.3395517 1572389361-optaneAD_1it_25cpus_40bb-2 139902915327808
read_file 1572389596.080904 1572389596.0945 bigbrain_2307_2412_1388.nii 139897944700736
increment_file 1572389596.1829796 1572389605.7038846 bigbrain_2307_2412_1388.nii 139897944700736
write_file 1572389605.7077177 1572389630.6515405 inc-bigbrain_2307_2412_1388.nii 139897944700736
task_duration 1572389596.0724146 1572389630.6590478 1572389361-optaneAD_1it_25cpus_40bb-2 139897944700736
read_file 1572389596.1100404 1572389596.1281552 bigbrain_2307_2412_2082.nii 139904709871424
increment_file 1572389596.1833813 1572389605.4198518 bigbrain_2307_2412_2082.nii 139904709871424
write_file 1572389605.4328358 1572389626.7696958 inc-bigbrain_2307_2412_2082.nii 139904709871424
task_duration 1572389596.0988696 1572389626.7769954 1572389361-optaneAD_1it_25cpus_40bb-2 139904709871424
read_file 1572389600.3638368 1572389600.389208 bigbrain_2307_2412_2776.nii 140472901236544
increment_file 1572389600.4648464 1572389605.8347142 bigbrain_2307_2412_2776.nii 140472901236544
write_file 1572389605.835968 1572389618.1254768 inc-bigbrain_2307_2412_2776.nii 140472901236544
task_duration 1572389600.3515403 1572389618.2242625 1572389361-optaneAD_1it_25cpus_40bb-2 140472901236544
read_file 1572389600.4073584 1572389600.437824 bigbrain_2307_2412_694.nii 140695837157184
increment_file 1572389600.4648793 1572389605.8256092 bigbrain_2307_2412_694.nii 140695837157184
write_file 1572389605.8271716 1572389626.5376048 inc-bigbrain_2307_2412_694.nii 140695837157184
task_duration 1572389600.3963428 1572389626.54337 1572389361-optaneAD_1it_25cpus_40bb-2 140695837157184
read_file 1572389604.394462 1572389604.402379 bigbrain_2307_603_0.nii 140707648390976
increment_file 1572389604.4959443 1572389606.072791 bigbrain_2307_603_0.nii 140707648390976
write_file 1572389606.07361 1572389626.4322522 inc-bigbrain_2307_603_0.nii 140707648390976
task_duration 1572389604.3903425 1572389626.4367929 1572389361-optaneAD_1it_25cpus_40bb-2 140707648390976
read_file 1572389606.0439093 1572389606.0450644 bigbrain_2307_603_1388.nii 140106994845504
increment_file 1572389606.0519996 1572389606.760524 bigbrain_2307_603_1388.nii 140106994845504
write_file 1572389606.7612388 1572389626.4631805 inc-bigbrain_2307_603_1388.nii 140106994845504
task_duration 1572389606.042941 1572389626.4681926 1572389361-optaneAD_1it_25cpus_40bb-2 140106994845504
read_file 1572389606.062654 1572389606.063931 bigbrain_2307_603_2082.nii 140115154859840
increment_file 1572389606.0690217 1572389606.7741477 bigbrain_2307_603_2082.nii 140115154859840
write_file 1572389606.7748706 1572389636.5571826 inc-bigbrain_2307_603_2082.nii 140115154859840
task_duration 1572389606.0616555 1572389636.575032 1572389361-optaneAD_1it_25cpus_40bb-2 140115154859840
read_file 1572389606.6095498 1572389606.6115065 bigbrain_2307_603_2776.nii 140369918490432
increment_file 1572389606.6182537 1572389607.35245 bigbrain_2307_603_2776.nii 140369918490432
write_file 1572389607.3532486 1572389626.3627746 inc-bigbrain_2307_603_2776.nii 140369918490432
task_duration 1572389606.6079416 1572389626.367565 1572389361-optaneAD_1it_25cpus_40bb-2 140369918490432
read_file 1572389606.7946496 1572389606.7959003 bigbrain_2307_603_694.nii 139772095444800
increment_file 1572389606.8011036 1572389607.539018 bigbrain_2307_603_694.nii 139772095444800
write_file 1572389607.539803 1572389626.932637 inc-bigbrain_2307_603_694.nii 139772095444800
task_duration 1572389606.793614 1572389626.9634283 1572389361-optaneAD_1it_25cpus_40bb-2 139772095444800
read_file 1572389607.0458055 1572389607.0471582 bigbrain_3076_0_0.nii 140643948939072
increment_file 1572389607.055851 1572389607.7907522 bigbrain_3076_0_0.nii 140643948939072
write_file 1572389607.791626 1572389626.8107302 inc-bigbrain_3076_0_0.nii 140643948939072
task_duration 1572389607.0447698 1572389626.816403 1572389361-optaneAD_1it_25cpus_40bb-2 140643948939072
read_file 1572389607.5463443 1572389607.547653 bigbrain_3076_0_1388.nii 140707089786688
increment_file 1572389607.555771 1572389608.291827 bigbrain_3076_0_1388.nii 140707089786688
write_file 1572389608.2925987 1572389632.0565217 inc-bigbrain_3076_0_1388.nii 140707089786688
task_duration 1572389607.5452943 1572389632.2403038 1572389361-optaneAD_1it_25cpus_40bb-2 140707089786688
read_file 1572389607.5654519 1572389607.5666912 bigbrain_3076_0_2082.nii 139673353246528
increment_file 1572389607.5741057 1572389608.300984 bigbrain_3076_0_2082.nii 139673353246528
write_file 1572389608.301718 1572389633.044722 inc-bigbrain_3076_0_2082.nii 139673353246528
task_duration 1572389607.5644178 1572389633.2348993 1572389361-optaneAD_1it_25cpus_40bb-2 139673353246528
read_file 1572389607.8161132 1572389607.8175695 bigbrain_3076_0_2776.nii 140324164671296
increment_file 1572389607.8253398 1572389608.5493617 bigbrain_3076_0_2776.nii 140324164671296
write_file 1572389608.550199 1572389636.2816563 inc-bigbrain_3076_0_2776.nii 140324164671296
task_duration 1572389607.8148832 1572389636.3035588 1572389361-optaneAD_1it_25cpus_40bb-2 140324164671296
read_file 1572389608.0609026 1572389608.062176 bigbrain_3076_0_694.nii 140289425233728
increment_file 1572389608.068956 1572389609.337411 bigbrain_3076_0_694.nii 140289425233728
write_file 1572389609.351168 1572389637.7683284 inc-bigbrain_3076_0_694.nii 140289425233728
task_duration 1572389608.0599048 1572389637.773643 1572389361-optaneAD_1it_25cpus_40bb-2 140289425233728
read_file 1572389608.5965352 1572389608.597637 bigbrain_3076_1206_0.nii 140481041360704
increment_file 1572389608.6032681 1572389617.7642362 bigbrain_3076_1206_0.nii 140481041360704
write_file 1572389617.7671168 1572389638.815392 inc-bigbrain_3076_1206_0.nii 140481041360704
task_duration 1572389608.5954792 1572389638.8206468 1572389361-optaneAD_1it_25cpus_40bb-2 140481041360704
read_file 1572389608.881126 1572389608.8836198 bigbrain_3076_1206_1388.nii 140051015321408
increment_file 1572389608.8838284 1572389618.4926293 bigbrain_3076_1206_1388.nii 140051015321408
write_file 1572389618.5181253 1572389648.7078366 inc-bigbrain_3076_1206_1388.nii 140051015321408
task_duration 1572389608.8791804 1572389648.7124534 1572389361-optaneAD_1it_25cpus_40bb-2 140051015321408
read_file 1572389609.126577 1572389609.1290622 bigbrain_3076_1206_2082.nii 140508856620864
increment_file 1572389609.1658533 1572389618.8004086 bigbrain_3076_1206_2082.nii 140508856620864
write_file 1572389618.8022475 1572389640.0712888 inc-bigbrain_3076_1206_2082.nii 140508856620864
task_duration 1572389609.1255705 1572389640.0756524 1572389361-optaneAD_1it_25cpus_40bb-2 140508856620864
read_file 1572389609.4684842 1572389609.4754179 bigbrain_3076_1206_2776.nii 140011607025472
increment_file 1572389609.5476367 1572389618.7579558 bigbrain_3076_1206_2776.nii 140011607025472
write_file 1572389618.7687533 1572389637.550099 inc-bigbrain_3076_1206_2776.nii 140011607025472
task_duration 1572389609.4648128 1572389637.5551534 1572389361-optaneAD_1it_25cpus_40bb-2 140011607025472
read_file 1572389609.6224282 1572389609.6252818 bigbrain_3076_1206_694.nii 139773437142848
increment_file 1572389609.704955 1572389618.8808284 bigbrain_3076_1206_694.nii 139773437142848
write_file 1572389618.8825116 1572389640.1443908 inc-bigbrain_3076_1206_694.nii 139773437142848
task_duration 1572389609.6213825 1572389640.1495652 1572389361-optaneAD_1it_25cpus_40bb-2 139773437142848
read_file 1572389612.5173886 1572389612.5278115 bigbrain_3076_1809_0.nii 140256145614656
increment_file 1572389612.5672987 1572389620.0562994 bigbrain_3076_1809_0.nii 140256145614656
write_file 1572389620.0668986 1572389640.3261867 inc-bigbrain_3076_1809_0.nii 140256145614656
task_duration 1572389612.5120113 1572389640.330856 1572389361-optaneAD_1it_25cpus_40bb-2 140256145614656
read_file 1572389619.146404 1572389619.1481833 bigbrain_3076_1809_1388.nii 140486814185280
increment_file 1572389619.164547 1572389622.5720608 bigbrain_3076_1809_1388.nii 140486814185280
write_file 1572389622.5785835 1572389650.735567 inc-bigbrain_3076_1809_1388.nii 140486814185280
task_duration 1572389619.145401 1572389650.7406795 1572389361-optaneAD_1it_25cpus_40bb-2 140486814185280
read_file 1572389621.3184624 1572389621.3216374 bigbrain_3076_1809_2082.nii 139811108022080
increment_file 1572389621.3443115 1572389625.9765012 bigbrain_3076_1809_2082.nii 139811108022080
write_file 1572389625.9889247 1572389647.5997026 inc-bigbrain_3076_1809_2082.nii 139811108022080
task_duration 1572389621.31635 1572389647.6075747 1572389361-optaneAD_1it_25cpus_40bb-2 139811108022080
read_file 1572389621.9260592 1572389621.9283915 bigbrain_3076_1809_2776.nii 140015313135424
increment_file 1572389622.0038931 1572389626.3007174 bigbrain_3076_1809_2776.nii 140015313135424
write_file 1572389626.3027258 1572389647.7670743 inc-bigbrain_3076_1809_2776.nii 140015313135424
task_duration 1572389621.9250348 1572389647.7716136 1572389361-optaneAD_1it_25cpus_40bb-2 140015313135424
read_file 1572389622.0650585 1572389622.0680795 bigbrain_3076_1809_694.nii 140279808808768
increment_file 1572389622.1790795 1572389625.860099 bigbrain_3076_1809_694.nii 140279808808768
write_file 1572389625.8730967 1572389638.6721144 inc-bigbrain_3076_1809_694.nii 140279808808768
task_duration 1572389622.0638416 1572389638.6769485 1572389361-optaneAD_1it_25cpus_40bb-2 140279808808768
read_file 1572389626.7109203 1572389626.7126067 bigbrain_3076_2412_0.nii 140194439038784
increment_file 1572389626.7196288 1572389632.8682916 bigbrain_3076_2412_0.nii 140194439038784
write_file 1572389632.9083157 1572389640.2578554 inc-bigbrain_3076_2412_0.nii 140194439038784
task_duration 1572389626.709408 1572389640.2629735 1572389361-optaneAD_1it_25cpus_40bb-2 140194439038784
read_file 1572389626.8052433 1572389626.8065343 bigbrain_3076_2412_2082.nii 139741745084224
increment_file 1572389626.8155117 1572389634.5328965 bigbrain_3076_2412_2082.nii 139741745084224
write_file 1572389634.5530233 1572389640.7087579 inc-bigbrain_3076_2412_2082.nii 139741745084224
task_duration 1572389626.8040915 1572389640.7270155 1572389361-optaneAD_1it_25cpus_40bb-2 139741745084224
read_file 1572389626.830277 1572389626.8318872 bigbrain_3076_2412_2776.nii 139961599149888
increment_file 1572389626.8373713 1572389634.1510565 bigbrain_3076_2412_2776.nii 139961599149888
write_file 1572389634.213803 1572389659.0543628 inc-bigbrain_3076_2412_2776.nii 139961599149888
task_duration 1572389626.8291292 1572389659.0588267 1572389361-optaneAD_1it_25cpus_40bb-2 139961599149888
read_file 1572389626.8531501 1572389626.8544815 bigbrain_3076_2412_694.nii 139982995265344
increment_file 1572389626.8631184 1572389634.8930414 bigbrain_3076_2412_694.nii 139982995265344
write_file 1572389634.9083664 1572389651.8521416 inc-bigbrain_3076_2412_694.nii 139982995265344
task_duration 1572389626.8520765 1572389651.870749 1572389361-optaneAD_1it_25cpus_40bb-2 139982995265344
read_file 1572389626.8694806 1572389626.8714604 bigbrain_3076_2412_1388.nii 140053140887360
increment_file 1572389626.8818874 1572389634.811384 bigbrain_3076_2412_1388.nii 140053140887360
write_file 1572389634.8219664 1572389657.5174432 inc-bigbrain_3076_2412_1388.nii 140053140887360
task_duration 1572389626.8681085 1572389657.5217252 1572389361-optaneAD_1it_25cpus_40bb-2 140053140887360
read_file 1572389627.345289 1572389627.35075 bigbrain_3076_603_0.nii 140388762212160
increment_file 1572389627.3688297 1572389635.8378296 bigbrain_3076_603_0.nii 140388762212160
write_file 1572389635.840923 1572389652.598133 inc-bigbrain_3076_603_0.nii 140388762212160
task_duration 1572389627.3420272 1572389652.6510777 1572389361-optaneAD_1it_25cpus_40bb-2 140388762212160
read_file 1572389627.4387743 1572389627.4434488 bigbrain_3076_603_1388.nii 140528170243904
increment_file 1572389627.4602706 1572389635.7822285 bigbrain_3076_603_1388.nii 140528170243904
write_file 1572389635.7967746 1572389651.7912 inc-bigbrain_3076_603_1388.nii 140528170243904
task_duration 1572389627.435085 1572389651.7971272 1572389361-optaneAD_1it_25cpus_40bb-2 140528170243904
read_file 1572389627.9598165 1572389627.9759252 bigbrain_3076_603_2082.nii 140099468265280
increment_file 1572389627.993112 1572389636.0771272 bigbrain_3076_603_2082.nii 140099468265280
write_file 1572389636.0829985 1572389647.0841608 inc-bigbrain_3076_603_2082.nii 140099468265280
task_duration 1572389627.9540372 1572389647.1067588 1572389361-optaneAD_1it_25cpus_40bb-2 140099468265280
read_file 1572389628.1735988 1572389628.1843567 bigbrain_3076_603_2776.nii 139893500127040
increment_file 1572389628.265281 1572389636.1525652 bigbrain_3076_603_2776.nii 139893500127040
write_file 1572389636.1587873 1572389640.4509783 inc-bigbrain_3076_603_2776.nii 139893500127040
task_duration 1572389628.1645775 1572389640.4691758 1572389361-optaneAD_1it_25cpus_40bb-2 139893500127040
read_file 1572389631.5262716 1572389631.5306253 bigbrain_3076_603_694.nii 140656099567424
increment_file 1572389631.5590112 1572389637.399466 bigbrain_3076_603_694.nii 140656099567424
write_file 1572389637.4006605 1572389657.8171105 inc-bigbrain_3076_603_694.nii 140656099567424
task_duration 1572389631.5250301 1572389657.8213384 1572389361-optaneAD_1it_25cpus_40bb-2 140656099567424
read_file 1572389634.951602 1572389634.9537776 bigbrain_769_0_0.nii 140017764112192
increment_file 1572389635.0104465 1572389637.4772685 bigbrain_769_0_0.nii 140017764112192
write_file 1572389637.4786854 1572389657.5738358 inc-bigbrain_769_0_0.nii 140017764112192
task_duration 1572389634.9502249 1572389657.583022 1572389361-optaneAD_1it_25cpus_40bb-2 140017764112192
read_file 1572389635.5538855 1572389635.5598733 bigbrain_769_0_1388.nii 140709942306624
increment_file 1572389635.60051 1572389637.558188 bigbrain_769_0_1388.nii 140709942306624
write_file 1572389637.5593958 1572389654.9278321 inc-bigbrain_769_0_1388.nii 140709942306624
task_duration 1572389635.5526137 1572389654.9862552 1572389361-optaneAD_1it_25cpus_40bb-2 140709942306624
read_file 1572389636.8185453 1572389636.8212552 bigbrain_769_0_2082.nii 140337139717952
increment_file 1572389636.8217576 1572389637.9186192 bigbrain_769_0_2082.nii 140337139717952
write_file 1572389637.919459 1572389649.7693202 inc-bigbrain_769_0_2082.nii 140337139717952
task_duration 1572389636.8174536 1572389649.8265092 1572389361-optaneAD_1it_25cpus_40bb-2 140337139717952
read_file 1572389637.0852907 1572389637.0876582 bigbrain_769_0_2776.nii 140448817616704
increment_file 1572389637.1095743 1572389638.0115619 bigbrain_769_0_2776.nii 140448817616704
write_file 1572389638.0123334 1572389656.1105034 inc-bigbrain_769_0_2776.nii 140448817616704
task_duration 1572389637.084071 1572389656.1631634 1572389361-optaneAD_1it_25cpus_40bb-2 140448817616704
read_file 1572389638.0086126 1572389638.0099611 bigbrain_769_0_694.nii 139965108672320
increment_file 1572389638.0167193 1572389638.7023222 bigbrain_769_0_694.nii 139965108672320
write_file 1572389638.7031713 1572389658.4891713 inc-bigbrain_769_0_694.nii 139965108672320
task_duration 1572389638.007604 1572389658.494172 1572389361-optaneAD_1it_25cpus_40bb-2 139965108672320
read_file 1572389638.0843568 1572389638.085632 bigbrain_769_1206_0.nii 140043076077376
increment_file 1572389638.094028 1572389638.7806945 bigbrain_769_1206_0.nii 140043076077376
write_file 1572389638.7814152 1572389658.4306476 inc-bigbrain_769_1206_0.nii 140043076077376
task_duration 1572389638.0833974 1572389658.4357018 1572389361-optaneAD_1it_25cpus_40bb-2 140043076077376
read_file 1572389639.019713 1572389639.0213058 bigbrain_769_1206_1388.nii 140179031021376
increment_file 1572389639.031879 1572389640.3478847 bigbrain_769_1206_1388.nii 140179031021376
write_file 1572389640.348791 1572389658.3990753 inc-bigbrain_769_1206_1388.nii 140179031021376
task_duration 1572389639.018087 1572389658.403512 1572389361-optaneAD_1it_25cpus_40bb-2 140179031021376
read_file 1572389639.1036198 1572389639.1051707 bigbrain_769_1206_2082.nii 139778058413888
increment_file 1572389639.1165748 1572389640.987401 bigbrain_769_1206_2082.nii 139778058413888
write_file 1572389640.9903367 1572389658.35085 inc-bigbrain_769_1206_2082.nii 139778058413888
task_duration 1572389639.1022437 1572389658.3557613 1572389361-optaneAD_1it_25cpus_40bb-2 139778058413888
read_file 1572389640.3438187 1572389640.3449879 bigbrain_769_1206_2776.nii 139862736922432
increment_file 1572389640.3522508 1572389646.6391976 bigbrain_769_1206_2776.nii 139862736922432
write_file 1572389646.6425288 1572389659.6823547 inc-bigbrain_769_1206_2776.nii 139862736922432
task_duration 1572389640.3427439 1572389659.6866963 1572389361-optaneAD_1it_25cpus_40bb-2 139862736922432
read_file 1572389640.6370256 1572389640.6410306 bigbrain_769_1206_694.nii 140610727749440
increment_file 1572389640.657457 1572389647.0185874 bigbrain_769_1206_694.nii 140610727749440
write_file 1572389647.0327163 1572389659.3866034 inc-bigbrain_769_1206_694.nii 140610727749440
task_duration 1572389640.6350622 1572389659.3909352 1572389361-optaneAD_1it_25cpus_40bb-2 140610727749440
read_file 1572389640.6687 1572389640.670871 bigbrain_769_1809_0.nii 140507522180928
increment_file 1572389640.6925085 1572389646.6925688 bigbrain_769_1809_0.nii 140507522180928
write_file 1572389646.7083235 1572389659.1869767 inc-bigbrain_769_1809_0.nii 140507522180928
task_duration 1572389640.667501 1572389659.191572 1572389361-optaneAD_1it_25cpus_40bb-2 140507522180928
read_file 1572389640.969318 1572389640.9723744 bigbrain_769_1809_2082.nii 140101449017152
increment_file 1572389640.994017 1572389647.1474416 bigbrain_769_1809_2082.nii 140101449017152
write_file 1572389647.1577747 1572389659.4233594 inc-bigbrain_769_1809_2082.nii 140101449017152
task_duration 1572389640.9680295 1572389659.428219 1572389361-optaneAD_1it_25cpus_40bb-2 140101449017152
read_file 1572389640.990312 1572389640.992504 bigbrain_769_1809_1388.nii 140670500173632
increment_file 1572389641.003474 1572389647.440025 bigbrain_769_1809_1388.nii 140670500173632
write_file 1572389647.441929 1572389659.7732127 inc-bigbrain_769_1809_1388.nii 140670500173632
task_duration 1572389640.9891677 1572389659.7772882 1572389361-optaneAD_1it_25cpus_40bb-2 140670500173632
read_file 1572389641.387052 1572389641.392732 bigbrain_769_1809_2776.nii 140088716072768
increment_file 1572389641.4239993 1572389647.3341498 bigbrain_769_1809_2776.nii 140088716072768
write_file 1572389647.342525 1572389658.473305 inc-bigbrain_769_1809_2776.nii 140088716072768
task_duration 1572389641.3858812 1572389658.4779055 1572389361-optaneAD_1it_25cpus_40bb-2 140088716072768
read_file 1572389647.5379682 1572389647.5389755 bigbrain_769_1809_694.nii 140650034235200
increment_file 1572389647.5499654 1572389648.5628889 bigbrain_769_1809_694.nii 140650034235200
write_file 1572389648.5649157 1572389659.1426225 inc-bigbrain_769_1809_694.nii 140650034235200
task_duration 1572389647.5369973 1572389659.1471684 1572389361-optaneAD_1it_25cpus_40bb-2 140650034235200
read_file 1572389647.903555 1572389647.9048908 bigbrain_769_2412_0.nii 139688542406464
increment_file 1572389647.9161415 1572389649.7694216 bigbrain_769_2412_0.nii 139688542406464
write_file 1572389649.7750425 1572389659.023092 inc-bigbrain_769_2412_0.nii 139688542406464
task_duration 1572389647.9024143 1572389659.0277398 1572389361-optaneAD_1it_25cpus_40bb-2 139688542406464
read_file 1572389648.0336645 1572389648.0346498 bigbrain_769_2412_1388.nii 140579533928256
increment_file 1572389648.041371 1572389651.8083372 bigbrain_769_2412_1388.nii 140579533928256
write_file 1572389651.8099813 1572389660.4768806 inc-bigbrain_769_2412_1388.nii 140579533928256
task_duration 1572389648.0327373 1572389660.4810417 1572389361-optaneAD_1it_25cpus_40bb-2 140579533928256
read_file 1572389649.2202837 1572389649.2230382 bigbrain_769_2412_2082.nii 140715545032512
increment_file 1572389649.2470684 1572389654.196811 bigbrain_769_2412_2082.nii 140715545032512
write_file 1572389654.2313864 1572389660.2555594 inc-bigbrain_769_2412_2082.nii 140715545032512
task_duration 1572389649.2187016 1572389660.2599125 1572389361-optaneAD_1it_25cpus_40bb-2 140715545032512
read_file 1572389650.4737291 1572389650.4789007 bigbrain_769_2412_2776.nii 139759800493888
increment_file 1572389650.5331929 1572389654.7023168 bigbrain_769_2412_2776.nii 139759800493888
write_file 1572389654.712679 1572389659.7248783 inc-bigbrain_769_2412_2776.nii 139759800493888
task_duration 1572389650.4713638 1572389659.7293541 1572389361-optaneAD_1it_25cpus_40bb-2 139759800493888
read_file 1572389651.5394166 1572389651.5489726 bigbrain_769_2412_694.nii 139655195555648
increment_file 1572389651.5699966 1572389655.658638 bigbrain_769_2412_694.nii 139655195555648
write_file 1572389655.6630056 1572389659.634513 inc-bigbrain_769_2412_694.nii 139655195555648
task_duration 1572389651.5354924 1572389659.639039 1572389361-optaneAD_1it_25cpus_40bb-2 139655195555648
read_file 1572389652.24244 1572389652.244314 bigbrain_769_603_0.nii 139661272590144
increment_file 1572389652.2617884 1572389656.7920904 bigbrain_769_603_0.nii 139661272590144
write_file 1572389656.7940269 1572389660.3615863 inc-bigbrain_769_603_0.nii 139661272590144
task_duration 1572389652.2413485 1572389660.36636 1572389361-optaneAD_1it_25cpus_40bb-2 139661272590144
read_file 1572389652.6379359 1572389652.6470737 bigbrain_769_603_1388.nii 140243444148032
increment_file 1572389652.672377 1572389657.373063 bigbrain_769_603_1388.nii 140243444148032
write_file 1572389657.3768256 1572389660.624075 inc-bigbrain_769_603_1388.nii 140243444148032
task_duration 1572389652.6333373 1572389660.6288812 1572389361-optaneAD_1it_25cpus_40bb-2 140243444148032
read_file 1572389654.577686 1572389654.5844207 bigbrain_769_603_2082.nii 140343995946816
increment_file 1572389654.6163995 1572389657.3858168 bigbrain_769_603_2082.nii 140343995946816
write_file 1572389657.386765 1572389659.7792022 inc-bigbrain_769_603_2082.nii 140343995946816
task_duration 1572389654.5731716 1572389659.7837205 1572389361-optaneAD_1it_25cpus_40bb-2 140343995946816
read_file 1572389655.8929167 1572389655.8964014 bigbrain_769_603_2776.nii 140310137235264
increment_file 1572389655.917632 1572389657.706085 bigbrain_769_603_2776.nii 140310137235264
write_file 1572389657.7071948 1572389660.0301266 inc-bigbrain_769_603_2776.nii 140310137235264
task_duration 1572389655.8904397 1572389660.0344315 1572389361-optaneAD_1it_25cpus_40bb-2 140310137235264
read_file 1572389657.0571418 1572389657.0591002 bigbrain_769_603_694.nii 140276342318912
increment_file 1572389657.0830925 1572389657.9437969 bigbrain_769_603_694.nii 140276342318912
write_file 1572389657.944537 1572389660.0621836 inc-bigbrain_769_603_694.nii 140276342318912
task_duration 1572389657.0556076 1572389660.0665803 1572389361-optaneAD_1it_25cpus_40bb-2 140276342318912
