read_file 1572373410.8149877 1572373410.8167644 bigbrain_1538_0_2776.nii 140650550499136
increment_file 1572373410.8169854 1572373456.4829664 bigbrain_1538_0_2776.nii 140650550499136
write_file 1572373456.5024893 1572373493.2081609 inc-bigbrain_1538_0_2776.nii 140650550499136
task_duration 1572373410.8007207 1572373493.2126753 1572372717-optaneAD_1it_96cpus_40bb-0 140650550499136
read_file 1572373410.8149803 1572373410.8167663 bigbrain_1538_603_0.nii 139959823775552
increment_file 1572373410.8170228 1572373453.2938628 bigbrain_1538_603_0.nii 139959823775552
write_file 1572373453.345941 1572373460.8540936 inc-bigbrain_1538_603_0.nii 139959823775552
task_duration 1572373410.8010223 1572373460.858296 1572372717-optaneAD_1it_96cpus_40bb-0 139959823775552
read_file 1572373410.8149867 1572373410.816789 bigbrain_0_1809_1388.nii 140442396645184
increment_file 1572373410.8170753 1572373454.1009996 bigbrain_0_1809_1388.nii 140442396645184
write_file 1572373454.205801 1572373460.9925458 inc-bigbrain_0_1809_1388.nii 140442396645184
task_duration 1572373410.8004584 1572373460.9968488 1572372717-optaneAD_1it_96cpus_40bb-0 140442396645184
read_file 1572373410.8151 1572373410.8169408 bigbrain_0_2412_2776.nii 140158278354752
increment_file 1572373410.8171504 1572373456.7550454 bigbrain_0_2412_2776.nii 140158278354752
write_file 1572373456.7875574 1572373503.9292417 inc-bigbrain_0_2412_2776.nii 140158278354752
task_duration 1572373410.7988818 1572373503.9336998 1572372717-optaneAD_1it_96cpus_40bb-0 140158278354752
read_file 1572373410.8150837 1572373410.8172023 bigbrain_1538_1809_2082.nii 139951745402688
increment_file 1572373410.8174205 1572373456.3742907 bigbrain_1538_1809_2082.nii 139951745402688
write_file 1572373456.4120572 1572373498.05772 inc-bigbrain_1538_1809_2082.nii 139951745402688
task_duration 1572373410.7993538 1572373498.062676 1572372717-optaneAD_1it_96cpus_40bb-0 139951745402688
read_file 1572373410.8159444 1572373410.8175757 bigbrain_0_1206_0.nii 140641677313856
increment_file 1572373410.8177779 1572373456.62879 bigbrain_0_1206_0.nii 140641677313856
write_file 1572373456.6573775 1572373502.552749 inc-bigbrain_0_1206_0.nii 140641677313856
task_duration 1572373410.814378 1572373502.5624335 1572372717-optaneAD_1it_96cpus_40bb-0 140641677313856
read_file 1572373410.8162057 1572373410.8178458 bigbrain_0_2412_694.nii 139766647363392
increment_file 1572373410.8180373 1572373453.608988 bigbrain_0_2412_694.nii 139766647363392
write_file 1572373453.6367648 1572373463.5462508 inc-bigbrain_0_2412_694.nii 139766647363392
task_duration 1572373410.81464 1572373463.5502946 1572372717-optaneAD_1it_96cpus_40bb-0 139766647363392
read_file 1572373410.8243852 1572373410.8261256 bigbrain_1538_2412_0.nii 140467406833472
increment_file 1572373410.826358 1572373453.8280723 bigbrain_1538_2412_0.nii 140467406833472
write_file 1572373453.8330872 1572373463.7005117 inc-bigbrain_1538_2412_0.nii 140467406833472
task_duration 1572373410.8022354 1572373463.7054622 1572372717-optaneAD_1it_96cpus_40bb-0 140467406833472
read_file 1572373410.8250566 1572373410.8268802 bigbrain_1538_1206_2776.nii 140480503531328
increment_file 1572373410.827118 1572373454.6597867 bigbrain_1538_1206_2776.nii 140480503531328
write_file 1572373454.6819046 1572373496.1816416 inc-bigbrain_1538_1206_2776.nii 140480503531328
task_duration 1572373410.823214 1572373496.18577 1572372717-optaneAD_1it_96cpus_40bb-0 140480503531328
read_file 1572373410.8275068 1572373410.8296802 bigbrain_1538_2412_1388.nii 140506567026496
increment_file 1572373410.8300035 1572373456.8768075 bigbrain_1538_2412_1388.nii 140506567026496
write_file 1572373456.9042165 1572373499.6137793 inc-bigbrain_1538_2412_1388.nii 140506567026496
task_duration 1572373410.8256328 1572373499.6181989 1572372717-optaneAD_1it_96cpus_40bb-0 140506567026496
read_file 1572373410.8289776 1572373410.8307385 bigbrain_0_1206_1388.nii 140293799954240
increment_file 1572373410.8309505 1572373453.4572923 bigbrain_0_1206_1388.nii 140293799954240
write_file 1572373453.4642935 1572373463.5508635 inc-bigbrain_0_1206_1388.nii 140293799954240
task_duration 1572373410.8074272 1572373463.5550072 1572372717-optaneAD_1it_96cpus_40bb-0 140293799954240
read_file 1572373410.8290472 1572373410.830739 bigbrain_1538_2412_694.nii 140438129051456
increment_file 1572373410.8309777 1572373453.7733657 bigbrain_1538_2412_694.nii 140438129051456
write_file 1572373453.7768464 1572373501.660823 inc-bigbrain_1538_2412_694.nii 140438129051456
task_duration 1572373410.8030195 1572373501.6649914 1572372717-optaneAD_1it_96cpus_40bb-0 140438129051456
read_file 1572373410.8292778 1572373410.831216 bigbrain_1538_1809_694.nii 140180782802752
increment_file 1572373410.831586 1572373454.1198292 bigbrain_1538_1809_694.nii 140180782802752
write_file 1572373454.1647685 1572373463.702264 inc-bigbrain_1538_1809_694.nii 140180782802752
task_duration 1572373410.8029673 1572373463.710748 1572372717-optaneAD_1it_96cpus_40bb-0 140180782802752
read_file 1572373410.8292787 1572373410.8312263 bigbrain_1538_1809_2776.nii 140065706092352
increment_file 1572373410.8315883 1572373455.1809926 bigbrain_1538_1809_2776.nii 140065706092352
write_file 1572373455.183452 1572373501.8765106 inc-bigbrain_1538_1809_2776.nii 140065706092352
task_duration 1572373410.8044775 1572373501.8806036 1572372717-optaneAD_1it_96cpus_40bb-0 140065706092352
read_file 1572373410.8294225 1572373410.8317266 bigbrain_0_603_2082.nii 140430826063680
increment_file 1572373410.8320868 1572373455.1522255 bigbrain_0_603_2082.nii 140430826063680
write_file 1572373455.188412 1572373504.1683369 inc-bigbrain_0_603_2082.nii 140430826063680
task_duration 1572373410.8070037 1572373504.1724224 1572372717-optaneAD_1it_96cpus_40bb-0 140430826063680
read_file 1572373410.8295434 1572373410.8322785 bigbrain_0_0_1388.nii 140434285774656
increment_file 1572373410.8328831 1572373456.867293 bigbrain_0_0_1388.nii 140434285774656
write_file 1572373456.8822036 1572373474.5839088 inc-bigbrain_0_0_1388.nii 140434285774656
task_duration 1572373410.8072262 1572373474.5881505 1572372717-optaneAD_1it_96cpus_40bb-0 140434285774656
read_file 1572373410.8296294 1572373410.832758 bigbrain_0_1206_694.nii 139812219963200
increment_file 1572373410.8331652 1572373453.9367197 bigbrain_0_1206_694.nii 139812219963200
write_file 1572373453.9818769 1572373502.5752091 inc-bigbrain_0_1206_694.nii 139812219963200
task_duration 1572373410.805306 1572373502.5794265 1572372717-optaneAD_1it_96cpus_40bb-0 139812219963200
read_file 1572373410.83031 1572373410.833067 bigbrain_0_603_694.nii 140403679979328
increment_file 1572373410.8338318 1572373456.7935395 bigbrain_0_603_694.nii 140403679979328
write_file 1572373456.8168616 1572373472.5449467 inc-bigbrain_0_603_694.nii 140403679979328
task_duration 1572373410.8285036 1572373472.559447 1572372717-optaneAD_1it_96cpus_40bb-0 140403679979328
read_file 1572373410.8304784 1572373410.8334916 bigbrain_0_1809_0.nii 140346525591360
increment_file 1572373410.833975 1572373456.8100324 bigbrain_0_1809_0.nii 140346525591360
write_file 1572373456.8260634 1572373499.635887 inc-bigbrain_0_1809_0.nii 140346525591360
task_duration 1572373410.8286984 1572373499.640157 1572372717-optaneAD_1it_96cpus_40bb-0 140346525591360
read_file 1572373410.8226109 1572373410.8350217 bigbrain_0_603_0.nii 139894157776704
increment_file 1572373410.8354301 1572373454.328378 bigbrain_0_603_0.nii 139894157776704
write_file 1572373454.4760635 1572373492.766504 inc-bigbrain_0_603_0.nii 139894157776704
task_duration 1572373410.8209987 1572373492.7706058 1572372717-optaneAD_1it_96cpus_40bb-0 139894157776704
read_file 1572373410.8340778 1572373410.8434324 bigbrain_0_1809_2082.nii 140027129743168
increment_file 1572373410.8881838 1572373457.1273577 bigbrain_0_1809_2082.nii 140027129743168
write_file 1572373457.148782 1572373477.1654801 inc-bigbrain_0_1809_2082.nii 140027129743168
task_duration 1572373410.823176 1572373477.3233583 1572372717-optaneAD_1it_96cpus_40bb-0 140027129743168
read_file 1572373410.8457549 1572373410.8498123 bigbrain_0_2412_2082.nii 140623056086848
increment_file 1572373410.8500364 1572373456.9152994 bigbrain_0_2412_2082.nii 140623056086848
write_file 1572373456.9439805 1572373503.770638 inc-bigbrain_0_2412_2082.nii 140623056086848
task_duration 1572373410.8099077 1572373503.775064 1572372717-optaneAD_1it_96cpus_40bb-0 140623056086848
read_file 1572373410.8163424 1572373410.8498578 bigbrain_1538_1206_2082.nii 139811372017472
increment_file 1572373410.850109 1572373456.8621817 bigbrain_1538_1206_2082.nii 139811372017472
write_file 1572373456.8723302 1572373460.4380789 inc-bigbrain_1538_1206_2082.nii 139811372017472
task_duration 1572373410.8145912 1572373460.4430661 1572372717-optaneAD_1it_96cpus_40bb-0 139811372017472
read_file 1572373410.8536048 1572373410.8553624 bigbrain_1538_1809_0.nii 140231123547968
increment_file 1572373410.8556075 1572373454.2998533 bigbrain_1538_1809_0.nii 140231123547968
write_file 1572373454.324512 1572373463.5345852 inc-bigbrain_1538_1809_0.nii 140231123547968
task_duration 1572373410.8519895 1572373463.5386393 1572372717-optaneAD_1it_96cpus_40bb-0 140231123547968
read_file 1572373410.8437138 1572373410.8599288 bigbrain_0_0_0.nii 140243874318144
increment_file 1572373410.8602383 1572373456.6339848 bigbrain_0_0_0.nii 140243874318144
write_file 1572373456.6429217 1572373504.1103427 inc-bigbrain_0_0_0.nii 140243874318144
task_duration 1572373410.8084555 1572373504.1147792 1572372717-optaneAD_1it_96cpus_40bb-0 140243874318144
read_file 1572373410.8594265 1572373410.8612754 bigbrain_1538_0_694.nii 140208259299136
increment_file 1572373410.8615074 1572373454.0054343 bigbrain_1538_0_694.nii 140208259299136
write_file 1572373454.0242162 1572373461.5170107 inc-bigbrain_1538_0_694.nii 140208259299136
task_duration 1572373410.8575923 1572373461.5215063 1572372717-optaneAD_1it_96cpus_40bb-0 140208259299136
read_file 1572373410.863288 1572373410.8649971 bigbrain_1538_1206_1388.nii 139978518914880
increment_file 1572373410.865205 1572373454.033181 bigbrain_1538_1206_1388.nii 139978518914880
write_file 1572373454.0354779 1572373461.1622653 inc-bigbrain_1538_1206_1388.nii 139978518914880
task_duration 1572373410.8420398 1572373461.1673336 1572372717-optaneAD_1it_96cpus_40bb-0 139978518914880
read_file 1572373410.8697245 1572373410.8713124 bigbrain_1538_1206_694.nii 140225184180032
increment_file 1572373410.8715065 1572373454.9583745 bigbrain_1538_1206_694.nii 140225184180032
write_file 1572373454.9606764 1572373474.508257 inc-bigbrain_1538_1206_694.nii 140225184180032
task_duration 1572373410.8681362 1572373474.5126305 1572372717-optaneAD_1it_96cpus_40bb-0 140225184180032
read_file 1572373410.8719058 1572373410.8742104 bigbrain_1538_2412_2082.nii 139705055160128
increment_file 1572373410.8744981 1572373456.8789837 bigbrain_1538_2412_2082.nii 139705055160128
write_file 1572373456.8906112 1572373486.1428761 inc-bigbrain_1538_2412_2082.nii 139705055160128
task_duration 1572373410.8699026 1572373486.1796732 1572372717-optaneAD_1it_96cpus_40bb-0 139705055160128
read_file 1572373410.878013 1572373410.8839064 bigbrain_0_2412_1388.nii 140177891960640
increment_file 1572373410.884431 1572373455.1758518 bigbrain_0_2412_1388.nii 140177891960640
write_file 1572373455.1864512 1572373461.022151 inc-bigbrain_0_2412_1388.nii 140177891960640
task_duration 1572373410.8128507 1572373461.0264928 1572372717-optaneAD_1it_96cpus_40bb-0 140177891960640
read_file 1572373410.8780236 1572373410.8859305 bigbrain_0_1809_2776.nii 139731088664384
increment_file 1572373410.8861423 1572373457.1185718 bigbrain_0_1809_2776.nii 139731088664384
write_file 1572373457.1621308 1572373502.9827046 inc-bigbrain_0_1809_2776.nii 139731088664384
task_duration 1572373410.813131 1572373502.9872591 1572372717-optaneAD_1it_96cpus_40bb-0 139731088664384
read_file 1572373410.867966 1572373410.8887155 bigbrain_0_2412_0.nii 140517916657472
increment_file 1572373410.889051 1572373454.6271193 bigbrain_0_2412_0.nii 140517916657472
write_file 1572373454.6703172 1572373461.0317008 inc-bigbrain_0_2412_0.nii 140517916657472
task_duration 1572373410.865981 1572373461.036092 1572372717-optaneAD_1it_96cpus_40bb-0 140517916657472
read_file 1572373410.897106 1572373410.898879 bigbrain_1538_1809_1388.nii 140072389642048
increment_file 1572373410.8991072 1572373454.905316 bigbrain_1538_1809_1388.nii 140072389642048
write_file 1572373454.9080698 1572373493.075986 inc-bigbrain_1538_1809_1388.nii 140072389642048
task_duration 1572373410.8951752 1572373493.080094 1572372717-optaneAD_1it_96cpus_40bb-0 140072389642048
read_file 1572373410.8995492 1572373410.9012542 bigbrain_0_0_2082.nii 139644230784832
increment_file 1572373410.9014592 1572373455.3045104 bigbrain_0_0_2082.nii 139644230784832
write_file 1572373455.3171349 1572373499.4001803 inc-bigbrain_0_0_2082.nii 139644230784832
task_duration 1572373410.8977058 1572373499.4042902 1572372717-optaneAD_1it_96cpus_40bb-0 139644230784832
read_file 1572373410.9024143 1572373410.9050367 bigbrain_1538_0_2082.nii 140675029800768
increment_file 1572373410.9055245 1572373457.0006344 bigbrain_1538_0_2082.nii 140675029800768
write_file 1572373457.0386078 1572373495.313875 inc-bigbrain_1538_0_2082.nii 140675029800768
task_duration 1572373410.9005322 1572373495.3229527 1572372717-optaneAD_1it_96cpus_40bb-0 140675029800768
read_file 1572373410.8759024 1572373410.9060864 bigbrain_0_0_694.nii 140518482638656
increment_file 1572373410.90634 1572373456.9860735 bigbrain_0_0_694.nii 140518482638656
write_file 1572373457.0371742 1572373494.0572705 inc-bigbrain_0_0_694.nii 140518482638656
task_duration 1572373410.8735025 1572373494.0615747 1572372717-optaneAD_1it_96cpus_40bb-0 140518482638656
read_file 1572373410.9050367 1572373410.9078615 bigbrain_0_1206_2776.nii 140299537696576
increment_file 1572373410.9081903 1572373457.2326434 bigbrain_0_1206_2776.nii 140299537696576
write_file 1572373457.2607155 1572373503.8825552 inc-bigbrain_0_1206_2776.nii 140299537696576
task_duration 1572373410.9006093 1572373503.8870142 1572372717-optaneAD_1it_96cpus_40bb-0 140299537696576
read_file 1572373410.9149148 1572373410.9208925 bigbrain_0_0_2776.nii 139989683431232
increment_file 1572373410.9313254 1572373455.2640698 bigbrain_0_0_2776.nii 139989683431232
write_file 1572373455.324174 1572373474.8875554 inc-bigbrain_0_0_2776.nii 139989683431232
task_duration 1572373410.9117415 1572373474.892248 1572372717-optaneAD_1it_96cpus_40bb-0 139989683431232
read_file 1572373410.9189577 1572373410.927868 bigbrain_2307_1206_2776.nii 140443794814784
increment_file 1572373410.9406335 1572373457.005451 bigbrain_2307_1206_2776.nii 140443794814784
write_file 1572373457.0333889 1572373471.536332 inc-bigbrain_2307_1206_2776.nii 140443794814784
task_duration 1572373410.9102545 1572373471.5410793 1572372717-optaneAD_1it_96cpus_40bb-0 140443794814784
read_file 1572373410.9222255 1572373410.9280436 bigbrain_1538_0_0.nii 140194908669760
increment_file 1572373410.9305542 1572373456.9987175 bigbrain_1538_0_0.nii 140194908669760
write_file 1572373457.0250852 1572373498.02601 inc-bigbrain_1538_0_0.nii 140194908669760
task_duration 1572373410.9149618 1572373498.0304415 1572372717-optaneAD_1it_96cpus_40bb-0 140194908669760
read_file 1572373410.910217 1572373410.9147336 bigbrain_2307_0_0.nii 139649210406720
increment_file 1572373410.9367979 1572373455.2644165 bigbrain_2307_0_0.nii 139649210406720
write_file 1572373455.276879 1572373501.346782 inc-bigbrain_2307_0_0.nii 139649210406720
task_duration 1572373410.9075305 1572373501.3509362 1572372717-optaneAD_1it_96cpus_40bb-0 139649210406720
read_file 1572373410.945803 1572373410.94819 bigbrain_1538_0_1388.nii 140403102418752
increment_file 1572373410.9485986 1572373455.1406167 bigbrain_1538_0_1388.nii 140403102418752
write_file 1572373455.1433847 1572373496.96617 inc-bigbrain_1538_0_1388.nii 140403102418752
task_duration 1572373410.943709 1572373496.97022 1572372717-optaneAD_1it_96cpus_40bb-0 140403102418752
read_file 1572373410.955129 1572373410.9576082 bigbrain_1538_603_2082.nii 140426823120704
increment_file 1572373410.9585626 1572373455.2800865 bigbrain_1538_603_2082.nii 140426823120704
write_file 1572373455.2813807 1572373490.5701873 inc-bigbrain_1538_603_2082.nii 140426823120704
task_duration 1572373410.942488 1572373490.5742762 1572372717-optaneAD_1it_96cpus_40bb-0 140426823120704
read_file 1572373410.9536128 1572373411.026169 bigbrain_0_1809_694.nii 140365610108736
increment_file 1572373411.0357609 1572373457.120768 bigbrain_0_1809_694.nii 140365610108736
write_file 1572373457.1389842 1572373494.3346415 inc-bigbrain_0_1809_694.nii 140365610108736
task_duration 1572373410.9276407 1572373494.339109 1572372717-optaneAD_1it_96cpus_40bb-0 140365610108736
read_file 1572373410.9358473 1572373411.0468142 bigbrain_1538_1206_0.nii 140534725244736
increment_file 1572373411.0516982 1572373455.9324946 bigbrain_1538_1206_0.nii 140534725244736
write_file 1572373456.052081 1572373502.8855278 inc-bigbrain_1538_1206_0.nii 140534725244736
task_duration 1572373410.9091914 1572373502.889537 1572372717-optaneAD_1it_96cpus_40bb-0 140534725244736
read_file 1572373411.046479 1572373411.0502143 bigbrain_2307_603_0.nii 140494631491392
increment_file 1572373411.0509608 1572373455.3298764 bigbrain_2307_603_0.nii 140494631491392
write_file 1572373455.370529 1572373503.3105607 inc-bigbrain_2307_603_0.nii 140494631491392
task_duration 1572373411.0443358 1572373503.314656 1572372717-optaneAD_1it_96cpus_40bb-0 140494631491392
read_file 1572373411.0668035 1572373411.0758426 bigbrain_1538_603_2776.nii 140471583139648
increment_file 1572373411.0786335 1572373455.4628263 bigbrain_1538_603_2776.nii 140471583139648
write_file 1572373455.4648087 1572373487.004282 inc-bigbrain_1538_603_2776.nii 140471583139648
task_duration 1572373411.0639281 1572373487.0084116 1572372717-optaneAD_1it_96cpus_40bb-0 140471583139648
read_file 1572373411.080884 1572373411.098754 bigbrain_0_1206_2082.nii 140175353276224
increment_file 1572373411.1006966 1572373457.0614893 bigbrain_0_1206_2082.nii 140175353276224
write_file 1572373457.0989122 1572373501.502506 inc-bigbrain_0_1206_2082.nii 140175353276224
task_duration 1572373411.07294 1572373501.506937 1572372717-optaneAD_1it_96cpus_40bb-0 140175353276224
read_file 1572373411.060699 1572373411.105412 bigbrain_0_603_1388.nii 139965389649728
increment_file 1572373411.1085596 1572373457.1528697 bigbrain_0_603_1388.nii 139965389649728
write_file 1572373457.1699195 1572373497.2670083 inc-bigbrain_0_603_1388.nii 139965389649728
task_duration 1572373410.9471824 1572373497.2713404 1572372717-optaneAD_1it_96cpus_40bb-0 139965389649728
read_file 1572373411.0938163 1572373411.1094136 bigbrain_2307_1809_0.nii 140608081184576
increment_file 1572373411.1120076 1572373455.5057218 bigbrain_2307_1809_0.nii 140608081184576
write_file 1572373455.528116 1572373463.8442833 inc-bigbrain_2307_1809_0.nii 140608081184576
task_duration 1572373411.0824316 1572373463.8486993 1572372717-optaneAD_1it_96cpus_40bb-0 140608081184576
read_file 1572373411.08841 1572373411.1204782 bigbrain_1538_2412_2776.nii 140657942169408
increment_file 1572373411.123846 1572373456.9915006 bigbrain_1538_2412_2776.nii 140657942169408
write_file 1572373457.0080123 1572373501.9816775 inc-bigbrain_1538_2412_2776.nii 140657942169408
task_duration 1572373410.9885755 1572373501.9860742 1572372717-optaneAD_1it_96cpus_40bb-0 140657942169408
read_file 1572373411.1325507 1572373411.144148 bigbrain_1538_603_1388.nii 140188281132864
increment_file 1572373411.145134 1572373457.1302867 bigbrain_1538_603_1388.nii 140188281132864
write_file 1572373457.164222 1572373495.3768578 inc-bigbrain_1538_603_1388.nii 140188281132864
task_duration 1572373411.1187425 1572373495.3811998 1572372717-optaneAD_1it_96cpus_40bb-0 140188281132864
read_file 1572373411.1384096 1572373411.1454139 bigbrain_2307_603_2776.nii 139858993903424
increment_file 1572373411.1471632 1572373455.7971325 bigbrain_2307_603_2776.nii 139858993903424
write_file 1572373455.7987187 1572373500.3920562 inc-bigbrain_2307_603_2776.nii 139858993903424
task_duration 1572373411.1318245 1572373500.3961425 1572372717-optaneAD_1it_96cpus_40bb-0 139858993903424
read_file 1572373411.1654701 1572373411.1817086 bigbrain_0_603_2776.nii 139828254267200
increment_file 1572373411.1843019 1572373457.1494622 bigbrain_0_603_2776.nii 139828254267200
write_file 1572373457.177884 1572373497.0812159 inc-bigbrain_0_603_2776.nii 139828254267200
task_duration 1572373411.158535 1572373497.0856752 1572372717-optaneAD_1it_96cpus_40bb-0 139828254267200
read_file 1572373411.179372 1572373411.1824915 bigbrain_2307_603_2082.nii 140454786246464
increment_file 1572373411.1836734 1572373457.1599283 bigbrain_2307_603_2082.nii 140454786246464
write_file 1572373457.1935031 1572373474.8184762 inc-bigbrain_2307_603_2082.nii 140454786246464
task_duration 1572373411.1771228 1572373474.8404968 1572372717-optaneAD_1it_96cpus_40bb-0 140454786246464
read_file 1572373411.1797166 1572373411.182593 bigbrain_2307_2412_0.nii 140645919369024
increment_file 1572373411.1838553 1572373455.9357684 bigbrain_2307_2412_0.nii 140645919369024
write_file 1572373456.0300426 1572373461.0819554 inc-bigbrain_2307_2412_0.nii 140645919369024
task_duration 1572373411.177224 1572373461.0863376 1572372717-optaneAD_1it_96cpus_40bb-0 140645919369024
read_file 1572373411.1803248 1572373411.1834068 bigbrain_3076_1206_0.nii 140249860204352
increment_file 1572373411.1839345 1572373455.764233 bigbrain_3076_1206_0.nii 140249860204352
write_file 1572373455.7656398 1572373493.1040356 inc-bigbrain_3076_1206_0.nii 140249860204352
task_duration 1572373411.1778145 1572373493.1081157 1572372717-optaneAD_1it_96cpus_40bb-0 140249860204352
read_file 1572373411.1923728 1572373411.1995797 bigbrain_2307_0_2776.nii 140208369309504
increment_file 1572373411.2025266 1572373455.803144 bigbrain_2307_0_2776.nii 140208369309504
write_file 1572373455.820749 1572373503.545245 inc-bigbrain_2307_0_2776.nii 140208369309504
task_duration 1572373411.1845837 1572373503.5493975 1572372717-optaneAD_1it_96cpus_40bb-0 140208369309504
read_file 1572373411.188586 1572373411.2069185 bigbrain_1538_603_694.nii 140184000169792
increment_file 1572373411.2080033 1572373455.6405652 bigbrain_1538_603_694.nii 140184000169792
write_file 1572373455.6722777 1572373500.3609898 inc-bigbrain_1538_603_694.nii 140184000169792
task_duration 1572373411.181653 1572373500.3652556 1572372717-optaneAD_1it_96cpus_40bb-0 140184000169792
read_file 1572373411.2252195 1572373411.2284431 bigbrain_3076_0_2776.nii 140271289198400
increment_file 1572373411.229412 1572373455.761721 bigbrain_3076_0_2776.nii 140271289198400
write_file 1572373455.7641263 1572373493.9790728 inc-bigbrain_3076_0_2776.nii 140271289198400
task_duration 1572373411.223233 1572373493.983127 1572372717-optaneAD_1it_96cpus_40bb-0 140271289198400
read_file 1572373411.1979442 1572373411.2280297 bigbrain_2307_0_1388.nii 140641896703808
increment_file 1572373411.2324207 1572373457.1024153 bigbrain_2307_0_1388.nii 140641896703808
write_file 1572373457.1233356 1572373492.19498 inc-bigbrain_2307_0_1388.nii 140641896703808
task_duration 1572373411.1839828 1572373492.1994915 1572372717-optaneAD_1it_96cpus_40bb-0 140641896703808
read_file 1572373411.2482831 1572373411.2751396 bigbrain_2307_1206_2082.nii 140432512284480
increment_file 1572373411.2788093 1572373455.8235118 bigbrain_2307_1206_2082.nii 140432512284480
write_file 1572373456.0498748 1572373503.4326518 inc-bigbrain_2307_1206_2082.nii 140432512284480
task_duration 1572373411.234447 1572373503.4368868 1572372717-optaneAD_1it_96cpus_40bb-0 140432512284480
read_file 1572373411.2745852 1572373411.2992713 bigbrain_2307_1206_1388.nii 140302447580992
increment_file 1572373411.3027718 1572373455.8158877 bigbrain_2307_1206_1388.nii 140302447580992
write_file 1572373456.0391383 1572373476.987934 inc-bigbrain_2307_1206_1388.nii 140302447580992
task_duration 1572373411.2619293 1572373476.9962032 1572372717-optaneAD_1it_96cpus_40bb-0 140302447580992
read_file 1572373411.3323545 1572373411.3687966 bigbrain_2307_0_2082.nii 140103095961408
increment_file 1572373411.3746872 1572373457.300853 bigbrain_2307_0_2082.nii 140103095961408
write_file 1572373457.3088315 1572373494.708765 inc-bigbrain_2307_0_2082.nii 140103095961408
task_duration 1572373411.312396 1572373494.717146 1572372717-optaneAD_1it_96cpus_40bb-0 140103095961408
read_file 1572373411.407264 1572373411.4102101 bigbrain_3076_1809_0.nii 140290648627008
increment_file 1572373411.4108772 1572373455.8771417 bigbrain_3076_1809_0.nii 140290648627008
write_file 1572373456.0385704 1572373484.3873537 inc-bigbrain_3076_1809_0.nii 140290648627008
task_duration 1572373411.404681 1572373484.3916698 1572372717-optaneAD_1it_96cpus_40bb-0 140290648627008
read_file 1572373411.4014997 1572373411.4150348 bigbrain_3076_0_1388.nii 140140802254656
increment_file 1572373411.4168072 1572373455.9450836 bigbrain_3076_0_1388.nii 140140802254656
write_file 1572373456.029012 1572373503.0257013 inc-bigbrain_3076_0_1388.nii 140140802254656
task_duration 1572373411.3913417 1572373503.0300212 1572372717-optaneAD_1it_96cpus_40bb-0 140140802254656
read_file 1572373411.5173123 1572373411.527206 bigbrain_2307_603_694.nii 140041361016640
increment_file 1572373411.5288293 1572373455.952013 bigbrain_2307_603_694.nii 140041361016640
write_file 1572373456.0192647 1572373500.3854668 inc-bigbrain_2307_603_694.nii 140041361016640
task_duration 1572373411.5149167 1572373500.3894792 1572372717-optaneAD_1it_96cpus_40bb-0 140041361016640
read_file 1572373411.5096083 1572373411.5395467 bigbrain_2307_1809_1388.nii 140293808027456
increment_file 1572373411.5451202 1572373457.3656776 bigbrain_2307_1809_1388.nii 140293808027456
write_file 1572373457.3785276 1572373495.997994 inc-bigbrain_2307_1809_1388.nii 140293808027456
task_duration 1572373411.4961245 1572373496.0024486 1572372717-optaneAD_1it_96cpus_40bb-0 140293808027456
read_file 1572373411.5733645 1572373411.587671 bigbrain_3076_0_2082.nii 139874023286592
increment_file 1572373411.5892372 1572373457.030308 bigbrain_3076_0_2082.nii 139874023286592
write_file 1572373457.0405269 1572373503.0123272 inc-bigbrain_3076_0_2082.nii 139874023286592
task_duration 1572373411.5689337 1572373503.0171392 1572372717-optaneAD_1it_96cpus_40bb-0 139874023286592
read_file 1572373411.5880039 1572373411.6136591 bigbrain_2307_603_1388.nii 139933281355584
increment_file 1572373411.615953 1572373457.2910197 bigbrain_2307_603_1388.nii 139933281355584
write_file 1572373457.302806 1572373493.9923873 inc-bigbrain_2307_603_1388.nii 139933281355584
task_duration 1572373411.578847 1572373493.996748 1572372717-optaneAD_1it_96cpus_40bb-0 139933281355584
read_file 1572373411.6480954 1572373411.6558 bigbrain_3076_1206_694.nii 140283376146240
increment_file 1572373411.659073 1572373456.2028494 bigbrain_3076_1206_694.nii 140283376146240
write_file 1572373456.217056 1572373497.8848145 inc-bigbrain_3076_1206_694.nii 140283376146240
task_duration 1572373411.6398387 1572373497.888865 1572372717-optaneAD_1it_96cpus_40bb-0 140283376146240
read_file 1572373411.645022 1572373411.6708443 bigbrain_2307_1206_694.nii 139728199583552
increment_file 1572373411.67648 1572373456.2026403 bigbrain_2307_1206_694.nii 139728199583552
write_file 1572373456.2330897 1572373475.0551634 inc-bigbrain_2307_1206_694.nii 139728199583552
task_duration 1572373411.631226 1572373475.0598352 1572372717-optaneAD_1it_96cpus_40bb-0 139728199583552
read_file 1572373411.673742 1572373411.7074604 bigbrain_2307_1206_0.nii 140008480331584
increment_file 1572373411.7117963 1572373457.295686 bigbrain_2307_1206_0.nii 140008480331584
write_file 1572373457.3056197 1572373500.9319775 inc-bigbrain_2307_1206_0.nii 140008480331584
task_duration 1572373411.6518605 1572373500.936534 1572372717-optaneAD_1it_96cpus_40bb-0 140008480331584
read_file 1572373411.786557 1572373411.8081288 bigbrain_3076_0_0.nii 139855024252736
increment_file 1572373411.8110154 1572373456.3045752 bigbrain_3076_0_0.nii 139855024252736
write_file 1572373456.3286495 1572373502.3360074 inc-bigbrain_3076_0_0.nii 139855024252736
task_duration 1572373411.7747965 1572373502.34036 1572372717-optaneAD_1it_96cpus_40bb-0 139855024252736
read_file 1572373411.8064935 1572373411.8248928 bigbrain_2307_2412_694.nii 139812169000768
increment_file 1572373411.8274565 1572373456.4304016 bigbrain_2307_2412_694.nii 139812169000768
write_file 1572373456.4478717 1572373504.1569066 inc-bigbrain_2307_2412_694.nii 139812169000768
task_duration 1572373411.7938755 1572373504.1609898 1572372717-optaneAD_1it_96cpus_40bb-0 139812169000768
read_file 1572373411.8256328 1572373411.8470907 bigbrain_2307_2412_1388.nii 139728854050624
increment_file 1572373411.850317 1572373456.3728008 bigbrain_2307_2412_1388.nii 139728854050624
write_file 1572373456.394191 1572373499.5308576 inc-bigbrain_2307_2412_1388.nii 139728854050624
task_duration 1572373411.8151305 1572373499.5349553 1572372717-optaneAD_1it_96cpus_40bb-0 139728854050624
read_file 1572373411.8820336 1572373411.890504 bigbrain_3076_1809_694.nii 139974532314944
increment_file 1572373411.8942256 1572373456.4998434 bigbrain_3076_1809_694.nii 139974532314944
write_file 1572373456.507596 1572373498.0915327 inc-bigbrain_3076_1809_694.nii 139974532314944
task_duration 1572373411.874575 1572373498.095669 1572372717-optaneAD_1it_96cpus_40bb-0 139974532314944
read_file 1572373411.8828025 1572373411.8905618 bigbrain_3076_1809_2082.nii 140046793357120
increment_file 1572373411.8942628 1572373456.1530404 bigbrain_3076_1809_2082.nii 140046793357120
write_file 1572373456.1635098 1572373502.7694545 inc-bigbrain_3076_1809_2082.nii 140046793357120
task_duration 1572373411.8765585 1572373502.7781675 1572372717-optaneAD_1it_96cpus_40bb-0 140046793357120
read_file 1572373411.8929741 1572373411.9294202 bigbrain_2307_0_694.nii 139742254499648
increment_file 1572373411.9339738 1572373457.1227937 bigbrain_2307_0_694.nii 139742254499648
write_file 1572373457.1357002 1572373503.9365048 inc-bigbrain_2307_0_694.nii 139742254499648
task_duration 1572373411.8697789 1572373503.9409924 1572372717-optaneAD_1it_96cpus_40bb-0 139742254499648
read_file 1572373411.9649916 1572373411.9933143 bigbrain_2307_1809_694.nii 139890411050816
increment_file 1572373411.9979727 1572373457.3844185 bigbrain_2307_1809_694.nii 139890411050816
write_file 1572373457.3926325 1572373492.6359808 inc-bigbrain_2307_1809_694.nii 139890411050816
task_duration 1572373411.9496164 1572373492.640387 1572372717-optaneAD_1it_96cpus_40bb-0 139890411050816
read_file 1572373411.9907746 1572373412.0035527 bigbrain_3076_2412_2776.nii 139674858252096
increment_file 1572373412.0062878 1572373456.3514616 bigbrain_3076_2412_2776.nii 139674858252096
write_file 1572373456.3687043 1572373498.0201387 inc-bigbrain_3076_2412_2776.nii 139674858252096
task_duration 1572373411.9787688 1572373498.0270479 1572372717-optaneAD_1it_96cpus_40bb-0 139674858252096
read_file 1572373412.0324862 1572373412.0655227 bigbrain_2307_2412_2776.nii 139919486744384
increment_file 1572373412.0692794 1572373457.3546894 bigbrain_2307_2412_2776.nii 139919486744384
write_file 1572373457.3682384 1572373474.5584702 inc-bigbrain_2307_2412_2776.nii 139919486744384
task_duration 1572373412.019745 1572373474.5641108 1572372717-optaneAD_1it_96cpus_40bb-0 139919486744384
read_file 1572373412.0322964 1572373412.0680804 bigbrain_2307_2412_2082.nii 140189576267584
increment_file 1572373412.0712192 1572373457.3013678 bigbrain_2307_2412_2082.nii 140189576267584
write_file 1572373457.310426 1572373492.4824066 inc-bigbrain_2307_2412_2082.nii 140189576267584
task_duration 1572373412.0103776 1572373492.4869087 1572372717-optaneAD_1it_96cpus_40bb-0 140189576267584
read_file 1572373412.0973046 1572373412.1248598 bigbrain_2307_1809_2082.nii 140696755234624
increment_file 1572373412.128323 1572373457.3215675 bigbrain_2307_1809_2082.nii 140696755234624
write_file 1572373457.3341208 1572373493.190906 inc-bigbrain_2307_1809_2082.nii 140696755234624
task_duration 1572373412.0833266 1572373493.195264 1572372717-optaneAD_1it_96cpus_40bb-0 140696755234624
read_file 1572373412.333508 1572373412.351012 bigbrain_3076_1206_1388.nii 140163126302528
increment_file 1572373412.3527699 1572373456.4524362 bigbrain_3076_1206_1388.nii 140163126302528
write_file 1572373456.465691 1572373497.3973365 inc-bigbrain_3076_1206_1388.nii 140163126302528
task_duration 1572373412.3302848 1572373497.4014602 1572372717-optaneAD_1it_96cpus_40bb-0 140163126302528
read_file 1572373412.3516994 1572373412.3721163 bigbrain_3076_0_694.nii 140181011560256
increment_file 1572373412.374537 1572373457.3669467 bigbrain_3076_0_694.nii 140181011560256
write_file 1572373457.3831356 1572373495.7498982 inc-bigbrain_3076_0_694.nii 140181011560256
task_duration 1572373412.3463469 1572373495.7562044 1572372717-optaneAD_1it_96cpus_40bb-0 140181011560256
read_file 1572373412.3649874 1572373412.4060874 bigbrain_2307_1809_2776.nii 140612309059392
increment_file 1572373412.408294 1572373457.3354418 bigbrain_2307_1809_2776.nii 140612309059392
write_file 1572373457.3494592 1572373491.4443264 inc-bigbrain_2307_1809_2776.nii 140612309059392
task_duration 1572373412.3456354 1572373491.448882 1572372717-optaneAD_1it_96cpus_40bb-0 140612309059392
read_file 1572373412.3910127 1572373412.4129343 bigbrain_3076_1206_2082.nii 139879238104896
increment_file 1572373412.4158845 1572373457.3223884 bigbrain_3076_1206_2082.nii 139879238104896
write_file 1572373457.336689 1572373500.7354336 inc-bigbrain_3076_1206_2082.nii 139879238104896
task_duration 1572373412.3806574 1572373500.7398033 1572372717-optaneAD_1it_96cpus_40bb-0 139879238104896
read_file 1572373412.5444698 1572373412.5649621 bigbrain_3076_1809_1388.nii 140322225243968
increment_file 1572373412.5678012 1572373457.39071 bigbrain_3076_1809_1388.nii 140322225243968
write_file 1572373457.4051142 1572373474.3490496 inc-bigbrain_3076_1809_1388.nii 140322225243968
task_duration 1572373412.540569 1572373474.3533924 1572372717-optaneAD_1it_96cpus_40bb-0 140322225243968
read_file 1572373412.6879497 1572373412.7149608 bigbrain_3076_1206_2776.nii 140450978785088
increment_file 1572373412.718553 1572373457.3848135 bigbrain_3076_1206_2776.nii 140450978785088
write_file 1572373457.3931463 1572373501.0930996 inc-bigbrain_3076_1206_2776.nii 140450978785088
task_duration 1572373412.6778915 1572373501.0975106 1572372717-optaneAD_1it_96cpus_40bb-0 140450978785088
read_file 1572373412.9518769 1572373412.973404 bigbrain_3076_2412_2082.nii 140050732877632
increment_file 1572373412.9768395 1572373457.416814 bigbrain_3076_2412_2082.nii 140050732877632
write_file 1572373457.4226415 1572373503.7146766 inc-bigbrain_3076_2412_2082.nii 140050732877632
task_duration 1572373412.938085 1572373503.7190483 1572372717-optaneAD_1it_96cpus_40bb-0 140050732877632
read_file 1572373413.1543746 1572373413.1837025 bigbrain_3076_2412_0.nii 140587727308608
increment_file 1572373413.187949 1572373457.451536 bigbrain_3076_2412_0.nii 140587727308608
write_file 1572373457.454665 1572373500.5333655 inc-bigbrain_3076_2412_0.nii 140587727308608
task_duration 1572373413.1422973 1572373500.5377042 1572372717-optaneAD_1it_96cpus_40bb-0 140587727308608
read_file 1572373413.1548426 1572373413.184546 bigbrain_3076_2412_1388.nii 140532449924928
increment_file 1572373413.1881108 1572373457.4660332 bigbrain_3076_2412_1388.nii 140532449924928
write_file 1572373457.4712443 1572373471.3408427 inc-bigbrain_3076_2412_1388.nii 140532449924928
task_duration 1572373413.1428173 1572373471.3454123 1572372717-optaneAD_1it_96cpus_40bb-0 140532449924928
read_file 1572373413.2108212 1572373413.2347476 bigbrain_3076_1809_2776.nii 140473490863936
increment_file 1572373413.2381473 1572373457.384399 bigbrain_3076_1809_2776.nii 140473490863936
write_file 1572373457.4056263 1572373503.6192458 inc-bigbrain_3076_1809_2776.nii 140473490863936
task_duration 1572373413.1962533 1572373503.6241171 1572372717-optaneAD_1it_96cpus_40bb-0 140473490863936
read_file 1572373413.2183564 1572373413.2422621 bigbrain_3076_603_0.nii 140476258035520
increment_file 1572373413.244991 1572373457.4647763 bigbrain_3076_603_0.nii 140476258035520
write_file 1572373457.470776 1572373503.1928835 inc-bigbrain_3076_603_0.nii 140476258035520
task_duration 1572373413.2070189 1572373503.1979058 1572372717-optaneAD_1it_96cpus_40bb-0 140476258035520
read_file 1572373413.518044 1572373413.5369816 bigbrain_3076_2412_694.nii 140422835394368
increment_file 1572373413.5396776 1572373457.447862 bigbrain_3076_2412_694.nii 140422835394368
write_file 1572373457.4517014 1572373491.937663 inc-bigbrain_3076_2412_694.nii 140422835394368
task_duration 1572373413.5081923 1572373491.9420662 1572372717-optaneAD_1it_96cpus_40bb-0 140422835394368
read_file 1572373460.7221062 1572373460.7230628 bigbrain_3076_603_1388.nii 140358851798848
increment_file 1572373460.7972488 1572373461.7040362 bigbrain_3076_603_1388.nii 140358851798848
write_file 1572373461.7121055 1572373499.9524314 inc-bigbrain_3076_603_1388.nii 140358851798848
task_duration 1572373460.7211065 1572373499.9569256 1572372717-optaneAD_1it_96cpus_40bb-0 140358851798848
read_file 1572373461.1459527 1572373461.14719 bigbrain_3076_603_2082.nii 140711032391488
increment_file 1572373461.2230365 1572373463.1517456 bigbrain_3076_603_2082.nii 140711032391488
write_file 1572373463.1526418 1572373495.5604177 inc-bigbrain_3076_603_2082.nii 140711032391488
task_duration 1572373461.144838 1572373495.5648808 1572372717-optaneAD_1it_96cpus_40bb-0 140711032391488
read_file 1572373461.3549573 1572373461.358966 bigbrain_3076_603_2776.nii 140273616910144
increment_file 1572373461.435652 1572373463.4014256 bigbrain_3076_603_2776.nii 140273616910144
write_file 1572373463.4028094 1572373497.9059408 inc-bigbrain_3076_603_2776.nii 140273616910144
task_duration 1572373461.3513546 1572373497.9102602 1572372717-optaneAD_1it_96cpus_40bb-0 140273616910144
read_file 1572373461.4000762 1572373461.4012456 bigbrain_3076_603_694.nii 139827715192640
increment_file 1572373461.5075653 1572373463.471421 bigbrain_3076_603_694.nii 139827715192640
write_file 1572373463.4727905 1572373490.7584229 inc-bigbrain_3076_603_694.nii 139827715192640
task_duration 1572373461.3986742 1572373490.768021 1572372717-optaneAD_1it_96cpus_40bb-0 139827715192640
read_file 1572373461.4094486 1572373461.4105313 bigbrain_769_0_1388.nii 140339767666496
increment_file 1572373461.5219226 1572373463.4713686 bigbrain_769_0_1388.nii 140339767666496
write_file 1572373463.472791 1572373492.06279 inc-bigbrain_769_0_1388.nii 140339767666496
task_duration 1572373461.4084547 1572373492.0677645 1572372717-optaneAD_1it_96cpus_40bb-0 140339767666496
read_file 1572373461.431948 1572373461.4334154 bigbrain_769_0_0.nii 139711450629952
increment_file 1572373461.7043676 1572373463.4678705 bigbrain_769_0_0.nii 139711450629952
write_file 1572373463.4689217 1572373494.7525344 inc-bigbrain_769_0_0.nii 139711450629952
task_duration 1572373461.430686 1572373494.7569034 1572372717-optaneAD_1it_96cpus_40bb-0 139711450629952
read_file 1572373461.5136333 1572373461.5154686 bigbrain_769_0_2082.nii 139624645232448
increment_file 1572373462.1841817 1572373463.5406394 bigbrain_769_0_2082.nii 139624645232448
write_file 1572373463.541454 1572373499.69712 inc-bigbrain_769_0_2082.nii 139624645232448
task_duration 1572373461.5125244 1572373499.7049313 1572372717-optaneAD_1it_96cpus_40bb-0 139624645232448
read_file 1572373462.2757523 1572373462.2823033 bigbrain_769_0_2776.nii 139915229120320
increment_file 1572373462.9015698 1572373463.6599517 bigbrain_769_0_2776.nii 139915229120320
write_file 1572373463.6608057 1572373499.2379677 inc-bigbrain_769_0_2776.nii 139915229120320
task_duration 1572373462.2730289 1572373499.2423942 1572372717-optaneAD_1it_96cpus_40bb-0 139915229120320
read_file 1572373463.8770003 1572373463.8787158 bigbrain_769_1206_1388.nii 139650433939264
increment_file 1572373463.9559965 1572373470.707109 bigbrain_769_1206_1388.nii 139650433939264
write_file 1572373470.7241614 1572373504.0201733 inc-bigbrain_769_1206_1388.nii 139650433939264
task_duration 1572373463.8753223 1572373504.0244417 1572372717-optaneAD_1it_96cpus_40bb-0 139650433939264
read_file 1572373463.8793008 1572373463.880929 bigbrain_769_0_694.nii 139903607260992
increment_file 1572373463.95922 1572373471.0087485 bigbrain_769_0_694.nii 139903607260992
write_file 1572373471.0170727 1572373494.168193 inc-bigbrain_769_0_694.nii 139903607260992
task_duration 1572373463.8776882 1572373494.1724954 1572372717-optaneAD_1it_96cpus_40bb-0 139903607260992
read_file 1572373463.8840337 1572373463.8856063 bigbrain_769_1206_0.nii 140130690590528
increment_file 1572373463.9668322 1572373471.185745 bigbrain_769_1206_0.nii 140130690590528
write_file 1572373471.1951187 1572373494.27676 inc-bigbrain_769_1206_0.nii 140130690590528
task_duration 1572373463.8800397 1572373494.2809582 1572372717-optaneAD_1it_96cpus_40bb-0 140130690590528
read_file 1572373464.0820746 1572373464.0839005 bigbrain_769_1206_2082.nii 140379028477760
increment_file 1572373464.59503 1572373471.311379 bigbrain_769_1206_2082.nii 140379028477760
write_file 1572373471.3125157 1572373502.5602021 inc-bigbrain_769_1206_2082.nii 140379028477760
task_duration 1572373464.0809226 1572373502.5644264 1572372717-optaneAD_1it_96cpus_40bb-0 140379028477760
read_file 1572373464.2096467 1572373464.2185452 bigbrain_769_1206_2776.nii 139663885555520
increment_file 1572373464.819524 1572373471.245885 bigbrain_769_1206_2776.nii 139663885555520
write_file 1572373471.2502723 1572373499.7683218 inc-bigbrain_769_1206_2776.nii 139663885555520
task_duration 1572373464.2061338 1572373499.7724981 1572372717-optaneAD_1it_96cpus_40bb-0 139663885555520
read_file 1572373464.2929423 1572373464.2948916 bigbrain_769_1206_694.nii 140700070127424
increment_file 1572373464.9991758 1572373471.248342 bigbrain_769_1206_694.nii 140700070127424
write_file 1572373471.2556636 1572373497.962796 inc-bigbrain_769_1206_694.nii 140700070127424
task_duration 1572373464.291638 1572373497.967072 1572372717-optaneAD_1it_96cpus_40bb-0 140700070127424
read_file 1572373471.6084538 1572373471.610308 bigbrain_769_1809_0.nii 139953876350784
increment_file 1572373471.691126 1572373473.06655 bigbrain_769_1809_0.nii 139953876350784
write_file 1572373473.0684457 1572373504.0495045 inc-bigbrain_769_1809_0.nii 139953876350784
task_duration 1572373471.6065674 1572373504.0538096 1572372717-optaneAD_1it_96cpus_40bb-0 139953876350784
read_file 1572373471.8016112 1572373471.8027313 bigbrain_769_1809_1388.nii 140582197376832
increment_file 1572373471.888492 1572373474.0305092 bigbrain_769_1809_1388.nii 140582197376832
write_file 1572373474.031732 1572373498.6820319 inc-bigbrain_769_1809_1388.nii 140582197376832
task_duration 1572373471.8006172 1572373498.686615 1572372717-optaneAD_1it_96cpus_40bb-0 140582197376832
read_file 1572373473.0410342 1572373473.0440826 bigbrain_769_1809_2082.nii 140632880981824
increment_file 1572373473.284944 1572373474.349057 bigbrain_769_1809_2082.nii 140632880981824
write_file 1572373474.3497756 1572373495.008522 inc-bigbrain_769_1809_2082.nii 140632880981824
task_duration 1572373473.0391335 1572373495.0139012 1572372717-optaneAD_1it_96cpus_40bb-0 140632880981824
read_file 1572373474.6200407 1572373474.6211433 bigbrain_769_1809_2776.nii 140398251267904
increment_file 1572373474.704463 1572373482.1231692 bigbrain_769_1809_2776.nii 140398251267904
write_file 1572373482.12677 1572373504.4998713 inc-bigbrain_769_1809_2776.nii 140398251267904
task_duration 1572373474.6189764 1572373504.5039425 1572372717-optaneAD_1it_96cpus_40bb-0 140398251267904
read_file 1572373474.8593602 1572373474.8623664 bigbrain_769_1809_694.nii 139681728579392
increment_file 1572373475.120299 1572373484.294447 bigbrain_769_1809_694.nii 139681728579392
write_file 1572373484.346222 1572373496.1378431 inc-bigbrain_769_1809_694.nii 139681728579392
task_duration 1572373474.8572955 1572373496.1421702 1572372717-optaneAD_1it_96cpus_40bb-0 139681728579392
read_file 1572373474.964502 1572373474.9669044 bigbrain_769_2412_1388.nii 140018700216128
increment_file 1572373475.380886 1572373485.698037 bigbrain_769_2412_1388.nii 140018700216128
write_file 1572373485.7114444 1572373503.1921232 inc-bigbrain_769_2412_1388.nii 140018700216128
task_duration 1572373474.963356 1572373503.1966696 1572372717-optaneAD_1it_96cpus_40bb-0 140018700216128
read_file 1572373474.9881647 1572373474.9911644 bigbrain_769_2412_0.nii 140424478054208
increment_file 1572373475.435098 1572373485.1233263 bigbrain_769_2412_0.nii 140424478054208
write_file 1572373485.1666813 1572373503.0449831 inc-bigbrain_769_2412_0.nii 140424478054208
task_duration 1572373474.9863017 1572373503.0542533 1572372717-optaneAD_1it_96cpus_40bb-0 140424478054208
read_file 1572373475.4511547 1572373475.4576194 bigbrain_769_2412_2082.nii 140277736834880
increment_file 1572373476.456899 1572373486.1673093 bigbrain_769_2412_2082.nii 140277736834880
write_file 1572373486.1759744 1572373501.6707308 inc-bigbrain_769_2412_2082.nii 140277736834880
task_duration 1572373475.4476814 1572373501.677564 1572372717-optaneAD_1it_96cpus_40bb-0 140277736834880
read_file 1572373475.6282163 1572373475.6362677 bigbrain_769_2412_2776.nii 139650980116288
increment_file 1572373476.6498048 1572373486.0925431 bigbrain_769_2412_2776.nii 139650980116288
write_file 1572373486.1219056 1572373504.505821 inc-bigbrain_769_2412_2776.nii 139650980116288
task_duration 1572373475.6239338 1572373504.509935 1572372717-optaneAD_1it_96cpus_40bb-0 139650980116288
read_file 1572373475.8500872 1572373475.8608873 bigbrain_769_2412_694.nii 140459539691328
increment_file 1572373476.8834412 1572373486.4386714 bigbrain_769_2412_694.nii 140459539691328
write_file 1572373486.448198 1572373504.0615315 inc-bigbrain_769_2412_694.nii 140459539691328
task_duration 1572373475.8434415 1572373504.065652 1572372717-optaneAD_1it_96cpus_40bb-0 140459539691328
read_file 1572373479.171256 1572373479.188887 bigbrain_769_603_0.nii 139876278093632
increment_file 1572373480.4786887 1572373487.9436853 bigbrain_769_603_0.nii 139876278093632
write_file 1572373487.9621282 1572373502.8757691 inc-bigbrain_769_603_0.nii 139876278093632
task_duration 1572373479.1630235 1572373502.880004 1572372717-optaneAD_1it_96cpus_40bb-0 139876278093632
read_file 1572373480.763814 1572373480.7753136 bigbrain_769_603_1388.nii 140159541319488
increment_file 1572373482.4004478 1572373488.7860854 bigbrain_769_603_1388.nii 140159541319488
write_file 1572373488.8037045 1572373495.4301152 inc-bigbrain_769_603_1388.nii 140159541319488
task_duration 1572373480.7571998 1572373495.434381 1572372717-optaneAD_1it_96cpus_40bb-0 140159541319488
read_file 1572373485.6864913 1572373485.6981533 bigbrain_769_603_2082.nii 139678291810112
increment_file 1572373486.4289625 1572373490.261067 bigbrain_769_603_2082.nii 139678291810112
write_file 1572373490.2652318 1572373494.998088 inc-bigbrain_769_603_2082.nii 139678291810112
task_duration 1572373485.6823986 1572373495.002302 1572372717-optaneAD_1it_96cpus_40bb-0 139678291810112
read_file 1572373486.978161 1572373486.9829197 bigbrain_769_603_2776.nii 139978391918400
increment_file 1572373487.5121472 1572373490.4909837 bigbrain_769_603_2776.nii 139978391918400
write_file 1572373490.4952607 1572373503.2703836 inc-bigbrain_769_603_2776.nii 139978391918400
task_duration 1572373486.9763198 1572373503.2745736 1572372717-optaneAD_1it_96cpus_40bb-0 139978391918400
read_file 1572373487.7469177 1572373487.759536 bigbrain_769_603_694.nii 139923112310592
increment_file 1572373488.3658075 1572373491.28799 bigbrain_769_603_694.nii 139923112310592
write_file 1572373491.291105 1572373501.7801423 inc-bigbrain_769_603_694.nii 139923112310592
task_duration 1572373487.7281392 1572373501.7850215 1572372717-optaneAD_1it_96cpus_40bb-0 139923112310592
