read_file 1572378562.1483173 1572378562.1506996 bigbrain_769_603_694.nii 140124436031296
increment_file 1572378562.150883 1572378562.6258214 bigbrain_769_603_694.nii 140124436031296
write_file 1572378562.626572 1572378563.1215274 inc-bigbrain_769_603_694.nii 140124436031296
task_duration 1572378562.1467128 1572378563.1335506 1572378496-tmpfsAD_1it_96cpus_40bb-0 140124436031296
read_file 1572378562.0916543 1572378562.0942297 bigbrain_769_603_2082.nii 140275554166592
increment_file 1572378562.0944514 1572378562.594354 bigbrain_769_603_2082.nii 140275554166592
write_file 1572378562.5950966 1572378563.084653 inc-bigbrain_769_603_2082.nii 140275554166592
task_duration 1572378562.0900378 1572378563.0969782 1572378496-tmpfsAD_1it_96cpus_40bb-0 140275554166592
read_file 1572378562.04595 1572378562.0482984 bigbrain_769_603_2776.nii 139635221468992
increment_file 1572378562.0485244 1572378562.571134 bigbrain_769_603_2776.nii 139635221468992
write_file 1572378562.5718634 1572378563.0631206 inc-bigbrain_769_603_2776.nii 139635221468992
task_duration 1572378562.0443957 1572378563.0756266 1572378496-tmpfsAD_1it_96cpus_40bb-0 139635221468992
read_file 1572378562.036389 1572378562.0386221 bigbrain_769_2412_2082.nii 139892501686080
increment_file 1572378562.0388072 1572378562.566036 bigbrain_769_2412_2082.nii 139892501686080
write_file 1572378562.566894 1572378563.0570745 inc-bigbrain_769_2412_2082.nii 139892501686080
task_duration 1572378562.0349042 1572378563.0693216 1572378496-tmpfsAD_1it_96cpus_40bb-0 139892501686080
read_file 1572378562.0260744 1572378562.02841 bigbrain_769_603_1388.nii 139976604018496
increment_file 1572378562.028603 1572378562.5601006 bigbrain_769_603_1388.nii 139976604018496
write_file 1572378562.5608408 1572378563.0543125 inc-bigbrain_769_603_1388.nii 139976604018496
task_duration 1572378562.0245461 1572378563.066693 1572378496-tmpfsAD_1it_96cpus_40bb-0 139976604018496
read_file 1572378561.9790332 1572378561.9810293 bigbrain_769_2412_694.nii 140003853264704
increment_file 1572378561.9812016 1572378562.5323575 bigbrain_769_2412_694.nii 140003853264704
write_file 1572378562.5332744 1572378563.0264223 inc-bigbrain_769_2412_694.nii 140003853264704
task_duration 1572378561.9775386 1572378563.0386493 1572378496-tmpfsAD_1it_96cpus_40bb-0 140003853264704
read_file 1572378561.957259 1572378561.959451 bigbrain_769_603_0.nii 139904904963904
increment_file 1572378561.9596677 1572378562.5446303 bigbrain_769_603_0.nii 139904904963904
write_file 1572378562.5456295 1572378563.1820588 inc-bigbrain_769_603_0.nii 139904904963904
task_duration 1572378561.9556186 1572378563.1935706 1572378496-tmpfsAD_1it_96cpus_40bb-0 139904904963904
read_file 1572378561.9452944 1572378561.9473646 bigbrain_769_0_2082.nii 140057100089152
increment_file 1572378561.9475625 1572378562.5133486 bigbrain_769_0_2082.nii 140057100089152
write_file 1572378562.5141737 1572378563.0123749 inc-bigbrain_769_0_2082.nii 140057100089152
task_duration 1572378561.943883 1572378563.02494 1572378496-tmpfsAD_1it_96cpus_40bb-0 140057100089152
read_file 1572378561.9209378 1572378561.9235466 bigbrain_769_2412_1388.nii 140146923419456
increment_file 1572378561.9237945 1572378562.5346668 bigbrain_769_2412_1388.nii 140146923419456
write_file 1572378562.535621 1572378563.1742759 inc-bigbrain_769_2412_1388.nii 140146923419456
task_duration 1572378561.918838 1572378563.185794 1572378496-tmpfsAD_1it_96cpus_40bb-0 140146923419456
read_file 1572378561.9118927 1572378561.9133205 bigbrain_769_1809_694.nii 139821078427456
increment_file 1572378561.9134376 1572378562.5048234 bigbrain_769_1809_694.nii 139821078427456
write_file 1572378562.5057986 1572378563.154165 inc-bigbrain_769_1809_694.nii 139821078427456
task_duration 1572378561.910695 1572378563.1669188 1572378496-tmpfsAD_1it_96cpus_40bb-0 139821078427456
read_file 1572378561.9102888 1572378561.9122143 bigbrain_769_0_1388.nii 139788469913408
increment_file 1572378561.9123988 1572378562.497657 bigbrain_769_0_1388.nii 139788469913408
write_file 1572378562.4989514 1572378563.1653636 inc-bigbrain_769_0_1388.nii 139788469913408
task_duration 1572378561.9089758 1572378563.1780322 1572378496-tmpfsAD_1it_96cpus_40bb-0 139788469913408
read_file 1572378561.8986669 1572378561.9011235 bigbrain_769_2412_2776.nii 139938635851584
increment_file 1572378561.901328 1572378562.5272212 bigbrain_769_2412_2776.nii 139938635851584
write_file 1572378562.5282261 1572378563.1722226 inc-bigbrain_769_2412_2776.nii 139938635851584
task_duration 1572378561.8965225 1572378563.1841185 1572378496-tmpfsAD_1it_96cpus_40bb-0 139938635851584
read_file 1572378561.8660705 1572378561.8684323 bigbrain_769_1809_2082.nii 140503960364864
increment_file 1572378561.8686209 1572378562.5117195 bigbrain_769_1809_2082.nii 140503960364864
write_file 1572378562.512709 1572378563.1629465 inc-bigbrain_769_1809_2082.nii 140503960364864
task_duration 1572378561.8640478 1572378563.1754596 1572378496-tmpfsAD_1it_96cpus_40bb-0 140503960364864
read_file 1572378561.8582525 1572378561.861264 bigbrain_769_0_0.nii 140048713221952
increment_file 1572378561.8614948 1572378562.4704075 bigbrain_769_0_0.nii 140048713221952
write_file 1572378562.4714592 1572378563.104549 inc-bigbrain_769_0_0.nii 140048713221952
task_duration 1572378561.8557687 1572378563.1184738 1572378496-tmpfsAD_1it_96cpus_40bb-0 140048713221952
read_file 1572378561.8587387 1572378561.860184 bigbrain_769_2412_0.nii 140094188300096
increment_file 1572378561.8603203 1572378562.4732802 bigbrain_769_2412_0.nii 140094188300096
write_file 1572378562.4750657 1572378563.1029606 inc-bigbrain_769_2412_0.nii 140094188300096
task_duration 1572378561.8576035 1572378563.1172674 1572378496-tmpfsAD_1it_96cpus_40bb-0 140094188300096
read_file 1572378561.8359616 1572378561.8374295 bigbrain_769_0_694.nii 140507188303680
increment_file 1572378561.8375578 1572378562.4431245 bigbrain_769_0_694.nii 140507188303680
write_file 1572378562.444161 1572378563.0983958 inc-bigbrain_769_0_694.nii 140507188303680
task_duration 1572378561.834761 1572378563.1124318 1572378496-tmpfsAD_1it_96cpus_40bb-0 140507188303680
read_file 1572378561.8327782 1572378561.8341725 bigbrain_769_1809_1388.nii 139984533653312
increment_file 1572378561.8342974 1572378562.4668322 bigbrain_769_1809_1388.nii 139984533653312
write_file 1572378562.4678075 1572378563.117706 inc-bigbrain_769_1809_1388.nii 139984533653312
task_duration 1572378561.8316238 1572378563.1308796 1572378496-tmpfsAD_1it_96cpus_40bb-0 139984533653312
read_file 1572378561.828698 1572378561.831007 bigbrain_769_1809_2776.nii 140489477773120
increment_file 1572378561.8311985 1572378562.460562 bigbrain_769_1809_2776.nii 140489477773120
write_file 1572378562.4615622 1572378563.1129296 inc-bigbrain_769_1809_2776.nii 140489477773120
task_duration 1572378561.826718 1572378563.1261492 1572378496-tmpfsAD_1it_96cpus_40bb-0 140489477773120
read_file 1572378561.816659 1572378561.819924 bigbrain_3076_603_694.nii 139765233923904
increment_file 1572378561.8202074 1572378562.4725506 bigbrain_3076_603_694.nii 139765233923904
write_file 1572378562.47358 1572378563.126934 inc-bigbrain_3076_603_694.nii 139765233923904
task_duration 1572378561.8142107 1572378563.1405241 1572378496-tmpfsAD_1it_96cpus_40bb-0 139765233923904
read_file 1572378561.8059258 1572378561.807992 bigbrain_769_1206_2082.nii 140617636968256
increment_file 1572378561.8081648 1572378562.4204822 bigbrain_769_1206_2082.nii 140617636968256
write_file 1572378562.4214742 1572378563.148778 inc-bigbrain_769_1206_2082.nii 140617636968256
task_duration 1572378561.8041782 1572378563.161725 1572378496-tmpfsAD_1it_96cpus_40bb-0 140617636968256
read_file 1572378561.7990973 1572378561.8016548 bigbrain_769_0_2776.nii 140688540067648
increment_file 1572378561.8018625 1572378562.4848914 bigbrain_769_0_2776.nii 140688540067648
write_file 1572378562.485921 1572378563.183834 inc-bigbrain_769_0_2776.nii 140688540067648
task_duration 1572378561.7970092 1572378563.1959887 1572378496-tmpfsAD_1it_96cpus_40bb-0 140688540067648
read_file 1572378561.7984016 1572378561.7998407 bigbrain_769_1206_1388.nii 140419709265728
increment_file 1572378561.799974 1572378562.4110503 bigbrain_769_1206_1388.nii 140419709265728
write_file 1572378562.4121091 1572378563.0685704 inc-bigbrain_769_1206_1388.nii 140419709265728
task_duration 1572378561.797269 1572378563.0829265 1572378496-tmpfsAD_1it_96cpus_40bb-0 140419709265728
read_file 1572378561.7844403 1572378561.7857015 bigbrain_769_1206_0.nii 140089503532864
increment_file 1572378561.7858107 1572378562.4140575 bigbrain_769_1206_0.nii 140089503532864
write_file 1572378562.4150612 1572378563.0880108 inc-bigbrain_769_1206_0.nii 140089503532864
task_duration 1572378561.7833033 1572378563.1019764 1572378496-tmpfsAD_1it_96cpus_40bb-0 140089503532864
read_file 1572378561.7828245 1572378561.7848966 bigbrain_769_1206_2776.nii 140325295499072
increment_file 1572378561.7850606 1572378562.4142375 bigbrain_769_1206_2776.nii 140325295499072
write_file 1572378562.4150615 1572378563.0798655 inc-bigbrain_769_1206_2776.nii 140325295499072
task_duration 1572378561.780979 1572378563.094082 1572378496-tmpfsAD_1it_96cpus_40bb-0 140325295499072
read_file 1572378561.7695827 1572378561.7713993 bigbrain_769_1809_0.nii 140690009167680
increment_file 1572378561.7715511 1572378562.3947067 bigbrain_769_1809_0.nii 140690009167680
write_file 1572378562.3957229 1572378563.0518067 inc-bigbrain_769_1809_0.nii 140690009167680
task_duration 1572378561.767931 1572378563.0663884 1572378496-tmpfsAD_1it_96cpus_40bb-0 140690009167680
read_file 1572378561.7616265 1572378561.7633593 bigbrain_769_1206_694.nii 139672374646592
increment_file 1572378561.7635043 1572378562.376124 bigbrain_769_1206_694.nii 139672374646592
write_file 1572378562.3771906 1572378563.0371425 inc-bigbrain_769_1206_694.nii 139672374646592
task_duration 1572378561.759982 1572378563.0523562 1572378496-tmpfsAD_1it_96cpus_40bb-0 139672374646592
read_file 1572378561.7040403 1572378561.705889 bigbrain_3076_603_2776.nii 139833950943040
increment_file 1572378561.7060494 1572378562.3502643 bigbrain_3076_603_2776.nii 139833950943040
write_file 1572378562.3514225 1572378563.0032382 inc-bigbrain_3076_603_2776.nii 139833950943040
task_duration 1572378561.7023928 1572378563.018605 1572378496-tmpfsAD_1it_96cpus_40bb-0 139833950943040
read_file 1572378561.5907407 1572378561.602928 bigbrain_3076_603_2082.nii 139777720960832
increment_file 1572378561.6031647 1572378562.3501413 bigbrain_3076_603_2082.nii 139777720960832
write_file 1572378562.3514445 1572378562.8822632 inc-bigbrain_3076_603_2082.nii 139777720960832
task_duration 1572378561.5885293 1572378562.8949597 1572378496-tmpfsAD_1it_96cpus_40bb-0 139777720960832
read_file 1572378561.5291429 1572378561.5313241 bigbrain_3076_603_1388.nii 140709798418240
increment_file 1572378561.531537 1572378562.2749965 bigbrain_3076_603_1388.nii 140709798418240
write_file 1572378562.27623 1572378562.9115973 inc-bigbrain_3076_603_1388.nii 140709798418240
task_duration 1572378561.5271218 1572378562.9273257 1572378496-tmpfsAD_1it_96cpus_40bb-0 140709798418240
read_file 1572378559.2870402 1572378559.2944198 bigbrain_3076_603_0.nii 140225756964672
increment_file 1572378559.295015 1572378560.6878748 bigbrain_3076_603_0.nii 140225756964672
write_file 1572378560.6902437 1572378562.4626918 inc-bigbrain_3076_603_0.nii 140225756964672
task_duration 1572378559.2821872 1572378562.4778042 1572378496-tmpfsAD_1it_96cpus_40bb-0 140225756964672
read_file 1572378559.2825334 1572378559.2895033 bigbrain_3076_2412_2776.nii 140287733184320
increment_file 1572378559.290061 1572378560.642378 bigbrain_3076_2412_2776.nii 140287733184320
write_file 1572378560.6449034 1572378562.1485093 inc-bigbrain_3076_2412_2776.nii 140287733184320
task_duration 1572378559.2782133 1572378562.1685965 1572378496-tmpfsAD_1it_96cpus_40bb-0 140287733184320
read_file 1572378559.2739022 1572378559.2807658 bigbrain_3076_1809_2776.nii 139931368298304
increment_file 1572378559.2814052 1572378560.6343057 bigbrain_3076_1809_2776.nii 139931368298304
write_file 1572378560.6369648 1572378562.0988846 inc-bigbrain_3076_1809_2776.nii 139931368298304
task_duration 1572378559.2695882 1572378562.1200655 1572378496-tmpfsAD_1it_96cpus_40bb-0 139931368298304
read_file 1572378559.2149522 1572378559.221892 bigbrain_3076_2412_0.nii 140001100269376
increment_file 1572378559.2225852 1572378560.618581 bigbrain_3076_2412_0.nii 140001100269376
write_file 1572378560.62112 1572378562.1892653 inc-bigbrain_3076_2412_0.nii 140001100269376
task_duration 1572378559.2103114 1572378562.208181 1572378496-tmpfsAD_1it_96cpus_40bb-0 140001100269376
read_file 1572378559.202013 1572378559.2088249 bigbrain_3076_1809_0.nii 139623156066112
increment_file 1572378559.2094586 1572378560.5881236 bigbrain_3076_1809_0.nii 139623156066112
write_file 1572378560.5909185 1572378562.1852632 inc-bigbrain_3076_1809_0.nii 139623156066112
task_duration 1572378559.1974516 1572378562.2049787 1572378496-tmpfsAD_1it_96cpus_40bb-0 139623156066112
read_file 1572378559.1765006 1572378559.1835558 bigbrain_3076_1206_2776.nii 140150340753216
increment_file 1572378559.184149 1572378560.5752137 bigbrain_3076_1206_2776.nii 140150340753216
write_file 1572378560.5778818 1572378562.0601525 inc-bigbrain_3076_1206_2776.nii 140150340753216
task_duration 1572378559.172177 1572378562.082604 1572378496-tmpfsAD_1it_96cpus_40bb-0 140150340753216
read_file 1572378559.1134017 1572378559.1196387 bigbrain_3076_2412_1388.nii 140136617498432
increment_file 1572378559.1202815 1572378560.4210162 bigbrain_3076_2412_1388.nii 140136617498432
write_file 1572378560.4258091 1572378561.6315246 inc-bigbrain_3076_2412_1388.nii 140136617498432
task_duration 1572378559.108636 1572378561.665413 1572378496-tmpfsAD_1it_96cpus_40bb-0 140136617498432
read_file 1572378559.0567324 1572378559.063939 bigbrain_3076_1206_1388.nii 139732553172800
increment_file 1572378559.064645 1572378560.521333 bigbrain_3076_1206_1388.nii 139732553172800
write_file 1572378560.5243025 1572378562.3281114 inc-bigbrain_3076_1206_1388.nii 139732553172800
task_duration 1572378559.05213 1572378562.3459666 1572378496-tmpfsAD_1it_96cpus_40bb-0 139732553172800
read_file 1572378559.0514276 1572378559.0571454 bigbrain_3076_2412_2082.nii 139969388529472
increment_file 1572378559.0577433 1572378560.386628 bigbrain_3076_2412_2082.nii 139969388529472
write_file 1572378560.3907425 1572378561.6971283 inc-bigbrain_3076_2412_2082.nii 139969388529472
task_duration 1572378559.046835 1572378561.7503986 1572378496-tmpfsAD_1it_96cpus_40bb-0 139969388529472
read_file 1572378559.007922 1572378559.0152526 bigbrain_3076_1206_694.nii 140419709478720
increment_file 1572378559.0158677 1572378560.4653313 bigbrain_3076_1206_694.nii 140419709478720
write_file 1572378560.4683504 1572378562.0450065 inc-bigbrain_3076_1206_694.nii 140419709478720
task_duration 1572378559.002955 1572378562.0686865 1572378496-tmpfsAD_1it_96cpus_40bb-0 140419709478720
read_file 1572378559.0076551 1572378559.0152392 bigbrain_3076_1809_1388.nii 140202861635392
increment_file 1572378559.0158346 1572378560.5099132 bigbrain_3076_1809_1388.nii 140202861635392
write_file 1572378560.5130234 1572378562.0924447 inc-bigbrain_3076_1809_1388.nii 140202861635392
task_duration 1572378559.0028048 1572378562.1130867 1572378496-tmpfsAD_1it_96cpus_40bb-0 140202861635392
read_file 1572378558.961218 1572378558.9694095 bigbrain_3076_1206_0.nii 140452421023552
increment_file 1572378558.9701037 1572378560.4697511 bigbrain_3076_1206_0.nii 140452421023552
write_file 1572378560.4726558 1572378562.1225405 inc-bigbrain_3076_1206_0.nii 140452421023552
task_duration 1572378558.9560685 1572378562.1426544 1572378496-tmpfsAD_1it_96cpus_40bb-0 140452421023552
read_file 1572378558.9538941 1572378558.9602423 bigbrain_3076_0_694.nii 140525785356096
increment_file 1572378558.960841 1572378560.3114448 bigbrain_3076_0_694.nii 140525785356096
write_file 1572378560.3166032 1572378561.6244442 inc-bigbrain_3076_0_694.nii 140525785356096
task_duration 1572378558.9496994 1572378561.6666045 1572378496-tmpfsAD_1it_96cpus_40bb-0 140525785356096
read_file 1572378558.8941572 1572378558.902868 bigbrain_3076_0_2776.nii 140647874418496
increment_file 1572378558.9036326 1572378560.3935447 bigbrain_3076_0_2776.nii 140647874418496
write_file 1572378560.396699 1572378562.203808 inc-bigbrain_3076_0_2776.nii 140647874418496
task_duration 1572378558.8888948 1572378562.2229156 1572378496-tmpfsAD_1it_96cpus_40bb-0 140647874418496
read_file 1572378558.8593662 1572378558.8670084 bigbrain_3076_0_2082.nii 139741292570432
increment_file 1572378558.8677425 1572378560.3714728 bigbrain_3076_0_2082.nii 139741292570432
write_file 1572378560.3758185 1572378561.929858 inc-bigbrain_3076_0_2082.nii 139741292570432
task_duration 1572378558.8543787 1572378561.9586954 1572378496-tmpfsAD_1it_96cpus_40bb-0 139741292570432
read_file 1572378558.849186 1572378558.8561094 bigbrain_3076_1809_694.nii 140630838409024
increment_file 1572378558.856735 1572378560.3726041 bigbrain_3076_1809_694.nii 140630838409024
write_file 1572378560.3778965 1572378562.0299387 inc-bigbrain_3076_1809_694.nii 140630838409024
task_duration 1572378558.8450804 1572378562.054011 1572378496-tmpfsAD_1it_96cpus_40bb-0 140630838409024
read_file 1572378558.827931 1572378558.8318262 bigbrain_3076_2412_694.nii 139829189642048
increment_file 1572378558.8321962 1572378560.158134 bigbrain_3076_2412_694.nii 139829189642048
write_file 1572378560.1613271 1572378561.666144 inc-bigbrain_3076_2412_694.nii 139829189642048
task_duration 1572378558.8249385 1572378561.6874015 1572378496-tmpfsAD_1it_96cpus_40bb-0 139829189642048
read_file 1572378558.797141 1572378558.8020434 bigbrain_2307_603_694.nii 139880849745728
increment_file 1572378558.8026123 1572378560.1768188 bigbrain_2307_603_694.nii 139880849745728
write_file 1572378560.1824818 1572378561.5156517 inc-bigbrain_2307_603_694.nii 139880849745728
task_duration 1572378558.7930386 1572378561.5714679 1572378496-tmpfsAD_1it_96cpus_40bb-0 139880849745728
read_file 1572378558.7480865 1572378558.753939 bigbrain_3076_0_0.nii 140125708728128
increment_file 1572378558.7543929 1572378560.2967734 bigbrain_3076_0_0.nii 140125708728128
write_file 1572378560.3000002 1572378561.9840019 inc-bigbrain_3076_0_0.nii 140125708728128
task_duration 1572378558.7447047 1572378562.0106297 1572378496-tmpfsAD_1it_96cpus_40bb-0 140125708728128
read_file 1572378558.7468715 1572378558.752112 bigbrain_3076_0_1388.nii 140017265121088
increment_file 1572378558.7527483 1572378560.1043336 bigbrain_3076_0_1388.nii 140017265121088
write_file 1572378560.1073594 1572378561.521204 inc-bigbrain_3076_0_1388.nii 140017265121088
task_duration 1572378558.7422981 1572378561.581871 1572378496-tmpfsAD_1it_96cpus_40bb-0 140017265121088
read_file 1572378558.6772904 1572378558.6810045 bigbrain_3076_1809_2082.nii 139700918093632
increment_file 1572378558.6813264 1572378560.039912 bigbrain_3076_1809_2082.nii 139700918093632
write_file 1572378560.0430331 1572378561.4348407 inc-bigbrain_3076_1809_2082.nii 139700918093632
task_duration 1572378558.6744475 1572378561.4669166 1572378496-tmpfsAD_1it_96cpus_40bb-0 139700918093632
read_file 1572378558.677483 1572378558.6809762 bigbrain_3076_1206_2082.nii 140635174803264
increment_file 1572378558.6813295 1572378560.0184665 bigbrain_3076_1206_2082.nii 140635174803264
write_file 1572378560.0216424 1572378561.4901998 inc-bigbrain_3076_1206_2082.nii 140635174803264
task_duration 1572378558.6748714 1572378561.5607972 1572378496-tmpfsAD_1it_96cpus_40bb-0 140635174803264
read_file 1572378558.578486 1572378558.5825362 bigbrain_2307_603_2776.nii 139872623195968
increment_file 1572378558.582956 1572378559.9479349 bigbrain_2307_603_2776.nii 139872623195968
write_file 1572378559.9512079 1572378561.2412329 inc-bigbrain_2307_603_2776.nii 139872623195968
task_duration 1572378558.5757165 1572378561.2635987 1572378496-tmpfsAD_1it_96cpus_40bb-0 139872623195968
read_file 1572378558.488105 1572378558.4931128 bigbrain_2307_2412_2082.nii 139784213710656
increment_file 1572378558.4934952 1572378559.8354404 bigbrain_2307_2412_2082.nii 139784213710656
write_file 1572378559.839435 1572378561.477596 inc-bigbrain_2307_2412_2082.nii 139784213710656
task_duration 1572378558.4849365 1572378561.497399 1572378496-tmpfsAD_1it_96cpus_40bb-0 139784213710656
read_file 1572378558.4716363 1572378558.478849 bigbrain_2307_0_2776.nii 140380506392384
increment_file 1572378558.4794216 1572378559.8358297 bigbrain_2307_0_2776.nii 140380506392384
write_file 1572378559.8415 1572378561.2624612 inc-bigbrain_2307_0_2776.nii 140380506392384
task_duration 1572378558.4670238 1572378561.3881636 1572378496-tmpfsAD_1it_96cpus_40bb-0 140380506392384
read_file 1572378558.4236977 1572378558.4258173 bigbrain_2307_603_0.nii 140074803844928
increment_file 1572378558.4260132 1572378559.6958354 bigbrain_2307_603_0.nii 140074803844928
write_file 1572378559.6986032 1572378561.1815398 inc-bigbrain_2307_603_0.nii 140074803844928
task_duration 1572378558.4216459 1572378561.208176 1572378496-tmpfsAD_1it_96cpus_40bb-0 140074803844928
read_file 1572378558.4176505 1572378558.4203444 bigbrain_2307_2412_1388.nii 140463478716224
increment_file 1572378558.4205875 1572378559.994463 bigbrain_2307_2412_1388.nii 140463478716224
write_file 1572378559.9991071 1572378561.8562264 inc-bigbrain_2307_2412_1388.nii 140463478716224
task_duration 1572378558.4156516 1572378561.8825595 1572378496-tmpfsAD_1it_96cpus_40bb-0 140463478716224
read_file 1572378558.4017189 1572378558.4044313 bigbrain_2307_1809_2776.nii 139884151306048
increment_file 1572378558.4046988 1572378560.1048055 bigbrain_2307_1809_2776.nii 139884151306048
write_file 1572378560.1079028 1572378561.908804 inc-bigbrain_2307_1809_2776.nii 139884151306048
task_duration 1572378558.3996677 1572378561.9308076 1572378496-tmpfsAD_1it_96cpus_40bb-0 139884151306048
read_file 1572378558.3795283 1572378558.3817222 bigbrain_2307_603_1388.nii 140643620423488
increment_file 1572378558.381927 1572378559.624171 bigbrain_2307_603_1388.nii 140643620423488
write_file 1572378559.6270673 1572378561.1988678 inc-bigbrain_2307_603_1388.nii 140643620423488
task_duration 1572378558.377477 1572378561.2285976 1572378496-tmpfsAD_1it_96cpus_40bb-0 140643620423488
read_file 1572378558.3491573 1572378558.3520236 bigbrain_2307_1206_2776.nii 140479167944512
increment_file 1572378558.3522792 1572378559.6940331 bigbrain_2307_1206_2776.nii 140479167944512
write_file 1572378559.6993787 1572378561.2585208 inc-bigbrain_2307_1206_2776.nii 140479167944512
task_duration 1572378558.3468328 1572378561.3828568 1572378496-tmpfsAD_1it_96cpus_40bb-0 140479167944512
read_file 1572378558.2921677 1572378558.2950635 bigbrain_2307_0_694.nii 140194640832320
increment_file 1572378558.2952907 1572378559.8478985 bigbrain_2307_0_694.nii 140194640832320
write_file 1572378559.851241 1572378561.684937 inc-bigbrain_2307_0_694.nii 140194640832320
task_duration 1572378558.290118 1572378561.7175453 1572378496-tmpfsAD_1it_96cpus_40bb-0 140194640832320
read_file 1572378558.2677345 1572378558.2810886 bigbrain_2307_1809_1388.nii 140686455207744
increment_file 1572378558.281321 1572378559.6720896 bigbrain_2307_1809_1388.nii 140686455207744
write_file 1572378559.6756973 1572378561.270882 inc-bigbrain_2307_1809_1388.nii 140686455207744
task_duration 1572378558.265951 1572378561.3728123 1572378496-tmpfsAD_1it_96cpus_40bb-0 140686455207744
read_file 1572378558.2758074 1572378558.2775621 bigbrain_2307_603_2082.nii 139624418096960
increment_file 1572378558.2777004 1572378559.607038 bigbrain_2307_603_2082.nii 139624418096960
write_file 1572378559.6100616 1572378561.1538508 inc-bigbrain_2307_603_2082.nii 139624418096960
task_duration 1572378558.274181 1572378561.183335 1572378496-tmpfsAD_1it_96cpus_40bb-0 139624418096960
read_file 1572378558.273385 1572378558.2764318 bigbrain_2307_1206_694.nii 139704734615360
increment_file 1572378558.276718 1572378559.6473963 bigbrain_2307_1206_694.nii 139704734615360
write_file 1572378559.6532238 1572378561.1675746 inc-bigbrain_2307_1206_694.nii 139704734615360
task_duration 1572378558.2706826 1572378561.1993275 1572378496-tmpfsAD_1it_96cpus_40bb-0 139704734615360
read_file 1572378558.2504272 1572378558.2641554 bigbrain_2307_1809_0.nii 139727511705408
increment_file 1572378558.264432 1572378559.6303525 bigbrain_2307_1809_0.nii 139727511705408
write_file 1572378559.6362028 1572378561.1451714 inc-bigbrain_2307_1809_0.nii 139727511705408
task_duration 1572378558.2486327 1572378561.1736014 1572378496-tmpfsAD_1it_96cpus_40bb-0 139727511705408
read_file 1572378558.1976182 1572378558.2301528 bigbrain_2307_1809_694.nii 139967647688512
increment_file 1572378558.2304063 1572378559.577995 bigbrain_2307_1809_694.nii 139967647688512
write_file 1572378559.5808454 1572378561.1985362 inc-bigbrain_2307_1809_694.nii 139967647688512
task_duration 1572378558.195586 1572378561.2284904 1572378496-tmpfsAD_1it_96cpus_40bb-0 139967647688512
read_file 1572378558.2152467 1572378558.2176476 bigbrain_2307_2412_694.nii 140423002548032
increment_file 1572378558.2179081 1572378559.6511974 bigbrain_2307_2412_694.nii 140423002548032
write_file 1572378559.6539009 1572378561.1932666 inc-bigbrain_2307_2412_694.nii 140423002548032
task_duration 1572378558.2131162 1572378561.2234068 1572378496-tmpfsAD_1it_96cpus_40bb-0 140423002548032
read_file 1572378558.2031782 1572378558.2060306 bigbrain_2307_1206_1388.nii 139785312065344
increment_file 1572378558.2062788 1572378559.9332814 bigbrain_2307_1206_1388.nii 139785312065344
write_file 1572378559.9365249 1572378561.7730098 inc-bigbrain_2307_1206_1388.nii 139785312065344
task_duration 1572378558.2014525 1572378561.805757 1572378496-tmpfsAD_1it_96cpus_40bb-0 139785312065344
read_file 1572378558.1861188 1572378558.1973424 bigbrain_2307_2412_2776.nii 139690911360832
increment_file 1572378558.1975062 1572378559.5250316 bigbrain_2307_2412_2776.nii 139690911360832
write_file 1572378559.5280871 1572378561.147844 inc-bigbrain_2307_2412_2776.nii 139690911360832
task_duration 1572378558.1841955 1572378561.1775336 1572378496-tmpfsAD_1it_96cpus_40bb-0 139690911360832
read_file 1572378558.1683228 1572378558.1797457 bigbrain_2307_2412_0.nii 140291354019648
increment_file 1572378558.1799495 1572378559.902811 bigbrain_2307_2412_0.nii 140291354019648
write_file 1572378559.9074605 1572378561.952435 inc-bigbrain_2307_2412_0.nii 140291354019648
task_duration 1572378558.1665766 1572378561.9832137 1572378496-tmpfsAD_1it_96cpus_40bb-0 140291354019648
read_file 1572378558.154005 1572378558.1561513 bigbrain_1538_603_694.nii 140154131822400
increment_file 1572378558.1563318 1572378559.5709822 bigbrain_1538_603_694.nii 140154131822400
write_file 1572378559.5741668 1572378561.1962001 inc-bigbrain_1538_603_694.nii 140154131822400
task_duration 1572378558.1518047 1572378561.2269862 1572378496-tmpfsAD_1it_96cpus_40bb-0 140154131822400
read_file 1572378558.1415918 1572378558.1534815 bigbrain_2307_1809_2082.nii 140253658429248
increment_file 1572378558.1537914 1572378559.840897 bigbrain_2307_1809_2082.nii 140253658429248
write_file 1572378559.84452 1572378561.76827 inc-bigbrain_2307_1809_2082.nii 140253658429248
task_duration 1572378558.1395495 1572378561.7872066 1572378496-tmpfsAD_1it_96cpus_40bb-0 140253658429248
read_file 1572378558.134089 1572378558.1364613 bigbrain_1538_603_2082.nii 140490808559424
increment_file 1572378558.1366591 1572378559.6983547 bigbrain_1538_603_2082.nii 140490808559424
write_file 1572378559.7039418 1572378561.6346943 inc-bigbrain_1538_603_2082.nii 140490808559424
task_duration 1572378558.132264 1572378561.6778536 1572378496-tmpfsAD_1it_96cpus_40bb-0 140490808559424
read_file 1572378558.1055155 1572378558.1088579 bigbrain_1538_603_2776.nii 140294481930048
increment_file 1572378558.1091464 1572378559.8074107 bigbrain_1538_603_2776.nii 140294481930048
write_file 1572378559.8129654 1572378561.6896422 inc-bigbrain_1538_603_2776.nii 140294481930048
task_duration 1572378558.1026316 1572378561.7422354 1572378496-tmpfsAD_1it_96cpus_40bb-0 140294481930048
read_file 1572378558.1013567 1572378558.1050916 bigbrain_2307_1206_0.nii 139805314897728
increment_file 1572378558.1054237 1572378559.6839538 bigbrain_2307_1206_0.nii 139805314897728
write_file 1572378559.6871967 1572378561.6438928 inc-bigbrain_2307_1206_0.nii 139805314897728
task_duration 1572378558.0989707 1572378561.685624 1572378496-tmpfsAD_1it_96cpus_40bb-0 139805314897728
read_file 1572378558.0726376 1572378558.0752144 bigbrain_2307_0_0.nii 139969565185856
increment_file 1572378558.0754411 1572378559.5468967 bigbrain_2307_0_0.nii 139969565185856
write_file 1572378559.552553 1572378561.5830617 inc-bigbrain_2307_0_0.nii 139969565185856
task_duration 1572378558.0705388 1572378561.60582 1572378496-tmpfsAD_1it_96cpus_40bb-0 139969565185856
read_file 1572378558.040649 1572378558.0425878 bigbrain_2307_1206_2082.nii 139788036470592
increment_file 1572378558.042739 1572378559.7316039 bigbrain_2307_1206_2082.nii 139788036470592
write_file 1572378559.7349699 1572378561.648827 inc-bigbrain_2307_1206_2082.nii 139788036470592
task_duration 1572378558.0390089 1572378561.7088015 1572378496-tmpfsAD_1it_96cpus_40bb-0 139788036470592
read_file 1572378558.0386226 1572378558.040636 bigbrain_1538_2412_0.nii 139679438812992
increment_file 1572378558.0408173 1572378559.7491992 bigbrain_1538_2412_0.nii 139679438812992
write_file 1572378559.7539675 1572378561.6293218 inc-bigbrain_1538_2412_0.nii 139679438812992
task_duration 1572378558.0369575 1572378561.7002373 1572378496-tmpfsAD_1it_96cpus_40bb-0 139679438812992
read_file 1572378557.9737191 1572378557.975638 bigbrain_2307_0_1388.nii 140456640128832
increment_file 1572378557.9758065 1572378559.6878297 bigbrain_2307_0_1388.nii 140456640128832
write_file 1572378559.6921408 1572378561.668481 inc-bigbrain_2307_0_1388.nii 140456640128832
task_duration 1572378557.9720635 1572378561.7385392 1572378496-tmpfsAD_1it_96cpus_40bb-0 140456640128832
read_file 1572378557.9552066 1572378557.9715078 bigbrain_2307_0_2082.nii 140179462154048
increment_file 1572378557.9716816 1572378559.2282283 bigbrain_2307_0_2082.nii 140179462154048
write_file 1572378559.2319956 1572378561.4075558 inc-bigbrain_2307_0_2082.nii 140179462154048
task_duration 1572378557.9533436 1572378561.4358451 1572378496-tmpfsAD_1it_96cpus_40bb-0 140179462154048
read_file 1572378557.9573598 1572378557.9711294 bigbrain_1538_2412_2776.nii 139740241622848
increment_file 1572378557.9713018 1572378559.2666776 bigbrain_1538_2412_2776.nii 139740241622848
write_file 1572378559.270815 1572378560.9412403 inc-bigbrain_1538_2412_2776.nii 139740241622848
task_duration 1572378557.9557984 1572378560.9892976 1572378496-tmpfsAD_1it_96cpus_40bb-0 139740241622848
read_file 1572378557.9569933 1572378557.9592633 bigbrain_1538_2412_694.nii 140096579442496
increment_file 1572378557.9594245 1572378559.313262 bigbrain_1538_2412_694.nii 140096579442496
write_file 1572378559.3181436 1572378561.0120468 inc-bigbrain_1538_2412_694.nii 140096579442496
task_duration 1572378557.9552977 1572378561.053249 1572378496-tmpfsAD_1it_96cpus_40bb-0 140096579442496
read_file 1572378557.9346478 1572378557.9372818 bigbrain_1538_2412_1388.nii 140275394434880
increment_file 1572378557.937515 1572378559.3346379 bigbrain_1538_2412_1388.nii 140275394434880
write_file 1572378559.3375416 1572378560.9312654 inc-bigbrain_1538_2412_1388.nii 140275394434880
task_duration 1572378557.9325314 1572378560.9598386 1572378496-tmpfsAD_1it_96cpus_40bb-0 140275394434880
read_file 1572378557.9287412 1572378557.93156 bigbrain_1538_603_0.nii 140382597478208
increment_file 1572378557.9318113 1572378559.6556659 bigbrain_1538_603_0.nii 140382597478208
write_file 1572378559.6703854 1572378561.6297793 inc-bigbrain_1538_603_0.nii 140382597478208
task_duration 1572378557.9266832 1572378561.6914573 1572378496-tmpfsAD_1it_96cpus_40bb-0 140382597478208
read_file 1572378557.9278746 1572378557.929829 bigbrain_1538_1809_694.nii 139642963859264
increment_file 1572378557.9300056 1572378559.2958279 bigbrain_1538_1809_694.nii 139642963859264
write_file 1572378559.298472 1572378560.9471114 inc-bigbrain_1538_1809_694.nii 139642963859264
task_duration 1572378557.9262557 1572378560.9715073 1572378496-tmpfsAD_1it_96cpus_40bb-0 139642963859264
read_file 1572378557.9231057 1572378557.9253826 bigbrain_1538_603_1388.nii 139893741344576
increment_file 1572378557.9255881 1572378559.3228014 bigbrain_1538_603_1388.nii 139893741344576
write_file 1572378559.325845 1572378561.0384898 inc-bigbrain_1538_603_1388.nii 139893741344576
task_duration 1572378557.9211535 1572378561.0625708 1572378496-tmpfsAD_1it_96cpus_40bb-0 139893741344576
read_file 1572378557.9073486 1572378557.909702 bigbrain_1538_1206_2776.nii 140392999413568
increment_file 1572378557.9098678 1572378559.2010772 bigbrain_1538_1206_2776.nii 140392999413568
write_file 1572378559.2036438 1572378560.9310837 inc-bigbrain_1538_1206_2776.nii 140392999413568
task_duration 1572378557.9054968 1572378560.9575608 1572378496-tmpfsAD_1it_96cpus_40bb-0 140392999413568
read_file 1572378557.907524 1572378557.909475 bigbrain_1538_1809_2776.nii 140005095290688
increment_file 1572378557.9096744 1572378559.2842147 bigbrain_1538_1809_2776.nii 140005095290688
write_file 1572378559.2866828 1572378560.985579 inc-bigbrain_1538_1809_2776.nii 140005095290688
task_duration 1572378557.9058428 1572378561.051908 1572378496-tmpfsAD_1it_96cpus_40bb-0 140005095290688
read_file 1572378557.853625 1572378557.8558269 bigbrain_1538_2412_2082.nii 140682083653440
increment_file 1572378557.8560092 1572378559.5265288 bigbrain_1538_2412_2082.nii 140682083653440
write_file 1572378559.5414977 1572378561.6209245 inc-bigbrain_1538_2412_2082.nii 140682083653440
task_duration 1572378557.8517625 1572378561.6789603 1572378496-tmpfsAD_1it_96cpus_40bb-0 140682083653440
read_file 1572378557.8464558 1572378557.848309 bigbrain_1538_1206_694.nii 140267646048064
increment_file 1572378557.8484688 1572378559.173657 bigbrain_1538_1206_694.nii 140267646048064
write_file 1572378559.1761253 1572378560.9236388 inc-bigbrain_1538_1206_694.nii 140267646048064
task_duration 1572378557.8447495 1572378560.9637592 1572378496-tmpfsAD_1it_96cpus_40bb-0 140267646048064
read_file 1572378557.7659066 1572378557.8178325 bigbrain_0_0_2776.nii 140342342502208
increment_file 1572378557.8180277 1572378558.915007 bigbrain_0_0_2776.nii 140342342502208
write_file 1572378558.9184885 1572378560.5970128 inc-bigbrain_0_0_2776.nii 140342342502208
task_duration 1572378557.7642767 1572378560.635033 1572378496-tmpfsAD_1it_96cpus_40bb-0 140342342502208
read_file 1572378557.7780807 1572378557.8063288 bigbrain_1538_1809_2082.nii 140688851597120
increment_file 1572378557.8065214 1572378559.333933 bigbrain_1538_1809_2082.nii 140688851597120
write_file 1572378559.3397045 1572378561.4789157 inc-bigbrain_1538_1809_2082.nii 140688851597120
task_duration 1572378557.7764306 1572378561.503278 1572378496-tmpfsAD_1it_96cpus_40bb-0 140688851597120
read_file 1572378557.8026965 1572378557.8045902 bigbrain_1538_1206_1388.nii 139912009230144
increment_file 1572378557.8047426 1572378559.4519525 bigbrain_1538_1206_1388.nii 139912009230144
write_file 1572378559.4571567 1572378561.4890025 inc-bigbrain_1538_1206_1388.nii 139912009230144
task_duration 1572378557.8010533 1572378561.5814803 1572378496-tmpfsAD_1it_96cpus_40bb-0 139912009230144
read_file 1572378557.7869134 1572378557.797699 bigbrain_0_2412_694.nii 140263668119360
increment_file 1572378557.7978928 1572378559.4381933 bigbrain_0_2412_694.nii 140263668119360
write_file 1572378559.4469063 1572378561.504274 inc-bigbrain_0_2412_694.nii 140263668119360
task_duration 1572378557.78533 1572378561.528231 1572378496-tmpfsAD_1it_96cpus_40bb-0 140263668119360
read_file 1572378557.7238212 1572378557.7719193 bigbrain_0_1206_1388.nii 140057524963136
increment_file 1572378557.772158 1572378558.9866517 bigbrain_0_1206_1388.nii 140057524963136
write_file 1572378558.9920704 1572378560.6950545 inc-bigbrain_0_1206_1388.nii 140057524963136
task_duration 1572378557.721891 1572378560.7340453 1572378496-tmpfsAD_1it_96cpus_40bb-0 140057524963136
read_file 1572378557.7641037 1572378557.7661679 bigbrain_1538_0_694.nii 140220120131392
increment_file 1572378557.766348 1572378558.9683914 bigbrain_1538_0_694.nii 140220120131392
write_file 1572378558.9731433 1572378560.6665967 inc-bigbrain_1538_0_694.nii 140220120131392
task_duration 1572378557.7624135 1572378560.7066493 1572378496-tmpfsAD_1it_96cpus_40bb-0 140220120131392
read_file 1572378557.7501714 1572378557.7521174 bigbrain_1538_0_2776.nii 139694876170048
increment_file 1572378557.7522974 1572378559.0210278 bigbrain_1538_0_2776.nii 139694876170048
write_file 1572378559.0243802 1572378560.7858996 inc-bigbrain_1538_0_2776.nii 139694876170048
task_duration 1572378557.7484505 1572378560.8221533 1572378496-tmpfsAD_1it_96cpus_40bb-0 139694876170048
read_file 1572378557.7405 1572378557.743129 bigbrain_1538_0_2082.nii 139845943842624
increment_file 1572378557.7433848 1572378559.372799 bigbrain_1538_0_2082.nii 139845943842624
write_file 1572378559.3779373 1572378561.5619342 inc-bigbrain_1538_0_2082.nii 139845943842624
task_duration 1572378557.7381554 1572378561.5978324 1572378496-tmpfsAD_1it_96cpus_40bb-0 139845943842624
read_file 1572378557.7150884 1572378557.7374265 bigbrain_0_2412_1388.nii 139722390230848
increment_file 1572378557.737632 1572378558.97688 bigbrain_0_2412_1388.nii 139722390230848
write_file 1572378558.9825716 1572378560.7310026 inc-bigbrain_0_2412_1388.nii 139722390230848
task_duration 1572378557.713209 1572378560.7711952 1572378496-tmpfsAD_1it_96cpus_40bb-0 139722390230848
read_file 1572378557.7346916 1572378557.7369497 bigbrain_0_1206_0.nii 139688639129408
increment_file 1572378557.7371185 1572378559.2367687 bigbrain_0_1206_0.nii 139688639129408
write_file 1572378559.2546608 1572378561.3933573 inc-bigbrain_0_1206_0.nii 139688639129408
task_duration 1572378557.7326276 1572378561.4511068 1572378496-tmpfsAD_1it_96cpus_40bb-0 139688639129408
read_file 1572378557.7148237 1572378557.733521 bigbrain_0_0_694.nii 140351067223872
increment_file 1572378557.7337291 1572378559.0529754 bigbrain_0_0_694.nii 140351067223872
write_file 1572378559.0569584 1572378561.1378076 inc-bigbrain_0_0_694.nii 140351067223872
task_duration 1572378557.7129397 1572378561.1766999 1572378496-tmpfsAD_1it_96cpus_40bb-0 140351067223872
read_file 1572378557.7280197 1572378557.7296348 bigbrain_0_603_1388.nii 140580874028864
increment_file 1572378557.729761 1572378558.983721 bigbrain_0_603_1388.nii 140580874028864
write_file 1572378558.985903 1572378560.6984534 inc-bigbrain_0_603_1388.nii 140580874028864
task_duration 1572378557.7265122 1572378560.7329102 1572378496-tmpfsAD_1it_96cpus_40bb-0 140580874028864
read_file 1572378557.710227 1572378557.7292666 bigbrain_0_1809_1388.nii 140357810943808
increment_file 1572378557.7294455 1572378558.9964075 bigbrain_0_1809_1388.nii 140357810943808
write_file 1572378559.000802 1572378560.7200947 inc-bigbrain_0_1809_1388.nii 140357810943808
task_duration 1572378557.7082672 1572378560.75019 1572378496-tmpfsAD_1it_96cpus_40bb-0 140357810943808
read_file 1572378557.7253306 1572378557.7270575 bigbrain_0_1809_2776.nii 140423816267584
increment_file 1572378557.7271962 1572378559.0168226 bigbrain_0_1809_2776.nii 140423816267584
write_file 1572378559.0196462 1572378561.1283658 inc-bigbrain_0_1809_2776.nii 140423816267584
task_duration 1572378557.7237353 1572378561.1602845 1572378496-tmpfsAD_1it_96cpus_40bb-0 140423816267584
read_file 1572378557.7223518 1572378557.7243633 bigbrain_1538_1206_2082.nii 139842327754560
increment_file 1572378557.7245288 1572378558.7981648 bigbrain_1538_1206_2082.nii 139842327754560
write_file 1572378558.8017712 1572378560.397936 inc-bigbrain_1538_1206_2082.nii 139842327754560
task_duration 1572378557.7202187 1572378560.4377387 1572378496-tmpfsAD_1it_96cpus_40bb-0 139842327754560
read_file 1572378557.6955965 1572378557.7149115 bigbrain_1538_1809_0.nii 140287217084224
increment_file 1572378557.715066 1572378559.1090186 bigbrain_1538_1809_0.nii 140287217084224
write_file 1572378559.1140127 1572378561.1938782 inc-bigbrain_1538_1809_0.nii 140287217084224
task_duration 1572378557.6939876 1572378561.2381263 1572378496-tmpfsAD_1it_96cpus_40bb-0 140287217084224
read_file 1572378557.7119198 1572378557.7144206 bigbrain_0_603_2776.nii 140288968787776
increment_file 1572378557.714588 1572378559.2271543 bigbrain_0_603_2776.nii 140288968787776
write_file 1572378559.2328453 1572378561.3843267 inc-bigbrain_0_603_2776.nii 140288968787776
task_duration 1572378557.7096975 1572378561.4454556 1572378496-tmpfsAD_1it_96cpus_40bb-0 140288968787776
read_file 1572378557.7121363 1572378557.7139444 bigbrain_0_0_2082.nii 140247678891840
increment_file 1572378557.7140737 1572378559.1976178 bigbrain_0_0_2082.nii 140247678891840
write_file 1572378559.2029495 1572378561.3199496 inc-bigbrain_0_0_2082.nii 140247678891840
task_duration 1572378557.7105966 1572378561.3735988 1572378496-tmpfsAD_1it_96cpus_40bb-0 140247678891840
read_file 1572378557.7087667 1572378557.7133982 bigbrain_1538_1809_1388.nii 140103647274816
increment_file 1572378557.7135599 1572378559.0236287 bigbrain_1538_1809_1388.nii 140103647274816
write_file 1572378559.0286798 1572378561.098863 inc-bigbrain_1538_1809_1388.nii 140103647274816
task_duration 1572378557.7068126 1572378561.1262133 1572378496-tmpfsAD_1it_96cpus_40bb-0 140103647274816
read_file 1572378557.7109666 1572378557.713016 bigbrain_0_1206_2082.nii 140304746760000
increment_file 1572378557.7131832 1572378558.7428737 bigbrain_0_1206_2082.nii 140304746760000
write_file 1572378558.7452238 1572378560.227347 inc-bigbrain_0_1206_2082.nii 140304746760000
task_duration 1572378557.7090142 1572378560.2707365 1572378496-tmpfsAD_1it_96cpus_40bb-0 140304746760000
read_file 1572378557.7108746 1572378557.7126443 bigbrain_1538_0_1388.nii 139910601832256
increment_file 1572378557.7127805 1572378559.2128925 bigbrain_1538_0_1388.nii 139910601832256
write_file 1572378559.216952 1572378561.342256 inc-bigbrain_1538_0_1388.nii 139910601832256
task_duration 1572378557.7091775 1572378561.376134 1572378496-tmpfsAD_1it_96cpus_40bb-0 139910601832256
read_file 1572378557.7012095 1572378557.7123945 bigbrain_1538_1206_0.nii 140458470397760
increment_file 1572378557.7125726 1572378559.2903514 bigbrain_1538_1206_0.nii 140458470397760
write_file 1572378559.3075755 1572378561.409077 inc-bigbrain_1538_1206_0.nii 140458470397760
task_duration 1572378557.699568 1572378561.4301372 1572378496-tmpfsAD_1it_96cpus_40bb-0 140458470397760
read_file 1572378557.7019193 1572378557.7037416 bigbrain_1538_0_0.nii 139854909183808
increment_file 1572378557.7140186 1572378559.1142902 bigbrain_1538_0_0.nii 139854909183808
write_file 1572378559.118705 1572378560.8499632 inc-bigbrain_1538_0_0.nii 139854909183808
task_duration 1572378557.7002785 1572378560.887973 1572378496-tmpfsAD_1it_96cpus_40bb-0 139854909183808
read_file 1572378557.701615 1572378557.703661 bigbrain_0_0_1388.nii 140619303962432
increment_file 1572378557.7038236 1572378559.1633172 bigbrain_0_0_1388.nii 140619303962432
write_file 1572378559.167885 1572378561.2267141 inc-bigbrain_0_0_1388.nii 140619303962432
task_duration 1572378557.6904802 1572378561.2543764 1572378496-tmpfsAD_1it_96cpus_40bb-0 140619303962432
read_file 1572378557.6905441 1572378557.692229 bigbrain_0_2412_0.nii 139926252652352
increment_file 1572378557.6923683 1572378558.8945057 bigbrain_0_2412_0.nii 139926252652352
write_file 1572378558.8992019 1572378560.9750648 inc-bigbrain_0_2412_0.nii 139926252652352
task_duration 1572378557.6889396 1572378561.0024827 1572378496-tmpfsAD_1it_96cpus_40bb-0 139926252652352
read_file 1572378557.688865 1572378557.6904674 bigbrain_0_603_2082.nii 140699614594880
increment_file 1572378557.6905947 1572378559.4308248 bigbrain_0_603_2082.nii 140699614594880
write_file 1572378559.4357169 1572378561.5056095 inc-bigbrain_0_603_2082.nii 140699614594880
task_duration 1572378557.6873288 1572378561.529183 1572378496-tmpfsAD_1it_96cpus_40bb-0 140699614594880
read_file 1572378557.678693 1572378557.680324 bigbrain_0_603_0.nii 140394837526336
increment_file 1572378557.6804447 1572378559.0681698 bigbrain_0_603_0.nii 140394837526336
write_file 1572378559.0717177 1572378560.7427342 inc-bigbrain_0_603_0.nii 140394837526336
task_duration 1572378557.677178 1572378560.776295 1572378496-tmpfsAD_1it_96cpus_40bb-0 140394837526336
read_file 1572378557.6783168 1572378557.6799412 bigbrain_0_1206_694.nii 140390556333888
increment_file 1572378557.6800854 1572378559.0044374 bigbrain_0_1206_694.nii 140390556333888
write_file 1572378559.0082946 1572378560.8201013 inc-bigbrain_0_1206_694.nii 140390556333888
task_duration 1572378557.6767356 1572378560.8570707 1572378496-tmpfsAD_1it_96cpus_40bb-0 140390556333888
read_file 1572378557.6749923 1572378557.6765914 bigbrain_0_1809_694.nii 140012602332992
increment_file 1572378557.6767185 1572378559.030327 bigbrain_0_1809_694.nii 140012602332992
write_file 1572378559.0334084 1572378561.1754823 inc-bigbrain_0_1809_694.nii 140012602332992
task_duration 1572378557.6734607 1572378561.2198482 1572378496-tmpfsAD_1it_96cpus_40bb-0 140012602332992
read_file 1572378557.6461933 1572378557.6480374 bigbrain_0_2412_2082.nii 140410790893376
increment_file 1572378557.6481783 1572378558.8751585 bigbrain_0_2412_2082.nii 140410790893376
write_file 1572378558.878642 1572378560.5646162 inc-bigbrain_0_2412_2082.nii 140410790893376
task_duration 1572378557.644518 1572378560.6006958 1572378496-tmpfsAD_1it_96cpus_40bb-0 140410790893376
read_file 1572378557.6420062 1572378557.6437013 bigbrain_0_1206_2776.nii 140318345185088
increment_file 1572378557.6438437 1572378559.1887147 bigbrain_0_1206_2776.nii 140318345185088
write_file 1572378559.1941469 1572378561.2665584 inc-bigbrain_0_1206_2776.nii 140318345185088
task_duration 1572378557.6404321 1572378561.3025272 1572378496-tmpfsAD_1it_96cpus_40bb-0 140318345185088
read_file 1572378557.640189 1572378557.6419828 bigbrain_0_0_0.nii 139773551863616
increment_file 1572378557.6421342 1572378558.8633208 bigbrain_0_0_0.nii 139773551863616
write_file 1572378558.8681865 1572378560.5335164 inc-bigbrain_0_0_0.nii 139773551863616
task_duration 1572378557.638606 1572378560.5721498 1572378496-tmpfsAD_1it_96cpus_40bb-0 139773551863616
read_file 1572378557.6386595 1572378557.6404061 bigbrain_0_1809_0.nii 140044114306880
increment_file 1572378557.640548 1572378558.921478 bigbrain_0_1809_0.nii 140044114306880
write_file 1572378558.9241834 1572378560.984179 inc-bigbrain_0_1809_0.nii 140044114306880
task_duration 1572378557.6371136 1572378561.0123978 1572378496-tmpfsAD_1it_96cpus_40bb-0 140044114306880
read_file 1572378557.6288357 1572378557.630663 bigbrain_0_2412_2776.nii 139763740583744
increment_file 1572378557.630812 1572378558.9182537 bigbrain_0_2412_2776.nii 139763740583744
write_file 1572378558.9230225 1572378561.6104167 inc-bigbrain_0_2412_2776.nii 139763740583744
task_duration 1572378557.6272404 1572378561.657832 1572378496-tmpfsAD_1it_96cpus_40bb-0 139763740583744
read_file 1572378557.6281283 1572378557.6299915 bigbrain_0_1809_2082.nii 139803490080576
increment_file 1572378557.630143 1572378558.8565776 bigbrain_0_1809_2082.nii 139803490080576
write_file 1572378558.8623111 1572378560.5580146 inc-bigbrain_0_1809_2082.nii 139803490080576
task_duration 1572378557.626185 1572378560.5979664 1572378496-tmpfsAD_1it_96cpus_40bb-0 139803490080576
read_file 1572378557.599493 1572378557.601082 bigbrain_0_603_694.nii 140252781745984
increment_file 1572378557.6012082 1572378558.772655 bigbrain_0_603_694.nii 140252781745984
write_file 1572378558.774998 1572378560.4762769 inc-bigbrain_0_603_694.nii 140252781745984
task_duration 1572378557.5979984 1572378560.5137026 1572378496-tmpfsAD_1it_96cpus_40bb-0 140252781745984
