read_file 1572382659.3104 1572382659.311463 bigbrain_0_2412_694.nii 139662777304896
increment_file 1572382659.3115964 1572382665.8531218 bigbrain_0_2412_694.nii 139662777304896
write_file 1572382665.8571296 1572382670.2077928 inc-bigbrain_0_2412_694.nii 139662777304896
task_duration 1572382659.309421 1572382670.2119675 1572382482-optaneAD_1it_25cpus_40bb-1 139662777304896
read_file 1572382659.3104043 1572382659.3115304 bigbrain_0_2412_2082.nii 139878511114048
increment_file 1572382659.311664 1572382665.8576486 bigbrain_0_2412_2082.nii 139878511114048
write_file 1572382665.868539 1572382697.252685 inc-bigbrain_0_2412_2082.nii 139878511114048
task_duration 1572382659.3094182 1572382697.260486 1572382482-optaneAD_1it_25cpus_40bb-1 139878511114048
read_file 1572382659.3107066 1572382659.3119128 bigbrain_0_2412_0.nii 140532218414912
increment_file 1572382659.3120477 1572382665.8583834 bigbrain_0_2412_0.nii 140532218414912
write_file 1572382665.8685198 1572382679.2581177 inc-bigbrain_0_2412_0.nii 140532218414912
task_duration 1572382659.3096514 1572382679.2646785 1572382482-optaneAD_1it_25cpus_40bb-1 140532218414912
read_file 1572382659.3107193 1572382659.311994 bigbrain_0_2412_2776.nii 140598478157632
increment_file 1572382659.3121438 1572382665.958413 bigbrain_0_2412_2776.nii 140598478157632
write_file 1572382665.9968011 1572382675.9021378 inc-bigbrain_0_2412_2776.nii 140598478157632
task_duration 1572382659.3097003 1572382675.911377 1572382482-optaneAD_1it_25cpus_40bb-1 140598478157632
read_file 1572382659.3108168 1572382659.3120701 bigbrain_0_1809_2776.nii 139930975082304
increment_file 1572382659.312256 1572382666.1947799 bigbrain_0_1809_2776.nii 139930975082304
write_file 1572382666.22557 1572382670.2431371 inc-bigbrain_0_1809_2776.nii 139930975082304
task_duration 1572382659.3097227 1572382670.2474465 1572382482-optaneAD_1it_25cpus_40bb-1 139930975082304
read_file 1572382659.3108194 1572382659.3120766 bigbrain_0_2412_1388.nii 140313239238464
increment_file 1572382659.3122706 1572382666.369665 bigbrain_0_2412_1388.nii 140313239238464
write_file 1572382666.37623 1572382670.3313484 inc-bigbrain_0_2412_1388.nii 140313239238464
task_duration 1572382659.3097372 1572382670.337087 1572382482-optaneAD_1it_25cpus_40bb-1 140313239238464
read_file 1572382659.3108552 1572382659.3120904 bigbrain_0_603_2776.nii 140580008093504
increment_file 1572382659.3122952 1572382666.5426977 bigbrain_0_603_2776.nii 140580008093504
write_file 1572382666.5460978 1572382691.139945 inc-bigbrain_0_603_2776.nii 140580008093504
task_duration 1572382659.3097417 1572382691.1455524 1572382482-optaneAD_1it_25cpus_40bb-1 140580008093504
read_file 1572382659.310845 1572382659.312096 bigbrain_0_1809_0.nii 140089943889728
increment_file 1572382659.3123155 1572382666.5392187 bigbrain_0_1809_0.nii 140089943889728
write_file 1572382666.5415359 1572382670.1908453 inc-bigbrain_0_1809_0.nii 140089943889728
task_duration 1572382659.3097432 1572382670.1959536 1572382482-optaneAD_1it_25cpus_40bb-1 140089943889728
read_file 1572382659.3108919 1572382659.3121223 bigbrain_0_0_0.nii 140503359915840
increment_file 1572382659.3123431 1572382666.5406117 bigbrain_0_0_0.nii 140503359915840
write_file 1572382666.5439494 1572382691.0131795 inc-bigbrain_0_0_0.nii 140503359915840
task_duration 1572382659.3097322 1572382691.0182703 1572382482-optaneAD_1it_25cpus_40bb-1 140503359915840
read_file 1572382659.3108814 1572382659.3121278 bigbrain_0_1206_0.nii 139821377857344
increment_file 1572382659.3123915 1572382666.5404513 bigbrain_0_1206_0.nii 139821377857344
write_file 1572382666.5426252 1572382690.9909706 inc-bigbrain_0_1206_0.nii 139821377857344
task_duration 1572382659.309803 1572382690.9968889 1572382482-optaneAD_1it_25cpus_40bb-1 139821377857344
read_file 1572382659.310887 1572382659.3121479 bigbrain_0_1206_2082.nii 139848352929600
increment_file 1572382659.3124304 1572382666.5435867 bigbrain_0_1206_2082.nii 139848352929600
write_file 1572382666.5471008 1572382691.1215315 inc-bigbrain_0_1206_2082.nii 139848352929600
task_duration 1572382659.3097723 1572382691.1272004 1572382482-optaneAD_1it_25cpus_40bb-1 139848352929600
read_file 1572382659.3109128 1572382659.3122113 bigbrain_0_603_694.nii 140558105683776
increment_file 1572382659.3124254 1572382666.543687 bigbrain_0_603_694.nii 140558105683776
write_file 1572382666.5481257 1572382690.9886217 inc-bigbrain_0_603_694.nii 140558105683776
task_duration 1572382659.3097672 1572382690.9931655 1572382482-optaneAD_1it_25cpus_40bb-1 140558105683776
read_file 1572382659.311004 1572382659.3122573 bigbrain_0_0_2776.nii 140167085221696
increment_file 1572382659.31247 1572382666.539866 bigbrain_0_0_2776.nii 140167085221696
write_file 1572382666.5435238 1572382690.9722178 inc-bigbrain_0_0_2776.nii 140167085221696
task_duration 1572382659.3098483 1572382690.9769647 1572382482-optaneAD_1it_25cpus_40bb-1 140167085221696
read_file 1572382659.3109565 1572382659.3122702 bigbrain_0_1809_694.nii 140569926932288
increment_file 1572382659.3124943 1572382666.5398905 bigbrain_0_1809_694.nii 140569926932288
write_file 1572382666.5444088 1572382669.437172 inc-bigbrain_0_1809_694.nii 140569926932288
task_duration 1572382659.309805 1572382669.4419062 1572382482-optaneAD_1it_25cpus_40bb-1 140569926932288
read_file 1572382659.3109627 1572382659.3122902 bigbrain_0_603_2082.nii 140537201940288
increment_file 1572382659.3125207 1572382666.5398643 bigbrain_0_603_2082.nii 140537201940288
write_file 1572382666.5447056 1572382691.0334663 inc-bigbrain_0_603_2082.nii 140537201940288
task_duration 1572382659.309809 1572382691.0382695 1572382482-optaneAD_1it_25cpus_40bb-1 140537201940288
read_file 1572382659.310962 1572382659.3123095 bigbrain_0_603_1388.nii 140147554678592
increment_file 1572382659.312543 1572382666.543649 bigbrain_0_603_1388.nii 140147554678592
write_file 1572382666.5486224 1572382694.523702 inc-bigbrain_0_603_1388.nii 140147554678592
task_duration 1572382659.3098154 1572382694.5720344 1572382482-optaneAD_1it_25cpus_40bb-1 140147554678592
read_file 1572382659.311003 1572382659.3123238 bigbrain_0_0_694.nii 140035274778432
increment_file 1572382659.312568 1572382665.9947896 bigbrain_0_0_694.nii 140035274778432
write_file 1572382666.0114195 1572382697.0878172 inc-bigbrain_0_0_694.nii 140035274778432
task_duration 1572382659.3098483 1572382697.0931327 1572382482-optaneAD_1it_25cpus_40bb-1 140035274778432
read_file 1572382659.311011 1572382659.312385 bigbrain_0_1809_1388.nii 140534085773120
increment_file 1572382659.3126009 1572382666.2910092 bigbrain_0_1809_1388.nii 140534085773120
write_file 1572382666.2984178 1572382670.2990315 inc-bigbrain_0_1809_1388.nii 140534085773120
task_duration 1572382659.3098557 1572382670.3033288 1572382482-optaneAD_1it_25cpus_40bb-1 140534085773120
read_file 1572382659.3113127 1572382659.312721 bigbrain_0_1206_1388.nii 139918163273536
increment_file 1572382659.3128939 1572382666.5438375 bigbrain_0_1206_1388.nii 139918163273536
write_file 1572382666.5475793 1572382694.824637 inc-bigbrain_0_1206_1388.nii 139918163273536
task_duration 1572382659.3100579 1572382694.8827932 1572382482-optaneAD_1it_25cpus_40bb-1 139918163273536
read_file 1572382659.3114886 1572382659.3129475 bigbrain_0_603_0.nii 140359021819712
increment_file 1572382659.313132 1572382665.8641224 bigbrain_0_603_0.nii 140359021819712
write_file 1572382665.896149 1572382670.228891 inc-bigbrain_0_603_0.nii 140359021819712
task_duration 1572382659.3101852 1572382670.2330034 1572382482-optaneAD_1it_25cpus_40bb-1 140359021819712
read_file 1572382659.3124802 1572382659.3136773 bigbrain_0_1206_2776.nii 139623271716672
increment_file 1572382659.31384 1572382665.8800306 bigbrain_0_1206_2776.nii 139623271716672
write_file 1572382665.9007885 1572382678.3371494 inc-bigbrain_0_1206_2776.nii 139623271716672
task_duration 1572382659.3114886 1572382678.3446465 1572382482-optaneAD_1it_25cpus_40bb-1 139623271716672
read_file 1572382659.312327 1572382659.3137062 bigbrain_0_1206_694.nii 140085440927552
increment_file 1572382659.313892 1572382666.2179549 bigbrain_0_1206_694.nii 140085440927552
write_file 1572382666.238198 1572382677.6125615 inc-bigbrain_0_1206_694.nii 140085440927552
task_duration 1572382659.3112154 1572382677.6673582 1572382482-optaneAD_1it_25cpus_40bb-1 140085440927552
read_file 1572382659.3136737 1572382659.316176 bigbrain_0_1809_2082.nii 140607670306624
increment_file 1572382659.3164692 1572382666.5495572 bigbrain_0_1809_2082.nii 140607670306624
write_file 1572382666.5508246 1572382691.1176143 inc-bigbrain_0_1809_2082.nii 140607670306624
task_duration 1572382659.3118474 1572382691.1233459 1572382482-optaneAD_1it_25cpus_40bb-1 140607670306624
read_file 1572382659.314627 1572382659.3181825 bigbrain_0_0_2082.nii 140468437788480
increment_file 1572382659.3188992 1572382666.5547194 bigbrain_0_0_2082.nii 140468437788480
write_file 1572382666.5581002 1572382669.606672 inc-bigbrain_0_0_2082.nii 140468437788480
task_duration 1572382659.3126962 1572382669.6125245 1572382482-optaneAD_1it_25cpus_40bb-1 140468437788480
read_file 1572382659.3168926 1572382659.3200114 bigbrain_0_0_1388.nii 139701687027520
increment_file 1572382659.3201602 1572382665.899922 bigbrain_0_0_1388.nii 139701687027520
write_file 1572382665.920893 1572382670.2542078 inc-bigbrain_0_0_1388.nii 139701687027520
task_duration 1572382659.315174 1572382670.258538 1572382482-optaneAD_1it_25cpus_40bb-1 139701687027520
read_file 1572382669.7155523 1572382669.7167096 bigbrain_1538_0_0.nii 140139383797568
increment_file 1572382669.7251909 1572382670.4472342 bigbrain_1538_0_0.nii 140139383797568
write_file 1572382670.448182 1572382697.901514 inc-bigbrain_1538_0_0.nii 140139383797568
task_duration 1572382669.7145534 1572382697.9066133 1572382482-optaneAD_1it_25cpus_40bb-1 140139383797568
read_file 1572382669.8955472 1572382669.8968515 bigbrain_1538_0_1388.nii 140384711739200
increment_file 1572382669.9047923 1572382670.9875371 bigbrain_1538_0_1388.nii 140384711739200
write_file 1572382670.991904 1572382697.8544538 inc-bigbrain_1538_0_1388.nii 140384711739200
task_duration 1572382669.894521 1572382697.8600183 1572382482-optaneAD_1it_25cpus_40bb-1 140384711739200
read_file 1572382670.5991871 1572382670.6005769 bigbrain_1538_0_2776.nii 140059553568576
increment_file 1572382670.6031935 1572382684.0106068 bigbrain_1538_0_2776.nii 140059553568576
write_file 1572382684.1855204 1572382703.3501933 inc-bigbrain_1538_0_2776.nii 140059553568576
task_duration 1572382670.5979211 1572382703.3578527 1572382482-optaneAD_1it_25cpus_40bb-1 140059553568576
read_file 1572382670.6474109 1572382670.6551547 bigbrain_1538_0_2082.nii 140033382926144
increment_file 1572382670.6560178 1572382684.2273834 bigbrain_1538_0_2082.nii 140033382926144
write_file 1572382684.269171 1572382700.8361273 inc-bigbrain_1538_0_2082.nii 140033382926144
task_duration 1572382670.6408858 1572382700.8404434 1572382482-optaneAD_1it_25cpus_40bb-1 140033382926144
read_file 1572382670.6541183 1572382670.6560116 bigbrain_1538_1206_2082.nii 139649044158272
increment_file 1572382670.6563528 1572382684.2108426 bigbrain_1538_1206_2082.nii 139649044158272
write_file 1572382684.214986 1572382701.9057252 inc-bigbrain_1538_1206_2082.nii 139649044158272
task_duration 1572382670.653106 1572382701.9103904 1572382482-optaneAD_1it_25cpus_40bb-1 139649044158272
read_file 1572382670.6536844 1572382670.6607542 bigbrain_1538_0_694.nii 140306908407616
increment_file 1572382670.6795988 1572382684.3027947 bigbrain_1538_0_694.nii 140306908407616
write_file 1572382684.3786173 1572382715.9026854 inc-bigbrain_1538_0_694.nii 140306908407616
task_duration 1572382670.651489 1572382715.9086382 1572382482-optaneAD_1it_25cpus_40bb-1 140306908407616
read_file 1572382670.654711 1572382670.66207 bigbrain_1538_1206_0.nii 139718136362816
increment_file 1572382670.6982026 1572382684.4299955 bigbrain_1538_1206_0.nii 139718136362816
write_file 1572382684.5133028 1572382701.6742861 inc-bigbrain_1538_1206_0.nii 139718136362816
task_duration 1572382670.6526284 1572382701.680026 1572382482-optaneAD_1it_25cpus_40bb-1 139718136362816
read_file 1572382670.6731298 1572382670.6806688 bigbrain_1538_1206_1388.nii 139916134188864
increment_file 1572382670.7058012 1572382685.2649548 bigbrain_1538_1206_1388.nii 139916134188864
write_file 1572382685.2862506 1572382700.2480383 inc-bigbrain_1538_1206_1388.nii 139916134188864
task_duration 1572382670.6691377 1572382700.252678 1572382482-optaneAD_1it_25cpus_40bb-1 139916134188864
read_file 1572382670.982662 1572382670.9911153 bigbrain_1538_1206_2776.nii 140390700836672
increment_file 1572382671.0169435 1572382685.0041637 bigbrain_1538_1206_2776.nii 140390700836672
write_file 1572382685.0306404 1572382702.3749201 inc-bigbrain_1538_1206_2776.nii 140390700836672
task_duration 1572382670.9808578 1572382702.3817139 1572382482-optaneAD_1it_25cpus_40bb-1 140390700836672
read_file 1572382678.474154 1572382678.5066507 bigbrain_1538_1206_694.nii 140497692886848
increment_file 1572382678.5095804 1572382690.2340477 bigbrain_1538_1206_694.nii 140497692886848
write_file 1572382690.2830853 1572382708.2310352 inc-bigbrain_1538_1206_694.nii 140497692886848
task_duration 1572382678.46365 1572382708.240367 1572382482-optaneAD_1it_25cpus_40bb-1 140497692886848
read_file 1572382678.9353833 1572382678.9422078 bigbrain_1538_1809_0.nii 140333787965248
increment_file 1572382678.9740667 1572382690.561023 bigbrain_1538_1809_0.nii 140333787965248
write_file 1572382690.563872 1572382706.8466854 inc-bigbrain_1538_1809_0.nii 140333787965248
task_duration 1572382678.9342148 1572382706.851065 1572382482-optaneAD_1it_25cpus_40bb-1 140333787965248
read_file 1572382679.872654 1572382679.884897 bigbrain_1538_1809_1388.nii 140700399228736
increment_file 1572382679.927191 1572382690.7651615 bigbrain_1538_1809_1388.nii 140700399228736
write_file 1572382690.7669637 1572382709.8329763 inc-bigbrain_1538_1809_1388.nii 140700399228736
task_duration 1572382679.8714018 1572382709.8373811 1572382482-optaneAD_1it_25cpus_40bb-1 140700399228736
read_file 1572382680.5559762 1572382680.5688827 bigbrain_1538_1809_2082.nii 139778535331648
increment_file 1572382680.570508 1572382690.826109 bigbrain_1538_1809_2082.nii 139778535331648
write_file 1572382690.827207 1572382704.62349 inc-bigbrain_1538_1809_2082.nii 139778535331648
task_duration 1572382680.554788 1572382704.6285353 1572382482-optaneAD_1it_25cpus_40bb-1 139778535331648
read_file 1572382691.319195 1572382691.3209395 bigbrain_1538_1809_2776.nii 140022700947264
increment_file 1572382691.3311567 1572382696.9789174 bigbrain_1538_1809_2776.nii 140022700947264
write_file 1572382696.9854867 1572382723.2132192 inc-bigbrain_1538_1809_2776.nii 140022700947264
task_duration 1572382691.3175764 1572382723.2178276 1572382482-optaneAD_1it_25cpus_40bb-1 140022700947264
read_file 1572382691.361672 1572382691.3646264 bigbrain_1538_1809_694.nii 139672502511424
increment_file 1572382691.3756976 1572382696.9106572 bigbrain_1538_1809_694.nii 139672502511424
write_file 1572382696.919294 1572382712.032091 inc-bigbrain_1538_1809_694.nii 139672502511424
task_duration 1572382691.3588307 1572382712.142902 1572382482-optaneAD_1it_25cpus_40bb-1 139672502511424
read_file 1572382691.4218574 1572382691.4237416 bigbrain_1538_2412_2082.nii 140586301335360
increment_file 1572382691.4342964 1572382697.0200756 bigbrain_1538_2412_2082.nii 140586301335360
write_file 1572382697.0296342 1572382700.2780452 inc-bigbrain_1538_2412_2082.nii 140586301335360
task_duration 1572382691.4207947 1572382700.2849493 1572382482-optaneAD_1it_25cpus_40bb-1 140586301335360
read_file 1572382691.4354734 1572382691.4397902 bigbrain_1538_2412_0.nii 139855106365248
increment_file 1572382691.4799128 1572382697.0651433 bigbrain_1538_2412_0.nii 139855106365248
write_file 1572382697.0696926 1572382716.9905152 inc-bigbrain_1538_2412_0.nii 139855106365248
task_duration 1572382691.4327772 1572382717.0110312 1572382482-optaneAD_1it_25cpus_40bb-1 139855106365248
read_file 1572382691.474277 1572382691.4811134 bigbrain_1538_2412_1388.nii 140438465886016
increment_file 1572382691.498847 1572382697.1835718 bigbrain_1538_2412_1388.nii 140438465886016
write_file 1572382697.187865 1572382724.8199856 inc-bigbrain_1538_2412_1388.nii 140438465886016
task_duration 1572382691.471411 1572382724.827648 1572382482-optaneAD_1it_25cpus_40bb-1 140438465886016
read_file 1572382691.6564038 1572382691.6632535 bigbrain_1538_2412_2776.nii 139797852800832
increment_file 1572382691.7211277 1572382697.1968665 bigbrain_1538_2412_2776.nii 139797852800832
write_file 1572382697.1981254 1572382712.7168696 inc-bigbrain_1538_2412_2776.nii 139797852800832
task_duration 1572382691.65299 1572382712.754843 1572382482-optaneAD_1it_25cpus_40bb-1 139797852800832
read_file 1572382691.7289188 1572382691.7372699 bigbrain_1538_603_0.nii 140626215266112
increment_file 1572382691.7778616 1572382697.1943977 bigbrain_1538_603_0.nii 140626215266112
write_file 1572382697.19573 1572382715.7598252 inc-bigbrain_1538_603_0.nii 140626215266112
task_duration 1572382691.725112 1572382715.7777944 1572382482-optaneAD_1it_25cpus_40bb-1 140626215266112
read_file 1572382691.7288768 1572382691.7374244 bigbrain_1538_2412_694.nii 140105754236736
increment_file 1572382691.7779717 1572382697.1943982 bigbrain_1538_2412_694.nii 140105754236736
write_file 1572382697.1957283 1572382701.910227 inc-bigbrain_1538_2412_694.nii 140105754236736
task_duration 1572382691.725382 1572382701.9285302 1572382482-optaneAD_1it_25cpus_40bb-1 140105754236736
read_file 1572382696.234743 1572382696.2434304 bigbrain_1538_603_1388.nii 140391377487680
increment_file 1572382696.2686644 1572382697.7759635 bigbrain_1538_603_1388.nii 140391377487680
write_file 1572382697.7768474 1572382718.4740608 inc-bigbrain_1538_603_1388.nii 140391377487680
task_duration 1572382696.2306056 1572382718.5574012 1572382482-optaneAD_1it_25cpus_40bb-1 140391377487680
read_file 1572382696.5146632 1572382696.5252337 bigbrain_1538_603_2082.nii 140633709078336
increment_file 1572382696.5427284 1572382697.8049335 bigbrain_1538_603_2082.nii 140633709078336
write_file 1572382697.8058245 1572382717.104913 inc-bigbrain_1538_603_2082.nii 140633709078336
task_duration 1572382696.5104425 1572382717.109642 1572382482-optaneAD_1it_25cpus_40bb-1 140633709078336
read_file 1572382697.4337966 1572382697.4351656 bigbrain_1538_603_2776.nii 140675874264896
increment_file 1572382697.4439008 1572382698.1868048 bigbrain_1538_603_2776.nii 140675874264896
write_file 1572382698.1876156 1572382717.2635021 inc-bigbrain_1538_603_2776.nii 140675874264896
task_duration 1572382697.4326909 1572382717.2691662 1572382482-optaneAD_1it_25cpus_40bb-1 140675874264896
read_file 1572382697.531833 1572382697.533152 bigbrain_1538_603_694.nii 140414568924992
increment_file 1572382697.538535 1572382698.3563085 bigbrain_1538_603_694.nii 140414568924992
write_file 1572382698.3590434 1572382718.4127946 inc-bigbrain_1538_603_694.nii 140414568924992
task_duration 1572382697.530794 1572382718.5000863 1572382482-optaneAD_1it_25cpus_40bb-1 140414568924992
read_file 1572382698.2175817 1572382698.2186067 bigbrain_2307_0_0.nii 139729272993600
increment_file 1572382698.227517 1572382699.9865813 bigbrain_2307_0_0.nii 139729272993600
write_file 1572382699.9880645 1572382721.0737808 inc-bigbrain_2307_0_0.nii 139729272993600
task_duration 1572382698.2166297 1572382721.1571167 1572382482-optaneAD_1it_25cpus_40bb-1 139729272993600
read_file 1572382698.2415302 1572382698.244983 bigbrain_2307_0_1388.nii 140038065030976
increment_file 1572382698.2698884 1572382699.8342876 bigbrain_2307_0_1388.nii 140038065030976
write_file 1572382699.8350418 1572382717.1139443 inc-bigbrain_2307_0_1388.nii 140038065030976
task_duration 1572382698.2396293 1572382717.1208386 1572382482-optaneAD_1it_25cpus_40bb-1 140038065030976
read_file 1572382700.5346231 1572382700.5358102 bigbrain_2307_0_2082.nii 140491184031552
increment_file 1572382700.5417871 1572382701.225479 bigbrain_2307_0_2082.nii 140491184031552
write_file 1572382701.2275279 1572382726.1690369 inc-bigbrain_2307_0_2082.nii 140491184031552
task_duration 1572382700.5336878 1572382726.1739004 1572382482-optaneAD_1it_25cpus_40bb-1 140491184031552
read_file 1572382700.6055946 1572382700.6067293 bigbrain_2307_0_2776.nii 139900214310720
increment_file 1572382700.6128845 1572382701.446989 bigbrain_2307_0_2776.nii 139900214310720
write_file 1572382701.449637 1572382726.2383173 inc-bigbrain_2307_0_2776.nii 139900214310720
task_duration 1572382700.6045854 1572382726.2429047 1572382482-optaneAD_1it_25cpus_40bb-1 139900214310720
read_file 1572382701.210935 1572382701.212263 bigbrain_2307_0_694.nii 140619062966080
increment_file 1572382701.2204545 1572382705.4861648 bigbrain_2307_0_694.nii 140619062966080
write_file 1572382705.5137343 1572382727.9591749 inc-bigbrain_2307_0_694.nii 140619062966080
task_duration 1572382701.20966 1572382727.96411 1572382482-optaneAD_1it_25cpus_40bb-1 140619062966080
read_file 1572382702.1470394 1572382702.1501732 bigbrain_2307_1206_0.nii 139813088409408
increment_file 1572382702.1667607 1572382706.670624 bigbrain_2307_1206_0.nii 139813088409408
write_file 1572382706.6771975 1572382726.593293 inc-bigbrain_2307_1206_0.nii 139813088409408
task_duration 1572382702.1449285 1572382726.5981646 1572382482-optaneAD_1it_25cpus_40bb-1 139813088409408
read_file 1572382702.4202282 1572382702.4221091 bigbrain_2307_1206_1388.nii 140197783799616
increment_file 1572382702.4409213 1572382707.283817 bigbrain_2307_1206_1388.nii 140197783799616
write_file 1572382707.3019414 1572382735.2775557 inc-bigbrain_2307_1206_1388.nii 140197783799616
task_duration 1572382702.4186616 1572382735.2943897 1572382482-optaneAD_1it_25cpus_40bb-1 140197783799616
read_file 1572382702.4193275 1572382702.422477 bigbrain_2307_1206_2082.nii 140366267946816
increment_file 1572382702.4410033 1572382707.8899803 bigbrain_2307_1206_2082.nii 140366267946816
write_file 1572382707.91179 1572382728.2624831 inc-bigbrain_2307_1206_2082.nii 140366267946816
task_duration 1572382702.4169114 1572382728.2670279 1572382482-optaneAD_1it_25cpus_40bb-1 140366267946816
read_file 1572382703.1696672 1572382703.188994 bigbrain_2307_1206_2776.nii 140343880333120
increment_file 1572382703.2230217 1572382708.3774936 bigbrain_2307_1206_2776.nii 140343880333120
write_file 1572382708.392267 1572382727.7301 inc-bigbrain_2307_1206_2776.nii 140343880333120
task_duration 1572382703.1608367 1572382727.7348251 1572382482-optaneAD_1it_25cpus_40bb-1 140343880333120
read_file 1572382703.926054 1572382703.9284554 bigbrain_2307_1206_694.nii 140075666343744
increment_file 1572382703.932221 1572382709.3205698 bigbrain_2307_1206_694.nii 140075666343744
write_file 1572382709.323751 1572382728.510262 inc-bigbrain_2307_1206_694.nii 140075666343744
task_duration 1572382703.9250674 1572382728.5149214 1572382482-optaneAD_1it_25cpus_40bb-1 140075666343744
read_file 1572382705.6854682 1572382705.6940677 bigbrain_2307_1809_0.nii 140310720800576
increment_file 1572382705.7284036 1572382709.9499552 bigbrain_2307_1809_0.nii 140310720800576
write_file 1572382709.9616847 1572382729.1512318 inc-bigbrain_2307_1809_0.nii 140310720800576
task_duration 1572382705.682351 1572382729.267014 1572382482-optaneAD_1it_25cpus_40bb-1 140310720800576
read_file 1572382707.3127816 1572382707.315413 bigbrain_2307_1809_1388.nii 140287794677568
increment_file 1572382707.3307316 1572382712.6510038 bigbrain_2307_1809_1388.nii 140287794677568
write_file 1572382712.6547499 1572382735.813508 inc-bigbrain_2307_1809_1388.nii 140287794677568
task_duration 1572382707.3117213 1572382735.8187635 1572382482-optaneAD_1it_25cpus_40bb-1 140287794677568
read_file 1572382708.8115568 1572382708.8137486 bigbrain_2307_1809_2082.nii 139915622016832
increment_file 1572382708.8356056 1572382714.2321358 bigbrain_2307_1809_2082.nii 139915622016832
write_file 1572382714.2347052 1572382735.5536637 inc-bigbrain_2307_1809_2082.nii 139915622016832
task_duration 1572382708.8106258 1572382735.5580602 1572382482-optaneAD_1it_25cpus_40bb-1 139915622016832
read_file 1572382710.234299 1572382710.237097 bigbrain_2307_1809_2776.nii 140363641124672
increment_file 1572382710.2671869 1572382715.6508837 bigbrain_2307_1809_2776.nii 140363641124672
write_file 1572382715.6528914 1572382735.6265244 inc-bigbrain_2307_1809_2776.nii 140363641124672
task_duration 1572382710.2332537 1572382735.6307638 1572382482-optaneAD_1it_25cpus_40bb-1 140363641124672
read_file 1572382713.0147355 1572382713.018326 bigbrain_2307_1809_694.nii 140166496229184
increment_file 1572382713.0449646 1572382716.2493396 bigbrain_2307_1809_694.nii 140166496229184
write_file 1572382716.2522528 1572382738.9672468 inc-bigbrain_2307_1809_694.nii 140166496229184
task_duration 1572382713.0135624 1572382739.0759926 1572382482-optaneAD_1it_25cpus_40bb-1 140166496229184
read_file 1572382713.3064349 1572382713.3083827 bigbrain_2307_2412_0.nii 139965300049728
increment_file 1572382713.3571978 1572382717.0707235 bigbrain_2307_2412_0.nii 139965300049728
write_file 1572382717.0718503 1572382746.3613894 inc-bigbrain_2307_2412_0.nii 139965300049728
task_duration 1572382713.3054817 1572382746.3662624 1572382482-optaneAD_1it_25cpus_40bb-1 139965300049728
read_file 1572382716.2046874 1572382716.206484 bigbrain_2307_2412_1388.nii 140034412300096
increment_file 1572382716.2249343 1572382717.701442 bigbrain_2307_2412_1388.nii 140034412300096
write_file 1572382717.707229 1572382727.9761314 inc-bigbrain_2307_2412_1388.nii 140034412300096
task_duration 1572382716.2036016 1572382727.9820662 1572382482-optaneAD_1it_25cpus_40bb-1 140034412300096
read_file 1572382716.3070438 1572382716.3090286 bigbrain_2307_2412_2082.nii 139921632839488
increment_file 1572382716.3275878 1572382717.980224 bigbrain_2307_2412_2082.nii 139921632839488
write_file 1572382717.9855487 1572382751.9697483 inc-bigbrain_2307_2412_2082.nii 139921632839488
task_duration 1572382716.305512 1572382752.069426 1572382482-optaneAD_1it_25cpus_40bb-1 139921632839488
read_file 1572382717.374169 1572382717.375342 bigbrain_2307_2412_2776.nii 139951170471744
increment_file 1572382717.3806334 1572382724.6450536 bigbrain_2307_2412_2776.nii 139951170471744
write_file 1572382724.6485856 1572382744.645077 inc-bigbrain_2307_2412_2776.nii 139951170471744
task_duration 1572382717.3731465 1572382744.6493707 1572382482-optaneAD_1it_25cpus_40bb-1 139951170471744
read_file 1572382717.4598732 1572382717.4614735 bigbrain_2307_2412_694.nii 140602948392768
increment_file 1572382717.4741957 1572382724.406189 bigbrain_2307_2412_694.nii 140602948392768
write_file 1572382724.4212887 1572382744.0487015 inc-bigbrain_2307_2412_694.nii 140602948392768
task_duration 1572382717.4587743 1572382744.0545094 1572382482-optaneAD_1it_25cpus_40bb-1 140602948392768
read_file 1572382717.5729427 1572382717.5800517 bigbrain_2307_603_0.nii 140342311089984
increment_file 1572382717.6249042 1572382724.378974 bigbrain_2307_603_0.nii 140342311089984
write_file 1572382724.404277 1572382737.7356167 inc-bigbrain_2307_603_0.nii 140342311089984
task_duration 1572382717.5695214 1572382737.8719256 1572382482-optaneAD_1it_25cpus_40bb-1 140342311089984
read_file 1572382717.888476 1572382717.8964093 bigbrain_2307_603_1388.nii 139924679743296
increment_file 1572382717.9415345 1572382725.2496014 bigbrain_2307_603_1388.nii 139924679743296
write_file 1572382725.264206 1572382744.4653397 inc-bigbrain_2307_603_1388.nii 139924679743296
task_duration 1572382717.8845108 1572382744.4704802 1572382482-optaneAD_1it_25cpus_40bb-1 139924679743296
read_file 1572382719.4971423 1572382719.50106 bigbrain_2307_603_2082.nii 140518464653120
increment_file 1572382719.5502484 1572382725.7110238 bigbrain_2307_603_2082.nii 140518464653120
write_file 1572382725.7209723 1572382744.1561706 inc-bigbrain_2307_603_2082.nii 140518464653120
task_duration 1572382719.4955902 1572382744.1630101 1572382482-optaneAD_1it_25cpus_40bb-1 140518464653120
read_file 1572382719.499715 1572382719.5031128 bigbrain_2307_603_2776.nii 140126651598656
increment_file 1572382719.55053 1572382726.002909 bigbrain_2307_603_2776.nii 140126651598656
write_file 1572382726.004752 1572382755.0154018 inc-bigbrain_2307_603_2776.nii 140126651598656
task_duration 1572382719.4986207 1572382755.0198581 1572382482-optaneAD_1it_25cpus_40bb-1 140126651598656
read_file 1572382723.2018871 1572382723.2183022 bigbrain_2307_603_694.nii 140266821338944
increment_file 1572382723.3100595 1572382726.2512033 bigbrain_2307_603_694.nii 140266821338944
write_file 1572382726.25241 1572382737.2578409 inc-bigbrain_2307_603_694.nii 140266821338944
task_duration 1572382723.1972718 1572382737.3640609 1572382482-optaneAD_1it_25cpus_40bb-1 140266821338944
read_file 1572382724.3858056 1572382724.4024632 bigbrain_3076_0_0.nii 139944653838144
increment_file 1572382724.4399078 1572382726.3512897 bigbrain_3076_0_0.nii 139944653838144
write_file 1572382726.3523471 1572382744.2539823 inc-bigbrain_3076_0_0.nii 139944653838144
task_duration 1572382724.3781419 1572382744.2783225 1572382482-optaneAD_1it_25cpus_40bb-1 139944653838144
read_file 1572382725.5853302 1572382725.5914745 bigbrain_3076_0_1388.nii 140110306559808
increment_file 1572382725.6186368 1572382726.6108572 bigbrain_3076_0_1388.nii 140110306559808
write_file 1572382726.6116252 1572382743.8972018 inc-bigbrain_3076_0_1388.nii 140110306559808
task_duration 1572382725.58301 1572382743.9034204 1572382482-optaneAD_1it_25cpus_40bb-1 140110306559808
read_file 1572382726.5237148 1572382726.5250094 bigbrain_3076_0_2082.nii 140055464757056
increment_file 1572382726.5323415 1572382727.232974 bigbrain_3076_0_2082.nii 140055464757056
write_file 1572382727.2338278 1572382749.9569957 inc-bigbrain_3076_0_2082.nii 140055464757056
task_duration 1572382726.5227158 1572382750.1105306 1572382482-optaneAD_1it_25cpus_40bb-1 140055464757056
read_file 1572382726.5621362 1572382726.5633347 bigbrain_3076_0_2776.nii 139830622017344
increment_file 1572382726.5707953 1572382727.271165 bigbrain_3076_0_2776.nii 139830622017344
write_file 1572382727.2719235 1572382746.251417 inc-bigbrain_3076_0_2776.nii 139830622017344
task_duration 1572382726.5611706 1572382746.419202 1572382482-optaneAD_1it_25cpus_40bb-1 139830622017344
read_file 1572382726.8794456 1572382726.8806858 bigbrain_3076_0_694.nii 139770194806592
increment_file 1572382726.8866258 1572382727.5653756 bigbrain_3076_0_694.nii 139770194806592
write_file 1572382727.5662513 1572382754.771299 inc-bigbrain_3076_0_694.nii 139770194806592
task_duration 1572382726.8783865 1572382754.780224 1572382482-optaneAD_1it_25cpus_40bb-1 139770194806592
read_file 1572382728.0407503 1572382728.0423324 bigbrain_3076_1206_0.nii 139733916923712
increment_file 1572382728.048882 1572382734.560095 bigbrain_3076_1206_0.nii 139733916923712
write_file 1572382734.5926917 1572382759.0153039 inc-bigbrain_3076_1206_0.nii 139733916923712
task_duration 1572382728.039401 1572382759.0234423 1572382482-optaneAD_1it_25cpus_40bb-1 139733916923712
read_file 1572382728.336777 1572382728.3393433 bigbrain_3076_1206_1388.nii 140287760971584
increment_file 1572382728.3558486 1572382735.1046376 bigbrain_3076_1206_1388.nii 140287760971584
write_file 1572382735.1097765 1572382761.1127222 inc-bigbrain_3076_1206_1388.nii 140287760971584
task_duration 1572382728.3355439 1572382761.117219 1572382482-optaneAD_1it_25cpus_40bb-1 140287760971584
read_file 1572382728.4673636 1572382728.47307 bigbrain_3076_1206_2082.nii 139990754182976
increment_file 1572382728.5059676 1572382734.967573 bigbrain_3076_1206_2082.nii 139990754182976
write_file 1572382734.9782178 1572382755.516925 inc-bigbrain_3076_1206_2082.nii 139990754182976
task_duration 1572382728.4640598 1572382755.5216036 1572382482-optaneAD_1it_25cpus_40bb-1 139990754182976
read_file 1572382728.7311835 1572382728.7334213 bigbrain_3076_1206_2776.nii 139960724657984
increment_file 1572382728.7551608 1572382735.3316658 bigbrain_3076_1206_2776.nii 139960724657984
write_file 1572382735.3328104 1572382759.9771175 inc-bigbrain_3076_1206_2776.nii 139960724657984
task_duration 1572382728.7299364 1572382759.9818668 1572382482-optaneAD_1it_25cpus_40bb-1 139960724657984
read_file 1572382729.3310063 1572382729.3468938 bigbrain_3076_1206_694.nii 140314341803840
increment_file 1572382729.3886433 1572382735.3173711 bigbrain_3076_1206_694.nii 140314341803840
write_file 1572382735.3222823 1572382755.4837294 inc-bigbrain_3076_1206_694.nii 140314341803840
task_duration 1572382729.3242116 1572382755.4883106 1572382482-optaneAD_1it_25cpus_40bb-1 140314341803840
read_file 1572382731.3051271 1572382731.3184645 bigbrain_3076_1809_0.nii 140140417689408
increment_file 1572382731.3362048 1572382735.5283413 bigbrain_3076_1809_0.nii 140140417689408
write_file 1572382735.5303113 1572382755.5724065 inc-bigbrain_3076_1809_0.nii 140140417689408
task_duration 1572382731.3002462 1572382755.5774443 1572382482-optaneAD_1it_25cpus_40bb-1 140140417689408
read_file 1572382735.6103196 1572382735.6114812 bigbrain_3076_1809_1388.nii 139799144011584
increment_file 1572382735.6214128 1572382741.7544434 bigbrain_3076_1809_1388.nii 139799144011584
write_file 1572382741.7701328 1572382765.234466 inc-bigbrain_3076_1809_1388.nii 139799144011584
task_duration 1572382735.6093554 1572382765.2391949 1572382482-optaneAD_1it_25cpus_40bb-1 139799144011584
read_file 1572382735.91777 1572382735.920562 bigbrain_3076_1809_2082.nii 140132364396352
increment_file 1572382735.941297 1572382742.7285433 bigbrain_3076_1809_2082.nii 140132364396352
write_file 1572382742.7440054 1572382758.8397815 inc-bigbrain_3076_1809_2082.nii 140132364396352
task_duration 1572382735.916055 1572382758.844994 1572382482-optaneAD_1it_25cpus_40bb-1 140132364396352
read_file 1572382735.9801471 1572382735.9817479 bigbrain_3076_1809_2776.nii 140124872574784
increment_file 1572382736.0002952 1572382743.3879473 bigbrain_3076_1809_2776.nii 140124872574784
write_file 1572382743.390683 1572382768.8898408 inc-bigbrain_3076_1809_2776.nii 140124872574784
task_duration 1572382735.9790905 1572382768.8942895 1572382482-optaneAD_1it_25cpus_40bb-1 140124872574784
read_file 1572382736.1501071 1572382736.152863 bigbrain_3076_1809_694.nii 140244915324736
increment_file 1572382736.208877 1572382743.6026225 bigbrain_3076_1809_694.nii 140244915324736
write_file 1572382743.6038096 1572382763.1258132 inc-bigbrain_3076_1809_694.nii 140244915324736
task_duration 1572382736.1491024 1572382763.1307917 1572382482-optaneAD_1it_25cpus_40bb-1 140244915324736
read_file 1572382738.8940916 1572382738.899952 bigbrain_3076_2412_0.nii 140708992771904
increment_file 1572382738.9230554 1572382743.8559554 bigbrain_3076_2412_0.nii 140708992771904
write_file 1572382743.858864 1572382760.0024004 inc-bigbrain_3076_2412_0.nii 140708992771904
task_duration 1572382738.8926692 1572382760.007711 1572382482-optaneAD_1it_25cpus_40bb-1 140708992771904
read_file 1572382739.3150814 1572382739.320689 bigbrain_3076_2412_1388.nii 140146074990400
increment_file 1572382739.393846 1572382743.901516 bigbrain_3076_2412_1388.nii 140146074990400
write_file 1572382743.904893 1572382758.4594166 inc-bigbrain_3076_2412_1388.nii 140146074990400
task_duration 1572382739.3136168 1572382758.478477 1572382482-optaneAD_1it_25cpus_40bb-1 140146074990400
read_file 1572382740.7116563 1572382740.7175167 bigbrain_3076_2412_2082.nii 139830836586304
increment_file 1572382740.7531447 1572382744.0464249 bigbrain_3076_2412_2082.nii 139830836586304
write_file 1572382744.048368 1572382767.3111167 inc-bigbrain_3076_2412_2082.nii 139830836586304
task_duration 1572382740.7101235 1572382767.318726 1572382482-optaneAD_1it_25cpus_40bb-1 139830836586304
read_file 1572382744.1967719 1572382744.197846 bigbrain_3076_2412_2776.nii 140691318359872
increment_file 1572382744.2081397 1572382751.9690578 bigbrain_3076_2412_2776.nii 140691318359872
write_file 1572382751.972074 1572382769.7988977 inc-bigbrain_3076_2412_2776.nii 140691318359872
task_duration 1572382744.1957228 1572382769.8033345 1572382482-optaneAD_1it_25cpus_40bb-1 140691318359872
read_file 1572382744.4790952 1572382744.4835818 bigbrain_3076_2412_694.nii 139662612621120
increment_file 1572382744.5175126 1572382752.5558538 bigbrain_3076_2412_694.nii 139662612621120
write_file 1572382752.578777 1572382766.6031947 inc-bigbrain_3076_2412_694.nii 139662612621120
task_duration 1572382744.4772189 1572382766.6561506 1572382482-optaneAD_1it_25cpus_40bb-1 139662612621120
read_file 1572382744.7368135 1572382744.739673 bigbrain_3076_603_0.nii 140365383870272
increment_file 1572382744.7780616 1572382753.7439842 bigbrain_3076_603_0.nii 140365383870272
write_file 1572382753.7620149 1572382770.1534235 inc-bigbrain_3076_603_0.nii 140365383870272
task_duration 1572382744.7350245 1572382770.1680062 1572382482-optaneAD_1it_25cpus_40bb-1 140365383870272
read_file 1572382744.8258202 1572382744.8285706 bigbrain_3076_603_1388.nii 139764682200896
increment_file 1572382744.8529336 1572382754.5712776 bigbrain_3076_603_1388.nii 139764682200896
write_file 1572382754.574591 1572382779.142497 inc-bigbrain_3076_603_1388.nii 139764682200896
task_duration 1572382744.8233395 1572382779.146676 1572382482-optaneAD_1it_25cpus_40bb-1 139764682200896
read_file 1572382745.0030863 1572382745.0074165 bigbrain_3076_603_2082.nii 140291428775744
increment_file 1572382745.0836859 1572382754.3673642 bigbrain_3076_603_2082.nii 140291428775744
write_file 1572382754.3816957 1572382770.077315 inc-bigbrain_3076_603_2082.nii 140291428775744
task_duration 1572382745.001645 1572382770.0819962 1572382482-optaneAD_1it_25cpus_40bb-1 140291428775744
read_file 1572382745.0754795 1572382745.0782907 bigbrain_3076_603_2776.nii 140482221610816
increment_file 1572382745.198909 1572382754.4296594 bigbrain_3076_603_2776.nii 140482221610816
write_file 1572382754.4312065 1572382770.3361936 inc-bigbrain_3076_603_2776.nii 140482221610816
task_duration 1572382745.0745258 1572382770.340727 1572382482-optaneAD_1it_25cpus_40bb-1 140482221610816
read_file 1572382747.0522227 1572382747.0602353 bigbrain_3076_603_694.nii 140656910640960
increment_file 1572382747.0913486 1572382754.6747286 bigbrain_3076_603_694.nii 140656910640960
write_file 1572382754.6776683 1572382763.347951 inc-bigbrain_3076_603_694.nii 140656910640960
task_duration 1572382747.0506854 1572382763.3883162 1572382482-optaneAD_1it_25cpus_40bb-1 140656910640960
read_file 1572382749.0758662 1572382749.0940037 bigbrain_769_0_0.nii 139811720783680
increment_file 1572382749.107203 1572382754.8183 bigbrain_769_0_0.nii 139811720783680
write_file 1572382754.819532 1572382761.532658 inc-bigbrain_769_0_0.nii 139811720783680
task_duration 1572382749.0697048 1572382761.550148 1572382482-optaneAD_1it_25cpus_40bb-1 139811720783680
read_file 1572382752.987949 1572382752.9981 bigbrain_769_0_1388.nii 140356339623744
increment_file 1572382753.0765889 1572382755.0987637 bigbrain_769_0_1388.nii 140356339623744
write_file 1572382755.0997648 1572382778.916859 inc-bigbrain_769_0_1388.nii 140356339623744
task_duration 1572382752.983862 1572382778.9214542 1572382482-optaneAD_1it_25cpus_40bb-1 140356339623744
read_file 1572382754.179405 1572382754.1886766 bigbrain_769_0_2082.nii 140248092907328
increment_file 1572382754.2773573 1572382755.2047615 bigbrain_769_0_2082.nii 140248092907328
write_file 1572382755.2054987 1572382778.9596639 inc-bigbrain_769_0_2082.nii 140248092907328
task_duration 1572382754.1759677 1572382778.9641323 1572382482-optaneAD_1it_25cpus_40bb-1 140248092907328
read_file 1572382755.0651367 1572382755.0663638 bigbrain_769_0_2776.nii 139714244998976
increment_file 1572382755.0755875 1572382755.8149915 bigbrain_769_0_2776.nii 139714244998976
write_file 1572382755.8157513 1572382776.8458602 inc-bigbrain_769_0_2776.nii 139714244998976
task_duration 1572382755.0641625 1572382776.9513214 1572382482-optaneAD_1it_25cpus_40bb-1 139714244998976
read_file 1572382755.3609006 1572382755.3618803 bigbrain_769_0_694.nii 139760388785984
increment_file 1572382755.3708296 1572382756.6833088 bigbrain_769_0_694.nii 139760388785984
write_file 1572382756.6860049 1572382775.2124245 inc-bigbrain_769_0_694.nii 139760388785984
task_duration 1572382755.3599753 1572382775.324064 1572382482-optaneAD_1it_25cpus_40bb-1 139760388785984
read_file 1572382755.815009 1572382755.8164866 bigbrain_769_1206_0.nii 139973768525632
increment_file 1572382755.820653 1572382757.8170643 bigbrain_769_1206_0.nii 139973768525632
write_file 1572382757.8192368 1572382778.991393 inc-bigbrain_769_1206_0.nii 139973768525632
task_duration 1572382755.8137562 1572382778.9959972 1572382482-optaneAD_1it_25cpus_40bb-1 139973768525632
read_file 1572382755.854281 1572382755.8556128 bigbrain_769_1206_1388.nii 140192783210304
increment_file 1572382755.8612149 1572382758.7522383 bigbrain_769_1206_1388.nii 140192783210304
write_file 1572382758.7535903 1572382779.9771335 inc-bigbrain_769_1206_1388.nii 140192783210304
task_duration 1572382755.8532386 1572382779.9818048 1572382482-optaneAD_1it_25cpus_40bb-1 140192783210304
read_file 1572382755.99184 1572382755.9945679 bigbrain_769_1206_2082.nii 139714794633024
increment_file 1572382756.0180101 1572382758.0575016 bigbrain_769_1206_2082.nii 139714794633024
write_file 1572382758.0601428 1572382779.1095154 inc-bigbrain_769_1206_2082.nii 139714794633024
task_duration 1572382755.9896386 1572382779.1140149 1572382482-optaneAD_1it_25cpus_40bb-1 139714794633024
read_file 1572382758.8648367 1572382758.865891 bigbrain_769_1206_2776.nii 140614512084800
increment_file 1572382758.8767087 1572382760.115554 bigbrain_769_1206_2776.nii 140614512084800
write_file 1572382760.1163034 1572382779.5889707 inc-bigbrain_769_1206_2776.nii 140614512084800
task_duration 1572382758.8638113 1572382779.5937958 1572382482-optaneAD_1it_25cpus_40bb-1 140614512084800
read_file 1572382759.1304393 1572382759.1320531 bigbrain_769_1206_694.nii 139985008523072
increment_file 1572382759.1406956 1572382760.9398148 bigbrain_769_1206_694.nii 139985008523072
write_file 1572382760.9449956 1572382779.9758177 inc-bigbrain_769_1206_694.nii 139985008523072
task_duration 1572382759.1290686 1572382779.9806597 1572382482-optaneAD_1it_25cpus_40bb-1 139985008523072
read_file 1572382759.467012 1572382759.470912 bigbrain_769_1809_0.nii 140713425008448
increment_file 1572382759.5074253 1572382760.945863 bigbrain_769_1809_0.nii 140713425008448
write_file 1572382760.947517 1572382779.9745708 inc-bigbrain_769_1809_0.nii 140713425008448
task_duration 1572382759.4649932 1572382779.9793155 1572382482-optaneAD_1it_25cpus_40bb-1 140713425008448
read_file 1572382760.2773452 1572382760.2784438 bigbrain_769_1809_1388.nii 139627227367232
increment_file 1572382760.2861106 1572382763.8460147 bigbrain_769_1809_1388.nii 139627227367232
write_file 1572382763.8473496 1572382781.312451 inc-bigbrain_769_1809_1388.nii 139627227367232
task_duration 1572382760.2762918 1572382781.31786 1572382482-optaneAD_1it_25cpus_40bb-1 139627227367232
read_file 1572382760.400897 1572382760.4041414 bigbrain_769_1809_2082.nii 139842835597120
increment_file 1572382760.430746 1572382762.5711253 bigbrain_769_1809_2082.nii 139842835597120
write_file 1572382762.5785162 1572382779.8747294 inc-bigbrain_769_1809_2082.nii 139842835597120
task_duration 1572382760.3983378 1572382779.879332 1572382482-optaneAD_1it_25cpus_40bb-1 139842835597120
read_file 1572382761.5516958 1572382761.5550275 bigbrain_769_1809_2776.nii 140127490766656
increment_file 1572382761.5822737 1572382764.8571794 bigbrain_769_1809_2776.nii 140127490766656
write_file 1572382764.8635542 1572382780.0202413 inc-bigbrain_769_1809_2776.nii 140127490766656
task_duration 1572382761.5490582 1572382780.0251675 1572382482-optaneAD_1it_25cpus_40bb-1 140127490766656
read_file 1572382762.0969973 1572382762.099579 bigbrain_769_1809_694.nii 139780629555008
increment_file 1572382762.1304178 1572382767.226647 bigbrain_769_1809_694.nii 139780629555008
write_file 1572382767.2309425 1572382780.9934323 inc-bigbrain_769_1809_694.nii 139780629555008
task_duration 1572382762.0959709 1572382780.9978518 1572382482-optaneAD_1it_25cpus_40bb-1 139780629555008
read_file 1572382763.8767865 1572382763.880288 bigbrain_769_2412_0.nii 139726988715840
increment_file 1572382763.888372 1572382768.0898774 bigbrain_769_2412_0.nii 139726988715840
write_file 1572382768.1022053 1572382781.2470686 inc-bigbrain_769_2412_0.nii 139726988715840
task_duration 1572382763.8750129 1572382781.2514777 1572382482-optaneAD_1it_25cpus_40bb-1 139726988715840
read_file 1572382764.235977 1572382764.2387795 bigbrain_769_2412_1388.nii 140105350055744
increment_file 1572382764.2697277 1572382767.8788714 bigbrain_769_2412_1388.nii 140105350055744
write_file 1572382767.8851945 1572382780.844124 inc-bigbrain_769_2412_1388.nii 140105350055744
task_duration 1572382764.2349167 1572382780.8491437 1572382482-optaneAD_1it_25cpus_40bb-1 140105350055744
read_file 1572382765.8569062 1572382765.861087 bigbrain_769_2412_2082.nii 140378260272960
increment_file 1572382765.8944032 1572382769.691178 bigbrain_769_2412_2082.nii 140378260272960
write_file 1572382769.6952085 1572382781.4245675 inc-bigbrain_769_2412_2082.nii 140378260272960
task_duration 1572382765.8558025 1572382781.428773 1572382482-optaneAD_1it_25cpus_40bb-1 140378260272960
read_file 1572382767.738558 1572382767.7406204 bigbrain_769_2412_694.nii 139931358005056
increment_file 1572382767.7544699 1572382769.9574988 bigbrain_769_2412_694.nii 139931358005056
write_file 1572382769.9604616 1572382780.7755806 inc-bigbrain_769_2412_694.nii 139931358005056
task_duration 1572382767.7376223 1572382780.7807527 1572382482-optaneAD_1it_25cpus_40bb-1 139931358005056
read_file 1572382767.77514 1572382767.780684 bigbrain_769_2412_2776.nii 139692913784640
increment_file 1572382767.819757 1572382770.2887466 bigbrain_769_2412_2776.nii 139692913784640
write_file 1572382770.2916794 1572382780.5564215 inc-bigbrain_769_2412_2776.nii 139692913784640
task_duration 1572382767.7727103 1572382780.561071 1572382482-optaneAD_1it_25cpus_40bb-1 139692913784640
read_file 1572382769.1967573 1572382769.1981854 bigbrain_769_603_0.nii 140274194888512
increment_file 1572382769.217695 1572382775.2386217 bigbrain_769_603_0.nii 140274194888512
write_file 1572382775.243424 1572382781.4122524 inc-bigbrain_769_603_0.nii 140274194888512
task_duration 1572382769.195797 1572382781.4167528 1572382482-optaneAD_1it_25cpus_40bb-1 140274194888512
read_file 1572382770.165076 1572382770.1670668 bigbrain_769_603_1388.nii 140309814978368
increment_file 1572382770.1843061 1572382776.6026008 bigbrain_769_603_1388.nii 140309814978368
write_file 1572382776.6305635 1572382780.899366 inc-bigbrain_769_603_1388.nii 140309814978368
task_duration 1572382770.163805 1572382780.9038699 1572382482-optaneAD_1it_25cpus_40bb-1 140309814978368
read_file 1572382770.4194424 1572382770.4209058 bigbrain_769_603_2082.nii 139707384002368
increment_file 1572382770.440111 1572382778.319627 bigbrain_769_603_2082.nii 139707384002368
write_file 1572382778.3229055 1572382781.495279 inc-bigbrain_769_603_2082.nii 139707384002368
task_duration 1572382770.4183767 1572382781.4993947 1572382482-optaneAD_1it_25cpus_40bb-1 139707384002368
read_file 1572382770.8695962 1572382770.8756287 bigbrain_769_603_2776.nii 140147059595072
increment_file 1572382770.9176586 1572382778.730711 bigbrain_769_603_2776.nii 140147059595072
write_file 1572382778.7399561 1572382781.8194666 inc-bigbrain_769_603_2776.nii 140147059595072
task_duration 1572382770.8655403 1572382781.8234556 1572382482-optaneAD_1it_25cpus_40bb-1 140147059595072
read_file 1572382771.0661724 1572382771.0744824 bigbrain_769_603_694.nii 139674664204096
increment_file 1572382771.1478686 1572382778.8017912 bigbrain_769_603_694.nii 139674664204096
write_file 1572382778.8047445 1572382781.5303032 inc-bigbrain_769_603_694.nii 139674664204096
task_duration 1572382771.060457 1572382781.5352533 1572382482-optaneAD_1it_25cpus_40bb-1 139674664204096
