read_file 1572381267.0912206 1572381267.5889127 bigbrain_0_1206_1388.nii 139789775337280
increment_file 1572381286.7401526 1572381349.7570353 bigbrain_0_1206_1388.nii 139789775337280
write_file 1572381401.9225993 1572381508.8519516 inc-bigbrain_0_1206_1388.nii 139789775337280
task_duration 1572381267.0852098 1572381529.7780821 1572381265-isilonAD_1it_25cpus_40bb-1 139789775337280
read_file 1572382153.470301 1572382158.50198 bigbrain_769_0_2082.nii 139802368841536
increment_file 1572382191.3112056 1572382238.4098725 bigbrain_769_0_2082.nii 139802368841536
write_file 1572382244.724433 1572382291.2491658 inc-bigbrain_769_0_2082.nii 139802368841536
task_duration 1572382152.5040312 1572382361.155965 1572381265-isilonAD_1it_25cpus_40bb-1 139802368841536
read_file 1572381920.1388803 1572381929.9361815 bigbrain_3076_0_1388.nii 140324353894208
increment_file 1572381976.5512621 1572382017.6095097 bigbrain_3076_0_1388.nii 140324353894208
write_file 1572382022.2867353 1572382068.379009 inc-bigbrain_3076_0_1388.nii 140324353894208
task_duration 1572381920.0580285 1572382134.3318846 1572381265-isilonAD_1it_25cpus_40bb-1 140324353894208
read_file 1572381794.4570997 1572381796.6473615 bigbrain_2307_1206_2776.nii 139710006814528
increment_file 1572381809.057584 1572381840.8099098 bigbrain_2307_1206_2776.nii 139710006814528
write_file 1572381881.9139154 1572381918.7749693 inc-bigbrain_2307_1206_2776.nii 139710006814528
task_duration 1572381794.28732 1572381944.642074 1572381265-isilonAD_1it_25cpus_40bb-1 139710006814528
read_file 1572381267.145993 1572381267.59912 bigbrain_0_1809_0.nii 140051032024896
increment_file 1572381309.1776736 1572381371.5749032 bigbrain_0_1809_0.nii 140051032024896
write_file 1572381402.858684 1572381529.01649 inc-bigbrain_0_1809_0.nii 140051032024896
task_duration 1572381267.0852287 1572381536.6122146 1572381265-isilonAD_1it_25cpus_40bb-1 140051032024896
read_file 1572381920.789479 1572381926.5921147 bigbrain_3076_0_694.nii 140176425527104
increment_file 1572381966.8367505 1572382015.3004503 bigbrain_3076_0_694.nii 140176425527104
write_file 1572382022.2820485 1572382069.8505588 inc-bigbrain_3076_0_694.nii 140176425527104
task_duration 1572381920.142962 1572382135.5264084 1572381265-isilonAD_1it_25cpus_40bb-1 140176425527104
read_file 1572381267.0919476 1572381267.5930634 bigbrain_0_2412_694.nii 140166667528000
increment_file 1572381296.9041226 1572381360.670129 bigbrain_0_2412_694.nii 140166667528000
write_file 1572381402.458335 1572381516.4477515 inc-bigbrain_0_2412_694.nii 140166667528000
task_duration 1572381267.0851703 1572381521.9033449 1572381265-isilonAD_1it_25cpus_40bb-1 140166667528000
read_file 1572382027.1870432 1572382038.5805233 bigbrain_3076_1809_2776.nii 140210793088832
increment_file 1572382061.2917247 1572382096.8357697 bigbrain_3076_1809_2776.nii 140210793088832
write_file 1572382136.823709 1572382210.3807173 inc-bigbrain_3076_1809_2776.nii 140210793088832
task_duration 1572382022.6104581 1572382238.039512 1572381265-isilonAD_1it_25cpus_40bb-1 140210793088832
read_file 1572382031.4625535 1572382036.8331335 bigbrain_3076_2412_2776.nii 140391636666176
increment_file 1572382055.8952408 1572382089.775217 bigbrain_3076_2412_2776.nii 140391636666176
write_file 1572382135.08039 1572382212.1670506 inc-bigbrain_3076_2412_2776.nii 140391636666176
task_duration 1572382029.4055028 1572382242.87274 1572381265-isilonAD_1it_25cpus_40bb-1 140391636666176
read_file 1572382155.2886238 1572382163.0481453 bigbrain_769_0_1388.nii 140401616287552
increment_file 1572382202.4578283 1572382242.602426 bigbrain_769_0_1388.nii 140401616287552
write_file 1572382244.727752 1572382286.1665196 inc-bigbrain_769_0_1388.nii 140401616287552
task_duration 1572382152.5668526 1572382361.0225017 1572381265-isilonAD_1it_25cpus_40bb-1 140401616287552
read_file 1572381533.7927725 1572381540.2980647 bigbrain_1538_0_2776.nii 140091814655808
increment_file 1572381540.3354754 1572381552.0971496 bigbrain_1538_0_2776.nii 140091814655808
write_file 1572381565.0994122 1572381607.3057024 inc-bigbrain_1538_0_2776.nii 140091814655808
task_duration 1572381533.643149 1572381673.630048 1572381265-isilonAD_1it_25cpus_40bb-1 140091814655808
read_file 1572382248.7850015 1572382258.174148 bigbrain_769_2412_2082.nii 140609635358528
increment_file 1572382272.6489189 1572382321.472481 bigbrain_769_2412_2082.nii 140609635358528
write_file 1572382360.3529232 1572382443.274531 inc-bigbrain_769_2412_2082.nii 140609635358528
task_duration 1572382246.779177 1572382454.8606362 1572381265-isilonAD_1it_25cpus_40bb-1 140609635358528
read_file 1572381803.0202773 1572381804.5834637 bigbrain_2307_2412_2082.nii 140209865660224
increment_file 1572381850.856505 1572381880.576722 bigbrain_2307_2412_2082.nii 140209865660224
write_file 1572381916.48944 1572381995.2859128 inc-bigbrain_2307_2412_2082.nii 140209865660224
task_duration 1572381802.6754663 1572382006.179065 1572381265-isilonAD_1it_25cpus_40bb-1 140209865660224
read_file 1572382170.5259802 1572382175.0986726 bigbrain_769_1206_0.nii 139734368675648
increment_file 1572382218.380185 1572382244.6851833 bigbrain_769_1206_0.nii 139734368675648
write_file 1572382244.7361538 1572382293.7925744 inc-bigbrain_769_1206_0.nii 139734368675648
task_duration 1572382169.6092675 1572382361.5849502 1572381265-isilonAD_1it_25cpus_40bb-1 139734368675648
read_file 1572381542.4806874 1572381566.1685696 bigbrain_1538_1809_2082.nii 139855210334016
increment_file 1572381601.327989 1572381635.4412434 bigbrain_1538_1809_2082.nii 139855210334016
write_file 1572381679.0960963 1572381756.6817691 inc-bigbrain_1538_1809_2082.nii 139855210334016
task_duration 1572381542.0114527 1572381784.0167692 1572381265-isilonAD_1it_25cpus_40bb-1 139855210334016
read_file 1572381815.0395987 1572381849.51848 bigbrain_2307_603_2776.nii 140602713728832
increment_file 1572381897.9999 1572381918.9942045 bigbrain_2307_603_2776.nii 140602713728832
write_file 1572381943.1252284 1572382020.4349313 inc-bigbrain_2307_603_2776.nii 140602713728832
task_duration 1572381814.7012286 1572382022.3238807 1572381265-isilonAD_1it_25cpus_40bb-1 140602713728832
read_file 1572382008.854394 1572382022.2998261 bigbrain_3076_1206_2082.nii 140473167062848
increment_file 1572382022.3257742 1572382055.9039488 bigbrain_3076_1206_2082.nii 140473167062848
write_file 1572382110.8949163 1572382181.5749 inc-bigbrain_3076_1206_2082.nii 140473167062848
task_duration 1572382008.675191 1572382227.1265652 1572381265-isilonAD_1it_25cpus_40bb-1 140473167062848
read_file 1572381794.7380133 1572381803.3181593 bigbrain_2307_1809_0.nii 140227897661248
increment_file 1572381833.0820465 1572381859.5050201 bigbrain_2307_1809_0.nii 140227897661248
write_file 1572381906.417328 1572381984.2847223 inc-bigbrain_2307_1809_0.nii 140227897661248
task_duration 1572381794.3231814 1572381992.7838404 1572381265-isilonAD_1it_25cpus_40bb-1 140227897661248
read_file 1572382257.303728 1572382261.16753 bigbrain_769_2412_2776.nii 140616023054144
increment_file 1572382306.7076702 1572382349.520682 bigbrain_769_2412_2776.nii 140616023054144
write_file 1572382362.239538 1572382460.4829292 inc-bigbrain_769_2412_2776.nii 140616023054144
task_duration 1572382246.833004 1572382461.0716767 1572381265-isilonAD_1it_25cpus_40bb-1 140616023054144
read_file 1572381799.1434684 1572381805.0550828 bigbrain_2307_2412_1388.nii 140121995855680
increment_file 1572381852.0320265 1572381882.5542796 bigbrain_2307_2412_1388.nii 140121995855680
write_file 1572381917.1750267 1572382003.126425 inc-bigbrain_2307_2412_1388.nii 140121995855680
task_duration 1572381798.966497 1572382021.5071986 1572381265-isilonAD_1it_25cpus_40bb-1 140121995855680
read_file 1572381549.43136 1572381567.372742 bigbrain_1538_2412_2082.nii 140379483793216
increment_file 1572381606.1346002 1572381641.1350014 bigbrain_1538_2412_2082.nii 140379483793216
write_file 1572381680.8833096 1572381766.0682662 inc-bigbrain_1538_2412_2082.nii 140379483793216
task_duration 1572381548.736156 1572381773.6635444 1572381265-isilonAD_1it_25cpus_40bb-1 140379483793216
read_file 1572381533.9354267 1572381540.299599 bigbrain_1538_0_0.nii 140715593307968
increment_file 1572381541.2766979 1572381554.380075 bigbrain_1538_0_0.nii 140715593307968
write_file 1572381565.3661702 1572381616.3741083 inc-bigbrain_1538_0_0.nii 140715593307968
task_duration 1572381533.652897 1572381675.6971447 1572381265-isilonAD_1it_25cpus_40bb-1 140715593307968
read_file 1572381267.0885813 1572381267.5767422 bigbrain_0_603_2776.nii 140251665020736
increment_file 1572381268.014354 1572381313.9408453 bigbrain_0_603_2776.nii 140251665020736
write_file 1572381399.7033505 1572381489.4544396 inc-bigbrain_0_603_2776.nii 140251665020736
task_duration 1572381267.085069 1572381506.1186032 1572381265-isilonAD_1it_25cpus_40bb-1 140251665020736
read_file 1572381757.0519083 1572381791.9197016 bigbrain_2307_1206_0.nii 140655510746944
increment_file 1572381794.0484319 1572381810.2189293 bigbrain_2307_1206_0.nii 140655510746944
write_file 1572381859.6384606 1572381915.1514518 inc-bigbrain_2307_1206_0.nii 140655510746944
task_duration 1572381755.5394669 1572381928.09382 1572381265-isilonAD_1it_25cpus_40bb-1 140655510746944
read_file 1572381570.3049164 1572381594.643531 bigbrain_1538_603_1388.nii 139753119737664
increment_file 1572381649.6403513 1572381678.39238 bigbrain_1538_603_1388.nii 139753119737664
write_file 1572381688.5991745 1572381794.0050168 inc-bigbrain_1538_603_1388.nii 139753119737664
task_duration 1572381568.9692285 1572381795.8312447 1572381265-isilonAD_1it_25cpus_40bb-1 139753119737664
read_file 1572381795.747921 1572381809.5241106 bigbrain_2307_1809_1388.nii 139683046041408
increment_file 1572381856.9845157 1572381887.0422616 bigbrain_2307_1809_1388.nii 139683046041408
write_file 1572381918.9060037 1572382007.6109035 inc-bigbrain_2307_1809_1388.nii 139683046041408
task_duration 1572381795.602203 1572382022.2808943 1572381265-isilonAD_1it_25cpus_40bb-1 139683046041408
read_file 1572382249.8665113 1572382252.9877586 bigbrain_769_2412_694.nii 139948215412544
increment_file 1572382263.2210999 1572382309.8620937 bigbrain_769_2412_694.nii 139948215412544
write_file 1572382359.817962 1572382441.1748188 inc-bigbrain_769_2412_694.nii 139948215412544
task_duration 1572382246.7874124 1572382451.1624687 1572381265-isilonAD_1it_25cpus_40bb-1 139948215412544
read_file 1572382245.303263 1572382248.4165025 bigbrain_769_1206_694.nii 140092088629056
increment_file 1572382253.6006677 1572382296.4117723 bigbrain_769_1206_694.nii 140092088629056
write_file 1572382359.148925 1572382439.2695413 inc-bigbrain_769_1206_694.nii 140092088629056
task_duration 1572382245.0281982 1572382449.4779837 1572381265-isilonAD_1it_25cpus_40bb-1 140092088629056
read_file 1572381920.299294 1572381924.465231 bigbrain_3076_0_2082.nii 139736642021184
increment_file 1572381958.5137227 1572382012.977365 bigbrain_3076_0_2082.nii 139736642021184
write_file 1572382022.0398364 1572382066.9083183 inc-bigbrain_3076_0_2082.nii 139736642021184
task_duration 1572381920.0656366 1572382132.716104 1572381265-isilonAD_1it_25cpus_40bb-1 139736642021184
read_file 1572382035.7245295 1572382043.864301 bigbrain_3076_2412_694.nii 140004713711424
increment_file 1572382084.47852 1572382119.472017 bigbrain_3076_2412_694.nii 140004713711424
write_file 1572382142.8236709 1572382236.5657516 inc-bigbrain_3076_2412_694.nii 140004713711424
task_duration 1572382029.4285786 1572382244.7479134 1572381265-isilonAD_1it_25cpus_40bb-1 140004713711424
read_file 1572382243.9098158 1572382244.743388 bigbrain_769_1206_1388.nii 140687254091584
increment_file 1572382244.7631345 1572382276.2571023 bigbrain_769_1206_1388.nii 140687254091584
write_file 1572382355.353914 1572382410.931502 inc-bigbrain_769_1206_1388.nii 140687254091584
task_duration 1572382243.7159657 1572382429.0215175 1572381265-isilonAD_1it_25cpus_40bb-1 140687254091584
read_file 1572382030.5183344 1572382034.7984543 bigbrain_3076_2412_1388.nii 140475091830592
increment_file 1572382049.9485004 1572382084.346378 bigbrain_3076_2412_1388.nii 140475091830592
write_file 1572382094.991121 1572382137.2264616 inc-bigbrain_3076_2412_1388.nii 140475091830592
task_duration 1572382029.4054008 1572382164.0794168 1572381265-isilonAD_1it_25cpus_40bb-1 140475091830592
read_file 1572381542.9014628 1572381566.5701368 bigbrain_1538_2412_0.nii 140450707945280
increment_file 1572381604.2866743 1572381639.692019 bigbrain_1538_2412_0.nii 140450707945280
write_file 1572381680.0990334 1572381763.8379877 inc-bigbrain_1538_2412_0.nii 140450707945280
task_duration 1572381542.4269404 1572381787.5855303 1572381265-isilonAD_1it_25cpus_40bb-1 140450707945280
read_file 1572381556.7862034 1572381569.0843723 bigbrain_1538_2412_2776.nii 139678936725312
increment_file 1572381632.555489 1572381663.8985271 bigbrain_1538_2412_2776.nii 139678936725312
write_file 1572381682.8147533 1572381782.8876095 inc-bigbrain_1538_2412_2776.nii 139678936725312
task_duration 1572381556.3321085 1572381794.0550466 1572381265-isilonAD_1it_25cpus_40bb-1 139678936725312
read_file 1572382258.3033097 1572382261.9379394 bigbrain_769_1809_0.nii 139685473400640
increment_file 1572382310.9305518 1572382352.0356927 bigbrain_769_1809_0.nii 139685473400640
write_file 1572382362.3596215 1572382461.229995 inc-bigbrain_769_1809_0.nii 139685473400640
task_duration 1572382246.8429656 1572382461.8825276 1572381265-isilonAD_1it_25cpus_40bb-1 139685473400640
read_file 1572381267.0898676 1572381267.5823257 bigbrain_0_1809_2082.nii 140526869137216
increment_file 1572381272.8309965 1572381328.4529274 bigbrain_0_1809_2082.nii 140526869137216
write_file 1572381400.98436 1572381496.1215878 inc-bigbrain_0_1809_2082.nii 140526869137216
task_duration 1572381267.0851774 1572381528.281166 1572381265-isilonAD_1it_25cpus_40bb-1 140526869137216
read_file 1572381920.4330344 1572381925.8259568 bigbrain_3076_0_2776.nii 139690045667136
increment_file 1572381969.8459883 1572382016.2933462 bigbrain_3076_0_2776.nii 139690045667136
write_file 1572382022.283271 1572382062.4968026 inc-bigbrain_3076_0_2776.nii 139690045667136
task_duration 1572381920.0746448 1572382130.5127342 1572381265-isilonAD_1it_25cpus_40bb-1 139690045667136
read_file 1572381267.1816266 1572381267.6006649 bigbrain_0_2412_2776.nii 140432682071872
increment_file 1572381320.7381027 1572381380.881604 bigbrain_0_2412_2776.nii 140432682071872
write_file 1572381403.126291 1572381528.7400837 inc-bigbrain_0_2412_2776.nii 140432682071872
task_duration 1572381267.0854218 1572381536.8437355 1572381265-isilonAD_1it_25cpus_40bb-1 140432682071872
read_file 1572382250.8765743 1572382265.1492877 bigbrain_769_1809_694.nii 140176631084864
increment_file 1572382319.3051617 1572382356.261187 bigbrain_769_1809_694.nii 140176631084864
write_file 1572382362.6819048 1572382463.4993887 inc-bigbrain_769_1809_694.nii 140176631084864
task_duration 1572382246.7882643 1572382463.839483 1572381265-isilonAD_1it_25cpus_40bb-1 140176631084864
read_file 1572382245.4461672 1572382252.8190181 bigbrain_769_1206_2776.nii 139722167355200
increment_file 1572382261.3845358 1572382307.349584 bigbrain_769_1206_2776.nii 139722167355200
write_file 1572382359.550985 1572382440.8810208 inc-bigbrain_769_1206_2776.nii 139722167355200
task_duration 1572382245.038207 1572382448.5688877 1572381265-isilonAD_1it_25cpus_40bb-1 139722167355200
read_file 1572381537.7648327 1572381540.3383396 bigbrain_1538_0_2082.nii 140482801481536
increment_file 1572381555.1813598 1572381563.493144 bigbrain_1538_0_2082.nii 140482801481536
write_file 1572381568.6840296 1572381626.6692948 inc-bigbrain_1538_0_2082.nii 140482801481536
task_duration 1572381537.6613414 1572381678.9641552 1572381265-isilonAD_1it_25cpus_40bb-1 140482801481536
read_file 1572381569.8860245 1572381592.6348503 bigbrain_1538_603_0.nii 140340427822912
increment_file 1572381647.3942044 1572381677.6794498 bigbrain_1538_603_0.nii 140340427822912
write_file 1572381687.9834332 1572381793.8974767 inc-bigbrain_1538_603_0.nii 140340427822912
task_duration 1572381568.9569087 1572381795.570347 1572381265-isilonAD_1it_25cpus_40bb-1 140340427822912
read_file 1572382252.9666736 1572382257.2599275 bigbrain_769_603_0.nii 139961955727168
increment_file 1572382266.9051678 1572382314.9199324 bigbrain_769_603_0.nii 139961955727168
write_file 1572382359.9508426 1572382442.2151515 inc-bigbrain_769_603_0.nii 139961955727168
task_duration 1572382246.7956607 1572382449.789901 1572381265-isilonAD_1it_25cpus_40bb-1 139961955727168
read_file 1572381704.9052134 1572381709.51238 bigbrain_2307_0_2082.nii 140719421237056
increment_file 1572381747.1304815 1572381789.264215 bigbrain_2307_0_2082.nii 140719421237056
write_file 1572381794.0420368 1572381828.6700864 inc-bigbrain_2307_0_2082.nii 140719421237056
task_duration 1572381702.9847248 1572381885.3350234 1572381265-isilonAD_1it_25cpus_40bb-1 140719421237056
read_file 1572381920.2100947 1572381928.6976268 bigbrain_3076_0_0.nii 140388545931072
increment_file 1572381973.4651353 1572382017.1028342 bigbrain_3076_0_0.nii 140388545931072
write_file 1572382022.2837603 1572382065.4374185 inc-bigbrain_3076_0_0.nii 140388545931072
task_duration 1572381920.062041 1572382131.9865475 1572381265-isilonAD_1it_25cpus_40bb-1 140388545931072
read_file 1572381267.1995273 1572381267.6013389 bigbrain_0_2412_1388.nii 140687892313920
increment_file 1572381326.1980963 1572381384.7298236 bigbrain_0_2412_1388.nii 140687892313920
write_file 1572381403.259511 1572381532.793344 inc-bigbrain_0_2412_1388.nii 140687892313920
task_duration 1572381267.0855546 1572381538.847256 1572381265-isilonAD_1it_25cpus_40bb-1 140687892313920
read_file 1572381267.090715 1572381267.5879924 bigbrain_0_1206_0.nii 140217124112192
increment_file 1572381282.46247 1572381344.2981396 bigbrain_0_1206_0.nii 140217124112192
write_file 1572381401.7885976 1572381504.9127243 inc-bigbrain_0_1206_0.nii 140217124112192
task_duration 1572381267.0851367 1572381531.5216744 1572381265-isilonAD_1it_25cpus_40bb-1 140217124112192
read_file 1572382256.2790647 1572382260.3545735 bigbrain_769_603_1388.nii 140623280142144
increment_file 1572382302.4283683 1572382346.742193 bigbrain_769_603_1388.nii 140623280142144
write_file 1572382362.0944545 1572382457.3693547 inc-bigbrain_769_603_1388.nii 140623280142144
task_duration 1572382246.8211155 1572382459.7199655 1572381265-isilonAD_1it_25cpus_40bb-1 140623280142144
read_file 1572381267.088023 1572381267.572198 bigbrain_0_0_0.nii 140611525261120
increment_file 1572381267.6066654 1572381308.7786372 bigbrain_0_0_0.nii 140611525261120
write_file 1572381394.5434566 1572381464.1966982 inc-bigbrain_0_0_0.nii 140611525261120
task_duration 1572381267.0850363 1572381491.4260492 1572381265-isilonAD_1it_25cpus_40bb-1 140611525261120
read_file 1572382261.111474 1572382268.3360548 bigbrain_769_1809_2082.nii 140123455993664
increment_file 1572382327.14535 1572382358.6133368 bigbrain_769_1809_2082.nii 140123455993664
write_file 1572382362.78758 1572382465.3314147 inc-bigbrain_769_1809_2082.nii 140123455993664
task_duration 1572382246.871999 1572382465.5186765 1572381265-isilonAD_1it_25cpus_40bb-1 140123455993664
read_file 1572381540.3486478 1572381560.8262699 bigbrain_1538_0_694.nii 140299669280576
increment_file 1572381567.238053 1572381583.0677211 bigbrain_1538_0_694.nii 140299669280576
write_file 1572381631.0869915 1572381679.4801872 inc-bigbrain_1538_0_694.nii 140299669280576
task_duration 1572381540.3383873 1572381698.661827 1572381265-isilonAD_1it_25cpus_40bb-1 140299669280576
read_file 1572381812.4222617 1572381816.4952426 bigbrain_2307_2412_694.nii 139872602277696
increment_file 1572381873.5477247 1572381894.4860332 bigbrain_2307_2412_694.nii 139872602277696
write_file 1572381920.0158384 1572382017.7423747 inc-bigbrain_2307_2412_694.nii 139872602277696
task_duration 1572381812.235794 1572382022.3115547 1572381265-isilonAD_1it_25cpus_40bb-1 139872602277696
read_file 1572382261.943227 1572382266.921038 bigbrain_769_603_694.nii 139710521562944
increment_file 1572382323.3967652 1572382357.70535 bigbrain_769_603_694.nii 139710521562944
write_file 1572382362.735109 1572382464.6472347 inc-bigbrain_769_603_694.nii 139710521562944
task_duration 1572382249.658701 1572382464.9526143 1572381265-isilonAD_1it_25cpus_40bb-1 139710521562944
read_file 1572381267.0916362 1572381267.591392 bigbrain_0_1206_2082.nii 140717363820352
increment_file 1572381291.5523953 1572381355.2121794 bigbrain_0_1206_2082.nii 140717363820352
write_file 1572381402.1899903 1572381522.6781065 inc-bigbrain_0_1206_2082.nii 140717363820352
task_duration 1572381267.0851488 1572381535.8722665 1572381265-isilonAD_1it_25cpus_40bb-1 140717363820352
read_file 1572382255.2195697 1572382259.4962375 bigbrain_769_1809_2776.nii 139826620258112
increment_file 1572382273.6020749 1572382323.1305206 bigbrain_769_1809_2776.nii 139826620258112
write_file 1572382360.6196845 1572382444.182965 inc-bigbrain_769_1809_2776.nii 139826620258112
task_duration 1572382246.813879 1572382457.0333695 1572381265-isilonAD_1it_25cpus_40bb-1 139826620258112
read_file 1572381814.8663766 1572381848.8498847 bigbrain_2307_603_694.nii 140679525349184
increment_file 1572381895.2877612 1572381918.3034418 bigbrain_2307_603_694.nii 140679525349184
write_file 1572381937.2273324 1572382020.1681445 inc-bigbrain_2307_603_694.nii 140679525349184
task_duration 1572381814.3757386 1572382022.3215582 1572381265-isilonAD_1it_25cpus_40bb-1 140679525349184
read_file 1572381267.3242593 1572381267.610039 bigbrain_0_1809_694.nii 140601937729344
increment_file 1572381364.411434 1572381400.9842043 bigbrain_0_1809_694.nii 140601937729344
write_file 1572381405.4733517 1572381540.3011 inc-bigbrain_0_1809_694.nii 140601937729344
task_duration 1572381267.0896182 1572381551.191599 1572381265-isilonAD_1it_25cpus_40bb-1 140601937729344
read_file 1572382047.308006 1572382057.6811035 bigbrain_3076_603_694.nii 140180179117888
increment_file 1572382122.1164508 1572382137.9033344 bigbrain_3076_603_694.nii 140180179117888
write_file 1572382156.3516908 1572382244.579612 inc-bigbrain_3076_603_694.nii 140180179117888
task_duration 1572382045.8237648 1572382244.7606733 1572381265-isilonAD_1it_25cpus_40bb-1 140180179117888
read_file 1572382025.0420544 1572382047.0779061 bigbrain_3076_1809_0.nii 139959970178880
increment_file 1572382087.5268831 1572382121.1823623 bigbrain_3076_1809_0.nii 139959970178880
write_file 1572382143.5769234 1572382242.3635557 inc-bigbrain_3076_1809_0.nii 139959970178880
task_duration 1572382022.5979922 1572382244.7498963 1572381265-isilonAD_1it_25cpus_40bb-1 139959970178880
read_file 1572381267.163833 1572381267.5998886 bigbrain_0_603_694.nii 140266587580224
increment_file 1572381315.0094159 1572381376.4926944 bigbrain_0_603_694.nii 140266587580224
write_file 1572381402.9925208 1572381525.2410004 inc-bigbrain_0_603_694.nii 140266587580224
task_duration 1572381267.0852542 1572381532.9565072 1572381265-isilonAD_1it_25cpus_40bb-1 140266587580224
read_file 1572381267.1013927 1572381267.5965834 bigbrain_0_0_2776.nii 140073496622912
increment_file 1572381302.7890542 1572381366.1225047 bigbrain_0_0_2776.nii 140073496622912
write_file 1572381402.7251399 1572381527.5031188 inc-bigbrain_0_0_2776.nii 140073496622912
task_duration 1572381267.0851994 1572381536.2282512 1572381265-isilonAD_1it_25cpus_40bb-1 140073496622912
read_file 1572382034.6072435 1572382042.06839 bigbrain_3076_2412_2082.nii 140473217505088
increment_file 1572382081.0547643 1572382116.9605527 bigbrain_3076_2412_2082.nii 140473217505088
write_file 1572382142.342804 1572382224.2683616 inc-bigbrain_3076_2412_2082.nii 140473217505088
task_duration 1572382029.4236448 1572382244.7008784 1572381265-isilonAD_1it_25cpus_40bb-1 140473217505088
read_file 1572381267.0889645 1572381267.5759625 bigbrain_0_1206_2776.nii 139682700498752
increment_file 1572381267.6124618 1572381309.8195422 bigbrain_0_1206_2776.nii 139682700498752
write_file 1572381397.9920022 1572381485.9532452 inc-bigbrain_0_1206_2776.nii 139682700498752
task_duration 1572381267.0850868 1572381517.4999354 1572381265-isilonAD_1it_25cpus_40bb-1 139682700498752
read_file 1572381814.4635668 1572381842.8144002 bigbrain_2307_603_1388.nii 139874778273600
increment_file 1572381884.6628702 1572381904.677027 bigbrain_2307_603_1388.nii 139874778273600
write_file 1572381920.2293987 1572382018.1612098 inc-bigbrain_2307_603_1388.nii 139874778273600
task_duration 1572381814.3225043 1572382022.315324 1572381265-isilonAD_1it_25cpus_40bb-1 139874778273600
read_file 1572382032.5072632 1572382040.0110643 bigbrain_3076_2412_0.nii 139810395711296
increment_file 1572382074.2631462 1572382111.1334589 bigbrain_3076_2412_0.nii 139810395711296
write_file 1572382141.6985204 1572382219.9014287 inc-bigbrain_3076_2412_0.nii 139810395711296
task_duration 1572382029.4058254 1572382244.1808014 1572381265-isilonAD_1it_25cpus_40bb-1 139810395711296
read_file 1572381267.2173119 1572381267.6022058 bigbrain_0_2412_2082.nii 140135820457792
increment_file 1572381331.6603966 1572381388.3113525 bigbrain_0_2412_2082.nii 140135820457792
write_file 1572381403.3931196 1572381533.5260842 inc-bigbrain_0_2412_2082.nii 140135820457792
task_duration 1572381267.0857234 1572381539.3091915 1572381265-isilonAD_1it_25cpus_40bb-1 140135820457792
read_file 1572381267.0901217 1572381267.5841064 bigbrain_0_603_2082.nii 139920796464960
increment_file 1572381275.5084898 1572381333.6477525 bigbrain_0_603_2082.nii 139920796464960
write_file 1572381401.3863597 1572381497.0200195 inc-bigbrain_0_603_2082.nii 139920796464960
task_duration 1572381267.0851245 1572381508.2394967 1572381265-isilonAD_1it_25cpus_40bb-1 139920796464960
read_file 1572381793.7631013 1572381797.118459 bigbrain_2307_1206_1388.nii 140658818365248
increment_file 1572381812.8773382 1572381845.0593605 bigbrain_2307_1206_1388.nii 140658818365248
write_file 1572381889.1820445 1572381947.9900484 inc-bigbrain_2307_1206_1388.nii 140658818365248
task_duration 1572381793.33726 1572382001.7351506 1572381265-isilonAD_1it_25cpus_40bb-1 140658818365248
read_file 1572381567.2380116 1572381585.3401592 bigbrain_1538_2412_694.nii 139965520582464
increment_file 1572381635.4396737 1572381666.3733792 bigbrain_1538_2412_694.nii 139965520582464
write_file 1572381682.5120757 1572381777.35071 inc-bigbrain_1538_2412_694.nii 139965520582464
task_duration 1572381567.0351882 1572381794.0532992 1572381265-isilonAD_1it_25cpus_40bb-1 139965520582464
read_file 1572381540.3048418 1572381548.4962995 bigbrain_1538_1206_0.nii 139812736673600
increment_file 1572381561.0928693 1572381568.415661 bigbrain_1538_1206_0.nii 139812736673600
write_file 1572381618.2762914 1572381674.6620486 inc-bigbrain_1538_1206_0.nii 139812736673600
task_duration 1572381540.3033168 1572381686.1758685 1572381265-isilonAD_1it_25cpus_40bb-1 139812736673600
read_file 1572381267.0894969 1572381267.580594 bigbrain_0_0_2082.nii 140211861972800
increment_file 1572381270.689658 1572381323.2549813 bigbrain_0_0_2082.nii 140211861972800
write_file 1572381400.6113017 1572381490.977895 inc-bigbrain_0_0_2082.nii 140211861972800
task_duration 1572381267.0850964 1572381523.7200353 1572381265-isilonAD_1it_25cpus_40bb-1 140211861972800
read_file 1572381798.6693072 1572381803.3347352 bigbrain_2307_2412_0.nii 140098716485440
increment_file 1572381847.540513 1572381874.05511 bigbrain_2307_2412_0.nii 140098716485440
write_file 1572381907.5066493 1572381990.64668 inc-bigbrain_2307_2412_0.nii 140098716485440
task_duration 1572381798.5285976 1572382008.8482919 1572381265-isilonAD_1it_25cpus_40bb-1 140098716485440
read_file 1572381701.5720618 1572381707.3773596 bigbrain_2307_0_0.nii 139993046988608
increment_file 1572381745.472455 1572381788.6238425 bigbrain_2307_0_0.nii 139993046988608
write_file 1572381794.0414126 1572381814.0916169 inc-bigbrain_2307_0_0.nii 139993046988608
task_duration 1572381700.2554722 1572381874.8599136 1572381265-isilonAD_1it_25cpus_40bb-1 139993046988608
read_file 1572382046.4967244 1572382056.5210156 bigbrain_3076_603_2082.nii 140697610753856
increment_file 1572382112.469443 1572382133.6933217 bigbrain_3076_603_2082.nii 140697610753856
write_file 1572382150.8701725 1572382244.445371 inc-bigbrain_3076_603_2082.nii 140697610753856
task_duration 1572382045.816251 1572382244.7576506 1572381265-isilonAD_1it_25cpus_40bb-1 140697610753856
read_file 1572382251.9502347 1572382256.3005574 bigbrain_769_2412_0.nii 140623131592512
increment_file 1572382269.712239 1572382318.2360606 bigbrain_769_2412_0.nii 140623131592512
write_file 1572382360.0848756 1572382443.8714683 inc-bigbrain_769_2412_0.nii 140623131592512
task_duration 1572382246.788681 1572382454.5308537 1572381265-isilonAD_1it_25cpus_40bb-1 140623131592512
read_file 1572381814.6096818 1572381845.6991398 bigbrain_2307_603_2082.nii 139878729193280
increment_file 1572381890.891019 1572381913.9473112 bigbrain_2307_603_2082.nii 139878729193280
write_file 1572381925.203817 1572382019.0975282 inc-bigbrain_2307_603_2082.nii 139878729193280
task_duration 1572381814.363508 1572382022.31935 1572381265-isilonAD_1it_25cpus_40bb-1 139878729193280
read_file 1572381550.1001368 1572381567.7747214 bigbrain_1538_2412_1388.nii 139904231409472
increment_file 1572381610.153371 1572381644.451543 bigbrain_1538_2412_1388.nii 139904231409472
write_file 1572381680.9851706 1572381771.2759352 inc-bigbrain_1538_2412_1388.nii 139904231409472
task_duration 1572381548.739649 1572381781.8904283 1572381265-isilonAD_1it_25cpus_40bb-1 139904231409472
read_file 1572381540.7414489 1572381563.6264098 bigbrain_1538_1206_694.nii 140477920462656
increment_file 1572381568.9496238 1572381587.7182796 bigbrain_1538_1206_694.nii 140477920462656
write_file 1572381638.248536 1572381726.3636913 inc-bigbrain_1538_1206_694.nii 140477920462656
task_duration 1572381540.5701997 1572381775.0541987 1572381265-isilonAD_1it_25cpus_40bb-1 140477920462656
read_file 1572382154.3615959 1572382161.20877 bigbrain_769_0_2776.nii 140531179202368
increment_file 1572382199.7662883 1572382241.5620277 bigbrain_769_0_2776.nii 140531179202368
write_file 1572382244.7268195 1572382288.7065253 inc-bigbrain_769_0_2776.nii 140531179202368
task_duration 1572382152.5297155 1572382361.4233313 1572381265-isilonAD_1it_25cpus_40bb-1 140531179202368
read_file 1572381739.1462092 1572381744.132657 bigbrain_2307_0_694.nii 140590120654656
increment_file 1572381769.7957132 1572381794.003941 bigbrain_2307_0_694.nii 140590120654656
write_file 1572381794.0654068 1572381841.343685 inc-bigbrain_2307_0_694.nii 140590120654656
task_duration 1572381737.3593335 1572381890.4935572 1572381265-isilonAD_1it_25cpus_40bb-1 140590120654656
read_file 1572381267.3063974 1572381267.609167 bigbrain_0_1206_694.nii 140447243654976
increment_file 1572381358.9562519 1572381400.075893 bigbrain_0_1206_694.nii 140447243654976
write_file 1572381404.502798 1572381540.2956984 inc-bigbrain_0_1206_694.nii 140447243654976
task_duration 1572381267.088718 1572381540.611413 1572381265-isilonAD_1it_25cpus_40bb-1 140447243654976
read_file 1572382007.4971278 1572382022.2961936 bigbrain_3076_1206_1388.nii 140425429624640
increment_file 1572382022.3238719 1572382055.6779776 bigbrain_3076_1206_1388.nii 140425429624640
write_file 1572382105.6765978 1572382172.6391456 inc-bigbrain_3076_1206_1388.nii 140425429624640
task_duration 1572382006.4485865 1572382219.0586042 1572381265-isilonAD_1it_25cpus_40bb-1 140425429624640
read_file 1572381797.904348 1572381800.0740554 bigbrain_2307_1809_694.nii 139905695717184
increment_file 1572381813.465537 1572381845.6993918 bigbrain_2307_1809_694.nii 139905695717184
write_file 1572381891.2950294 1572381977.6267195 inc-bigbrain_2307_1809_694.nii 139905695717184
task_duration 1572381797.7876663 1572382002.4984062 1572381265-isilonAD_1it_25cpus_40bb-1 139905695717184
read_file 1572381267.2886035 1572381267.6082482 bigbrain_0_603_1388.nii 140545527404352
increment_file 1572381353.5011582 1572381398.899116 bigbrain_0_603_1388.nii 140545527404352
write_file 1572381404.3778484 1572381540.2919114 inc-bigbrain_0_603_1388.nii 140545527404352
task_duration 1572381267.087674 1572381540.3514574 1572381265-isilonAD_1it_25cpus_40bb-1 140545527404352
read_file 1572381267.2351665 1572381267.6030924 bigbrain_0_0_694.nii 140488338286400
increment_file 1572381337.130437 1572381391.3600342 bigbrain_0_0_694.nii 140488338286400
write_file 1572381403.5323782 1572381535.2628908 inc-bigbrain_0_0_694.nii 140488338286400
task_duration 1572381267.085765 1572381540.295251 1572381265-isilonAD_1it_25cpus_40bb-1 140488338286400
read_file 1572381703.3636482 1572381714.0139298 bigbrain_2307_0_2776.nii 140465419749184
increment_file 1572381754.5881176 1572381791.1175685 bigbrain_2307_0_2776.nii 140465419749184
write_file 1572381794.0424738 1572381834.5552347 inc-bigbrain_2307_0_2776.nii 140465419749184
task_duration 1572381701.9333673 1572381886.2712955 1572381265-isilonAD_1it_25cpus_40bb-1 140465419749184
read_file 1572381267.0892286 1572381267.5799463 bigbrain_0_2412_0.nii 140429166614336
increment_file 1572381269.0837183 1572381318.3301382 bigbrain_0_2412_0.nii 140429166614336
write_file 1572381395.7466514 1572381482.8019483 inc-bigbrain_0_2412_0.nii 140429166614336
task_duration 1572381267.085105 1572381515.995467 1572381265-isilonAD_1it_25cpus_40bb-1 140429166614336
read_file 1572382040.9050992 1572382053.828184 bigbrain_3076_603_1388.nii 139851664381760
increment_file 1572382104.201601 1572382129.706375 bigbrain_3076_603_1388.nii 139851664381760
write_file 1572382145.087096 1572382244.044045 inc-bigbrain_3076_603_1388.nii 139851664381760
task_duration 1572382039.8779192 1572382244.7563303 1572381265-isilonAD_1it_25cpus_40bb-1 139851664381760
read_file 1572382156.2067206 1572382164.1148608 bigbrain_769_0_694.nii 139667923875648
increment_file 1572382206.8559904 1572382243.3766572 bigbrain_769_0_694.nii 139667923875648
write_file 1572382244.730246 1572382298.4182737 inc-bigbrain_769_0_694.nii 139667923875648
task_duration 1572382153.5606637 1572382361.9508147 1572381265-isilonAD_1it_25cpus_40bb-1 139667923875648
read_file 1572382260.2402813 1572382269.3511596 bigbrain_769_2412_1388.nii 140117121685312
increment_file 1572382352.033758 1572382362.3589306 bigbrain_769_2412_1388.nii 140117121685312
write_file 1572382392.5541387 1572382465.522516 inc-bigbrain_769_2412_1388.nii 140117121685312
task_duration 1572382246.8716044 1572382465.546788 1572381265-isilonAD_1it_25cpus_40bb-1 140117121685312
read_file 1572381267.25303 1572381267.60398 bigbrain_0_0_1388.nii 140214120732480
increment_file 1572381342.584512 1572381394.4085252 bigbrain_0_0_1388.nii 140214120732480
write_file 1572381403.5992763 1572381537.0722852 inc-bigbrain_0_0_1388.nii 140214120732480
task_duration 1572381267.0860438 1572381540.3163443 1572381265-isilonAD_1it_25cpus_40bb-1 140214120732480
read_file 1572381541.4105697 1572381564.8302972 bigbrain_1538_1206_2776.nii 139793966024512
increment_file 1572381593.9703465 1572381623.590701 bigbrain_1538_1206_2776.nii 139793966024512
write_file 1572381636.779075 1572381719.5397387 inc-bigbrain_1538_1206_2776.nii 139793966024512
task_duration 1572381540.5975976 1572381765.6544273 1572381265-isilonAD_1it_25cpus_40bb-1 139793966024512
read_file 1572382048.880046 1572382071.3212752 bigbrain_3076_603_2776.nii 139752059037504
increment_file 1572382129.9724813 1572382149.600038 bigbrain_3076_603_2776.nii 139752059037504
write_file 1572382183.5548728 1572382244.686485 inc-bigbrain_3076_603_2776.nii 139752059037504
task_duration 1572382048.64174 1572382244.765647 1572381265-isilonAD_1it_25cpus_40bb-1 139752059037504
read_file 1572381535.627173 1572381540.3080494 bigbrain_1538_0_1388.nii 139911849097024
increment_file 1572381546.0322995 1572381558.5349152 bigbrain_1538_0_1388.nii 139911849097024
write_file 1572381566.4366567 1572381620.1857026 inc-bigbrain_1538_0_1388.nii 139911849097024
task_duration 1572381535.4794934 1572381678.5474958 1572381265-isilonAD_1it_25cpus_40bb-1 139911849097024
read_file 1572382033.510921 1572382041.0521567 bigbrain_3076_603_0.nii 140417824057152
increment_file 1572382077.472355 1572382113.9138935 bigbrain_3076_603_0.nii 140417824057152
write_file 1572382142.056369 1572382230.6929116 inc-bigbrain_3076_603_0.nii 140417824057152
task_duration 1572382029.4173326 1572382244.737362 1572381265-isilonAD_1it_25cpus_40bb-1 140417824057152
read_file 1572381810.3298411 1572381812.753738 bigbrain_2307_2412_2776.nii 140634210465600
increment_file 1572381862.0431647 1572381889.5546005 bigbrain_2307_2412_2776.nii 140634210465600
write_file 1572381919.3300998 1572382008.4638224 inc-bigbrain_2307_2412_2776.nii 140634210465600
task_duration 1572381810.001952 1572382022.2874322 1572381265-isilonAD_1it_25cpus_40bb-1 140634210465600
read_file 1572381541.8118393 1572381565.7671623 bigbrain_1538_1809_694.nii 140473733695296
increment_file 1572381599.8512862 1572381633.3305387 bigbrain_1538_1809_694.nii 140473733695296
write_file 1572381678.709731 1572381755.6968653 inc-bigbrain_1538_1809_694.nii 140473733695296
task_duration 1572381540.5987182 1572381780.8879921 1572381265-isilonAD_1it_25cpus_40bb-1 140473733695296
read_file 1572381541.276705 1572381564.6967373 bigbrain_1538_1809_1388.nii 139881772185408
increment_file 1572381588.6522007 1572381612.1766257 bigbrain_1538_1809_1388.nii 139881772185408
write_file 1572381667.5519493 1572381743.4948738 inc-bigbrain_1538_1809_1388.nii 139881772185408
task_duration 1572381540.592564 1572381779.0607562 1572381265-isilonAD_1it_25cpus_40bb-1 139881772185408
read_file 1572382259.2682998 1572382262.8359363 bigbrain_769_603_2082.nii 139865328625472
increment_file 1572382315.185942 1572382354.282629 bigbrain_769_603_2082.nii 139865328625472
write_file 1572382362.4139254 1572382462.6362636 inc-bigbrain_769_603_2082.nii 139865328625472
task_duration 1572382246.8458436 1572382463.1015253 1572381265-isilonAD_1it_25cpus_40bb-1 139865328625472
read_file 1572382245.1694286 1572382247.3666248 bigbrain_769_1206_2082.nii 140115610683200
increment_file 1572382252.5809853 1572382295.2363524 bigbrain_769_1206_2082.nii 140115610683200
write_file 1572382358.8812134 1572382437.802164 inc-bigbrain_769_1206_2082.nii 140115610683200
task_duration 1572382244.986612 1572382448.284082 1572381265-isilonAD_1it_25cpus_40bb-1 140115610683200
read_file 1572381267.3247235 1572381267.6109295 bigbrain_0_1809_2776.nii 140109476595520
increment_file 1572381390.450331 1572381404.2727432 bigbrain_0_1809_2776.nii 140109476595520
write_file 1572381470.1512089 1572381540.3050475 inc-bigbrain_0_1809_2776.nii 140109476595520
task_duration 1572381267.0906527 1572381554.1428938 1572381265-isilonAD_1it_25cpus_40bb-1 140109476595520
read_file 1572381570.9733841 1572381595.689377 bigbrain_1538_603_694.nii 140606401984320
increment_file 1572381661.1652515 1572381681.0770588 bigbrain_1538_603_694.nii 140606401984320
write_file 1572381708.8738084 1572381794.0065057 inc-bigbrain_1538_603_694.nii 140606401984320
task_duration 1572381570.5047796 1572381796.6305382 1572381265-isilonAD_1it_25cpus_40bb-1 140606401984320
read_file 1572381569.0834143 1572381590.2573283 bigbrain_1538_603_2082.nii 140201904461632
increment_file 1572381642.0695455 1572381672.7231143 bigbrain_1538_603_2082.nii 140201904461632
write_file 1572381689.2132132 1572381794.0054827 inc-bigbrain_1538_603_2082.nii 140201904461632
task_duration 1572381568.9436793 1572381796.024421 1572381265-isilonAD_1it_25cpus_40bb-1 140201904461632
read_file 1572381998.0095296 1572382001.3185904 bigbrain_3076_1206_0.nii 140535157917504
increment_file 1572382014.3419435 1572382022.2789068 bigbrain_3076_1206_0.nii 140535157917504
write_file 1572382022.3071322 1572382063.967037 inc-bigbrain_3076_1206_0.nii 140535157917504
task_duration 1572381997.0734806 1572382131.2270763 1572381265-isilonAD_1it_25cpus_40bb-1 140535157917504
read_file 1572381267.0903928 1572381267.5863936 bigbrain_0_1809_1388.nii 140717484689216
increment_file 1572381278.7187552 1572381338.8414311 bigbrain_0_1809_1388.nii 140717484689216
write_file 1572381401.5207007 1572381509.1640828 inc-bigbrain_0_1809_1388.nii 140717484689216
task_duration 1572381267.0851266 1572381533.382579 1572381265-isilonAD_1it_25cpus_40bb-1 140717484689216
read_file 1572381814.7454448 1572381848.181727 bigbrain_2307_603_0.nii 140030800398144
increment_file 1572381893.9703846 1572381917.3075445 bigbrain_2307_603_0.nii 140030800398144
write_file 1572381931.7375066 1572382019.9003763 inc-bigbrain_2307_603_0.nii 140030800398144
task_duration 1572381814.371751 1572382022.3209398 1572381265-isilonAD_1it_25cpus_40bb-1 140030800398144
read_file 1572381267.2708914 1572381267.6049776 bigbrain_0_603_0.nii 139775554578240
increment_file 1572381348.0449715 1572381396.9215517 bigbrain_0_603_0.nii 139775554578240
write_file 1572381403.9786532 1572381539.4047577 inc-bigbrain_0_603_0.nii 139775554578240
task_duration 1572381267.0860436 1572381540.3412983 1572381265-isilonAD_1it_25cpus_40bb-1 139775554578240
read_file 1572381550.7866948 1572381568.1758494 bigbrain_1538_1809_2776.nii 140155501758272
increment_file 1572381614.7176988 1572381647.5014126 bigbrain_1538_1809_2776.nii 140155501758272
write_file 1572381681.5048685 1572381775.6743653 inc-bigbrain_1538_1809_2776.nii 140155501758272
task_duration 1572381550.0307689 1572381794.0168846 1572381265-isilonAD_1it_25cpus_40bb-1 140155501758272
read_file 1572381541.0091317 1572381564.2950172 bigbrain_1538_1206_1388.nii 140056574809920
increment_file 1572381575.1714656 1572381596.5463386 bigbrain_1538_1206_1388.nii 140056574809920
write_file 1572381662.7483664 1572381738.8265781 inc-bigbrain_1538_1206_1388.nii 140056574809920
task_duration 1572381540.5824857 1572381775.5122504 1572381265-isilonAD_1it_25cpus_40bb-1 140056574809920
read_file 1572381794.5911431 1572381802.4491458 bigbrain_2307_1206_694.nii 140217639806784
increment_file 1572381821.7161467 1572381851.0972323 bigbrain_2307_1206_694.nii 140217639806784
write_file 1572381899.0459828 1572381982.8950953 inc-bigbrain_2307_1206_694.nii 140217639806784
task_duration 1572381794.32106 1572381991.3656723 1572381265-isilonAD_1it_25cpus_40bb-1 140217639806784
read_file 1572382023.174646 1572382031.1526062 bigbrain_3076_1206_694.nii 140564341385024
increment_file 1572382046.3282688 1572382080.5212498 bigbrain_3076_1206_694.nii 140564341385024
write_file 1572382133.4600813 1572382194.3652022 inc-bigbrain_3076_1206_694.nii 140564341385024
task_duration 1572382022.5739193 1572382234.9816341 1572381265-isilonAD_1it_25cpus_40bb-1 140564341385024
read_file 1572381569.4849758 1572381591.9665592 bigbrain_1538_603_2776.nii 139836413151040
increment_file 1572381645.2524872 1572381676.093119 bigbrain_1538_603_2776.nii 139836413151040
write_file 1572381687.396073 1572381792.321491 inc-bigbrain_1538_603_2776.nii 139836413151040
task_duration 1572381568.9489055 1572381795.4069405 1572381265-isilonAD_1it_25cpus_40bb-1 139836413151040
read_file 1572381798.0782006 1572381801.8823264 bigbrain_2307_1809_2776.nii 140018344965952
increment_file 1572381815.8352995 1572381847.7802758 bigbrain_2307_1809_2776.nii 140018344965952
write_file 1572381893.3026755 1572381982.5017164 inc-bigbrain_2307_1809_2776.nii 140018344965952
task_duration 1572381797.8178914 1572381997.8703792 1572381265-isilonAD_1it_25cpus_40bb-1 140018344965952
read_file 1572382006.9410365 1572382022.2924511 bigbrain_3076_1206_2776.nii 139744337139520
increment_file 1572382022.3211703 1572382055.712845 bigbrain_3076_1206_2776.nii 139744337139520
write_file 1572382107.4168017 1572382180.5231912 inc-bigbrain_3076_1206_2776.nii 139744337139520
task_duration 1572382006.379799 1572382224.638929 1572381265-isilonAD_1it_25cpus_40bb-1 139744337139520
read_file 1572381797.992716 1572381800.7103817 bigbrain_2307_1809_2082.nii 140259090110272
increment_file 1572381814.787216 1572381846.8733993 bigbrain_2307_1809_2082.nii 140259090110272
write_file 1572381891.9631739 1572381980.9628437 inc-bigbrain_2307_1809_2082.nii 140259090110272
task_duration 1572381797.7958133 1572381996.8030243 1572381265-isilonAD_1it_25cpus_40bb-1 140259090110272
read_file 1572381794.9459229 1572381805.544484 bigbrain_2307_1206_2082.nii 140548180322112
increment_file 1572381853.6390088 1572381884.2633548 bigbrain_2307_1206_2082.nii 140548180322112
write_file 1572381917.744516 1572382004.3303409 inc-bigbrain_2307_1206_2082.nii 140548180322112
task_duration 1572381794.3233428 1572382021.640844 1572381265-isilonAD_1it_25cpus_40bb-1 140548180322112
read_file 1572382247.7565496 1572382258.8578598 bigbrain_769_1809_1388.nii 139774725674816
increment_file 1572382283.89327 1572382332.4423394 bigbrain_769_1809_1388.nii 139774725674816
write_file 1572382361.287549 1572382452.0861702 inc-bigbrain_769_1809_1388.nii 139774725674816
task_duration 1572382246.7481942 1572382458.719583 1572381265-isilonAD_1it_25cpus_40bb-1 139774725674816
read_file 1572382152.2676105 1572382159.824948 bigbrain_769_0_0.nii 140117887326016
increment_file 1572382197.0154128 1572382240.7882903 bigbrain_769_0_0.nii 140117887326016
write_file 1572382244.726285 1572382296.3054326 inc-bigbrain_769_0_0.nii 140117887326016
task_duration 1572382151.399262 1572382361.7990322 1572381265-isilonAD_1it_25cpus_40bb-1 140117887326016
read_file 1572381541.1430833 1572381564.5632222 bigbrain_1538_1206_2082.nii 139907191363392
increment_file 1572381581.490231 1572381601.5305607 bigbrain_1538_1206_2082.nii 139907191363392
write_file 1572381664.4938116 1572381740.020495 inc-bigbrain_1538_1206_2082.nii 139907191363392
task_duration 1572381540.5902228 1572381775.8603835 1572381265-isilonAD_1it_25cpus_40bb-1 139907191363392
read_file 1572381540.8753102 1572381563.893912 bigbrain_1538_1809_0.nii 139894154958656
increment_file 1572381570.7059894 1572381591.298696 bigbrain_1538_1809_0.nii 139894154958656
write_file 1572381643.0087807 1572381730.7653835 inc-bigbrain_1538_1809_0.nii 139894154958656
task_duration 1572381540.5820763 1572381775.3176596 1572381265-isilonAD_1it_25cpus_40bb-1 139894154958656
read_file 1572381700.208753 1572381722.4357822 bigbrain_2307_0_1388.nii 140563068168000
increment_file 1572381767.638828 1572381793.6310215 bigbrain_2307_0_1388.nii 140563068168000
write_file 1572381794.0554237 1572381838.030207 inc-bigbrain_2307_0_1388.nii 140563068168000
task_duration 1572381698.8923671 1572381887.0447998 1572381265-isilonAD_1it_25cpus_40bb-1 140563068168000
read_file 1572382028.202049 1572382031.2928967 bigbrain_3076_1809_694.nii 140367424952128
increment_file 1572382048.6613948 1572382082.5006447 bigbrain_3076_1809_694.nii 140367424952128
write_file 1572382099.7813437 1572382166.20642 inc-bigbrain_3076_1809_694.nii 140367424952128
task_duration 1572382022.6118615 1572382215.718734 1572381265-isilonAD_1it_25cpus_40bb-1 140367424952128
read_file 1572382254.1093469 1572382258.5440645 bigbrain_769_603_2776.nii 140048487368512
increment_file 1572382279.7133708 1572382328.5905325 bigbrain_769_603_2776.nii 140048487368512
write_file 1572382360.8874311 1572382447.6485698 inc-bigbrain_769_603_2776.nii 140048487368512
task_duration 1572382246.802101 1572382458.0517435 1572381265-isilonAD_1it_25cpus_40bb-1 140048487368512
read_file 1572382026.129368 1572382036.5317118 bigbrain_3076_1809_1388.nii 140239727494976
increment_file 1572382051.604259 1572382085.9240606 bigbrain_3076_1809_1388.nii 140239727494976
write_file 1572382133.8906136 1572382193.812084 inc-bigbrain_3076_1809_1388.nii 140239727494976
task_duration 1572382022.600558 1572382239.3488832 1572381265-isilonAD_1it_25cpus_40bb-1 140239727494976
read_file 1572382023.9664428 1572382049.301088 bigbrain_3076_1809_2082.nii 140208494417728
increment_file 1572382093.5189583 1572382124.496156 bigbrain_3076_1809_2082.nii 140208494417728
write_file 1572382144.337308 1572382243.6434183 inc-bigbrain_3076_1809_2082.nii 140208494417728
task_duration 1572382022.596586 1572382244.7552848 1572381265-isilonAD_1it_25cpus_40bb-1 140208494417728
