read_file 1572296516.818175 1572296516.825122 bigbrain_769_2412_694.nii 140330992469824
increment_file 1572296516.825664 1572296517.9768836 bigbrain_769_2412_694.nii 140330992469824
write_file 1572296517.9800615 1572296518.947768 inc-bigbrain_769_2412_694.nii 140330992469824
task_duration 1572296516.8140657 1572296518.959828 1572296316-tmpfs_1it_96cpus_40bb-0 140330992469824
read_file 1572296516.7689316 1572296516.7725909 bigbrain_769_603_0.nii 139753775667008
increment_file 1572296516.7729466 1572296517.8963373 bigbrain_769_603_0.nii 139753775667008
write_file 1572296517.8983414 1572296518.8792439 inc-bigbrain_769_603_0.nii 139753775667008
task_duration 1572296516.7666097 1572296518.8920176 1572296316-tmpfs_1it_96cpus_40bb-0 139753775667008
read_file 1572296516.4640532 1572296516.4673972 bigbrain_769_2412_1388.nii 140408576018240
increment_file 1572296516.4677157 1572296517.8017132 bigbrain_769_2412_1388.nii 140408576018240
write_file 1572296517.8036232 1572296518.7347453 inc-bigbrain_769_2412_1388.nii 140408576018240
task_duration 1572296516.4617152 1572296518.7470434 1572296316-tmpfs_1it_96cpus_40bb-0 140408576018240
read_file 1572296516.423556 1572296516.4266136 bigbrain_769_1809_2776.nii 140084074383168
increment_file 1572296516.426859 1572296517.6263695 bigbrain_769_1809_2776.nii 140084074383168
write_file 1572296517.6276526 1572296518.6783102 inc-bigbrain_769_1809_2776.nii 140084074383168
task_duration 1572296516.4217477 1572296518.6912997 1572296316-tmpfs_1it_96cpus_40bb-0 140084074383168
read_file 1572296516.3081524 1572296516.3114161 bigbrain_769_603_2082.nii 139785621792576
increment_file 1572296516.3118029 1572296517.6400115 bigbrain_769_603_2082.nii 139785621792576
write_file 1572296517.6426177 1572296518.7036252 inc-bigbrain_769_603_2082.nii 139785621792576
task_duration 1572296516.3050203 1572296518.7156272 1572296316-tmpfs_1it_96cpus_40bb-0 139785621792576
read_file 1572296516.2955022 1572296516.3005779 bigbrain_769_2412_2776.nii 140337473824576
increment_file 1572296516.3013353 1572296517.676771 bigbrain_769_2412_2776.nii 140337473824576
write_file 1572296517.6786187 1572296518.6912787 inc-bigbrain_769_2412_2776.nii 140337473824576
task_duration 1572296516.291833 1572296518.703618 1572296316-tmpfs_1it_96cpus_40bb-0 140337473824576
read_file 1572296516.292707 1572296516.2951608 bigbrain_769_603_1388.nii 140146142242624
increment_file 1572296516.2955647 1572296517.651348 bigbrain_769_603_1388.nii 140146142242624
write_file 1572296517.6530375 1572296518.6985538 inc-bigbrain_769_603_1388.nii 140146142242624
task_duration 1572296516.290855 1572296518.7111037 1572296316-tmpfs_1it_96cpus_40bb-0 140146142242624
read_file 1572296516.2606292 1572296516.2638788 bigbrain_769_1206_2776.nii 139858330552128
increment_file 1572296516.2641113 1572296517.5455365 bigbrain_769_1206_2776.nii 139858330552128
write_file 1572296517.5466654 1572296518.6134663 inc-bigbrain_769_1206_2776.nii 139858330552128
task_duration 1572296516.2588925 1572296518.6289234 1572296316-tmpfs_1it_96cpus_40bb-0 139858330552128
read_file 1572296516.2239888 1572296516.2257652 bigbrain_769_603_2776.nii 140441600644928
increment_file 1572296516.225959 1572296517.5148504 bigbrain_769_603_2776.nii 140441600644928
write_file 1572296517.5164769 1572296518.6350179 inc-bigbrain_769_603_2776.nii 140441600644928
task_duration 1572296516.222684 1572296518.6484604 1572296316-tmpfs_1it_96cpus_40bb-0 140441600644928
read_file 1572296516.195213 1572296516.1982608 bigbrain_3076_603_694.nii 140696343902016
increment_file 1572296516.1984582 1572296517.545037 bigbrain_3076_603_694.nii 140696343902016
write_file 1572296517.5463877 1572296518.650393 inc-bigbrain_3076_603_694.nii 140696343902016
task_duration 1572296516.1938498 1572296518.6639476 1572296316-tmpfs_1it_96cpus_40bb-0 140696343902016
read_file 1572296516.1940088 1572296516.1956992 bigbrain_769_603_694.nii 140651144345408
increment_file 1572296516.195893 1572296517.609549 bigbrain_769_603_694.nii 140651144345408
write_file 1572296517.6110907 1572296518.6995552 inc-bigbrain_769_603_694.nii 140651144345408
task_duration 1572296516.192725 1572296518.7116072 1572296316-tmpfs_1it_96cpus_40bb-0 140651144345408
read_file 1572296516.1700177 1572296516.172771 bigbrain_769_2412_2082.nii 139856104773440
increment_file 1572296516.1730678 1572296517.4463947 bigbrain_769_2412_2082.nii 139856104773440
write_file 1572296517.4483125 1572296518.6048033 inc-bigbrain_769_2412_2082.nii 139856104773440
task_duration 1572296516.1679573 1572296518.619718 1572296316-tmpfs_1it_96cpus_40bb-0 139856104773440
read_file 1572296516.1066368 1572296516.1101708 bigbrain_769_1809_694.nii 140075638028096
increment_file 1572296516.1103935 1572296517.4462435 bigbrain_769_1809_694.nii 140075638028096
write_file 1572296517.4479175 1572296518.5446799 inc-bigbrain_769_1809_694.nii 140075638028096
task_duration 1572296516.1034663 1572296518.560517 1572296316-tmpfs_1it_96cpus_40bb-0 140075638028096
read_file 1572296516.1031258 1572296516.1052294 bigbrain_769_0_2776.nii 139632028149568
increment_file 1572296516.1054027 1572296517.472693 bigbrain_769_0_2776.nii 139632028149568
write_file 1572296517.4746413 1572296518.6043525 inc-bigbrain_769_0_2776.nii 139632028149568
task_duration 1572296516.1019013 1572296518.618841 1572296316-tmpfs_1it_96cpus_40bb-0 139632028149568
read_file 1572296516.1005259 1572296516.1032956 bigbrain_3076_603_2776.nii 140074220353344
increment_file 1572296516.103459 1572296517.4145412 bigbrain_3076_603_2776.nii 140074220353344
write_file 1572296517.4167688 1572296518.6179004 inc-bigbrain_3076_603_2776.nii 140074220353344
task_duration 1572296516.0990655 1572296518.6317828 1572296316-tmpfs_1it_96cpus_40bb-0 140074220353344
read_file 1572296516.0789063 1572296516.0808606 bigbrain_769_1206_2082.nii 140078180493120
increment_file 1572296516.081011 1572296517.4021606 bigbrain_769_1206_2082.nii 140078180493120
write_file 1572296517.4050386 1572296518.5252118 inc-bigbrain_769_1206_2082.nii 140078180493120
task_duration 1572296516.0776231 1572296518.541123 1572296316-tmpfs_1it_96cpus_40bb-0 140078180493120
read_file 1572296515.9837492 1572296515.9971714 bigbrain_769_1809_2082.nii 140275573765952
increment_file 1572296515.9973655 1572296517.308214 bigbrain_769_1809_2082.nii 140275573765952
write_file 1572296517.3105624 1572296518.5012493 inc-bigbrain_769_1809_2082.nii 140275573765952
task_duration 1572296515.9817612 1572296518.5188 1572296316-tmpfs_1it_96cpus_40bb-0 140275573765952
read_file 1572296515.9693692 1572296515.971872 bigbrain_769_1809_1388.nii 140366478595904
increment_file 1572296515.9720645 1572296517.3082561 bigbrain_769_1809_1388.nii 140366478595904
write_file 1572296517.309662 1572296518.484813 inc-bigbrain_769_1809_1388.nii 140366478595904
task_duration 1572296515.967086 1572296518.5011885 1572296316-tmpfs_1it_96cpus_40bb-0 140366478595904
read_file 1572296515.9418788 1572296515.9438517 bigbrain_769_2412_0.nii 140107993741120
increment_file 1572296515.9440188 1572296517.3849099 bigbrain_769_2412_0.nii 140107993741120
write_file 1572296517.3871658 1572296518.6260018 inc-bigbrain_769_2412_0.nii 140107993741120
task_duration 1572296515.9401648 1572296518.6399746 1572296316-tmpfs_1it_96cpus_40bb-0 140107993741120
read_file 1572296515.9189138 1572296515.9206498 bigbrain_769_1206_0.nii 140200229840704
increment_file 1572296515.9208007 1572296517.281253 bigbrain_769_1206_0.nii 140200229840704
write_file 1572296517.28288 1572296518.4043984 inc-bigbrain_769_1206_0.nii 140200229840704
task_duration 1572296515.9173968 1572296518.4207914 1572296316-tmpfs_1it_96cpus_40bb-0 140200229840704
read_file 1572296515.9120433 1572296515.9138703 bigbrain_769_0_2082.nii 140260210329408
increment_file 1572296515.9140308 1572296517.3689477 bigbrain_769_0_2082.nii 140260210329408
write_file 1572296517.371341 1572296518.4859574 inc-bigbrain_769_0_2082.nii 140260210329408
task_duration 1572296515.9103498 1572296518.502452 1572296316-tmpfs_1it_96cpus_40bb-0 140260210329408
read_file 1572296515.8919747 1572296515.8959 bigbrain_769_1206_694.nii 139851558958912
increment_file 1572296515.8961625 1572296517.6164062 bigbrain_769_1206_694.nii 139851558958912
write_file 1572296517.6189663 1572296518.121683 inc-bigbrain_769_1206_694.nii 139851558958912
task_duration 1572296515.8891604 1572296518.1340983 1572296316-tmpfs_1it_96cpus_40bb-0 139851558958912
read_file 1572296515.8689475 1572296515.8706887 bigbrain_769_0_1388.nii 140233166812992
increment_file 1572296515.8708446 1572296517.191557 bigbrain_769_0_1388.nii 140233166812992
write_file 1572296517.1925817 1572296518.2880802 inc-bigbrain_769_0_1388.nii 140233166812992
task_duration 1572296515.867371 1572296518.3052227 1572296316-tmpfs_1it_96cpus_40bb-0 140233166812992
read_file 1572296515.8632264 1572296515.8656847 bigbrain_769_1206_1388.nii 140581131241280
increment_file 1572296515.8659005 1572296517.6313472 bigbrain_769_1206_1388.nii 140581131241280
write_file 1572296517.6336832 1572296518.1405911 inc-bigbrain_769_1206_1388.nii 140581131241280
task_duration 1572296515.861101 1572296518.1534674 1572296316-tmpfs_1it_96cpus_40bb-0 140581131241280
read_file 1572296515.8154037 1572296515.8172112 bigbrain_3076_603_2082.nii 140189946623808
increment_file 1572296515.8173747 1572296517.1751862 bigbrain_3076_603_2082.nii 140189946623808
write_file 1572296517.1773741 1572296518.339963 inc-bigbrain_3076_603_2082.nii 140189946623808
task_duration 1572296515.8137355 1572296518.3568783 1572296316-tmpfs_1it_96cpus_40bb-0 140189946623808
read_file 1572296515.81133 1572296515.8132045 bigbrain_769_0_0.nii 140434471413568
increment_file 1572296515.8133612 1572296517.2039309 bigbrain_769_0_0.nii 140434471413568
write_file 1572296517.2053726 1572296518.26415 inc-bigbrain_769_0_0.nii 140434471413568
task_duration 1572296515.809614 1572296518.2821822 1572296316-tmpfs_1it_96cpus_40bb-0 140434471413568
read_file 1572296515.7898695 1572296515.7915764 bigbrain_769_1809_0.nii 140304233215808
increment_file 1572296515.7917209 1572296517.1911116 bigbrain_769_1809_0.nii 140304233215808
write_file 1572296517.192485 1572296518.2977035 inc-bigbrain_769_1809_0.nii 140304233215808
task_duration 1572296515.7883255 1572296518.3161776 1572296316-tmpfs_1it_96cpus_40bb-0 140304233215808
read_file 1572296515.7698007 1572296515.7716148 bigbrain_3076_603_1388.nii 140126590854976
increment_file 1572296515.7717576 1572296517.142589 bigbrain_3076_603_1388.nii 140126590854976
write_file 1572296517.144014 1572296518.2118556 inc-bigbrain_3076_603_1388.nii 140126590854976
task_duration 1572296515.7680745 1572296518.231383 1572296316-tmpfs_1it_96cpus_40bb-0 140126590854976
read_file 1572296515.7684643 1572296515.7703369 bigbrain_769_0_694.nii 140249795565376
increment_file 1572296515.770497 1572296517.2134094 bigbrain_769_0_694.nii 140249795565376
write_file 1572296517.214712 1572296518.3283103 inc-bigbrain_769_0_694.nii 140249795565376
task_duration 1572296515.7666693 1572296518.345353 1572296316-tmpfs_1it_96cpus_40bb-0 140249795565376
read_file 1572296511.0166645 1572296511.0304432 bigbrain_3076_1809_2082.nii 140086702257984
increment_file 1572296511.032008 1572296514.0627823 bigbrain_3076_1809_2082.nii 140086702257984
write_file 1572296514.0688264 1572296517.4381466 inc-bigbrain_3076_1809_2082.nii 140086702257984
task_duration 1572296511.0082088 1572296517.456446 1572296316-tmpfs_1it_96cpus_40bb-0 140086702257984
read_file 1572296510.9762259 1572296510.988855 bigbrain_3076_2412_2776.nii 139927529781056
increment_file 1572296510.9900331 1572296514.0765762 bigbrain_3076_2412_2776.nii 139927529781056
write_file 1572296514.0820942 1572296517.4306827 inc-bigbrain_3076_2412_2776.nii 139927529781056
task_duration 1572296510.9687526 1572296517.4500053 1572296316-tmpfs_1it_96cpus_40bb-0 139927529781056
read_file 1572296510.9732275 1572296510.9855852 bigbrain_3076_1809_2776.nii 139888300549952
increment_file 1572296510.9868686 1572296514.0310879 bigbrain_3076_1809_2776.nii 139888300549952
write_file 1572296514.0358202 1572296517.3479304 inc-bigbrain_3076_1809_2776.nii 139888300549952
task_duration 1572296510.9657757 1572296517.3768697 1572296316-tmpfs_1it_96cpus_40bb-0 139888300549952
read_file 1572296510.9732695 1572296510.9849703 bigbrain_3076_2412_694.nii 140312411899712
increment_file 1572296510.9860501 1572296514.0793252 bigbrain_3076_2412_694.nii 140312411899712
write_file 1572296514.0900812 1572296517.413814 inc-bigbrain_3076_2412_694.nii 140312411899712
task_duration 1572296510.966649 1572296517.4370842 1572296316-tmpfs_1it_96cpus_40bb-0 140312411899712
read_file 1572296510.9577065 1572296510.9703953 bigbrain_3076_2412_1388.nii 139718918215488
increment_file 1572296510.9714246 1572296514.008468 bigbrain_3076_2412_1388.nii 139718918215488
write_file 1572296514.013137 1572296517.4017837 inc-bigbrain_3076_2412_1388.nii 139718918215488
task_duration 1572296510.9493916 1572296517.4272223 1572296316-tmpfs_1it_96cpus_40bb-0 139718918215488
read_file 1572296510.8053088 1572296510.8171759 bigbrain_3076_0_2776.nii 140179584735040
increment_file 1572296510.8182662 1572296513.9691017 bigbrain_3076_0_2776.nii 140179584735040
write_file 1572296513.9750597 1572296516.4269192 inc-bigbrain_3076_0_2776.nii 140179584735040
task_duration 1572296510.7979329 1572296516.5774312 1572296316-tmpfs_1it_96cpus_40bb-0 140179584735040
read_file 1572296510.766654 1572296510.7767522 bigbrain_3076_2412_2082.nii 140522464323392
increment_file 1572296510.7778106 1572296513.9291246 bigbrain_3076_2412_2082.nii 140522464323392
write_file 1572296513.9364977 1572296517.363526 inc-bigbrain_3076_2412_2082.nii 140522464323392
task_duration 1572296510.7604606 1572296517.3934948 1572296316-tmpfs_1it_96cpus_40bb-0 140522464323392
read_file 1572296510.7398014 1572296510.7507784 bigbrain_3076_1206_1388.nii 140268369008448
increment_file 1572296510.7516499 1572296513.9299047 bigbrain_3076_1206_1388.nii 140268369008448
write_file 1572296513.9354692 1572296517.4118564 inc-bigbrain_3076_1206_1388.nii 140268369008448
task_duration 1572296510.7334135 1572296517.436057 1572296316-tmpfs_1it_96cpus_40bb-0 140268369008448
read_file 1572296510.727736 1572296510.7392228 bigbrain_3076_1809_0.nii 140495727167296
increment_file 1572296510.7403505 1572296513.9097445 bigbrain_3076_1809_0.nii 140495727167296
write_file 1572296513.914419 1572296517.3754947 inc-bigbrain_3076_1809_0.nii 140495727167296
task_duration 1572296510.7196617 1572296517.4014568 1572296316-tmpfs_1it_96cpus_40bb-0 140495727167296
read_file 1572296510.7062237 1572296510.7146435 bigbrain_3076_1809_1388.nii 140054313211712
increment_file 1572296510.7154534 1572296513.042259 bigbrain_3076_1809_1388.nii 140054313211712
write_file 1572296513.048357 1572296515.205333 inc-bigbrain_3076_1809_1388.nii 140054313211712
task_duration 1572296510.701328 1572296515.2492447 1572296316-tmpfs_1it_96cpus_40bb-0 140054313211712
read_file 1572296510.6655962 1572296510.6773136 bigbrain_3076_603_0.nii 140658212038464
increment_file 1572296510.678361 1572296513.897487 bigbrain_3076_603_0.nii 140658212038464
write_file 1572296513.9020233 1572296516.6919394 inc-bigbrain_3076_603_0.nii 140658212038464
task_duration 1572296510.6592312 1572296516.8171802 1572296316-tmpfs_1it_96cpus_40bb-0 140658212038464
read_file 1572296510.6121097 1572296510.6218126 bigbrain_2307_603_2082.nii 139635025557312
increment_file 1572296510.6224701 1572296513.8221352 bigbrain_2307_603_2082.nii 139635025557312
write_file 1572296513.8269536 1572296517.3637187 inc-bigbrain_2307_603_2082.nii 139635025557312
task_duration 1572296510.6060312 1572296517.4006116 1572296316-tmpfs_1it_96cpus_40bb-0 139635025557312
read_file 1572296510.611015 1572296510.621539 bigbrain_3076_1206_694.nii 140654674741056
increment_file 1572296510.6222425 1572296513.8420658 bigbrain_3076_1206_694.nii 140654674741056
write_file 1572296513.847107 1572296517.3251848 inc-bigbrain_3076_1206_694.nii 140654674741056
task_duration 1572296510.6048894 1572296517.3524258 1572296316-tmpfs_1it_96cpus_40bb-0 140654674741056
read_file 1572296510.6077092 1572296510.6145341 bigbrain_3076_2412_0.nii 139736181577536
increment_file 1572296510.615102 1572296512.9203918 bigbrain_3076_2412_0.nii 139736181577536
write_file 1572296512.9248776 1572296515.1839457 inc-bigbrain_3076_2412_0.nii 139736181577536
task_duration 1572296510.603602 1572296515.2057543 1572296316-tmpfs_1it_96cpus_40bb-0 139736181577536
read_file 1572296510.5862172 1572296510.5929904 bigbrain_3076_1206_2082.nii 140648645302080
increment_file 1572296510.5937185 1572296512.9452262 bigbrain_3076_1206_2082.nii 140648645302080
write_file 1572296512.9497447 1572296515.1823123 inc-bigbrain_3076_1206_2082.nii 140648645302080
task_duration 1572296510.5810971 1572296515.2057881 1572296316-tmpfs_1it_96cpus_40bb-0 140648645302080
read_file 1572296510.5340152 1572296510.543231 bigbrain_3076_0_0.nii 139932311533376
increment_file 1572296510.543831 1572296513.7926643 bigbrain_3076_0_0.nii 139932311533376
write_file 1572296513.7982712 1572296516.796182 inc-bigbrain_3076_0_0.nii 139932311533376
task_duration 1572296510.5281796 1572296516.908482 1572296316-tmpfs_1it_96cpus_40bb-0 139932311533376
read_file 1572296510.5247152 1572296510.5339754 bigbrain_3076_1206_0.nii 139649039431488
increment_file 1572296510.534671 1572296513.7947946 bigbrain_3076_1206_0.nii 139649039431488
write_file 1572296513.8017328 1572296517.3411577 inc-bigbrain_3076_1206_0.nii 139649039431488
task_duration 1572296510.5187526 1572296517.374114 1572296316-tmpfs_1it_96cpus_40bb-0 139649039431488
read_file 1572296510.5187783 1572296510.5249326 bigbrain_3076_1809_694.nii 139787344648000
increment_file 1572296510.5254111 1572296513.7365348 bigbrain_3076_1809_694.nii 139787344648000
write_file 1572296513.743749 1572296517.2118342 inc-bigbrain_3076_1809_694.nii 139787344648000
task_duration 1572296510.5157743 1572296517.256308 1572296316-tmpfs_1it_96cpus_40bb-0 139787344648000
read_file 1572296510.4502745 1572296510.4602087 bigbrain_2307_2412_694.nii 139682993841984
increment_file 1572296510.4610193 1572296513.692779 bigbrain_2307_2412_694.nii 139682993841984
write_file 1572296513.6988113 1572296517.324972 inc-bigbrain_2307_2412_694.nii 139682993841984
task_duration 1572296510.445301 1572296517.3528442 1572296316-tmpfs_1it_96cpus_40bb-0 139682993841984
read_file 1572296510.446902 1572296510.4552708 bigbrain_3076_0_694.nii 140023031342912
increment_file 1572296510.4558809 1572296513.736161 bigbrain_3076_0_694.nii 140023031342912
write_file 1572296513.7417817 1572296517.2716029 inc-bigbrain_3076_0_694.nii 140023031342912
task_duration 1572296510.4411156 1572296517.3186092 1572296316-tmpfs_1it_96cpus_40bb-0 140023031342912
read_file 1572296510.4404857 1572296510.4496982 bigbrain_3076_0_2082.nii 140077084047168
increment_file 1572296510.4505243 1572296513.718181 bigbrain_3076_0_2082.nii 140077084047168
write_file 1572296513.7252307 1572296516.4688854 inc-bigbrain_3076_0_2082.nii 140077084047168
task_duration 1572296510.4359243 1572296516.626091 1572296316-tmpfs_1it_96cpus_40bb-0 140077084047168
read_file 1572296510.3903582 1572296510.3965578 bigbrain_2307_603_2776.nii 140481398208320
increment_file 1572296510.3974378 1572296512.737632 bigbrain_2307_603_2776.nii 140481398208320
write_file 1572296512.7469966 1572296515.1494796 inc-bigbrain_2307_603_2776.nii 140481398208320
task_duration 1572296510.3856375 1572296515.1708124 1572296316-tmpfs_1it_96cpus_40bb-0 140481398208320
read_file 1572296510.3637264 1572296510.3694198 bigbrain_3076_0_1388.nii 140525313238848
increment_file 1572296510.3698475 1572296513.615724 bigbrain_3076_0_1388.nii 140525313238848
write_file 1572296513.6234527 1572296517.2454717 inc-bigbrain_3076_0_1388.nii 140525313238848
task_duration 1572296510.3602388 1572296517.2837272 1572296316-tmpfs_1it_96cpus_40bb-0 140525313238848
read_file 1572296510.3193922 1572296510.3258903 bigbrain_2307_603_694.nii 140678879352640
increment_file 1572296510.3264725 1572296513.5759642 bigbrain_2307_603_694.nii 140678879352640
write_file 1572296513.584042 1572296517.1182923 inc-bigbrain_2307_603_694.nii 140678879352640
task_duration 1572296510.3147619 1572296517.1785326 1572296316-tmpfs_1it_96cpus_40bb-0 140678879352640
read_file 1572296510.3185709 1572296510.322989 bigbrain_3076_1206_2776.nii 140432366712640
increment_file 1572296510.3234415 1572296512.6563792 bigbrain_3076_1206_2776.nii 140432366712640
write_file 1572296512.6619549 1572296515.1390812 inc-bigbrain_3076_1206_2776.nii 140432366712640
task_duration 1572296510.3150578 1572296515.168991 1572296316-tmpfs_1it_96cpus_40bb-0 140432366712640
read_file 1572296510.292504 1572296510.297747 bigbrain_2307_603_1388.nii 140404433454912
increment_file 1572296510.2985 1572296512.6237192 bigbrain_2307_603_1388.nii 140404433454912
write_file 1572296512.6335118 1572296515.098822 inc-bigbrain_2307_603_1388.nii 140404433454912
task_duration 1572296510.288356 1572296515.128025 1572296316-tmpfs_1it_96cpus_40bb-0 140404433454912
read_file 1572296510.2840064 1572296510.288904 bigbrain_2307_1809_2776.nii 140638611076928
increment_file 1572296510.289312 1572296513.531263 bigbrain_2307_1809_2776.nii 140638611076928
write_file 1572296513.5479436 1572296517.2448568 inc-bigbrain_2307_1809_2776.nii 140638611076928
task_duration 1572296510.2817264 1572296517.2894666 1572296316-tmpfs_1it_96cpus_40bb-0 140638611076928
read_file 1572296510.2613285 1572296510.271029 bigbrain_2307_2412_1388.nii 140134481123136
increment_file 1572296510.2720366 1572296513.5447037 bigbrain_2307_2412_1388.nii 140134481123136
write_file 1572296513.5495665 1572296517.1463861 inc-bigbrain_2307_2412_1388.nii 140134481123136
task_duration 1572296510.2552207 1572296517.1992948 1572296316-tmpfs_1it_96cpus_40bb-0 140134481123136
read_file 1572296510.2281225 1572296510.2326717 bigbrain_2307_603_0.nii 139826975930176
increment_file 1572296510.2331424 1572296513.4887934 bigbrain_2307_603_0.nii 139826975930176
write_file 1572296513.509393 1572296517.177424 inc-bigbrain_2307_603_0.nii 139826975930176
task_duration 1572296510.2250345 1572296517.2208872 1572296316-tmpfs_1it_96cpus_40bb-0 139826975930176
read_file 1572296510.1401355 1572296510.145751 bigbrain_2307_1206_1388.nii 140280059889472
increment_file 1572296510.1463404 1572296512.5077982 bigbrain_2307_1206_1388.nii 140280059889472
write_file 1572296512.5194728 1572296515.0973291 inc-bigbrain_2307_1206_1388.nii 140280059889472
task_duration 1572296510.1351807 1572296515.1242836 1572296316-tmpfs_1it_96cpus_40bb-0 140280059889472
read_file 1572296510.1003673 1572296510.106538 bigbrain_2307_2412_2776.nii 140192749156160
increment_file 1572296510.107077 1572296512.459969 bigbrain_2307_2412_2776.nii 140192749156160
write_file 1572296512.4779675 1572296515.0692782 inc-bigbrain_2307_2412_2776.nii 140192749156160
task_duration 1572296510.0966613 1572296515.0923047 1572296316-tmpfs_1it_96cpus_40bb-0 140192749156160
read_file 1572296510.0910807 1572296510.0942667 bigbrain_2307_2412_2082.nii 140518157645632
increment_file 1572296510.0945373 1572296513.371183 bigbrain_2307_2412_2082.nii 140518157645632
write_file 1572296513.386277 1572296516.939947 inc-bigbrain_2307_2412_2082.nii 140518157645632
task_duration 1572296510.0782695 1572296517.0109792 1572296316-tmpfs_1it_96cpus_40bb-0 140518157645632
read_file 1572296510.0641928 1572296510.068328 bigbrain_2307_1809_2082.nii 139974917523264
increment_file 1572296510.068625 1572296512.3588607 bigbrain_2307_1809_2082.nii 139974917523264
write_file 1572296512.3711908 1572296515.0294518 inc-bigbrain_2307_1809_2082.nii 139974917523264
task_duration 1572296510.0610797 1572296515.0537863 1572296316-tmpfs_1it_96cpus_40bb-0 139974917523264
read_file 1572296510.0187767 1572296510.0211415 bigbrain_2307_1206_2776.nii 139982949091136
increment_file 1572296510.0213265 1572296512.2380896 bigbrain_2307_1206_2776.nii 139982949091136
write_file 1572296512.244424 1572296515.0061865 inc-bigbrain_2307_1206_2776.nii 139982949091136
task_duration 1572296510.0167735 1572296515.0423505 1572296316-tmpfs_1it_96cpus_40bb-0 139982949091136
read_file 1572296509.984786 1572296510.020923 bigbrain_2307_0_2776.nii 139761312520000
increment_file 1572296510.0211732 1572296513.1273754 bigbrain_2307_0_2776.nii 139761312520000
write_file 1572296513.1404672 1572296516.623412 inc-bigbrain_2307_0_2776.nii 139761312520000
task_duration 1572296509.983001 1572296516.7744715 1572296316-tmpfs_1it_96cpus_40bb-0 139761312520000
read_file 1572296510.0137246 1572296510.0164413 bigbrain_2307_1809_1388.nii 140543176931136
increment_file 1572296510.0166442 1572296512.368705 bigbrain_2307_1809_1388.nii 140543176931136
write_file 1572296512.3737948 1572296515.0541928 inc-bigbrain_2307_1809_1388.nii 140543176931136
task_duration 1572296509.9892952 1572296515.081522 1572296316-tmpfs_1it_96cpus_40bb-0 140543176931136
read_file 1572296510.0004902 1572296510.00373 bigbrain_0_2412_694.nii 140077061691200
increment_file 1572296510.0039587 1572296513.2910242 bigbrain_0_2412_694.nii 140077061691200
write_file 1572296513.3203754 1572296516.8906066 inc-bigbrain_0_2412_694.nii 140077061691200
task_duration 1572296509.9985483 1572296516.983524 1572296316-tmpfs_1it_96cpus_40bb-0 140077061691200
read_file 1572296509.9985988 1572296510.0007372 bigbrain_2307_1809_694.nii 139808971663168
increment_file 1572296510.000927 1572296512.4166334 bigbrain_2307_1809_694.nii 139808971663168
write_file 1572296512.4220116 1572296515.0657616 inc-bigbrain_2307_1809_694.nii 139808971663168
task_duration 1572296509.978519 1572296515.0871248 1572296316-tmpfs_1it_96cpus_40bb-0 139808971663168
read_file 1572296509.9979393 1572296510.0004363 bigbrain_2307_1206_2082.nii 140619156117312
increment_file 1572296510.0006895 1572296513.1725738 bigbrain_2307_1206_2082.nii 140619156117312
write_file 1572296513.1796236 1572296516.473441 inc-bigbrain_2307_1206_2082.nii 140619156117312
task_duration 1572296509.9959466 1572296516.6574876 1572296316-tmpfs_1it_96cpus_40bb-0 140619156117312
read_file 1572296509.985797 1572296509.9880633 bigbrain_2307_1809_0.nii 139659608450880
increment_file 1572296509.9882488 1572296512.3189695 bigbrain_2307_1809_0.nii 139659608450880
write_file 1572296512.3231397 1572296515.0436075 inc-bigbrain_2307_1809_0.nii 139659608450880
task_duration 1572296509.9540925 1572296515.0732634 1572296316-tmpfs_1it_96cpus_40bb-0 139659608450880
read_file 1572296509.9821453 1572296509.9842486 bigbrain_2307_1206_694.nii 140424534484800
increment_file 1572296509.984459 1572296513.1411018 bigbrain_2307_1206_694.nii 140424534484800
write_file 1572296513.1536584 1572296516.6532817 inc-bigbrain_2307_1206_694.nii 140424534484800
task_duration 1572296509.9803312 1572296516.7864451 1572296316-tmpfs_1it_96cpus_40bb-0 140424534484800
read_file 1572296509.9448314 1572296509.9766204 bigbrain_1538_2412_1388.nii 139731761669952
increment_file 1572296509.9768527 1572296512.3108048 bigbrain_1538_2412_1388.nii 139731761669952
write_file 1572296512.3157077 1572296515.0384567 inc-bigbrain_1538_2412_1388.nii 139731761669952
task_duration 1572296509.9426942 1572296515.0743585 1572296316-tmpfs_1it_96cpus_40bb-0 139731761669952
read_file 1572296509.9663558 1572296509.9692929 bigbrain_1538_603_0.nii 140595908896576
increment_file 1572296509.9695356 1572296512.3073967 bigbrain_1538_603_0.nii 140595908896576
write_file 1572296512.3175528 1572296515.0371113 inc-bigbrain_1538_603_0.nii 140595908896576
task_duration 1572296509.9643295 1572296515.0670953 1572296316-tmpfs_1it_96cpus_40bb-0 140595908896576
read_file 1572296509.9617877 1572296509.9645655 bigbrain_1538_0_694.nii 139833427150656
increment_file 1572296509.9648204 1572296512.2646139 bigbrain_1538_0_694.nii 139833427150656
write_file 1572296512.2797842 1572296514.9915247 inc-bigbrain_1538_0_694.nii 139833427150656
task_duration 1572296509.9490855 1572296515.019757 1572296316-tmpfs_1it_96cpus_40bb-0 139833427150656
read_file 1572296509.9442227 1572296509.9638872 bigbrain_0_0_2082.nii 139902688261952
increment_file 1572296509.9641027 1572296512.3197305 bigbrain_0_0_2082.nii 139902688261952
write_file 1572296512.3301945 1572296515.0000715 inc-bigbrain_0_0_2082.nii 139902688261952
task_duration 1572296509.9417944 1572296515.0275736 1572296316-tmpfs_1it_96cpus_40bb-0 139902688261952
read_file 1572296509.9473448 1572296509.9616683 bigbrain_2307_0_694.nii 140663471421248
increment_file 1572296509.961854 1572296512.2988052 bigbrain_2307_0_694.nii 140663471421248
write_file 1572296512.3035512 1572296515.018794 inc-bigbrain_2307_0_694.nii 140663471421248
task_duration 1572296509.9458046 1572296515.0486994 1572296316-tmpfs_1it_96cpus_40bb-0 140663471421248
read_file 1572296509.9447212 1572296509.9470484 bigbrain_0_2412_0.nii 140546025686848
increment_file 1572296509.9472086 1572296512.3360057 bigbrain_0_2412_0.nii 140546025686848
write_file 1572296512.3506052 1572296515.0409822 inc-bigbrain_0_2412_0.nii 140546025686848
task_duration 1572296509.9430861 1572296515.073199 1572296316-tmpfs_1it_96cpus_40bb-0 140546025686848
read_file 1572296509.919217 1572296509.9436202 bigbrain_0_2412_2082.nii 139887993972544
increment_file 1572296509.9438763 1572296512.237631 bigbrain_0_2412_2082.nii 139887993972544
write_file 1572296512.2571425 1572296515.0143778 inc-bigbrain_0_2412_2082.nii 139887993972544
task_duration 1572296509.9169972 1572296515.04816 1572296316-tmpfs_1it_96cpus_40bb-0 139887993972544
read_file 1572296509.926977 1572296509.9406767 bigbrain_1538_1206_0.nii 139806355724096
increment_file 1572296509.9408693 1572296512.2866414 bigbrain_1538_1206_0.nii 139806355724096
write_file 1572296512.3035913 1572296515.0370958 inc-bigbrain_1538_1206_0.nii 139806355724096
task_duration 1572296509.925094 1572296515.0739453 1572296316-tmpfs_1it_96cpus_40bb-0 139806355724096
read_file 1572296509.9386559 1572296509.9404695 bigbrain_1538_2412_0.nii 140069954213696
increment_file 1572296509.9406252 1572296512.2904167 bigbrain_1538_2412_0.nii 140069954213696
write_file 1572296512.296967 1572296515.0072799 inc-bigbrain_1538_2412_0.nii 140069954213696
task_duration 1572296509.937034 1572296515.0331492 1572296316-tmpfs_1it_96cpus_40bb-0 140069954213696
read_file 1572296509.9339144 1572296509.9358156 bigbrain_1538_1809_1388.nii 140437112915776
increment_file 1572296509.9359787 1572296513.2328372 bigbrain_1538_1809_1388.nii 140437112915776
write_file 1572296513.2807002 1572296516.908621 inc-bigbrain_1538_1809_1388.nii 140437112915776
task_duration 1572296509.9322863 1572296516.9790747 1572296316-tmpfs_1it_96cpus_40bb-0 140437112915776
read_file 1572296509.9258037 1572296509.9278996 bigbrain_2307_0_2082.nii 139794661357376
increment_file 1572296509.9280732 1572296513.3284543 bigbrain_2307_0_2082.nii 139794661357376
write_file 1572296513.3557487 1572296516.6980023 inc-bigbrain_2307_0_2082.nii 139794661357376
task_duration 1572296509.9240701 1572296516.8245218 1572296316-tmpfs_1it_96cpus_40bb-0 139794661357376
read_file 1572296509.9169219 1572296509.9252539 bigbrain_1538_603_2082.nii 140037717067584
increment_file 1572296509.9254262 1572296513.2161598 bigbrain_1538_603_2082.nii 140037717067584
write_file 1572296513.274628 1572296516.9214003 inc-bigbrain_1538_603_2082.nii 140037717067584
task_duration 1572296509.915243 1572296516.9908266 1572296316-tmpfs_1it_96cpus_40bb-0 140037717067584
read_file 1572296509.9233048 1572296509.9252455 bigbrain_1538_0_2082.nii 139944518768448
increment_file 1572296509.9254155 1572296512.2343037 bigbrain_1538_0_2082.nii 139944518768448
write_file 1572296512.246548 1572296515.0076728 inc-bigbrain_1538_0_2082.nii 139944518768448
task_duration 1572296509.9217176 1572296515.0442688 1572296316-tmpfs_1it_96cpus_40bb-0 139944518768448
read_file 1572296509.921922 1572296509.9240873 bigbrain_0_0_0.nii 140258684118848
increment_file 1572296509.9242585 1572296512.2611043 bigbrain_0_0_0.nii 140258684118848
write_file 1572296512.2720072 1572296514.992232 inc-bigbrain_0_0_0.nii 140258684118848
task_duration 1572296509.9201133 1572296515.0290663 1572296316-tmpfs_1it_96cpus_40bb-0 140258684118848
read_file 1572296509.8397095 1572296509.9208798 bigbrain_0_2412_2776.nii 140534612690752
increment_file 1572296509.9210644 1572296513.233153 bigbrain_0_2412_2776.nii 140534612690752
write_file 1572296513.2681544 1572296516.3817344 inc-bigbrain_0_2412_2776.nii 140534612690752
task_duration 1572296509.8380835 1572296516.555161 1572296316-tmpfs_1it_96cpus_40bb-0 140534612690752
read_file 1572296509.9177577 1572296509.9201045 bigbrain_2307_2412_0.nii 139828011587392
increment_file 1572296509.920313 1572296513.2610855 bigbrain_2307_2412_0.nii 139828011587392
write_file 1572296513.282373 1572296517.0342565 inc-bigbrain_2307_2412_0.nii 139828011587392
task_duration 1572296509.9157147 1572296517.1320825 1572296316-tmpfs_1it_96cpus_40bb-0 139828011587392
read_file 1572296509.9100773 1572296509.911906 bigbrain_0_1206_0.nii 140401300834112
increment_file 1572296509.9120603 1572296512.2255607 bigbrain_0_1206_0.nii 140401300834112
write_file 1572296512.2362864 1572296514.9629579 inc-bigbrain_0_1206_0.nii 140401300834112
task_duration 1572296509.908416 1572296514.99869 1572296316-tmpfs_1it_96cpus_40bb-0 140401300834112
read_file 1572296509.909056 1572296509.911184 bigbrain_0_1809_694.nii 140614009882432
increment_file 1572296509.9113402 1572296512.2656817 bigbrain_0_1809_694.nii 140614009882432
write_file 1572296512.2711756 1572296515.0003216 inc-bigbrain_0_1809_694.nii 140614009882432
task_duration 1572296509.9072268 1572296515.0334342 1572296316-tmpfs_1it_96cpus_40bb-0 140614009882432
read_file 1572296509.9058974 1572296509.9078033 bigbrain_0_1206_1388.nii 139812339971904
increment_file 1572296509.9079657 1572296513.223176 bigbrain_0_1206_1388.nii 139812339971904
write_file 1572296513.2728908 1572296516.717188 inc-bigbrain_0_1206_1388.nii 139812339971904
task_duration 1572296509.9042432 1572296516.8325894 1572296316-tmpfs_1it_96cpus_40bb-0 139812339971904
read_file 1572296509.8987997 1572296509.9005888 bigbrain_0_1809_1388.nii 140385283630912
increment_file 1572296509.9007146 1572296512.204844 bigbrain_0_1809_1388.nii 140385283630912
write_file 1572296512.2133758 1572296514.9752326 inc-bigbrain_0_1809_1388.nii 140385283630912
task_duration 1572296509.897231 1572296515.0130882 1572296316-tmpfs_1it_96cpus_40bb-0 140385283630912
read_file 1572296509.898147 1572296509.9000466 bigbrain_1538_603_694.nii 140545048061760
increment_file 1572296509.9001932 1572296513.0835142 bigbrain_1538_603_694.nii 140545048061760
write_file 1572296513.1016357 1572296516.573639 inc-bigbrain_1538_603_694.nii 140545048061760
task_duration 1572296509.896198 1572296516.728311 1572296316-tmpfs_1it_96cpus_40bb-0 140545048061760
read_file 1572296509.8971767 1572296509.8999991 bigbrain_1538_2412_2082.nii 140625073764160
increment_file 1572296509.9002378 1572296512.2297757 bigbrain_1538_2412_2082.nii 140625073764160
write_file 1572296512.235536 1572296515.0046623 inc-bigbrain_1538_2412_2082.nii 140625073764160
task_duration 1572296509.8947866 1572296515.0607781 1572296316-tmpfs_1it_96cpus_40bb-0 140625073764160
read_file 1572296509.8640318 1572296509.8995638 bigbrain_1538_1809_2082.nii 140513791149888
increment_file 1572296509.899717 1572296513.2733312 bigbrain_1538_1809_2082.nii 140513791149888
write_file 1572296513.288945 1572296516.27244 inc-bigbrain_1538_1809_2082.nii 140513791149888
task_duration 1572296509.8618445 1572296516.4294536 1572296316-tmpfs_1it_96cpus_40bb-0 140513791149888
read_file 1572296509.8970942 1572296509.8991082 bigbrain_1538_1206_2776.nii 140672205162304
increment_file 1572296509.8992875 1572296512.1010826 bigbrain_1538_1206_2776.nii 140672205162304
write_file 1572296512.1147504 1572296514.8911188 inc-bigbrain_1538_1206_2776.nii 140672205162304
task_duration 1572296509.8953872 1572296514.927949 1572296316-tmpfs_1it_96cpus_40bb-0 140672205162304
read_file 1572296509.8963335 1572296509.8984382 bigbrain_0_0_1388.nii 139850215552832
increment_file 1572296509.8986104 1572296513.0078602 bigbrain_0_0_1388.nii 139850215552832
write_file 1572296513.03213 1572296516.409165 inc-bigbrain_0_0_1388.nii 139850215552832
task_duration 1572296509.862848 1572296516.6093218 1572296316-tmpfs_1it_96cpus_40bb-0 139850215552832
read_file 1572296509.8908112 1572296509.8926542 bigbrain_0_603_2082.nii 140591797282624
increment_file 1572296509.8928015 1572296512.1996214 bigbrain_0_603_2082.nii 140591797282624
write_file 1572296512.2079225 1572296514.955048 inc-bigbrain_0_603_2082.nii 140591797282624
task_duration 1572296509.8891964 1572296514.984662 1572296316-tmpfs_1it_96cpus_40bb-0 140591797282624
read_file 1572296509.8845272 1572296509.886482 bigbrain_1538_2412_2776.nii 140587734771520
increment_file 1572296509.8866365 1572296512.2096703 bigbrain_1538_2412_2776.nii 140587734771520
write_file 1572296512.2150917 1572296514.969519 inc-bigbrain_1538_2412_2776.nii 140587734771520
task_duration 1572296509.8825452 1572296515.0267005 1572296316-tmpfs_1it_96cpus_40bb-0 140587734771520
read_file 1572296509.8840122 1572296509.885831 bigbrain_1538_2412_694.nii 140002467075904
increment_file 1572296509.8859787 1572296512.1780016 bigbrain_1538_2412_694.nii 140002467075904
write_file 1572296512.1809657 1572296514.9652872 inc-bigbrain_1538_2412_694.nii 140002467075904
task_duration 1572296509.8824413 1572296514.9994159 1572296316-tmpfs_1it_96cpus_40bb-0 140002467075904
read_file 1572296509.8835974 1572296509.885223 bigbrain_1538_1809_694.nii 139865204377408
increment_file 1572296509.8853693 1572296513.0784492 bigbrain_1538_1809_694.nii 139865204377408
write_file 1572296513.0847962 1572296516.2683282 inc-bigbrain_1538_1809_694.nii 139865204377408
task_duration 1572296509.8820565 1572296516.463147 1572296316-tmpfs_1it_96cpus_40bb-0 139865204377408
read_file 1572296509.8785343 1572296509.8802443 bigbrain_1538_0_1388.nii 140631687837504
increment_file 1572296509.8803792 1572296513.2415068 bigbrain_1538_0_1388.nii 140631687837504
write_file 1572296513.2525713 1572296516.6252854 inc-bigbrain_1538_0_1388.nii 140631687837504
task_duration 1572296509.8769526 1572296516.7818198 1572296316-tmpfs_1it_96cpus_40bb-0 140631687837504
read_file 1572296509.8770056 1572296509.8787963 bigbrain_0_1809_2082.nii 139787703957312
increment_file 1572296509.8789253 1572296512.2318213 bigbrain_0_1809_2082.nii 139787703957312
write_file 1572296512.2376812 1572296514.991362 inc-bigbrain_0_1809_2082.nii 139787703957312
task_duration 1572296509.8752177 1572296515.0210826 1572296316-tmpfs_1it_96cpus_40bb-0 139787703957312
read_file 1572296509.873462 1572296509.8751957 bigbrain_1538_1809_0.nii 140086359365440
increment_file 1572296509.875331 1572296512.178698 bigbrain_1538_1809_0.nii 140086359365440
write_file 1572296512.1819067 1572296514.948679 inc-bigbrain_1538_1809_0.nii 140086359365440
task_duration 1572296509.8718443 1572296514.9831083 1572296316-tmpfs_1it_96cpus_40bb-0 140086359365440
read_file 1572296509.8719552 1572296509.8736553 bigbrain_0_0_694.nii 139780580013888
increment_file 1572296509.87378 1572296513.07071 bigbrain_0_0_694.nii 139780580013888
write_file 1572296513.082838 1572296516.472148 inc-bigbrain_0_0_694.nii 139780580013888
task_duration 1572296509.8704517 1572296516.6630032 1572296316-tmpfs_1it_96cpus_40bb-0 139780580013888
read_file 1572296509.8715856 1572296509.8735456 bigbrain_0_0_2776.nii 140331749635904
increment_file 1572296509.8737078 1572296512.2976153 bigbrain_0_0_2776.nii 140331749635904
write_file 1572296512.3099604 1572296515.0100648 inc-bigbrain_0_0_2776.nii 140331749635904
task_duration 1572296509.8698049 1572296515.0408504 1572296316-tmpfs_1it_96cpus_40bb-0 140331749635904
read_file 1572296509.8706272 1572296509.8727198 bigbrain_0_1809_0.nii 140570408179520
increment_file 1572296509.8728766 1572296513.1950564 bigbrain_0_1809_0.nii 140570408179520
write_file 1572296513.2152717 1572296516.847798 inc-bigbrain_0_1809_0.nii 140570408179520
task_duration 1572296509.8685327 1572296516.9412322 1572296316-tmpfs_1it_96cpus_40bb-0 140570408179520
read_file 1572296509.8695312 1572296509.871336 bigbrain_2307_0_0.nii 140389944063808
increment_file 1572296509.8714657 1572296512.1609175 bigbrain_2307_0_0.nii 140389944063808
write_file 1572296512.1667604 1572296514.8862147 inc-bigbrain_2307_0_0.nii 140389944063808
task_duration 1572296509.8679667 1572296514.9326417 1572296316-tmpfs_1it_96cpus_40bb-0 140389944063808
read_file 1572296509.8692882 1572296509.8711164 bigbrain_2307_1206_0.nii 139895188346688
increment_file 1572296509.8712797 1572296512.1633108 bigbrain_2307_1206_0.nii 139895188346688
write_file 1572296512.1753263 1572296514.938576 inc-bigbrain_2307_1206_0.nii 139895188346688
task_duration 1572296509.867635 1572296514.9754167 1572296316-tmpfs_1it_96cpus_40bb-0 139895188346688
read_file 1572296509.8647351 1572296509.8665593 bigbrain_0_1809_2776.nii 139985488095040
increment_file 1572296509.8667157 1572296513.1077952 bigbrain_0_1809_2776.nii 139985488095040
write_file 1572296513.1254306 1572296516.7586625 inc-bigbrain_0_1809_2776.nii 139985488095040
task_duration 1572296509.8630838 1572296516.8693814 1572296316-tmpfs_1it_96cpus_40bb-0 139985488095040
read_file 1572296509.8645205 1572296509.8663824 bigbrain_0_1206_2776.nii 140447657154368
increment_file 1572296509.8665223 1572296513.2237139 bigbrain_0_1206_2776.nii 140447657154368
write_file 1572296513.2594147 1572296516.734114 inc-bigbrain_0_1206_2776.nii 140447657154368
task_duration 1572296509.8629282 1572296516.8493748 1572296316-tmpfs_1it_96cpus_40bb-0 140447657154368
read_file 1572296509.851534 1572296509.8649917 bigbrain_1538_603_2776.nii 139985737291584
increment_file 1572296509.8652115 1572296513.0614562 bigbrain_1538_603_2776.nii 139985737291584
write_file 1572296513.086124 1572296517.0726933 inc-bigbrain_1538_603_2776.nii 139985737291584
task_duration 1572296509.8493629 1572296517.1500523 1572296316-tmpfs_1it_96cpus_40bb-0 139985737291584
read_file 1572296509.852686 1572296509.854544 bigbrain_0_1206_2082.nii 140162533091136
increment_file 1572296509.8547075 1572296512.016729 bigbrain_0_1206_2082.nii 140162533091136
write_file 1572296512.034077 1572296514.7662194 inc-bigbrain_0_1206_2082.nii 140162533091136
task_duration 1572296509.851025 1572296514.8159444 1572296316-tmpfs_1it_96cpus_40bb-0 140162533091136
read_file 1572296509.843169 1572296509.8448734 bigbrain_1538_1206_694.nii 140056876013376
increment_file 1572296509.8450036 1572296512.002119 bigbrain_1538_1206_694.nii 140056876013376
write_file 1572296512.0113423 1572296514.7520652 inc-bigbrain_1538_1206_694.nii 140056876013376
task_duration 1572296509.8416467 1572296514.8031065 1572296316-tmpfs_1it_96cpus_40bb-0 140056876013376
read_file 1572296509.839034 1572296509.840961 bigbrain_0_603_0.nii 140709502818112
increment_file 1572296509.8410933 1572296513.206083 bigbrain_0_603_0.nii 140709502818112
write_file 1572296513.2245567 1572296516.1196444 inc-bigbrain_0_603_0.nii 140709502818112
task_duration 1572296509.8370426 1572296516.2442572 1572296316-tmpfs_1it_96cpus_40bb-0 140709502818112
read_file 1572296509.837092 1572296509.8392944 bigbrain_1538_0_0.nii 140602320357184
increment_file 1572296509.839475 1572296512.2387607 bigbrain_1538_0_0.nii 140602320357184
write_file 1572296512.2624118 1572296514.96546 inc-bigbrain_1538_0_0.nii 140602320357184
task_duration 1572296509.8352141 1572296514.997848 1572296316-tmpfs_1it_96cpus_40bb-0 140602320357184
read_file 1572296509.83561 1572296509.8374977 bigbrain_2307_0_1388.nii 139637531363136
increment_file 1572296509.8376377 1572296512.0463328 bigbrain_2307_0_1388.nii 139637531363136
write_file 1572296512.0615177 1572296514.809782 inc-bigbrain_2307_0_1388.nii 139637531363136
task_duration 1572296509.8340485 1572296514.8539987 1572296316-tmpfs_1it_96cpus_40bb-0 139637531363136
read_file 1572296509.8264554 1572296509.834861 bigbrain_0_603_694.nii 140468970882880
increment_file 1572296509.8350136 1572296512.8767626 bigbrain_0_603_694.nii 140468970882880
write_file 1572296512.8976007 1572296516.4405124 inc-bigbrain_0_603_694.nii 140468970882880
task_duration 1572296509.8248448 1572296516.6300926 1572296316-tmpfs_1it_96cpus_40bb-0 140468970882880
read_file 1572296509.8329988 1572296509.8348045 bigbrain_1538_603_1388.nii 139963110254400
increment_file 1572296509.8349452 1572296512.0961149 bigbrain_1538_603_1388.nii 139963110254400
write_file 1572296512.104917 1572296514.8725495 inc-bigbrain_1538_603_1388.nii 139963110254400
task_duration 1572296509.8314137 1572296514.9203691 1572296316-tmpfs_1it_96cpus_40bb-0 139963110254400
read_file 1572296509.8285928 1572296509.830591 bigbrain_1538_1206_2082.nii 139860504946496
increment_file 1572296509.8307545 1572296512.1749756 bigbrain_1538_1206_2082.nii 139860504946496
write_file 1572296512.1797607 1572296514.947835 inc-bigbrain_1538_1206_2082.nii 139860504946496
task_duration 1572296509.8269038 1572296514.9979093 1572296316-tmpfs_1it_96cpus_40bb-0 139860504946496
read_file 1572296509.826764 1572296509.828494 bigbrain_1538_1809_2776.nii 140341642590016
increment_file 1572296509.82864 1572296513.2147224 bigbrain_1538_1809_2776.nii 140341642590016
write_file 1572296513.2741604 1572296516.8418386 inc-bigbrain_1538_1809_2776.nii 140341642590016
task_duration 1572296509.825153 1572296517.0034375 1572296316-tmpfs_1it_96cpus_40bb-0 140341642590016
read_file 1572296509.8182445 1572296509.8202095 bigbrain_0_1206_694.nii 140288640526144
increment_file 1572296509.8203678 1572296512.0997102 bigbrain_0_1206_694.nii 140288640526144
write_file 1572296512.105703 1572296514.8556442 inc-bigbrain_0_1206_694.nii 140288640526144
task_duration 1572296509.8163123 1572296514.907348 1572296316-tmpfs_1it_96cpus_40bb-0 140288640526144
read_file 1572296509.8139656 1572296509.8158712 bigbrain_0_603_2776.nii 139679389898560
increment_file 1572296509.8160129 1572296512.0853987 bigbrain_0_603_2776.nii 139679389898560
write_file 1572296512.1067324 1572296514.863963 inc-bigbrain_0_603_2776.nii 139679389898560
task_duration 1572296509.8123584 1572296514.9103086 1572296316-tmpfs_1it_96cpus_40bb-0 139679389898560
read_file 1572296509.8133113 1572296509.8150694 bigbrain_0_2412_1388.nii 140196516038464
increment_file 1572296509.8152063 1572296512.09672 bigbrain_0_2412_1388.nii 140196516038464
write_file 1572296512.1064715 1572296514.8641474 inc-bigbrain_0_2412_1388.nii 140196516038464
task_duration 1572296509.81175 1572296514.912658 1572296316-tmpfs_1it_96cpus_40bb-0 140196516038464
read_file 1572296509.809873 1572296509.8116367 bigbrain_1538_0_2776.nii 139912933046080
increment_file 1572296509.8117743 1572296512.0745602 bigbrain_1538_0_2776.nii 139912933046080
write_file 1572296512.0855544 1572296514.864633 inc-bigbrain_1538_0_2776.nii 139912933046080
task_duration 1572296509.808307 1572296514.9109693 1572296316-tmpfs_1it_96cpus_40bb-0 139912933046080
read_file 1572296509.8033576 1572296509.8050873 bigbrain_0_603_1388.nii 140024722003776
increment_file 1572296509.8052218 1572296512.099342 bigbrain_0_603_1388.nii 140024722003776
write_file 1572296512.10364 1572296514.8686273 inc-bigbrain_0_603_1388.nii 140024722003776
task_duration 1572296509.8018034 1572296514.9176443 1572296316-tmpfs_1it_96cpus_40bb-0 140024722003776
read_file 1572296509.8032627 1572296509.8049436 bigbrain_1538_1206_1388.nii 140084561246016
increment_file 1572296509.8050737 1572296512.9538848 bigbrain_1538_1206_1388.nii 140084561246016
write_file 1572296512.9638252 1572296516.2767458 inc-bigbrain_1538_1206_1388.nii 140084561246016
task_duration 1572296509.8014848 1572296516.6339316 1572296316-tmpfs_1it_96cpus_40bb-0 140084561246016
