read_file 1572388096.6058145 1572388096.6071563 bigbrain_769_603_694.nii 139651001235264
increment_file 1572388096.6072927 1572388097.077828 bigbrain_769_603_694.nii 139651001235264
write_file 1572388097.0786219 1572388097.5891306 inc-bigbrain_769_603_694.nii 139651001235264
task_duration 1572388096.6046917 1572388097.6004488 1572387396-tmpfsAD_1it_25cpus_40bb-2 139651001235264
read_file 1572388096.5966978 1572388096.598344 bigbrain_769_603_2082.nii 140163906189120
increment_file 1572388096.5985265 1572388097.0667894 bigbrain_769_603_2082.nii 140163906189120
write_file 1572388097.0676737 1572388097.5742068 inc-bigbrain_769_603_2082.nii 140163906189120
task_duration 1572388096.5952847 1572388097.585652 1572387396-tmpfsAD_1it_25cpus_40bb-2 140163906189120
read_file 1572388096.588524 1572388096.5902534 bigbrain_769_1809_694.nii 140600281597760
increment_file 1572388096.590408 1572388097.056409 bigbrain_769_1809_694.nii 140600281597760
write_file 1572388097.057246 1572388097.5609007 inc-bigbrain_769_1809_694.nii 140600281597760
task_duration 1572388096.5872433 1572388097.5721905 1572387396-tmpfsAD_1it_25cpus_40bb-2 140600281597760
read_file 1572388096.559443 1572388096.5611007 bigbrain_769_2412_694.nii 140509915756352
increment_file 1572388096.5612748 1572388097.032861 bigbrain_769_2412_694.nii 140509915756352
write_file 1572388097.0336788 1572388097.5390196 inc-bigbrain_769_2412_694.nii 140509915756352
task_duration 1572388096.558025 1572388097.5504677 1572387396-tmpfsAD_1it_25cpus_40bb-2 140509915756352
read_file 1572388096.549077 1572388096.5505195 bigbrain_769_2412_1388.nii 140643054126912
increment_file 1572388096.5506318 1572388097.0267239 bigbrain_769_2412_1388.nii 140643054126912
write_file 1572388097.0276072 1572388097.5361042 inc-bigbrain_769_2412_1388.nii 140643054126912
task_duration 1572388096.5478992 1572388097.5478458 1572387396-tmpfsAD_1it_25cpus_40bb-2 140643054126912
read_file 1572388096.5475378 1572388096.548825 bigbrain_769_603_2776.nii 140639541675840
increment_file 1572388096.5489428 1572388097.0200703 bigbrain_769_603_2776.nii 140639541675840
write_file 1572388097.020885 1572388097.5262241 inc-bigbrain_769_603_2776.nii 140639541675840
task_duration 1572388096.5464456 1572388097.538883 1572387396-tmpfsAD_1it_25cpus_40bb-2 140639541675840
read_file 1572388096.5307267 1572388096.5323226 bigbrain_769_603_1388.nii 140483463493440
increment_file 1572388096.5324636 1572388097.0079672 bigbrain_769_603_1388.nii 140483463493440
write_file 1572388097.008894 1572388097.5202563 inc-bigbrain_769_603_1388.nii 140483463493440
task_duration 1572388096.5294583 1572388097.533033 1572387396-tmpfsAD_1it_25cpus_40bb-2 140483463493440
read_file 1572388096.5307267 1572388096.5323155 bigbrain_769_2412_0.nii 140282499426112
increment_file 1572388096.5324607 1572388097.0105805 bigbrain_769_2412_0.nii 140282499426112
write_file 1572388097.011435 1572388097.5259695 inc-bigbrain_769_2412_0.nii 140282499426112
task_duration 1572388096.529459 1572388097.5386183 1572387396-tmpfsAD_1it_25cpus_40bb-2 140282499426112
read_file 1572388096.5271482 1572388096.5289044 bigbrain_769_2412_2082.nii 140189503936320
increment_file 1572388096.5290463 1572388097.004024 bigbrain_769_2412_2082.nii 140189503936320
write_file 1572388097.004861 1572388097.5188131 inc-bigbrain_769_2412_2082.nii 140189503936320
task_duration 1572388096.5256424 1572388097.5315843 1572387396-tmpfsAD_1it_25cpus_40bb-2 140189503936320
read_file 1572388096.5230083 1572388096.5245166 bigbrain_769_1809_2082.nii 139729666197312
increment_file 1572388096.5246522 1572388097.00059 bigbrain_769_1809_2082.nii 139729666197312
write_file 1572388097.0015337 1572388097.510114 inc-bigbrain_769_1809_2082.nii 139729666197312
task_duration 1572388096.5218277 1572388097.5221066 1572387396-tmpfsAD_1it_25cpus_40bb-2 139729666197312
read_file 1572388096.5201695 1572388096.5216737 bigbrain_769_2412_2776.nii 140030230304576
increment_file 1572388096.5218015 1572388096.9967597 bigbrain_769_2412_2776.nii 140030230304576
write_file 1572388096.9976149 1572388097.5090094 inc-bigbrain_769_2412_2776.nii 140030230304576
task_duration 1572388096.519036 1572388097.520983 1572387396-tmpfsAD_1it_25cpus_40bb-2 140030230304576
read_file 1572388096.514489 1572388096.5159156 bigbrain_769_1809_2776.nii 139750934329152
increment_file 1572388096.5160358 1572388096.991883 bigbrain_769_1809_2776.nii 139750934329152
write_file 1572388096.9927294 1572388097.5075736 inc-bigbrain_769_1809_2776.nii 139750934329152
task_duration 1572388096.513355 1572388097.5195315 1572387396-tmpfsAD_1it_25cpus_40bb-2 139750934329152
read_file 1572388096.512938 1572388096.5143685 bigbrain_769_1206_694.nii 139998613460800
increment_file 1572388096.5144799 1572388096.989925 bigbrain_769_1206_694.nii 139998613460800
write_file 1572388096.9907207 1572388097.5023725 inc-bigbrain_769_1206_694.nii 139998613460800
task_duration 1572388096.5117226 1572388097.514526 1572387396-tmpfsAD_1it_25cpus_40bb-2 139998613460800
read_file 1572388096.5130165 1572388096.5142863 bigbrain_769_603_0.nii 139845703542592
increment_file 1572388096.5144038 1572388096.9896615 bigbrain_769_603_0.nii 139845703542592
write_file 1572388096.9904883 1572388097.5041046 inc-bigbrain_769_603_0.nii 139845703542592
task_duration 1572388096.51189 1572388097.5161672 1572387396-tmpfsAD_1it_25cpus_40bb-2 139845703542592
read_file 1572388096.4999192 1572388096.5013907 bigbrain_769_1809_1388.nii 139812065449792
increment_file 1572388096.5015092 1572388096.9745328 bigbrain_769_1809_1388.nii 139812065449792
write_file 1572388096.9754968 1572388097.485367 inc-bigbrain_769_1809_1388.nii 139812065449792
task_duration 1572388096.4987178 1572388097.4975617 1572387396-tmpfsAD_1it_25cpus_40bb-2 139812065449792
read_file 1572388096.488191 1572388096.4894652 bigbrain_769_1206_2776.nii 140611221677888
increment_file 1572388096.4895875 1572388096.961194 bigbrain_769_1206_2776.nii 140611221677888
write_file 1572388096.962112 1572388097.473768 inc-bigbrain_769_1206_2776.nii 140611221677888
task_duration 1572388096.4870842 1572388097.4867268 1572387396-tmpfsAD_1it_25cpus_40bb-2 140611221677888
read_file 1572388096.4812896 1572388096.4828491 bigbrain_769_1206_2082.nii 140598067029824
increment_file 1572388096.4829843 1572388096.952213 bigbrain_769_1206_2082.nii 140598067029824
write_file 1572388096.9531755 1572388097.458499 inc-bigbrain_769_1206_2082.nii 140598067029824
task_duration 1572388096.4800937 1572388097.4717312 1572387396-tmpfsAD_1it_25cpus_40bb-2 140598067029824
read_file 1572388096.4752228 1572388096.4769492 bigbrain_769_1206_1388.nii 140407713920832
increment_file 1572388096.4770813 1572388096.950233 bigbrain_769_1206_1388.nii 140407713920832
write_file 1572388096.9510448 1572388097.4596796 inc-bigbrain_769_1206_1388.nii 140407713920832
task_duration 1572388096.4735777 1572388097.4728951 1572387396-tmpfsAD_1it_25cpus_40bb-2 140407713920832
read_file 1572388096.4695623 1572388096.470877 bigbrain_769_1809_0.nii 139651138094912
increment_file 1572388096.4709868 1572388096.940317 bigbrain_769_1809_0.nii 139651138094912
write_file 1572388096.941233 1572388097.4625268 inc-bigbrain_769_1809_0.nii 139651138094912
task_duration 1572388096.4684043 1572388097.4760015 1572387396-tmpfsAD_1it_25cpus_40bb-2 139651138094912
read_file 1572388096.465736 1572388096.4672265 bigbrain_769_1206_0.nii 139894419068736
increment_file 1572388096.4673548 1572388096.9398441 bigbrain_769_1206_0.nii 139894419068736
write_file 1572388096.9409182 1572388097.4524062 inc-bigbrain_769_1206_0.nii 139894419068736
task_duration 1572388096.464523 1572388097.465708 1572387396-tmpfsAD_1it_25cpus_40bb-2 139894419068736
read_file 1572388096.446362 1572388096.447729 bigbrain_769_0_2776.nii 140358999942976
increment_file 1572388096.4478507 1572388096.9161623 bigbrain_769_0_2776.nii 140358999942976
write_file 1572388096.9172387 1572388097.4302611 inc-bigbrain_769_0_2776.nii 140358999942976
task_duration 1572388096.4451866 1572388097.4439404 1572387396-tmpfsAD_1it_25cpus_40bb-2 140358999942976
read_file 1572388096.4218724 1572388096.4234703 bigbrain_769_0_694.nii 140557114550080
increment_file 1572388096.4236033 1572388096.8966043 bigbrain_769_0_694.nii 140557114550080
write_file 1572388096.8976688 1572388097.404394 inc-bigbrain_769_0_694.nii 140557114550080
task_duration 1572388096.4203386 1572388097.4181738 1572387396-tmpfsAD_1it_25cpus_40bb-2 140557114550080
read_file 1572388095.7800581 1572388095.7815292 bigbrain_769_0_2082.nii 140007182923584
increment_file 1572388095.7816632 1572388096.3759055 bigbrain_769_0_2082.nii 140007182923584
write_file 1572388096.3768613 1572388096.976163 inc-bigbrain_769_0_2082.nii 140007182923584
task_duration 1572388095.778934 1572388096.9895186 1572387396-tmpfsAD_1it_25cpus_40bb-2 140007182923584
read_file 1572388095.7155616 1572388095.7168283 bigbrain_769_0_1388.nii 139986125137728
increment_file 1572388095.716951 1572388096.2127452 bigbrain_769_0_1388.nii 139986125137728
write_file 1572388096.2136564 1572388096.8202317 inc-bigbrain_769_0_1388.nii 139986125137728
task_duration 1572388095.714516 1572388096.8333287 1572387396-tmpfsAD_1it_25cpus_40bb-2 139986125137728
read_file 1572388095.647567 1572388095.6489851 bigbrain_769_0_0.nii 140268245915456
increment_file 1572388095.6491 1572388096.0423 bigbrain_769_0_0.nii 140268245915456
write_file 1572388096.0432305 1572388096.78491 inc-bigbrain_769_0_0.nii 140268245915456
task_duration 1572388095.646362 1572388096.7995296 1572387396-tmpfsAD_1it_25cpus_40bb-2 140268245915456
read_file 1572388095.075053 1572388095.0765696 bigbrain_3076_603_694.nii 140718179166016
increment_file 1572388095.0767488 1572388095.5508401 bigbrain_3076_603_694.nii 140718179166016
write_file 1572388095.5518577 1572388096.0944967 inc-bigbrain_3076_603_694.nii 140718179166016
task_duration 1572388095.0737417 1572388096.1305602 1572387396-tmpfsAD_1it_25cpus_40bb-2 140718179166016
read_file 1572388095.0533838 1572388095.0549731 bigbrain_3076_603_2082.nii 140424348751680
increment_file 1572388095.0550969 1572388095.5122695 bigbrain_3076_603_2082.nii 140424348751680
write_file 1572388095.5130384 1572388096.0270596 inc-bigbrain_3076_603_2082.nii 140424348751680
task_duration 1572388095.0521817 1572388096.0431936 1572387396-tmpfsAD_1it_25cpus_40bb-2 140424348751680
read_file 1572388095.0148022 1572388095.0162942 bigbrain_3076_2412_2776.nii 139807014606656
increment_file 1572388095.016403 1572388095.4989176 bigbrain_3076_2412_2776.nii 139807014606656
write_file 1572388095.4998538 1572388096.0435793 inc-bigbrain_3076_2412_2776.nii 139807014606656
task_duration 1572388095.0136552 1572388096.0609026 1572387396-tmpfsAD_1it_25cpus_40bb-2 139807014606656
read_file 1572388095.014439 1572388095.0157747 bigbrain_3076_603_1388.nii 140315514791744
increment_file 1572388095.0159094 1572388095.4988573 bigbrain_3076_603_1388.nii 140315514791744
write_file 1572388095.4997954 1572388096.0545163 inc-bigbrain_3076_603_1388.nii 140315514791744
task_duration 1572388095.01328 1572388096.0734503 1572387396-tmpfsAD_1it_25cpus_40bb-2 140315514791744
read_file 1572388095.0084746 1572388095.0099752 bigbrain_3076_603_2776.nii 140052367845184
increment_file 1572388095.010099 1572388095.485025 bigbrain_3076_603_2776.nii 140052367845184
write_file 1572388095.486045 1572388096.0172777 inc-bigbrain_3076_603_2776.nii 140052367845184
task_duration 1572388095.0072992 1572388096.0311828 1572387396-tmpfsAD_1it_25cpus_40bb-2 140052367845184
read_file 1572388095.0057933 1572388095.0073702 bigbrain_3076_2412_1388.nii 140301337876288
increment_file 1572388095.007515 1572388095.4711092 bigbrain_3076_2412_1388.nii 140301337876288
write_file 1572388095.4719892 1572388095.996941 inc-bigbrain_3076_2412_1388.nii 140301337876288
task_duration 1572388095.0045671 1572388096.0097349 1572387396-tmpfsAD_1it_25cpus_40bb-2 140301337876288
read_file 1572388094.9835896 1572388094.984825 bigbrain_3076_2412_0.nii 140654510245696
increment_file 1572388094.984984 1572388095.467799 bigbrain_3076_2412_0.nii 140654510245696
write_file 1572388095.468556 1572388096.0136425 inc-bigbrain_3076_2412_0.nii 140654510245696
task_duration 1572388094.9825613 1572388096.0270283 1572387396-tmpfsAD_1it_25cpus_40bb-2 140654510245696
read_file 1572388094.9738472 1572388094.9752464 bigbrain_3076_603_0.nii 140042818242368
increment_file 1572388094.9753706 1572388095.439707 bigbrain_3076_603_0.nii 140042818242368
write_file 1572388095.4404895 1572388095.97826 inc-bigbrain_3076_603_0.nii 140042818242368
task_duration 1572388094.972649 1572388095.990776 1572387396-tmpfsAD_1it_25cpus_40bb-2 140042818242368
read_file 1572388094.9734 1572388094.9747543 bigbrain_3076_1809_2776.nii 140407867631424
increment_file 1572388094.9748738 1572388095.4517944 bigbrain_3076_1809_2776.nii 140407867631424
write_file 1572388095.4525776 1572388095.9961507 inc-bigbrain_3076_1809_2776.nii 140407867631424
task_duration 1572388094.9722831 1572388096.008892 1572387396-tmpfsAD_1it_25cpus_40bb-2 140407867631424
read_file 1572388094.9723966 1572388094.9736829 bigbrain_3076_2412_2082.nii 140042346665792
increment_file 1572388094.973798 1572388095.457753 bigbrain_3076_2412_2082.nii 140042346665792
write_file 1572388095.4585066 1572388096.0014863 inc-bigbrain_3076_2412_2082.nii 140042346665792
task_duration 1572388094.971284 1572388096.0146172 1572387396-tmpfsAD_1it_25cpus_40bb-2 140042346665792
read_file 1572388094.9705586 1572388094.9718587 bigbrain_3076_1809_694.nii 139883742963520
increment_file 1572388094.971973 1572388095.4542089 bigbrain_3076_1809_694.nii 139883742963520
write_file 1572388095.4549422 1572388096.0001216 inc-bigbrain_3076_1809_694.nii 139883742963520
task_duration 1572388094.9694278 1572388096.0130136 1572387396-tmpfsAD_1it_25cpus_40bb-2 139883742963520
read_file 1572388094.9674962 1572388094.9690113 bigbrain_3076_2412_694.nii 139921752655680
increment_file 1572388094.9691446 1572388095.4396188 bigbrain_3076_2412_694.nii 139921752655680
write_file 1572388095.4406781 1572388095.9770362 inc-bigbrain_3076_2412_694.nii 139921752655680
task_duration 1572388094.9662771 1572388095.9895566 1572387396-tmpfsAD_1it_25cpus_40bb-2 139921752655680
read_file 1572388094.9259593 1572388094.9274378 bigbrain_3076_1809_2082.nii 140539197544256
increment_file 1572388094.9275599 1572388095.405797 bigbrain_3076_1809_2082.nii 140539197544256
write_file 1572388095.4068391 1572388095.9462745 inc-bigbrain_3076_1809_2082.nii 140539197544256
task_duration 1572388094.9247699 1572388095.961101 1572387396-tmpfsAD_1it_25cpus_40bb-2 140539197544256
read_file 1572388094.9241953 1572388094.9257169 bigbrain_3076_1809_0.nii 140208768206656
increment_file 1572388094.925851 1572388095.4013488 bigbrain_3076_1809_0.nii 140208768206656
write_file 1572388095.4024067 1572388095.9446933 inc-bigbrain_3076_1809_0.nii 140208768206656
task_duration 1572388094.9229796 1572388095.958812 1572387396-tmpfsAD_1it_25cpus_40bb-2 140208768206656
read_file 1572388094.919272 1572388094.9206948 bigbrain_3076_1809_1388.nii 140275548952384
increment_file 1572388094.920832 1572388095.3928819 bigbrain_3076_1809_1388.nii 140275548952384
write_file 1572388095.3938684 1572388095.9276798 inc-bigbrain_3076_1809_1388.nii 140275548952384
task_duration 1572388094.9180562 1572388095.9410465 1572387396-tmpfsAD_1it_25cpus_40bb-2 140275548952384
read_file 1572388094.9009166 1572388094.902373 bigbrain_3076_1206_2776.nii 139920784348992
increment_file 1572388094.9024937 1572388095.3601387 bigbrain_3076_1206_2776.nii 139920784348992
write_file 1572388095.3610542 1572388095.8782463 inc-bigbrain_3076_1206_2776.nii 139920784348992
task_duration 1572388094.8996997 1572388095.891203 1572387396-tmpfsAD_1it_25cpus_40bb-2 139920784348992
read_file 1572388094.8820949 1572388094.884021 bigbrain_3076_1206_2082.nii 139839998625600
increment_file 1572388094.8841732 1572388095.338908 bigbrain_3076_1206_2082.nii 139839998625600
write_file 1572388095.3398383 1572388095.8791578 inc-bigbrain_3076_1206_2082.nii 139839998625600
task_duration 1572388094.880346 1572388095.8924446 1572387396-tmpfsAD_1it_25cpus_40bb-2 139839998625600
read_file 1572388094.869269 1572388094.8715122 bigbrain_3076_1206_694.nii 139702849931072
increment_file 1572388094.871705 1572388095.349518 bigbrain_3076_1206_694.nii 139702849931072
write_file 1572388095.3503845 1572388095.887926 inc-bigbrain_3076_1206_694.nii 139702849931072
task_duration 1572388094.8673031 1572388095.900964 1572387396-tmpfsAD_1it_25cpus_40bb-2 139702849931072
read_file 1572388094.8633318 1572388094.865212 bigbrain_3076_1206_1388.nii 140167329908544
increment_file 1572388094.865355 1572388095.3223078 bigbrain_3076_1206_1388.nii 140167329908544
write_file 1572388095.3232658 1572388095.8814068 inc-bigbrain_3076_1206_1388.nii 140167329908544
task_duration 1572388094.8616247 1572388095.8947394 1572387396-tmpfsAD_1it_25cpus_40bb-2 140167329908544
read_file 1572388094.8466325 1572388094.8484418 bigbrain_3076_1206_0.nii 139717256017728
increment_file 1572388094.8485837 1572388095.3008487 bigbrain_3076_1206_0.nii 139717256017728
write_file 1572388095.3018427 1572388095.8525693 inc-bigbrain_3076_1206_0.nii 139717256017728
task_duration 1572388094.8449557 1572388095.8656628 1572387396-tmpfsAD_1it_25cpus_40bb-2 139717256017728
read_file 1572388094.8337002 1572388094.8353374 bigbrain_3076_0_694.nii 140199805822784
increment_file 1572388094.8354769 1572388095.3283398 bigbrain_3076_0_694.nii 140199805822784
write_file 1572388095.329152 1572388095.8640118 inc-bigbrain_3076_0_694.nii 140199805822784
task_duration 1572388094.832124 1572388095.877763 1572387396-tmpfsAD_1it_25cpus_40bb-2 140199805822784
read_file 1572388094.7990732 1572388094.800855 bigbrain_3076_0_2776.nii 139911710525248
increment_file 1572388094.8010068 1572388095.3182676 bigbrain_3076_0_2776.nii 139911710525248
write_file 1572388095.319365 1572388095.8815954 inc-bigbrain_3076_0_2776.nii 139911710525248
task_duration 1572388094.7974963 1572388095.8953815 1572387396-tmpfsAD_1it_25cpus_40bb-2 139911710525248
read_file 1572388094.282721 1572388094.2839956 bigbrain_3076_0_2082.nii 140339892868928
increment_file 1572388094.2841136 1572388094.8847034 bigbrain_3076_0_2082.nii 140339892868928
write_file 1572388094.8853674 1572388095.3585262 inc-bigbrain_3076_0_2082.nii 140339892868928
task_duration 1572388094.2816825 1572388095.3717215 1572387396-tmpfsAD_1it_25cpus_40bb-2 140339892868928
read_file 1572388094.2280262 1572388094.2293653 bigbrain_3076_0_1388.nii 140186009196352
increment_file 1572388094.229477 1572388094.7609801 bigbrain_3076_0_1388.nii 140186009196352
write_file 1572388094.7618217 1572388095.3626418 inc-bigbrain_3076_0_1388.nii 140186009196352
task_duration 1572388094.2269607 1572388095.376666 1572387396-tmpfsAD_1it_25cpus_40bb-2 140186009196352
read_file 1572388094.0880094 1572388094.0898373 bigbrain_3076_0_0.nii 139643124651840
increment_file 1572388094.0899796 1572388094.496488 bigbrain_3076_0_0.nii 139643124651840
write_file 1572388094.4974146 1572388095.2107675 inc-bigbrain_3076_0_0.nii 139643124651840
task_duration 1572388094.0863054 1572388095.2249877 1572387396-tmpfsAD_1it_25cpus_40bb-2 139643124651840
read_file 1572388093.4885347 1572388093.4901636 bigbrain_2307_603_2776.nii 139641337747264
increment_file 1572388093.4903111 1572388093.9621696 bigbrain_2307_603_2776.nii 139641337747264
write_file 1572388093.96292 1572388094.516293 inc-bigbrain_2307_603_2776.nii 139641337747264
task_duration 1572388093.4873033 1572388094.5702271 1572387396-tmpfsAD_1it_25cpus_40bb-2 139641337747264
read_file 1572388093.4780388 1572388093.4797244 bigbrain_2307_2412_1388.nii 140175465158464
increment_file 1572388093.4798846 1572388093.9396071 bigbrain_2307_2412_1388.nii 140175465158464
write_file 1572388093.9403663 1572388094.4645345 inc-bigbrain_2307_2412_1388.nii 140175465158464
task_duration 1572388093.4768157 1572388094.4802716 1572387396-tmpfsAD_1it_25cpus_40bb-2 140175465158464
read_file 1572388093.4744294 1572388093.4759526 bigbrain_2307_2412_694.nii 139820242384704
increment_file 1572388093.4760697 1572388093.9360816 bigbrain_2307_2412_694.nii 139820242384704
write_file 1572388093.9368725 1572388094.4649374 inc-bigbrain_2307_2412_694.nii 139820242384704
task_duration 1572388093.473202 1572388094.4960012 1572387396-tmpfsAD_1it_25cpus_40bb-2 139820242384704
read_file 1572388093.4735332 1572388093.475057 bigbrain_2307_603_694.nii 139779570575168
increment_file 1572388093.475215 1572388093.9476943 bigbrain_2307_603_694.nii 139779570575168
write_file 1572388093.9485104 1572388094.5388582 inc-bigbrain_2307_603_694.nii 139779570575168
task_duration 1572388093.4723015 1572388094.5684812 1572387396-tmpfsAD_1it_25cpus_40bb-2 139779570575168
read_file 1572388093.4574492 1572388093.4588628 bigbrain_2307_603_0.nii 139839613249344
increment_file 1572388093.458991 1572388093.9202123 bigbrain_2307_603_0.nii 139839613249344
write_file 1572388093.9210145 1572388094.4392033 inc-bigbrain_2307_603_0.nii 139839613249344
task_duration 1572388093.4563513 1572388094.454909 1572387396-tmpfsAD_1it_25cpus_40bb-2 139839613249344
read_file 1572388093.4241579 1572388093.4255173 bigbrain_2307_1809_2776.nii 139698097276736
increment_file 1572388093.4256246 1572388093.8884997 bigbrain_2307_1809_2776.nii 139698097276736
write_file 1572388093.8892722 1572388094.4252656 inc-bigbrain_2307_1809_2776.nii 139698097276736
task_duration 1572388093.423026 1572388094.442305 1572387396-tmpfsAD_1it_25cpus_40bb-2 139698097276736
read_file 1572388093.4215882 1572388093.4232159 bigbrain_2307_2412_2776.nii 140534961010496
increment_file 1572388093.4233587 1572388093.900599 bigbrain_2307_2412_2776.nii 140534961010496
write_file 1572388093.9014893 1572388094.431541 inc-bigbrain_2307_2412_2776.nii 140534961010496
task_duration 1572388093.420321 1572388094.4463232 1572387396-tmpfsAD_1it_25cpus_40bb-2 140534961010496
read_file 1572388093.4215863 1572388093.42321 bigbrain_2307_1809_694.nii 140305881192256
increment_file 1572388093.4233592 1572388093.900566 bigbrain_2307_1809_694.nii 140305881192256
write_file 1572388093.901486 1572388094.4366772 inc-bigbrain_2307_1809_694.nii 140305881192256
task_duration 1572388093.4203005 1572388094.4558127 1572387396-tmpfsAD_1it_25cpus_40bb-2 140305881192256
read_file 1572388093.4215157 1572388093.4228895 bigbrain_2307_2412_2082.nii 140093676660544
increment_file 1572388093.4230075 1572388093.8856869 bigbrain_2307_2412_2082.nii 140093676660544
write_file 1572388093.8864703 1572388094.4207513 inc-bigbrain_2307_2412_2082.nii 140093676660544
task_duration 1572388093.4204144 1572388094.4373546 1572387396-tmpfsAD_1it_25cpus_40bb-2 140093676660544
read_file 1572388093.4170637 1572388093.4184134 bigbrain_2307_603_2082.nii 140398143862592
increment_file 1572388093.418522 1572388093.8807187 bigbrain_2307_603_2082.nii 140398143862592
write_file 1572388093.8815548 1572388094.418515 inc-bigbrain_2307_603_2082.nii 140398143862592
task_duration 1572388093.4159076 1572388094.434952 1572387396-tmpfsAD_1it_25cpus_40bb-2 140398143862592
read_file 1572388093.4159775 1572388093.4173708 bigbrain_2307_603_1388.nii 140652747106112
increment_file 1572388093.417497 1572388093.8929825 bigbrain_2307_603_1388.nii 140652747106112
write_file 1572388093.8937986 1572388094.4259646 inc-bigbrain_2307_603_1388.nii 140652747106112
task_duration 1572388093.414811 1572388094.4419315 1572387396-tmpfsAD_1it_25cpus_40bb-2 140652747106112
read_file 1572388093.4057615 1572388093.4073358 bigbrain_2307_2412_0.nii 140331844630336
increment_file 1572388093.407477 1572388093.882757 bigbrain_2307_2412_0.nii 140331844630336
write_file 1572388093.8837078 1572388094.4185305 inc-bigbrain_2307_2412_0.nii 140331844630336
task_duration 1572388093.4044704 1572388094.434905 1572387396-tmpfsAD_1it_25cpus_40bb-2 140331844630336
read_file 1572388093.3558497 1572388093.3573613 bigbrain_2307_1809_1388.nii 139669963409216
increment_file 1572388093.3574839 1572388093.814668 bigbrain_2307_1809_1388.nii 139669963409216
write_file 1572388093.8155947 1572388094.3384268 inc-bigbrain_2307_1809_1388.nii 139669963409216
task_duration 1572388093.3546448 1572388094.351274 1572387396-tmpfsAD_1it_25cpus_40bb-2 139669963409216
read_file 1572388093.3510184 1572388093.3525991 bigbrain_2307_1809_2082.nii 140033611188032
increment_file 1572388093.3527346 1572388093.8261564 bigbrain_2307_1809_2082.nii 140033611188032
write_file 1572388093.8272004 1572388094.3564458 inc-bigbrain_2307_1809_2082.nii 140033611188032
task_duration 1572388093.3497367 1572388094.3705297 1572387396-tmpfsAD_1it_25cpus_40bb-2 140033611188032
read_file 1572388093.3496096 1572388093.3509488 bigbrain_2307_1206_694.nii 139666929366848
increment_file 1572388093.3510573 1572388093.816211 bigbrain_2307_1206_694.nii 139666929366848
write_file 1572388093.8169549 1572388094.3456237 inc-bigbrain_2307_1206_694.nii 139666929366848
task_duration 1572388093.348481 1572388094.3594391 1572387396-tmpfsAD_1it_25cpus_40bb-2 139666929366848
read_file 1572388093.3438654 1572388093.3451467 bigbrain_2307_1809_0.nii 140253557688128
increment_file 1572388093.345258 1572388093.8167067 bigbrain_2307_1809_0.nii 140253557688128
write_file 1572388093.8173473 1572388094.3492222 inc-bigbrain_2307_1809_0.nii 140253557688128
task_duration 1572388093.342727 1572388094.3630543 1572387396-tmpfsAD_1it_25cpus_40bb-2 140253557688128
read_file 1572388093.3300517 1572388093.3313496 bigbrain_2307_1206_2776.nii 140432573417280
increment_file 1572388093.3314576 1572388093.7974372 bigbrain_2307_1206_2776.nii 140432573417280
write_file 1572388093.7982209 1572388094.3225152 inc-bigbrain_2307_1206_2776.nii 140432573417280
task_duration 1572388093.328931 1572388094.335648 1572387396-tmpfsAD_1it_25cpus_40bb-2 140432573417280
read_file 1572388093.3130581 1572388093.3142927 bigbrain_2307_1206_1388.nii 140396826318656
increment_file 1572388093.314398 1572388093.7825882 bigbrain_2307_1206_1388.nii 140396826318656
write_file 1572388093.7833452 1572388094.3086948 inc-bigbrain_2307_1206_1388.nii 140396826318656
task_duration 1572388093.3119593 1572388094.322632 1572387396-tmpfsAD_1it_25cpus_40bb-2 140396826318656
read_file 1572388093.2921016 1572388093.29375 bigbrain_2307_1206_2082.nii 140250317285184
increment_file 1572388093.2938855 1572388093.7637305 bigbrain_2307_1206_2082.nii 140250317285184
write_file 1572388093.7645183 1572388094.271006 inc-bigbrain_2307_1206_2082.nii 140250317285184
task_duration 1572388093.2904878 1572388094.2845235 1572387396-tmpfsAD_1it_25cpus_40bb-2 140250317285184
read_file 1572388093.290133 1572388093.2920787 bigbrain_2307_0_694.nii 140694944552768
increment_file 1572388093.292227 1572388093.7420888 bigbrain_2307_0_694.nii 140694944552768
write_file 1572388093.7429824 1572388094.3021064 inc-bigbrain_2307_0_694.nii 140694944552768
task_duration 1572388093.2884078 1572388094.3154957 1572387396-tmpfsAD_1it_25cpus_40bb-2 140694944552768
read_file 1572388093.2795105 1572388093.280962 bigbrain_2307_1206_0.nii 139659768207168
increment_file 1572388093.2810793 1572388093.739664 bigbrain_2307_1206_0.nii 139659768207168
write_file 1572388093.7406456 1572388094.2794595 inc-bigbrain_2307_1206_0.nii 139659768207168
task_duration 1572388093.2778018 1572388094.2924914 1572387396-tmpfsAD_1it_25cpus_40bb-2 139659768207168
read_file 1572388093.1099482 1572388093.1117556 bigbrain_2307_0_2776.nii 139678572357440
increment_file 1572388093.1119063 1572388093.6513312 bigbrain_2307_0_2776.nii 139678572357440
write_file 1572388093.6523693 1572388094.2404172 inc-bigbrain_2307_0_2776.nii 139678572357440
task_duration 1572388093.1081374 1572388094.2533007 1572387396-tmpfsAD_1it_25cpus_40bb-2 139678572357440
read_file 1572388092.8302546 1572388092.8315043 bigbrain_2307_0_2082.nii 139886308263744
increment_file 1572388092.8316088 1572388093.4550872 bigbrain_2307_0_2082.nii 139886308263744
write_file 1572388093.4558303 1572388093.9446511 inc-bigbrain_2307_0_2082.nii 139886308263744
task_duration 1572388092.8291426 1572388093.9583821 1572387396-tmpfsAD_1it_25cpus_40bb-2 139886308263744
read_file 1572388092.7294757 1572388092.7308886 bigbrain_2307_0_1388.nii 139904560695104
increment_file 1572388092.7310112 1572388093.2956498 bigbrain_2307_0_1388.nii 139904560695104
write_file 1572388093.29634 1572388093.869649 inc-bigbrain_2307_0_1388.nii 139904560695104
task_duration 1572388092.7282844 1572388093.8839197 1572387396-tmpfsAD_1it_25cpus_40bb-2 139904560695104
read_file 1572388092.5943553 1572388092.5956845 bigbrain_2307_0_0.nii 140109406930752
increment_file 1572388092.5958123 1572388093.1098206 bigbrain_2307_0_0.nii 140109406930752
write_file 1572388093.1106954 1572388093.6813238 inc-bigbrain_2307_0_0.nii 140109406930752
task_duration 1572388092.5931911 1572388093.6946154 1572387396-tmpfsAD_1it_25cpus_40bb-2 140109406930752
read_file 1572388091.8823316 1572388091.8840258 bigbrain_1538_603_694.nii 140067877484352
increment_file 1572388091.8841767 1572388092.3475766 bigbrain_1538_603_694.nii 140067877484352
write_file 1572388092.3485248 1572388092.9304025 inc-bigbrain_1538_603_694.nii 140067877484352
task_duration 1572388091.8811154 1572388092.9517698 1572387396-tmpfsAD_1it_25cpus_40bb-2 140067877484352
read_file 1572388091.876558 1572388091.878318 bigbrain_1538_2412_1388.nii 139737111033664
increment_file 1572388091.8784878 1572388092.3363428 bigbrain_1538_2412_1388.nii 139737111033664
write_file 1572388092.3371575 1572388092.8806727 inc-bigbrain_1538_2412_1388.nii 139737111033664
task_duration 1572388091.8752975 1572388092.8958068 1572387396-tmpfsAD_1it_25cpus_40bb-2 139737111033664
read_file 1572388091.8306193 1572388091.8321385 bigbrain_1538_2412_2082.nii 140716681848640
increment_file 1572388091.832289 1572388092.304147 bigbrain_1538_2412_2082.nii 140716681848640
write_file 1572388092.3048618 1572388092.8831918 inc-bigbrain_1538_2412_2082.nii 140716681848640
task_duration 1572388091.829469 1572388092.8988643 1572387396-tmpfsAD_1it_25cpus_40bb-2 140716681848640
read_file 1572388091.8286157 1572388091.8302019 bigbrain_1538_2412_0.nii 140329843504960
increment_file 1572388091.830334 1572388092.3052979 bigbrain_1538_2412_0.nii 140329843504960
write_file 1572388092.306161 1572388092.8200123 inc-bigbrain_1538_2412_0.nii 140329843504960
task_duration 1572388091.8274093 1572388092.8341484 1572387396-tmpfsAD_1it_25cpus_40bb-2 140329843504960
read_file 1572388091.828517 1572388091.830132 bigbrain_1538_603_1388.nii 139921954379584
increment_file 1572388091.8302705 1572388092.3024306 bigbrain_1538_603_1388.nii 139921954379584
write_file 1572388092.3033428 1572388092.8778288 inc-bigbrain_1538_603_1388.nii 139921954379584
task_duration 1572388091.8272696 1572388092.8917813 1572387396-tmpfsAD_1it_25cpus_40bb-2 139921954379584
read_file 1572388091.8250766 1572388091.826382 bigbrain_1538_603_0.nii 140128891164480
increment_file 1572388091.8265104 1572388092.298834 bigbrain_1538_603_0.nii 140128891164480
write_file 1572388092.2996411 1572388092.8150258 inc-bigbrain_1538_603_0.nii 140128891164480
task_duration 1572388091.8238983 1572388092.828919 1572387396-tmpfsAD_1it_25cpus_40bb-2 140128891164480
read_file 1572388091.8165467 1572388091.8180766 bigbrain_1538_603_2776.nii 140478879680320
increment_file 1572388091.81821 1572388092.2911437 bigbrain_1538_603_2776.nii 140478879680320
write_file 1572388092.2920396 1572388092.8396363 inc-bigbrain_1538_603_2776.nii 140478879680320
task_duration 1572388091.8153539 1572388092.8537998 1572387396-tmpfsAD_1it_25cpus_40bb-2 140478879680320
read_file 1572388091.814709 1572388091.816128 bigbrain_1538_2412_694.nii 140461195364160
increment_file 1572388091.8162508 1572388092.2888842 bigbrain_1538_2412_694.nii 140461195364160
write_file 1572388092.289715 1572388092.8006763 inc-bigbrain_1538_2412_694.nii 140461195364160
task_duration 1572388091.8135607 1572388092.8154583 1572387396-tmpfsAD_1it_25cpus_40bb-2 140461195364160
read_file 1572388091.8071887 1572388091.8086479 bigbrain_1538_1809_2776.nii 139716725770048
increment_file 1572388091.8087707 1572388092.2814844 bigbrain_1538_1809_2776.nii 139716725770048
write_file 1572388092.2823305 1572388092.8470492 inc-bigbrain_1538_1809_2776.nii 139716725770048
task_duration 1572388091.805999 1572388092.8634467 1572387396-tmpfsAD_1it_25cpus_40bb-2 139716725770048
read_file 1572388091.8005795 1572388091.802191 bigbrain_1538_1206_694.nii 140188908398400
increment_file 1572388091.8023403 1572388092.2789593 bigbrain_1538_1206_694.nii 140188908398400
write_file 1572388092.2799294 1572388092.7942345 inc-bigbrain_1538_1206_694.nii 140188908398400
task_duration 1572388091.799303 1572388092.808925 1572387396-tmpfsAD_1it_25cpus_40bb-2 140188908398400
read_file 1572388091.7972462 1572388091.7986336 bigbrain_1538_603_2082.nii 139966136272704
increment_file 1572388091.7987452 1572388092.2690787 bigbrain_1538_603_2082.nii 139966136272704
write_file 1572388092.2699504 1572388092.820907 inc-bigbrain_1538_603_2082.nii 139966136272704
task_duration 1572388091.796093 1572388092.836809 1572387396-tmpfsAD_1it_25cpus_40bb-2 139966136272704
read_file 1572388091.7931468 1572388091.794643 bigbrain_1538_2412_2776.nii 139956952377152
increment_file 1572388091.794771 1572388092.2634609 bigbrain_1538_2412_2776.nii 139956952377152
write_file 1572388092.26437 1572388092.8291347 inc-bigbrain_1538_2412_2776.nii 139956952377152
task_duration 1572388091.791936 1572388092.8441987 1572387396-tmpfsAD_1it_25cpus_40bb-2 139956952377152
read_file 1572388091.7862866 1572388091.787627 bigbrain_1538_1809_1388.nii 140032030787392
increment_file 1572388091.7877338 1572388092.25968 bigbrain_1538_1809_1388.nii 140032030787392
write_file 1572388092.2605028 1572388092.8319366 inc-bigbrain_1538_1809_1388.nii 140032030787392
task_duration 1572388091.785147 1572388092.8468592 1572387396-tmpfsAD_1it_25cpus_40bb-2 140032030787392
read_file 1572388091.779132 1572388091.7806606 bigbrain_1538_1206_2776.nii 140580060919616
increment_file 1572388091.7808053 1572388092.2577271 bigbrain_1538_1206_2776.nii 140580060919616
write_file 1572388092.2587252 1572388092.794948 inc-bigbrain_1538_1206_2776.nii 140580060919616
task_duration 1572388091.7779524 1572388092.809415 1572387396-tmpfsAD_1it_25cpus_40bb-2 140580060919616
read_file 1572388091.7712774 1572388091.7725995 bigbrain_1538_1809_0.nii 140421089974080
increment_file 1572388091.7727072 1572388092.242394 bigbrain_1538_1809_0.nii 140421089974080
write_file 1572388092.2432992 1572388092.8169649 inc-bigbrain_1538_1809_0.nii 140421089974080
task_duration 1572388091.7701516 1572388092.832126 1572387396-tmpfsAD_1it_25cpus_40bb-2 140421089974080
read_file 1572388091.7614899 1572388091.762813 bigbrain_1538_0_694.nii 139757452113728
increment_file 1572388091.7629292 1572388092.2384434 bigbrain_1538_0_694.nii 139757452113728
write_file 1572388092.239272 1572388092.7719007 inc-bigbrain_1538_0_694.nii 139757452113728
task_duration 1572388091.7603548 1572388092.7857509 1572387396-tmpfsAD_1it_25cpus_40bb-2 139757452113728
read_file 1572388091.7543962 1572388091.7559757 bigbrain_1538_1206_2082.nii 139765037082432
increment_file 1572388091.7561119 1572388092.2291663 bigbrain_1538_1206_2082.nii 139765037082432
write_file 1572388092.230162 1572388092.7551017 inc-bigbrain_1538_1206_2082.nii 139765037082432
task_duration 1572388091.753053 1572388092.7700417 1572387396-tmpfsAD_1it_25cpus_40bb-2 139765037082432
read_file 1572388091.7521112 1572388091.754053 bigbrain_1538_1809_694.nii 139652905236288
increment_file 1572388091.7542026 1572388092.2262373 bigbrain_1538_1809_694.nii 139652905236288
write_file 1572388092.2271643 1572388092.796711 inc-bigbrain_1538_1809_694.nii 139652905236288
task_duration 1572388091.7502432 1572388092.8126023 1572387396-tmpfsAD_1it_25cpus_40bb-2 139652905236288
read_file 1572388091.7481668 1572388091.7496068 bigbrain_1538_1809_2082.nii 139705137768256
increment_file 1572388091.7497308 1572388092.2152684 bigbrain_1538_1809_2082.nii 139705137768256
write_file 1572388092.2162993 1572388092.7425373 inc-bigbrain_1538_1809_2082.nii 139705137768256
task_duration 1572388091.7469754 1572388092.7565775 1572387396-tmpfsAD_1it_25cpus_40bb-2 139705137768256
read_file 1572388091.7368264 1572388091.7381558 bigbrain_1538_1206_1388.nii 140201131984704
increment_file 1572388091.7382643 1572388092.209588 bigbrain_1538_1206_1388.nii 140201131984704
write_file 1572388092.2105668 1572388092.7625353 inc-bigbrain_1538_1206_1388.nii 140201131984704
task_duration 1572388091.7356951 1572388092.7836483 1572387396-tmpfsAD_1it_25cpus_40bb-2 140201131984704
read_file 1572388091.698875 1572388091.7010844 bigbrain_1538_1206_0.nii 139961438672704
increment_file 1572388091.701247 1572388092.1749985 bigbrain_1538_1206_0.nii 139961438672704
write_file 1572388092.1761243 1572388092.6921096 inc-bigbrain_1538_1206_0.nii 139961438672704
task_duration 1572388091.6969166 1572388092.7101552 1572387396-tmpfsAD_1it_25cpus_40bb-2 139961438672704
read_file 1572388091.682921 1572388091.6845853 bigbrain_1538_0_2776.nii 139671642265408
increment_file 1572388091.6847198 1572388092.1507065 bigbrain_1538_0_2776.nii 139671642265408
write_file 1572388092.151526 1572388092.659589 inc-bigbrain_1538_0_2776.nii 139671642265408
task_duration 1572388091.6812606 1572388092.674878 1572387396-tmpfsAD_1it_25cpus_40bb-2 139671642265408
read_file 1572388091.26188 1572388091.2630842 bigbrain_1538_0_2082.nii 139960830547776
increment_file 1572388091.2631915 1572388091.8862417 bigbrain_1538_0_2082.nii 139960830547776
write_file 1572388091.887187 1572388092.4697206 inc-bigbrain_1538_0_2082.nii 139960830547776
task_duration 1572388091.2608652 1572388092.484802 1572387396-tmpfsAD_1it_25cpus_40bb-2 139960830547776
read_file 1572388091.2379375 1572388091.239122 bigbrain_1538_0_1388.nii 139679299610432
increment_file 1572388091.2392273 1572388091.8662806 bigbrain_1538_0_1388.nii 139679299610432
write_file 1572388091.8670778 1572388092.351235 inc-bigbrain_1538_0_1388.nii 139679299610432
task_duration 1572388091.2368991 1572388092.3656507 1572387396-tmpfsAD_1it_25cpus_40bb-2 139679299610432
read_file 1572388091.1926632 1572388091.193865 bigbrain_1538_0_0.nii 140010257246016
increment_file 1572388091.193977 1572388091.767186 bigbrain_1538_0_0.nii 140010257246016
write_file 1572388091.7678907 1572388092.2399225 inc-bigbrain_1538_0_0.nii 140010257246016
task_duration 1572388091.1915796 1572388092.2529945 1572387396-tmpfsAD_1it_25cpus_40bb-2 140010257246016
read_file 1572388089.8973796 1572388089.8995812 bigbrain_0_0_2776.nii 139768590227264
increment_file 1572388089.899782 1572388090.516801 bigbrain_0_0_2776.nii 139768590227264
write_file 1572388090.5177174 1572388091.2289069 inc-bigbrain_0_0_2776.nii 139768590227264
task_duration 1572388089.895663 1572388091.24503 1572387396-tmpfsAD_1it_25cpus_40bb-2 139768590227264
read_file 1572388089.895048 1572388089.8970873 bigbrain_0_1809_1388.nii 140269526841152
increment_file 1572388089.8972547 1572388090.5155292 bigbrain_0_1809_1388.nii 140269526841152
write_file 1572388090.5165372 1572388091.233822 inc-bigbrain_0_1809_1388.nii 140269526841152
task_duration 1572388089.8932848 1572388091.250109 1572387396-tmpfsAD_1it_25cpus_40bb-2 140269526841152
read_file 1572388089.8936539 1572388089.8959668 bigbrain_0_1206_2082.nii 140020459464512
increment_file 1572388089.896126 1572388090.547082 bigbrain_0_1206_2082.nii 140020459464512
write_file 1572388090.5480971 1572388091.2505264 inc-bigbrain_0_1206_2082.nii 140020459464512
task_duration 1572388089.8917127 1572388091.264686 1572387396-tmpfsAD_1it_25cpus_40bb-2 140020459464512
read_file 1572388089.8935587 1572388089.8958564 bigbrain_0_1809_2082.nii 139675650225984
increment_file 1572388089.8960164 1572388090.5395563 bigbrain_0_1809_2082.nii 139675650225984
write_file 1572388090.540416 1572388091.2447736 inc-bigbrain_0_1809_2082.nii 139675650225984
task_duration 1572388089.8916416 1572388091.2596552 1572387396-tmpfsAD_1it_25cpus_40bb-2 139675650225984
read_file 1572388089.8940725 1572388089.8954382 bigbrain_0_603_2776.nii 139779961042752
increment_file 1572388089.8955412 1572388090.37496 bigbrain_0_603_2776.nii 139779961042752
write_file 1572388090.3756125 1572388090.8438847 inc-bigbrain_0_603_2776.nii 139779961042752
task_duration 1572388089.892774 1572388090.8587441 1572387396-tmpfsAD_1it_25cpus_40bb-2 139779961042752
read_file 1572388089.8929365 1572388089.8951192 bigbrain_0_603_2082.nii 139991650481984
increment_file 1572388089.8953006 1572388090.5389295 bigbrain_0_603_2082.nii 139991650481984
write_file 1572388090.5398784 1572388091.2473123 inc-bigbrain_0_603_2082.nii 139991650481984
task_duration 1572388089.891079 1572388091.2621183 1572387396-tmpfsAD_1it_25cpus_40bb-2 139991650481984
read_file 1572388089.892884 1572388089.8950841 bigbrain_0_2412_694.nii 140479660148544
increment_file 1572388089.895266 1572388090.5359943 bigbrain_0_2412_694.nii 140479660148544
write_file 1572388090.5370653 1572388091.2499802 inc-bigbrain_0_2412_694.nii 140479660148544
task_duration 1572388089.891071 1572388091.2641299 1572387396-tmpfsAD_1it_25cpus_40bb-2 140479660148544
read_file 1572388089.89258 1572388089.8940961 bigbrain_0_603_1388.nii 140075912132416
increment_file 1572388089.894217 1572388090.5061371 bigbrain_0_603_1388.nii 140075912132416
write_file 1572388090.5072114 1572388091.231195 inc-bigbrain_0_603_1388.nii 140075912132416
task_duration 1572388089.8913944 1572388091.247343 1572387396-tmpfsAD_1it_25cpus_40bb-2 140075912132416
read_file 1572388089.8923354 1572388089.8936114 bigbrain_0_1206_694.nii 140294274410304
increment_file 1572388089.893711 1572388090.3797727 bigbrain_0_1206_694.nii 140294274410304
write_file 1572388090.3805566 1572388090.857284 inc-bigbrain_0_1206_694.nii 140294274410304
task_duration 1572388089.8911617 1572388090.872319 1572387396-tmpfsAD_1it_25cpus_40bb-2 140294274410304
read_file 1572388089.891774 1572388089.8931448 bigbrain_0_2412_1388.nii 140430492198720
increment_file 1572388089.8932514 1572388090.489195 bigbrain_0_2412_1388.nii 140430492198720
write_file 1572388090.4904013 1572388091.196164 inc-bigbrain_0_2412_1388.nii 140430492198720
task_duration 1572388089.890561 1572388091.2140203 1572387396-tmpfsAD_1it_25cpus_40bb-2 140430492198720
read_file 1572388089.891511 1572388089.8928084 bigbrain_0_0_694.nii 140663981651776
increment_file 1572388089.8929138 1572388090.5100849 bigbrain_0_0_694.nii 140663981651776
write_file 1572388090.5109074 1572388091.1971405 inc-bigbrain_0_0_694.nii 140663981651776
task_duration 1572388089.890201 1572388091.2147741 1572387396-tmpfsAD_1it_25cpus_40bb-2 140663981651776
read_file 1572388089.8905697 1572388089.8918636 bigbrain_0_1809_2776.nii 140685079414592
increment_file 1572388089.8919694 1572388090.5089567 bigbrain_0_1809_2776.nii 140685079414592
write_file 1572388090.5097272 1572388091.2432468 inc-bigbrain_0_1809_2776.nii 140685079414592
task_duration 1572388089.8893137 1572388091.2583127 1572387396-tmpfsAD_1it_25cpus_40bb-2 140685079414592
read_file 1572388089.890367 1572388089.8916752 bigbrain_0_1809_0.nii 140120157050688
increment_file 1572388089.8918 1572388090.5090344 bigbrain_0_1809_0.nii 140120157050688
write_file 1572388090.5098276 1572388091.2392697 inc-bigbrain_0_1809_0.nii 140120157050688
task_duration 1572388089.8892179 1572388091.2548027 1572387396-tmpfsAD_1it_25cpus_40bb-2 140120157050688
read_file 1572388089.8902993 1572388089.8916519 bigbrain_0_1206_1388.nii 140543810144064
increment_file 1572388089.8917584 1572388090.500379 bigbrain_0_1206_1388.nii 140543810144064
write_file 1572388090.5013254 1572388091.1572828 inc-bigbrain_0_1206_1388.nii 140543810144064
task_duration 1572388089.889153 1572388091.1770468 1572387396-tmpfsAD_1it_25cpus_40bb-2 140543810144064
read_file 1572388089.8903506 1572388089.891644 bigbrain_0_2412_2082.nii 139655892604736
increment_file 1572388089.891741 1572388090.5080066 bigbrain_0_2412_2082.nii 139655892604736
write_file 1572388090.5087955 1572388091.2216747 inc-bigbrain_0_2412_2082.nii 139655892604736
task_duration 1572388089.8891988 1572388091.237723 1572387396-tmpfsAD_1it_25cpus_40bb-2 139655892604736
read_file 1572388089.8902946 1572388089.8916266 bigbrain_0_2412_2776.nii 140307239733056
increment_file 1572388089.8917284 1572388090.5019312 bigbrain_0_2412_2776.nii 140307239733056
write_file 1572388090.5028634 1572388091.2803392 inc-bigbrain_0_2412_2776.nii 140307239733056
task_duration 1572388089.8891473 1572388091.294446 1572387396-tmpfsAD_1it_25cpus_40bb-2 140307239733056
read_file 1572388089.8902733 1572388089.8915966 bigbrain_0_1206_2776.nii 140470733403968
increment_file 1572388089.8917005 1572388090.5086758 bigbrain_0_1206_2776.nii 140470733403968
write_file 1572388090.5094643 1572388091.2645643 inc-bigbrain_0_1206_2776.nii 140470733403968
task_duration 1572388089.889131 1572388091.2775645 1572387396-tmpfsAD_1it_25cpus_40bb-2 140470733403968
read_file 1572388089.8903258 1572388089.8915837 bigbrain_0_603_694.nii 139910888085312
increment_file 1572388089.8916767 1572388090.508667 bigbrain_0_603_694.nii 139910888085312
write_file 1572388090.5094676 1572388091.2394717 inc-bigbrain_0_603_694.nii 139910888085312
task_duration 1572388089.8892064 1572388091.2551217 1572387396-tmpfsAD_1it_25cpus_40bb-2 139910888085312
read_file 1572388089.8902605 1572388089.891566 bigbrain_0_0_1388.nii 140450448635712
increment_file 1572388089.8916557 1572388090.5077968 bigbrain_0_0_1388.nii 140450448635712
write_file 1572388090.5085943 1572388091.2967982 inc-bigbrain_0_0_1388.nii 140450448635712
task_duration 1572388089.889143 1572388091.3114114 1572387396-tmpfsAD_1it_25cpus_40bb-2 140450448635712
read_file 1572388089.8902318 1572388089.8915563 bigbrain_0_1809_694.nii 139726564562752
increment_file 1572388089.8916566 1572388090.5080855 bigbrain_0_1809_694.nii 139726564562752
write_file 1572388090.5088787 1572388091.2277346 inc-bigbrain_0_1809_694.nii 139726564562752
task_duration 1572388089.889098 1572388091.2441409 1572387396-tmpfsAD_1it_25cpus_40bb-2 139726564562752
read_file 1572388089.8902407 1572388089.8915417 bigbrain_0_0_2082.nii 139764442638144
increment_file 1572388089.8916454 1572388090.501993 bigbrain_0_0_2082.nii 139764442638144
write_file 1572388090.5028641 1572388091.224473 inc-bigbrain_0_0_2082.nii 139764442638144
task_duration 1572388089.8891077 1572388091.2405808 1572387396-tmpfsAD_1it_25cpus_40bb-2 139764442638144
read_file 1572388089.890185 1572388089.891442 bigbrain_0_603_0.nii 139895568746304
increment_file 1572388089.8915367 1572388090.5072534 bigbrain_0_603_0.nii 139895568746304
write_file 1572388090.5081284 1572388091.276873 inc-bigbrain_0_603_0.nii 139895568746304
task_duration 1572388089.8890808 1572388091.2904735 1572387396-tmpfsAD_1it_25cpus_40bb-2 139895568746304
read_file 1572388089.890186 1572388089.8914003 bigbrain_0_1206_0.nii 140365446338368
increment_file 1572388089.8914921 1572388090.502079 bigbrain_0_1206_0.nii 140365446338368
write_file 1572388090.502922 1572388091.234093 inc-bigbrain_0_1206_0.nii 140365446338368
task_duration 1572388089.8890777 1572388091.2501764 1572387396-tmpfsAD_1it_25cpus_40bb-2 140365446338368
read_file 1572388089.8901312 1572388089.8913805 bigbrain_0_2412_0.nii 139792219502400
increment_file 1572388089.8914847 1572388090.5075676 bigbrain_0_2412_0.nii 139792219502400
write_file 1572388090.5083747 1572388091.2185745 inc-bigbrain_0_2412_0.nii 139792219502400
task_duration 1572388089.8890333 1572388091.2347386 1572387396-tmpfsAD_1it_25cpus_40bb-2 139792219502400
read_file 1572388089.8902915 1572388089.8913803 bigbrain_0_0_0.nii 140203807422272
increment_file 1572388089.8914812 1572388090.3710163 bigbrain_0_0_0.nii 140203807422272
write_file 1572388090.372104 1572388090.8265193 inc-bigbrain_0_0_0.nii 140203807422272
task_duration 1572388089.889297 1572388090.8419175 1572387396-tmpfsAD_1it_25cpus_40bb-2 140203807422272
