read_file 1572390369.6440067 1572390369.6459544 bigbrain_0_603_0.nii 140518387275584
increment_file 1572390369.646087 1572390410.5538037 bigbrain_0_603_0.nii 140518387275584
write_file 1572390410.554732 1572390411.022239 inc-bigbrain_0_603_0.nii 140518387275584
task_duration 1572390369.6422095 1572390411.0338888 1572389672-localAD_1it_25cpus_40bb-2 140518387275584
read_file 1572390369.6440003 1572390369.6468782 bigbrain_0_1206_1388.nii 140269293565760
increment_file 1572390369.6470168 1572390411.1118999 bigbrain_0_1206_1388.nii 140269293565760
write_file 1572390411.1140282 1572390411.6152792 inc-bigbrain_0_1206_1388.nii 140269293565760
task_duration 1572390369.6429005 1572390411.627543 1572389672-localAD_1it_25cpus_40bb-2 140269293565760
read_file 1572390369.644014 1572390369.6468825 bigbrain_0_0_2082.nii 140686225569600
increment_file 1572390369.6470377 1572390409.538884 bigbrain_0_0_2082.nii 140686225569600
write_file 1572390409.5410092 1572390410.0263824 inc-bigbrain_0_0_2082.nii 140686225569600
task_duration 1572390369.642161 1572390410.03856 1572389672-localAD_1it_25cpus_40bb-2 140686225569600
read_file 1572390369.6440086 1572390369.6469276 bigbrain_0_603_2776.nii 139674949326656
increment_file 1572390369.6470597 1572390409.6879454 bigbrain_0_603_2776.nii 139674949326656
write_file 1572390409.69008 1572390410.1712005 inc-bigbrain_0_603_2776.nii 139674949326656
task_duration 1572390369.6421933 1572390410.1844895 1572389672-localAD_1it_25cpus_40bb-2 139674949326656
read_file 1572390369.6440735 1572390369.6469507 bigbrain_0_1809_1388.nii 140155609884480
increment_file 1572390369.6689253 1572390370.0415323 bigbrain_0_1809_1388.nii 140155609884480
write_file 1572390370.0422513 1572390370.5086296 inc-bigbrain_0_1809_1388.nii 140155609884480
task_duration 1572390369.6428661 1572390370.5192537 1572389672-localAD_1it_25cpus_40bb-2 140155609884480
read_file 1572390369.6440055 1572390369.6485846 bigbrain_0_0_1388.nii 140300951340864
increment_file 1572390369.6690435 1572390409.4345977 bigbrain_0_0_1388.nii 140300951340864
write_file 1572390409.4372408 1572390410.0200272 inc-bigbrain_0_0_1388.nii 140300951340864
task_duration 1572390369.6421723 1572390410.03553 1572389672-localAD_1it_25cpus_40bb-2 140300951340864
read_file 1572390369.6440413 1572390369.6493587 bigbrain_0_2412_2082.nii 139917852215104
increment_file 1572390369.6691453 1572390412.2335386 bigbrain_0_2412_2082.nii 139917852215104
write_file 1572390412.2351909 1572390412.9067733 inc-bigbrain_0_2412_2082.nii 139917852215104
task_duration 1572390369.6422088 1572390412.9212327 1572389672-localAD_1it_25cpus_40bb-2 139917852215104
read_file 1572390369.6440728 1572390369.6493745 bigbrain_0_603_1388.nii 140072187168576
increment_file 1572390369.6692438 1572390409.8740702 bigbrain_0_603_1388.nii 140072187168576
write_file 1572390409.8761022 1572390410.3860564 inc-bigbrain_0_603_1388.nii 140072187168576
task_duration 1572390369.6425345 1572390410.3983805 1572389672-localAD_1it_25cpus_40bb-2 140072187168576
read_file 1572390369.6440382 1572390369.649388 bigbrain_0_1206_0.nii 139886231033664
increment_file 1572390369.6693697 1572390409.53897 bigbrain_0_1206_0.nii 139886231033664
write_file 1572390409.5416996 1572390410.0331903 inc-bigbrain_0_1206_0.nii 139886231033664
task_duration 1572390369.642251 1572390410.0452533 1572389672-localAD_1it_25cpus_40bb-2 139886231033664
read_file 1572390369.644041 1572390369.6494038 bigbrain_0_1809_0.nii 140512216958784
increment_file 1572390369.6694708 1572390418.122806 bigbrain_0_1809_0.nii 140512216958784
write_file 1572390418.1250906 1572390418.6054945 inc-bigbrain_0_1809_0.nii 140512216958784
task_duration 1572390369.642315 1572390418.617255 1572389672-localAD_1it_25cpus_40bb-2 140512216958784
read_file 1572390369.6440694 1572390369.649409 bigbrain_0_603_694.nii 140632573212480
increment_file 1572390369.6695805 1572390409.78108 bigbrain_0_603_694.nii 140632573212480
write_file 1572390409.7834907 1572390410.2758157 inc-bigbrain_0_603_694.nii 140632573212480
task_duration 1572390369.6422334 1572390410.2910676 1572389672-localAD_1it_25cpus_40bb-2 140632573212480
read_file 1572390369.6440473 1572390369.6494403 bigbrain_0_2412_0.nii 140346257991488
increment_file 1572390369.669683 1572390411.7388244 bigbrain_0_2412_0.nii 140346257991488
write_file 1572390411.741219 1572390412.2683246 inc-bigbrain_0_2412_0.nii 140346257991488
task_duration 1572390369.642172 1572390412.2844386 1572389672-localAD_1it_25cpus_40bb-2 140346257991488
read_file 1572390369.6445775 1572390369.6494873 bigbrain_0_2412_1388.nii 140389304780608
increment_file 1572390369.6698153 1572390409.7703645 bigbrain_0_2412_1388.nii 140389304780608
write_file 1572390409.7729993 1572390410.2913153 inc-bigbrain_0_2412_1388.nii 140389304780608
task_duration 1572390369.643114 1572390410.3072424 1572389672-localAD_1it_25cpus_40bb-2 140389304780608
read_file 1572390369.644356 1572390369.6507401 bigbrain_0_1809_2776.nii 140319947781952
increment_file 1572390369.6699173 1572390413.204817 bigbrain_0_1809_2776.nii 140319947781952
write_file 1572390413.2057679 1572390413.681792 inc-bigbrain_0_1809_2776.nii 140319947781952
task_duration 1572390369.64219 1572390413.6930108 1572389672-localAD_1it_25cpus_40bb-2 140319947781952
read_file 1572390369.6441038 1572390369.651034 bigbrain_0_2412_694.nii 139884190959424
increment_file 1572390369.6700084 1572390411.6354272 bigbrain_0_2412_694.nii 139884190959424
write_file 1572390411.6373677 1572390412.148046 inc-bigbrain_0_2412_694.nii 139884190959424
task_duration 1572390369.642102 1572390412.1614556 1572389672-localAD_1it_25cpus_40bb-2 139884190959424
read_file 1572390369.6492991 1572390369.6909816 bigbrain_0_1206_694.nii 140652531746624
increment_file 1572390369.6912842 1572390411.5615385 bigbrain_0_1206_694.nii 140652531746624
write_file 1572390411.5627723 1572390412.0516536 inc-bigbrain_0_1206_694.nii 140652531746624
task_duration 1572390369.6479297 1572390412.064308 1572389672-localAD_1it_25cpus_40bb-2 140652531746624
read_file 1572390369.6456218 1572390369.6910434 bigbrain_0_1809_694.nii 140063017887552
increment_file 1572390369.6913633 1572390411.7708983 bigbrain_0_1809_694.nii 140063017887552
write_file 1572390411.7732499 1572390412.2677805 inc-bigbrain_0_1809_694.nii 140063017887552
task_duration 1572390369.6444983 1572390412.2838907 1572389672-localAD_1it_25cpus_40bb-2 140063017887552
read_file 1572390369.6450295 1572390369.752814 bigbrain_0_0_2776.nii 140713275414336
increment_file 1572390369.753115 1572390409.8876693 bigbrain_0_0_2776.nii 140713275414336
write_file 1572390409.8897803 1572390410.4074628 inc-bigbrain_0_0_2776.nii 140713275414336
task_duration 1572390369.643432 1572390410.4200761 1572389672-localAD_1it_25cpus_40bb-2 140713275414336
read_file 1572390369.6446147 1572390369.8046484 bigbrain_0_2412_2776.nii 140386836186944
increment_file 1572390369.8049672 1572390410.8493853 bigbrain_0_2412_2776.nii 140386836186944
write_file 1572390410.8517044 1572390411.3403401 inc-bigbrain_0_2412_2776.nii 140386836186944
task_duration 1572390369.6431344 1572390411.352916 1572389672-localAD_1it_25cpus_40bb-2 140386836186944
read_file 1572390369.6484528 1572390369.8103328 bigbrain_0_1206_2776.nii 140370665002816
increment_file 1572390369.810618 1572390411.9565656 bigbrain_0_1206_2776.nii 140370665002816
write_file 1572390411.9591775 1572390412.5065563 inc-bigbrain_0_1206_2776.nii 140370665002816
task_duration 1572390369.647144 1572390412.5217636 1572389672-localAD_1it_25cpus_40bb-2 140370665002816
read_file 1572390369.6479557 1572390369.810493 bigbrain_0_1206_2082.nii 140229181462336
increment_file 1572390369.8108027 1572390411.1855602 bigbrain_0_1206_2082.nii 140229181462336
write_file 1572390411.1879678 1572390411.6832404 inc-bigbrain_0_1206_2082.nii 140229181462336
task_duration 1572390369.6465702 1572390411.6956518 1572389672-localAD_1it_25cpus_40bb-2 140229181462336
read_file 1572390369.6497524 1572390369.8105993 bigbrain_0_1809_2082.nii 140176429651776
increment_file 1572390369.810897 1572390411.9494505 bigbrain_0_1809_2082.nii 140176429651776
write_file 1572390411.9514306 1572390412.5088885 inc-bigbrain_0_1809_2082.nii 140176429651776
task_duration 1572390369.6484573 1572390412.5225303 1572389672-localAD_1it_25cpus_40bb-2 140176429651776
read_file 1572390369.6464732 1572390369.810767 bigbrain_0_603_2082.nii 140530828924736
increment_file 1572390369.8110828 1572390411.7284925 bigbrain_0_603_2082.nii 140530828924736
write_file 1572390411.7306588 1572390412.245946 inc-bigbrain_0_603_2082.nii 140530828924736
task_duration 1572390369.644968 1572390412.2593234 1572389672-localAD_1it_25cpus_40bb-2 140530828924736
read_file 1572390369.6484823 1572390369.8108227 bigbrain_0_0_0.nii 140535944107840
increment_file 1572390369.8111563 1572390411.3089373 bigbrain_0_0_0.nii 140535944107840
write_file 1572390411.310976 1572390411.8645527 inc-bigbrain_0_0_0.nii 140535944107840
task_duration 1572390369.6471586 1572390411.882014 1572389672-localAD_1it_25cpus_40bb-2 140535944107840
read_file 1572390369.6473033 1572390369.904654 bigbrain_0_0_694.nii 139814092392256
increment_file 1572390369.9050086 1572390411.6145363 bigbrain_0_0_694.nii 139814092392256
write_file 1572390411.6164796 1572390412.1084995 inc-bigbrain_0_0_694.nii 139814092392256
task_duration 1572390369.6461153 1572390412.1217957 1572389672-localAD_1it_25cpus_40bb-2 139814092392256
read_file 1572390370.7722375 1572390370.9237053 bigbrain_1538_0_0.nii 140192812230464
increment_file 1572390370.924058 1572390411.9990873 bigbrain_1538_0_0.nii 140192812230464
write_file 1572390412.0007703 1572390412.5480099 inc-bigbrain_1538_0_0.nii 140192812230464
task_duration 1572390370.7713995 1572390412.5603073 1572389672-localAD_1it_25cpus_40bb-2 140192812230464
read_file 1572390410.3895574 1572390410.481326 bigbrain_1538_0_1388.nii 140501381785408
increment_file 1572390410.48153 1572390440.5274727 bigbrain_1538_0_1388.nii 140501381785408
write_file 1572390440.5299072 1572390441.1181164 inc-bigbrain_1538_0_1388.nii 140501381785408
task_duration 1572390410.3880002 1572390441.1310894 1572389672-localAD_1it_25cpus_40bb-2 140501381785408
read_file 1572390410.3831947 1572390410.4814384 bigbrain_1538_0_2082.nii 140248262068032
increment_file 1572390410.4816463 1572390440.651425 bigbrain_1538_0_2082.nii 140248262068032
write_file 1572390440.652879 1572390441.254588 inc-bigbrain_1538_0_2082.nii 140248262068032
task_duration 1572390410.3818445 1572390441.2694845 1572389672-localAD_1it_25cpus_40bb-2 140248262068032
read_file 1572390410.4038424 1572390410.5432274 bigbrain_1538_0_2776.nii 140064257619776
increment_file 1572390410.5433757 1572390440.6938365 bigbrain_1538_0_2776.nii 140064257619776
write_file 1572390440.6954331 1572390441.1925883 inc-bigbrain_1538_0_2776.nii 140064257619776
task_duration 1572390410.4027784 1572390441.204404 1572389672-localAD_1it_25cpus_40bb-2 140064257619776
read_file 1572390410.513765 1572390410.5844367 bigbrain_1538_0_694.nii 140209853892416
increment_file 1572390410.584618 1572390436.679011 bigbrain_1538_0_694.nii 140209853892416
write_file 1572390436.6807666 1572390437.148723 inc-bigbrain_1538_0_694.nii 140209853892416
task_duration 1572390410.5127103 1572390437.1603246 1572389672-localAD_1it_25cpus_40bb-2 140209853892416
read_file 1572390410.6475787 1572390410.7006404 bigbrain_1538_1206_1388.nii 139800523429696
increment_file 1572390410.7009742 1572390437.2508845 bigbrain_1538_1206_1388.nii 139800523429696
write_file 1572390437.2525563 1572390437.7295828 inc-bigbrain_1538_1206_1388.nii 139800523429696
task_duration 1572390410.6466458 1572390437.7407198 1572389672-localAD_1it_25cpus_40bb-2 139800523429696
read_file 1572390410.6166635 1572390410.7106864 bigbrain_1538_1206_0.nii 140626137855808
increment_file 1572390410.711023 1572390440.7442589 bigbrain_1538_1206_0.nii 140626137855808
write_file 1572390440.7455537 1572390441.4808788 inc-bigbrain_1538_1206_0.nii 140626137855808
task_duration 1572390410.615598 1572390441.4972079 1572389672-localAD_1it_25cpus_40bb-2 140626137855808
read_file 1572390410.696621 1572390410.7937672 bigbrain_1538_1206_2082.nii 139875185944384
increment_file 1572390410.7940784 1572390435.7662127 bigbrain_1538_1206_2082.nii 139875185944384
write_file 1572390435.7689848 1572390436.2899952 inc-bigbrain_1538_1206_2082.nii 139875185944384
task_duration 1572390410.6956625 1572390436.3016384 1572389672-localAD_1it_25cpus_40bb-2 139875185944384
read_file 1572390410.7144837 1572390410.880508 bigbrain_1538_1206_2776.nii 140236678502208
increment_file 1572390410.880813 1572390441.5821784 bigbrain_1538_1206_2776.nii 140236678502208
write_file 1572390441.5831375 1572390442.108754 inc-bigbrain_1538_1206_2776.nii 140236678502208
task_duration 1572390410.7135546 1572390442.1203365 1572389672-localAD_1it_25cpus_40bb-2 140236678502208
read_file 1572390411.2931304 1572390411.4348912 bigbrain_1538_1206_694.nii 139635902977856
increment_file 1572390411.4350302 1572390437.4368796 bigbrain_1538_1206_694.nii 139635902977856
write_file 1572390437.4379961 1572390437.9141488 inc-bigbrain_1538_1206_694.nii 139635902977856
task_duration 1572390411.2922068 1572390437.9266713 1572389672-localAD_1it_25cpus_40bb-2 139635902977856
read_file 1572390411.6413333 1572390411.7295642 bigbrain_1538_1809_0.nii 139986694969152
increment_file 1572390411.7299087 1572390441.6352282 bigbrain_1538_1809_0.nii 139986694969152
write_file 1572390441.6377459 1572390442.1230328 inc-bigbrain_1538_1809_0.nii 139986694969152
task_duration 1572390411.6403263 1572390442.1347904 1572389672-localAD_1it_25cpus_40bb-2 139986694969152
read_file 1572390411.9060433 1572390411.9585567 bigbrain_1538_1809_1388.nii 140130201225024
increment_file 1572390411.9588897 1572390439.4865167 bigbrain_1538_1809_1388.nii 140130201225024
write_file 1572390439.4874132 1572390439.963812 inc-bigbrain_1538_1809_1388.nii 140130201225024
task_duration 1572390411.9050102 1572390439.9752412 1572389672-localAD_1it_25cpus_40bb-2 140130201225024
read_file 1572390412.0028126 1572390412.0618575 bigbrain_1538_1809_2082.nii 140668395902784
increment_file 1572390412.0621927 1572390437.9852912 bigbrain_1538_1809_2082.nii 140668395902784
write_file 1572390437.9869187 1572390438.4574115 inc-bigbrain_1538_1809_2082.nii 140668395902784
task_duration 1572390412.0018675 1572390438.4681306 1572389672-localAD_1it_25cpus_40bb-2 140668395902784
read_file 1572390412.2803183 1572390412.3593194 bigbrain_1538_1809_2776.nii 139655430539072
increment_file 1572390412.359557 1572390442.8438451 bigbrain_1538_1809_2776.nii 139655430539072
write_file 1572390442.845576 1572390443.3448236 inc-bigbrain_1538_1809_2776.nii 139655430539072
task_duration 1572390412.2786841 1572390443.3562825 1572389672-localAD_1it_25cpus_40bb-2 139655430539072
read_file 1572390412.3774984 1572390412.4942336 bigbrain_1538_1809_694.nii 140205963310912
increment_file 1572390412.4943907 1572390439.235471 bigbrain_1538_1809_694.nii 140205963310912
write_file 1572390439.2372005 1572390439.7295675 inc-bigbrain_1538_1809_694.nii 140205963310912
task_duration 1572390412.376557 1572390439.7411597 1572389672-localAD_1it_25cpus_40bb-2 140205963310912
read_file 1572390412.4338877 1572390412.4943058 bigbrain_1538_2412_0.nii 139916471592768
increment_file 1572390412.4944696 1572390438.780881 bigbrain_1538_2412_0.nii 139916471592768
write_file 1572390438.7826483 1572390439.2598562 inc-bigbrain_1538_2412_0.nii 139916471592768
task_duration 1572390412.4323032 1572390439.271203 1572389672-localAD_1it_25cpus_40bb-2 139916471592768
read_file 1572390412.5871131 1572390412.5882146 bigbrain_1538_2412_2082.nii 140156383127360
increment_file 1572390412.588352 1572390412.9825892 bigbrain_1538_2412_2082.nii 140156383127360
write_file 1572390412.9832797 1572390413.4613886 inc-bigbrain_1538_2412_2082.nii 140156383127360
task_duration 1572390412.5861702 1572390413.472571 1572389672-localAD_1it_25cpus_40bb-2 140156383127360
read_file 1572390412.6332679 1572390412.671793 bigbrain_1538_2412_694.nii 140313562310464
increment_file 1572390412.6720045 1572390448.9248216 bigbrain_1538_2412_694.nii 140313562310464
write_file 1572390448.9274962 1572390449.4145072 inc-bigbrain_1538_2412_694.nii 140313562310464
task_duration 1572390412.6321585 1572390449.4260848 1572389672-localAD_1it_25cpus_40bb-2 140313562310464
read_file 1572390412.4925861 1572390412.6719162 bigbrain_1538_2412_1388.nii 139851463993152
increment_file 1572390412.672104 1572390440.190479 bigbrain_1538_2412_1388.nii 139851463993152
write_file 1572390440.1924877 1572390440.6907635 inc-bigbrain_1538_2412_1388.nii 139851463993152
task_duration 1572390412.4909241 1572390440.7026932 1572389672-localAD_1it_25cpus_40bb-2 139851463993152
read_file 1572390412.6412401 1572390412.7129936 bigbrain_1538_2412_2776.nii 140242030671680
increment_file 1572390412.7132168 1572390439.7926836 bigbrain_1538_2412_2776.nii 140242030671680
write_file 1572390439.794683 1572390440.2815895 inc-bigbrain_1538_2412_2776.nii 140242030671680
task_duration 1572390412.6395876 1572390440.2925808 1572389672-localAD_1it_25cpus_40bb-2 140242030671680
read_file 1572390412.8488894 1572390412.934708 bigbrain_1538_603_1388.nii 140004532442944
increment_file 1572390412.9350357 1572390440.2534027 bigbrain_1538_603_1388.nii 140004532442944
write_file 1572390440.2553515 1572390440.754023 inc-bigbrain_1538_603_1388.nii 140004532442944
task_duration 1572390412.8479273 1572390440.7660744 1572389672-localAD_1it_25cpus_40bb-2 140004532442944
read_file 1572390412.8665156 1572390412.9536867 bigbrain_1538_603_2082.nii 139772573833024
increment_file 1572390412.954003 1572390442.4956186 bigbrain_1538_603_2082.nii 139772573833024
write_file 1572390442.4970903 1572390442.976667 inc-bigbrain_1538_603_2082.nii 139772573833024
task_duration 1572390412.8655941 1572390442.9884837 1572389672-localAD_1it_25cpus_40bb-2 139772573833024
read_file 1572390412.8378913 1572390412.9539542 bigbrain_1538_603_0.nii 139699931686720
increment_file 1572390412.9542542 1572390443.2622027 bigbrain_1538_603_0.nii 139699931686720
write_file 1572390443.2635663 1572390443.727266 inc-bigbrain_1538_603_0.nii 139699931686720
task_duration 1572390412.8369453 1572390443.7388625 1572389672-localAD_1it_25cpus_40bb-2 139699931686720
read_file 1572390413.1898668 1572390413.268601 bigbrain_1538_603_2776.nii 140121203357504
increment_file 1572390413.268925 1572390443.6385143 bigbrain_1538_603_2776.nii 140121203357504
write_file 1572390443.6400952 1572390444.122715 inc-bigbrain_1538_603_2776.nii 140121203357504
task_duration 1572390413.1889303 1572390444.1343954 1572389672-localAD_1it_25cpus_40bb-2 140121203357504
read_file 1572390413.727393 1572390413.7694337 bigbrain_1538_603_694.nii 139813234460480
increment_file 1572390413.7697191 1572390440.2440338 bigbrain_1538_603_694.nii 139813234460480
write_file 1572390440.2457273 1572390440.7381425 inc-bigbrain_1538_603_694.nii 139813234460480
task_duration 1572390413.726462 1572390440.7498066 1572389672-localAD_1it_25cpus_40bb-2 139813234460480
read_file 1572390413.9482589 1572390414.0645952 bigbrain_2307_0_0.nii 140305967494976
increment_file 1572390414.0649495 1572390441.0623667 bigbrain_2307_0_0.nii 140305967494976
write_file 1572390441.0643733 1572390441.55841 inc-bigbrain_2307_0_0.nii 140305967494976
task_duration 1572390413.9468594 1572390441.569792 1572389672-localAD_1it_25cpus_40bb-2 140305967494976
read_file 1572390418.8666525 1572390418.9536257 bigbrain_2307_0_1388.nii 139682968414016
increment_file 1572390418.9539587 1572390454.8493652 bigbrain_2307_0_1388.nii 139682968414016
write_file 1572390454.8525143 1572390455.4154735 inc-bigbrain_2307_0_1388.nii 139682968414016
task_duration 1572390418.8655722 1572390455.429297 1572389672-localAD_1it_25cpus_40bb-2 139682968414016
read_file 1572390436.5655472 1572390436.671422 bigbrain_2307_0_2082.nii 139728377120576
increment_file 1572390436.671781 1572390492.9875104 bigbrain_2307_0_2082.nii 139728377120576
write_file 1572390492.988652 1572390493.4477587 inc-bigbrain_2307_0_2082.nii 139728377120576
task_duration 1572390436.5640166 1572390493.459382 1572389672-localAD_1it_25cpus_40bb-2 139728377120576
read_file 1572390437.4137375 1572390437.4488282 bigbrain_2307_0_2776.nii 140225029855040
increment_file 1572390437.449137 1572390492.4273474 bigbrain_2307_0_2776.nii 140225029855040
write_file 1572390492.4308593 1572390492.9379525 inc-bigbrain_2307_0_2776.nii 140225029855040
task_duration 1572390437.4128315 1572390492.9493718 1572389672-localAD_1it_25cpus_40bb-2 140225029855040
read_file 1572390437.9855459 1572390438.048035 bigbrain_2307_0_694.nii 140617825752896
increment_file 1572390438.0483599 1572390503.2987978 bigbrain_2307_0_694.nii 140617825752896
write_file 1572390503.3004482 1572390503.753589 inc-bigbrain_2307_0_694.nii 140617825752896
task_duration 1572390437.9846146 1572390503.7648482 1572389672-localAD_1it_25cpus_40bb-2 140617825752896
read_file 1572390438.1749158 1572390438.2999556 bigbrain_2307_1206_0.nii 140644633126720
increment_file 1572390438.3003023 1572390496.9077742 bigbrain_2307_1206_0.nii 140644633126720
write_file 1572390496.9101868 1572390497.387754 inc-bigbrain_2307_1206_0.nii 140644633126720
task_duration 1572390438.1739213 1572390497.4005089 1572389672-localAD_1it_25cpus_40bb-2 140644633126720
read_file 1572390438.709581 1572390438.75175 bigbrain_2307_1206_1388.nii 140587332073280
increment_file 1572390438.7520707 1572390494.670223 bigbrain_2307_1206_1388.nii 140587332073280
write_file 1572390494.671948 1572390495.1552327 inc-bigbrain_2307_1206_1388.nii 140587332073280
task_duration 1572390438.7086954 1572390495.1662138 1572389672-localAD_1it_25cpus_40bb-2 140587332073280
read_file 1572390439.533527 1572390439.571547 bigbrain_2307_1206_2082.nii 140140013614912
increment_file 1572390439.571885 1572390497.224309 bigbrain_2307_1206_2082.nii 140140013614912
write_file 1572390497.226109 1572390497.7093556 inc-bigbrain_2307_1206_2082.nii 140140013614912
task_duration 1572390439.5325656 1572390497.7209833 1572389672-localAD_1it_25cpus_40bb-2 140140013614912
read_file 1572390440.0142877 1572390440.1171944 bigbrain_2307_1206_2776.nii 139672781715264
increment_file 1572390440.1174023 1572390502.317802 bigbrain_2307_1206_2776.nii 139672781715264
write_file 1572390502.3203316 1572390502.8140774 inc-bigbrain_2307_1206_2776.nii 139672781715264
task_duration 1572390440.0133498 1572390502.8265226 1572389672-localAD_1it_25cpus_40bb-2 139672781715264
read_file 1572390440.2186265 1572390440.2520154 bigbrain_2307_1206_694.nii 140095952267072
increment_file 1572390440.2522242 1572390496.4865468 bigbrain_2307_1206_694.nii 140095952267072
write_file 1572390496.4895186 1572390496.9756572 inc-bigbrain_2307_1206_694.nii 140095952267072
task_duration 1572390440.2175775 1572390496.9872422 1572389672-localAD_1it_25cpus_40bb-2 140095952267072
read_file 1572390440.5524383 1572390440.683706 bigbrain_2307_1809_0.nii 139864940349248
increment_file 1572390440.6840487 1572390498.4429884 bigbrain_2307_1809_0.nii 139864940349248
write_file 1572390498.4445646 1572390498.978811 inc-bigbrain_2307_1809_0.nii 139864940349248
task_duration 1572390440.551547 1572390498.993093 1572389672-localAD_1it_25cpus_40bb-2 139864940349248
read_file 1572390441.0877118 1572390441.1324122 bigbrain_2307_1809_2776.nii 140344761116480
increment_file 1572390441.1326911 1572390497.471209 bigbrain_2307_1809_2776.nii 140344761116480
write_file 1572390497.472538 1572390497.9457464 inc-bigbrain_2307_1809_2776.nii 140344761116480
task_duration 1572390441.0866153 1572390497.957173 1572389672-localAD_1it_25cpus_40bb-2 140344761116480
read_file 1572390441.0553045 1572390441.1329288 bigbrain_2307_1809_2082.nii 139844956239680
increment_file 1572390441.133237 1572390496.7789054 bigbrain_2307_1809_2082.nii 139844956239680
write_file 1572390496.7806613 1572390497.260933 inc-bigbrain_2307_1809_2082.nii 139844956239680
task_duration 1572390441.054354 1572390497.2729907 1572389672-localAD_1it_25cpus_40bb-2 139844956239680
read_file 1572390441.0017552 1572390441.1329324 bigbrain_2307_1809_1388.nii 140050142852928
increment_file 1572390441.1332924 1572390493.7880352 bigbrain_2307_1809_1388.nii 140050142852928
write_file 1572390493.789778 1572390494.2680757 inc-bigbrain_2307_1809_1388.nii 140050142852928
task_duration 1572390441.000816 1572390494.279094 1572389672-localAD_1it_25cpus_40bb-2 140050142852928
read_file 1572390441.500103 1572390441.5422828 bigbrain_2307_2412_0.nii 140701723658048
increment_file 1572390441.5425482 1572390502.6231718 bigbrain_2307_2412_0.nii 140701723658048
write_file 1572390502.6258535 1572390503.1072605 inc-bigbrain_2307_2412_0.nii 140701723658048
task_duration 1572390441.498975 1572390503.1186156 1572389672-localAD_1it_25cpus_40bb-2 140701723658048
read_file 1572390441.443451 1572390441.5633564 bigbrain_2307_1809_694.nii 140464446834496
increment_file 1572390441.5636826 1572390498.2432663 bigbrain_2307_1809_694.nii 140464446834496
write_file 1572390498.2458615 1572390498.7499292 inc-bigbrain_2307_1809_694.nii 140464446834496
task_duration 1572390441.442276 1572390498.7615767 1572389672-localAD_1it_25cpus_40bb-2 140464446834496
read_file 1572390441.5617535 1572390441.665467 bigbrain_2307_2412_1388.nii 140615191418688
increment_file 1572390441.6656775 1572390501.6985052 bigbrain_2307_2412_1388.nii 140615191418688
write_file 1572390501.6996508 1572390502.2499843 inc-bigbrain_2307_2412_1388.nii 140615191418688
task_duration 1572390441.5607944 1572390502.2642157 1572389672-localAD_1it_25cpus_40bb-2 140615191418688
read_file 1572390441.832969 1572390441.8991568 bigbrain_2307_2412_2776.nii 140368889616192
increment_file 1572390441.8994942 1572390501.7451608 bigbrain_2307_2412_2776.nii 140368889616192
write_file 1572390501.7468765 1572390502.228326 inc-bigbrain_2307_2412_2776.nii 140368889616192
task_duration 1572390441.8320308 1572390502.2405918 1572389672-localAD_1it_25cpus_40bb-2 140368889616192
read_file 1572390441.8100793 1572390441.9285045 bigbrain_2307_2412_2082.nii 139940829423424
increment_file 1572390441.9288661 1572390498.8891222 bigbrain_2307_2412_2082.nii 139940829423424
write_file 1572390498.8914618 1572390499.368231 inc-bigbrain_2307_2412_2082.nii 139940829423424
task_duration 1572390441.809096 1572390499.3796022 1572389672-localAD_1it_25cpus_40bb-2 139940829423424
read_file 1572390442.3977911 1572390442.3987343 bigbrain_2307_2412_694.nii 140330494609216
increment_file 1572390442.3988833 1572390442.777065 bigbrain_2307_2412_694.nii 140330494609216
write_file 1572390442.777775 1572390443.2694604 inc-bigbrain_2307_2412_694.nii 140330494609216
task_duration 1572390442.39688 1572390443.280625 1572389672-localAD_1it_25cpus_40bb-2 140330494609216
read_file 1572390442.4248743 1572390442.5064366 bigbrain_2307_603_0.nii 139799866861376
increment_file 1572390442.5067341 1572390504.9257736 bigbrain_2307_603_0.nii 139799866861376
write_file 1572390504.9283154 1572390505.4817462 inc-bigbrain_2307_603_0.nii 139799866861376
task_duration 1572390442.4239726 1572390505.4955702 1572389672-localAD_1it_25cpus_40bb-2 139799866861376
read_file 1572390443.244053 1572390443.3796856 bigbrain_2307_603_1388.nii 140578576275264
increment_file 1572390443.3800204 1572390500.357585 bigbrain_2307_603_1388.nii 140578576275264
write_file 1572390500.3606164 1572390500.8864894 inc-bigbrain_2307_603_1388.nii 140578576275264
task_duration 1572390443.2431417 1572390500.898862 1572389672-localAD_1it_25cpus_40bb-2 140578576275264
read_file 1572390443.6378448 1572390443.6998613 bigbrain_2307_603_2776.nii 139833970059072
increment_file 1572390443.7001853 1572390501.079657 bigbrain_2307_603_2776.nii 139833970059072
write_file 1572390501.0812974 1572390501.5582852 inc-bigbrain_2307_603_2776.nii 139833970059072
task_duration 1572390443.6369238 1572390501.569219 1572389672-localAD_1it_25cpus_40bb-2 139833970059072
read_file 1572390443.5657434 1572390443.7099075 bigbrain_2307_603_2082.nii 140682232592192
increment_file 1572390443.7102768 1572390500.5838618 bigbrain_2307_603_2082.nii 140682232592192
write_file 1572390500.585591 1572390501.0812786 inc-bigbrain_2307_603_2082.nii 140682232592192
task_duration 1572390443.564815 1572390501.0942235 1572389672-localAD_1it_25cpus_40bb-2 140682232592192
read_file 1572390443.9857945 1572390444.468151 bigbrain_2307_603_694.nii 140269427177280
increment_file 1572390444.4684734 1572390501.589777 bigbrain_2307_603_694.nii 140269427177280
write_file 1572390501.5914252 1572390502.0714254 inc-bigbrain_2307_603_694.nii 140269427177280
task_duration 1572390443.9848685 1572390502.082781 1572389672-localAD_1it_25cpus_40bb-2 140269427177280
read_file 1572390444.3722296 1572390444.5965178 bigbrain_3076_0_0.nii 139903122986816
increment_file 1572390444.5966997 1572390504.2969608 bigbrain_3076_0_0.nii 139903122986816
write_file 1572390504.2988083 1572390504.7747457 inc-bigbrain_3076_0_0.nii 139903122986816
task_duration 1572390444.371338 1572390504.7862685 1572389672-localAD_1it_25cpus_40bb-2 139903122986816
read_file 1572390449.6956744 1572390449.9114597 bigbrain_3076_0_1388.nii 140351554209600
increment_file 1572390449.9118555 1572390507.9381921 bigbrain_3076_0_1388.nii 140351554209600
write_file 1572390507.9411254 1572390508.4220092 inc-bigbrain_3076_0_1388.nii 140351554209600
task_duration 1572390449.6943457 1572390508.433083 1572389672-localAD_1it_25cpus_40bb-2 140351554209600
read_file 1572390455.6828308 1572390455.8840263 bigbrain_3076_0_2082.nii 139730248267584
increment_file 1572390455.88437 1572390517.1853676 bigbrain_3076_0_2082.nii 139730248267584
write_file 1572390517.1879582 1572390517.669427 inc-bigbrain_3076_0_2082.nii 139730248267584
task_duration 1572390455.6818857 1572390517.6805365 1572389672-localAD_1it_25cpus_40bb-2 139730248267584
read_file 1572390493.222674 1572390493.421935 bigbrain_3076_0_2776.nii 140024914892608
increment_file 1572390493.4222486 1572390551.1669626 bigbrain_3076_0_2776.nii 140024914892608
write_file 1572390551.1700459 1572390551.6806097 inc-bigbrain_3076_0_2776.nii 140024914892608
task_duration 1572390493.2218072 1572390551.692209 1572389672-localAD_1it_25cpus_40bb-2 140024914892608
read_file 1572390493.7130747 1572390494.0289319 bigbrain_3076_0_694.nii 140511308597056
increment_file 1572390494.0292547 1572390560.3858733 bigbrain_3076_0_694.nii 140511308597056
write_file 1572390560.3881712 1572390560.8548882 inc-bigbrain_3076_0_694.nii 140511308597056
task_duration 1572390493.7121449 1572390560.8661227 1572389672-localAD_1it_25cpus_40bb-2 140511308597056
read_file 1572390494.5321734 1572390494.6706586 bigbrain_3076_1206_0.nii 140599486531392
increment_file 1572390494.6710095 1572390561.558162 bigbrain_3076_1206_0.nii 140599486531392
write_file 1572390561.5598555 1572390562.0295475 inc-bigbrain_3076_1206_0.nii 140599486531392
task_duration 1572390494.5312865 1572390562.040811 1572389672-localAD_1it_25cpus_40bb-2 140599486531392
read_file 1572390495.411154 1572390495.5615797 bigbrain_3076_1206_1388.nii 140120766232384
increment_file 1572390495.5619323 1572390549.0283122 bigbrain_3076_1206_1388.nii 140120766232384
write_file 1572390549.0302048 1572390549.512612 inc-bigbrain_3076_1206_1388.nii 140120766232384
task_duration 1572390495.410277 1572390549.5239546 1572389672-localAD_1it_25cpus_40bb-2 140120766232384
read_file 1572390497.2518299 1572390497.3546236 bigbrain_3076_1206_2082.nii 140650715187008
increment_file 1572390497.3549619 1572390560.7463017 bigbrain_3076_1206_2082.nii 140650715187008
write_file 1572390560.7479353 1572390561.2285993 inc-bigbrain_3076_1206_2082.nii 140650715187008
task_duration 1572390497.2509162 1572390561.2394748 1572389672-localAD_1it_25cpus_40bb-2 140650715187008
read_file 1572390497.5239449 1572390497.8089752 bigbrain_3076_1206_2776.nii 139915537913664
increment_file 1572390497.8093007 1572390559.3801336 bigbrain_3076_1206_2776.nii 139915537913664
write_file 1572390559.3825772 1572390559.8857741 inc-bigbrain_3076_1206_2776.nii 139915537913664
task_duration 1572390497.522888 1572390559.897399 1572389672-localAD_1it_25cpus_40bb-2 139915537913664
read_file 1572390497.6538868 1572390497.9475079 bigbrain_3076_1206_694.nii 140407038035776
increment_file 1572390497.9478304 1572390559.6196465 bigbrain_3076_1206_694.nii 140407038035776
write_file 1572390559.6204221 1572390560.103907 inc-bigbrain_3076_1206_694.nii 140407038035776
task_duration 1572390497.6529863 1572390560.1168423 1572389672-localAD_1it_25cpus_40bb-2 140407038035776
read_file 1572390497.9693296 1572390498.292386 bigbrain_3076_1809_0.nii 140023874434880
increment_file 1572390498.292816 1572390557.235671 bigbrain_3076_1809_0.nii 140023874434880
write_file 1572390557.2368758 1572390557.7412386 inc-bigbrain_3076_1809_0.nii 140023874434880
task_duration 1572390497.968424 1572390557.7531705 1572389672-localAD_1it_25cpus_40bb-2 140023874434880
read_file 1572390498.211704 1572390498.3708336 bigbrain_3076_1809_1388.nii 139977899378496
increment_file 1572390498.3711314 1572390565.2057986 bigbrain_3076_1809_1388.nii 139977899378496
write_file 1572390565.2082677 1572390565.7899 inc-bigbrain_3076_1809_1388.nii 139977899378496
task_duration 1572390498.210798 1572390565.8037286 1572389672-localAD_1it_25cpus_40bb-2 139977899378496
read_file 1572390499.033166 1572390499.2589302 bigbrain_3076_1809_2082.nii 140596346591040
increment_file 1572390499.259267 1572390558.149518 bigbrain_3076_1809_2082.nii 140596346591040
write_file 1572390558.152471 1572390558.7151496 inc-bigbrain_3076_1809_2082.nii 140596346591040
task_duration 1572390499.032245 1572390558.7283342 1572389672-localAD_1it_25cpus_40bb-2 140596346591040
read_file 1572390499.2570426 1572390499.4231174 bigbrain_3076_1809_2776.nii 140440538388288
increment_file 1572390499.4234262 1572390557.006657 bigbrain_3076_1809_2776.nii 140440538388288
write_file 1572390557.0084736 1572390557.5443335 inc-bigbrain_3076_1809_2776.nii 140440538388288
task_duration 1572390499.2561247 1572390557.5565305 1572389672-localAD_1it_25cpus_40bb-2 140440538388288
read_file 1572390499.6365495 1572390499.8360238 bigbrain_3076_1809_694.nii 140581316687680
increment_file 1572390499.8363688 1572390568.1647446 bigbrain_3076_1809_694.nii 140581316687680
write_file 1572390568.1665866 1572390568.648309 inc-bigbrain_3076_1809_694.nii 140581316687680
task_duration 1572390499.6356626 1572390568.6593895 1572389672-localAD_1it_25cpus_40bb-2 140581316687680
read_file 1572390501.1692073 1572390501.5717344 bigbrain_3076_2412_0.nii 139985847068480
increment_file 1572390501.5720882 1572390558.1501536 bigbrain_3076_2412_0.nii 139985847068480
write_file 1572390558.1522064 1572390558.6932452 inc-bigbrain_3076_2412_0.nii 139985847068480
task_duration 1572390501.1680336 1572390558.7062562 1572389672-localAD_1it_25cpus_40bb-2 139985847068480
read_file 1572390501.339307 1572390501.7097445 bigbrain_3076_2412_1388.nii 140577320830784
increment_file 1572390501.7100554 1572390566.6923237 bigbrain_3076_2412_1388.nii 140577320830784
write_file 1572390566.695338 1572390567.1965554 inc-bigbrain_3076_2412_1388.nii 140577320830784
task_duration 1572390501.3383832 1572390567.2077615 1572389672-localAD_1it_25cpus_40bb-2 140577320830784
read_file 1572390501.8187516 1572390502.0181146 bigbrain_3076_2412_2082.nii 140487645378368
increment_file 1572390502.0184665 1572390563.1209178 bigbrain_3076_2412_2082.nii 140487645378368
write_file 1572390563.122624 1572390563.6075664 inc-bigbrain_3076_2412_2082.nii 140487645378368
task_duration 1572390501.8178265 1572390563.6190808 1572389672-localAD_1it_25cpus_40bb-2 140487645378368
read_file 1572390502.492911 1572390502.601886 bigbrain_3076_2412_694.nii 140225903687488
increment_file 1572390502.602221 1572390570.8098552 bigbrain_3076_2412_694.nii 140225903687488
write_file 1572390570.8122675 1572390571.294637 inc-bigbrain_3076_2412_694.nii 140225903687488
task_duration 1572390502.491929 1572390571.3064504 1572389672-localAD_1it_25cpus_40bb-2 140225903687488
read_file 1572390502.3327475 1572390502.611638 bigbrain_3076_2412_2776.nii 140269420644160
increment_file 1572390502.6119456 1572390570.594843 bigbrain_3076_2412_2776.nii 140269420644160
write_file 1572390570.5965683 1572390571.0804927 inc-bigbrain_3076_2412_2776.nii 140269420644160
task_duration 1572390502.3314066 1572390571.0918212 1572389672-localAD_1it_25cpus_40bb-2 140269420644160
read_file 1572390502.563922 1572390502.921858 bigbrain_3076_603_0.nii 140053670598464
increment_file 1572390502.9222076 1572390586.667043 bigbrain_3076_603_0.nii 140053670598464
write_file 1572390586.66973 1572390587.1357677 inc-bigbrain_3076_603_0.nii 140053670598464
task_duration 1572390502.5629456 1572390587.1468987 1572389672-localAD_1it_25cpus_40bb-2 140053670598464
read_file 1572390503.0810745 1572390503.3558905 bigbrain_3076_603_1388.nii 140441929852736
increment_file 1572390503.356086 1572390559.8633726 bigbrain_3076_603_1388.nii 140441929852736
write_file 1572390559.865781 1572390560.341637 inc-bigbrain_3076_603_1388.nii 140441929852736
task_duration 1572390503.080164 1572390560.3528907 1572389672-localAD_1it_25cpus_40bb-2 140441929852736
read_file 1572390503.374331 1572390503.5725253 bigbrain_3076_603_2082.nii 140508749543232
increment_file 1572390503.5728447 1572390562.086123 bigbrain_3076_603_2082.nii 140508749543232
write_file 1572390562.0887678 1572390562.6361656 inc-bigbrain_3076_603_2082.nii 140508749543232
task_duration 1572390503.3734295 1572390562.6494577 1572389672-localAD_1it_25cpus_40bb-2 140508749543232
read_file 1572390504.020672 1572390504.7762158 bigbrain_3076_603_2776.nii 140420419688256
increment_file 1572390504.7765377 1572390570.281268 bigbrain_3076_603_2776.nii 140420419688256
write_file 1572390570.2831528 1572390570.7724397 inc-bigbrain_3076_603_2776.nii 140420419688256
task_duration 1572390504.01984 1572390570.784409 1572389672-localAD_1it_25cpus_40bb-2 140420419688256
read_file 1572390505.0321562 1572390505.092689 bigbrain_3076_603_694.nii 140418300909376
increment_file 1572390505.0930269 1572390563.2433648 bigbrain_3076_603_694.nii 140418300909376
write_file 1572390563.2457225 1572390563.7120624 inc-bigbrain_3076_603_694.nii 140418300909376
task_duration 1572390505.0311925 1572390563.7246654 1572389672-localAD_1it_25cpus_40bb-2 140418300909376
read_file 1572390505.754952 1572390505.9059772 bigbrain_769_0_0.nii 140477855414080
increment_file 1572390505.9063365 1572390562.1438446 bigbrain_769_0_0.nii 140477855414080
write_file 1572390562.145847 1572390562.6242633 inc-bigbrain_769_0_0.nii 140477855414080
task_duration 1572390505.753974 1572390562.6356804 1572389672-localAD_1it_25cpus_40bb-2 140477855414080
read_file 1572390508.6927495 1572390508.747649 bigbrain_769_0_1388.nii 140075424720704
increment_file 1572390508.7479775 1572390573.3229473 bigbrain_769_0_1388.nii 140075424720704
write_file 1572390573.3247762 1572390573.7879663 inc-bigbrain_769_0_1388.nii 140075424720704
task_duration 1572390508.6918936 1572390573.7991793 1572389672-localAD_1it_25cpus_40bb-2 140075424720704
read_file 1572390517.9312484 1572390518.0407958 bigbrain_769_0_2082.nii 140320388851520
increment_file 1572390518.0411367 1572390581.3832757 bigbrain_769_0_2082.nii 140320388851520
write_file 1572390581.38585 1572390581.8497806 inc-bigbrain_769_0_2082.nii 140320388851520
task_duration 1572390517.9303076 1572390581.8608732 1572389672-localAD_1it_25cpus_40bb-2 140320388851520
read_file 1572390553.0892224 1572390553.325975 bigbrain_769_0_2776.nii 139905630254912
increment_file 1572390553.3263335 1572390614.1434808 bigbrain_769_0_2776.nii 139905630254912
write_file 1572390614.145403 1572390614.6245358 inc-bigbrain_769_0_2776.nii 139905630254912
task_duration 1572390553.0883098 1572390614.636502 1572389672-localAD_1it_25cpus_40bb-2 139905630254912
read_file 1572390553.1424432 1572390553.50259 bigbrain_769_0_694.nii 140527675967296
increment_file 1572390553.5029418 1572390609.2705202 bigbrain_769_0_694.nii 140527675967296
write_file 1572390609.272352 1572390609.7478623 inc-bigbrain_769_0_694.nii 140527675967296
task_duration 1572390553.1415603 1572390609.7585874 1572389672-localAD_1it_25cpus_40bb-2 140527675967296
read_file 1572390557.8067913 1572390558.1864314 bigbrain_769_1206_0.nii 140569331894080
increment_file 1572390558.1868317 1572390615.9706974 bigbrain_769_1206_0.nii 140569331894080
read_file 1572390557.992242 1572390558.2731724 bigbrain_769_1206_1388.nii 140399964383040
increment_file 1572390558.2735083 1572390613.2535233 bigbrain_769_1206_1388.nii 140399964383040
write_file 1572390613.2552729 1572390613.729558 inc-bigbrain_769_1206_1388.nii 140399964383040
task_duration 1572390557.991356 1572390613.7411652 1572389672-localAD_1it_25cpus_40bb-2 140399964383040
read_file 1572390558.9692814 1572390559.0709689 bigbrain_769_1206_2082.nii 139956779157312
increment_file 1572390559.0712395 1572390612.3358355 bigbrain_769_1206_2082.nii 139956779157312
write_file 1572390612.337996 1572390612.830893 inc-bigbrain_769_1206_2082.nii 139956779157312
task_duration 1572390558.9682467 1572390612.8424742 1572389672-localAD_1it_25cpus_40bb-2 139956779157312
read_file 1572390559.0291402 1572390559.3095164 bigbrain_769_1206_2776.nii 140431159375680
increment_file 1572390559.3098693 1572390612.9356952 bigbrain_769_1206_2776.nii 140431159375680
write_file 1572390612.93813 1572390613.4307148 inc-bigbrain_769_1206_2776.nii 140431159375680
task_duration 1572390559.0281684 1572390613.4430842 1572389672-localAD_1it_25cpus_40bb-2 140431159375680
read_file 1572390560.1588378 1572390560.3761282 bigbrain_769_1206_694.nii 140621657843520
increment_file 1572390560.3764389 1572390612.1662385 bigbrain_769_1206_694.nii 140621657843520
write_file 1572390612.169346 1572390612.6745334 inc-bigbrain_769_1206_694.nii 140621657843520
task_duration 1572390560.1579182 1572390612.6869144 1572389672-localAD_1it_25cpus_40bb-2 140621657843520
read_file 1572390560.3698416 1572390560.6079822 bigbrain_769_1809_0.nii 139785915332416
increment_file 1572390560.6081486 1572390615.5355215 bigbrain_769_1809_0.nii 139785915332416
write_file 1572390615.5366802 1572390615.9917276 inc-bigbrain_769_1809_0.nii 139785915332416
task_duration 1572390560.3689654 1572390616.0032933 1572389672-localAD_1it_25cpus_40bb-2 139785915332416
read_file 1572390560.5997486 1572390560.6776335 bigbrain_769_1809_1388.nii 140024115529536
increment_file 1572390560.677961 1572390614.327154 bigbrain_769_1809_1388.nii 140024115529536
write_file 1572390614.32888 1572390614.8722749 inc-bigbrain_769_1809_1388.nii 140024115529536
task_duration 1572390560.5988624 1572390614.8841121 1572389672-localAD_1it_25cpus_40bb-2 140024115529536
read_file 1572390561.1165254 1572390561.2120101 bigbrain_769_1809_2082.nii 140290266584896
increment_file 1572390561.2123215 1572390620.1510587 bigbrain_769_1809_2082.nii 140290266584896
read_file 1572390561.4862516 1572390561.7583098 bigbrain_769_1809_2776.nii 140267249485632
increment_file 1572390561.7586362 1572390615.0872643 bigbrain_769_1809_2776.nii 140267249485632
write_file 1572390615.0893636 1572390615.568932 inc-bigbrain_769_1809_2776.nii 140267249485632
task_duration 1572390561.484732 1572390615.580487 1572389672-localAD_1it_25cpus_40bb-2 140267249485632
read_file 1572390562.294827 1572390562.5370693 bigbrain_769_1809_694.nii 140242510165824
increment_file 1572390562.5373998 1572390612.9459035 bigbrain_769_1809_694.nii 140242510165824
write_file 1572390612.9482975 1572390613.4373112 inc-bigbrain_769_1809_694.nii 140242510165824
task_duration 1572390562.293869 1572390613.4490373 1572389672-localAD_1it_25cpus_40bb-2 140242510165824
read_file 1572390562.9294949 1572390563.1113856 bigbrain_769_2412_0.nii 140541067683648
increment_file 1572390563.111732 1572390614.3348544 bigbrain_769_2412_0.nii 140541067683648
write_file 1572390614.337531 1572390614.8828351 inc-bigbrain_769_2412_0.nii 140541067683648
task_duration 1572390562.9285772 1572390614.8967953 1572389672-localAD_1it_25cpus_40bb-2 140541067683648
read_file 1572390562.9353948 1572390563.1200433 bigbrain_769_2412_1388.nii 139876845455168
increment_file 1572390563.1203618 1572390614.516475 bigbrain_769_2412_1388.nii 139876845455168
write_file 1572390614.5177581 1572390615.2598834 inc-bigbrain_769_2412_1388.nii 139876845455168
task_duration 1572390562.9344978 1572390615.2752092 1572389672-localAD_1it_25cpus_40bb-2 139876845455168
read_file 1572390563.8736205 1572390564.1507106 bigbrain_769_2412_2082.nii 139885867689792
increment_file 1572390564.1511014 1572390614.7595508 bigbrain_769_2412_2082.nii 139885867689792
write_file 1572390614.7619712 1572390615.249595 inc-bigbrain_769_2412_2082.nii 139885867689792
task_duration 1572390563.8725758 1572390615.2611327 1572389672-localAD_1it_25cpus_40bb-2 139885867689792
read_file 1572390563.9812276 1572390564.670316 bigbrain_769_2412_2776.nii 140233039157056
increment_file 1572390564.67078 1572390613.0661573 bigbrain_769_2412_2776.nii 140233039157056
write_file 1572390613.0675755 1572390613.5630832 inc-bigbrain_769_2412_2776.nii 140233039157056
task_duration 1572390563.9803138 1572390613.574396 1572389672-localAD_1it_25cpus_40bb-2 140233039157056
read_file 1572390566.579099 1572390566.6921456 bigbrain_769_2412_694.nii 140393159391040
increment_file 1572390566.6924665 1572390614.968183 bigbrain_769_2412_694.nii 140393159391040
write_file 1572390614.9694428 1572390615.510004 inc-bigbrain_769_2412_694.nii 140393159391040
task_duration 1572390566.5782185 1572390615.5214574 1572389672-localAD_1it_25cpus_40bb-2 140393159391040
read_file 1572390567.4535415 1572390567.5564175 bigbrain_769_603_0.nii 140636943226688
increment_file 1572390567.5566106 1572390615.403335 bigbrain_769_603_0.nii 140636943226688
write_file 1572390615.405012 1572390615.8561924 inc-bigbrain_769_603_0.nii 140636943226688
task_duration 1572390567.452701 1572390615.8673215 1572389672-localAD_1it_25cpus_40bb-2 140636943226688
read_file 1572390568.9014747 1572390569.1411657 bigbrain_769_603_1388.nii 140621371615040
increment_file 1572390569.1415215 1572390620.0030947 bigbrain_769_603_1388.nii 140621371615040
read_file 1572390571.033328 1572390571.0342698 bigbrain_769_603_2082.nii 139983928231744
increment_file 1572390571.0343986 1572390571.3755143 bigbrain_769_603_2082.nii 139983928231744
write_file 1572390571.3762097 1572390571.8356814 inc-bigbrain_769_603_2082.nii 139983928231744
task_duration 1572390571.0324342 1572390571.8464625 1572389672-localAD_1it_25cpus_40bb-2 139983928231744
read_file 1572390571.345473 1572390571.4571397 bigbrain_769_603_2776.nii 139647645960000
increment_file 1572390571.4573243 1572390616.2776866 bigbrain_769_603_2776.nii 139647645960000
read_file 1572390571.550024 1572390571.89682 bigbrain_769_603_694.nii 139910656743232
increment_file 1572390571.8971438 1572390617.0993614 bigbrain_769_603_694.nii 139910656743232
