read_file 1572375132.2635508 1572375135.2483602 bigbrain_3076_2412_2776.nii 139668871403328
increment_file 1572375188.174759 1572375209.7400355 bigbrain_3076_2412_2776.nii 139668871403328
write_file 1572375222.6589606 1572375322.4808564 inc-bigbrain_3076_2412_2776.nii 139668871403328
task_duration 1572375131.8946807 1572375323.1760697 1572374342-isilonAD_1it_25cpus_40bb-0 139668871403328
read_file 1572374678.2672064 1572374697.9327688 bigbrain_1538_603_694.nii 139931816167232
increment_file 1572374755.7547455 1572374776.6127355 bigbrain_1538_603_694.nii 139931816167232
write_file 1572374809.6716764 1572374898.00413 inc-bigbrain_1538_603_694.nii 139931816167232
task_duration 1572374676.8074524 1572374898.0616643 1572374342-isilonAD_1it_25cpus_40bb-0 139931816167232
read_file 1572375121.2810457 1572375126.7734258 bigbrain_3076_1206_2082.nii 140582223619904
increment_file 1572375136.3787594 1572375171.1312072 bigbrain_3076_1206_2082.nii 140582223619904
write_file 1572375213.5296483 1572375280.7652419 inc-bigbrain_3076_1206_2082.nii 140582223619904
task_duration 1572375121.1687164 1572375315.819373 1572374342-isilonAD_1it_25cpus_40bb-0 140582223619904
read_file 1572374344.0270762 1572374344.5166938 bigbrain_0_2412_2776.nii 140629475710784
increment_file 1572374369.864268 1572374438.3799474 bigbrain_0_2412_2776.nii 140629475710784
write_file 1572374493.1376572 1572374605.5443795 inc-bigbrain_0_2412_2776.nii 140629475710784
task_duration 1572374344.011039 1572374625.5842438 1572374342-isilonAD_1it_25cpus_40bb-0 140629475710784
read_file 1572374344.2162366 1572374344.5444782 bigbrain_0_1809_0.nii 140067237185344
increment_file 1572374450.5167305 1572374491.6653502 bigbrain_0_1809_0.nii 140067237185344
write_file 1572374495.856739 1572374631.3254633 inc-bigbrain_0_1809_0.nii 140067237185344
task_duration 1572374344.0164158 1572374634.7663882 1572374342-isilonAD_1it_25cpus_40bb-0 140067237185344
read_file 1572374638.6035292 1572374657.3419917 bigbrain_1538_2412_1388.nii 140635263125312
increment_file 1572374709.5884836 1572374744.606046 bigbrain_1538_2412_1388.nii 140635263125312
write_file 1572374775.1846857 1572374866.60886 inc-bigbrain_1538_2412_1388.nii 140635263125312
task_duration 1572374638.394669 1572374894.6196256 1572374342-isilonAD_1it_25cpus_40bb-0 140635263125312
read_file 1572375222.0043595 1572375226.1310146 bigbrain_3076_603_694.nii 140344516388672
increment_file 1572375271.0466676 1572375318.285252 bigbrain_3076_603_694.nii 140344516388672
write_file 1572375323.1472473 1572375378.6075423 inc-bigbrain_3076_603_694.nii 140344516388672
task_duration 1572375221.563841 1572375445.2651906 1572374342-isilonAD_1it_25cpus_40bb-0 140344516388672
read_file 1572375030.211902 1572375036.3246539 bigbrain_3076_0_0.nii 140256073193280
increment_file 1572375073.892494 1572375118.4471982 bigbrain_3076_0_0.nii 140256073193280
write_file 1572375122.3007371 1572375155.972061 inc-bigbrain_3076_0_0.nii 140256073193280
task_duration 1572375027.819628 1572375215.8889186 1572374342-isilonAD_1it_25cpus_40bb-0 140256073193280
read_file 1572375328.610532 1572375336.7639403 bigbrain_769_1206_1388.nii 140244310755136
increment_file 1572375356.1557624 1572375415.7832568 bigbrain_769_1206_1388.nii 140244310755136
write_file 1572375444.216965 1572375547.9810073 inc-bigbrain_769_1206_1388.nii 140244310755136
task_duration 1572375323.6711662 1572375550.3458092 1572374342-isilonAD_1it_25cpus_40bb-0 140244310755136
read_file 1572374625.6854396 1572374631.2983422 bigbrain_1538_0_0.nii 140537444734784
increment_file 1572374631.3624496 1572374636.9822984 bigbrain_1538_0_0.nii 140537444734784
write_file 1572374659.7505684 1572374720.8567605 inc-bigbrain_1538_0_0.nii 140537444734784
task_duration 1572374625.5271792 1572374772.8105228 1572374342-isilonAD_1it_25cpus_40bb-0 140537444734784
read_file 1572374904.9227707 1572374907.082735 bigbrain_2307_2412_694.nii 139992454154048
increment_file 1572374948.5552595 1572374985.3266206 bigbrain_2307_2412_694.nii 139992454154048
write_file 1572375013.4723208 1572375103.4416537 inc-bigbrain_2307_2412_694.nii 139992454154048
task_duration 1572374904.2067533 1572375113.6559718 1572374342-isilonAD_1it_25cpus_40bb-0 139992454154048
read_file 1572374911.4979446 1572374944.303151 bigbrain_2307_2412_2082.nii 140093876647744
increment_file 1572374997.664178 1572375021.736832 bigbrain_2307_2412_2082.nii 140093876647744
write_file 1572375048.9903555 1572375123.6324568 inc-bigbrain_2307_2412_2082.nii 140093876647744
task_duration 1572374904.2897418 1572375136.5982282 1572374342-isilonAD_1it_25cpus_40bb-0 140093876647744
read_file 1572375331.049547 1572375337.8373992 bigbrain_769_1809_694.nii 140524395435840
increment_file 1572375358.92183 1572375418.2981572 bigbrain_769_1809_694.nii 140524395435840
write_file 1572375444.8896325 1572375547.3127365 inc-bigbrain_769_1809_694.nii 140524395435840
task_duration 1572375323.6884787 1572375550.347171 1572374342-isilonAD_1it_25cpus_40bb-0 140524395435840
read_file 1572375324.2527661 1572375328.7935383 bigbrain_769_1206_2082.nii 139672671999808
increment_file 1572375351.0732117 1572375409.2300973 bigbrain_769_1206_2082.nii 139672671999808
write_file 1572375443.5493765 1572375541.9507384 inc-bigbrain_769_1206_2082.nii 139672671999808
task_duration 1572375323.6445167 1572375550.3071597 1572374342-isilonAD_1it_25cpus_40bb-0 139672671999808
read_file 1572375109.3564227 1572375111.906586 bigbrain_3076_0_694.nii 140701075953472
increment_file 1572375116.1160016 1572375131.2251492 bigbrain_3076_0_694.nii 140701075953472
write_file 1572375185.7710328 1572375221.3710496 inc-bigbrain_3076_0_694.nii 140701075953472
task_duration 1572375108.6807334 1572375255.6461155 1572374342-isilonAD_1it_25cpus_40bb-0 140701075953472
read_file 1572374344.1609113 1572374344.5269055 bigbrain_0_2412_694.nii 140177006376768
increment_file 1572374407.0055602 1572374472.7918131 bigbrain_0_2412_694.nii 140177006376768
write_file 1572374494.2616966 1572374621.1862555 inc-bigbrain_0_2412_694.nii 140177006376768
task_duration 1572374344.0118577 1572374628.668863 1572374342-isilonAD_1it_25cpus_40bb-0 140177006376768
read_file 1572374630.9144757 1572374633.506757 bigbrain_1538_0_2082.nii 140261077395264
increment_file 1572374645.305546 1572374655.8540838 bigbrain_1538_0_2082.nii 140261077395264
write_file 1572374706.9676807 1572374771.507533 inc-bigbrain_1538_0_2082.nii 140261077395264
task_duration 1572374630.834304 1572374792.8856742 1572374342-isilonAD_1it_25cpus_40bb-0 140261077395264
read_file 1572375241.4897795 1572375245.2183619 bigbrain_769_0_2082.nii 140717034682176
increment_file 1572375290.4633703 1572375323.1223395 bigbrain_769_0_2082.nii 140717034682176
write_file 1572375323.1536427 1572375372.9925115 inc-bigbrain_769_0_2082.nii 140717034682176
task_duration 1572375240.4134035 1572375445.0251675 1572374342-isilonAD_1it_25cpus_40bb-0 140717034682176
read_file 1572375337.6534665 1572375345.1166334 bigbrain_769_603_0.nii 139672702338880
increment_file 1572375410.0309896 1572375441.5720458 bigbrain_769_603_0.nii 139672702338880
write_file 1572375445.2718337 1572375550.1972358 inc-bigbrain_769_603_0.nii 139672702338880
task_duration 1572375323.7570927 1572375550.357552 1572374342-isilonAD_1it_25cpus_40bb-0 139672702338880
read_file 1572374344.2143211 1572374344.5323944 bigbrain_0_2412_0.nii 140713670182720
increment_file 1572374424.0200016 1572374483.2830334 bigbrain_0_2412_0.nii 140713670182720
write_file 1572374494.9264076 1572374627.4417417 inc-bigbrain_0_2412_0.nii 140713670182720
task_duration 1572374344.0143595 1572374631.2628465 1572374342-isilonAD_1it_25cpus_40bb-0 140713670182720
read_file 1572374344.2158632 1572374344.5350213 bigbrain_0_0_694.nii 140719978760000
increment_file 1572374443.1003585 1572374490.4971597 bigbrain_0_0_694.nii 140719978760000
write_file 1572374495.6818936 1572374631.2470095 inc-bigbrain_0_0_694.nii 140719978760000
task_duration 1572374344.0161736 1572374633.1083066 1572374342-isilonAD_1it_25cpus_40bb-0 140719978760000
read_file 1572375451.201771 1572375462.747369 bigbrain_769_603_2776.nii 140615213209408
increment_file 1572375480.0387135 1572375549.2614768 bigbrain_769_603_2776.nii 140615213209408
write_file 1572375550.3234386 1572375567.426119 inc-bigbrain_769_603_2776.nii 140615213209408
task_duration 1572375446.260597 1572375567.452656 1572374342-isilonAD_1it_25cpus_40bb-0 140615213209408
read_file 1572374898.8953345 1572374904.5302134 bigbrain_2307_1809_2082.nii 140546792941376
increment_file 1572374926.7619338 1572374950.6680076 bigbrain_2307_1809_2082.nii 140546792941376
write_file 1572375004.5728667 1572375082.3102114 inc-bigbrain_2307_1809_2082.nii 140546792941376
task_duration 1572374898.3331008 1572375114.9561083 1572374342-isilonAD_1it_25cpus_40bb-0 140546792941376
read_file 1572374630.638342 1572374632.8384266 bigbrain_1538_1206_0.nii 139901552764736
increment_file 1572374639.1384642 1572374650.3649154 bigbrain_1538_1206_0.nii 139901552764736
write_file 1572374703.385967 1572374766.9793293 inc-bigbrain_1538_1206_0.nii 139901552764736
task_duration 1572374630.4879558 1572374784.97098 1572374342-isilonAD_1it_25cpus_40bb-0 139901552764736
read_file 1572374901.323857 1572374904.1408417 bigbrain_2307_1809_2776.nii 139634207504192
increment_file 1572374917.8156428 1572374944.6760974 bigbrain_2307_1809_2776.nii 139634207504192
write_file 1572374998.603566 1572375084.1411366 inc-bigbrain_2307_1809_2776.nii 139634207504192
task_duration 1572374898.356795 1572375115.2561057 1572374342-isilonAD_1it_25cpus_40bb-0 139634207504192
read_file 1572374632.7034853 1572374647.8181517 bigbrain_1538_1809_0.nii 140249898039104
increment_file 1572374695.7927365 1572374726.316579 bigbrain_1538_1809_0.nii 140249898039104
write_file 1572374772.255818 1572374853.5752282 inc-bigbrain_1538_1809_0.nii 140249898039104
task_duration 1572374631.669139 1572374876.3818371 1572374342-isilonAD_1it_25cpus_40bb-0 140249898039104
read_file 1572374344.014241 1572374344.492013 bigbrain_0_0_1388.nii 140546351769408
increment_file 1572374344.5289726 1572374381.5274658 bigbrain_0_0_1388.nii 140546351769408
write_file 1572374483.6588109 1572374553.785223 inc-bigbrain_0_0_1388.nii 140546351769408
task_duration 1572374344.0108857 1572374583.2273726 1572374342-isilonAD_1it_25cpus_40bb-0 140546351769408
read_file 1572374910.635345 1572374943.6342118 bigbrain_2307_603_694.nii 139789196375872
increment_file 1572374996.0585063 1572375021.0682087 bigbrain_2307_603_694.nii 139789196375872
write_file 1572375047.6366253 1572375123.212938 inc-bigbrain_2307_603_694.nii 139789196375872
task_duration 1572374904.2874417 1572375135.4237332 1572374342-isilonAD_1it_25cpus_40bb-0 139789196375872
read_file 1572374898.4614332 1572374904.9974997 bigbrain_2307_1206_0.nii 139957825783616
increment_file 1572374945.2106316 1572374978.1589346 bigbrain_2307_1206_0.nii 139957825783616
write_file 1572375009.8772056 1572375095.2475197 inc-bigbrain_2307_1206_0.nii 139957825783616
task_duration 1572374898.3204942 1572375116.7054138 1572374342-isilonAD_1it_25cpus_40bb-0 139957825783616
read_file 1572374898.5952294 1572374901.9933789 bigbrain_2307_1206_694.nii 140203051624256
increment_file 1572374907.2972746 1572374937.1628673 bigbrain_2307_1206_694.nii 140203051624256
write_file 1572374986.5310614 1572375022.1438575 inc-bigbrain_2307_1206_694.nii 140203051624256
task_duration 1572374898.3272097 1572375055.3912258 1572374342-isilonAD_1it_25cpus_40bb-0 140203051624256
read_file 1572375125.1475422 1572375126.3370426 bigbrain_3076_1809_2082.nii 139925763999552
increment_file 1572375132.8526254 1572375165.9541721 bigbrain_3076_1809_2082.nii 139925763999552
write_file 1572375212.8893323 1572375268.1959877 inc-bigbrain_3076_1809_2082.nii 139925763999552
task_duration 1572375124.8560247 1572375304.78373 1572374342-isilonAD_1it_25cpus_40bb-0 139925763999552
read_file 1572375125.49329 1572375127.5612943 bigbrain_3076_1206_694.nii 140033309689664
increment_file 1572375147.5418665 1572375179.655401 bigbrain_3076_1206_694.nii 140033309689664
write_file 1572375216.7599695 1572375292.5099578 inc-bigbrain_3076_1206_694.nii 140033309689664
task_duration 1572375124.8750594 1572375312.4773412 1572374342-isilonAD_1it_25cpus_40bb-0 140033309689664
read_file 1572374344.017192 1572374344.5111086 bigbrain_0_1809_1388.nii 139620913731392
increment_file 1572374360.7670834 1572374426.4561784 bigbrain_0_1809_1388.nii 139620913731392
write_file 1572374492.5914354 1572374595.8531904 inc-bigbrain_0_1809_1388.nii 139620913731392
task_duration 1572374344.010975 1572374608.7447 1572374342-isilonAD_1it_25cpus_40bb-0 139620913731392
read_file 1572375329.816884 1572375335.7381525 bigbrain_769_1809_2776.nii 140027179636544
increment_file 1572375355.144345 1572375414.4977245 bigbrain_769_1809_2776.nii 140027179636544
write_file 1572375444.6184716 1572375542.161448 inc-bigbrain_769_1809_2776.nii 140027179636544
task_duration 1572375323.688234 1572375550.3131003 1572374342-isilonAD_1it_25cpus_40bb-0 140027179636544
read_file 1572374344.0894487 1572374344.5230062 bigbrain_0_0_2776.nii 140436112385856
increment_file 1572374382.3280709 1572374452.5835886 bigbrain_0_0_2776.nii 140436112385856
write_file 1572374493.6750069 1572374618.7466786 inc-bigbrain_0_0_2776.nii 140436112385856
task_duration 1572374344.011056 1572374628.1787264 1572374342-isilonAD_1it_25cpus_40bb-0 140436112385856
read_file 1572374649.7062066 1572374667.4392269 bigbrain_1538_603_1388.nii 140669246449472
increment_file 1572374729.5305622 1572374762.848883 bigbrain_1538_603_1388.nii 140669246449472
write_file 1572374780.7096927 1572374876.536021 inc-bigbrain_1538_603_1388.nii 140669246449472
task_duration 1572374649.2577155 1572374898.0127087 1572374342-isilonAD_1it_25cpus_40bb-0 140669246449472
read_file 1572375177.8909128 1572375209.5723836 bigbrain_3076_603_1388.nii 140443628992320
increment_file 1572375221.2362964 1572375250.6786542 bigbrain_3076_603_1388.nii 140443628992320
write_file 1572375291.4753392 1572375323.1285975 inc-bigbrain_3076_603_1388.nii 140443628992320
task_duration 1572375176.902635 1572375323.174828 1572374342-isilonAD_1it_25cpus_40bb-0 140443628992320
read_file 1572374630.5669346 1572374632.1699069 bigbrain_1538_0_1388.nii 140584187545408
increment_file 1572374636.8758776 1572374645.6798193 bigbrain_1538_0_1388.nii 140584187545408
write_file 1572374679.2178462 1572374749.4176307 inc-bigbrain_1538_0_1388.nii 140584187545408
task_duration 1572374630.484521 1572374778.884422 1572374342-isilonAD_1it_25cpus_40bb-0 140584187545408
read_file 1572375333.3993378 1572375340.960642 bigbrain_769_2412_1388.nii 139894603224896
increment_file 1572375392.6470897 1572375435.6370661 bigbrain_769_2412_1388.nii 139894603224896
write_file 1572375445.265642 1572375543.039738 inc-bigbrain_769_2412_1388.nii 139894603224896
task_duration 1572375323.72923 1572375550.332132 1572374342-isilonAD_1it_25cpus_40bb-0 139894603224896
read_file 1572374344.0158281 1572374344.504184 bigbrain_0_603_694.nii 139742807217984
increment_file 1572374348.277721 1572374402.7867656 bigbrain_0_603_694.nii 139742807217984
write_file 1572374491.2864475 1572374589.9553142 inc-bigbrain_0_603_694.nii 139742807217984
task_duration 1572374344.0109658 1572374616.9401355 1572374342-isilonAD_1it_25cpus_40bb-0 139742807217984
read_file 1572374906.3299391 1572374914.1412156 bigbrain_2307_2412_0.nii 139822104573760
increment_file 1572374977.1165779 1572374999.2437606 bigbrain_2307_2412_0.nii 139822104573760
write_file 1572375023.717397 1572375115.7822115 inc-bigbrain_2307_2412_0.nii 139822104573760
task_duration 1572374904.2213852 1572375122.4049423 1572374342-isilonAD_1it_25cpus_40bb-0 139822104573760
read_file 1572374909.1173224 1572374941.5209308 bigbrain_2307_603_2776.nii 139978800535360
increment_file 1572374991.128517 1572375012.5237112 bigbrain_2307_603_2776.nii 139978800535360
write_file 1572375034.465918 1572375118.7961564 inc-bigbrain_2307_603_2776.nii 139978800535360
task_duration 1572374904.2675083 1572375123.814275 1572374342-isilonAD_1it_25cpus_40bb-0 139978800535360
read_file 1572374631.2859917 1572374634.4963071 bigbrain_1538_0_2776.nii 139721241569088
increment_file 1572374655.8522363 1572374670.5408216 bigbrain_1538_0_2776.nii 139721241569088
write_file 1572374732.7449098 1572374807.674779 inc-bigbrain_1538_0_2776.nii 139721241569088
task_duration 1572374631.266384 1572374857.9705572 1572374342-isilonAD_1it_25cpus_40bb-0 139721241569088
read_file 1572374344.016713 1572374344.5095317 bigbrain_0_1206_2082.nii 140532433442624
increment_file 1572374357.0240648 1572374420.1659138 bigbrain_0_1206_2082.nii 140532433442624
write_file 1572374492.456175 1572374599.2115185 inc-bigbrain_0_1206_2082.nii 140532433442624
task_duration 1572374344.0109355 1572374617.528321 1572374342-isilonAD_1it_25cpus_40bb-0 140532433442624
read_file 1572374898.7289805 1572374902.7161844 bigbrain_2307_1206_2082.nii 140604092630848
increment_file 1572374909.4481277 1572374939.6472697 bigbrain_2307_1206_2082.nii 140604092630848
write_file 1572374990.4907374 1572375061.777097 inc-bigbrain_2307_1206_2082.nii 140604092630848
task_duration 1572374898.3279557 1572375112.9119937 1572374342-isilonAD_1it_25cpus_40bb-0 140604092630848
read_file 1572374666.6306238 1572374687.0334198 bigbrain_1538_603_2082.nii 139980462548800
increment_file 1572374746.743087 1572374772.8082383 bigbrain_1538_603_2082.nii 139980462548800
write_file 1572374794.1046138 1572374897.2561095 inc-bigbrain_1538_603_2082.nii 139980462548800
task_duration 1572374665.8916745 1572374898.0559294 1572374342-isilonAD_1it_25cpus_40bb-0 139980462548800
read_file 1572374900.6083908 1572374903.6818805 bigbrain_2307_1809_0.nii 140360227247936
increment_file 1572374912.6240938 1572374941.6622148 bigbrain_2307_1809_0.nii 140360227247936
write_file 1572374993.5179713 1572375080.7030756 inc-bigbrain_2307_1809_0.nii 140360227247936
task_duration 1572374898.3517056 1572375115.129095 1572374342-isilonAD_1it_25cpus_40bb-0 140360227247936
read_file 1572375126.0302188 1572375130.0700061 bigbrain_3076_1809_2776.nii 139659192112960
increment_file 1572375182.4081626 1572375207.4335139 bigbrain_3076_1809_2776.nii 139659192112960
write_file 1572375220.8369884 1572375321.7068036 inc-bigbrain_3076_1809_2776.nii 139659192112960
task_duration 1572375125.6939485 1572375323.1754286 1572374342-isilonAD_1it_25cpus_40bb-0 139659192112960
read_file 1572375027.2976978 1572375031.313779 bigbrain_3076_0_1388.nii 139808864163648
increment_file 1572375064.1998632 1572375115.2363062 bigbrain_3076_0_1388.nii 139808864163648
write_file 1572375120.086334 1572375146.079295 inc-bigbrain_3076_0_1388.nii 139808864163648
task_duration 1572375026.571766 1572375214.2009263 1572374342-isilonAD_1it_25cpus_40bb-0 139808864163648
read_file 1572375154.4993384 1572375179.4962873 bigbrain_3076_603_0.nii 140420352517952
increment_file 1572375214.3312516 1572375224.9093676 bigbrain_3076_603_0.nii 140420352517952
write_file 1572375257.3290544 1572375323.1276317 inc-bigbrain_3076_603_0.nii 140420352517952
task_duration 1572375152.7047353 1572375323.1806142 1572374342-isilonAD_1it_25cpus_40bb-0 140420352517952
read_file 1572375220.567407 1572375225.4990137 bigbrain_3076_603_2082.nii 139840148977472
increment_file 1572375264.0490801 1572375314.9457572 bigbrain_3076_603_2082.nii 139840148977472
write_file 1572375323.1433182 1572375375.8002882 inc-bigbrain_3076_603_2082.nii 139840148977472
task_duration 1572375220.3756514 1572375445.1586823 1572374342-isilonAD_1it_25cpus_40bb-0 139840148977472
read_file 1572375323.8290746 1572375325.1840177 bigbrain_769_1809_0.nii 139681224439616
increment_file 1572375340.9394264 1572375393.289954 bigbrain_769_1809_0.nii 139681224439616
write_file 1572375443.1483846 1572375549.9302855 inc-bigbrain_769_1809_0.nii 139681224439616
task_duration 1572375323.6275818 1572375550.3503413 1572374342-isilonAD_1it_25cpus_40bb-0 139681224439616
read_file 1572375323.5389192 1572375323.55954 bigbrain_769_1206_0.nii 140598834468672
increment_file 1572375323.586488 1572375360.84418 bigbrain_769_1206_0.nii 140598834468672
write_file 1572375440.0250041 1572375533.3648727 inc-bigbrain_769_1206_0.nii 140598834468672
task_duration 1572375323.5369315 1572375537.543354 1572374342-isilonAD_1it_25cpus_40bb-0 140598834468672
read_file 1572375336.60806 1572375346.1572945 bigbrain_769_2412_694.nii 139632888088384
increment_file 1572375415.0313597 1572375442.211774 bigbrain_769_2412_694.nii 139632888088384
write_file 1572375445.2723255 1572375550.30227 inc-bigbrain_769_2412_694.nii 139632888088384
task_duration 1572375323.7475686 1572375550.3545148 1572374342-isilonAD_1it_25cpus_40bb-0 139632888088384
read_file 1572374824.5871542 1572374830.6752381 bigbrain_2307_0_0.nii 140715052910400
increment_file 1572374869.6629114 1572374894.7228518 bigbrain_2307_0_0.nii 140715052910400
write_file 1572374898.0290234 1572374935.3196783 inc-bigbrain_2307_0_0.nii 140715052910400
task_duration 1572374823.153239 1572374992.717507 1572374342-isilonAD_1it_25cpus_40bb-0 140715052910400
read_file 1572375220.7008731 1572375225.5954547 bigbrain_3076_603_2776.nii 140686298720064
increment_file 1572375266.927753 1572375316.4575942 bigbrain_3076_603_2776.nii 140686298720064
write_file 1572375323.145194 1572375370.1849766 inc-bigbrain_3076_603_2776.nii 140686298720064
task_duration 1572375220.38239 1572375444.75349 1572374342-isilonAD_1it_25cpus_40bb-0 140686298720064
read_file 1572374899.354434 1572374905.2434304 bigbrain_2307_1206_1388.nii 139841458771776
increment_file 1572374946.9496489 1572374983.0794592 bigbrain_2307_1206_1388.nii 139841458771776
write_file 1572375012.2856998 1572375096.4511375 inc-bigbrain_2307_1206_1388.nii 139841458771776
task_duration 1572374898.3340595 1572375117.0580246 1572374342-isilonAD_1it_25cpus_40bb-0 139841458771776
read_file 1572374642.7478673 1572374662.1081665 bigbrain_1538_2412_2776.nii 139826478044992
increment_file 1572374719.5453956 1572374753.6447554 bigbrain_1538_2412_2776.nii 139826478044992
write_file 1572374777.510742 1572374870.2700016 inc-bigbrain_1538_2412_2776.nii 139826478044992
task_duration 1572374642.2951956 1572374896.0630724 1572374342-isilonAD_1it_25cpus_40bb-0 139826478044992
read_file 1572375238.464113 1572375242.54456 bigbrain_769_0_0.nii 140442383923008
increment_file 1572375281.654352 1572375321.5729978 bigbrain_769_0_0.nii 140442383923008
write_file 1572375323.1501107 1572375387.0290837 inc-bigbrain_769_0_0.nii 140442383923008
task_duration 1572375237.4579751 1572375445.2668517 1572374342-isilonAD_1it_25cpus_40bb-0 140442383923008
read_file 1572375121.1947446 1572375125.920825 bigbrain_3076_1206_1388.nii 140066337285952
increment_file 1572375132.3973556 1572375165.4468248 bigbrain_3076_1206_1388.nii 140066337285952
write_file 1572375212.488564 1572375242.7955937 inc-bigbrain_3076_1206_1388.nii 140066337285952
task_duration 1572375121.069426 1572375286.4122014 1572374342-isilonAD_1it_25cpus_40bb-0 140066337285952
read_file 1572374344.2153678 1572374344.5342133 bigbrain_0_1809_2082.nii 140266177406784
increment_file 1572374436.6687446 1572374489.3005836 bigbrain_0_1809_2082.nii 140266177406784
write_file 1572374495.5482397 1572374631.0405388 inc-bigbrain_0_1809_2082.nii 140266177406784
task_duration 1572374344.0152164 1572374631.3628933 1572374342-isilonAD_1it_25cpus_40bb-0 140266177406784
read_file 1572374344.1431108 1572374344.525898 bigbrain_0_1809_2776.nii 140238428370752
increment_file 1572374399.7642837 1572374468.9402583 bigbrain_0_1809_2776.nii 140238428370752
write_file 1572374494.0811176 1572374623.4125392 inc-bigbrain_0_1809_2776.nii 140238428370752
task_duration 1572374344.011802 1572374629.5138376 1572374342-isilonAD_1it_25cpus_40bb-0 140238428370752
read_file 1572375028.2155032 1572375033.7276835 bigbrain_3076_0_2776.nii 140361131341632
increment_file 1572375067.3836024 1572375116.809196 bigbrain_3076_0_2776.nii 140361131341632
write_file 1572375121.1527202 1572375154.2327414 inc-bigbrain_3076_0_2776.nii 140361131341632
task_duration 1572375026.5803912 1572375215.0055273 1572374342-isilonAD_1it_25cpus_40bb-0 140361131341632
read_file 1572375114.9269407 1572375123.3819306 bigbrain_3076_1206_0.nii 140668896270144
increment_file 1572375133.4846952 1572375167.5475838 bigbrain_3076_1206_0.nii 140668896270144
write_file 1572375213.2620988 1572375278.0429037 inc-bigbrain_3076_1206_0.nii 140668896270144
task_duration 1572375114.5796351 1572375309.2561853 1572374342-isilonAD_1it_25cpus_40bb-0 140668896270144
read_file 1572374631.9014306 1572374642.481488 bigbrain_1538_1206_2082.nii 140071408412480
increment_file 1572374666.0754507 1572374687.916047 bigbrain_1538_1206_2082.nii 140071408412480
write_file 1572374745.54196 1572374828.83911 inc-bigbrain_1538_1206_2082.nii 140071408412480
task_duration 1572374631.5468729 1572374871.3356683 1572374342-isilonAD_1it_25cpus_40bb-0 140071408412480
read_file 1572374905.612857 1572374907.6986253 bigbrain_2307_603_1388.nii 140338771535680
increment_file 1572374950.666386 1572374987.8406208 bigbrain_2307_603_1388.nii 140338771535680
write_file 1572375018.544324 1572375097.9318306 inc-bigbrain_2307_603_1388.nii 140338771535680
task_duration 1572374904.219 1572375102.8509443 1572374342-isilonAD_1it_25cpus_40bb-0 140338771535680
read_file 1572375125.2814274 1572375126.7958183 bigbrain_3076_1206_2776.nii 139684963174208
increment_file 1572375138.002188 1572375172.9742482 bigbrain_3076_1206_2776.nii 139684963174208
write_file 1572375213.7973485 1572375283.2301464 inc-bigbrain_3076_1206_2776.nii 139684963174208
task_duration 1572375124.8651927 1572375318.420871 1572374342-isilonAD_1it_25cpus_40bb-0 139684963174208
read_file 1572374344.2149622 1572374344.5333374 bigbrain_0_603_2082.nii 140665166808896
increment_file 1572374431.2005908 1572374487.0051904 bigbrain_0_603_2082.nii 140665166808896
write_file 1572374495.3440766 1572374630.3024342 inc-bigbrain_0_603_2082.nii 140665166808896
task_duration 1572374344.0146577 1572374631.361444 1572374342-isilonAD_1it_25cpus_40bb-0 140665166808896
read_file 1572374633.907077 1572374649.8408551 bigbrain_1538_1809_694.nii 140111645890368
increment_file 1572374701.2454715 1572374733.652925 bigbrain_1538_1809_694.nii 140111645890368
write_file 1572374774.536519 1572374863.4571905 inc-bigbrain_1538_1809_694.nii 140111645890368
task_duration 1572374633.7010868 1572374893.6824682 1572374342-isilonAD_1it_25cpus_40bb-0 140111645890368
read_file 1572375454.0894523 1572375477.1112256 bigbrain_769_603_694.nii 140249564251968
increment_file 1572375497.4890094 1572375550.3027487 bigbrain_769_603_694.nii 140249564251968
write_file 1572375550.3296776 1572375567.4281843 inc-bigbrain_769_603_694.nii 140249564251968
task_duration 1572375446.3139524 1572375567.4562733 1572374342-isilonAD_1it_25cpus_40bb-0 140249564251968
read_file 1572374344.01515 1572374344.5023043 bigbrain_0_1206_2776.nii 139824430868288
increment_file 1572374345.603957 1572374392.9706485 bigbrain_0_1206_2776.nii 139824430868288
write_file 1572374488.372809 1572374587.5418568 inc-bigbrain_0_1206_2776.nii 139824430868288
task_duration 1572374344.0109231 1572374622.2747924 1572374342-isilonAD_1it_25cpus_40bb-0 139824430868288
read_file 1572375132.5574706 1572375136.03065 bigbrain_3076_2412_2082.nii 139649362528064
increment_file 1572375196.6814096 1572375213.2625191 bigbrain_3076_2412_2082.nii 139649362528064
write_file 1572375225.3077974 1572375323.0165222 inc-bigbrain_3076_2412_2082.nii 139649362528064
task_duration 1572375131.8994071 1572375323.1775503 1572374342-isilonAD_1it_25cpus_40bb-0 139649362528064
read_file 1572374906.9296856 1572374909.1413965 bigbrain_2307_2412_2776.nii 139865376274240
increment_file 1572374952.9396756 1572374989.8205235 bigbrain_2307_2412_2776.nii 139865376274240
write_file 1572375019.8786201 1572375103.1234763 inc-bigbrain_2307_2412_2776.nii 139865376274240
task_duration 1572374904.2276092 1572375118.543308 1572374342-isilonAD_1it_25cpus_40bb-0 139865376274240
read_file 1572374344.0147595 1572374344.5003529 bigbrain_0_603_0.nii 140469957764928
increment_file 1572374345.0693333 1572374388.855315 bigbrain_0_603_0.nii 140469957764928
write_file 1572374487.0060468 1572374585.7455018 inc-bigbrain_0_603_0.nii 140469957764928
task_duration 1572374344.01089 1572374609.3506143 1572374342-isilonAD_1it_25cpus_40bb-0 140469957764928
read_file 1572375448.412492 1572375459.8589125 bigbrain_769_603_2082.nii 140246837991232
increment_file 1572375474.240164 1572375548.6215289 bigbrain_769_603_2082.nii 140246837991232
write_file 1572375550.3223364 1572375567.4224527 inc-bigbrain_769_603_2082.nii 140246837991232
task_duration 1572375446.2086961 1572375567.4496312 1572374342-isilonAD_1it_25cpus_40bb-0 140246837991232
read_file 1572374344.2166247 1572374344.8029284 bigbrain_0_2412_2082.nii 140454714312512
increment_file 1572374478.516597 1572374495.3434534 bigbrain_0_2412_2082.nii 140454714312512
write_file 1572374549.714662 1572374631.3273869 inc-bigbrain_0_2412_2082.nii 140454714312512
task_duration 1572374344.0165708 1572374635.3547292 1572374342-isilonAD_1it_25cpus_40bb-0 140454714312512
read_file 1572374632.4360785 1572374646.6148996 bigbrain_1538_0_694.nii 140489311668032
increment_file 1572374686.0966592 1572374714.0130322 bigbrain_1538_0_694.nii 140489311668032
write_file 1572374767.8536043 1572374848.421605 inc-bigbrain_1538_0_694.nii 140489311668032
task_duration 1572374631.6137972 1572374875.8340003 1572374342-isilonAD_1it_25cpus_40bb-0 140489311668032
read_file 1572374344.016444 1572374344.507993 bigbrain_0_0_0.nii 140494346766144
increment_file 1572374353.8132079 1572374414.9658513 bigbrain_0_0_0.nii 140494346766144
write_file 1572374492.3181913 1572374591.9144313 inc-bigbrain_0_0_0.nii 140494346766144
task_duration 1572374344.0109375 1572374602.3668005 1572374342-isilonAD_1it_25cpus_40bb-0 140494346766144
read_file 1572374632.168865 1572374645.6790125 bigbrain_1538_1809_2776.nii 139842651965248
increment_file 1572374674.978314 1572374700.1771264 bigbrain_1538_1809_2776.nii 139842651965248
write_file 1572374758.7145724 1572374836.2665741 inc-bigbrain_1538_1809_2776.nii 139842651965248
task_duration 1572374631.6022308 1572374875.0267246 1572374342-isilonAD_1it_25cpus_40bb-0 139842651965248
read_file 1572375325.1439543 1572375331.2009788 bigbrain_769_1206_694.nii 140252695508800
increment_file 1572375353.0333931 1572375412.4131155 bigbrain_769_1206_694.nii 140252695508800
write_file 1572375443.8162847 1572375548.6215522 inc-bigbrain_769_1206_694.nii 140252695508800
task_duration 1572375323.6537044 1572375550.3473415 1572374342-isilonAD_1it_25cpus_40bb-0 140252695508800
read_file 1572375323.5638618 1572375328.7733557 bigbrain_769_0_694.nii 140113124415296
increment_file 1572375349.7588432 1572375407.1181357 bigbrain_769_0_694.nii 140113124415296
write_file 1572375443.4148297 1572375543.448216 inc-bigbrain_769_0_694.nii 140113124415296
task_duration 1572375323.5536392 1572375550.3355455 1572374342-isilonAD_1it_25cpus_40bb-0 140113124415296
read_file 1572375125.81344 1572375129.4434927 bigbrain_3076_2412_0.nii 140522818910016
increment_file 1572375174.8442779 1572375201.069753 bigbrain_3076_2412_0.nii 140522818910016
write_file 1572375220.4346917 1572375306.1914558 inc-bigbrain_3076_2412_0.nii 140522818910016
task_duration 1572375124.882084 1572375323.165376 1572374342-isilonAD_1it_25cpus_40bb-0 140522818910016
read_file 1572375335.5981665 1572375344.1033888 bigbrain_769_603_1388.nii 139973719811904
increment_file 1572375404.228486 1572375440.129487 bigbrain_769_603_1388.nii 139973719811904
write_file 1572375445.2713284 1572375549.7959836 inc-bigbrain_769_603_1388.nii 139973719811904
task_duration 1572375323.747464 1572375550.3495026 1572374342-isilonAD_1it_25cpus_40bb-0 139973719811904
read_file 1572374344.1964738 1572374344.5314376 bigbrain_0_0_2082.nii 140153481795392
increment_file 1572374418.4401176 1572374479.4254305 bigbrain_0_0_2082.nii 140153481795392
write_file 1572374494.559569 1572374626.2032185 inc-bigbrain_0_0_2082.nii 140153481795392
task_duration 1572374344.0132935 1572374631.2452762 1572374342-isilonAD_1it_25cpus_40bb-0 140153481795392
read_file 1572375125.9201062 1572375129.7194395 bigbrain_3076_1809_0.nii 139940621485888
increment_file 1572375178.559353 1572375204.654381 bigbrain_3076_1809_0.nii 139940621485888
write_file 1572375220.5696037 1572375320.2921057 inc-bigbrain_3076_1809_0.nii 139940621485888
task_duration 1572375124.8863297 1572375323.170693 1572374342-isilonAD_1it_25cpus_40bb-0 139940621485888
read_file 1572375125.395749 1572375127.2098453 bigbrain_3076_2412_1388.nii 140322680899392
increment_file 1572375141.074024 1572375175.2188125 bigbrain_3076_2412_1388.nii 140322680899392
write_file 1572375214.065307 1572375284.537291 inc-bigbrain_3076_2412_1388.nii 140322680899392
task_duration 1572375124.8683908 1572375319.358097 1572374342-isilonAD_1it_25cpus_40bb-0 140322680899392
read_file 1572375125.706038 1572375129.0975232 bigbrain_3076_1809_1388.nii 140293831092032
increment_file 1572375169.1523035 1572375195.6114767 bigbrain_3076_1809_1388.nii 140293831092032
write_file 1572375220.2852976 1572375299.2687566 inc-bigbrain_3076_1809_1388.nii 140293831092032
task_duration 1572375124.8807712 1572375323.1563723 1572374342-isilonAD_1it_25cpus_40bb-0 140293831092032
read_file 1572375326.2249966 1572375333.574207 bigbrain_769_1809_2082.nii 140464118351680
increment_file 1572375354.472109 1572375414.124445 bigbrain_769_1809_2082.nii 140464118351680
write_file 1572375444.350848 1572375542.8338983 inc-bigbrain_769_1809_2082.nii 140464118351680
task_duration 1572375323.6541843 1572375550.3316336 1572374342-isilonAD_1it_25cpus_40bb-0 140464118351680
read_file 1572374851.943027 1572374861.3611593 bigbrain_2307_0_2776.nii 139939646605120
increment_file 1572374878.470555 1572374898.0027232 bigbrain_2307_0_2776.nii 139939646605120
write_file 1572374898.0347233 1572374936.7913573 inc-bigbrain_2307_0_2776.nii 139939646605120
task_duration 1572374850.7663474 1572374993.1195698 1572374342-isilonAD_1it_25cpus_40bb-0 139939646605120
read_file 1572374652.1194909 1572374671.0820088 bigbrain_1538_603_0.nii 140562260506432
increment_file 1572374735.794567 1572374767.0894873 bigbrain_1538_603_0.nii 140562260506432
write_file 1572374784.0692863 1572374888.0539293 inc-bigbrain_1538_603_0.nii 140562260506432
task_duration 1572374651.6527772 1572374898.0556028 1572374342-isilonAD_1it_25cpus_40bb-0 140562260506432
read_file 1572374344.0716667 1572374344.5217354 bigbrain_0_1206_694.nii 140072615733056
increment_file 1572374376.307997 1572374445.3205466 bigbrain_0_1206_694.nii 140072615733056
write_file 1572374493.4075723 1572374612.688225 inc-bigbrain_0_1206_694.nii 140072615733056
task_duration 1572374344.0110242 1572374627.0797787 1572374342-isilonAD_1it_25cpus_40bb-0 140072615733056
read_file 1572374344.107392 1572374344.523962 bigbrain_0_603_1388.nii 140619449694016
increment_file 1572374388.2101982 1572374459.392727 bigbrain_0_603_1388.nii 140619449694016
write_file 1572374493.814114 1572374616.627557 inc-bigbrain_0_603_1388.nii 140619449694016
task_duration 1572374344.011191 1572374626.5893111 1572374342-isilonAD_1it_25cpus_40bb-0 140619449694016
read_file 1572374901.9657555 1572374904.7488728 bigbrain_2307_1809_1388.nii 140331432752960
increment_file 1572374940.850218 1572374967.6178367 bigbrain_2307_1809_1388.nii 140331432752960
write_file 1572375005.8831863 1572375088.143658 inc-bigbrain_2307_1809_1388.nii 140331432752960
task_duration 1572374898.3623219 1572375115.633211 1572374342-isilonAD_1it_25cpus_40bb-0 140331432752960
read_file 1572374879.3324738 1572374898.0389214 bigbrain_2307_0_694.nii 139912906852160
increment_file 1572374898.0521803 1572374920.3367999 bigbrain_2307_0_694.nii 139912906852160
write_file 1572374978.6948597 1572375016.538713 inc-bigbrain_2307_0_694.nii 139912906852160
task_duration 1572374878.9723504 1572375040.8125503 1572374342-isilonAD_1it_25cpus_40bb-0 139912906852160
read_file 1572374899.999089 1572374902.2159154 bigbrain_2307_1206_2776.nii 140144137504576
increment_file 1572374908.6805518 1572374939.4082587 bigbrain_2307_1206_2776.nii 140144137504576
write_file 1572374988.7783885 1572375045.496598 inc-bigbrain_2307_1206_2776.nii 140144137504576
task_duration 1572374898.340318 1572375089.3297415 1572374342-isilonAD_1it_25cpus_40bb-0 140144137504576
read_file 1572374632.0352123 1572374644.0855975 bigbrain_1538_1206_2776.nii 140436250416960
increment_file 1572374670.6732461 1572374694.724625 bigbrain_1538_1206_2776.nii 140436250416960
write_file 1572374747.9478614 1572374829.7298532 inc-bigbrain_1538_1206_2776.nii 140436250416960
task_duration 1572374631.5942266 1572374874.7043095 1572374342-isilonAD_1it_25cpus_40bb-0 140436250416960
read_file 1572375338.7259154 1572375351.6564093 bigbrain_769_2412_2082.nii 140213664110400
increment_file 1572375431.3823605 1572375445.2623625 bigbrain_769_2412_2082.nii 140213664110400
write_file 1572375445.2981365 1572375550.0635238 inc-bigbrain_769_2412_2082.nii 140213664110400
task_duration 1572375323.7677186 1572375550.3527956 1572374342-isilonAD_1it_25cpus_40bb-0 140213664110400
read_file 1572374907.5654237 1572374910.6633344 bigbrain_2307_1809_694.nii 139778731059008
increment_file 1572374955.6132593 1572374990.9961383 bigbrain_2307_1809_694.nii 139778731059008
write_file 1572375022.2376492 1572375114.7347722 inc-bigbrain_2307_1809_694.nii 139778731059008
task_duration 1572374904.2290869 1572375121.5848346 1572374342-isilonAD_1it_25cpus_40bb-0 139778731059008
read_file 1572374843.8586652 1572374852.1940558 bigbrain_2307_0_1388.nii 139720006522688
increment_file 1572374874.2255507 1572374896.71938 bigbrain_2307_0_1388.nii 139720006522688
write_file 1572374898.0309763 1572374933.849126 inc-bigbrain_2307_0_1388.nii 139720006522688
task_duration 1572374842.4014702 1572374992.1820855 1572374342-isilonAD_1it_25cpus_40bb-0 139720006522688
read_file 1572375327.4311385 1572375334.6980288 bigbrain_769_1206_2776.nii 140715239675712
increment_file 1572375355.7641118 1572375415.138429 bigbrain_769_1206_2776.nii 140715239675712
write_file 1572375443.9498188 1572375541.6881661 inc-bigbrain_769_1206_2776.nii 140715239675712
task_duration 1572375323.6655834 1572375549.3980427 1572374342-isilonAD_1it_25cpus_40bb-0 140715239675712
read_file 1572375029.133378 1572375034.9389207 bigbrain_3076_0_2082.nii 140351831746368
increment_file 1572375076.5388777 1572375119.5336561 bigbrain_3076_0_2082.nii 140351831746368
write_file 1572375122.9289155 1572375157.7121768 inc-bigbrain_3076_0_2082.nii 140351831746368
task_duration 1572375026.5906582 1572375216.3257105 1572374342-isilonAD_1it_25cpus_40bb-0 140351831746368
read_file 1572374632.5698922 1572374647.4170837 bigbrain_1538_1809_1388.nii 140392722126656
increment_file 1572374691.543203 1572374720.5881891 bigbrain_1538_1809_1388.nii 140392722126656
write_file 1572374768.6167533 1572374844.911353 inc-bigbrain_1538_1809_1388.nii 140392722126656
task_duration 1572374631.6464872 1572374875.6809616 1572374342-isilonAD_1it_25cpus_40bb-0 140392722126656
read_file 1572374344.178647 1572374344.5305648 bigbrain_0_2412_1388.nii 139775301072704
increment_file 1572374412.9874399 1572374476.3725085 bigbrain_0_2412_1388.nii 139775301072704
write_file 1572374494.3959591 1572374624.724464 inc-bigbrain_0_2412_1388.nii 139775301072704
task_duration 1572374344.013059 1572374630.4726524 1572374342-isilonAD_1it_25cpus_40bb-0 139775301072704
read_file 1572374909.9002542 1572374942.9648583 bigbrain_2307_603_2082.nii 140201884538688
increment_file 1572374994.3187726 1572375018.5820348 bigbrain_2307_603_2082.nii 140201884538688
write_file 1572375039.6172757 1572375121.5042338 inc-bigbrain_2307_603_2082.nii 140201884538688
task_duration 1572374904.2693932 1572375127.5426874 1572374342-isilonAD_1it_25cpus_40bb-0 140201884538688
read_file 1572374344.017697 1572374344.513617 bigbrain_0_1206_0.nii 140326732666688
increment_file 1572374365.0461516 1572374432.9143567 bigbrain_0_1206_0.nii 140326732666688
write_file 1572374492.8656428 1572374600.1014159 inc-bigbrain_0_1206_0.nii 140326732666688
task_duration 1572374344.0109582 1572374622.9075828 1572374342-isilonAD_1it_25cpus_40bb-0 140326732666688
read_file 1572375324.0072203 1572375327.6082232 bigbrain_769_1809_1388.nii 140364014102336
increment_file 1572375348.0468726 1572375404.469505 bigbrain_769_1809_1388.nii 140364014102336
write_file 1572375443.2818718 1572375542.6250257 inc-bigbrain_769_1809_1388.nii 140364014102336
task_duration 1572375323.639438 1572375550.3166788 1572374342-isilonAD_1it_25cpus_40bb-0 140364014102336
read_file 1572375240.2500498 1572375246.3174374 bigbrain_769_0_2776.nii 140486768387904
increment_file 1572375285.283533 1572375322.4819534 bigbrain_769_0_2776.nii 140486768387904
write_file 1572375323.1523657 1572375381.4158425 inc-bigbrain_769_0_2776.nii 140486768387904
task_duration 1572375237.4969656 1572375445.2661695 1572374342-isilonAD_1it_25cpus_40bb-0 140486768387904
read_file 1572374344.0155108 1572374344.5031898 bigbrain_0_1809_694.nii 140048701904704
increment_file 1572374346.6735651 1572374396.8250685 bigbrain_0_1809_694.nii 140048701904704
write_file 1572374490.1090524 1572374588.1562388 inc-bigbrain_0_1809_694.nii 140048701904704
task_duration 1572374344.0109105 1572374612.0675426 1572374342-isilonAD_1it_25cpus_40bb-0 140048701904704
read_file 1572375334.5164504 1572375343.0746236 bigbrain_769_2412_2776.nii 139867226335040
increment_file 1572375398.339123 1572375438.1512787 bigbrain_769_2412_2776.nii 139867226335040
write_file 1572375445.2661514 1572375549.5286841 inc-bigbrain_769_2412_2776.nii 139867226335040
task_duration 1572375323.7376406 1572375550.3495977 1572374342-isilonAD_1it_25cpus_40bb-0 139867226335040
read_file 1572374857.092285 1572374860.5956452 bigbrain_2307_0_2082.nii 140254247774016
increment_file 1572374876.2154653 1572374897.4967659 bigbrain_2307_0_2082.nii 140254247774016
write_file 1572374898.0326736 1572374932.378984 inc-bigbrain_2307_0_2082.nii 140254247774016
task_duration 1572374855.8128457 1572374991.542015 1572374342-isilonAD_1it_25cpus_40bb-0 140254247774016
read_file 1572375332.220549 1572375339.9317713 bigbrain_769_2412_0.nii 140349971040064
increment_file 1572375367.6426919 1572375423.2196586 bigbrain_769_2412_0.nii 140349971040064
write_file 1572375445.262531 1572375546.6440861 inc-bigbrain_769_2412_0.nii 140349971040064
task_duration 1572375323.7228587 1572375550.3457682 1572374342-isilonAD_1it_25cpus_40bb-0 140349971040064
read_file 1572374344.0161045 1572374344.5062726 bigbrain_0_1206_1388.nii 140300015761216
increment_file 1572374350.8979988 1572374409.7799687 bigbrain_0_1206_1388.nii 140300015761216
write_file 1572374491.6655674 1572374592.8323183 inc-bigbrain_0_1206_1388.nii 140300015761216
task_duration 1572374344.0108953 1572374615.5694604 1572374342-isilonAD_1it_25cpus_40bb-0 140300015761216
read_file 1572374344.1252131 1572374344.5249245 bigbrain_0_603_2776.nii 140361625872192
increment_file 1572374394.0384974 1572374464.552349 bigbrain_0_603_2776.nii 140361625872192
write_file 1572374493.9474432 1572374616.3151324 inc-bigbrain_0_603_2776.nii 140361625872192
task_duration 1572374344.0113292 1572374619.8248603 1572374342-isilonAD_1it_25cpus_40bb-0 140361625872192
read_file 1572375239.448837 1572375243.7593162 bigbrain_769_0_1388.nii 140691762390848
increment_file 1572375277.390399 1572375320.531442 bigbrain_769_0_1388.nii 140691762390848
write_file 1572375323.1499262 1572375384.2221904 inc-bigbrain_769_0_1388.nii 140691762390848
task_duration 1572375237.4638884 1572375445.2661989 1572374342-isilonAD_1it_25cpus_40bb-0 140691762390848
read_file 1572374641.9458232 1572374661.4295347 bigbrain_1538_2412_2082.nii 140155755722560
increment_file 1572374715.3345385 1572374750.0590372 bigbrain_1538_2412_2082.nii 140155755722560
write_file 1572374777.0384066 1572374874.8815901 inc-bigbrain_1538_2412_2082.nii 140155755722560
task_duration 1572374641.4785383 1572374898.0072265 1572374342-isilonAD_1it_25cpus_40bb-0 140155755722560
read_file 1572374643.148871 1572374664.8162916 bigbrain_1538_2412_694.nii 140710773692224
increment_file 1572374725.2723665 1572374759.067272 bigbrain_1538_2412_694.nii 140710773692224
write_file 1572374781.4850626 1572374883.361746 inc-bigbrain_1538_2412_694.nii 140710773692224
task_duration 1572374642.3132286 1572374898.046229 1572374342-isilonAD_1it_25cpus_40bb-0 140710773692224
read_file 1572374632.3024004 1572374646.2136507 bigbrain_1538_1809_2082.nii 139882546378560
increment_file 1572374681.4230444 1572374706.9667737 bigbrain_1538_1809_2082.nii 139882546378560
write_file 1572374761.4240272 1572374838.6800041 inc-bigbrain_1538_1809_2082.nii 139882546378560
task_duration 1572374631.6041062 1572374875.2280347 1572374342-isilonAD_1it_25cpus_40bb-0 139882546378560
read_file 1572374630.985857 1572374634.0595968 bigbrain_1538_1206_694.nii 140456986126144
increment_file 1572374650.9163291 1572374662.9872692 bigbrain_1538_1206_694.nii 140456986126144
write_file 1572374722.3302653 1572374775.5121508 inc-bigbrain_1538_1206_694.nii 140456986126144
task_duration 1572374630.8577998 1572374812.7142715 1572374342-isilonAD_1it_25cpus_40bb-0 140456986126144
read_file 1572374675.2456462 1572374696.7294183 bigbrain_1538_603_2776.nii 139638839953216
increment_file 1572374751.931468 1572374774.9965043 bigbrain_1538_603_2776.nii 139638839953216
write_file 1572374799.5854201 1572374897.8968165 inc-bigbrain_1538_603_2776.nii 139638839953216
task_duration 1572374674.51593 1572374898.0590272 1572374342-isilonAD_1it_25cpus_40bb-0 139638839953216
read_file 1572374636.3224428 1572374651.8531394 bigbrain_1538_2412_0.nii 140124185270080
increment_file 1572374705.790438 1572374740.015775 bigbrain_1538_2412_0.nii 140124185270080
write_file 1572374775.0796623 1572374871.8521328 inc-bigbrain_1538_2412_0.nii 140124185270080
task_duration 1572374636.128616 1572374897.6315653 1572374342-isilonAD_1it_25cpus_40bb-0 140124185270080
read_file 1572374631.7677586 1572374642.080337 bigbrain_1538_1206_1388.nii 139637785986880
increment_file 1572374660.7412293 1572374680.4200644 bigbrain_1538_1206_1388.nii 139637785986880
write_file 1572374737.4105682 1572374819.5346434 inc-bigbrain_1538_1206_1388.nii 139637785986880
task_duration 1572374631.5451157 1572374870.9483943 1572374342-isilonAD_1it_25cpus_40bb-0 139637785986880
read_file 1572374908.3972042 1572374911.5149584 bigbrain_2307_2412_1388.nii 140180454442816
increment_file 1572374958.8218987 1572374992.1800876 bigbrain_2307_2412_1388.nii 140180454442816
write_file 1572375022.3972301 1572375115.438691 inc-bigbrain_2307_2412_1388.nii 140180454442816
task_duration 1572374904.2415454 1572375122.0787666 1572374342-isilonAD_1it_25cpus_40bb-0 140180454442816
read_file 1572375134.0676613 1572375152.4941254 bigbrain_3076_2412_694.nii 140178498553664
increment_file 1572375209.1701415 1572375219.8551676 bigbrain_3076_2412_694.nii 140178498553664
write_file 1572375237.2069285 1572375323.1230693 inc-bigbrain_3076_2412_694.nii 140178498553664
task_duration 1572375133.6991644 1572375323.18137 1572374342-isilonAD_1it_25cpus_40bb-0 140178498553664
read_file 1572374912.2142618 1572374945.6130893 bigbrain_2307_603_0.nii 139800648763200
increment_file 1572375003.526245 1572375026.7145782 bigbrain_2307_603_0.nii 139800648763200
write_file 1572375060.8598046 1572375124.9392717 inc-bigbrain_2307_603_0.nii 139800648763200
task_duration 1572374906.6774907 1572375137.4805079 1572374342-isilonAD_1it_25cpus_40bb-0 139800648763200
read_file 1572375125.5983188 1572375128.2852256 bigbrain_3076_1809_694.nii 140239070689088
increment_file 1572375162.9316323 1572375190.4213765 bigbrain_3076_1809_694.nii 140239070689088
write_file 1572375220.141438 1572375294.9732952 inc-bigbrain_3076_1809_694.nii 140239070689088
task_duration 1572375124.879051 1572375323.1292896 1572374342-isilonAD_1it_25cpus_40bb-0 140239070689088
