read_file 1572374320.5831606 1572374320.5847723 bigbrain_769_603_694.nii 140358644229952
increment_file 1572374320.5849264 1572374321.0142002 bigbrain_769_603_694.nii 140358644229952
write_file 1572374321.0151346 1572374321.524842 inc-bigbrain_769_603_694.nii 140358644229952
task_duration 1572374320.5819652 1572374321.5358052 1572373516-tmpfsAD_1it_25cpus_40bb-0 140358644229952
read_file 1572374320.5570643 1572374320.5586605 bigbrain_769_603_1388.nii 139803103557440
increment_file 1572374320.5588226 1572374320.9893374 bigbrain_769_603_1388.nii 139803103557440
write_file 1572374320.9902494 1572374321.504074 inc-bigbrain_769_603_1388.nii 139803103557440
task_duration 1572374320.5557706 1572374321.5153232 1572373516-tmpfsAD_1it_25cpus_40bb-0 139803103557440
read_file 1572374320.5518737 1572374320.5533223 bigbrain_769_603_2082.nii 140033047426880
increment_file 1572374320.5534475 1572374320.9927027 bigbrain_769_603_2082.nii 140033047426880
write_file 1572374320.993512 1572374321.466877 inc-bigbrain_769_603_2082.nii 140033047426880
task_duration 1572374320.550728 1572374321.4787643 1572373516-tmpfsAD_1it_25cpus_40bb-0 140033047426880
read_file 1572374320.5441372 1572374320.5460403 bigbrain_769_2412_2776.nii 140716922443584
increment_file 1572374320.5461748 1572374320.9774294 bigbrain_769_2412_2776.nii 140716922443584
write_file 1572374320.9784176 1572374321.4964721 inc-bigbrain_769_2412_2776.nii 140716922443584
task_duration 1572374320.5425348 1572374321.5076506 1572373516-tmpfsAD_1it_25cpus_40bb-0 140716922443584
read_file 1572374320.5237098 1572374320.5255904 bigbrain_769_603_0.nii 139660283213632
increment_file 1572374320.5257301 1572374320.9563527 bigbrain_769_603_0.nii 139660283213632
write_file 1572374320.9573488 1572374321.470489 inc-bigbrain_769_603_0.nii 139660283213632
task_duration 1572374320.5222018 1572374321.4820974 1572373516-tmpfsAD_1it_25cpus_40bb-0 139660283213632
read_file 1572374320.5222535 1572374320.5236692 bigbrain_769_603_2776.nii 140583085233984
increment_file 1572374320.5237963 1572374320.9649801 bigbrain_769_603_2776.nii 140583085233984
write_file 1572374320.9657912 1572374321.4465685 inc-bigbrain_769_603_2776.nii 140583085233984
task_duration 1572374320.5211306 1572374321.4587379 1572373516-tmpfsAD_1it_25cpus_40bb-0 140583085233984
read_file 1572374320.5019045 1572374320.5035458 bigbrain_769_2412_694.nii 140500963141440
increment_file 1572374320.5036864 1572374320.9346151 bigbrain_769_2412_694.nii 140500963141440
write_file 1572374320.9356055 1572374321.4560301 inc-bigbrain_769_2412_694.nii 140500963141440
task_duration 1572374320.5006397 1572374321.4677813 1572373516-tmpfsAD_1it_25cpus_40bb-0 140500963141440
read_file 1572374320.4686093 1572374320.4705167 bigbrain_769_1809_694.nii 139936678758208
increment_file 1572374320.4706771 1572374320.9014657 bigbrain_769_1809_694.nii 139936678758208
write_file 1572374320.9023266 1572374321.4231098 inc-bigbrain_769_1809_694.nii 139936678758208
task_duration 1572374320.4669952 1572374321.434762 1572373516-tmpfsAD_1it_25cpus_40bb-0 139936678758208
read_file 1572374320.4466221 1572374320.4479933 bigbrain_769_2412_2082.nii 139658701227840
increment_file 1572374320.448113 1572374320.8752527 bigbrain_769_2412_2082.nii 139658701227840
write_file 1572374320.876087 1572374321.4034178 inc-bigbrain_769_2412_2082.nii 139658701227840
task_duration 1572374320.4454534 1572374321.416621 1572373516-tmpfsAD_1it_25cpus_40bb-0 139658701227840
read_file 1572374320.4339511 1572374320.4352806 bigbrain_769_2412_1388.nii 139638324750144
increment_file 1572374320.435392 1572374320.86357 bigbrain_769_2412_1388.nii 139638324750144
write_file 1572374320.8644328 1572374321.3948355 inc-bigbrain_769_2412_1388.nii 139638324750144
task_duration 1572374320.4328005 1572374321.4068427 1572373516-tmpfsAD_1it_25cpus_40bb-0 139638324750144
read_file 1572374320.4272242 1572374320.4288986 bigbrain_769_2412_0.nii 140192179205952
increment_file 1572374320.4290361 1572374320.8712614 bigbrain_769_2412_0.nii 140192179205952
write_file 1572374320.8722806 1572374321.3633914 inc-bigbrain_769_2412_0.nii 140192179205952
task_duration 1572374320.425971 1572374321.3766692 1572373516-tmpfsAD_1it_25cpus_40bb-0 140192179205952
read_file 1572374320.4108322 1572374320.412412 bigbrain_769_1809_2776.nii 140567050184512
increment_file 1572374320.4125433 1572374320.8199496 bigbrain_769_1809_2776.nii 140567050184512
write_file 1572374320.8209734 1572374321.3085608 inc-bigbrain_769_1809_2776.nii 140567050184512
task_duration 1572374320.40956 1572374321.3202848 1572373516-tmpfsAD_1it_25cpus_40bb-0 140567050184512
read_file 1572374320.3864737 1572374320.3883069 bigbrain_769_1809_1388.nii 140234803427136
increment_file 1572374320.3884466 1572374320.8395097 bigbrain_769_1809_1388.nii 140234803427136
write_file 1572374320.8403206 1572374321.3269906 inc-bigbrain_769_1809_1388.nii 140234803427136
task_duration 1572374320.384779 1572374321.339986 1572373516-tmpfsAD_1it_25cpus_40bb-0 140234803427136
read_file 1572374320.3851027 1572374320.386391 bigbrain_769_1809_2082.nii 139859134146368
increment_file 1572374320.3865004 1572374320.8259132 bigbrain_769_1809_2082.nii 139859134146368
write_file 1572374320.8267686 1572374321.3567755 inc-bigbrain_769_1809_2082.nii 139859134146368
task_duration 1572374320.3839936 1572374321.3701901 1572373516-tmpfsAD_1it_25cpus_40bb-0 139859134146368
read_file 1572374320.378136 1572374320.3800156 bigbrain_769_1809_0.nii 140499017041728
increment_file 1572374320.3801808 1572374320.8221183 bigbrain_769_1809_0.nii 140499017041728
write_file 1572374320.8230214 1572374321.3571236 inc-bigbrain_769_1809_0.nii 140499017041728
task_duration 1572374320.3763876 1572374321.3702977 1572373516-tmpfsAD_1it_25cpus_40bb-0 140499017041728
read_file 1572374320.363011 1572374320.3645003 bigbrain_769_1206_694.nii 140113782007616
increment_file 1572374320.3646297 1572374320.808097 bigbrain_769_1206_694.nii 140113782007616
write_file 1572374320.8091502 1572374321.3491976 inc-bigbrain_769_1206_694.nii 140113782007616
task_duration 1572374320.3617787 1572374321.3615632 1572373516-tmpfsAD_1it_25cpus_40bb-0 140113782007616
read_file 1572374320.262723 1572374320.2644343 bigbrain_769_1206_2776.nii 139765722720064
increment_file 1572374320.2645826 1572374320.714908 bigbrain_769_1206_2776.nii 139765722720064
write_file 1572374320.7157037 1572374321.2155607 inc-bigbrain_769_1206_2776.nii 139765722720064
task_duration 1572374320.2611852 1572374321.2272847 1572373516-tmpfsAD_1it_25cpus_40bb-0 139765722720064
read_file 1572374320.175252 1572374320.176996 bigbrain_769_1206_1388.nii 140411966949184
increment_file 1572374320.1771383 1572374320.6547368 bigbrain_769_1206_1388.nii 140411966949184
write_file 1572374320.6557271 1572374321.1535187 inc-bigbrain_769_1206_1388.nii 140411966949184
task_duration 1572374320.1736732 1572374321.1655169 1572373516-tmpfsAD_1it_25cpus_40bb-0 140411966949184
read_file 1572374320.1727653 1572374320.1746535 bigbrain_769_1206_2082.nii 140320792041280
increment_file 1572374320.1748176 1572374320.6942215 bigbrain_769_1206_2082.nii 140320792041280
write_file 1572374320.695206 1572374321.1945565 inc-bigbrain_769_1206_2082.nii 140320792041280
task_duration 1572374320.1710284 1572374321.2079947 1572373516-tmpfsAD_1it_25cpus_40bb-0 140320792041280
read_file 1572374320.0145662 1572374320.016268 bigbrain_769_1206_0.nii 140648629036864
increment_file 1572374320.016408 1572374320.5684495 bigbrain_769_1206_0.nii 140648629036864
write_file 1572374320.5692658 1572374321.078042 inc-bigbrain_769_1206_0.nii 140648629036864
task_duration 1572374320.0130084 1572374321.091997 1572373516-tmpfsAD_1it_25cpus_40bb-0 140648629036864
read_file 1572374319.9993126 1572374320.001212 bigbrain_769_0_2082.nii 140698845148992
increment_file 1572374320.001363 1572374320.545052 bigbrain_769_0_2082.nii 140698845148992
write_file 1572374320.5459177 1572374321.054941 inc-bigbrain_769_0_2082.nii 140698845148992
task_duration 1572374319.9975908 1572374321.0677214 1572373516-tmpfsAD_1it_25cpus_40bb-0 140698845148992
read_file 1572374319.986117 1572374319.9878216 bigbrain_769_0_694.nii 140590876501824
increment_file 1572374319.9879537 1572374320.5387745 bigbrain_769_0_694.nii 140590876501824
write_file 1572374320.5395422 1572374321.0455048 inc-bigbrain_769_0_694.nii 140590876501824
task_duration 1572374319.9845083 1572374321.0595648 1572373516-tmpfsAD_1it_25cpus_40bb-0 140590876501824
read_file 1572374319.9518187 1572374319.9534914 bigbrain_769_0_2776.nii 139808670807872
increment_file 1572374319.9536211 1572374320.5110197 bigbrain_769_0_2776.nii 139808670807872
write_file 1572374320.5118227 1572374321.0216022 inc-bigbrain_769_0_2776.nii 139808670807872
task_duration 1572374319.9502099 1572374321.0357506 1572373516-tmpfsAD_1it_25cpus_40bb-0 139808670807872
read_file 1572374319.9186237 1572374319.9199822 bigbrain_769_0_1388.nii 140247702943552
increment_file 1572374319.9200962 1572374320.4969764 bigbrain_769_0_1388.nii 140247702943552
write_file 1572374320.4977267 1572374321.0390756 inc-bigbrain_769_0_1388.nii 140247702943552
task_duration 1572374319.9174607 1572374321.0525546 1572373516-tmpfsAD_1it_25cpus_40bb-0 140247702943552
read_file 1572374319.8584766 1572374319.8604176 bigbrain_769_0_0.nii 140584601843520
increment_file 1572374319.8605742 1572374320.3805203 bigbrain_769_0_0.nii 140584601843520
write_file 1572374320.3815823 1572374320.9057217 inc-bigbrain_769_0_0.nii 140584601843520
task_duration 1572374319.8567436 1572374320.9194756 1572373516-tmpfsAD_1it_25cpus_40bb-0 140584601843520
read_file 1572374318.9776337 1572374318.9792693 bigbrain_3076_603_2776.nii 140289755952960
increment_file 1572374318.97943 1572374319.429186 bigbrain_3076_603_2776.nii 140289755952960
write_file 1572374319.430031 1572374320.0043387 inc-bigbrain_3076_603_2776.nii 140289755952960
task_duration 1572374318.9764667 1572374320.023583 1572373516-tmpfsAD_1it_25cpus_40bb-0 140289755952960
read_file 1572374318.946459 1572374318.9484298 bigbrain_3076_603_2082.nii 140369036019520
increment_file 1572374318.948598 1572374319.4025826 bigbrain_3076_603_2082.nii 140369036019520
write_file 1572374319.4034793 1572374320.0842233 inc-bigbrain_3076_603_2082.nii 140369036019520
task_duration 1572374318.9448798 1572374320.1002567 1572373516-tmpfsAD_1it_25cpus_40bb-0 140369036019520
read_file 1572374318.917892 1572374318.9194396 bigbrain_3076_603_694.nii 139819914467136
increment_file 1572374318.919573 1572374319.3782656 bigbrain_3076_603_694.nii 139819914467136
write_file 1572374319.3789635 1572374319.9925745 inc-bigbrain_3076_603_694.nii 139819914467136
task_duration 1572374318.9166865 1572374320.0113683 1572373516-tmpfsAD_1it_25cpus_40bb-0 139819914467136
read_file 1572374318.9170618 1572374318.9186442 bigbrain_3076_2412_694.nii 139841816450880
increment_file 1572374318.9187741 1572374319.3779433 bigbrain_3076_2412_694.nii 139841816450880
write_file 1572374319.3787785 1572374319.9695017 inc-bigbrain_3076_2412_694.nii 139841816450880
task_duration 1572374318.91583 1572374319.9872336 1572373516-tmpfsAD_1it_25cpus_40bb-0 139841816450880
read_file 1572374318.9009247 1572374318.9026845 bigbrain_3076_603_1388.nii 140618805143360
increment_file 1572374318.9028606 1572374319.3657727 bigbrain_3076_603_1388.nii 140618805143360
write_file 1572374319.3666904 1572374319.915742 inc-bigbrain_3076_603_1388.nii 140618805143360
task_duration 1572374318.8994923 1572374319.9319425 1572373516-tmpfsAD_1it_25cpus_40bb-0 140618805143360
read_file 1572374318.8929272 1572374318.8946524 bigbrain_3076_2412_0.nii 139872340281152
increment_file 1572374318.8948233 1572374319.3578086 bigbrain_3076_2412_0.nii 139872340281152
write_file 1572374319.358735 1572374319.9401789 inc-bigbrain_3076_2412_0.nii 139872340281152
task_duration 1572374318.8915436 1572374319.9585884 1572373516-tmpfsAD_1it_25cpus_40bb-0 139872340281152
read_file 1572374318.8859625 1572374318.8875172 bigbrain_3076_1809_694.nii 140149303301952
increment_file 1572374318.8876565 1572374319.3492527 bigbrain_3076_1809_694.nii 140149303301952
write_file 1572374319.3501751 1572374319.953937 inc-bigbrain_3076_1809_694.nii 140149303301952
task_duration 1572374318.884709 1572374319.9678962 1572373516-tmpfsAD_1it_25cpus_40bb-0 140149303301952
read_file 1572374318.8773015 1572374318.8788521 bigbrain_3076_603_0.nii 140280879454016
increment_file 1572374318.878995 1572374319.2655733 bigbrain_3076_603_0.nii 140280879454016
write_file 1572374319.2664235 1572374319.8383338 inc-bigbrain_3076_603_0.nii 140280879454016
task_duration 1572374318.8760297 1572374319.8517785 1572373516-tmpfsAD_1it_25cpus_40bb-0 140280879454016
read_file 1572374318.8615403 1572374318.8628461 bigbrain_3076_2412_2776.nii 139942581229376
increment_file 1572374318.8629591 1572374319.3251505 bigbrain_3076_2412_2776.nii 139942581229376
write_file 1572374319.3258743 1572374319.8938072 inc-bigbrain_3076_2412_2776.nii 139942581229376
task_duration 1572374318.8604486 1572374319.9119086 1572373516-tmpfsAD_1it_25cpus_40bb-0 139942581229376
read_file 1572374318.8587236 1572374318.860853 bigbrain_3076_1809_1388.nii 140692081100608
increment_file 1572374318.861024 1572374319.3295994 bigbrain_3076_1809_1388.nii 140692081100608
write_file 1572374319.3304727 1572374319.931317 inc-bigbrain_3076_1809_1388.nii 140692081100608
task_duration 1572374318.8568692 1572374319.9473705 1572373516-tmpfsAD_1it_25cpus_40bb-0 140692081100608
read_file 1572374318.8579383 1572374318.8592231 bigbrain_3076_2412_1388.nii 139628424353600
increment_file 1572374318.8593292 1572374319.3229475 bigbrain_3076_2412_1388.nii 139628424353600
write_file 1572374319.3237307 1572374319.8869555 inc-bigbrain_3076_2412_1388.nii 139628424353600
task_duration 1572374318.8568573 1572374319.9038246 1572373516-tmpfsAD_1it_25cpus_40bb-0 139628424353600
read_file 1572374318.8559244 1572374318.8573256 bigbrain_3076_2412_2082.nii 140571438634816
increment_file 1572374318.857443 1572374319.318886 bigbrain_3076_2412_2082.nii 140571438634816
write_file 1572374319.3197353 1572374319.9348633 inc-bigbrain_3076_2412_2082.nii 140571438634816
task_duration 1572374318.8547297 1572374319.951692 1572373516-tmpfsAD_1it_25cpus_40bb-0 140571438634816
read_file 1572374318.8549137 1572374318.856318 bigbrain_3076_1809_2082.nii 140161487165248
increment_file 1572374318.8564262 1572374319.317226 bigbrain_3076_1809_2082.nii 140161487165248
write_file 1572374319.3180661 1572374319.9288466 inc-bigbrain_3076_1809_2082.nii 140161487165248
task_duration 1572374318.8536944 1572374319.9446063 1572373516-tmpfsAD_1it_25cpus_40bb-0 140161487165248
read_file 1572374318.8543587 1572374318.8556902 bigbrain_3076_1809_2776.nii 140017069127488
increment_file 1572374318.8558261 1572374319.316108 bigbrain_3076_1809_2776.nii 140017069127488
write_file 1572374319.316973 1572374319.8812196 inc-bigbrain_3076_1809_2776.nii 140017069127488
task_duration 1572374318.8532221 1572374319.898627 1572373516-tmpfsAD_1it_25cpus_40bb-0 140017069127488
read_file 1572374318.8137212 1572374318.8150945 bigbrain_3076_1809_0.nii 139705991386944
increment_file 1572374318.8152032 1572374319.2758503 bigbrain_3076_1809_0.nii 139705991386944
write_file 1572374319.276624 1572374319.8325915 inc-bigbrain_3076_1809_0.nii 139705991386944
task_duration 1572374318.8125992 1572374319.8491983 1572373516-tmpfsAD_1it_25cpus_40bb-0 139705991386944
read_file 1572374318.8001285 1572374318.8016038 bigbrain_3076_1206_694.nii 140658748405568
increment_file 1572374318.801729 1572374319.262732 bigbrain_3076_1206_694.nii 140658748405568
write_file 1572374319.2637408 1572374319.817159 inc-bigbrain_3076_1206_694.nii 140658748405568
task_duration 1572374318.7989376 1572374319.8344045 1572373516-tmpfsAD_1it_25cpus_40bb-0 140658748405568
read_file 1572374318.741974 1572374318.7438748 bigbrain_3076_1206_2776.nii 139634599921472
increment_file 1572374318.7440166 1572374319.1968963 bigbrain_3076_1206_2776.nii 139634599921472
write_file 1572374319.1978035 1572374319.7949347 inc-bigbrain_3076_1206_2776.nii 139634599921472
task_duration 1572374318.7404482 1572374319.811208 1572373516-tmpfsAD_1it_25cpus_40bb-0 139634599921472
read_file 1572374318.6527305 1572374318.6543965 bigbrain_3076_1206_2082.nii 139928180512576
increment_file 1572374318.6545303 1572374319.154385 bigbrain_3076_1206_2082.nii 139928180512576
write_file 1572374319.1551754 1572374319.656433 inc-bigbrain_3076_1206_2082.nii 139928180512576
task_duration 1572374318.6512365 1572374319.6732082 1572373516-tmpfsAD_1it_25cpus_40bb-0 139928180512576
read_file 1572374318.502691 1572374318.5047255 bigbrain_3076_1206_0.nii 140590086235968
increment_file 1572374318.5345166 1572374319.0981998 bigbrain_3076_1206_0.nii 140590086235968
write_file 1572374319.0991867 1572374319.670142 inc-bigbrain_3076_1206_0.nii 140590086235968
task_duration 1572374318.500801 1572374319.6888697 1572373516-tmpfsAD_1it_25cpus_40bb-0 140590086235968
read_file 1572374318.4657161 1572374318.4674067 bigbrain_3076_0_2776.nii 140166489970496
increment_file 1572374318.4675395 1572374319.0543034 bigbrain_3076_0_2776.nii 140166489970496
write_file 1572374319.0551097 1572374319.5615213 inc-bigbrain_3076_0_2776.nii 140166489970496
task_duration 1572374318.4642224 1572374319.5762622 1572373516-tmpfsAD_1it_25cpus_40bb-0 140166489970496
read_file 1572374318.449453 1572374318.4512653 bigbrain_3076_1206_1388.nii 140385719686976
increment_file 1572374318.4514017 1572374319.051164 bigbrain_3076_1206_1388.nii 140385719686976
write_file 1572374319.0519583 1572374319.5504153 inc-bigbrain_3076_1206_1388.nii 140385719686976
task_duration 1572374318.447622 1572374319.5656044 1572373516-tmpfsAD_1it_25cpus_40bb-0 140385719686976
read_file 1572374318.4494534 1572374318.4512658 bigbrain_3076_0_694.nii 140345642456896
increment_file 1572374318.4514017 1572374319.0332706 bigbrain_3076_0_694.nii 140345642456896
write_file 1572374319.0340774 1572374319.5383315 inc-bigbrain_3076_0_694.nii 140345642456896
task_duration 1572374318.4476266 1572374319.5536659 1572373516-tmpfsAD_1it_25cpus_40bb-0 140345642456896
read_file 1572374318.4408264 1572374318.44254 bigbrain_3076_0_2082.nii 140615196555072
increment_file 1572374318.4426763 1572374319.0160143 bigbrain_3076_0_2082.nii 140615196555072
write_file 1572374319.016972 1572374319.5912616 inc-bigbrain_3076_0_2082.nii 140615196555072
task_duration 1572374318.4391806 1572374319.6047997 1572373516-tmpfsAD_1it_25cpus_40bb-0 140615196555072
read_file 1572374318.4064329 1572374318.4081333 bigbrain_3076_0_1388.nii 139797627213632
increment_file 1572374318.4082644 1572374318.9648132 bigbrain_3076_0_1388.nii 139797627213632
write_file 1572374318.965842 1572374319.5469856 inc-bigbrain_3076_0_1388.nii 139797627213632
task_duration 1572374318.4047997 1572374319.5616372 1572373516-tmpfsAD_1it_25cpus_40bb-0 139797627213632
read_file 1572374318.368222 1572374318.369601 bigbrain_3076_0_0.nii 140484083087168
increment_file 1572374318.3697135 1572374318.949475 bigbrain_3076_0_0.nii 140484083087168
write_file 1572374318.950487 1572374319.443912 inc-bigbrain_3076_0_0.nii 140484083087168
task_duration 1572374318.3670435 1572374319.4583642 1572373516-tmpfsAD_1it_25cpus_40bb-0 140484083087168
read_file 1572374317.338255 1572374317.340006 bigbrain_2307_603_2776.nii 140382231340864
increment_file 1572374317.3401523 1572374317.7979012 bigbrain_2307_603_2776.nii 140382231340864
write_file 1572374317.7987008 1572374318.3905313 inc-bigbrain_2307_603_2776.nii 140382231340864
task_duration 1572374317.3367574 1572374318.4061737 1572373516-tmpfsAD_1it_25cpus_40bb-0 140382231340864
read_file 1572374317.3373408 1572374317.3390687 bigbrain_2307_603_1388.nii 140523017713472
increment_file 1572374317.3392487 1572374317.796745 bigbrain_2307_603_1388.nii 140523017713472
write_file 1572374317.7975454 1572374318.3888412 inc-bigbrain_2307_603_1388.nii 140523017713472
task_duration 1572374317.3359091 1572374318.4044905 1572373516-tmpfsAD_1it_25cpus_40bb-0 140523017713472
read_file 1572374317.3193865 1572374317.3211029 bigbrain_2307_2412_2082.nii 139812519946048
increment_file 1572374317.3212583 1572374317.7917094 bigbrain_2307_2412_2082.nii 139812519946048
write_file 1572374317.7926009 1572374318.378506 inc-bigbrain_2307_2412_2082.nii 139812519946048
task_duration 1572374317.3179374 1572374318.394183 1572373516-tmpfsAD_1it_25cpus_40bb-0 139812519946048
read_file 1572374317.314427 1572374317.3159199 bigbrain_2307_603_694.nii 139873392613184
increment_file 1572374317.3160498 1572374317.7763584 bigbrain_2307_603_694.nii 139873392613184
write_file 1572374317.7771757 1572374318.366478 inc-bigbrain_2307_603_694.nii 139873392613184
task_duration 1572374317.3132675 1572374318.3801262 1572373516-tmpfsAD_1it_25cpus_40bb-0 139873392613184
read_file 1572374317.3127432 1572374317.3145702 bigbrain_2307_603_2082.nii 140040935171904
increment_file 1572374317.314732 1572374317.7845616 bigbrain_2307_603_2082.nii 140040935171904
write_file 1572374317.7855065 1572374318.3820956 inc-bigbrain_2307_603_2082.nii 140040935171904
task_duration 1572374317.311354 1572374318.397727 1572373516-tmpfsAD_1it_25cpus_40bb-0 140040935171904
read_file 1572374317.3102605 1572374317.3116434 bigbrain_2307_2412_0.nii 140090817374016
increment_file 1572374317.3117673 1572374317.7715175 bigbrain_2307_2412_0.nii 140090817374016
write_file 1572374317.7723508 1572374318.380516 inc-bigbrain_2307_2412_0.nii 140090817374016
task_duration 1572374317.3091478 1572374318.3962111 1572373516-tmpfsAD_1it_25cpus_40bb-0 140090817374016
read_file 1572374317.3085704 1572374317.3099668 bigbrain_2307_603_0.nii 140244056438592
increment_file 1572374317.3101082 1572374317.7661455 bigbrain_2307_603_0.nii 140244056438592
write_file 1572374317.766925 1572374318.3520324 inc-bigbrain_2307_603_0.nii 140244056438592
task_duration 1572374317.3074505 1572374318.3668017 1572373516-tmpfsAD_1it_25cpus_40bb-0 140244056438592
read_file 1572374317.3049374 1572374317.3062525 bigbrain_2307_1809_1388.nii 139761946457920
increment_file 1572374317.3063698 1572374317.7663813 bigbrain_2307_1809_1388.nii 139761946457920
write_file 1572374317.7670624 1572374318.3547354 inc-bigbrain_2307_1809_1388.nii 139761946457920
task_duration 1572374317.3038216 1572374318.3709283 1572373516-tmpfsAD_1it_25cpus_40bb-0 139761946457920
read_file 1572374317.3049371 1572374317.3062494 bigbrain_2307_2412_694.nii 140200492726080
increment_file 1572374317.3063698 1572374317.766665 bigbrain_2307_2412_694.nii 140200492726080
write_file 1572374317.7672977 1572374318.355965 inc-bigbrain_2307_2412_694.nii 140200492726080
task_duration 1572374317.303848 1572374318.371774 1572373516-tmpfsAD_1it_25cpus_40bb-0 140200492726080
read_file 1572374317.292033 1572374317.2934313 bigbrain_2307_1809_694.nii 140660022609728
increment_file 1572374317.2935483 1572374317.7654684 bigbrain_2307_1809_694.nii 140660022609728
write_file 1572374317.7663083 1572374318.3797066 inc-bigbrain_2307_1809_694.nii 140660022609728
task_duration 1572374317.2909558 1572374318.3955314 1572373516-tmpfsAD_1it_25cpus_40bb-0 140660022609728
read_file 1572374317.288196 1572374317.289711 bigbrain_2307_2412_2776.nii 140359308539712
increment_file 1572374317.2898479 1572374317.758889 bigbrain_2307_2412_2776.nii 140359308539712
write_file 1572374317.7596972 1572374318.3460968 inc-bigbrain_2307_2412_2776.nii 140359308539712
task_duration 1572374317.286697 1572374318.3598208 1572373516-tmpfsAD_1it_25cpus_40bb-0 140359308539712
read_file 1572374317.2863061 1572374317.2875767 bigbrain_2307_1809_2082.nii 140133606819648
increment_file 1572374317.2876787 1572374317.75884 bigbrain_2307_1809_2082.nii 140133606819648
write_file 1572374317.7596166 1572374318.3552377 inc-bigbrain_2307_1809_2082.nii 140133606819648
task_duration 1572374317.2852628 1572374318.3719044 1572373516-tmpfsAD_1it_25cpus_40bb-0 140133606819648
read_file 1572374317.2720213 1572374317.2735162 bigbrain_2307_1809_2776.nii 140672135006016
increment_file 1572374317.273643 1572374317.7449727 bigbrain_2307_1809_2776.nii 140672135006016
write_file 1572374317.7459366 1572374318.333712 inc-bigbrain_2307_1809_2776.nii 140672135006016
task_duration 1572374317.2708125 1572374318.3481069 1572373516-tmpfsAD_1it_25cpus_40bb-0 140672135006016
read_file 1572374317.2659066 1572374317.2672186 bigbrain_2307_2412_1388.nii 139755625432896
increment_file 1572374317.2673345 1572374317.7220356 bigbrain_2307_2412_1388.nii 139755625432896
write_file 1572374317.722924 1572374318.309776 inc-bigbrain_2307_2412_1388.nii 139755625432896
task_duration 1572374317.264756 1572374318.3262923 1572373516-tmpfsAD_1it_25cpus_40bb-0 139755625432896
read_file 1572374317.2422676 1572374317.2439113 bigbrain_2307_1206_2776.nii 140051859900224
increment_file 1572374317.2440426 1572374317.6335924 bigbrain_2307_1206_2776.nii 140051859900224
write_file 1572374317.634608 1572374318.149679 inc-bigbrain_2307_1206_2776.nii 140051859900224
task_duration 1572374317.2410445 1572374318.1654446 1572373516-tmpfsAD_1it_25cpus_40bb-0 140051859900224
read_file 1572374317.226007 1572374317.2273135 bigbrain_2307_1809_0.nii 140133000304448
increment_file 1572374317.2274282 1572374317.6945262 bigbrain_2307_1809_0.nii 140133000304448
write_file 1572374317.6953568 1572374318.2930076 inc-bigbrain_2307_1809_0.nii 140133000304448
task_duration 1572374317.2248878 1572374318.3081086 1572373516-tmpfsAD_1it_25cpus_40bb-0 140133000304448
read_file 1572374317.1869535 1572374317.1882718 bigbrain_2307_1206_694.nii 140597530793792
increment_file 1572374317.1883752 1572374317.6503954 bigbrain_2307_1206_694.nii 140597530793792
write_file 1572374317.6512032 1572374318.1721716 inc-bigbrain_2307_1206_694.nii 140597530793792
task_duration 1572374317.1857326 1572374318.195561 1572373516-tmpfsAD_1it_25cpus_40bb-0 140597530793792
read_file 1572374317.1534727 1572374317.15562 bigbrain_2307_1206_2082.nii 139791184078656
increment_file 1572374317.1557968 1572374317.6320813 bigbrain_2307_1206_2082.nii 139791184078656
write_file 1572374317.6331406 1572374318.148792 inc-bigbrain_2307_1206_2082.nii 139791184078656
task_duration 1572374317.151556 1572374318.1656156 1572373516-tmpfsAD_1it_25cpus_40bb-0 139791184078656
read_file 1572374317.1281862 1572374317.129863 bigbrain_2307_1206_1388.nii 140673825822528
increment_file 1572374317.1299963 1572374317.5383394 bigbrain_2307_1206_1388.nii 140673825822528
write_file 1572374317.5391247 1572374318.0495799 inc-bigbrain_2307_1206_1388.nii 140673825822528
task_duration 1572374317.1265604 1572374318.0626862 1572373516-tmpfsAD_1it_25cpus_40bb-0 140673825822528
read_file 1572374317.1045017 1572374317.106109 bigbrain_2307_1206_0.nii 140319426303808
increment_file 1572374317.1062367 1572374317.523337 bigbrain_2307_1206_0.nii 140319426303808
write_file 1572374317.5241675 1572374318.0401325 inc-bigbrain_2307_1206_0.nii 140319426303808
task_duration 1572374317.103047 1572374318.0539408 1572373516-tmpfsAD_1it_25cpus_40bb-0 140319426303808
read_file 1572374316.924535 1572374316.9260995 bigbrain_2307_0_2082.nii 140592514574144
increment_file 1572374316.9262345 1572374317.4820035 bigbrain_2307_0_2082.nii 140592514574144
write_file 1572374317.4829624 1572374317.99034 inc-bigbrain_2307_0_2082.nii 140592514574144
task_duration 1572374316.9229138 1572374318.0045817 1572373516-tmpfsAD_1it_25cpus_40bb-0 140592514574144
read_file 1572374316.891365 1572374316.8931036 bigbrain_2307_0_2776.nii 139769013458752
increment_file 1572374316.8932402 1572374317.4414392 bigbrain_2307_0_2776.nii 139769013458752
write_file 1572374317.4423797 1572374318.0087595 inc-bigbrain_2307_0_2776.nii 139769013458752
task_duration 1572374316.8896947 1572374318.0216951 1572373516-tmpfsAD_1it_25cpus_40bb-0 139769013458752
read_file 1572374316.8699405 1572374316.8715672 bigbrain_2307_0_0.nii 140170525853504
increment_file 1572374316.8716948 1572374317.468544 bigbrain_2307_0_0.nii 140170525853504
write_file 1572374317.4695277 1572374318.0256038 inc-bigbrain_2307_0_0.nii 140170525853504
task_duration 1572374316.8684144 1572374318.0395565 1572373516-tmpfsAD_1it_25cpus_40bb-0 140170525853504
read_file 1572374316.8638034 1572374316.8653865 bigbrain_2307_0_694.nii 139781771179840
increment_file 1572374316.865512 1572374317.479342 bigbrain_2307_0_694.nii 139781771179840
write_file 1572374317.480233 1572374318.0409184 inc-bigbrain_2307_0_694.nii 139781771179840
task_duration 1572374316.8622963 1572374318.0553186 1572373516-tmpfsAD_1it_25cpus_40bb-0 139781771179840
read_file 1572374316.8425856 1572374316.844183 bigbrain_2307_0_1388.nii 140547131008832
increment_file 1572374316.8443131 1572374317.387664 bigbrain_2307_0_1388.nii 140547131008832
write_file 1572374317.3886106 1572374317.9628856 inc-bigbrain_2307_0_1388.nii 140547131008832
task_duration 1572374316.8411262 1572374317.9767935 1572373516-tmpfsAD_1it_25cpus_40bb-0 140547131008832
read_file 1572374315.7930832 1572374315.7946532 bigbrain_1538_603_1388.nii 140084719912768
increment_file 1572374315.7948067 1572374316.2356927 bigbrain_1538_603_1388.nii 140084719912768
write_file 1572374316.2364829 1572374316.8065178 inc-bigbrain_1538_603_1388.nii 140084719912768
task_duration 1572374315.7919235 1572374316.8270178 1572373516-tmpfsAD_1it_25cpus_40bb-0 140084719912768
read_file 1572374315.7838664 1572374315.7855456 bigbrain_1538_603_2082.nii 139847388059456
increment_file 1572374315.7856944 1572374316.2277446 bigbrain_1538_603_2082.nii 139847388059456
write_file 1572374316.2285848 1572374316.788412 inc-bigbrain_1538_603_2082.nii 139847388059456
task_duration 1572374315.782462 1572374316.8043249 1572373516-tmpfsAD_1it_25cpus_40bb-0 139847388059456
read_file 1572374315.7605705 1572374315.7619917 bigbrain_1538_1809_1388.nii 139768747816768
increment_file 1572374315.7621138 1572374316.2068245 bigbrain_1538_1809_1388.nii 139768747816768
write_file 1572374316.2076554 1572374316.785448 inc-bigbrain_1538_1809_1388.nii 139768747816768
task_duration 1572374315.7594783 1572374316.8012362 1572373516-tmpfsAD_1it_25cpus_40bb-0 139768747816768
read_file 1572374315.7596931 1572374315.7617428 bigbrain_1538_2412_2082.nii 139757135103808
increment_file 1572374315.7619061 1572374316.2295418 bigbrain_1538_2412_2082.nii 139757135103808
write_file 1572374316.2304583 1572374316.8097968 inc-bigbrain_1538_2412_2082.nii 139757135103808
task_duration 1572374315.7581143 1572374316.8260884 1572373516-tmpfsAD_1it_25cpus_40bb-0 139757135103808
read_file 1572374315.74616 1572374315.747541 bigbrain_1538_2412_694.nii 140301202896704
increment_file 1572374315.7476673 1572374316.1928036 bigbrain_1538_2412_694.nii 140301202896704
write_file 1572374316.193596 1572374316.7327247 inc-bigbrain_1538_2412_694.nii 140301202896704
task_duration 1572374315.745022 1572374316.7458017 1572373516-tmpfsAD_1it_25cpus_40bb-0 140301202896704
read_file 1572374315.746172 1572374315.7475407 bigbrain_1538_603_2776.nii 139923841451840
increment_file 1572374315.7476666 1572374316.1928036 bigbrain_1538_603_2776.nii 139923841451840
write_file 1572374316.1935952 1572374316.7659314 inc-bigbrain_1538_603_2776.nii 139923841451840
task_duration 1572374315.7450604 1572374316.7816243 1572373516-tmpfsAD_1it_25cpus_40bb-0 139923841451840
read_file 1572374315.739493 1572374315.7409475 bigbrain_1538_603_694.nii 140486502344512
increment_file 1572374315.741078 1572374316.2096462 bigbrain_1538_603_694.nii 140486502344512
write_file 1572374316.2103846 1572374316.793675 inc-bigbrain_1538_603_694.nii 140486502344512
task_duration 1572374315.7383134 1572374316.8105297 1572373516-tmpfsAD_1it_25cpus_40bb-0 140486502344512
read_file 1572374315.7385483 1572374315.73992 bigbrain_1538_1809_694.nii 140628134360896
increment_file 1572374315.740038 1572374316.1847804 bigbrain_1538_1809_694.nii 140628134360896
write_file 1572374316.185638 1572374316.746662 inc-bigbrain_1538_1809_694.nii 140628134360896
task_duration 1572374315.737393 1572374316.7603476 1572373516-tmpfsAD_1it_25cpus_40bb-0 140628134360896
read_file 1572374315.7370422 1572374315.7386553 bigbrain_1538_2412_2776.nii 140152193193792
increment_file 1572374315.73881 1572374316.2067742 bigbrain_1538_2412_2776.nii 140152193193792
write_file 1572374316.2077 1572374316.7925215 inc-bigbrain_1538_2412_2776.nii 140152193193792
task_duration 1572374315.735778 1572374316.80849 1572373516-tmpfsAD_1it_25cpus_40bb-0 140152193193792
read_file 1572374315.729334 1572374315.7311592 bigbrain_1538_1206_694.nii 139800247347008
increment_file 1572374315.7313035 1572374316.1997607 bigbrain_1538_1206_694.nii 139800247347008
write_file 1572374316.2007008 1572374316.7776935 inc-bigbrain_1538_1206_694.nii 139800247347008
task_duration 1572374315.727808 1572374316.7962737 1572373516-tmpfsAD_1it_25cpus_40bb-0 139800247347008
read_file 1572374315.729029 1572374315.730711 bigbrain_1538_1809_0.nii 139637226207040
increment_file 1572374315.7308588 1572374316.178993 bigbrain_1538_1809_0.nii 139637226207040
write_file 1572374316.179893 1572374316.7656732 inc-bigbrain_1538_1809_0.nii 139637226207040
task_duration 1572374315.7276318 1572374316.7824206 1572373516-tmpfsAD_1it_25cpus_40bb-0 139637226207040
read_file 1572374315.7201293 1572374315.7216136 bigbrain_1538_603_0.nii 140610677528384
increment_file 1572374315.721735 1572374316.188709 bigbrain_1538_603_0.nii 140610677528384
write_file 1572374316.1895769 1572374316.7719364 inc-bigbrain_1538_603_0.nii 140610677528384
task_duration 1572374315.7188904 1572374316.788394 1572373516-tmpfsAD_1it_25cpus_40bb-0 140610677528384
read_file 1572374315.719959 1572374315.7215147 bigbrain_1538_2412_0.nii 140113500997440
increment_file 1572374315.7216487 1572374316.1868758 bigbrain_1538_2412_0.nii 140113500997440
write_file 1572374316.1877706 1572374316.77048 inc-bigbrain_1538_2412_0.nii 140113500997440
task_duration 1572374315.718667 1572374316.790862 1572373516-tmpfsAD_1it_25cpus_40bb-0 140113500997440
read_file 1572374315.7025723 1572374315.704054 bigbrain_1538_2412_1388.nii 140189718542144
increment_file 1572374315.7041736 1572374316.1003864 bigbrain_1538_2412_1388.nii 140189718542144
write_file 1572374316.1014602 1572374316.6281044 inc-bigbrain_1538_2412_1388.nii 140189718542144
task_duration 1572374315.701342 1572374316.6436472 1572373516-tmpfsAD_1it_25cpus_40bb-0 140189718542144
read_file 1572374315.7019076 1572374315.7034297 bigbrain_1538_1809_2082.nii 140094788110144
increment_file 1572374315.7035575 1572374316.1694984 bigbrain_1538_1809_2082.nii 140094788110144
write_file 1572374316.1704721 1572374316.7421582 inc-bigbrain_1538_1809_2082.nii 140094788110144
task_duration 1572374315.7006626 1572374316.7560902 1572373516-tmpfsAD_1it_25cpus_40bb-0 140094788110144
read_file 1572374315.6919558 1572374315.6933858 bigbrain_1538_1809_2776.nii 140406189475648
increment_file 1572374315.6935089 1572374316.0896602 bigbrain_1538_1809_2776.nii 140406189475648
write_file 1572374316.0906222 1572374316.6121724 inc-bigbrain_1538_1809_2776.nii 140406189475648
task_duration 1572374315.690736 1572374316.6286075 1572373516-tmpfsAD_1it_25cpus_40bb-0 140406189475648
read_file 1572374315.6819577 1572374315.6832726 bigbrain_1538_1206_1388.nii 140686996399936
increment_file 1572374315.68338 1572374316.0833168 bigbrain_1538_1206_1388.nii 140686996399936
write_file 1572374316.0841396 1572374316.6044981 inc-bigbrain_1538_1206_1388.nii 140686996399936
task_duration 1572374315.680552 1572374316.6277223 1572373516-tmpfsAD_1it_25cpus_40bb-0 140686996399936
read_file 1572374315.670077 1572374315.671697 bigbrain_1538_1206_2082.nii 140660397885248
increment_file 1572374315.6718364 1572374316.1063867 bigbrain_1538_1206_2082.nii 140660397885248
write_file 1572374316.1073782 1572374316.6583815 inc-bigbrain_1538_1206_2082.nii 140660397885248
task_duration 1572374315.6687183 1572374316.6871564 1572373516-tmpfsAD_1it_25cpus_40bb-0 140660397885248
read_file 1572374315.669779 1572374315.6710758 bigbrain_1538_1206_2776.nii 140160233858880
increment_file 1572374315.6711826 1572374316.1354454 bigbrain_1538_1206_2776.nii 140160233858880
write_file 1572374316.1363153 1572374316.7120771 inc-bigbrain_1538_1206_2776.nii 140160233858880
task_duration 1572374315.6686282 1572374316.7285485 1572373516-tmpfsAD_1it_25cpus_40bb-0 140160233858880
read_file 1572374315.6549864 1572374315.656242 bigbrain_1538_1206_0.nii 140171620697920
increment_file 1572374315.6563423 1572374316.0512729 bigbrain_1538_1206_0.nii 140171620697920
write_file 1572374316.0521083 1572374316.5840583 inc-bigbrain_1538_1206_0.nii 140171620697920
task_duration 1572374315.6538908 1572374316.6024637 1572373516-tmpfsAD_1it_25cpus_40bb-0 140171620697920
read_file 1572374315.284296 1572374315.285817 bigbrain_1538_0_2776.nii 140546833454912
increment_file 1572374315.2859373 1572374315.8625991 bigbrain_1538_0_2776.nii 140546833454912
write_file 1572374315.8636198 1572374316.4186592 inc-bigbrain_1538_0_2776.nii 140546833454912
task_duration 1572374315.283104 1572374316.4326525 1572373516-tmpfsAD_1it_25cpus_40bb-0 140546833454912
read_file 1572374315.2710915 1572374315.2730439 bigbrain_1538_0_1388.nii 140084622403392
increment_file 1572374315.2731912 1572374315.8929598 bigbrain_1538_0_1388.nii 140084622403392
write_file 1572374315.893936 1572374316.4493606 inc-bigbrain_1538_0_1388.nii 140084622403392
task_duration 1572374315.2693608 1572374316.4641943 1572373516-tmpfsAD_1it_25cpus_40bb-0 140084622403392
read_file 1572374315.2697153 1572374315.2716262 bigbrain_1538_0_2082.nii 140494821062464
increment_file 1572374315.2717679 1572374315.8694496 bigbrain_1538_0_2082.nii 140494821062464
write_file 1572374315.8704255 1572374316.4287293 inc-bigbrain_1538_0_2082.nii 140494821062464
task_duration 1572374315.2679765 1572374316.4430673 1572373516-tmpfsAD_1it_25cpus_40bb-0 140494821062464
read_file 1572374315.26973 1572374315.2712324 bigbrain_1538_0_694.nii 139687702255424
increment_file 1572374315.2713609 1572374315.8880632 bigbrain_1538_0_694.nii 139687702255424
write_file 1572374315.8889732 1572374316.4214554 inc-bigbrain_1538_0_694.nii 139687702255424
task_duration 1572374315.2685435 1572374316.436315 1572373516-tmpfsAD_1it_25cpus_40bb-0 139687702255424
read_file 1572374315.2564635 1572374315.2579632 bigbrain_1538_0_0.nii 139831486486336
increment_file 1572374315.258085 1572374315.8345866 bigbrain_1538_0_0.nii 139831486486336
write_file 1572374315.8356276 1572374316.3883572 inc-bigbrain_1538_0_0.nii 139831486486336
task_duration 1572374315.2552404 1572374316.4019487 1572373516-tmpfsAD_1it_25cpus_40bb-0 139831486486336
read_file 1572374313.9166193 1572374313.9186666 bigbrain_0_603_694.nii 140465652188992
increment_file 1572374313.918847 1572374314.5121307 bigbrain_0_603_694.nii 140465652188992
write_file 1572374314.512938 1572374315.2077296 inc-bigbrain_0_603_694.nii 140465652188992
task_duration 1572374313.9149225 1572374315.221992 1572373516-tmpfsAD_1it_25cpus_40bb-0 140465652188992
read_file 1572374313.9137588 1572374313.9156687 bigbrain_0_1206_694.nii 139710160328512
increment_file 1572374313.9158437 1572374314.5110798 bigbrain_0_1206_694.nii 139710160328512
write_file 1572374314.5119169 1572374315.2802386 inc-bigbrain_0_1206_694.nii 139710160328512
task_duration 1572374313.9123335 1572374315.2948742 1572373516-tmpfsAD_1it_25cpus_40bb-0 139710160328512
read_file 1572374313.911843 1572374313.9133832 bigbrain_0_1206_2776.nii 139950143813440
increment_file 1572374313.9135096 1572374314.508148 bigbrain_0_1206_2776.nii 139950143813440
write_file 1572374314.5089178 1572374315.2146633 inc-bigbrain_0_1206_2776.nii 139950143813440
task_duration 1572374313.9104128 1572374315.228674 1572373516-tmpfsAD_1it_25cpus_40bb-0 139950143813440
read_file 1572374313.9107642 1572374313.9122922 bigbrain_0_1809_694.nii 140020885190464
increment_file 1572374313.9124115 1572374314.5083423 bigbrain_0_1809_694.nii 140020885190464
write_file 1572374314.509133 1572374315.2239687 inc-bigbrain_0_1809_694.nii 140020885190464
task_duration 1572374313.9092782 1572374315.237808 1572373516-tmpfsAD_1it_25cpus_40bb-0 140020885190464
read_file 1572374313.910383 1572374313.911839 bigbrain_0_1206_0.nii 140240816887616
increment_file 1572374313.911952 1572374314.3928833 bigbrain_0_1206_0.nii 140240816887616
write_file 1572374314.3936427 1572374314.8652568 inc-bigbrain_0_1206_0.nii 140240816887616
task_duration 1572374313.9090233 1572374314.880289 1572373516-tmpfsAD_1it_25cpus_40bb-0 140240816887616
read_file 1572374313.910163 1572374313.911647 bigbrain_0_1206_1388.nii 140310860539712
increment_file 1572374313.911762 1572374314.5068932 bigbrain_0_1206_1388.nii 140310860539712
write_file 1572374314.5076652 1572374315.2132142 inc-bigbrain_0_1206_1388.nii 140310860539712
task_duration 1572374313.9088478 1572374315.2274618 1572373516-tmpfsAD_1it_25cpus_40bb-0 140310860539712
read_file 1572374313.910433 1572374313.9116275 bigbrain_0_603_1388.nii 140082840278848
increment_file 1572374313.9117272 1572374314.394752 bigbrain_0_603_1388.nii 140082840278848
write_file 1572374314.3956444 1572374314.8731415 inc-bigbrain_0_603_1388.nii 140082840278848
task_duration 1572374313.9090629 1572374314.887723 1572373516-tmpfsAD_1it_25cpus_40bb-0 140082840278848
read_file 1572374313.9099855 1572374313.9113576 bigbrain_0_1206_2082.nii 140194344781632
increment_file 1572374313.9114587 1572374314.4560845 bigbrain_0_1206_2082.nii 140194344781632
write_file 1572374314.4570851 1572374315.1849997 inc-bigbrain_0_1206_2082.nii 140194344781632
task_duration 1572374313.9087188 1572374315.1992037 1572373516-tmpfsAD_1it_25cpus_40bb-0 140194344781632
read_file 1572374313.909605 1572374313.9109564 bigbrain_0_0_1388.nii 140476501120832
increment_file 1572374313.9110632 1572374314.5266244 bigbrain_0_0_1388.nii 140476501120832
write_file 1572374314.528112 1572374315.1416466 inc-bigbrain_0_0_1388.nii 140476501120832
task_duration 1572374313.9084291 1572374315.1603413 1572373516-tmpfsAD_1it_25cpus_40bb-0 140476501120832
read_file 1572374313.9096112 1572374313.9108813 bigbrain_0_1809_1388.nii 140006833661760
increment_file 1572374313.9109669 1572374314.3994343 bigbrain_0_1809_1388.nii 140006833661760
write_file 1572374314.4006789 1572374315.0692887 inc-bigbrain_0_1809_1388.nii 140006833661760
task_duration 1572374313.9084673 1572374315.0967045 1572373516-tmpfsAD_1it_25cpus_40bb-0 140006833661760
read_file 1572374313.909546 1572374313.9108422 bigbrain_0_2412_2082.nii 140284424099648
increment_file 1572374313.9109502 1572374314.5057278 bigbrain_0_2412_2082.nii 140284424099648
write_file 1572374314.5065253 1572374315.2023134 inc-bigbrain_0_2412_2082.nii 140284424099648
task_duration 1572374313.9084141 1572374315.2168477 1572373516-tmpfsAD_1it_25cpus_40bb-0 140284424099648
read_file 1572374313.9095309 1572374313.9108336 bigbrain_0_1809_0.nii 140367712724800
increment_file 1572374313.9109402 1572374314.5058956 bigbrain_0_1809_0.nii 140367712724800
write_file 1572374314.506672 1572374315.2300115 inc-bigbrain_0_1809_0.nii 140367712724800
task_duration 1572374313.9084015 1572374315.2443583 1572373516-tmpfsAD_1it_25cpus_40bb-0 140367712724800
read_file 1572374313.9095223 1572374313.9108257 bigbrain_0_2412_2776.nii 140280377648960
increment_file 1572374313.9109323 1572374314.4521985 bigbrain_0_2412_2776.nii 140280377648960
write_file 1572374314.453088 1572374315.1622767 inc-bigbrain_0_2412_2776.nii 140280377648960
task_duration 1572374313.9083927 1572374315.1765616 1572373516-tmpfsAD_1it_25cpus_40bb-0 140280377648960
read_file 1572374313.9095042 1572374313.9108064 bigbrain_0_603_0.nii 140207248156480
increment_file 1572374313.9109066 1572374314.5050647 bigbrain_0_603_0.nii 140207248156480
write_file 1572374314.505859 1572374315.1802673 inc-bigbrain_0_603_0.nii 140207248156480
task_duration 1572374313.908366 1572374315.1953595 1572373516-tmpfsAD_1it_25cpus_40bb-0 140207248156480
read_file 1572374313.9094913 1572374313.9107807 bigbrain_0_1809_2082.nii 140153204975424
increment_file 1572374313.910906 1572374314.4493713 bigbrain_0_1809_2082.nii 140153204975424
write_file 1572374314.450382 1572374315.1614761 inc-bigbrain_0_1809_2082.nii 140153204975424
task_duration 1572374313.9083395 1572374315.1758935 1572373516-tmpfsAD_1it_25cpus_40bb-0 140153204975424
read_file 1572374313.9094608 1572374313.9107194 bigbrain_0_2412_694.nii 140591388366656
increment_file 1572374313.910825 1572374314.504075 bigbrain_0_2412_694.nii 140591388366656
write_file 1572374314.5048497 1572374315.207754 inc-bigbrain_0_2412_694.nii 140591388366656
task_duration 1572374313.9083571 1572374315.2218778 1572373516-tmpfsAD_1it_25cpus_40bb-0 140591388366656
read_file 1572374313.9094636 1572374313.9107122 bigbrain_0_0_0.nii 139870803007296
increment_file 1572374313.910825 1572374314.4909482 bigbrain_0_0_0.nii 139870803007296
write_file 1572374314.4918916 1572374315.1750233 inc-bigbrain_0_0_0.nii 139870803007296
task_duration 1572374313.9083173 1572374315.1956892 1572373516-tmpfsAD_1it_25cpus_40bb-0 139870803007296
read_file 1572374313.9094524 1572374313.910711 bigbrain_0_603_2776.nii 140408489498432
increment_file 1572374313.9108217 1572374314.505677 bigbrain_0_603_2776.nii 140408489498432
write_file 1572374314.5064285 1572374315.2129989 inc-bigbrain_0_603_2776.nii 140408489498432
task_duration 1572374313.90834 1572374315.2272506 1572373516-tmpfsAD_1it_25cpus_40bb-0 140408489498432
read_file 1572374313.9094987 1572374313.9107046 bigbrain_0_2412_1388.nii 140287044671296
increment_file 1572374313.9108071 1572374314.5034087 bigbrain_0_2412_1388.nii 140287044671296
write_file 1572374314.5042017 1572374315.2075334 inc-bigbrain_0_2412_1388.nii 140287044671296
task_duration 1572374313.9083872 1572374315.2216537 1572373516-tmpfsAD_1it_25cpus_40bb-0 140287044671296
read_file 1572374313.9094718 1572374313.9106746 bigbrain_0_0_694.nii 140510744287040
increment_file 1572374313.910766 1572374314.4511123 bigbrain_0_0_694.nii 140510744287040
write_file 1572374314.4519763 1572374315.1297538 inc-bigbrain_0_0_694.nii 140510744287040
task_duration 1572374313.908363 1572374315.1470988 1572373516-tmpfsAD_1it_25cpus_40bb-0 140510744287040
read_file 1572374313.909383 1572374313.910609 bigbrain_0_1809_2776.nii 140324446435136
increment_file 1572374313.9107022 1572374314.5011504 bigbrain_0_1809_2776.nii 140324446435136
write_file 1572374314.50212 1572374315.2024705 inc-bigbrain_0_1809_2776.nii 140324446435136
task_duration 1572374313.9082918 1572374315.216749 1572373516-tmpfsAD_1it_25cpus_40bb-0 140324446435136
read_file 1572374313.9093413 1572374313.9105537 bigbrain_0_603_2082.nii 140200962197312
increment_file 1572374313.910652 1572374314.5030558 bigbrain_0_603_2082.nii 140200962197312
write_file 1572374314.5038707 1572374315.1996715 inc-bigbrain_0_603_2082.nii 140200962197312
task_duration 1572374313.908257 1572374315.214403 1572373516-tmpfsAD_1it_25cpus_40bb-0 140200962197312
read_file 1572374313.9090831 1572374313.910245 bigbrain_0_0_2776.nii 140033654961984
increment_file 1572374313.9103444 1572374314.3919766 bigbrain_0_0_2776.nii 140033654961984
write_file 1572374314.3931913 1572374314.8639522 inc-bigbrain_0_0_2776.nii 140033654961984
task_duration 1572374313.9080672 1572374314.8787727 1572373516-tmpfsAD_1it_25cpus_40bb-0 140033654961984
read_file 1572374313.9090228 1572374313.910128 bigbrain_0_0_2082.nii 139882847762240
increment_file 1572374313.9102218 1572374314.3944917 bigbrain_0_0_2082.nii 139882847762240
write_file 1572374314.3953152 1572374314.8692791 inc-bigbrain_0_0_2082.nii 139882847762240
task_duration 1572374313.9080079 1572374314.884228 1572373516-tmpfsAD_1it_25cpus_40bb-0 139882847762240
read_file 1572374313.9089527 1572374313.9101217 bigbrain_0_2412_0.nii 140487698507584
increment_file 1572374313.9102197 1572374314.393309 bigbrain_0_2412_0.nii 140487698507584
write_file 1572374314.3941905 1572374314.865811 inc-bigbrain_0_2412_0.nii 140487698507584
task_duration 1572374313.907967 1572374314.8809614 1572373516-tmpfsAD_1it_25cpus_40bb-0 140487698507584
