read_file 1572301719.62943 1572301719.6312406 bigbrain_769_2412_694.nii 140558074791744
increment_file 1572301719.6314092 1572301720.393252 bigbrain_769_2412_694.nii 140558074791744
write_file 1572301720.3941557 1572301720.980947 inc-bigbrain_769_2412_694.nii 140558074791744
task_duration 1572301719.6277683 1572301720.993165 1572301637-tmpfs_1it_96cpus_40bb-1 140558074791744
read_file 1572301719.6020358 1572301719.6039445 bigbrain_769_603_0.nii 140457358018368
increment_file 1572301719.6042094 1572301720.3817234 bigbrain_769_603_0.nii 140457358018368
write_file 1572301720.3825438 1572301720.8733358 inc-bigbrain_769_603_0.nii 140457358018368
task_duration 1572301719.6004193 1572301720.8851252 1572301637-tmpfs_1it_96cpus_40bb-1 140457358018368
read_file 1572301719.5758133 1572301719.5777333 bigbrain_769_603_2776.nii 139740547245888
increment_file 1572301719.5779254 1572301720.3687787 bigbrain_769_603_2776.nii 139740547245888
write_file 1572301720.3694825 1572301720.879123 inc-bigbrain_769_603_2776.nii 139740547245888
task_duration 1572301719.5744526 1572301720.8907042 1572301637-tmpfs_1it_96cpus_40bb-1 139740547245888
read_file 1572301719.5078323 1572301719.5095506 bigbrain_769_603_1388.nii 140502405371712
increment_file 1572301719.5097287 1572301720.3430357 bigbrain_769_603_1388.nii 140502405371712
write_file 1572301720.343949 1572301720.8523872 inc-bigbrain_769_603_1388.nii 140502405371712
task_duration 1572301719.5065298 1572301720.8641224 1572301637-tmpfs_1it_96cpus_40bb-1 140502405371712
read_file 1572301719.5035415 1572301719.5050132 bigbrain_769_603_2082.nii 140414354437952
increment_file 1572301719.5051415 1572301720.368337 bigbrain_769_603_2082.nii 140414354437952
write_file 1572301720.3691182 1572301720.8740618 inc-bigbrain_769_603_2082.nii 140414354437952
task_duration 1572301719.5023468 1572301720.8857846 1572301637-tmpfs_1it_96cpus_40bb-1 140414354437952
read_file 1572301719.5019314 1572301719.5035825 bigbrain_769_603_694.nii 139973518903104
increment_file 1572301719.50374 1572301720.3363793 bigbrain_769_603_694.nii 139973518903104
write_file 1572301720.3372428 1572301720.9335232 inc-bigbrain_769_603_694.nii 139973518903104
task_duration 1572301719.5006711 1572301720.950575 1572301637-tmpfs_1it_96cpus_40bb-1 139973518903104
read_file 1572301718.900068 1572301718.9029844 bigbrain_769_2412_0.nii 139841480066880
increment_file 1572301718.903347 1572301719.9865165 bigbrain_769_2412_0.nii 139841480066880
write_file 1572301719.9882143 1572301720.5920453 inc-bigbrain_769_2412_0.nii 139841480066880
task_duration 1572301718.8980289 1572301720.6040282 1572301637-tmpfs_1it_96cpus_40bb-1 139841480066880
read_file 1572301718.602201 1572301718.6037066 bigbrain_769_2412_2776.nii 140297629095744
increment_file 1572301718.6038337 1572301719.7267003 bigbrain_769_2412_2776.nii 140297629095744
write_file 1572301719.727923 1572301720.4471405 inc-bigbrain_769_2412_2776.nii 140297629095744
task_duration 1572301718.600927 1572301720.4598768 1572301637-tmpfs_1it_96cpus_40bb-1 140297629095744
read_file 1572301718.5846884 1572301718.588234 bigbrain_769_1809_1388.nii 140657840908096
increment_file 1572301718.5888975 1572301719.7669423 bigbrain_769_1809_1388.nii 140657840908096
write_file 1572301719.7684994 1572301720.4668052 inc-bigbrain_769_1809_1388.nii 140657840908096
task_duration 1572301718.5827534 1572301720.4794981 1572301637-tmpfs_1it_96cpus_40bb-1 140657840908096
read_file 1572301718.493772 1572301718.4966352 bigbrain_769_1206_694.nii 139899578726208
increment_file 1572301718.4968104 1572301719.6254458 bigbrain_769_1206_694.nii 139899578726208
write_file 1572301719.6271646 1572301720.3796313 inc-bigbrain_769_1206_694.nii 139899578726208
task_duration 1572301718.4914603 1572301720.3933291 1572301637-tmpfs_1it_96cpus_40bb-1 139899578726208
read_file 1572301718.4669507 1572301718.468536 bigbrain_769_2412_1388.nii 139741557126976
increment_file 1572301718.468694 1572301719.6004508 bigbrain_769_2412_1388.nii 139741557126976
write_file 1572301719.601559 1572301720.3496573 inc-bigbrain_769_2412_1388.nii 139741557126976
task_duration 1572301718.4656448 1572301720.362847 1572301637-tmpfs_1it_96cpus_40bb-1 139741557126976
read_file 1572301718.453244 1572301718.4549885 bigbrain_769_2412_2082.nii 140024059029312
increment_file 1572301718.4551713 1572301719.5541487 bigbrain_769_2412_2082.nii 140024059029312
write_file 1572301719.5553071 1572301720.3528705 inc-bigbrain_769_2412_2082.nii 140024059029312
task_duration 1572301718.4519386 1572301720.3659594 1572301637-tmpfs_1it_96cpus_40bb-1 140024059029312
read_file 1572301718.4328423 1572301718.4350715 bigbrain_769_1809_694.nii 140439831025472
increment_file 1572301718.4352632 1572301719.6016958 bigbrain_769_1809_694.nii 140439831025472
write_file 1572301719.6030316 1572301720.3545513 inc-bigbrain_769_1809_694.nii 140439831025472
task_duration 1572301718.4307714 1572301720.3677442 1572301637-tmpfs_1it_96cpus_40bb-1 140439831025472
read_file 1572301718.4198303 1572301718.4223335 bigbrain_769_1809_0.nii 140149924149056
increment_file 1572301718.4227264 1572301719.5361013 bigbrain_769_1809_0.nii 140149924149056
write_file 1572301719.5377467 1572301720.291756 inc-bigbrain_769_1809_0.nii 140149924149056
task_duration 1572301718.4180977 1572301720.3060505 1572301637-tmpfs_1it_96cpus_40bb-1 140149924149056
read_file 1572301718.2448068 1572301718.2631795 bigbrain_769_0_694.nii 140146494818112
increment_file 1572301718.2634518 1572301720.0255563 bigbrain_769_0_694.nii 140146494818112
write_file 1572301720.0271707 1572301720.543173 inc-bigbrain_769_0_694.nii 140146494818112
task_duration 1572301718.2427418 1572301720.5545866 1572301637-tmpfs_1it_96cpus_40bb-1 140146494818112
read_file 1572301718.2369604 1572301718.2390432 bigbrain_769_1809_2776.nii 140170207557440
increment_file 1572301718.2392976 1572301719.3912208 bigbrain_769_1809_2776.nii 140170207557440
write_file 1572301719.392664 1572301720.2181919 inc-bigbrain_769_1809_2776.nii 140170207557440
task_duration 1572301718.2351882 1572301720.233507 1572301637-tmpfs_1it_96cpus_40bb-1 140170207557440
read_file 1572301718.228446 1572301718.230547 bigbrain_769_1809_2082.nii 140262047344448
increment_file 1572301718.2308075 1572301719.3991656 bigbrain_769_1809_2082.nii 140262047344448
write_file 1572301719.4000087 1572301720.1890485 inc-bigbrain_769_1809_2082.nii 140262047344448
task_duration 1572301718.226666 1572301720.2049513 1572301637-tmpfs_1it_96cpus_40bb-1 140262047344448
read_file 1572301718.1810966 1572301718.183913 bigbrain_769_1206_0.nii 140254906935104
increment_file 1572301718.184227 1572301720.0016618 bigbrain_769_1206_0.nii 140254906935104
write_file 1572301720.0026145 1572301720.5305443 inc-bigbrain_769_1206_0.nii 140254906935104
task_duration 1572301718.1790004 1572301720.542391 1572301637-tmpfs_1it_96cpus_40bb-1 140254906935104
read_file 1572301718.1474488 1572301718.150717 bigbrain_769_1206_1388.nii 139630109394752
increment_file 1572301718.1509655 1572301719.2454948 bigbrain_769_1206_1388.nii 139630109394752
write_file 1572301719.2472067 1572301720.0351288 inc-bigbrain_769_1206_1388.nii 139630109394752
task_duration 1572301718.1444693 1572301720.0512357 1572301637-tmpfs_1it_96cpus_40bb-1 139630109394752
read_file 1572301718.1437461 1572301718.1461396 bigbrain_769_1206_2082.nii 139796120078144
increment_file 1572301718.1464045 1572301719.276351 bigbrain_769_1206_2082.nii 139796120078144
write_file 1572301719.277654 1572301720.0487888 inc-bigbrain_769_1206_2082.nii 139796120078144
task_duration 1572301718.1418076 1572301720.0653791 1572301637-tmpfs_1it_96cpus_40bb-1 139796120078144
read_file 1572301718.133253 1572301718.1368113 bigbrain_769_1206_2776.nii 140095140812608
increment_file 1572301718.137133 1572301719.3567412 bigbrain_769_1206_2776.nii 140095140812608
write_file 1572301719.3598254 1572301720.1625252 inc-bigbrain_769_1206_2776.nii 140095140812608
task_duration 1572301718.1307552 1572301720.178672 1572301637-tmpfs_1it_96cpus_40bb-1 140095140812608
read_file 1572301717.1269689 1572301717.1326613 bigbrain_769_0_2776.nii 140371803146048
increment_file 1572301717.1329615 1572301718.6020987 bigbrain_769_0_2776.nii 140371803146048
write_file 1572301718.6032417 1572301719.1182303 inc-bigbrain_769_0_2776.nii 140371803146048
task_duration 1572301717.1237261 1572301719.1457424 1572301637-tmpfs_1it_96cpus_40bb-1 140371803146048
read_file 1572301716.7450209 1572301716.7523265 bigbrain_769_0_2082.nii 140476670752576
increment_file 1572301716.75306 1572301718.947642 bigbrain_769_0_2082.nii 140476670752576
write_file 1572301718.9520032 1572301720.2686565 inc-bigbrain_769_0_2082.nii 140476670752576
task_duration 1572301716.740643 1572301720.2826507 1572301637-tmpfs_1it_96cpus_40bb-1 140476670752576
read_file 1572301716.725595 1572301716.7300942 bigbrain_769_0_1388.nii 140480265250624
increment_file 1572301716.7306213 1572301718.4173284 bigbrain_769_0_1388.nii 140480265250624
write_file 1572301718.4193459 1572301720.2211788 inc-bigbrain_769_0_1388.nii 140480265250624
task_duration 1572301716.722573 1572301720.2357488 1572301637-tmpfs_1it_96cpus_40bb-1 140480265250624
read_file 1572301716.217098 1572301716.2243352 bigbrain_3076_603_1388.nii 139864773674816
increment_file 1572301716.224976 1572301718.1202853 bigbrain_3076_603_1388.nii 139864773674816
write_file 1572301718.1259048 1572301718.8010335 inc-bigbrain_3076_603_1388.nii 139864773674816
task_duration 1572301716.2120185 1572301718.8219898 1572301637-tmpfs_1it_96cpus_40bb-1 139864773674816
read_file 1572301716.1608903 1572301716.1676075 bigbrain_3076_603_694.nii 140037756536640
increment_file 1572301716.1681528 1572301718.0657334 bigbrain_3076_603_694.nii 140037756536640
write_file 1572301718.068006 1572301718.7509358 inc-bigbrain_3076_603_694.nii 140037756536640
task_duration 1572301716.1560996 1572301718.7759383 1572301637-tmpfs_1it_96cpus_40bb-1 140037756536640
read_file 1572301716.0223677 1572301716.0287342 bigbrain_769_0_0.nii 139779341305664
increment_file 1572301716.0292487 1572301717.9631734 bigbrain_769_0_0.nii 139779341305664
write_file 1572301717.964883 1572301718.727536 inc-bigbrain_769_0_0.nii 139779341305664
task_duration 1572301716.0179687 1572301718.7499797 1572301637-tmpfs_1it_96cpus_40bb-1 139779341305664
read_file 1572301715.8293588 1572301715.8359048 bigbrain_3076_603_2082.nii 140092476168000
increment_file 1572301715.836427 1572301717.9178872 bigbrain_3076_603_2082.nii 140092476168000
write_file 1572301717.9191914 1572301718.7613215 inc-bigbrain_3076_603_2082.nii 140092476168000
task_duration 1572301715.8252017 1572301718.7865927 1572301637-tmpfs_1it_96cpus_40bb-1 140092476168000
read_file 1572301715.8099566 1572301715.816408 bigbrain_3076_603_2776.nii 139931249649472
increment_file 1572301715.8170784 1572301717.8534532 bigbrain_3076_603_2776.nii 139931249649472
write_file 1572301717.854789 1572301718.5887642 inc-bigbrain_3076_603_2776.nii 139931249649472
task_duration 1572301715.7965946 1572301718.6112318 1572301637-tmpfs_1it_96cpus_40bb-1 139931249649472
read_file 1572301713.6042535 1572301713.6162448 bigbrain_2307_2412_0.nii 139781670479680
increment_file 1572301713.6173797 1572301716.876243 bigbrain_2307_2412_0.nii 139781670479680
write_file 1572301716.880464 1572301719.8590176 inc-bigbrain_2307_2412_0.nii 139781670479680
task_duration 1572301713.5957358 1572301719.8783548 1572301637-tmpfs_1it_96cpus_40bb-1 139781670479680
read_file 1572301713.5975754 1572301713.6098235 bigbrain_2307_1809_2082.nii 139706194978624
increment_file 1572301713.610824 1572301716.7110653 bigbrain_2307_1809_2082.nii 139706194978624
write_file 1572301716.7169425 1572301719.773627 inc-bigbrain_2307_1809_2082.nii 139706194978624
task_duration 1572301713.5896108 1572301719.8118088 1572301637-tmpfs_1it_96cpus_40bb-1 139706194978624
read_file 1572301713.5464349 1572301713.5576956 bigbrain_2307_603_1388.nii 140160324126528
increment_file 1572301713.5585835 1572301716.5362828 bigbrain_2307_603_1388.nii 140160324126528
write_file 1572301716.543462 1572301718.3879905 inc-bigbrain_2307_603_1388.nii 140160324126528
task_duration 1572301713.5395522 1572301718.416124 1572301637-tmpfs_1it_96cpus_40bb-1 140160324126528
read_file 1572301713.5342457 1572301713.5441957 bigbrain_3076_0_694.nii 139856264808256
increment_file 1572301713.545091 1572301716.702878 bigbrain_3076_0_694.nii 139856264808256
write_file 1572301716.706153 1572301719.6002417 inc-bigbrain_3076_0_694.nii 139856264808256
task_duration 1572301713.5278773 1572301719.6612704 1572301637-tmpfs_1it_96cpus_40bb-1 139856264808256
read_file 1572301713.5345814 1572301713.5430217 bigbrain_3076_1206_0.nii 140620364232512
increment_file 1572301713.5439427 1572301715.547146 bigbrain_3076_1206_0.nii 140620364232512
write_file 1572301715.5626848 1572301717.9683352 inc-bigbrain_3076_1206_0.nii 140620364232512
task_duration 1572301713.5288398 1572301717.9984815 1572301637-tmpfs_1it_96cpus_40bb-1 140620364232512
read_file 1572301713.5181434 1572301713.5296528 bigbrain_3076_1809_2776.nii 139779924129600
increment_file 1572301713.530338 1572301716.619432 bigbrain_3076_1809_2776.nii 139779924129600
write_file 1572301716.6234686 1572301719.675331 inc-bigbrain_3076_1809_2776.nii 139779924129600
task_duration 1572301713.5101783 1572301719.7222817 1572301637-tmpfs_1it_96cpus_40bb-1 139779924129600
read_file 1572301713.4966872 1572301713.505235 bigbrain_2307_603_0.nii 140059624716096
increment_file 1572301713.5061555 1572301715.778907 bigbrain_2307_603_0.nii 140059624716096
write_file 1572301715.7890491 1572301718.0735466 inc-bigbrain_2307_603_0.nii 140059624716096
task_duration 1572301713.4901886 1572301718.1001832 1572301637-tmpfs_1it_96cpus_40bb-1 140059624716096
read_file 1572301713.491721 1572301713.4982703 bigbrain_1538_1809_2776.nii 140550024456000
increment_file 1572301713.4989505 1572301716.6781878 bigbrain_1538_1809_2776.nii 140550024456000
write_file 1572301716.6827154 1572301719.736209 inc-bigbrain_1538_1809_2776.nii 140550024456000
task_duration 1572301713.4879122 1572301719.777838 1572301637-tmpfs_1it_96cpus_40bb-1 140550024456000
read_file 1572301713.4711778 1572301713.4817743 bigbrain_2307_0_2776.nii 140505256593216
increment_file 1572301713.4826202 1572301716.6726108 bigbrain_2307_0_2776.nii 140505256593216
write_file 1572301716.676502 1572301719.714243 inc-bigbrain_2307_0_2776.nii 140505256593216
task_duration 1572301713.4649124 1572301719.7561882 1572301637-tmpfs_1it_96cpus_40bb-1 140505256593216
read_file 1572301713.4691565 1572301713.4801939 bigbrain_2307_2412_1388.nii 139957379049280
increment_file 1572301713.4812603 1572301716.714042 bigbrain_2307_2412_1388.nii 139957379049280
write_file 1572301716.7174041 1572301719.7459984 inc-bigbrain_2307_2412_1388.nii 139957379049280
task_duration 1572301713.4622424 1572301719.78557 1572301637-tmpfs_1it_96cpus_40bb-1 139957379049280
read_file 1572301713.4596918 1572301713.4659529 bigbrain_3076_0_2082.nii 140600893159232
increment_file 1572301713.4666488 1572301715.5384881 bigbrain_3076_0_2082.nii 140600893159232
write_file 1572301715.542589 1572301717.881639 inc-bigbrain_3076_0_2082.nii 140600893159232
task_duration 1572301713.4549596 1572301717.9323428 1572301637-tmpfs_1it_96cpus_40bb-1 140600893159232
read_file 1572301713.4505417 1572301713.4585495 bigbrain_3076_2412_2082.nii 140630678140736
increment_file 1572301713.459345 1572301715.5815082 bigbrain_3076_2412_2082.nii 140630678140736
write_file 1572301715.5962048 1572301718.0138075 inc-bigbrain_3076_2412_2082.nii 140630678140736
task_duration 1572301713.4448955 1572301718.042329 1572301637-tmpfs_1it_96cpus_40bb-1 140630678140736
read_file 1572301713.4485962 1572301713.4577708 bigbrain_1538_603_2776.nii 139673464104768
increment_file 1572301713.4587374 1572301716.6695755 bigbrain_1538_603_2776.nii 139673464104768
write_file 1572301716.6759331 1572301719.708842 inc-bigbrain_1538_603_2776.nii 139673464104768
task_duration 1572301713.442727 1572301719.7510245 1572301637-tmpfs_1it_96cpus_40bb-1 139673464104768
read_file 1572301713.4437888 1572301713.4551382 bigbrain_0_603_2776.nii 140518951737152
increment_file 1572301713.4559581 1572301716.5533445 bigbrain_0_603_2776.nii 140518951737152
write_file 1572301716.5576649 1572301719.7283056 inc-bigbrain_0_603_2776.nii 140518951737152
task_duration 1572301713.4379368 1572301719.774858 1572301637-tmpfs_1it_96cpus_40bb-1 140518951737152
read_file 1572301713.437714 1572301713.4440975 bigbrain_3076_1206_2776.nii 139917885622080
increment_file 1572301713.4447098 1572301715.5774388 bigbrain_3076_1206_2776.nii 139917885622080
write_file 1572301715.5924833 1572301718.0306227 inc-bigbrain_3076_1206_2776.nii 139917885622080
task_duration 1572301713.4332082 1572301718.0544214 1572301637-tmpfs_1it_96cpus_40bb-1 139917885622080
read_file 1572301713.435733 1572301713.4425452 bigbrain_3076_2412_0.nii 139977392465728
increment_file 1572301713.4432719 1572301715.4418151 bigbrain_3076_2412_0.nii 139977392465728
write_file 1572301715.4472904 1572301717.9392807 inc-bigbrain_3076_2412_0.nii 139977392465728
task_duration 1572301713.4304342 1572301717.9764144 1572301637-tmpfs_1it_96cpus_40bb-1 139977392465728
read_file 1572301713.43341 1572301713.4392745 bigbrain_0_2412_694.nii 139833608783680
increment_file 1572301713.4399028 1572301715.592035 bigbrain_0_2412_694.nii 139833608783680
write_file 1572301715.6044126 1572301718.0031686 inc-bigbrain_0_2412_694.nii 139833608783680
task_duration 1572301713.4290338 1572301718.049289 1572301637-tmpfs_1it_96cpus_40bb-1 139833608783680
read_file 1572301713.4241695 1572301713.430641 bigbrain_3076_1206_1388.nii 140655403026240
increment_file 1572301713.431144 1572301715.5800052 bigbrain_3076_1206_1388.nii 140655403026240
write_file 1572301715.585858 1572301718.0534773 inc-bigbrain_3076_1206_1388.nii 140655403026240
task_duration 1572301713.4195373 1572301718.091676 1572301637-tmpfs_1it_96cpus_40bb-1 140655403026240
read_file 1572301713.425088 1572301713.4303787 bigbrain_1538_1206_0.nii 139948995462976
increment_file 1572301713.431006 1572301715.6074772 bigbrain_1538_1206_0.nii 139948995462976
write_file 1572301715.6178262 1572301718.069695 inc-bigbrain_1538_1206_0.nii 139948995462976
task_duration 1572301713.420405 1572301718.1140747 1572301637-tmpfs_1it_96cpus_40bb-1 139948995462976
read_file 1572301713.4137077 1572301713.4194858 bigbrain_3076_0_2776.nii 140620942694208
increment_file 1572301713.4201353 1572301715.4131389 bigbrain_3076_0_2776.nii 140620942694208
write_file 1572301715.4163892 1572301717.7720773 inc-bigbrain_3076_0_2776.nii 140620942694208
task_duration 1572301713.40864 1572301717.8085415 1572301637-tmpfs_1it_96cpus_40bb-1 140620942694208
read_file 1572301713.3982728 1572301713.406995 bigbrain_2307_1206_1388.nii 139688977598272
increment_file 1572301713.407773 1572301716.707805 bigbrain_2307_1206_1388.nii 139688977598272
write_file 1572301716.714305 1572301719.7376633 inc-bigbrain_2307_1206_1388.nii 139688977598272
task_duration 1572301713.3931558 1572301719.7813325 1572301637-tmpfs_1it_96cpus_40bb-1 139688977598272
read_file 1572301713.3838649 1572301713.3913348 bigbrain_3076_1809_2082.nii 139676060882752
increment_file 1572301713.3919125 1572301716.353597 bigbrain_3076_1809_2082.nii 139676060882752
write_file 1572301716.358575 1572301719.644601 inc-bigbrain_3076_1809_2082.nii 139676060882752
task_duration 1572301713.378706 1572301719.6892843 1572301637-tmpfs_1it_96cpus_40bb-1 139676060882752
read_file 1572301713.3840783 1572301713.3887563 bigbrain_2307_1206_694.nii 140094392420160
increment_file 1572301713.3891747 1572301715.4649057 bigbrain_2307_1206_694.nii 140094392420160
write_file 1572301715.4688795 1572301717.9680214 inc-bigbrain_2307_1206_694.nii 140094392420160
task_duration 1572301713.3812056 1572301718.000215 1572301637-tmpfs_1it_96cpus_40bb-1 140094392420160
read_file 1572301713.375475 1572301713.3840492 bigbrain_0_603_694.nii 140149933614912
increment_file 1572301713.3847728 1572301716.5226493 bigbrain_0_603_694.nii 140149933614912
write_file 1572301716.5291026 1572301719.6264775 inc-bigbrain_0_603_694.nii 140149933614912
task_duration 1572301713.3710685 1572301719.684126 1572301637-tmpfs_1it_96cpus_40bb-1 140149933614912
read_file 1572301713.3698537 1572301713.3753455 bigbrain_3076_0_0.nii 140475511318336
increment_file 1572301713.3758676 1572301715.532413 bigbrain_3076_0_0.nii 140475511318336
write_file 1572301715.5379207 1572301718.5636094 inc-bigbrain_3076_0_0.nii 140475511318336
task_duration 1572301713.3659697 1572301718.609875 1572301637-tmpfs_1it_96cpus_40bb-1 140475511318336
read_file 1572301713.3635466 1572301713.3708773 bigbrain_1538_603_2082.nii 139959529051968
increment_file 1572301713.371443 1572301716.6051974 bigbrain_1538_603_2082.nii 139959529051968
write_file 1572301716.611109 1572301719.7377403 inc-bigbrain_1538_603_2082.nii 139959529051968
task_duration 1572301713.359143 1572301719.7739863 1572301637-tmpfs_1it_96cpus_40bb-1 139959529051968
read_file 1572301713.3637533 1572301713.3683102 bigbrain_2307_603_694.nii 140458376197952
increment_file 1572301713.3687494 1572301715.4560509 bigbrain_2307_603_694.nii 140458376197952
write_file 1572301715.4598296 1572301717.888421 inc-bigbrain_2307_603_694.nii 140458376197952
task_duration 1572301713.3600013 1572301717.949903 1572301637-tmpfs_1it_96cpus_40bb-1 140458376197952
read_file 1572301713.3586144 1572301713.364601 bigbrain_2307_603_2776.nii 139842128947008
increment_file 1572301713.3651762 1572301715.4242384 bigbrain_2307_603_2776.nii 139842128947008
write_file 1572301715.4284015 1572301718.0012698 inc-bigbrain_2307_603_2776.nii 139842128947008
task_duration 1572301713.3544693 1572301718.0363746 1572301637-tmpfs_1it_96cpus_40bb-1 139842128947008
read_file 1572301713.3557637 1572301713.364238 bigbrain_0_603_0.nii 140556943877952
increment_file 1572301713.364808 1572301716.6248517 bigbrain_0_603_0.nii 140556943877952
write_file 1572301716.628889 1572301719.7530937 inc-bigbrain_0_603_0.nii 140556943877952
task_duration 1572301713.3508308 1572301719.7957091 1572301637-tmpfs_1it_96cpus_40bb-1 140556943877952
read_file 1572301713.3538544 1572301713.3630595 bigbrain_2307_0_694.nii 140319962961728
increment_file 1572301713.3636553 1572301716.6570368 bigbrain_2307_0_694.nii 140319962961728
write_file 1572301716.6612985 1572301719.791284 inc-bigbrain_2307_0_694.nii 140319962961728
task_duration 1572301713.3490086 1572301719.8205028 1572301637-tmpfs_1it_96cpus_40bb-1 140319962961728
read_file 1572301713.3527718 1572301713.360357 bigbrain_2307_1206_2776.nii 140709549410112
increment_file 1572301713.3608754 1572301716.561998 bigbrain_2307_1206_2776.nii 140709549410112
write_file 1572301716.5686631 1572301719.588585 inc-bigbrain_2307_1206_2776.nii 140709549410112
task_duration 1572301713.3480875 1572301719.6265192 1572301637-tmpfs_1it_96cpus_40bb-1 140709549410112
read_file 1572301713.3424273 1572301713.347396 bigbrain_1538_0_694.nii 139728947767104
increment_file 1572301713.3480177 1572301715.4735665 bigbrain_1538_0_694.nii 139728947767104
write_file 1572301715.4779541 1572301717.8446546 inc-bigbrain_1538_0_694.nii 139728947767104
task_duration 1572301713.3386788 1572301717.9478557 1572301637-tmpfs_1it_96cpus_40bb-1 139728947767104
read_file 1572301713.3416352 1572301713.3456798 bigbrain_3076_603_0.nii 140332374529856
increment_file 1572301713.346123 1572301715.4840696 bigbrain_3076_603_0.nii 140332374529856
write_file 1572301715.4883602 1572301718.4141176 inc-bigbrain_3076_603_0.nii 140332374529856
task_duration 1572301713.3382545 1572301718.4812725 1572301637-tmpfs_1it_96cpus_40bb-1 140332374529856
read_file 1572301713.340218 1572301713.3455884 bigbrain_2307_603_2082.nii 139808296134464
increment_file 1572301713.3462963 1572301715.3424115 bigbrain_2307_603_2082.nii 139808296134464
write_file 1572301715.348162 1572301717.874802 inc-bigbrain_2307_603_2082.nii 139808296134464
task_duration 1572301713.3365157 1572301717.9014 1572301637-tmpfs_1it_96cpus_40bb-1 139808296134464
read_file 1572301713.3358629 1572301713.341844 bigbrain_1538_1206_694.nii 139763735308096
increment_file 1572301713.3422663 1572301716.3641362 bigbrain_1538_1206_694.nii 139763735308096
write_file 1572301716.3809514 1572301719.590064 inc-bigbrain_1538_1206_694.nii 139763735308096
task_duration 1572301713.331833 1572301719.635405 1572301637-tmpfs_1it_96cpus_40bb-1 139763735308096
read_file 1572301713.3372295 1572301713.341361 bigbrain_2307_2412_694.nii 139654200063808
increment_file 1572301713.3417792 1572301715.4113946 bigbrain_2307_2412_694.nii 139654200063808
write_file 1572301715.4158204 1572301717.8515086 inc-bigbrain_2307_2412_694.nii 139654200063808
task_duration 1572301713.3339233 1572301717.9284031 1572301637-tmpfs_1it_96cpus_40bb-1 139654200063808
read_file 1572301713.3366263 1572301713.3407526 bigbrain_3076_2412_694.nii 139883806959424
increment_file 1572301713.3410327 1572301715.3718636 bigbrain_3076_2412_694.nii 139883806959424
write_file 1572301715.3742101 1572301717.6755476 inc-bigbrain_3076_2412_694.nii 139883806959424
task_duration 1572301713.3336294 1572301717.7182307 1572301637-tmpfs_1it_96cpus_40bb-1 139883806959424
read_file 1572301713.333032 1572301713.339281 bigbrain_1538_2412_1388.nii 140087169791808
increment_file 1572301713.339831 1572301716.674523 bigbrain_1538_2412_1388.nii 140087169791808
write_file 1572301716.6780963 1572301719.5500727 inc-bigbrain_1538_2412_1388.nii 140087169791808
task_duration 1572301713.3284848 1572301719.600965 1572301637-tmpfs_1it_96cpus_40bb-1 140087169791808
read_file 1572301713.3302746 1572301713.3345895 bigbrain_3076_1206_694.nii 140543876036416
increment_file 1572301713.3349595 1572301716.5906084 bigbrain_3076_1206_694.nii 140543876036416
write_file 1572301716.5954275 1572301719.5340934 inc-bigbrain_3076_1206_694.nii 140543876036416
task_duration 1572301713.3275719 1572301719.5934942 1572301637-tmpfs_1it_96cpus_40bb-1 140543876036416
read_file 1572301713.327078 1572301713.3340445 bigbrain_3076_1809_0.nii 139912518256448
increment_file 1572301713.3345249 1572301716.6091042 bigbrain_3076_1809_0.nii 139912518256448
write_file 1572301716.6132705 1572301719.7725112 inc-bigbrain_3076_1809_0.nii 139912518256448
task_duration 1572301713.3215818 1572301719.8082612 1572301637-tmpfs_1it_96cpus_40bb-1 139912518256448
read_file 1572301713.3167238 1572301713.3213131 bigbrain_2307_1206_0.nii 139631262299968
increment_file 1572301713.3218439 1572301716.5329742 bigbrain_2307_1206_0.nii 139631262299968
write_file 1572301716.5395148 1572301719.7662795 inc-bigbrain_2307_1206_0.nii 139631262299968
task_duration 1572301713.3139317 1572301719.8049324 1572301637-tmpfs_1it_96cpus_40bb-1 139631262299968
read_file 1572301713.3159244 1572301713.319831 bigbrain_1538_1206_1388.nii 140661251057472
increment_file 1572301713.320158 1572301715.6078072 bigbrain_1538_1206_1388.nii 140661251057472
write_file 1572301715.622733 1572301718.0188 inc-bigbrain_1538_1206_1388.nii 140661251057472
task_duration 1572301713.3133523 1572301718.1121728 1572301637-tmpfs_1it_96cpus_40bb-1 140661251057472
read_file 1572301713.3151972 1572301713.3194773 bigbrain_1538_603_694.nii 140456987690816
increment_file 1572301713.3198664 1572301715.4558728 bigbrain_1538_603_694.nii 140456987690816
write_file 1572301715.4613476 1572301717.9589448 inc-bigbrain_1538_603_694.nii 140456987690816
task_duration 1572301713.3124287 1572301717.9990988 1572301637-tmpfs_1it_96cpus_40bb-1 140456987690816
read_file 1572301713.3044631 1572301713.308122 bigbrain_1538_0_0.nii 139655225210688
increment_file 1572301713.3084629 1572301715.4279373 bigbrain_1538_0_0.nii 139655225210688
write_file 1572301715.4329793 1572301717.5189667 inc-bigbrain_1538_0_0.nii 139655225210688
task_duration 1572301713.3017688 1572301717.5586488 1572301637-tmpfs_1it_96cpus_40bb-1 139655225210688
read_file 1572301713.3036838 1572301713.3077006 bigbrain_3076_0_1388.nii 140110382618432
increment_file 1572301713.3080695 1572301715.4551342 bigbrain_3076_0_1388.nii 140110382618432
write_file 1572301715.4589078 1572301718.0040262 inc-bigbrain_3076_0_1388.nii 140110382618432
task_duration 1572301713.3002622 1572301718.0371833 1572301637-tmpfs_1it_96cpus_40bb-1 140110382618432
read_file 1572301713.30057 1572301713.3053071 bigbrain_1538_2412_694.nii 140468264240960
increment_file 1572301713.305671 1572301716.390741 bigbrain_1538_2412_694.nii 140468264240960
write_file 1572301716.3967931 1572301719.4476204 inc-bigbrain_1538_2412_694.nii 140468264240960
task_duration 1572301713.2972538 1572301719.494558 1572301637-tmpfs_1it_96cpus_40bb-1 140468264240960
read_file 1572301713.3007352 1572301713.3045027 bigbrain_2307_0_2082.nii 139972056774464
increment_file 1572301713.304773 1572301716.5674627 bigbrain_2307_0_2082.nii 139972056774464
write_file 1572301716.571386 1572301719.813426 inc-bigbrain_2307_0_2082.nii 139972056774464
task_duration 1572301713.2981575 1572301719.8422768 1572301637-tmpfs_1it_96cpus_40bb-1 139972056774464
read_file 1572301713.3005743 1572301713.3044744 bigbrain_1538_1809_694.nii 139678645102400
increment_file 1572301713.3047678 1572301716.5566018 bigbrain_1538_1809_694.nii 139678645102400
write_file 1572301716.560659 1572301719.7407148 inc-bigbrain_1538_1809_694.nii 139678645102400
task_duration 1572301713.2980206 1572301719.7785182 1572301637-tmpfs_1it_96cpus_40bb-1 139678645102400
read_file 1572301713.287932 1572301713.2925277 bigbrain_2307_2412_2776.nii 140718298990400
increment_file 1572301713.2928631 1572301715.4656503 bigbrain_2307_2412_2776.nii 140718298990400
write_file 1572301715.4708493 1572301717.9538748 inc-bigbrain_2307_2412_2776.nii 140718298990400
task_duration 1572301713.2846932 1572301717.9994433 1572301637-tmpfs_1it_96cpus_40bb-1 140718298990400
read_file 1572301713.2880993 1572301713.2915363 bigbrain_1538_2412_0.nii 140386271442752
increment_file 1572301713.2918267 1572301716.4788818 bigbrain_1538_2412_0.nii 140386271442752
write_file 1572301716.484539 1572301719.6948085 inc-bigbrain_1538_2412_0.nii 140386271442752
task_duration 1572301713.285831 1572301719.73437 1572301637-tmpfs_1it_96cpus_40bb-1 140386271442752
read_file 1572301713.2875445 1572301713.2912416 bigbrain_2307_1809_694.nii 139673768351552
increment_file 1572301713.2915957 1572301715.3390808 bigbrain_2307_1809_694.nii 139673768351552
write_file 1572301715.3433008 1572301718.0890915 inc-bigbrain_2307_1809_694.nii 139673768351552
task_duration 1572301713.2844908 1572301718.125702 1572301637-tmpfs_1it_96cpus_40bb-1 139673768351552
read_file 1572301713.2860692 1572301713.2894776 bigbrain_1538_0_1388.nii 140427898681152
increment_file 1572301713.28979 1572301715.3951018 bigbrain_1538_0_1388.nii 140427898681152
write_file 1572301715.401324 1572301717.879955 inc-bigbrain_1538_0_1388.nii 140427898681152
task_duration 1572301713.2836063 1572301717.9437015 1572301637-tmpfs_1it_96cpus_40bb-1 140427898681152
read_file 1572301713.2829351 1572301713.287154 bigbrain_3076_1809_694.nii 139707948029760
increment_file 1572301713.287563 1572301716.618348 bigbrain_3076_1809_694.nii 139707948029760
write_file 1572301716.6248362 1572301719.7816699 inc-bigbrain_3076_1809_694.nii 139707948029760
task_duration 1572301713.2797773 1572301719.8118794 1572301637-tmpfs_1it_96cpus_40bb-1 139707948029760
read_file 1572301713.2835836 1572301713.2860956 bigbrain_1538_1809_1388.nii 140467784394560
increment_file 1572301713.2862895 1572301715.3688781 bigbrain_1538_1809_1388.nii 140467784394560
write_file 1572301715.3732102 1572301717.9504948 inc-bigbrain_1538_1809_1388.nii 140467784394560
task_duration 1572301713.2815187 1572301717.9762485 1572301637-tmpfs_1it_96cpus_40bb-1 140467784394560
read_file 1572301713.2812765 1572301713.2847826 bigbrain_2307_1206_2082.nii 140260600375104
increment_file 1572301713.2851436 1572301715.4322183 bigbrain_2307_1206_2082.nii 140260600375104
write_file 1572301715.4369452 1572301717.8951397 inc-bigbrain_2307_1206_2082.nii 140260600375104
task_duration 1572301713.2783775 1572301717.9192238 1572301637-tmpfs_1it_96cpus_40bb-1 140260600375104
read_file 1572301713.2813132 1572301713.2843566 bigbrain_3076_2412_1388.nii 140478626821952
increment_file 1572301713.2846224 1572301715.3449976 bigbrain_3076_2412_1388.nii 140478626821952
write_file 1572301715.3492584 1572301717.7836084 inc-bigbrain_3076_2412_1388.nii 140478626821952
task_duration 1572301713.2789674 1572301717.8180978 1572301637-tmpfs_1it_96cpus_40bb-1 140478626821952
read_file 1572301713.2814338 1572301713.2838674 bigbrain_3076_2412_2776.nii 140697786844992
increment_file 1572301713.2840683 1572301715.3172271 bigbrain_3076_2412_2776.nii 140697786844992
write_file 1572301715.3191721 1572301717.888536 inc-bigbrain_3076_2412_2776.nii 140697786844992
task_duration 1572301713.2794046 1572301717.9520402 1572301637-tmpfs_1it_96cpus_40bb-1 140697786844992
read_file 1572301713.279777 1572301713.2822661 bigbrain_3076_1206_2082.nii 139803368863552
increment_file 1572301713.2824898 1572301715.3413365 bigbrain_3076_1206_2082.nii 139803368863552
write_file 1572301715.3439288 1572301717.6406288 inc-bigbrain_3076_1206_2082.nii 139803368863552
task_duration 1572301713.2776575 1572301717.6859465 1572301637-tmpfs_1it_96cpus_40bb-1 139803368863552
read_file 1572301713.2789373 1572301713.2820206 bigbrain_3076_1809_1388.nii 140587653814080
increment_file 1572301713.282285 1572301716.446461 bigbrain_3076_1809_1388.nii 140587653814080
write_file 1572301716.4576693 1572301719.5403094 inc-bigbrain_3076_1809_1388.nii 140587653814080
task_duration 1572301713.276626 1572301719.5793104 1572301637-tmpfs_1it_96cpus_40bb-1 140587653814080
read_file 1572301713.2769442 1572301713.2800572 bigbrain_1538_1809_2082.nii 140362374240064
increment_file 1572301713.2803328 1572301716.4344301 bigbrain_1538_1809_2082.nii 140362374240064
write_file 1572301716.439242 1572301719.626933 inc-bigbrain_1538_1809_2082.nii 140362374240064
task_duration 1572301713.2745657 1572301719.666259 1572301637-tmpfs_1it_96cpus_40bb-1 140362374240064
read_file 1572301713.2761605 1572301713.279399 bigbrain_1538_2412_2082.nii 140649663993664
increment_file 1572301713.27966 1572301716.4418066 bigbrain_1538_2412_2082.nii 140649663993664
write_file 1572301716.4496582 1572301719.8270297 inc-bigbrain_1538_2412_2082.nii 140649663993664
task_duration 1572301713.2738776 1572301719.8530688 1572301637-tmpfs_1it_96cpus_40bb-1 140649663993664
read_file 1572301713.2761059 1572301713.2786846 bigbrain_1538_603_1388.nii 140396276553536
increment_file 1572301713.2788868 1572301715.377292 bigbrain_1538_603_1388.nii 140396276553536
write_file 1572301715.3809469 1572301717.964228 inc-bigbrain_1538_603_1388.nii 140396276553536
task_duration 1572301713.2740688 1572301717.9912457 1572301637-tmpfs_1it_96cpus_40bb-1 140396276553536
read_file 1572301713.2731645 1572301713.2757308 bigbrain_2307_2412_2082.nii 140064920098624
increment_file 1572301713.2759843 1572301715.2414865 bigbrain_2307_2412_2082.nii 140064920098624
write_file 1572301715.249384 1572301717.6675951 inc-bigbrain_2307_2412_2082.nii 140064920098624
task_duration 1572301713.2710152 1572301717.7162373 1572301637-tmpfs_1it_96cpus_40bb-1 140064920098624
read_file 1572301713.2715106 1572301713.273739 bigbrain_1538_0_2776.nii 140142251185984
increment_file 1572301713.2738974 1572301715.2910545 bigbrain_1538_0_2776.nii 140142251185984
write_file 1572301715.2924175 1572301717.6956298 inc-bigbrain_1538_0_2776.nii 140142251185984
task_duration 1572301713.2695389 1572301717.7362938 1572301637-tmpfs_1it_96cpus_40bb-1 140142251185984
read_file 1572301713.2713885 1572301713.273648 bigbrain_1538_1809_0.nii 140050923038528
increment_file 1572301713.2738273 1572301715.343519 bigbrain_1538_1809_0.nii 140050923038528
write_file 1572301715.3457897 1572301717.8040292 inc-bigbrain_1538_1809_0.nii 140050923038528
task_duration 1572301713.269574 1572301717.8316453 1572301637-tmpfs_1it_96cpus_40bb-1 140050923038528
read_file 1572301713.26721 1572301713.2700849 bigbrain_0_603_1388.nii 140404393621312
increment_file 1572301713.2703342 1572301716.3073847 bigbrain_0_603_1388.nii 140404393621312
write_file 1572301716.3205228 1572301719.3296444 inc-bigbrain_0_603_1388.nii 140404393621312
task_duration 1572301713.2651649 1572301719.3819318 1572301637-tmpfs_1it_96cpus_40bb-1 140404393621312
read_file 1572301713.2646651 1572301713.2670052 bigbrain_1538_1206_2776.nii 140219146344256
increment_file 1572301713.2671742 1572301715.2559137 bigbrain_1538_1206_2776.nii 140219146344256
write_file 1572301715.2574353 1572301717.622978 inc-bigbrain_1538_1206_2776.nii 140219146344256
task_duration 1572301713.2627714 1572301717.65687 1572301637-tmpfs_1it_96cpus_40bb-1 140219146344256
read_file 1572301713.2624636 1572301713.2663612 bigbrain_2307_1809_2776.nii 140070943504192
increment_file 1572301713.2666242 1572301716.456299 bigbrain_2307_1809_2776.nii 140070943504192
write_file 1572301716.4618788 1572301719.596337 inc-bigbrain_2307_1809_2776.nii 140070943504192
task_duration 1572301713.2598605 1572301719.6582136 1572301637-tmpfs_1it_96cpus_40bb-1 140070943504192
read_file 1572301713.2615037 1572301713.2637105 bigbrain_1538_2412_2776.nii 140478073374528
increment_file 1572301713.2638872 1572301715.277976 bigbrain_1538_2412_2776.nii 140478073374528
write_file 1572301715.2910829 1572301717.6431227 inc-bigbrain_1538_2412_2776.nii 140478073374528
task_duration 1572301713.2595644 1572301717.686987 1572301637-tmpfs_1it_96cpus_40bb-1 140478073374528
read_file 1572301713.2526248 1572301713.255392 bigbrain_2307_0_0.nii 139924386043712
increment_file 1572301713.2556257 1572301716.3618917 bigbrain_2307_0_0.nii 139924386043712
write_file 1572301716.37424 1572301719.7540421 inc-bigbrain_2307_0_0.nii 139924386043712
task_duration 1572301713.25043 1572301719.7939253 1572301637-tmpfs_1it_96cpus_40bb-1 139924386043712
read_file 1572301713.2498934 1572301713.252589 bigbrain_0_603_2082.nii 140355116222272
increment_file 1572301713.2527955 1572301716.5216577 bigbrain_0_603_2082.nii 140355116222272
write_file 1572301716.5526733 1572301719.80061 inc-bigbrain_0_603_2082.nii 140355116222272
task_duration 1572301713.2478004 1572301719.8267019 1572301637-tmpfs_1it_96cpus_40bb-1 140355116222272
read_file 1572301713.2480035 1572301713.2508183 bigbrain_2307_0_1388.nii 140241769871168
increment_file 1572301713.2510507 1572301715.3169603 bigbrain_2307_0_1388.nii 140241769871168
write_file 1572301715.3214395 1572301717.798591 inc-bigbrain_2307_0_1388.nii 140241769871168
task_duration 1572301713.2458088 1572301717.8344293 1572301637-tmpfs_1it_96cpus_40bb-1 140241769871168
read_file 1572301713.2395756 1572301713.2427022 bigbrain_1538_0_2082.nii 140495683786560
increment_file 1572301713.2429502 1572301716.4538424 bigbrain_1538_0_2082.nii 140495683786560
write_file 1572301716.4755354 1572301719.510705 inc-bigbrain_1538_0_2082.nii 140495683786560
task_duration 1572301713.2369928 1572301719.5787592 1572301637-tmpfs_1it_96cpus_40bb-1 140495683786560
read_file 1572301713.236533 1572301713.2391171 bigbrain_1538_603_0.nii 139733988058944
increment_file 1572301713.239328 1572301716.4421818 bigbrain_1538_603_0.nii 139733988058944
write_file 1572301716.4710987 1572301719.4901712 inc-bigbrain_1538_603_0.nii 139733988058944
task_duration 1572301713.2344286 1572301719.5383358 1572301637-tmpfs_1it_96cpus_40bb-1 139733988058944
read_file 1572301713.236226 1572301713.23902 bigbrain_2307_1809_0.nii 140552090785600
increment_file 1572301713.2392426 1572301715.2967348 bigbrain_2307_1809_0.nii 140552090785600
write_file 1572301715.2980375 1572301717.787845 inc-bigbrain_2307_1809_0.nii 140552090785600
task_duration 1572301713.234033 1572301717.8591216 1572301637-tmpfs_1it_96cpus_40bb-1 140552090785600
read_file 1572301713.2283802 1572301713.230688 bigbrain_1538_1206_2082.nii 140006112843584
increment_file 1572301713.23091 1572301715.228205 bigbrain_1538_1206_2082.nii 140006112843584
write_file 1572301715.2411208 1572301717.7127497 inc-bigbrain_1538_1206_2082.nii 140006112843584
task_duration 1572301713.2261848 1572301717.7438078 1572301637-tmpfs_1it_96cpus_40bb-1 140006112843584
read_file 1572301713.2262151 1572301713.2290556 bigbrain_2307_1809_1388.nii 139941191202624
increment_file 1572301713.229273 1572301716.3899157 bigbrain_2307_1809_1388.nii 139941191202624
write_file 1572301716.409575 1572301719.6706555 inc-bigbrain_2307_1809_1388.nii 139941191202624
task_duration 1572301713.2241116 1572301719.7213418 1572301637-tmpfs_1it_96cpus_40bb-1 139941191202624
read_file 1572301712.0473764 1572301712.0491188 bigbrain_0_1206_1388.nii 140402774816576
increment_file 1572301712.0492485 1572301713.1209972 bigbrain_0_1206_1388.nii 140402774816576
write_file 1572301713.122336 1572301716.6277723 inc-bigbrain_0_1206_1388.nii 140402774816576
task_duration 1572301712.0451412 1572301716.693739 1572301637-tmpfs_1it_96cpus_40bb-1 140402774816576
read_file 1572301712.0461023 1572301712.0478325 bigbrain_0_0_2082.nii 139983270684480
increment_file 1572301712.0479887 1572301713.0593832 bigbrain_0_0_2082.nii 139983270684480
write_file 1572301713.0606074 1572301714.7544284 inc-bigbrain_0_0_2082.nii 139983270684480
task_duration 1572301712.0445805 1572301714.8090773 1572301637-tmpfs_1it_96cpus_40bb-1 139983270684480
read_file 1572301712.0451303 1572301712.0469048 bigbrain_0_0_0.nii 140677803423552
increment_file 1572301712.0470197 1572301713.2157855 bigbrain_0_0_0.nii 140677803423552
write_file 1572301713.217078 1572301716.9932952 inc-bigbrain_0_0_0.nii 140677803423552
task_duration 1572301712.0436049 1572301717.0532317 1572301637-tmpfs_1it_96cpus_40bb-1 140677803423552
read_file 1572301712.045192 1572301712.0469015 bigbrain_0_1809_1388.nii 140295485966144
increment_file 1572301712.047019 1572301713.1455357 bigbrain_0_1809_1388.nii 140295485966144
write_file 1572301713.1468604 1572301716.642522 inc-bigbrain_0_1809_1388.nii 140295485966144
task_duration 1572301712.0436666 1572301716.7085416 1572301637-tmpfs_1it_96cpus_40bb-1 140295485966144
read_file 1572301712.0448594 1572301712.0465534 bigbrain_0_0_2776.nii 140397645403968
increment_file 1572301712.0466764 1572301713.1584527 bigbrain_0_0_2776.nii 140397645403968
write_file 1572301713.1598125 1572301716.7179735 inc-bigbrain_0_0_2776.nii 140397645403968
task_duration 1572301712.0433981 1572301716.7779984 1572301637-tmpfs_1it_96cpus_40bb-1 140397645403968
read_file 1572301712.0447304 1572301712.0464783 bigbrain_0_2412_1388.nii 140181765609280
increment_file 1572301712.0466094 1572301713.1472247 bigbrain_0_2412_1388.nii 140181765609280
write_file 1572301713.1491387 1572301717.2617831 inc-bigbrain_0_2412_1388.nii 140181765609280
task_duration 1572301712.0432498 1572301717.318881 1572301637-tmpfs_1it_96cpus_40bb-1 140181765609280
read_file 1572301712.0452712 1572301712.0464714 bigbrain_0_1206_2776.nii 140395255379776
increment_file 1572301712.0465655 1572301713.0307896 bigbrain_0_1206_2776.nii 140395255379776
write_file 1572301713.0317266 1572301714.574267 inc-bigbrain_0_1206_2776.nii 140395255379776
task_duration 1572301712.0442803 1572301714.628656 1572301637-tmpfs_1it_96cpus_40bb-1 140395255379776
read_file 1572301712.0447788 1572301712.0464578 bigbrain_0_2412_0.nii 140482313262912
increment_file 1572301712.0465932 1572301713.2115827 bigbrain_0_2412_0.nii 140482313262912
write_file 1572301713.2137947 1572301717.0338278 inc-bigbrain_0_2412_0.nii 140482313262912
task_duration 1572301712.0433257 1572301717.092071 1572301637-tmpfs_1it_96cpus_40bb-1 140482313262912
read_file 1572301712.0427535 1572301712.044187 bigbrain_0_0_694.nii 139910544181056
increment_file 1572301712.0443063 1572301713.1897707 bigbrain_0_0_694.nii 139910544181056
write_file 1572301713.1911426 1572301716.9179683 inc-bigbrain_0_0_694.nii 139910544181056
task_duration 1572301712.0415063 1572301716.9821563 1572301637-tmpfs_1it_96cpus_40bb-1 139910544181056
read_file 1572301712.0410156 1572301712.042696 bigbrain_0_1206_694.nii 139700408289088
increment_file 1572301712.0428274 1572301712.9490762 bigbrain_0_1206_694.nii 139700408289088
write_file 1572301712.9502692 1572301714.4200144 inc-bigbrain_0_1206_694.nii 139700408289088
task_duration 1572301712.0395088 1572301714.4709294 1572301637-tmpfs_1it_96cpus_40bb-1 139700408289088
read_file 1572301712.0399625 1572301712.0412734 bigbrain_0_0_1388.nii 140637129041728
increment_file 1572301712.0413775 1572301713.029327 bigbrain_0_0_1388.nii 140637129041728
write_file 1572301713.0303118 1572301714.6165385 inc-bigbrain_0_0_1388.nii 140637129041728
task_duration 1572301712.0387905 1572301714.670288 1572301637-tmpfs_1it_96cpus_40bb-1 140637129041728
read_file 1572301712.0399673 1572301712.041175 bigbrain_0_1206_0.nii 140136947615552
increment_file 1572301712.0412805 1572301713.1341755 bigbrain_0_1206_0.nii 140136947615552
write_file 1572301713.1355066 1572301716.6560626 inc-bigbrain_0_1206_0.nii 140136947615552
task_duration 1572301712.0388818 1572301716.7084746 1572301637-tmpfs_1it_96cpus_40bb-1 140136947615552
read_file 1572301712.039943 1572301712.0411057 bigbrain_0_1809_2082.nii 139805276550976
increment_file 1572301712.041197 1572301713.0469744 bigbrain_0_1809_2082.nii 139805276550976
write_file 1572301713.0491128 1572301714.6614306 inc-bigbrain_0_1809_2082.nii 139805276550976
task_duration 1572301712.0389419 1572301714.7154186 1572301637-tmpfs_1it_96cpus_40bb-1 139805276550976
read_file 1572301712.039919 1572301712.0410695 bigbrain_0_2412_2082.nii 140067536914240
increment_file 1572301712.0411632 1572301713.0215073 bigbrain_0_2412_2082.nii 140067536914240
write_file 1572301713.022867 1572301714.6149879 inc-bigbrain_0_2412_2082.nii 140067536914240
task_duration 1572301712.0389316 1572301714.673276 1572301637-tmpfs_1it_96cpus_40bb-1 140067536914240
read_file 1572301712.0397925 1572301712.041066 bigbrain_0_2412_2776.nii 140018763941696
increment_file 1572301712.0411623 1572301713.2018518 bigbrain_0_2412_2776.nii 140018763941696
write_file 1572301713.2041667 1572301717.0713952 inc-bigbrain_0_2412_2776.nii 140018763941696
task_duration 1572301712.038701 1572301717.1313984 1572301637-tmpfs_1it_96cpus_40bb-1 140018763941696
read_file 1572301712.0396388 1572301712.0409083 bigbrain_0_1206_2082.nii 140394167584576
increment_file 1572301712.0410037 1572301713.2377856 bigbrain_0_1206_2082.nii 140394167584576
write_file 1572301713.239806 1572301716.9675562 inc-bigbrain_0_1206_2082.nii 140394167584576
task_duration 1572301712.0385618 1572301717.015136 1572301637-tmpfs_1it_96cpus_40bb-1 140394167584576
read_file 1572301712.0395613 1572301712.0408823 bigbrain_0_1809_0.nii 140591017449280
increment_file 1572301712.0409718 1572301713.1799598 bigbrain_0_1809_0.nii 140591017449280
write_file 1572301713.1817784 1572301716.813451 inc-bigbrain_0_1809_0.nii 140591017449280
task_duration 1572301712.0385058 1572301716.8747292 1572301637-tmpfs_1it_96cpus_40bb-1 140591017449280
read_file 1572301712.039556 1572301712.0408623 bigbrain_0_1809_2776.nii 140621618014016
increment_file 1572301712.040963 1572301713.1044953 bigbrain_0_1809_2776.nii 140621618014016
write_file 1572301713.106726 1572301715.4605424 inc-bigbrain_0_1809_2776.nii 140621618014016
task_duration 1572301712.0384872 1572301715.5069716 1572301637-tmpfs_1it_96cpus_40bb-1 140621618014016
read_file 1572301712.0397105 1572301712.0408382 bigbrain_0_1809_694.nii 140336106018624
increment_file 1572301712.0409348 1572301712.97162 bigbrain_0_1809_694.nii 140336106018624
write_file 1572301712.9727786 1572301714.4425657 inc-bigbrain_0_1809_694.nii 140336106018624
task_duration 1572301712.0387516 1572301714.4932952 1572301637-tmpfs_1it_96cpus_40bb-1 140336106018624
