read_file 1572386125.9243684 1572386125.9265149 bigbrain_1538_1206_2082.nii 140511561856832
increment_file 1572386125.9266627 1572386249.1202548 bigbrain_1538_1206_2082.nii 140511561856832
write_file 1572386249.1233103 1572386249.6329296 inc-bigbrain_1538_1206_2082.nii 140511561856832
task_duration 1572386125.9155636 1572386249.6448972 1572385425-localAD_1it_96cpus_40bb-2 140511561856832
read_file 1572386125.924711 1572386125.9273982 bigbrain_0_603_2082.nii 140652256315200
increment_file 1572386125.9275563 1572386250.4994123 bigbrain_0_603_2082.nii 140652256315200
write_file 1572386250.5018098 1572386251.0820448 inc-bigbrain_0_603_2082.nii 140652256315200
task_duration 1572386125.9178245 1572386251.0965953 1572385425-localAD_1it_96cpus_40bb-2 140652256315200
read_file 1572386125.924351 1572386125.9281323 bigbrain_2307_603_0.nii 139690118080320
increment_file 1572386125.928378 1572386250.5718448 bigbrain_2307_603_0.nii 139690118080320
write_file 1572386250.5739908 1572386251.051732 inc-bigbrain_2307_603_0.nii 139690118080320
task_duration 1572386125.918529 1572386251.0639231 1572385425-localAD_1it_96cpus_40bb-2 139690118080320
read_file 1572386125.9243548 1572386125.9290676 bigbrain_1538_1809_2776.nii 139879114377024
increment_file 1572386125.929326 1572386254.11541 bigbrain_1538_1809_2776.nii 139879114377024
write_file 1572386254.122173 1572386256.5335584 inc-bigbrain_1538_1809_2776.nii 139879114377024
task_duration 1572386125.9158714 1572386256.5485384 1572385425-localAD_1it_96cpus_40bb-2 139879114377024
read_file 1572386125.9243486 1572386125.9817526 bigbrain_1538_0_2082.nii 139915828926272
increment_file 1572386125.9819324 1572386252.5722466 bigbrain_1538_0_2082.nii 139915828926272
write_file 1572386252.575009 1572386253.339893 inc-bigbrain_1538_0_2082.nii 139915828926272
task_duration 1572386125.9189632 1572386253.3716447 1572385425-localAD_1it_96cpus_40bb-2 139915828926272
read_file 1572386125.924576 1572386126.016434 bigbrain_1538_2412_2082.nii 140409988446016
increment_file 1572386126.0166879 1572386126.4225662 bigbrain_1538_2412_2082.nii 140409988446016
write_file 1572386126.4233499 1572386126.9281762 inc-bigbrain_1538_2412_2082.nii 140409988446016
task_duration 1572386125.9176702 1572386126.9404602 1572385425-localAD_1it_96cpus_40bb-2 140409988446016
read_file 1572386125.9245255 1572386126.016903 bigbrain_2307_2412_694.nii 140482803730240
increment_file 1572386126.0172951 1572386126.4465702 bigbrain_2307_2412_694.nii 140482803730240
write_file 1572386126.4472625 1572386126.9499683 inc-bigbrain_2307_2412_694.nii 140482803730240
task_duration 1572386125.9176297 1572386126.9618292 1572385425-localAD_1it_96cpus_40bb-2 140482803730240
read_file 1572386125.9246473 1572386126.0194144 bigbrain_0_1809_1388.nii 140180516837184
increment_file 1572386126.0198252 1572386126.4415789 bigbrain_0_1809_1388.nii 140180516837184
write_file 1572386126.44244 1572386126.9441495 inc-bigbrain_0_1809_1388.nii 140180516837184
task_duration 1572386125.9177718 1572386126.956014 1572385425-localAD_1it_96cpus_40bb-2 140180516837184
read_file 1572386125.924498 1572386126.0545487 bigbrain_1538_1809_694.nii 140702821885760
increment_file 1572386126.054833 1572386252.9765143 bigbrain_1538_1809_694.nii 140702821885760
write_file 1572386252.9793332 1572386255.2085247 inc-bigbrain_1538_1809_694.nii 140702821885760
task_duration 1572386125.917585 1572386255.305175 1572385425-localAD_1it_96cpus_40bb-2 140702821885760
read_file 1572386125.9245129 1572386126.0566826 bigbrain_0_2412_694.nii 140703652718400
increment_file 1572386126.0570097 1572386253.005809 bigbrain_0_2412_694.nii 140703652718400
write_file 1572386253.007474 1572386255.284641 inc-bigbrain_0_2412_694.nii 140703652718400
task_duration 1572386125.9175844 1572386255.3598638 1572385425-localAD_1it_96cpus_40bb-2 140703652718400
read_file 1572386125.9245389 1572386126.056698 bigbrain_0_1206_0.nii 140017676134208
increment_file 1572386126.057063 1572386253.3274953 bigbrain_0_1206_0.nii 140017676134208
write_file 1572386253.3298032 1572386255.8319404 inc-bigbrain_0_1206_0.nii 140017676134208
task_duration 1572386125.9175522 1572386255.9061468 1572385425-localAD_1it_96cpus_40bb-2 140017676134208
read_file 1572386125.9244964 1572386126.0567188 bigbrain_2307_1809_0.nii 140505398437696
increment_file 1572386126.0570993 1572386252.9862032 bigbrain_2307_1809_0.nii 140505398437696
write_file 1572386252.9883063 1572386255.2682502 inc-bigbrain_2307_1809_0.nii 140505398437696
task_duration 1572386125.9178119 1572386255.3542264 1572385425-localAD_1it_96cpus_40bb-2 140505398437696
read_file 1572386125.9244747 1572386126.0567448 bigbrain_3076_0_2776.nii 139916075435840
increment_file 1572386126.057153 1572386253.0154865 bigbrain_3076_0_2776.nii 139916075435840
write_file 1572386253.0176203 1572386255.5299222 inc-bigbrain_3076_0_2776.nii 139916075435840
task_duration 1572386125.917561 1572386255.6103852 1572385425-localAD_1it_96cpus_40bb-2 139916075435840
read_file 1572386125.9245203 1572386126.0567768 bigbrain_0_1206_2776.nii 140185766090560
increment_file 1572386126.0571947 1572386252.9845965 bigbrain_0_1206_2776.nii 140185766090560
write_file 1572386252.9869146 1572386254.527737 inc-bigbrain_0_1206_2776.nii 140185766090560
task_duration 1572386125.917586 1572386254.6116939 1572385425-localAD_1it_96cpus_40bb-2 140185766090560
read_file 1572386125.924696 1572386126.0567799 bigbrain_2307_2412_2776.nii 139923351516992
increment_file 1572386126.057265 1572386253.0065026 bigbrain_2307_2412_2776.nii 139923351516992
write_file 1572386253.00935 1572386255.7864187 inc-bigbrain_2307_2412_2776.nii 139923351516992
task_duration 1572386125.9180534 1572386255.8527117 1572385425-localAD_1it_96cpus_40bb-2 139923351516992
read_file 1572386125.9243653 1572386126.0567822 bigbrain_2307_2412_1388.nii 140683926001472
increment_file 1572386126.0573187 1572386252.9872332 bigbrain_2307_2412_1388.nii 140683926001472
write_file 1572386252.9895868 1572386254.970792 inc-bigbrain_2307_2412_1388.nii 140683926001472
task_duration 1572386125.9209764 1572386255.0419376 1572385425-localAD_1it_96cpus_40bb-2 140683926001472
read_file 1572386125.9244106 1572386126.0568008 bigbrain_3076_1809_0.nii 139989545510720
increment_file 1572386126.0573742 1572386253.0159876 bigbrain_3076_1809_0.nii 139989545510720
write_file 1572386253.0188673 1572386255.5014431 inc-bigbrain_3076_1809_0.nii 139989545510720
task_duration 1572386125.9155822 1572386255.5835009 1572385425-localAD_1it_96cpus_40bb-2 139989545510720
read_file 1572386125.9246044 1572386126.0568097 bigbrain_3076_2412_1388.nii 139874124805952
increment_file 1572386126.0574327 1572386252.996678 bigbrain_3076_2412_1388.nii 139874124805952
write_file 1572386252.999012 1572386255.869953 inc-bigbrain_3076_2412_1388.nii 139874124805952
task_duration 1572386125.917613 1572386255.9175026 1572385425-localAD_1it_96cpus_40bb-2 139874124805952
read_file 1572386125.9246123 1572386126.0568814 bigbrain_0_2412_0.nii 140087917139776
increment_file 1572386126.0574906 1572386253.3214903 bigbrain_0_2412_0.nii 140087917139776
write_file 1572386253.3240678 1572386256.1348314 inc-bigbrain_0_2412_0.nii 140087917139776
task_duration 1572386125.9176748 1572386256.183315 1572385425-localAD_1it_96cpus_40bb-2 140087917139776
read_file 1572386125.924732 1572386126.0635655 bigbrain_3076_1809_1388.nii 140179106654016
increment_file 1572386126.0638866 1572386253.034938 bigbrain_3076_1809_1388.nii 140179106654016
write_file 1572386253.0369294 1572386255.335598 inc-bigbrain_3076_1809_1388.nii 140179106654016
task_duration 1572386125.9189117 1572386255.409984 1572385425-localAD_1it_96cpus_40bb-2 140179106654016
read_file 1572386125.9246666 1572386126.0636346 bigbrain_3076_1206_694.nii 140146857207616
increment_file 1572386126.0639598 1572386253.0057738 bigbrain_3076_1206_694.nii 140146857207616
write_file 1572386253.0078132 1572386255.4470074 inc-bigbrain_3076_1206_694.nii 140146857207616
task_duration 1572386125.9176219 1572386255.4921265 1572385425-localAD_1it_96cpus_40bb-2 140146857207616
read_file 1572386125.9246955 1572386126.0638118 bigbrain_1538_603_694.nii 139788243281728
increment_file 1572386126.0641334 1572386253.0254145 bigbrain_1538_603_694.nii 139788243281728
write_file 1572386253.0273895 1572386255.5817058 inc-bigbrain_1538_603_694.nii 139788243281728
task_duration 1572386125.917728 1572386255.6513827 1572385425-localAD_1it_96cpus_40bb-2 139788243281728
read_file 1572386125.9246724 1572386126.0638306 bigbrain_1538_1809_2082.nii 140411946862400
increment_file 1572386126.0641727 1572386253.034 bigbrain_1538_1809_2082.nii 140411946862400
write_file 1572386253.0355017 1572386255.754392 inc-bigbrain_1538_1809_2082.nii 140411946862400
task_duration 1572386125.9178257 1572386255.836319 1572385425-localAD_1it_96cpus_40bb-2 140411946862400
read_file 1572386125.9244404 1572386126.0868297 bigbrain_2307_1206_694.nii 140620457420608
increment_file 1572386126.0871246 1572386253.095551 bigbrain_2307_1206_694.nii 140620457420608
write_file 1572386253.097901 1572386255.828404 inc-bigbrain_2307_1206_694.nii 140620457420608
task_duration 1572386125.9176004 1572386255.8879762 1572385425-localAD_1it_96cpus_40bb-2 140620457420608
read_file 1572386125.9244704 1572386126.0869443 bigbrain_0_603_1388.nii 139839676700480
increment_file 1572386126.0872777 1572386253.0752037 bigbrain_0_603_1388.nii 139839676700480
write_file 1572386253.0771108 1572386256.0151503 inc-bigbrain_0_603_1388.nii 139839676700480
task_duration 1572386125.9177985 1572386256.068226 1572385425-localAD_1it_96cpus_40bb-2 139839676700480
read_file 1572386125.9246268 1572386126.0869548 bigbrain_0_603_694.nii 139776443131712
increment_file 1572386126.087351 1572386253.0950007 bigbrain_0_603_694.nii 139776443131712
write_file 1572386253.0978546 1572386255.7077212 inc-bigbrain_0_603_694.nii 139776443131712
task_duration 1572386125.9177058 1572386255.797193 1572385425-localAD_1it_96cpus_40bb-2 139776443131712
read_file 1572386125.9245434 1572386126.0869684 bigbrain_0_0_1388.nii 139806216210240
increment_file 1572386126.0873914 1572386253.0652924 bigbrain_0_0_1388.nii 139806216210240
write_file 1572386253.0670977 1572386255.4194744 inc-bigbrain_0_0_1388.nii 139806216210240
task_duration 1572386125.9176314 1572386255.520387 1572385425-localAD_1it_96cpus_40bb-2 139806216210240
read_file 1572386125.9245975 1572386126.0870297 bigbrain_0_2412_1388.nii 140654390101824
increment_file 1572386126.08745 1572386253.0745335 bigbrain_0_2412_1388.nii 140654390101824
write_file 1572386253.0764155 1572386255.8781612 inc-bigbrain_0_2412_1388.nii 140654390101824
task_duration 1572386125.9157348 1572386255.9231539 1572385425-localAD_1it_96cpus_40bb-2 140654390101824
read_file 1572386125.9246528 1572386126.0870886 bigbrain_1538_1206_694.nii 140227821958976
increment_file 1572386126.0874865 1572386253.1136353 bigbrain_1538_1206_694.nii 140227821958976
write_file 1572386253.1157062 1572386255.948595 inc-bigbrain_1538_1206_694.nii 140227821958976
task_duration 1572386125.9177535 1572386256.0288785 1572385425-localAD_1it_96cpus_40bb-2 140227821958976
read_file 1572386125.9247234 1572386126.087086 bigbrain_1538_603_2776.nii 139669730293568
increment_file 1572386126.087548 1572386253.0638165 bigbrain_1538_603_2776.nii 139669730293568
write_file 1572386253.0657504 1572386255.90234 inc-bigbrain_1538_603_2776.nii 139669730293568
task_duration 1572386125.9179285 1572386255.9794016 1572385425-localAD_1it_96cpus_40bb-2 139669730293568
read_file 1572386125.9247782 1572386126.0871365 bigbrain_3076_0_0.nii 139670288897856
increment_file 1572386126.0875933 1572386253.0649602 bigbrain_3076_0_0.nii 139670288897856
write_file 1572386253.0668154 1572386255.3789911 inc-bigbrain_3076_0_0.nii 139670288897856
task_duration 1572386125.919846 1572386255.4420798 1572385425-localAD_1it_96cpus_40bb-2 139670288897856
read_file 1572386125.9247458 1572386126.0871758 bigbrain_3076_1809_2776.nii 140708166199104
increment_file 1572386126.0876336 1572386253.1050782 bigbrain_3076_1809_2776.nii 140708166199104
write_file 1572386253.107303 1572386255.563388 inc-bigbrain_3076_1809_2776.nii 140708166199104
task_duration 1572386125.9188411 1572386255.6456554 1572385425-localAD_1it_96cpus_40bb-2 140708166199104
read_file 1572386125.924457 1572386126.0872025 bigbrain_0_0_2082.nii 140334194968384
increment_file 1572386126.087687 1572386253.0557756 bigbrain_0_0_2082.nii 140334194968384
write_file 1572386253.0576491 1572386255.7524052 inc-bigbrain_0_0_2082.nii 140334194968384
task_duration 1572386125.9155426 1572386255.8079178 1572385425-localAD_1it_96cpus_40bb-2 140334194968384
read_file 1572386125.9244337 1572386126.0872297 bigbrain_0_2412_2082.nii 140123708774208
increment_file 1572386126.0877497 1572386253.056576 bigbrain_0_2412_2082.nii 140123708774208
write_file 1572386253.0586874 1572386255.3610184 inc-bigbrain_0_2412_2082.nii 140123708774208
task_duration 1572386125.9157238 1572386255.425546 1572385425-localAD_1it_96cpus_40bb-2 140123708774208
read_file 1572386125.9247465 1572386126.0873775 bigbrain_3076_2412_2082.nii 140510648497984
increment_file 1572386126.0878248 1572386253.0743937 bigbrain_3076_2412_2082.nii 140510648497984
write_file 1572386253.0763493 1572386255.9477494 inc-bigbrain_3076_2412_2082.nii 140510648497984
task_duration 1572386125.9183009 1572386256.0067382 1572385425-localAD_1it_96cpus_40bb-2 140510648497984
read_file 1572386125.9245362 1572386126.0874174 bigbrain_1538_1809_1388.nii 140538936305472
increment_file 1572386126.087953 1572386253.114244 bigbrain_1538_1809_1388.nii 140538936305472
write_file 1572386253.1160023 1572386255.8933835 inc-bigbrain_1538_1809_1388.nii 140538936305472
task_duration 1572386125.9175982 1572386255.9565797 1572385425-localAD_1it_96cpus_40bb-2 140538936305472
read_file 1572386125.9245653 1572386126.087485 bigbrain_0_1206_694.nii 140381517805376
increment_file 1572386126.0879383 1572386253.5329084 bigbrain_0_1206_694.nii 140381517805376
write_file 1572386253.5379803 1572386256.3708892 inc-bigbrain_0_1206_694.nii 140381517805376
task_duration 1572386125.917595 1572386256.3932505 1572385425-localAD_1it_96cpus_40bb-2 140381517805376
read_file 1572386125.9246392 1572386126.0875192 bigbrain_1538_603_1388.nii 140293635213120
increment_file 1572386126.0881047 1572386253.104821 bigbrain_1538_603_1388.nii 140293635213120
write_file 1572386253.1071188 1572386255.9956641 inc-bigbrain_1538_603_1388.nii 140293635213120
task_duration 1572386125.9178061 1572386256.0696807 1572385425-localAD_1it_96cpus_40bb-2 140293635213120
read_file 1572386125.9244199 1572386126.0875385 bigbrain_2307_603_2776.nii 140086059124544
increment_file 1572386126.088058 1572386253.3700502 bigbrain_2307_603_2776.nii 140086059124544
write_file 1572386253.3731468 1572386256.3276546 inc-bigbrain_2307_603_2776.nii 140086059124544
task_duration 1572386125.922123 1572386256.3597436 1572385425-localAD_1it_96cpus_40bb-2 140086059124544
read_file 1572386125.9246302 1572386126.0875363 bigbrain_0_1206_1388.nii 139853256972096
increment_file 1572386126.088122 1572386253.0854697 bigbrain_0_1206_1388.nii 139853256972096
write_file 1572386253.0876956 1572386255.9121134 inc-bigbrain_0_1206_1388.nii 139853256972096
task_duration 1572386125.9177938 1572386255.9997785 1572385425-localAD_1it_96cpus_40bb-2 139853256972096
read_file 1572386125.924572 1572386126.0875745 bigbrain_3076_1809_2082.nii 140228362053440
increment_file 1572386126.0881739 1572386253.5303926 bigbrain_3076_1809_2082.nii 140228362053440
write_file 1572386253.535138 1572386256.3292508 inc-bigbrain_3076_1809_2082.nii 140228362053440
task_duration 1572386125.9177816 1572386256.3578534 1572385425-localAD_1it_96cpus_40bb-2 140228362053440
read_file 1572386125.924615 1572386126.087576 bigbrain_3076_1206_1388.nii 140404986656576
increment_file 1572386126.088243 1572386253.0851903 bigbrain_3076_1206_1388.nii 140404986656576
write_file 1572386253.0872376 1572386255.9491763 inc-bigbrain_3076_1206_1388.nii 140404986656576
task_duration 1572386125.9180174 1572386256.0172324 1572385425-localAD_1it_96cpus_40bb-2 140404986656576
read_file 1572386125.9245558 1572386126.0875907 bigbrain_2307_1809_2082.nii 140410465797952
increment_file 1572386126.0882947 1572386253.359563 bigbrain_2307_1809_2082.nii 140410465797952
write_file 1572386253.3620386 1572386256.3259332 inc-bigbrain_2307_1809_2082.nii 140410465797952
task_duration 1572386125.9176054 1572386256.3544614 1572385425-localAD_1it_96cpus_40bb-2 140410465797952
read_file 1572386125.9245856 1572386126.0877347 bigbrain_2307_1809_1388.nii 139668002953024
increment_file 1572386126.088342 1572386253.3781729 bigbrain_2307_1809_1388.nii 139668002953024
write_file 1572386253.38085 1572386255.236739 inc-bigbrain_2307_1809_1388.nii 139668002953024
task_duration 1572386125.9176767 1572386255.3119638 1572385425-localAD_1it_96cpus_40bb-2 139668002953024
read_file 1572386125.924598 1572386126.0878289 bigbrain_1538_1206_2776.nii 139665442154304
increment_file 1572386126.0884109 1572386253.378681 bigbrain_1538_1206_2776.nii 139665442154304
write_file 1572386253.3809052 1572386254.7456703 inc-bigbrain_1538_1206_2776.nii 139665442154304
task_duration 1572386125.9176111 1572386254.8383 1572385425-localAD_1it_96cpus_40bb-2 139665442154304
read_file 1572386125.9244423 1572386126.0878594 bigbrain_1538_0_2776.nii 140063644989248
increment_file 1572386126.088512 1572386253.523847 bigbrain_1538_0_2776.nii 140063644989248
write_file 1572386253.5292687 1572386256.40683 inc-bigbrain_1538_0_2776.nii 140063644989248
task_duration 1572386125.9156075 1572386256.4243426 1572385425-localAD_1it_96cpus_40bb-2 140063644989248
read_file 1572386125.924372 1572386126.087897 bigbrain_0_603_0.nii 139875475187520
increment_file 1572386126.0886514 1572386253.5333424 bigbrain_0_603_0.nii 139875475187520
write_file 1572386253.539218 1572386256.3440545 inc-bigbrain_0_603_0.nii 139875475187520
task_duration 1572386125.9155602 1572386256.3730495 1572385425-localAD_1it_96cpus_40bb-2 139875475187520
read_file 1572386125.9246237 1572386126.0880733 bigbrain_3076_1809_694.nii 140184648423232
increment_file 1572386126.088745 1572386253.3375552 bigbrain_3076_1809_694.nii 140184648423232
write_file 1572386253.3404207 1572386256.2630672 inc-bigbrain_3076_1809_694.nii 140184648423232
task_duration 1572386125.9176633 1572386256.2914002 1572385425-localAD_1it_96cpus_40bb-2 140184648423232
read_file 1572386125.924673 1572386126.0880969 bigbrain_2307_0_2082.nii 139719317735232
increment_file 1572386126.088854 1572386253.3395896 bigbrain_2307_0_2082.nii 139719317735232
write_file 1572386253.342537 1572386256.1512094 inc-bigbrain_2307_0_2082.nii 139719317735232
task_duration 1572386125.917774 1572386256.2066715 1572385425-localAD_1it_96cpus_40bb-2 139719317735232
read_file 1572386125.9247725 1572386126.0885253 bigbrain_2307_2412_2082.nii 139623027676992
increment_file 1572386126.088712 1572386253.6664753 bigbrain_2307_2412_2082.nii 139623027676992
write_file 1572386253.6724086 1572386256.1993027 inc-bigbrain_2307_2412_2082.nii 139623027676992
task_duration 1572386125.9185007 1572386256.2294269 1572385425-localAD_1it_96cpus_40bb-2 139623027676992
read_file 1572386125.9245741 1572386126.088564 bigbrain_2307_1809_2776.nii 139754213533504
increment_file 1572386126.0890296 1572386253.3592942 bigbrain_2307_1809_2776.nii 139754213533504
write_file 1572386253.3618374 1572386256.2783167 inc-bigbrain_2307_1809_2776.nii 139754213533504
task_duration 1572386125.9175627 1572386256.3075404 1572385425-localAD_1it_96cpus_40bb-2 139754213533504
read_file 1572386125.924711 1572386126.0887263 bigbrain_1538_0_694.nii 139680099673920
increment_file 1572386126.0891674 1572386253.3399098 bigbrain_1538_0_694.nii 139680099673920
write_file 1572386253.3446105 1572386255.1805127 inc-bigbrain_1538_0_694.nii 139680099673920
task_duration 1572386125.9179637 1572386255.2853599 1572385425-localAD_1it_96cpus_40bb-2 139680099673920
read_file 1572386125.9246762 1572386126.0889392 bigbrain_3076_0_1388.nii 140259923474240
increment_file 1572386126.0891228 1572386253.6886668 bigbrain_3076_0_1388.nii 140259923474240
write_file 1572386253.6938841 1572386256.515253 inc-bigbrain_3076_0_1388.nii 140259923474240
task_duration 1572386125.9177923 1572386256.5322814 1572385425-localAD_1it_96cpus_40bb-2 140259923474240
read_file 1572386125.9245849 1572386126.0890105 bigbrain_0_0_2776.nii 140248056407872
increment_file 1572386126.0893803 1572386253.5119643 bigbrain_0_0_2776.nii 140248056407872
write_file 1572386253.515895 1572386256.2010546 inc-bigbrain_0_0_2776.nii 140248056407872
task_duration 1572386125.9176378 1572386256.242339 1572385425-localAD_1it_96cpus_40bb-2 140248056407872
read_file 1572386125.924687 1572386126.089095 bigbrain_0_603_2776.nii 139957868042048
increment_file 1572386126.0894637 1572386253.6448212 bigbrain_0_603_2776.nii 139957868042048
write_file 1572386253.6499977 1572386256.4660797 inc-bigbrain_0_603_2776.nii 139957868042048
task_duration 1572386125.9178722 1572386256.4841952 1572385425-localAD_1it_96cpus_40bb-2 139957868042048
read_file 1572386125.924755 1572386126.0894344 bigbrain_1538_603_2082.nii 139966102009664
increment_file 1572386126.0897393 1572386253.6588895 bigbrain_1538_603_2082.nii 139966102009664
write_file 1572386253.6631396 1572386256.3660953 inc-bigbrain_1538_603_2082.nii 139966102009664
task_duration 1572386125.9218237 1572386256.392049 1572385425-localAD_1it_96cpus_40bb-2 139966102009664
read_file 1572386125.9244542 1572386126.0894709 bigbrain_1538_2412_694.nii 139901573547840
increment_file 1572386126.0898135 1572386253.683836 bigbrain_1538_2412_694.nii 139901573547840
write_file 1572386253.6857095 1572386255.6432154 inc-bigbrain_1538_2412_694.nii 139901573547840
task_duration 1572386125.917727 1572386255.7000542 1572385425-localAD_1it_96cpus_40bb-2 139901573547840
read_file 1572386125.924737 1572386126.0896018 bigbrain_1538_0_0.nii 140303840294720
increment_file 1572386126.0899136 1572386253.6984148 bigbrain_1538_0_0.nii 140303840294720
write_file 1572386253.7052934 1572386256.190124 inc-bigbrain_1538_0_0.nii 140303840294720
task_duration 1572386125.9189985 1572386256.2177193 1572385425-localAD_1it_96cpus_40bb-2 140303840294720
read_file 1572386125.9244032 1572386126.0896797 bigbrain_3076_0_2082.nii 139644142360384
increment_file 1572386126.0900047 1572386253.3487115 bigbrain_3076_0_2082.nii 139644142360384
write_file 1572386253.3511138 1572386255.7920034 inc-bigbrain_3076_0_2082.nii 139644142360384
task_duration 1572386125.9157124 1572386255.8632307 1572385425-localAD_1it_96cpus_40bb-2 139644142360384
read_file 1572386125.9247355 1572386126.0897207 bigbrain_0_1809_2776.nii 140446936901440
increment_file 1572386126.0900595 1572386253.6996975 bigbrain_0_1809_2776.nii 140446936901440
write_file 1572386253.7056813 1572386256.438903 inc-bigbrain_0_1809_2776.nii 140446936901440
task_duration 1572386125.919668 1572386256.4569101 1572385425-localAD_1it_96cpus_40bb-2 140446936901440
read_file 1572386125.9243648 1572386126.0897403 bigbrain_3076_2412_694.nii 140338732840768
increment_file 1572386126.0901358 1572386253.2810874 bigbrain_3076_2412_694.nii 140338732840768
write_file 1572386253.2833292 1572386255.8370404 inc-bigbrain_3076_2412_694.nii 140338732840768
task_duration 1572386125.9165123 1572386255.9095864 1572385425-localAD_1it_96cpus_40bb-2 140338732840768
read_file 1572386125.9247248 1572386126.0897617 bigbrain_3076_2412_0.nii 140311384659776
increment_file 1572386126.0901864 1572386253.512279 bigbrain_3076_2412_0.nii 140311384659776
write_file 1572386253.5160391 1572386256.2805092 inc-bigbrain_3076_2412_0.nii 140311384659776
task_duration 1572386125.9177787 1572386256.3252995 1572385425-localAD_1it_96cpus_40bb-2 140311384659776
read_file 1572386125.9244592 1572386126.0902832 bigbrain_2307_0_1388.nii 140310130247488
increment_file 1572386126.0905719 1572386253.2893627 bigbrain_2307_0_1388.nii 140310130247488
write_file 1572386253.2913058 1572386256.272395 inc-bigbrain_2307_0_1388.nii 140310130247488
task_duration 1572386125.9174109 1572386256.2999156 1572385425-localAD_1it_96cpus_40bb-2 140310130247488
read_file 1572386125.9246917 1572386126.090374 bigbrain_1538_2412_0.nii 140500925482816
increment_file 1572386126.0906768 1572386253.2999308 bigbrain_1538_2412_0.nii 140500925482816
write_file 1572386253.3016086 1572386254.9213173 inc-bigbrain_1538_2412_0.nii 140500925482816
task_duration 1572386125.918298 1572386255.032953 1572385425-localAD_1it_96cpus_40bb-2 140500925482816
read_file 1572386125.924644 1572386126.0903802 bigbrain_2307_603_2082.nii 140433624446784
increment_file 1572386126.0907478 1572386253.519297 bigbrain_2307_603_2082.nii 140433624446784
write_file 1572386253.521542 1572386255.512391 inc-bigbrain_2307_603_2082.nii 140433624446784
task_duration 1572386125.917713 1572386255.5967364 1572385425-localAD_1it_96cpus_40bb-2 140433624446784
read_file 1572386125.9245083 1572386126.0904245 bigbrain_1538_603_0.nii 139640111261504
increment_file 1572386126.0908062 1572386253.6476617 bigbrain_1538_603_0.nii 139640111261504
write_file 1572386253.6556804 1572386255.640004 inc-bigbrain_1538_603_0.nii 139640111261504
task_duration 1572386125.9174883 1572386255.7052634 1572385425-localAD_1it_96cpus_40bb-2 139640111261504
read_file 1572386125.9244926 1572386126.0905051 bigbrain_0_1809_0.nii 140654607857472
increment_file 1572386126.0908704 1572386253.7667074 bigbrain_0_1809_0.nii 140654607857472
write_file 1572386253.7719595 1572386256.4250023 inc-bigbrain_0_1809_0.nii 140654607857472
task_duration 1572386125.9177945 1572386256.4415607 1572385425-localAD_1it_96cpus_40bb-2 140654607857472
read_file 1572386125.924635 1572386126.0905898 bigbrain_3076_1206_2082.nii 140699931334464
increment_file 1572386126.090953 1572386253.6878805 bigbrain_3076_1206_2082.nii 140699931334464
write_file 1572386253.6903706 1572386255.7063422 inc-bigbrain_3076_1206_2082.nii 140699931334464
task_duration 1572386125.9176798 1572386255.8005025 1572385425-localAD_1it_96cpus_40bb-2 140699931334464
read_file 1572386125.924427 1572386126.0906007 bigbrain_1538_2412_2776.nii 140256876144448
increment_file 1572386126.0909739 1572386253.2982466 bigbrain_1538_2412_2776.nii 140256876144448
write_file 1572386253.3008027 1572386254.8764963 inc-bigbrain_1538_2412_2776.nii 140256876144448
task_duration 1572386125.9158251 1572386254.9949567 1572385425-localAD_1it_96cpus_40bb-2 140256876144448
read_file 1572386125.9247258 1572386126.0906231 bigbrain_0_1809_694.nii 139964451125056
increment_file 1572386126.0910292 1572386253.7546992 bigbrain_0_1809_694.nii 139964451125056
write_file 1572386253.7578669 1572386255.7486815 inc-bigbrain_0_1809_694.nii 139964451125056
task_duration 1572386125.9188812 1572386255.850645 1572385425-localAD_1it_96cpus_40bb-2 139964451125056
read_file 1572386125.9246678 1572386126.0906208 bigbrain_3076_2412_2776.nii 139717473523520
increment_file 1572386126.0910873 1572386253.3082838 bigbrain_3076_2412_2776.nii 139717473523520
write_file 1572386253.3109162 1572386255.939132 inc-bigbrain_3076_2412_2776.nii 139717473523520
task_duration 1572386125.917689 1572386256.0192492 1572385425-localAD_1it_96cpus_40bb-2 139717473523520
read_file 1572386125.9244854 1572386126.0907545 bigbrain_3076_1206_2776.nii 140058534999872
increment_file 1572386126.091149 1572386253.6476245 bigbrain_3076_1206_2776.nii 140058534999872
write_file 1572386253.6562872 1572386256.2887676 inc-bigbrain_3076_1206_2776.nii 140058534999872
task_duration 1572386125.9175775 1572386256.322279 1572385425-localAD_1it_96cpus_40bb-2 140058534999872
read_file 1572386125.924681 1572386126.0913801 bigbrain_3076_0_694.nii 140139671357248
increment_file 1572386126.091678 1572386253.2896304 bigbrain_3076_0_694.nii 140139671357248
write_file 1572386253.29205 1572386254.7724543 inc-bigbrain_3076_0_694.nii 140139671357248
task_duration 1572386125.9179194 1572386254.8845084 1572385425-localAD_1it_96cpus_40bb-2 140139671357248
read_file 1572386125.924447 1572386126.0916498 bigbrain_2307_1809_694.nii 139644873541440
increment_file 1572386126.0919883 1572386253.3481834 bigbrain_2307_1809_694.nii 139644873541440
write_file 1572386253.3510141 1572386255.7868361 inc-bigbrain_2307_1809_694.nii 139644873541440
task_duration 1572386125.9157104 1572386255.867729 1572385425-localAD_1it_96cpus_40bb-2 139644873541440
read_file 1572386125.9244475 1572386126.0917194 bigbrain_3076_1206_0.nii 140191982597952
increment_file 1572386126.0921392 1572386253.309502 bigbrain_3076_1206_0.nii 140191982597952
write_file 1572386253.3121393 1572386256.364907 inc-bigbrain_3076_1206_0.nii 140191982597952
task_duration 1572386125.9177206 1572386256.3859303 1572385425-localAD_1it_96cpus_40bb-2 140191982597952
read_file 1572386125.9247608 1572386126.091909 bigbrain_2307_1206_0.nii 140204074440512
increment_file 1572386126.0922828 1572386253.281044 bigbrain_2307_1206_0.nii 140204074440512
write_file 1572386253.28331 1572386256.2281382 inc-bigbrain_2307_1206_0.nii 140204074440512
task_duration 1572386125.9183645 1572386256.2536483 1572385425-localAD_1it_96cpus_40bb-2 140204074440512
read_file 1572386125.9245641 1572386126.0951066 bigbrain_2307_603_694.nii 140158243419968
increment_file 1572386126.095251 1572386253.6738627 bigbrain_2307_603_694.nii 140158243419968
write_file 1572386253.6755826 1572386255.4859228 inc-bigbrain_2307_603_694.nii 140158243419968
task_duration 1572386125.9175992 1572386255.5773695 1572385425-localAD_1it_96cpus_40bb-2 140158243419968
read_file 1572386125.9244792 1572386126.096548 bigbrain_0_0_0.nii 140069080766272
increment_file 1572386126.0968084 1572386253.288011 bigbrain_0_0_0.nii 140069080766272
write_file 1572386253.2902663 1572386256.2628431 inc-bigbrain_0_0_0.nii 140069080766272
task_duration 1572386125.917429 1572386256.2974515 1572385425-localAD_1it_96cpus_40bb-2 140069080766272
read_file 1572386125.9247606 1572386126.0967464 bigbrain_2307_2412_0.nii 140625652131648
increment_file 1572386126.0970864 1572386253.3096244 bigbrain_2307_2412_0.nii 140625652131648
write_file 1572386253.311924 1572386256.0355456 inc-bigbrain_2307_2412_0.nii 140625652131648
task_duration 1572386125.9190612 1572386256.0672987 1572385425-localAD_1it_96cpus_40bb-2 140625652131648
read_file 1572386125.9244132 1572386126.0968192 bigbrain_2307_1206_2082.nii 139898213357376
increment_file 1572386126.0971324 1572386253.3001256 bigbrain_2307_1206_2082.nii 139898213357376
write_file 1572386253.3028865 1572386256.3690488 inc-bigbrain_2307_1206_2082.nii 139898213357376
task_duration 1572386125.9159417 1572386256.3912148 1572385425-localAD_1it_96cpus_40bb-2 139898213357376
read_file 1572386125.9247956 1572386126.096845 bigbrain_2307_603_1388.nii 139737470658368
increment_file 1572386126.0972097 1572386253.7595391 bigbrain_2307_603_1388.nii 139737470658368
write_file 1572386253.7660313 1572386256.3774538 inc-bigbrain_2307_603_1388.nii 139737470658368
task_duration 1572386125.9199533 1572386256.4018407 1572385425-localAD_1it_96cpus_40bb-2 139737470658368
read_file 1572386125.924747 1572386126.2152336 bigbrain_2307_0_2776.nii 139908561897280
increment_file 1572386126.215565 1572386253.3297 bigbrain_2307_0_2776.nii 139908561897280
write_file 1572386253.3320498 1572386255.8566706 inc-bigbrain_2307_0_2776.nii 139908561897280
task_duration 1572386125.9205937 1572386255.9195457 1572385425-localAD_1it_96cpus_40bb-2 139908561897280
read_file 1572386125.924713 1572386126.4689188 bigbrain_0_2412_2776.nii 140628091418432
increment_file 1572386126.4691687 1572386253.4839294 bigbrain_0_2412_2776.nii 140628091418432
write_file 1572386253.4885597 1572386256.31195 inc-bigbrain_0_2412_2776.nii 140628091418432
task_duration 1572386125.9180245 1572386256.3552723 1572385425-localAD_1it_96cpus_40bb-2 140628091418432
read_file 1572386125.924504 1572386126.4693978 bigbrain_2307_0_0.nii 139758860048192
increment_file 1572386126.4697263 1572386253.808093 bigbrain_2307_0_0.nii 139758860048192
write_file 1572386253.8120756 1572386256.490429 inc-bigbrain_2307_0_0.nii 139758860048192
task_duration 1572386125.9175127 1572386256.5078487 1572385425-localAD_1it_96cpus_40bb-2 139758860048192
read_file 1572386125.9245284 1572386126.4695046 bigbrain_0_1206_2082.nii 140548946122560
increment_file 1572386126.4698262 1572386253.4813151 bigbrain_0_1206_2082.nii 140548946122560
write_file 1572386253.483405 1572386255.2590585 inc-bigbrain_0_1206_2082.nii 140548946122560
task_duration 1572386125.9176233 1572386255.3998408 1572385425-localAD_1it_96cpus_40bb-2 140548946122560
read_file 1572386125.9246132 1572386126.4695313 bigbrain_0_0_694.nii 140184716916544
increment_file 1572386126.4698942 1572386253.6313925 bigbrain_0_0_694.nii 140184716916544
write_file 1572386253.6336036 1572386255.6128614 inc-bigbrain_0_0_694.nii 140184716916544
task_duration 1572386125.9176693 1572386255.7551851 1572385425-localAD_1it_96cpus_40bb-2 140184716916544
read_file 1572386125.9247046 1572386126.4695702 bigbrain_1538_2412_1388.nii 139952112936768
increment_file 1572386126.4699652 1572386253.6274111 bigbrain_1538_2412_1388.nii 139952112936768
write_file 1572386253.6298974 1572386255.6802762 inc-bigbrain_1538_2412_1388.nii 139952112936768
task_duration 1572386125.9179277 1572386255.77971 1572385425-localAD_1it_96cpus_40bb-2 139952112936768
read_file 1572386125.9247906 1572386126.469598 bigbrain_2307_0_694.nii 140595395012416
increment_file 1572386126.470036 1572386253.6276596 bigbrain_2307_0_694.nii 140595395012416
write_file 1572386253.6310441 1572386255.650959 inc-bigbrain_2307_0_694.nii 140595395012416
task_duration 1572386125.9182906 1572386255.7549577 1572385425-localAD_1it_96cpus_40bb-2 140595395012416
read_file 1572386125.9246576 1572386126.475983 bigbrain_0_1809_2082.nii 139706247206720
increment_file 1572386126.4761815 1572386253.4900281 bigbrain_0_1809_2082.nii 139706247206720
write_file 1572386253.492356 1572386255.4566653 inc-bigbrain_0_1809_2082.nii 139706247206720
task_duration 1572386125.9177542 1572386255.5154493 1572385425-localAD_1it_96cpus_40bb-2 139706247206720
read_file 1572386125.9245477 1572386126.4770596 bigbrain_1538_1809_0.nii 140241125754688
increment_file 1572386126.4773586 1572386253.4885898 bigbrain_1538_1809_0.nii 140241125754688
write_file 1572386253.489433 1572386255.1805823 inc-bigbrain_1538_1809_0.nii 140241125754688
task_duration 1572386125.917657 1572386255.271001 1572385425-localAD_1it_96cpus_40bb-2 140241125754688
read_file 1572386125.9247713 1572386126.4771423 bigbrain_2307_1206_2776.nii 139791355197248
increment_file 1572386126.4774604 1572386253.4964976 bigbrain_2307_1206_2776.nii 139791355197248
write_file 1572386253.5014555 1572386256.337805 inc-bigbrain_2307_1206_2776.nii 139791355197248
task_duration 1572386125.9199374 1572386256.3638544 1572385425-localAD_1it_96cpus_40bb-2 139791355197248
read_file 1572386125.924519 1572386126.5539389 bigbrain_1538_0_1388.nii 139929840351040
increment_file 1572386126.5542436 1572386253.98218 bigbrain_1538_0_1388.nii 139929840351040
write_file 1572386253.9844053 1572386256.2838159 inc-bigbrain_1538_0_1388.nii 139929840351040
task_duration 1572386125.9175088 1572386256.329262 1572385425-localAD_1it_96cpus_40bb-2 139929840351040
read_file 1572386125.9245577 1572386126.5540633 bigbrain_1538_1206_0.nii 140659352229696
increment_file 1572386126.5543728 1572386253.910817 bigbrain_1538_1206_0.nii 140659352229696
write_file 1572386253.9144526 1572386255.6659114 inc-bigbrain_1538_1206_0.nii 140659352229696
task_duration 1572386125.9175985 1572386255.7505789 1572385425-localAD_1it_96cpus_40bb-2 140659352229696
read_file 1572386125.9246206 1572386126.5642765 bigbrain_3076_603_0.nii 140009681487680
increment_file 1572386126.5645828 1572386253.807797 bigbrain_3076_603_0.nii 140009681487680
write_file 1572386253.8128185 1572386256.397642 inc-bigbrain_3076_603_0.nii 140009681487680
task_duration 1572386125.9177241 1572386256.4209623 1572385425-localAD_1it_96cpus_40bb-2 140009681487680
read_file 1572386125.92459 1572386126.5643363 bigbrain_2307_1206_1388.nii 139950192633664
increment_file 1572386126.5646472 1572386253.910473 bigbrain_2307_1206_1388.nii 139950192633664
write_file 1572386253.915465 1572386256.4418857 inc-bigbrain_2307_1206_1388.nii 139950192633664
task_duration 1572386125.9177551 1572386256.4625823 1572385425-localAD_1it_96cpus_40bb-2 139950192633664
read_file 1572386125.9247508 1572386126.584388 bigbrain_1538_1206_1388.nii 140659182749504
increment_file 1572386126.5846822 1572386254.3013508 bigbrain_1538_1206_1388.nii 140659182749504
write_file 1572386254.3046489 1572386256.1118855 inc-bigbrain_1538_1206_1388.nii 140659182749504
task_duration 1572386125.9190156 1572386256.1486742 1572385425-localAD_1it_96cpus_40bb-2 140659182749504
read_file 1572386127.2078838 1572386127.5047948 bigbrain_3076_603_1388.nii 140560783406912
increment_file 1572386127.5051434 1572386253.7533116 bigbrain_3076_603_1388.nii 140560783406912
write_file 1572386253.7551508 1572386255.539269 inc-bigbrain_3076_603_1388.nii 140560783406912
task_duration 1572386127.2068644 1572386255.6099045 1572385425-localAD_1it_96cpus_40bb-2 140560783406912
read_file 1572386127.250716 1572386127.630241 bigbrain_3076_603_2776.nii 140433347880768
increment_file 1572386127.6305912 1572386253.748065 bigbrain_3076_603_2776.nii 140433347880768
write_file 1572386253.7548301 1572386256.4562547 inc-bigbrain_3076_603_2776.nii 140433347880768
task_duration 1572386127.2497962 1572386256.4728205 1572385425-localAD_1it_96cpus_40bb-2 140433347880768
read_file 1572386127.2845685 1572386127.640032 bigbrain_3076_603_2082.nii 140690073503552
increment_file 1572386127.640441 1572386253.7554986 bigbrain_3076_603_2082.nii 140690073503552
write_file 1572386253.7595756 1572386256.4019701 inc-bigbrain_3076_603_2082.nii 140690073503552
task_duration 1572386127.2834737 1572386256.4180133 1572385425-localAD_1it_96cpus_40bb-2 140690073503552
read_file 1572386254.300483 1572386254.3049552 bigbrain_3076_603_694.nii 140628383311680
increment_file 1572386254.3053336 1572386272.6386347 bigbrain_3076_603_694.nii 140628383311680
write_file 1572386272.640478 1572386273.134165 inc-bigbrain_3076_603_694.nii 140628383311680
task_duration 1572386254.2991393 1572386273.1465478 1572385425-localAD_1it_96cpus_40bb-2 140628383311680
read_file 1572386254.43078 1572386254.4393973 bigbrain_769_0_2082.nii 140105749759808
increment_file 1572386254.440024 1572386274.3936915 bigbrain_769_0_2082.nii 140105749759808
write_file 1572386274.3952272 1572386274.8764455 inc-bigbrain_769_0_2082.nii 140105749759808
task_duration 1572386254.4280508 1572386274.8887508 1572385425-localAD_1it_96cpus_40bb-2 140105749759808
read_file 1572386254.4306152 1572386254.4394422 bigbrain_769_0_0.nii 140611936839488
increment_file 1572386254.440082 1572386274.9263344 bigbrain_769_0_0.nii 140611936839488
write_file 1572386274.9280207 1572386275.3843737 inc-bigbrain_769_0_0.nii 140611936839488
task_duration 1572386254.4280164 1572386275.39657 1572385425-localAD_1it_96cpus_40bb-2 140611936839488
read_file 1572386254.5322452 1572386254.5686343 bigbrain_769_0_1388.nii 139685155170112
increment_file 1572386254.5690763 1572386276.2011957 bigbrain_769_0_1388.nii 139685155170112
write_file 1572386276.2030387 1572386276.8567557 inc-bigbrain_769_0_1388.nii 139685155170112
task_duration 1572386254.5302663 1572386276.8707159 1572385425-localAD_1it_96cpus_40bb-2 139685155170112
read_file 1572386255.5567372 1572386255.630313 bigbrain_769_0_2776.nii 140322143057728
increment_file 1572386255.630581 1572386281.971065 bigbrain_769_0_2776.nii 140322143057728
write_file 1572386281.9727755 1572386282.4628034 inc-bigbrain_769_0_2776.nii 140322143057728
task_duration 1572386255.5543084 1572386282.4747155 1572385425-localAD_1it_96cpus_40bb-2 140322143057728
read_file 1572386255.7234514 1572386255.8300924 bigbrain_769_0_694.nii 140640351676224
increment_file 1572386255.83035 1572386281.8587675 bigbrain_769_0_694.nii 140640351676224
write_file 1572386281.8603745 1572386282.3546903 inc-bigbrain_769_0_694.nii 140640351676224
task_duration 1572386255.7217755 1572386282.3669965 1572385425-localAD_1it_96cpus_40bb-2 140640351676224
read_file 1572386255.8545086 1572386255.8920643 bigbrain_769_1206_0.nii 140177526519616
increment_file 1572386255.8923154 1572386281.9411118 bigbrain_769_1206_0.nii 140177526519616
write_file 1572386281.9428847 1572386282.430025 inc-bigbrain_769_1206_0.nii 140177526519616
task_duration 1572386255.8528461 1572386282.442967 1572385425-localAD_1it_96cpus_40bb-2 140177526519616
read_file 1572386255.8982668 1572386255.975516 bigbrain_769_1206_1388.nii 140187640809280
increment_file 1572386255.9758105 1572386284.7044597 bigbrain_769_1206_1388.nii 140187640809280
read_file 1572386256.1136177 1572386256.1909642 bigbrain_769_1206_694.nii 140505202849600
increment_file 1572386256.1912136 1572386283.461617 bigbrain_769_1206_694.nii 140505202849600
write_file 1572386283.4641168 1572386283.937014 inc-bigbrain_769_1206_694.nii 140505202849600
task_duration 1572386256.1113565 1572386283.9482276 1572385425-localAD_1it_96cpus_40bb-2 140505202849600
read_file 1572386256.1237552 1572386256.2741072 bigbrain_769_1206_2776.nii 140387261978432
increment_file 1572386256.274313 1572386291.0867574 bigbrain_769_1206_2776.nii 140387261978432
read_file 1572386256.209072 1572386256.3264704 bigbrain_769_1206_2082.nii 140395146155840
increment_file 1572386256.3267586 1572386281.8288162 bigbrain_769_1206_2082.nii 140395146155840
write_file 1572386281.8314195 1572386282.428718 inc-bigbrain_769_1206_2082.nii 140395146155840
task_duration 1572386256.189263 1572386282.4435139 1572385425-localAD_1it_96cpus_40bb-2 140395146155840
read_file 1572386256.311806 1572386256.3684309 bigbrain_769_2412_1388.nii 140541792155456
increment_file 1572386256.3687322 1572386284.2852488 bigbrain_769_2412_1388.nii 140541792155456
write_file 1572386284.287958 1572386562.8818924 inc-bigbrain_769_2412_1388.nii 140541792155456
task_duration 1572386256.3106813 1572386562.8992336 1572385425-localAD_1it_96cpus_40bb-2 140541792155456
read_file 1572386256.3543608 1572386256.3875766 bigbrain_769_1809_0.nii 140579944126272
increment_file 1572386256.3878646 1572386283.0261989 bigbrain_769_1809_0.nii 140579944126272
write_file 1572386283.0279615 1572386283.4835553 inc-bigbrain_769_1809_0.nii 140579944126272
task_duration 1572386256.35318 1572386283.4950557 1572385425-localAD_1it_96cpus_40bb-2 140579944126272
read_file 1572386256.3347945 1572386256.388246 bigbrain_769_1809_2082.nii 140370886059840
increment_file 1572386256.38858 1572386283.0270634 bigbrain_769_1809_2082.nii 140370886059840
write_file 1572386283.0287635 1572386283.5156837 inc-bigbrain_769_1809_2082.nii 140370886059840
task_duration 1572386256.3336363 1572386283.5268312 1572385425-localAD_1it_96cpus_40bb-2 140370886059840
read_file 1572386256.317985 1572386256.4265528 bigbrain_769_1809_694.nii 139778673329984
increment_file 1572386256.426761 1572386282.582345 bigbrain_769_1809_694.nii 139778673329984
write_file 1572386282.5851068 1572386283.1021152 inc-bigbrain_769_1809_694.nii 139778673329984
task_duration 1572386256.316873 1572386283.1151817 1572385425-localAD_1it_96cpus_40bb-2 139778673329984
read_file 1572386256.352678 1572386256.427662 bigbrain_769_2412_0.nii 140304794097472
increment_file 1572386256.427989 1572386284.4004223 bigbrain_769_2412_0.nii 140304794097472
read_file 1572386256.308729 1572386256.4278038 bigbrain_769_1809_1388.nii 140150008923968
increment_file 1572386256.4281383 1572386284.9527092 bigbrain_769_1809_1388.nii 140150008923968
read_file 1572386256.4333894 1572386256.4348094 bigbrain_769_603_2082.nii 140370875299648
increment_file 1572386256.4349759 1572386256.7897103 bigbrain_769_603_2082.nii 140370875299648
write_file 1572386256.7904317 1572386257.2488608 inc-bigbrain_769_603_2082.nii 140370875299648
task_duration 1572386256.432231 1572386257.2592957 1572385425-localAD_1it_96cpus_40bb-2 140370875299648
read_file 1572386256.3809016 1572386256.446468 bigbrain_769_2412_2082.nii 140212675856192
increment_file 1572386256.4466636 1572386281.7400434 bigbrain_769_2412_2082.nii 140212675856192
write_file 1572386281.7419014 1572386282.2796907 inc-bigbrain_769_2412_2082.nii 140212675856192
task_duration 1572386256.3790946 1572386282.2921672 1572385425-localAD_1it_96cpus_40bb-2 140212675856192
read_file 1572386256.42526 1572386256.5200098 bigbrain_769_2412_2776.nii 139968001546048
increment_file 1572386256.5203247 1572386284.5703344 bigbrain_769_2412_2776.nii 139968001546048
read_file 1572386256.4701207 1572386256.5200584 bigbrain_769_603_2776.nii 140249258288960
increment_file 1572386256.5203984 1572386284.3367174 bigbrain_769_603_2776.nii 140249258288960
write_file 1572386284.3391185 1572386284.8454814 inc-bigbrain_769_603_2776.nii 140249258288960
task_duration 1572386256.4689333 1572386284.858101 1572385425-localAD_1it_96cpus_40bb-2 140249258288960
read_file 1572386256.4138787 1572386256.5402126 bigbrain_769_603_694.nii 139909730809664
increment_file 1572386256.540544 1572386284.1129239 bigbrain_769_603_694.nii 139909730809664
write_file 1572386284.114509 1572386284.7675912 inc-bigbrain_769_603_694.nii 139909730809664
task_duration 1572386256.412641 1572386284.7856445 1572385425-localAD_1it_96cpus_40bb-2 139909730809664
read_file 1572386256.458242 1572386256.5495691 bigbrain_769_603_0.nii 139999146960704
increment_file 1572386256.5498538 1572386283.2177098 bigbrain_769_603_0.nii 139999146960704
write_file 1572386283.2198262 1572386283.875792 inc-bigbrain_769_603_0.nii 139999146960704
task_duration 1572386256.4568126 1572386283.8905444 1572385425-localAD_1it_96cpus_40bb-2 139999146960704
read_file 1572386256.4553945 1572386256.5700595 bigbrain_769_603_1388.nii 140479430817600
increment_file 1572386256.5703926 1572386284.5338547 bigbrain_769_603_1388.nii 140479430817600
read_file 1572386256.4194412 1572386256.5798814 bigbrain_769_1809_2776.nii 140581887194944
increment_file 1572386256.580203 1572386284.4760323 bigbrain_769_1809_2776.nii 140581887194944
read_file 1572386256.5307462 1572386256.6211004 bigbrain_769_2412_694.nii 140617615931200
increment_file 1572386256.621435 1572386284.648463 bigbrain_769_2412_694.nii 140617615931200
