read_file 1572377128.4041753 1572377129.758267 bigbrain_1538_2412_694.nii 140516495869760
increment_file 1572377390.2446065 1572377452.5633674 bigbrain_1538_2412_694.nii 140516495869760
write_file 1572377654.7426076 1572378179.7156124 inc-bigbrain_1538_2412_694.nii 140516495869760
task_duration 1572377128.2479265 1572378179.9239757 1572377125-isilonAD_1it_96cpus_40bb-0 140516495869760
read_file 1572377131.1293037 1572377153.8870206 bigbrain_3076_1809_2082.nii 139745607493440
increment_file 1572377593.352987 1572377643.328136 bigbrain_3076_1809_2082.nii 139745607493440
write_file 1572377654.7908359 1572378179.7300425 inc-bigbrain_3076_1809_2082.nii 139745607493440
task_duration 1572377129.9897773 1572378179.94353 1572377125-isilonAD_1it_96cpus_40bb-0 139745607493440
read_file 1572378181.3186126 1572378186.915909 bigbrain_3076_603_694.nii 139920853567296
increment_file 1572378200.9165666 1572378239.091982 bigbrain_3076_603_694.nii 139920853567296
write_file 1572378335.292949 1572378478.2557085 inc-bigbrain_3076_603_694.nii 139920853567296
task_duration 1572378180.6063516 1572378478.3138814 1572377125-isilonAD_1it_96cpus_40bb-0 139920853567296
read_file 1572378183.684754 1572378196.3971274 bigbrain_769_2412_0.nii 140491655915328
increment_file 1572378263.9828932 1572378321.7104406 bigbrain_769_2412_0.nii 140491655915328
write_file 1572378335.3083372 1572378478.2685192 inc-bigbrain_769_2412_0.nii 140491655915328
task_duration 1572378180.68226 1572378478.3288026 1572377125-isilonAD_1it_96cpus_40bb-0 140491655915328
read_file 1572377130.8621736 1572377153.0851154 bigbrain_3076_2412_0.nii 139706420692800
increment_file 1572377584.8235178 1572377636.6292925 bigbrain_3076_2412_0.nii 139706420692800
write_file 1572377654.7836726 1572378179.7175899 inc-bigbrain_3076_2412_0.nii 139706420692800
task_duration 1572377129.9842603 1572378179.920185 1572377125-isilonAD_1it_96cpus_40bb-0 139706420692800
read_file 1572377128.184059 1572377129.741351 bigbrain_1538_1206_694.nii 140172290615104
increment_file 1572377281.1964967 1572377343.3764677 bigbrain_1538_1206_694.nii 140172290615104
write_file 1572377654.732386 1572378176.903726 inc-bigbrain_1538_1206_694.nii 140172290615104
task_duration 1572377128.1213973 1572378179.8812706 1572377125-isilonAD_1it_96cpus_40bb-0 140172290615104
read_file 1572377128.0832937 1572377129.7164626 bigbrain_1538_1206_1388.nii 139752786536256
increment_file 1572377223.9840953 1572377280.663417 bigbrain_1538_1206_1388.nii 139752786536256
write_file 1572377654.727051 1572378177.7066064 inc-bigbrain_1538_1206_1388.nii 139752786536256
task_duration 1572377128.0790694 1572378179.8836205 1572377125-isilonAD_1it_96cpus_40bb-0 139752786536256
read_file 1572378180.6573806 1572378183.4131644 bigbrain_3076_603_2776.nii 140223807256384
increment_file 1572378186.9170074 1572378194.7918196 bigbrain_3076_603_2776.nii 140223807256384
write_file 1572378234.3087718 1572378335.2927704 inc-bigbrain_3076_603_2776.nii 140223807256384
task_duration 1572378180.5064924 1572378335.3488274 1572377125-isilonAD_1it_96cpus_40bb-0 140223807256384
read_file 1572377128.296422 1572377129.7532651 bigbrain_2307_0_2776.nii 140635022202688
increment_file 1572377357.4992678 1572377419.788114 bigbrain_2307_0_2776.nii 140635022202688
write_file 1572377654.7393522 1572378179.6922543 inc-bigbrain_2307_0_2776.nii 140635022202688
task_duration 1572377128.2181 1572378179.8953567 1572377125-isilonAD_1it_96cpus_40bb-0 140635022202688
read_file 1572378181.670657 1572378188.2624245 bigbrain_769_1206_694.nii 139813352974144
increment_file 1572378205.1999025 1572378251.6404061 bigbrain_769_1206_694.nii 139813352974144
write_file 1572378335.294636 1572378478.2591536 inc-bigbrain_769_1206_694.nii 139813352974144
task_duration 1572378180.6248963 1572378478.3171008 1572377125-isilonAD_1it_96cpus_40bb-0 139813352974144
read_file 1572378182.9129343 1572378195.058689 bigbrain_769_1809_1388.nii 140620243834688
increment_file 1572378239.224104 1572378296.5973856 bigbrain_769_1809_1388.nii 140620243834688
write_file 1572378335.2988665 1572378470.8221009 inc-bigbrain_769_1809_1388.nii 140620243834688
task_duration 1572378180.6747768 1572378476.5273707 1572377125-isilonAD_1it_96cpus_40bb-0 140620243834688
read_file 1572377131.396812 1572377154.5273142 bigbrain_3076_2412_1388.nii 139943528691520
increment_file 1572377608.0524366 1572377650.23749 bigbrain_3076_2412_1388.nii 139943528691520
write_file 1572377654.802568 1572378179.686769 inc-bigbrain_3076_2412_1388.nii 139943528691520
task_duration 1572377130.0050821 1572378179.893696 1572377125-isilonAD_1it_96cpus_40bb-0 139943528691520
read_file 1572377131.6642342 1572377155.3294206 bigbrain_3076_1809_694.nii 139904337192768
increment_file 1572377617.8892918 1572377652.3193388 bigbrain_3076_1809_694.nii 139904337192768
write_file 1572377654.8027556 1572378179.7257152 inc-bigbrain_3076_1809_694.nii 139904337192768
task_duration 1572377130.0131621 1572378179.9305408 1572377125-isilonAD_1it_96cpus_40bb-0 139904337192768
read_file 1572377128.5154812 1572377129.7861454 bigbrain_2307_603_2082.nii 139916934534976
increment_file 1572377461.2244573 1572377523.5147502 bigbrain_2307_603_2082.nii 139916934534976
write_file 1572377654.7500114 1572378179.7087183 inc-bigbrain_2307_603_2082.nii 139916934534976
task_duration 1572377128.2947474 1572378179.911358 1572377125-isilonAD_1it_96cpus_40bb-0 139916934534976
read_file 1572377128.4420476 1572377129.780357 bigbrain_2307_1206_0.nii 139804772198208
increment_file 1572377422.9948819 1572377485.3219397 bigbrain_2307_1206_0.nii 139804772198208
write_file 1572377654.7457488 1572378179.7058935 inc-bigbrain_2307_1206_0.nii 139804772198208
task_duration 1572377128.2637525 1572378179.9080517 1572377125-isilonAD_1it_96cpus_40bb-0 139804772198208
read_file 1572377131.262999 1572377154.2599258 bigbrain_3076_2412_694.nii 140439908972352
increment_file 1572377600.5519233 1572377647.1806948 bigbrain_3076_2412_694.nii 140439908972352
write_file 1572377654.8010037 1572378179.6999402 inc-bigbrain_3076_2412_694.nii 140439908972352
task_duration 1572377129.9990835 1572378179.9017231 1572377125-isilonAD_1it_96cpus_40bb-0 140439908972352
read_file 1572377128.5355706 1572377130.0607378 bigbrain_2307_603_1388.nii 139991731849024
increment_file 1572377493.9919045 1572377554.3873954 bigbrain_2307_603_1388.nii 139991731849024
write_file 1572377654.7576892 1572378179.721323 inc-bigbrain_2307_603_1388.nii 139991731849024
task_duration 1572377128.3639505 1572378179.910757 1572377125-isilonAD_1it_96cpus_40bb-0 139991731849024
read_file 1572377128.0796092 1572377129.707477 bigbrain_0_0_0.nii 140071745779520
increment_file 1572377193.2675714 1572377253.1193852 bigbrain_0_0_0.nii 140071745779520
write_file 1572377654.7240517 1572377989.1011817 inc-bigbrain_0_0_0.nii 140071745779520
task_duration 1572377128.0774972 1572378145.6187212 1572377125-isilonAD_1it_96cpus_40bb-0 140071745779520
read_file 1572377128.4400575 1572377129.7686872 bigbrain_2307_1206_2082.nii 139998822070080
increment_file 1572377401.1643658 1572377463.4740193 bigbrain_2307_1206_2082.nii 139998822070080
write_file 1572377654.743643 1572378179.7026818 inc-bigbrain_2307_1206_2082.nii 139998822070080
task_duration 1572377128.2527711 1572378179.9032364 1572377125-isilonAD_1it_96cpus_40bb-0 139998822070080
read_file 1572377657.087876 1572377801.6612647 bigbrain_3076_603_1388.nii 140688349624128
increment_file 1572377942.3269756 1572378179.6873603 bigbrain_3076_603_1388.nii 140688349624128
write_file 1572378179.8338807 1572378186.921292 inc-bigbrain_3076_603_1388.nii 140688349624128
task_duration 1572377656.9874768 1572378203.329987 1572377125-isilonAD_1it_96cpus_40bb-0 140688349624128
read_file 1572377128.0741773 1572377129.703303 bigbrain_1538_0_2082.nii 139726256215872
increment_file 1572377173.4882855 1572377233.1609516 bigbrain_1538_0_2082.nii 139726256215872
write_file 1572377654.7227733 1572378179.718372 inc-bigbrain_1538_0_2082.nii 139726256215872
task_duration 1572377128.0628576 1572378179.913968 1572377125-isilonAD_1it_96cpus_40bb-0 139726256215872
read_file 1572378181.1597335 1572378186.8747075 bigbrain_769_0_1388.nii 140032844400448
increment_file 1572378199.9793415 1572378232.8316991 bigbrain_769_0_1388.nii 140032844400448
write_file 1572378335.2889352 1572378478.254819 inc-bigbrain_769_0_1388.nii 140032844400448
task_duration 1572378180.59913 1572378478.3131185 1572377125-isilonAD_1it_96cpus_40bb-0 140032844400448
read_file 1572377130.1934402 1572377151.0795624 bigbrain_3076_1809_1388.nii 139634275563328
increment_file 1572377565.0345488 1572377615.217484 bigbrain_3076_1809_1388.nii 139634275563328
write_file 1572377654.7799783 1572378179.7287698 inc-bigbrain_3076_1809_1388.nii 139634275563328
task_duration 1572377129.882042 1572378179.9283023 1572377125-isilonAD_1it_96cpus_40bb-0 139634275563328
read_file 1572378184.6083465 1572378198.4032512 bigbrain_769_2412_694.nii 140450717284160
increment_file 1572378288.8699172 1572378334.0084789 bigbrain_769_2412_694.nii 140450717284160
write_file 1572378335.3172228 1572378476.9083798 inc-bigbrain_769_2412_694.nii 140450717284160
task_duration 1572378180.7544174 1572378478.2960458 1572377125-isilonAD_1it_96cpus_40bb-0 140450717284160
read_file 1572377128.1648877 1572377129.7368615 bigbrain_0_1809_0.nii 139724150806336
increment_file 1572377246.4855793 1572377305.160936 bigbrain_0_1809_0.nii 139724150806336
write_file 1572377654.7292004 1572378179.7141397 inc-bigbrain_0_1809_0.nii 139724150806336
task_duration 1572377128.0907445 1572378179.90774 1572377125-isilonAD_1it_96cpus_40bb-0 139724150806336
read_file 1572377128.3059735 1572377129.7550392 bigbrain_2307_0_2082.nii 139923047753536
increment_file 1572377368.4144957 1572377430.6939783 bigbrain_2307_0_2082.nii 139923047753536
write_file 1572377654.7405405 1572378179.7054224 inc-bigbrain_2307_0_2082.nii 139923047753536
task_duration 1572377128.2295206 1572378179.905277 1572377125-isilonAD_1it_96cpus_40bb-0 139923047753536
read_file 1572378180.9880376 1572378186.758457 bigbrain_769_0_0.nii 139845384472384
increment_file 1572378195.8605647 1572378214.0002754 bigbrain_769_0_0.nii 139845384472384
write_file 1572378329.4100573 1572378478.249604 inc-bigbrain_769_0_0.nii 139845384472384
task_duration 1572378180.594459 1572378478.3061852 1572377125-isilonAD_1it_96cpus_40bb-0 139845384472384
read_file 1572377128.295015 1572377129.7507389 bigbrain_2307_1206_1388.nii 140714399512384
increment_file 1572377335.659704 1572377397.9528139 bigbrain_2307_1206_1388.nii 140714399512384
write_file 1572377654.737813 1572378178.3758805 inc-bigbrain_2307_1206_1388.nii 140714399512384
task_duration 1572377128.198042 1572378179.8868115 1572377125-isilonAD_1it_96cpus_40bb-0 140714399512384
read_file 1572377128.080974 1572377129.708204 bigbrain_1538_0_2776.nii 139850946643776
increment_file 1572377198.9874392 1572377258.0480776 bigbrain_1538_0_2776.nii 139850946643776
write_file 1572377654.7249362 1572378178.7769709 inc-bigbrain_1538_0_2776.nii 139850946643776
task_duration 1572377128.0785139 1572378179.8892374 1572377125-isilonAD_1it_96cpus_40bb-0 139850946643776
read_file 1572377128.0747387 1572377129.704688 bigbrain_1538_0_0.nii 140130777364288
increment_file 1572377182.5919688 1572377243.0064538 bigbrain_1538_0_0.nii 140130777364288
write_file 1572377654.723107 1572378179.710161 inc-bigbrain_1538_0_0.nii 140130777364288
task_duration 1572377128.0710003 1572378179.9155061 1572377125-isilonAD_1it_96cpus_40bb-0 140130777364288
read_file 1572378183.080348 1572378195.192755 bigbrain_769_1809_2776.nii 140239391536960
increment_file 1572378244.036762 1572378302.5304997 bigbrain_769_1809_2776.nii 140239391536960
write_file 1572378335.2996855 1572378478.2510743 inc-bigbrain_769_1809_2776.nii 140239391536960
task_duration 1572378180.6755662 1572378478.3093944 1572377125-isilonAD_1it_96cpus_40bb-0 140239391536960
read_file 1572377128.1830444 1572377129.7400362 bigbrain_0_1206_694.nii 140061254174528
increment_file 1572377271.0902936 1572377332.4470518 bigbrain_0_1206_694.nii 140061254174528
write_file 1572377654.731528 1572378179.0485241 inc-bigbrain_0_1206_694.nii 140061254174528
task_duration 1572377128.0969083 1572378179.8904462 1572377125-isilonAD_1it_96cpus_40bb-0 140061254174528
read_file 1572378182.152119 1572378190.4039001 bigbrain_769_1206_2082.nii 140509266782016
increment_file 1572378213.225334 1572378266.0967536 bigbrain_769_1206_2082.nii 140509266782016
write_file 1572378335.2970176 1572378478.2539272 inc-bigbrain_769_1206_2082.nii 140509266782016
task_duration 1572378180.6406765 1572378478.3008466 1572377125-isilonAD_1it_96cpus_40bb-0 140509266782016
read_file 1572377128.2955499 1572377129.7514071 bigbrain_1538_603_2082.nii 139743037278016
increment_file 1572377341.1181402 1572377403.4129307 bigbrain_1538_603_2082.nii 139743037278016
write_file 1572377654.7387965 1572378179.697767 inc-bigbrain_1538_603_2082.nii 139743037278016
task_duration 1572377128.2130435 1572378179.9073646 1572377125-isilonAD_1it_96cpus_40bb-0 139743037278016
read_file 1572377128.5351574 1572377129.801622 bigbrain_2307_603_0.nii 139753394345792
increment_file 1572377488.5320902 1572377550.0045578 bigbrain_2307_603_0.nii 139753394345792
write_file 1572377654.756587 1572378179.6938903 inc-bigbrain_2307_603_0.nii 139753394345792
task_duration 1572377128.3297365 1572378179.9000704 1572377125-isilonAD_1it_96cpus_40bb-0 139753394345792
read_file 1572377128.037182 1572377129.6793964 bigbrain_0_2412_2776.nii 139664437925696
increment_file 1572377143.8876247 1572377154.259983 bigbrain_0_2412_2776.nii 139664437925696
write_file 1572377602.9634535 1572378176.0762138 inc-bigbrain_0_2412_2776.nii 139664437925696
task_duration 1572377128.0350237 1572378179.8701072 1572377125-isilonAD_1it_96cpus_40bb-0 139664437925696
read_file 1572378181.8006139 1572378188.931725 bigbrain_769_1206_1388.nii 140319297918784
increment_file 1572378207.3412273 1572378256.2552314 bigbrain_769_1206_1388.nii 140319297918784
write_file 1572378335.295815 1572378478.2674468 inc-bigbrain_769_1206_1388.nii 140319297918784
task_duration 1572378180.6249735 1572378478.3265395 1572377125-isilonAD_1it_96cpus_40bb-0 140319297918784
read_file 1572377128.0628402 1572377129.6883001 bigbrain_0_2412_2082.nii 140453365184320
increment_file 1572377157.6010923 1572377202.3026347 bigbrain_0_2412_2082.nii 140453365184320
write_file 1572377641.7399578 1572378164.3664596 inc-bigbrain_0_2412_2082.nii 140453365184320
task_duration 1572377128.0599322 1572378179.8034341 1572377125-isilonAD_1it_96cpus_40bb-0 140453365184320
read_file 1572377128.0835807 1572377129.7145317 bigbrain_1538_1206_0.nii 140465685432128
increment_file 1572377210.4290302 1572377267.8840673 bigbrain_1538_1206_0.nii 140465685432128
write_file 1572377654.7262375 1572378179.6937652 inc-bigbrain_1538_1206_0.nii 140465685432128
task_duration 1572377128.0797286 1572378179.8973691 1572377125-isilonAD_1it_96cpus_40bb-0 140465685432128
read_file 1572377128.0297482 1572377129.6770954 bigbrain_0_0_2082.nii 139681512093504
increment_file 1572377138.0091558 1572377148.8079302 bigbrain_0_0_2082.nii 139681512093504
write_file 1572377559.1724188 1572378178.643396 inc-bigbrain_0_0_2082.nii 139681512093504
task_duration 1572377128.0278523 1572378179.887854 1572377125-isilonAD_1it_96cpus_40bb-0 139681512093504
read_file 1572377128.0654893 1572377129.6953301 bigbrain_1538_0_1388.nii 140695262496576
increment_file 1572377163.8576133 1572377218.1273518 bigbrain_1538_0_1388.nii 140695262496576
write_file 1572377647.075453 1572378123.0675085 inc-bigbrain_1538_0_1388.nii 140695262496576
task_duration 1572377128.0603528 1572378179.740912 1572377125-isilonAD_1it_96cpus_40bb-0 140695262496576
read_file 1572377128.0531693 1572377129.687018 bigbrain_0_603_0.nii 140172478695232
increment_file 1572377156.5315678 1572377198.1869483 bigbrain_0_603_0.nii 140172478695232
write_file 1572377643.3280125 1572378174.0825057 inc-bigbrain_0_603_0.nii 140172478695232
task_duration 1572377128.0405624 1572378179.8493307 1572377125-isilonAD_1it_96cpus_40bb-0 140172478695232
read_file 1572377128.514129 1572377129.7836752 bigbrain_2307_2412_0.nii 139997747758912
increment_file 1572377444.842751 1572377507.1525486 bigbrain_2307_2412_0.nii 139997747758912
write_file 1572377654.748116 1572378179.726673 inc-bigbrain_2307_2412_0.nii 139997747758912
task_duration 1572377128.2931185 1572378179.9299753 1572377125-isilonAD_1it_96cpus_40bb-0 139997747758912
read_file 1572377128.4512987 1572377129.7810268 bigbrain_2307_1809_2082.nii 140706618136384
increment_file 1572377428.4480898 1572377490.7809591 bigbrain_2307_1809_2082.nii 140706618136384
write_file 1572377654.7467556 1572378179.7162554 inc-bigbrain_2307_1809_2082.nii 140706618136384
task_duration 1572377128.2796404 1572378179.9224513 1572377125-isilonAD_1it_96cpus_40bb-0 140706618136384
read_file 1572377128.0744765 1572377129.70391 bigbrain_0_603_1388.nii 140602452399936
increment_file 1572377177.7726047 1572377238.08077 bigbrain_0_603_1388.nii 140602452399936
write_file 1572377654.7216098 1572378177.9735944 inc-bigbrain_0_603_1388.nii 140602452399936
task_duration 1572377128.063204 1572378179.8842678 1572377125-isilonAD_1it_96cpus_40bb-0 140602452399936
read_file 1572377128.5158837 1572377129.7896183 bigbrain_2307_2412_2776.nii 139869920184128
increment_file 1572377466.6858404 1572377528.9717152 bigbrain_2307_2412_2776.nii 139869920184128
write_file 1572377654.7504249 1572378179.7134125 inc-bigbrain_2307_2412_2776.nii 139869920184128
task_duration 1572377128.3042653 1572378179.9096317 1572377125-isilonAD_1it_96cpus_40bb-0 139869920184128
read_file 1572377128.0631857 1572377129.6901588 bigbrain_0_1809_2082.nii 140313801467712
increment_file 1572377159.2052877 1572377207.489144 bigbrain_0_1809_2082.nii 140313801467712
write_file 1572377226.5302656 1572377654.720224 inc-bigbrain_0_1809_2082.nii 140313801467712
task_duration 1572377128.043763 1572377654.8322744 1572377125-isilonAD_1it_96cpus_40bb-0 140313801467712
read_file 1572377128.295833 1572377129.7520506 bigbrain_1538_603_0.nii 139826625320768
increment_file 1572377346.591095 1572377408.8706465 bigbrain_1538_603_0.nii 139826625320768
write_file 1572377654.7384555 1572378179.7013993 inc-bigbrain_1538_603_0.nii 139826625320768
task_duration 1572377128.216595 1572378179.8968635 1572377125-isilonAD_1it_96cpus_40bb-0 139826625320768
read_file 1572378184.1083705 1572378197.60087 bigbrain_769_603_694.nii 140287993993024
increment_file 1572378278.75313 1572378330.5837557 bigbrain_769_603_694.nii 140287993993024
write_file 1572378335.315574 1572378478.2650154 inc-bigbrain_769_603_694.nii 140287993993024
task_duration 1572378180.709788 1572378478.3204117 1572377125-isilonAD_1it_96cpus_40bb-0 140287993993024
read_file 1572377128.2967105 1572377129.753877 bigbrain_2307_0_1388.nii 140653063718720
increment_file 1572377362.9560814 1572377425.2410393 bigbrain_2307_0_1388.nii 140653063718720
write_file 1572377654.7402852 1572378179.708502 inc-bigbrain_2307_0_1388.nii 140653063718720
task_duration 1572377128.2222464 1572378179.9081912 1572377125-isilonAD_1it_96cpus_40bb-0 140653063718720
read_file 1572377128.0171437 1572377129.6478987 bigbrain_0_0_694.nii 140206629431104
increment_file 1572377129.788411 1572377139.220333 bigbrain_0_0_694.nii 140206629431104
write_file 1572377545.4823534 1572377983.2448597 inc-bigbrain_0_0_694.nii 140206629431104
task_duration 1572377128.0106857 1572378153.853292 1572377125-isilonAD_1it_96cpus_40bb-0 140206629431104
read_file 1572377128.785527 1572377130.7294183 bigbrain_3076_1206_1388.nii 140220883633984
increment_file 1572377515.813188 1572377570.869671 bigbrain_3076_1206_1388.nii 140220883633984
write_file 1572377654.7678912 1572378179.7146337 inc-bigbrain_3076_1206_1388.nii 140220883633984
task_duration 1572377128.775981 1572378179.9202652 1572377125-isilonAD_1it_96cpus_40bb-0 140220883633984
read_file 1572377128.9531069 1572377130.9968467 bigbrain_3076_0_694.nii 140222265272128
increment_file 1572377526.723869 1572377578.8348365 bigbrain_3076_0_694.nii 140222265272128
write_file 1572377654.7689238 1572378179.7043083 inc-bigbrain_3076_0_694.nii 140222265272128
task_duration 1572377128.9307528 1572378179.8930058 1572377125-isilonAD_1it_96cpus_40bb-0 140222265272128
read_file 1572377128.1833959 1572377129.7407293 bigbrain_0_1809_1388.nii 140256152229696
increment_file 1572377276.0114667 1572377337.907326 bigbrain_0_1809_1388.nii 140256152229696
write_file 1572377654.7319782 1572378179.709554 inc-bigbrain_0_1809_1388.nii 140256152229696
task_duration 1572377128.110612 1572378179.9018784 1572377125-isilonAD_1it_96cpus_40bb-0 140256152229696
read_file 1572377128.350579 1572377129.755796 bigbrain_2307_1206_694.nii 140398297540416
increment_file 1572377373.867889 1572377436.1691117 bigbrain_2307_1206_694.nii 140398297540416
write_file 1572377654.7418177 1572378179.4485064 inc-bigbrain_2307_1206_694.nii 140398297540416
task_duration 1572377128.2321446 1572378179.8903549 1572377125-isilonAD_1it_96cpus_40bb-0 140398297540416
read_file 1572377128.5146039 1572377129.784524 bigbrain_2307_0_694.nii 140249452402496
increment_file 1572377450.3160625 1572377512.6068227 bigbrain_2307_0_694.nii 140249452402496
write_file 1572377654.7492554 1572378179.3141878 inc-bigbrain_2307_0_694.nii 140249452402496
task_duration 1572377128.2944398 1572378179.8855562 1572377125-isilonAD_1it_96cpus_40bb-0 140249452402496
read_file 1572378183.356867 1572378195.460047 bigbrain_769_603_2082.nii 139866110400320
increment_file 1572378254.1432257 1572378312.9521043 bigbrain_769_603_2082.nii 139866110400320
write_file 1572378335.300682 1572378478.2665334 inc-bigbrain_769_603_2082.nii 139866110400320
task_duration 1572378180.6775784 1572378478.3241224 1572377125-isilonAD_1it_96cpus_40bb-0 139866110400320
read_file 1572377128.2961226 1572377129.7525961 bigbrain_1538_2412_0.nii 139961226479424
increment_file 1572377352.0468898 1572377414.3303013 bigbrain_1538_2412_0.nii 139961226479424
write_file 1572377654.7391827 1572378178.107706 inc-bigbrain_1538_2412_0.nii 139961226479424
task_duration 1572377128.2166576 1572378179.886143 1572377125-isilonAD_1it_96cpus_40bb-0 139961226479424
read_file 1572377128.4220238 1572377129.759255 bigbrain_1538_603_694.nii 140292111169344
increment_file 1572377395.7050822 1572377458.015227 bigbrain_1538_603_694.nii 140292111169344
write_file 1572377654.7429807 1572378179.7325835 inc-bigbrain_1538_603_694.nii 140292111169344
task_duration 1572377128.2512183 1572378179.9479382 1572377125-isilonAD_1it_96cpus_40bb-0 140292111169344
read_file 1572377128.2943223 1572377129.7487006 bigbrain_1538_2412_2082.nii 140521377212224
increment_file 1572377319.2734466 1572377381.574827 bigbrain_1538_2412_2082.nii 140521377212224
write_file 1572377654.7365263 1572378177.1713476 inc-bigbrain_1538_2412_2082.nii 140521377212224
task_duration 1572377128.1504612 1572378179.882375 1572377125-isilonAD_1it_96cpus_40bb-0 140521377212224
read_file 1572378183.5409124 1572378195.9956884 bigbrain_769_2412_2082.nii 139785217001280
increment_file 1572378259.0607345 1572378317.4836702 bigbrain_769_2412_2082.nii 139785217001280
write_file 1572378335.307258 1572378478.2546742 inc-bigbrain_769_2412_2082.nii 139785217001280
task_duration 1572378180.6784143 1572378478.3133886 1572377125-isilonAD_1it_96cpus_40bb-0 139785217001280
read_file 1572377129.0947406 1572377131.26421 bigbrain_3076_1809_0.nii 140546637698880
increment_file 1572377532.1811006 1572377582.6832445 bigbrain_3076_1809_0.nii 140546637698880
write_file 1572377654.7700903 1572378179.6998262 inc-bigbrain_3076_1809_0.nii 140546637698880
task_duration 1572377129.0847926 1572378179.8914828 1572377125-isilonAD_1it_96cpus_40bb-0 140546637698880
read_file 1572377130.9957306 1572377153.4861965 bigbrain_3076_1809_2776.nii 139948092905280
increment_file 1572377588.941129 1572377639.9597907 bigbrain_3076_1809_2776.nii 139948092905280
write_file 1572377654.7859695 1572378179.735005 inc-bigbrain_3076_1809_2776.nii 139948092905280
task_duration 1572377129.9859369 1572378179.927565 1572377125-isilonAD_1it_96cpus_40bb-0 139948092905280
read_file 1572377128.4411814 1572377129.7790534 bigbrain_2307_1809_2776.nii 139892461418304
increment_file 1572377412.0810585 1572377474.39207 bigbrain_2307_1809_2776.nii 139892461418304
write_file 1572377654.7450202 1572378179.7022295 inc-bigbrain_2307_1809_2776.nii 139892461418304
task_duration 1572377128.2602336 1572378179.90123 1572377125-isilonAD_1it_96cpus_40bb-0 139892461418304
read_file 1572377128.0838592 1572377129.715686 bigbrain_0_603_2082.nii 139903113090880
increment_file 1572377215.8817017 1572377272.8012002 bigbrain_0_603_2082.nii 139903113090880
write_file 1572377654.725757 1572378179.730571 inc-bigbrain_0_603_2082.nii 139903113090880
task_duration 1572377128.0804849 1572378179.9465368 1572377125-isilonAD_1it_96cpus_40bb-0 139903113090880
read_file 1572378181.470976 1572378187.4590726 bigbrain_769_0_2776.nii 139704609269568
increment_file 1572378202.6568441 1572378244.812304 bigbrain_769_0_2776.nii 139704609269568
write_file 1572378335.295189 1572378478.2573097 inc-bigbrain_769_0_2776.nii 139704609269568
task_duration 1572378180.6167753 1572378478.316455 1572377125-isilonAD_1it_96cpus_40bb-0 139704609269568
read_file 1572377131.5304313 1572377154.9286568 bigbrain_3076_1206_694.nii 140610698159936
increment_file 1572377612.9714031 1572377651.4114192 bigbrain_3076_1206_694.nii 140610698159936
write_file 1572377654.8015535 1572378179.7274132 inc-bigbrain_3076_1206_694.nii 140610698159936
task_duration 1572377130.0051692 1572378179.9301343 1572377125-isilonAD_1it_96cpus_40bb-0 140610698159936
read_file 1572377128.3684874 1572377129.756329 bigbrain_1538_2412_1388.nii 140571528464192
increment_file 1572377379.3255682 1572377441.6306796 bigbrain_1538_2412_1388.nii 140571528464192
write_file 1572377654.7417152 1572378179.7046838 inc-bigbrain_1538_2412_1388.nii 140571528464192
task_duration 1572377128.2370749 1572378179.9036877 1572377125-isilonAD_1it_96cpus_40bb-0 140571528464192
read_file 1572377128.5341613 1572377129.7903678 bigbrain_2307_1809_0.nii 140715542988608
increment_file 1572377472.1453369 1572377534.428851 bigbrain_2307_1809_0.nii 140715542988608
write_file 1572377654.7508135 1572378179.6924012 inc-bigbrain_2307_1809_0.nii 140715542988608
task_duration 1572377128.3055074 1572378179.8872194 1572377125-isilonAD_1it_96cpus_40bb-0 140715542988608
read_file 1572377128.065187 1572377129.6932437 bigbrain_0_1206_2082.nii 140415625045824
increment_file 1572377161.344136 1572377212.6747408 bigbrain_0_1206_2082.nii 140415625045824
write_file 1572377644.6663058 1572378177.037484 inc-bigbrain_0_1206_2082.nii 140415625045824
task_duration 1572377128.059943 1572378179.8811078 1572377125-isilonAD_1it_96cpus_40bb-0 140415625045824
read_file 1572377128.1938586 1572377129.7425125 bigbrain_1538_603_2776.nii 139980052391744
increment_file 1572377286.543916 1572377348.8387077 bigbrain_1538_603_2776.nii 139980052391744
write_file 1572377654.732668 1572378176.7074404 inc-bigbrain_1538_603_2776.nii 139980052391744
task_duration 1572377128.1837244 1572378179.875969 1572377125-isilonAD_1it_96cpus_40bb-0 139980052391744
read_file 1572377132.0653975 1572377155.7306094 bigbrain_3076_603_0.nii 140037339535168
increment_file 1572377636.7614765 1572377654.5692396 bigbrain_3076_603_0.nii 140037339535168
write_file 1572377654.8019977 1572378179.7228258 inc-bigbrain_3076_603_0.nii 140037339535168
task_duration 1572377130.0462863 1572378179.9231317 1572377125-isilonAD_1it_96cpus_40bb-0 140037339535168
read_file 1572377128.2407758 1572377129.7457285 bigbrain_1538_1809_2082.nii 140699453323072
increment_file 1572377302.9148633 1572377365.2037573 bigbrain_1538_1809_2082.nii 140699453323072
write_file 1572377654.7336621 1572378179.6965764 inc-bigbrain_1538_1809_2082.nii 140699453323072
task_duration 1572377128.2232707 1572378179.8953073 1572377125-isilonAD_1it_96cpus_40bb-0 140699453323072
read_file 1572377128.5359683 1572377130.1944487 bigbrain_3076_0_0.nii 140588786173760
increment_file 1572377499.448373 1572377558.7708178 bigbrain_3076_0_0.nii 140588786173760
write_file 1572377654.7569005 1572378179.715058 inc-bigbrain_3076_0_0.nii 140588786173760
task_duration 1572377128.3799658 1572378179.918807 1572377125-isilonAD_1it_96cpus_40bb-0 140588786173760
read_file 1572377130.594665 1572377152.2828522 bigbrain_3076_0_2082.nii 139960240412480
increment_file 1572377576.856236 1572377629.453793 bigbrain_3076_0_2082.nii 139960240412480
write_file 1572377654.782138 1572378179.7237568 inc-bigbrain_3076_0_2082.nii 139960240412480
task_duration 1572377129.9733217 1572378179.9145617 1572377125-isilonAD_1it_96cpus_40bb-0 139960240412480
read_file 1572378180.7911296 1572378184.6461968 bigbrain_769_0_2082.nii 140521385027392
increment_file 1572378189.8674579 1572378199.7131085 bigbrain_769_0_2082.nii 140521385027392
write_file 1572378315.4926858 1572378470.002187 inc-bigbrain_769_0_2082.nii 140521385027392
task_duration 1572378180.5631278 1572378477.5513291 1572377125-isilonAD_1it_96cpus_40bb-0 140521385027392
read_file 1572377128.2241068 1572377129.7445562 bigbrain_1538_2412_2776.nii 140540967839552
increment_file 1572377297.4611714 1572377359.7446513 bigbrain_1538_2412_2776.nii 140540967839552
write_file 1572377654.7338035 1572378179.6957588 inc-bigbrain_1538_2412_2776.nii 140540967839552
task_duration 1572377128.1374018 1572378179.8998983 1572377125-isilonAD_1it_96cpus_40bb-0 140540967839552
read_file 1572377128.1818314 1572377129.7375355 bigbrain_0_2412_1388.nii 139874487760704
increment_file 1572377251.4084013 1572377310.6138737 bigbrain_0_2412_1388.nii 139874487760704
write_file 1572377654.7293394 1572378178.9109354 inc-bigbrain_0_2412_1388.nii 139874487760704
task_duration 1572377128.0936446 1572378179.8897676 1572377125-isilonAD_1it_96cpus_40bb-0 139874487760704
read_file 1572377128.5379522 1572377130.4620473 bigbrain_2307_603_2776.nii 139827067336512
increment_file 1572377504.9053714 1572377562.6264946 bigbrain_2307_603_2776.nii 139827067336512
write_file 1572377654.766936 1572378179.7343862 inc-bigbrain_2307_603_2776.nii 139827067336512
task_duration 1572377128.4060013 1572378179.9374282 1572377125-isilonAD_1it_96cpus_40bb-0 139827067336512
read_file 1572377128.0738463 1572377129.7014272 bigbrain_0_603_2776.nii 140655851280192
increment_file 1572377169.739387 1572377228.2405624 bigbrain_0_603_2776.nii 140655851280192
write_file 1572377654.7213168 1572378176.4155855 inc-bigbrain_0_603_2776.nii 140655851280192
task_duration 1572377128.0689247 1572378179.8774688 1572377125-isilonAD_1it_96cpus_40bb-0 140655851280192
read_file 1572378182.3177717 1572378191.2072663 bigbrain_769_0_694.nii 139795398006592
increment_file 1572378216.539176 1572378271.027858 bigbrain_769_0_694.nii 139795398006592
write_file 1572378335.2972422 1572378478.2607114 inc-bigbrain_769_0_694.nii 139795398006592
task_duration 1572378180.6556845 1572378478.3184128 1572377125-isilonAD_1it_96cpus_40bb-0 139795398006592
read_file 1572378184.2634506 1572378198.0019739 bigbrain_769_2412_2776.nii 140355121964864
increment_file 1572378283.6773694 1572378332.5642047 bigbrain_769_2412_2776.nii 140355121964864
write_file 1572378335.3166225 1572378478.257694 inc-bigbrain_769_2412_2776.nii 140355121964864
task_duration 1572378180.7117295 1572378478.3177335 1572377125-isilonAD_1it_96cpus_40bb-0 140355121964864
read_file 1572377128.5251565 1572377129.7911696 bigbrain_2307_2412_2082.nii 139796972922688
increment_file 1572377477.602926 1572377539.89068 bigbrain_2307_2412_2082.nii 139796972922688
write_file 1572377654.7516134 1572378179.7216794 inc-bigbrain_2307_2412_2082.nii 139796972922688
task_duration 1572377128.3052094 1572378179.918192 1572377125-isilonAD_1it_96cpus_40bb-0 139796972922688
read_file 1572377128.017616 1572377129.6655464 bigbrain_0_0_2776.nii 139890278696768
increment_file 1572377131.5304873 1572377143.086861 bigbrain_0_0_2776.nii 139890278696768
write_file 1572377554.7880743 1572378169.22633 inc-bigbrain_0_0_2776.nii 139890278696768
task_duration 1572377128.0111566 1572378179.8178759 1572377125-isilonAD_1it_96cpus_40bb-0 139890278696768
read_file 1572377130.4611485 1572377151.8819172 bigbrain_3076_2412_2776.nii 140498238461760
increment_file 1572377573.0075908 1572377625.06427 bigbrain_3076_2412_2776.nii 140498238461760
write_file 1572377654.7815607 1572378179.7214904 inc-bigbrain_3076_2412_2776.nii 140498238461760
task_duration 1572377129.962417 1572378179.9124057 1572377125-isilonAD_1it_96cpus_40bb-0 140498238461760
read_file 1572378180.3531349 1572378180.3785553 bigbrain_3076_603_2082.nii 140416117057344
increment_file 1572378180.3856359 1572378186.7590873 bigbrain_3076_603_2082.nii 140416117057344
write_file 1572378199.6083612 1572378317.7881994 inc-bigbrain_3076_603_2082.nii 140416117057344
task_duration 1572378180.3362193 1572378335.3387496 1572377125-isilonAD_1it_96cpus_40bb-0 140416117057344
read_file 1572378184.4333675 1572378198.8046126 bigbrain_769_603_2776.nii 140495203292992
increment_file 1572378294.2179766 1572378334.9161868 bigbrain_769_603_2776.nii 140495203292992
write_file 1572378335.3174515 1572378478.2676094 inc-bigbrain_769_603_2776.nii 140495203292992
task_duration 1572378180.7170703 1572378478.324511 1572377125-isilonAD_1it_96cpus_40bb-0 140495203292992
read_file 1572377128.1824906 1572377129.7388158 bigbrain_0_1206_2776.nii 140616536098624
increment_file 1572377261.2550843 1572377321.5212848 bigbrain_0_1206_2776.nii 140616536098624
write_file 1572377654.730452 1572378179.6985269 inc-bigbrain_0_1206_2776.nii 140616536098624
task_duration 1572377128.0942373 1572378179.8985522 1572377125-isilonAD_1it_96cpus_40bb-0 140616536098624
read_file 1572377128.823418 1572377130.8632123 bigbrain_3076_0_1388.nii 140613658060608
increment_file 1572377521.2665615 1572377574.7193418 bigbrain_3076_0_1388.nii 140613658060608
write_file 1572377654.7691813 1572378179.7248342 inc-bigbrain_3076_0_1388.nii 140613658060608
task_duration 1572377128.8211918 1572378179.932545 1572377125-isilonAD_1it_96cpus_40bb-0 140613658060608
read_file 1572377128.0782115 1572377129.7007186 bigbrain_1538_1809_1388.nii 140317593958208
increment_file 1572377166.531408 1572377223.315955 bigbrain_1538_1809_1388.nii 140317593958208
write_file 1572377654.7199094 1572378179.6875718 inc-bigbrain_1538_1809_1388.nii 140317593958208
task_duration 1572377128.0742462 1572378179.8936253 1572377125-isilonAD_1it_96cpus_40bb-0 140317593958208
read_file 1572377128.0828724 1572377129.713985 bigbrain_1538_0_694.nii 140588465743680
increment_file 1572377204.7075772 1572377262.9664 bigbrain_1538_0_694.nii 140588465743680
write_file 1572377654.7244937 1572378179.7282004 inc-bigbrain_1538_0_694.nii 140588465743680
task_duration 1572377128.0631163 1572378179.9248004 1572377125-isilonAD_1it_96cpus_40bb-0 140588465743680
read_file 1572377128.4416156 1572377129.779754 bigbrain_1538_1809_694.nii 140256452056896
increment_file 1572377417.5405111 1572377479.862734 bigbrain_1538_1809_694.nii 140256452056896
write_file 1572377654.7459426 1572378179.7275953 inc-bigbrain_1538_1809_694.nii 140256452056896
task_duration 1572377128.2640483 1572378179.9345112 1572377125-isilonAD_1it_96cpus_40bb-0 140256452056896
read_file 1572377129.4594405 1572377132.9040196 bigbrain_3076_1206_0.nii 140314547705664
increment_file 1572377540.2905037 1572377588.9429421 bigbrain_3076_1206_0.nii 140314547705664
write_file 1572377654.7704003 1572378179.707905 inc-bigbrain_3076_1206_0.nii 140314547705664
task_duration 1572377129.4404676 1572378179.8961291 1572377125-isilonAD_1it_96cpus_40bb-0 140314547705664
read_file 1572377128.0528624 1572377129.6857953 bigbrain_0_1809_694.nii 140200120579904
increment_file 1572377154.7938786 1572377187.7855415 bigbrain_0_1809_694.nii 140200120579904
write_file 1572377640.1198432 1572378176.5874965 inc-bigbrain_0_1809_694.nii 140200120579904
task_duration 1572377128.0420015 1572378179.875562 1572377125-isilonAD_1it_96cpus_40bb-0 140200120579904
read_file 1572377128.440672 1572377129.778324 bigbrain_1538_603_1388.nii 140254502164288
increment_file 1572377406.623108 1572377468.9352658 bigbrain_1538_603_1388.nii 140254502164288
write_file 1572377654.7442162 1572378179.7017422 inc-bigbrain_1538_603_1388.nii 140254502164288
task_duration 1572377128.256856 1572378179.895616 1572377125-isilonAD_1it_96cpus_40bb-0 140254502164288
read_file 1572377128.1827745 1572377129.7394059 bigbrain_0_1809_2776.nii 140069045294912
increment_file 1572377266.1730642 1572377326.9875824 bigbrain_0_1809_2776.nii 140069045294912
write_file 1572377654.7310262 1572378178.5093777 inc-bigbrain_0_1809_2776.nii 140069045294912
task_duration 1572377128.0964613 1572378179.8851287 1572377125-isilonAD_1it_96cpus_40bb-0 140069045294912
read_file 1572377128.1822019 1572377129.7381568 bigbrain_0_603_694.nii 139893015398208
increment_file 1572377256.3370194 1572377316.0665724 bigbrain_0_603_694.nii 139893015398208
write_file 1572377654.7298448 1572378177.438886 inc-bigbrain_0_603_694.nii 139893015398208
task_duration 1572377128.0936954 1572378179.8831615 1572377125-isilonAD_1it_96cpus_40bb-0 139893015398208
read_file 1572378183.8024187 1572378196.7984216 bigbrain_769_1809_2082.nii 139997349553984
increment_file 1572378268.9129095 1572378325.0256102 bigbrain_769_1809_2082.nii 139997349553984
write_file 1572378335.3093858 1572378471.2327313 inc-bigbrain_769_1809_2082.nii 139997349553984
task_duration 1572378180.6843965 1572378476.1261075 1572377125-isilonAD_1it_96cpus_40bb-0 139997349553984
read_file 1572378182.7606843 1572378194.4186056 bigbrain_769_1809_694.nii 140535780869952
increment_file 1572378231.922688 1572378288.4691317 bigbrain_769_1809_694.nii 140535780869952
write_file 1572378335.2987325 1572378470.4121392 inc-bigbrain_769_1809_694.nii 140535780869952
task_duration 1572378180.6688979 1572378477.2885299 1572377125-isilonAD_1it_96cpus_40bb-0 140535780869952
read_file 1572378182.6018636 1572378193.2142692 bigbrain_769_2412_1388.nii 140146320652096
increment_file 1572378224.566859 1572378280.59931 bigbrain_769_2412_1388.nii 140146320652096
write_file 1572378335.297773 1572378469.6010873 inc-bigbrain_769_2412_1388.nii 140146320652096
task_duration 1572378180.663408 1572378475.74357 1572377125-isilonAD_1it_96cpus_40bb-0 140146320652096
read_file 1572377128.2947106 1572377129.7494283 bigbrain_1538_1206_2776.nii 140665691420480
increment_file 1572377324.7317367 1572377387.0348418 bigbrain_1538_1206_2776.nii 140665691420480
write_file 1572377654.737001 1572378179.708097 inc-bigbrain_1538_1206_2776.nii 140665691420480
task_duration 1572377128.1560798 1572378179.9088721 1572377125-isilonAD_1it_96cpus_40bb-0 140665691420480
read_file 1572378184.7624502 1572378199.2060788 bigbrain_769_603_1388.nii 139800187660096
increment_file 1572378299.9066849 1572378335.2887754 bigbrain_769_603_1388.nii 139800187660096
write_file 1572378335.3182669 1572378478.2515714 inc-bigbrain_769_603_1388.nii 139800187660096
task_duration 1572378180.7659194 1572378478.3087232 1572377125-isilonAD_1it_96cpus_40bb-0 139800187660096
read_file 1572377128.5150142 1572377129.785312 bigbrain_2307_2412_1388.nii 139726384621376
increment_file 1572377455.7696834 1572377518.0589974 bigbrain_2307_2412_1388.nii 139726384621376
write_file 1572377654.7497 1572378179.70729 inc-bigbrain_2307_2412_1388.nii 139726384621376
task_duration 1572377128.2948015 1572378179.90527 1572377125-isilonAD_1it_96cpus_40bb-0 139726384621376
read_file 1572377130.3272886 1572377151.4807458 bigbrain_2307_603_694.nii 139622374180672
increment_file 1572377568.8912401 1572377619.8683248 bigbrain_2307_603_694.nii 139622374180672
write_file 1572377654.7810404 1572378179.7199872 inc-bigbrain_2307_603_694.nii 139622374180672
task_duration 1572377129.924617 1572378179.9123685 1572377125-isilonAD_1it_96cpus_40bb-0 139622374180672
read_file 1572377130.0598207 1572377150.2776775 bigbrain_3076_1206_2082.nii 139720213649216
increment_file 1572377561.177556 1572377610.2992291 bigbrain_3076_1206_2082.nii 139720213649216
write_file 1572377654.7800078 1572378179.7203226 inc-bigbrain_3076_1206_2082.nii 139720213649216
task_duration 1572377129.8629491 1572378179.9240892 1572377125-isilonAD_1it_96cpus_40bb-0 139720213649216
read_file 1572378183.2220058 1572378195.3263595 bigbrain_769_1206_0.nii 140164276541248
increment_file 1572378248.9555998 1572378308.0313177 bigbrain_769_1206_0.nii 140164276541248
write_file 1572378335.300584 1572378478.2623744 inc-bigbrain_769_1206_0.nii 140164276541248
task_duration 1572378180.6757288 1572378478.3188887 1572377125-isilonAD_1it_96cpus_40bb-0 140164276541248
read_file 1572377128.07559 1572377129.7062938 bigbrain_0_0_1388.nii 140334859614016
increment_file 1572377187.918033 1572377248.199207 bigbrain_0_0_1388.nii 140334859614016
write_file 1572377654.7232325 1572378177.572418 inc-bigbrain_0_0_1388.nii 140334859614016
task_duration 1572377128.0735364 1572378179.882998 1572377125-isilonAD_1it_96cpus_40bb-0 140334859614016
read_file 1572377129.7086718 1572377142.9814386 bigbrain_3076_1206_2776.nii 140710764140352
increment_file 1572377552.6775322 1572377600.5532622 bigbrain_3076_1206_2776.nii 140710764140352
write_file 1572377654.7704363 1572378179.7217636 inc-bigbrain_3076_1206_2776.nii 140710764140352
task_duration 1572377129.7068493 1572378179.9122825 1572377125-isilonAD_1it_96cpus_40bb-0 140710764140352
read_file 1572377128.2764988 1572377129.74821 bigbrain_1538_1206_2082.nii 140434221639488
increment_file 1572377313.821098 1572377376.119067 bigbrain_1538_1206_2082.nii 140434221639488
write_file 1572377654.7360144 1572378179.7211592 inc-bigbrain_1538_1206_2082.nii 140434221639488
task_duration 1572377128.1475348 1572378179.9223106 1572377125-isilonAD_1it_96cpus_40bb-0 140434221639488
read_file 1572378183.9537683 1572378197.1997447 bigbrain_769_603_0.nii 140441214506816
increment_file 1572378273.8353043 1572378328.0718665 bigbrain_769_603_0.nii 140441214506816
write_file 1572378335.3092728 1572378478.2657495 inc-bigbrain_769_603_0.nii 140441214506816
task_duration 1572378180.6891758 1572378478.3235054 1572377125-isilonAD_1it_96cpus_40bb-0 140441214506816
read_file 1572377128.152908 1572377129.736196 bigbrain_0_2412_0.nii 139846420125504
increment_file 1572377241.5613253 1572377299.7082157 bigbrain_0_2412_0.nii 139846420125504
write_file 1572377654.727558 1572378179.5816596 inc-bigbrain_0_2412_0.nii 139846420125504
task_duration 1572377128.1263034 1572378179.8918178 1572377125-isilonAD_1it_96cpus_40bb-0 139846420125504
read_file 1572377128.3862183 1572377129.757038 bigbrain_2307_0_0.nii 140299717175104
increment_file 1572377384.786179 1572377447.0923185 bigbrain_2307_0_0.nii 140299717175104
write_file 1572377654.7420852 1572378179.7031827 inc-bigbrain_2307_0_0.nii 140299717175104
task_duration 1572377128.2480502 1572378179.9020886 1572377125-isilonAD_1it_96cpus_40bb-0 140299717175104
read_file 1572377128.4958656 1572377129.7817001 bigbrain_2307_1206_2776.nii 139817715418944
increment_file 1572377433.9233193 1572377496.2397637 bigbrain_2307_1206_2776.nii 139817715418944
write_file 1572377654.7462697 1572378179.700474 inc-bigbrain_2307_1206_2776.nii 139817715418944
task_duration 1572377128.2829185 1572378179.8983188 1572377125-isilonAD_1it_96cpus_40bb-0 139817715418944
read_file 1572377128.2952757 1572377129.7500162 bigbrain_2307_1809_1388.nii 139978275047232
increment_file 1572377330.198038 1572377392.4934528 bigbrain_2307_1809_1388.nii 139978275047232
write_file 1572377654.7368371 1572378179.6996982 inc-bigbrain_2307_1809_1388.nii 139978275047232
task_duration 1572377128.2103212 1572378179.900482 1572377125-isilonAD_1it_96cpus_40bb-0 139978275047232
read_file 1572377128.042425 1572377129.680043 bigbrain_0_1206_1388.nii 140585490548544
increment_file 1572377149.3405793 1572377162.7086456 bigbrain_0_1206_1388.nii 140585490548544
write_file 1572377638.3908565 1572378179.7150614 inc-bigbrain_0_1206_1388.nii 140585490548544
task_duration 1572377128.038462 1572378179.9093564 1572377125-isilonAD_1it_96cpus_40bb-0 140585490548544
read_file 1572377128.7851562 1572377130.5956342 bigbrain_3076_0_2776.nii 140591326144320
increment_file 1572377510.3614838 1572377566.7521288 bigbrain_3076_0_2776.nii 140591326144320
write_file 1572377654.7672653 1572378179.7183764 inc-bigbrain_3076_0_2776.nii 140591326144320
task_duration 1572377128.771938 1572378179.90963 1572377125-isilonAD_1it_96cpus_40bb-0 140591326144320
read_file 1572378182.4560544 1572378192.8125522 bigbrain_769_1809_0.nii 140194137372480
increment_file 1572378220.2837203 1572378275.680087 bigbrain_769_1809_0.nii 140194137372480
write_file 1572378335.297833 1572378478.2600923 inc-bigbrain_769_1809_0.nii 140194137372480
task_duration 1572378180.6623974 1572378478.315924 1572377125-isilonAD_1it_96cpus_40bb-0 140194137372480
read_file 1572377128.5348072 1572377129.7921028 bigbrain_2307_2412_694.nii 139840833288000
increment_file 1572377483.073583 1572377545.0805638 bigbrain_2307_2412_694.nii 139840833288000
write_file 1572377654.7543864 1572378179.7133493 inc-bigbrain_2307_2412_694.nii 139840833288000
task_duration 1572377128.3073227 1572378179.9164264 1572377125-isilonAD_1it_96cpus_40bb-0 139840833288000
read_file 1572377128.2498252 1572377129.7470396 bigbrain_1538_1809_0.nii 140523569678144
increment_file 1572377308.367548 1572377370.6615708 bigbrain_1538_1809_0.nii 140523569678144
write_file 1572377654.7356873 1572378179.720362 inc-bigbrain_1538_1809_0.nii 140523569678144
task_duration 1572377128.1406913 1572378179.9157603 1572377125-isilonAD_1it_96cpus_40bb-0 140523569678144
read_file 1572377128.1239178 1572377129.7353337 bigbrain_0_2412_694.nii 140398232028992
increment_file 1572377236.6371765 1572377294.2501907 bigbrain_0_2412_694.nii 140398232028992
write_file 1572377654.7274442 1572378178.2413335 inc-bigbrain_0_2412_694.nii 140398232028992
task_duration 1572377128.0864131 1572378179.8862407 1572377125-isilonAD_1it_96cpus_40bb-0 140398232028992
read_file 1572377128.5136654 1572377129.782365 bigbrain_2307_1809_694.nii 139683637491520
increment_file 1572377439.3756406 1572377501.6953833 bigbrain_2307_1809_694.nii 139683637491520
write_file 1572377654.7468534 1572378179.729793 inc-bigbrain_2307_1809_694.nii 139683637491520
task_duration 1572377128.2924557 1572378179.9263184 1572377125-isilonAD_1it_96cpus_40bb-0 139683637491520
read_file 1572377128.0927324 1572377129.7219837 bigbrain_0_1206_0.nii 140117052512064
increment_file 1572377231.7173548 1572377288.789585 bigbrain_0_1206_0.nii 140117052512064
write_file 1572377654.7274985 1572378176.6703694 inc-bigbrain_0_1206_0.nii 140117052512064
task_duration 1572377128.0826573 1572378179.8770068 1572377125-isilonAD_1it_96cpus_40bb-0 140117052512064
read_file 1572378181.9623997 1572378189.1996717 bigbrain_769_1206_2776.nii 139908291987264
increment_file 1572378210.0167544 1572378261.175231 bigbrain_769_1206_2776.nii 139908291987264
write_file 1572378335.296374 1572378478.2533803 inc-bigbrain_769_1206_2776.nii 139908291987264
task_duration 1572378180.6404667 1572378478.3122907 1572377125-isilonAD_1it_96cpus_40bb-0 139908291987264
read_file 1572377130.7284582 1572377152.684035 bigbrain_3076_2412_2082.nii 139880571598656
increment_file 1572377580.9719934 1572377633.3103862 bigbrain_3076_2412_2082.nii 139880571598656
write_file 1572377654.783185 1572378179.7307663 inc-bigbrain_3076_2412_2082.nii 139880571598656
task_duration 1572377129.9796238 1572378179.9416068 1572377125-isilonAD_1it_96cpus_40bb-0 139880571598656
read_file 1572377128.2208858 1572377129.7433383 bigbrain_1538_1809_2776.nii 140430048864064
increment_file 1572377291.999916 1572377354.2929482 bigbrain_1538_1809_2776.nii 140430048864064
write_file 1572377654.7340693 1572378177.3053463 inc-bigbrain_1538_1809_2776.nii 140430048864064
task_duration 1572377128.1325455 1572378179.884384 1572377125-isilonAD_1it_96cpus_40bb-0 140430048864064
