read_file 1572306938.4237103 1572306938.43034 bigbrain_769_2412_1388.nii 140036683519808
increment_file 1572306938.43104 1572306939.8629682 bigbrain_769_2412_1388.nii 140036683519808
write_file 1572306939.8649356 1572306940.6769297 inc-bigbrain_769_2412_1388.nii 140036683519808
task_duration 1572306938.4186954 1572306940.6886637 1572306855-tmpfs_1it_96cpus_40bb-2 140036683519808
read_file 1572306938.311409 1572306938.3177707 bigbrain_769_603_2776.nii 139668779001664
increment_file 1572306938.3183079 1572306939.727675 bigbrain_769_603_2776.nii 139668779001664
write_file 1572306939.728653 1572306940.219156 inc-bigbrain_769_603_2776.nii 139668779001664
task_duration 1572306938.308508 1572306940.2306628 1572306855-tmpfs_1it_96cpus_40bb-2 139668779001664
read_file 1572306938.2870595 1572306938.2927492 bigbrain_769_2412_694.nii 140176783955776
increment_file 1572306938.2931364 1572306939.7339063 bigbrain_769_2412_694.nii 140176783955776
write_file 1572306939.7354867 1572306940.2254694 inc-bigbrain_769_2412_694.nii 140176783955776
task_duration 1572306938.2842813 1572306940.237109 1572306855-tmpfs_1it_96cpus_40bb-2 140176783955776
read_file 1572306938.1680148 1572306938.1719058 bigbrain_769_1206_0.nii 139861816919872
increment_file 1572306938.1723766 1572306939.4437356 bigbrain_769_1206_0.nii 139861816919872
write_file 1572306939.4465613 1572306940.4844577 inc-bigbrain_769_1206_0.nii 139861816919872
task_duration 1572306938.1655662 1572306940.4983938 1572306855-tmpfs_1it_96cpus_40bb-2 139861816919872
read_file 1572306938.1423297 1572306938.1468952 bigbrain_769_603_2082.nii 139821948348224
increment_file 1572306938.147484 1572306939.6373205 bigbrain_769_603_2082.nii 139821948348224
write_file 1572306939.6392713 1572306940.7261946 inc-bigbrain_769_603_2082.nii 139821948348224
task_duration 1572306938.138634 1572306940.737677 1572306855-tmpfs_1it_96cpus_40bb-2 139821948348224
read_file 1572306938.092596 1572306938.0953348 bigbrain_769_603_694.nii 139663484188480
increment_file 1572306938.0957334 1572306939.4528818 bigbrain_769_603_694.nii 139663484188480
write_file 1572306939.455311 1572306940.4856846 inc-bigbrain_769_603_694.nii 139663484188480
task_duration 1572306938.0904686 1572306940.499951 1572306855-tmpfs_1it_96cpus_40bb-2 139663484188480
read_file 1572306938.054278 1572306938.0585392 bigbrain_769_2412_0.nii 140593287509824
increment_file 1572306938.0588856 1572306939.560535 bigbrain_769_2412_0.nii 140593287509824
write_file 1572306939.5628576 1572306940.542355 inc-bigbrain_769_2412_0.nii 140593287509824
task_duration 1572306938.051345 1572306940.5545328 1572306855-tmpfs_1it_96cpus_40bb-2 140593287509824
read_file 1572306938.0440755 1572306938.049577 bigbrain_769_0_2776.nii 140621022259008
increment_file 1572306938.0501573 1572306939.378138 bigbrain_769_0_2776.nii 140621022259008
write_file 1572306939.3813336 1572306940.4399512 inc-bigbrain_769_0_2776.nii 140621022259008
task_duration 1572306938.0397305 1572306940.454699 1572306855-tmpfs_1it_96cpus_40bb-2 140621022259008
read_file 1572306938.0415606 1572306938.0444164 bigbrain_769_1206_2776.nii 139838227535680
increment_file 1572306938.0447488 1572306939.2941284 bigbrain_769_1206_2776.nii 139838227535680
write_file 1572306939.295714 1572306940.384876 inc-bigbrain_769_1206_2776.nii 139838227535680
task_duration 1572306938.0397918 1572306940.4176905 1572306855-tmpfs_1it_96cpus_40bb-2 139838227535680
read_file 1572306937.9786777 1572306937.982436 bigbrain_769_603_1388.nii 139660687124288
increment_file 1572306937.9826806 1572306939.343035 bigbrain_769_603_1388.nii 139660687124288
write_file 1572306939.3444967 1572306940.4231205 inc-bigbrain_769_603_1388.nii 139660687124288
task_duration 1572306937.9758282 1572306940.4381719 1572306855-tmpfs_1it_96cpus_40bb-2 139660687124288
read_file 1572306937.921257 1572306937.9242887 bigbrain_769_1206_1388.nii 140181706635072
increment_file 1572306937.9246643 1572306939.4451 bigbrain_769_1206_1388.nii 140181706635072
write_file 1572306939.4472196 1572306940.529226 inc-bigbrain_769_1206_1388.nii 140181706635072
task_duration 1572306937.919582 1572306940.5425904 1572306855-tmpfs_1it_96cpus_40bb-2 140181706635072
read_file 1572306937.9192505 1572306937.922519 bigbrain_769_2412_2776.nii 140699887302464
increment_file 1572306937.9227827 1572306939.31532 bigbrain_769_2412_2776.nii 140699887302464
write_file 1572306939.3170822 1572306940.4030375 inc-bigbrain_769_2412_2776.nii 140699887302464
task_duration 1572306937.916663 1572306940.4188595 1572306855-tmpfs_1it_96cpus_40bb-2 140699887302464
read_file 1572306937.903229 1572306937.9097407 bigbrain_769_0_0.nii 140595015989056
increment_file 1572306937.9105399 1572306939.3159838 bigbrain_769_0_0.nii 140595015989056
write_file 1572306939.3193727 1572306940.379621 inc-bigbrain_769_0_0.nii 140595015989056
task_duration 1572306937.8991761 1572306940.396085 1572306855-tmpfs_1it_96cpus_40bb-2 140595015989056
read_file 1572306937.8788626 1572306937.8816056 bigbrain_769_603_0.nii 140088835901248
increment_file 1572306937.8818421 1572306939.336184 bigbrain_769_603_0.nii 140088835901248
write_file 1572306939.3378792 1572306940.3988354 inc-bigbrain_769_603_0.nii 140088835901248
task_duration 1572306937.8767142 1572306940.414757 1572306855-tmpfs_1it_96cpus_40bb-2 140088835901248
read_file 1572306937.8742723 1572306937.8780127 bigbrain_769_1809_2082.nii 140215648966464
increment_file 1572306937.8784606 1572306939.2979033 bigbrain_769_1809_2082.nii 140215648966464
write_file 1572306939.2995214 1572306940.4169905 inc-bigbrain_769_1809_2082.nii 140215648966464
task_duration 1572306937.8718007 1572306940.4352064 1572306855-tmpfs_1it_96cpus_40bb-2 140215648966464
read_file 1572306937.867276 1572306937.8700883 bigbrain_769_2412_2082.nii 140539376293696
increment_file 1572306937.8703985 1572306939.4137409 bigbrain_769_2412_2082.nii 140539376293696
write_file 1572306939.4151828 1572306940.4826367 inc-bigbrain_769_2412_2082.nii 140539376293696
task_duration 1572306937.8647258 1572306940.496804 1572306855-tmpfs_1it_96cpus_40bb-2 140539376293696
read_file 1572306937.8373923 1572306937.840092 bigbrain_769_1809_2776.nii 140457566066496
increment_file 1572306937.8403602 1572306939.2801857 bigbrain_769_1809_2776.nii 140457566066496
write_file 1572306939.2814867 1572306940.3758552 inc-bigbrain_769_1809_2776.nii 140457566066496
task_duration 1572306937.8352985 1572306940.3923945 1572306855-tmpfs_1it_96cpus_40bb-2 140457566066496
read_file 1572306937.823828 1572306937.8271725 bigbrain_769_1809_694.nii 140580246091584
increment_file 1572306937.8275673 1572306939.3889945 bigbrain_769_1809_694.nii 140580246091584
write_file 1572306939.3922343 1572306940.5245087 inc-bigbrain_769_1809_694.nii 140580246091584
task_duration 1572306937.820729 1572306940.5378478 1572306855-tmpfs_1it_96cpus_40bb-2 140580246091584
read_file 1572306937.7899435 1572306937.792619 bigbrain_769_1809_0.nii 140646610708288
increment_file 1572306937.7928424 1572306939.3560631 bigbrain_769_1809_0.nii 140646610708288
write_file 1572306939.3575094 1572306940.4221327 inc-bigbrain_769_1809_0.nii 140646610708288
task_duration 1572306937.7876828 1572306940.4376018 1572306855-tmpfs_1it_96cpus_40bb-2 140646610708288
read_file 1572306937.7855816 1572306937.7875557 bigbrain_769_1809_1388.nii 139936631826240
increment_file 1572306937.7877243 1572306939.2898912 bigbrain_769_1809_1388.nii 139936631826240
write_file 1572306939.29209 1572306940.5243852 inc-bigbrain_769_1809_1388.nii 139936631826240
task_duration 1572306937.7838671 1572306940.5373347 1572306855-tmpfs_1it_96cpus_40bb-2 139936631826240
read_file 1572306937.7758265 1572306937.7797735 bigbrain_769_0_694.nii 140517002843968
increment_file 1572306937.7802243 1572306939.4404047 bigbrain_769_0_694.nii 140517002843968
write_file 1572306939.4437525 1572306940.593416 inc-bigbrain_769_0_694.nii 140517002843968
task_duration 1572306937.772071 1572306940.6058936 1572306855-tmpfs_1it_96cpus_40bb-2 140517002843968
read_file 1572306937.768144 1572306937.7705214 bigbrain_769_1206_2082.nii 140150464427840
increment_file 1572306937.7708359 1572306939.2098317 bigbrain_769_1206_2082.nii 140150464427840
write_file 1572306939.2124019 1572306940.2802207 inc-bigbrain_769_1206_2082.nii 140150464427840
task_duration 1572306937.7659516 1572306940.297862 1572306855-tmpfs_1it_96cpus_40bb-2 140150464427840
read_file 1572306937.746067 1572306937.7481441 bigbrain_769_1206_694.nii 140629449119552
increment_file 1572306937.7483482 1572306939.3222644 bigbrain_769_1206_694.nii 140629449119552
write_file 1572306939.3243668 1572306940.5804877 inc-bigbrain_769_1206_694.nii 140629449119552
task_duration 1572306937.7441967 1572306940.5996373 1572306855-tmpfs_1it_96cpus_40bb-2 140629449119552
read_file 1572306937.5706623 1572306937.5728233 bigbrain_3076_603_2082.nii 140626966259520
increment_file 1572306937.5730743 1572306939.0336583 bigbrain_3076_603_2082.nii 140626966259520
write_file 1572306939.0362978 1572306940.0460827 inc-bigbrain_3076_603_2082.nii 140626966259520
task_duration 1572306937.5687172 1572306940.0650384 1572306855-tmpfs_1it_96cpus_40bb-2 140626966259520
read_file 1572306937.4866128 1572306937.4882808 bigbrain_769_0_2082.nii 140069097813824
increment_file 1572306937.4944315 1572306939.0655859 bigbrain_769_0_2082.nii 140069097813824
write_file 1572306939.067502 1572306940.4273016 inc-bigbrain_769_0_2082.nii 140069097813824
task_duration 1572306937.48508 1572306940.4424677 1572306855-tmpfs_1it_96cpus_40bb-2 140069097813824
read_file 1572306937.478514 1572306937.482182 bigbrain_3076_603_1388.nii 140276452788032
increment_file 1572306937.4824624 1572306939.5772617 bigbrain_3076_603_1388.nii 140276452788032
write_file 1572306939.5795949 1572306940.1396427 inc-bigbrain_3076_603_1388.nii 140276452788032
task_duration 1572306937.4330258 1572306940.1525116 1572306855-tmpfs_1it_96cpus_40bb-2 140276452788032
read_file 1572306937.450054 1572306937.4517016 bigbrain_769_0_1388.nii 140511238858560
increment_file 1572306937.451842 1572306938.9562874 bigbrain_769_0_1388.nii 140511238858560
write_file 1572306938.9575596 1572306939.9361975 inc-bigbrain_769_0_1388.nii 140511238858560
task_duration 1572306937.4485002 1572306939.9549313 1572306855-tmpfs_1it_96cpus_40bb-2 140511238858560
read_file 1572306937.4371219 1572306937.4388688 bigbrain_3076_603_694.nii 140087171618624
increment_file 1572306937.4390242 1572306939.1218793 bigbrain_3076_603_694.nii 140087171618624
write_file 1572306939.123066 1572306940.1551092 inc-bigbrain_3076_603_694.nii 140087171618624
task_duration 1572306937.435553 1572306940.1732242 1572306855-tmpfs_1it_96cpus_40bb-2 140087171618624
read_file 1572306937.2159755 1572306937.2179513 bigbrain_3076_603_2776.nii 140536448194368
increment_file 1572306937.2181177 1572306938.7693949 bigbrain_3076_603_2776.nii 140536448194368
write_file 1572306938.770777 1572306939.6605077 inc-bigbrain_3076_603_2776.nii 140536448194368
task_duration 1572306937.2142372 1572306939.6789496 1572306855-tmpfs_1it_96cpus_40bb-2 140536448194368
read_file 1572306933.3478508 1572306933.36359 bigbrain_3076_2412_694.nii 140617111177024
increment_file 1572306933.3651016 1572306936.4693613 bigbrain_3076_2412_694.nii 140617111177024
write_file 1572306936.4733095 1572306939.5690098 inc-bigbrain_3076_2412_694.nii 140617111177024
task_duration 1572306933.339631 1572306939.5835292 1572306855-tmpfs_1it_96cpus_40bb-2 140617111177024
read_file 1572306933.242764 1572306933.2585266 bigbrain_3076_603_0.nii 140079025174336
increment_file 1572306933.2598193 1572306936.47191 bigbrain_3076_603_0.nii 140079025174336
write_file 1572306936.4755075 1572306939.5805385 inc-bigbrain_3076_603_0.nii 140079025174336
task_duration 1572306933.233333 1572306939.6113126 1572306855-tmpfs_1it_96cpus_40bb-2 140079025174336
read_file 1572306933.1505775 1572306933.1637044 bigbrain_3076_2412_2776.nii 140368357599040
increment_file 1572306933.164967 1572306936.3641162 bigbrain_3076_2412_2776.nii 140368357599040
write_file 1572306936.3682792 1572306939.123451 inc-bigbrain_3076_2412_2776.nii 140368357599040
task_duration 1572306933.1422758 1572306939.1647856 1572306855-tmpfs_1it_96cpus_40bb-2 140368357599040
read_file 1572306933.055068 1572306933.068744 bigbrain_3076_2412_2082.nii 140713322313536
increment_file 1572306933.07017 1572306936.2853403 bigbrain_3076_2412_2082.nii 140713322313536
write_file 1572306936.2905633 1572306938.737281 inc-bigbrain_3076_2412_2082.nii 140713322313536
task_duration 1572306933.0469236 1572306938.873152 1572306855-tmpfs_1it_96cpus_40bb-2 140713322313536
read_file 1572306932.87506 1572306932.886951 bigbrain_3076_1206_694.nii 140706987517760
increment_file 1572306932.887989 1572306936.168268 bigbrain_3076_1206_694.nii 140706987517760
write_file 1572306936.1838477 1572306939.5003295 inc-bigbrain_3076_1206_694.nii 140706987517760
task_duration 1572306932.8685224 1572306939.518611 1572306855-tmpfs_1it_96cpus_40bb-2 140706987517760
read_file 1572306932.7519815 1572306932.763809 bigbrain_2307_603_694.nii 140298617673536
increment_file 1572306932.7650673 1572306936.140999 bigbrain_2307_603_694.nii 140298617673536
write_file 1572306936.1577227 1572306939.4956396 inc-bigbrain_2307_603_694.nii 140298617673536
task_duration 1572306932.7438152 1572306939.513381 1572306855-tmpfs_1it_96cpus_40bb-2 140298617673536
read_file 1572306932.7524292 1572306932.7618308 bigbrain_3076_1809_1388.nii 140627604461376
increment_file 1572306932.7628543 1572306936.1269162 bigbrain_3076_1809_1388.nii 140627604461376
write_file 1572306936.1515524 1572306939.5326145 inc-bigbrain_3076_1809_1388.nii 140627604461376
task_duration 1572306932.7465568 1572306939.5510223 1572306855-tmpfs_1it_96cpus_40bb-2 140627604461376
read_file 1572306932.6521142 1572306932.658764 bigbrain_3076_1809_2776.nii 140623447865152
increment_file 1572306932.6596324 1572306935.0251937 bigbrain_3076_1809_2776.nii 140623447865152
write_file 1572306935.0302327 1572306937.1444647 inc-bigbrain_3076_1809_2776.nii 140623447865152
task_duration 1572306932.6472924 1572306937.1735835 1572306855-tmpfs_1it_96cpus_40bb-2 140623447865152
read_file 1572306932.6198938 1572306932.632613 bigbrain_2307_1809_694.nii 140372446275392
increment_file 1572306932.6338444 1572306935.9995842 bigbrain_2307_1809_694.nii 140372446275392
write_file 1572306936.0059855 1572306939.549638 inc-bigbrain_2307_1809_694.nii 140372446275392
task_duration 1572306932.6125317 1572306939.5707402 1572306855-tmpfs_1it_96cpus_40bb-2 140372446275392
read_file 1572306932.6250684 1572306932.63151 bigbrain_3076_1206_2082.nii 140338457110336
increment_file 1572306932.6320372 1572306934.9892342 bigbrain_3076_1206_2082.nii 140338457110336
write_file 1572306934.9948025 1572306937.1374218 inc-bigbrain_3076_1206_2082.nii 140338457110336
task_duration 1572306932.6201022 1572306937.169597 1572306855-tmpfs_1it_96cpus_40bb-2 140338457110336
read_file 1572306932.5003312 1572306932.5133407 bigbrain_3076_0_1388.nii 139921066166080
increment_file 1572306932.514606 1572306935.9393506 bigbrain_3076_0_1388.nii 139921066166080
write_file 1572306935.9445488 1572306939.4683952 inc-bigbrain_3076_0_1388.nii 139921066166080
task_duration 1572306932.4919322 1572306939.4871624 1572306855-tmpfs_1it_96cpus_40bb-2 139921066166080
read_file 1572306932.431646 1572306932.4436853 bigbrain_1538_603_694.nii 140394203633472
increment_file 1572306932.444555 1572306935.9603274 bigbrain_1538_603_694.nii 140394203633472
write_file 1572306935.9726248 1572306939.5627513 inc-bigbrain_1538_603_694.nii 140394203633472
task_duration 1572306932.4245863 1572306939.578025 1572306855-tmpfs_1it_96cpus_40bb-2 140394203633472
read_file 1572306932.428279 1572306932.432933 bigbrain_3076_1809_0.nii 140410027489088
increment_file 1572306932.4333289 1572306934.781812 bigbrain_3076_1809_0.nii 140410027489088
write_file 1572306934.7883322 1572306937.1399071 inc-bigbrain_3076_1809_0.nii 140410027489088
task_duration 1572306932.4247613 1572306937.1769977 1572306855-tmpfs_1it_96cpus_40bb-2 140410027489088
read_file 1572306932.417375 1572306932.4301662 bigbrain_3076_0_2082.nii 140405375899456
increment_file 1572306932.4313972 1572306935.9373317 bigbrain_3076_0_2082.nii 140405375899456
write_file 1572306935.9433525 1572306939.3696969 inc-bigbrain_3076_0_2082.nii 140405375899456
task_duration 1572306932.4093492 1572306939.3979115 1572306855-tmpfs_1it_96cpus_40bb-2 140405375899456
read_file 1572306932.4023702 1572306932.4143736 bigbrain_2307_0_2082.nii 140292556523328
increment_file 1572306932.4154222 1572306935.9118228 bigbrain_2307_0_2082.nii 140292556523328
write_file 1572306935.9175518 1572306939.084367 inc-bigbrain_2307_0_2082.nii 140292556523328
task_duration 1572306932.3950624 1572306939.1560724 1572306855-tmpfs_1it_96cpus_40bb-2 140292556523328
read_file 1572306932.383404 1572306932.3892925 bigbrain_2307_2412_2776.nii 139899125880640
increment_file 1572306932.3900666 1572306934.8066373 bigbrain_2307_2412_2776.nii 139899125880640
write_file 1572306934.8161623 1572306936.9452846 inc-bigbrain_2307_2412_2776.nii 139899125880640
task_duration 1572306932.3790712 1572306936.9930952 1572306855-tmpfs_1it_96cpus_40bb-2 139899125880640
read_file 1572306932.3797436 1572306932.3843408 bigbrain_3076_1809_694.nii 140066172950336
increment_file 1572306932.3847759 1572306934.7385738 bigbrain_3076_1809_694.nii 140066172950336
write_file 1572306934.7437196 1572306937.055915 inc-bigbrain_3076_1809_694.nii 140066172950336
task_duration 1572306932.376325 1572306937.1003833 1572306855-tmpfs_1it_96cpus_40bb-2 140066172950336
read_file 1572306932.3627386 1572306932.367266 bigbrain_3076_1206_2776.nii 140121171916608
increment_file 1572306932.3676772 1572306934.749533 bigbrain_3076_1206_2776.nii 140121171916608
write_file 1572306934.7546527 1572306936.9741528 inc-bigbrain_3076_1206_2776.nii 140121171916608
task_duration 1572306932.3592856 1572306937.0031416 1572306855-tmpfs_1it_96cpus_40bb-2 140121171916608
read_file 1572306932.3566546 1572306932.3640559 bigbrain_2307_1206_694.nii 139747101538112
increment_file 1572306932.36484 1572306935.8772151 bigbrain_2307_1206_694.nii 139747101538112
write_file 1572306935.8826618 1572306939.4749527 inc-bigbrain_2307_1206_694.nii 139747101538112
task_duration 1572306932.3524811 1572306939.4940343 1572306855-tmpfs_1it_96cpus_40bb-2 139747101538112
read_file 1572306932.3512287 1572306932.3556838 bigbrain_3076_1809_2082.nii 139880704014144
increment_file 1572306932.356107 1572306934.700446 bigbrain_3076_1809_2082.nii 139880704014144
write_file 1572306934.705751 1572306937.0918648 inc-bigbrain_3076_1809_2082.nii 139880704014144
task_duration 1572306932.3480575 1572306937.115226 1572306855-tmpfs_1it_96cpus_40bb-2 139880704014144
read_file 1572306932.3439982 1572306932.3553946 bigbrain_2307_2412_0.nii 140561474479936
increment_file 1572306932.3565302 1572306935.8547308 bigbrain_2307_2412_0.nii 140561474479936
write_file 1572306935.8607256 1572306939.4420278 inc-bigbrain_2307_2412_0.nii 140561474479936
task_duration 1572306932.3375242 1572306939.4625964 1572306855-tmpfs_1it_96cpus_40bb-2 140561474479936
read_file 1572306932.341368 1572306932.3470922 bigbrain_2307_603_2776.nii 139847906281280
increment_file 1572306932.3478556 1572306934.734971 bigbrain_2307_603_2776.nii 139847906281280
write_file 1572306934.7461922 1572306936.9320104 inc-bigbrain_2307_603_2776.nii 139847906281280
task_duration 1572306932.3364308 1572306937.0174203 1572306855-tmpfs_1it_96cpus_40bb-2 139847906281280
read_file 1572306932.3413062 1572306932.3444695 bigbrain_3076_2412_1388.nii 140368717571904
increment_file 1572306932.3447285 1572306934.7100747 bigbrain_3076_2412_1388.nii 140368717571904
write_file 1572306934.7153327 1572306936.945052 inc-bigbrain_3076_2412_1388.nii 140368717571904
task_duration 1572306932.3391218 1572306936.9726374 1572306855-tmpfs_1it_96cpus_40bb-2 140368717571904
read_file 1572306932.3292139 1572306932.3331444 bigbrain_3076_0_694.nii 140579315992384
increment_file 1572306932.3335624 1572306935.7710292 bigbrain_3076_0_694.nii 140579315992384
write_file 1572306935.778948 1572306938.5464382 inc-bigbrain_3076_0_694.nii 140579315992384
task_duration 1572306932.3273802 1572306938.6776674 1572306855-tmpfs_1it_96cpus_40bb-2 140579315992384
read_file 1572306932.32563 1572306932.3307276 bigbrain_3076_0_2776.nii 139888933340992
increment_file 1572306932.331303 1572306934.6713805 bigbrain_3076_0_2776.nii 139888933340992
write_file 1572306934.6810122 1572306937.0632749 inc-bigbrain_3076_0_2776.nii 139888933340992
task_duration 1572306932.3216283 1572306937.091425 1572306855-tmpfs_1it_96cpus_40bb-2 139888933340992
read_file 1572306932.3102968 1572306932.3132129 bigbrain_2307_603_0.nii 140359757068096
increment_file 1572306932.3135052 1572306934.6262255 bigbrain_2307_603_0.nii 140359757068096
write_file 1572306934.6309133 1572306936.9873116 inc-bigbrain_2307_603_0.nii 140359757068096
task_duration 1572306932.3080323 1572306937.0428188 1572306855-tmpfs_1it_96cpus_40bb-2 140359757068096
read_file 1572306932.2993836 1572306932.3110626 bigbrain_1538_603_1388.nii 139829652305728
increment_file 1572306932.3120534 1572306935.7315454 bigbrain_1538_603_1388.nii 139829652305728
write_file 1572306935.7367516 1572306939.419853 inc-bigbrain_1538_603_1388.nii 139829652305728
task_duration 1572306932.292522 1572306939.4429283 1572306855-tmpfs_1it_96cpus_40bb-2 139829652305728
read_file 1572306932.3014426 1572306932.3049188 bigbrain_3076_2412_0.nii 140233201506112
increment_file 1572306932.3052657 1572306934.652339 bigbrain_3076_2412_0.nii 140233201506112
write_file 1572306934.6570146 1572306937.0472472 inc-bigbrain_3076_2412_0.nii 140233201506112
task_duration 1572306932.2984369 1572306937.0966442 1572306855-tmpfs_1it_96cpus_40bb-2 140233201506112
read_file 1572306932.3001273 1572306932.3039603 bigbrain_2307_603_2082.nii 140531015952192
increment_file 1572306932.3065398 1572306934.5963602 bigbrain_2307_603_2082.nii 140531015952192
write_file 1572306934.606732 1572306937.053073 inc-bigbrain_2307_603_2082.nii 140531015952192
task_duration 1572306932.2969363 1572306937.0776792 1572306855-tmpfs_1it_96cpus_40bb-2 140531015952192
read_file 1572306932.2995765 1572306932.303508 bigbrain_2307_603_1388.nii 140522411534144
increment_file 1572306932.3041224 1572306934.6445851 bigbrain_2307_603_1388.nii 140522411534144
write_file 1572306934.6547914 1572306936.9924376 inc-bigbrain_2307_603_1388.nii 140522411534144
task_duration 1572306932.2964096 1572306937.0326235 1572306855-tmpfs_1it_96cpus_40bb-2 140522411534144
read_file 1572306932.2909653 1572306932.2955148 bigbrain_2307_1206_2776.nii 139825097828160
increment_file 1572306932.2961557 1572306934.693517 bigbrain_2307_1206_2776.nii 139825097828160
write_file 1572306934.7038596 1572306936.9132595 inc-bigbrain_2307_1206_2776.nii 139825097828160
task_duration 1572306932.2870824 1572306936.9451585 1572306855-tmpfs_1it_96cpus_40bb-2 139825097828160
read_file 1572306932.2924438 1572306932.2954702 bigbrain_3076_1206_1388.nii 139872239691584
increment_file 1572306932.295772 1572306934.6394656 bigbrain_3076_1206_1388.nii 139872239691584
write_file 1572306934.644637 1572306937.010662 inc-bigbrain_3076_1206_1388.nii 139872239691584
task_duration 1572306932.2897053 1572306937.0624092 1572306855-tmpfs_1it_96cpus_40bb-2 139872239691584
read_file 1572306932.2699473 1572306932.274382 bigbrain_3076_0_0.nii 139735689586496
increment_file 1572306932.2750194 1572306934.6248074 bigbrain_3076_0_0.nii 139735689586496
write_file 1572306934.6342852 1572306937.0040903 inc-bigbrain_3076_0_0.nii 139735689586496
task_duration 1572306932.2664182 1572306937.058703 1572306855-tmpfs_1it_96cpus_40bb-2 139735689586496
read_file 1572306932.262809 1572306932.2662096 bigbrain_2307_1809_1388.nii 140452953950016
increment_file 1572306932.2666533 1572306934.6042297 bigbrain_2307_1809_1388.nii 140452953950016
write_file 1572306934.6128879 1572306937.0059576 inc-bigbrain_2307_1809_1388.nii 140452953950016
task_duration 1572306932.2599213 1572306937.0823486 1572306855-tmpfs_1it_96cpus_40bb-2 140452953950016
read_file 1572306932.2557695 1572306932.2632601 bigbrain_2307_1206_2082.nii 140079237252928
increment_file 1572306932.263926 1572306935.7884748 bigbrain_2307_1206_2082.nii 140079237252928
write_file 1572306935.7941184 1572306939.4362702 inc-bigbrain_2307_1206_2082.nii 140079237252928
task_duration 1572306932.2515724 1572306939.457743 1572306855-tmpfs_1it_96cpus_40bb-2 140079237252928
read_file 1572306932.239556 1572306932.2476752 bigbrain_2307_2412_2082.nii 139817872045888
increment_file 1572306932.2482915 1572306934.6049857 bigbrain_2307_2412_2082.nii 139817872045888
write_file 1572306934.6241188 1572306936.993546 inc-bigbrain_2307_2412_2082.nii 139817872045888
task_duration 1572306932.234932 1572306937.044062 1572306855-tmpfs_1it_96cpus_40bb-2 139817872045888
read_file 1572306932.2392044 1572306932.2421372 bigbrain_3076_1206_0.nii 140039524345664
increment_file 1572306932.2424023 1572306934.6142886 bigbrain_3076_1206_0.nii 140039524345664
write_file 1572306934.6189456 1572306936.887812 inc-bigbrain_3076_1206_0.nii 140039524345664
task_duration 1572306932.2369766 1572306936.9218605 1572306855-tmpfs_1it_96cpus_40bb-2 140039524345664
read_file 1572306932.2281382 1572306932.2369974 bigbrain_2307_2412_1388.nii 140647841224512
increment_file 1572306932.237799 1572306935.7536552 bigbrain_2307_2412_1388.nii 140647841224512
write_file 1572306935.7608657 1572306939.4124706 inc-bigbrain_2307_2412_1388.nii 140647841224512
task_duration 1572306932.2225735 1572306939.4359283 1572306855-tmpfs_1it_96cpus_40bb-2 140647841224512
read_file 1572306932.2050996 1572306932.2098641 bigbrain_2307_0_0.nii 139655077717824
increment_file 1572306932.210405 1572306934.5647252 bigbrain_2307_0_0.nii 139655077717824
write_file 1572306934.576226 1572306936.9507983 inc-bigbrain_2307_0_0.nii 139655077717824
task_duration 1572306932.2013557 1572306936.979643 1572306855-tmpfs_1it_96cpus_40bb-2 139655077717824
read_file 1572306932.197478 1572306932.2056181 bigbrain_1538_2412_2082.nii 140654903932736
increment_file 1572306932.206214 1572306935.77391 bigbrain_1538_2412_2082.nii 140654903932736
write_file 1572306935.778723 1572306939.470711 inc-bigbrain_1538_2412_2082.nii 140654903932736
task_duration 1572306932.192072 1572306939.503514 1572306855-tmpfs_1it_96cpus_40bb-2 140654903932736
read_file 1572306932.1992202 1572306932.2053754 bigbrain_2307_0_1388.nii 140001812326208
increment_file 1572306932.2058058 1572306934.5089297 bigbrain_2307_0_1388.nii 140001812326208
write_file 1572306934.530271 1572306936.9804091 inc-bigbrain_2307_0_1388.nii 140001812326208
task_duration 1572306932.195659 1572306937.0352573 1572306855-tmpfs_1it_96cpus_40bb-2 140001812326208
read_file 1572306932.1722896 1572306932.1768103 bigbrain_2307_1809_0.nii 140501214250816
increment_file 1572306932.1773417 1572306934.4891655 bigbrain_2307_1809_0.nii 140501214250816
write_file 1572306934.500254 1572306936.9704862 inc-bigbrain_2307_1809_0.nii 140501214250816
task_duration 1572306932.168653 1572306937.0262096 1572306855-tmpfs_1it_96cpus_40bb-2 140501214250816
read_file 1572306932.1707757 1572306932.1747804 bigbrain_2307_1206_0.nii 139666573109056
increment_file 1572306932.175355 1572306934.5212057 bigbrain_2307_1206_0.nii 139666573109056
write_file 1572306934.530796 1572306937.020485 inc-bigbrain_2307_1206_0.nii 139666573109056
task_duration 1572306932.1675196 1572306937.0868876 1572306855-tmpfs_1it_96cpus_40bb-2 139666573109056
read_file 1572306932.1585248 1572306932.1651678 bigbrain_2307_1206_1388.nii 139967308064576
increment_file 1572306932.165741 1572306935.5834434 bigbrain_2307_1206_1388.nii 139967308064576
write_file 1572306935.5899298 1572306939.3098624 inc-bigbrain_2307_1206_1388.nii 139967308064576
task_duration 1572306932.1547484 1572306939.3352559 1572306855-tmpfs_1it_96cpus_40bb-2 139967308064576
read_file 1572306932.1426544 1572306932.1517467 bigbrain_2307_0_694.nii 140615091709760
increment_file 1572306932.1524074 1572306935.6765342 bigbrain_2307_0_694.nii 140615091709760
write_file 1572306935.6811721 1572306939.4331543 inc-bigbrain_2307_0_694.nii 140615091709760
task_duration 1572306932.137295 1572306939.4635873 1572306855-tmpfs_1it_96cpus_40bb-2 140615091709760
read_file 1572306932.1410484 1572306932.1487167 bigbrain_2307_0_2776.nii 139997564831552
increment_file 1572306932.1494727 1572306935.682636 bigbrain_2307_0_2776.nii 139997564831552
write_file 1572306935.6878183 1572306939.361277 inc-bigbrain_2307_0_2776.nii 139997564831552
task_duration 1572306932.1362317 1572306939.3890827 1572306855-tmpfs_1it_96cpus_40bb-2 139997564831552
read_file 1572306932.143556 1572306932.146011 bigbrain_1538_603_0.nii 140233278043968
increment_file 1572306932.14623 1572306934.424397 bigbrain_1538_603_0.nii 140233278043968
write_file 1572306934.4292743 1572306936.8706665 inc-bigbrain_1538_603_0.nii 140233278043968
task_duration 1572306932.1415699 1572306936.9096892 1572306855-tmpfs_1it_96cpus_40bb-2 140233278043968
read_file 1572306932.1277618 1572306932.1349032 bigbrain_1538_603_2776.nii 139925129168704
increment_file 1572306932.1354387 1572306935.695054 bigbrain_1538_603_2776.nii 139925129168704
write_file 1572306935.7013357 1572306938.7458572 inc-bigbrain_1538_603_2776.nii 139925129168704
task_duration 1572306932.1241844 1572306938.876734 1572306855-tmpfs_1it_96cpus_40bb-2 139925129168704
read_file 1572306932.110098 1572306932.1143076 bigbrain_2307_1809_2776.nii 140671774553920
increment_file 1572306932.114702 1572306935.4381373 bigbrain_2307_1809_2776.nii 140671774553920
write_file 1572306935.4446387 1572306938.6186593 inc-bigbrain_2307_1809_2776.nii 140671774553920
task_duration 1572306932.1077259 1572306938.7616746 1572306855-tmpfs_1it_96cpus_40bb-2 140671774553920
read_file 1572306932.0973635 1572306932.1009016 bigbrain_2307_1809_2082.nii 139931904096064
increment_file 1572306932.1012704 1572306934.4038448 bigbrain_2307_1809_2082.nii 139931904096064
write_file 1572306934.4153786 1572306936.8147008 inc-bigbrain_2307_1809_2082.nii 139931904096064
task_duration 1572306932.0942082 1572306936.841523 1572306855-tmpfs_1it_96cpus_40bb-2 139931904096064
read_file 1572306932.0989468 1572306932.1008918 bigbrain_2307_2412_694.nii 139986419263296
increment_file 1572306932.1010685 1572306934.2989228 bigbrain_2307_2412_694.nii 139986419263296
write_file 1572306934.303659 1572306936.8122528 inc-bigbrain_2307_2412_694.nii 139986419263296
task_duration 1572306932.0973358 1572306936.8434412 1572306855-tmpfs_1it_96cpus_40bb-2 139986419263296
read_file 1572306932.089515 1572306932.092534 bigbrain_1538_2412_1388.nii 139851540891456
increment_file 1572306932.092742 1572306935.6672173 bigbrain_1538_2412_1388.nii 139851540891456
write_file 1572306935.6761613 1572306939.405997 inc-bigbrain_1538_2412_1388.nii 139851540891456
task_duration 1572306932.087546 1572306939.4371338 1572306855-tmpfs_1it_96cpus_40bb-2 139851540891456
read_file 1572306932.0827928 1572306932.0851655 bigbrain_1538_2412_2776.nii 139949569029952
increment_file 1572306932.085342 1572306934.2318172 bigbrain_1538_2412_2776.nii 139949569029952
write_file 1572306934.238647 1572306936.7886934 inc-bigbrain_1538_2412_2776.nii 139949569029952
task_duration 1572306932.0711274 1572306936.8248482 1572306855-tmpfs_1it_96cpus_40bb-2 139949569029952
read_file 1572306932.0811074 1572306932.0845938 bigbrain_1538_603_2082.nii 139884357531456
increment_file 1572306932.084845 1572306935.49877 bigbrain_1538_603_2082.nii 139884357531456
write_file 1572306935.5121012 1572306939.2647815 inc-bigbrain_1538_603_2082.nii 139884357531456
task_duration 1572306932.0786846 1572306939.3012726 1572306855-tmpfs_1it_96cpus_40bb-2 139884357531456
read_file 1572306931.9706593 1572306931.9740124 bigbrain_1538_1809_2776.nii 140568301573952
increment_file 1572306931.9744077 1572306935.3644378 bigbrain_1538_1809_2776.nii 140568301573952
write_file 1572306935.381899 1572306939.1575878 inc-bigbrain_1538_1809_2776.nii 140568301573952
task_duration 1572306931.9689193 1572306939.2116516 1572306855-tmpfs_1it_96cpus_40bb-2 140568301573952
read_file 1572306931.912327 1572306931.9141967 bigbrain_1538_2412_694.nii 140639049656128
increment_file 1572306931.91436 1572306934.1499853 bigbrain_1538_2412_694.nii 140639049656128
write_file 1572306934.1548638 1572306936.7206314 inc-bigbrain_1538_2412_694.nii 140639049656128
task_duration 1572306931.9107056 1572306936.7587187 1572306855-tmpfs_1it_96cpus_40bb-2 140639049656128
read_file 1572306931.8885384 1572306931.891028 bigbrain_1538_2412_0.nii 140227292411712
increment_file 1572306931.8912473 1572306934.3882563 bigbrain_1538_2412_0.nii 140227292411712
write_file 1572306934.3931992 1572306936.682552 inc-bigbrain_1538_2412_0.nii 140227292411712
task_duration 1572306931.8863451 1572306936.71186 1572306855-tmpfs_1it_96cpus_40bb-2 140227292411712
read_file 1572306931.8585558 1572306931.8824396 bigbrain_1538_1809_1388.nii 140111871874880
increment_file 1572306931.8826275 1572306935.4486077 bigbrain_1538_1809_1388.nii 140111871874880
write_file 1572306935.4767888 1572306938.699184 inc-bigbrain_1538_1809_1388.nii 140111871874880
task_duration 1572306931.85685 1572306938.843567 1572306855-tmpfs_1it_96cpus_40bb-2 140111871874880
read_file 1572306931.8435202 1572306931.8453906 bigbrain_1538_1809_2082.nii 139875302958912
increment_file 1572306931.8455753 1572306934.0647993 bigbrain_1538_1809_2082.nii 139875302958912
write_file 1572306934.0740166 1572306936.6404712 inc-bigbrain_1538_1809_2082.nii 139875302958912
task_duration 1572306931.8418672 1572306936.6720593 1572306855-tmpfs_1it_96cpus_40bb-2 139875302958912
read_file 1572306931.8342938 1572306931.8362892 bigbrain_1538_1206_2082.nii 140133404616512
increment_file 1572306931.8364828 1572306934.112891 bigbrain_1538_1206_2082.nii 140133404616512
write_file 1572306934.1244845 1572306936.7029815 inc-bigbrain_1538_1206_2082.nii 140133404616512
task_duration 1572306931.832527 1572306936.7343981 1572306855-tmpfs_1it_96cpus_40bb-2 140133404616512
read_file 1572306931.8214722 1572306931.8242097 bigbrain_1538_1809_694.nii 140321255335744
increment_file 1572306931.8243935 1572306934.0866287 bigbrain_1538_1809_694.nii 140321255335744
write_file 1572306934.095985 1572306936.6545885 inc-bigbrain_1538_1809_694.nii 140321255335744
task_duration 1572306931.8018878 1572306936.687094 1572306855-tmpfs_1it_96cpus_40bb-2 140321255335744
read_file 1572306931.800071 1572306931.802161 bigbrain_1538_1206_2776.nii 140688801240896
increment_file 1572306931.8023553 1572306933.9859502 bigbrain_1538_1206_2776.nii 140688801240896
write_file 1572306934.0030484 1572306936.668433 inc-bigbrain_1538_1206_2776.nii 140688801240896
task_duration 1572306931.7982874 1572306936.711645 1572306855-tmpfs_1it_96cpus_40bb-2 140688801240896
read_file 1572306931.7029648 1572306931.7049417 bigbrain_0_0_1388.nii 140355507521344
increment_file 1572306931.7051044 1572306934.9633248 bigbrain_0_0_1388.nii 140355507521344
write_file 1572306934.9768267 1572306938.6175241 inc-bigbrain_0_0_1388.nii 140355507521344
task_duration 1572306931.6825051 1572306938.794222 1572306855-tmpfs_1it_96cpus_40bb-2 140355507521344
read_file 1572306931.661937 1572306931.6915905 bigbrain_1538_1206_1388.nii 140407596873536
increment_file 1572306931.691741 1572306935.1425414 bigbrain_1538_1206_1388.nii 140407596873536
write_file 1572306935.1490798 1572306939.1396272 inc-bigbrain_1538_1206_1388.nii 140407596873536
task_duration 1572306931.6602068 1572306939.2725086 1572306855-tmpfs_1it_96cpus_40bb-2 140407596873536
read_file 1572306931.6768796 1572306931.690344 bigbrain_0_0_694.nii 139988491110208
increment_file 1572306931.690529 1572306933.9856174 bigbrain_0_0_694.nii 139988491110208
write_file 1572306933.9967206 1572306936.5699403 inc-bigbrain_0_0_694.nii 139988491110208
task_duration 1572306931.6749158 1572306936.6039507 1572306855-tmpfs_1it_96cpus_40bb-2 139988491110208
read_file 1572306931.6827822 1572306931.6847367 bigbrain_1538_0_1388.nii 139647693518656
increment_file 1572306931.6848972 1572306934.8953288 bigbrain_1538_0_1388.nii 139647693518656
write_file 1572306934.9027338 1572306938.7179222 inc-bigbrain_1538_0_1388.nii 139647693518656
task_duration 1572306931.6810694 1572306938.8671007 1572306855-tmpfs_1it_96cpus_40bb-2 139647693518656
read_file 1572306931.6753109 1572306931.6772265 bigbrain_0_2412_694.nii 139759706838848
increment_file 1572306931.6773715 1572306933.9550958 bigbrain_0_2412_694.nii 139759706838848
write_file 1572306933.959748 1572306936.5565345 inc-bigbrain_0_2412_694.nii 139759706838848
task_duration 1572306931.6734984 1572306936.599898 1572306855-tmpfs_1it_96cpus_40bb-2 139759706838848
read_file 1572306931.6732237 1572306931.6749997 bigbrain_0_0_2776.nii 139886281504576
increment_file 1572306931.6751602 1572306933.8601813 bigbrain_0_0_2776.nii 139886281504576
write_file 1572306933.865607 1572306936.4261699 inc-bigbrain_0_0_2776.nii 139886281504576
task_duration 1572306931.6716354 1572306936.4724898 1572306855-tmpfs_1it_96cpus_40bb-2 139886281504576
read_file 1572306931.668356 1572306931.670525 bigbrain_1538_0_694.nii 139851779897152
increment_file 1572306931.6706991 1572306935.0465412 bigbrain_1538_0_694.nii 139851779897152
write_file 1572306935.062885 1572306938.8031769 inc-bigbrain_1538_0_694.nii 139851779897152
task_duration 1572306931.6209912 1572306938.9412773 1572306855-tmpfs_1it_96cpus_40bb-2 139851779897152
read_file 1572306931.6652498 1572306931.669042 bigbrain_0_1206_694.nii 139792382867264
increment_file 1572306931.6694257 1572306935.1843104 bigbrain_0_1206_694.nii 139792382867264
write_file 1572306935.205191 1572306939.024438 inc-bigbrain_0_1206_694.nii 139792382867264
task_duration 1572306931.6624403 1572306939.1091235 1572306855-tmpfs_1it_96cpus_40bb-2 139792382867264
read_file 1572306931.6566691 1572306931.6588242 bigbrain_1538_1206_694.nii 139717726660416
increment_file 1572306931.65901 1572306933.911852 bigbrain_1538_1206_694.nii 139717726660416
write_file 1572306933.9259257 1572306936.4708374 inc-bigbrain_1538_1206_694.nii 139717726660416
task_duration 1572306931.6546218 1572306936.5010157 1572306855-tmpfs_1it_96cpus_40bb-2 139717726660416
read_file 1572306931.6346922 1572306931.6550026 bigbrain_1538_0_0.nii 140524690884416
increment_file 1572306931.6551676 1572306935.0567844 bigbrain_1538_0_0.nii 140524690884416
write_file 1572306935.0759966 1572306938.9748256 inc-bigbrain_1538_0_0.nii 140524690884416
task_duration 1572306931.6328256 1572306939.060784 1572306855-tmpfs_1it_96cpus_40bb-2 140524690884416
read_file 1572306931.6502283 1572306931.652193 bigbrain_0_2412_1388.nii 140711860336448
increment_file 1572306931.6523476 1572306935.0261729 bigbrain_0_2412_1388.nii 140711860336448
write_file 1572306935.0363958 1572306938.7888684 inc-bigbrain_0_2412_1388.nii 140711860336448
task_duration 1572306931.6484127 1572306938.9372876 1572306855-tmpfs_1it_96cpus_40bb-2 140711860336448
read_file 1572306931.6449037 1572306931.6480436 bigbrain_1538_0_2776.nii 140460875831104
increment_file 1572306931.6481872 1572306935.0041325 bigbrain_1538_0_2776.nii 140460875831104
write_file 1572306935.01153 1572306938.745076 inc-bigbrain_1538_0_2776.nii 140460875831104
task_duration 1572306931.6397955 1572306938.8998854 1572306855-tmpfs_1it_96cpus_40bb-2 140460875831104
read_file 1572306931.640609 1572306931.6425145 bigbrain_0_1809_0.nii 140702341826368
increment_file 1572306931.6426747 1572306934.9486647 bigbrain_0_1809_0.nii 140702341826368
write_file 1572306934.9654365 1572306938.7000895 inc-bigbrain_0_1809_0.nii 140702341826368
task_duration 1572306931.6210175 1572306938.8644955 1572306855-tmpfs_1it_96cpus_40bb-2 140702341826368
read_file 1572306931.622919 1572306931.6424685 bigbrain_0_1206_2776.nii 139927207589696
increment_file 1572306931.64265 1572306933.813692 bigbrain_0_1206_2776.nii 139927207589696
write_file 1572306933.8252006 1572306936.4407375 inc-bigbrain_0_1206_2776.nii 139927207589696
task_duration 1572306931.621194 1572306936.4848099 1572306855-tmpfs_1it_96cpus_40bb-2 139927207589696
read_file 1572306931.6067815 1572306931.6404195 bigbrain_0_1809_1388.nii 139705094313792
increment_file 1572306931.640566 1572306934.9689927 bigbrain_0_1809_1388.nii 139705094313792
write_file 1572306934.981249 1572306938.9467745 inc-bigbrain_0_1809_1388.nii 139705094313792
task_duration 1572306931.6049116 1572306939.0250309 1572306855-tmpfs_1it_96cpus_40bb-2 139705094313792
read_file 1572306931.6354115 1572306931.6377356 bigbrain_1538_1206_0.nii 140328429934400
increment_file 1572306931.6379156 1572306933.2359083 bigbrain_1538_1206_0.nii 140328429934400
write_file 1572306933.253654 1572306935.83921 inc-bigbrain_1538_1206_0.nii 140328429934400
task_duration 1572306931.624056 1572306935.8850205 1572306855-tmpfs_1it_96cpus_40bb-2 140328429934400
read_file 1572306931.6355991 1572306931.6376312 bigbrain_0_0_2082.nii 140001752581952
increment_file 1572306931.6378038 1572306935.1227243 bigbrain_0_0_2082.nii 140001752581952
write_file 1572306935.143682 1572306938.8729727 inc-bigbrain_0_0_2082.nii 140001752581952
task_duration 1572306931.6336455 1572306938.9767647 1572306855-tmpfs_1it_96cpus_40bb-2 140001752581952
read_file 1572306931.6343918 1572306931.6361244 bigbrain_1538_0_2082.nii 140117351352128
increment_file 1572306931.636253 1572306933.7514946 bigbrain_1538_0_2082.nii 140117351352128
write_file 1572306933.7561636 1572306936.3656607 inc-bigbrain_1538_0_2082.nii 140117351352128
task_duration 1572306931.6315267 1572306936.4133108 1572306855-tmpfs_1it_96cpus_40bb-2 140117351352128
read_file 1572306931.633052 1572306931.6347504 bigbrain_0_603_2082.nii 139653425129280
increment_file 1572306931.634878 1572306935.0463529 bigbrain_0_603_2082.nii 139653425129280
write_file 1572306935.0582633 1572306938.9535704 inc-bigbrain_0_603_2082.nii 139653425129280
task_duration 1572306931.6315217 1572306939.0507033 1572306855-tmpfs_1it_96cpus_40bb-2 139653425129280
read_file 1572306931.6315486 1572306931.6331604 bigbrain_0_1809_694.nii 139978848433984
increment_file 1572306931.6332846 1572306935.1269007 bigbrain_0_1809_694.nii 139978848433984
write_file 1572306935.1325362 1572306938.8358128 inc-bigbrain_0_1809_694.nii 139978848433984
task_duration 1572306931.6300154 1572306938.9602945 1572306855-tmpfs_1it_96cpus_40bb-2 139978848433984
read_file 1572306931.6291897 1572306931.632874 bigbrain_0_603_2776.nii 139834957682496
increment_file 1572306931.633061 1572306935.2565722 bigbrain_0_603_2776.nii 139834957682496
write_file 1572306935.278096 1572306938.0556567 inc-bigbrain_0_603_2776.nii 139834957682496
task_duration 1572306931.6259592 1572306938.1965742 1572306855-tmpfs_1it_96cpus_40bb-2 139834957682496
read_file 1572306931.6247907 1572306931.6267288 bigbrain_0_2412_0.nii 140528882526016
increment_file 1572306931.6268728 1572306934.9826639 bigbrain_0_2412_0.nii 140528882526016
write_file 1572306934.9900038 1572306938.4451866 inc-bigbrain_0_2412_0.nii 140528882526016
task_duration 1572306931.623006 1572306938.6158154 1572306855-tmpfs_1it_96cpus_40bb-2 140528882526016
read_file 1572306931.5896916 1572306931.6213584 bigbrain_0_603_1388.nii 140225641711424
increment_file 1572306931.6215532 1572306933.7212331 bigbrain_0_603_1388.nii 140225641711424
write_file 1572306933.7348783 1572306936.3372483 inc-bigbrain_0_603_1388.nii 140225641711424
task_duration 1572306931.5877512 1572306936.383849 1572306855-tmpfs_1it_96cpus_40bb-2 140225641711424
read_file 1572306931.6154897 1572306931.6174934 bigbrain_1538_1809_0.nii 140056910563136
increment_file 1572306931.617638 1572306935.1628478 bigbrain_1538_1809_0.nii 140056910563136
write_file 1572306935.190579 1572306939.0391505 inc-bigbrain_1538_1809_0.nii 140056910563136
task_duration 1572306931.6138875 1572306939.0992167 1572306855-tmpfs_1it_96cpus_40bb-2 140056910563136
read_file 1572306931.6047864 1572306931.6163893 bigbrain_0_603_0.nii 140143510935360
increment_file 1572306931.616601 1572306935.125934 bigbrain_0_603_0.nii 140143510935360
write_file 1572306935.1321802 1572306937.8507187 inc-bigbrain_0_603_0.nii 140143510935360
task_duration 1572306931.6025836 1572306937.9735403 1572306855-tmpfs_1it_96cpus_40bb-2 140143510935360
read_file 1572306931.6056178 1572306931.6159184 bigbrain_0_1809_2776.nii 139924041369408
increment_file 1572306931.6160886 1572306933.809405 bigbrain_0_1809_2776.nii 139924041369408
write_file 1572306933.8146508 1572306936.4407635 inc-bigbrain_0_1809_2776.nii 139924041369408
task_duration 1572306931.6039624 1572306936.4843037 1572306855-tmpfs_1it_96cpus_40bb-2 139924041369408
read_file 1572306931.611712 1572306931.613589 bigbrain_0_1206_0.nii 140595645249344
increment_file 1572306931.6137273 1572306933.8147573 bigbrain_0_1206_0.nii 140595645249344
write_file 1572306933.8202078 1572306936.417398 inc-bigbrain_0_1206_0.nii 140595645249344
task_duration 1572306931.6098638 1572306936.4618392 1572306855-tmpfs_1it_96cpus_40bb-2 140595645249344
read_file 1572306931.605575 1572306931.610385 bigbrain_0_603_694.nii 140666478843712
increment_file 1572306931.610534 1572306933.7733793 bigbrain_0_603_694.nii 140666478843712
write_file 1572306933.778934 1572306936.4033065 inc-bigbrain_0_603_694.nii 140666478843712
task_duration 1572306931.603478 1572306936.4389997 1572306855-tmpfs_1it_96cpus_40bb-2 140666478843712
read_file 1572306931.597399 1572306931.599236 bigbrain_0_1206_2082.nii 140091178977088
increment_file 1572306931.599384 1572306935.1830537 bigbrain_0_1206_2082.nii 140091178977088
write_file 1572306935.197289 1572306939.0563931 inc-bigbrain_0_1206_2082.nii 140091178977088
task_duration 1572306931.5955613 1572306939.1327822 1572306855-tmpfs_1it_96cpus_40bb-2 140091178977088
read_file 1572306931.5959165 1572306931.597662 bigbrain_0_2412_2082.nii 140671590803264
increment_file 1572306931.5977933 1572306935.0986269 bigbrain_0_2412_2082.nii 140671590803264
write_file 1572306935.1062398 1572306937.906286 inc-bigbrain_0_2412_2082.nii 140671590803264
task_duration 1572306931.5942264 1572306938.020677 1572306855-tmpfs_1it_96cpus_40bb-2 140671590803264
read_file 1572306931.5951521 1572306931.5967362 bigbrain_0_1206_1388.nii 140651305285440
increment_file 1572306931.5968597 1572306933.7073283 bigbrain_0_1206_1388.nii 140651305285440
write_file 1572306933.7118423 1572306936.3723938 inc-bigbrain_0_1206_1388.nii 140651305285440
task_duration 1572306931.5936425 1572306936.4160402 1572306855-tmpfs_1it_96cpus_40bb-2 140651305285440
read_file 1572306931.592872 1572306931.5946407 bigbrain_0_2412_2776.nii 140099398403904
increment_file 1572306931.5947661 1572306933.6779296 bigbrain_0_2412_2776.nii 140099398403904
write_file 1572306933.6924224 1572306936.2811291 inc-bigbrain_0_2412_2776.nii 140099398403904
task_duration 1572306931.591274 1572306936.3300862 1572306855-tmpfs_1it_96cpus_40bb-2 140099398403904
read_file 1572306931.5908673 1572306931.5926294 bigbrain_0_1809_2082.nii 139888788481856
increment_file 1572306931.592767 1572306935.2747126 bigbrain_0_1809_2082.nii 139888788481856
write_file 1572306935.2816076 1572306938.0644639 inc-bigbrain_0_1809_2082.nii 139888788481856
task_duration 1572306931.5891588 1572306938.1931477 1572306855-tmpfs_1it_96cpus_40bb-2 139888788481856
read_file 1572306931.590057 1572306931.591633 bigbrain_0_0_0.nii 139631682983744
increment_file 1572306931.5917604 1572306933.5340836 bigbrain_0_0_0.nii 139631682983744
write_file 1572306933.539284 1572306936.106119 inc-bigbrain_0_0_0.nii 139631682983744
task_duration 1572306931.5885608 1572306936.1543567 1572306855-tmpfs_1it_96cpus_40bb-2 139631682983744
