read_file 1572310723.301061 1572310723.3025744 bigbrain_769_603_694.nii 139938844772160
increment_file 1572310723.3027127 1572310723.9870749 bigbrain_769_603_694.nii 139938844772160
write_file 1572310723.987839 1572310724.4537694 inc-bigbrain_769_603_694.nii 139938844772160
task_duration 1572310723.2999191 1572310724.4654102 1572310638-tmpfs_1it_25cpus_40bb-2 139938844772160
read_file 1572310723.2708013 1572310723.2722373 bigbrain_769_603_2776.nii 140225561257792
increment_file 1572310723.2723587 1572310723.9350023 bigbrain_769_603_2776.nii 140225561257792
write_file 1572310723.93581 1572310724.406827 inc-bigbrain_769_603_2776.nii 140225561257792
task_duration 1572310723.2696755 1572310724.4193037 1572310638-tmpfs_1it_25cpus_40bb-2 140225561257792
read_file 1572310723.252747 1572310723.2545488 bigbrain_769_603_0.nii 139986350409536
increment_file 1572310723.2547119 1572310724.1000752 bigbrain_769_603_0.nii 139986350409536
write_file 1572310724.1009088 1572310724.6746328 inc-bigbrain_769_603_0.nii 139986350409536
task_duration 1572310723.2513697 1572310724.687149 1572310638-tmpfs_1it_25cpus_40bb-2 139986350409536
read_file 1572310723.228182 1572310723.229753 bigbrain_769_603_2082.nii 139959186888512
increment_file 1572310723.2298954 1572310724.076427 bigbrain_769_603_2082.nii 139959186888512
write_file 1572310724.077251 1572310724.6289418 inc-bigbrain_769_603_2082.nii 139959186888512
task_duration 1572310723.2268775 1572310724.6400087 1572310638-tmpfs_1it_25cpus_40bb-2 139959186888512
read_file 1572310723.2248194 1572310723.2264223 bigbrain_769_603_1388.nii 140577361024832
increment_file 1572310723.2265556 1572310724.0629272 bigbrain_769_603_1388.nii 140577361024832
write_file 1572310724.0637581 1572310724.6234248 inc-bigbrain_769_603_1388.nii 140577361024832
task_duration 1572310723.2235565 1572310724.63446 1572310638-tmpfs_1it_25cpus_40bb-2 140577361024832
read_file 1572310723.0772238 1572310723.0790577 bigbrain_769_2412_694.nii 139799620339520
increment_file 1572310723.0792236 1572310723.8153672 bigbrain_769_2412_694.nii 139799620339520
write_file 1572310723.8161323 1572310724.2985158 inc-bigbrain_769_2412_694.nii 139799620339520
task_duration 1572310723.0755467 1572310724.3113973 1572310638-tmpfs_1it_25cpus_40bb-2 139799620339520
read_file 1572310722.911991 1572310722.9136524 bigbrain_769_2412_2776.nii 140701149054784
increment_file 1572310722.9137855 1572310723.7448013 bigbrain_769_2412_2776.nii 140701149054784
write_file 1572310723.7458003 1572310724.4358628 inc-bigbrain_769_2412_2776.nii 140701149054784
task_duration 1572310722.910778 1572310724.44746 1572310638-tmpfs_1it_25cpus_40bb-2 140701149054784
read_file 1572310722.820007 1572310722.8221722 bigbrain_769_2412_2082.nii 139970911930176
increment_file 1572310722.8223536 1572310723.7011013 bigbrain_769_2412_2082.nii 139970911930176
write_file 1572310723.7022529 1572310724.4136834 inc-bigbrain_769_2412_2082.nii 139970911930176
task_duration 1572310722.8181853 1572310724.425541 1572310638-tmpfs_1it_25cpus_40bb-2 139970911930176
read_file 1572310722.7634218 1572310722.7656448 bigbrain_769_2412_1388.nii 140617507366720
increment_file 1572310722.7657807 1572310723.5252657 bigbrain_769_2412_1388.nii 140617507366720
write_file 1572310723.5264952 1572310724.0483723 inc-bigbrain_769_2412_1388.nii 140617507366720
task_duration 1572310722.7622576 1572310724.0612922 1572310638-tmpfs_1it_25cpus_40bb-2 140617507366720
read_file 1572310722.7207818 1572310722.7230592 bigbrain_769_1809_2082.nii 140668606605120
increment_file 1572310722.7232285 1572310723.4920955 bigbrain_769_1809_2082.nii 140668606605120
write_file 1572310723.4930127 1572310724.0143702 inc-bigbrain_769_1809_2082.nii 140668606605120
task_duration 1572310722.7188182 1572310724.0277236 1572310638-tmpfs_1it_25cpus_40bb-2 140668606605120
read_file 1572310722.7075112 1572310722.7091517 bigbrain_769_1809_2776.nii 140379532527424
increment_file 1572310722.7092927 1572310723.5880723 bigbrain_769_1809_2776.nii 140379532527424
write_file 1572310723.5890508 1572310724.3529565 inc-bigbrain_769_1809_2776.nii 140379532527424
task_duration 1572310722.7062302 1572310724.3650465 1572310638-tmpfs_1it_25cpus_40bb-2 140379532527424
read_file 1572310722.7026246 1572310722.7042272 bigbrain_769_1809_694.nii 140200896022336
increment_file 1572310722.7043717 1572310723.5659723 bigbrain_769_1809_694.nii 140200896022336
write_file 1572310723.5670044 1572310724.3444676 inc-bigbrain_769_1809_694.nii 140200896022336
task_duration 1572310722.701292 1572310724.3569374 1572310638-tmpfs_1it_25cpus_40bb-2 140200896022336
read_file 1572310722.686056 1572310722.687665 bigbrain_769_1809_1388.nii 140362924574528
increment_file 1572310722.6878004 1572310723.5492377 bigbrain_769_1809_1388.nii 140362924574528
write_file 1572310723.5502853 1572310724.3324385 inc-bigbrain_769_1809_1388.nii 140362924574528
task_duration 1572310722.684806 1572310724.344897 1572310638-tmpfs_1it_25cpus_40bb-2 140362924574528
read_file 1572310722.6770608 1572310722.678574 bigbrain_769_2412_0.nii 140049214510912
increment_file 1572310722.6787064 1572310723.5333803 bigbrain_769_2412_0.nii 140049214510912
write_file 1572310723.5344048 1572310724.3154316 inc-bigbrain_769_2412_0.nii 140049214510912
task_duration 1572310722.6758475 1572310724.3283281 1572310638-tmpfs_1it_25cpus_40bb-2 140049214510912
read_file 1572310722.6633089 1572310722.6658852 bigbrain_769_1206_2776.nii 140582680979264
increment_file 1572310722.6660829 1572310723.5578296 bigbrain_769_1206_2776.nii 140582680979264
write_file 1572310723.558822 1572310724.3411372 inc-bigbrain_769_1206_2776.nii 140582680979264
task_duration 1572310722.6609826 1572310724.3558803 1572310638-tmpfs_1it_25cpus_40bb-2 140582680979264
read_file 1572310722.6115005 1572310722.6131842 bigbrain_769_1206_694.nii 140610805655360
increment_file 1572310722.613334 1572310723.371683 bigbrain_769_1206_694.nii 140610805655360
write_file 1572310723.3729646 1572310723.9137752 inc-bigbrain_769_1206_694.nii 140610805655360
task_duration 1572310722.6100178 1572310723.9278414 1572310638-tmpfs_1it_25cpus_40bb-2 140610805655360
read_file 1572310722.6019344 1572310722.603238 bigbrain_769_1809_0.nii 139940297180992
increment_file 1572310722.6033595 1572310723.3691816 bigbrain_769_1809_0.nii 139940297180992
write_file 1572310723.3701158 1572310723.9090142 inc-bigbrain_769_1809_0.nii 139940297180992
task_duration 1572310722.6008008 1572310723.923814 1572310638-tmpfs_1it_25cpus_40bb-2 139940297180992
read_file 1572310722.3167279 1572310722.3187082 bigbrain_769_1206_1388.nii 140704208459584
increment_file 1572310722.3188632 1572310723.1429434 bigbrain_769_1206_1388.nii 140704208459584
write_file 1572310723.1437786 1572310723.713694 inc-bigbrain_769_1206_1388.nii 140704208459584
task_duration 1572310722.3148873 1572310723.728111 1572310638-tmpfs_1it_25cpus_40bb-2 140704208459584
read_file 1572310722.2897222 1572310722.2912893 bigbrain_769_1206_2082.nii 139938471700288
increment_file 1572310722.2914245 1572310723.099774 bigbrain_769_1206_2082.nii 139938471700288
write_file 1572310723.100979 1572310724.0125594 inc-bigbrain_769_1206_2082.nii 139938471700288
task_duration 1572310722.2884972 1572310724.0272968 1572310638-tmpfs_1it_25cpus_40bb-2 139938471700288
read_file 1572310722.2465305 1572310722.2478733 bigbrain_769_1206_0.nii 140350664091456
increment_file 1572310722.2479832 1572310722.9900157 bigbrain_769_1206_0.nii 140350664091456
write_file 1572310722.9910264 1572310723.5945163 inc-bigbrain_769_1206_0.nii 140350664091456
task_duration 1572310722.245406 1572310723.6101017 1572310638-tmpfs_1it_25cpus_40bb-2 140350664091456
read_file 1572310722.2240825 1572310722.226548 bigbrain_769_0_2776.nii 140619014588224
increment_file 1572310722.2267184 1572310722.9431622 bigbrain_769_0_2776.nii 140619014588224
write_file 1572310722.9441736 1572310723.5887873 inc-bigbrain_769_0_2776.nii 140619014588224
task_duration 1572310722.2221208 1572310723.6042938 1572310638-tmpfs_1it_25cpus_40bb-2 140619014588224
read_file 1572310722.224262 1572310722.225756 bigbrain_769_0_694.nii 140158654871360
increment_file 1572310722.2258737 1572310723.0172865 bigbrain_769_0_694.nii 140158654871360
write_file 1572310723.018537 1572310723.932993 inc-bigbrain_769_0_694.nii 140158654871360
task_duration 1572310722.2230897 1572310723.948653 1572310638-tmpfs_1it_25cpus_40bb-2 140158654871360
read_file 1572310722.0031848 1572310722.004946 bigbrain_769_0_2082.nii 140614966916928
increment_file 1572310722.0050871 1572310722.7101336 bigbrain_769_0_2082.nii 140614966916928
write_file 1572310722.7108667 1572310723.3026896 inc-bigbrain_769_0_2082.nii 140614966916928
task_duration 1572310722.0015433 1572310723.318593 1572310638-tmpfs_1it_25cpus_40bb-2 140614966916928
read_file 1572310721.9608445 1572310721.9630153 bigbrain_769_0_1388.nii 140183753803584
increment_file 1572310721.963179 1572310722.7376823 bigbrain_769_0_1388.nii 140183753803584
write_file 1572310722.7389688 1572310723.3632667 inc-bigbrain_769_0_1388.nii 140183753803584
task_duration 1572310721.959021 1572310723.3800535 1572310638-tmpfs_1it_25cpus_40bb-2 140183753803584
read_file 1572310721.8360648 1572310721.8378053 bigbrain_769_0_0.nii 140104168687424
increment_file 1572310721.8379517 1572310722.621623 bigbrain_769_0_0.nii 140104168687424
write_file 1572310722.622793 1572310723.4961476 inc-bigbrain_769_0_0.nii 140104168687424
task_duration 1572310721.8347542 1572310723.5146701 1572310638-tmpfs_1it_25cpus_40bb-2 140104168687424
read_file 1572310721.0874338 1572310721.0891805 bigbrain_3076_603_694.nii 139697006143296
increment_file 1572310721.0893466 1572310721.9663043 bigbrain_3076_603_694.nii 139697006143296
write_file 1572310721.967422 1572310722.8155499 inc-bigbrain_3076_603_694.nii 139697006143296
task_duration 1572310721.0861456 1572310722.8320258 1572310638-tmpfs_1it_25cpus_40bb-2 139697006143296
read_file 1572310721.0225303 1572310721.0243328 bigbrain_3076_603_2776.nii 140071030187840
increment_file 1572310721.0244875 1572310721.9203527 bigbrain_3076_603_2776.nii 140071030187840
write_file 1572310721.9212646 1572310722.803617 inc-bigbrain_3076_603_2776.nii 140071030187840
task_duration 1572310721.0209713 1572310722.8217168 1572310638-tmpfs_1it_25cpus_40bb-2 140071030187840
read_file 1572310720.9997327 1572310721.0015078 bigbrain_3076_603_2082.nii 140368730408768
increment_file 1572310721.0016572 1572310721.9055588 bigbrain_3076_603_2082.nii 140368730408768
write_file 1572310721.9065404 1572310722.743844 inc-bigbrain_3076_603_2082.nii 140368730408768
task_duration 1572310720.9984493 1572310722.761368 1572310638-tmpfs_1it_25cpus_40bb-2 140368730408768
read_file 1572310720.9905226 1572310720.9923675 bigbrain_3076_603_0.nii 140554830866240
increment_file 1572310720.9925723 1572310721.886009 bigbrain_3076_603_0.nii 140554830866240
write_file 1572310721.8870182 1572310722.7694433 inc-bigbrain_3076_603_0.nii 140554830866240
task_duration 1572310720.9891944 1572310722.7891157 1572310638-tmpfs_1it_25cpus_40bb-2 140554830866240
read_file 1572310720.9769948 1572310720.978563 bigbrain_3076_603_1388.nii 140546769925952
increment_file 1572310720.9787118 1572310721.8609276 bigbrain_3076_603_1388.nii 140546769925952
write_file 1572310721.8619268 1572310722.7516127 inc-bigbrain_3076_603_1388.nii 140546769925952
task_duration 1572310720.9757204 1572310722.7694912 1572310638-tmpfs_1it_25cpus_40bb-2 140546769925952
read_file 1572310720.9244874 1572310720.9262228 bigbrain_3076_2412_694.nii 139648809772864
increment_file 1572310720.9264486 1572310721.8466196 bigbrain_3076_2412_694.nii 139648809772864
write_file 1572310721.8476439 1572310722.639681 inc-bigbrain_3076_2412_694.nii 139648809772864
task_duration 1572310720.9231617 1572310722.6557744 1572310638-tmpfs_1it_25cpus_40bb-2 139648809772864
read_file 1572310720.8913496 1572310720.8927078 bigbrain_3076_2412_1388.nii 139633662072640
increment_file 1572310720.8928094 1572310721.6782742 bigbrain_3076_2412_1388.nii 139633662072640
write_file 1572310721.6794107 1572310722.3003073 inc-bigbrain_3076_2412_1388.nii 139633662072640
task_duration 1572310720.8901963 1572310722.3149378 1572310638-tmpfs_1it_25cpus_40bb-2 139633662072640
read_file 1572310720.891231 1572310720.8926854 bigbrain_3076_2412_2776.nii 140326450759488
increment_file 1572310720.8928022 1572310721.6576886 bigbrain_3076_2412_2776.nii 140326450759488
write_file 1572310721.6585665 1572310722.2834194 inc-bigbrain_3076_2412_2776.nii 140326450759488
task_duration 1572310720.8900733 1572310722.2979677 1572310638-tmpfs_1it_25cpus_40bb-2 140326450759488
read_file 1572310720.8806565 1572310720.8820236 bigbrain_3076_2412_2082.nii 140341274474304
increment_file 1572310720.882138 1572310721.6192474 bigbrain_3076_2412_2082.nii 140341274474304
write_file 1572310721.6202526 1572310722.20986 inc-bigbrain_3076_2412_2082.nii 140341274474304
task_duration 1572310720.8795137 1572310722.224768 1572310638-tmpfs_1it_25cpus_40bb-2 140341274474304
read_file 1572310720.8433068 1572310720.8455431 bigbrain_3076_1809_2082.nii 139917095266112
increment_file 1572310720.8458033 1572310721.5826511 bigbrain_3076_1809_2082.nii 139917095266112
write_file 1572310721.5837138 1572310722.1959622 inc-bigbrain_3076_1809_2082.nii 139917095266112
task_duration 1572310720.8414726 1572310722.2109709 1572310638-tmpfs_1it_25cpus_40bb-2 139917095266112
read_file 1572310720.8179903 1572310720.8198333 bigbrain_3076_1809_694.nii 140048819107648
increment_file 1572310720.8199778 1572310721.5727372 bigbrain_3076_1809_694.nii 140048819107648
write_file 1572310721.5736032 1572310722.185055 inc-bigbrain_3076_1809_694.nii 140048819107648
task_duration 1572310720.8162994 1572310722.2002747 1572310638-tmpfs_1it_25cpus_40bb-2 140048819107648
read_file 1572310720.7921243 1572310720.7938094 bigbrain_3076_2412_0.nii 140618473822016
increment_file 1572310720.7939448 1572310721.521701 bigbrain_3076_2412_0.nii 140618473822016
write_file 1572310721.5226429 1572310722.1403458 inc-bigbrain_3076_2412_0.nii 140618473822016
task_duration 1572310720.7906194 1572310722.1567268 1572310638-tmpfs_1it_25cpus_40bb-2 140618473822016
read_file 1572310720.7532618 1572310720.7553613 bigbrain_3076_1809_2776.nii 140318769940288
increment_file 1572310720.7555246 1572310721.5941517 bigbrain_3076_1809_2776.nii 140318769940288
write_file 1572310721.5952847 1572310722.4260397 inc-bigbrain_3076_1809_2776.nii 140318769940288
task_duration 1572310720.7514598 1572310722.4601269 1572310638-tmpfs_1it_25cpus_40bb-2 140318769940288
read_file 1572310720.5721602 1572310720.5738862 bigbrain_3076_1809_1388.nii 140342571214656
increment_file 1572310720.5740266 1572310721.3653896 bigbrain_3076_1809_1388.nii 140342571214656
write_file 1572310721.3664427 1572310722.222532 inc-bigbrain_3076_1809_1388.nii 140342571214656
task_duration 1572310720.570605 1572310722.2387676 1572310638-tmpfs_1it_25cpus_40bb-2 140342571214656
read_file 1572310720.5219886 1572310720.5240092 bigbrain_3076_0_694.nii 140617242330944
increment_file 1572310720.5241718 1572310721.258077 bigbrain_3076_0_694.nii 140617242330944
write_file 1572310721.259457 1572310722.1418254 inc-bigbrain_3076_0_694.nii 140617242330944
task_duration 1572310720.5200467 1572310722.1599667 1572310638-tmpfs_1it_25cpus_40bb-2 140617242330944
read_file 1572310720.4780498 1572310720.479987 bigbrain_3076_1206_694.nii 140427610474304
increment_file 1572310720.4801352 1572310721.2314408 bigbrain_3076_1206_694.nii 140427610474304
write_file 1572310721.2323682 1572310721.8536987 inc-bigbrain_3076_1206_694.nii 140427610474304
task_duration 1572310720.4761586 1572310721.8715591 1572310638-tmpfs_1it_25cpus_40bb-2 140427610474304
read_file 1572310720.4671485 1572310720.4684908 bigbrain_3076_1809_0.nii 140180159272768
increment_file 1572310720.4685974 1572310721.2068965 bigbrain_3076_1809_0.nii 140180159272768
write_file 1572310721.2078712 1572310721.831985 inc-bigbrain_3076_1809_0.nii 140180159272768
task_duration 1572310720.4660208 1572310721.8466177 1572310638-tmpfs_1it_25cpus_40bb-2 140180159272768
read_file 1572310720.4594324 1572310720.4611318 bigbrain_3076_1206_0.nii 140680168109888
increment_file 1572310720.4612675 1572310721.1768796 bigbrain_3076_1206_0.nii 140680168109888
write_file 1572310721.1779323 1572310721.80169 inc-bigbrain_3076_1206_0.nii 140680168109888
task_duration 1572310720.457775 1572310721.8196533 1572310638-tmpfs_1it_25cpus_40bb-2 140680168109888
read_file 1572310720.4478977 1572310720.4496117 bigbrain_3076_1206_1388.nii 140115346868032
increment_file 1572310720.4497516 1572310721.2296677 bigbrain_3076_1206_1388.nii 140115346868032
write_file 1572310721.2307503 1572310722.1276712 inc-bigbrain_3076_1206_1388.nii 140115346868032
task_duration 1572310720.4462492 1572310722.1478722 1572310638-tmpfs_1it_25cpus_40bb-2 140115346868032
read_file 1572310720.4468873 1572310720.448401 bigbrain_3076_1206_2776.nii 139775456655168
increment_file 1572310720.448524 1572310721.2138176 bigbrain_3076_1206_2776.nii 139775456655168
write_file 1572310721.2149005 1572310722.1661975 inc-bigbrain_3076_1206_2776.nii 139775456655168
task_duration 1572310720.4456687 1572310722.1822119 1572310638-tmpfs_1it_25cpus_40bb-2 139775456655168
read_file 1572310720.429358 1572310720.4306657 bigbrain_3076_1206_2082.nii 140653157193536
increment_file 1572310720.4307795 1572310721.2375388 bigbrain_3076_1206_2082.nii 140653157193536
write_file 1572310721.2384868 1572310721.8769572 inc-bigbrain_3076_1206_2082.nii 140653157193536
task_duration 1572310720.4282193 1572310721.8949907 1572310638-tmpfs_1it_25cpus_40bb-2 140653157193536
read_file 1572310720.3251612 1572310720.3264403 bigbrain_3076_0_2776.nii 139983737018176
increment_file 1572310720.326539 1572310721.0267644 bigbrain_3076_0_2776.nii 139983737018176
write_file 1572310721.0275657 1572310721.6370857 inc-bigbrain_3076_0_2776.nii 139983737018176
task_duration 1572310720.3240519 1572310721.655872 1572310638-tmpfs_1it_25cpus_40bb-2 139983737018176
read_file 1572310720.2066317 1572310720.208283 bigbrain_3076_0_2082.nii 140168369604416
increment_file 1572310720.2084243 1572310720.8606417 bigbrain_3076_0_2082.nii 140168369604416
write_file 1572310720.8614259 1572310721.436914 inc-bigbrain_3076_0_2082.nii 140168369604416
task_duration 1572310720.2051418 1572310721.4526756 1572310638-tmpfs_1it_25cpus_40bb-2 140168369604416
read_file 1572310720.1629455 1572310720.164287 bigbrain_3076_0_1388.nii 139911714694976
increment_file 1572310720.1644096 1572310720.842419 bigbrain_3076_0_1388.nii 139911714694976
write_file 1572310720.8435347 1572310721.785557 inc-bigbrain_3076_0_1388.nii 139911714694976
task_duration 1572310720.1617923 1572310721.8025343 1572310638-tmpfs_1it_25cpus_40bb-2 139911714694976
read_file 1572310719.931187 1572310719.932673 bigbrain_3076_0_0.nii 140675346929472
increment_file 1572310719.9327967 1572310720.6413584 bigbrain_3076_0_0.nii 140675346929472
write_file 1572310720.642326 1572310721.522543 inc-bigbrain_3076_0_0.nii 140675346929472
task_duration 1572310719.93001 1572310721.5382826 1572310638-tmpfs_1it_25cpus_40bb-2 140675346929472
read_file 1572310719.0218756 1572310719.0234227 bigbrain_2307_603_694.nii 140459299358528
increment_file 1572310719.0235515 1572310719.736736 bigbrain_2307_603_694.nii 140459299358528
write_file 1572310719.7376926 1572310720.395281 inc-bigbrain_2307_603_694.nii 140459299358528
task_duration 1572310719.0206792 1572310720.409702 1572310638-tmpfs_1it_25cpus_40bb-2 140459299358528
read_file 1572310718.9637876 1572310718.965401 bigbrain_2307_603_2776.nii 139667240486720
increment_file 1572310718.9655428 1572310719.8111825 bigbrain_2307_603_2776.nii 139667240486720
write_file 1572310719.812187 1572310720.578528 inc-bigbrain_2307_603_2776.nii 139667240486720
task_duration 1572310718.9626503 1572310720.6043801 1572310638-tmpfs_1it_25cpus_40bb-2 139667240486720
read_file 1572310718.9602854 1572310718.9627302 bigbrain_2307_603_2082.nii 140497821402944
increment_file 1572310718.9629478 1572310719.6829689 bigbrain_2307_603_2082.nii 140497821402944
write_file 1572310719.6841507 1572310720.364261 inc-bigbrain_2307_603_2082.nii 140497821402944
task_duration 1572310718.9587915 1572310720.3783758 1572310638-tmpfs_1it_25cpus_40bb-2 140497821402944
read_file 1572310718.910502 1572310718.9121385 bigbrain_2307_603_0.nii 139651684579136
increment_file 1572310718.912294 1572310719.7508523 bigbrain_2307_603_0.nii 139651684579136
write_file 1572310719.751845 1572310720.494765 inc-bigbrain_2307_603_0.nii 139651684579136
task_duration 1572310718.9093516 1572310720.5112545 1572310638-tmpfs_1it_25cpus_40bb-2 139651684579136
read_file 1572310718.904305 1572310718.906166 bigbrain_2307_603_1388.nii 140520818857792
increment_file 1572310718.906299 1572310719.741654 bigbrain_2307_603_1388.nii 140520818857792
write_file 1572310719.7425833 1572310720.5069602 inc-bigbrain_2307_603_1388.nii 140520818857792
task_duration 1572310718.903087 1572310720.5288792 1572310638-tmpfs_1it_25cpus_40bb-2 140520818857792
read_file 1572310718.883367 1572310718.8847609 bigbrain_2307_2412_2776.nii 140441271531328
increment_file 1572310718.8848827 1572310719.6022122 bigbrain_2307_2412_2776.nii 140441271531328
write_file 1572310719.6030517 1572310720.306628 inc-bigbrain_2307_2412_2776.nii 140441271531328
task_duration 1572310718.8822083 1572310720.3232942 1572310638-tmpfs_1it_25cpus_40bb-2 140441271531328
read_file 1572310718.879796 1572310718.8821263 bigbrain_2307_2412_694.nii 140571513059136
increment_file 1572310718.8823037 1572310719.5997899 bigbrain_2307_2412_694.nii 140571513059136
write_file 1572310719.6010642 1572310720.3070061 inc-bigbrain_2307_2412_694.nii 140571513059136
task_duration 1572310718.8781483 1572310720.321757 1572310638-tmpfs_1it_25cpus_40bb-2 140571513059136
read_file 1572310718.8554778 1572310718.8572555 bigbrain_2307_2412_1388.nii 139777403787072
increment_file 1572310718.8574078 1572310719.5438528 bigbrain_2307_2412_1388.nii 139777403787072
write_file 1572310719.545196 1572310720.186284 inc-bigbrain_2307_2412_1388.nii 139777403787072
task_duration 1572310718.8541777 1572310720.2336354 1572310638-tmpfs_1it_25cpus_40bb-2 139777403787072
read_file 1572310718.8104248 1572310718.8134854 bigbrain_2307_2412_0.nii 140608746317632
increment_file 1572310718.813819 1572310719.710744 bigbrain_2307_2412_0.nii 140608746317632
write_file 1572310719.7117186 1572310720.4770603 inc-bigbrain_2307_2412_0.nii 140608746317632
task_duration 1572310718.8078601 1572310720.4938955 1572310638-tmpfs_1it_25cpus_40bb-2 140608746317632
read_file 1572310718.7875123 1572310718.7896998 bigbrain_2307_1809_694.nii 140443515631424
increment_file 1572310718.789926 1572310719.6638427 bigbrain_2307_1809_694.nii 140443515631424
write_file 1572310719.6648698 1572310720.4335856 inc-bigbrain_2307_1809_694.nii 140443515631424
task_duration 1572310718.7857196 1572310720.4489217 1572310638-tmpfs_1it_25cpus_40bb-2 140443515631424
read_file 1572310718.7836711 1572310718.7852862 bigbrain_2307_2412_2082.nii 139665154193216
increment_file 1572310718.7854314 1572310719.6530504 bigbrain_2307_2412_2082.nii 139665154193216
write_file 1572310719.6542974 1572310720.4202259 inc-bigbrain_2307_2412_2082.nii 139665154193216
task_duration 1572310718.78214 1572310720.4340892 1572310638-tmpfs_1it_25cpus_40bb-2 139665154193216
read_file 1572310718.719877 1572310718.7215953 bigbrain_2307_1809_2776.nii 140061248059200
increment_file 1572310718.7217433 1572310719.4882102 bigbrain_2307_1809_2776.nii 140061248059200
write_file 1572310719.4894042 1572310720.3387823 inc-bigbrain_2307_1809_2776.nii 140061248059200
task_duration 1572310718.7182279 1572310720.357123 1572310638-tmpfs_1it_25cpus_40bb-2 140061248059200
read_file 1572310718.6934009 1572310718.695187 bigbrain_2307_1809_2082.nii 140113152513856
increment_file 1572310718.6953528 1572310719.4754202 bigbrain_2307_1809_2082.nii 140113152513856
write_file 1572310719.4765515 1572310720.3091896 inc-bigbrain_2307_1809_2082.nii 140113152513856
task_duration 1572310718.691811 1572310720.32798 1572310638-tmpfs_1it_25cpus_40bb-2 140113152513856
read_file 1572310718.6656113 1572310718.6674376 bigbrain_2307_1206_694.nii 140218460100416
increment_file 1572310718.6675818 1572310719.3737082 bigbrain_2307_1206_694.nii 140218460100416
write_file 1572310719.374682 1572310720.0453656 inc-bigbrain_2307_1206_694.nii 140218460100416
task_duration 1572310718.663924 1572310720.0629342 1572310638-tmpfs_1it_25cpus_40bb-2 140218460100416
read_file 1572310718.6515477 1572310718.6533802 bigbrain_2307_1809_1388.nii 140016028006208
increment_file 1572310718.6535318 1572310719.3806405 bigbrain_2307_1809_1388.nii 140016028006208
write_file 1572310719.3816433 1572310720.0480003 inc-bigbrain_2307_1809_1388.nii 140016028006208
task_duration 1572310718.6499271 1572310720.0656357 1572310638-tmpfs_1it_25cpus_40bb-2 140016028006208
read_file 1572310718.6429186 1572310718.644647 bigbrain_2307_1206_2776.nii 139873366689600
increment_file 1572310718.6447885 1572310719.3558874 bigbrain_2307_1206_2776.nii 139873366689600
write_file 1572310719.3568678 1572310720.0254872 inc-bigbrain_2307_1206_2776.nii 139873366689600
task_duration 1572310718.6412632 1572310720.0438201 1572310638-tmpfs_1it_25cpus_40bb-2 139873366689600
read_file 1572310718.6375484 1572310718.6392446 bigbrain_2307_1809_0.nii 139947992581952
increment_file 1572310718.6393945 1572310719.394097 bigbrain_2307_1809_0.nii 139947992581952
write_file 1572310719.3951654 1572310720.0769193 inc-bigbrain_2307_1809_0.nii 139947992581952
task_duration 1572310718.6359878 1572310720.0917423 1572310638-tmpfs_1it_25cpus_40bb-2 139947992581952
read_file 1572310718.598408 1572310718.6003487 bigbrain_2307_1206_2082.nii 139623685330752
increment_file 1572310718.6005094 1572310719.3226435 bigbrain_2307_1206_2082.nii 139623685330752
write_file 1572310719.3239913 1572310719.989111 inc-bigbrain_2307_1206_2082.nii 139623685330752
task_duration 1572310718.5966666 1572310720.0071454 1572310638-tmpfs_1it_25cpus_40bb-2 139623685330752
read_file 1572310718.5210772 1572310718.522927 bigbrain_2307_1206_1388.nii 139823715796800
increment_file 1572310718.523084 1572310719.1507905 bigbrain_2307_1206_1388.nii 139823715796800
write_file 1572310719.1520047 1572310719.7971063 inc-bigbrain_2307_1206_1388.nii 139823715796800
task_duration 1572310718.5192962 1572310719.8283367 1572310638-tmpfs_1it_25cpus_40bb-2 139823715796800
read_file 1572310718.4676044 1572310718.469426 bigbrain_2307_0_2776.nii 140194360735552
increment_file 1572310718.4695647 1572310719.2591884 bigbrain_2307_0_2776.nii 140194360735552
write_file 1572310719.2602725 1572310720.0923483 inc-bigbrain_2307_0_2776.nii 140194360735552
task_duration 1572310718.4660144 1572310720.1071813 1572310638-tmpfs_1it_25cpus_40bb-2 140194360735552
read_file 1572310718.4315872 1572310718.433557 bigbrain_2307_1206_0.nii 139727793440576
increment_file 1572310718.433714 1572310719.1893027 bigbrain_2307_1206_0.nii 139727793440576
write_file 1572310719.190498 1572310720.0299106 inc-bigbrain_2307_1206_0.nii 139727793440576
task_duration 1572310718.4296463 1572310720.0479896 1572310638-tmpfs_1it_25cpus_40bb-2 139727793440576
read_file 1572310718.429362 1572310718.4311028 bigbrain_2307_0_694.nii 139833882810176
increment_file 1572310718.4312525 1572310719.1948807 bigbrain_2307_0_694.nii 139833882810176
write_file 1572310719.1959429 1572310719.8468714 inc-bigbrain_2307_0_694.nii 139833882810176
task_duration 1572310718.4277332 1572310719.863148 1572310638-tmpfs_1it_25cpus_40bb-2 139833882810176
read_file 1572310718.2986789 1572310718.3002486 bigbrain_2307_0_2082.nii 139870336448320
increment_file 1572310718.3004007 1572310719.076094 bigbrain_2307_0_2082.nii 139870336448320
write_file 1572310719.0772328 1572310719.9489238 inc-bigbrain_2307_0_2082.nii 139870336448320
task_duration 1572310718.2974045 1572310719.9650807 1572310638-tmpfs_1it_25cpus_40bb-2 139870336448320
read_file 1572310718.2332816 1572310718.2349586 bigbrain_2307_0_1388.nii 140321437321024
increment_file 1572310718.2350872 1572310718.9629755 bigbrain_2307_0_1388.nii 140321437321024
write_file 1572310718.9637816 1572310719.5329938 inc-bigbrain_2307_0_1388.nii 140321437321024
task_duration 1572310718.2316577 1572310719.5487576 1572310638-tmpfs_1it_25cpus_40bb-2 140321437321024
read_file 1572310718.1593974 1572310718.160813 bigbrain_2307_0_0.nii 139929194968896
increment_file 1572310718.1609294 1572310718.8813903 bigbrain_2307_0_0.nii 139929194968896
write_file 1572310718.8825076 1572310719.7808566 inc-bigbrain_2307_0_0.nii 139929194968896
task_duration 1572310718.1582022 1572310719.7960951 1572310638-tmpfs_1it_25cpus_40bb-2 139929194968896
read_file 1572310716.946916 1572310716.9487307 bigbrain_1538_603_694.nii 140212321855296
increment_file 1572310716.948901 1572310717.7301893 bigbrain_1538_603_694.nii 140212321855296
write_file 1572310717.7312143 1572310718.5539305 inc-bigbrain_1538_603_694.nii 140212321855296
task_duration 1572310716.945719 1572310718.5693605 1572310638-tmpfs_1it_25cpus_40bb-2 140212321855296
read_file 1572310716.8759499 1572310716.8774283 bigbrain_1538_2412_2776.nii 140049642616640
increment_file 1572310716.8775609 1572310717.5555139 bigbrain_1538_2412_2776.nii 140049642616640
write_file 1572310717.5564969 1572310718.1877763 inc-bigbrain_1538_2412_2776.nii 140049642616640
task_duration 1572310716.8747673 1572310718.2047925 1572310638-tmpfs_1it_25cpus_40bb-2 140049642616640
read_file 1572310716.873085 1572310716.8751497 bigbrain_1538_603_0.nii 140415974008640
increment_file 1572310716.8753505 1572310717.5229745 bigbrain_1538_603_0.nii 140415974008640
write_file 1572310717.5242445 1572310718.16216 inc-bigbrain_1538_603_0.nii 140415974008640
task_duration 1572310716.8715892 1572310718.17956 1572310638-tmpfs_1it_25cpus_40bb-2 140415974008640
read_file 1572310716.868665 1572310716.8702936 bigbrain_1538_603_2776.nii 140282472687424
increment_file 1572310716.8704545 1572310717.6354835 bigbrain_1538_603_2776.nii 140282472687424
write_file 1572310717.6364956 1572310718.3896487 inc-bigbrain_1538_603_2776.nii 140282472687424
task_duration 1572310716.8674266 1572310718.4082782 1572310638-tmpfs_1it_25cpus_40bb-2 140282472687424
read_file 1572310716.8612459 1572310716.862854 bigbrain_1538_2412_694.nii 140109918951232
increment_file 1572310716.8629982 1572310717.600549 bigbrain_1538_2412_694.nii 140109918951232
write_file 1572310717.6017425 1572310718.4129255 inc-bigbrain_1538_2412_694.nii 140109918951232
task_duration 1572310716.8600545 1572310718.436005 1572310638-tmpfs_1it_25cpus_40bb-2 140109918951232
read_file 1572310716.8608696 1572310716.8623648 bigbrain_1538_603_1388.nii 140028008044352
increment_file 1572310716.8624847 1572310717.4997954 bigbrain_1538_603_1388.nii 140028008044352
write_file 1572310717.5008278 1572310718.144102 inc-bigbrain_1538_603_1388.nii 140028008044352
task_duration 1572310716.8597267 1572310718.1848998 1572310638-tmpfs_1it_25cpus_40bb-2 140028008044352
read_file 1572310716.859743 1572310716.8611887 bigbrain_1538_2412_2082.nii 140072391997248
increment_file 1572310716.8613274 1572310717.4949553 bigbrain_1538_2412_2082.nii 140072391997248
write_file 1572310717.4959316 1572310718.1388803 inc-bigbrain_1538_2412_2082.nii 140072391997248
task_duration 1572310716.8585484 1572310718.1641262 1572310638-tmpfs_1it_25cpus_40bb-2 140072391997248
read_file 1572310716.8538482 1572310716.855527 bigbrain_1538_1809_694.nii 140218237904704
increment_file 1572310716.8556693 1572310717.6242607 bigbrain_1538_1809_694.nii 140218237904704
write_file 1572310717.6253104 1572310718.4469008 inc-bigbrain_1538_1809_694.nii 140218237904704
task_duration 1572310716.8525743 1572310718.4645295 1572310638-tmpfs_1it_25cpus_40bb-2 140218237904704
read_file 1572310716.8484282 1572310716.8500953 bigbrain_1538_603_2082.nii 139770785359680
increment_file 1572310716.8502405 1572310717.5897143 bigbrain_1538_603_2082.nii 139770785359680
write_file 1572310717.590855 1572310718.3832011 inc-bigbrain_1538_603_2082.nii 139770785359680
task_duration 1572310716.8471186 1572310718.4244611 1572310638-tmpfs_1it_25cpus_40bb-2 139770785359680
read_file 1572310716.8288717 1572310716.8303607 bigbrain_1538_2412_1388.nii 140492325496640
increment_file 1572310716.8305104 1572310717.6185198 bigbrain_1538_2412_1388.nii 140492325496640
write_file 1572310717.6196525 1572310718.4440665 inc-bigbrain_1538_2412_1388.nii 140492325496640
task_duration 1572310716.8276772 1572310718.4682293 1572310638-tmpfs_1it_25cpus_40bb-2 140492325496640
read_file 1572310716.8147047 1572310716.816412 bigbrain_1538_2412_0.nii 140331992508224
increment_file 1572310716.8166654 1572310717.488641 bigbrain_1538_2412_0.nii 140331992508224
write_file 1572310717.4899278 1572310718.1237638 inc-bigbrain_1538_2412_0.nii 140331992508224
task_duration 1572310716.813406 1572310718.16225 1572310638-tmpfs_1it_25cpus_40bb-2 140331992508224
read_file 1572310716.793918 1572310716.7954245 bigbrain_1538_1809_2776.nii 139831067211584
increment_file 1572310716.795549 1572310717.2957785 bigbrain_1538_1809_2776.nii 139831067211584
write_file 1572310717.2967672 1572310717.9418142 inc-bigbrain_1538_1809_2776.nii 139831067211584
task_duration 1572310716.7927463 1572310717.9564493 1572310638-tmpfs_1it_25cpus_40bb-2 139831067211584
read_file 1572310716.7782469 1572310716.7799814 bigbrain_1538_1809_1388.nii 139793351407424
increment_file 1572310716.7801101 1572310717.5066786 bigbrain_1538_1809_1388.nii 139793351407424
write_file 1572310717.5077233 1572310718.3354197 inc-bigbrain_1538_1809_1388.nii 139793351407424
task_duration 1572310716.7770047 1572310718.3779323 1572310638-tmpfs_1it_25cpus_40bb-2 139793351407424
read_file 1572310716.7119923 1572310716.7139912 bigbrain_1538_1206_2776.nii 140568184424256
increment_file 1572310716.714154 1572310717.3821688 bigbrain_1538_1206_2776.nii 140568184424256
write_file 1572310717.3832276 1572310718.1978004 inc-bigbrain_1538_1206_2776.nii 140568184424256
task_duration 1572310716.7101848 1572310718.2163973 1572310638-tmpfs_1it_25cpus_40bb-2 140568184424256
read_file 1572310716.6987479 1572310716.7007318 bigbrain_1538_1206_2082.nii 140481898071872
increment_file 1572310716.700896 1572310717.3529205 bigbrain_1538_1206_2082.nii 140481898071872
write_file 1572310717.353694 1572310718.0015073 inc-bigbrain_1538_1206_2082.nii 140481898071872
task_duration 1572310716.6968558 1572310718.0172954 1572310638-tmpfs_1it_25cpus_40bb-2 140481898071872
read_file 1572310716.6966462 1572310716.6984072 bigbrain_1538_1809_2082.nii 140444849592128
increment_file 1572310716.6985533 1572310717.4050968 bigbrain_1538_1809_2082.nii 140444849592128
write_file 1572310717.40623 1572310718.232692 inc-bigbrain_1538_1809_2082.nii 140444849592128
task_duration 1572310716.6949804 1572310718.2502315 1572310638-tmpfs_1it_25cpus_40bb-2 140444849592128
read_file 1572310716.6884985 1572310716.6904755 bigbrain_1538_1206_694.nii 139893084387136
increment_file 1572310716.6906333 1572310717.3841872 bigbrain_1538_1206_694.nii 139893084387136
write_file 1572310717.3851535 1572310718.2248497 inc-bigbrain_1538_1206_694.nii 139893084387136
task_duration 1572310716.6867359 1572310718.2427971 1572310638-tmpfs_1it_25cpus_40bb-2 139893084387136
read_file 1572310716.6719544 1572310716.673973 bigbrain_1538_1809_0.nii 140464404354880
increment_file 1572310716.6741385 1572310717.3511047 bigbrain_1538_1809_0.nii 140464404354880
write_file 1572310717.352369 1572310718.0096729 inc-bigbrain_1538_1809_0.nii 140464404354880
task_duration 1572310716.6702282 1572310718.0284731 1572310638-tmpfs_1it_25cpus_40bb-2 140464404354880
read_file 1572310716.6596992 1572310716.6614742 bigbrain_1538_1206_0.nii 139753754048320
increment_file 1572310716.6616213 1572310717.1881874 bigbrain_1538_1206_0.nii 139753754048320
write_file 1572310717.189188 1572310717.8343587 inc-bigbrain_1538_1206_0.nii 139753754048320
task_duration 1572310716.6580281 1572310717.8482926 1572310638-tmpfs_1it_25cpus_40bb-2 139753754048320
read_file 1572310716.642586 1572310716.6442642 bigbrain_1538_0_2776.nii 140461925816128
increment_file 1572310716.6443987 1572310717.2606084 bigbrain_1538_0_2776.nii 140461925816128
write_file 1572310717.2615597 1572310717.905832 inc-bigbrain_1538_0_2776.nii 140461925816128
task_duration 1572310716.6409576 1572310717.9215617 1572310638-tmpfs_1it_25cpus_40bb-2 140461925816128
read_file 1572310716.6413045 1572310716.6430638 bigbrain_1538_0_694.nii 139725362349888
increment_file 1572310716.6431952 1572310717.2903695 bigbrain_1538_0_694.nii 139725362349888
write_file 1572310717.2913468 1572310717.9329245 inc-bigbrain_1538_0_694.nii 139725362349888
task_duration 1572310716.6396573 1572310717.948211 1572310638-tmpfs_1it_25cpus_40bb-2 139725362349888
read_file 1572310716.6377873 1572310716.6394827 bigbrain_1538_1206_1388.nii 140046137636672
increment_file 1572310716.6396296 1572310717.3471851 bigbrain_1538_1206_1388.nii 140046137636672
write_file 1572310717.3483098 1572310718.1606708 inc-bigbrain_1538_1206_1388.nii 140046137636672
task_duration 1572310716.6362174 1572310718.2169647 1572310638-tmpfs_1it_25cpus_40bb-2 140046137636672
read_file 1572310716.615805 1572310716.6174047 bigbrain_1538_0_0.nii 139987092920128
increment_file 1572310716.6175404 1572310717.2474446 bigbrain_1538_0_0.nii 139987092920128
write_file 1572310717.2483764 1572310717.8855312 inc-bigbrain_1538_0_0.nii 139987092920128
task_duration 1572310716.6142943 1572310717.9018776 1572310638-tmpfs_1it_25cpus_40bb-2 139987092920128
read_file 1572310716.5806315 1572310716.5821517 bigbrain_1538_0_2082.nii 140154017351488
increment_file 1572310716.5822878 1572310717.3019772 bigbrain_1538_0_2082.nii 140154017351488
write_file 1572310717.3031297 1572310718.1255388 inc-bigbrain_1538_0_2082.nii 140154017351488
task_duration 1572310716.5791266 1572310718.1504052 1572310638-tmpfs_1it_25cpus_40bb-2 140154017351488
read_file 1572310716.5530374 1572310716.5546584 bigbrain_1538_0_1388.nii 140083256997696
increment_file 1572310716.5547884 1572310717.1122763 bigbrain_1538_0_1388.nii 140083256997696
write_file 1572310717.1131735 1572310717.721923 inc-bigbrain_1538_0_1388.nii 140083256997696
task_duration 1572310716.551517 1572310717.73623 1572310638-tmpfs_1it_25cpus_40bb-2 140083256997696
read_file 1572310714.517278 1572310714.519605 bigbrain_0_1206_2776.nii 139864771278656
increment_file 1572310714.5197303 1572310715.3592854 bigbrain_0_1206_2776.nii 139864771278656
write_file 1572310715.3604956 1572310716.1456716 inc-bigbrain_0_1206_2776.nii 139864771278656
task_duration 1572310714.515625 1572310716.1613646 1572310638-tmpfs_1it_25cpus_40bb-2 139864771278656
read_file 1572310714.5166154 1572310714.5185874 bigbrain_0_1206_2082.nii 139798993319744
increment_file 1572310714.5187433 1572310715.3237221 bigbrain_0_1206_2082.nii 139798993319744
write_file 1572310715.3249974 1572310716.0972643 inc-bigbrain_0_1206_2082.nii 139798993319744
task_duration 1572310714.5150888 1572310716.1117983 1572310638-tmpfs_1it_25cpus_40bb-2 139798993319744
read_file 1572310714.5155816 1572310714.5172348 bigbrain_0_2412_2776.nii 139691969292096
increment_file 1572310714.517375 1572310715.4810588 bigbrain_0_2412_2776.nii 139691969292096
write_file 1572310715.4820857 1572310716.2420971 inc-bigbrain_0_2412_2776.nii 139691969292096
task_duration 1572310714.5139892 1572310716.2956715 1572310638-tmpfs_1it_25cpus_40bb-2 139691969292096
read_file 1572310714.5141764 1572310714.5159519 bigbrain_0_1809_1388.nii 140180088096576
increment_file 1572310714.5161 1572310715.4133675 bigbrain_0_1809_1388.nii 140180088096576
write_file 1572310715.4144816 1572310716.177585 inc-bigbrain_0_1809_1388.nii 140180088096576
task_duration 1572310714.5127852 1572310716.1927786 1572310638-tmpfs_1it_25cpus_40bb-2 140180088096576
read_file 1572310714.5137231 1572310714.5158193 bigbrain_0_2412_2082.nii 139922785314624
increment_file 1572310714.51595 1572310715.4462292 bigbrain_0_2412_2082.nii 139922785314624
write_file 1572310715.4472935 1572310716.2019577 inc-bigbrain_0_2412_2082.nii 139922785314624
task_duration 1572310714.5118475 1572310716.2186036 1572310638-tmpfs_1it_25cpus_40bb-2 139922785314624
read_file 1572310714.5136507 1572310714.5156353 bigbrain_0_0_2082.nii 140230827185984
increment_file 1572310714.5158327 1572310715.4822202 bigbrain_0_0_2082.nii 140230827185984
write_file 1572310715.483159 1572310716.2512822 inc-bigbrain_0_0_2082.nii 140230827185984
task_duration 1572310714.5118735 1572310716.2998304 1572310638-tmpfs_1it_25cpus_40bb-2 140230827185984
read_file 1572310714.5136895 1572310714.5156348 bigbrain_0_1206_1388.nii 140130065147712
increment_file 1572310714.5158236 1572310715.479179 bigbrain_0_1206_1388.nii 140130065147712
write_file 1572310715.4803782 1572310716.2468688 inc-bigbrain_0_1206_1388.nii 140130065147712
task_duration 1572310714.5118692 1572310716.286575 1572310638-tmpfs_1it_25cpus_40bb-2 140130065147712
read_file 1572310714.51348 1572310714.5148742 bigbrain_0_2412_0.nii 140699261253440
increment_file 1572310714.5149803 1572310715.3068242 bigbrain_0_2412_0.nii 140699261253440
write_file 1572310715.3076987 1572310716.0751815 inc-bigbrain_0_2412_0.nii 140699261253440
task_duration 1572310714.512343 1572310716.090062 1572310638-tmpfs_1it_25cpus_40bb-2 140699261253440
read_file 1572310714.5128827 1572310714.5147066 bigbrain_0_1206_694.nii 140615755810624
increment_file 1572310714.5148778 1572310715.271286 bigbrain_0_1206_694.nii 140615755810624
write_file 1572310715.27267 1572310716.1559021 inc-bigbrain_0_1206_694.nii 140615755810624
task_duration 1572310714.511472 1572310716.170635 1572310638-tmpfs_1it_25cpus_40bb-2 140615755810624
read_file 1572310714.512059 1572310714.5136364 bigbrain_0_0_2776.nii 140459072735040
increment_file 1572310714.5137696 1572310715.4243786 bigbrain_0_0_2776.nii 140459072735040
write_file 1572310715.4255939 1572310716.1803343 inc-bigbrain_0_0_2776.nii 140459072735040
task_duration 1572310714.5106215 1572310716.1961024 1572310638-tmpfs_1it_25cpus_40bb-2 140459072735040
read_file 1572310714.5119767 1572310714.5135822 bigbrain_0_2412_1388.nii 139662590183232
increment_file 1572310714.513715 1572310715.2895124 bigbrain_0_2412_1388.nii 139662590183232
write_file 1572310715.2906814 1572310716.0791965 inc-bigbrain_0_2412_1388.nii 139662590183232
task_duration 1572310714.5105896 1572310716.0965292 1572310638-tmpfs_1it_25cpus_40bb-2 139662590183232
read_file 1572310714.5118713 1572310714.5133934 bigbrain_0_2412_694.nii 139998455285568
increment_file 1572310714.5135126 1572310715.3097322 bigbrain_0_2412_694.nii 139998455285568
write_file 1572310715.3106601 1572310716.1445785 inc-bigbrain_0_2412_694.nii 139998455285568
task_duration 1572310714.5105565 1572310716.1615496 1572310638-tmpfs_1it_25cpus_40bb-2 139998455285568
read_file 1572310714.5113351 1572310714.512688 bigbrain_0_603_694.nii 139874643076928
increment_file 1572310714.512798 1572310715.453071 bigbrain_0_603_694.nii 139874643076928
write_file 1572310715.4541872 1572310716.2103958 inc-bigbrain_0_603_694.nii 139874643076928
task_duration 1572310714.5101683 1572310716.2337787 1572310638-tmpfs_1it_25cpus_40bb-2 139874643076928
read_file 1572310714.5112755 1572310714.5126488 bigbrain_0_603_2082.nii 139699030746944
increment_file 1572310714.5127542 1572310715.3042166 bigbrain_0_603_2082.nii 139699030746944
write_file 1572310715.305453 1572310716.0841475 inc-bigbrain_0_603_2082.nii 139699030746944
task_duration 1572310714.5101216 1572310716.1005514 1572310638-tmpfs_1it_25cpus_40bb-2 139699030746944
read_file 1572310714.5112407 1572310714.5126429 bigbrain_0_0_0.nii 140100911253312
increment_file 1572310714.5127642 1572310715.4584682 bigbrain_0_0_0.nii 140100911253312
write_file 1572310715.459388 1572310716.4527974 inc-bigbrain_0_0_0.nii 140100911253312
task_duration 1572310714.5100687 1572310716.4682815 1572310638-tmpfs_1it_25cpus_40bb-2 140100911253312
read_file 1572310714.5112352 1572310714.512618 bigbrain_0_1809_694.nii 140318702409536
increment_file 1572310714.512722 1572310715.44329 bigbrain_0_1809_694.nii 140318702409536
write_file 1572310715.4446146 1572310716.2089937 inc-bigbrain_0_1809_694.nii 140318702409536
task_duration 1572310714.5100734 1572310716.2272475 1572310638-tmpfs_1it_25cpus_40bb-2 140318702409536
read_file 1572310714.5111935 1572310714.5125625 bigbrain_0_1809_2776.nii 139634920638272
increment_file 1572310714.5126703 1572310715.2615826 bigbrain_0_1809_2776.nii 139634920638272
write_file 1572310715.2630072 1572310716.037851 inc-bigbrain_0_1809_2776.nii 139634920638272
task_duration 1572310714.5100162 1572310716.05513 1572310638-tmpfs_1it_25cpus_40bb-2 139634920638272
read_file 1572310714.511167 1572310714.512525 bigbrain_0_1809_2082.nii 140228006377280
increment_file 1572310714.5126317 1572310715.3739846 bigbrain_0_1809_2082.nii 140228006377280
write_file 1572310715.3751993 1572310716.3663468 inc-bigbrain_0_1809_2082.nii 140228006377280
task_duration 1572310714.509993 1572310716.3823495 1572310638-tmpfs_1it_25cpus_40bb-2 140228006377280
read_file 1572310714.5111873 1572310714.5125198 bigbrain_0_603_2776.nii 140063562684224
increment_file 1572310714.5126266 1572310715.2630239 bigbrain_0_603_2776.nii 140063562684224
write_file 1572310715.26407 1572310716.0381188 inc-bigbrain_0_603_2776.nii 140063562684224
task_duration 1572310714.5100176 1572310716.0551949 1572310638-tmpfs_1it_25cpus_40bb-2 140063562684224
read_file 1572310714.51111 1572310714.5124846 bigbrain_0_1206_0.nii 140699011897152
increment_file 1572310714.512594 1572310715.2980623 bigbrain_0_1206_0.nii 140699011897152
write_file 1572310715.2994509 1572310716.0678375 inc-bigbrain_0_1206_0.nii 140699011897152
task_duration 1572310714.5099416 1572310716.083008 1572310638-tmpfs_1it_25cpus_40bb-2 140699011897152
read_file 1572310714.5111032 1572310714.512434 bigbrain_0_1809_0.nii 140013109040960
increment_file 1572310714.512542 1572310715.2601492 bigbrain_0_1809_0.nii 140013109040960
write_file 1572310715.2618365 1572310716.0293033 inc-bigbrain_0_1809_0.nii 140013109040960
task_duration 1572310714.5099494 1572310716.045286 1572310638-tmpfs_1it_25cpus_40bb-2 140013109040960
read_file 1572310714.5110884 1572310714.512426 bigbrain_0_603_1388.nii 139707032794944
increment_file 1572310714.512535 1572310715.4582639 bigbrain_0_603_1388.nii 139707032794944
write_file 1572310715.459414 1572310716.2174199 inc-bigbrain_0_603_1388.nii 139707032794944
task_duration 1572310714.5099506 1572310716.236733 1572310638-tmpfs_1it_25cpus_40bb-2 139707032794944
read_file 1572310714.5110488 1572310714.5124211 bigbrain_0_603_0.nii 140492610467648
increment_file 1572310714.5125186 1572310715.2727134 bigbrain_0_603_0.nii 140492610467648
write_file 1572310715.2737293 1572310716.0406742 inc-bigbrain_0_603_0.nii 140492610467648
task_duration 1572310714.509948 1572310716.0564375 1572310638-tmpfs_1it_25cpus_40bb-2 140492610467648
read_file 1572310714.511044 1572310714.5123897 bigbrain_0_0_1388.nii 140428271413056
increment_file 1572310714.5124896 1572310715.283376 bigbrain_0_0_1388.nii 140428271413056
write_file 1572310715.2844858 1572310716.0550613 inc-bigbrain_0_0_1388.nii 140428271413056
task_duration 1572310714.5099182 1572310716.069833 1572310638-tmpfs_1it_25cpus_40bb-2 140428271413056
read_file 1572310714.5110745 1572310714.5123887 bigbrain_0_0_694.nii 139645627008832
increment_file 1572310714.51249 1572310715.310972 bigbrain_0_0_694.nii 139645627008832
write_file 1572310715.3118281 1572310716.0812948 inc-bigbrain_0_0_694.nii 139645627008832
task_duration 1572310714.5099924 1572310716.0969532 1572310638-tmpfs_1it_25cpus_40bb-2 139645627008832
