read_file 1572380439.448835 1572380439.4506211 bigbrain_0_1809_694.nii 139849023977280
increment_file 1572380439.450859 1572380480.0791698 bigbrain_0_1809_694.nii 139849023977280
write_file 1572380480.1181953 1572380491.3362188 inc-bigbrain_0_1809_694.nii 139849023977280
task_duration 1572380439.4471636 1572380491.3428326 1572379747-optaneAD_1it_96cpus_40bb-1 139849023977280
read_file 1572380439.4494848 1572380439.4513392 bigbrain_0_0_1388.nii 139770393827136
increment_file 1572380439.451535 1572380485.4977095 bigbrain_0_0_1388.nii 139770393827136
write_file 1572380485.8544888 1572380514.6965067 inc-bigbrain_0_0_1388.nii 139770393827136
task_duration 1572380439.4477005 1572380514.701092 1572379747-optaneAD_1it_96cpus_40bb-1 139770393827136
read_file 1572380439.4503434 1572380439.4519966 bigbrain_0_2412_1388.nii 139865578686272
increment_file 1572380439.4521968 1572380485.7288992 bigbrain_0_2412_1388.nii 139865578686272
write_file 1572380485.8325617 1572380530.8616207 inc-bigbrain_0_2412_1388.nii 139865578686272
task_duration 1572380439.448814 1572380530.865896 1572379747-optaneAD_1it_96cpus_40bb-1 139865578686272
read_file 1572380439.4505377 1572380439.4524708 bigbrain_0_0_2082.nii 140194166462272
increment_file 1572380439.4526966 1572380485.8235824 bigbrain_0_0_2082.nii 140194166462272
write_file 1572380485.858163 1572380528.1009045 inc-bigbrain_0_0_2082.nii 140194166462272
task_duration 1572380439.448642 1572380528.1054902 1572379747-optaneAD_1it_96cpus_40bb-1 140194166462272
read_file 1572380439.452849 1572380439.4544952 bigbrain_0_1206_1388.nii 140514765780800
increment_file 1572380439.4547353 1572380485.8903112 bigbrain_0_1206_1388.nii 140514765780800
write_file 1572380485.9192603 1572380530.8556619 inc-bigbrain_0_1206_1388.nii 140514765780800
task_duration 1572380439.4513881 1572380530.860132 1572379747-optaneAD_1it_96cpus_40bb-1 140514765780800
read_file 1572380439.4545789 1572380439.4565053 bigbrain_0_0_0.nii 140195143468864
increment_file 1572380439.4567344 1572380480.3568552 bigbrain_0_0_0.nii 140195143468864
write_file 1572380480.3630922 1572380491.1344652 inc-bigbrain_0_0_0.nii 140195143468864
task_duration 1572380439.4527602 1572380491.1390142 1572379747-optaneAD_1it_96cpus_40bb-1 140195143468864
read_file 1572380439.455099 1572380439.4576132 bigbrain_0_2412_0.nii 140362188937024
increment_file 1572380439.4582558 1572380485.4116335 bigbrain_0_2412_0.nii 140362188937024
write_file 1572380485.4532526 1572380525.9506023 inc-bigbrain_0_2412_0.nii 140362188937024
task_duration 1572380439.453108 1572380525.9551902 1572379747-optaneAD_1it_96cpus_40bb-1 140362188937024
read_file 1572380439.461482 1572380439.463937 bigbrain_1538_1206_2776.nii 140652765386560
increment_file 1572380439.4643784 1572380481.1399193 bigbrain_1538_1206_2776.nii 140652765386560
write_file 1572380481.1468036 1572380520.508603 inc-bigbrain_1538_1206_2776.nii 140652765386560
task_duration 1572380439.4599612 1572380520.5126815 1572379747-optaneAD_1it_96cpus_40bb-1 140652765386560
read_file 1572380439.4516978 1572380439.4647245 bigbrain_0_1206_2082.nii 140643734058816
increment_file 1572380439.465229 1572380481.2508445 bigbrain_0_1206_2082.nii 140643734058816
write_file 1572380481.2736328 1572380491.3932862 inc-bigbrain_0_1206_2082.nii 140643734058816
task_duration 1572380439.4497988 1572380491.397343 1572379747-optaneAD_1it_96cpus_40bb-1 140643734058816
read_file 1572380439.4648306 1572380439.4682214 bigbrain_1538_1206_1388.nii 140407427069760
increment_file 1572380439.4685607 1572380481.2966428 bigbrain_1538_1206_1388.nii 140407427069760
write_file 1572380481.298638 1572380491.332446 inc-bigbrain_1538_1206_1388.nii 140407427069760
task_duration 1572380439.454506 1572380491.337594 1572379747-optaneAD_1it_96cpus_40bb-1 140407427069760
read_file 1572380439.4682086 1572380439.4711866 bigbrain_0_1809_2776.nii 140008617711424
increment_file 1572380439.4715028 1572380482.4396327 bigbrain_0_1809_2776.nii 140008617711424
write_file 1572380482.449977 1572380526.2588823 inc-bigbrain_0_1809_2776.nii 140008617711424
task_duration 1572380439.4666557 1572380526.262923 1572379747-optaneAD_1it_96cpus_40bb-1 140008617711424
read_file 1572380439.4742224 1572380439.4764025 bigbrain_1538_1206_0.nii 139975182608192
increment_file 1572380439.4767013 1572380485.6302416 bigbrain_1538_1206_0.nii 139975182608192
write_file 1572380485.8370411 1572380526.8366 inc-bigbrain_1538_1206_0.nii 139975182608192
task_duration 1572380439.4725373 1572380526.8412256 1572379747-optaneAD_1it_96cpus_40bb-1 139975182608192
read_file 1572380439.4751015 1572380439.477048 bigbrain_0_2412_694.nii 140453634348864
increment_file 1572380439.477327 1572380482.1011164 bigbrain_0_2412_694.nii 140453634348864
write_file 1572380482.1060612 1572380491.499012 inc-bigbrain_0_2412_694.nii 140453634348864
task_duration 1572380439.473257 1572380491.5118344 1572379747-optaneAD_1it_96cpus_40bb-1 140453634348864
read_file 1572380439.481004 1572380439.4830253 bigbrain_0_603_2082.nii 140010215380800
increment_file 1572380439.4834237 1572380481.4130743 bigbrain_0_603_2082.nii 140010215380800
write_file 1572380481.419977 1572380491.4746158 inc-bigbrain_0_603_2082.nii 140010215380800
task_duration 1572380439.4794023 1572380491.4795728 1572379747-optaneAD_1it_96cpus_40bb-1 140010215380800
read_file 1572380439.4867556 1572380439.4886084 bigbrain_0_1809_1388.nii 140082822276928
increment_file 1572380439.4888508 1572380482.1998801 bigbrain_0_1809_1388.nii 140082822276928
write_file 1572380482.2179601 1572380523.8090382 inc-bigbrain_0_1809_1388.nii 140082822276928
task_duration 1572380439.485169 1572380523.8132443 1572379747-optaneAD_1it_96cpus_40bb-1 140082822276928
read_file 1572380439.4840572 1572380439.4891303 bigbrain_0_603_694.nii 140635810117440
increment_file 1572380439.4896755 1572380481.7155023 bigbrain_0_603_694.nii 140635810117440
write_file 1572380481.7366843 1572380519.6395123 inc-bigbrain_0_603_694.nii 140635810117440
task_duration 1572380439.4818137 1572380519.6443794 1572379747-optaneAD_1it_96cpus_40bb-1 140635810117440
read_file 1572380439.490627 1572380439.4924698 bigbrain_0_2412_2776.nii 140554428979008
increment_file 1572380439.4928036 1572380481.7056546 bigbrain_0_2412_2776.nii 140554428979008
write_file 1572380481.7506552 1572380491.5757058 inc-bigbrain_0_2412_2776.nii 140554428979008
task_duration 1572380439.4890943 1572380491.5816677 1572379747-optaneAD_1it_96cpus_40bb-1 140554428979008
read_file 1572380439.4909923 1572380439.495226 bigbrain_0_1206_0.nii 140111020263232
increment_file 1572380439.4958265 1572380481.6114638 bigbrain_0_1206_0.nii 140111020263232
write_file 1572380481.6157286 1572380526.7210782 inc-bigbrain_0_1206_0.nii 140111020263232
task_duration 1572380439.4878707 1572380526.7252092 1572379747-optaneAD_1it_96cpus_40bb-1 140111020263232
read_file 1572380439.4935977 1572380439.4955204 bigbrain_1538_0_1388.nii 139793911846720
increment_file 1572380439.4958713 1572380481.5769272 bigbrain_1538_0_1388.nii 139793911846720
write_file 1572380481.580335 1572380491.3075225 inc-bigbrain_1538_0_1388.nii 139793911846720
task_duration 1572380439.4920118 1572380491.3134294 1572379747-optaneAD_1it_96cpus_40bb-1 139793911846720
read_file 1572380439.4919674 1572380439.4967182 bigbrain_1538_0_2776.nii 140141181843264
increment_file 1572380439.4972734 1572380481.2729924 bigbrain_1538_0_2776.nii 140141181843264
write_file 1572380481.2753565 1572380491.3255968 inc-bigbrain_1538_0_2776.nii 140141181843264
task_duration 1572380439.4645057 1572380491.33018 1572379747-optaneAD_1it_96cpus_40bb-1 140141181843264
read_file 1572380439.4943 1572380439.5005152 bigbrain_0_603_1388.nii 140222073911104
increment_file 1572380439.5011551 1572380482.256122 bigbrain_0_603_1388.nii 140222073911104
write_file 1572380482.272407 1572380530.0734065 inc-bigbrain_0_603_1388.nii 140222073911104
task_duration 1572380439.4922442 1572380530.0775084 1572379747-optaneAD_1it_96cpus_40bb-1 140222073911104
read_file 1572380439.4917238 1572380439.5011983 bigbrain_0_603_2776.nii 140627219609408
increment_file 1572380439.5016909 1572380486.279876 bigbrain_0_603_2776.nii 140627219609408
write_file 1572380486.3023977 1572380525.312244 inc-bigbrain_0_603_2776.nii 140627219609408
task_duration 1572380439.4889395 1572380525.316615 1572379747-optaneAD_1it_96cpus_40bb-1 140627219609408
read_file 1572380439.5063324 1572380439.5087812 bigbrain_1538_1809_0.nii 140151042389824
increment_file 1572380439.5159297 1572380481.0028274 bigbrain_1538_1809_0.nii 140151042389824
write_file 1572380481.0076504 1572380491.3755012 inc-bigbrain_1538_1809_0.nii 140151042389824
task_duration 1572380439.504769 1572380491.379788 1572379747-optaneAD_1it_96cpus_40bb-1 140151042389824
read_file 1572380439.520051 1572380439.5267236 bigbrain_0_1809_2082.nii 140360142817088
increment_file 1572380439.5275598 1572380481.9508853 bigbrain_0_1809_2082.nii 140360142817088
write_file 1572380481.9755263 1572380517.2753556 inc-bigbrain_0_1809_2082.nii 140360142817088
task_duration 1572380439.5170996 1572380517.2794657 1572379747-optaneAD_1it_96cpus_40bb-1 140360142817088
read_file 1572380439.5309944 1572380439.5354826 bigbrain_1538_1809_2082.nii 139651273967424
increment_file 1572380439.5368185 1572380481.2767522 bigbrain_1538_1809_2082.nii 139651273967424
write_file 1572380481.2788472 1572380491.417837 inc-bigbrain_1538_1809_2082.nii 139651273967424
task_duration 1572380439.5285404 1572380491.422178 1572379747-optaneAD_1it_96cpus_40bb-1 139651273967424
read_file 1572380439.5154595 1572380439.5380116 bigbrain_0_0_694.nii 140522428905280
increment_file 1572380439.540422 1572380486.352658 bigbrain_0_0_694.nii 140522428905280
write_file 1572380486.3572936 1572380517.1456637 inc-bigbrain_0_0_694.nii 140522428905280
task_duration 1572380439.5094388 1572380517.1513216 1572379747-optaneAD_1it_96cpus_40bb-1 140522428905280
read_file 1572380439.484454 1572380439.5418086 bigbrain_0_1809_0.nii 140089162258240
increment_file 1572380439.542396 1572380485.8068638 bigbrain_0_1809_0.nii 140089162258240
write_file 1572380485.815739 1572380528.3693926 inc-bigbrain_0_1809_0.nii 140089162258240
task_duration 1572380439.4821758 1572380528.3741696 1572379747-optaneAD_1it_96cpus_40bb-1 140089162258240
read_file 1572380439.5297654 1572380439.5516045 bigbrain_0_603_0.nii 139707795658560
increment_file 1572380439.5539615 1572380486.2343853 bigbrain_0_603_0.nii 139707795658560
write_file 1572380486.2596374 1572380530.004938 inc-bigbrain_0_603_0.nii 139707795658560
task_duration 1572380439.5240538 1572380530.0099306 1572379747-optaneAD_1it_96cpus_40bb-1 139707795658560
read_file 1572380439.5563679 1572380439.5635412 bigbrain_0_1206_694.nii 140457518245696
increment_file 1572380439.5643468 1572380482.1498115 bigbrain_0_1206_694.nii 140457518245696
write_file 1572380482.163347 1572380491.500254 inc-bigbrain_0_1206_694.nii 140457518245696
task_duration 1572380439.5395854 1572380491.5053308 1572379747-optaneAD_1it_96cpus_40bb-1 140457518245696
read_file 1572380439.5766144 1572380439.6570501 bigbrain_0_0_2776.nii 140081104717632
increment_file 1572380439.6733158 1572380486.3761597 bigbrain_0_0_2776.nii 140081104717632
write_file 1572380486.4135115 1572380506.0595126 inc-bigbrain_0_0_2776.nii 140081104717632
task_duration 1572380439.5458865 1572380506.104238 1572379747-optaneAD_1it_96cpus_40bb-1 140081104717632
read_file 1572380439.5966783 1572380439.6700625 bigbrain_0_2412_2082.nii 140492587259712
increment_file 1572380439.67963 1572380486.4658391 bigbrain_0_2412_2082.nii 140492587259712
write_file 1572380486.5019586 1572380521.950424 inc-bigbrain_0_2412_2082.nii 140492587259712
task_duration 1572380439.5559192 1572380521.954831 1572379747-optaneAD_1it_96cpus_40bb-1 140492587259712
read_file 1572380439.597257 1572380439.6632848 bigbrain_1538_0_694.nii 139969753515840
increment_file 1572380439.683468 1572380486.4228125 bigbrain_1538_0_694.nii 139969753515840
write_file 1572380486.4438984 1572380530.7091029 inc-bigbrain_1538_0_694.nii 139969753515840
task_duration 1572380439.5554228 1572380530.7135599 1572379747-optaneAD_1it_96cpus_40bb-1 139969753515840
read_file 1572380439.800953 1572380439.8723824 bigbrain_0_1206_2776.nii 139943704926016
increment_file 1572380439.8809078 1572380486.346104 bigbrain_0_1206_2776.nii 139943704926016
write_file 1572380486.3646293 1572380519.8232567 inc-bigbrain_0_1206_2776.nii 139943704926016
task_duration 1572380439.7295783 1572380519.8278887 1572379747-optaneAD_1it_96cpus_40bb-1 139943704926016
read_file 1572380439.9497871 1572380440.0275495 bigbrain_1538_0_0.nii 140278634047296
increment_file 1572380440.0395362 1572380486.5572355 bigbrain_1538_0_0.nii 140278634047296
write_file 1572380486.5741205 1572380529.7470117 inc-bigbrain_1538_0_0.nii 140278634047296
task_duration 1572380439.9047585 1572380529.7515097 1572379747-optaneAD_1it_96cpus_40bb-1 140278634047296
read_file 1572380440.01882 1572380440.0313156 bigbrain_1538_1809_1388.nii 139674827667264
increment_file 1572380440.0342953 1572380483.7103817 bigbrain_1538_1809_1388.nii 139674827667264
write_file 1572380483.7139206 1572380520.1705363 inc-bigbrain_1538_1809_1388.nii 139674827667264
task_duration 1572380440.0108647 1572380520.1747236 1572379747-optaneAD_1it_96cpus_40bb-1 139674827667264
read_file 1572380440.101386 1572380440.1432424 bigbrain_1538_1206_694.nii 140141956745024
increment_file 1572380440.1463828 1572380486.5990114 bigbrain_1538_1206_694.nii 140141956745024
write_file 1572380486.6275637 1572380523.1089234 inc-bigbrain_1538_1206_694.nii 140141956745024
task_duration 1572380440.0898457 1572380523.1133819 1572379747-optaneAD_1it_96cpus_40bb-1 140141956745024
read_file 1572380440.1607535 1572380440.1893704 bigbrain_1538_0_2082.nii 140054530922304
increment_file 1572380440.194346 1572380483.8524415 bigbrain_1538_0_2082.nii 140054530922304
write_file 1572380483.8761864 1572380530.989361 inc-bigbrain_1538_0_2082.nii 140054530922304
task_duration 1572380440.1360695 1572380530.993499 1572379747-optaneAD_1it_96cpus_40bb-1 140054530922304
read_file 1572380440.2068222 1572380440.2161498 bigbrain_3076_0_1388.nii 140405000427328
increment_file 1572380440.2180054 1572380484.1658843 bigbrain_3076_0_1388.nii 140405000427328
write_file 1572380484.1721218 1572380525.0915513 inc-bigbrain_3076_0_1388.nii 140405000427328
task_duration 1572380440.1996686 1572380525.095627 1572379747-optaneAD_1it_96cpus_40bb-1 140405000427328
read_file 1572380440.2732863 1572380440.3018978 bigbrain_1538_603_1388.nii 139759897462592
increment_file 1572380440.3070598 1572380486.4916558 bigbrain_1538_603_1388.nii 139759897462592
write_file 1572380486.5170145 1572380530.1282508 inc-bigbrain_1538_603_1388.nii 139759897462592
task_duration 1572380440.2475672 1572380530.1375651 1572379747-optaneAD_1it_96cpus_40bb-1 139759897462592
read_file 1572380440.3219905 1572380440.3291092 bigbrain_2307_2412_694.nii 140438565877568
increment_file 1572380440.3305645 1572380484.6583765 bigbrain_2307_2412_694.nii 140438565877568
write_file 1572380484.6605475 1572380516.9551756 inc-bigbrain_2307_2412_694.nii 140438565877568
task_duration 1572380440.3196251 1572380516.9598281 1572379747-optaneAD_1it_96cpus_40bb-1 140438565877568
read_file 1572380440.3238788 1572380440.3478408 bigbrain_1538_603_2082.nii 140638548617024
increment_file 1572380440.3519242 1572380484.6196275 bigbrain_1538_603_2082.nii 140638548617024
write_file 1572380484.644704 1572380511.63738 inc-bigbrain_1538_603_2082.nii 140638548617024
task_duration 1572380440.3073218 1572380511.6414845 1572379747-optaneAD_1it_96cpus_40bb-1 140638548617024
read_file 1572380440.4279268 1572380440.4388702 bigbrain_3076_0_0.nii 140657173636928
increment_file 1572380440.4411883 1572380484.5891626 bigbrain_3076_0_0.nii 140657173636928
write_file 1572380484.5934575 1572380528.2844272 inc-bigbrain_3076_0_0.nii 140657173636928
task_duration 1572380440.4234061 1572380528.2884815 1572379747-optaneAD_1it_96cpus_40bb-1 140657173636928
read_file 1572380440.506244 1572380440.5170245 bigbrain_2307_1206_694.nii 139926460573504
increment_file 1572380440.5205321 1572380484.5463724 bigbrain_2307_1206_694.nii 139926460573504
write_file 1572380484.5654533 1572380530.1978035 inc-bigbrain_2307_1206_694.nii 139926460573504
task_duration 1572380440.4949572 1572380530.2019804 1572379747-optaneAD_1it_96cpus_40bb-1 139926460573504
read_file 1572380440.5453165 1572380440.563733 bigbrain_2307_603_2082.nii 139745011795776
increment_file 1572380440.5653296 1572380484.4748416 bigbrain_2307_603_2082.nii 139745011795776
write_file 1572380484.4785218 1572380504.9788465 inc-bigbrain_2307_603_2082.nii 139745011795776
task_duration 1572380440.5262587 1572380504.9836867 1572379747-optaneAD_1it_96cpus_40bb-1 139745011795776
read_file 1572380440.5776646 1572380440.6278698 bigbrain_1538_1809_694.nii 140477302388544
increment_file 1572380440.630102 1572380486.609276 bigbrain_1538_1809_694.nii 140477302388544
write_file 1572380486.639861 1572380523.5603995 inc-bigbrain_1538_1809_694.nii 140477302388544
task_duration 1572380440.5172122 1572380523.565039 1572379747-optaneAD_1it_96cpus_40bb-1 140477302388544
read_file 1572380440.6395268 1572380440.707857 bigbrain_1538_1206_2082.nii 140306210223936
increment_file 1572380440.7143276 1572380486.7267373 bigbrain_1538_1206_2082.nii 140306210223936
write_file 1572380486.7461739 1572380528.4676695 inc-bigbrain_1538_1206_2082.nii 140306210223936
task_duration 1572380440.6034884 1572380528.4720802 1572379747-optaneAD_1it_96cpus_40bb-1 140306210223936
read_file 1572380440.7419226 1572380440.7598379 bigbrain_2307_2412_2776.nii 139960746538816
increment_file 1572380440.7624679 1572380485.2672455 bigbrain_2307_2412_2776.nii 139960746538816
write_file 1572380485.279365 1572380524.1504009 inc-bigbrain_2307_2412_2776.nii 139960746538816
task_duration 1572380440.7380323 1572380524.154525 1572379747-optaneAD_1it_96cpus_40bb-1 139960746538816
read_file 1572380440.727898 1572380440.786682 bigbrain_1538_2412_0.nii 140366886651712
increment_file 1572380440.8044114 1572380486.775448 bigbrain_1538_2412_0.nii 140366886651712
write_file 1572380486.7900116 1572380505.1124823 inc-bigbrain_1538_2412_0.nii 140366886651712
task_duration 1572380440.6980662 1572380505.1288705 1572379747-optaneAD_1it_96cpus_40bb-1 140366886651712
read_file 1572380440.8301792 1572380440.8587222 bigbrain_1538_1809_2776.nii 140584718677824
increment_file 1572380440.8599424 1572380485.3761754 bigbrain_1538_1809_2776.nii 140584718677824
write_file 1572380485.3904073 1572380511.974553 inc-bigbrain_1538_1809_2776.nii 140584718677824
task_duration 1572380440.825296 1572380511.9786737 1572379747-optaneAD_1it_96cpus_40bb-1 140584718677824
read_file 1572380440.8595068 1572380440.9351912 bigbrain_2307_1206_2082.nii 139844705212224
increment_file 1572380440.9393785 1572380485.0376623 bigbrain_2307_1206_2082.nii 139844705212224
write_file 1572380485.0682585 1572380519.8416271 inc-bigbrain_2307_1206_2082.nii 139844705212224
task_duration 1572380440.8354113 1572380519.845657 1572379747-optaneAD_1it_96cpus_40bb-1 139844705212224
read_file 1572380440.9511542 1572380440.981016 bigbrain_1538_2412_2082.nii 140411278636864
increment_file 1572380440.9856634 1572380485.2411513 bigbrain_1538_2412_2082.nii 140411278636864
write_file 1572380485.2752762 1572380527.0369122 inc-bigbrain_1538_2412_2082.nii 140411278636864
task_duration 1572380440.9275892 1572380527.04109 1572379747-optaneAD_1it_96cpus_40bb-1 140411278636864
read_file 1572380440.979931 1572380440.9976766 bigbrain_2307_1206_2776.nii 140711916271424
increment_file 1572380441.0004597 1572380485.276633 bigbrain_2307_1206_2776.nii 140711916271424
write_file 1572380485.2937808 1572380531.1740541 inc-bigbrain_2307_1206_2776.nii 140711916271424
task_duration 1572380440.965386 1572380531.178124 1572379747-optaneAD_1it_96cpus_40bb-1 140711916271424
read_file 1572380440.9750178 1572380441.0047767 bigbrain_1538_2412_1388.nii 140028916483904
increment_file 1572380441.0095632 1572380485.371906 bigbrain_1538_2412_1388.nii 140028916483904
write_file 1572380485.411264 1572380524.6947122 inc-bigbrain_1538_2412_1388.nii 140028916483904
task_duration 1572380440.9617078 1572380524.7021544 1572379747-optaneAD_1it_96cpus_40bb-1 140028916483904
read_file 1572380441.1538541 1572380441.1608782 bigbrain_2307_603_694.nii 140505588492096
increment_file 1572380441.1615674 1572380485.3014476 bigbrain_2307_603_694.nii 140505588492096
write_file 1572380485.3027337 1572380531.1801713 inc-bigbrain_2307_603_694.nii 140505588492096
task_duration 1572380441.150886 1572380531.1842394 1572379747-optaneAD_1it_96cpus_40bb-1 140505588492096
read_file 1572380441.2680502 1572380441.2892375 bigbrain_1538_603_2776.nii 140494341990208
increment_file 1572380441.2944784 1572380485.5818677 bigbrain_1538_603_2776.nii 140494341990208
write_file 1572380485.8304322 1572380530.4880786 inc-bigbrain_1538_603_2776.nii 140494341990208
task_duration 1572380441.2506385 1572380530.4921815 1572379747-optaneAD_1it_96cpus_40bb-1 140494341990208
read_file 1572380441.297667 1572380441.3079495 bigbrain_2307_1809_0.nii 139856862373696
increment_file 1572380441.311109 1572380485.412563 bigbrain_2307_1809_0.nii 139856862373696
write_file 1572380485.812361 1572380519.1113803 inc-bigbrain_2307_1809_0.nii 139856862373696
task_duration 1572380441.2878225 1572380519.1155097 1572379747-optaneAD_1it_96cpus_40bb-1 139856862373696
read_file 1572380441.3142803 1572380441.3189774 bigbrain_2307_1809_2776.nii 140223837685568
increment_file 1572380441.3197587 1572380485.486763 bigbrain_2307_1809_2776.nii 140223837685568
write_file 1572380485.8061173 1572380525.2864933 inc-bigbrain_2307_1809_2776.nii 140223837685568
task_duration 1572380441.3073862 1572380525.2937698 1572379747-optaneAD_1it_96cpus_40bb-1 140223837685568
read_file 1572380441.3024895 1572380441.3190305 bigbrain_2307_0_694.nii 140218930321216
increment_file 1572380441.3222861 1572380485.7477496 bigbrain_2307_0_694.nii 140218930321216
write_file 1572380485.8262331 1572380528.2674909 inc-bigbrain_2307_0_694.nii 140218930321216
task_duration 1572380441.2861054 1572380528.271641 1572379747-optaneAD_1it_96cpus_40bb-1 140218930321216
read_file 1572380441.3703985 1572380441.4055088 bigbrain_2307_0_0.nii 139695167727424
increment_file 1572380441.4103053 1572380487.017119 bigbrain_2307_0_0.nii 139695167727424
write_file 1572380487.0309927 1572380530.3802738 inc-bigbrain_2307_0_0.nii 139695167727424
task_duration 1572380441.3469794 1572380530.3847876 1572379747-optaneAD_1it_96cpus_40bb-1 139695167727424
read_file 1572380441.3597138 1572380441.407977 bigbrain_1538_2412_694.nii 140408707458880
increment_file 1572380441.4117427 1572380486.9373312 bigbrain_1538_2412_694.nii 140408707458880
write_file 1572380486.970691 1572380525.6328895 inc-bigbrain_1538_2412_694.nii 140408707458880
task_duration 1572380441.3357203 1572380525.637451 1572379747-optaneAD_1it_96cpus_40bb-1 140408707458880
read_file 1572380441.3942277 1572380441.4173062 bigbrain_2307_2412_1388.nii 140328266835776
increment_file 1572380441.4209547 1572380486.7101743 bigbrain_2307_2412_1388.nii 140328266835776
write_file 1572380486.734825 1572380504.7099752 inc-bigbrain_2307_2412_1388.nii 140328266835776
task_duration 1572380441.3788545 1572380504.7144957 1572379747-optaneAD_1it_96cpus_40bb-1 140328266835776
read_file 1572380441.387521 1572380441.4287598 bigbrain_1538_603_694.nii 140450355652416
increment_file 1572380441.4311123 1572380486.9682336 bigbrain_1538_603_694.nii 140450355652416
write_file 1572380486.9846506 1572380515.251987 inc-bigbrain_1538_603_694.nii 140450355652416
task_duration 1572380441.3627264 1572380515.2568614 1572379747-optaneAD_1it_96cpus_40bb-1 140450355652416
read_file 1572380441.419371 1572380441.4406962 bigbrain_1538_603_0.nii 140410077718336
increment_file 1572380441.4442515 1572380486.7205894 bigbrain_1538_603_0.nii 140410077718336
write_file 1572380486.7533035 1572380525.8256986 inc-bigbrain_1538_603_0.nii 140410077718336
task_duration 1572380441.3977234 1572380525.8304105 1572379747-optaneAD_1it_96cpus_40bb-1 140410077718336
read_file 1572380441.5337715 1572380441.5637312 bigbrain_2307_1206_1388.nii 140175701534528
increment_file 1572380441.5689635 1572380485.7222528 bigbrain_2307_1206_1388.nii 140175701534528
write_file 1572380485.8478994 1572380518.1315045 inc-bigbrain_2307_1206_1388.nii 140175701534528
task_duration 1572380441.519988 1572380518.135626 1572379747-optaneAD_1it_96cpus_40bb-1 140175701534528
read_file 1572380441.5501437 1572380441.5690992 bigbrain_2307_2412_2082.nii 140553077253952
increment_file 1572380441.571947 1572380485.6460874 bigbrain_2307_2412_2082.nii 140553077253952
write_file 1572380485.8265297 1572380526.0526266 inc-bigbrain_2307_2412_2082.nii 140553077253952
task_duration 1572380441.5354757 1572380526.060596 1572379747-optaneAD_1it_96cpus_40bb-1 140553077253952
read_file 1572380441.5488803 1572380441.591147 bigbrain_2307_0_2082.nii 140553760315200
increment_file 1572380441.5960858 1572380486.8432562 bigbrain_2307_0_2082.nii 140553760315200
write_file 1572380486.8658478 1572380523.0536482 inc-bigbrain_2307_0_2082.nii 140553760315200
task_duration 1572380441.5330145 1572380523.0581465 1572379747-optaneAD_1it_96cpus_40bb-1 140553760315200
read_file 1572380441.5709198 1572380441.6043656 bigbrain_1538_2412_2776.nii 140347552642880
increment_file 1572380441.6078742 1572380486.982353 bigbrain_1538_2412_2776.nii 140347552642880
write_file 1572380487.000056 1572380515.350925 inc-bigbrain_1538_2412_2776.nii 140347552642880
task_duration 1572380441.547102 1572380515.3575912 1572379747-optaneAD_1it_96cpus_40bb-1 140347552642880
read_file 1572380441.728366 1572380441.758616 bigbrain_3076_0_2082.nii 140032408520512
increment_file 1572380441.762091 1572380486.9579072 bigbrain_3076_0_2082.nii 140032408520512
write_file 1572380486.9888065 1572380507.071149 inc-bigbrain_3076_0_2082.nii 140032408520512
task_duration 1572380441.7153597 1572380507.1179717 1572379747-optaneAD_1it_96cpus_40bb-1 140032408520512
read_file 1572380442.0210388 1572380442.0313377 bigbrain_3076_2412_2776.nii 140005168387904
increment_file 1572380442.0344892 1572380485.92198 bigbrain_3076_2412_2776.nii 140005168387904
write_file 1572380485.9348023 1572380517.5074732 inc-bigbrain_3076_2412_2776.nii 140005168387904
task_duration 1572380442.0056844 1572380517.5115488 1572379747-optaneAD_1it_96cpus_40bb-1 140005168387904
read_file 1572380441.9981742 1572380442.0341766 bigbrain_2307_1206_0.nii 140061124605760
increment_file 1572380442.0384796 1572380486.9514253 bigbrain_2307_1206_0.nii 140061124605760
write_file 1572380486.970781 1572380505.0909302 inc-bigbrain_2307_1206_0.nii 140061124605760
task_duration 1572380441.9863834 1572380505.0952492 1572379747-optaneAD_1it_96cpus_40bb-1 140061124605760
read_file 1572380442.0373266 1572380442.0450342 bigbrain_3076_1809_1388.nii 139831286974272
increment_file 1572380442.0481193 1572380486.9703376 bigbrain_3076_1809_1388.nii 139831286974272
write_file 1572380487.0012274 1572380519.2580497 inc-bigbrain_3076_1809_1388.nii 139831286974272
task_duration 1572380442.0311127 1572380519.2627919 1572379747-optaneAD_1it_96cpus_40bb-1 139831286974272
read_file 1572380442.2234662 1572380442.2345898 bigbrain_3076_1206_2082.nii 139665697453888
increment_file 1572380442.2378428 1572380486.0623538 bigbrain_3076_1206_2082.nii 139665697453888
write_file 1572380486.0751805 1572380530.259691 inc-bigbrain_3076_1206_2082.nii 139665697453888
task_duration 1572380442.215575 1572380530.2638488 1572379747-optaneAD_1it_96cpus_40bb-1 139665697453888
read_file 1572380442.4409564 1572380442.4459245 bigbrain_3076_2412_2082.nii 140346043270976
increment_file 1572380442.4477313 1572380486.1077797 bigbrain_3076_2412_2082.nii 140346043270976
write_file 1572380486.1119711 1572380528.5564234 inc-bigbrain_3076_2412_2082.nii 140346043270976
task_duration 1572380442.432148 1572380528.5606308 1572379747-optaneAD_1it_96cpus_40bb-1 140346043270976
read_file 1572380442.4186883 1572380442.4576259 bigbrain_2307_0_1388.nii 139916982650688
increment_file 1572380442.459804 1572380486.1592915 bigbrain_2307_0_1388.nii 139916982650688
write_file 1572380486.1932404 1572380522.3855362 inc-bigbrain_2307_0_1388.nii 139916982650688
task_duration 1572380442.3903997 1572380522.3896341 1572379747-optaneAD_1it_96cpus_40bb-1 139916982650688
read_file 1572380442.447454 1572380442.4802911 bigbrain_2307_1809_694.nii 140584942987072
increment_file 1572380442.4844067 1572380487.2200706 bigbrain_2307_1809_694.nii 140584942987072
write_file 1572380487.2282267 1572380519.262952 inc-bigbrain_2307_1809_694.nii 140584942987072
task_duration 1572380442.4327185 1572380519.2674823 1572379747-optaneAD_1it_96cpus_40bb-1 140584942987072
read_file 1572380442.506299 1572380442.5486636 bigbrain_2307_1809_2082.nii 140493779892032
increment_file 1572380442.554086 1572380487.138906 bigbrain_2307_1809_2082.nii 140493779892032
write_file 1572380487.1582274 1572380511.6795108 inc-bigbrain_2307_1809_2082.nii 140493779892032
task_duration 1572380442.4853785 1572380511.6882668 1572379747-optaneAD_1it_96cpus_40bb-1 140493779892032
read_file 1572380442.5297203 1572380442.5623162 bigbrain_2307_2412_0.nii 140544713410368
increment_file 1572380442.5666606 1572380487.1376793 bigbrain_2307_2412_0.nii 140544713410368
write_file 1572380487.1569695 1572380505.0243697 inc-bigbrain_2307_2412_0.nii 140544713410368
task_duration 1572380442.5143535 1572380505.0290604 1572379747-optaneAD_1it_96cpus_40bb-1 140544713410368
read_file 1572380442.6047304 1572380442.6293156 bigbrain_3076_0_2776.nii 140528591263552
increment_file 1572380442.6318219 1572380486.9073083 bigbrain_3076_0_2776.nii 140528591263552
write_file 1572380486.9394805 1572380524.7453706 inc-bigbrain_3076_0_2776.nii 140528591263552
task_duration 1572380442.5875108 1572380524.7502565 1572379747-optaneAD_1it_96cpus_40bb-1 140528591263552
read_file 1572380442.6826394 1572380442.7238197 bigbrain_2307_603_1388.nii 140088253609792
increment_file 1572380442.7271926 1572380487.1040509 bigbrain_2307_603_1388.nii 140088253609792
write_file 1572380487.1368067 1572380529.4860437 inc-bigbrain_2307_603_1388.nii 140088253609792
task_duration 1572380442.6677024 1572380529.4910228 1572379747-optaneAD_1it_96cpus_40bb-1 140088253609792
read_file 1572380442.6863515 1572380442.7302053 bigbrain_2307_603_0.nii 140190328407872
increment_file 1572380442.732916 1572380487.154346 bigbrain_2307_603_0.nii 140190328407872
write_file 1572380487.178473 1572380529.828087 inc-bigbrain_2307_603_0.nii 140190328407872
task_duration 1572380442.6647959 1572380529.8326123 1572379747-optaneAD_1it_96cpus_40bb-1 140190328407872
read_file 1572380442.7069588 1572380442.7386105 bigbrain_2307_1809_1388.nii 139714922702656
increment_file 1572380442.7418182 1572380487.1901934 bigbrain_2307_1809_1388.nii 139714922702656
write_file 1572380487.2057645 1572380515.5809228 inc-bigbrain_2307_1809_1388.nii 139714922702656
task_duration 1572380442.6918554 1572380515.5880532 1572379747-optaneAD_1it_96cpus_40bb-1 139714922702656
read_file 1572380442.760818 1572380442.7931669 bigbrain_2307_0_2776.nii 140533014984512
increment_file 1572380442.7965724 1572380486.2533116 bigbrain_2307_0_2776.nii 140533014984512
write_file 1572380486.2825263 1572380531.2241015 inc-bigbrain_2307_0_2776.nii 140533014984512
task_duration 1572380442.749132 1572380531.2281225 1572379747-optaneAD_1it_96cpus_40bb-1 140533014984512
read_file 1572380442.8649385 1572380442.8766062 bigbrain_3076_1809_694.nii 140657266210624
increment_file 1572380442.8797626 1572380486.5136268 bigbrain_3076_1809_694.nii 140657266210624
write_file 1572380486.5280144 1572380517.2015524 inc-bigbrain_3076_1809_694.nii 140657266210624
task_duration 1572380442.8555963 1572380517.2056243 1572379747-optaneAD_1it_96cpus_40bb-1 140657266210624
read_file 1572380442.9512615 1572380442.960179 bigbrain_3076_1809_2082.nii 140407364208448
increment_file 1572380442.9627542 1572380486.3284771 bigbrain_3076_1809_2082.nii 140407364208448
write_file 1572380486.3412292 1572380511.8931327 inc-bigbrain_3076_1809_2082.nii 140407364208448
task_duration 1572380442.941366 1572380511.8980644 1572379747-optaneAD_1it_96cpus_40bb-1 140407364208448
read_file 1572380443.0024035 1572380443.0211878 bigbrain_2307_603_2776.nii 140702595880768
increment_file 1572380443.0252724 1572380487.2185733 bigbrain_2307_603_2776.nii 140702595880768
write_file 1572380487.2360322 1572380520.0293534 inc-bigbrain_2307_603_2776.nii 140702595880768
task_duration 1572380442.995483 1572380520.0343254 1572379747-optaneAD_1it_96cpus_40bb-1 140702595880768
read_file 1572380443.2901428 1572380443.3185554 bigbrain_3076_1206_0.nii 139867957770048
increment_file 1572380443.3224385 1572380487.1842306 bigbrain_3076_1206_0.nii 139867957770048
write_file 1572380487.2074637 1572380528.1748223 inc-bigbrain_3076_1206_0.nii 139867957770048
task_duration 1572380443.2755115 1572380528.1794953 1572379747-optaneAD_1it_96cpus_40bb-1 139867957770048
read_file 1572380443.665254 1572380443.6829758 bigbrain_3076_0_694.nii 140095580456768
increment_file 1572380443.6862278 1572380486.393719 bigbrain_3076_0_694.nii 140095580456768
write_file 1572380486.4214995 1572380526.826692 inc-bigbrain_3076_0_694.nii 140095580456768
task_duration 1572380443.6532896 1572380526.8309388 1572379747-optaneAD_1it_96cpus_40bb-1 140095580456768
read_file 1572380443.8836668 1572380443.9114606 bigbrain_3076_2412_0.nii 140461686187840
increment_file 1572380443.9161656 1572380487.2644613 bigbrain_3076_2412_0.nii 140461686187840
write_file 1572380487.2683282 1572380520.9821844 inc-bigbrain_3076_2412_0.nii 140461686187840
task_duration 1572380443.871497 1572380520.986663 1572379747-optaneAD_1it_96cpus_40bb-1 140461686187840
read_file 1572380443.9178245 1572380443.9500227 bigbrain_3076_1809_0.nii 140395332765504
increment_file 1572380443.9553452 1572380487.2359056 bigbrain_3076_1809_0.nii 140395332765504
write_file 1572380487.2499726 1572380530.720621 inc-bigbrain_3076_1809_0.nii 140395332765504
task_duration 1572380443.8993797 1572380530.7250788 1572379747-optaneAD_1it_96cpus_40bb-1 140395332765504
read_file 1572380443.9701822 1572380443.9941363 bigbrain_3076_1809_2776.nii 139781462509376
increment_file 1572380443.9984107 1572380487.2897465 bigbrain_3076_1809_2776.nii 139781462509376
write_file 1572380487.295169 1572380522.925065 inc-bigbrain_3076_1809_2776.nii 139781462509376
task_duration 1572380443.9553454 1572380522.9303486 1572379747-optaneAD_1it_96cpus_40bb-1 139781462509376
read_file 1572380444.0393586 1572380444.0658395 bigbrain_3076_2412_694.nii 140264825538368
increment_file 1572380444.0686479 1572380487.2552829 bigbrain_3076_2412_694.nii 140264825538368
write_file 1572380487.2596223 1572380520.6296654 inc-bigbrain_3076_2412_694.nii 140264825538368
task_duration 1572380444.0275388 1572380520.6341343 1572379747-optaneAD_1it_96cpus_40bb-1 140264825538368
read_file 1572380444.212269 1572380444.233471 bigbrain_3076_1206_1388.nii 139755226756928
increment_file 1572380444.2361913 1572380487.2686343 bigbrain_3076_1206_1388.nii 139755226756928
write_file 1572380487.272406 1572380530.8580222 inc-bigbrain_3076_1206_1388.nii 139755226756928
task_duration 1572380444.2028887 1572380530.8623295 1572379747-optaneAD_1it_96cpus_40bb-1 139755226756928
read_file 1572380444.2735505 1572380444.295709 bigbrain_3076_1206_2776.nii 140687648352064
increment_file 1572380444.2985342 1572380487.2887132 bigbrain_3076_1206_2776.nii 140687648352064
write_file 1572380487.2945797 1572380526.7620466 inc-bigbrain_3076_1206_2776.nii 140687648352064
task_duration 1572380444.2524269 1572380526.7666128 1572379747-optaneAD_1it_96cpus_40bb-1 140687648352064
read_file 1572380444.303491 1572380444.3263476 bigbrain_3076_1206_694.nii 140323589945152
increment_file 1572380444.3283358 1572380487.2990825 bigbrain_3076_1206_694.nii 140323589945152
write_file 1572380487.303038 1572380515.6183236 inc-bigbrain_3076_1206_694.nii 140323589945152
task_duration 1572380444.2905612 1572380515.6243668 1572379747-optaneAD_1it_96cpus_40bb-1 140323589945152
read_file 1572380444.4302557 1572380444.4547076 bigbrain_3076_2412_1388.nii 139972560656192
increment_file 1572380444.4567463 1572380487.3263185 bigbrain_3076_2412_1388.nii 139972560656192
write_file 1572380487.3301866 1572380530.10593 inc-bigbrain_3076_2412_1388.nii 139972560656192
task_duration 1572380444.416976 1572380530.110406 1572379747-optaneAD_1it_96cpus_40bb-1 139972560656192
read_file 1572380444.5264328 1572380444.54941 bigbrain_3076_603_0.nii 139841155000128
increment_file 1572380444.553444 1572380487.3307545 bigbrain_3076_603_0.nii 139841155000128
write_file 1572380487.4228463 1572380507.2047522 inc-bigbrain_3076_603_0.nii 139841155000128
task_duration 1572380444.518676 1572380507.2538428 1572379747-optaneAD_1it_96cpus_40bb-1 139841155000128
read_file 1572380491.443054 1572380491.4446907 bigbrain_3076_603_1388.nii 139671635900224
increment_file 1572380491.527527 1572380497.1896942 bigbrain_3076_603_1388.nii 139671635900224
write_file 1572380497.2707012 1572380529.4750469 inc-bigbrain_3076_603_1388.nii 139671635900224
task_duration 1572380491.4414313 1572380529.4794943 1572379747-optaneAD_1it_96cpus_40bb-1 139671635900224
read_file 1572380491.6844878 1572380491.6861813 bigbrain_3076_603_694.nii 139937724311360
increment_file 1572380491.8649087 1572380502.994933 bigbrain_3076_603_694.nii 139937724311360
write_file 1572380502.999886 1572380519.5215225 inc-bigbrain_3076_603_694.nii 139937724311360
task_duration 1572380491.682823 1572380519.5260584 1572379747-optaneAD_1it_96cpus_40bb-1 139937724311360
read_file 1572380491.70403 1572380491.7056804 bigbrain_3076_603_2776.nii 140630498133824
increment_file 1572380491.8650298 1572380502.2828786 bigbrain_3076_603_2776.nii 140630498133824
write_file 1572380502.325711 1572380517.5818703 inc-bigbrain_3076_603_2776.nii 140630498133824
task_duration 1572380491.702398 1572380517.5862525 1572379747-optaneAD_1it_96cpus_40bb-1 140630498133824
read_file 1572380491.709907 1572380491.7115805 bigbrain_3076_603_2082.nii 140377387083584
increment_file 1572380491.8651252 1572380502.8574655 bigbrain_3076_603_2082.nii 140377387083584
write_file 1572380502.8702347 1572380531.344909 inc-bigbrain_3076_603_2082.nii 140377387083584
task_duration 1572380491.7081525 1572380531.3489895 1572379747-optaneAD_1it_96cpus_40bb-1 140377387083584
read_file 1572380491.7694776 1572380491.7707691 bigbrain_769_0_0.nii 140425497057088
increment_file 1572380491.8651803 1572380502.0853717 bigbrain_769_0_0.nii 140425497057088
write_file 1572380502.122415 1572380529.354204 inc-bigbrain_769_0_0.nii 140425497057088
task_duration 1572380491.7683287 1572380529.3585558 1572379747-optaneAD_1it_96cpus_40bb-1 140425497057088
read_file 1572380491.8150053 1572380491.8164382 bigbrain_769_0_1388.nii 140341573805888
increment_file 1572380491.9402614 1572380502.4634094 bigbrain_769_0_1388.nii 140341573805888
write_file 1572380502.4905984 1572380526.230664 inc-bigbrain_769_0_1388.nii 140341573805888
task_duration 1572380491.813816 1572380526.2351305 1572379747-optaneAD_1it_96cpus_40bb-1 140341573805888
read_file 1572380491.8158665 1572380491.817198 bigbrain_769_0_2776.nii 140071483795264
increment_file 1572380491.9424086 1572380503.057864 bigbrain_769_0_2776.nii 140071483795264
write_file 1572380503.0660877 1572380523.9337695 inc-bigbrain_769_0_2776.nii 140071483795264
task_duration 1572380491.8145897 1572380523.9383774 1572379747-optaneAD_1it_96cpus_40bb-1 140071483795264
read_file 1572380491.8420227 1572380491.8435314 bigbrain_769_0_2082.nii 140087378401088
increment_file 1572380491.968924 1572380503.1009762 bigbrain_769_0_2082.nii 140087378401088
write_file 1572380503.1044264 1572380528.5394826 inc-bigbrain_769_0_2082.nii 140087378401088
task_duration 1572380491.8408082 1572380528.5437741 1572379747-optaneAD_1it_96cpus_40bb-1 140087378401088
read_file 1572380491.8887026 1572380491.890561 bigbrain_769_0_694.nii 140673050015552
increment_file 1572380492.1030314 1572380503.1323678 bigbrain_769_0_694.nii 140673050015552
write_file 1572380503.1335776 1572380514.9145665 inc-bigbrain_769_0_694.nii 140673050015552
task_duration 1572380491.8873682 1572380514.919417 1572379747-optaneAD_1it_96cpus_40bb-1 140673050015552
read_file 1572380491.8970292 1572380491.8990443 bigbrain_769_1206_0.nii 140522034775872
increment_file 1572380492.1134262 1572380503.13454 bigbrain_769_1206_0.nii 140522034775872
write_file 1572380503.1373985 1572380522.3020022 inc-bigbrain_769_1206_0.nii 140522034775872
task_duration 1572380491.8958418 1572380522.3063843 1572379747-optaneAD_1it_96cpus_40bb-1 140522034775872
read_file 1572380491.9319093 1572380491.9332016 bigbrain_769_1206_1388.nii 140545692383040
increment_file 1572380492.2910767 1572380503.1360123 bigbrain_769_1206_1388.nii 140545692383040
write_file 1572380503.1372705 1572380530.6929421 inc-bigbrain_769_1206_1388.nii 140545692383040
task_duration 1572380491.9308007 1572380530.6974034 1572379747-optaneAD_1it_96cpus_40bb-1 140545692383040
read_file 1572380491.966353 1572380491.9682143 bigbrain_769_1206_2082.nii 140700224276288
increment_file 1572380492.4883587 1572380503.076219 bigbrain_769_1206_2082.nii 140700224276288
write_file 1572380503.0781682 1572380529.0355067 inc-bigbrain_769_1206_2082.nii 140700224276288
task_duration 1572380491.9651866 1572380529.0438933 1572379747-optaneAD_1it_96cpus_40bb-1 140700224276288
read_file 1572380505.0071063 1572380505.0085926 bigbrain_769_1206_2776.nii 139862049523520
increment_file 1572380505.110662 1572380510.5220594 bigbrain_769_1206_2776.nii 139862049523520
write_file 1572380510.5356257 1572380528.2810607 inc-bigbrain_769_1206_2776.nii 139862049523520
task_duration 1572380505.0059934 1572380528.2853956 1572379747-optaneAD_1it_96cpus_40bb-1 139862049523520
read_file 1572380505.4248064 1572380505.4299362 bigbrain_769_1206_694.nii 140158449063744
increment_file 1572380505.4307697 1572380510.653069 bigbrain_769_1206_694.nii 140158449063744
write_file 1572380510.6593285 1572380523.0958998 inc-bigbrain_769_1206_694.nii 140158449063744
task_duration 1572380505.422673 1572380523.1006174 1572379747-optaneAD_1it_96cpus_40bb-1 140158449063744
read_file 1572380505.480375 1572380505.4823055 bigbrain_769_1809_1388.nii 140313552222016
increment_file 1572380506.2672942 1572380511.493228 bigbrain_769_1809_1388.nii 140313552222016
write_file 1572380511.4943924 1572380523.9733377 inc-bigbrain_769_1809_1388.nii 140313552222016
task_duration 1572380505.4793143 1572380523.9775813 1572379747-optaneAD_1it_96cpus_40bb-1 140313552222016
read_file 1572380505.4774563 1572380505.4828963 bigbrain_769_1809_0.nii 139987262199616
increment_file 1572380506.2674816 1572380511.1652272 bigbrain_769_1809_0.nii 139987262199616
write_file 1572380511.1698482 1572380521.1643856 inc-bigbrain_769_1809_0.nii 139987262199616
task_duration 1572380505.4735625 1572380521.1690023 1572379747-optaneAD_1it_96cpus_40bb-1 139987262199616
read_file 1572380505.7548287 1572380505.7595196 bigbrain_769_1809_2082.nii 139749454350144
increment_file 1572380506.562768 1572380511.3436632 bigbrain_769_1809_2082.nii 139749454350144
write_file 1572380511.3480194 1572380524.5262108 inc-bigbrain_769_1809_2082.nii 139749454350144
task_duration 1572380505.7471468 1572380524.5307493 1572379747-optaneAD_1it_96cpus_40bb-1 139749454350144
read_file 1572380507.0509968 1572380507.0613263 bigbrain_769_1809_2776.nii 140655790905152
increment_file 1572380508.039822 1572380511.6789954 bigbrain_769_1809_2776.nii 140655790905152
write_file 1572380511.6857557 1572380531.0125582 inc-bigbrain_769_1809_2776.nii 140655790905152
task_duration 1572380507.0471468 1572380531.0171578 1572379747-optaneAD_1it_96cpus_40bb-1 140655790905152
read_file 1572380508.3613245 1572380508.3667998 bigbrain_769_2412_0.nii 140578558486336
increment_file 1572380509.770008 1572380511.852434 bigbrain_769_2412_0.nii 140578558486336
write_file 1572380511.8544488 1572380518.020805 inc-bigbrain_769_2412_0.nii 140578558486336
task_duration 1572380508.360002 1572380518.0261254 1572379747-optaneAD_1it_96cpus_40bb-1 140578558486336
read_file 1572380508.6693077 1572380508.6809926 bigbrain_769_1809_694.nii 140026850850624
increment_file 1572380509.92673 1572380511.8648624 bigbrain_769_1809_694.nii 140026850850624
write_file 1572380511.8668659 1572380525.4461844 inc-bigbrain_769_1809_694.nii 140026850850624
task_duration 1572380508.6637414 1572380525.4507387 1572379747-optaneAD_1it_96cpus_40bb-1 140026850850624
read_file 1572380511.9350646 1572380511.9363148 bigbrain_769_2412_1388.nii 140015322400576
increment_file 1572380512.0383782 1572380513.2024164 bigbrain_769_2412_1388.nii 140015322400576
write_file 1572380513.2098858 1572380525.9663875 inc-bigbrain_769_2412_1388.nii 140015322400576
task_duration 1572380511.934006 1572380525.9715853 1572379747-optaneAD_1it_96cpus_40bb-1 140015322400576
read_file 1572380511.9998934 1572380512.0010846 bigbrain_769_2412_2082.nii 140020113135424
increment_file 1572380512.1015108 1572380513.8463058 bigbrain_769_2412_2082.nii 140020113135424
write_file 1572380513.8512056 1572380523.519251 inc-bigbrain_769_2412_2082.nii 140020113135424
task_duration 1572380511.9988136 1572380523.5267484 1572379747-optaneAD_1it_96cpus_40bb-1 140020113135424
read_file 1572380512.180123 1572380512.181475 bigbrain_769_2412_2776.nii 140680845424448
increment_file 1572380512.2890694 1572380514.5015655 bigbrain_769_2412_2776.nii 140680845424448
write_file 1572380514.5030704 1572380520.7944648 inc-bigbrain_769_2412_2776.nii 140680845424448
task_duration 1572380512.1790326 1572380520.799262 1572379747-optaneAD_1it_96cpus_40bb-1 140680845424448
read_file 1572380512.2952743 1572380512.296549 bigbrain_769_2412_694.nii 140456435156800
increment_file 1572380512.406506 1572380514.4069772 bigbrain_769_2412_694.nii 140456435156800
write_file 1572380514.4107323 1572380528.5589933 inc-bigbrain_769_2412_694.nii 140456435156800
task_duration 1572380512.294219 1572380528.563933 1572379747-optaneAD_1it_96cpus_40bb-1 140456435156800
read_file 1572380515.0568311 1572380515.0592742 bigbrain_769_603_0.nii 140345749804864
increment_file 1572380515.1570477 1572380516.1588461 bigbrain_769_603_0.nii 140345749804864
write_file 1572380516.161313 1572380529.9049985 inc-bigbrain_769_603_0.nii 140345749804864
task_duration 1572380515.0554872 1572380529.909502 1572379747-optaneAD_1it_96cpus_40bb-1 140345749804864
read_file 1572380515.1996763 1572380515.201187 bigbrain_769_603_1388.nii 139641965025088
increment_file 1572380515.3063304 1572380516.6630652 bigbrain_769_603_1388.nii 139641965025088
write_file 1572380516.6639242 1572380526.1051617 inc-bigbrain_769_603_1388.nii 139641965025088
task_duration 1572380515.1982422 1572380526.1104066 1572379747-optaneAD_1it_96cpus_40bb-1 139641965025088
read_file 1572380515.5575306 1572380515.5588465 bigbrain_769_603_2082.nii 140004940404544
increment_file 1572380515.6729884 1572380517.080943 bigbrain_769_603_2082.nii 140004940404544
write_file 1572380517.0818079 1572380521.8467896 inc-bigbrain_769_603_2082.nii 140004940404544
task_duration 1572380515.5564075 1572380521.8513587 1572379747-optaneAD_1it_96cpus_40bb-1 140004940404544
read_file 1572380515.6850681 1572380515.6866457 bigbrain_769_603_2776.nii 139697301071680
increment_file 1572380515.8014882 1572380517.2332702 bigbrain_769_603_2776.nii 139697301071680
write_file 1572380517.2343915 1572380531.0222156 inc-bigbrain_769_603_2776.nii 139697301071680
task_duration 1572380515.6839614 1572380531.0267231 1572379747-optaneAD_1it_96cpus_40bb-1 139697301071680
read_file 1572380516.0554748 1572380516.0602107 bigbrain_769_603_694.nii 140635220162368
increment_file 1572380516.5248744 1572380517.3932214 bigbrain_769_603_694.nii 140635220162368
write_file 1572380517.3940663 1572380530.219438 inc-bigbrain_769_603_694.nii 140635220162368
task_duration 1572380516.0533473 1572380530.2239962 1572379747-optaneAD_1it_96cpus_40bb-1 140635220162368
