read_file 1572310117.31196 1572310136.9679425 bigbrain_3076_1206_2776.nii 140644530403136
increment_file 1572310187.8479059 1572310217.7733884 bigbrain_3076_1206_2776.nii 140644530403136
write_file 1572310256.7422626 1572310355.145809 inc-bigbrain_3076_1206_2776.nii 140644530403136
task_duration 1572310117.034467 1572310364.4002514 1572309294-isilon_1it_25cpu_40bb-2 140644530403136
read_file 1572309979.0855951 1572309979.113598 bigbrain_3076_0_0.nii 140406728251200
increment_file 1572309979.1181383 1572310097.7523944 bigbrain_3076_0_0.nii 140406728251200
write_file 1572310103.569294 1572310116.4479022 inc-bigbrain_3076_0_0.nii 140406728251200
task_duration 1572309979.0840418 1572310116.4997923 1572309294-isilon_1it_25cpu_40bb-2 140406728251200
read_file 1572310386.344426 1572310409.6833675 bigbrain_769_1809_2082.nii 140583880226624
increment_file 1572310440.6277983 1572310475.7256932 bigbrain_769_1809_2082.nii 140583880226624
write_file 1572310521.2864249 1572310613.647878 inc-bigbrain_769_1809_2082.nii 140583880226624
task_duration 1572310382.5145776 1572310616.8127255 1572309294-isilon_1it_25cpu_40bb-2 140583880226624
read_file 1572309296.4043076 1572309296.8509796 bigbrain_0_1206_0.nii 140400266790720
increment_file 1572309305.274503 1572309335.0049012 bigbrain_0_1206_0.nii 140400266790720
write_file 1572309433.2422025 1572309570.4076443 inc-bigbrain_0_1206_0.nii 140400266790720
task_duration 1572309296.2962384 1572309571.0847237 1572309294-isilon_1it_25cpu_40bb-2 140400266790720
read_file 1572310385.6760702 1572310409.6849823 bigbrain_769_1206_2776.nii 139984281401152
increment_file 1572310444.9215202 1572310481.427051 bigbrain_769_1206_2776.nii 139984281401152
write_file 1572310519.7883925 1572310607.6619337 inc-bigbrain_769_1206_2776.nii 139984281401152
task_duration 1572310382.5142348 1572310614.3350382 1572309294-isilon_1it_25cpu_40bb-2 139984281401152
read_file 1572310117.8825347 1572310136.700697 bigbrain_3076_2412_1388.nii 139770084464448
increment_file 1572310175.3342836 1572310205.26291 bigbrain_3076_2412_1388.nii 139770084464448
write_file 1572310260.8050385 1572310379.487732 inc-bigbrain_3076_2412_1388.nii 139770084464448
task_duration 1572310117.0447059 1572310382.1933384 1572309294-isilon_1it_25cpu_40bb-2 139770084464448
read_file 1572309842.7653887 1572309846.9210079 bigbrain_2307_603_1388.nii 140574570862400
increment_file 1572309869.485277 1572309899.6698847 bigbrain_2307_603_1388.nii 140574570862400
write_file 1572309978.7121854 1572310111.50454 inc-bigbrain_2307_603_1388.nii 140574570862400
task_duration 1572309842.352175 1572310114.5051522 1572309294-isilon_1it_25cpu_40bb-2 140574570862400
read_file 1572310117.025765 1572310138.1733737 bigbrain_3076_1206_694.nii 140621237835584
increment_file 1572310230.4167717 1572310256.5832896 bigbrain_3076_1206_694.nii 140621237835584
write_file 1572310269.670826 1572310382.155426 inc-bigbrain_3076_1206_694.nii 140621237835584
task_duration 1572310117.0242279 1572310399.2037802 1572309294-isilon_1it_25cpu_40bb-2 140621237835584
read_file 1572310117.0800858 1572310136.4330099 bigbrain_3076_1206_1388.nii 139817718171456
increment_file 1572310165.097228 1572310194.8793411 bigbrain_3076_1206_1388.nii 139817718171456
write_file 1572310258.0868323 1572310367.2746341 inc-bigbrain_3076_1206_1388.nii 139817718171456
task_duration 1572310117.0341973 1572310377.6131659 1572309294-isilon_1it_25cpu_40bb-2 139817718171456
read_file 1572309571.6739724 1572309572.0621743 bigbrain_1538_1809_2776.nii 140618231560000
increment_file 1572309586.1134093 1572309617.4277594 bigbrain_1538_1809_2776.nii 140618231560000
write_file 1572309709.0779967 1572309841.3201704 inc-bigbrain_1538_1809_2776.nii 140618231560000
task_duration 1572309571.6531174 1572309841.3819418 1572309294-isilon_1it_25cpu_40bb-2 140618231560000
read_file 1572309843.451964 1572309850.4185636 bigbrain_2307_1809_2082.nii 140474840500032
increment_file 1572309953.241809 1572309978.338055 bigbrain_2307_1809_2082.nii 140474840500032
write_file 1572309978.7325885 1572310111.6298244 inc-bigbrain_2307_1809_2082.nii 140474840500032
task_duration 1572309842.3794124 1572310115.8776093 1572309294-isilon_1it_25cpu_40bb-2 140474840500032
read_file 1572309571.6750393 1572309574.2714849 bigbrain_1538_1809_694.nii 139657027286848
increment_file 1572309620.1001613 1572309654.7039237 bigbrain_1538_1809_694.nii 139657027286848
write_file 1572309707.7960458 1572309841.3316455 inc-bigbrain_1538_1809_694.nii 139657027286848
task_duration 1572309571.6596653 1572309841.3894858 1572309294-isilon_1it_25cpu_40bb-2 139657027286848
read_file 1572309296.405454 1572309299.4214392 bigbrain_0_603_2776.nii 140206081906496
increment_file 1572309402.184154 1572309429.27773 bigbrain_0_603_2776.nii 140206081906496
write_file 1572309433.2504172 1572309571.0416133 inc-bigbrain_0_603_2776.nii 140206081906496
task_duration 1572309296.296972 1572309571.109237 1572309294-isilon_1it_25cpu_40bb-2 140206081906496
read_file 1572309296.322689 1572309296.6378698 bigbrain_0_2412_0.nii 139716410865472
increment_file 1572309299.955001 1572309317.1477966 bigbrain_0_2412_0.nii 139716410865472
write_file 1572309433.2407737 1572309570.9462616 inc-bigbrain_0_2412_0.nii 139716410865472
task_duration 1572309296.2940967 1572309571.083928 1572309294-isilon_1it_25cpu_40bb-2 139716410865472
read_file 1572309571.7330222 1572309573.736878 bigbrain_1538_2412_2776.nii 140191153780544
increment_file 1572309599.753806 1572309632.9916077 bigbrain_1538_2412_2776.nii 140191153780544
write_file 1572309707.1563582 1572309841.3195827 inc-bigbrain_1538_2412_2776.nii 140191153780544
task_duration 1572309571.6864958 1572309841.3844535 1572309294-isilon_1it_25cpu_40bb-2 140191153780544
read_file 1572309843.2011788 1572309850.5521982 bigbrain_2307_1206_2776.nii 140688978462528
increment_file 1572309955.9156258 1572309978.7104976 bigbrain_2307_1206_2776.nii 140688978462528
write_file 1572309978.7480347 1572310112.3603885 inc-bigbrain_2307_1206_2776.nii 140688978462528
task_duration 1572309842.3644078 1572310115.9310706 1572309294-isilon_1it_25cpu_40bb-2 140688978462528
read_file 1572309571.624777 1572309571.7933962 bigbrain_1538_1206_2082.nii 140406821521216
increment_file 1572309576.5427017 1572309585.7114415 bigbrain_1538_1206_2082.nii 140406821521216
write_file 1572309709.08151 1572309836.759248 inc-bigbrain_1538_1206_2082.nii 140406821521216
task_duration 1572309571.620301 1572309841.3640802 1572309294-isilon_1it_25cpu_40bb-2 140406821521216
read_file 1572310118.568878 1572310137.90415 bigbrain_3076_603_1388.nii 139997079177024
increment_file 1572310218.3068202 1572310249.0239346 bigbrain_3076_603_1388.nii 139997079177024
write_file 1572310262.85533 1572310381.2421675 inc-bigbrain_3076_603_1388.nii 139997079177024
task_duration 1572310117.1014962 1572310383.8082304 1572309294-isilon_1it_25cpu_40bb-2 139997079177024
read_file 1572309296.326542 1572309296.8543062 bigbrain_0_0_1388.nii 139832270427968
increment_file 1572309319.5522995 1572309352.8102083 bigbrain_0_0_1388.nii 139832270427968
write_file 1572309432.860868 1572309563.5757105 inc-bigbrain_0_0_1388.nii 139832270427968
task_duration 1572309296.2943676 1572309569.5593565 1572309294-isilon_1it_25cpu_40bb-2 139832270427968
read_file 1572310382.868831 1572310405.688805 bigbrain_769_1206_2082.nii 140387518793536
increment_file 1572310411.070857 1572310424.235408 bigbrain_769_1206_2082.nii 140387518793536
write_file 1572310465.085794 1572310546.0252433 inc-bigbrain_769_1206_2082.nii 140387518793536
task_duration 1572310382.4731064 1572310588.6271212 1572309294-isilon_1it_25cpu_40bb-2 140387518793536
read_file 1572309842.220064 1572309845.2570553 bigbrain_2307_0_2082.nii 140242888599360
increment_file 1572309855.202464 1572309882.8295429 bigbrain_2307_0_2082.nii 140242888599360
write_file 1572309978.7158298 1572310105.9088137 inc-bigbrain_2307_0_2082.nii 140242888599360
task_duration 1572309842.1464565 1572310111.792795 1572309294-isilon_1it_25cpu_40bb-2 140242888599360
read_file 1572310116.9801204 1572310126.724245 bigbrain_3076_1206_0.nii 140294933370688
increment_file 1572310138.573738 1572310148.6824768 bigbrain_3076_1206_0.nii 140294933370688
write_file 1572310249.2711344 1572310328.5761898 inc-bigbrain_3076_1206_0.nii 140294933370688
task_duration 1572310116.9266107 1572310367.803494 1572309294-isilon_1it_25cpu_40bb-2 140294933370688
read_file 1572310381.7917368 1572310391.194027 bigbrain_769_1206_0.nii 140678851295040
increment_file 1572310403.7106895 1572310409.6724322 bigbrain_769_1206_0.nii 140678851295040
write_file 1572310440.2024536 1572310514.207222 inc-bigbrain_769_1206_0.nii 140678851295040
task_duration 1572310381.7009175 1572310537.420471 1572309294-isilon_1it_25cpu_40bb-2 140678851295040
read_file 1572310116.9025843 1572310116.9613273 bigbrain_3076_0_1388.nii 139813209601856
increment_file 1572310118.4353962 1572310128.2560608 bigbrain_3076_0_1388.nii 139813209601856
write_file 1572310142.1576889 1572310259.3248634 inc-bigbrain_3076_0_1388.nii 139813209601856
task_duration 1572310116.9008088 1572310300.2323322 1572309294-isilon_1it_25cpu_40bb-2 139813209601856
read_file 1572310118.9700785 1572310136.1656613 bigbrain_3076_603_2082.nii 139786629838656
increment_file 1572310153.895795 1572310183.7050457 bigbrain_3076_603_2082.nii 139786629838656
write_file 1572310251.9684012 1572310342.037219 inc-bigbrain_3076_603_2082.nii 139786629838656
task_duration 1572310117.1025481 1572310353.491138 1572309294-isilon_1it_25cpu_40bb-2 139786629838656
read_file 1572309571.6112382 1572309571.9060135 bigbrain_1538_0_2082.nii 140632519415616
increment_file 1572309580.9258463 1572309603.7373354 bigbrain_1538_0_2082.nii 140632519415616
write_file 1572309706.4880953 1572309833.0795922 inc-bigbrain_1538_0_2082.nii 140632519415616
task_duration 1572309571.60985 1572309839.8438654 1572309294-isilon_1it_25cpu_40bb-2 140632519415616
read_file 1572309571.736382 1572309580.6594737 bigbrain_1538_603_694.nii 140564778907456
increment_file 1572309686.7712932 1572309709.0756614 bigbrain_1538_603_694.nii 140564778907456
write_file 1572309709.1294403 1572309841.3284469 inc-bigbrain_1538_603_694.nii 140564778907456
task_duration 1572309571.7202272 1572309841.3748748 1572309294-isilon_1it_25cpu_40bb-2 140564778907456
read_file 1572310409.0311325 1572310421.6953468 bigbrain_769_2412_2776.nii 140359796430656
increment_file 1572310456.8314698 1572310490.3037066 bigbrain_769_2412_2776.nii 140359796430656
write_file 1572310519.263275 1572310593.0517814 inc-bigbrain_769_2412_2776.nii 140359796430656
task_duration 1572310408.84629 1572310608.9935763 1572309294-isilon_1it_25cpu_40bb-2 140359796430656
read_file 1572309843.1385376 1572309849.4830468 bigbrain_2307_0_694.nii 140393516742464
increment_file 1572309913.4211993 1572309947.9231458 bigbrain_2307_0_694.nii 140393516742464
write_file 1572309978.7170398 1572310106.2299986 inc-bigbrain_2307_0_694.nii 140393516742464
task_duration 1572309842.3616014 1572310112.1942213 1572309294-isilon_1it_25cpu_40bb-2 140393516742464
read_file 1572310117.022768 1572310129.7765095 bigbrain_3076_1809_1388.nii 140307688957760
increment_file 1572310143.6266475 1572310167.8766239 bigbrain_3076_1809_1388.nii 140307688957760
write_file 1572310255.1495688 1572310347.3957875 inc-bigbrain_3076_1809_1388.nii 140307688957760
task_duration 1572310117.0089242 1572310373.7645347 1572309294-isilon_1it_25cpu_40bb-2 140307688957760
read_file 1572309571.6784704 1572309574.5387099 bigbrain_1538_0_0.nii 139847880697664
increment_file 1572309625.2935038 1572309659.7325575 bigbrain_1538_0_0.nii 139847880697664
write_file 1572309709.0767007 1572309841.326391 inc-bigbrain_1538_0_0.nii 139847880697664
task_duration 1572309571.6772094 1572309841.3757257 1572309294-isilon_1it_25cpu_40bb-2 139847880697664
read_file 1572310371.1647959 1572310382.1211815 bigbrain_769_0_2776.nii 139827490797376
increment_file 1572310382.1923742 1572310396.8510594 bigbrain_769_0_2776.nii 139827490797376
write_file 1572310409.0326586 1572310468.5613344 inc-bigbrain_769_0_2776.nii 139827490797376
task_duration 1572310369.951461 1572310522.4283495 1572309294-isilon_1it_25cpu_40bb-2 139827490797376
read_file 1572309571.7350016 1572309574.1379604 bigbrain_1538_2412_0.nii 139942316631872
increment_file 1572309613.4716005 1572309646.5757337 bigbrain_1538_2412_0.nii 139942316631872
write_file 1572309708.3315592 1572309841.3291943 inc-bigbrain_1538_2412_0.nii 139942316631872
task_duration 1572309571.7045035 1572309841.3736577 1572309294-isilon_1it_25cpu_40bb-2 139942316631872
read_file 1572310120.575212 1572310136.299641 bigbrain_769_0_0.nii 139922039641920
increment_file 1572310159.645275 1572310189.9602737 bigbrain_769_0_0.nii 139922039641920
write_file 1572310260.0574033 1572310376.3473592 inc-bigbrain_769_0_0.nii 139922039641920
task_duration 1572310117.153579 1572310382.1579623 1572309294-isilon_1it_25cpu_40bb-2 139922039641920
read_file 1572309296.4076362 1572309299.55515 bigbrain_0_1206_694.nii 140381795006272
increment_file 1572309412.703288 1572309432.8606095 bigbrain_0_1206_694.nii 140381795006272
write_file 1572309433.2655559 1572309571.0437434 inc-bigbrain_0_1206_694.nii 140381795006272
task_duration 1572309296.2987375 1572309571.0981507 1572309294-isilon_1it_25cpu_40bb-2 140381795006272
read_file 1572310410.535956 1572310426.2312028 bigbrain_769_2412_694.nii 139849199793984
increment_file 1572310472.036511 1572310501.108238 bigbrain_769_2412_694.nii 139849199793984
write_file 1572310522.2484088 1572310614.9825234 inc-bigbrain_769_2412_694.nii 139849199793984
task_duration 1572310409.9912946 1572310617.3196006 1572309294-isilon_1it_25cpu_40bb-2 139849199793984
read_file 1572309296.4067354 1572309298.7529094 bigbrain_0_603_0.nii 140201990227776
increment_file 1572309376.7601712 1572309410.2988064 bigbrain_0_603_0.nii 140201990227776
write_file 1572309432.0872912 1572309562.7914138 inc-bigbrain_0_603_0.nii 140201990227776
task_duration 1572309296.2984703 1572309570.030926 1572309294-isilon_1it_25cpu_40bb-2 140201990227776
read_file 1572310383.6709242 1572310405.554917 bigbrain_769_1809_694.nii 140677340530496
increment_file 1572310409.726044 1572310421.1610417 bigbrain_769_1809_694.nii 140677340530496
write_file 1572310458.2200224 1572310525.2758133 inc-bigbrain_769_1809_694.nii 140677340530496
task_duration 1572310382.4947693 1572310571.26695 1572309294-isilon_1it_25cpu_40bb-2 140677340530496
read_file 1572309296.3242059 1572309296.859549 bigbrain_0_0_2082.nii 139857585129280
increment_file 1572309325.1678147 1572309358.2646577 bigbrain_0_0_2082.nii 139857585129280
write_file 1572309433.238491 1572309571.0345502 inc-bigbrain_0_0_2082.nii 139857585129280
task_duration 1572309296.2941754 1572309571.1019218 1572309294-isilon_1it_25cpu_40bb-2 139857585129280
read_file 1572309842.9424715 1572309848.9481936 bigbrain_2307_603_694.nii 140303714187072
increment_file 1572309895.6847389 1572309928.1854668 bigbrain_2307_603_694.nii 140303714187072
write_file 1572309978.7186618 1572310109.935079 inc-bigbrain_2307_603_694.nii 140303714187072
task_duration 1572309842.3538167 1572310114.5671086 1572309294-isilon_1it_25cpu_40bb-2 140303714187072
read_file 1572309843.2636726 1572309850.0175152 bigbrain_2307_2412_694.nii 140707275437888
increment_file 1572309934.7096136 1572309968.3982093 bigbrain_2307_2412_694.nii 140707275437888
write_file 1572309978.7358959 1572310112.1289868 inc-bigbrain_2307_2412_694.nii 140707275437888
task_duration 1572309842.3658583 1572310116.4123707 1572309294-isilon_1it_25cpu_40bb-2 140707275437888
read_file 1572309842.5409307 1572309846.9069414 bigbrain_2307_2412_0.nii 140561547118400
increment_file 1572309855.7371788 1572309885.0732594 bigbrain_2307_2412_0.nii 140561547118400
write_file 1572309978.7160041 1572310107.6542587 inc-bigbrain_2307_2412_0.nii 140561547118400
task_duration 1572309842.3394873 1572310111.6855218 1572309294-isilon_1it_25cpu_40bb-2 140561547118400
read_file 1572309571.676857 1572309574.8061132 bigbrain_1538_1206_0.nii 139763142575936
increment_file 1572309637.9409208 1572309673.05188 bigbrain_1538_1206_0.nii 139763142575936
write_file 1572309709.0961149 1572309841.3251426 inc-bigbrain_1538_1206_0.nii 139763142575936
task_duration 1572309571.670252 1572309841.3787947 1572309294-isilon_1it_25cpu_40bb-2 139763142575936
read_file 1572309843.3264432 1572309849.8838284 bigbrain_2307_1206_0.nii 140646153656128
increment_file 1572309932.0339308 1572309966.154567 bigbrain_2307_1206_0.nii 140646153656128
write_file 1572309978.7338133 1572310111.3371577 inc-bigbrain_2307_1206_0.nii 140646153656128
task_duration 1572309842.3681796 1572310114.6296742 1572309294-isilon_1it_25cpu_40bb-2 140646153656128
read_file 1572310385.2750466 1572310409.6898706 bigbrain_769_1809_0.nii 140267704997696
increment_file 1572310446.391251 1572310482.7363577 bigbrain_769_1809_0.nii 140267704997696
write_file 1572310519.5304863 1572310594.4245007 inc-bigbrain_769_1809_0.nii 140267704997696
task_duration 1572310382.5107424 1572310605.9557676 1572309294-isilon_1it_25cpu_40bb-2 140267704997696
read_file 1572309843.5143912 1572309849.2155697 bigbrain_2307_2412_2776.nii 140587995154240
increment_file 1572309902.8780198 1572309935.351488 bigbrain_2307_2412_2776.nii 140587995154240
write_file 1572309978.717034 1572310107.0119674 inc-bigbrain_2307_2412_2776.nii 140587995154240
task_duration 1572309842.384198 1572310112.4077024 1572309294-isilon_1it_25cpu_40bb-2 140587995154240
read_file 1572309571.7352755 1572309580.124702 bigbrain_1538_603_1388.nii 140211381270336
increment_file 1572309671.6080246 1572309702.342473 bigbrain_1538_603_1388.nii 140211381270336
write_file 1572309709.0934517 1572309837.4633057 inc-bigbrain_1538_603_1388.nii 140211381270336
task_duration 1572309571.7071676 1572309841.3589838 1572309294-isilon_1it_25cpu_40bb-2 140211381270336
read_file 1572309843.389206 1572309848.8146067 bigbrain_2307_1809_2776.nii 140054845257536
increment_file 1572309893.7069306 1572309925.6704347 bigbrain_2307_1809_2776.nii 140054845257536
write_file 1572309978.3391247 1572310112.2358904 inc-bigbrain_2307_1809_2776.nii 140054845257536
task_duration 1572309842.3725374 1572310116.0559847 1572309294-isilon_1it_25cpu_40bb-2 140054845257536
read_file 1572309296.3257904 1572309296.865625 bigbrain_0_1809_694.nii 140496889325376
increment_file 1572309352.569744 1572309385.2647028 bigbrain_0_1809_694.nii 140496889325376
write_file 1572309433.2366457 1572309571.0376801 inc-bigbrain_0_1809_694.nii 140496889325376
task_duration 1572309296.2942674 1572309571.102718 1572309294-isilon_1it_25cpu_40bb-2 140496889325376
read_file 1572309296.3238082 1572309296.6370974 bigbrain_0_603_1388.nii 140514640652096
increment_file 1572309296.8738394 1572309304.4739146 bigbrain_0_603_1388.nii 140514640652096
write_file 1572309433.2405932 1572309571.0412889 inc-bigbrain_0_603_1388.nii 140514640652096
task_duration 1572309296.2941945 1572309571.1215453 1572309294-isilon_1it_25cpu_40bb-2 140514640652096
read_file 1572309842.4428418 1572309844.4974947 bigbrain_2307_1809_1388.nii 139700212840256
increment_file 1572309846.9355848 1572309853.866829 bigbrain_2307_1809_1388.nii 139700212840256
write_file 1572309978.3388233 1572310104.4482338 inc-bigbrain_2307_1809_1388.nii 139700212840256
task_duration 1572309842.3342354 1572310112.0245137 1572309294-isilon_1it_25cpu_40bb-2 139700212840256
read_file 1572309842.9869199 1572309849.0818167 bigbrain_2307_1206_1388.nii 140508644714304
increment_file 1572309897.8249032 1572309930.1627584 bigbrain_2307_1206_1388.nii 140508644714304
write_file 1572309978.7173128 1572310108.633852 inc-bigbrain_2307_1206_1388.nii 140508644714304
task_duration 1572309842.353961 1572310114.7990432 1572309294-isilon_1it_25cpu_40bb-2 140508644714304
read_file 1572310117.7310119 1572310137.1017196 bigbrain_3076_2412_2776.nii 140452759586624
increment_file 1572310192.7666996 1572310223.2257907 bigbrain_3076_2412_2776.nii 140452759586624
write_file 1572310258.942531 1572310374.242881 inc-bigbrain_3076_2412_2776.nii 140452759586624
task_duration 1572310117.0430808 1572310381.3337145 1572309294-isilon_1it_25cpu_40bb-2 140452759586624
read_file 1572309296.4039025 1572309296.853396 bigbrain_0_2412_1388.nii 140173758474048
increment_file 1572309314.366943 1572309347.087723 bigbrain_0_2412_1388.nii 140173758474048
write_file 1572309433.2346513 1572309571.0390372 inc-bigbrain_0_2412_1388.nii 140173758474048
task_duration 1572309296.2960947 1572309571.106352 1572309294-isilon_1it_25cpu_40bb-2 140173758474048
read_file 1572310384.4730794 1572310405.9563546 bigbrain_769_1809_2776.nii 139626280773440
increment_file 1572310422.9152179 1572310434.6001143 bigbrain_769_1809_2776.nii 139626280773440
write_file 1572310504.2575626 1572310573.071345 inc-bigbrain_769_1809_2776.nii 139626280773440
task_duration 1572310382.4997537 1572310591.5769877 1572309294-isilon_1it_25cpu_40bb-2 139626280773440
read_file 1572310117.0262175 1572310137.5029378 bigbrain_3076_1809_0.nii 140530857023296
increment_file 1572310202.7492378 1572310233.8687065 bigbrain_3076_1809_0.nii 140530857023296
write_file 1572310259.6910377 1572310371.5756667 inc-bigbrain_3076_1809_0.nii 140530857023296
task_duration 1572310117.0242627 1572310379.3745978 1572309294-isilon_1it_25cpu_40bb-2 140530857023296
read_file 1572309842.389169 1572309844.622588 bigbrain_2307_1206_2082.nii 140364542924608
increment_file 1572309850.818742 1572309864.805209 bigbrain_2307_1206_2082.nii 140364542924608
write_file 1572309978.7219424 1572310107.9747784 inc-bigbrain_2307_1206_2082.nii 140364542924608
task_duration 1572309842.321095 1572310114.9060278 1572309294-isilon_1it_25cpu_40bb-2 140364542924608
read_file 1572310118.1944506 1572310136.8343282 bigbrain_3076_2412_0.nii 139884424619840
increment_file 1572310180.2554092 1572310210.1811817 bigbrain_3076_2412_0.nii 139884424619840
write_file 1572310257.8709962 1572310356.0409765 inc-bigbrain_3076_2412_0.nii 139884424619840
task_duration 1572310117.0685701 1572310376.1893947 1572309294-isilon_1it_25cpu_40bb-2 139884424619840
read_file 1572309296.4173527 1572309298.4855297 bigbrain_0_1809_2082.nii 139629946238784
increment_file 1572309374.5155046 1572309407.5184085 bigbrain_0_1809_2082.nii 139629946238784
write_file 1572309433.1281357 1572309563.9762263 inc-bigbrain_0_1809_2082.nii 139629946238784
task_duration 1572309296.3002708 1572309570.223156 1572309294-isilon_1it_25cpu_40bb-2 139629946238784
read_file 1572310118.0244215 1572310136.5667744 bigbrain_3076_2412_2082.nii 140220463679296
increment_file 1572310170.2826552 1572310199.8007994 bigbrain_3076_2412_2082.nii 140220463679296
write_file 1572310258.1852975 1572310370.1609275 inc-bigbrain_3076_2412_2082.nii 140220463679296
task_duration 1572310117.052779 1572310377.3095295 1572309294-isilon_1it_25cpu_40bb-2 140220463679296
read_file 1572310117.5258033 1572310137.7702231 bigbrain_3076_1809_694.nii 140375085610816
increment_file 1572310212.720578 1572310244.9406724 bigbrain_3076_1809_694.nii 140375085610816
write_file 1572310263.006481 1572310381.48057 inc-bigbrain_3076_1809_694.nii 140375085610816
task_duration 1572310117.0427444 1572310384.2097726 1572309294-isilon_1it_25cpu_40bb-2 140375085610816
read_file 1572310384.8741643 1572310406.3575568 bigbrain_769_1809_1388.nii 140578362427200
increment_file 1572310429.1441674 1572310445.1756325 bigbrain_769_1809_1388.nii 140578362427200
write_file 1572310513.6509023 1572310575.4704137 inc-bigbrain_769_1809_1388.nii 140578362427200
task_duration 1572310382.5061297 1572310594.8994186 1572309294-isilon_1it_25cpu_40bb-2 140578362427200
read_file 1572310410.268432 1572310428.63871 bigbrain_769_603_2082.nii 139706407135040
increment_file 1572310486.2131033 1572310514.189707 bigbrain_769_603_2082.nii 139706407135040
write_file 1572310535.101969 1572310620.9069712 inc-bigbrain_769_603_2082.nii 139706407135040
task_duration 1572310409.9464233 1572310620.932162 1572309294-isilon_1it_25cpu_40bb-2 139706407135040
read_file 1572309571.7358236 1572309580.5259893 bigbrain_1538_603_2776.nii 140148296259392
increment_file 1572309683.7238488 1572309708.7036989 bigbrain_1538_603_2776.nii 140148296259392
write_file 1572309709.120904 1572309841.3243032 inc-bigbrain_1538_603_2776.nii 140148296259392
task_duration 1572309571.7116902 1572309841.3727913 1572309294-isilon_1it_25cpu_40bb-2 140148296259392
read_file 1572310377.3867617 1572310382.1643848 bigbrain_769_0_694.nii 139803760990016
increment_file 1572310398.0252583 1572310404.4861717 bigbrain_769_0_694.nii 139803760990016
write_file 1572310408.4975712 1572310463.3450985 inc-bigbrain_769_0_694.nii 139803760990016
task_duration 1572310377.2403994 1572310517.5630589 1572309294-isilon_1it_25cpu_40bb-2 139803760990016
read_file 1572309296.4050932 1572309299.0203667 bigbrain_0_1809_0.nii 140030387062592
increment_file 1572309385.1579921 1572309417.7285693 bigbrain_0_1809_0.nii 140030387062592
write_file 1572309433.2499044 1572309571.0377495 inc-bigbrain_0_1809_0.nii 140030387062592
task_duration 1572309296.296094 1572309571.0964227 1572309294-isilon_1it_25cpu_40bb-2 140030387062592
read_file 1572309296.3250005 1572309296.8639507 bigbrain_0_1206_2776.nii 139950711334720
increment_file 1572309346.8478892 1572309379.5418918 bigbrain_0_1206_2776.nii 139950711334720
write_file 1572309433.2388802 1572309571.040458 inc-bigbrain_0_1206_2776.nii 139950711334720
task_duration 1572309296.2941682 1572309571.1038935 1572309294-isilon_1it_25cpu_40bb-2 139950711334720
read_file 1572310116.8876483 1572310116.9593673 bigbrain_3076_0_2082.nii 140243664910144
increment_file 1572310117.0228992 1572310126.725181 bigbrain_3076_0_2082.nii 140243664910144
write_file 1572310138.7090757 1572310258.469724 inc-bigbrain_3076_0_2082.nii 140243664910144
task_duration 1572310116.877857 1572310296.052715 1572309294-isilon_1it_25cpu_40bb-2 140243664910144
read_file 1572310116.9586787 1572310126.4854035 bigbrain_3076_0_2776.nii 140708822554432
increment_file 1572310132.5826874 1572310139.7506163 bigbrain_3076_0_2776.nii 140708822554432
write_file 1572310244.3026092 1572310305.9952633 inc-bigbrain_3076_0_2776.nii 140708822554432
task_duration 1572310116.9564645 1572310357.7926114 1572309294-isilon_1it_25cpu_40bb-2 140708822554432
read_file 1572309296.4058197 1572309298.3514183 bigbrain_0_603_694.nii 140698098747200
increment_file 1572309364.0116727 1572309396.43754 bigbrain_0_603_694.nii 140698098747200
write_file 1572309433.2332873 1572309570.8341386 inc-bigbrain_0_603_694.nii 140698098747200
task_duration 1572309296.2974796 1572309571.0847542 1572309294-isilon_1it_25cpu_40bb-2 140698098747200
read_file 1572310116.9514046 1572310117.294981 bigbrain_3076_0_694.nii 140428674455360
increment_file 1572310128.2982252 1572310134.8290405 bigbrain_3076_0_694.nii 140428674455360
write_file 1572310154.8338532 1572310270.899946 inc-bigbrain_3076_0_694.nii 140428674455360
task_duration 1572310116.9169354 1572310366.1393769 1572309294-isilon_1it_25cpu_40bb-2 140428674455360
read_file 1572309842.8802402 1572309850.2849438 bigbrain_2307_603_2776.nii 139838835181376
increment_file 1572309950.729475 1572309977.430625 bigbrain_2307_603_2776.nii 139838835181376
write_file 1572309978.7344549 1572310111.4425533 inc-bigbrain_2307_603_2776.nii 139838835181376
task_duration 1572309842.353013 1572310114.7367349 1572309294-isilon_1it_25cpu_40bb-2 139838835181376
read_file 1572310410.134702 1572310427.0336208 bigbrain_769_603_0.nii 140083036030784
increment_file 1572310482.3616495 1572310510.7438107 bigbrain_769_603_0.nii 140083036030784
write_file 1572310523.2807274 1572310618.5636373 inc-bigbrain_769_603_0.nii 140083036030784
task_duration 1572310409.938241 1572310619.16125 1572309294-isilon_1it_25cpu_40bb-2 140083036030784
read_file 1572309709.5760944 1572309709.5922134 bigbrain_2307_0_0.nii 139757205018432
increment_file 1572309709.603439 1572309832.0670338 bigbrain_2307_0_0.nii 139757205018432
write_file 1572309837.8113017 1572309846.9355319 inc-bigbrain_2307_0_0.nii 139757205018432
task_duration 1572309709.5745754 1572309887.1867034 1572309294-isilon_1it_25cpu_40bb-2 139757205018432
read_file 1572309296.3261716 1572309296.8613074 bigbrain_0_0_2776.nii 140604373018432
increment_file 1572309338.4516702 1572309372.1098607 bigbrain_0_0_2776.nii 140604373018432
write_file 1572309433.2354052 1572309571.0337546 inc-bigbrain_0_0_2776.nii 140604373018432
task_duration 1572309296.2942636 1572309571.107652 1572309294-isilon_1it_25cpu_40bb-2 140604373018432
read_file 1572309571.7747462 1572309580.3921826 bigbrain_1538_603_0.nii 140606090491712
increment_file 1572309681.0488145 1572309707.7962477 bigbrain_1538_603_0.nii 140606090491712
write_file 1572309709.1110632 1572309837.1158173 inc-bigbrain_1538_603_0.nii 140606090491712
task_duration 1572309571.7429817 1572309841.359625 1572309294-isilon_1it_25cpu_40bb-2 140606090491712
read_file 1572309843.0315905 1572309849.3492613 bigbrain_2307_2412_2082.nii 140582789994304
increment_file 1572309907.8055315 1572309940.8059363 bigbrain_2307_2412_2082.nii 140582789994304
write_file 1572309978.7141645 1572310111.95976 inc-bigbrain_2307_2412_2082.nii 140582789994304
task_duration 1572309842.3557434 1572310116.4374743 1572309294-isilon_1it_25cpu_40bb-2 140582789994304
read_file 1572309296.4047568 1572309299.153908 bigbrain_0_1206_2082.nii 140252258785088
increment_file 1572309390.8780203 1572309422.648753 bigbrain_0_1206_2082.nii 140252258785088
write_file 1572309433.2489693 1572309568.2765954 inc-bigbrain_0_1206_2082.nii 140252258785088
task_duration 1572309296.296081 1572309571.0751867 1572309294-isilon_1it_25cpu_40bb-2 140252258785088
read_file 1572309842.8266447 1572309849.6164358 bigbrain_2307_0_2776.nii 139741081696064
increment_file 1572309919.1436436 1572309952.5747614 bigbrain_2307_0_2776.nii 139741081696064
write_file 1572309978.6062906 1572310111.249655 inc-bigbrain_2307_0_2776.nii 139741081696064
task_duration 1572309842.3522532 1572310114.6744008 1572309294-isilon_1it_25cpu_40bb-2 139741081696064
read_file 1572309571.6744776 1572309572.0343704 bigbrain_1538_1809_1388.nii 140713104070464
increment_file 1572309583.465908 1572309611.8675742 bigbrain_1538_1809_1388.nii 140713104070464
write_file 1572309709.0780892 1572309841.3254976 inc-bigbrain_1538_1809_1388.nii 140713104070464
task_duration 1572309571.6540687 1572309841.378079 1572309294-isilon_1it_25cpu_40bb-2 140713104070464
read_file 1572309571.677205 1572309575.2085085 bigbrain_1538_2412_1388.nii 139991135094592
increment_file 1572309652.455732 1572309685.382234 bigbrain_1538_2412_1388.nii 139991135094592
write_file 1572309709.0924811 1572309841.325901 inc-bigbrain_1538_2412_1388.nii 139991135094592
task_duration 1572309571.6722357 1572309841.3767776 1572309294-isilon_1it_25cpu_40bb-2 139991135094592
read_file 1572310116.9855733 1572310131.3806438 bigbrain_3076_1206_2082.nii 140616756336448
increment_file 1572310149.4833865 1572310177.716299 bigbrain_3076_1206_2082.nii 140616756336448
write_file 1572310186.6477256 1572310324.7617047 inc-bigbrain_3076_1206_2082.nii 140616756336448
task_duration 1572310116.9840436 1572310341.2644694 1572309294-isilon_1it_25cpu_40bb-2 140616756336448
read_file 1572309296.325391 1572309296.8631482 bigbrain_0_2412_694.nii 140091760183104
increment_file 1572309341.1260116 1572309374.62238 bigbrain_0_2412_694.nii 140091760183104
write_file 1572309433.2399065 1572309571.035976 inc-bigbrain_0_2412_694.nii 140091760183104
task_duration 1572309296.2942338 1572309571.098905 1572309294-isilon_1it_25cpu_40bb-2 140091760183104
read_file 1572309843.0850024 1572309848.546824 bigbrain_2307_1206_694.nii 139818658338624
increment_file 1572309886.1416888 1572309914.596944 bigbrain_2307_1206_694.nii 139818658338624
write_file 1572309978.718069 1572310108.3039474 inc-bigbrain_2307_1206_694.nii 139818658338624
task_duration 1572309842.355878 1572310114.8436122 1572309294-isilon_1it_25cpu_40bb-2 139818658338624
read_file 1572309571.625305 1572309571.7385745 bigbrain_1538_0_1388.nii 140685146916672
increment_file 1572309572.1258297 1572309578.3870156 bigbrain_1538_0_1388.nii 140685146916672
write_file 1572309670.0349627 1572309709.076252 inc-bigbrain_1538_0_1388.nii 140685146916672
task_duration 1572309571.6226647 1572309709.1545806 1572309294-isilon_1it_25cpu_40bb-2 140685146916672
read_file 1572309296.323412 1572309296.6413639 bigbrain_0_1809_1388.nii 140046448236352
increment_file 1572309304.739599 1572309332.7605772 bigbrain_0_1809_1388.nii 140046448236352
write_file 1572309433.2368534 1572309571.0396686 inc-bigbrain_0_1809_1388.nii 140046448236352
task_duration 1572309296.2941635 1572309571.1045208 1572309294-isilon_1it_25cpu_40bb-2 140046448236352
read_file 1572310367.656798 1572310382.1467826 bigbrain_769_0_2082.nii 139696065115968
increment_file 1572310385.4086618 1572310399.201151 bigbrain_769_0_2082.nii 139696065115968
write_file 1572310409.4344459 1572310470.2997983 inc-bigbrain_769_0_2082.nii 139696065115968
task_duration 1572310366.8884666 1572310522.5167155 1572309294-isilon_1it_25cpu_40bb-2 139696065115968
read_file 1572310411.757167 1572310431.284897 bigbrain_769_603_2776.nii 140491869747008
increment_file 1572310492.976664 1572310517.4183025 bigbrain_769_603_2776.nii 140491869747008
write_file 1572310534.32648 1572310620.7688265 inc-bigbrain_769_603_2776.nii 140491869747008
task_duration 1572310411.2739613 1572310620.9260426 1572309294-isilon_1it_25cpu_40bb-2 140491869747008
read_file 1572309296.4071953 1572309299.2876775 bigbrain_0_2412_2082.nii 139936637380416
increment_file 1572309396.4358478 1572309426.4984748 bigbrain_0_2412_2082.nii 139936637380416
write_file 1572309433.24898 1572309571.0363653 inc-bigbrain_0_2412_2082.nii 139936637380416
task_duration 1572309296.2991536 1572309571.1009674 1572309294-isilon_1it_25cpu_40bb-2 139936637380416
read_file 1572310119.7728605 1572310138.039771 bigbrain_3076_603_2776.nii 139752154359616
increment_file 1572310223.7597663 1572310252.2734299 bigbrain_3076_603_2776.nii 139752154359616
write_file 1572310264.228153 1572310382.154024 inc-bigbrain_3076_603_2776.nii 139752154359616
task_duration 1572310117.132017 1572310399.470813 1572309294-isilon_1it_25cpu_40bb-2 139752154359616
read_file 1572310117.023627 1572310130.4447885 bigbrain_3076_1809_2082.nii 139665249892160
increment_file 1572310146.0345168 1572310172.7948663 bigbrain_3076_1809_2082.nii 139665249892160
write_file 1572310253.8381014 1572310339.6036062 inc-bigbrain_3076_1809_2082.nii 139665249892160
task_duration 1572310117.0202558 1572310375.0569537 1572309294-isilon_1it_25cpu_40bb-2 139665249892160
read_file 1572309296.4080057 1572309298.886427 bigbrain_0_0_694.nii 140590321628992
increment_file 1572309379.4350135 1572309412.8101966 bigbrain_0_0_694.nii 140590321628992
write_file 1572309432.0871644 1572309562.3989842 inc-bigbrain_0_0_694.nii 140590321628992
task_duration 1572309296.3001587 1572309569.7998548 1572309294-isilon_1it_25cpu_40bb-2 140590321628992
read_file 1572309296.4034169 1572309296.8517823 bigbrain_0_603_2082.nii 139929700972352
increment_file 1572309306.3441331 1572309336.7149036 bigbrain_0_603_2082.nii 139929700972352
write_file 1572309433.235504 1572309571.0357912 inc-bigbrain_0_603_2082.nii 139929700972352
task_duration 1572309296.2950199 1572309571.113922 1572309294-isilon_1it_25cpu_40bb-2 139929700972352
read_file 1572310412.1586852 1572310431.68648 bigbrain_769_603_694.nii 140446548637504
increment_file 1572310497.525735 1572310519.196106 bigbrain_769_603_694.nii 140446548637504
write_file 1572310531.7591732 1572310620.3513393 inc-bigbrain_769_603_694.nii 140446548637504
task_duration 1572310411.3992229 1572310620.6548805 1572309294-isilon_1it_25cpu_40bb-2 140446548637504
read_file 1572309296.4062564 1572309299.6887908 bigbrain_0_1809_2776.nii 140695885268800
increment_file 1572309414.9476914 1572309433.233141 bigbrain_0_1809_2776.nii 140695885268800
write_file 1572309433.2754457 1572309571.0535667 inc-bigbrain_0_1809_2776.nii 140695885268800
task_duration 1572309296.2975574 1572309571.1172955 1572309294-isilon_1it_25cpu_40bb-2 140695885268800
read_file 1572310117.0232587 1572310129.2422383 bigbrain_3076_1809_2776.nii 140635568031552
increment_file 1572310142.2897165 1572310164.563984 bigbrain_3076_1809_2776.nii 140635568031552
write_file 1572310254.2797508 1572310343.861575 inc-bigbrain_3076_1809_2776.nii 140635568031552
task_duration 1572310117.0101764 1572310358.9392352 1572309294-isilon_1it_25cpu_40bb-2 140635568031552
read_file 1572309296.3588202 1572309296.8665144 bigbrain_0_2412_2776.nii 139704632637248
increment_file 1572309358.262981 1572309390.9847753 bigbrain_0_2412_2776.nii 139704632637248
write_file 1572309433.234144 1572309570.7127516 inc-bigbrain_0_2412_2776.nii 139704632637248
task_duration 1572309296.2943635 1572309571.0838852 1572309294-isilon_1it_25cpu_40bb-2 139704632637248
read_file 1572309842.4874942 1572309846.9139173 bigbrain_2307_0_1388.nii 140419133732672
increment_file 1572309856.807514 1572309886.783129 bigbrain_2307_0_1388.nii 140419133732672
write_file 1572309978.7150779 1572310112.0662317 inc-bigbrain_2307_0_1388.nii 140419133732672
task_duration 1572309842.3394232 1572310116.350441 1572309294-isilon_1it_25cpu_40bb-2 140419133732672
read_file 1572310410.4021468 1572310428.237303 bigbrain_769_603_1388.nii 140700764960576
increment_file 1572310484.0718336 1572310512.614427 bigbrain_769_603_1388.nii 140700764960576
write_file 1572310523.6367838 1572310619.2481596 inc-bigbrain_769_603_1388.nii 140700764960576
task_duration 1572310409.968917 1572310619.9642465 1572309294-isilon_1it_25cpu_40bb-2 140700764960576
read_file 1572309842.7015183 1572309846.9158847 bigbrain_2307_1809_694.nii 140489469646656
increment_file 1572309860.2848618 1572309891.1682694 bigbrain_2307_1809_694.nii 140489469646656
write_file 1572309978.7122505 1572310111.7275326 inc-bigbrain_2307_1809_694.nii 140489469646656
task_duration 1572309842.3452804 1572310116.2432249 1572309294-isilon_1it_25cpu_40bb-2 140489469646656
read_file 1572309296.3270056 1572309296.8526714 bigbrain_0_0_0.nii 140435723134784
increment_file 1572309309.8211055 1572309341.375457 bigbrain_0_0_0.nii 140435723134784
write_file 1572309432.488213 1572309563.1833777 inc-bigbrain_0_0_0.nii 140435723134784
task_duration 1572309296.2943664 1572309570.5755599 1572309294-isilon_1it_25cpu_40bb-2 140435723134784
read_file 1572309842.5945423 1572309846.9166825 bigbrain_2307_603_2082.nii 140323205015360
increment_file 1572309864.8045673 1572309895.2854557 bigbrain_2307_603_2082.nii 140323205015360
write_file 1572309978.7109609 1572310111.852079 inc-bigbrain_2307_603_2082.nii 140323205015360
task_duration 1572309842.34098 1572310116.2874303 1572309294-isilon_1it_25cpu_40bb-2 140323205015360
read_file 1572309571.677581 1572309574.6725032 bigbrain_1538_0_2776.nii 140463226677056
increment_file 1572309635.2675302 1572309670.2719796 bigbrain_1538_0_2776.nii 140463226677056
write_file 1572309709.0927565 1572309841.3210447 inc-bigbrain_1538_0_2776.nii 140463226677056
task_duration 1572309571.6741614 1572309841.3812656 1572309294-isilon_1it_25cpu_40bb-2 140463226677056
read_file 1572310120.1741502 1572310137.6367667 bigbrain_3076_603_694.nii 140458803078976
increment_file 1572310207.8018138 1572310239.6468613 bigbrain_3076_603_694.nii 140458803078976
write_file 1572310260.4585414 1572310379.2744412 inc-bigbrain_3076_603_694.nii 140458803078976
task_duration 1572310117.1377454 1572310382.192119 1572309294-isilon_1it_25cpu_40bb-2 140458803078976
read_file 1572309843.6217458 1572309849.7515347 bigbrain_2307_2412_1388.nii 140388791801664
increment_file 1572309929.7886198 1572309963.1076791 bigbrain_2307_2412_1388.nii 140388791801664
write_file 1572309978.7335145 1572310112.4673262 inc-bigbrain_2307_2412_1388.nii 140388791801664
task_duration 1572309842.3858602 1572310115.9933906 1572309294-isilon_1it_25cpu_40bb-2 140388791801664
read_file 1572310384.0720322 1572310405.8228242 bigbrain_769_1206_694.nii 139620764792640
increment_file 1572310415.2871592 1572310428.8778088 bigbrain_769_1206_694.nii 139620764792640
write_file 1572310492.042941 1572310599.7265453 inc-bigbrain_769_1206_694.nii 139620764792640
task_duration 1572310382.4970329 1572310612.679109 1572309294-isilon_1it_25cpu_40bb-2 139620764792640
read_file 1572309571.6765385 1572309575.0733066 bigbrain_1538_1809_0.nii 139901696567104
increment_file 1572309641.1500556 1572309676.1000113 bigbrain_1538_1809_0.nii 139901696567104
write_file 1572309709.0942092 1572309841.1892018 inc-bigbrain_1538_1809_0.nii 139901696567104
task_duration 1572309571.6698217 1572309841.3847888 1572309294-isilon_1it_25cpu_40bb-2 139901696567104
read_file 1572309571.6756089 1572309575.340603 bigbrain_1538_1206_2776.nii 139811943507776
increment_file 1572309655.5044038 1572309688.393559 bigbrain_1538_1206_2776.nii 139811943507776
write_file 1572309709.092861 1572309841.3303533 inc-bigbrain_1538_1206_2776.nii 139811943507776
task_duration 1572309571.664237 1572309841.3916752 1572309294-isilon_1it_25cpu_40bb-2 139811943507776
read_file 1572309842.645429 1572309846.928222 bigbrain_2307_603_0.nii 140068656506688
increment_file 1572309875.1012034 1572309904.856529 bigbrain_2307_603_0.nii 140068656506688
write_file 1572309978.7134943 1572310111.8967113 inc-bigbrain_2307_603_0.nii 140068656506688
task_duration 1572309842.3429916 1572310116.180877 1572309294-isilon_1it_25cpu_40bb-2 140068656506688
read_file 1572309571.7346218 1572309573.8706448 bigbrain_1538_2412_694.nii 140406996748096
increment_file 1572309610.4233916 1572309643.5293727 bigbrain_1538_2412_694.nii 140406996748096
write_file 1572309708.7035224 1572309841.321086 inc-bigbrain_1538_2412_694.nii 140406996748096
task_duration 1572309571.698672 1572309841.3830855 1572309294-isilon_1it_25cpu_40bb-2 140406996748096
read_file 1572310119.3716671 1572310137.3691185 bigbrain_3076_2412_694.nii 140333963335488
increment_file 1572310197.686612 1572310228.6807954 bigbrain_3076_2412_694.nii 140333963335488
write_file 1572310258.0120556 1572310373.0688074 inc-bigbrain_3076_2412_694.nii 140333963335488
task_duration 1572310117.1044533 1572310379.5887017 1572309294-isilon_1it_25cpu_40bb-2 140333963335488
read_file 1572310397.2229602 1572310409.682342 bigbrain_769_2412_0.nii 140244323403584
increment_file 1572310439.4177616 1572310474.283947 bigbrain_769_2412_0.nii 140244323403584
write_file 1572310520.2876904 1572310612.1970186 inc-bigbrain_769_2412_0.nii 140244323403584
task_duration 1572310396.9610279 1572310614.8610528 1572309294-isilon_1it_25cpu_40bb-2 140244323403584
read_file 1572309571.733754 1572309575.8754508 bigbrain_1538_2412_2082.nii 140264343418688
increment_file 1572309662.4044256 1572309696.127768 bigbrain_1538_2412_2082.nii 140264343418688
write_file 1572309709.0945792 1572309841.324376 inc-bigbrain_1538_2412_2082.nii 140264343418688
task_duration 1572309571.6900978 1572309841.3788428 1572309294-isilon_1it_25cpu_40bb-2 140264343418688
read_file 1572309571.6762154 1572309574.4052525 bigbrain_1538_1206_694.nii 140092457027392
increment_file 1572309622.619776 1572309657.488723 bigbrain_1538_1206_694.nii 140092457027392
write_file 1572309708.9717746 1572309841.3225331 inc-bigbrain_1538_1206_694.nii 140092457027392
task_duration 1572309571.664848 1572309841.382618 1572309294-isilon_1it_25cpu_40bb-2 140092457027392
read_file 1572310118.435129 1572310138.307117 bigbrain_3076_603_0.nii 140087305213760
increment_file 1572310233.0919697 1572310258.0117385 bigbrain_3076_603_0.nii 140087305213760
write_file 1572310276.1597185 1572310382.1573107 inc-bigbrain_3076_603_0.nii 140087305213760
task_duration 1572310117.0995054 1572310398.965014 1572309294-isilon_1it_25cpu_40bb-2 140087305213760
read_file 1572309571.7341547 1572309573.6030505 bigbrain_1538_1809_2082.nii 140492255385408
increment_file 1572309594.1370635 1572309627.8059099 bigbrain_1538_1809_2082.nii 140492255385408
write_file 1572309706.4877756 1572309836.0642445 inc-bigbrain_1538_1809_2082.nii 140492255385408
task_duration 1572309571.6946232 1572309841.3064656 1572309294-isilon_1it_25cpu_40bb-2 140492255385408
read_file 1572309571.7151024 1572309576.0092313 bigbrain_1538_603_2082.nii 140258062821184
increment_file 1572309665.0832398 1572309698.592084 bigbrain_1538_603_2082.nii 140258062821184
write_file 1572309709.0958917 1572309841.333449 inc-bigbrain_1538_603_2082.nii 140258062821184
task_duration 1572309571.6858895 1572309841.3905241 1572309294-isilon_1it_25cpu_40bb-2 140258062821184
read_file 1572309571.6354432 1572309572.0366766 bigbrain_1538_1206_1388.nii 140474473506624
increment_file 1572309584.5354195 1572309614.3798463 bigbrain_1538_1206_1388.nii 140474473506624
write_file 1572309709.0786767 1572309834.737136 inc-bigbrain_1538_1206_1388.nii 140474473506624
task_duration 1572309571.6299393 1572309841.3247612 1572309294-isilon_1it_25cpu_40bb-2 140474473506624
read_file 1572309571.6747422 1572309573.4692023 bigbrain_1538_0_694.nii 139940316510016
increment_file 1572309589.590572 1572309621.8185143 bigbrain_1538_0_694.nii 139940316510016
write_file 1572309709.0796843 1572309835.7249372 inc-bigbrain_1538_0_694.nii 139940316510016
task_duration 1572309571.655187 1572309841.3250616 1572309294-isilon_1it_25cpu_40bb-2 139940316510016
read_file 1572310370.522945 1572310382.1460752 bigbrain_769_0_1388.nii 140019894818624
increment_file 1572310382.1989625 1572310396.9562964 bigbrain_769_0_1388.nii 140019894818624
write_file 1572310408.8989298 1572310466.8228862 inc-bigbrain_769_0_1388.nii 140019894818624
task_duration 1572310369.9448016 1572310521.7869492 1572309294-isilon_1it_25cpu_40bb-2 140019894818624
read_file 1572310383.2698598 1572310406.6249325 bigbrain_769_1206_1388.nii 140558267189056
increment_file 1572310432.4881725 1572310456.3250558 bigbrain_769_1206_1388.nii 140558267189056
write_file 1572310512.9040627 1572310586.8509781 inc-bigbrain_769_1206_1388.nii 140558267189056
task_duration 1572310382.4750845 1572310598.731377 1572309294-isilon_1it_25cpu_40bb-2 140558267189056
read_file 1572310405.554011 1572310411.6064415 bigbrain_769_2412_2082.nii 139825768490816
increment_file 1572310453.9676094 1572310488.5935469 bigbrain_769_2412_2082.nii 139825768490816
write_file 1572310520.804598 1572310611.8668067 inc-bigbrain_769_2412_2082.nii 139825768490816
task_duration 1572310405.349459 1572310614.4589567 1572309294-isilon_1it_25cpu_40bb-2 139825768490816
read_file 1572310388.7686617 1572310409.684199 bigbrain_769_2412_1388.nii 140686854711104
increment_file 1572310442.797641 1572310479.8426995 bigbrain_769_2412_1388.nii 140686854711104
write_file 1572310520.029935 1572310606.5589845 inc-bigbrain_769_2412_1388.nii 140686854711104
task_duration 1572310388.0476627 1572310613.3647854 1572309294-isilon_1it_25cpu_40bb-2 140686854711104
read_file 1572309843.5591464 1572309850.1510963 bigbrain_2307_1809_0.nii 140216035342144
increment_file 1572309940.4316702 1572309972.2456899 bigbrain_2307_1809_0.nii 140216035342144
write_file 1572309978.7352755 1572310112.2984018 inc-bigbrain_2307_1809_0.nii 140216035342144
task_duration 1572309842.3842337 1572310116.1182857 1572309294-isilon_1it_25cpu_40bb-2 140216035342144
read_file 1572309296.3246102 1572309296.860432 bigbrain_0_1206_1388.nii 140426982254400
increment_file 1572309336.2064338 1572309369.332299 bigbrain_0_1206_1388.nii 140426982254400
write_file 1572309433.23763 1572309571.0388505 inc-bigbrain_0_1206_1388.nii 140426982254400
task_duration 1572309296.2941904 1572309571.1023824 1572309294-isilon_1it_25cpu_40bb-2 140426982254400
