read_file 1572297241.7118216 1572297241.7143962 bigbrain_0_1809_2082.nii 140000423868224
increment_file 1572297241.7145689 1572297366.2931006 bigbrain_0_1809_2082.nii 140000423868224
write_file 1572297366.2956555 1572297366.9147534 inc-bigbrain_0_1809_2082.nii 140000423868224
task_duration 1572297241.7049272 1572297366.9285412 1572296540-local_1it_96cpus_40bb-0 140000423868224
read_file 1572297241.7121477 1572297241.7145698 bigbrain_1538_1809_2776.nii 139965396535104
increment_file 1572297241.7147841 1572297372.1062627 bigbrain_1538_1809_2776.nii 139965396535104
write_file 1572297372.1094928 1572297373.1489546 inc-bigbrain_1538_1809_2776.nii 139965396535104
task_duration 1572297241.7045794 1572297373.1691434 1572296540-local_1it_96cpus_40bb-0 139965396535104
read_file 1572297241.711294 1572297241.7146103 bigbrain_0_0_0.nii 140672071427904
increment_file 1572297241.7148097 1572297365.9448357 bigbrain_0_0_0.nii 140672071427904
write_file 1572297365.9472663 1572297366.6459827 inc-bigbrain_0_0_0.nii 140672071427904
task_duration 1572297241.7015347 1572297366.6611307 1572296540-local_1it_96cpus_40bb-0 140672071427904
read_file 1572297241.7113006 1572297241.7181575 bigbrain_0_1809_694.nii 140495901878080
increment_file 1572297241.7183292 1572297368.2376804 bigbrain_0_1809_694.nii 140495901878080
write_file 1572297368.2395215 1572297369.1261358 inc-bigbrain_0_1809_694.nii 140495901878080
task_duration 1572297241.7017076 1572297369.1570463 1572296540-local_1it_96cpus_40bb-0 140495901878080
read_file 1572297241.719476 1572297241.7249732 bigbrain_0_1809_1388.nii 139889240921920
increment_file 1572297241.7251976 1572297242.4193342 bigbrain_0_1809_1388.nii 139889240921920
write_file 1572297242.4201229 1572297242.9770145 inc-bigbrain_0_1809_1388.nii 139889240921920
task_duration 1572297241.7179163 1572297242.9883387 1572296540-local_1it_96cpus_40bb-0 139889240921920
read_file 1572297241.7222462 1572297241.7621772 bigbrain_1538_1809_1388.nii 140341017831232
increment_file 1572297241.7623913 1572297367.5324404 bigbrain_1538_1809_1388.nii 140341017831232
write_file 1572297367.5344434 1572297368.1463718 inc-bigbrain_1538_1809_1388.nii 140341017831232
task_duration 1572297241.7207456 1572297368.1602821 1572296540-local_1it_96cpus_40bb-0 140341017831232
read_file 1572297241.7231562 1572297241.764234 bigbrain_0_1206_2776.nii 140277045602112
increment_file 1572297241.7644675 1572297366.7119668 bigbrain_0_1206_2776.nii 140277045602112
write_file 1572297366.7141805 1572297367.2830718 inc-bigbrain_0_1206_2776.nii 140277045602112
task_duration 1572297241.7215369 1572297367.2958984 1572296540-local_1it_96cpus_40bb-0 140277045602112
read_file 1572297241.7182987 1572297241.7655628 bigbrain_0_2412_0.nii 140139292858176
increment_file 1572297241.7657588 1572297367.4282398 bigbrain_0_2412_0.nii 140139292858176
write_file 1572297367.4297156 1572297368.0410216 inc-bigbrain_0_2412_0.nii 140139292858176
task_duration 1572297241.7166991 1572297368.0542917 1572296540-local_1it_96cpus_40bb-0 140139292858176
read_file 1572297241.721821 1572297241.7678661 bigbrain_0_603_0.nii 140217056798528
increment_file 1572297241.768062 1572297368.57405 bigbrain_0_603_0.nii 140217056798528
write_file 1572297368.5772536 1572297371.917322 inc-bigbrain_0_603_0.nii 140217056798528
task_duration 1572297241.7202299 1572297372.0224545 1572296540-local_1it_96cpus_40bb-0 140217056798528
read_file 1572297241.7239053 1572297241.770871 bigbrain_0_1206_694.nii 139627652937536
increment_file 1572297241.77104 1572297368.573169 bigbrain_0_1206_694.nii 139627652937536
write_file 1572297368.5761323 1572297371.4858549 inc-bigbrain_0_1206_694.nii 139627652937536
task_duration 1572297241.7220683 1572297371.5804744 1572296540-local_1it_96cpus_40bb-0 139627652937536
read_file 1572297241.7449803 1572297241.7749856 bigbrain_0_603_1388.nii 140273309759296
increment_file 1572297241.7751648 1572297369.6955397 bigbrain_0_603_1388.nii 140273309759296
write_file 1572297369.69868 1572297372.1258574 inc-bigbrain_0_603_1388.nii 140273309759296
task_duration 1572297241.743351 1572297372.1973982 1572296540-local_1it_96cpus_40bb-0 140273309759296
read_file 1572297241.728163 1572297241.7750068 bigbrain_0_0_2082.nii 140451287754560
increment_file 1572297241.7752302 1572297369.5648477 bigbrain_0_0_2082.nii 140451287754560
write_file 1572297369.5723398 1572297371.5967345 inc-bigbrain_0_0_2082.nii 140451287754560
task_duration 1572297241.7262597 1572297371.670677 1572296540-local_1it_96cpus_40bb-0 140451287754560
read_file 1572297241.721386 1572297241.775535 bigbrain_0_1809_2776.nii 140458374240064
increment_file 1572297241.7757988 1572297369.8429933 bigbrain_0_1809_2776.nii 140458374240064
write_file 1572297369.8492098 1572297372.980757 inc-bigbrain_0_1809_2776.nii 140458374240064
task_duration 1572297241.6991735 1572297372.9998689 1572296540-local_1it_96cpus_40bb-0 140458374240064
read_file 1572297241.7122698 1572297241.7785635 bigbrain_1538_1206_2082.nii 139689264305984
increment_file 1572297241.7787626 1572297369.3707001 bigbrain_1538_1206_2082.nii 139689264305984
write_file 1572297369.374999 1572297371.7253218 inc-bigbrain_1538_1206_2082.nii 139689264305984
task_duration 1572297241.7049372 1572297371.8023357 1572296540-local_1it_96cpus_40bb-0 139689264305984
read_file 1572297241.7520418 1572297241.7894616 bigbrain_1538_0_2082.nii 139894006347584
increment_file 1572297241.7896664 1572297369.2654047 bigbrain_1538_0_2082.nii 139894006347584
write_file 1572297369.2700603 1572297372.254818 inc-bigbrain_1538_0_2082.nii 139894006347584
task_duration 1572297241.750409 1572297372.3118544 1572296540-local_1it_96cpus_40bb-0 139894006347584
read_file 1572297241.7295942 1572297241.7894807 bigbrain_0_2412_2776.nii 140191258183488
increment_file 1572297241.7897031 1572297369.4634247 bigbrain_0_2412_2776.nii 140191258183488
write_file 1572297369.4698465 1572297373.018793 inc-bigbrain_0_2412_2776.nii 140191258183488
task_duration 1572297241.7280893 1572297373.0368195 1572296540-local_1it_96cpus_40bb-0 140191258183488
read_file 1572297241.7363806 1572297241.7895045 bigbrain_2307_0_0.nii 139719517783872
increment_file 1572297241.7897258 1572297369.240293 bigbrain_2307_0_0.nii 139719517783872
write_file 1572297369.2424445 1572297371.3210788 inc-bigbrain_2307_0_0.nii 139719517783872
task_duration 1572297241.7309718 1572297371.409163 1572296540-local_1it_96cpus_40bb-0 139719517783872
read_file 1572297241.7395945 1572297241.7895339 bigbrain_1538_2412_1388.nii 139825440483136
increment_file 1572297241.7897651 1572297369.2512991 bigbrain_1538_2412_1388.nii 139825440483136
write_file 1572297369.2554564 1572297372.2957737 inc-bigbrain_1538_2412_1388.nii 139825440483136
task_duration 1572297241.7380097 1572297372.368957 1572296540-local_1it_96cpus_40bb-0 139825440483136
read_file 1572297241.730122 1572297241.789594 bigbrain_0_0_694.nii 140003645945664
increment_file 1572297241.7898028 1572297369.2593935 bigbrain_0_0_694.nii 140003645945664
write_file 1572297369.2650502 1572297372.7924395 inc-bigbrain_0_0_694.nii 140003645945664
task_duration 1572297241.7284303 1572297372.8316708 1572296540-local_1it_96cpus_40bb-0 140003645945664
read_file 1572297241.7455652 1572297241.7896295 bigbrain_1538_0_1388.nii 140271816574784
increment_file 1572297241.7898521 1572297370.506559 bigbrain_1538_0_1388.nii 140271816574784
write_file 1572297370.5104845 1572297372.2976744 inc-bigbrain_1538_0_1388.nii 140271816574784
task_duration 1572297241.7438219 1572297372.3553855 1572296540-local_1it_96cpus_40bb-0 140271816574784
read_file 1572297241.7383826 1572297241.7897336 bigbrain_0_1206_2082.nii 140149638428480
increment_file 1572297241.7899315 1572297369.014525 bigbrain_0_1206_2082.nii 140149638428480
write_file 1572297369.0164158 1572297372.3344579 inc-bigbrain_0_1206_2082.nii 140149638428480
task_duration 1572297241.7338333 1572297372.3970294 1572296540-local_1it_96cpus_40bb-0 140149638428480
read_file 1572297241.7463014 1572297241.820397 bigbrain_0_603_2082.nii 140251862181696
increment_file 1572297241.820615 1572297367.7776494 bigbrain_0_603_2082.nii 140251862181696
write_file 1572297367.7799127 1572297368.3781822 inc-bigbrain_0_603_2082.nii 140251862181696
task_duration 1572297241.7446523 1572297368.3928456 1572296540-local_1it_96cpus_40bb-0 140251862181696
read_file 1572297241.7323923 1572297241.8452852 bigbrain_0_2412_694.nii 140643269527360
increment_file 1572297241.8455107 1572297368.0905156 bigbrain_0_2412_694.nii 140643269527360
write_file 1572297368.0924911 1572297368.7476766 inc-bigbrain_0_2412_694.nii 140643269527360
task_duration 1572297241.7291415 1572297368.76457 1572296540-local_1it_96cpus_40bb-0 140643269527360
read_file 1572297241.7376041 1572297241.8453364 bigbrain_0_1206_0.nii 140065755490112
increment_file 1572297241.8455372 1572297368.4465075 bigbrain_0_1206_0.nii 140065755490112
write_file 1572297368.4495966 1572297369.3715508 inc-bigbrain_0_1206_0.nii 140065755490112
task_duration 1572297241.7359037 1572297369.4261365 1572296540-local_1it_96cpus_40bb-0 140065755490112
read_file 1572297241.7529235 1572297241.8453825 bigbrain_2307_0_2776.nii 139900595337024
increment_file 1572297241.845565 1572297368.8037748 bigbrain_2307_0_2776.nii 139900595337024
write_file 1572297368.8075573 1572297370.2690723 inc-bigbrain_2307_0_2776.nii 139900595337024
task_duration 1572297241.7514458 1572297370.3575542 1572296540-local_1it_96cpus_40bb-0 139900595337024
read_file 1572297241.7585707 1572297241.845457 bigbrain_0_603_694.nii 139763595638592
increment_file 1572297241.845676 1572297368.8335996 bigbrain_0_603_694.nii 139763595638592
write_file 1572297368.836813 1572297372.14719 inc-bigbrain_0_603_694.nii 139763595638592
task_duration 1572297241.7567294 1572297372.2665472 1572296540-local_1it_96cpus_40bb-0 139763595638592
read_file 1572297241.730182 1572297241.845693 bigbrain_1538_1206_694.nii 140021112690496
increment_file 1572297241.8459017 1572297368.5242927 bigbrain_1538_1206_694.nii 140021112690496
write_file 1572297368.5274575 1572297371.2923973 inc-bigbrain_1538_1206_694.nii 140021112690496
task_duration 1572297241.72854 1572297371.3817775 1572296540-local_1it_96cpus_40bb-0 140021112690496
read_file 1572297241.8447766 1572297241.8468616 bigbrain_1538_2412_2082.nii 139647751923520
increment_file 1572297241.8470564 1572297242.4198596 bigbrain_1538_2412_2082.nii 139647751923520
write_file 1572297242.4207265 1572297242.927072 inc-bigbrain_1538_2412_2082.nii 139647751923520
task_duration 1572297241.8428407 1572297242.9387472 1572296540-local_1it_96cpus_40bb-0 139647751923520
read_file 1572297241.7377143 1572297241.847919 bigbrain_0_2412_1388.nii 139707279009600
increment_file 1572297241.8480847 1572297368.8117387 bigbrain_0_2412_1388.nii 139707279009600
write_file 1572297368.814779 1572297372.445924 inc-bigbrain_0_2412_1388.nii 139707279009600
task_duration 1572297241.7362077 1572297372.4986327 1572296540-local_1it_96cpus_40bb-0 139707279009600
read_file 1572297241.7296653 1572297241.8488984 bigbrain_0_1206_1388.nii 140403556316992
increment_file 1572297241.8490996 1572297368.813947 bigbrain_0_1206_1388.nii 140403556316992
write_file 1572297368.8168724 1572297372.655189 inc-bigbrain_0_1206_1388.nii 140403556316992
task_duration 1572297241.7280066 1572297372.7116313 1572296540-local_1it_96cpus_40bb-0 140403556316992
read_file 1572297241.7709706 1572297241.8629732 bigbrain_0_0_2776.nii 140462198449984
increment_file 1572297241.8631935 1572297368.5437737 bigbrain_0_0_2776.nii 140462198449984
write_file 1572297368.5467374 1572297370.9888008 inc-bigbrain_0_0_2776.nii 140462198449984
task_duration 1572297241.7690365 1572297371.0747833 1572296540-local_1it_96cpus_40bb-0 140462198449984
read_file 1572297241.760422 1572297241.863098 bigbrain_1538_1206_2776.nii 140514270709568
increment_file 1572297241.8632967 1572297368.8761532 bigbrain_1538_1206_2776.nii 140514270709568
write_file 1572297368.8788588 1572297372.7358797 inc-bigbrain_1538_1206_2776.nii 140514270709568
task_duration 1572297241.758567 1572297372.7655478 1572296540-local_1it_96cpus_40bb-0 140514270709568
read_file 1572297241.7456942 1572297241.863202 bigbrain_0_603_2776.nii 140338514351936
increment_file 1572297241.8633964 1572297368.562528 bigbrain_0_603_2776.nii 140338514351936
write_file 1572297368.5641692 1572297371.4707935 inc-bigbrain_0_603_2776.nii 140338514351936
task_duration 1572297241.7286937 1572297371.5500762 1572296540-local_1it_96cpus_40bb-0 140338514351936
read_file 1572297241.7495062 1572297241.8658535 bigbrain_1538_0_2776.nii 140287418935104
increment_file 1572297241.8660436 1572297368.5637517 bigbrain_1538_0_2776.nii 140287418935104
write_file 1572297368.566579 1572297371.582931 inc-bigbrain_1538_0_2776.nii 140287418935104
task_duration 1572297241.7476962 1572297371.6304185 1572296540-local_1it_96cpus_40bb-0 140287418935104
read_file 1572297241.7487211 1572297241.883039 bigbrain_1538_603_0.nii 139964940867392
increment_file 1572297241.8832872 1572297368.8751192 bigbrain_1538_603_0.nii 139964940867392
write_file 1572297368.8789709 1572297370.4330626 inc-bigbrain_1538_603_0.nii 139964940867392
task_duration 1572297241.7470312 1572297370.5214446 1572296540-local_1it_96cpus_40bb-0 139964940867392
read_file 1572297241.7709446 1572297241.890482 bigbrain_0_2412_2082.nii 139947673384768
increment_file 1572297241.8906837 1572297369.54852 bigbrain_0_2412_2082.nii 139947673384768
write_file 1572297369.552981 1572297372.0296328 inc-bigbrain_0_2412_2082.nii 139947673384768
task_duration 1572297241.769122 1572297372.1011004 1572296540-local_1it_96cpus_40bb-0 139947673384768
read_file 1572297241.802541 1572297241.8907483 bigbrain_1538_0_694.nii 139860235220800
increment_file 1572297241.8909357 1572297369.6742444 bigbrain_1538_0_694.nii 139860235220800
write_file 1572297369.6789699 1572297372.0942233 inc-bigbrain_1538_0_694.nii 139860235220800
task_duration 1572297241.8008354 1572297372.201871 1572296540-local_1it_96cpus_40bb-0 139860235220800
read_file 1572297241.8015382 1572297241.890976 bigbrain_2307_0_2082.nii 139660151220032
increment_file 1572297241.8911932 1572297369.5440083 bigbrain_2307_0_2082.nii 139660151220032
write_file 1572297369.5508182 1572297372.4094794 inc-bigbrain_2307_0_2082.nii 139660151220032
task_duration 1572297241.7971497 1572297372.484762 1572296540-local_1it_96cpus_40bb-0 139660151220032
read_file 1572297241.784653 1572297241.9025178 bigbrain_0_0_1388.nii 139902918338368
increment_file 1572297241.9027383 1572297369.691995 bigbrain_0_0_1388.nii 139902918338368
write_file 1572297369.6953745 1572297371.9377944 inc-bigbrain_0_0_1388.nii 139902918338368
task_duration 1572297241.7719097 1572297372.007296 1572296540-local_1it_96cpus_40bb-0 139902918338368
read_file 1572297241.7676194 1572297241.9100807 bigbrain_1538_603_2776.nii 140067648587584
increment_file 1572297241.9102833 1572297369.6744606 bigbrain_1538_603_2776.nii 140067648587584
write_file 1572297369.677147 1572297372.1588254 inc-bigbrain_1538_603_2776.nii 140067648587584
task_duration 1572297241.766009 1572297372.2408292 1572296540-local_1it_96cpus_40bb-0 140067648587584
read_file 1572297241.7736304 1572297241.9189181 bigbrain_0_1809_0.nii 140165242808128
increment_file 1572297241.9191442 1572297370.0431044 bigbrain_0_1809_0.nii 140165242808128
write_file 1572297370.0933619 1572297373.0100503 inc-bigbrain_0_1809_0.nii 140165242808128
task_duration 1572297241.7719939 1572297373.0280135 1572296540-local_1it_96cpus_40bb-0 140165242808128
read_file 1572297241.806573 1572297241.91908 bigbrain_1538_1809_2082.nii 139969399822144
increment_file 1572297241.919282 1572297369.9307928 bigbrain_1538_1809_2082.nii 139969399822144
write_file 1572297369.938613 1572297373.0296228 inc-bigbrain_1538_1809_2082.nii 139969399822144
task_duration 1572297241.805033 1572297373.0453646 1572296540-local_1it_96cpus_40bb-0 139969399822144
read_file 1572297241.7785273 1572297241.9190948 bigbrain_1538_1206_1388.nii 139791530809152
increment_file 1572297241.9193418 1572297377.8527772 bigbrain_1538_1206_1388.nii 139791530809152
write_file 1572297377.8549726 1572297378.5795445 inc-bigbrain_1538_1206_1388.nii 139791530809152
task_duration 1572297241.7769299 1572297378.594778 1572296540-local_1it_96cpus_40bb-0 139791530809152
read_file 1572297241.8237336 1572297241.919226 bigbrain_1538_0_0.nii 139771582736192
increment_file 1572297241.9194455 1572297369.9556568 bigbrain_1538_0_0.nii 139771582736192
write_file 1572297369.963958 1572297373.0462134 inc-bigbrain_1538_0_0.nii 139771582736192
task_duration 1572297241.8218174 1572297373.0615418 1572296540-local_1it_96cpus_40bb-0 139771582736192
read_file 1572297241.8361335 1572297241.9196568 bigbrain_1538_2412_694.nii 140706335078208
increment_file 1572297241.9199512 1572297369.949027 bigbrain_1538_2412_694.nii 140706335078208
write_file 1572297369.9530363 1572297372.3604147 inc-bigbrain_1538_2412_694.nii 140706335078208
task_duration 1572297241.83425 1572297372.4229069 1572296540-local_1it_96cpus_40bb-0 140706335078208
read_file 1572297241.807464 1572297241.9275439 bigbrain_2307_1206_1388.nii 140248039798592
increment_file 1572297241.9277418 1572297369.9728742 bigbrain_2307_1206_1388.nii 140248039798592
write_file 1572297369.978141 1572297372.0540836 inc-bigbrain_2307_1206_1388.nii 140248039798592
task_duration 1572297241.8057246 1572297372.1467028 1572296540-local_1it_96cpus_40bb-0 140248039798592
read_file 1572297241.7792423 1572297241.927863 bigbrain_1538_1206_0.nii 140579389187904
increment_file 1572297241.928115 1572297370.4314542 bigbrain_1538_1206_0.nii 140579389187904
write_file 1572297370.4388437 1572297373.1408927 inc-bigbrain_1538_1206_0.nii 140579389187904
task_duration 1572297241.7775245 1572297373.1556916 1572296540-local_1it_96cpus_40bb-0 140579389187904
read_file 1572297241.7888765 1572297241.9772272 bigbrain_1538_1809_0.nii 139710873085760
increment_file 1572297241.9774482 1572297369.2715378 bigbrain_1538_1809_0.nii 139710873085760
write_file 1572297369.2733848 1572297371.110999 inc-bigbrain_1538_1809_0.nii 139710873085760
task_duration 1572297241.787355 1572297371.198411 1572296540-local_1it_96cpus_40bb-0 139710873085760
read_file 1572297241.8195071 1572297241.9773738 bigbrain_1538_2412_0.nii 140666405877568
increment_file 1572297241.9775448 1572297368.7409477 bigbrain_1538_2412_0.nii 140666405877568
write_file 1572297368.7440653 1572297372.7378771 inc-bigbrain_1538_2412_0.nii 140666405877568
task_duration 1572297241.8179643 1572297372.7660434 1572296540-local_1it_96cpus_40bb-0 140666405877568
read_file 1572297241.7995093 1572297241.979808 bigbrain_1538_2412_2776.nii 140120527996736
increment_file 1572297241.979981 1572297369.046511 bigbrain_1538_2412_2776.nii 140120527996736
write_file 1572297369.0491157 1572297372.8352873 inc-bigbrain_1538_2412_2776.nii 140120527996736
task_duration 1572297241.7980075 1572297372.8623128 1572296540-local_1it_96cpus_40bb-0 140120527996736
read_file 1572297241.847352 1572297241.9870572 bigbrain_1538_1809_694.nii 139660578805568
increment_file 1572297241.9872894 1572297368.0606923 bigbrain_1538_1809_694.nii 139660578805568
write_file 1572297368.062651 1572297368.7067704 inc-bigbrain_1538_1809_694.nii 139660578805568
task_duration 1572297241.8455374 1572297368.7231586 1572296540-local_1it_96cpus_40bb-0 139660578805568
read_file 1572297242.0090265 1572297242.0109687 bigbrain_2307_2412_694.nii 140336223508288
increment_file 1572297242.011227 1572297242.495001 bigbrain_2307_2412_694.nii 140336223508288
write_file 1572297242.4957006 1572297243.0013072 inc-bigbrain_2307_2412_694.nii 140336223508288
task_duration 1572297242.0071476 1572297243.0125268 1572296540-local_1it_96cpus_40bb-0 140336223508288
read_file 1572297241.8102314 1572297242.0274017 bigbrain_1538_603_694.nii 139957170341696
increment_file 1572297242.0276136 1572297368.7820165 bigbrain_1538_603_694.nii 139957170341696
write_file 1572297368.7848597 1572297372.3951607 inc-bigbrain_1538_603_694.nii 139957170341696
task_duration 1572297241.8087115 1572297372.4874332 1572296540-local_1it_96cpus_40bb-0 139957170341696
read_file 1572297241.8203473 1572297242.0487695 bigbrain_1538_603_1388.nii 140706466326336
increment_file 1572297242.0490022 1572297369.135312 bigbrain_1538_603_1388.nii 140706466326336
write_file 1572297369.1379068 1572297371.1153054 inc-bigbrain_1538_603_1388.nii 140706466326336
task_duration 1572297241.8185208 1572297371.208407 1572296540-local_1it_96cpus_40bb-0 140706466326336
read_file 1572297241.9184828 1572297242.0586565 bigbrain_2307_1809_694.nii 140032288905024
increment_file 1572297242.0589743 1572297368.8438559 bigbrain_2307_1809_694.nii 140032288905024
write_file 1572297368.8461437 1572297372.4509869 inc-bigbrain_2307_1809_694.nii 140032288905024
task_duration 1572297241.905374 1572297372.500463 1572296540-local_1it_96cpus_40bb-0 140032288905024
read_file 1572297241.7932386 1572297242.09942 bigbrain_1538_603_2082.nii 140125551736640
increment_file 1572297242.0996506 1572297369.1680646 bigbrain_1538_603_2082.nii 140125551736640
write_file 1572297369.1708324 1572297372.941041 inc-bigbrain_1538_603_2082.nii 140125551736640
task_duration 1572297241.7912905 1572297372.9618697 1572296540-local_1it_96cpus_40bb-0 140125551736640
read_file 1572297241.9317482 1572297242.2186058 bigbrain_2307_0_694.nii 140661636187968
increment_file 1572297242.218957 1572297369.627749 bigbrain_2307_0_694.nii 140661636187968
write_file 1572297369.6358118 1572297372.6843114 inc-bigbrain_2307_0_694.nii 140661636187968
task_duration 1572297241.9301112 1572297372.7157469 1572296540-local_1it_96cpus_40bb-0 140661636187968
read_file 1572297241.9588015 1572297242.2471435 bigbrain_2307_1206_0.nii 139717652113216
increment_file 1572297242.2473624 1572297369.284583 bigbrain_2307_1206_0.nii 139717652113216
write_file 1572297369.2875364 1572297372.8466315 inc-bigbrain_2307_1206_0.nii 139717652113216
task_duration 1572297241.9567962 1572297372.8807373 1572296540-local_1it_96cpus_40bb-0 139717652113216
read_file 1572297241.9383485 1572297242.248425 bigbrain_2307_1206_2776.nii 139903603754816
increment_file 1572297242.2487557 1572297369.4660375 bigbrain_2307_1206_2776.nii 139903603754816
write_file 1572297369.468618 1572297371.6095335 inc-bigbrain_2307_1206_2776.nii 139903603754816
task_duration 1572297241.9364717 1572297371.7152278 1572296540-local_1it_96cpus_40bb-0 139903603754816
read_file 1572297241.9423306 1572297242.2581718 bigbrain_2307_0_1388.nii 140699387680576
increment_file 1572297242.258523 1572297369.290347 bigbrain_2307_0_1388.nii 140699387680576
write_file 1572297369.2952132 1572297372.8076448 inc-bigbrain_2307_0_1388.nii 140699387680576
task_duration 1572297241.9403648 1572297372.8356895 1572296540-local_1it_96cpus_40bb-0 140699387680576
read_file 1572297242.0483782 1572297242.2675827 bigbrain_2307_2412_0.nii 140520931190592
increment_file 1572297242.2679372 1572297368.752672 bigbrain_2307_2412_0.nii 140520931190592
write_file 1572297368.7554557 1572297371.9166925 inc-bigbrain_2307_2412_0.nii 140520931190592
task_duration 1572297242.046659 1572297372.0179214 1572296540-local_1it_96cpus_40bb-0 140520931190592
read_file 1572297242.0827558 1572297242.2853906 bigbrain_2307_2412_2776.nii 140253372979008
increment_file 1572297242.285716 1572297368.7703307 bigbrain_2307_2412_2776.nii 140253372979008
write_file 1572297368.7725728 1572297372.4972486 inc-bigbrain_2307_2412_2776.nii 140253372979008
task_duration 1572297242.0815206 1572297372.5483973 1572296540-local_1it_96cpus_40bb-0 140253372979008
read_file 1572297242.0514598 1572297242.2855775 bigbrain_2307_1809_0.nii 140589074978624
increment_file 1572297242.2858877 1572297368.4157624 bigbrain_2307_1809_0.nii 140589074978624
write_file 1572297368.4177492 1572297370.1810985 inc-bigbrain_2307_1809_0.nii 140589074978624
task_duration 1572297242.050162 1572297370.2838986 1572296540-local_1it_96cpus_40bb-0 140589074978624
read_file 1572297242.0771203 1572297242.2855926 bigbrain_2307_2412_1388.nii 140176989251392
increment_file 1572297242.286053 1572297368.415879 bigbrain_2307_2412_1388.nii 140176989251392
write_file 1572297368.4173343 1572297370.3507807 inc-bigbrain_2307_2412_1388.nii 140176989251392
task_duration 1572297242.075216 1572297370.442402 1572296540-local_1it_96cpus_40bb-0 140176989251392
read_file 1572297242.0727618 1572297242.3050306 bigbrain_3076_0_1388.nii 140627763210048
increment_file 1572297242.3054187 1572297369.3232105 bigbrain_3076_0_1388.nii 140627763210048
write_file 1572297369.3262563 1572297371.6797981 inc-bigbrain_3076_0_1388.nii 140627763210048
task_duration 1572297242.071605 1572297371.7806175 1572296540-local_1it_96cpus_40bb-0 140627763210048
read_file 1572297242.0316842 1572297242.3050652 bigbrain_2307_2412_2082.nii 139726817912640
increment_file 1572297242.3055177 1572297369.085471 bigbrain_2307_2412_2082.nii 139726817912640
write_file 1572297369.087796 1572297372.6731102 inc-bigbrain_2307_2412_2082.nii 139726817912640
task_duration 1572297242.0298443 1572297372.7118824 1572296540-local_1it_96cpus_40bb-0 139726817912640
read_file 1572297241.999433 1572297242.3145058 bigbrain_2307_1206_694.nii 140311392765760
increment_file 1572297242.314855 1572297369.3424366 bigbrain_2307_1206_694.nii 140311392765760
write_file 1572297369.3478363 1572297371.6793044 inc-bigbrain_2307_1206_694.nii 140311392765760
task_duration 1572297241.997959 1572297371.781 1572296540-local_1it_96cpus_40bb-0 140311392765760
read_file 1572297242.0831475 1572297242.3240404 bigbrain_3076_0_2082.nii 140169610700608
increment_file 1572297242.3244004 1572297369.348346 bigbrain_3076_0_2082.nii 140169610700608
write_file 1572297369.353871 1572297372.9754453 inc-bigbrain_3076_0_2082.nii 140169610700608
task_duration 1572297242.0820062 1572297372.994176 1572296540-local_1it_96cpus_40bb-0 140169610700608
read_file 1572297242.1028702 1572297242.3423383 bigbrain_2307_603_2776.nii 139886611236672
increment_file 1572297242.342689 1572297369.1474285 bigbrain_2307_603_2776.nii 139886611236672
write_file 1572297369.1509535 1572297371.0031655 inc-bigbrain_2307_603_2776.nii 139886611236672
task_duration 1572297242.1010501 1572297371.087417 1572296540-local_1it_96cpus_40bb-0 139886611236672
read_file 1572297241.94916 1572297242.3424773 bigbrain_2307_1809_2776.nii 139901221193536
increment_file 1572297242.342824 1572297369.138801 bigbrain_2307_1809_2776.nii 139901221193536
write_file 1572297369.1436496 1572297372.8587763 inc-bigbrain_2307_1809_2776.nii 139901221193536
task_duration 1572297241.947651 1572297372.8864248 1572296540-local_1it_96cpus_40bb-0 139901221193536
read_file 1572297241.9696612 1572297242.3424983 bigbrain_2307_1809_2082.nii 140654068565824
increment_file 1572297242.342898 1572297369.1405466 bigbrain_2307_1809_2082.nii 140654068565824
write_file 1572297369.1446807 1572297372.8346806 inc-bigbrain_2307_1809_2082.nii 140654068565824
task_duration 1572297241.9680746 1572297372.8618667 1572296540-local_1it_96cpus_40bb-0 140654068565824
read_file 1572297242.0247612 1572297242.3509357 bigbrain_2307_603_2082.nii 140605413955392
increment_file 1572297242.3512652 1572297369.1566117 bigbrain_2307_603_2082.nii 140605413955392
write_file 1572297369.1595852 1572297371.4166 inc-bigbrain_2307_603_2082.nii 140605413955392
task_duration 1572297242.0231423 1572297371.5080228 1572296540-local_1it_96cpus_40bb-0 140605413955392
read_file 1572297242.0841866 1572297242.3509693 bigbrain_2307_1809_1388.nii 140271025895232
increment_file 1572297242.3513384 1572297369.1511729 bigbrain_2307_1809_1388.nii 140271025895232
write_file 1572297369.1545184 1572297372.9224515 inc-bigbrain_2307_1809_1388.nii 140271025895232
task_duration 1572297242.0830605 1572297372.9428992 1572296540-local_1it_96cpus_40bb-0 140271025895232
read_file 1572297242.1376505 1572297242.3606186 bigbrain_3076_1809_2082.nii 139750995330880
increment_file 1572297242.3609815 1572297369.158369 bigbrain_3076_1809_2082.nii 139750995330880
write_file 1572297369.160806 1572297372.9033678 inc-bigbrain_3076_1809_2082.nii 139750995330880
task_duration 1572297242.136467 1572297372.9242775 1572296540-local_1it_96cpus_40bb-0 139750995330880
read_file 1572297242.1007674 1572297242.370691 bigbrain_3076_1206_2776.nii 140458440042304
increment_file 1572297242.3710406 1572297369.3595471 bigbrain_3076_1206_2776.nii 140458440042304
write_file 1572297369.3673427 1572297372.3873065 inc-bigbrain_3076_1206_2776.nii 140458440042304
task_duration 1572297242.099572 1572297372.4721246 1572296540-local_1it_96cpus_40bb-0 140458440042304
read_file 1572297242.1037455 1572297242.378885 bigbrain_2307_603_0.nii 139739531429696
increment_file 1572297242.3792279 1572297369.7781694 bigbrain_2307_603_0.nii 139739531429696
write_file 1572297369.78418 1572297372.2160885 inc-bigbrain_2307_603_0.nii 139739531429696
task_duration 1572297242.1026382 1572297372.2660077 1572296540-local_1it_96cpus_40bb-0 139739531429696
read_file 1572297242.0986423 1572297242.3789124 bigbrain_2307_603_1388.nii 139952180631360
increment_file 1572297242.379281 1572297369.6635327 bigbrain_2307_603_1388.nii 139952180631360
write_file 1572297369.6677568 1572297372.1751685 inc-bigbrain_2307_603_1388.nii 139952180631360
task_duration 1572297242.0967903 1572297372.2774677 1572296540-local_1it_96cpus_40bb-0 139952180631360
read_file 1572297242.1200275 1572297242.408716 bigbrain_3076_0_0.nii 140486388750144
increment_file 1572297242.409077 1572297369.7954104 bigbrain_3076_0_0.nii 140486388750144
write_file 1572297369.8065817 1572297372.186224 inc-bigbrain_3076_0_0.nii 140486388750144
task_duration 1572297242.1189003 1572297372.2755928 1572296540-local_1it_96cpus_40bb-0 140486388750144
read_file 1572297242.2208896 1572297242.4087908 bigbrain_3076_2412_2082.nii 140066474448704
increment_file 1572297242.4091675 1572297370.0167568 bigbrain_3076_2412_2082.nii 140066474448704
write_file 1572297370.0194395 1572297372.1650918 inc-bigbrain_3076_2412_2082.nii 140066474448704
task_duration 1572297242.219828 1572297372.2408154 1572296540-local_1it_96cpus_40bb-0 140066474448704
read_file 1572297242.2257464 1572297242.449823 bigbrain_3076_603_0.nii 140290514282304
increment_file 1572297242.4501855 1572297369.750379 bigbrain_3076_603_0.nii 140290514282304
write_file 1572297369.756975 1572297372.044218 inc-bigbrain_3076_603_0.nii 140290514282304
task_duration 1572297242.2245972 1572297372.137977 1572296540-local_1it_96cpus_40bb-0 140290514282304
read_file 1572297242.2155595 1572297242.50156 bigbrain_3076_2412_694.nii 140349705254720
increment_file 1572297242.5018687 1572297369.4783487 bigbrain_3076_2412_694.nii 140349705254720
write_file 1572297369.482966 1572297371.974762 inc-bigbrain_3076_2412_694.nii 140349705254720
task_duration 1572297242.2144508 1572297372.0289242 1572296540-local_1it_96cpus_40bb-0 140349705254720
read_file 1572297242.111992 1572297242.522778 bigbrain_3076_0_694.nii 139741360031552
increment_file 1572297242.5231266 1572297369.486738 bigbrain_3076_0_694.nii 139741360031552
write_file 1572297369.4925911 1572297372.9883888 inc-bigbrain_3076_0_694.nii 139741360031552
task_duration 1572297242.1108084 1572297373.0076928 1572296540-local_1it_96cpus_40bb-0 139741360031552
read_file 1572297242.084791 1572297242.5301738 bigbrain_2307_1206_2082.nii 140418398050112
increment_file 1572297242.5305097 1572297369.053192 bigbrain_2307_1206_2082.nii 140418398050112
write_file 1572297369.0567667 1572297372.6726544 inc-bigbrain_2307_1206_2082.nii 140418398050112
task_duration 1572297242.0836086 1572297372.7122755 1572296540-local_1it_96cpus_40bb-0 140418398050112
read_file 1572297242.2065177 1572297242.5302157 bigbrain_3076_2412_2776.nii 140565749790528
increment_file 1572297242.5305843 1572297369.0542657 bigbrain_3076_2412_2776.nii 140565749790528
write_file 1572297369.0568824 1572297372.6700304 inc-bigbrain_3076_2412_2776.nii 140565749790528
task_duration 1572297242.2053876 1572297372.709075 1572296540-local_1it_96cpus_40bb-0 140565749790528
read_file 1572297242.083619 1572297242.5303824 bigbrain_3076_1206_0.nii 139985546606400
increment_file 1572297242.530695 1572297369.0573266 bigbrain_3076_1206_0.nii 139985546606400
write_file 1572297369.0618143 1572297372.7911344 inc-bigbrain_3076_1206_0.nii 139985546606400
task_duration 1572297242.08249 1572297372.8170433 1572296540-local_1it_96cpus_40bb-0 139985546606400
read_file 1572297242.1148045 1572297242.570234 bigbrain_3076_1206_694.nii 140589492438848
increment_file 1572297242.5705345 1572297369.0639293 bigbrain_3076_1206_694.nii 140589492438848
write_file 1572297369.0666382 1572297370.986991 inc-bigbrain_3076_1206_694.nii 140589492438848
task_duration 1572297242.1136482 1572297371.0976915 1572296540-local_1it_96cpus_40bb-0 140589492438848
read_file 1572297242.1823244 1572297242.5704713 bigbrain_3076_2412_1388.nii 140326138509120
increment_file 1572297242.5708146 1572297369.063415 bigbrain_3076_2412_1388.nii 140326138509120
write_file 1572297369.0656002 1572297370.6538742 inc-bigbrain_3076_2412_1388.nii 140326138509120
task_duration 1572297242.1810968 1572297370.736344 1572296540-local_1it_96cpus_40bb-0 140326138509120
read_file 1572297242.148128 1572297242.5790334 bigbrain_3076_1809_0.nii 140468491249472
increment_file 1572297242.5793664 1572297369.3052027 bigbrain_3076_1809_0.nii 140468491249472
write_file 1572297369.3103542 1572297372.070502 inc-bigbrain_3076_1809_0.nii 140468491249472
task_duration 1572297242.1469593 1572297372.138309 1572296540-local_1it_96cpus_40bb-0 140468491249472
read_file 1572297242.1134644 1572297242.5791297 bigbrain_3076_0_2776.nii 140376745183040
increment_file 1572297242.5794723 1572297369.305426 bigbrain_3076_0_2776.nii 140376745183040
write_file 1572297369.3101177 1572297373.0136328 inc-bigbrain_3076_0_2776.nii 140376745183040
task_duration 1572297242.1122944 1572297373.0310304 1572296540-local_1it_96cpus_40bb-0 140376745183040
read_file 1572297242.1219432 1572297242.5878484 bigbrain_2307_603_694.nii 140637267715904
increment_file 1572297242.5881143 1572297369.5017517 bigbrain_2307_603_694.nii 140637267715904
write_file 1572297369.5054646 1572297372.9380434 inc-bigbrain_2307_603_694.nii 140637267715904
task_duration 1572297242.1196284 1572297372.9588459 1572296540-local_1it_96cpus_40bb-0 140637267715904
read_file 1572297242.1321697 1572297242.5979614 bigbrain_3076_1206_2082.nii 139677975516992
increment_file 1572297242.598264 1572297369.501327 bigbrain_3076_1206_2082.nii 139677975516992
write_file 1572297369.5077775 1572297372.9119053 inc-bigbrain_3076_1206_2082.nii 139677975516992
task_duration 1572297242.130993 1572297372.933777 1572296540-local_1it_96cpus_40bb-0 139677975516992
read_file 1572297242.1722856 1572297242.607864 bigbrain_3076_1809_1388.nii 140642331264832
increment_file 1572297242.608195 1572297369.5072932 bigbrain_3076_1809_1388.nii 140642331264832
write_file 1572297369.5089164 1572297371.8817282 inc-bigbrain_3076_1809_1388.nii 140642331264832
task_duration 1572297242.1712294 1572297371.9669309 1572296540-local_1it_96cpus_40bb-0 140642331264832
read_file 1572297242.136666 1572297242.6175027 bigbrain_3076_1206_1388.nii 140346058413888
increment_file 1572297242.6178184 1572297369.5163827 bigbrain_3076_1206_1388.nii 140346058413888
write_file 1572297369.519864 1572297372.0442681 inc-bigbrain_3076_1206_1388.nii 140346058413888
task_duration 1572297242.1355693 1572297372.136387 1572296540-local_1it_96cpus_40bb-0 140346058413888
read_file 1572297242.1416676 1572297242.626709 bigbrain_3076_1809_2776.nii 140238345910080
increment_file 1572297242.6269393 1572297369.5261123 bigbrain_3076_1809_2776.nii 140238345910080
write_file 1572297369.5296824 1572297371.7096944 inc-bigbrain_3076_1809_2776.nii 140238345910080
task_duration 1572297242.1404855 1572297371.8059385 1572296540-local_1it_96cpus_40bb-0 140238345910080
read_file 1572297242.161005 1572297242.6579366 bigbrain_3076_2412_0.nii 140057709049664
increment_file 1572297242.6582694 1572297369.3515866 bigbrain_3076_2412_0.nii 140057709049664
write_file 1572297369.3536098 1572297371.714381 inc-bigbrain_3076_2412_0.nii 140057709049664
task_duration 1572297242.159548 1572297371.8193738 1572296540-local_1it_96cpus_40bb-0 140057709049664
read_file 1572297242.230935 1572297242.7518177 bigbrain_3076_1809_694.nii 139893510330176
increment_file 1572297242.7521532 1572297369.8914754 bigbrain_3076_1809_694.nii 139893510330176
write_file 1572297369.8973737 1572297372.873206 inc-bigbrain_3076_1809_694.nii 139893510330176
task_duration 1572297242.22985 1572297372.9010499 1572296540-local_1it_96cpus_40bb-0 139893510330176
read_file 1572297243.2192953 1572297243.5755503 bigbrain_3076_603_1388.nii 140305466599232
increment_file 1572297243.575903 1572297369.882212 bigbrain_3076_603_1388.nii 140305466599232
write_file 1572297369.885427 1572297372.5473988 inc-bigbrain_3076_603_1388.nii 140305466599232
task_duration 1572297243.2183766 1572297372.5893958 1572296540-local_1it_96cpus_40bb-0 140305466599232
read_file 1572297243.8215418 1572297244.0907335 bigbrain_3076_603_2082.nii 140063815878464
increment_file 1572297244.0910892 1572297369.8723323 bigbrain_3076_603_2082.nii 140063815878464
write_file 1572297369.8791742 1572297372.3632293 inc-bigbrain_3076_603_2082.nii 140063815878464
task_duration 1572297243.8206108 1572297372.4282112 1572296540-local_1it_96cpus_40bb-0 140063815878464
read_file 1572297243.8672452 1572297244.2902467 bigbrain_3076_603_2776.nii 140202508535616
increment_file 1572297244.2906098 1572297369.7640011 bigbrain_3076_603_2776.nii 140202508535616
write_file 1572297369.776251 1572297372.9882307 inc-bigbrain_3076_603_2776.nii 140202508535616
task_duration 1572297243.8663077 1572297373.0077653 1572296540-local_1it_96cpus_40bb-0 140202508535616
read_file 1572297366.9470415 1572297367.2823787 bigbrain_3076_603_694.nii 140299470194496
increment_file 1572297367.2826972 1572297397.123649 bigbrain_3076_603_694.nii 140299470194496
write_file 1572297397.125444 1572297397.6465375 inc-bigbrain_3076_603_694.nii 140299470194496
task_duration 1572297366.9461222 1572297397.6593008 1572296540-local_1it_96cpus_40bb-0 140299470194496
read_file 1572297367.2083783 1572297367.5022323 bigbrain_769_0_0.nii 140577140614976
increment_file 1572297367.5025485 1572297395.8088145 bigbrain_769_0_0.nii 140577140614976
write_file 1572297395.810641 1572297396.3283598 inc-bigbrain_769_0_0.nii 140577140614976
task_duration 1572297367.2074482 1572297396.3410225 1572296540-local_1it_96cpus_40bb-0 140577140614976
read_file 1572297367.5817888 1572297368.0393612 bigbrain_769_0_1388.nii 139967961679680
increment_file 1572297368.0396755 1572297396.1038876 bigbrain_769_0_1388.nii 139967961679680
write_file 1572297396.1058025 1572297396.6690023 inc-bigbrain_769_0_1388.nii 139967961679680
task_duration 1572297367.580447 1572297396.6825345 1572296540-local_1it_96cpus_40bb-0 139967961679680
read_file 1572297368.3415542 1572297368.6996138 bigbrain_769_0_2082.nii 140572879591232
increment_file 1572297368.6999497 1572297397.0006073 bigbrain_769_0_2082.nii 140572879591232
write_file 1572297397.0023785 1572297397.5179727 inc-bigbrain_769_0_2082.nii 140572879591232
task_duration 1572297368.3405006 1572297397.5308485 1572296540-local_1it_96cpus_40bb-0 140572879591232
read_file 1572297368.714858 1572297368.813524 bigbrain_769_0_694.nii 140017989916480
increment_file 1572297368.81384 1572297396.3807192 bigbrain_769_0_694.nii 140017989916480
write_file 1572297396.3825161 1572297396.876424 inc-bigbrain_769_0_694.nii 140017989916480
task_duration 1572297368.7134855 1572297396.888575 1572296540-local_1it_96cpus_40bb-0 140017989916480
read_file 1572297368.4727404 1572297368.949827 bigbrain_769_0_2776.nii 140399858083648
increment_file 1572297368.950165 1572297393.565779 bigbrain_769_0_2776.nii 140399858083648
write_file 1572297393.5682845 1572297394.1007578 inc-bigbrain_769_0_2776.nii 140399858083648
task_duration 1572297368.4717176 1572297394.115211 1572296540-local_1it_96cpus_40bb-0 140399858083648
read_file 1572297369.1531703 1572297369.2708552 bigbrain_769_1206_1388.nii 140704951805760
increment_file 1572297369.2712896 1572297397.2583106 bigbrain_769_1206_1388.nii 140704951805760
write_file 1572297397.2601585 1572297397.7812421 inc-bigbrain_769_1206_1388.nii 140704951805760
task_duration 1572297369.1520731 1572297397.7936025 1572296540-local_1it_96cpus_40bb-0 140704951805760
read_file 1572297369.1093626 1572297369.373443 bigbrain_769_1206_0.nii 140653488285504
increment_file 1572297369.3739002 1572297395.3762596 bigbrain_769_1206_0.nii 140653488285504
write_file 1572297395.3781197 1572297395.9370952 inc-bigbrain_769_1206_0.nii 140653488285504
task_duration 1572297369.1082814 1572297395.950297 1572296540-local_1it_96cpus_40bb-0 140653488285504
read_file 1572297369.6507168 1572297369.7920127 bigbrain_769_1206_2082.nii 139825853826880
increment_file 1572297369.792716 1572297398.935279 bigbrain_769_1206_2082.nii 139825853826880
write_file 1572297398.9371154 1572297399.4221737 inc-bigbrain_769_1206_2082.nii 139825853826880
task_duration 1572297369.6493294 1572297399.4346766 1572296540-local_1it_96cpus_40bb-0 139825853826880
read_file 1572297370.7438464 1572297370.8087158 bigbrain_769_1206_2776.nii 139693481629504
increment_file 1572297370.8092883 1572297402.9804559 bigbrain_769_1206_2776.nii 139693481629504
write_file 1572297402.9823074 1572297403.4897435 inc-bigbrain_769_1206_2776.nii 139693481629504
task_duration 1572297370.7412271 1572297403.5023115 1572296540-local_1it_96cpus_40bb-0 139693481629504
read_file 1572297371.760385 1572297371.8119204 bigbrain_769_1206_694.nii 140697864365888
increment_file 1572297371.8123004 1572297401.1932464 bigbrain_769_1206_694.nii 140697864365888
write_file 1572297401.196549 1572297401.7965477 inc-bigbrain_769_1206_694.nii 140697864365888
task_duration 1572297371.7584684 1572297401.8107672 1572296540-local_1it_96cpus_40bb-0 140697864365888
read_file 1572297371.7823768 1572297371.8951056 bigbrain_769_1809_0.nii 139637007570752
increment_file 1572297371.8953905 1572297403.7239156 bigbrain_769_1809_0.nii 139637007570752
read_file 1572297372.021173 1572297372.1173043 bigbrain_769_1809_2776.nii 140368675641152
increment_file 1572297372.117718 1572297403.546022 bigbrain_769_1809_2776.nii 140368675641152
read_file 1572297372.0253239 1572297372.146968 bigbrain_769_1809_694.nii 140138470573888
increment_file 1572297372.147268 1572297402.8439283 bigbrain_769_1809_694.nii 140138470573888
write_file 1572297402.8457294 1572297403.3540595 inc-bigbrain_769_1809_694.nii 140138470573888
task_duration 1572297372.0225854 1572297403.3669698 1572296540-local_1it_96cpus_40bb-0 140138470573888
read_file 1572297372.238459 1572297372.2722247 bigbrain_769_2412_1388.nii 140693588387648
increment_file 1572297372.2725 1572297402.3560991 bigbrain_769_2412_1388.nii 140693588387648
write_file 1572297402.357868 1572297402.8834462 inc-bigbrain_769_2412_1388.nii 140693588387648
task_duration 1572297372.236793 1572297402.8961082 1572296540-local_1it_96cpus_40bb-0 140693588387648
read_file 1572297372.2845778 1572297372.3871822 bigbrain_769_2412_2776.nii 140708141561664
increment_file 1572297372.3874342 1572297403.7346826 bigbrain_769_2412_2776.nii 140708141561664
read_file 1572297372.2548888 1572297372.4076757 bigbrain_769_2412_2082.nii 140669794252608
increment_file 1572297372.40787 1572297403.8632145 bigbrain_769_2412_2082.nii 140669794252608
read_file 1572297372.465137 1572297372.5019338 bigbrain_769_2412_0.nii 140435407923008
increment_file 1572297372.5022504 1572297402.3172326 bigbrain_769_2412_0.nii 140435407923008
write_file 1572297402.320016 1572297402.843733 inc-bigbrain_769_2412_0.nii 140435407923008
task_duration 1572297372.462941 1572297402.8566144 1572296540-local_1it_96cpus_40bb-0 140435407923008
read_file 1572297372.5007563 1572297372.5029712 bigbrain_769_603_2082.nii 140422156318528
increment_file 1572297372.5033042 1572297372.962945 bigbrain_769_603_2082.nii 140422156318528
write_file 1572297372.9637907 1572297373.4841566 inc-bigbrain_769_603_2082.nii 140422156318528
task_duration 1572297372.4986775 1572297373.4952292 1572296540-local_1it_96cpus_40bb-0 140422156318528
read_file 1572297372.3827746 1572297372.5052733 bigbrain_769_1809_1388.nii 140195824527168
increment_file 1572297372.506016 1572297403.7451751 bigbrain_769_1809_1388.nii 140195824527168
read_file 1572297372.418266 1572297372.544374 bigbrain_769_1809_2082.nii 140353345283904
increment_file 1572297372.5448484 1572297403.8575673 bigbrain_769_1809_2082.nii 140353345283904
read_file 1572297372.534458 1572297372.6067975 bigbrain_769_2412_694.nii 140036156258112
increment_file 1572297372.6072936 1572297401.6999447 bigbrain_769_2412_694.nii 140036156258112
write_file 1572297401.7016406 1572297402.219976 inc-bigbrain_769_2412_694.nii 140036156258112
task_duration 1572297372.531924 1572297402.232441 1572296540-local_1it_96cpus_40bb-0 140036156258112
read_file 1572297372.5436223 1572297372.6367917 bigbrain_769_603_1388.nii 140221756249920
increment_file 1572297372.6370828 1572297403.1949253 bigbrain_769_603_1388.nii 140221756249920
write_file 1572297403.1970873 1572297403.6978242 inc-bigbrain_769_603_1388.nii 140221756249920
task_duration 1572297372.5421214 1572297403.7105904 1572296540-local_1it_96cpus_40bb-0 140221756249920
read_file 1572297372.566478 1572297372.6575859 bigbrain_769_603_0.nii 139933617817408
increment_file 1572297372.6579247 1572297403.8805652 bigbrain_769_603_0.nii 139933617817408
read_file 1572297372.5630774 1572297372.6973722 bigbrain_769_603_2776.nii 140254789044032
increment_file 1572297372.697737 1572297402.8430438 bigbrain_769_603_2776.nii 140254789044032
write_file 1572297402.8456888 1572297403.414638 inc-bigbrain_769_603_2776.nii 140254789044032
task_duration 1572297372.5617414 1572297403.428303 1572296540-local_1it_96cpus_40bb-0 140254789044032
read_file 1572297372.7557473 1572297372.8458998 bigbrain_769_603_694.nii 139625913386816
increment_file 1572297372.846362 1572297403.4259958 bigbrain_769_603_694.nii 139625913386816
write_file 1572297403.4284923 1572297403.9354448 inc-bigbrain_769_603_694.nii 139625913386816
task_duration 1572297372.7543237 1572297403.9483778 1572296540-local_1it_96cpus_40bb-0 139625913386816
