read_file 1572298411.5789611 1572298411.5803497 bigbrain_0_1809_1388.nii 139965752616768
increment_file 1572298411.5804884 1572298412.0246098 bigbrain_0_1809_1388.nii 139965752616768
write_file 1572298412.0253744 1572298412.5353444 inc-bigbrain_0_1809_1388.nii 139965752616768
task_duration 1572298411.5775514 1572298412.5466428 1572297712-local_1it_25cpus_40bb-0 139965752616768
read_file 1572298411.5789714 1572298411.581277 bigbrain_0_1809_2776.nii 139729158829888
increment_file 1572298411.5814173 1572298450.4437299 bigbrain_0_1809_2776.nii 139729158829888
write_file 1572298450.4460332 1572298451.0059931 inc-bigbrain_0_1809_2776.nii 139729158829888
task_duration 1572298411.577533 1572298451.019454 1572297712-local_1it_25cpus_40bb-0 139729158829888
read_file 1572298411.5789568 1572298411.5812862 bigbrain_0_1206_694.nii 139856160642880
increment_file 1572298411.5814352 1572298450.4310267 bigbrain_0_1206_694.nii 139856160642880
write_file 1572298450.433088 1572298451.018709 inc-bigbrain_0_1206_694.nii 139856160642880
task_duration 1572298411.57756 1572298451.0336294 1572297712-local_1it_25cpus_40bb-0 139856160642880
read_file 1572298411.578948 1572298411.5812845 bigbrain_0_1206_2776.nii 140651196409664
increment_file 1572298411.5814695 1572298451.2361493 bigbrain_0_1206_2776.nii 140651196409664
write_file 1572298451.2373853 1572298451.8017175 inc-bigbrain_0_1206_2776.nii 140651196409664
task_duration 1572298411.5774486 1572298451.8189614 1572297712-local_1it_25cpus_40bb-0 140651196409664
read_file 1572298411.578965 1572298411.5813026 bigbrain_0_603_694.nii 140190986327872
increment_file 1572298411.5815256 1572298451.0837522 bigbrain_0_603_694.nii 140190986327872
write_file 1572298451.085777 1572298451.6337817 inc-bigbrain_0_603_694.nii 140190986327872
task_duration 1572298411.5775213 1572298451.6490235 1572297712-local_1it_25cpus_40bb-0 140190986327872
read_file 1572298411.5789394 1572298411.5813 bigbrain_0_1206_0.nii 139722803427136
increment_file 1572298411.5815434 1572298452.0055661 bigbrain_0_1206_0.nii 139722803427136
write_file 1572298452.0069273 1572298452.5936055 inc-bigbrain_0_1206_0.nii 139722803427136
task_duration 1572298411.5774477 1572298452.6092515 1572297712-local_1it_25cpus_40bb-0 139722803427136
read_file 1572298411.5796027 1572298411.5813084 bigbrain_0_603_1388.nii 139862446716736
increment_file 1572298411.5815682 1572298450.9686275 bigbrain_0_603_1388.nii 139862446716736
write_file 1572298450.9697978 1572298451.513435 inc-bigbrain_0_603_1388.nii 139862446716736
task_duration 1572298411.5784261 1572298451.5292807 1572297712-local_1it_25cpus_40bb-0 139862446716736
read_file 1572298411.5789962 1572298411.581335 bigbrain_0_2412_1388.nii 140630965233472
increment_file 1572298411.581595 1572298450.9813447 bigbrain_0_2412_1388.nii 140630965233472
write_file 1572298450.9830909 1572298451.5336928 inc-bigbrain_0_2412_1388.nii 140630965233472
task_duration 1572298411.577655 1572298451.5493488 1572297712-local_1it_25cpus_40bb-0 140630965233472
read_file 1572298411.5789824 1572298411.5813532 bigbrain_0_2412_2082.nii 140633626507072
increment_file 1572298411.581616 1572298453.4505675 bigbrain_0_2412_2082.nii 140633626507072
write_file 1572298453.4529555 1572298453.9359162 inc-bigbrain_0_2412_2082.nii 140633626507072
task_duration 1572298411.5775633 1572298453.9483986 1572297712-local_1it_25cpus_40bb-0 140633626507072
read_file 1572298411.5789936 1572298411.5813534 bigbrain_0_0_2082.nii 140457677997888
increment_file 1572298411.5816398 1572298451.4940338 bigbrain_0_0_2082.nii 140457677997888
write_file 1572298451.4955475 1572298452.0967507 inc-bigbrain_0_0_2082.nii 140457677997888
task_duration 1572298411.5776436 1572298452.1119857 1572297712-local_1it_25cpus_40bb-0 140457677997888
read_file 1572298411.578953 1572298411.5813656 bigbrain_0_1206_1388.nii 140177456015168
increment_file 1572298411.5816622 1572298451.0761867 bigbrain_0_1206_1388.nii 140177456015168
write_file 1572298451.0782135 1572298451.6420662 inc-bigbrain_0_1206_1388.nii 140177456015168
task_duration 1572298411.5775588 1572298451.6601918 1572297712-local_1it_25cpus_40bb-0 140177456015168
read_file 1572298411.5789907 1572298411.5813708 bigbrain_0_0_1388.nii 140228034086720
increment_file 1572298411.581699 1572298451.9327376 bigbrain_0_0_1388.nii 140228034086720
write_file 1572298451.9347227 1572298452.573723 inc-bigbrain_0_0_1388.nii 140228034086720
task_duration 1572298411.577594 1572298452.59234 1572297712-local_1it_25cpus_40bb-0 140228034086720
read_file 1572298411.5789793 1572298411.58158 bigbrain_0_0_2776.nii 139739270711104
increment_file 1572298411.5817103 1572298450.0438643 bigbrain_0_0_2776.nii 139739270711104
write_file 1572298450.0458088 1572298450.594166 inc-bigbrain_0_0_2776.nii 139739270711104
task_duration 1572298411.577575 1572298450.608384 1572297712-local_1it_25cpus_40bb-0 139739270711104
read_file 1572298411.5789762 1572298411.581582 bigbrain_0_603_0.nii 140058371954496
increment_file 1572298411.5817444 1572298450.8840525 bigbrain_0_603_0.nii 140058371954496
write_file 1572298450.8856823 1572298451.4246244 inc-bigbrain_0_603_0.nii 140058371954496
task_duration 1572298411.577495 1572298451.4396715 1572297712-local_1it_25cpus_40bb-0 140058371954496
read_file 1572298411.578986 1572298411.5816257 bigbrain_0_2412_0.nii 140442036033344
increment_file 1572298411.5817733 1572298452.4821494 bigbrain_0_2412_0.nii 140442036033344
write_file 1572298452.4846306 1572298453.038933 inc-bigbrain_0_2412_0.nii 140442036033344
task_duration 1572298411.5775638 1572298453.0528138 1572297712-local_1it_25cpus_40bb-0 140442036033344
read_file 1572298411.5821013 1572298411.6026587 bigbrain_0_1809_2082.nii 140174638892864
increment_file 1572298411.6028483 1572298449.6164498 bigbrain_0_1809_2082.nii 140174638892864
write_file 1572298449.6189754 1572298450.1622198 inc-bigbrain_0_1809_2082.nii 140174638892864
task_duration 1572298411.5809155 1572298450.175694 1572297712-local_1it_25cpus_40bb-0 140174638892864
read_file 1572298411.5820198 1572298411.6026714 bigbrain_0_2412_2776.nii 140615579883328
increment_file 1572298411.6028602 1572298449.3746562 bigbrain_0_2412_2776.nii 140615579883328
write_file 1572298449.3767004 1572298450.170072 inc-bigbrain_0_2412_2776.nii 140615579883328
task_duration 1572298411.580237 1572298450.1877515 1572297712-local_1it_25cpus_40bb-0 140615579883328
read_file 1572298411.5821064 1572298411.6027026 bigbrain_0_603_2776.nii 140500895205184
increment_file 1572298411.602897 1572298451.1788106 bigbrain_0_603_2776.nii 140500895205184
write_file 1572298451.180521 1572298451.7634969 inc-bigbrain_0_603_2776.nii 140500895205184
task_duration 1572298411.580222 1572298451.781349 1572297712-local_1it_25cpus_40bb-0 140500895205184
read_file 1572298411.582229 1572298411.612965 bigbrain_0_1206_2082.nii 139657719023424
increment_file 1572298411.6131787 1572298449.6172242 bigbrain_0_1206_2082.nii 139657719023424
write_file 1572298449.6194644 1572298450.1738904 inc-bigbrain_0_1206_2082.nii 139657719023424
task_duration 1572298411.5808208 1572298450.1875973 1572297712-local_1it_25cpus_40bb-0 139657719023424
read_file 1572298411.5834212 1572298411.622095 bigbrain_0_0_694.nii 140083649746752
increment_file 1572298411.6223483 1572298450.894548 bigbrain_0_0_694.nii 140083649746752
write_file 1572298450.8965387 1572298451.5119596 inc-bigbrain_0_0_694.nii 140083649746752
task_duration 1572298411.5822093 1572298451.5323575 1572297712-local_1it_25cpus_40bb-0 140083649746752
read_file 1572298411.58298 1572298411.6222584 bigbrain_0_1809_0.nii 140398499522368
increment_file 1572298411.6225393 1572298450.1742134 bigbrain_0_1809_0.nii 140398499522368
write_file 1572298450.1769931 1572298450.7347624 inc-bigbrain_0_1809_0.nii 140398499522368
task_duration 1572298411.5817735 1572298450.7487848 1572297712-local_1it_25cpus_40bb-0 140398499522368
read_file 1572298411.584751 1572298411.6535833 bigbrain_0_2412_694.nii 140708385830720
increment_file 1572298411.6539385 1572298452.1259928 bigbrain_0_2412_694.nii 140708385830720
write_file 1572298452.1279943 1572298452.757603 inc-bigbrain_0_2412_694.nii 140708385830720
task_duration 1572298411.5823271 1572298452.7737908 1572297712-local_1it_25cpus_40bb-0 140708385830720
read_file 1572298411.582992 1572298411.7162907 bigbrain_0_1809_694.nii 140099092535104
increment_file 1572298411.7166483 1572298450.0657895 bigbrain_0_1809_694.nii 140099092535104
write_file 1572298450.068181 1572298450.6133366 inc-bigbrain_0_1809_694.nii 140099092535104
task_duration 1572298411.5817583 1572298450.6273234 1572297712-local_1it_25cpus_40bb-0 140099092535104
read_file 1572298411.583613 1572298411.7563806 bigbrain_0_603_2082.nii 140287817107264
increment_file 1572298411.75671 1572298450.6792097 bigbrain_0_603_2082.nii 140287817107264
write_file 1572298450.6809325 1572298451.292861 inc-bigbrain_0_603_2082.nii 140287817107264
task_duration 1572298411.5824082 1572298451.3093088 1572297712-local_1it_25cpus_40bb-0 140287817107264
read_file 1572298411.5844882 1572298411.7563927 bigbrain_0_0_0.nii 140071182473024
increment_file 1572298411.7567704 1572298450.5866678 bigbrain_0_0_0.nii 140071182473024
write_file 1572298450.5890338 1572298451.2286968 inc-bigbrain_0_0_0.nii 140071182473024
task_duration 1572298411.5831506 1572298451.2495158 1572297712-local_1it_25cpus_40bb-0 140071182473024
read_file 1572298412.9039996 1572298412.991154 bigbrain_1538_0_0.nii 140643089798976
increment_file 1572298412.9914742 1572298451.316494 bigbrain_1538_0_0.nii 140643089798976
write_file 1572298451.3181949 1572298451.946719 inc-bigbrain_1538_0_0.nii 140643089798976
task_duration 1572298412.903107 1572298451.9651647 1572297712-local_1it_25cpus_40bb-0 140643089798976
read_file 1572298450.4612205 1572298450.6468294 bigbrain_1538_0_1388.nii 140209043461952
increment_file 1572298450.6470673 1572298479.4877622 bigbrain_1538_0_1388.nii 140209043461952
write_file 1572298479.4895942 1572298480.0573697 inc-bigbrain_1538_0_1388.nii 140209043461952
task_duration 1572298450.4602692 1572298480.0706515 1572297712-local_1it_25cpus_40bb-0 140209043461952
read_file 1572298450.8188944 1572298451.0017223 bigbrain_1538_0_2082.nii 140210934454080
increment_file 1572298451.002075 1572298479.2747333 bigbrain_1538_0_2082.nii 140210934454080
write_file 1572298479.2764895 1572298479.8411481 inc-bigbrain_1538_0_2082.nii 140210934454080
task_duration 1572298450.817229 1572298479.8538127 1572297712-local_1it_25cpus_40bb-0 140210934454080
read_file 1572298450.8593783 1572298451.0952914 bigbrain_1538_0_2776.nii 140642061768512
increment_file 1572298451.0956419 1572298478.2116318 bigbrain_1538_0_2776.nii 140642061768512
write_file 1572298478.2147563 1572298478.7530007 inc-bigbrain_1538_0_2776.nii 140642061768512
task_duration 1572298450.857647 1572298478.76526 1572297712-local_1it_25cpus_40bb-0 140642061768512
read_file 1572298451.0642462 1572298451.1987092 bigbrain_1538_1206_1388.nii 140103149328192
increment_file 1572298451.1989722 1572298479.578665 bigbrain_1538_1206_1388.nii 140103149328192
write_file 1572298479.581415 1572298480.1414359 inc-bigbrain_1538_1206_1388.nii 140103149328192
task_duration 1572298451.063159 1572298480.1534424 1572297712-local_1it_25cpus_40bb-0 140103149328192
read_file 1572298450.967043 1572298451.2171786 bigbrain_1538_1206_0.nii 140359495206720
increment_file 1572298451.217451 1572298479.4928784 bigbrain_1538_1206_0.nii 140359495206720
write_file 1572298479.495241 1572298480.0681217 inc-bigbrain_1538_1206_0.nii 140359495206720
task_duration 1572298450.965899 1572298480.0817654 1572297712-local_1it_25cpus_40bb-0 140359495206720
read_file 1572298450.934338 1572298451.247104 bigbrain_1538_0_694.nii 139816742864704
increment_file 1572298451.247298 1572298493.0484028 bigbrain_1538_0_694.nii 139816742864704
write_file 1572298493.0512435 1572298493.6064732 inc-bigbrain_1538_0_694.nii 139816742864704
task_duration 1572298450.9331698 1572298493.6187258 1572297712-local_1it_25cpus_40bb-0 139816742864704
read_file 1572298451.3572404 1572298451.494878 bigbrain_1538_1206_2776.nii 140630816982848
increment_file 1572298451.4950955 1572298478.2110426 bigbrain_1538_1206_2776.nii 140630816982848
write_file 1572298478.2140772 1572298478.754456 inc-bigbrain_1538_1206_2776.nii 140630816982848
task_duration 1572298451.3557613 1572298478.766285 1572297712-local_1it_25cpus_40bb-0 140630816982848
read_file 1572298451.3390846 1572298451.5153956 bigbrain_1538_1206_2082.nii 140204542940992
increment_file 1572298451.5156558 1572298480.5824764 bigbrain_1538_1206_2082.nii 140204542940992
write_file 1572298480.584247 1572298481.0790582 inc-bigbrain_1538_1206_2082.nii 140204542940992
task_duration 1572298451.3381069 1572298481.0916793 1572297712-local_1it_25cpus_40bb-0 140204542940992
read_file 1572298451.569799 1572298451.6095932 bigbrain_1538_1206_694.nii 140252236949312
increment_file 1572298451.6099157 1572298478.999587 bigbrain_1538_1206_694.nii 140252236949312
write_file 1572298479.0009272 1572298479.560429 inc-bigbrain_1538_1206_694.nii 140252236949312
task_duration 1572298451.5688214 1572298479.5726254 1572297712-local_1it_25cpus_40bb-0 140252236949312
read_file 1572298451.660418 1572298451.7657425 bigbrain_1538_1809_0.nii 140635405952832
increment_file 1572298451.765927 1572298481.2249613 bigbrain_1538_1809_0.nii 140635405952832
write_file 1572298481.2267632 1572298481.7407815 inc-bigbrain_1538_1809_0.nii 140635405952832
task_duration 1572298451.6587029 1572298481.7524853 1572297712-local_1it_25cpus_40bb-0 140635405952832
read_file 1572298451.8512003 1572298451.9437711 bigbrain_1538_1809_1388.nii 140555549513536
increment_file 1572298451.9439893 1572298479.5481026 bigbrain_1538_1809_1388.nii 140555549513536
write_file 1572298479.5499167 1572298480.1136856 inc-bigbrain_1538_1809_1388.nii 140555549513536
task_duration 1572298451.8492262 1572298480.1256254 1572297712-local_1it_25cpus_40bb-0 140555549513536
read_file 1572298451.8689215 1572298451.9638069 bigbrain_1538_1809_2776.nii 140070554404672
increment_file 1572298451.9640074 1572298480.4215035 bigbrain_1538_1809_2776.nii 140070554404672
write_file 1572298480.4227078 1572298480.918397 inc-bigbrain_1538_1809_2776.nii 140070554404672
task_duration 1572298451.8678303 1572298480.9308648 1572297712-local_1it_25cpus_40bb-0 140070554404672
read_file 1572298451.9396074 1572298451.9838355 bigbrain_1538_1809_694.nii 139836033324864
increment_file 1572298451.9840317 1572298482.0055468 bigbrain_1538_1809_694.nii 139836033324864
write_file 1572298482.0070562 1572298482.487604 inc-bigbrain_1538_1809_694.nii 139836033324864
task_duration 1572298451.9380126 1572298482.5002317 1572297712-local_1it_25cpus_40bb-0 139836033324864
read_file 1572298451.91543 1572298452.0046463 bigbrain_1538_1809_2082.nii 140073691952960
increment_file 1572298452.0048547 1572298480.177056 bigbrain_1538_1809_2082.nii 140073691952960
write_file 1572298480.1792212 1572298480.7058794 inc-bigbrain_1538_1809_2082.nii 140073691952960
task_duration 1572298451.914493 1572298480.7186165 1572297712-local_1it_25cpus_40bb-0 140073691952960
read_file 1572298452.0381956 1572298452.0930758 bigbrain_1538_2412_1388.nii 140526079227712
increment_file 1572298452.0932913 1572298481.5690727 bigbrain_1538_2412_1388.nii 140526079227712
write_file 1572298481.5718477 1572298482.0784712 inc-bigbrain_1538_2412_1388.nii 140526079227712
task_duration 1572298452.0371435 1572298482.09143 1572297712-local_1it_25cpus_40bb-0 140526079227712
read_file 1572298452.0497205 1572298452.1028037 bigbrain_1538_2412_0.nii 139929678853952
increment_file 1572298452.1030006 1572298480.1669009 bigbrain_1538_2412_0.nii 139929678853952
write_file 1572298480.168944 1572298480.6830797 inc-bigbrain_1538_2412_0.nii 139929678853952
task_duration 1572298452.0487318 1572298480.694656 1572297712-local_1it_25cpus_40bb-0 139929678853952
read_file 1572298452.127132 1572298452.1283112 bigbrain_1538_2412_2082.nii 140521625958208
increment_file 1572298452.1284657 1572298452.5532975 bigbrain_1538_2412_2082.nii 140521625958208
write_file 1572298452.5540562 1572298453.0942674 inc-bigbrain_1538_2412_2082.nii 140521625958208
task_duration 1572298452.1260414 1572298453.1051898 1572297712-local_1it_25cpus_40bb-0 140521625958208
read_file 1572298452.1342442 1572298452.2327633 bigbrain_1538_2412_2776.nii 140218377107264
increment_file 1572298452.233101 1572298483.783255 bigbrain_1538_2412_2776.nii 140218377107264
write_file 1572298483.7850049 1572298484.3065512 inc-bigbrain_1538_2412_2776.nii 140218377107264
task_duration 1572298452.1331651 1572298484.3187442 1572297712-local_1it_25cpus_40bb-0 140218377107264
read_file 1572298452.248503 1572298452.2847502 bigbrain_1538_2412_694.nii 139679491667776
increment_file 1572298452.2850752 1572298481.8966343 bigbrain_1538_2412_694.nii 139679491667776
write_file 1572298481.8974676 1572298482.3788705 inc-bigbrain_1538_2412_694.nii 139679491667776
task_duration 1572298452.2474236 1572298482.3907158 1572297712-local_1it_25cpus_40bb-0 139679491667776
read_file 1572298452.418239 1572298452.5047293 bigbrain_1538_603_0.nii 140252763567936
increment_file 1572298452.5050824 1572298481.1679404 bigbrain_1538_603_0.nii 140252763567936
write_file 1572298481.1703446 1572298481.6743212 inc-bigbrain_1538_603_0.nii 140252763567936
task_duration 1572298452.4172022 1572298481.6868892 1572297712-local_1it_25cpus_40bb-0 140252763567936
read_file 1572298452.8794575 1572298452.9358072 bigbrain_1538_603_1388.nii 140005786789696
increment_file 1572298452.9361303 1572298484.898022 bigbrain_1538_603_1388.nii 140005786789696
write_file 1572298484.9003932 1572298485.4368799 inc-bigbrain_1538_603_1388.nii 140005786789696
task_duration 1572298452.8783882 1572298485.4500465 1572297712-local_1it_25cpus_40bb-0 140005786789696
read_file 1572298452.9272814 1572298453.082481 bigbrain_1538_603_2082.nii 139949824149312
increment_file 1572298453.0828047 1572298482.4689353 bigbrain_1538_603_2082.nii 139949824149312
write_file 1572298482.4705024 1572298482.9630957 inc-bigbrain_1538_603_2082.nii 139949824149312
task_duration 1572298452.9262075 1572298482.9748669 1572297712-local_1it_25cpus_40bb-0 139949824149312
read_file 1572298453.0311072 1572298453.1448512 bigbrain_1538_603_2776.nii 140667972540224
increment_file 1572298453.1451755 1572298482.4083788 bigbrain_1538_603_2776.nii 140667972540224
write_file 1572298482.410809 1572298482.9209173 inc-bigbrain_1538_603_2776.nii 140667972540224
task_duration 1572298453.030103 1572298482.9328046 1572297712-local_1it_25cpus_40bb-0 140667972540224
read_file 1572298453.323016 1572298453.4391217 bigbrain_1538_603_694.nii 139764590864192
increment_file 1572298453.4394555 1572298482.7057307 bigbrain_1538_603_694.nii 139764590864192
write_file 1572298482.70842 1572298483.1998315 inc-bigbrain_1538_603_694.nii 139764590864192
task_duration 1572298453.322012 1572298483.2118878 1572297712-local_1it_25cpus_40bb-0 139764590864192
read_file 1572298453.3853402 1572298453.5328448 bigbrain_2307_0_0.nii 139848282953536
increment_file 1572298453.5331912 1572298483.4165976 bigbrain_2307_0_0.nii 139848282953536
write_file 1572298483.4189885 1572298483.911754 inc-bigbrain_2307_0_0.nii 139848282953536
task_duration 1572298453.3843403 1572298483.9238617 1572297712-local_1it_25cpus_40bb-0 139848282953536
read_file 1572298454.2159069 1572298454.3467968 bigbrain_2307_0_1388.nii 140562792904512
increment_file 1572298454.3471565 1572298486.4441843 bigbrain_2307_0_1388.nii 140562792904512
write_file 1572298486.4461255 1572298487.0868235 inc-bigbrain_2307_0_1388.nii 140562792904512
task_duration 1572298454.2149522 1572298487.1010292 1572297712-local_1it_25cpus_40bb-0 140562792904512
read_file 1572298479.073942 1572298479.1273923 bigbrain_2307_0_2082.nii 140332093491008
increment_file 1572298479.1277044 1572298535.2803884 bigbrain_2307_0_2082.nii 140332093491008
write_file 1572298535.283263 1572298535.834871 inc-bigbrain_2307_0_2082.nii 140332093491008
task_duration 1572298479.0726862 1572298535.84804 1572297712-local_1it_25cpus_40bb-0 140332093491008
read_file 1572298479.1014142 1572298479.232303 bigbrain_2307_0_2776.nii 139967202502464
increment_file 1572298479.2326431 1572298534.9319682 bigbrain_2307_0_2776.nii 139967202502464
write_file 1572298534.9351857 1572298535.558503 inc-bigbrain_2307_0_2776.nii 139967202502464
task_duration 1572298479.1004877 1572298535.5718307 1572297712-local_1it_25cpus_40bb-0 139967202502464
read_file 1572298479.8519921 1572298479.914117 bigbrain_2307_0_694.nii 139759541540672
increment_file 1572298479.9144495 1572298535.6045618 bigbrain_2307_0_694.nii 139759541540672
write_file 1572298535.6058495 1572298536.1043777 inc-bigbrain_2307_0_694.nii 139759541540672
task_duration 1572298479.85107 1572298536.1167657 1572297712-local_1it_25cpus_40bb-0 139759541540672
read_file 1572298480.138749 1572298480.2700927 bigbrain_2307_1206_0.nii 140047964497728
increment_file 1572298480.2703037 1572298540.2576046 bigbrain_2307_1206_0.nii 140047964497728
write_file 1572298540.2598221 1572298540.9771757 inc-bigbrain_2307_1206_0.nii 140047964497728
task_duration 1572298480.1377678 1572298540.9917197 1572297712-local_1it_25cpus_40bb-0 140047964497728
read_file 1572298480.4286969 1572298480.47473 bigbrain_2307_1206_2082.nii 140538625611584
increment_file 1572298480.475029 1572298538.6918688 bigbrain_2307_1206_2082.nii 140538625611584
write_file 1572298538.6948028 1572298539.2485962 inc-bigbrain_2307_1206_2082.nii 140538625611584
task_duration 1572298480.4277606 1572298539.2611659 1572297712-local_1it_25cpus_40bb-0 140538625611584
read_file 1572298480.4609637 1572298480.534167 bigbrain_2307_1206_694.nii 139956722304832
increment_file 1572298480.5345204 1572298544.7561016 bigbrain_2307_1206_694.nii 139956722304832
write_file 1572298544.7579207 1572298545.4127886 inc-bigbrain_2307_1206_694.nii 139956722304832
task_duration 1572298480.4600203 1572298545.4268875 1572297712-local_1it_25cpus_40bb-0 139956722304832
read_file 1572298480.40564 1572298480.5931356 bigbrain_2307_1206_1388.nii 139913267595072
increment_file 1572298480.5934758 1572298538.585061 bigbrain_2307_1206_1388.nii 139913267595072
write_file 1572298538.5878036 1572298539.1232514 inc-bigbrain_2307_1206_1388.nii 139913267595072
task_duration 1572298480.4044864 1572298539.135219 1572297712-local_1it_25cpus_40bb-0 139913267595072
read_file 1572298480.4576507 1572298480.7051103 bigbrain_2307_1206_2776.nii 140397216696128
increment_file 1572298480.7054758 1572298536.7712057 bigbrain_2307_1206_2776.nii 140397216696128
write_file 1572298536.7736454 1572298537.2601962 inc-bigbrain_2307_1206_2776.nii 140397216696128
task_duration 1572298480.4566422 1572298537.2728689 1572297712-local_1it_25cpus_40bb-0 140397216696128
read_file 1572298481.0151832 1572298481.0863545 bigbrain_2307_1809_1388.nii 139876647450432
increment_file 1572298481.0866623 1572298544.3985941 bigbrain_2307_1809_1388.nii 139876647450432
write_file 1572298544.400289 1572298544.8994365 inc-bigbrain_2307_1809_1388.nii 139876647450432
task_duration 1572298481.014254 1572298544.911342 1572297712-local_1it_25cpus_40bb-0 139876647450432
read_file 1572298480.9978704 1572298481.286961 bigbrain_2307_1809_0.nii 140638997866304
increment_file 1572298481.2872536 1572298546.0664003 bigbrain_2307_1809_0.nii 140638997866304
write_file 1572298546.06934 1572298546.7169101 inc-bigbrain_2307_1809_0.nii 140638997866304
task_duration 1572298480.9969423 1572298546.7309923 1572297712-local_1it_25cpus_40bb-0 140638997866304
read_file 1572298481.338255 1572298481.526531 bigbrain_2307_1809_2776.nii 140608738608960
increment_file 1572298481.5267408 1572298547.4321592 bigbrain_2307_1809_2776.nii 140608738608960
write_file 1572298547.4338877 1572298547.9571276 inc-bigbrain_2307_1809_2776.nii 140608738608960
task_duration 1572298481.3373475 1572298547.9695053 1572297712-local_1it_25cpus_40bb-0 140608738608960
read_file 1572298481.199254 1572298481.5283725 bigbrain_2307_1809_2082.nii 140002690758464
increment_file 1572298481.5287106 1572298549.5516472 bigbrain_2307_1809_2082.nii 140002690758464
write_file 1572298549.5548384 1572298550.0424824 inc-bigbrain_2307_1809_2082.nii 140002690758464
task_duration 1572298481.1981108 1572298550.0546882 1572297712-local_1it_25cpus_40bb-0 140002690758464
read_file 1572298482.046912 1572298482.1268198 bigbrain_2307_2412_0.nii 140664283215680
increment_file 1572298482.127153 1572298543.7417533 bigbrain_2307_2412_0.nii 140664283215680
write_file 1572298543.74385 1572298544.2323508 inc-bigbrain_2307_2412_0.nii 140664283215680
task_duration 1572298482.0455446 1572298544.2445235 1572297712-local_1it_25cpus_40bb-0 140664283215680
read_file 1572298481.9644718 1572298482.1857338 bigbrain_2307_1809_694.nii 140356811106112
increment_file 1572298482.1860595 1572298550.9072387 bigbrain_2307_1809_694.nii 140356811106112
write_file 1572298550.9090877 1572298551.477245 inc-bigbrain_2307_1809_694.nii 140356811106112
task_duration 1572298481.9634624 1572298551.4907684 1572297712-local_1it_25cpus_40bb-0 140356811106112
read_file 1572298482.3600047 1572298482.7414508 bigbrain_2307_2412_1388.nii 140247578867520
increment_file 1572298482.7417214 1572298547.6758213 bigbrain_2307_2412_1388.nii 140247578867520
write_file 1572298547.677707 1572298548.2136471 inc-bigbrain_2307_2412_1388.nii 140247578867520
task_duration 1572298482.359064 1572298548.2256565 1572297712-local_1it_25cpus_40bb-0 140247578867520
read_file 1572298482.6476994 1572298482.920875 bigbrain_2307_2412_2082.nii 139760168576832
increment_file 1572298482.921243 1572298538.287917 bigbrain_2307_2412_2082.nii 139760168576832
write_file 1572298538.2905195 1572298538.8449867 inc-bigbrain_2307_2412_2082.nii 139760168576832
task_duration 1572298482.6465757 1572298538.8568854 1572297712-local_1it_25cpus_40bb-0 139760168576832
read_file 1572298482.7495909 1572298483.065131 bigbrain_2307_2412_2776.nii 140026727102272
increment_file 1572298483.0654683 1572298551.5156498 bigbrain_2307_2412_2776.nii 140026727102272
write_file 1572298551.5185778 1572298552.126275 inc-bigbrain_2307_2412_2776.nii 140026727102272
task_duration 1572298482.7486362 1572298552.1388514 1572297712-local_1it_25cpus_40bb-0 140026727102272
read_file 1572298483.2202778 1572298483.2212915 bigbrain_2307_2412_694.nii 140295303407424
increment_file 1572298483.221438 1572298483.6106942 bigbrain_2307_2412_694.nii 140295303407424
write_file 1572298483.611329 1572298484.1233895 inc-bigbrain_2307_2412_694.nii 140295303407424
task_duration 1572298483.2193549 1572298484.1353307 1572297712-local_1it_25cpus_40bb-0 140295303407424
read_file 1572298483.271198 1572298483.4069867 bigbrain_2307_603_0.nii 140458757138240
increment_file 1572298483.4073033 1572298543.4292228 bigbrain_2307_603_0.nii 140458757138240
write_file 1572298543.4309678 1572298543.9323256 inc-bigbrain_2307_603_0.nii 140458757138240
task_duration 1572298483.2702866 1572298543.9490325 1572297712-local_1it_25cpus_40bb-0 140458757138240
read_file 1572298483.4959254 1572298483.6066427 bigbrain_2307_603_1388.nii 140539538810688
increment_file 1572298483.6070223 1572298541.878634 bigbrain_2307_603_1388.nii 140539538810688
write_file 1572298541.8812864 1572298542.3991935 inc-bigbrain_2307_603_1388.nii 140539538810688
task_duration 1572298483.494921 1572298542.4103646 1572297712-local_1it_25cpus_40bb-0 140539538810688
read_file 1572298484.401952 1572298484.5701706 bigbrain_2307_603_2776.nii 140222853191488
increment_file 1572298484.570496 1572298547.6964736 bigbrain_2307_603_2776.nii 140222853191488
write_file 1572298547.6993432 1572298548.250844 inc-bigbrain_2307_603_2776.nii 140222853191488
task_duration 1572298484.4005752 1572298548.263418 1572297712-local_1it_25cpus_40bb-0 140222853191488
read_file 1572298484.2003343 1572298484.5702384 bigbrain_2307_603_2082.nii 140482438084416
increment_file 1572298484.5705597 1572298544.5221646 bigbrain_2307_603_2082.nii 140482438084416
write_file 1572298544.5249135 1572298545.1447024 inc-bigbrain_2307_603_2082.nii 140482438084416
task_duration 1572298484.1994185 1572298545.1578267 1572297712-local_1it_25cpus_40bb-0 140482438084416
read_file 1572298484.5711327 1572298484.8288686 bigbrain_2307_603_694.nii 139743625721664
increment_file 1572298484.8292344 1572298542.8200526 bigbrain_2307_603_694.nii 139743625721664
write_file 1572298542.8226016 1572298543.3162613 inc-bigbrain_2307_603_694.nii 139743625721664
task_duration 1572298484.5701506 1572298543.3279846 1572297712-local_1it_25cpus_40bb-0 139743625721664
read_file 1572298485.7227669 1572298485.8724928 bigbrain_3076_0_0.nii 140396991407936
increment_file 1572298485.872812 1572298556.28264 bigbrain_3076_0_0.nii 140396991407936
write_file 1572298556.2845407 1572298556.8483014 inc-bigbrain_3076_0_0.nii 140396991407936
task_duration 1572298485.7218704 1572298556.8605657 1572297712-local_1it_25cpus_40bb-0 140396991407936
read_file 1572298487.3708744 1572298487.7416604 bigbrain_3076_0_1388.nii 140245006694208
increment_file 1572298487.742029 1572298566.1338282 bigbrain_3076_0_1388.nii 140245006694208
write_file 1572298566.1357546 1572298566.6731863 inc-bigbrain_3076_0_1388.nii 140245006694208
task_duration 1572298487.36997 1572298566.685119 1572297712-local_1it_25cpus_40bb-0 140245006694208
read_file 1572298493.876256 1572298494.2679775 bigbrain_3076_0_2082.nii 139978729080640
increment_file 1572298494.268332 1572298560.9978817 bigbrain_3076_0_2082.nii 139978729080640
write_file 1572298560.999871 1572298561.6799555 inc-bigbrain_3076_0_2082.nii 139978729080640
task_duration 1572298493.8754117 1572298561.694218 1572297712-local_1it_25cpus_40bb-0 139978729080640
read_file 1572298535.844654 1572298536.04658 bigbrain_3076_0_2776.nii 140066912163648
increment_file 1572298536.0467868 1572298605.9576614 bigbrain_3076_0_2776.nii 140066912163648
write_file 1572298605.9594822 1572298606.4732826 inc-bigbrain_3076_0_2776.nii 140066912163648
task_duration 1572298535.8437161 1572298606.4853077 1572297712-local_1it_25cpus_40bb-0 140066912163648
read_file 1572298536.1272798 1572298536.1790855 bigbrain_3076_0_694.nii 140506668427072
increment_file 1572298536.1794052 1572298594.1409528 bigbrain_3076_0_694.nii 140506668427072
write_file 1572298594.1428823 1572298594.6612709 inc-bigbrain_3076_0_694.nii 140506668427072
task_duration 1572298536.1263726 1572298594.6729043 1572297712-local_1it_25cpus_40bb-0 140506668427072
read_file 1572298536.3759274 1572298536.5926986 bigbrain_3076_1206_0.nii 139892646709056
increment_file 1572298536.5930758 1572298594.5849066 bigbrain_3076_1206_0.nii 139892646709056
write_file 1572298594.5870771 1572298595.2282276 inc-bigbrain_3076_1206_0.nii 139892646709056
task_duration 1572298536.374978 1572298595.2435691 1572297712-local_1it_25cpus_40bb-0 139892646709056
read_file 1572298537.5501847 1572298537.6804338 bigbrain_3076_1206_1388.nii 140339322992448
increment_file 1572298537.6807706 1572298599.7805035 bigbrain_3076_1206_1388.nii 140339322992448
write_file 1572298599.783683 1572298600.3097026 inc-bigbrain_3076_1206_1388.nii 140339322992448
task_duration 1572298537.5487654 1572298600.321921 1572297712-local_1it_25cpus_40bb-0 140339322992448
read_file 1572298539.1536415 1572298539.5202494 bigbrain_3076_1206_2082.nii 139901453686592
increment_file 1572298539.520585 1572298625.2160451 bigbrain_3076_1206_2082.nii 139901453686592
write_file 1572298625.2187011 1572298625.8661878 inc-bigbrain_3076_1206_2082.nii 139901453686592
task_duration 1572298539.1524866 1572298625.8809226 1572297712-local_1it_25cpus_40bb-0 139901453686592
read_file 1572298539.458278 1572298539.66281 bigbrain_3076_1206_2776.nii 140316083377984
increment_file 1572298539.663131 1572298600.6714346 bigbrain_3076_1206_2776.nii 140316083377984
write_file 1572298600.6730535 1572298601.2946606 inc-bigbrain_3076_1206_2776.nii 140316083377984
task_duration 1572298539.4567914 1572298601.3085067 1572297712-local_1it_25cpus_40bb-0 140316083377984
read_file 1572298539.5286674 1572298539.7136114 bigbrain_3076_1206_694.nii 139697202026304
increment_file 1572298539.7139301 1572298604.1937976 bigbrain_3076_1206_694.nii 139697202026304
write_file 1572298604.1960804 1572298604.8083594 inc-bigbrain_3076_1206_694.nii 139697202026304
task_duration 1572298539.5276866 1572298604.822515 1572297712-local_1it_25cpus_40bb-0 139697202026304
read_file 1572298541.2656229 1572298541.389915 bigbrain_3076_1809_0.nii 139728674314048
increment_file 1572298541.3903852 1572298603.1382177 bigbrain_3076_1809_0.nii 139728674314048
write_file 1572298603.1409445 1572298603.6475708 inc-bigbrain_3076_1809_0.nii 139728674314048
task_duration 1572298541.2647088 1572298603.6600988 1572297712-local_1it_25cpus_40bb-0 139728674314048
read_file 1572298542.6789565 1572298543.0477762 bigbrain_3076_1809_1388.nii 140105682433856
increment_file 1572298543.0481236 1572298604.4468777 bigbrain_3076_1809_1388.nii 140105682433856
write_file 1572298604.4486814 1572298604.970454 inc-bigbrain_3076_1809_1388.nii 140105682433856
task_duration 1572298542.678033 1572298604.983145 1572297712-local_1it_25cpus_40bb-0 140105682433856
read_file 1572298543.592307 1572298543.913056 bigbrain_3076_1809_2082.nii 140255408310080
increment_file 1572298543.9134324 1572298602.479123 bigbrain_3076_1809_2082.nii 140255408310080
write_file 1572298602.4819436 1572298603.1234815 inc-bigbrain_3076_1809_2082.nii 140255408310080
task_duration 1572298543.5913262 1572298603.1375272 1572297712-local_1it_25cpus_40bb-0 140255408310080
read_file 1572298544.2050369 1572298544.289337 bigbrain_3076_1809_2776.nii 140540346345280
increment_file 1572298544.289654 1572298609.591704 bigbrain_3076_1809_2776.nii 140540346345280
write_file 1572298609.5935562 1572298610.0825722 inc-bigbrain_3076_1809_2776.nii 140540346345280
task_duration 1572298544.2041178 1572298610.0948641 1572297712-local_1it_25cpus_40bb-0 140540346345280
read_file 1572298544.5113869 1572298544.605868 bigbrain_3076_1809_694.nii 140199245756224
increment_file 1572298544.606241 1572298605.8989928 bigbrain_3076_1809_694.nii 140199245756224
write_file 1572298605.9016783 1572298606.4226236 inc-bigbrain_3076_1809_694.nii 140199245756224
task_duration 1572298544.5103877 1572298606.4346411 1572297712-local_1it_25cpus_40bb-0 140199245756224
read_file 1572298545.175576 1572298545.4744644 bigbrain_3076_2412_0.nii 139915872970560
increment_file 1572298545.4747908 1572298608.1951575 bigbrain_3076_2412_0.nii 139915872970560
write_file 1572298608.1965926 1572298608.795 inc-bigbrain_3076_2412_0.nii 139915872970560
task_duration 1572298545.1746655 1572298608.8100247 1572297712-local_1it_25cpus_40bb-0 139915872970560
read_file 1572298545.443194 1572298545.6813016 bigbrain_3076_2412_1388.nii 139798647981888
increment_file 1572298545.6816313 1572298607.2692344 bigbrain_3076_2412_1388.nii 139798647981888
write_file 1572298607.2709332 1572298607.7630544 inc-bigbrain_3076_2412_1388.nii 139798647981888
task_duration 1572298545.4422767 1572298607.7754323 1572297712-local_1it_25cpus_40bb-0 139798647981888
read_file 1572298545.6990476 1572298546.1655157 bigbrain_3076_2412_2082.nii 139875313301312
increment_file 1572298546.1658688 1572298611.697955 bigbrain_3076_2412_2082.nii 139875313301312
write_file 1572298611.7010329 1572298612.2128518 inc-bigbrain_3076_2412_2082.nii 139875313301312
task_duration 1572298545.6978972 1572298612.224798 1572297712-local_1it_25cpus_40bb-0 139875313301312
read_file 1572298547.0270054 1572298547.3359993 bigbrain_3076_2412_2776.nii 140619649738560
increment_file 1572298547.3363662 1572298606.401296 bigbrain_3076_2412_2776.nii 140619649738560
write_file 1572298606.403927 1572298606.9629452 inc-bigbrain_3076_2412_2776.nii 140619649738560
task_duration 1572298547.025946 1572298606.9763558 1572297712-local_1it_25cpus_40bb-0 140619649738560
read_file 1572298548.24085 1572298548.5767105 bigbrain_3076_2412_694.nii 140690937657152
increment_file 1572298548.5769324 1572298606.3913362 bigbrain_3076_2412_694.nii 140690937657152
write_file 1572298606.394107 1572298606.956876 inc-bigbrain_3076_2412_694.nii 140690937657152
task_duration 1572298548.239939 1572298606.970541 1572297712-local_1it_25cpus_40bb-0 140690937657152
read_file 1572298548.497129 1572298548.6249137 bigbrain_3076_603_0.nii 139883968710464
increment_file 1572298548.625295 1572298606.1590295 bigbrain_3076_603_0.nii 139883968710464
write_file 1572298606.1607542 1572298606.686278 inc-bigbrain_3076_603_0.nii 139883968710464
task_duration 1572298548.4961965 1572298606.701792 1572297712-local_1it_25cpus_40bb-0 139883968710464
read_file 1572298548.5750473 1572298548.826454 bigbrain_3076_603_1388.nii 139854804449088
increment_file 1572298548.826794 1572298611.9478362 bigbrain_3076_603_1388.nii 139854804449088
write_file 1572298611.950845 1572298612.6149437 inc-bigbrain_3076_603_1388.nii 139854804449088
task_duration 1572298548.5739915 1572298612.6294212 1572297712-local_1it_25cpus_40bb-0 139854804449088
read_file 1572298550.3291254 1572298550.4427636 bigbrain_3076_603_2082.nii 140345898821440
increment_file 1572298550.4430046 1572298622.0606368 bigbrain_3076_603_2082.nii 140345898821440
write_file 1572298622.0627615 1572298622.7256045 inc-bigbrain_3076_603_2082.nii 140345898821440
task_duration 1572298550.3275743 1572298622.7402735 1572297712-local_1it_25cpus_40bb-0 140345898821440
read_file 1572298551.75769 1572298552.1485326 bigbrain_3076_603_2776.nii 139822675482432
increment_file 1572298552.1488826 1572298613.8472662 bigbrain_3076_603_2776.nii 139822675482432
write_file 1572298613.8495605 1572298614.3879855 inc-bigbrain_3076_603_2776.nii 139822675482432
task_duration 1572298551.7567034 1572298614.4007018 1572297712-local_1it_25cpus_40bb-0 139822675482432
read_file 1572298552.3943784 1572298552.4979587 bigbrain_3076_603_694.nii 140557360944960
increment_file 1572298552.4982812 1572298617.3530817 bigbrain_3076_603_694.nii 140557360944960
write_file 1572298617.3548522 1572298617.8729775 inc-bigbrain_3076_603_694.nii 140557360944960
task_duration 1572298552.3934605 1572298617.8853436 1572297712-local_1it_25cpus_40bb-0 140557360944960
read_file 1572298557.1280904 1572298557.4429274 bigbrain_769_0_0.nii 140471825790784
increment_file 1572298557.4432852 1572298622.5906823 bigbrain_769_0_0.nii 140471825790784
write_file 1572298622.5937858 1572298623.1590352 inc-bigbrain_769_0_0.nii 140471825790784
task_duration 1572298557.1271768 1572298623.1716583 1572297712-local_1it_25cpus_40bb-0 140471825790784
read_file 1572298561.9539788 1572298562.003991 bigbrain_769_0_1388.nii 140425173010240
increment_file 1572298562.0043259 1572298619.8578196 bigbrain_769_0_1388.nii 140425173010240
write_file 1572298619.8600714 1572298620.4380426 inc-bigbrain_769_0_1388.nii 140425173010240
task_duration 1572298561.9530048 1572298620.4504724 1572297712-local_1it_25cpus_40bb-0 140425173010240
read_file 1572298566.9374075 1572298567.035931 bigbrain_769_0_2082.nii 140468075304768
increment_file 1572298567.0362616 1572298625.104897 bigbrain_769_0_2082.nii 140468075304768
write_file 1572298625.1067436 1572298625.6508248 inc-bigbrain_769_0_2082.nii 140468075304768
task_duration 1572298566.936544 1572298625.6625283 1572297712-local_1it_25cpus_40bb-0 140468075304768
read_file 1572298594.9314156 1572298594.9699776 bigbrain_769_0_2776.nii 140327813322560
increment_file 1572298594.970309 1572298650.5407114 bigbrain_769_0_2776.nii 140327813322560
write_file 1572298650.543729 1572298651.1887243 inc-bigbrain_769_0_2776.nii 140327813322560
task_duration 1572298594.9304953 1572298651.2037742 1572297712-local_1it_25cpus_40bb-0 140327813322560
read_file 1572298595.5083854 1572298595.5778203 bigbrain_769_0_694.nii 139790189434688
increment_file 1572298595.5781653 1572298648.918957 bigbrain_769_0_694.nii 139790189434688
write_file 1572298648.921658 1572298649.4928699 inc-bigbrain_769_0_694.nii 139790189434688
task_duration 1572298595.5074103 1572298649.5047257 1572297712-local_1it_25cpus_40bb-0 139790189434688
read_file 1572298600.6070113 1572298600.9355783 bigbrain_769_1206_0.nii 139622840833856
increment_file 1572298600.935925 1572298655.402372 bigbrain_769_1206_0.nii 139622840833856
write_file 1572298655.4051857 1572298655.9459605 inc-bigbrain_769_1206_0.nii 139622840833856
task_duration 1572298600.6060214 1572298655.9588916 1572297712-local_1it_25cpus_40bb-0 139622840833856
read_file 1572298601.5918782 1572298601.675598 bigbrain_769_1206_1388.nii 140495290046272
increment_file 1572298601.675929 1572298649.0761833 bigbrain_769_1206_1388.nii 140495290046272
write_file 1572298649.078466 1572298649.7673812 inc-bigbrain_769_1206_1388.nii 140495290046272
task_duration 1572298601.5909243 1572298649.7811596 1572297712-local_1it_25cpus_40bb-0 140495290046272
read_file 1572298603.404707 1572298603.7260594 bigbrain_769_1206_2082.nii 140402703824704
increment_file 1572298603.7264144 1572298654.7804427 bigbrain_769_1206_2082.nii 140402703824704
write_file 1572298654.7819536 1572298655.264635 inc-bigbrain_769_1206_2082.nii 140402703824704
task_duration 1572298603.4037807 1572298655.2762256 1572297712-local_1it_25cpus_40bb-0 140402703824704
read_file 1572298603.9376445 1572298604.1559753 bigbrain_769_1206_2776.nii 139778762782528
increment_file 1572298604.1563041 1572298651.9888258 bigbrain_769_1206_2776.nii 139778762782528
write_file 1572298651.9917178 1572298652.5242307 inc-bigbrain_769_1206_2776.nii 139778762782528
task_duration 1572298603.936731 1572298652.5364885 1572297712-local_1it_25cpus_40bb-0 139778762782528
read_file 1572298605.0996416 1572298605.1921582 bigbrain_769_1206_694.nii 139962135832384
increment_file 1572298605.1925035 1572298651.2207475 bigbrain_769_1206_694.nii 139962135832384
write_file 1572298651.2235384 1572298651.73819 inc-bigbrain_769_1206_694.nii 139962135832384
task_duration 1572298605.0986025 1572298651.7493718 1572297712-local_1it_25cpus_40bb-0 139962135832384
read_file 1572298605.2398267 1572298605.3843756 bigbrain_769_1809_0.nii 140475568719680
increment_file 1572298605.3846982 1572298653.8936784 bigbrain_769_1809_0.nii 140475568719680
write_file 1572298653.8954928 1572298654.3997319 inc-bigbrain_769_1809_0.nii 140475568719680
task_duration 1572298605.2389035 1572298654.4113927 1572297712-local_1it_25cpus_40bb-0 140475568719680
read_file 1572298606.7651663 1572298606.831668 bigbrain_769_1809_1388.nii 140390711015232
increment_file 1572298606.831876 1572298654.4308043 bigbrain_769_1809_1388.nii 140390711015232
write_file 1572298654.432845 1572298654.952673 inc-bigbrain_769_1809_1388.nii 140390711015232
task_duration 1572298606.7638512 1572298654.964306 1572297712-local_1it_25cpus_40bb-0 140390711015232
read_file 1572298606.7617881 1572298607.1897645 bigbrain_769_1809_2082.nii 140703915218752
increment_file 1572298607.1899254 1572298656.6188118 bigbrain_769_1809_2082.nii 140703915218752
write_file 1572298656.6218872 1572298657.1775644 inc-bigbrain_769_1809_2082.nii 140703915218752
task_duration 1572298606.7608504 1572298657.1908462 1572297712-local_1it_25cpus_40bb-0 140703915218752
read_file 1572298606.9872596 1572298607.1995518 bigbrain_769_1809_2776.nii 140292063995712
increment_file 1572298607.1996994 1572298652.587242 bigbrain_769_1809_2776.nii 140292063995712
write_file 1572298652.5899239 1572298653.0803866 inc-bigbrain_769_1809_2776.nii 140292063995712
task_duration 1572298606.9858975 1572298653.0921783 1572297712-local_1it_25cpus_40bb-0 140292063995712
read_file 1572298607.2758608 1572298607.5626738 bigbrain_769_1809_694.nii 139948097877824
increment_file 1572298607.5628777 1572298656.18394 bigbrain_769_1809_694.nii 139948097877824
write_file 1572298656.1867042 1572298656.698647 inc-bigbrain_769_1809_694.nii 139948097877824
task_duration 1572298607.274864 1572298656.711486 1572297712-local_1it_25cpus_40bb-0 139948097877824
read_file 1572298607.283686 1572298607.6149838 bigbrain_769_2412_0.nii 140018540435264
increment_file 1572298607.6153584 1572298656.9031653 bigbrain_769_2412_0.nii 140018540435264
write_file 1572298656.905945 1572298657.3997555 inc-bigbrain_769_2412_0.nii 140018540435264
task_duration 1572298607.282134 1572298657.4127455 1572297712-local_1it_25cpus_40bb-0 140018540435264
read_file 1572298608.0646522 1572298608.204763 bigbrain_769_2412_1388.nii 140280411719488
increment_file 1572298608.2050896 1572298655.473474 bigbrain_769_2412_1388.nii 140280411719488
write_file 1572298655.47548 1572298655.9622674 inc-bigbrain_769_2412_1388.nii 140280411719488
task_duration 1572298608.0637124 1572298655.9736793 1572297712-local_1it_25cpus_40bb-0 140280411719488
read_file 1572298609.0770772 1572298609.1482348 bigbrain_769_2412_2082.nii 140004806743872
increment_file 1572298609.1485758 1572298657.31047 bigbrain_769_2412_2082.nii 140004806743872
read_file 1572298610.3542857 1572298610.7142105 bigbrain_769_2412_2776.nii 140551055836992
increment_file 1572298610.7145708 1572298656.6722991 bigbrain_769_2412_2776.nii 140551055836992
write_file 1572298656.6740432 1572298657.1910567 inc-bigbrain_769_2412_2776.nii 140551055836992
task_duration 1572298610.3533907 1572298657.2038345 1572297712-local_1it_25cpus_40bb-0 140551055836992
read_file 1572298612.50971 1572298612.9100616 bigbrain_769_2412_694.nii 139655153297216
increment_file 1572298612.910426 1572298657.7324789 bigbrain_769_2412_694.nii 139655153297216
read_file 1572298612.8985546 1572298613.0284834 bigbrain_769_603_0.nii 139638926169920
increment_file 1572298613.0288 1572298656.9844236 bigbrain_769_603_0.nii 139638926169920
write_file 1572298656.9859395 1572298657.4919496 inc-bigbrain_769_603_0.nii 139638926169920
task_duration 1572298612.8976338 1572298657.5044205 1572297712-local_1it_25cpus_40bb-0 139638926169920
read_file 1572298614.6643603 1572298614.812151 bigbrain_769_603_1388.nii 139649073178432
increment_file 1572298614.8125055 1572298657.5950341 bigbrain_769_603_1388.nii 139649073178432
read_file 1572298618.1711824 1572298618.1724508 bigbrain_769_603_2082.nii 139786853664576
increment_file 1572298618.1725986 1572298618.6080563 bigbrain_769_603_2082.nii 139786853664576
write_file 1572298618.608843 1572298619.1062474 inc-bigbrain_769_603_2082.nii 139786853664576
task_duration 1572298618.1700459 1572298619.1173797 1572297712-local_1it_25cpus_40bb-0 139786853664576
read_file 1572298619.3824406 1572298619.5291557 bigbrain_769_603_2776.nii 140565728634688
increment_file 1572298619.5294907 1572298659.5230103 bigbrain_769_603_2776.nii 140565728634688
read_file 1572298620.7212467 1572298621.0851133 bigbrain_769_603_694.nii 140201143166784
increment_file 1572298621.0855384 1572298661.452542 bigbrain_769_603_694.nii 140201143166784
