read_file 1572308827.2601047 1572308827.2617223 bigbrain_0_0_2082.nii 140136656598848
increment_file 1572308827.261834 1572308864.736861 bigbrain_0_0_2082.nii 140136656598848
write_file 1572308864.7389932 1572308865.2936206 inc-bigbrain_0_0_2082.nii 140136656598848
task_duration 1572308827.258622 1572308865.3100903 1572308127-local_1it_25cpus_40bb-2 140136656598848
read_file 1572308827.2601116 1572308827.261722 bigbrain_0_1206_1388.nii 140062059722560
increment_file 1572308827.2618487 1572308864.6889894 bigbrain_0_1206_1388.nii 140062059722560
write_file 1572308864.6908932 1572308865.233214 inc-bigbrain_0_1206_1388.nii 140062059722560
task_duration 1572308827.2585692 1572308865.247189 1572308127-local_1it_25cpus_40bb-2 140062059722560
read_file 1572308827.2601142 1572308827.2617257 bigbrain_0_0_2776.nii 139773311817536
increment_file 1572308827.261866 1572308863.407103 bigbrain_0_0_2776.nii 139773311817536
write_file 1572308863.4090056 1572308863.915099 inc-bigbrain_0_0_2776.nii 139773311817536
task_duration 1572308827.2586343 1572308863.9285574 1572308127-local_1it_25cpus_40bb-2 139773311817536
read_file 1572308827.2601178 1572308827.2617285 bigbrain_0_1206_0.nii 139649611822912
increment_file 1572308827.2618906 1572308865.9414103 bigbrain_0_1206_0.nii 139649611822912
write_file 1572308865.9441795 1572308866.6243722 inc-bigbrain_0_1206_0.nii 139649611822912
task_duration 1572308827.2586591 1572308866.6453671 1572308127-local_1it_25cpus_40bb-2 139649611822912
read_file 1572308827.2601242 1572308827.2617378 bigbrain_0_0_0.nii 139693962426176
increment_file 1572308827.2619307 1572308862.2792256 bigbrain_0_0_0.nii 139693962426176
write_file 1572308862.2816288 1572308862.7946868 inc-bigbrain_0_0_0.nii 139693962426176
task_duration 1572308827.2586975 1572308862.8084593 1572308127-local_1it_25cpus_40bb-2 139693962426176
read_file 1572308827.2673376 1572308827.32094 bigbrain_0_1206_2082.nii 140035850917696
increment_file 1572308827.32123 1572308862.0141432 bigbrain_0_1206_2082.nii 140035850917696
write_file 1572308862.01671 1572308862.6084664 inc-bigbrain_0_1206_2082.nii 140035850917696
task_duration 1572308827.2659674 1572308862.62182 1572308127-local_1it_25cpus_40bb-2 140035850917696
read_file 1572308827.2663522 1572308827.3211932 bigbrain_0_0_694.nii 140671820781376
increment_file 1572308827.321523 1572308864.9744751 bigbrain_0_0_694.nii 140671820781376
write_file 1572308864.976957 1572308865.5174282 inc-bigbrain_0_0_694.nii 140671820781376
task_duration 1572308827.264808 1572308865.5345738 1572308127-local_1it_25cpus_40bb-2 140671820781376
read_file 1572308827.2649581 1572308827.3621275 bigbrain_0_0_1388.nii 140279404365632
increment_file 1572308827.3624432 1572308865.7440777 bigbrain_0_0_1388.nii 140279404365632
write_file 1572308865.7461283 1572308866.3235552 inc-bigbrain_0_0_1388.nii 140279404365632
task_duration 1572308827.2637286 1572308866.3376336 1572308127-local_1it_25cpus_40bb-2 140279404365632
read_file 1572308828.0582736 1572308828.0595286 bigbrain_0_1809_1388.nii 140679565510464
increment_file 1572308828.0596914 1572308828.556725 bigbrain_0_1809_1388.nii 140679565510464
write_file 1572308828.5574641 1572308829.1200953 inc-bigbrain_0_1809_1388.nii 140679565510464
task_duration 1572308828.0571654 1572308829.13097 1572308127-local_1it_25cpus_40bb-2 140679565510464
read_file 1572308828.0631776 1572308828.1057906 bigbrain_0_2412_1388.nii 140370398054208
increment_file 1572308828.1061234 1572308866.961893 bigbrain_0_2412_1388.nii 140370398054208
write_file 1572308866.9638505 1572308867.4823124 inc-bigbrain_0_2412_1388.nii 140370398054208
task_duration 1572308828.0620883 1572308867.4964895 1572308127-local_1it_25cpus_40bb-2 140370398054208
read_file 1572308828.0698876 1572308828.1135018 bigbrain_0_603_694.nii 140234025629504
increment_file 1572308828.1136706 1572308867.7333398 bigbrain_0_603_694.nii 140234025629504
write_file 1572308867.735626 1572308868.4026496 inc-bigbrain_0_603_694.nii 140234025629504
task_duration 1572308828.0689363 1572308868.4189842 1572308127-local_1it_25cpus_40bb-2 140234025629504
read_file 1572308828.0747838 1572308828.1291368 bigbrain_0_1809_2776.nii 139708390295360
increment_file 1572308828.129327 1572308865.660294 bigbrain_0_1809_2776.nii 139708390295360
write_file 1572308865.66264 1572308866.2094772 inc-bigbrain_0_1809_2776.nii 139708390295360
task_duration 1572308828.073763 1572308866.2245243 1572308127-local_1it_25cpus_40bb-2 139708390295360
read_file 1572308828.098766 1572308828.1292381 bigbrain_0_603_0.nii 140065419482944
increment_file 1572308828.1294584 1572308866.1123385 bigbrain_0_603_0.nii 140065419482944
write_file 1572308866.1145546 1572308866.7173376 inc-bigbrain_0_603_0.nii 140065419482944
task_duration 1572308828.0977407 1572308866.7337608 1572308127-local_1it_25cpus_40bb-2 140065419482944
read_file 1572308828.0954986 1572308828.1297338 bigbrain_0_1809_694.nii 140679385651008
increment_file 1572308828.1299622 1572308866.113622 bigbrain_0_1809_694.nii 140679385651008
write_file 1572308866.1148396 1572308866.70701 inc-bigbrain_0_1809_694.nii 140679385651008
task_duration 1572308828.094214 1572308866.7202191 1572308127-local_1it_25cpus_40bb-2 140679385651008
read_file 1572308828.0486162 1572308828.1300228 bigbrain_0_603_2776.nii 140295051425600
increment_file 1572308828.1302547 1572308867.0950522 bigbrain_0_603_2776.nii 140295051425600
write_file 1572308867.097597 1572308867.7574322 inc-bigbrain_0_603_2776.nii 140295051425600
task_duration 1572308828.0475912 1572308867.7716386 1572308127-local_1it_25cpus_40bb-2 140295051425600
read_file 1572308828.0623543 1572308828.130021 bigbrain_0_1206_694.nii 139710814553920
increment_file 1572308828.1302667 1572308865.3235884 bigbrain_0_1206_694.nii 139710814553920
write_file 1572308865.3263707 1572308865.9535232 inc-bigbrain_0_1206_694.nii 139710814553920
task_duration 1572308828.0613313 1572308865.9690077 1572308127-local_1it_25cpus_40bb-2 139710814553920
read_file 1572308828.0497727 1572308828.1305764 bigbrain_0_1809_0.nii 140044074211136
increment_file 1572308828.1308677 1572308866.4381824 bigbrain_0_1809_0.nii 140044074211136
write_file 1572308866.4399614 1572308866.9785602 inc-bigbrain_0_1809_0.nii 140044074211136
task_duration 1572308828.0487604 1572308866.9930677 1572308127-local_1it_25cpus_40bb-2 140044074211136
read_file 1572308828.1010892 1572308828.14965 bigbrain_0_1809_2082.nii 140199695099712
increment_file 1572308828.1499739 1572308867.1385226 bigbrain_0_1809_2082.nii 140199695099712
write_file 1572308867.1406705 1572308867.7704906 inc-bigbrain_0_1809_2082.nii 140199695099712
task_duration 1572308828.1000738 1572308867.7832596 1572308127-local_1it_25cpus_40bb-2 140199695099712
read_file 1572308828.078128 1572308828.149902 bigbrain_0_2412_2776.nii 140628965836608
increment_file 1572308828.1502352 1572308866.5757198 bigbrain_0_2412_2776.nii 140628965836608
write_file 1572308866.5786958 1572308867.178255 inc-bigbrain_0_2412_2776.nii 140628965836608
task_duration 1572308828.076795 1572308867.1927438 1572308127-local_1it_25cpus_40bb-2 140628965836608
read_file 1572308828.0635185 1572308828.1673896 bigbrain_0_2412_0.nii 139753258235712
increment_file 1572308828.1676984 1572308866.714205 bigbrain_0_2412_0.nii 139753258235712
write_file 1572308866.7162733 1572308867.2484446 inc-bigbrain_0_2412_0.nii 139753258235712
task_duration 1572308828.0621855 1572308867.2623734 1572308127-local_1it_25cpus_40bb-2 139753258235712
read_file 1572308828.0736256 1572308828.1674116 bigbrain_0_1206_2776.nii 140165976729408
increment_file 1572308828.1677632 1572308866.7928307 bigbrain_0_1206_2776.nii 140165976729408
write_file 1572308866.7943227 1572308867.329114 inc-bigbrain_0_1206_2776.nii 140165976729408
task_duration 1572308828.0725408 1572308867.3438613 1572308127-local_1it_25cpus_40bb-2 140165976729408
read_file 1572308828.1007798 1572308828.1675487 bigbrain_0_603_2082.nii 139805745682240
increment_file 1572308828.167855 1572308866.5962896 bigbrain_0_603_2082.nii 139805745682240
write_file 1572308866.5986376 1572308867.128521 inc-bigbrain_0_603_2082.nii 139805745682240
task_duration 1572308828.0997698 1572308867.1436226 1572308127-local_1it_25cpus_40bb-2 139805745682240
read_file 1572308828.072455 1572308828.1676607 bigbrain_0_2412_694.nii 140651656771392
increment_file 1572308828.1679714 1572308867.4833615 bigbrain_0_2412_694.nii 140651656771392
write_file 1572308867.485212 1572308868.001531 inc-bigbrain_0_2412_694.nii 140651656771392
task_duration 1572308828.0713727 1572308868.0168066 1572308127-local_1it_25cpus_40bb-2 140651656771392
read_file 1572308828.1106906 1572308828.1980393 bigbrain_0_603_1388.nii 140198654199616
increment_file 1572308828.1983752 1572308867.8290565 bigbrain_0_603_1388.nii 140198654199616
write_file 1572308867.83207 1572308868.4688244 inc-bigbrain_0_603_1388.nii 140198654199616
task_duration 1572308828.1097395 1572308868.484968 1572308127-local_1it_25cpus_40bb-2 140198654199616
read_file 1572308828.1002984 1572308828.3340902 bigbrain_0_2412_2082.nii 140134959597376
increment_file 1572308828.3344476 1572308872.0126815 bigbrain_0_2412_2082.nii 140134959597376
write_file 1572308872.0151284 1572308872.5438747 inc-bigbrain_0_2412_2082.nii 140134959597376
task_duration 1572308828.0993109 1572308872.5568895 1572308127-local_1it_25cpus_40bb-2 140134959597376
read_file 1572308829.4631186 1572308829.5228908 bigbrain_1538_0_0.nii 140355862325056
increment_file 1572308829.5232437 1572308867.3242865 bigbrain_1538_0_0.nii 140355862325056
write_file 1572308867.3262513 1572308867.917669 inc-bigbrain_1538_0_0.nii 140355862325056
task_duration 1572308829.4621222 1572308867.9329765 1572308127-local_1it_25cpus_40bb-2 140355862325056
read_file 1572308863.372655 1572308863.7060769 bigbrain_1538_0_1388.nii 140252367259456
increment_file 1572308863.7064164 1572308892.6080072 bigbrain_1538_0_1388.nii 140252367259456
write_file 1572308892.6097507 1572308893.102225 inc-bigbrain_1538_0_1388.nii 140252367259456
task_duration 1572308863.3717396 1572308893.1144996 1572308127-local_1it_25cpus_40bb-2 140252367259456
read_file 1572308863.3906147 1572308863.7973628 bigbrain_1538_0_2082.nii 139901293274944
increment_file 1572308863.7977107 1572308892.2818086 bigbrain_1538_0_2082.nii 139901293274944
write_file 1572308892.2848876 1572308892.8106706 inc-bigbrain_1538_0_2082.nii 139901293274944
task_duration 1572308863.389638 1572308892.822919 1572308127-local_1it_25cpus_40bb-2 139901293274944
read_file 1572308864.2120004 1572308864.6295054 bigbrain_1538_0_2776.nii 140474777909056
increment_file 1572308864.6298804 1572308893.2386737 bigbrain_1538_0_2776.nii 140474777909056
write_file 1572308893.2414145 1572308893.8241417 inc-bigbrain_1538_0_2776.nii 140474777909056
task_duration 1572308864.2108676 1572308893.83582 1572308127-local_1it_25cpus_40bb-2 140474777909056
read_file 1572308865.6234498 1572308865.6802728 bigbrain_1538_1206_0.nii 139895632201536
increment_file 1572308865.6804855 1572308894.1515849 bigbrain_1538_1206_0.nii 139895632201536
write_file 1572308894.1532156 1572308894.6705108 inc-bigbrain_1538_1206_0.nii 139895632201536
task_duration 1572308865.622508 1572308894.6831481 1572308127-local_1it_25cpus_40bb-2 139895632201536
read_file 1572308865.5327141 1572308865.8472745 bigbrain_1538_0_694.nii 140028796979008
increment_file 1572308865.8475702 1572308910.054685 bigbrain_1538_0_694.nii 140028796979008
write_file 1572308910.0566256 1572308910.6151235 inc-bigbrain_1538_0_694.nii 140028796979008
task_duration 1572308865.5317264 1572308910.6273122 1572308127-local_1it_25cpus_40bb-2 140028796979008
read_file 1572308865.816959 1572308865.901454 bigbrain_1538_1206_1388.nii 140537441892160
increment_file 1572308865.901804 1572308893.8272798 bigbrain_1538_1206_1388.nii 140537441892160
write_file 1572308893.8290486 1572308894.3323996 inc-bigbrain_1538_1206_1388.nii 140537441892160
task_duration 1572308865.8160243 1572308894.344426 1572308127-local_1it_25cpus_40bb-2 140537441892160
read_file 1572308866.2842572 1572308866.4288955 bigbrain_1538_1206_2082.nii 140530364507968
increment_file 1572308866.4292011 1572308894.0252905 bigbrain_1538_1206_2082.nii 140530364507968
write_file 1572308894.0271816 1572308894.6428065 inc-bigbrain_1538_1206_2082.nii 140530364507968
task_duration 1572308866.2832026 1572308894.658582 1572308127-local_1it_25cpus_40bb-2 140530364507968
read_file 1572308866.5573466 1572308866.6380117 bigbrain_1538_1206_2776.nii 140581207676736
increment_file 1572308866.6383607 1572308893.2378066 bigbrain_1538_1206_2776.nii 140581207676736
write_file 1572308893.2398152 1572308893.7311776 inc-bigbrain_1538_1206_2776.nii 140581207676736
task_duration 1572308866.556212 1572308893.743625 1572308127-local_1it_25cpus_40bb-2 140581207676736
read_file 1572308866.6242034 1572308866.7432473 bigbrain_1538_1206_694.nii 139892296361792
increment_file 1572308866.7435858 1572308895.6539316 bigbrain_1538_1206_694.nii 139892296361792
write_file 1572308895.6558483 1572308896.199686 inc-bigbrain_1538_1206_694.nii 139892296361792
task_duration 1572308866.6232421 1572308896.2116477 1572308127-local_1it_25cpus_40bb-2 139892296361792
read_file 1572308866.9722705 1572308867.034143 bigbrain_1538_1809_0.nii 140424594757440
increment_file 1572308867.0343988 1572308896.2024481 bigbrain_1538_1809_0.nii 140424594757440
write_file 1572308896.2052724 1572308896.7350135 inc-bigbrain_1538_1809_0.nii 140424594757440
task_duration 1572308866.971191 1572308896.748711 1572308127-local_1it_25cpus_40bb-2 140424594757440
read_file 1572308867.030266 1572308867.0652738 bigbrain_1538_1809_1388.nii 139634166531904
increment_file 1572308867.0655322 1572308897.0525408 bigbrain_1538_1809_1388.nii 139634166531904
write_file 1572308897.0553703 1572308897.6946127 inc-bigbrain_1538_1809_1388.nii 139634166531904
task_duration 1572308867.029328 1572308897.710565 1572308127-local_1it_25cpus_40bb-2 139634166531904
read_file 1572308867.0937316 1572308867.149127 bigbrain_1538_1809_2082.nii 139905774733120
increment_file 1572308867.149495 1572308893.9943895 bigbrain_1538_1809_2082.nii 139905774733120
write_file 1572308893.995849 1572308894.501406 inc-bigbrain_1538_1809_2082.nii 139905774733120
task_duration 1572308867.0922017 1572308894.5143325 1572308127-local_1it_25cpus_40bb-2 139905774733120
read_file 1572308867.2801788 1572308867.344307 bigbrain_1538_1809_2776.nii 140261746796352
increment_file 1572308867.344542 1572308899.2403727 bigbrain_1538_1809_2776.nii 140261746796352
write_file 1572308899.24296 1572308899.7667482 inc-bigbrain_1538_1809_2776.nii 140261746796352
task_duration 1572308867.2790227 1572308899.7800164 1572308127-local_1it_25cpus_40bb-2 140261746796352
read_file 1572308867.437735 1572308867.4727623 bigbrain_1538_1809_694.nii 140281457280832
increment_file 1572308867.4729776 1572308900.045855 bigbrain_1538_1809_694.nii 140281457280832
write_file 1572308900.046627 1572308900.5852702 inc-bigbrain_1538_1809_694.nii 140281457280832
task_duration 1572308867.4367127 1572308900.597827 1572308127-local_1it_25cpus_40bb-2 140281457280832
read_file 1572308867.5844958 1572308867.662099 bigbrain_1538_2412_1388.nii 140482856531776
increment_file 1572308867.6623552 1572308899.1743581 bigbrain_1538_2412_1388.nii 140482856531776
write_file 1572308899.1771243 1572308899.8085425 inc-bigbrain_1538_2412_1388.nii 140482856531776
task_duration 1572308867.5835512 1572308899.8229063 1572308127-local_1it_25cpus_40bb-2 140482856531776
read_file 1572308867.5685272 1572308867.6713283 bigbrain_1538_2412_0.nii 140271161677632
increment_file 1572308867.6715405 1572308897.8189883 bigbrain_1538_2412_0.nii 140271161677632
write_file 1572308897.821347 1572308898.303713 inc-bigbrain_1538_2412_0.nii 140271161677632
task_duration 1572308867.567407 1572308898.315728 1572308127-local_1it_25cpus_40bb-2 140271161677632
read_file 1572308867.6802783 1572308867.6816373 bigbrain_1538_2412_2082.nii 139741380048704
increment_file 1572308867.681782 1572308868.152139 bigbrain_1538_2412_2082.nii 139741380048704
write_file 1572308868.1529286 1572308868.6614606 inc-bigbrain_1538_2412_2082.nii 139741380048704
task_duration 1572308867.6791263 1572308868.6765459 1572308127-local_1it_25cpus_40bb-2 139741380048704
read_file 1572308867.8003929 1572308867.9036405 bigbrain_1538_2412_2776.nii 140363745314624
increment_file 1572308867.9040608 1572308896.438984 bigbrain_1538_2412_2776.nii 140363745314624
write_file 1572308896.4400978 1572308896.9228466 inc-bigbrain_1538_2412_2776.nii 140363745314624
task_duration 1572308867.7994187 1572308896.9352653 1572308127-local_1it_25cpus_40bb-2 140363745314624
read_file 1572308868.1013043 1572308868.1988008 bigbrain_1538_603_0.nii 140529597597504
increment_file 1572308868.1990001 1572308900.3263512 bigbrain_1538_603_0.nii 140529597597504
write_file 1572308900.3292265 1572308900.861549 inc-bigbrain_1538_603_0.nii 140529597597504
task_duration 1572308868.1002872 1572308900.875872 1572308127-local_1it_25cpus_40bb-2 140529597597504
read_file 1572308868.1029036 1572308868.2084162 bigbrain_1538_2412_694.nii 139623589123904
increment_file 1572308868.208582 1572308902.5402663 bigbrain_1538_2412_694.nii 139623589123904
write_file 1572308902.5422094 1572308903.0302007 inc-bigbrain_1538_2412_694.nii 139623589123904
task_duration 1572308868.10131 1572308903.0414827 1572308127-local_1it_25cpus_40bb-2 139623589123904
read_file 1572308868.2717657 1572308868.39893 bigbrain_1538_603_1388.nii 139787212830528
increment_file 1572308868.3992925 1572308899.8580363 bigbrain_1538_603_1388.nii 139787212830528
write_file 1572308899.8604138 1572308900.3944578 inc-bigbrain_1538_603_1388.nii 139787212830528
task_duration 1572308868.2707672 1572308900.407302 1572308127-local_1it_25cpus_40bb-2 139787212830528
read_file 1572308868.3542056 1572308868.4186482 bigbrain_1538_603_2082.nii 140131150202688
increment_file 1572308868.4189641 1572308900.6526043 bigbrain_1538_603_2082.nii 140131150202688
write_file 1572308900.655032 1572308901.148302 inc-bigbrain_1538_603_2082.nii 140131150202688
task_duration 1572308868.3532107 1572308901.1600425 1572308127-local_1it_25cpus_40bb-2 140131150202688
read_file 1572308868.7327716 1572308868.8399875 bigbrain_1538_603_2776.nii 139827999045440
increment_file 1572308868.8403084 1572308898.6723382 bigbrain_1538_603_2776.nii 139827999045440
write_file 1572308898.6752036 1572308899.2322621 inc-bigbrain_1538_603_2776.nii 139827999045440
task_duration 1572308868.73184 1572308899.245912 1572308127-local_1it_25cpus_40bb-2 139827999045440
read_file 1572308868.815292 1572308868.9333663 bigbrain_1538_603_694.nii 139661693278016
increment_file 1572308868.9336126 1572308898.4042583 bigbrain_1538_603_694.nii 139661693278016
write_file 1572308898.4071856 1572308898.9108803 inc-bigbrain_1538_603_694.nii 139661693278016
task_duration 1572308868.814221 1572308898.9228408 1572308127-local_1it_25cpus_40bb-2 139661693278016
read_file 1572308868.947295 1572308869.0064263 bigbrain_2307_0_0.nii 140602505881408
increment_file 1572308869.006761 1572308900.164761 bigbrain_2307_0_0.nii 140602505881408
write_file 1572308900.1660612 1572308900.6918736 inc-bigbrain_2307_0_0.nii 140602505881408
task_duration 1572308868.946364 1572308900.7046745 1572308127-local_1it_25cpus_40bb-2 140602505881408
read_file 1572308872.8322887 1572308872.8930154 bigbrain_2307_0_1388.nii 140274379929408
increment_file 1572308872.8933425 1572308907.2752328 bigbrain_2307_0_1388.nii 140274379929408
write_file 1572308907.2771018 1572308907.9022663 inc-bigbrain_2307_0_1388.nii 140274379929408
task_duration 1572308872.8313768 1572308907.9163027 1572308127-local_1it_25cpus_40bb-2 140274379929408
read_file 1572308893.115135 1572308893.1543703 bigbrain_2307_0_2082.nii 140439538005824
increment_file 1572308893.1546383 1572308950.0905018 bigbrain_2307_0_2082.nii 140439538005824
write_file 1572308950.092747 1572308950.648617 inc-bigbrain_2307_0_2082.nii 140439538005824
task_duration 1572308893.114155 1572308950.6619265 1572308127-local_1it_25cpus_40bb-2 140439538005824
read_file 1572308893.3837867 1572308893.4699376 bigbrain_2307_0_2776.nii 139854506002240
increment_file 1572308893.470277 1572308950.950985 bigbrain_2307_0_2776.nii 139854506002240
write_file 1572308950.9527354 1572308951.4374154 inc-bigbrain_2307_0_2776.nii 139854506002240
task_duration 1572308893.382842 1572308951.4492412 1572308127-local_1it_25cpus_40bb-2 139854506002240
read_file 1572308894.0537608 1572308894.1631427 bigbrain_2307_0_694.nii 140402576201536
increment_file 1572308894.1634948 1572308953.1921668 bigbrain_2307_0_694.nii 140402576201536
write_file 1572308953.193986 1572308953.6775577 inc-bigbrain_2307_0_694.nii 140402576201536
task_duration 1572308894.0522144 1572308953.6893492 1572308127-local_1it_25cpus_40bb-2 140402576201536
read_file 1572308894.1351595 1572308894.2781742 bigbrain_2307_1206_0.nii 139864375789376
increment_file 1572308894.2785442 1572308948.9940448 bigbrain_2307_1206_0.nii 139864375789376
write_file 1572308948.9971962 1572308949.6150804 inc-bigbrain_2307_1206_0.nii 139864375789376
task_duration 1572308894.1342194 1572308949.629301 1572308127-local_1it_25cpus_40bb-2 139864375789376
read_file 1572308894.7785964 1572308894.8298776 bigbrain_2307_1206_2082.nii 140388826384192
increment_file 1572308894.8300729 1572308952.05376 bigbrain_2307_1206_2082.nii 140388826384192
write_file 1572308952.0568573 1572308952.5865605 inc-bigbrain_2307_1206_2082.nii 140388826384192
task_duration 1572308894.7772384 1572308952.5997982 1572308127-local_1it_25cpus_40bb-2 140388826384192
read_file 1572308894.61693 1572308894.8894856 bigbrain_2307_1206_1388.nii 139955719984960
increment_file 1572308894.889719 1572308955.3801937 bigbrain_2307_1206_1388.nii 139955719984960
write_file 1572308955.3832955 1572308955.9027991 inc-bigbrain_2307_1206_1388.nii 139955719984960
task_duration 1572308894.6157312 1572308955.914843 1572308127-local_1it_25cpus_40bb-2 139955719984960
read_file 1572308894.986654 1572308895.2334669 bigbrain_2307_1206_694.nii 140519348619072
increment_file 1572308895.2337847 1572308957.8829672 bigbrain_2307_1206_694.nii 140519348619072
write_file 1572308957.8847756 1572308958.3939872 inc-bigbrain_2307_1206_694.nii 140519348619072
task_duration 1572308894.985745 1572308958.406016 1572308127-local_1it_25cpus_40bb-2 140519348619072
read_file 1572308894.9574673 1572308895.2918546 bigbrain_2307_1206_2776.nii 140574275589952
increment_file 1572308895.2922392 1572308955.7570417 bigbrain_2307_1206_2776.nii 140574275589952
write_file 1572308955.759246 1572308956.3742998 inc-bigbrain_2307_1206_2776.nii 140574275589952
task_duration 1572308894.956505 1572308956.3887997 1572308127-local_1it_25cpus_40bb-2 140574275589952
read_file 1572308896.4647124 1572308896.7252529 bigbrain_2307_1809_0.nii 140232052377408
increment_file 1572308896.7256184 1572308959.919098 bigbrain_2307_1809_0.nii 140232052377408
write_file 1572308959.9223042 1572308960.4611526 inc-bigbrain_2307_1809_0.nii 140232052377408
task_duration 1572308896.4637768 1572308960.4747376 1572308127-local_1it_25cpus_40bb-2 140232052377408
read_file 1572308897.0136228 1572308897.0517209 bigbrain_2307_1809_1388.nii 139664260904768
increment_file 1572308897.0519059 1572308960.8188016 bigbrain_2307_1809_1388.nii 139664260904768
write_file 1572308960.820501 1572308961.3246207 inc-bigbrain_2307_1809_1388.nii 139664260904768
task_duration 1572308897.0127084 1572308961.3365564 1572308127-local_1it_25cpus_40bb-2 139664260904768
read_file 1572308897.1922233 1572308897.3451831 bigbrain_2307_1809_2082.nii 140413283972928
increment_file 1572308897.3455293 1572308963.1451528 bigbrain_2307_1809_2082.nii 140413283972928
write_file 1572308963.147084 1572308963.7269673 inc-bigbrain_2307_1809_2082.nii 140413283972928
task_duration 1572308897.1913044 1572308963.7386022 1572308127-local_1it_25cpus_40bb-2 140413283972928
read_file 1572308897.9900606 1572308898.138743 bigbrain_2307_1809_2776.nii 140073822750528
increment_file 1572308898.1390822 1572308965.806572 bigbrain_2307_1809_2776.nii 140073822750528
write_file 1572308965.8084671 1572308966.3744512 inc-bigbrain_2307_1809_2776.nii 140073822750528
task_duration 1572308897.989149 1572308966.3889546 1572308127-local_1it_25cpus_40bb-2 140073822750528
read_file 1572308898.590908 1572308898.6827004 bigbrain_2307_1809_694.nii 140297828583232
increment_file 1572308898.6829977 1572308960.3619022 bigbrain_2307_1809_694.nii 140297828583232
write_file 1572308960.3634107 1572308960.8860185 inc-bigbrain_2307_1809_694.nii 140297828583232
task_duration 1572308898.5899897 1572308960.8980527 1572308127-local_1it_25cpus_40bb-2 140297828583232
read_file 1572308899.177792 1572308899.4946184 bigbrain_2307_2412_0.nii 139974286878528
increment_file 1572308899.4949665 1572308959.910009 bigbrain_2307_2412_0.nii 139974286878528
write_file 1572308959.9119475 1572308960.4797394 inc-bigbrain_2307_2412_0.nii 139974286878528
task_duration 1572308899.1768734 1572308960.4919062 1572308127-local_1it_25cpus_40bb-2 139974286878528
read_file 1572308899.523829 1572308899.8478518 bigbrain_2307_2412_1388.nii 139675626936128
increment_file 1572308899.8481944 1572308966.2550907 bigbrain_2307_2412_1388.nii 139675626936128
write_file 1572308966.2578351 1572308966.784325 inc-bigbrain_2307_2412_1388.nii 139675626936128
task_duration 1572308899.5228074 1572308966.797296 1572308127-local_1it_25cpus_40bb-2 139675626936128
read_file 1572308900.0959404 1572308900.328426 bigbrain_2307_2412_2082.nii 139651252164416
increment_file 1572308900.3287435 1572308959.9970136 bigbrain_2307_2412_2082.nii 139651252164416
write_file 1572308959.9991112 1572308960.5222023 inc-bigbrain_2307_2412_2082.nii 139651252164416
task_duration 1572308900.0944684 1572308960.5343473 1572308127-local_1it_25cpus_40bb-2 139651252164416
read_file 1572308900.1282709 1572308900.408509 bigbrain_2307_2412_2776.nii 139923991009088
increment_file 1572308900.408763 1572308970.5345783 bigbrain_2307_2412_2776.nii 139923991009088
write_file 1572308970.5374439 1572308971.272919 inc-bigbrain_2307_2412_2776.nii 139923991009088
task_duration 1572308900.1273644 1572308971.2874782 1572308127-local_1it_25cpus_40bb-2 139923991009088
read_file 1572308900.6806512 1572308900.6819136 bigbrain_2307_2412_694.nii 140369108879168
increment_file 1572308900.6820788 1572308901.122366 bigbrain_2307_2412_694.nii 140369108879168
write_file 1572308901.1231704 1572308901.6117184 inc-bigbrain_2307_2412_694.nii 140369108879168
task_duration 1572308900.6795905 1572308901.6228912 1572308127-local_1it_25cpus_40bb-2 140369108879168
read_file 1572308900.8529334 1572308900.9495704 bigbrain_2307_603_0.nii 139922398168896
increment_file 1572308900.9498975 1572308958.5794184 bigbrain_2307_603_0.nii 139922398168896
write_file 1572308958.5822127 1572308959.1565282 inc-bigbrain_2307_603_0.nii 139922398168896
task_duration 1572308900.8518744 1572308959.170871 1572308127-local_1it_25cpus_40bb-2 139922398168896
read_file 1572308900.9740465 1572308901.1444025 bigbrain_2307_603_1388.nii 140332715108160
increment_file 1572308901.1447525 1572308960.8732243 bigbrain_2307_603_1388.nii 140332715108160
write_file 1572308960.8753939 1572308961.3673615 inc-bigbrain_2307_603_1388.nii 140332715108160
task_duration 1572308900.972655 1572308961.379388 1572308127-local_1it_25cpus_40bb-2 140332715108160
read_file 1572308901.1484976 1572308901.7896128 bigbrain_2307_603_2082.nii 139731761469248
increment_file 1572308901.7898257 1572308963.7846859 bigbrain_2307_603_2082.nii 139731761469248
write_file 1572308963.7863834 1572308964.2735498 inc-bigbrain_2307_603_2082.nii 139731761469248
task_duration 1572308901.147552 1572308964.2849145 1572308127-local_1it_25cpus_40bb-2 139731761469248
read_file 1572308901.4193983 1572308901.7907891 bigbrain_2307_603_2776.nii 139996285273920
increment_file 1572308901.7910886 1572308966.737831 bigbrain_2307_603_2776.nii 139996285273920
write_file 1572308966.7395165 1572308967.238619 inc-bigbrain_2307_603_2776.nii 139996285273920
task_duration 1572308901.4184914 1572308967.2510953 1572308127-local_1it_25cpus_40bb-2 139996285273920
read_file 1572308901.9109437 1572308902.0067291 bigbrain_2307_603_694.nii 140335121983296
increment_file 1572308902.0070992 1572308957.7635756 bigbrain_2307_603_694.nii 140335121983296
write_file 1572308957.7657824 1572308958.2860563 inc-bigbrain_2307_603_694.nii 140335121983296
task_duration 1572308901.9099407 1572308958.297842 1572308127-local_1it_25cpus_40bb-2 140335121983296
read_file 1572308903.638078 1572308903.7355523 bigbrain_3076_0_0.nii 140347378067264
increment_file 1572308903.7358758 1572308970.9949493 bigbrain_3076_0_0.nii 140347378067264
write_file 1572308970.997867 1572308971.6196718 inc-bigbrain_3076_0_0.nii 140347378067264
task_duration 1572308903.637168 1572308971.6336484 1572308127-local_1it_25cpus_40bb-2 140347378067264
read_file 1572308908.189267 1572308908.572302 bigbrain_3076_0_1388.nii 140134996895552
increment_file 1572308908.5726829 1572308988.7844312 bigbrain_3076_0_1388.nii 140134996895552
write_file 1572308988.7867198 1572308989.3471684 inc-bigbrain_3076_0_1388.nii 140134996895552
task_duration 1572308908.1879647 1572308989.3589873 1572308127-local_1it_25cpus_40bb-2 140134996895552
read_file 1572308910.892566 1572308911.2290678 bigbrain_3076_0_2082.nii 140342831732544
increment_file 1572308911.2294407 1572308977.9506156 bigbrain_3076_0_2082.nii 140342831732544
write_file 1572308977.952906 1572308978.528719 inc-bigbrain_3076_0_2082.nii 140342831732544
task_duration 1572308910.8916023 1572308978.5403833 1572308127-local_1it_25cpus_40bb-2 140342831732544
read_file 1572308949.9033353 1572308949.9691358 bigbrain_3076_0_2776.nii 140111714658112
increment_file 1572308949.9694796 1572309017.0713062 bigbrain_3076_0_2776.nii 140111714658112
write_file 1572309017.0734928 1572309017.6985452 inc-bigbrain_3076_0_2776.nii 140111714658112
task_duration 1572308949.9023643 1572309017.7136576 1572308127-local_1it_25cpus_40bb-2 140111714658112
read_file 1572308950.9242592 1572308950.9728427 bigbrain_3076_0_694.nii 140482683451200
increment_file 1572308950.9730055 1572309008.9693005 bigbrain_3076_0_694.nii 140482683451200
write_file 1572309008.9722521 1572309009.6135468 inc-bigbrain_3076_0_694.nii 140482683451200
task_duration 1572308950.923186 1572309009.6266627 1572308127-local_1it_25cpus_40bb-2 140482683451200
read_file 1572308951.695639 1572308951.7914655 bigbrain_3076_1206_0.nii 139998999705408
increment_file 1572308951.7917876 1572309010.9521775 bigbrain_3076_1206_0.nii 139998999705408
write_file 1572309010.9540992 1572309011.4809058 inc-bigbrain_3076_1206_0.nii 139998999705408
task_duration 1572308951.694726 1572309011.4934685 1572308127-local_1it_25cpus_40bb-2 139998999705408
read_file 1572308952.8734236 1572308952.9921603 bigbrain_3076_1206_1388.nii 139826644834112
increment_file 1572308952.992492 1572309016.9319384 bigbrain_3076_1206_1388.nii 139826644834112
write_file 1572309016.9337945 1572309017.4720922 inc-bigbrain_3076_1206_1388.nii 139826644834112
task_duration 1572308952.8724957 1572309017.4842737 1572308127-local_1it_25cpus_40bb-2 139826644834112
read_file 1572308953.9587026 1572308954.2952073 bigbrain_3076_1206_2082.nii 140511007696704
increment_file 1572308954.2955513 1572309038.6317213 bigbrain_3076_1206_2082.nii 140511007696704
write_file 1572309038.6335862 1572309039.1743803 inc-bigbrain_3076_1206_2082.nii 140511007696704
task_duration 1572308953.957783 1572309039.1869073 1572308127-local_1it_25cpus_40bb-2 140511007696704
read_file 1572308956.2110996 1572308956.2843516 bigbrain_3076_1206_2776.nii 140128209700672
increment_file 1572308956.2846777 1572309015.4550776 bigbrain_3076_1206_2776.nii 140128209700672
write_file 1572309015.4577954 1572309016.0439963 inc-bigbrain_3076_1206_2776.nii 140128209700672
task_duration 1572308956.210115 1572309016.0559103 1572308127-local_1it_25cpus_40bb-2 140128209700672
read_file 1572308956.6570358 1572308956.9589329 bigbrain_3076_1206_694.nii 139990742267712
increment_file 1572308956.9592714 1572309017.7331538 bigbrain_3076_1206_694.nii 139990742267712
write_file 1572309017.7359104 1572309018.3726418 inc-bigbrain_3076_1206_694.nii 139990742267712
task_duration 1572308956.6561544 1572309018.3876395 1572308127-local_1it_25cpus_40bb-2 139990742267712
read_file 1572308958.56476 1572308958.682781 bigbrain_3076_1809_0.nii 140358926305088
increment_file 1572308958.6831186 1572309021.7526503 bigbrain_3076_1809_0.nii 140358926305088
write_file 1572309021.7540848 1572309022.2911813 inc-bigbrain_3076_1809_0.nii 140358926305088
task_duration 1572308958.5637748 1572309022.3033745 1572308127-local_1it_25cpus_40bb-2 140358926305088
read_file 1572308958.6745381 1572308958.9170718 bigbrain_3076_1809_1388.nii 140304947586880
increment_file 1572308958.9174109 1572309017.920896 bigbrain_3076_1809_1388.nii 140304947586880
write_file 1572309017.922164 1572309018.42457 inc-bigbrain_3076_1809_1388.nii 140304947586880
task_duration 1572308958.6735482 1572309018.4367282 1572308127-local_1it_25cpus_40bb-2 140304947586880
read_file 1572308959.4474502 1572308960.2321322 bigbrain_3076_1809_2082.nii 139667403106112
increment_file 1572308960.2324774 1572309017.9092922 bigbrain_3076_1809_2082.nii 139667403106112
write_file 1572309017.9110382 1572309018.4215891 inc-bigbrain_3076_1809_2082.nii 139667403106112
task_duration 1572308959.446533 1572309018.4335854 1572308127-local_1it_25cpus_40bb-2 139667403106112
read_file 1572308960.800495 1572308960.8795376 bigbrain_3076_1809_694.nii 140613822261056
increment_file 1572308960.8798652 1572309022.300903 bigbrain_3076_1809_694.nii 140613822261056
write_file 1572309022.303639 1572309022.8148897 inc-bigbrain_3076_1809_694.nii 140613822261056
task_duration 1572308960.799105 1572309022.8271115 1572308127-local_1it_25cpus_40bb-2 140613822261056
read_file 1572308960.7968335 1572308961.0561943 bigbrain_3076_1809_2776.nii 139720089229120
increment_file 1572308961.0565283 1572309028.0107841 bigbrain_3076_1809_2776.nii 139720089229120
write_file 1572309028.0125413 1572309028.5111198 inc-bigbrain_3076_1809_2776.nii 139720089229120
task_duration 1572308960.795898 1572309028.5230637 1572308127-local_1it_25cpus_40bb-2 139720089229120
read_file 1572308960.8319721 1572308961.0660264 bigbrain_3076_2412_0.nii 140059355387712
increment_file 1572308961.0663917 1572309023.0469048 bigbrain_3076_2412_0.nii 140059355387712
write_file 1572309023.049102 1572309023.5690455 inc-bigbrain_3076_2412_0.nii 140059355387712
task_duration 1572308960.8309548 1572309023.5823922 1572308127-local_1it_25cpus_40bb-2 140059355387712
read_file 1572308961.1843061 1572308961.2435944 bigbrain_3076_2412_1388.nii 140491091576640
increment_file 1572308961.2439492 1572309021.2051396 bigbrain_3076_2412_1388.nii 140491091576640
write_file 1572309021.2079403 1572309021.7049854 inc-bigbrain_3076_2412_1388.nii 140491091576640
task_duration 1572308961.182932 1572309021.7175434 1572308127-local_1it_25cpus_40bb-2 140491091576640
read_file 1572308961.605532 1572308961.7724817 bigbrain_3076_2412_2082.nii 140243044202304
increment_file 1572308961.7728267 1572309027.638901 bigbrain_3076_2412_2082.nii 140243044202304
write_file 1572309027.6418161 1572309028.1518078 inc-bigbrain_3076_2412_2082.nii 140243044202304
task_duration 1572308961.604542 1572309028.164328 1572308127-local_1it_25cpus_40bb-2 140243044202304
read_file 1572308961.6874926 1572308961.8536894 bigbrain_3076_2412_2776.nii 140221441525568
increment_file 1572308961.8540199 1572309020.1278605 bigbrain_3076_2412_2776.nii 140221441525568
write_file 1572309020.1296878 1572309020.6306958 inc-bigbrain_3076_2412_2776.nii 140221441525568
task_duration 1572308961.6865783 1572309020.6427205 1572308127-local_1it_25cpus_40bb-2 140221441525568
read_file 1572308963.9941123 1572308964.3736854 bigbrain_3076_2412_694.nii 140149628483392
increment_file 1572308964.37404 1572309023.7701447 bigbrain_3076_2412_694.nii 140149628483392
write_file 1572309023.7717116 1572309024.255243 inc-bigbrain_3076_2412_694.nii 140149628483392
task_duration 1572308963.9931397 1572309024.267431 1572308127-local_1it_25cpus_40bb-2 140149628483392
read_file 1572308964.5469534 1572308964.64107 bigbrain_3076_603_0.nii 140685361968960
increment_file 1572308964.641261 1572309023.0744665 bigbrain_3076_603_0.nii 140685361968960
write_file 1572309023.077012 1572309023.5869024 inc-bigbrain_3076_603_0.nii 140685361968960
task_duration 1572308964.5454528 1572309023.5992298 1572308127-local_1it_25cpus_40bb-2 140685361968960
read_file 1572308966.6679692 1572308966.8075373 bigbrain_3076_603_1388.nii 139861289424704
increment_file 1572308966.8078783 1572309030.6016567 bigbrain_3076_603_1388.nii 139861289424704
write_file 1572309030.6035666 1572309031.129008 inc-bigbrain_3076_603_1388.nii 139861289424704
task_duration 1572308966.666843 1572309031.14023 1572308127-local_1it_25cpus_40bb-2 139861289424704
read_file 1572308967.0691133 1572308967.2350023 bigbrain_3076_603_2082.nii 140070237120320
increment_file 1572308967.2354498 1572309035.3418791 bigbrain_3076_603_2082.nii 140070237120320
write_file 1572309035.3436675 1572309035.869052 inc-bigbrain_3076_603_2082.nii 140070237120320
task_duration 1572308967.0682006 1572309035.881845 1572308127-local_1it_25cpus_40bb-2 140070237120320
read_file 1572308967.5113618 1572308967.663275 bigbrain_3076_603_2776.nii 140263181223744
increment_file 1572308967.6636028 1572309026.5734367 bigbrain_3076_603_2776.nii 140263181223744
write_file 1572309026.5766027 1572309027.3256025 inc-bigbrain_3076_603_2776.nii 140263181223744
task_duration 1572308967.5104449 1572309027.340024 1572308127-local_1it_25cpus_40bb-2 140263181223744
read_file 1572308971.5487933 1572308971.955367 bigbrain_3076_603_694.nii 140262986151744
increment_file 1572308971.9557018 1572309039.6209786 bigbrain_3076_603_694.nii 140262986151744
write_file 1572309039.623835 1572309040.1504254 inc-bigbrain_3076_603_694.nii 140262986151744
task_duration 1572308971.5478985 1572309040.1632042 1572308127-local_1it_25cpus_40bb-2 140262986151744
read_file 1572308971.8987322 1572308971.9644265 bigbrain_769_0_0.nii 140594204129088
increment_file 1572308971.9646673 1572309035.4111784 bigbrain_769_0_0.nii 140594204129088
write_file 1572309035.4139488 1572309035.948509 inc-bigbrain_769_0_0.nii 140594204129088
task_duration 1572308971.8978562 1572309035.9610398 1572308127-local_1it_25cpus_40bb-2 140594204129088
read_file 1572308978.81501 1572308979.3236349 bigbrain_769_0_1388.nii 140221124585280
increment_file 1572308979.3240194 1572309034.9134388 bigbrain_769_0_1388.nii 140221124585280
write_file 1572309034.9161088 1572309035.550187 inc-bigbrain_769_0_1388.nii 140221124585280
task_duration 1572308978.8140352 1572309035.5646164 1572308127-local_1it_25cpus_40bb-2 140221124585280
read_file 1572308989.6395886 1572308990.2142768 bigbrain_769_0_2082.nii 140541049591616
increment_file 1572308990.214658 1572309046.5857139 bigbrain_769_0_2082.nii 140541049591616
write_file 1572309046.5888028 1572309047.1542602 inc-bigbrain_769_0_2082.nii 140541049591616
task_duration 1572308989.638485 1572309047.1663735 1572308127-local_1it_25cpus_40bb-2 140541049591616
read_file 1572309009.8992589 1572309010.1715872 bigbrain_769_0_2776.nii 139907183212352
increment_file 1572309010.1719499 1572309066.2717745 bigbrain_769_0_2776.nii 139907183212352
write_file 1572309066.2730486 1572309066.7513423 inc-bigbrain_769_0_2776.nii 139907183212352
task_duration 1572309009.8983417 1572309066.7633867 1572308127-local_1it_25cpus_40bb-2 139907183212352
read_file 1572309011.747244 1572309012.0458536 bigbrain_769_0_694.nii 140409826899776
increment_file 1572309012.0462127 1572309067.4590664 bigbrain_769_0_694.nii 140409826899776
write_file 1572309067.4617877 1572309068.0354655 inc-bigbrain_769_0_694.nii 140409826899776
task_duration 1572309011.7463403 1572309068.0475218 1572308127-local_1it_25cpus_40bb-2 140409826899776
read_file 1572309016.3500032 1572309016.523846 bigbrain_769_1206_0.nii 140231699650368
increment_file 1572309016.524191 1572309072.7255676 bigbrain_769_1206_0.nii 140231699650368
read_file 1572309017.7550037 1572309017.9614766 bigbrain_769_1206_1388.nii 139961436051264
increment_file 1572309017.9618146 1572309062.518142 bigbrain_769_1206_1388.nii 139961436051264
write_file 1572309062.5214787 1572309063.2058187 inc-bigbrain_769_1206_1388.nii 139961436051264
task_duration 1572309017.7540646 1572309063.2191584 1572308127-local_1it_25cpus_40bb-2 139961436051264
read_file 1572309017.9789228 1572309018.0462286 bigbrain_769_1206_2082.nii 140433978554176
increment_file 1572309018.0465765 1572309070.566662 bigbrain_769_1206_2082.nii 140433978554176
write_file 1572309070.5685816 1572309071.071128 inc-bigbrain_769_1206_2082.nii 140433978554176
task_duration 1572309017.9779685 1572309071.0836022 1572308127-local_1it_25cpus_40bb-2 140433978554176
read_file 1572309018.7246792 1572309018.9143975 bigbrain_769_1809_0.nii 140619666769728
increment_file 1572309018.914734 1572309067.7266586 bigbrain_769_1809_0.nii 140619666769728
write_file 1572309067.728948 1572309068.2466247 inc-bigbrain_769_1809_0.nii 140619666769728
task_duration 1572309018.7237616 1572309068.2596462 1572308127-local_1it_25cpus_40bb-2 140619666769728
read_file 1572309018.7038298 1572309018.9147136 bigbrain_769_1206_2776.nii 139851528271680
increment_file 1572309018.9150536 1572309067.469994 bigbrain_769_1206_2776.nii 139851528271680
write_file 1572309067.471822 1572309067.9846108 inc-bigbrain_769_1206_2776.nii 139851528271680
task_duration 1572309018.7029 1572309067.9967768 1572308127-local_1it_25cpus_40bb-2 139851528271680
read_file 1572309018.7492497 1572309019.0243015 bigbrain_769_1206_694.nii 140548981626688
increment_file 1572309019.0246735 1572309065.8788583 bigbrain_769_1206_694.nii 140548981626688
write_file 1572309065.8811095 1572309066.380817 inc-bigbrain_769_1206_694.nii 140548981626688
task_duration 1572309018.748253 1572309066.392898 1572308127-local_1it_25cpus_40bb-2 140548981626688
read_file 1572309020.9062278 1572309021.2154412 bigbrain_769_1809_1388.nii 140509625182016
increment_file 1572309021.215759 1572309068.5298107 bigbrain_769_1809_1388.nii 140509625182016
write_file 1572309068.53156 1572309069.0114489 inc-bigbrain_769_1809_1388.nii 140509625182016
task_duration 1572309020.9052978 1572309069.0232573 1572308127-local_1it_25cpus_40bb-2 140509625182016
read_file 1572309021.9948266 1572309022.3239424 bigbrain_769_1809_2082.nii 140122071770944
increment_file 1572309022.3242607 1572309065.6377962 bigbrain_769_1809_2082.nii 140122071770944
write_file 1572309065.6401396 1572309066.1808727 inc-bigbrain_769_1809_2082.nii 140122071770944
task_duration 1572309021.9937818 1572309066.1931994 1572308127-local_1it_25cpus_40bb-2 140122071770944
read_file 1572309022.5747514 1572309022.656974 bigbrain_769_1809_2776.nii 140420630001472
increment_file 1572309022.6573246 1572309065.4022691 bigbrain_769_1809_2776.nii 140420630001472
write_file 1572309065.405287 1572309065.986157 inc-bigbrain_769_1809_2776.nii 140420630001472
task_duration 1572309022.573382 1572309065.9981186 1572308127-local_1it_25cpus_40bb-2 140420630001472
read_file 1572309023.6230922 1572309023.778127 bigbrain_769_1809_694.nii 140445542471488
increment_file 1572309023.7783084 1572309069.241814 bigbrain_769_1809_694.nii 140445542471488
write_file 1572309069.2436569 1572309069.8936336 inc-bigbrain_769_1809_694.nii 140445542471488
task_duration 1572309023.6221888 1572309069.9067822 1572308127-local_1it_25cpus_40bb-2 140445542471488
read_file 1572309023.8981068 1572309023.9617975 bigbrain_769_2412_1388.nii 140022931351360
increment_file 1572309023.9621239 1572309071.8272707 bigbrain_769_2412_1388.nii 140022931351360
write_file 1572309071.8280342 1572309072.3272028 inc-bigbrain_769_2412_1388.nii 140022931351360
task_duration 1572309023.8971593 1572309072.33997 1572308127-local_1it_25cpus_40bb-2 140022931351360
read_file 1572309023.89126 1572309024.1007233 bigbrain_769_2412_0.nii 139624925890368
increment_file 1572309024.1010664 1572309071.2028058 bigbrain_769_2412_0.nii 139624925890368
write_file 1572309071.2050521 1572309071.7775223 inc-bigbrain_769_2412_0.nii 139624925890368
task_duration 1572309023.8902736 1572309071.7913046 1572308127-local_1it_25cpus_40bb-2 139624925890368
read_file 1572309024.5322704 1572309024.6778352 bigbrain_769_2412_2082.nii 140225522186048
increment_file 1572309024.678171 1572309072.5374837 bigbrain_769_2412_2082.nii 140225522186048
read_file 1572309027.6084487 1572309027.8309271 bigbrain_769_2412_2776.nii 140158214031168
increment_file 1572309027.831277 1572309072.630537 bigbrain_769_2412_2776.nii 140158214031168
read_file 1572309028.4438589 1572309028.5953777 bigbrain_769_2412_694.nii 140241752651584
increment_file 1572309028.5957155 1572309072.666484 bigbrain_769_2412_694.nii 140241752651584
read_file 1572309028.7962978 1572309029.0787356 bigbrain_769_603_0.nii 140053560411968
increment_file 1572309029.079081 1572309074.0735862 bigbrain_769_603_0.nii 140053560411968
read_file 1572309031.4001555 1572309031.6077278 bigbrain_769_603_1388.nii 140689576355648
increment_file 1572309031.6080775 1572309073.041615 bigbrain_769_603_1388.nii 140689576355648
read_file 1572309035.8357406 1572309035.836685 bigbrain_769_603_2082.nii 140143833315136
increment_file 1572309035.8368294 1572309036.2814867 bigbrain_769_603_2082.nii 140143833315136
write_file 1572309036.2821767 1572309036.8259804 inc-bigbrain_769_603_2082.nii 140143833315136
task_duration 1572309035.834845 1572309036.8364377 1572308127-local_1it_25cpus_40bb-2 140143833315136
read_file 1572309036.1382658 1572309036.3933682 bigbrain_769_603_2776.nii 140194567276352
increment_file 1572309036.3936915 1572309072.9318254 bigbrain_769_603_2776.nii 140194567276352
read_file 1572309036.2400868 1572309036.4522002 bigbrain_769_603_694.nii 140074191787840
increment_file 1572309036.4525332 1572309075.3352315 bigbrain_769_603_694.nii 140074191787840
