read_file 1572376658.3338552 1572376658.3367367 bigbrain_0_603_1388.nii 140473015215936
increment_file 1572376658.3368874 1572376696.6225584 bigbrain_0_603_1388.nii 140473015215936
write_file 1572376696.6247566 1572376697.0943747 inc-bigbrain_0_603_1388.nii 140473015215936
task_duration 1572376658.3310173 1572376697.106525 1572375958-localAD_1it_25cpus_40bb-0 140473015215936
read_file 1572376658.3338575 1572376658.337266 bigbrain_0_0_0.nii 139660854298432
increment_file 1572376658.3373919 1572376697.8759627 bigbrain_0_0_0.nii 139660854298432
write_file 1572376697.8781126 1572376698.362529 inc-bigbrain_0_0_0.nii 139660854298432
task_duration 1572376658.3310015 1572376698.3761942 1572375958-localAD_1it_25cpus_40bb-0 139660854298432
read_file 1572376658.3338623 1572376658.3373122 bigbrain_0_1206_2082.nii 139784966059840
increment_file 1572376658.3374305 1572376697.7631116 bigbrain_0_1206_2082.nii 139784966059840
write_file 1572376697.7651973 1572376698.2624018 inc-bigbrain_0_1206_2082.nii 139784966059840
task_duration 1572376658.3310397 1572376698.2752204 1572375958-localAD_1it_25cpus_40bb-0 139784966059840
read_file 1572376658.3338528 1572376658.3378592 bigbrain_0_1809_694.nii 140179178317632
increment_file 1572376658.3380432 1572376696.9927065 bigbrain_0_1809_694.nii 140179178317632
write_file 1572376696.9945467 1572376697.471235 inc-bigbrain_0_1809_694.nii 140179178317632
task_duration 1572376658.3310227 1572376697.4827323 1572375958-localAD_1it_25cpus_40bb-0 140179178317632
read_file 1572376658.333909 1572376658.3380382 bigbrain_0_2412_2082.nii 140513406330688
increment_file 1572376658.36944 1572376699.5313551 bigbrain_0_2412_2082.nii 140513406330688
write_file 1572376699.5334377 1572376700.0648432 inc-bigbrain_0_2412_2082.nii 140513406330688
task_duration 1572376658.3316832 1572376700.0793655 1572375958-localAD_1it_25cpus_40bb-0 140513406330688
read_file 1572376658.3338702 1572376658.33804 bigbrain_0_1206_2776.nii 140411268085568
increment_file 1572376658.3695376 1572376698.326593 bigbrain_0_1206_2776.nii 140411268085568
write_file 1572376698.3288488 1572376698.8662107 inc-bigbrain_0_1206_2776.nii 140411268085568
task_duration 1572376658.3310905 1572376698.8800676 1572375958-localAD_1it_25cpus_40bb-0 140411268085568
read_file 1572376658.3338664 1572376658.3380437 bigbrain_0_1809_2082.nii 140100594837312
increment_file 1572376658.3696263 1572376698.5238585 bigbrain_0_1809_2082.nii 140100594837312
write_file 1572376698.5249524 1572376699.0706558 inc-bigbrain_0_1809_2082.nii 140100594837312
task_duration 1572376658.3310277 1572376699.08677 1572375958-localAD_1it_25cpus_40bb-0 140100594837312
read_file 1572376658.333896 1572376658.3380444 bigbrain_0_603_694.nii 140575380019008
increment_file 1572376658.3697429 1572376695.0489395 bigbrain_0_603_694.nii 140575380019008
write_file 1572376695.0820882 1572376695.5636127 inc-bigbrain_0_603_694.nii 140575380019008
task_duration 1572376658.3314335 1572376695.5754654 1572375958-localAD_1it_25cpus_40bb-0 140575380019008
read_file 1572376658.3338969 1572376658.3381076 bigbrain_0_0_694.nii 139760968677184
increment_file 1572376658.369887 1572376700.0025501 bigbrain_0_0_694.nii 139760968677184
write_file 1572376700.00489 1572376700.4849582 inc-bigbrain_0_0_694.nii 139760968677184
task_duration 1572376658.331293 1572376700.496662 1572375958-localAD_1it_25cpus_40bb-0 139760968677184
read_file 1572376658.3338885 1572376658.3381083 bigbrain_0_2412_1388.nii 140009117505344
increment_file 1572376658.3699963 1572376696.893128 bigbrain_0_2412_1388.nii 140009117505344
write_file 1572376696.8957107 1572376697.3948574 inc-bigbrain_0_2412_1388.nii 140009117505344
task_duration 1572376658.3311353 1572376697.4069967 1572375958-localAD_1it_25cpus_40bb-0 140009117505344
read_file 1572376658.3339126 1572376658.3381824 bigbrain_0_1206_0.nii 140685560047424
increment_file 1572376658.3700607 1572376698.2143245 bigbrain_0_1206_0.nii 140685560047424
write_file 1572376698.2168312 1572376698.7400672 inc-bigbrain_0_1206_0.nii 140685560047424
task_duration 1572376658.3319113 1572376698.752045 1572375958-localAD_1it_25cpus_40bb-0 140685560047424
read_file 1572376658.336179 1572376658.3512568 bigbrain_0_1206_694.nii 140509906573120
increment_file 1572376658.3701427 1572376698.1467323 bigbrain_0_1206_694.nii 140509906573120
write_file 1572376698.1489463 1572376698.7665007 inc-bigbrain_0_1206_694.nii 140509906573120
task_duration 1572376658.3350909 1572376698.7826977 1572375958-localAD_1it_25cpus_40bb-0 140509906573120
read_file 1572376658.333917 1572376658.3514366 bigbrain_0_603_2082.nii 140397661378368
increment_file 1572376658.3702323 1572376698.106355 bigbrain_0_603_2082.nii 140397661378368
write_file 1572376698.1084895 1572376698.6323388 inc-bigbrain_0_603_2082.nii 140397661378368
task_duration 1572376658.330885 1572376698.6454873 1572375958-localAD_1it_25cpus_40bb-0 140397661378368
read_file 1572376658.3339243 1572376658.351485 bigbrain_0_1809_0.nii 140279584040768
increment_file 1572376658.3703556 1572376707.4739554 bigbrain_0_1809_0.nii 140279584040768
write_file 1572376707.4764555 1572376707.9636638 inc-bigbrain_0_1809_0.nii 140279584040768
task_duration 1572376658.331838 1572376707.9753964 1572375958-localAD_1it_25cpus_40bb-0 140279584040768
read_file 1572376658.333923 1572376658.3515675 bigbrain_0_0_2082.nii 140310498383680
increment_file 1572376658.3705645 1572376697.8041012 bigbrain_0_0_2082.nii 140310498383680
write_file 1572376697.8059537 1572376698.2964005 inc-bigbrain_0_0_2082.nii 140310498383680
task_duration 1572376658.3320155 1572376698.3102226 1572375958-localAD_1it_25cpus_40bb-0 140310498383680
read_file 1572376658.3354976 1572376658.3521867 bigbrain_0_1809_1388.nii 139813156517696
increment_file 1572376658.3706605 1572376658.7536027 bigbrain_0_1809_1388.nii 139813156517696
write_file 1572376658.7543466 1572376659.2157342 inc-bigbrain_0_1809_1388.nii 139813156517696
task_duration 1572376658.3344092 1572376659.2265499 1572375958-localAD_1it_25cpus_40bb-0 139813156517696
read_file 1572376658.3373485 1572376658.3923151 bigbrain_0_1809_2776.nii 140301049206592
increment_file 1572376658.3926501 1572376698.3482924 bigbrain_0_1809_2776.nii 140301049206592
write_file 1572376698.3504188 1572376698.8874426 inc-bigbrain_0_1809_2776.nii 140301049206592
task_duration 1572376658.3359375 1572376698.903537 1572375958-localAD_1it_25cpus_40bb-0 140301049206592
read_file 1572376658.3360283 1572376658.3995576 bigbrain_0_0_1388.nii 140688583042880
increment_file 1572376658.3998601 1572376697.8038673 bigbrain_0_0_1388.nii 140688583042880
write_file 1572376697.8060153 1572376698.2962897 inc-bigbrain_0_0_1388.nii 140688583042880
task_duration 1572376658.335028 1572376698.3099322 1572375958-localAD_1it_25cpus_40bb-0 140688583042880
read_file 1572376658.3371546 1572376658.3996294 bigbrain_0_2412_694.nii 139714385602368
increment_file 1572376658.3999352 1572376695.9031253 bigbrain_0_2412_694.nii 139714385602368
write_file 1572376695.9053495 1572376696.364858 inc-bigbrain_0_2412_694.nii 139714385602368
task_duration 1572376658.3358023 1572376696.3763647 1572375958-localAD_1it_25cpus_40bb-0 139714385602368
read_file 1572376658.3355877 1572376658.3998861 bigbrain_0_2412_0.nii 140056240015168
increment_file 1572376658.4001944 1572376696.6126814 bigbrain_0_2412_0.nii 140056240015168
write_file 1572376696.6148908 1572376697.1308234 inc-bigbrain_0_2412_0.nii 140056240015168
task_duration 1572376658.3344717 1572376697.1446705 1572375958-localAD_1it_25cpus_40bb-0 140056240015168
read_file 1572376658.337073 1572376658.4196327 bigbrain_0_1206_1388.nii 140701091710784
increment_file 1572376658.4199226 1572376696.9816375 bigbrain_0_1206_1388.nii 140701091710784
write_file 1572376696.984307 1572376697.4881704 inc-bigbrain_0_1206_1388.nii 140701091710784
task_duration 1572376658.3357568 1572376697.500544 1572375958-localAD_1it_25cpus_40bb-0 140701091710784
read_file 1572376658.3365173 1572376658.4273994 bigbrain_0_0_2776.nii 140577666115392
increment_file 1572376658.4276767 1572376694.7230372 bigbrain_0_0_2776.nii 140577666115392
write_file 1572376694.725164 1572376695.563261 inc-bigbrain_0_0_2776.nii 140577666115392
task_duration 1572376658.3355339 1572376695.5743968 1572375958-localAD_1it_25cpus_40bb-0 140577666115392
read_file 1572376658.3347652 1572376658.427907 bigbrain_0_603_2776.nii 140450117084992
increment_file 1572376658.4282515 1572376694.7226806 bigbrain_0_603_2776.nii 140450117084992
write_file 1572376694.7248807 1572376695.560455 inc-bigbrain_0_603_2776.nii 140450117084992
task_duration 1572376658.3329976 1572376695.5722542 1572375958-localAD_1it_25cpus_40bb-0 140450117084992
read_file 1572376658.3347652 1572376658.4286077 bigbrain_0_603_0.nii 140580901783360
increment_file 1572376658.42894 1572376694.802917 bigbrain_0_603_0.nii 140580901783360
write_file 1572376695.0827463 1572376695.6196036 inc-bigbrain_0_603_0.nii 140580901783360
task_duration 1572376658.3329992 1572376695.6332364 1572375958-localAD_1it_25cpus_40bb-0 140580901783360
read_file 1572376658.3354497 1572376658.6064007 bigbrain_0_2412_2776.nii 140240569481024
increment_file 1572376658.6067502 1572376697.6571722 bigbrain_0_2412_2776.nii 140240569481024
write_file 1572376697.6587067 1572376698.1555028 inc-bigbrain_0_2412_2776.nii 140240569481024
task_duration 1572376658.33431 1572376698.168129 1572375958-localAD_1it_25cpus_40bb-0 140240569481024
read_file 1572376659.483077 1572376659.616212 bigbrain_1538_0_0.nii 140620850743104
increment_file 1572376659.616538 1572376698.795892 bigbrain_1538_0_0.nii 140620850743104
write_file 1572376698.7969077 1572376699.2888334 inc-bigbrain_1538_0_0.nii 140620850743104
task_duration 1572376659.4822211 1572376699.3011322 1572375958-localAD_1it_25cpus_40bb-0 140620850743104
read_file 1572376695.8932245 1572376696.137234 bigbrain_1538_0_1388.nii 139668263343936
increment_file 1572376696.1374652 1572376729.9578018 bigbrain_1538_0_1388.nii 139668263343936
write_file 1572376729.9604633 1572376730.445357 inc-bigbrain_1538_0_1388.nii 139668263343936
task_duration 1572376695.8922336 1572376730.456862 1572375958-localAD_1it_25cpus_40bb-0 139668263343936
read_file 1572376695.9498918 1572376696.2831075 bigbrain_1538_0_694.nii 140158423914304
increment_file 1572376696.2834337 1572376728.440043 bigbrain_1538_0_694.nii 140158423914304
write_file 1572376728.4427748 1572376728.9021924 inc-bigbrain_1538_0_694.nii 140158423914304
task_duration 1572376695.9489233 1572376728.9131317 1572375958-localAD_1it_25cpus_40bb-0 140158423914304
read_file 1572376695.8940165 1572376696.3298018 bigbrain_1538_0_2776.nii 140553516324672
increment_file 1572376696.3300977 1572376728.115429 bigbrain_1538_0_2776.nii 140553516324672
write_file 1572376728.1185606 1572376728.6545537 inc-bigbrain_1538_0_2776.nii 140553516324672
task_duration 1572376695.8927286 1572376728.6670659 1572375958-localAD_1it_25cpus_40bb-0 140553516324672
read_file 1572376695.8979545 1572376696.4062319 bigbrain_1538_0_2082.nii 139643741771584
increment_file 1572376696.4065323 1572376729.7649252 bigbrain_1538_0_2082.nii 139643741771584
write_file 1572376729.7666533 1572376730.2473392 inc-bigbrain_1538_0_2082.nii 139643741771584
task_duration 1572376695.8970282 1572376730.2584069 1572375958-localAD_1it_25cpus_40bb-0 139643741771584
read_file 1572376696.628537 1572376696.8347175 bigbrain_1538_1206_0.nii 140003068831552
increment_file 1572376696.8350317 1572376731.4600317 bigbrain_1538_1206_0.nii 140003068831552
write_file 1572376731.4627411 1572376732.0118394 inc-bigbrain_1538_1206_0.nii 140003068831552
task_duration 1572376696.6276531 1572376732.0263329 1572375958-localAD_1it_25cpus_40bb-0 140003068831552
read_file 1572376697.4389994 1572376697.486251 bigbrain_1538_1206_2082.nii 140219348203328
increment_file 1572376697.486476 1572376729.4513643 bigbrain_1538_1206_2082.nii 140219348203328
write_file 1572376729.4531295 1572376729.9446352 inc-bigbrain_1538_1206_2082.nii 140219348203328
task_duration 1572376697.4380672 1572376729.95623 1572375958-localAD_1it_25cpus_40bb-0 140219348203328
read_file 1572376697.4015956 1572376697.516929 bigbrain_1538_1206_1388.nii 139871767430976
increment_file 1572376697.5171437 1572376731.2413113 bigbrain_1538_1206_1388.nii 139871767430976
write_file 1572376731.244019 1572376731.8289204 inc-bigbrain_1538_1206_1388.nii 139871767430976
task_duration 1572376697.4006553 1572376731.843123 1572375958-localAD_1it_25cpus_40bb-0 139871767430976
read_file 1572376697.707412 1572376697.8043852 bigbrain_1538_1206_2776.nii 140314753455936
increment_file 1572376697.8047068 1572376729.6366498 bigbrain_1538_1206_2776.nii 140314753455936
write_file 1572376729.638325 1572376730.1472452 inc-bigbrain_1538_1206_2776.nii 140314753455936
task_duration 1572376697.7063465 1572376730.1641574 1572375958-localAD_1it_25cpus_40bb-0 140314753455936
read_file 1572376697.8020728 1572376697.8767285 bigbrain_1538_1809_0.nii 140256382547776
increment_file 1572376697.877075 1572376730.4476142 bigbrain_1538_1809_0.nii 140256382547776
write_file 1572376730.449269 1572376730.93329 inc-bigbrain_1538_1809_0.nii 140256382547776
task_duration 1572376697.8011534 1572376730.9451783 1572375958-localAD_1it_25cpus_40bb-0 140256382547776
read_file 1572376697.8008597 1572376697.8969693 bigbrain_1538_1206_694.nii 139716452529984
increment_file 1572376697.8973007 1572376730.0867982 bigbrain_1538_1206_694.nii 139716452529984
write_file 1572376730.088678 1572376730.6376257 inc-bigbrain_1538_1206_694.nii 139716452529984
task_duration 1572376697.799711 1572376730.6500745 1572375958-localAD_1it_25cpus_40bb-0 139716452529984
read_file 1572376698.4723015 1572376698.5562418 bigbrain_1538_1809_1388.nii 139835110135616
increment_file 1572376698.5564723 1572376730.819908 bigbrain_1538_1809_1388.nii 139835110135616
write_file 1572376730.8215644 1572376731.3092117 inc-bigbrain_1538_1809_1388.nii 139835110135616
task_duration 1572376698.4707022 1572376731.3208215 1572375958-localAD_1it_25cpus_40bb-0 139835110135616
read_file 1572376698.5968359 1572376698.6406221 bigbrain_1538_1809_2082.nii 139742145013568
increment_file 1572376698.640967 1572376730.881541 bigbrain_1538_1809_2082.nii 139742145013568
write_file 1572376730.8832066 1572376731.3696945 inc-bigbrain_1538_1809_2082.nii 139742145013568
task_duration 1572376698.5957391 1572376731.3810427 1572375958-localAD_1it_25cpus_40bb-0 139742145013568
read_file 1572376698.6281629 1572376698.724097 bigbrain_1538_1809_2776.nii 139856900081472
increment_file 1572376698.7244377 1572376733.0645993 bigbrain_1538_1809_2776.nii 139856900081472
write_file 1572376733.066372 1572376733.5550327 inc-bigbrain_1538_1809_2776.nii 139856900081472
task_duration 1572376698.6270955 1572376733.5663974 1572375958-localAD_1it_25cpus_40bb-0 139856900081472
read_file 1572376698.6607435 1572376698.7443373 bigbrain_1538_1809_694.nii 140617458034496
increment_file 1572376698.7447097 1572376736.2461288 bigbrain_1538_1809_694.nii 140617458034496
write_file 1572376736.2484543 1572376736.7294178 inc-bigbrain_1538_1809_694.nii 140617458034496
task_duration 1572376698.6596034 1572376736.7409737 1572375958-localAD_1it_25cpus_40bb-0 140617458034496
read_file 1572376698.719751 1572376698.806056 bigbrain_1538_2412_0.nii 140334930147136
increment_file 1572376698.8063755 1572376735.6240246 bigbrain_1538_2412_0.nii 140334930147136
write_file 1572376735.625669 1572376736.2117605 inc-bigbrain_1538_2412_0.nii 140334930147136
task_duration 1572376698.718804 1572376736.2250504 1572375958-localAD_1it_25cpus_40bb-0 140334930147136
read_file 1572376699.0390506 1572376699.0402308 bigbrain_1538_2412_2082.nii 140538305353536
increment_file 1572376699.0403824 1572376699.4345212 bigbrain_1538_2412_2082.nii 140538305353536
write_file 1572376699.435392 1572376699.9216132 inc-bigbrain_1538_2412_2082.nii 140538305353536
task_duration 1572376699.0379536 1572376699.9335368 1572375958-localAD_1it_25cpus_40bb-0 140538305353536
read_file 1572376698.9266233 1572376699.088083 bigbrain_1538_2412_1388.nii 139854760281920
increment_file 1572376699.0882518 1572376735.1198547 bigbrain_1538_2412_1388.nii 139854760281920
write_file 1572376735.1215878 1572376735.7965388 inc-bigbrain_1538_2412_1388.nii 139854760281920
task_duration 1572376698.9255507 1572376735.812223 1572375958-localAD_1it_25cpus_40bb-0 139854760281920
read_file 1572376699.1148405 1572376699.236593 bigbrain_1538_2412_2776.nii 140039706990400
increment_file 1572376699.2369466 1572376736.7560117 bigbrain_1538_2412_2776.nii 140039706990400
write_file 1572376736.7576704 1572376737.239767 inc-bigbrain_1538_2412_2776.nii 140039706990400
task_duration 1572376699.1137385 1572376737.2523255 1572375958-localAD_1it_25cpus_40bb-0 140039706990400
read_file 1572376699.208809 1572376699.2881815 bigbrain_1538_603_0.nii 140411398428480
increment_file 1572376699.2885146 1572376736.6427913 bigbrain_1538_603_0.nii 140411398428480
write_file 1572376736.6444178 1572376737.1196132 inc-bigbrain_1538_603_0.nii 140411398428480
task_duration 1572376699.2077322 1572376737.131265 1572375958-localAD_1it_25cpus_40bb-0 140411398428480
read_file 1572376699.1741998 1572376699.29769 bigbrain_1538_2412_694.nii 139635926161216
increment_file 1572376699.2979994 1572376749.1304443 bigbrain_1538_2412_694.nii 139635926161216
write_file 1572376749.1323123 1572376749.628629 inc-bigbrain_1538_2412_694.nii 139635926161216
task_duration 1572376699.1732593 1572376749.6401575 1572375958-localAD_1it_25cpus_40bb-0 139635926161216
read_file 1572376699.359818 1572376699.4787116 bigbrain_1538_603_1388.nii 139897676773184
increment_file 1572376699.4789596 1572376736.5952594 bigbrain_1538_603_1388.nii 139897676773184
write_file 1572376736.5969932 1572376737.084673 inc-bigbrain_1538_603_1388.nii 139897676773184
task_duration 1572376699.3588715 1572376737.0962243 1572375958-localAD_1it_25cpus_40bb-0 139897676773184
read_file 1572376699.538942 1572376699.6255229 bigbrain_1538_603_2082.nii 140152065980224
increment_file 1572376699.6258452 1572376734.9936566 bigbrain_1538_603_2082.nii 140152065980224
write_file 1572376734.995534 1572376735.5006711 inc-bigbrain_1538_603_2082.nii 140152065980224
task_duration 1572376699.5380266 1572376735.5118701 1572375958-localAD_1it_25cpus_40bb-0 140152065980224
read_file 1572376700.1899152 1572376700.2567236 bigbrain_1538_603_2776.nii 140026325948224
increment_file 1572376700.2570589 1572376739.1877186 bigbrain_1538_603_2776.nii 140026325948224
write_file 1572376739.1904068 1572376739.7717679 inc-bigbrain_1538_603_2776.nii 140026325948224
task_duration 1572376700.1889024 1572376739.7861679 1572375958-localAD_1it_25cpus_40bb-0 140026325948224
read_file 1572376700.332934 1572376700.4664 bigbrain_1538_603_694.nii 140014041626432
increment_file 1572376700.466725 1572376737.8663332 bigbrain_1538_603_694.nii 140014041626432
write_file 1572376737.8677378 1572376738.3487158 inc-bigbrain_1538_603_694.nii 140014041626432
task_duration 1572376700.3320186 1572376738.360288 1572375958-localAD_1it_25cpus_40bb-0 140014041626432
read_file 1572376700.7632804 1572376700.876627 bigbrain_2307_0_0.nii 139862486976320
increment_file 1572376700.8769813 1572376738.4752836 bigbrain_2307_0_0.nii 139862486976320
write_file 1572376738.4762309 1572376738.9438174 inc-bigbrain_2307_0_0.nii 139862486976320
task_duration 1572376700.7620966 1572376738.9551647 1572375958-localAD_1it_25cpus_40bb-0 139862486976320
read_file 1572376708.239819 1572376708.3022275 bigbrain_2307_0_1388.nii 139948933564224
increment_file 1572376708.3025613 1572376758.1199512 bigbrain_2307_0_1388.nii 139948933564224
write_file 1572376758.1221411 1572376758.6203856 inc-bigbrain_2307_0_1388.nii 139948933564224
task_duration 1572376708.2388732 1572376758.6314392 1572375958-localAD_1it_25cpus_40bb-0 139948933564224
read_file 1572376728.9279842 1572376729.1277187 bigbrain_2307_0_2082.nii 140284103366464
increment_file 1572376729.1280656 1572376799.352973 bigbrain_2307_0_2082.nii 140284103366464
write_file 1572376799.3558536 1572376799.8744793 inc-bigbrain_2307_0_2082.nii 140284103366464
task_duration 1572376728.927065 1572376799.8861437 1572375958-localAD_1it_25cpus_40bb-0 140284103366464
read_file 1572376729.1711159 1572376729.4745915 bigbrain_2307_0_2776.nii 140358090368832
increment_file 1572376729.474966 1572376793.2553442 bigbrain_2307_0_2776.nii 140358090368832
write_file 1572376793.2579963 1572376793.7428062 inc-bigbrain_2307_0_2776.nii 140358090368832
task_duration 1572376729.1701665 1572376793.7537503 1572375958-localAD_1it_25cpus_40bb-0 140358090368832
read_file 1572376730.2095718 1572376730.3895168 bigbrain_2307_0_694.nii 139986723329856
increment_file 1572376730.3897126 1572376807.9372656 bigbrain_2307_0_694.nii 139986723329856
write_file 1572376807.9390833 1572376808.4082873 inc-bigbrain_2307_0_694.nii 139986723329856
task_duration 1572376730.2086334 1572376808.4202588 1572375958-localAD_1it_25cpus_40bb-0 139986723329856
read_file 1572376730.433723 1572376730.7018793 bigbrain_2307_1206_0.nii 140385138177856
increment_file 1572376730.7020884 1572376796.654949 bigbrain_2307_1206_0.nii 140385138177856
write_file 1572376796.6564763 1572376797.1455002 inc-bigbrain_2307_1206_0.nii 140385138177856
task_duration 1572376730.4327965 1572376797.156811 1572375958-localAD_1it_25cpus_40bb-0 140385138177856
read_file 1572376730.5530932 1572376730.702531 bigbrain_2307_1206_1388.nii 140374510344000
increment_file 1572376730.702852 1572376796.5822856 bigbrain_2307_1206_1388.nii 140374510344000
write_file 1572376796.5839586 1572376797.1283834 inc-bigbrain_2307_1206_1388.nii 140374510344000
task_duration 1572376730.5518522 1572376797.1401424 1572375958-localAD_1it_25cpus_40bb-0 140374510344000
read_file 1572376730.7407064 1572376730.8222535 bigbrain_2307_1206_2082.nii 140308763166528
increment_file 1572376730.822559 1572376794.799293 bigbrain_2307_1206_2082.nii 140308763166528
write_file 1572376794.8009841 1572376795.2984972 inc-bigbrain_2307_1206_2082.nii 140308763166528
task_duration 1572376730.7397776 1572376795.3101017 1572375958-localAD_1it_25cpus_40bb-0 140308763166528
read_file 1572376730.9031694 1572376731.082026 bigbrain_2307_1206_2776.nii 139736609646400
increment_file 1572376731.0822916 1572376795.4935253 bigbrain_2307_1206_2776.nii 139736609646400
write_file 1572376795.4951856 1572376795.9722457 inc-bigbrain_2307_1206_2776.nii 139736609646400
task_duration 1572376730.9022486 1572376795.9836485 1572375958-localAD_1it_25cpus_40bb-0 139736609646400
read_file 1572376731.193231 1572376731.4015 bigbrain_2307_1206_694.nii 140333250836288
increment_file 1572376731.4018607 1572376789.1441355 bigbrain_2307_1206_694.nii 140333250836288
write_file 1572376789.1468198 1572376789.64027 inc-bigbrain_2307_1206_694.nii 140333250836288
task_duration 1572376731.1922507 1572376789.651222 1572375958-localAD_1it_25cpus_40bb-0 140333250836288
read_file 1572376731.6063461 1572376731.7051241 bigbrain_2307_1809_0.nii 139877484480320
increment_file 1572376731.705458 1572376793.9609756 bigbrain_2307_1809_0.nii 139877484480320
write_file 1572376793.9626143 1572376794.4447732 inc-bigbrain_2307_1809_0.nii 139877484480320
task_duration 1572376731.605407 1572376794.456226 1572375958-localAD_1it_25cpus_40bb-0 139877484480320
read_file 1572376731.6722283 1572376731.7281663 bigbrain_2307_1809_1388.nii 139921024845632
increment_file 1572376731.728499 1572376789.8356905 bigbrain_2307_1809_1388.nii 139921024845632
write_file 1572376789.8366597 1572376790.30691 inc-bigbrain_2307_1809_1388.nii 139921024845632
task_duration 1572376731.6713002 1572376790.3179398 1572375958-localAD_1it_25cpus_40bb-0 139921024845632
read_file 1572376732.1033099 1572376732.2428558 bigbrain_2307_1809_2082.nii 139907560826688
increment_file 1572376732.2431777 1572376790.2647624 bigbrain_2307_1809_2082.nii 139907560826688
write_file 1572376790.266503 1572376790.7535763 inc-bigbrain_2307_1809_2082.nii 139907560826688
task_duration 1572376732.1023898 1572376790.7647934 1572375958-localAD_1it_25cpus_40bb-0 139907560826688
read_file 1572376732.2781386 1572376732.600969 bigbrain_2307_1809_2776.nii 140545142904640
increment_file 1572376732.6013038 1572376790.0224016 bigbrain_2307_1809_2776.nii 140545142904640
write_file 1572376790.02406 1572376790.5010579 inc-bigbrain_2307_1809_2776.nii 140545142904640
task_duration 1572376732.2772403 1572376790.5132265 1572375958-localAD_1it_25cpus_40bb-0 140545142904640
read_file 1572376733.8201435 1572376733.8925793 bigbrain_2307_1809_694.nii 140644529313600
increment_file 1572376733.892922 1572376790.5266066 bigbrain_2307_1809_694.nii 140644529313600
write_file 1572376790.5280716 1572376791.0068846 inc-bigbrain_2307_1809_694.nii 140644529313600
task_duration 1572376733.8191779 1572376791.018341 1572375958-localAD_1it_25cpus_40bb-0 140644529313600
read_file 1572376735.7621884 1572376735.9366488 bigbrain_2307_2412_0.nii 140263063684928
increment_file 1572376735.936874 1572376802.2823944 bigbrain_2307_2412_0.nii 140263063684928
write_file 1572376802.2843053 1572376802.774697 inc-bigbrain_2307_2412_0.nii 140263063684928
task_duration 1572376735.7612665 1572376802.7860959 1572375958-localAD_1it_25cpus_40bb-0 140263063684928
read_file 1572376736.089765 1572376736.2562833 bigbrain_2307_2412_1388.nii 140140011812672
increment_file 1572376736.2565885 1572376799.510327 bigbrain_2307_2412_1388.nii 140140011812672
write_file 1572376799.512265 1572376799.9996066 inc-bigbrain_2307_2412_1388.nii 140140011812672
task_duration 1572376736.0886383 1572376800.0121794 1572375958-localAD_1it_25cpus_40bb-0 140140011812672
read_file 1572376736.4957972 1572376736.6429162 bigbrain_2307_2412_2082.nii 140503283660608
increment_file 1572376736.6432402 1572376797.1186328 bigbrain_2307_2412_2082.nii 140503283660608
write_file 1572376797.121189 1572376797.64223 inc-bigbrain_2307_2412_2082.nii 140503283660608
task_duration 1572376736.4945183 1572376797.6548347 1572375958-localAD_1it_25cpus_40bb-0 140503283660608
read_file 1572376737.001908 1572376737.0686908 bigbrain_2307_2412_2776.nii 140374998996800
increment_file 1572376737.0690448 1572376797.0593154 bigbrain_2307_2412_2776.nii 140374998996800
write_file 1572376797.0610688 1572376797.5527537 inc-bigbrain_2307_2412_2776.nii 140374998996800
task_duration 1572376737.0009706 1572376797.5640976 1572375958-localAD_1it_25cpus_40bb-0 140374998996800
read_file 1572376737.3829904 1572376737.3843896 bigbrain_2307_2412_694.nii 139639465105216
increment_file 1572376737.3845594 1572376737.7261992 bigbrain_2307_2412_694.nii 139639465105216
write_file 1572376737.7269492 1572376738.2063644 inc-bigbrain_2307_2412_694.nii 139639465105216
task_duration 1572376737.3816953 1572376738.216825 1572375958-localAD_1it_25cpus_40bb-0 139639465105216
read_file 1572376737.518103 1572376737.613872 bigbrain_2307_603_1388.nii 139793565161280
increment_file 1572376737.6141813 1572376795.9865603 bigbrain_2307_603_1388.nii 139793565161280
write_file 1572376795.988238 1572376796.4865868 inc-bigbrain_2307_603_1388.nii 139793565161280
task_duration 1572376737.5172117 1572376796.4979851 1572375958-localAD_1it_25cpus_40bb-0 139793565161280
read_file 1572376737.430075 1572376737.634524 bigbrain_2307_603_0.nii 140343119042368
increment_file 1572376737.63487 1572376807.773925 bigbrain_2307_603_0.nii 140343119042368
write_file 1572376807.77572 1572376808.2552261 inc-bigbrain_2307_603_0.nii 140343119042368
task_duration 1572376737.429054 1572376808.2663355 1572375958-localAD_1it_25cpus_40bb-0 140343119042368
read_file 1572376738.4644234 1572376738.5952106 bigbrain_2307_603_2082.nii 140236926977856
increment_file 1572376738.5955353 1572376795.075952 bigbrain_2307_603_2082.nii 140236926977856
write_file 1572376795.0781457 1572376795.587257 inc-bigbrain_2307_603_2082.nii 140236926977856
task_duration 1572376738.4633727 1572376795.5991833 1572375958-localAD_1it_25cpus_40bb-0 140236926977856
read_file 1572376738.6044865 1572376738.7991233 bigbrain_2307_603_2776.nii 140304225412928
increment_file 1572376738.7994633 1572376796.1164546 bigbrain_2307_603_2776.nii 140304225412928
write_file 1572376796.118167 1572376796.5963495 inc-bigbrain_2307_603_2776.nii 140304225412928
task_duration 1572376738.603578 1572376796.6079211 1572375958-localAD_1it_25cpus_40bb-0 140304225412928
read_file 1572376739.19886 1572376739.2646894 bigbrain_2307_603_694.nii 139899404900160
increment_file 1572376739.2649553 1572376798.4342306 bigbrain_2307_603_694.nii 139899404900160
write_file 1572376798.4360223 1572376798.9175045 inc-bigbrain_2307_603_694.nii 139899404900160
task_duration 1572376739.197967 1572376798.9284105 1572375958-localAD_1it_25cpus_40bb-0 139899404900160
read_file 1572376740.0480835 1572376740.2602751 bigbrain_3076_0_0.nii 140072548218688
increment_file 1572376740.260599 1572376799.7724502 bigbrain_3076_0_0.nii 140072548218688
write_file 1572376799.7741945 1572376800.246701 inc-bigbrain_3076_0_0.nii 140072548218688
task_duration 1572376740.0472035 1572376800.2577386 1572375958-localAD_1it_25cpus_40bb-0 140072548218688
read_file 1572376749.8993444 1572376750.069677 bigbrain_3076_0_1388.nii 139910661330752
increment_file 1572376750.0700388 1572376812.2142556 bigbrain_3076_0_1388.nii 139910661330752
write_file 1572376812.216413 1572376812.6984413 inc-bigbrain_3076_0_1388.nii 139910661330752
task_duration 1572376749.8978283 1572376812.7092721 1572375958-localAD_1it_25cpus_40bb-0 139910661330752
read_file 1572376758.8829365 1572376759.1978018 bigbrain_3076_0_2082.nii 139709877323584
increment_file 1572376759.198144 1572376816.0826743 bigbrain_3076_0_2082.nii 139709877323584
write_file 1572376816.0845437 1572376816.5723624 inc-bigbrain_3076_0_2082.nii 139709877323584
task_duration 1572376758.8820434 1572376816.5832615 1572375958-localAD_1it_25cpus_40bb-0 139709877323584
read_file 1572376789.904782 1572376789.9617028 bigbrain_3076_0_2776.nii 140484675069760
increment_file 1572376789.9620335 1572376848.1087728 bigbrain_3076_0_2776.nii 140484675069760
write_file 1572376848.1111634 1572376848.6021702 inc-bigbrain_3076_0_2776.nii 140484675069760
task_duration 1572376789.9038317 1572376848.6134644 1572375958-localAD_1it_25cpus_40bb-0 140484675069760
read_file 1572376790.5784976 1572376790.8432038 bigbrain_3076_0_694.nii 140416980825920
increment_file 1572376790.8435373 1572376850.001965 bigbrain_3076_0_694.nii 140416980825920
write_file 1572376850.0037389 1572376850.4736285 inc-bigbrain_3076_0_694.nii 140416980825920
task_duration 1572376790.5775583 1572376850.4850366 1572375958-localAD_1it_25cpus_40bb-0 140416980825920
read_file 1572376790.7671478 1572376790.852384 bigbrain_3076_1206_0.nii 139690058053440
increment_file 1572376790.8526888 1572376851.3673851 bigbrain_3076_1206_0.nii 139690058053440
write_file 1572376851.369055 1572376851.8532567 inc-bigbrain_3076_1206_0.nii 139690058053440
task_duration 1572376790.7662358 1572376851.8651788 1572375958-localAD_1it_25cpus_40bb-0 139690058053440
read_file 1572376791.007755 1572376791.0771077 bigbrain_3076_1206_1388.nii 140682713630528
increment_file 1572376791.0773978 1572376849.0437257 bigbrain_3076_1206_1388.nii 140682713630528
write_file 1572376849.0455945 1572376849.5471792 inc-bigbrain_3076_1206_1388.nii 140682713630528
task_duration 1572376791.0068595 1572376849.5585222 1572375958-localAD_1it_25cpus_40bb-0 140682713630528
read_file 1572376791.2772355 1572376791.37325 bigbrain_3076_1206_2082.nii 140144267884352
increment_file 1572376791.3735905 1572376850.8851924 bigbrain_3076_1206_2082.nii 140144267884352
write_file 1572376850.8871703 1572376851.380925 inc-bigbrain_3076_1206_2082.nii 140144267884352
task_duration 1572376791.2762892 1572376851.3935223 1572375958-localAD_1it_25cpus_40bb-0 140144267884352
read_file 1572376794.0131686 1572376794.3786485 bigbrain_3076_1206_2776.nii 140383079900992
increment_file 1572376794.379 1572376852.0566537 bigbrain_3076_1206_2776.nii 140383079900992
write_file 1572376852.0591931 1572376852.5412486 inc-bigbrain_3076_1206_2776.nii 140383079900992
task_duration 1572376794.011879 1572376852.5529711 1572375958-localAD_1it_25cpus_40bb-0 140383079900992
read_file 1572376794.7025352 1572376794.8101864 bigbrain_3076_1206_694.nii 139963837564736
increment_file 1572376794.8104768 1572376850.8214073 bigbrain_3076_1206_694.nii 139963837564736
write_file 1572376850.8226728 1572376851.31229 inc-bigbrain_3076_1206_694.nii 139963837564736
task_duration 1572376794.701622 1572376851.323774 1572375958-localAD_1it_25cpus_40bb-0 139963837564736
read_file 1572376795.556002 1572376795.7474906 bigbrain_3076_1809_0.nii 139823076616000
increment_file 1572376795.7478383 1572376851.052168 bigbrain_3076_1809_0.nii 139823076616000
write_file 1572376851.0538647 1572376851.5556068 inc-bigbrain_3076_1809_0.nii 139823076616000
task_duration 1572376795.5550904 1572376851.5707939 1572375958-localAD_1it_25cpus_40bb-0 139823076616000
read_file 1572376795.8463268 1572376795.9373984 bigbrain_3076_1809_1388.nii 139714782480192
increment_file 1572376795.9377098 1572376858.3308034 bigbrain_3076_1809_1388.nii 139714782480192
write_file 1572376858.3326864 1572376858.8291473 inc-bigbrain_3076_1809_1388.nii 139714782480192
task_duration 1572376795.8454406 1572376858.8399465 1572375958-localAD_1it_25cpus_40bb-0 139714782480192
read_file 1572376796.218731 1572376796.5234249 bigbrain_3076_1809_2082.nii 140339248404288
increment_file 1572376796.5237632 1572376851.919615 bigbrain_3076_1809_2082.nii 140339248404288
write_file 1572376851.922379 1572376852.4315882 inc-bigbrain_3076_1809_2082.nii 140339248404288
task_duration 1572376796.2178664 1572376852.4435327 1572375958-localAD_1it_25cpus_40bb-0 140339248404288
read_file 1572376796.890515 1572376797.1426628 bigbrain_3076_1809_694.nii 140303892412224
increment_file 1572376797.1429963 1572376858.9554513 bigbrain_3076_1809_694.nii 140303892412224
write_file 1572376858.9571517 1572376859.446037 inc-bigbrain_3076_1809_694.nii 140303892412224
task_duration 1572376796.889601 1572376859.4575667 1572375958-localAD_1it_25cpus_40bb-0 140303892412224
read_file 1572376796.8512697 1572376797.1756167 bigbrain_3076_1809_2776.nii 139811321947968
increment_file 1572376797.1759691 1572376850.7586048 bigbrain_3076_1809_2776.nii 139811321947968
write_file 1572376850.760371 1572376851.2599359 inc-bigbrain_3076_1809_2776.nii 139811321947968
task_duration 1572376796.8502586 1572376851.2716353 1572375958-localAD_1it_25cpus_40bb-0 139811321947968
read_file 1572376797.430939 1572376797.5891395 bigbrain_3076_2412_0.nii 139959771244352
increment_file 1572376797.5894659 1572376850.414812 bigbrain_3076_2412_0.nii 139959771244352
write_file 1572376850.4165573 1572376850.902877 inc-bigbrain_3076_2412_0.nii 139959771244352
task_duration 1572376797.4300056 1572376850.9147694 1572375958-localAD_1it_25cpus_40bb-0 139959771244352
read_file 1572376797.4542599 1572376797.786174 bigbrain_3076_2412_1388.nii 139636831573824
increment_file 1572376797.786386 1572376853.9872932 bigbrain_3076_2412_1388.nii 139636831573824
write_file 1572376853.9889925 1572376854.4612548 inc-bigbrain_3076_2412_1388.nii 139636831573824
task_duration 1572376797.4533308 1572376854.4721048 1572375958-localAD_1it_25cpus_40bb-0 139636831573824
read_file 1572376797.9134014 1572376798.1401937 bigbrain_3076_2412_2776.nii 140633702508352
increment_file 1572376798.140532 1572376858.8136613 bigbrain_3076_2412_2776.nii 140633702508352
write_file 1572376858.8153644 1572376859.2967944 inc-bigbrain_3076_2412_2776.nii 140633702508352
task_duration 1572376797.9125156 1572376859.3079643 1572375958-localAD_1it_25cpus_40bb-0 140633702508352
read_file 1572376797.8455071 1572376798.1990192 bigbrain_3076_2412_2082.nii 139978413061952
increment_file 1572376798.199373 1572376851.6553395 bigbrain_3076_2412_2082.nii 139978413061952
write_file 1572376851.656851 1572376852.1432476 inc-bigbrain_3076_2412_2082.nii 139978413061952
task_duration 1572376797.8440409 1572376852.1548007 1572375958-localAD_1it_25cpus_40bb-0 139978413061952
read_file 1572376799.1694844 1572376799.4479024 bigbrain_3076_2412_694.nii 140319256127296
increment_file 1572376799.4482346 1572376859.3361907 bigbrain_3076_2412_694.nii 140319256127296
write_file 1572376859.3378537 1572376859.819935 inc-bigbrain_3076_2412_694.nii 140319256127296
task_duration 1572376799.1685963 1572376859.8315127 1572375958-localAD_1it_25cpus_40bb-0 140319256127296
read_file 1572376800.1567047 1572376800.4591749 bigbrain_3076_603_0.nii 139760087996224
increment_file 1572376800.4595008 1572376873.3029716 bigbrain_3076_603_0.nii 139760087996224
write_file 1572376873.3048642 1572376873.794227 inc-bigbrain_3076_603_0.nii 139760087996224
task_duration 1572376800.1557212 1572376873.8054519 1572375958-localAD_1it_25cpus_40bb-0 139760087996224
read_file 1572376800.2714987 1572376800.5407274 bigbrain_3076_603_1388.nii 140410269775680
increment_file 1572376800.5410528 1572376854.0083377 bigbrain_3076_603_1388.nii 140410269775680
write_file 1572376854.010777 1572376854.4920087 inc-bigbrain_3076_603_1388.nii 140410269775680
task_duration 1572376800.2705371 1572376854.5036564 1572375958-localAD_1it_25cpus_40bb-0 140410269775680
read_file 1572376800.4983509 1572376800.6668153 bigbrain_3076_603_2082.nii 139861519210304
increment_file 1572376800.66715 1572376853.1694212 bigbrain_3076_603_2082.nii 139861519210304
write_file 1572376853.1712146 1572376853.703447 inc-bigbrain_3076_603_2082.nii 139861519210304
task_duration 1572376800.4974399 1572376853.7152643 1572375958-localAD_1it_25cpus_40bb-0 139861519210304
read_file 1572376803.0320976 1572376803.3928528 bigbrain_3076_603_2776.nii 139821642422080
increment_file 1572376803.3931973 1572376859.7013364 bigbrain_3076_603_2776.nii 139821642422080
write_file 1572376859.7029014 1572376860.1891127 inc-bigbrain_3076_603_2776.nii 139821642422080
task_duration 1572376803.031253 1572376860.2005665 1572375958-localAD_1it_25cpus_40bb-0 139821642422080
read_file 1572376808.5189788 1572376808.5829241 bigbrain_3076_603_694.nii 140397011179328
increment_file 1572376808.5832303 1572376859.9486923 bigbrain_3076_603_694.nii 140397011179328
write_file 1572376859.94966 1572376860.4324393 inc-bigbrain_3076_603_694.nii 140397011179328
task_duration 1572376808.5179944 1572376860.4435382 1572375958-localAD_1it_25cpus_40bb-0 140397011179328
read_file 1572376808.670247 1572376808.9528978 bigbrain_769_0_0.nii 139992869693248
increment_file 1572376808.9532504 1572376861.1313066 bigbrain_769_0_0.nii 139992869693248
write_file 1572376861.1330287 1572376861.6026127 inc-bigbrain_769_0_0.nii 139992869693248
task_duration 1572376808.6693535 1572376861.6140807 1572375958-localAD_1it_25cpus_40bb-0 139992869693248
read_file 1572376812.968111 1572376813.052377 bigbrain_769_0_1388.nii 140457054656320
increment_file 1572376813.0527194 1572376868.4294343 bigbrain_769_0_1388.nii 140457054656320
write_file 1572376868.4323792 1572376868.897404 inc-bigbrain_769_0_1388.nii 140457054656320
task_duration 1572376812.9667263 1572376868.9083357 1572375958-localAD_1it_25cpus_40bb-0 140457054656320
read_file 1572376816.8230803 1572376817.163517 bigbrain_769_0_2082.nii 140707534296896
increment_file 1572376817.163918 1572376873.322958 bigbrain_769_0_2082.nii 140707534296896
write_file 1572376873.3246784 1572376873.8121016 inc-bigbrain_769_0_2082.nii 140707534296896
task_duration 1572376816.822196 1572376873.8226442 1572375958-localAD_1it_25cpus_40bb-0 140707534296896
read_file 1572376848.8743372 1572376848.9610329 bigbrain_769_0_2776.nii 139867301173056
increment_file 1572376848.9613717 1572376905.1721888 bigbrain_769_0_2776.nii 139867301173056
write_file 1572376905.174596 1572376905.632495 inc-bigbrain_769_0_2776.nii 139867301173056
task_duration 1572376848.8734107 1572376905.6438468 1572375958-localAD_1it_25cpus_40bb-0 139867301173056
read_file 1572376849.8046029 1572376849.949862 bigbrain_769_0_694.nii 140691972532032
increment_file 1572376849.950213 1572376902.1753626 bigbrain_769_0_694.nii 140691972532032
write_file 1572376902.1771307 1572376902.6271353 inc-bigbrain_769_0_694.nii 140691972532032
task_duration 1572376849.8037403 1572376902.6385448 1572375958-localAD_1it_25cpus_40bb-0 140691972532032
read_file 1572376850.7436526 1572376850.7793083 bigbrain_769_1206_0.nii 140600232560448
increment_file 1572376850.7795923 1572376908.2219605 bigbrain_769_1206_0.nii 140600232560448
read_file 1572376851.1712306 1572376851.230997 bigbrain_769_1206_1388.nii 140120711931712
increment_file 1572376851.2313256 1572376904.2777355 bigbrain_769_1206_1388.nii 140120711931712
write_file 1572376904.2795446 1572376904.7675712 inc-bigbrain_769_1206_1388.nii 140120711931712
task_duration 1572376851.1703138 1572376904.77904 1572375958-localAD_1it_25cpus_40bb-0 140120711931712
read_file 1572376851.5586073 1572376851.646699 bigbrain_769_1206_2082.nii 139936621131584
increment_file 1572376851.64695 1572376901.810479 bigbrain_769_1206_2082.nii 139936621131584
write_file 1572376901.8122277 1572376902.2897065 inc-bigbrain_769_1206_2082.nii 139936621131584
task_duration 1572376851.5570233 1572376902.3008337 1572375958-localAD_1it_25cpus_40bb-0 139936621131584
read_file 1572376851.6112335 1572376851.774578 bigbrain_769_1206_2776.nii 140308667012928
increment_file 1572376851.774743 1572376908.3191087 bigbrain_769_1206_2776.nii 140308667012928
read_file 1572376851.6963005 1572376851.7870648 bigbrain_769_1206_694.nii 140189471541056
increment_file 1572376851.787386 1572376903.5078468 bigbrain_769_1206_694.nii 140189471541056
write_file 1572376903.5096347 1572376903.9909503 inc-bigbrain_769_1206_694.nii 140189471541056
task_duration 1572376851.6952996 1572376904.0021467 1572375958-localAD_1it_25cpus_40bb-0 140189471541056
read_file 1572376851.8289363 1572376852.0662556 bigbrain_769_1809_0.nii 139867059832640
increment_file 1572376852.0664966 1572376908.2808192 bigbrain_769_1809_0.nii 139867059832640
read_file 1572376852.1189415 1572376852.1712415 bigbrain_769_1809_1388.nii 140622756931392
increment_file 1572376852.171554 1572376901.5167933 bigbrain_769_1809_1388.nii 140622756931392
write_file 1572376901.518914 1572376902.0538857 inc-bigbrain_769_1809_1388.nii 140622756931392
task_duration 1572376852.117685 1572376902.0657275 1572375958-localAD_1it_25cpus_40bb-0 140622756931392
read_file 1572376852.4064724 1572376852.6238265 bigbrain_769_1809_2082.nii 139690704865088
increment_file 1572376852.624017 1572376911.018722 bigbrain_769_1809_2082.nii 139690704865088
read_file 1572376852.7021341 1572376852.94257 bigbrain_769_1809_2776.nii 140044042909504
increment_file 1572376852.9429224 1572376907.8145385 bigbrain_769_1809_2776.nii 140044042909504
write_file 1572376907.8163464 1572376908.3436828 inc-bigbrain_769_1809_2776.nii 140044042909504
task_duration 1572376852.7011364 1572376908.3598826 1572375958-localAD_1it_25cpus_40bb-0 140044042909504
read_file 1572376852.8027015 1572376852.9898176 bigbrain_769_1809_694.nii 140503157397312
increment_file 1572376852.9901452 1572376907.8222299 bigbrain_769_1809_694.nii 140503157397312
write_file 1572376907.8252296 1572376908.3826683 inc-bigbrain_769_1809_694.nii 140503157397312
task_duration 1572376852.8018663 1572376908.3967474 1572375958-localAD_1it_25cpus_40bb-0 140503157397312
read_file 1572376853.9665606 1572376854.1901999 bigbrain_769_2412_0.nii 140506159621952
increment_file 1572376854.1906443 1572376906.9312692 bigbrain_769_2412_0.nii 140506159621952
write_file 1572376906.9330812 1572376907.4094224 inc-bigbrain_769_2412_0.nii 140506159621952
task_duration 1572376853.9657207 1572376907.4208086 1572375958-localAD_1it_25cpus_40bb-0 140506159621952
read_file 1572376854.7536511 1572376855.0592763 bigbrain_769_2412_1388.nii 139935324587840
increment_file 1572376855.0596304 1572376905.4174902 bigbrain_769_2412_1388.nii 139935324587840
write_file 1572376905.419249 1572376905.8952658 inc-bigbrain_769_2412_1388.nii 139935324587840
task_duration 1572376854.752741 1572376905.9063575 1572375958-localAD_1it_25cpus_40bb-0 139935324587840
read_file 1572376854.7955275 1572376855.1079876 bigbrain_769_2412_2082.nii 140432952862528
increment_file 1572376855.1083364 1572376904.9467795 bigbrain_769_2412_2082.nii 140432952862528
write_file 1572376904.9485366 1572376905.445169 inc-bigbrain_769_2412_2082.nii 140432952862528
task_duration 1572376854.794619 1572376905.4560466 1572375958-localAD_1it_25cpus_40bb-0 140432952862528
read_file 1572376859.079359 1572376859.2553475 bigbrain_769_2412_2776.nii 139932852320064
increment_file 1572376859.2556324 1572376906.69306 bigbrain_769_2412_2776.nii 139932852320064
write_file 1572376906.6961021 1572376907.205104 inc-bigbrain_769_2412_2776.nii 139932852320064
task_duration 1572376859.078445 1572376907.216472 1572375958-localAD_1it_25cpus_40bb-0 139932852320064
read_file 1572376859.5653462 1572376859.6426864 bigbrain_769_2412_694.nii 140197612513088
increment_file 1572376859.643015 1572376908.1373591 bigbrain_769_2412_694.nii 140197612513088
read_file 1572376859.711491 1572376859.949267 bigbrain_769_603_0.nii 140640850409280
increment_file 1572376859.949482 1572376906.9323022 bigbrain_769_603_0.nii 140640850409280
write_file 1572376906.934576 1572376907.405067 inc-bigbrain_769_603_0.nii 140640850409280
task_duration 1572376859.7105188 1572376907.416133 1572375958-localAD_1it_25cpus_40bb-0 140640850409280
read_file 1572376860.085312 1572376860.327678 bigbrain_769_603_1388.nii 140242071701312
increment_file 1572376860.3279243 1572376908.2000034 bigbrain_769_603_1388.nii 140242071701312
read_file 1572376860.4531448 1572376860.4541852 bigbrain_769_603_2082.nii 139978944546624
increment_file 1572376860.454368 1572376860.8099146 bigbrain_769_603_2082.nii 139978944546624
write_file 1572376860.8105767 1572376861.2883105 inc-bigbrain_769_603_2082.nii 139978944546624
task_duration 1572376860.4522247 1572376861.2987604 1572375958-localAD_1it_25cpus_40bb-0 139978944546624
read_file 1572376860.6868925 1572376860.953772 bigbrain_769_603_2776.nii 140546176489280
increment_file 1572376860.9540954 1572376908.328073 bigbrain_769_603_2776.nii 140546176489280
read_file 1572376861.547634 1572376861.8044946 bigbrain_769_603_694.nii 140157720627008
increment_file 1572376861.8048494 1572376908.60441 bigbrain_769_603_694.nii 140157720627008
