read_file 1572299673.2096772 1572299694.627649 bigbrain_3076_603_2082.nii 139724124919616
increment_file 1572299756.5344315 1572299785.5462418 bigbrain_3076_603_2082.nii 139724124919616
write_file 1572299797.3880303 1572299905.5556695 inc-bigbrain_3076_603_2082.nii 139724124919616
task_duration 1572299667.6764576 1572299912.5015411 1572298881-isilon_1it_25cpu_40bb-0 139724124919616
read_file 1572299669.885635 1572299675.5048196 bigbrain_3076_1809_2776.nii 140074344605504
increment_file 1572299698.87629 1572299729.0227206 bigbrain_3076_1809_2776.nii 140074344605504
write_file 1572299789.6919048 1572299870.0427363 inc-bigbrain_3076_1809_2776.nii 140074344605504
task_duration 1572299667.5952365 1572299894.748887 1572298881-isilon_1it_25cpu_40bb-0 140074344605504
read_file 1572299914.2417054 1572299941.4846704 bigbrain_769_1809_0.nii 140688843491136
increment_file 1572299951.0771337 1572299972.6879377 bigbrain_769_1809_0.nii 140688843491136
write_file 1572300041.4616644 1572300118.9520175 inc-bigbrain_769_1809_0.nii 140688843491136
task_duration 1572299913.0435882 1572300125.8543882 1572298881-isilon_1it_25cpu_40bb-0 140688843491136
read_file 1572299146.3926923 1572299156.1747077 bigbrain_1538_0_2082.nii 139674485831488
increment_file 1572299164.3578076 1572299173.83912 bigbrain_1538_0_2082.nii 139674485831488
write_file 1572299204.0344107 1572299292.4167027 inc-bigbrain_1538_0_2082.nii 139674485831488
task_duration 1572299146.246734 1572299371.2276795 1572298881-isilon_1it_25cpu_40bb-0 139674485831488
read_file 1572299913.45765 1572299940.4149396 bigbrain_769_1206_2082.nii 140477277759296
increment_file 1572299945.4415617 1572299964.0576062 bigbrain_769_1206_2082.nii 140477277759296
write_file 1572300031.1641786 1572300106.529688 inc-bigbrain_769_1206_2082.nii 140477277759296
task_duration 1572299913.0295978 1572300116.451892 1572298881-isilon_1it_25cpu_40bb-0 140477277759296
read_file 1572298883.303086 1572298884.0961654 bigbrain_0_1809_2082.nii 140690067556160
increment_file 1572298921.6034846 1572298951.3376193 bigbrain_0_1809_2082.nii 140690067556160
write_file 1572299013.2171106 1572299114.100312 inc-bigbrain_0_1809_2082.nii 140690067556160
task_duration 1572298883.3009272 1572299126.9139707 1572298881-isilon_1it_25cpu_40bb-0 140690067556160
read_file 1572299672.316838 1572299673.4108975 bigbrain_3076_603_1388.nii 139908777424704
increment_file 1572299695.4288747 1572299712.4940724 bigbrain_3076_603_1388.nii 139908777424704
write_file 1572299787.9829316 1572299863.1955016 inc-bigbrain_3076_603_1388.nii 139908777424704
task_duration 1572299667.6591265 1572299896.8648906 1572298881-isilon_1it_25cpu_40bb-0 139908777424704
read_file 1572299921.217705 1572299944.2220557 bigbrain_769_603_0.nii 140579701212992
increment_file 1572299981.3971527 1572300012.227998 bigbrain_769_603_0.nii 140579701212992
write_file 1572300041.398607 1572300116.8656244 inc-bigbrain_769_603_0.nii 140579701212992
task_duration 1572299921.0804 1572300124.4571373 1572298881-isilon_1it_25cpu_40bb-0 140579701212992
read_file 1572299195.3483713 1572299208.739572 bigbrain_1538_603_2776.nii 140239151343424
increment_file 1572299275.6735375 1572299298.1566367 bigbrain_1538_603_2776.nii 140239151343424
write_file 1572299345.429364 1572299402.9079087 inc-bigbrain_1538_603_2776.nii 140239151343424
task_duration 1572299194.6184354 1572299405.3900938 1572298881-isilon_1it_25cpu_40bb-0 140239151343424
read_file 1572299156.9152956 1572299175.3808243 bigbrain_1538_2412_2082.nii 139651689203520
increment_file 1572299209.5412314 1572299235.268488 bigbrain_1538_2412_2082.nii 139651689203520
write_file 1572299284.416639 1572299395.068584 inc-bigbrain_1538_2412_2082.nii 139651689203520
task_duration 1572299156.520322 1572299401.3750508 1572298881-isilon_1it_25cpu_40bb-0 139651689203520
read_file 1572299400.2552035 1572299408.053276 bigbrain_2307_0_1388.nii 140467648710464
increment_file 1572299410.752019 1572299416.9914215 bigbrain_2307_0_1388.nii 140467648710464
write_file 1572299467.3855293 1572299528.9761922 inc-bigbrain_2307_0_1388.nii 140467648710464
task_duration 1572299400.1519723 1572299547.5667925 1572298881-isilon_1it_25cpu_40bb-0 140467648710464
read_file 1572298883.3039382 1572298884.0913808 bigbrain_0_0_2776.nii 140668230952768
increment_file 1572298903.7949114 1572298912.9447446 bigbrain_0_0_2776.nii 140668230952768
write_file 1572298963.2593446 1572299075.5509486 inc-bigbrain_0_0_2776.nii 140668230952768
task_duration 1572298883.2991145 1572299117.6594706 1572298881-isilon_1it_25cpu_40bb-0 140668230952768
read_file 1572299914.794097 1572299921.0670693 bigbrain_769_1206_694.nii 140029717972800
increment_file 1572299938.1694186 1572299944.2023702 bigbrain_769_1206_694.nii 140029717972800
write_file 1572299964.3963978 1572300041.0056298 inc-bigbrain_769_1206_694.nii 140029717972800
task_duration 1572299913.0465655 1572300043.3020551 1572298881-isilon_1it_25cpu_40bb-0 140029717972800
read_file 1572299154.31266 1572299160.2941318 bigbrain_1538_1809_0.nii 140273639470912
increment_file 1572299192.969949 1572299207.6709213 bigbrain_1538_1809_0.nii 140273639470912
write_file 1572299275.8338263 1572299362.2640407 inc-bigbrain_1538_1809_0.nii 140273639470912
task_duration 1572299154.117394 1572299397.674882 1572298881-isilon_1it_25cpu_40bb-0 140273639470912
read_file 1572299411.1097329 1572299424.3357885 bigbrain_2307_2412_2082.nii 140639373625152
increment_file 1572299507.1965506 1572299530.9513092 bigbrain_2307_2412_2082.nii 140639373625152
write_file 1572299548.973544 1572299663.7596765 inc-bigbrain_2307_2412_2082.nii 140639373625152
task_duration 1572299410.977282 1572299667.0902154 1572298881-isilon_1it_25cpu_40bb-0 140639373625152
read_file 1572299323.139739 1572299331.9942262 bigbrain_2307_0_0.nii 140229209179968
increment_file 1572299368.736685 1572299402.0728228 bigbrain_2307_0_0.nii 140229209179968
write_file 1572299403.1691499 1572299417.1239288 inc-bigbrain_2307_0_0.nii 140229209179968
task_duration 1572299321.4874966 1572299469.2597492 1572298881-isilon_1it_25cpu_40bb-0 140229209179968
read_file 1572299922.1438317 1572299944.2203054 bigbrain_769_603_1388.nii 140713907316544
increment_file 1572299972.2139335 1572300002.5526257 bigbrain_769_603_1388.nii 140713907316544
write_file 1572300041.230405 1572300114.5594444 inc-bigbrain_769_603_1388.nii 140713907316544
task_duration 1572299921.1632953 1572300125.0186 1572298881-isilon_1it_25cpu_40bb-0 140713907316544
read_file 1572298883.3021958 1572298884.0880134 bigbrain_0_1206_1388.nii 139897096521536
increment_file 1572298884.1183772 1572298903.662892 bigbrain_0_1206_1388.nii 139897096521536
write_file 1572298952.6753757 1572299016.4557488 inc-bigbrain_0_1206_1388.nii 139897096521536
task_duration 1572298883.2984378 1572299040.6044903 1572298881-isilon_1it_25cpu_40bb-0 139897096521536
read_file 1572299404.0319622 1572299415.1117687 bigbrain_2307_1809_694.nii 139734446577472
increment_file 1572299458.0485606 1572299479.9765036 bigbrain_2307_1809_694.nii 139734446577472
write_file 1572299533.865383 1572299636.5813944 inc-bigbrain_2307_1809_694.nii 139734446577472
task_duration 1572299403.4559226 1572299654.6387913 1572298881-isilon_1it_25cpu_40bb-0 139734446577472
read_file 1572299669.5626807 1572299680.9796674 bigbrain_3076_2412_2082.nii 140697666029376
increment_file 1572299719.1807761 1572299743.9919806 bigbrain_3076_2412_2082.nii 140697666029376
write_file 1572299795.376962 1572299893.219157 inc-bigbrain_3076_2412_2082.nii 140697666029376
task_duration 1572299667.5902686 1572299908.3396 1572298881-isilon_1it_25cpu_40bb-0 140697666029376
read_file 1572299150.6363676 1572299156.210732 bigbrain_1538_1206_1388.nii 140023431862080
increment_file 1572299176.0481892 1572299184.817482 bigbrain_1538_1206_1388.nii 140023431862080
write_file 1572299253.7752573 1572299350.4794195 inc-bigbrain_1538_1206_1388.nii 140023431862080
task_duration 1572299150.5625513 1572299392.9534004 1572298881-isilon_1it_25cpu_40bb-0 140023431862080
read_file 1572299922.4147775 1572299944.2192829 bigbrain_769_2412_0.nii 139764186289984
increment_file 1572299972.8297899 1572300003.7287357 bigbrain_769_2412_0.nii 139764186289984
write_file 1572300041.6438158 1572300121.915881 inc-bigbrain_769_2412_0.nii 139764186289984
task_duration 1572299921.1729746 1572300125.9611604 1572298881-isilon_1it_25cpu_40bb-0 139764186289984
read_file 1572298885.4614615 1572298908.3912158 bigbrain_0_2412_1388.nii 140548954265408
increment_file 1572298959.0067744 1572298982.5646746 bigbrain_0_2412_1388.nii 140548954265408
write_file 1572299027.6138144 1572299144.2740774 inc-bigbrain_0_2412_1388.nii 140548954265408
task_duration 1572298884.4004111 1572299150.1795847 1572298881-isilon_1it_25cpu_40bb-0 140548954265408
read_file 1572299158.6532514 1572299181.5021665 bigbrain_1538_1206_2776.nii 140319565702976
increment_file 1572299237.1385539 1572299266.658682 bigbrain_1538_1206_2776.nii 140319565702976
write_file 1572299288.473273 1572299396.1465163 inc-bigbrain_1538_1206_2776.nii 140319565702976
task_duration 1572299156.543973 1572299401.1800497 1572298881-isilon_1it_25cpu_40bb-0 140319565702976
read_file 1572299172.1276824 1572299185.485374 bigbrain_1538_603_0.nii 139962338858816
increment_file 1572299259.8957565 1572299282.2193408 bigbrain_1538_603_0.nii 139962338858816
write_file 1572299301.0281355 1572299397.8623838 inc-bigbrain_1538_603_0.nii 139962338858816
task_duration 1572299171.6538181 1572299402.9629867 1572298881-isilon_1it_25cpu_40bb-0 139962338858816
read_file 1572299403.7647076 1572299414.4433463 bigbrain_2307_1206_0.nii 139871582578496
increment_file 1572299449.250862 1572299474.0145478 bigbrain_2307_1206_0.nii 139871582578496
write_file 1572299531.8874788 1572299631.2888072 inc-bigbrain_2307_1206_0.nii 139871582578496
task_duration 1572299403.4477723 1572299655.2540193 1572298881-isilon_1it_25cpu_40bb-0 139871582578496
read_file 1572299151.0862281 1572299156.4168086 bigbrain_1538_1206_2082.nii 139695920682816
increment_file 1572299189.2271678 1572299205.3716936 bigbrain_1538_1206_2082.nii 139695920682816
write_file 1572299275.5489547 1572299353.1704812 inc-bigbrain_1538_1206_2082.nii 139695920682816
task_duration 1572299150.8634443 1572299396.6590772 1572298881-isilon_1it_25cpu_40bb-0 139695920682816
read_file 1572299157.0490777 1572299175.2473123 bigbrain_1538_1809_694.nii 140575880382272
increment_file 1572299208.2038755 1572299231.418886 bigbrain_1538_1809_694.nii 140575880382272
write_file 1572299283.3177102 1572299374.598219 inc-bigbrain_1538_1809_694.nii 140575880382272
task_duration 1572299156.528578 1572299390.2811415 1572298881-isilon_1it_25cpu_40bb-0 140575880382272
read_file 1572299156.781665 1572299175.6480603 bigbrain_1538_1809_1388.nii 140261438166848
increment_file 1572299215.4263735 1572299244.5760381 bigbrain_1538_1809_1388.nii 140261438166848
write_file 1572299283.6753283 1572299394.6011038 inc-bigbrain_1538_1809_1388.nii 140261438166848
task_duration 1572299156.5047781 1572299401.2632253 1572298881-isilon_1it_25cpu_40bb-0 140261438166848
read_file 1572299574.1347797 1572299610.3349655 bigbrain_3076_0_1388.nii 139711933880128
increment_file 1572299641.3792682 1572299666.0047274 bigbrain_3076_0_1388.nii 139711933880128
write_file 1572299667.0726254 1572299691.0762546 inc-bigbrain_3076_0_1388.nii 139711933880128
task_duration 1572299572.0567586 1572299738.1947865 1572298881-isilon_1it_25cpu_40bb-0 139711933880128
read_file 1572299150.6359525 1572299156.2113411 bigbrain_1538_1206_0.nii 139987250157376
increment_file 1572299182.4374692 1572299193.816548 bigbrain_1538_1206_0.nii 139987250157376
write_file 1572299267.2871237 1572299335.0818553 inc-bigbrain_1538_1206_0.nii 139987250157376
task_duration 1572299150.5576944 1572299394.4631622 1572298881-isilon_1it_25cpu_40bb-0 139987250157376
read_file 1572299669.2838714 1572299674.7223618 bigbrain_3076_1809_1388.nii 139768034953024
increment_file 1572299698.34181 1572299726.7776513 bigbrain_3076_1809_1388.nii 139768034953024
write_file 1572299788.9181812 1572299861.972424 inc-bigbrain_3076_1809_1388.nii 139768034953024
task_duration 1572299667.5790596 1572299905.394727 1572298881-isilon_1it_25cpu_40bb-0 139768034953024
read_file 1572298883.3100822 1572298884.1176856 bigbrain_0_1206_2082.nii 140689272551232
increment_file 1572298939.3583052 1572298965.5030766 bigbrain_0_1206_2082.nii 140689272551232
write_file 1572299028.6304736 1572299147.0530708 inc-bigbrain_0_1206_2082.nii 140689272551232
task_duration 1572298883.3083763 1572299152.7128181 1572298881-isilon_1it_25cpu_40bb-0 140689272551232
read_file 1572299157.8511398 1572299181.2347462 bigbrain_1538_2412_0.nii 139907571599168
increment_file 1572299231.951885 1572299262.0078242 bigbrain_1538_2412_0.nii 139907571599168
write_file 1572299290.1831825 1572299397.0659108 inc-bigbrain_1538_2412_0.nii 139907571599168
task_duration 1572299156.5323484 1572299401.06998 1572298881-isilon_1it_25cpu_40bb-0 139907571599168
read_file 1572299672.761419 1572299695.0288975 bigbrain_3076_603_2776.nii 139963969636160
increment_file 1572299770.6485221 1572299794.286861 bigbrain_3076_603_2776.nii 139963969636160
write_file 1572299806.926066 1572299912.6750593 inc-bigbrain_3076_603_2776.nii 139963969636160
task_duration 1572299667.665798 1572299912.7506564 1572298881-isilon_1it_25cpu_40bb-0 139963969636160
read_file 1572299668.1104352 1572299677.4334512 bigbrain_3076_0_694.nii 139999000672064
increment_file 1572299699.9458928 1572299730.7325628 bigbrain_3076_0_694.nii 139999000672064
write_file 1572299787.982574 1572299852.9909163 inc-bigbrain_3076_0_694.nii 139999000672064
task_duration 1572299667.5530024 1572299896.0039625 1572298881-isilon_1it_25cpu_40bb-0 139999000672064
read_file 1572299797.654229 1572299799.420949 bigbrain_769_0_0.nii 140146357626688
increment_file 1572299851.2548246 1572299905.5926592 bigbrain_769_0_0.nii 140146357626688
write_file 1572299911.0504944 1572299937.9035242 inc-bigbrain_769_0_0.nii 140146357626688
task_duration 1572299797.4104135 1572299944.23328 1572298881-isilon_1it_25cpu_40bb-0 140146357626688
read_file 1572299144.5406294 1572299155.1156561 bigbrain_1538_0_1388.nii 140678567311168
increment_file 1572299156.2388942 1572299167.1387475 bigbrain_1538_0_1388.nii 140678567311168
write_file 1572299198.5930827 1572299280.9755068 inc-bigbrain_1538_0_1388.nii 140678567311168
task_duration 1572299144.3756874 1572299308.8219683 1572298881-isilon_1it_25cpu_40bb-0 140678567311168
read_file 1572299452.861508 1572299475.4845173 bigbrain_2307_603_694.nii 140251056023360
increment_file 1572299531.7512844 1572299542.6769648 bigbrain_2307_603_694.nii 140251056023360
write_file 1572299608.3593364 1572299667.0494156 inc-bigbrain_2307_603_694.nii 140251056023360
task_duration 1572299451.5990467 1572299667.101741 1572298881-isilon_1it_25cpu_40bb-0 140251056023360
read_file 1572298883.3036578 1572298884.0940697 bigbrain_0_1206_2776.nii 140113841665856
increment_file 1572298914.948054 1572298930.5328443 bigbrain_0_1206_2776.nii 140113841665856
write_file 1572299014.2763548 1572299110.4826396 inc-bigbrain_0_1206_2776.nii 140113841665856
task_duration 1572298883.2989917 1572299138.4002252 1572298881-isilon_1it_25cpu_40bb-0 140113841665856
read_file 1572298887.4672668 1572298913.8797352 bigbrain_0_603_0.nii 140032633378624
increment_file 1572298974.9964757 1572299006.2533047 bigbrain_0_603_0.nii 140032633378624
write_file 1572299027.060392 1572299143.5370648 inc-bigbrain_0_603_0.nii 140032633378624
task_duration 1572298884.4136682 1572299148.8628137 1572298881-isilon_1it_25cpu_40bb-0 140032633378624
read_file 1572299798.135372 1572299800.8598106 bigbrain_769_0_2082.nii 139989457307456
increment_file 1572299865.1196296 1572299910.030217 bigbrain_769_0_2082.nii 139989457307456
write_file 1572299912.689765 1572299938.0361679 inc-bigbrain_769_0_2082.nii 139989457307456
task_duration 1572299797.6345675 1572299944.2326493 1572298881-isilon_1it_25cpu_40bb-0 139989457307456
read_file 1572299403.631024 1572299414.844276 bigbrain_2307_1809_2776.nii 140128606631744
increment_file 1572299455.9086337 1572299479.0659394 bigbrain_2307_1809_2776.nii 140128606631744
write_file 1572299533.9984734 1572299648.6708353 inc-bigbrain_2307_1809_2776.nii 140128606631744
task_duration 1572299403.4439418 1572299658.2997136 1572298881-isilon_1it_25cpu_40bb-0 140128606631744
read_file 1572299915.2569726 1572299942.723332 bigbrain_769_1809_2082.nii 139658580416320
increment_file 1572299956.425409 1572299978.9288595 bigbrain_769_1809_2082.nii 139658580416320
write_file 1572300041.9917119 1572300128.202353 inc-bigbrain_769_1809_2082.nii 139658580416320
task_duration 1572299913.0470212 1572300129.9061573 1572298881-isilon_1it_25cpu_40bb-0 139658580416320
read_file 1572299116.4436264 1572299148.583801 bigbrain_1538_0_0.nii 139625385404224
increment_file 1572299150.660979 1572299156.1753058 bigbrain_1538_0_0.nii 139625385404224
write_file 1572299172.5298223 1572299207.8034358 inc-bigbrain_1538_0_0.nii 139625385404224
task_duration 1572299114.4804788 1572299280.072996 1572298881-isilon_1it_25cpu_40bb-0 139625385404224
read_file 1572298883.3019295 1572298884.0898333 bigbrain_0_1809_2776.nii 140635869116224
increment_file 1572298884.5258482 1572298904.9433434 bigbrain_0_1809_2776.nii 140635869116224
write_file 1572298956.3637924 1572299067.1389632 inc-bigbrain_0_1809_2776.nii 140635869116224
task_duration 1572298883.29854 1572299121.622178 1572298881-isilon_1it_25cpu_40bb-0 140635869116224
read_file 1572298890.444984 1572298914.0132625 bigbrain_0_2412_694.nii 140079536072512
increment_file 1572298979.9171276 1572299011.505119 bigbrain_0_2412_694.nii 140079536072512
write_file 1572299026.0088212 1572299136.5754828 inc-bigbrain_0_2412_694.nii 140079536072512
task_duration 1572298884.4235764 1572299146.806643 1572298881-isilon_1it_25cpu_40bb-0 140079536072512
read_file 1572298883.3074732 1572298884.1014497 bigbrain_0_0_0.nii 140433438398272
increment_file 1572298933.7400093 1572298962.4556875 bigbrain_0_0_0.nii 140433438398272
write_file 1572299023.7419024 1572299134.6334589 inc-bigbrain_0_0_0.nii 140433438398272
task_duration 1572298883.30587 1572299146.66406 1572298881-isilon_1it_25cpu_40bb-0 140433438398272
read_file 1572299668.3149228 1572299680.2632825 bigbrain_3076_1206_2082.nii 140112217405248
increment_file 1572299707.9737031 1572299738.4322364 bigbrain_3076_1206_2082.nii 140112217405248
write_file 1572299795.2477698 1572299891.681944 inc-bigbrain_3076_1206_2082.nii 140112217405248
task_duration 1572299667.5725882 1572299907.914882 1572298881-isilon_1it_25cpu_40bb-0 140112217405248
read_file 1572299925.065362 1572299945.1747725 bigbrain_769_603_2776.nii 139986987222848
increment_file 1572300016.2084985 1572300039.2930062 bigbrain_769_603_2776.nii 139986987222848
write_file 1572300043.0262272 1572300130.561178 inc-bigbrain_769_603_2776.nii 139986987222848
task_duration 1572299924.082058 1572300131.1757507 1572298881-isilon_1it_25cpu_40bb-0 139986987222848
read_file 1572298891.380925 1572298918.2910032 bigbrain_0_603_2082.nii 140333658584896
increment_file 1572299001.734304 1572299022.5979514 bigbrain_0_603_2082.nii 140333658584896
write_file 1572299043.37311 1572299150.663688 inc-bigbrain_0_603_2082.nii 140333658584896
task_duration 1572298884.4371893 1572299156.2440052 1572298881-isilon_1it_25cpu_40bb-0 140333658584896
read_file 1572299921.516576 1572299944.2211509 bigbrain_769_2412_1388.nii 139780861175616
increment_file 1572299976.927191 1572300008.78117 bigbrain_769_2412_1388.nii 139780861175616
write_file 1572300041.8851373 1572300125.4164934 inc-bigbrain_769_2412_1388.nii 139780861175616
task_duration 1572299921.0936575 1572300127.8752575 1572298881-isilon_1it_25cpu_40bb-0 139780861175616
read_file 1572299670.0836241 1572299694.7612844 bigbrain_3076_1809_694.nii 139916285761344
increment_file 1572299761.0794237 1572299789.4246325 bigbrain_3076_1809_694.nii 139916285761344
write_file 1572299803.8788033 1572299912.6742702 inc-bigbrain_3076_1809_694.nii 139916285761344
task_duration 1572299667.5969539 1572299912.7519798 1572298881-isilon_1it_25cpu_40bb-0 139916285761344
read_file 1572299411.5005047 1572299424.0682802 bigbrain_2307_2412_694.nii 139873512961856
increment_file 1572299496.391153 1572299526.031153 bigbrain_2307_2412_694.nii 139873512961856
write_file 1572299540.6717567 1572299655.0871294 inc-bigbrain_2307_2412_694.nii 139873512961856
task_duration 1572299411.3377056 1572299662.9602482 1572298881-isilon_1it_25cpu_40bb-0 139873512961856
read_file 1572299921.685212 1572299944.218335 bigbrain_769_2412_694.nii 140114749740864
increment_file 1572299969.8274336 1572299999.104795 bigbrain_769_2412_694.nii 140114749740864
write_file 1572300041.9480417 1572300126.7522395 inc-bigbrain_769_2412_694.nii 140114749740864
task_duration 1572299921.102893 1572300128.9800537 1572298881-isilon_1it_25cpu_40bb-0 140114749740864
read_file 1572298888.840511 1572298913.4785693 bigbrain_0_603_1388.nii 139857864116032
increment_file 1572298966.9719777 1572298995.8797266 bigbrain_0_603_1388.nii 139857864116032
write_file 1572299024.9353976 1572299140.4487846 inc-bigbrain_0_603_1388.nii 139857864116032
task_duration 1572298884.4221272 1572299146.9225368 1572298881-isilon_1it_25cpu_40bb-0 139857864116032
read_file 1572299671.0933695 1572299694.121625 bigbrain_3076_2412_0.nii 140169497474880
increment_file 1572299747.3321216 1572299773.2954924 bigbrain_3076_2412_0.nii 140169497474880
write_file 1572299797.2991698 1572299901.7056317 inc-bigbrain_3076_2412_0.nii 140169497474880
task_duration 1572299667.6103373 1572299908.6042519 1572298881-isilon_1it_25cpu_40bb-0 140169497474880
read_file 1572299156.6480408 1572299173.9722037 bigbrain_1538_1809_2082.nii 140092802705216
increment_file 1572299204.467288 1572299220.88222 bigbrain_1538_1809_2082.nii 140092802705216
write_file 1572299278.157843 1572299365.2490156 inc-bigbrain_1538_1809_2082.nii 140092802705216
task_duration 1572299156.499743 1572299388.9311242 1572298881-isilon_1it_25cpu_40bb-0 140092802705216
read_file 1572299913.9156408 1572299915.4127252 bigbrain_769_1809_1388.nii 140461932316480
increment_file 1572299924.2900045 1572299938.9438689 bigbrain_769_1809_1388.nii 140461932316480
write_file 1572299943.5626245 1572299975.4275212 inc-bigbrain_769_1809_1388.nii 140461932316480
task_duration 1572299913.0341835 1572300042.1185033 1572298881-isilon_1it_25cpu_40bb-0 140461932316480
read_file 1572299930.059956 1572299944.77389 bigbrain_769_1809_694.nii 140521902954304
increment_file 1572300011.7199254 1572300036.1091278 bigbrain_769_1809_694.nii 140521902954304
write_file 1572300042.909516 1572300129.4487853 inc-bigbrain_769_1809_694.nii 140521902954304
task_duration 1572299929.2860813 1572300130.4926746 1572298881-isilon_1it_25cpu_40bb-0 140521902954304
read_file 1572299797.921368 1572299800.3173409 bigbrain_769_0_1388.nii 140698994575168
increment_file 1572299861.579077 1572299908.898808 bigbrain_769_0_1388.nii 140698994575168
write_file 1572299912.6779633 1572299937.5305705 inc-bigbrain_769_0_1388.nii 140698994575168
task_duration 1572299797.5169704 1572299944.215432 1572298881-isilon_1it_25cpu_40bb-0 140698994575168
read_file 1572298892.3169231 1572298917.8900874 bigbrain_0_603_694.nii 139663211018048
increment_file 1572298996.2795699 1572299020.6263845 bigbrain_0_603_694.nii 139663211018048
write_file 1572299041.1275587 1572299150.0973742 inc-bigbrain_0_603_694.nii 139663211018048
task_duration 1572298884.453804 1572299154.5835493 1572298881-isilon_1it_25cpu_40bb-0 139663211018048
read_file 1572299627.8849628 1572299638.3136988 bigbrain_3076_0_2082.nii 139896678577984
increment_file 1572299651.2230582 1572299667.0445015 bigbrain_3076_0_2082.nii 139896678577984
write_file 1572299667.0695522 1572299689.7377932 inc-bigbrain_3076_0_2082.nii 139896678577984
task_duration 1572299626.3192055 1572299737.2580607 1572298881-isilon_1it_25cpu_40bb-0 139896678577984
read_file 1572299405.6542864 1572299418.9969864 bigbrain_2307_1809_0.nii 140654830151488
increment_file 1572299473.373255 1572299492.6476178 bigbrain_2307_1809_0.nii 140654830151488
write_file 1572299536.7840824 1572299653.3411214 inc-bigbrain_2307_1809_0.nii 140654830151488
task_duration 1572299405.46843 1572299664.1634717 1572298881-isilon_1it_25cpu_40bb-0 140654830151488
read_file 1572298883.3027868 1572298884.0980594 bigbrain_0_1206_694.nii 140164765230912
increment_file 1572298924.2769866 1572298955.025146 bigbrain_0_1206_694.nii 140164765230912
write_file 1572299022.903723 1572299122.5812376 inc-bigbrain_0_1206_694.nii 140164765230912
task_duration 1572298883.2987883 1572299144.714037 1572298881-isilon_1it_25cpu_40bb-0 140164765230912
read_file 1572299157.4500656 1572299175.5145211 bigbrain_1538_1809_2776.nii 140038741587776
increment_file 1572299211.949096 1572299239.6542482 bigbrain_1538_1809_2776.nii 140038741587776
write_file 1572299283.4248965 1572299383.2883785 inc-bigbrain_1538_1809_2776.nii 140038741587776
task_duration 1572299156.5299604 1572299397.2647905 1572298881-isilon_1it_25cpu_40bb-0 140038741587776
read_file 1572299667.9283834 1572299669.7340987 bigbrain_3076_1206_1388.nii 139846139217728
increment_file 1572299678.5925105 1572299694.3610287 bigbrain_3076_1206_1388.nii 139846139217728
write_file 1572299755.6012042 1572299847.3304117 inc-bigbrain_3076_1206_1388.nii 139846139217728
task_duration 1572299667.5361013 1572299904.67093 1572298881-isilon_1it_25cpu_40bb-0 139846139217728
read_file 1572299411.326139 1572299423.8009236 bigbrain_2307_603_1388.nii 140440312276800
increment_file 1572299487.0597286 1572299517.1394606 bigbrain_2307_603_1388.nii 140440312276800
write_file 1572299541.571952 1572299656.8130846 inc-bigbrain_2307_603_1388.nii 140440312276800
task_duration 1572299411.1941164 1572299667.0785692 1572298881-isilon_1it_25cpu_40bb-0 140440312276800
read_file 1572298888.153919 1572298914.5480683 bigbrain_0_2412_2776.nii 140057424500544
increment_file 1572298990.6914098 1572299018.4315426 bigbrain_0_2412_2776.nii 140057424500544
write_file 1572299044.6838672 1572299150.6650672 inc-bigbrain_0_2412_2776.nii 140057424500544
task_duration 1572298884.4149072 1572299156.2445233 1572298881-isilon_1it_25cpu_40bb-0 140057424500544
read_file 1572299158.2523556 1572299180.9673738 bigbrain_1538_2412_1388.nii 139919935457088
increment_file 1572299226.4973538 1572299257.0893433 bigbrain_1538_2412_1388.nii 139919935457088
write_file 1572299287.5792596 1572299389.7064397 inc-bigbrain_1538_2412_1388.nii 139919935457088
task_duration 1572299156.532331 1572299398.0852735 1572298881-isilon_1it_25cpu_40bb-0 139919935457088
read_file 1572299193.23718 1572299207.1631572 bigbrain_1538_603_694.nii 140190405781312
increment_file 1572299275.278449 1572299297.7364094 bigbrain_1538_603_694.nii 140190405781312
write_file 1572299353.9287589 1572299403.1709514 inc-bigbrain_1538_603_694.nii 140190405781312
task_duration 1572299192.5071416 1572299411.963187 1572298881-isilon_1it_25cpu_40bb-0 140190405781312
read_file 1572298886.1301734 1572298913.3452106 bigbrain_0_2412_2082.nii 140236690134848
increment_file 1572298963.9258206 1572298990.6925962 bigbrain_0_2412_2082.nii 140236690134848
write_file 1572299025.4710972 1572299142.3782368 inc-bigbrain_0_2412_2082.nii 140236690134848
task_duration 1572298884.404232 1572299148.764681 1572298881-isilon_1it_25cpu_40bb-0 140236690134848
read_file 1572299672.9074514 1572299692.4122198 bigbrain_3076_603_694.nii 140699806857024
increment_file 1572299732.2014565 1572299751.9368632 bigbrain_3076_603_694.nii 140699806857024
write_file 1572299796.087885 1572299904.4938316 inc-bigbrain_3076_603_694.nii 140699806857024
task_duration 1572299667.6677392 1572299912.6774707 1572298881-isilon_1it_25cpu_40bb-0 140699806857024
read_file 1572299171.5927775 1572299184.578014 bigbrain_1538_603_1388.nii 140399096481600
increment_file 1572299242.196102 1572299271.209076 bigbrain_1538_603_1388.nii 140399096481600
write_file 1572299290.5597014 1572299397.9635863 inc-bigbrain_1538_603_1388.nii 140399096481600
task_duration 1572299171.3843555 1572299403.0074778 1572298881-isilon_1it_25cpu_40bb-0 140399096481600
read_file 1572299670.4954324 1572299693.319638 bigbrain_3076_1206_694.nii 140629872805696
increment_file 1572299744.2575545 1572299767.5744665 bigbrain_3076_1206_694.nii 140629872805696
write_file 1572299797.7361255 1572299906.3609936 inc-bigbrain_3076_1206_694.nii 140629872805696
task_duration 1572299667.5977795 1572299912.651962 1572298881-isilon_1it_25cpu_40bb-0 140629872805696
read_file 1572299172.7963533 1572299184.9502442 bigbrain_1538_603_2082.nii 140282795579200
increment_file 1572299247.1149447 1572299274.1787655 bigbrain_1538_603_2082.nii 140282795579200
write_file 1572299292.2321417 1572299370.2534277 inc-bigbrain_1538_603_2082.nii 140282795579200
task_duration 1572299172.3336756 1572299395.2019124 1572298881-isilon_1it_25cpu_40bb-0 140282795579200
read_file 1572298886.7986846 1572298913.7460847 bigbrain_0_2412_0.nii 139854703011648
increment_file 1572298970.4491193 1572299000.799466 bigbrain_0_2412_0.nii 139854703011648
write_file 1572299028.11307 1572299145.771616 inc-bigbrain_0_2412_0.nii 139854703011648
task_duration 1572298884.4134557 1572299150.0189605 1572298881-isilon_1it_25cpu_40bb-0 139854703011648
read_file 1572299404.183453 1572299412.7729607 bigbrain_2307_1206_694.nii 140041388574528
increment_file 1572299435.4013996 1572299460.819418 bigbrain_2307_1206_694.nii 140041388574528
write_file 1572299529.2425523 1572299617.7999372 inc-bigbrain_2307_1206_694.nii 140041388574528
task_duration 1572299403.4576354 1572299656.2846909 1572298881-isilon_1it_25cpu_40bb-0 140041388574528
read_file 1572299410.171726 1572299424.2018573 bigbrain_2307_603_0.nii 140600900323136
increment_file 1572299501.5779538 1572299528.9735477 bigbrain_2307_603_0.nii 140600900323136
write_file 1572299547.3952897 1572299663.3590229 inc-bigbrain_2307_603_0.nii 140600900323136
task_duration 1572299410.086401 1572299667.096372 1572298881-isilon_1it_25cpu_40bb-0 140600900323136
read_file 1572299411.2187839 1572299423.9344478 bigbrain_2307_2412_2776.nii 139889458009920
increment_file 1572299491.605064 1572299521.7896771 bigbrain_2307_2412_2776.nii 139889458009920
write_file 1572299540.987435 1572299655.8478572 inc-bigbrain_2307_2412_2776.nii 139889458009920
task_duration 1572299411.0531752 1572299667.082569 1572298881-isilon_1it_25cpu_40bb-0 139889458009920
read_file 1572299404.4511962 1572299412.49017 bigbrain_2307_1809_2082.nii 140443078682432
increment_file 1572299431.6580787 1572299454.7072904 bigbrain_2307_1809_2082.nii 140443078682432
write_file 1572299526.4945986 1572299612.4275646 inc-bigbrain_2307_1809_2082.nii 140443078682432
task_duration 1572299403.4793358 1572299653.6705425 1572298881-isilon_1it_25cpu_40bb-0 140443078682432
read_file 1572299944.6393254 1572299954.5545964 bigbrain_769_603_694.nii 140466058319680
increment_file 1572300021.9283676 1572300040.886111 bigbrain_769_603_694.nii 140466058319680
write_file 1572300043.2312157 1572300131.800769 inc-bigbrain_769_603_694.nii 140466058319680
task_duration 1572299944.4074132 1572300131.8288276 1572298881-isilon_1it_25cpu_40bb-0 140466058319680
read_file 1572299159.0542727 1572299180.83347 bigbrain_1538_2412_2776.nii 139976789989184
increment_file 1572299221.950237 1572299252.1687498 bigbrain_1538_2412_2776.nii 139976789989184
write_file 1572299283.5475638 1572299378.8550112 inc-bigbrain_1538_2412_2776.nii 139976789989184
task_duration 1572299156.5681639 1572299397.174652 1572298881-isilon_1it_25cpu_40bb-0 139976789989184
read_file 1572299913.3018012 1572299940.1474657 bigbrain_769_1206_1388.nii 139719224846144
increment_file 1572299944.2320356 1572299958.4041617 bigbrain_769_1206_1388.nii 139719224846144
write_file 1572300032.175328 1572300051.1046536 inc-bigbrain_769_1206_1388.nii 139719224846144
task_duration 1572299913.0073874 1572300095.5809913 1572298881-isilon_1it_25cpu_40bb-0 139719224846144
read_file 1572299144.8259141 1572299156.1895814 bigbrain_1538_0_2776.nii 140609350342464
increment_file 1572299171.5928397 1572299180.4330058 bigbrain_1538_0_2776.nii 140609350342464
write_file 1572299221.0161622 1572299326.0906153 inc-bigbrain_1538_0_2776.nii 140609350342464
task_duration 1572299144.4187722 1572299380.9629822 1572298881-isilon_1it_25cpu_40bb-0 140609350342464
read_file 1572299921.4151757 1572299944.227369 bigbrain_769_2412_2082.nii 140249886553920
increment_file 1572299988.5682192 1572300017.6521595 bigbrain_769_2412_2082.nii 140249886553920
write_file 1572300041.1848211 1572300114.2576313 inc-bigbrain_769_2412_2082.nii 140249886553920
task_duration 1572299921.0900967 1572300121.749988 1572298881-isilon_1it_25cpu_40bb-0 140249886553920
read_file 1572299144.6921391 1572299156.0692759 bigbrain_1538_0_694.nii 140325384091456
increment_file 1572299156.9153006 1572299169.0182674 bigbrain_1538_0_694.nii 140325384091456
write_file 1572299199.3120694 1572299287.7870326 inc-bigbrain_1538_0_694.nii 140325384091456
task_duration 1572299144.377893 1572299336.4482949 1572298881-isilon_1it_25cpu_40bb-0 140325384091456
read_file 1572299671.9721856 1572299694.360354 bigbrain_3076_2412_694.nii 139684449658688
increment_file 1572299750.8085601 1572299778.2145286 bigbrain_3076_2412_694.nii 139684449658688
write_file 1572299797.166085 1572299904.9719152 inc-bigbrain_3076_2412_694.nii 139684449658688
task_duration 1572299667.6478176 1572299912.5734005 1572298881-isilon_1it_25cpu_40bb-0 139684449658688
read_file 1572298883.3024964 1572298884.097144 bigbrain_0_0_694.nii 140257342863168
increment_file 1572298922.6727083 1572298953.314708 bigbrain_0_0_694.nii 140257342863168
write_file 1572299023.1802564 1572299131.8723795 inc-bigbrain_0_0_694.nii 140257342863168
task_duration 1572298883.2984812 1572299145.016972 1572298881-isilon_1it_25cpu_40bb-0 140257342863168
read_file 1572299667.5625029 1572299668.3516612 bigbrain_3076_1206_0.nii 140481153271616
increment_file 1572299676.3045042 1572299692.651358 bigbrain_3076_1206_0.nii 140481153271616
write_file 1572299744.6600175 1572299859.2550135 inc-bigbrain_3076_1206_0.nii 140481153271616
task_duration 1572299667.5225058 1572299902.6528354 1572298881-isilon_1it_25cpu_40bb-0 140481153271616
read_file 1572299924.0928023 1572299945.0409462 bigbrain_769_603_2082.nii 139693566560064
increment_file 1572300014.498931 1572300038.5595915 bigbrain_769_603_2082.nii 139693566560064
write_file 1572300043.0883386 1572300131.0491745 inc-bigbrain_769_603_2082.nii 139693566560064
task_duration 1572299923.6667333 1572300131.5149322 1572298881-isilon_1it_25cpu_40bb-0 139693566560064
read_file 1572298889.5091977 1572298914.414281 bigbrain_0_603_2776.nii 140364103681856
increment_file 1572298985.103841 1572299015.6512406 bigbrain_0_603_2776.nii 140364103681856
write_file 1572299033.638294 1572299149.9452987 inc-bigbrain_0_603_2776.nii 140364103681856
task_duration 1572298884.4230597 1572299154.7164779 1572298881-isilon_1it_25cpu_40bb-0 140364103681856
read_file 1572299403.8982782 1572299414.1937587 bigbrain_2307_1206_1388.nii 140043490158400
increment_file 1572299442.3261068 1572299469.7634866 bigbrain_2307_1206_1388.nii 140043490158400
write_file 1572299531.6204193 1572299626.2408543 inc-bigbrain_2307_1206_1388.nii 140043490158400
task_duration 1572299403.4528866 1572299656.135448 1572298881-isilon_1it_25cpu_40bb-0 140043490158400
read_file 1572299420.7343318 1572299434.0658154 bigbrain_2307_603_2776.nii 140243032094528
increment_file 1572299515.2946107 1572299532.928856 bigbrain_2307_603_2776.nii 140243032094528
write_file 1572299556.4220805 1572299664.9632142 inc-bigbrain_2307_603_2776.nii 140243032094528
task_duration 1572299420.54111 1572299667.0954864 1572298881-isilon_1it_25cpu_40bb-0 140243032094528
read_file 1572298883.3015337 1572298884.09217 bigbrain_0_1809_694.nii 140067657500480
increment_file 1572298910.0306945 1572298918.9311135 bigbrain_0_1809_694.nii 140067657500480
write_file 1572299013.2300503 1572299107.8548937 inc-bigbrain_0_1809_694.nii 140067657500480
task_duration 1572298883.2984047 1572299137.7494977 1572298881-isilon_1it_25cpu_40bb-0 140067657500480
read_file 1572298883.3010743 1572298884.0952437 bigbrain_0_0_1388.nii 140320323934016
increment_file 1572298919.0637197 1572298943.2120976 bigbrain_0_0_1388.nii 140320323934016
write_file 1572299016.0529804 1572299124.2198496 inc-bigbrain_0_0_1388.nii 140320323934016
task_duration 1572298883.2984617 1572299144.865478 1572298881-isilon_1it_25cpu_40bb-0 140320323934016
read_file 1572299402.8886235 1572299409.709161 bigbrain_2307_0_694.nii 140444747212608
increment_file 1572299424.7354846 1572299439.2527027 bigbrain_2307_0_694.nii 140444747212608
write_file 1572299527.933112 1572299614.9919279 inc-bigbrain_2307_0_694.nii 140444747212608
task_duration 1572299402.8135011 1572299655.9907725 1572298881-isilon_1it_25cpu_40bb-0 140444747212608
read_file 1572299171.3255036 1572299185.2179163 bigbrain_1538_2412_694.nii 139808038635328
increment_file 1572299254.9760828 1572299279.4110167 bigbrain_1538_2412_694.nii 139808038635328
write_file 1572299305.5997763 1572299400.46878 inc-bigbrain_1538_2412_694.nii 139808038635328
task_duration 1572299171.1199327 1572299403.0704267 1572298881-isilon_1it_25cpu_40bb-0 139808038635328
read_file 1572299671.3294194 1572299672.514618 bigbrain_3076_1809_0.nii 139666085431104
increment_file 1572299684.586001 1572299697.1404696 bigbrain_3076_1809_0.nii 139666085431104
write_file 1572299791.0291681 1572299873.2585907 inc-bigbrain_3076_1809_0.nii 139666085431104
task_duration 1572299667.6414497 1572299896.3047817 1572298881-isilon_1it_25cpu_40bb-0 139666085431104
read_file 1572299386.2496567 1572299402.3213494 bigbrain_2307_0_2082.nii 140533831751488
increment_file 1572299403.1714215 1572299408.8890545 bigbrain_2307_0_2082.nii 140533831751488
write_file 1572299417.392311 1572299470.0301688 inc-bigbrain_2307_0_2082.nii 140533831751488
task_duration 1572299385.5194316 1572299533.1992786 1572298881-isilon_1it_25cpu_40bb-0 140533831751488
read_file 1572299409.6547203 1572299422.7416623 bigbrain_2307_2412_0.nii 140667334043456
increment_file 1572299476.8201923 1572299499.171564 bigbrain_2307_2412_0.nii 140667334043456
write_file 1572299537.0706992 1572299650.3819728 inc-bigbrain_2307_2412_0.nii 140667334043456
task_duration 1572299409.5826244 1572299658.6596112 1572298881-isilon_1it_25cpu_40bb-0 140667334043456
read_file 1572298883.3042245 1572298884.0888975 bigbrain_0_1206_0.nii 140502824449856
increment_file 1572298884.1220818 1572298903.9020746 bigbrain_0_1206_0.nii 140502824449856
write_file 1572298953.7167358 1572299064.4022074 inc-bigbrain_0_1206_0.nii 140502824449856
task_duration 1572298883.299128 1572299123.4938664 1572298881-isilon_1it_25cpu_40bb-0 140502824449856
read_file 1572299903.4833484 1572299912.7299542 bigbrain_769_0_2776.nii 139805333677888
increment_file 1572299912.7624817 1572299930.1896951 bigbrain_769_0_2776.nii 139805333677888
write_file 1572299944.2106385 1572299990.0392141 inc-bigbrain_769_0_2776.nii 139805333677888
task_duration 1572299902.9414303 1572300042.2343633 1572298881-isilon_1it_25cpu_40bb-0 139805333677888
read_file 1572299410.4835618 1572299423.3820062 bigbrain_2307_603_2082.nii 139644082603840
increment_file 1572299481.1775982 1572299507.3039167 bigbrain_2307_603_2082.nii 139644082603840
write_file 1572299536.3966095 1572299653.007769 inc-bigbrain_2307_603_2082.nii 139644082603840
task_duration 1572299410.4185 1572299664.564456 1572298881-isilon_1it_25cpu_40bb-0 139644082603840
read_file 1572299921.9180663 1572299944.224706 bigbrain_769_1809_2776.nii 140162967770944
increment_file 1572299984.4233036 1572300015.1404018 bigbrain_769_1809_2776.nii 140162967770944
write_file 1572300041.291871 1572300118.6392446 inc-bigbrain_769_1809_2776.nii 140162967770944
task_duration 1572299921.1190295 1572300125.7133033 1572298881-isilon_1it_25cpu_40bb-0 140162967770944
read_file 1572299670.8358686 1572299694.8951828 bigbrain_3076_1809_2082.nii 140119519909696
increment_file 1572299765.7300217 1572299792.2022154 bigbrain_3076_1809_2082.nii 140119519909696
write_file 1572299808.9221046 1572299912.7168427 inc-bigbrain_3076_1809_2082.nii 140119519909696
task_duration 1572299667.6058397 1572299914.182098 1572298881-isilon_1it_25cpu_40bb-0 140119519909696
read_file 1572299913.1681724 1572299940.8158088 bigbrain_769_1206_2776.nii 140457034626880
increment_file 1572299948.001945 1572299968.7999134 bigbrain_769_1206_2776.nii 140457034626880
write_file 1572300041.5814161 1572300123.5202894 inc-bigbrain_769_1206_2776.nii 140457034626880
task_duration 1572299913.0031042 1572300126.8792658 1572298881-isilon_1it_25cpu_40bb-0 140457034626880
read_file 1572299410.225274 1572299423.5333836 bigbrain_2307_2412_1388.nii 140248129988416
increment_file 1572299483.5841997 1572299512.7552333 bigbrain_2307_2412_1388.nii 140248129988416
write_file 1572299536.1368613 1572299650.6177802 inc-bigbrain_2307_2412_1388.nii 140248129988416
task_duration 1572299410.1201677 1572299658.4609768 1572298881-isilon_1it_25cpu_40bb-0 140248129988416
read_file 1572299540.7868114 1572299551.022065 bigbrain_3076_0_0.nii 139879268882240
increment_file 1572299621.4952831 1572299662.557362 bigbrain_3076_0_0.nii 139879268882240
write_file 1572299667.0589876 1572299690.406575 inc-bigbrain_3076_0_0.nii 139879268882240
task_duration 1572299540.5337322 1572299740.9770086 1572298881-isilon_1it_25cpu_40bb-0 139879268882240
read_file 1572299907.9818687 1572299912.7335906 bigbrain_769_0_694.nii 140656161707840
increment_file 1572299913.3017519 1572299932.2096841 bigbrain_769_0_694.nii 140656161707840
write_file 1572299944.2047095 1572299988.5687118 inc-bigbrain_769_0_694.nii 140656161707840
task_duration 1572299907.8254426 1572300042.2965426 1572298881-isilon_1it_25cpu_40bb-0 140656161707840
read_file 1572299911.2608657 1572299912.7418935 bigbrain_769_1206_0.nii 139884252497728
increment_file 1572299921.438069 1572299937.7697175 bigbrain_769_1206_0.nii 139884252497728
write_file 1572299944.2032297 1572299983.3630311 inc-bigbrain_769_1206_0.nii 139884252497728
task_duration 1572299911.1575267 1572300042.1717591 1572298881-isilon_1it_25cpu_40bb-0 139884252497728
read_file 1572299403.0667806 1572299409.5847979 bigbrain_2307_0_2776.nii 139693470664512
increment_file 1572299421.0020208 1572299430.8577962 bigbrain_2307_0_2776.nii 139693470664512
write_file 1572299514.0931182 1572299625.964195 inc-bigbrain_2307_0_2776.nii 139693470664512
task_duration 1572299403.018969 1572299655.701517 1572298881-isilon_1it_25cpu_40bb-0 139693470664512
read_file 1572298884.7929192 1572298907.9900694 bigbrain_0_1809_1388.nii 140572539721536
increment_file 1572298954.650505 1572298976.387931 bigbrain_0_1809_1388.nii 140572539721536
write_file 1572299026.5430443 1572299142.065554 inc-bigbrain_0_1809_1388.nii 140572539721536
task_duration 1572298884.382471 1572299148.960663 1572298881-isilon_1it_25cpu_40bb-0 140572539721536
read_file 1572299668.8267324 1572299680.4297192 bigbrain_3076_2412_1388.nii 140492866787136
increment_file 1572299713.5628984 1572299741.479765 bigbrain_3076_2412_1388.nii 140492866787136
write_file 1572299795.4391549 1572299897.1360514 inc-bigbrain_3076_2412_1388.nii 140492866787136
task_duration 1572299667.575125 1572299908.4867413 1572298881-isilon_1it_25cpu_40bb-0 140492866787136
read_file 1572299403.0133648 1572299409.4864748 bigbrain_2307_1206_2776.nii 139799739619136
increment_file 1572299416.2158003 1572299423.248966 bigbrain_2307_1206_2776.nii 139799739619136
write_file 1572299480.7790902 1572299599.8373096 inc-bigbrain_2307_1206_2776.nii 139799739619136
task_duration 1572299402.949581 1572299633.9370463 1572298881-isilon_1it_25cpu_40bb-0 139799739619136
read_file 1572299672.5080888 1572299692.9182465 bigbrain_3076_2412_2776.nii 140619513878336
increment_file 1572299740.9714663 1572299761.5870466 bigbrain_3076_2412_2776.nii 140619513878336
write_file 1572299797.2368696 1572299903.33466 inc-bigbrain_3076_2412_2776.nii 140619513878336
task_duration 1572299667.661498 1572299908.7593744 1572298881-isilon_1it_25cpu_40bb-0 140619513878336
read_file 1572299667.4983501 1572299667.5164208 bigbrain_3076_0_2776.nii 140381073958720
increment_file 1572299667.522646 1572299683.4662642 bigbrain_3076_0_2776.nii 140381073958720
write_file 1572299734.3439772 1572299791.6965883 inc-bigbrain_3076_0_2776.nii 140381073958720
task_duration 1572299667.4957924 1572299811.4086835 1572298881-isilon_1it_25cpu_40bb-0 140381073958720
read_file 1572298883.3045077 1572298884.0906453 bigbrain_0_1809_0.nii 139637090555712
increment_file 1572298888.9741738 1572298907.7236311 bigbrain_0_1809_0.nii 139637090555712
write_file 1572298952.676879 1572299043.6751966 inc-bigbrain_0_1809_0.nii 139637090555712
task_duration 1572298883.2991683 1572299119.511665 1572298881-isilon_1it_25cpu_40bb-0 139637090555712
read_file 1572298883.3033783 1572298884.0989428 bigbrain_0_0_2082.nii 140373397063488
increment_file 1572298928.8223033 1572298958.606844 bigbrain_0_0_2082.nii 140373397063488
write_file 1572299028.7821257 1572299149.0555074 inc-bigbrain_0_0_2082.nii 140373397063488
task_duration 1572298883.298894 1572299154.449942 1572298881-isilon_1it_25cpu_40bb-0 140373397063488
read_file 1572299667.7319455 1572299677.8503911 bigbrain_3076_1206_2776.nii 139965434271552
increment_file 1572299703.4218438 1572299734.5817566 bigbrain_3076_1206_2776.nii 139965434271552
write_file 1572299795.5711315 1572299889.939205 inc-bigbrain_3076_1206_2776.nii 139965434271552
task_duration 1572299667.533729 1572299906.7889516 1572298881-isilon_1it_25cpu_40bb-0 139965434271552
read_file 1572299403.1542313 1572299409.9854565 bigbrain_2307_1206_2082.nii 139707533207360
increment_file 1572299428.8793874 1572299448.7185607 bigbrain_2307_1206_2082.nii 139707533207360
write_file 1572299527.2142158 1572299614.6812809 inc-bigbrain_2307_1206_2082.nii 139707533207360
task_duration 1572299403.0969613 1572299655.3800442 1572298881-isilon_1it_25cpu_40bb-0 139707533207360
read_file 1572299404.3171756 1572299413.5789201 bigbrain_2307_1809_1388.nii 140562877392704
increment_file 1572299439.7859225 1572299467.2511563 bigbrain_2307_1809_1388.nii 140562877392704
write_file 1572299526.493519 1572299596.530629 inc-bigbrain_2307_1809_1388.nii 140562877392704
task_duration 1572299403.464431 1572299637.7782285 1572298881-isilon_1it_25cpu_40bb-0 140562877392704
read_file 1572299924.5270638 1572299944.640349 bigbrain_769_2412_2776.nii 140420267235136
increment_file 1572300004.261556 1572300029.092662 bigbrain_769_2412_2776.nii 140420267235136
write_file 1572300041.1226885 1572300110.3158805 inc-bigbrain_769_2412_2776.nii 140420267235136
task_duration 1572299924.0470514 1572300115.757158 1572298881-isilon_1it_25cpu_40bb-0 140420267235136
read_file 1572299671.5804846 1572299695.1625412 bigbrain_3076_603_0.nii 140705045038912
increment_file 1572299775.8340366 1572299795.375434 bigbrain_3076_603_0.nii 140705045038912
write_file 1572299813.8491662 1572299912.7179103 inc-bigbrain_3076_603_0.nii 140705045038912
task_duration 1572299667.6438487 1572299913.461515 1572298881-isilon_1it_25cpu_40bb-0 140705045038912
read_file 1572299153.7778335 1572299156.256698 bigbrain_1538_1206_694.nii 140609237124928
increment_file 1572299185.8850513 1572299201.1898837 bigbrain_1538_1206_694.nii 140609237124928
write_file 1572299273.1971643 1572299357.204331 inc-bigbrain_1538_1206_694.nii 140609237124928
task_duration 1572299153.5798852 1572299394.3094213 1572298881-isilon_1it_25cpu_40bb-0 140609237124928
