START DATE:1568410879
/bin/sh: line 0: type: docker: not found
[32mShell command
[0mmkdir -p disk-5/outputs/IPCAS_2_0025549; /run.py data/corr/RawDataBIDS/IPCAS_2 disk-5/outputs/IPCAS_2_0025549 participant --participant_label 0025549 
[32mContainer location
[0mLocal (bids-example.simg)
[32mContainer command
[0msingularity exec --cleanenv -B /home/val/tristan:/home/val/tristan -W /home/val/tristan /home/val/tristan/bids-example.simg /home/val/tristan/temp-782911066836-1568410930913.localExec.boshjob.sh
[32mExit code
[0m0
[32mStd out
[0m	1: This file is not part of the BIDS specification, make sure it isn't included in the dataset by accident. Data derivatives (processed data) should be placed in /derivatives folder. (code: 1 - NOT_INCLUDED)
		/.datalad/.gitattributes
			Evidence: .gitattributes
		/.datalad/config
			Evidence: config
		/.datalad/crawl/crawl.cfg
			Evidence: crawl.cfg
		/.datalad/crawl/versions/master.json
			Evidence: master.json
		/.datalad/meta/meta.json
			Evidence: meta.json
		/.datalad/metadata/aggregate_v1.json
			Evidence: aggregate_v1.json
		/.datalad/metadata/objects/b1/cn-5db7454c2ef561c92d0236a31ab8cf.xz
			Evidence: cn-5db7454c2ef561c92d0236a31ab8cf.xz
		/.datalad/metadata/objects/b1/ds-5db7454c2ef561c92d0236a31ab8cf
			Evidence: ds-5db7454c2ef561c92d0236a31ab8cf
		/.gitattributes
			Evidence: .gitattributes

	2: Not all subjects contain the same files. Each subject should contain the same number of files with the same naming unless some files are known to be missing. (code: 38 - INCONSISTENT_SUBJECTS)
		/sub-0025545/sub-0025545_sessions.tsv

        Summary:                  Available Tasks:        Available Modalities: 
        1471 Files, 8.51GB        rest                    T1w                   
        35 - Subjects                                     dwi                   
        2 - Sessions                                      bold                  


bet data/corr/RawDataBIDS/IPCAS_2/sub-0025549/ses-1/anat/sub-0025549_ses-1_run-1_T1w.nii.gz disk-5/outputs/IPCAS_2_0025549/sub-0025549_ses-1_run-1_brain.nii.gz

bet data/corr/RawDataBIDS/IPCAS_2/sub-0025549/ses-2/anat/sub-0025549_ses-2_run-1_T1w.nii.gz disk-5/outputs/IPCAS_2_0025549/sub-0025549_ses-2_run-1_brain.nii.gz


[32mError message
[0m[31m[0m
[32mOutput files
[0m	- disk-5/outputs/IPCAS_2_0025549 (output_dir, Required)
[32mMissing files
[0m[31m[0m


real	1m0.779s
user	0m22.056s
sys	0m4.233s
END DATE:1568410940
