START DATE:1567565678
/bin/sh: line 0: type: docker: not found
[32mShell command
[0mmkdir -p nvme-1/outputs/JHNU_0025603; /run.py data/corr/RawDataBIDS/JHNU nvme-1/outputs/JHNU_0025603 participant --participant_label 0025603 
[32mContainer location
[0mLocal (bids-example.simg)
[32mContainer command
[0msingularity exec --cleanenv -B /nvme-disk1/tristan/bids-app-example:/nvme-disk1/tristan/bids-app-example -W /nvme-disk1/tristan/bids-app-example /nvme-disk1/tristan/bids-app-example/bids-example.simg /nvme-disk1/tristan/bids-app-example/temp-910341582797-1567565710789.localExec.boshjob.sh
[32mExit code
[0m0
[32mStd out
[0m	1: This file is not part of the BIDS specification, make sure it isn't included in the dataset by accident. Data derivatives (processed data) should be placed in /derivatives folder. (code: 1 - NOT_INCLUDED)
		/.datalad/.gitattributes
			Evidence: .gitattributes
		/.datalad/config
			Evidence: config
		/.datalad/crawl/crawl.cfg
			Evidence: crawl.cfg
		/.datalad/crawl/versions/master.json
			Evidence: master.json
		/.datalad/meta/meta.json
			Evidence: meta.json
		/.datalad/metadata/aggregate_v1.json
			Evidence: aggregate_v1.json
		/.datalad/metadata/objects/58/cn-cfa3b02f4dfca470232123a95c6121.xz
			Evidence: cn-cfa3b02f4dfca470232123a95c6121.xz
		/.datalad/metadata/objects/58/ds-cfa3b02f4dfca470232123a95c6121
			Evidence: ds-cfa3b02f4dfca470232123a95c6121
		/.gitattributes
			Evidence: .gitattributes

	2: Not all subjects/sessions/runs have the same scanning parameters. (code: 39 - INCONSISTENT_PARAMETERS)
		/sub-0025602/ses-1/anat/sub-0025602_ses-1_run-1_T1w.nii.gz
		/sub-0025610/ses-1/anat/sub-0025610_ses-1_run-1_T1w.nii.gz
		/sub-0025612/ses-1/anat/sub-0025612_ses-1_run-1_T1w.nii.gz
		/sub-0025617/ses-1/anat/sub-0025617_ses-1_run-1_T1w.nii.gz
		/sub-0025621/ses-1/anat/sub-0025621_ses-1_run-1_T1w.nii.gz

        Summary:                 Available Tasks:        Available Modalities: 
        663 Files, 4.24GB        rest                    T1w                   
        30 - Subjects                                    bold                  
        2 - Sessions                                                           


bet data/corr/RawDataBIDS/JHNU/sub-0025603/ses-1/anat/sub-0025603_ses-1_run-1_T1w.nii.gz nvme-1/outputs/JHNU_0025603/sub-0025603_ses-1_run-1_brain.nii.gz


[32mError message
[0m[31m[0m
[32mOutput files
[0m	- nvme-1/outputs/JHNU_0025603 (output_dir, Required)
[32mMissing files
[0m[31m[0m


real	0m41.313s
user	0m15.185s
sys	0m2.904s
END DATE:1567565719
