START DATE:1567559976
/bin/sh: line 0: type: docker: not found
[32mShell command
[0mmkdir -p disk-1/outputs/IPCAS_5_0027300; /run.py data/corr/RawDataBIDS/IPCAS_5 disk-1/outputs/IPCAS_5_0027300 participant --participant_label 0027300 
[32mContainer location
[0mLocal (bids-example.simg)
[32mContainer command
[0msingularity exec --cleanenv -B /home/val/tristan/bids-app-example:/home/val/tristan/bids-app-example -W /home/val/tristan/bids-app-example /home/val/tristan/bids-app-example/bids-example.simg /home/val/tristan/bids-app-example/temp-604682134594-1567560027006.localExec.boshjob.sh
[32mExit code
[0m0
[32mStd out
[0m	1: This file is not part of the BIDS specification, make sure it isn't included in the dataset by accident. Data derivatives (processed data) should be placed in /derivatives folder. (code: 1 - NOT_INCLUDED)
		/.datalad/.gitattributes
			Evidence: .gitattributes
		/.datalad/config
			Evidence: config
		/.datalad/crawl/crawl.cfg
			Evidence: crawl.cfg
		/.datalad/crawl/versions/master.json
			Evidence: master.json
		/.datalad/meta/meta.json
			Evidence: meta.json
		/.datalad/metadata/aggregate_v1.json
			Evidence: aggregate_v1.json
		/.datalad/metadata/objects/8e/cn-df296854a12bf34a9d67966c563331.xz
			Evidence: cn-df296854a12bf34a9d67966c563331.xz
		/.datalad/metadata/objects/8e/ds-df296854a12bf34a9d67966c563331
			Evidence: ds-df296854a12bf34a9d67966c563331
		/.gitattributes
			Evidence: .gitattributes

        Summary:                 Available Tasks:        Available Modalities: 
        614 Files, 6.37GB        rest                    T1w                   
        22 - Subjects                                    bold                  
        2 - Sessions                                                           


bet data/corr/RawDataBIDS/IPCAS_5/sub-0027300/ses-1/anat/sub-0027300_ses-1_run-1_T1w.nii.gz disk-1/outputs/IPCAS_5_0027300/sub-0027300_ses-1_run-1_brain.nii.gz


[32mError message
[0m[31m[0m
[32mOutput files
[0m	- disk-1/outputs/IPCAS_5_0027300 (output_dir, Required)
[32mMissing files
[0m[31m[0m


real	0m59.404s
user	0m21.710s
sys	0m4.214s
END DATE:1567560036
