START DATE:1568266954
/bin/sh: line 0: type: docker: not found
[32mShell command
[0mmkdir -p isilon-3/outputs/IPCAS_5_0027292; /run.py data/corr/RawDataBIDS/IPCAS_5 isilon-3/outputs/IPCAS_5_0027292 participant --participant_label 0027292 
[32mContainer location
[0mLocal (bids-example.simg)
[32mContainer command
[0msingularity exec --cleanenv -B /home/users/vhayots/tristan/paper-memory-storage/experiments/bids-app-example:/home/users/vhayots/tristan/paper-memory-storage/experiments/bids-app-example -W /home/users/vhayots/tristan/paper-memory-storage/experiments/bids-app-example /home/users/vhayots/tristan/paper-memory-storage/experiments/bids-app-example/bids-example.simg /home/users/vhayots/tristan/paper-memory-storage/experiments/bids-app-example/temp-146630331555-1568267076604.localExec.boshjob.sh
[32mExit code
[0m0
[32mStd out
[0m	1: This file is not part of the BIDS specification, make sure it isn't included in the dataset by accident. Data derivatives (processed data) should be placed in /derivatives folder. (code: 1 - NOT_INCLUDED)
		/.datalad/.gitattributes
			Evidence: .gitattributes
		/.datalad/config
			Evidence: config
		/.datalad/crawl/crawl.cfg
			Evidence: crawl.cfg
		/.datalad/crawl/versions/master.json
			Evidence: master.json
		/.datalad/meta/meta.json
			Evidence: meta.json
		/.datalad/metadata/aggregate_v1.json
			Evidence: aggregate_v1.json
		/.datalad/metadata/objects/8e/cn-df296854a12bf34a9d67966c563331.xz
			Evidence: cn-df296854a12bf34a9d67966c563331.xz
		/.datalad/metadata/objects/8e/ds-df296854a12bf34a9d67966c563331
			Evidence: ds-df296854a12bf34a9d67966c563331
		/.gitattributes
			Evidence: .gitattributes

        Summary:                 Available Tasks:        Available Modalities: 
        614 Files, 6.37GB        rest                    T1w                   
        22 - Subjects                                    bold                  
        2 - Sessions                                                           


bet data/corr/RawDataBIDS/IPCAS_5/sub-0027292/ses-1/anat/sub-0027292_ses-1_run-1_T1w.nii.gz isilon-3/outputs/IPCAS_5_0027292/sub-0027292_ses-1_run-1_brain.nii.gz


[32mError message
[0m[31m[0m
[32mOutput files
[0m	- isilon-3/outputs/IPCAS_5_0027292 (output_dir, Required)
[32mMissing files
[0m[31m[0m


real	2m17.335s
user	0m17.325s
sys	0m2.920s
END DATE:1568267091
