START DATE:1567545792
/bin/sh: line 0: type: docker: not found
[32mShell command
[0mmkdir -p in-mem-1/outputs/IPCAS_5_0027291; /run.py data/corr/RawDataBIDS/IPCAS_5 in-mem-1/outputs/IPCAS_5_0027291 participant --participant_label 0027291 
[32mContainer location
[0mLocal (bids-example.simg)
[32mContainer command
[0msingularity exec --cleanenv -B /run/user/61218/tristan/bids-app-example:/run/user/61218/tristan/bids-app-example -W /run/user/61218/tristan/bids-app-example /run/user/61218/tristan/bids-app-example/bids-example.simg /run/user/61218/tristan/bids-app-example/temp-133616856319-1567545848664.localExec.boshjob.sh
[32mExit code
[0m0
[32mStd out
[0m	1: This file is not part of the BIDS specification, make sure it isn't included in the dataset by accident. Data derivatives (processed data) should be placed in /derivatives folder. (code: 1 - NOT_INCLUDED)
		/.datalad/.gitattributes
			Evidence: .gitattributes
		/.datalad/config
			Evidence: config
		/.datalad/crawl/crawl.cfg
			Evidence: crawl.cfg
		/.datalad/crawl/versions/master.json
			Evidence: master.json
		/.datalad/meta/meta.json
			Evidence: meta.json
		/.datalad/metadata/aggregate_v1.json
			Evidence: aggregate_v1.json
		/.datalad/metadata/objects/8e/cn-df296854a12bf34a9d67966c563331.xz
			Evidence: cn-df296854a12bf34a9d67966c563331.xz
		/.datalad/metadata/objects/8e/ds-df296854a12bf34a9d67966c563331
			Evidence: ds-df296854a12bf34a9d67966c563331
		/.gitattributes
			Evidence: .gitattributes

        Summary:                 Available Tasks:        Available Modalities: 
        614 Files, 6.37GB        rest                    T1w                   
        22 - Subjects                                    bold                  
        2 - Sessions                                                           


bet data/corr/RawDataBIDS/IPCAS_5/sub-0027291/ses-1/anat/sub-0027291_ses-1_run-1_T1w.nii.gz in-mem-1/outputs/IPCAS_5_0027291/sub-0027291_ses-1_run-1_brain.nii.gz


[32mError message
[0m[31m[0m
[32mOutput files
[0m	- in-mem-1/outputs/IPCAS_5_0027291 (output_dir, Required)
[32mMissing files
[0m[31m[0m


real	1m4.219s
user	0m21.463s
sys	0m3.983s
END DATE:1567545856
