START DATE:1567735169
/bin/sh: line 0: type: docker: not found
[32mShell command
[0mmkdir -p pmem-3/outputs/LMU_3_0025418; /run.py data/corr/RawDataBIDS/LMU_3 pmem-3/outputs/LMU_3_0025418 participant --participant_label 0025418 
[32mContainer location
[0mLocal (bids-example.simg)
[32mContainer command
[0msingularity exec --cleanenv -B /pmem1-data/val/tristan:/pmem1-data/val/tristan -W /pmem1-data/val/tristan /pmem1-data/val/tristan/bids-example.simg /pmem1-data/val/tristan/temp-609398780398-1567735333376.localExec.boshjob.sh
[32mExit code
[0m0
[32mStd out
[0m	1: This file is not part of the BIDS specification, make sure it isn't included in the dataset by accident. Data derivatives (processed data) should be placed in /derivatives folder. (code: 1 - NOT_INCLUDED)
		/.datalad/.gitattributes
			Evidence: .gitattributes
		/.datalad/config
			Evidence: config
		/.datalad/crawl/crawl.cfg
			Evidence: crawl.cfg
		/.datalad/crawl/versions/master.json
			Evidence: master.json
		/.datalad/meta/meta.json
			Evidence: meta.json
		/.datalad/metadata/aggregate_v1.json
			Evidence: aggregate_v1.json
		/.datalad/metadata/objects/d0/cn-679ce03a61248e9e4843d27c37a83b.xz
			Evidence: cn-679ce03a61248e9e4843d27c37a83b.xz
		/.datalad/metadata/objects/d0/ds-679ce03a61248e9e4843d27c37a83b
			Evidence: ds-679ce03a61248e9e4843d27c37a83b
		/.gitattributes
			Evidence: .gitattributes

	2: Not all subjects/sessions/runs have the same scanning parameters. (code: 39 - INCONSISTENT_PARAMETERS)
		/sub-0025404/ses-2/anat/sub-0025404_ses-2_run-1_T1w.nii.gz
		/sub-0025412/ses-1/func/sub-0025412_ses-1_task-rest_run-1_bold.nii.gz

        Summary:                 Available Tasks:        Available Modalities: 
        682 Files, 2.34GB        rest                    T1w                   
        25 - Subjects                                    bold                  
        2 - Sessions                                                           


bet data/corr/RawDataBIDS/LMU_3/sub-0025418/ses-1/anat/sub-0025418_ses-1_run-1_T1w.nii.gz pmem-3/outputs/LMU_3_0025418/sub-0025418_ses-1_run-1_brain.nii.gz

bet data/corr/RawDataBIDS/LMU_3/sub-0025418/ses-2/anat/sub-0025418_ses-2_run-1_T1w.nii.gz pmem-3/outputs/LMU_3_0025418/sub-0025418_ses-2_run-1_brain.nii.gz


[32mError message
[0m[31m[0m
[32mOutput files
[0m	- pmem-3/outputs/LMU_3_0025418 (output_dir, Required)
[32mMissing files
[0m[31m[0m


real	3m0.904s
user	0m10.381s
sys	0m2.633s
END DATE:1567735350
