read_file 1567708163.883727 1567708163.9310062 bigbrain_2307_2412_0.nii 139841081120576
increment_file 1567708163.9506445 1567708190.319288 bigbrain_2307_2412_0.nii 139841081120576
write_file 1567708191.671471 1567708197.8218482 inc-bigbrain_2307_2412_0.nii 139841081120576
task_duration 1567708283.8800933 1567708437.94227 1567707833-isilonAD_1it_25cpus_120delay_withpc-2 139841081120576
read_file 1567707720.4887302 1567707720.9163795 bigbrain_1538_2412_694.nii 140465375340352
increment_file 1567707725.7798643 1567707771.4684932 bigbrain_1538_2412_694.nii 140465375340352
write_file 1567707853.7631922 1567707953.5741663 inc-bigbrain_1538_2412_694.nii 140465375340352
task_duration 1567707840.451809 1567708208.8124692 1567707833-isilonAD_1it_25cpus_120delay_withpc-2 140465375340352
read_file 1567708566.3305397 1567708566.4188182 bigbrain_769_1206_2776.nii 139852053034816
increment_file 1567708566.4338825 1567708584.1478438 bigbrain_769_1206_2776.nii 139852053034816
write_file 1567708589.1828935 1567708608.8355663 inc-bigbrain_769_1206_2776.nii 139852053034816
task_duration 1567708686.3283246 1567708850.395098 1567707833-isilonAD_1it_25cpus_120delay_withpc-2 139852053034816
read_file 1567708462.5008464 1567708472.786872 bigbrain_3076_603_1388.nii 140395089520448
increment_file 1567708481.8403068 1567708503.1259198 bigbrain_3076_603_1388.nii 140395089520448
write_file 1567708508.427414 1567708543.6446557 inc-bigbrain_3076_603_1388.nii 140395089520448
task_duration 1567708582.4978998 1567708785.1024463 1567707833-isilonAD_1it_25cpus_120delay_withpc-2 140395089520448
read_file 1567707720.514798 1567707720.935728 bigbrain_1538_1809_2082.nii 140599826949952
increment_file 1567707777.2393959 1567707822.5055864 bigbrain_1538_1809_2082.nii 140599826949952
write_file 1567707857.623871 1567707976.0040514 inc-bigbrain_1538_1809_2082.nii 140599826949952
task_duration 1567707840.4970815 1567708218.6997774 1567707833-isilonAD_1it_25cpus_120delay_withpc-2 140599826949952
read_file 1567708719.5066895 1567708720.4976609 bigbrain_769_603_694.nii 139840059451200
increment_file 1567708722.436521 1567708735.9925146 bigbrain_769_603_694.nii 139840059451200
write_file 1567708736.3966768 1567708751.9916737 inc-bigbrain_769_603_694.nii 139840059451200
task_duration 1567708839.3048797 1567708992.1031463 1567707833-isilonAD_1it_25cpus_120delay_withpc-2 139840059451200
read_file 1567707720.5687335 1567707720.9466138 bigbrain_1538_1206_1388.nii 140421548353344
increment_file 1567707796.0602295 1567707838.9362574 bigbrain_1538_1206_1388.nii 140421548353344
write_file 1567707858.3517241 1567707981.6701918 inc-bigbrain_1538_1206_1388.nii 140421548353344
task_duration 1567707840.5023649 1567708222.1993694 1567707833-isilonAD_1it_25cpus_120delay_withpc-2 140421548353344
read_file 1567708567.900505 1567708586.4077466 bigbrain_769_1206_694.nii 140562823763776
increment_file 1567708589.1821449 1567708606.7479684 bigbrain_769_1206_694.nii 140562823763776
write_file 1567708608.7639518 1567708619.9613628 inc-bigbrain_769_1206_694.nii 140562823763776
task_duration 1567708687.4353795 1567708864.5033615 1567707833-isilonAD_1it_25cpus_120delay_withpc-2 140562823763776
read_file 1567707720.9123998 1567707720.9665577 bigbrain_1538_1809_694.nii 140329676011328
increment_file 1567707843.2256184 1567707859.1286495 bigbrain_1538_1809_694.nii 140329676011328
write_file 1567707935.531542 1567707988.938027 inc-bigbrain_1538_1809_694.nii 140329676011328
task_duration 1567707840.8989284 1567708229.0547698 1567707833-isilonAD_1it_25cpus_120delay_withpc-2 140329676011328
read_file 1567708645.3260922 1567708645.354932 bigbrain_769_2412_0.nii 140483431786304
increment_file 1567708645.3595567 1567708661.06204 bigbrain_769_2412_0.nii 140483431786304
write_file 1567708661.8634546 1567708667.9973679 inc-bigbrain_769_2412_0.nii 140483431786304
task_duration 1567708765.3230867 1567708908.1219347 1567707833-isilonAD_1it_25cpus_120delay_withpc-2 140483431786304
read_file 1567708339.464773 1567708344.1703303 bigbrain_3076_1206_2082.nii 140409961633600
increment_file 1567708345.8288822 1567708361.5030577 bigbrain_3076_1206_2082.nii 140409961633600
write_file 1567708362.6110003 1567708370.0825608 inc-bigbrain_3076_1206_2082.nii 140409961633600
task_duration 1567708459.2064226 1567708610.1146467 1567707833-isilonAD_1it_25cpus_120delay_withpc-2 140409961633600
read_file 1567708136.180227 1567708136.2682266 bigbrain_2307_1809_0.nii 139923059156800
increment_file 1567708136.2916903 1567708146.1458247 bigbrain_2307_1809_0.nii 139923059156800
write_file 1567708158.6255531 1567708191.6288345 inc-bigbrain_2307_1809_0.nii 139923059156800
task_duration 1567708256.1771882 1567708431.7594757 1567707833-isilonAD_1it_25cpus_120delay_withpc-2 139923059156800
read_file 1567707720.4882693 1567707720.914286 bigbrain_1538_603_2776.nii 140422267303744
increment_file 1567707723.9083567 1567707766.2798393 bigbrain_1538_603_2776.nii 140422267303744
write_file 1567707852.5598977 1567707952.6382096 inc-bigbrain_1538_603_2776.nii 140422267303744
task_duration 1567707840.4511323 1567708203.9741635 1567707833-isilonAD_1it_25cpus_120delay_withpc-2 140422267303744
read_file 1567708718.5606725 1567708718.5863054 bigbrain_769_603_2776.nii 140713108567872
increment_file 1567708718.5904486 1567708731.455404 bigbrain_769_603_2776.nii 140713108567872
write_file 1567708734.3885071 1567708749.531967 inc-bigbrain_769_603_2776.nii 140713108567872
task_duration 1567708838.5583718 1567708989.9495835 1567707833-isilonAD_1it_25cpus_120delay_withpc-2 140713108567872
read_file 1567708321.5060818 1567708322.9161499 bigbrain_3076_1206_2776.nii 139720503609152
increment_file 1567708323.9935389 1567708334.0129726 bigbrain_3076_1206_2776.nii 139720503609152
write_file 1567708340.2669902 1567708355.2422285 inc-bigbrain_3076_1206_2776.nii 139720503609152
task_duration 1567708441.4349084 1567708596.978187 1567707833-isilonAD_1it_25cpus_120delay_withpc-2 139720503609152
read_file 1567708197.976787 1567708198.0745797 bigbrain_2307_2412_1388.nii 139838089451328
increment_file 1567708198.1123395 1567708212.5110576 bigbrain_2307_2412_1388.nii 139838089451328
write_file 1567708225.3652368 1567708237.9730637 inc-bigbrain_2307_2412_1388.nii 139838089451328
task_duration 1567708317.9735782 1567708505.8077927 1567707833-isilonAD_1it_25cpus_120delay_withpc-2 139838089451328
read_file 1567707720.492413 1567707720.930372 bigbrain_1538_603_0.nii 139781517981504
increment_file 1567707765.9059415 1567707812.8456044 bigbrain_1538_603_0.nii 139781517981504
write_file 1567707857.3499167 1567707970.8299422 inc-bigbrain_1538_603_0.nii 139781517981504
task_duration 1567707840.4594557 1567708215.190019 1567707833-isilonAD_1it_25cpus_120delay_withpc-2 139781517981504
read_file 1567708225.1591094 1567708231.3782923 bigbrain_2307_603_2776.nii 139725988390720
increment_file 1567708254.1011748 1567708268.0900621 bigbrain_2307_603_2776.nii 139725988390720
write_file 1567708268.13584 1567708307.099329 inc-bigbrain_2307_603_2776.nii 139725988390720
task_duration 1567708344.9531991 1567708547.2237332 1567707833-isilonAD_1it_25cpus_120delay_withpc-2 139725988390720
read_file 1567708081.107968 1567708081.1237884 bigbrain_2307_1206_0.nii 139856792741696
increment_file 1567708081.1331544 1567708086.6585386 bigbrain_2307_1206_0.nii 139856792741696
write_file 1567708086.687376 1567708092.8397303 inc-bigbrain_2307_1206_0.nii 139856792741696
task_duration 1567708201.10565 1567708332.960677 1567707833-isilonAD_1it_25cpus_120delay_withpc-2 139856792741696
read_file 1567708679.542185 1567708687.951616 bigbrain_769_2412_2776.nii 140390388979520
increment_file 1567708690.8489232 1567708705.0817153 bigbrain_769_2412_2776.nii 140390388979520
write_file 1567708705.8951216 1567708712.4278305 inc-bigbrain_769_2412_2776.nii 140390388979520
task_duration 1567708799.1675792 1567708952.543353 1567707833-isilonAD_1it_25cpus_120delay_withpc-2 140390388979520
read_file 1567707720.4613643 1567707720.9136314 bigbrain_1538_1809_2776.nii 139932866889536
increment_file 1567707721.3856738 1567707757.8850346 bigbrain_1538_1809_2776.nii 139932866889536
write_file 1567707852.1588368 1567707950.4134986 inc-bigbrain_1538_1809_2776.nii 139932866889536
task_duration 1567707840.4509344 1567708202.3011627 1567707833-isilonAD_1it_25cpus_120delay_withpc-2 139932866889536
read_file 1567707720.586775 1567707720.9556477 bigbrain_1538_1809_1388.nii 140685493593920
increment_file 1567707801.814326 1567707841.720182 bigbrain_1538_1809_1388.nii 140685493593920
write_file 1567707858.5314424 1567707983.4469981 inc-bigbrain_1538_1809_1388.nii 140685493593920
task_duration 1567707840.5022233 1567708224.0666382 1567707833-isilonAD_1it_25cpus_120delay_withpc-2 140685493593920
read_file 1567707720.6047118 1567707720.9561367 bigbrain_1538_2412_0.nii 139795025807168
increment_file 1567707809.7824273 1567707846.893255 bigbrain_1538_2412_0.nii 139795025807168
write_file 1567707859.0213306 1567707986.9958305 inc-bigbrain_1538_2412_0.nii 139795025807168
task_duration 1567707840.505949 1567708227.2980633 1567707833-isilonAD_1it_25cpus_120delay_withpc-2 139795025807168
read_file 1567707720.4891243 1567707720.9182286 bigbrain_1538_1206_694.nii 140604161943360
increment_file 1567707728.8549697 1567707777.2411451 bigbrain_1538_1206_694.nii 140604161943360
write_file 1567707854.164276 1567707954.3138373 inc-bigbrain_1538_1206_694.nii 140604161943360
task_duration 1567707840.4535275 1567708200.3280385 1567707833-isilonAD_1it_25cpus_120delay_withpc-2 140604161943360
read_file 1567708620.817031 1567708626.7914426 bigbrain_769_1809_2776.nii 140198322485056
increment_file 1567708628.5073261 1567708643.5957181 bigbrain_769_1809_2776.nii 140198322485056
write_file 1567708644.6940327 1567708661.723097 inc-bigbrain_769_1809_2776.nii 140198322485056
task_duration 1567708740.3706894 1567708901.9505467 1567707833-isilonAD_1it_25cpus_120delay_withpc-2 140198322485056
read_file 1567708617.1243515 1567708623.57241 bigbrain_769_1809_0.nii 139817111504704
increment_file 1567708626.4174068 1567708638.6841712 bigbrain_769_1809_0.nii 139817111504704
write_file 1567708644.5566638 1567708661.8426902 inc-bigbrain_769_1809_0.nii 139817111504704
task_duration 1567708736.7163134 1567708901.9581244 1567707833-isilonAD_1it_25cpus_120delay_withpc-2 139817111504704
read_file 1567707720.4413457 1567707720.731877 bigbrain_1538_603_1388.nii 140228163000128
increment_file 1567707720.9330373 1567707750.8811047 bigbrain_1538_603_1388.nii 140228163000128
write_file 1567707851.3565724 1567707944.843449 inc-bigbrain_1538_603_1388.nii 140228163000128
task_duration 1567707840.435752 1567708207.4589665 1567707833-isilonAD_1it_25cpus_120delay_withpc-2 140228163000128
read_file 1567708668.1529517 1567708668.1959765 bigbrain_769_603_0.nii 140598470997824
increment_file 1567708668.2072864 1567708679.153001 bigbrain_769_603_0.nii 140598470997824
write_file 1567708681.039544 1567708701.3899813 inc-bigbrain_769_603_0.nii 140598470997824
task_duration 1567708788.1358914 1567708942.3173907 1567707833-isilonAD_1it_25cpus_120delay_withpc-2 140598470997824
read_file 1567708370.8319619 1567708371.4583313 bigbrain_3076_1809_694.nii 139650426296128
increment_file 1567708372.5332885 1567708395.595606 bigbrain_3076_1809_694.nii 139650426296128
write_file 1567708398.3521369 1567708426.4187567 inc-bigbrain_3076_1809_694.nii 139650426296128
task_duration 1567708490.8199782 1567708666.5366402 1567707833-isilonAD_1it_25cpus_120delay_withpc-2 139650426296128
read_file 1567708462.4365327 1567708462.495353 bigbrain_769_0_0.nii 140505160173376
increment_file 1567708462.5154767 1567708493.476753 bigbrain_769_0_0.nii 140505160173376
write_file 1567708507.6252434 1567708542.8263373 inc-bigbrain_769_0_0.nii 140505160173376
task_duration 1567708582.4219637 1567708784.310669 1567707833-isilonAD_1it_25cpus_120delay_withpc-2 140505160173376
read_file 1567708668.1276267 1567708668.1829724 bigbrain_769_2412_1388.nii 140027152918336
increment_file 1567708668.1970572 1567708678.51353 bigbrain_769_2412_1388.nii 140027152918336
write_file 1567708680.6384773 1567708693.6126664 inc-bigbrain_769_2412_1388.nii 140027152918336
task_duration 1567708788.1247275 1567708936.09092 1567707833-isilonAD_1it_25cpus_120delay_withpc-2 140027152918336
read_file 1567708198.0048118 1567708198.1047277 bigbrain_2307_2412_2082.nii 140587515402048
increment_file 1567708198.3924499 1567708218.8912842 bigbrain_2307_2412_2082.nii 140587515402048
write_file 1567708227.2582376 1567708256.3287508 inc-bigbrain_2307_2412_2082.nii 140587515402048
task_duration 1567708317.986256 1567708507.5555916 1567707833-isilonAD_1it_25cpus_120delay_withpc-2 140587515402048
read_file 1567707720.4927192 1567707720.9309573 bigbrain_1538_603_694.nii 140310482667328
increment_file 1567707773.3519692 1567707819.2061877 bigbrain_1538_603_694.nii 140310482667328
write_file 1567707857.483552 1567707973.7244465 inc-bigbrain_1538_603_694.nii 140310482667328
task_duration 1567707840.470378 1567708216.4135094 1567707833-isilonAD_1it_25cpus_120delay_withpc-2 140310482667328
read_file 1567708623.2233992 1567708627.4384358 bigbrain_769_1809_694.nii 140712822175552
increment_file 1567708629.3111234 1567708644.6638143 bigbrain_769_1809_694.nii 140712822175552
write_file 1567708644.7055264 1567708661.8439782 inc-bigbrain_769_1809_694.nii 140712822175552
task_duration 1567708742.778336 1567708901.9615743 1567707833-isilonAD_1it_25cpus_120delay_withpc-2 140712822175552
read_file 1567708198.0052514 1567708198.1051009 bigbrain_3076_0_0.nii 139957277624128
increment_file 1567708201.471408 1567708223.8493922 bigbrain_3076_0_0.nii 139957277624128
write_file 1567708229.0313137 1567708264.5280955 inc-bigbrain_3076_0_0.nii 139957277624128
task_duration 1567708317.991667 1567708508.196912 1567707833-isilonAD_1it_25cpus_120delay_withpc-2 139957277624128
read_file 1567708198.0695536 1567708198.1149793 bigbrain_2307_2412_694.nii 140694349543232
increment_file 1567708207.6789808 1567708225.6069145 bigbrain_2307_2412_694.nii 140694349543232
write_file 1567708237.290251 1567708266.3714314 inc-bigbrain_2307_2412_694.nii 140694349543232
task_duration 1567708318.0391726 1567708508.2097542 1567707833-isilonAD_1it_25cpus_120delay_withpc-2 140694349543232
read_file 1567707720.7126656 1567707720.961697 bigbrain_1538_2412_1388.nii 139835108652864
increment_file 1567707823.985782 1567707855.0732129 bigbrain_1538_2412_1388.nii 139835108652864
write_file 1567707864.364984 1567707988.2937438 inc-bigbrain_1538_2412_1388.nii 139835108652864
task_duration 1567707840.6858153 1567708228.584054 1567707833-isilonAD_1it_25cpus_120delay_withpc-2 139835108652864
read_file 1567708094.646513 1567708098.560476 bigbrain_2307_1206_2776.nii 140433569851200
increment_file 1567708099.345728 1567708110.8194213 bigbrain_2307_1206_2776.nii 140433569851200
write_file 1567708113.4593344 1567708127.6750376 inc-bigbrain_2307_1206_2776.nii 140433569851200
task_duration 1567708214.38739 1567708368.052955 1567707833-isilonAD_1it_25cpus_120delay_withpc-2 140433569851200
read_file 1567708370.8433137 1567708372.2662985 bigbrain_3076_1809_2082.nii 139988245919552
increment_file 1567708374.2814863 1567708398.3220117 bigbrain_3076_1809_2082.nii 139988245919552
write_file 1567708398.354599 1567708426.4237673 inc-bigbrain_3076_1809_2082.nii 139988245919552
task_duration 1567708490.8402495 1567708666.5382254 1567707833-isilonAD_1it_25cpus_120delay_withpc-2 139988245919552
read_file 1567708668.7449267 1567708676.536346 bigbrain_769_2412_2082.nii 140061690083136
increment_file 1567708679.161467 1567708690.850494 bigbrain_769_2412_2082.nii 140061690083136
write_file 1567708692.236843 1567708706.8955858 inc-bigbrain_769_2412_2082.nii 140061690083136
task_duration 1567708788.4865556 1567708947.0079014 1567707833-isilonAD_1it_25cpus_120delay_withpc-2 140061690083136
read_file 1567708712.7806823 1567708712.8096213 bigbrain_769_603_1388.nii 140605094233920
increment_file 1567708712.816593 1567708718.2805028 bigbrain_769_603_1388.nii 140605094233920
write_file 1567708718.3092165 1567708726.3700285 inc-bigbrain_769_603_1388.nii 140605094233920
task_duration 1567708832.776782 1567708969.8418727 1567707833-isilonAD_1it_25cpus_120delay_withpc-2 140605094233920
read_file 1567707720.4417994 1567707720.7325015 bigbrain_2307_0_2082.nii 140201882449728
increment_file 1567707720.9590428 1567707750.9868512 bigbrain_2307_0_2082.nii 140201882449728
write_file 1567707851.2229662 1567707909.2520409 inc-bigbrain_2307_0_2082.nii 140201882449728
task_duration 1567707840.4353907 1567708172.5801804 1567707833-isilonAD_1it_25cpus_120delay_withpc-2 140201882449728
read_file 1567708560.4794753 1567708560.5207741 bigbrain_769_0_694.nii 140470539302720
increment_file 1567708560.5335467 1567708566.0030894 bigbrain_769_0_694.nii 140470539302720
write_file 1567708566.0369167 1567708579.2083247 inc-bigbrain_769_0_694.nii 140470539302720
task_duration 1567708680.477188 1567708828.0997715 1567707833-isilonAD_1it_25cpus_120delay_withpc-2 140470539302720
read_file 1567707720.5508611 1567707720.9369633 bigbrain_2307_0_1388.nii 140296168478528
increment_file 1567707784.7177358 1567707828.806747 bigbrain_2307_0_1388.nii 140296168478528
write_file 1567707857.9238057 1567707978.1592805 inc-bigbrain_2307_0_1388.nii 140296168478528
task_duration 1567707840.4994633 1567708219.749979 1567707833-isilonAD_1it_25cpus_120delay_withpc-2 140296168478528
read_file 1567708221.100971 1567708226.0397236 bigbrain_2307_603_1388.nii 140542481876800
increment_file 1567708244.1856978 1567708265.035076 bigbrain_2307_603_1388.nii 140542481876800
write_file 1567708268.1178844 1567708307.0955799 inc-bigbrain_2307_603_1388.nii 140542481876800
task_duration 1567708340.6547182 1567708547.2195547 1567707833-isilonAD_1it_25cpus_120delay_withpc-2 140542481876800
read_file 1567708325.701714 1567708335.6171994 bigbrain_3076_1206_1388.nii 139650830874432
increment_file 1567708339.4647682 1567708351.0571694 bigbrain_3076_1206_1388.nii 139650830874432
write_file 1567708353.0531368 1567708365.791773 inc-bigbrain_3076_1206_1388.nii 139650830874432
task_duration 1567708445.4430618 1567708606.6055408 1567707833-isilonAD_1it_25cpus_120delay_withpc-2 139650830874432
read_file 1567708613.9204087 1567708614.82925 bigbrain_769_1809_2082.nii 140059608864576
increment_file 1567708615.469773 1567708627.0308044 bigbrain_769_1809_2082.nii 140059608864576
write_file 1567708630.1134784 1567708644.6685226 inc-bigbrain_769_1809_2082.nii 140059608864576
task_duration 1567708733.8404944 1567708884.7195446 1567707833-isilonAD_1it_25cpus_120delay_withpc-2 140059608864576
read_file 1567708114.4039292 1567708114.8189762 bigbrain_2307_1206_694.nii 140153059661632
increment_file 1567708117.740778 1567708127.9146645 bigbrain_2307_1206_694.nii 140153059661632
write_file 1567708127.9771934 1567708134.3939083 inc-bigbrain_2307_1206_694.nii 140153059661632
task_duration 1567708234.4003584 1567708374.5256457 1567707833-isilonAD_1it_25cpus_120delay_withpc-2 140153059661632
read_file 1567708482.2124915 1567708486.807679 bigbrain_3076_603_2776.nii 139838893975360
increment_file 1567708503.124765 1567708514.9582524 bigbrain_3076_603_2776.nii 139838893975360
write_file 1567708523.367032 1567708547.0383708 inc-bigbrain_3076_603_2776.nii 139838893975360
task_duration 1567708601.991273 1567708787.156525 1567707833-isilonAD_1it_25cpus_120delay_withpc-2 139838893975360
read_file 1567708434.6771033 1567708434.7846851 bigbrain_3076_2412_2082.nii 140715126212416
increment_file 1567708434.8113801 1567708451.342064 bigbrain_3076_2412_2082.nii 140715126212416
write_file 1567708461.9864028 1567708497.7841327 inc-bigbrain_3076_2412_2082.nii 140715126212416
task_duration 1567708554.6745336 1567708746.124338 1567707833-isilonAD_1it_25cpus_120delay_withpc-2 140715126212416
read_file 1567708322.3083825 1567708323.8164582 bigbrain_3076_1206_0.nii 140042981119808
increment_file 1567708325.5676582 1567708338.1287124 bigbrain_3076_1206_0.nii 140042981119808
write_file 1567708342.2617757 1567708359.8732255 inc-bigbrain_3076_1206_0.nii 140042981119808
task_duration 1567708442.246429 1567708601.412322 1567707833-isilonAD_1it_25cpus_120delay_withpc-2 140042981119808
read_file 1567708323.0394096 1567708324.6680634 bigbrain_3076_1206_694.nii 140455755466560
increment_file 1567708329.2185903 1567708341.4612274 bigbrain_3076_1206_694.nii 140455755466560
write_file 1567708345.3370922 1567708362.47809 inc-bigbrain_3076_1206_694.nii 140455755466560
task_duration 1567708442.9684877 1567708603.332384 1567707833-isilonAD_1it_25cpus_120delay_withpc-2 140455755466560
read_file 1567708370.81934 1567708370.834657 bigbrain_3076_1809_1388.nii 140355734951744
increment_file 1567708370.8537319 1567708386.9112065 bigbrain_3076_1809_1388.nii 140355734951744
write_file 1567708398.3434494 1567708426.3389456 inc-bigbrain_3076_1809_1388.nii 140355734951744
task_duration 1567708490.816784 1567708666.5357945 1567707833-isilonAD_1it_25cpus_120delay_withpc-2 140355734951744
read_file 1567708053.5590107 1567708053.5756927 bigbrain_2307_0_694.nii 139787782199104
increment_file 1567708053.584398 1567708059.0958219 bigbrain_2307_0_694.nii 139787782199104
write_file 1567708059.118301 1567708065.2166893 inc-bigbrain_2307_0_694.nii 139787782199104
task_duration 1567708173.5559099 1567708305.293076 1567707833-isilonAD_1it_25cpus_120delay_withpc-2 139787782199104
read_file 1567708718.594912 1567708719.4955862 bigbrain_769_603_2082.nii 139637119125312
increment_file 1567708720.1928735 1567708734.3899746 bigbrain_769_603_2082.nii 139637119125312
write_file 1567708735.8374858 1567708751.855756 inc-bigbrain_769_603_2082.nii 139637119125312
task_duration 1567708838.592135 1567708992.0980144 1567707833-isilonAD_1it_25cpus_120delay_withpc-2 139637119125312
read_file 1567708197.9828546 1567708198.0901997 bigbrain_2307_2412_2776.nii 140117310248768
increment_file 1567708198.1199126 1567708214.22066 bigbrain_2307_2412_2776.nii 140117310248768
write_file 1567708225.6088665 1567708245.1848862 inc-bigbrain_2307_2412_2776.nii 140117310248768
task_duration 1567708317.9802349 1567708506.2114022 1567707833-isilonAD_1it_25cpus_120delay_withpc-2 140117310248768
read_file 1567708370.8407042 1567708371.7270653 bigbrain_3076_1809_0.nii 140467733092160
increment_file 1567708372.8020167 1567708397.3053617 bigbrain_3076_1809_0.nii 140467733092160
write_file 1567708398.3538973 1567708426.4254084 inc-bigbrain_3076_1809_0.nii 140467733092160
task_duration 1567708490.8278463 1567708666.5384548 1567707833-isilonAD_1it_25cpus_120delay_withpc-2 140467733092160
read_file 1567708218.3834095 1567708225.9053085 bigbrain_2307_603_2082.nii 140141602608960
increment_file 1567708242.19557 1567708262.790464 bigbrain_2307_603_2082.nii 140141602608960
write_file 1567708268.1154745 1567708307.0910258 inc-bigbrain_2307_603_2082.nii 140141602608960
task_duration 1567708337.590544 1567708547.2189841 1567707833-isilonAD_1it_25cpus_120delay_withpc-2 140141602608960
read_file 1567708212.5451176 1567708225.6084576 bigbrain_2307_603_694.nii 140052887574336
increment_file 1567708234.8868942 1567708257.0468044 bigbrain_2307_603_694.nii 140052887574336
write_file 1567708268.0955756 1567708307.0949452 inc-bigbrain_2307_603_694.nii 140052887574336
task_duration 1567708331.6022906 1567708547.2210634 1567707833-isilonAD_1it_25cpus_120delay_withpc-2 140052887574336
read_file 1567708093.7810926 1567708093.8222013 bigbrain_2307_1206_1388.nii 140220486133568
increment_file 1567708093.8343165 1567708099.3346622 bigbrain_2307_1206_1388.nii 140220486133568
write_file 1567708102.298663 1567708114.1156962 inc-bigbrain_2307_1206_1388.nii 140220486133568
task_duration 1567708213.7782924 1567708354.1592162 1567707833-isilonAD_1it_25cpus_120delay_withpc-2 140220486133568
read_file 1567708398.4530137 1567708398.484498 bigbrain_3076_2412_0.nii 139979842053952
increment_file 1567708398.4910336 1567708423.227584 bigbrain_3076_2412_0.nii 139979842053952
write_file 1567708425.1760662 1567708431.9709358 inc-bigbrain_3076_2412_0.nii 139979842053952
task_duration 1567708518.4506688 1567708672.0979333 1567707833-isilonAD_1it_25cpus_120delay_withpc-2 139979842053952
read_file 1567707720.4910796 1567707720.925906 bigbrain_1538_1809_0.nii 140435200833344
increment_file 1567707750.9851506 1567707799.9372697 bigbrain_1538_1809_0.nii 140435200833344
write_file 1567707856.547239 1567707967.6590662 inc-bigbrain_1538_1809_0.nii 140435200833344
task_duration 1567707840.4572883 1567708211.5540335 1567707833-isilonAD_1it_25cpus_120delay_withpc-2 140435200833344
read_file 1567707720.640865 1567707720.957563 bigbrain_1538_0_2776.nii 140079072794432
increment_file 1567707820.6484008 1567707849.610455 bigbrain_1538_0_2776.nii 140079072794432
write_file 1567707859.1270936 1567707987.413322 inc-bigbrain_1538_0_2776.nii 140079072794432
task_duration 1567707840.595745 1567708227.730946 1567707833-isilonAD_1it_25cpus_120delay_withpc-2 140079072794432
read_file 1567708136.2015316 1567708136.2852726 bigbrain_2307_1809_1388.nii 139877132547904
increment_file 1567708136.3050635 1567708150.0246143 bigbrain_2307_1809_1388.nii 139877132547904
write_file 1567708160.2402384 1567708191.6345775 inc-bigbrain_2307_1809_1388.nii 139877132547904
task_duration 1567708256.190285 1567708431.7649512 1567707833-isilonAD_1it_25cpus_120delay_withpc-2 139877132547904
read_file 1567708434.7618313 1567708434.8101864 bigbrain_3076_2412_1388.nii 140492694693696
increment_file 1567708438.4280038 1567708460.3763473 bigbrain_3076_2412_1388.nii 140492694693696
write_file 1567708462.1201892 1567708498.4566846 inc-bigbrain_3076_2412_1388.nii 140492694693696
task_duration 1567708554.7308068 1567708746.1228063 1567707833-isilonAD_1it_25cpus_120delay_withpc-2 140492694693696
read_file 1567708548.3356552 1567708548.3806183 bigbrain_769_0_2776.nii 140049024497472
increment_file 1567708548.3959286 1567708553.8935049 bigbrain_769_0_2776.nii 140049024497472
write_file 1567708553.939932 1567708560.0645216 inc-bigbrain_769_0_2776.nii 140049024497472
task_duration 1567708668.331727 1567708800.1895082 1567707833-isilonAD_1it_25cpus_120delay_withpc-2 140049024497472
read_file 1567708472.8093145 1567708484.1297061 bigbrain_3076_603_694.nii 140329012385600
increment_file 1567708488.1291502 1567708506.0103412 bigbrain_3076_603_694.nii 140329012385600
write_file 1567708509.850852 1567708546.002878 inc-bigbrain_3076_603_694.nii 140329012385600
task_duration 1567708590.931787 1567708786.824067 1567707833-isilonAD_1it_25cpus_120delay_withpc-2 140329012385600
read_file 1567708462.6411438 1567708482.1620684 bigbrain_769_0_1388.nii 140611317090112
increment_file 1567708485.0715396 1567708504.3014865 bigbrain_769_0_1388.nii 140611317090112
write_file 1567708508.6948524 1567708544.5876627 inc-bigbrain_769_0_1388.nii 140611317090112
task_duration 1567708582.504697 1567708785.7604225 1567707833-isilonAD_1it_25cpus_120delay_withpc-2 140611317090112
read_file 1567707720.4918835 1567707720.9296775 bigbrain_1538_1206_0.nii 140472721405760
increment_file 1567707761.8946655 1567707809.7823443 bigbrain_1538_1206_0.nii 140472721405760
write_file 1567707855.7401938 1567707965.065323 inc-bigbrain_1538_1206_0.nii 140472721405760
task_duration 1567707840.4579773 1567708209.4181116 1567707833-isilonAD_1it_25cpus_120delay_withpc-2 140472721405760
read_file 1567708434.6708739 1567708434.7664444 bigbrain_3076_2412_694.nii 140605640349504
increment_file 1567708434.8042562 1567708450.1668777 bigbrain_3076_2412_694.nii 140605640349504
write_file 1567708461.448717 1567708497.1104631 inc-bigbrain_3076_2412_694.nii 140605640349504
task_duration 1567708554.6678283 1567708746.1227908 1567707833-isilonAD_1it_25cpus_120delay_withpc-2 140605640349504
read_file 1567708198.3923895 1567708215.5751848 bigbrain_3076_0_1388.nii 140685150201664
increment_file 1567708225.0963528 1567708239.4774292 bigbrain_3076_0_1388.nii 140685150201664
write_file 1567708267.8495471 1567708307.092653 inc-bigbrain_3076_0_1388.nii 140685150201664
task_duration 1567708318.132873 1567708547.2193558 1567707833-isilonAD_1it_25cpus_120delay_withpc-2 140685150201664
read_file 1567707720.4518561 1567707720.9046602 bigbrain_1538_1206_2082.nii 140432296949568
increment_file 1567707720.9647348 1567707756.7072232 bigbrain_1538_1206_2082.nii 140432296949568
write_file 1567707851.7577474 1567707951.3142252 inc-bigbrain_1538_1206_2082.nii 140432296949568
task_duration 1567707840.449517 1567708203.0840948 1567707833-isilonAD_1it_25cpus_120delay_withpc-2 140432296949568
read_file 1567707989.7683072 1567707989.8306298 bigbrain_2307_0_2776.nii 139937916442432
increment_file 1567707989.8384778 1567707995.3063962 bigbrain_2307_0_2776.nii 139937916442432
write_file 1567707995.3307652 1567708001.444984 inc-bigbrain_2307_0_2776.nii 139937916442432
task_duration 1567708109.7647078 1567708241.5539322 1567707833-isilonAD_1it_25cpus_120delay_withpc-2 139937916442432
read_file 1567707720.4895833 1567707720.9188614 bigbrain_1538_603_2082.nii 140057657026368
increment_file 1567707732.7417727 1567707784.5855877 bigbrain_1538_603_2082.nii 140057657026368
write_file 1567707854.565485 1567707957.6722133 inc-bigbrain_1538_603_2082.nii 140057657026368
task_duration 1567707840.4543154 1567708211.24464 1567707833-isilonAD_1it_25cpus_120delay_withpc-2 140057657026368
read_file 1567708136.2105255 1567708136.2857566 bigbrain_2307_1809_2082.nii 140282488973120
increment_file 1567708138.0910373 1567708152.8186255 bigbrain_2307_1809_2082.nii 140282488973120
write_file 1567708161.8492444 1567708191.6451569 inc-bigbrain_2307_1809_2082.nii 140282488973120
task_duration 1567708256.1941462 1567708431.780789 1567707833-isilonAD_1it_25cpus_120delay_withpc-2 140282488973120
read_file 1567708434.6981401 1567708434.7973394 bigbrain_3076_2412_2776.nii 139999523354432
increment_file 1567708435.2193706 1567708457.5975666 bigbrain_3076_2412_2776.nii 139999523354432
write_file 1567708462.0977316 1567708496.4387386 inc-bigbrain_3076_2412_2776.nii 139999523354432
task_duration 1567708554.6802588 1567708746.1223145 1567707833-isilonAD_1it_25cpus_120delay_withpc-2 139999523354432
read_file 1567708613.858007 1567708614.7134426 bigbrain_769_1809_1388.nii 140025372559168
increment_file 1567708615.3183227 1567708626.658087 bigbrain_769_1809_1388.nii 140025372559168
write_file 1567708629.7123802 1567708644.1542573 inc-bigbrain_769_1809_1388.nii 140025372559168
task_duration 1567708733.7246804 1567708884.7865193 1567707833-isilonAD_1it_25cpus_120delay_withpc-2 140025372559168
read_file 1567708207.8133266 1567708224.4057772 bigbrain_3076_0_2082.nii 140705052653376
increment_file 1567708226.4418478 1567708247.5258963 bigbrain_3076_0_2082.nii 140705052653376
write_file 1567708268.0909002 1567708307.0864718 inc-bigbrain_3076_0_2082.nii 140705052653376
task_duration 1567708327.0162144 1567708547.2206175 1567707833-isilonAD_1it_25cpus_120delay_withpc-2 140705052653376
read_file 1567708462.412022 1567708462.4837706 bigbrain_3076_603_2082.nii 140486813587264
increment_file 1567708462.4962819 1567708489.455852 bigbrain_3076_603_2082.nii 140486813587264
write_file 1567708506.4189847 1567708532.8751822 inc-bigbrain_3076_603_2082.nii 140486813587264
task_duration 1567708582.409577 1567708775.1041338 1567707833-isilonAD_1it_25cpus_120delay_withpc-2 140486813587264
read_file 1567708093.8417888 1567708096.6887925 bigbrain_2307_1206_2082.nii 139777799169856
increment_file 1567708099.3330684 1567708110.1539161 bigbrain_2307_1206_2082.nii 139777799169856
write_file 1567708113.3078258 1567708127.2738233 inc-bigbrain_2307_1206_2082.nii 139777799169856
task_duration 1567708213.8396146 1567708368.0514944 1567707833-isilonAD_1it_25cpus_120delay_withpc-2 139777799169856
read_file 1567708201.1303232 1567708222.2607234 bigbrain_2307_603_0.nii 140544252831552
increment_file 1567708225.6150157 1567708242.9754634 bigbrain_2307_603_0.nii 140544252831552
write_file 1567708267.9831653 1567708307.085443 inc-bigbrain_2307_603_0.nii 140544252831552
task_duration 1567708320.6751223 1567708547.2108092 1567707833-isilonAD_1it_25cpus_120delay_withpc-2 140544252831552
read_file 1567707720.4904084 1567707720.921937 bigbrain_1538_2412_2776.nii 139687539959616
increment_file 1567707737.451962 1567707790.5738542 bigbrain_1538_2412_2776.nii 139687539959616
write_file 1567707811.3932464 1567707854.9673414 inc-bigbrain_1538_2412_2776.nii 139687539959616
task_duration 1567707840.4543386 1567708101.1003766 1567707833-isilonAD_1it_25cpus_120delay_withpc-2 139687539959616
read_file 1567708136.2992475 1567708148.573143 bigbrain_2307_1809_694.nii 139854801467200
increment_file 1567708152.8299026 1567708163.7990859 bigbrain_2307_1809_694.nii 139854801467200
write_file 1567708163.865975 1567708191.6369085 inc-bigbrain_2307_1809_694.nii 139854801467200
task_duration 1567708256.2957184 1567708431.771649 1567707833-isilonAD_1it_25cpus_120delay_withpc-2 139854801467200
read_file 1567708462.4277337 1567708462.494063 bigbrain_769_0_2082.nii 139903913633600
increment_file 1567708462.5039427 1567708491.2182305 bigbrain_769_0_2082.nii 139903913633600
write_file 1567708506.5527446 1567708540.3325417 inc-bigbrain_769_0_2082.nii 139903913633600
task_duration 1567708582.417051 1567708782.502557 1567707833-isilonAD_1it_25cpus_120delay_withpc-2 139903913633600
read_file 1567707720.6228385 1567707720.9568524 bigbrain_1538_2412_2082.nii 140644597114688
increment_file 1567707814.6040587 1567707847.4683366 bigbrain_1538_2412_2082.nii 140644597114688
write_file 1567707858.8597372 1567707985.0403361 inc-bigbrain_1538_2412_2082.nii 140644597114688
task_duration 1567707840.5420089 1567708225.4886372 1567707833-isilonAD_1it_25cpus_120delay_withpc-2 140644597114688
read_file 1567708566.3348215 1567708566.4249015 bigbrain_769_1206_2082.nii 140446067607360
increment_file 1567708566.4387188 1567708584.6584888 bigbrain_769_1206_2082.nii 140446067607360
write_file 1567708589.1849756 1567708609.1212518 inc-bigbrain_769_1206_2082.nii 140446067607360
task_duration 1567708686.3320982 1567708850.4940734 1567707833-isilonAD_1it_25cpus_120delay_withpc-2 140446067607360
read_file 1567708566.3539238 1567708566.4293723 bigbrain_769_1206_1388.nii 140666975303488
increment_file 1567708566.4451861 1567708587.457186 bigbrain_769_1206_1388.nii 140666975303488
write_file 1567708590.1430876 1567708612.7468688 inc-bigbrain_769_1206_1388.nii 140666975303488
task_duration 1567708686.3348012 1567708853.5802608 1567707833-isilonAD_1it_25cpus_120delay_withpc-2 140666975303488
read_file 1567707720.4907477 1567707720.922778 bigbrain_1538_0_694.nii 140317726672704
increment_file 1567707742.7000313 1567707794.1766105 bigbrain_1538_0_694.nii 140317726672704
write_file 1567707855.205465 1567707956.8895867 inc-bigbrain_1538_0_694.nii 140317726672704
task_duration 1567707840.457156 1567708205.4822183 1567707833-isilonAD_1it_25cpus_120delay_withpc-2 140317726672704
read_file 1567708313.6298997 1567708313.6715536 bigbrain_3076_0_694.nii 140378091018048
increment_file 1567708313.6868613 1567708319.1805837 bigbrain_3076_0_694.nii 140378091018048
write_file 1567708319.2236223 1567708327.1836526 inc-bigbrain_3076_0_694.nii 140378091018048
task_duration 1567708433.6261697 1567708574.9217176 1567707833-isilonAD_1it_25cpus_120delay_withpc-2 140378091018048
read_file 1567707720.491423 1567707720.9276757 bigbrain_2307_0_0.nii 140481082603328
increment_file 1567707754.8623548 1567707803.2582784 bigbrain_2307_0_0.nii 140481082603328
write_file 1567707855.4729404 1567707965.9744277 inc-bigbrain_2307_0_0.nii 140481082603328
task_duration 1567707840.4584699 1567708212.3243606 1567707833-isilonAD_1it_25cpus_120delay_withpc-2 140481082603328
read_file 1567708434.6985269 1567708434.797921 bigbrain_3076_603_0.nii 140053789493056
increment_file 1567708442.5728662 1567708462.0936701 bigbrain_3076_603_0.nii 140053789493056
write_file 1567708462.131886 1567708495.76517 inc-bigbrain_3076_603_0.nii 140053789493056
task_duration 1567708554.6820486 1567708746.122022 1567707833-isilonAD_1it_25cpus_120delay_withpc-2 140053789493056
read_file 1567708668.2188091 1567708675.3331542 bigbrain_769_2412_694.nii 140452164114240
increment_file 1567708679.1547856 1567708690.7779667 bigbrain_769_2412_694.nii 140452164114240
write_file 1567708691.8795414 1567708706.7313552 inc-bigbrain_769_2412_694.nii 140452164114240
task_duration 1567708788.2070017 1567708947.00441 1567707833-isilonAD_1it_25cpus_120delay_withpc-2 140452164114240
read_file 1567708566.3544793 1567708566.429797 bigbrain_769_1206_0.nii 140037474453312
increment_file 1567708569.007678 1567708589.1802752 bigbrain_769_1206_0.nii 140037474453312
write_file 1567708590.356765 1567708613.1281579 inc-bigbrain_769_1206_0.nii 140037474453312
task_duration 1567708686.336739 1567708853.981911 1567707833-isilonAD_1it_25cpus_120delay_withpc-2 140037474453312
read_file 1567707720.5328243 1567707720.9363585 bigbrain_1538_1206_2776.nii 140344759871296
increment_file 1567707788.7285893 1567707831.6026375 bigbrain_1538_1206_2776.nii 140344759871296
write_file 1567707858.1537788 1567707979.940078 inc-bigbrain_1538_1206_2776.nii 140344759871296
task_duration 1567707840.4985423 1567708220.523341 1567707833-isilonAD_1it_25cpus_120delay_withpc-2 140344759871296
read_file 1567708268.2591283 1567708268.2924743 bigbrain_3076_0_2776.nii 139769257682752
increment_file 1567708268.3006039 1567708303.5251338 bigbrain_3076_0_2776.nii 139769257682752
write_file 1567708306.5765657 1567708313.2884715 inc-bigbrain_3076_0_2776.nii 139769257682752
task_duration 1567708388.2564018 1567708553.4057627 1567707833-isilonAD_1it_25cpus_120delay_withpc-2 139769257682752
read_file 1567708136.2971108 1567708145.366342 bigbrain_2307_1809_2776.nii 139701812762432
increment_file 1567708152.7118244 1567708162.8912733 bigbrain_2307_1809_2776.nii 139701812762432
write_file 1567708163.865351 1567708191.637794 inc-bigbrain_2307_1809_2776.nii 139701812762432
task_duration 1567708256.293848 1567708431.7696822 1567707833-isilonAD_1it_25cpus_120delay_withpc-2 139701812762432
read_file 1567708370.841331 1567708371.8617597 bigbrain_3076_1809_2776.nii 139743432415040
increment_file 1567708373.4745717 1567708398.217439 bigbrain_3076_1809_2776.nii 139743432415040
write_file 1567708398.3533235 1567708426.417504 inc-bigbrain_3076_1809_2776.nii 139743432415040
task_duration 1567708490.8290071 1567708666.535383 1567707833-isilonAD_1it_25cpus_120delay_withpc-2 139743432415040
