read_file 1567687376.5267997 1567687376.5600448 bigbrain_3076_603_1388.nii 139807571183424
increment_file 1567687376.569435 1567687382.0730095 bigbrain_3076_603_1388.nii 139807571183424
write_file 1567687382.7592103 1567687389.5713928 inc-bigbrain_3076_603_1388.nii 139807571183424
task_duration 1567687376.5236578 1567687389.586165 1567686742-isilon_1it_10cpus_0delay_npc-0 139807571183424
read_file 1567687218.1279511 1567687222.1646614 bigbrain_3076_0_2776.nii 139633905186624
increment_file 1567687223.4923007 1567687240.737611 bigbrain_3076_0_2776.nii 139633905186624
write_file 1567687240.7921536 1567687261.992827 inc-bigbrain_3076_0_2776.nii 139633905186624
task_duration 1567687217.9585483 1567687266.8774827 1567686742-isilon_1it_10cpus_0delay_npc-0 139633905186624
read_file 1567687472.8002973 1567687472.837049 bigbrain_769_1206_2082.nii 140380581386048
increment_file 1567687472.8497403 1567687478.9657953 bigbrain_769_1206_2082.nii 140380581386048
write_file 1567687479.0072255 1567687491.5708199 inc-bigbrain_769_1206_2082.nii 140380581386048
task_duration 1567687472.7978563 1567687500.046068 1567686742-isilon_1it_10cpus_0delay_npc-0 140380581386048
read_file 1567686745.7100062 1567686745.9085245 bigbrain_1538_1809_1388.nii 139760420239168
increment_file 1567686761.903237 1567686800.5192525 bigbrain_1538_1809_1388.nii 139760420239168
write_file 1567686801.539269 1567686855.2675657 inc-bigbrain_1538_1809_1388.nii 139760420239168
task_duration 1567686745.7062654 1567686855.2813017 1567686742-isilon_1it_10cpus_0delay_npc-0 139760420239168
read_file 1567687328.8614376 1567687328.9035563 bigbrain_3076_2412_2082.nii 140448780363584
increment_file 1567687328.9104712 1567687350.8695774 bigbrain_3076_2412_2082.nii 140448780363584
write_file 1567687351.437185 1567687363.5431838 inc-bigbrain_3076_2412_2082.nii 140448780363584
task_duration 1567687328.8496401 1567687363.560288 1567686742-isilon_1it_10cpus_0delay_npc-0 140448780363584
read_file 1567687247.6814277 1567687250.4895055 bigbrain_3076_1206_2082.nii 139677911582528
increment_file 1567687251.6443784 1567687265.8565614 bigbrain_3076_1206_2082.nii 139677911582528
write_file 1567687267.2024705 1567687278.8327413 inc-bigbrain_3076_1206_2082.nii 139677911582528
task_duration 1567687247.4494927 1567687278.8506787 1567686742-isilon_1it_10cpus_0delay_npc-0 139677911582528
read_file 1567687118.5127382 1567687118.5548477 bigbrain_2307_2412_1388.nii 140502366717760
increment_file 1567687118.5646467 1567687124.9357016 bigbrain_2307_2412_1388.nii 140502366717760
write_file 1567687124.9738483 1567687131.1531286 inc-bigbrain_2307_2412_1388.nii 140502366717760
task_duration 1567687118.5092082 1567687131.168089 1567686742-isilon_1it_10cpus_0delay_npc-0 140502366717760
read_file 1567687131.9492054 1567687131.9912689 bigbrain_2307_2412_2082.nii 139952155998016
increment_file 1567687132.0047965 1567687137.470748 bigbrain_2307_2412_2082.nii 139952155998016
write_file 1567687137.5084033 1567687148.4723845 inc-bigbrain_2307_2412_2082.nii 139952155998016
task_duration 1567687131.9465134 1567687155.2369928 1567686742-isilon_1it_10cpus_0delay_npc-0 139952155998016
read_file 1567687606.5728893 1567687606.589557 bigbrain_769_603_2776.nii 139696590497600
increment_file 1567687606.616035 1567687620.386784 bigbrain_769_603_2776.nii 139696590497600
write_file 1567687622.6296985 1567687639.8523495 inc-bigbrain_769_603_2776.nii 139696590497600
task_duration 1567687606.571 1567687639.9898164 1567686742-isilon_1it_10cpus_0delay_npc-0 139696590497600
read_file 1567687479.5694726 1567687479.6407866 bigbrain_769_1206_694.nii 139944001898304
increment_file 1567687479.671584 1567687497.961439 bigbrain_769_1206_694.nii 139944001898304
write_file 1567687502.047728 1567687525.36494 inc-bigbrain_769_1206_694.nii 139944001898304
task_duration 1567687479.5672734 1567687527.4803603 1567686742-isilon_1it_10cpus_0delay_npc-0 139944001898304
read_file 1567687606.5746472 1567687606.6177626 bigbrain_769_603_694.nii 140301543282496
increment_file 1567687607.0367672 1567687622.096705 bigbrain_769_603_694.nii 140301543282496
write_file 1567687623.0023565 1567687639.987536 inc-bigbrain_769_603_694.nii 140301543282496
task_duration 1567687606.572741 1567687639.995844 1567686742-isilon_1it_10cpus_0delay_npc-0 140301543282496
read_file 1567687138.1307027 1567687139.0261722 bigbrain_2307_2412_2776.nii 139894361843520
increment_file 1567687139.764527 1567687153.1246855 bigbrain_2307_2412_2776.nii 139894361843520
write_file 1567687156.957016 1567687175.2185814 inc-bigbrain_2307_2412_2776.nii 139894361843520
task_duration 1567687138.1276393 1567687177.3078594 1567686742-isilon_1it_10cpus_0delay_npc-0 139894361843520
read_file 1567687065.5391839 1567687071.6980708 bigbrain_2307_1809_1388.nii 140149566154560
increment_file 1567687071.7095714 1567687084.6518297 bigbrain_2307_1809_1388.nii 140149566154560
write_file 1567687086.2405307 1567687095.2742572 inc-bigbrain_2307_1809_1388.nii 140149566154560
task_duration 1567687064.8181875 1567687096.177451 1567686742-isilon_1it_10cpus_0delay_npc-0 140149566154560
read_file 1567687606.6124449 1567687607.1715708 bigbrain_769_603_2082.nii 140376156657472
increment_file 1567687608.6409342 1567687623.003543 bigbrain_769_603_2082.nii 140376156657472
write_file 1567687623.0295358 1567687639.9862602 inc-bigbrain_769_603_2082.nii 140376156657472
task_duration 1567687606.5803475 1567687639.9954615 1567686742-isilon_1it_10cpus_0delay_npc-0 140376156657472
read_file 1567687305.729465 1567687305.7839308 bigbrain_3076_2412_0.nii 139690277828416
increment_file 1567687305.806168 1567687327.5893404 bigbrain_3076_2412_0.nii 139690277828416
write_file 1567687328.801286 1567687351.411636 inc-bigbrain_3076_2412_0.nii 139690277828416
task_duration 1567687305.6937437 1567687351.4272346 1567686742-isilon_1it_10cpus_0delay_npc-0 139690277828416
read_file 1567686857.9950078 1567686858.0720637 bigbrain_1538_1809_2776.nii 140059135641408
increment_file 1567686861.6966953 1567686879.9196994 bigbrain_1538_1809_2776.nii 140059135641408
write_file 1567686880.6841626 1567686908.1322405 inc-bigbrain_1538_1809_2776.nii 140059135641408
task_duration 1567686857.978571 1567686916.7490294 1567686742-isilon_1it_10cpus_0delay_npc-0 140059135641408
read_file 1567687565.2678814 1567687572.3764372 bigbrain_769_603_1388.nii 140061282654016
increment_file 1567687578.6303926 1567687589.6476161 bigbrain_769_603_1388.nii 140061282654016
write_file 1567687591.7781575 1567687606.4810257 inc-bigbrain_769_603_1388.nii 140061282654016
task_duration 1567687565.0677345 1567687606.4882433 1567686742-isilon_1it_10cpus_0delay_npc-0 140061282654016
read_file 1567687446.3225083 1567687446.357179 bigbrain_769_0_694.nii 140575839176512
increment_file 1567687446.3653293 1567687457.8073757 bigbrain_769_0_694.nii 140575839176512
write_file 1567687457.845159 1567687465.2133195 inc-bigbrain_769_0_694.nii 140575839176512
task_duration 1567687446.3210843 1567687466.262613 1567686742-isilon_1it_10cpus_0delay_npc-0 140575839176512
read_file 1567687434.7732773 1567687434.823239 bigbrain_769_0_2082.nii 140316275488576
increment_file 1567687434.8434033 1567687445.6584396 bigbrain_769_0_2082.nii 140316275488576
write_file 1567687445.8040977 1567687457.8104284 inc-bigbrain_769_0_2082.nii 140316275488576
task_duration 1567687434.7700164 1567687457.8278246 1567686742-isilon_1it_10cpus_0delay_npc-0 140316275488576
read_file 1567687205.5529592 1567687205.5930982 bigbrain_3076_0_1388.nii 140660153018176
increment_file 1567687205.6046636 1567687211.0700057 bigbrain_3076_0_1388.nii 140660153018176
write_file 1567687211.1037362 1567687217.2691557 inc-bigbrain_3076_0_1388.nii 140660153018176
task_duration 1567687205.5499063 1567687217.2867315 1567686742-isilon_1it_10cpus_0delay_npc-0 140660153018176
read_file 1567687279.5002766 1567687279.5367599 bigbrain_3076_1809_0.nii 140509695059776
increment_file 1567687280.3837395 1567687286.7876866 bigbrain_3076_1809_0.nii 140509695059776
write_file 1567687286.8293931 1567687292.9680629 inc-bigbrain_3076_1809_0.nii 140509695059776
task_duration 1567687279.4985054 1567687292.9860013 1567686742-isilon_1it_10cpus_0delay_npc-0 140509695059776
read_file 1567686745.7071 1567686745.9015195 bigbrain_1538_1809_0.nii 139758840837952
increment_file 1567686745.915834 1567686780.6280792 bigbrain_1538_1809_0.nii 139758840837952
write_file 1567686797.9011507 1567686851.813118 inc-bigbrain_1538_1809_0.nii 139758840837952
task_duration 1567686745.7005131 1567686852.5736537 1567686742-isilon_1it_10cpus_0delay_npc-0 139758840837952
read_file 1567687192.9635327 1567687192.996082 bigbrain_3076_0_0.nii 140164139927360
increment_file 1567687193.002268 1567687199.223796 bigbrain_3076_0_0.nii 140164139927360
write_file 1567687199.2622252 1567687205.4568043 inc-bigbrain_3076_0_0.nii 140164139927360
task_duration 1567687192.9619262 1567687205.474084 1567686742-isilon_1it_10cpus_0delay_npc-0 140164139927360
read_file 1567687364.1060233 1567687364.1453953 bigbrain_3076_603_0.nii 140427062617920
increment_file 1567687364.1574779 1567687370.3224592 bigbrain_3076_603_0.nii 140427062617920
write_file 1567687370.3613937 1567687376.5044634 inc-bigbrain_3076_603_0.nii 140427062617920
task_duration 1567687364.1035287 1567687376.518629 1567686742-isilon_1it_10cpus_0delay_npc-0 140427062617920
read_file 1567687389.7768028 1567687389.8378882 bigbrain_769_0_1388.nii 139737417893696
increment_file 1567687389.8681684 1567687401.5962873 bigbrain_769_0_1388.nii 139737417893696
write_file 1567687411.032914 1567687433.9667137 inc-bigbrain_769_0_1388.nii 139737417893696
task_duration 1567687389.7743058 1567687434.68339 1567686742-isilon_1it_10cpus_0delay_npc-0 139737417893696
read_file 1567687138.133286 1567687139.3023875 bigbrain_2307_2412_694.nii 139645741844288
increment_file 1567687140.2129438 1567687155.23525 bigbrain_2307_2412_694.nii 139645741844288
write_file 1567687156.9732516 1567687174.0478837 inc-bigbrain_2307_2412_694.nii 139645741844288
task_duration 1567687138.1297386 1567687176.7675006 1567686742-isilon_1it_10cpus_0delay_npc-0 139645741844288
read_file 1567686879.9401224 1567686882.7491052 bigbrain_1538_2412_2082.nii 140603585324864
increment_file 1567686884.9739745 1567686910.3169472 bigbrain_1538_2412_2082.nii 140603585324864
write_file 1567686917.6483328 1567686940.2099543 inc-bigbrain_1538_2412_2082.nii 140603585324864
task_duration 1567686879.936537 1567686940.2226028 1567686742-isilon_1it_10cpus_0delay_npc-0 140603585324864
read_file 1567686876.1422136 1567686879.9278703 bigbrain_1538_603_0.nii 139653277280064
increment_file 1567686879.940637 1567686897.6188555 bigbrain_1538_603_0.nii 139653277280064
write_file 1567686902.1580749 1567686917.5195599 inc-bigbrain_1538_603_0.nii 139653277280064
task_duration 1567686875.6884062 1567686917.6405315 1567686742-isilon_1it_10cpus_0delay_npc-0 139653277280064
read_file 1567687055.2370806 1567687055.3004296 bigbrain_2307_1809_0.nii 140592805132096
increment_file 1567687055.3138487 1567687070.2524436 bigbrain_2307_1809_0.nii 140592805132096
write_file 1567687072.1223698 1567687089.8729858 inc-bigbrain_2307_1809_0.nii 140592805132096
task_duration 1567687055.2260356 1567687092.0875885 1567686742-isilon_1it_10cpus_0delay_npc-0 140592805132096
read_file 1567687466.352416 1567687466.3927402 bigbrain_769_1206_1388.nii 140635337135936
increment_file 1567687466.4050019 1567687472.6855667 bigbrain_769_1206_1388.nii 140635337135936
write_file 1567687472.7254379 1567687478.9712923 inc-bigbrain_769_1206_1388.nii 140635337135936
task_duration 1567687466.3499706 1567687478.9877498 1567686742-isilon_1it_10cpus_0delay_npc-0 140635337135936
read_file 1567687563.4463825 1567687564.1624765 bigbrain_769_2412_2776.nii 140193567057728
increment_file 1567687566.792859 1567687582.1851707 bigbrain_769_2412_2776.nii 140193567057728
write_file 1567687584.7921185 1567687604.7320604 inc-bigbrain_769_2412_2776.nii 140193567057728
task_duration 1567687563.4354365 1567687605.0913298 1567686742-isilon_1it_10cpus_0delay_npc-0 140193567057728
read_file 1567686948.1815739 1567686951.0124629 bigbrain_1538_603_2776.nii 140057762613056
increment_file 1567686955.4415498 1567686972.443873 bigbrain_1538_603_2776.nii 140057762613056
write_file 1567686975.301977 1567686998.9899952 inc-bigbrain_1538_603_2776.nii 140057762613056
task_duration 1567686948.1655915 1567686999.8843434 1567686742-isilon_1it_10cpus_0delay_npc-0 140057762613056
read_file 1567686948.1086714 1567686948.148154 bigbrain_2307_0_2082.nii 140707665229632
increment_file 1567686948.163061 1567686959.8270254 bigbrain_2307_0_2082.nii 140707665229632
write_file 1567686969.9295752 1567686989.7529993 inc-bigbrain_2307_0_2082.nii 140707665229632
task_duration 1567686948.1068711 1567686991.79704 1567686742-isilon_1it_10cpus_0delay_npc-0 140707665229632
read_file 1567687379.8552222 1567687381.8322582 bigbrain_3076_603_2082.nii 140657084962624
increment_file 1567687382.078568 1567687388.2502973 bigbrain_3076_603_2082.nii 140657084962624
write_file 1567687389.385046 1567687400.5445094 inc-bigbrain_3076_603_2082.nii 140657084962624
task_duration 1567687379.6773934 1567687407.4522705 1567686742-isilon_1it_10cpus_0delay_npc-0 140657084962624
read_file 1567687305.6896648 1567687305.7748928 bigbrain_3076_2412_1388.nii 140712114112320
increment_file 1567687305.7907248 1567687324.5190332 bigbrain_3076_2412_1388.nii 140712114112320
write_file 1567687328.7777174 1567687351.4118786 inc-bigbrain_3076_2412_1388.nii 140712114112320
task_duration 1567687305.6874056 1567687351.426014 1567686742-isilon_1it_10cpus_0delay_npc-0 140712114112320
read_file 1567687055.2460809 1567687055.3024585 bigbrain_2307_1206_694.nii 140123445913408
increment_file 1567687055.9845662 1567687071.6952558 bigbrain_2307_1206_694.nii 140123445913408
write_file 1567687072.6651995 1567687091.4198446 inc-bigbrain_2307_1206_694.nii 140123445913408
task_duration 1567687055.2326105 1567687092.6939194 1567686742-isilon_1it_10cpus_0delay_npc-0 140123445913408
read_file 1567686887.0111625 1567686892.8700976 bigbrain_1538_603_1388.nii 140212558350144
increment_file 1567686894.5520363 1567686916.7470095 bigbrain_1538_603_1388.nii 140212558350144
write_file 1567686917.6563025 1567686940.2159338 inc-bigbrain_1538_603_1388.nii 140212558350144
task_duration 1567686886.5281134 1567686940.2275455 1567686742-isilon_1it_10cpus_0delay_npc-0 140212558350144
read_file 1567687094.1601772 1567687095.6048648 bigbrain_2307_1809_2776.nii 140604922906432
increment_file 1567687096.6369889 1567687103.1497264 bigbrain_2307_1809_2776.nii 140604922906432
write_file 1567687104.2637143 1567687112.464757 inc-bigbrain_2307_1809_2776.nii 140604922906432
task_duration 1567687094.0361817 1567687115.03249 1567686742-isilon_1it_10cpus_0delay_npc-0 140604922906432
read_file 1567687563.3972683 1567687563.4483464 bigbrain_769_2412_694.nii 140572178102080
increment_file 1567687563.911764 1567687577.8301232 bigbrain_769_2412_694.nii 140572178102080
write_file 1567687582.9855397 1567687601.2240233 inc-bigbrain_769_2412_694.nii 140572178102080
task_duration 1567687563.3951905 1567687602.0201821 1567686742-isilon_1it_10cpus_0delay_npc-0 140572178102080
read_file 1567686745.729683 1567686745.9089992 bigbrain_1538_1206_1388.nii 140268352710464
increment_file 1567686765.402988 1567686800.7312872 bigbrain_1538_1206_1388.nii 140268352710464
write_file 1567686801.69066 1567686855.2705383 inc-bigbrain_1538_1206_1388.nii 140268352710464
task_duration 1567686745.7089937 1567686855.2849374 1567686742-isilon_1it_10cpus_0delay_npc-0 140268352710464
read_file 1567686745.7063599 1567686745.89894 bigbrain_1538_1206_2776.nii 139927678347072
increment_file 1567686745.9099953 1567686777.7433817 bigbrain_1538_1206_2776.nii 139927678347072
write_file 1567686794.5809615 1567686843.6506565 inc-bigbrain_1538_1206_2776.nii 139927678347072
task_duration 1567686745.7013967 1567686846.7815864 1567686742-isilon_1it_10cpus_0delay_npc-0 139927678347072
read_file 1567687563.4123259 1567687563.583091 bigbrain_769_603_0.nii 140048346261312
increment_file 1567687564.4325187 1567687579.9399943 bigbrain_769_603_0.nii 140048346261312
write_file 1567687583.7879214 1567687603.1561775 inc-bigbrain_769_603_0.nii 140048346261312
task_duration 1567687563.4002225 1567687603.818589 1567686742-isilon_1it_10cpus_0delay_npc-0 140048346261312
read_file 1567686890.3716185 1567686892.8875172 bigbrain_1538_2412_694.nii 140527406786368
increment_file 1567686895.2648818 1567686917.253247 bigbrain_1538_2412_694.nii 140527406786368
write_file 1567686917.6574502 1567686940.1938605 inc-bigbrain_1538_2412_694.nii 140527406786368
task_duration 1567686889.6175923 1567686940.2224936 1567686742-isilon_1it_10cpus_0delay_npc-0 140527406786368
read_file 1567687042.601767 1567687042.6385791 bigbrain_2307_1206_2082.nii 140419418646336
increment_file 1567687042.6492865 1567687048.1141777 bigbrain_2307_1206_2082.nii 140419418646336
write_file 1567687048.1523225 1567687054.276381 inc-bigbrain_2307_1206_2082.nii 140419418646336
task_duration 1567687042.5995865 1567687054.2925131 1567686742-isilon_1it_10cpus_0delay_npc-0 140419418646336
read_file 1567687055.2233157 1567687055.2910948 bigbrain_2307_1206_2776.nii 140463551178560
increment_file 1567687055.3037376 1567687069.0598602 bigbrain_2307_1206_2776.nii 140463551178560
write_file 1567687071.7186852 1567687086.384511 inc-bigbrain_2307_1206_2776.nii 140463551178560
task_duration 1567687055.2213407 1567687087.9972415 1567686742-isilon_1it_10cpus_0delay_npc-0 140463551178560
read_file 1567686745.7067366 1567686745.9009268 bigbrain_1538_0_694.nii 140413086951232
increment_file 1567686745.9133701 1567686778.3830712 bigbrain_1538_0_694.nii 140413086951232
write_file 1567686797.2325618 1567686852.2590477 inc-bigbrain_1538_0_694.nii 140413086951232
task_duration 1567686745.7008712 1567686853.1517613 1567686742-isilon_1it_10cpus_0delay_npc-0 140413086951232
read_file 1567687389.8078046 1567687389.858575 bigbrain_3076_603_2776.nii 139953047562048
increment_file 1567687390.1634023 1567687404.2410653 bigbrain_3076_603_2776.nii 139953047562048
write_file 1567687411.4350615 1567687434.6817741 inc-bigbrain_3076_603_2776.nii 139953047562048
task_duration 1567687389.78549 1567687434.6992793 1567686742-isilon_1it_10cpus_0delay_npc-0 139953047562048
read_file 1567686949.7369645 1567686957.4487789 bigbrain_1538_603_694.nii 140286511494976
increment_file 1567686964.5050328 1567686976.8082476 bigbrain_1538_603_694.nii 140286511494976
write_file 1567686982.9011283 1567687000.6006324 inc-bigbrain_1538_603_694.nii 140286511494976
task_duration 1567686949.5506425 1567687000.6168168 1567686742-isilon_1it_10cpus_0delay_npc-0 140286511494976
read_file 1567687157.032199 1567687158.6831274 bigbrain_2307_603_2082.nii 139972937328448
increment_file 1567687163.2168517 1567687176.6179876 bigbrain_2307_603_2082.nii 139972937328448
write_file 1567687180.0252178 1567687189.3431222 inc-bigbrain_2307_603_2082.nii 139972937328448
task_duration 1567687156.999476 1567687191.944846 1567686742-isilon_1it_10cpus_0delay_npc-0 139972937328448
read_file 1567687071.7746253 1567687075.4982305 bigbrain_2307_1809_2082.nii 139881651947328
increment_file 1567687078.2283466 1567687092.040451 bigbrain_2307_1809_2082.nii 139881651947328
write_file 1567687093.3318405 1567687101.4065013 inc-bigbrain_2307_1809_2082.nii 139881651947328
task_duration 1567687071.7254527 1567687103.1557415 1567686742-isilon_1it_10cpus_0delay_npc-0 139881651947328
read_file 1567686745.70876 1567686745.9054723 bigbrain_1538_1809_2082.nii 139839480575808
increment_file 1567686753.2852306 1567686797.0999372 bigbrain_1538_1809_2082.nii 139839480575808
write_file 1567686801.075899 1567686854.484678 inc-bigbrain_1538_1809_2082.nii 139839480575808
task_duration 1567686745.7053485 1567686855.2685225 1567686742-isilon_1it_10cpus_0delay_npc-0 139839480575808
read_file 1567687389.8665318 1567687392.8691132 bigbrain_769_0_0.nii 140555151251264
increment_file 1567687399.1976657 1567687412.4860802 bigbrain_769_0_0.nii 140555151251264
write_file 1567687412.5234163 1567687434.6787534 inc-bigbrain_769_0_0.nii 140555151251264
task_duration 1567687389.8555825 1567687434.6966414 1567686742-isilon_1it_10cpus_0delay_npc-0 140555151251264
read_file 1567687000.6694648 1567687000.725423 bigbrain_2307_0_2776.nii 140309235959616
increment_file 1567687000.7428603 1567687017.1383965 bigbrain_2307_0_2776.nii 140309235959616
write_file 1567687018.4911199 1567687040.2096307 inc-bigbrain_2307_0_2776.nii 140309235959616
task_duration 1567687000.667371 1567687041.0771725 1567686742-isilon_1it_10cpus_0delay_npc-0 140309235959616
read_file 1567687554.9161265 1567687555.6475098 bigbrain_769_2412_2082.nii 139698985400128
increment_file 1567687556.4038372 1567687562.7944112 bigbrain_769_2412_2082.nii 139698985400128
write_file 1567687562.826913 1567687573.0441618 inc-bigbrain_769_2412_2082.nii 139698985400128
task_duration 1567687554.913317 1567687580.2099886 1567686742-isilon_1it_10cpus_0delay_npc-0 139698985400128
read_file 1567686892.285287 1567686894.7563467 bigbrain_1538_2412_2776.nii 139947733915456
increment_file 1567686896.767413 1567686917.6261487 bigbrain_1538_2412_2776.nii 139947733915456
write_file 1567686917.659666 1567686940.2171073 inc-bigbrain_1538_2412_2776.nii 139947733915456
task_duration 1567686891.7774804 1567686940.2309122 1567686742-isilon_1it_10cpus_0delay_npc-0 139947733915456
read_file 1567686857.9749258 1567686858.0687346 bigbrain_1538_1809_694.nii 140247052613440
increment_file 1567686858.0837946 1567686874.8789895 bigbrain_1538_1809_694.nii 140247052613440
write_file 1567686879.9218278 1567686904.9918756 inc-bigbrain_1538_1809_694.nii 140247052613440
task_duration 1567686857.9720669 1567686914.7722929 1567686742-isilon_1it_10cpus_0delay_npc-0 140247052613440
read_file 1567686948.1329725 1567686948.1734967 bigbrain_2307_0_0.nii 139826092230464
increment_file 1567686949.0058906 1567686964.7447186 bigbrain_2307_0_0.nii 139826092230464
write_file 1567686973.1112325 1567686997.2820504 inc-bigbrain_2307_0_0.nii 139826092230464
task_duration 1567686948.11988 1567686998.2905416 1567686742-isilon_1it_10cpus_0delay_npc-0 139826092230464
read_file 1567687293.2327528 1567687293.2719982 bigbrain_3076_1809_1388.nii 140482968934208
increment_file 1567687293.289545 1567687298.8024018 bigbrain_3076_1809_1388.nii 140482968934208
write_file 1567687298.8435597 1567687305.6153698 inc-bigbrain_3076_1809_1388.nii 140482968934208
task_duration 1567687293.2291348 1567687305.6338198 1567686742-isilon_1it_10cpus_0delay_npc-0 140482968934208
read_file 1567687217.9555578 1567687220.6874247 bigbrain_3076_0_694.nii 139941050488640
increment_file 1567687223.106292 1567687239.3626711 bigbrain_3076_0_694.nii 139941050488640
write_file 1567687240.7848494 1567687260.603561 inc-bigbrain_3076_0_694.nii 139941050488640
task_duration 1567687217.952965 1567687266.5436864 1567686742-isilon_1it_10cpus_0delay_npc-0 139941050488640
read_file 1567686857.9946675 1567686858.0715468 bigbrain_1538_2412_1388.nii 140663766206272
increment_file 1567686858.88877 1567686878.4593415 bigbrain_1538_2412_1388.nii 140663766206272
write_file 1567686880.3647213 1567686907.0437682 inc-bigbrain_1538_2412_1388.nii 140663766206272
task_duration 1567686857.9776661 1567686916.1090598 1567686742-isilon_1it_10cpus_0delay_npc-0 140663766206272
read_file 1567687250.7145026 1567687252.6762333 bigbrain_3076_1206_2776.nii 140461655734080
increment_file 1567687254.7035265 1567687267.145017 bigbrain_3076_1206_2776.nii 140461655734080
write_file 1567687267.2085276 1567687278.823218 inc-bigbrain_3076_1206_2776.nii 140461655734080
task_duration 1567687250.59195 1567687278.8416166 1567686742-isilon_1it_10cpus_0delay_npc-0 140461655734080
read_file 1567687138.1453195 1567687139.5339491 bigbrain_2307_603_0.nii 140205395179328
increment_file 1567687142.0192194 1567687156.9461758 bigbrain_2307_603_0.nii 140205395179328
write_file 1567687156.9951265 1567687175.5341554 inc-bigbrain_2307_603_0.nii 140205395179328
task_duration 1567687138.1332736 1567687177.7987754 1567686742-isilon_1it_10cpus_0delay_npc-0 140205395179328
read_file 1567687479.5838747 1567687479.6491773 bigbrain_769_1809_0.nii 140672575260480
increment_file 1567687479.68296 1567687499.6425838 bigbrain_769_1809_0.nii 140672575260480
write_file 1567687502.1582906 1567687525.4985545 inc-bigbrain_769_1809_0.nii 140672575260480
task_duration 1567687479.5740187 1567687527.4812672 1567686742-isilon_1it_10cpus_0delay_npc-0 140672575260480
read_file 1567687172.368504 1567687173.9061873 bigbrain_2307_603_2776.nii 139707986552640
increment_file 1567687175.9821997 1567687183.171676 bigbrain_2307_603_2776.nii 139707986552640
write_file 1567687184.3127708 1567687192.928784 inc-bigbrain_2307_603_2776.nii 139707986552640
task_duration 1567687172.1729121 1567687192.9449537 1567686742-isilon_1it_10cpus_0delay_npc-0 139707986552640
read_file 1567687536.4631867 1567687538.6256585 bigbrain_769_2412_0.nii 139939034572608
increment_file 1567687539.560587 1567687545.8625538 bigbrain_769_2412_0.nii 139939034572608
write_file 1567687547.0530348 1567687554.2530327 inc-bigbrain_769_2412_0.nii 139939034572608
task_duration 1567687536.2670844 1567687554.267787 1567686742-isilon_1it_10cpus_0delay_npc-0 139939034572608
read_file 1567687328.8482049 1567687328.8957114 bigbrain_3076_2412_2776.nii 139831993485120
increment_file 1567687328.9035811 1567687350.630694 bigbrain_3076_2412_2776.nii 139831993485120
write_file 1567687351.4366233 1567687363.5412908 inc-bigbrain_3076_2412_2776.nii 139831993485120
task_duration 1567687328.8452387 1567687363.5580988 1567686742-isilon_1it_10cpus_0delay_npc-0 139831993485120
read_file 1567687104.039524 1567687107.782902 bigbrain_2307_2412_0.nii 140039286708032
increment_file 1567687109.6174572 1567687116.4928174 bigbrain_2307_2412_0.nii 140039286708032
write_file 1567687117.6737027 1567687124.9390762 inc-bigbrain_2307_2412_0.nii 140039286708032
task_duration 1567687103.8689768 1567687124.9566019 1567686742-isilon_1it_10cpus_0delay_npc-0 140039286708032
read_file 1567686745.7084913 1567686745.9022856 bigbrain_1538_1206_2082.nii 139670390986560
increment_file 1567686746.586432 1567686786.6174085 bigbrain_1538_1206_2082.nii 139670390986560
write_file 1567686800.4127674 1567686853.2820153 inc-bigbrain_1538_1206_2082.nii 139670390986560
task_duration 1567686745.7049057 1567686854.1240537 1567686742-isilon_1it_10cpus_0delay_npc-0 139670390986560
read_file 1567687217.985314 1567687221.7617362 bigbrain_3076_1206_0.nii 140604489443136
increment_file 1567687223.4863305 1567687239.813715 bigbrain_3076_1206_0.nii 140604489443136
write_file 1567687240.788043 1567687258.9871747 inc-bigbrain_3076_1206_0.nii 140604489443136
task_duration 1567687217.9577606 1567687266.332798 1567686742-isilon_1it_10cpus_0delay_npc-0 140604489443136
read_file 1567687502.659143 1567687502.688673 bigbrain_769_1809_2082.nii 139922734503744
increment_file 1567687502.697694 1567687524.2358177 bigbrain_769_1809_2082.nii 139922734503744
write_file 1567687526.9684424 1567687539.5573916 inc-bigbrain_769_1809_2082.nii 139922734503744
task_duration 1567687502.6567943 1567687539.575385 1567686742-isilon_1it_10cpus_0delay_npc-0 139922734503744
read_file 1567687267.2064354 1567687267.2382824 bigbrain_3076_1206_694.nii 140132958357312
increment_file 1567687267.243139 1567687277.7958999 bigbrain_3076_1206_694.nii 140132958357312
write_file 1567687278.8263667 1567687286.5465362 inc-bigbrain_3076_1206_694.nii 140132958357312
task_duration 1567687267.2027955 1567687286.8030522 1567686742-isilon_1it_10cpus_0delay_npc-0 140132958357312
read_file 1567687434.7737691 1567687434.8232708 bigbrain_769_0_2776.nii 140299976275776
increment_file 1567687434.8478005 1567687445.7640038 bigbrain_769_0_2776.nii 140299976275776
write_file 1567687445.805479 1567687457.8122811 inc-bigbrain_769_0_2776.nii 140299976275776
task_duration 1567687434.771469 1567687457.8298066 1567686742-isilon_1it_10cpus_0delay_npc-0 140299976275776
read_file 1567686745.7091002 1567686745.9059863 bigbrain_1538_0_2776.nii 140508241127232
increment_file 1567686757.1893797 1567686800.1460552 bigbrain_1538_0_2776.nii 140508241127232
write_file 1567686801.4859438 1567686854.8234496 inc-bigbrain_1538_0_2776.nii 140508241127232
task_duration 1567686745.706028 1567686855.2732599 1567686742-isilon_1it_10cpus_0delay_npc-0 140508241127232
read_file 1567686745.7074325 1567686745.9029844 bigbrain_1538_1206_0.nii 139959809988416
increment_file 1567686747.9233048 1567686791.0014114 bigbrain_1538_1206_0.nii 139959809988416
write_file 1567686800.8710318 1567686853.87331 inc-bigbrain_1538_1206_0.nii 139959809988416
task_duration 1567686745.7033439 1567686854.6311667 1567686742-isilon_1it_10cpus_0delay_npc-0 139959809988416
read_file 1567686948.1568358 1567686948.7221425 bigbrain_2307_0_1388.nii 140690064836416
increment_file 1567686951.813724 1567686969.1288326 bigbrain_2307_0_1388.nii 140690064836416
write_file 1567686974.5356398 1567686998.5978086 inc-bigbrain_2307_0_1388.nii 140690064836416
task_duration 1567686948.1424801 1567686999.5456467 1567686742-isilon_1it_10cpus_0delay_npc-0 140690064836416
read_file 1567687502.6941054 1567687507.5143228 bigbrain_769_1809_2776.nii 140265663866688
increment_file 1567687512.315628 1567687527.476172 bigbrain_769_1809_2776.nii 140265663866688
write_file 1567687527.5131683 1567687539.5586972 inc-bigbrain_769_1809_2776.nii 140265663866688
task_duration 1567687502.692798 1567687539.5761013 1567686742-isilon_1it_10cpus_0delay_npc-0 140265663866688
read_file 1567687479.571265 1567687479.6434584 bigbrain_769_1206_2776.nii 139905228486464
increment_file 1567687479.678436 1567687498.199793 bigbrain_769_1206_2776.nii 139905228486464
write_file 1567687502.1577017 1567687525.632168 inc-bigbrain_769_1206_2776.nii 139905228486464
task_duration 1567687479.5693288 1567687527.481508 1567686742-isilon_1it_10cpus_0delay_npc-0 139905228486464
read_file 1567686745.7078145 1567686745.9036396 bigbrain_1538_1206_694.nii 139665775994688
increment_file 1567686750.1958685 1567686794.0477316 bigbrain_1538_1206_694.nii 139665775994688
write_file 1567686800.9778318 1567686854.368791 inc-bigbrain_1538_1206_694.nii 139665775994688
task_duration 1567686745.7041783 1567686855.2078846 1567686742-isilon_1it_10cpus_0delay_npc-0 139665775994688
read_file 1567687547.1773129 1567687547.9781754 bigbrain_769_2412_1388.nii 140407999199040
increment_file 1567687547.990603 1567687554.2514596 bigbrain_769_2412_1388.nii 140407999199040
write_file 1567687554.2848463 1567687561.6183724 inc-bigbrain_769_2412_1388.nii 140407999199040
task_duration 1567687547.1066122 1567687562.8006094 1567686742-isilon_1it_10cpus_0delay_npc-0 140407999199040
read_file 1567687155.8217118 1567687156.977317 bigbrain_2307_603_1388.nii 140643857168192
increment_file 1567687156.9868474 1567687172.057093 bigbrain_2307_603_1388.nii 140643857168192
write_file 1567687173.5771437 1567687181.1152735 inc-bigbrain_2307_603_1388.nii 140643857168192
task_duration 1567687155.6436653 1567687183.2287211 1567686742-isilon_1it_10cpus_0delay_npc-0 140643857168192
read_file 1567687299.2507024 1567687299.283454 bigbrain_3076_1809_2082.nii 140043370616640
increment_file 1567687299.28958 1567687305.6143835 bigbrain_3076_1809_2082.nii 140043370616640
write_file 1567687305.6558082 1567687317.835195 inc-bigbrain_3076_1809_2082.nii 140043370616640
task_duration 1567687299.248834 1567687327.8609076 1567686742-isilon_1it_10cpus_0delay_npc-0 140043370616640
read_file 1567687100.3820195 1567687103.1553667 bigbrain_2307_1809_694.nii 139966864942912
increment_file 1567687103.1673288 1567687109.1668508 bigbrain_2307_1809_694.nii 139966864942912
write_file 1567687111.5281668 1567687118.4768028 inc-bigbrain_2307_1809_694.nii 139966864942912
task_duration 1567687100.2023048 1567687118.4923427 1567686742-isilon_1it_10cpus_0delay_npc-0 139966864942912
read_file 1567687217.8949792 1567687217.9335327 bigbrain_3076_0_2082.nii 140399042557760
increment_file 1567687217.9482453 1567687223.4831235 bigbrain_3076_0_2082.nii 140399042557760
write_file 1567687229.012056 1567687240.7401917 inc-bigbrain_3076_0_2082.nii 140399042557760
task_duration 1567687217.892677 1567687240.7743297 1567686742-isilon_1it_10cpus_0delay_npc-0 140399042557760
read_file 1567687351.9977512 1567687352.0307314 bigbrain_3076_2412_694.nii 140416866944832
increment_file 1567687352.0454798 1567687363.5380614 bigbrain_3076_2412_694.nii 140416866944832
write_file 1567687363.5755644 1567687370.326148 inc-bigbrain_3076_2412_694.nii 140416866944832
task_duration 1567687351.9957767 1567687370.3434699 1567686742-isilon_1it_10cpus_0delay_npc-0 140416866944832
read_file 1567687479.644089 1567687479.6823237 bigbrain_769_1809_1388.nii 139670215673664
increment_file 1567687484.999701 1567687502.1544354 bigbrain_769_1809_1388.nii 139670215673664
write_file 1567687502.1933131 1567687526.0333724 inc-bigbrain_769_1809_1388.nii 139670215673664
task_duration 1567687479.6424284 1567687527.484768 1567686742-isilon_1it_10cpus_0delay_npc-0 139670215673664
read_file 1567687305.7298954 1567687305.7850091 bigbrain_3076_1809_694.nii 140119748073280
increment_file 1567687308.6451893 1567687328.7720811 bigbrain_3076_1809_694.nii 140119748073280
write_file 1567687328.80967 1567687351.4068258 inc-bigbrain_3076_1809_694.nii 140119748073280
task_duration 1567687305.6973352 1567687351.4231226 1567686742-isilon_1it_10cpus_0delay_npc-0 140119748073280
read_file 1567687000.770433 1567687014.1490912 bigbrain_2307_1206_1388.nii 140256983623488
increment_file 1567687017.1420987 1567687025.7521522 bigbrain_2307_1206_1388.nii 140256983623488
write_file 1567687028.4412887 1567687041.9908025 inc-bigbrain_2307_1206_1388.nii 140256983623488
task_duration 1567687000.7424228 1567687042.0069702 1567686742-isilon_1it_10cpus_0delay_npc-0 140256983623488
read_file 1567687389.8377552 1567687390.029741 bigbrain_3076_603_694.nii 140226602374976
increment_file 1567687394.5231724 1567687410.4993882 bigbrain_3076_603_694.nii 140226602374976
write_file 1567687412.5110834 1567687434.6806178 inc-bigbrain_3076_603_694.nii 140226602374976
task_duration 1567687389.8351042 1567687434.6978927 1567686742-isilon_1it_10cpus_0delay_npc-0 140226602374976
read_file 1567687182.6379693 1567687184.20696 bigbrain_2307_603_694.nii 139675802527552
increment_file 1567687184.9008133 1567687192.924805 bigbrain_2307_603_694.nii 139675802527552
write_file 1567687192.960403 1567687199.2274015 inc-bigbrain_2307_603_694.nii 139675802527552
task_duration 1567687182.4496891 1567687199.2442226 1567686742-isilon_1it_10cpus_0delay_npc-0 139675802527552
read_file 1567687239.1418562 1567687240.7738893 bigbrain_3076_1206_1388.nii 140386189870912
increment_file 1567687240.7823114 1567687255.0553012 bigbrain_3076_1206_1388.nii 140386189870912
write_file 1567687258.1515682 1567687267.1847203 inc-bigbrain_3076_1206_1388.nii 140386189870912
task_duration 1567687237.6594448 1567687267.1968656 1567686742-isilon_1it_10cpus_0delay_npc-0 140386189870912
read_file 1567687305.6893485 1567687305.7742465 bigbrain_3076_1809_2776.nii 140269337913152
increment_file 1567687305.7867398 1567687323.8751178 bigbrain_3076_1809_2776.nii 140269337913152
write_file 1567687328.777072 1567687351.4081597 inc-bigbrain_3076_1809_2776.nii 140269337913152
task_duration 1567687305.686997 1567687351.4257705 1567686742-isilon_1it_10cpus_0delay_npc-0 140269337913152
read_file 1567687000.6424122 1567687000.7147644 bigbrain_2307_1206_0.nii 140525718542144
increment_file 1567687000.7289522 1567687015.591682 bigbrain_2307_1206_0.nii 140525718542144
write_file 1567687018.2236733 1567687035.1867998 inc-bigbrain_2307_1206_0.nii 140525718542144
task_duration 1567687000.639129 1567687036.3486042 1567686742-isilon_1it_10cpus_0delay_npc-0 140525718542144
read_file 1567687458.4673076 1567687458.7819495 bigbrain_769_1206_0.nii 139672122898240
increment_file 1567687459.5115674 1567687466.2552705 bigbrain_769_1206_0.nii 139672122898240
write_file 1567687466.2926452 1567687472.691934 inc-bigbrain_769_1206_0.nii 139672122898240
task_duration 1567687458.4650025 1567687472.7099178 1567686742-isilon_1it_10cpus_0delay_npc-0 139672122898240
read_file 1567687000.6464164 1567687000.7174978 bigbrain_2307_0_694.nii 140662756017984
increment_file 1567687000.7382631 1567687015.9644728 bigbrain_2307_0_694.nii 140662756017984
write_file 1567687018.3572838 1567687038.4647105 inc-bigbrain_2307_0_694.nii 140662756017984
task_duration 1567687000.6438236 1567687039.5014758 1567686742-isilon_1it_10cpus_0delay_npc-0 140662756017984
read_file 1567686857.9714172 1567686858.058281 bigbrain_1538_2412_0.nii 139624488892224
increment_file 1567686858.0737207 1567686872.3657706 bigbrain_1538_2412_0.nii 139624488892224
write_file 1567686879.8129172 1567686903.0759861 inc-bigbrain_1538_2412_0.nii 139624488892224
task_duration 1567686857.9688385 1567686913.435221 1567686742-isilon_1it_10cpus_0delay_npc-0 139624488892224
read_file 1567686917.6683877 1567686917.6843622 bigbrain_1538_603_2082.nii 139702000887616
increment_file 1567686917.6938574 1567686937.7462354 bigbrain_1538_603_2082.nii 139702000887616
write_file 1567686939.262711 1567686946.148396 inc-bigbrain_1538_603_2082.nii 139702000887616
task_duration 1567686917.6651282 1567686946.1673546 1567686742-isilon_1it_10cpus_0delay_npc-0 139702000887616
read_file 1567687528.033534 1567687528.0674663 bigbrain_769_1809_694.nii 140127528363840
increment_file 1567687528.0781786 1567687539.5543377 bigbrain_769_1809_694.nii 140127528363840
write_file 1567687540.776157 1567687547.9771993 inc-bigbrain_769_1809_694.nii 140127528363840
task_duration 1567687528.0303576 1567687547.993552 1567686742-isilon_1it_10cpus_0delay_npc-0 140127528363840
