read_file 1567713192.9609232 1567713193.660702 bigbrain_1538_2412_2776.nii 140130828220224
increment_file 1567713274.2295487 1567713322.1551442 bigbrain_1538_2412_2776.nii 140130828220224
write_file 1567713716.2322822 1567713863.6391845 inc-bigbrain_1538_2412_2776.nii 140130828220224
task_duration 1567713192.925851 1567714231.7493699 1567713165-isilonAD_1it_96cpus_0delay_npc-3 140130828220224
read_file 1567713192.7646644 1567713193.4103565 bigbrain_1538_2412_0.nii 139891978946368
increment_file 1567713199.3183753 1567713210.3925266 bigbrain_1538_2412_0.nii 139891978946368
write_file 1567713399.8266604 1567713733.5355344 inc-bigbrain_1538_2412_0.nii 139891978946368
task_duration 1567713192.761065 1567713988.810995 1567713165-isilonAD_1it_96cpus_0delay_npc-3 139891978946368
read_file 1567713192.8320951 1567713193.5304601 bigbrain_2307_1809_0.nii 140712970385216
increment_file 1567713232.767925 1567713244.9660587 bigbrain_2307_1809_0.nii 140712970385216
write_file 1567713619.056368 1567713775.1140108 inc-bigbrain_2307_1809_0.nii 140712970385216
task_duration 1567713192.8292613 1567714198.4160645 1567713165-isilonAD_1it_96cpus_0delay_npc-3 140712970385216
read_file 1567713219.8718271 1567713234.1843615 bigbrain_769_0_0.nii 140692117260096
increment_file 1567713548.824433 1567713592.8602057 bigbrain_769_0_0.nii 140692117260096
write_file 1567713752.2364802 1567714231.1580927 inc-bigbrain_769_0_0.nii 140692117260096
task_duration 1567713219.6935134 1567714233.916467 1567713165-isilonAD_1it_96cpus_0delay_npc-3 140692117260096
read_file 1567713224.4677992 1567713241.5982652 bigbrain_2307_603_2082.nii 139825291589440
increment_file 1567713594.7311866 1567713634.3718631 bigbrain_2307_603_2082.nii 139825291589440
write_file 1567713746.6251247 1567714144.0450108 inc-bigbrain_2307_603_2082.nii 139825291589440
task_duration 1567713224.2096145 1567714233.8488133 1567713165-isilonAD_1it_96cpus_0delay_npc-3 139825291589440
read_file 1567713192.7662125 1567713193.4165545 bigbrain_1538_1206_1388.nii 139712173082432
increment_file 1567713204.8487422 1567713216.2722263 bigbrain_1538_1206_1388.nii 139712173082432
write_file 1567713420.7347884 1567713749.6810377 inc-bigbrain_1538_1206_1388.nii 139712173082432
task_duration 1567713192.7630022 1567714086.4521265 1567713165-isilonAD_1it_96cpus_0delay_npc-3 139712173082432
read_file 1567713236.527256 1567713252.2106164 bigbrain_769_2412_0.nii 140628622387008
increment_file 1567713664.51173 1567713703.1654007 bigbrain_769_2412_0.nii 140628622387008
write_file 1567713718.9264996 1567713883.4293435 inc-bigbrain_769_2412_0.nii 140628622387008
task_duration 1567713236.082331 1567714232.2752752 1567713165-isilonAD_1it_96cpus_0delay_npc-3 140628622387008
read_file 1567713193.0118895 1567713193.6921573 bigbrain_1538_1206_2776.nii 140643936266048
increment_file 1567713283.4260077 1567713332.7934637 bigbrain_1538_1206_2776.nii 140643936266048
write_file 1567713718.7929423 1567713880.6775055 inc-bigbrain_1538_1206_2776.nii 140643936266048
task_duration 1567713193.0002458 1567714231.9098864 1567713165-isilonAD_1it_96cpus_0delay_npc-3 140643936266048
read_file 1567713209.5280883 1567713225.039893 bigbrain_2307_603_2776.nii 139784939992896
increment_file 1567713472.11187 1567713513.7843673 bigbrain_2307_603_2776.nii 139784939992896
write_file 1567713735.3802028 1567714088.5971663 inc-bigbrain_2307_603_2776.nii 139784939992896
task_duration 1567713209.3423069 1567714233.8400624 1567713165-isilonAD_1it_96cpus_0delay_npc-3 139784939992896
read_file 1567713193.5135818 1567713203.2370086 bigbrain_1538_0_694.nii 140540581132096
increment_file 1567713362.7240155 1567713403.8323135 bigbrain_1538_0_694.nii 140540581132096
write_file 1567713722.0285268 1567713968.0195262 inc-bigbrain_1538_0_694.nii 140540581132096
task_duration 1567713193.4975846 1567714233.2361772 1567713165-isilonAD_1it_96cpus_0delay_npc-3 140540581132096
read_file 1567713196.8102126 1567713212.6376162 bigbrain_2307_2412_1388.nii 140105714976576
increment_file 1567713405.0438643 1567713443.264806 bigbrain_2307_2412_1388.nii 140105714976576
write_file 1567713724.6151633 1567713995.9800107 inc-bigbrain_2307_2412_1388.nii 140105714976576
task_duration 1567713196.632576 1567714233.6891723 1567713165-isilonAD_1it_96cpus_0delay_npc-3 140105714976576
read_file 1567713193.5884182 1567713204.4597979 bigbrain_2307_2412_2082.nii 140201717831488
increment_file 1567713374.995737 1567713415.0822427 bigbrain_2307_2412_2082.nii 140201717831488
write_file 1567713722.1712909 1567713969.1052012 inc-bigbrain_2307_2412_2082.nii 140201717831488
task_duration 1567713193.5780997 1567714233.289585 1567713165-isilonAD_1it_96cpus_0delay_npc-3 140201717831488
read_file 1567713193.6020145 1567713206.739769 bigbrain_3076_1206_2082.nii 139734610818880
increment_file 1567713380.2870822 1567713422.188514 bigbrain_3076_1206_2082.nii 139734610818880
write_file 1567713724.0003448 1567713979.8765373 inc-bigbrain_3076_1206_2082.nii 139734610818880
task_duration 1567713193.5987198 1567714233.4498482 1567713165-isilonAD_1it_96cpus_0delay_npc-3 139734610818880
read_file 1567713228.9695723 1567713243.2204843 bigbrain_769_603_2776.nii 140678922721088
increment_file 1567713611.7315116 1567713653.9790688 bigbrain_769_603_2776.nii 140678922721088
write_file 1567713750.4380522 1567714193.4257348 inc-bigbrain_769_603_2776.nii 140678922721088
task_duration 1567713228.8002574 1567714233.8553026 1567713165-isilonAD_1it_96cpus_0delay_npc-3 140678922721088
read_file 1567713192.7048345 1567713193.195178 bigbrain_1538_1809_2776.nii 140045737649984
increment_file 1567713193.5947673 1567713199.288035 bigbrain_1538_1809_2776.nii 140045737649984
write_file 1567713334.3962376 1567713716.894424 inc-bigbrain_1538_1809_2776.nii 140045737649984
task_duration 1567713192.69977 1567713777.3984396 1567713165-isilonAD_1it_96cpus_0delay_npc-3 140045737649984
read_file 1567713203.4314766 1567713221.5649083 bigbrain_769_1206_0.nii 140608157087552
increment_file 1567713446.3381326 1567713491.3323088 bigbrain_769_1206_0.nii 140608157087552
write_file 1567713730.3819253 1567714035.807019 inc-bigbrain_769_1206_0.nii 140608157087552
task_duration 1567713203.2447455 1567714233.834588 1567713165-isilonAD_1it_96cpus_0delay_npc-3 140608157087552
read_file 1567713202.014242 1567713220.0871756 bigbrain_3076_1206_694.nii 140036912457536
increment_file 1567713434.1237817 1567713476.6016686 bigbrain_3076_1206_694.nii 140036912457536
write_file 1567713729.9007933 1567714026.2590654 inc-bigbrain_3076_1206_694.nii 140036912457536
task_duration 1567713201.7560034 1567714233.8324919 1567713165-isilonAD_1it_96cpus_0delay_npc-3 140036912457536
read_file 1567713193.4789255 1567713201.8818839 bigbrain_2307_2412_2776.nii 140228771751744
increment_file 1567713356.334308 1567713398.3576586 bigbrain_2307_2412_2776.nii 140228771751744
write_file 1567713721.9572103 1567713958.610105 inc-bigbrain_2307_2412_2776.nii 140228771751744
task_duration 1567713193.462199 1567714233.1470299 1567713165-isilonAD_1it_96cpus_0delay_npc-3 140228771751744
read_file 1567713192.8152266 1567713193.4889374 bigbrain_1538_0_2776.nii 139690408298304
increment_file 1567713221.5868762 1567713232.7664385 bigbrain_1538_0_2776.nii 139690408298304
write_file 1567713531.1548038 1567713758.9727485 inc-bigbrain_1538_0_2776.nii 139690408298304
task_duration 1567713192.8116095 1567714187.0229077 1567713165-isilonAD_1it_96cpus_0delay_npc-3 139690408298304
read_file 1567713231.7413025 1567713245.901686 bigbrain_3076_2412_2082.nii 139686305978176
increment_file 1567713631.20945 1567713676.3286164 bigbrain_3076_2412_2082.nii 139686305978176
write_file 1567713755.4624805 1567714233.339759 inc-bigbrain_3076_2412_2082.nii 139686305978176
task_duration 1567713231.5634432 1567714233.9418106 1567713165-isilonAD_1it_96cpus_0delay_npc-3 139686305978176
read_file 1567713211.1834855 1567713229.6127903 bigbrain_3076_0_694.nii 140533376931648
increment_file 1567713502.6379383 1567713544.041763 bigbrain_3076_0_694.nii 140533376931648
write_file 1567713748.6645372 1567714165.4870067 inc-bigbrain_3076_0_694.nii 140533376931648
task_duration 1567713211.0057142 1567714233.8510242 1567713165-isilonAD_1it_96cpus_0delay_npc-3 140533376931648
read_file 1567713233.3809474 1567713249.8324292 bigbrain_769_603_1388.nii 140088975357760
increment_file 1567713651.958188 1567713694.6658895 bigbrain_769_603_1388.nii 140088975357760
write_file 1567713754.3843002 1567714220.9399369 inc-bigbrain_769_603_1388.nii 140088975357760
task_duration 1567713233.2035317 1567714233.8710403 1567713165-isilonAD_1it_96cpus_0delay_npc-3 140088975357760
read_file 1567713192.9870477 1567713193.675285 bigbrain_1538_1809_694.nii 140303089698624
increment_file 1567713278.7466884 1567713329.479706 bigbrain_1538_1809_694.nii 140303089698624
write_file 1567713717.146814 1567713874.0114906 inc-bigbrain_1538_1809_694.nii 140303089698624
task_duration 1567713192.9782267 1567714232.195646 1567713165-isilonAD_1it_96cpus_0delay_npc-3 140303089698624
read_file 1567713192.8091006 1567713193.4589984 bigbrain_1538_2412_1388.nii 140012082755392
increment_file 1567713215.7645297 1567713227.7233162 bigbrain_1538_2412_1388.nii 140012082755392
write_file 1567713493.202405 1567713752.8432624 inc-bigbrain_1538_2412_1388.nii 140012082755392
task_duration 1567713192.8066208 1567714129.4315696 1567713165-isilonAD_1it_96cpus_0delay_npc-3 140012082755392
read_file 1567713210.0808213 1567713225.3072007 bigbrain_769_1206_694.nii 139867900278592
increment_file 1567713478.2048504 1567713521.6484215 bigbrain_769_1206_694.nii 139867900278592
write_file 1567713732.6456888 1567714069.5839942 inc-bigbrain_769_1206_694.nii 139867900278592
task_duration 1567713209.8764637 1567714233.837813 1567713165-isilonAD_1it_96cpus_0delay_npc-3 139867900278592
read_file 1567713192.841044 1567713193.566447 bigbrain_1538_603_0.nii 140653340596032
increment_file 1567713259.1506398 1567713293.2643943 bigbrain_1538_603_0.nii 140653340596032
write_file 1567713713.9980428 1567713847.9783688 inc-bigbrain_1538_603_0.nii 140653340596032
task_duration 1567713192.8371277 1567714231.6068237 1567713165-isilonAD_1it_96cpus_0delay_npc-3 140653340596032
read_file 1567713192.8083057 1567713193.4583867 bigbrain_1538_2412_694.nii 139852602447680
increment_file 1567713210.436668 1567713221.5649605 bigbrain_1538_2412_694.nii 139852602447680
write_file 1567713452.8802927 1567713751.7914524 inc-bigbrain_1538_2412_694.nii 139852602447680
task_duration 1567713192.8060703 1567714102.2571855 1567713165-isilonAD_1it_96cpus_0delay_npc-3 139852602447680
read_file 1567713193.555697 1567713203.6558661 bigbrain_2307_0_2776.nii 139627098564416
increment_file 1567713366.2001202 1567713407.979249 bigbrain_2307_0_2776.nii 139627098564416
write_file 1567713722.0997741 1567713973.0795536 inc-bigbrain_2307_0_2776.nii 139627098564416
task_duration 1567713193.5262249 1567714233.4052389 1567713165-isilonAD_1it_96cpus_0delay_npc-3 139627098564416
read_file 1567713221.2266436 1567713235.0045013 bigbrain_769_2412_2776.nii 140588726515520
increment_file 1567713558.4006748 1567713602.4302073 bigbrain_769_2412_2776.nii 140588726515520
write_file 1567713741.95709 1567714118.8171802 inc-bigbrain_769_2412_2776.nii 140588726515520
task_duration 1567713221.0482502 1567714233.8443482 1567713165-isilonAD_1it_96cpus_0delay_npc-3 140588726515520
read_file 1567713207.7452881 1567713224.0680122 bigbrain_2307_1809_2776.nii 140336025773888
increment_file 1567713468.636076 1567713510.470478 bigbrain_2307_1809_2776.nii 140336025773888
write_file 1567713732.0485277 1567714062.135762 inc-bigbrain_2307_1809_2776.nii 140336025773888
task_duration 1567713207.56784 1567714233.8371246 1567713165-isilonAD_1it_96cpus_0delay_npc-3 140336025773888
read_file 1567713233.1936862 1567713249.4136288 bigbrain_2307_603_1388.nii 139702479447872
increment_file 1567713645.4356933 1567713688.6767478 bigbrain_2307_603_1388.nii 139702479447872
write_file 1567713754.0634403 1567714231.8266778 inc-bigbrain_2307_603_1388.nii 139702479447872
task_duration 1567713232.792812 1567714233.9283822 1567713165-isilonAD_1it_96cpus_0delay_npc-3 139702479447872
read_file 1567713193.0549862 1567713193.7161963 bigbrain_1538_603_2776.nii 140485332698944
increment_file 1567713288.640039 1567713335.840156 bigbrain_1538_603_2776.nii 140485332698944
write_file 1567713719.060369 1567713887.8500173 inc-bigbrain_1538_603_2776.nii 140485332698944
task_duration 1567713193.0215135 1567714232.355538 1567713165-isilonAD_1it_96cpus_0delay_npc-3 140485332698944
read_file 1567713192.9105608 1567713193.599367 bigbrain_1538_1206_0.nii 140577972348736
increment_file 1567713266.9047253 1567713311.2357137 bigbrain_1538_1206_0.nii 140577972348736
write_file 1567713715.249118 1567713857.552696 inc-bigbrain_1538_1206_0.nii 140577972348736
task_duration 1567713192.9080095 1567714232.0524569 1567713165-isilonAD_1it_96cpus_0delay_npc-3 140577972348736
read_file 1567713192.9519088 1567713193.651666 bigbrain_1538_603_1388.nii 140166109357888
increment_file 1567713270.3522499 1567713316.4324229 bigbrain_1538_603_1388.nii 140166109357888
write_file 1567713715.755862 1567713859.2084439 inc-bigbrain_1538_603_1388.nii 140166109357888
task_duration 1567713192.9244633 1567714232.1327949 1567713165-isilonAD_1it_96cpus_0delay_npc-3 140166109357888
read_file 1567713193.4504402 1567713200.6785252 bigbrain_1538_603_694.nii 139629976246080
increment_file 1567713347.0122123 1567713390.9276514 bigbrain_1538_603_694.nii 139629976246080
write_file 1567713721.3154154 1567713950.222913 inc-bigbrain_1538_603_694.nii 139629976246080
task_duration 1567713193.4338806 1567714233.1022835 1567713165-isilonAD_1it_96cpus_0delay_npc-3 139629976246080
read_file 1567713205.8470836 1567713221.8753166 bigbrain_769_0_2082.nii 140467463993152
increment_file 1567713459.1770709 1567713501.1682913 bigbrain_769_0_2082.nii 140467463993152
write_file 1567713731.4425418 1567714045.6983154 inc-bigbrain_769_0_2082.nii 140467463993152
task_duration 1567713205.664481 1567714233.835482 1567713165-isilonAD_1it_96cpus_0delay_npc-3 140467463993152
read_file 1567713224.066556 1567713240.1384888 bigbrain_769_1809_1388.nii 140431560505152
increment_file 1567713575.5907004 1567713619.058134 bigbrain_769_1809_1388.nii 140431560505152
write_file 1567713749.831874 1567714190.065902 inc-bigbrain_769_1809_1388.nii 140431560505152
task_duration 1567713223.6753285 1567714233.8550968 1567713165-isilonAD_1it_96cpus_0delay_npc-3 140431560505152
read_file 1567713192.8399706 1567713193.5644343 bigbrain_1538_1809_2082.nii 139735973918528
increment_file 1567713246.5866249 1567713268.883098 bigbrain_1538_1809_2082.nii 139735973918528
write_file 1567713712.5018287 1567713841.0199378 inc-bigbrain_1538_1809_2082.nii 139735973918528
task_duration 1567713192.8365853 1567714231.303209 1567713165-isilonAD_1it_96cpus_0delay_npc-3 139735973918528
read_file 1567713193.150324 1567713193.7290514 bigbrain_2307_1206_0.nii 139758549301056
increment_file 1567713307.2516527 1567713351.664533 bigbrain_2307_1206_0.nii 139758549301056
write_file 1567713719.6593993 1567713903.8614974 inc-bigbrain_2307_1206_0.nii 139758549301056
task_duration 1567713193.1413167 1567714232.8188038 1567713165-isilonAD_1it_96cpus_0delay_npc-3 139758549301056
read_file 1567713198.298919 1567713214.126317 bigbrain_2307_603_694.nii 140115152803648
increment_file 1567713407.9774923 1567713450.0561032 bigbrain_2307_603_694.nii 140115152803648
write_file 1567713724.9269934 1567714000.7019064 inc-bigbrain_2307_603_694.nii 140115152803648
task_duration 1567713198.1208894 1567714233.7342799 1567713165-isilonAD_1it_96cpus_0delay_npc-3 140115152803648
read_file 1567713224.3342297 1567713241.46468 bigbrain_769_0_1388.nii 140318962247488
increment_file 1567713589.811886 1567713631.3165457 bigbrain_769_0_1388.nii 140318962247488
write_file 1567713745.858703 1567714138.4150202 inc-bigbrain_769_0_1388.nii 140318962247488
task_duration 1567713223.8089654 1567714233.8477957 1567713165-isilonAD_1it_96cpus_0delay_npc-3 140318962247488
read_file 1567713193.2962465 1567713198.3805547 bigbrain_2307_0_1388.nii 140466775705408
increment_file 1567713324.1590142 1567713369.649274 bigbrain_2307_0_1388.nii 140466775705408
write_file 1567713720.2506258 1567713918.609924 inc-bigbrain_2307_0_1388.nii 140466775705408
task_duration 1567713193.2839081 1567714232.968632 1567713165-isilonAD_1it_96cpus_0delay_npc-3 140466775705408
read_file 1567713233.059926 1567713248.6113865 bigbrain_769_1809_2776.nii 140129343477568
increment_file 1567713641.9598715 1567713685.8976722 bigbrain_769_1809_2776.nii 140129343477568
write_file 1567713755.7654526 1567714233.8368819 inc-bigbrain_769_1809_2776.nii 140129343477568
task_duration 1567713232.780363 1567714233.9531386 1567713165-isilonAD_1it_96cpus_0delay_npc-3 140129343477568
read_file 1567713225.7692792 1567713242.1511042 bigbrain_769_1206_2082.nii 139688677893952
increment_file 1567713604.0330014 1567713645.5425115 bigbrain_769_1206_2082.nii 139688677893952
write_file 1567713752.5393882 1567714211.7600589 inc-bigbrain_769_1206_2082.nii 139688677893952
task_duration 1567713225.5826125 1567714215.2638752 1567713165-isilonAD_1it_96cpus_0delay_npc-3 139688677893952
read_file 1567713247.0410416 1567713259.9543974 bigbrain_769_0_2776.nii 140655358187328
increment_file 1567713704.6343946 1567713720.8392797 bigbrain_769_0_2776.nii 140655358187328
write_file 1567713838.7195244 1567714233.8861053 inc-bigbrain_769_0_2776.nii 140655358187328
task_duration 1567713246.5963259 1567714233.9783874 1567713165-isilonAD_1it_96cpus_0delay_npc-3 140655358187328
read_file 1567713244.9036906 1567713257.4424603 bigbrain_3076_1809_1388.nii 139913552348992
increment_file 1567713688.675161 1567713716.3289037 bigbrain_3076_1809_1388.nii 139913552348992
write_file 1567713780.754471 1567714233.869717 inc-bigbrain_3076_1809_1388.nii 139913552348992
task_duration 1567713244.4669607 1567714233.972527 1567713165-isilonAD_1it_96cpus_0delay_npc-3 139913552348992
read_file 1567713192.8407588 1567713193.5657148 bigbrain_1538_1206_694.nii 139950158796608
increment_file 1567713255.435562 1567713289.1479213 bigbrain_1538_1206_694.nii 139950158796608
write_file 1567713713.5152125 1567713840.217425 inc-bigbrain_1538_1206_694.nii 139950158796608
task_duration 1567713192.8371253 1567714231.2329051 1567713165-isilonAD_1it_96cpus_0delay_npc-3 139950158796608
read_file 1567713199.4646842 1567713216.9407551 bigbrain_3076_603_1388.nii 140328146605888
increment_file 1567713419.2533958 1567713460.7636187 bigbrain_3076_603_1388.nii 140328146605888
write_file 1567713729.4551616 1567714021.7008185 inc-bigbrain_3076_603_1388.nii 140328146605888
task_duration 1567713199.3409307 1567714233.8319354 1567713165-isilonAD_1it_96cpus_0delay_npc-3 140328146605888
read_file 1567713211.3974242 1567713230.013935 bigbrain_3076_2412_1388.nii 140634047805248
increment_file 1567713505.8183188 1567713547.0878894 bigbrain_3076_2412_1388.nii 140634047805248
write_file 1567713748.7624984 1567714184.927001 inc-bigbrain_3076_2412_1388.nii 140634047805248
task_duration 1567713211.139607 1567714233.8526123 1567713165-isilonAD_1it_96cpus_0delay_npc-3 140634047805248
read_file 1567713202.8877518 1567713220.6218297 bigbrain_2307_1809_694.nii 140422901135168
increment_file 1567713438.746111 1567713481.5250254 bigbrain_2307_1809_694.nii 140422901135168
write_file 1567713730.0521982 1567714030.7933939 inc-bigbrain_2307_1809_694.nii 140422901135168
task_duration 1567713202.710317 1567714233.8342788 1567713165-isilonAD_1it_96cpus_0delay_npc-3 140422901135168
read_file 1567713192.8403215 1567713193.565006 bigbrain_2307_0_2082.nii 139672822015808
increment_file 1567713251.4352205 1567713277.3574836 bigbrain_2307_0_2082.nii 139672822015808
write_file 1567713712.9028258 1567713843.4438794 inc-bigbrain_2307_0_2082.nii 139672822015808
task_duration 1567713192.8371334 1567714231.4646902 1567713165-isilonAD_1it_96cpus_0delay_npc-3 139672822015808
read_file 1567713217.973207 1567713233.0614495 bigbrain_769_2412_694.nii 139946775181120
increment_file 1567713545.6444626 1567713589.8131442 bigbrain_769_2412_694.nii 139946775181120
write_file 1567713742.402628 1567714126.8632007 inc-bigbrain_769_2412_694.nii 139946775181120
task_duration 1567713217.7686243 1567714233.844817 1567713165-isilonAD_1it_96cpus_0delay_npc-3 139946775181120
read_file 1567713201.8001587 1567713219.819731 bigbrain_2307_1809_2082.nii 140162757609280
increment_file 1567713429.4351718 1567713472.2188683 bigbrain_2307_1809_2082.nii 140162757609280
write_file 1567713729.7581022 1567714011.2053852 inc-bigbrain_2307_1809_2082.nii 140162757609280
task_duration 1567713201.6226897 1567714233.7785556 1567713165-isilonAD_1it_96cpus_0delay_npc-3 140162757609280
read_file 1567713233.817771 1567713250.2335365 bigbrain_769_0_694.nii 140594519582528
increment_file 1567713655.8487513 1567713698.5147555 bigbrain_769_0_694.nii 140594519582528
write_file 1567713754.6871047 1567714232.6375659 inc-bigbrain_769_0_694.nii 140594519582528
task_duration 1567713233.6219175 1567714233.9337358 1567713165-isilonAD_1it_96cpus_0delay_npc-3 140594519582528
read_file 1567713193.233443 1567713196.490591 bigbrain_1538_603_2082.nii 139865238841152
increment_file 1567713318.4383237 1567713362.592141 bigbrain_1538_603_2082.nii 139865238841152
write_file 1567713720.0743463 1567713913.569306 inc-bigbrain_1538_603_2082.nii 139865238841152
task_duration 1567713193.2312162 1567714232.9242504 1567713165-isilonAD_1it_96cpus_0delay_npc-3 139865238841152
read_file 1567713230.8145669 1567713245.6342375 bigbrain_3076_1809_2776.nii 140612028872512
increment_file 1567713626.5142722 1567713671.410642 bigbrain_3076_1809_2776.nii 140612028872512
write_file 1567713750.5894773 1567714197.9404778 inc-bigbrain_3076_1809_2776.nii 140612028872512
task_duration 1567713230.5565336 1567714233.8558857 1567713165-isilonAD_1it_96cpus_0delay_npc-3 140612028872512
read_file 1567713193.7509584 1567713210.4421418 bigbrain_3076_1809_2082.nii 140087310104384
increment_file 1567713398.6234992 1567713437.3395207 bigbrain_3076_1809_2082.nii 140087310104384
write_file 1567713724.4635317 1567713991.8623447 inc-bigbrain_3076_1809_2082.nii 140087310104384
task_duration 1567713193.7371924 1567714233.644584 1567713165-isilonAD_1it_96cpus_0delay_npc-3 140087310104384
read_file 1567713193.0554135 1567713193.7260146 bigbrain_2307_1206_2776.nii 139899480459072
increment_file 1567713295.8108191 1567713342.3630185 bigbrain_2307_1206_2776.nii 139899480459072
write_file 1567713719.1939497 1567713893.0419977 inc-bigbrain_2307_1206_2776.nii 139899480459072
task_duration 1567713193.0370836 1567714232.4977756 1567713165-isilonAD_1it_96cpus_0delay_npc-3 139899480459072
read_file 1567713230.3152716 1567713245.0993974 bigbrain_769_1809_2082.nii 140590850565952
increment_file 1567713616.1433196 1567713659.1644213 bigbrain_769_1809_2082.nii 140590850565952
write_file 1567713748.566348 1567714160.3124375 inc-bigbrain_769_1809_2082.nii 140590850565952
task_duration 1567713230.1554954 1567714233.854378 1567713165-isilonAD_1it_96cpus_0delay_npc-3 140590850565952
read_file 1567713203.9662263 1567713221.566711 bigbrain_2307_2412_0.nii 139872412276544
increment_file 1567713451.393762 1567713494.6458132 bigbrain_2307_2412_0.nii 139872412276544
write_file 1567713731.1217043 1567714039.7728896 inc-bigbrain_2307_2412_0.nii 139872412276544
task_duration 1567713203.7971718 1567714233.8358843 1567713165-isilonAD_1it_96cpus_0delay_npc-3 139872412276544
read_file 1567713192.8787136 1567713193.5910835 bigbrain_2307_1206_1388.nii 140560203351872
increment_file 1567713263.829875 1567713305.5151994 bigbrain_2307_1206_1388.nii 140560203351872
write_file 1567713714.8545449 1567713851.4623916 inc-bigbrain_2307_1206_1388.nii 140560203351872
task_duration 1567713192.8461053 1567714231.6876905 1567713165-isilonAD_1it_96cpus_0delay_npc-3 140560203351872
read_file 1567713192.8782508 1567713193.5899374 bigbrain_2307_0_0.nii 140313391339328
increment_file 1567713261.9581237 1567713300.597052 bigbrain_2307_0_0.nii 140313391339328
write_file 1567713714.4339576 1567713846.9177897 inc-bigbrain_2307_0_0.nii 140313391339328
task_duration 1567713192.8467574 1567714231.535708 1567713165-isilonAD_1it_96cpus_0delay_npc-3 140313391339328
read_file 1567713216.2370849 1567713232.771211 bigbrain_769_603_2082.nii 140407178520384
increment_file 1567713536.0749555 1567713579.708758 bigbrain_769_603_2082.nii 140407178520384
write_file 1567713739.2033474 1567714106.9485214 inc-bigbrain_769_603_2082.nii 140407178520384
task_duration 1567713215.7744057 1567714233.8433013 1567713165-isilonAD_1it_96cpus_0delay_npc-3 140407178520384
read_file 1567713220.0857224 1567713234.3181815 bigbrain_3076_2412_694.nii 140692524439360
increment_file 1567713554.945714 1567713599.3832734 bigbrain_3076_2412_694.nii 140692524439360
write_file 1567713749.0920925 1567714189.0248368 inc-bigbrain_3076_2412_694.nii 140692524439360
task_duration 1567713219.8272126 1567714233.853901 1567713165-isilonAD_1it_96cpus_0delay_npc-3 140692524439360
read_file 1567713193.321618 1567713199.288765 bigbrain_3076_0_0.nii 140501968504640
increment_file 1567713332.925746 1567713376.7063124 bigbrain_3076_0_0.nii 140501968504640
write_file 1567713720.7231538 1567713923.8977137 inc-bigbrain_3076_0_0.nii 140501968504640
task_duration 1567713193.3068082 1567714233.0134482 1567713165-isilonAD_1it_96cpus_0delay_npc-3 140501968504640
read_file 1567713224.9670053 1567713242.017247 bigbrain_769_1206_2776.nii 140007625467712
increment_file 1567713600.986224 1567713640.35743 bigbrain_769_1206_2776.nii 140007625467712
write_file 1567713746.9281816 1567714149.5170224 inc-bigbrain_769_1206_2776.nii 140007625467712
task_duration 1567713224.762998 1567714233.8500292 1567713165-isilonAD_1it_96cpus_0delay_npc-3 140007625467712
read_file 1567713192.76418 1567713193.3926935 bigbrain_1538_2412_2082.nii 140034575284032
increment_file 1567713193.7510128 1567713204.8505256 bigbrain_1538_2412_2082.nii 140034575284032
write_file 1567713383.2282813 1567713721.1200826 inc-bigbrain_1538_2412_2082.nii 140034575284032
task_duration 1567713192.7614958 1567713833.8791409 1567713165-isilonAD_1it_96cpus_0delay_npc-3 140034575284032
read_file 1567713232.8371422 1567713247.8092537 bigbrain_769_1206_1388.nii 139949536401216
increment_file 1567713635.8320467 1567713679.3757312 bigbrain_769_1206_1388.nii 139949536401216
write_file 1567713755.623075 1567714233.8297343 inc-bigbrain_769_1206_1388.nii 139949536401216
task_duration 1567713232.7786458 1567714233.9480755 1567713165-isilonAD_1it_96cpus_0delay_npc-3 139949536401216
read_file 1567713210.7289095 1567713229.060198 bigbrain_769_1809_0.nii 140202456221504
increment_file 1567713496.3827543 1567713537.786316 bigbrain_769_1809_0.nii 140202456221504
write_file 1567713747.960386 1567714155.1203308 inc-bigbrain_769_1809_0.nii 140202456221504
task_duration 1567713210.4501967 1567714233.8486876 1567713165-isilonAD_1it_96cpus_0delay_npc-3 140202456221504
read_file 1567713221.5207772 1567713235.2717185 bigbrain_3076_603_694.nii 139902490249024
increment_file 1567713564.817552 1567713608.686852 bigbrain_3076_603_694.nii 139902490249024
write_file 1567713752.3970244 1567714208.731754 inc-bigbrain_3076_603_694.nii 139902490249024
task_duration 1567713221.316427 1567714233.8609087 1567713165-isilonAD_1it_96cpus_0delay_npc-3 139902490249024
read_file 1567713210.5149748 1567713228.7927148 bigbrain_769_2412_2082.nii 140288686028608
increment_file 1567713491.3307946 1567713534.4718308 bigbrain_769_2412_2082.nii 140288686028608
write_file 1567713742.8481634 1567714131.5855327 inc-bigbrain_769_2412_2082.nii 140288686028608
task_duration 1567713210.4481835 1567714233.8475902 1567713165-isilonAD_1it_96cpus_0delay_npc-3 140288686028608
read_file 1567713214.0533643 1567713232.1081717 bigbrain_3076_1206_1388.nii 140402269239104
increment_file 1567713515.3873584 1567713558.2683678 bigbrain_3076_1206_1388.nii 140402269239104
write_file 1567713737.688171 1567714095.7426984 inc-bigbrain_3076_1206_1388.nii 140402269239104
task_duration 1567713213.8492239 1567714233.8410678 1567713165-isilonAD_1it_96cpus_0delay_npc-3 140402269239104
read_file 1567713237.3204184 1567713253.4139042 bigbrain_3076_603_2082.nii 140628069603136
increment_file 1567713669.9669821 1567713705.4102156 bigbrain_3076_603_2082.nii 140628069603136
write_file 1567713754.9901803 1567714232.7520542 inc-bigbrain_3076_603_2082.nii 140628069603136
task_duration 1567713236.8842175 1567714233.9364638 1567713165-isilonAD_1it_96cpus_0delay_npc-3 140628069603136
read_file 1567713193.723808 1567713210.4329689 bigbrain_2307_1206_2082.nii 140135451379520
increment_file 1567713395.5767612 1567713434.2299519 bigbrain_2307_1206_2082.nii 140135451379520
write_file 1567713724.3031647 1567713982.4639695 inc-bigbrain_2307_1206_2082.nii 140135451379520
task_duration 1567713193.7132213 1567714233.4944615 1567713165-isilonAD_1it_96cpus_0delay_npc-3 140135451379520
read_file 1567713193.3911424 1567713199.3134406 bigbrain_3076_1809_694.nii 140435032618816
increment_file 1567713343.6985605 1567713386.8111432 bigbrain_3076_1809_694.nii 140435032618816
write_file 1567713721.2709773 1567713940.0246239 inc-bigbrain_3076_1809_694.nii 140435032618816
task_duration 1567713193.376957 1567714226.5878868 1567713165-isilonAD_1it_96cpus_0delay_npc-3 140435032618816
read_file 1567713199.9194121 1567713217.6270134 bigbrain_3076_0_1388.nii 139906121226048
increment_file 1567713426.339498 1567713467.0333877 bigbrain_3076_0_1388.nii 139906121226048
write_file 1567713729.597724 1567714016.3900573 inc-bigbrain_3076_0_1388.nii 139906121226048
task_duration 1567713199.750016 1567714233.8316586 1567713165-isilonAD_1it_96cpus_0delay_npc-3 139906121226048
read_file 1567713215.42595 1567713232.7703578 bigbrain_3076_1809_0.nii 139964050499392
increment_file 1567713528.2134361 1567713571.8482432 bigbrain_3076_1809_0.nii 139964050499392
write_file 1567713738.7398021 1567714101.516065 inc-bigbrain_3076_1809_0.nii 139964050499392
task_duration 1567713215.2218175 1567714233.842024 1567713165-isilonAD_1it_96cpus_0delay_npc-3 139964050499392
read_file 1567713192.8238912 1567713193.505952 bigbrain_1538_1206_2082.nii 139842444920640
increment_file 1567713226.6806438 1567713241.0638096 bigbrain_1538_1206_2082.nii 139842444920640
write_file 1567713591.6835465 1567713773.7504919 inc-bigbrain_1538_1206_2082.nii 139842444920640
task_duration 1567713192.8216472 1567714191.1471276 1567713165-isilonAD_1it_96cpus_0delay_npc-3 139842444920640
read_file 1567713214.7307274 1567713232.642943 bigbrain_2307_2412_694.nii 140296878835520
increment_file 1567713523.2622201 1567713566.9300697 bigbrain_2307_2412_694.nii 140296878835520
write_file 1567713748.8693364 1567714170.646133 inc-bigbrain_2307_2412_694.nii 140296878835520
task_duration 1567713214.5527306 1567714233.8516061 1567713165-isilonAD_1it_96cpus_0delay_npc-3 140296878835520
read_file 1567713241.9356499 1567713254.2338536 bigbrain_769_2412_1388.nii 140145102866240
increment_file 1567713678.065338 1567713708.3557189 bigbrain_769_2412_1388.nii 140145102866240
write_file 1567713756.531939 1567714233.8487842 inc-bigbrain_769_2412_1388.nii 140145102866240
task_duration 1567713241.7578712 1567714233.962929 1567713165-isilonAD_1it_96cpus_0delay_npc-3 140145102866240
read_file 1567713193.1057053 1567713193.7283611 bigbrain_2307_1809_1388.nii 140293990049600
increment_file 1567713299.8216598 1567713345.4093153 bigbrain_2307_1809_1388.nii 140293990049600
write_file 1567713719.381105 1567713898.2324898 inc-bigbrain_2307_1809_1388.nii 140293990049600
task_duration 1567713193.0774522 1567714232.5693765 1567713165-isilonAD_1it_96cpus_0delay_npc-3 140293990049600
read_file 1567713224.200619 1567713240.958424 bigbrain_3076_1206_0.nii 139706377684800
increment_file 1567713581.444934 1567713623.4411128 bigbrain_3076_1206_0.nii 139706377684800
write_file 1567713745.4327161 1567714134.1411586 inc-bigbrain_3076_1206_0.nii 139706377684800
task_duration 1567713223.942731 1567714233.846611 1567713165-isilonAD_1it_96cpus_0delay_npc-3 139706377684800
read_file 1567713193.6683147 1567713209.0484703 bigbrain_3076_1206_2776.nii 139698293700416
increment_file 1567713388.280052 1567713426.3406804 bigbrain_3076_1206_2776.nii 139698293700416
write_file 1567713724.1606808 1567713987.3016448 inc-bigbrain_3076_1206_2776.nii 139698293700416
task_duration 1567713193.6548176 1567714233.5392666 1567713165-isilonAD_1it_96cpus_0delay_npc-3 139698293700416
read_file 1567713192.8332224 1567713193.557106 bigbrain_1538_1809_0.nii 140257192085312
increment_file 1567713235.671548 1567713252.0770237 bigbrain_1538_1809_0.nii 140257192085312
write_file 1567713673.147266 1567713808.0061986 inc-bigbrain_1538_1809_0.nii 140257192085312
task_duration 1567713192.8309932 1567714198.7011678 1567713165-isilonAD_1it_96cpus_0delay_npc-3 140257192085312
read_file 1567713193.3221014 1567713199.2893488 bigbrain_2307_603_0.nii 140258442798912
increment_file 1567713337.4427269 1567713380.0213315 bigbrain_2307_603_0.nii 140258442798912
write_file 1567713721.226289 1567713933.190817 inc-bigbrain_2307_603_0.nii 140258442798912
task_duration 1567713193.3117151 1567714233.0583994 1567713165-isilonAD_1it_96cpus_0delay_npc-3 140258442798912
read_file 1567713216.725475 1567713232.7719336 bigbrain_3076_603_2776.nii 140272993527616
increment_file 1567713539.3891358 1567713583.0219786 bigbrain_3076_603_2776.nii 140272993527616
write_file 1567713739.8092477 1567714111.3598247 inc-bigbrain_3076_603_2776.nii 140272993527616
task_duration 1567713216.5481815 1567714233.8430834 1567713165-isilonAD_1it_96cpus_0delay_npc-3 140272993527616
read_file 1567713199.3153098 1567713215.3650837 bigbrain_3076_0_2082.nii 140003713161024
increment_file 1567713413.4920437 1567713457.700417 bigbrain_3076_0_2082.nii 140003713161024
write_file 1567713729.29468 1567714010.741776 inc-bigbrain_3076_0_2082.nii 140003713161024
task_duration 1567713199.3124378 1567714233.8306751 1567713165-isilonAD_1it_96cpus_0delay_npc-3 140003713161024
read_file 1567713242.7466786 1567713256.1053872 bigbrain_769_603_0.nii 140713423599424
increment_file 1567713681.1117644 1567713710.015946 bigbrain_769_603_0.nii 140713423599424
write_file 1567713756.3625429 1567714233.8440037 inc-bigbrain_769_603_0.nii 140713423599424
task_duration 1567713242.560956 1567714233.959847 1567713165-isilonAD_1it_96cpus_0delay_npc-3 140713423599424
read_file 1567713192.834845 1567713193.5637612 bigbrain_1538_1809_1388.nii 140007707330368
increment_file 1567713242.4169836 1567713258.6176379 bigbrain_1538_1809_1388.nii 140007707330368
write_file 1567713707.7930448 1567713823.0836713 inc-bigbrain_1538_1809_1388.nii 140007707330368
task_duration 1567713192.8311179 1567714200.376752 1567713165-isilonAD_1it_96cpus_0delay_npc-3 140007707330368
read_file 1567713193.2195795 1567713194.8286629 bigbrain_2307_1206_694.nii 139707238254400
increment_file 1567713311.233945 1567713354.731247 bigbrain_2307_1206_694.nii 139707238254400
write_file 1567713719.8801515 1567713909.585589 inc-bigbrain_2307_1206_694.nii 139707238254400
task_duration 1567713193.2045703 1567714232.8794892 1567713165-isilonAD_1it_96cpus_0delay_npc-3 139707238254400
read_file 1567713210.4315264 1567713226.12942 bigbrain_3076_0_2776.nii 139824146601792
increment_file 1567713483.1407611 1567713526.6040442 bigbrain_3076_0_2776.nii 139824146601792
write_file 1567713732.9469216 1567714077.202394 inc-bigbrain_3076_0_2776.nii 139824146601792
task_duration 1567713210.4027321 1567714233.8383312 1567713165-isilonAD_1it_96cpus_0delay_npc-3 139824146601792
read_file 1567713222.364063 1567713236.4754436 bigbrain_769_1809_694.nii 139905556424512
increment_file 1567713568.6664512 1567713611.4655936 bigbrain_769_1809_694.nii 139905556424512
write_file 1567713749.3239384 1567714185.6754553 inc-bigbrain_769_1809_694.nii 139905556424512
task_duration 1567713222.1686826 1567714233.851432 1567713165-isilonAD_1it_96cpus_0delay_npc-3 139905556424512
read_file 1567713193.4322755 1567713200.6784928 bigbrain_2307_0_694.nii 140101258172224
increment_file 1567713351.663226 1567713395.578404 bigbrain_2307_0_694.nii 140101258172224
write_file 1567713721.3603659 1567713958.1665134 inc-bigbrain_2307_0_694.nii 140101258172224
task_duration 1567713193.4296064 1567714224.9944212 1567713165-isilonAD_1it_96cpus_0delay_npc-3 140101258172224
read_file 1567713213.6166303 1567713231.8232508 bigbrain_3076_2412_0.nii 140640619091776
increment_file 1567713512.0734086 1567713553.3432653 bigbrain_3076_2412_0.nii 140640619091776
write_file 1567713737.0822697 1567714091.1621118 inc-bigbrain_3076_2412_0.nii 140640619091776
task_duration 1567713213.4476323 1567714233.8395717 1567713165-isilonAD_1it_96cpus_0delay_npc-3 140640619091776
read_file 1567713230.6005101 1567713245.5006905 bigbrain_3076_2412_2776.nii 140447705212736
increment_file 1567713623.5731423 1567713666.223107 bigbrain_3076_2412_2776.nii 140447705212736
write_file 1567713751.9334953 1567714201.1489189 inc-bigbrain_3076_2412_2776.nii 140447705212736
task_duration 1567713230.422732 1567714207.798988 1567713165-isilonAD_1it_96cpus_0delay_npc-3 140447705212736
read_file 1567714234.8595922 1567714234.8826368 bigbrain_769_603_694.nii 140374759024448
increment_file 1567714234.8902361 1567714240.393736 bigbrain_769_603_694.nii 140374759024448
write_file 1567714240.4245012 1567714246.5316203 inc-bigbrain_769_603_694.nii 140374759024448
task_duration 1567714234.856481 1567714246.5392947 1567713165-isilonAD_1it_96cpus_0delay_npc-3 140374759024448
read_file 1567713207.3444107 1567713223.399615 bigbrain_3076_603_0.nii 140381939730240
increment_file 1567713462.3700495 1567713504.2155836 bigbrain_3076_603_0.nii 140381939730240
write_file 1567713731.7454343 1567714054.6732266 inc-bigbrain_3076_603_0.nii 140381939730240
task_duration 1567713207.1669526 1567714233.8364573 1567713165-isilonAD_1it_96cpus_0delay_npc-3 140381939730240
