read_file 1567721516.8722193 1567721529.9028018 bigbrain_3076_0_1388.nii 140594796611392
increment_file 1567721537.6648004 1567721561.4145646 bigbrain_3076_0_1388.nii 140594796611392
write_file 1567721585.4317653 1567721629.7599306 inc-bigbrain_3076_0_1388.nii 140594796611392
task_duration 1567721636.6139038 1567721874.3975508 1567721166-isilonAD_1it_25cpus_120delay_withpc-4 140594796611392
read_file 1567721052.2524016 1567721052.6715066 bigbrain_1538_603_0.nii 139758996305728
increment_file 1567721110.1310503 1567721158.6165931 bigbrain_1538_603_0.nii 139758996305728
write_file 1567721188.2069697 1567721311.589065 inc-bigbrain_1538_603_0.nii 139758996305728
task_duration 1567721172.178796 1567721554.7432091 1567721166-isilonAD_1it_25cpus_120delay_withpc-4 139758996305728
read_file 1567721515.9291453 1567721516.0129712 bigbrain_2307_2412_694.nii 139890745849664
increment_file 1567721516.337262 1567721530.8105733 bigbrain_2307_2412_694.nii 139890745849664
write_file 1567721552.488371 1567721573.651447 inc-bigbrain_2307_2412_694.nii 139890745849664
task_duration 1567721635.9255517 1567721835.592253 1567721166-isilonAD_1it_25cpus_120delay_withpc-4 139890745849664
read_file 1567721646.6805162 1567721646.7424855 bigbrain_3076_1206_2776.nii 140452464482112
increment_file 1567721647.4334478 1567721663.1794095 bigbrain_3076_1206_2776.nii 140452464482112
write_file 1567721664.4472473 1567721686.5912743 inc-bigbrain_3076_1206_2776.nii 140452464482112
task_duration 1567721766.6652546 1567721939.5350463 1567721166-isilonAD_1it_25cpus_120delay_withpc-4 140452464482112
read_file 1567721660.7935252 1567721663.2061293 bigbrain_3076_1809_0.nii 140696382150464
increment_file 1567721664.3123817 1567721684.0353725 bigbrain_3076_1809_0.nii 140696382150464
write_file 1567721701.1351418 1567721713.307139 inc-bigbrain_3076_1809_0.nii 140696382150464
task_duration 1567721780.1628351 1567721956.6831632 1567721166-isilonAD_1it_25cpus_120delay_withpc-4 140696382150464
read_file 1567721430.6856952 1567721440.8381705 bigbrain_2307_1206_2082.nii 140664221722432
increment_file 1567721440.8546479 1567721447.4628656 bigbrain_2307_1206_2082.nii 140664221722432
write_file 1567721450.8804483 1567721460.3770003 inc-bigbrain_2307_1206_2082.nii 140664221722432
task_duration 1567721550.4275312 1567721700.5094187 1567721166-isilonAD_1it_25cpus_120delay_withpc-4 140664221722432
read_file 1567721646.659315 1567721646.7361548 bigbrain_3076_0_694.nii 140510092064576
increment_file 1567721646.7575223 1567721660.9012017 bigbrain_3076_0_694.nii 140510092064576
write_file 1567721663.2076669 1567721679.8433418 inc-bigbrain_3076_0_694.nii 140510092064576
task_duration 1567721766.655823 1567721931.0014548 1567721166-isilonAD_1it_25cpus_120delay_withpc-4 140510092064576
read_file 1567721052.1764622 1567721052.6091902 bigbrain_1538_2412_0.nii 139854000011072
increment_file 1567721052.6975577 1567721092.2295084 bigbrain_1538_2412_0.nii 139854000011072
write_file 1567721184.8927276 1567721285.234272 inc-bigbrain_1538_2412_0.nii 139854000011072
task_duration 1567721172.1697571 1567721538.9550688 1567721166-isilonAD_1it_25cpus_120delay_withpc-4 139854000011072
read_file 1567721052.3238115 1567721052.6744432 bigbrain_1538_1206_1388.nii 140235509630784
increment_file 1567721114.1488042 1567721161.9310694 bigbrain_1538_1206_1388.nii 140235509630784
write_file 1567721188.824837 1567721315.2128222 inc-bigbrain_1538_1206_1388.nii 140235509630784
task_duration 1567721172.1828823 1567721556.5816596 1567721166-isilonAD_1it_25cpus_120delay_withpc-4 140235509630784
read_file 1567721801.0530372 1567721801.0935698 bigbrain_3076_2412_694.nii 139727645656896
increment_file 1567721801.1086938 1567721806.6757226 bigbrain_3076_2412_694.nii 139727645656896
write_file 1567721810.0675056 1567721822.3290634 inc-bigbrain_3076_2412_694.nii 139727645656896
task_duration 1567721921.0504315 1567722064.1656172 1567721166-isilonAD_1it_25cpus_120delay_withpc-4 139727645656896
read_file 1567721519.0293634 1567721533.372105 bigbrain_3076_0_0.nii 140486692296512
increment_file 1567721548.0531492 1567721571.9145021 bigbrain_3076_0_0.nii 140486692296512
write_file 1567721593.9374382 1567721634.137592 inc-bigbrain_3076_0_0.nii 140486692296512
task_duration 1567721638.504129 1567721877.216443 1567721166-isilonAD_1it_25cpus_120delay_withpc-4 140486692296512
read_file 1567721849.5063703 1567721852.172277 bigbrain_769_0_1388.nii 139760181520192
increment_file 1567721856.2734702 1567721866.0435658 bigbrain_769_0_1388.nii 139760181520192
write_file 1567721866.0854392 1567721883.21901 inc-bigbrain_769_0_1388.nii 139760181520192
task_duration 1567721969.3727949 1567722123.344416 1567721166-isilonAD_1it_25cpus_120delay_withpc-4 139760181520192
read_file 1567721670.111024 1567721672.5736096 bigbrain_3076_1809_2776.nii 139852342478656
increment_file 1567721682.3138554 1567721707.5901809 bigbrain_3076_1809_2776.nii 139852342478656
write_file 1567721709.2755861 1567721741.0880675 inc-bigbrain_3076_1809_2776.nii 139852342478656
task_duration 1567721789.7579165 1567721982.0572915 1567721166-isilonAD_1it_25cpus_120delay_withpc-4 139852342478656
read_file 1567721988.7153344 1567721988.8268795 bigbrain_769_2412_1388.nii 139665156540224
increment_file 1567721988.8647175 1567722006.9977138 bigbrain_769_2412_1388.nii 139665156540224
write_file 1567722021.5909076 1567722057.4195414 inc-bigbrain_769_2412_1388.nii 139665156540224
task_duration 1567722108.7114851 1567722308.683103 1567721166-isilonAD_1it_25cpus_120delay_withpc-4 139665156540224
read_file 1567721885.3014338 1567721885.4145901 bigbrain_769_1206_1388.nii 140311222994752
increment_file 1567721885.4285169 1567721901.1632845 bigbrain_769_1206_1388.nii 140311222994752
write_file 1567721912.8065722 1567721947.1693645 inc-bigbrain_769_1206_1388.nii 140311222994752
task_duration 1567722005.2975192 1567722193.7607017 1567721166-isilonAD_1it_25cpus_120delay_withpc-4 140311222994752
read_file 1567721811.3326814 1567721822.5993273 bigbrain_3076_603_0.nii 140069468030784
increment_file 1567721824.0560791 1567721836.5486224 bigbrain_3076_603_0.nii 140069468030784
write_file 1567721839.0758004 1567721861.003246 inc-bigbrain_3076_603_0.nii 140069468030784
task_duration 1567721930.8847272 1567722104.7011497 1567721166-isilonAD_1it_25cpus_120delay_withpc-4 140069468030784
read_file 1567721052.1798513 1567721052.650827 bigbrain_2307_0_0.nii 139965273966400
increment_file 1567721062.9990442 1567721115.7259135 bigbrain_2307_0_0.nii 139965273966400
write_file 1567721186.6025746 1567721291.119819 inc-bigbrain_2307_0_0.nii 139965273966400
task_duration 1567721172.1757946 1567721543.0341911 1567721166-isilonAD_1it_25cpus_120delay_withpc-4 139965273966400
read_file 1567721843.647456 1567721845.1695905 bigbrain_769_0_2082.nii 139763620022080
increment_file 1567721848.2052507 1567721861.911008 bigbrain_769_0_2082.nii 139763620022080
write_file 1567721866.0427823 1567721883.2183142 inc-bigbrain_769_0_2082.nii 139763620022080
task_duration 1567721963.505116 1567722123.342798 1567721166-isilonAD_1it_25cpus_120delay_withpc-4 139763620022080
read_file 1567721988.7077618 1567721988.8141053 bigbrain_769_2412_2776.nii 140284210177856
increment_file 1567721988.8563573 1567722004.486732 bigbrain_769_2412_2776.nii 140284210177856
write_file 1567722020.8158162 1567722059.825862 inc-bigbrain_769_2412_2776.nii 140284210177856
task_duration 1567722108.7050862 1567722310.2795649 1567721166-isilonAD_1it_25cpus_120delay_withpc-4 140284210177856
read_file 1567721885.3055058 1567721885.4183707 bigbrain_769_0_2776.nii 140627880429376
increment_file 1567721888.4015229 1567721911.7298656 bigbrain_769_0_2776.nii 140627880429376
write_file 1567721912.9461365 1567721948.0849373 inc-bigbrain_769_0_2776.nii 140627880429376
task_duration 1567722005.302614 1567722193.762109 1567721166-isilonAD_1it_25cpus_120delay_withpc-4 140627880429376
read_file 1567721052.2702708 1567721052.6751442 bigbrain_1538_603_694.nii 139688095909696
increment_file 1567721121.7128513 1567721169.2604887 bigbrain_1538_603_694.nii 139688095909696
write_file 1567721189.0100248 1567721315.8643441 inc-bigbrain_1538_603_694.nii 139688095909696
task_duration 1567721172.180212 1567721556.742128 1567721166-isilonAD_1it_25cpus_120delay_withpc-4 139688095909696
read_file 1567721052.1760356 1567721052.562572 bigbrain_2307_0_2082.nii 140515861387072
increment_file 1567721052.6848068 1567721087.3016942 bigbrain_2307_0_2082.nii 140515861387072
write_file 1567721183.6892357 1567721284.6455312 inc-bigbrain_2307_0_2082.nii 140515861387072
task_duration 1567721172.1697862 1567721548.0552354 1567721166-isilonAD_1it_25cpus_120delay_withpc-4 140515861387072
read_file 1567721052.3609312 1567721052.6798139 bigbrain_1538_1206_2082.nii 140467285878592
increment_file 1567721175.7528236 1567721189.6138256 bigbrain_1538_1206_2082.nii 140467285878592
write_file 1567721257.6964633 1567721325.124287 inc-bigbrain_1538_1206_2082.nii 140467285878592
task_duration 1567721172.1850092 1567721565.2412457 1567721166-isilonAD_1it_25cpus_120delay_withpc-4 140467285878592
read_file 1567721743.9496202 1567721744.4195702 bigbrain_3076_2412_2082.nii 140497947617088
increment_file 1567721746.9702091 1567721771.3361273 bigbrain_3076_2412_2082.nii 140497947617088
write_file 1567721771.3731701 1567721799.492123 inc-bigbrain_3076_2412_2082.nii 140497947617088
task_duration 1567721863.9180286 1567722039.6191874 1567721166-isilonAD_1it_25cpus_120delay_withpc-4 140497947617088
read_file 1567721516.038405 1567721521.045093 bigbrain_2307_2412_2776.nii 140037506033472
increment_file 1567721531.3473997 1567721549.2390935 bigbrain_2307_2412_2776.nii 140037506033472
write_file 1567721571.656245 1567721597.1120787 inc-bigbrain_2307_2412_2776.nii 140037506033472
task_duration 1567721636.0197992 1567721847.0929658 1567721166-isilonAD_1it_25cpus_120delay_withpc-4 140037506033472
read_file 1567721885.3035896 1567721885.4151976 bigbrain_769_1206_0.nii 139623439001408
increment_file 1567721885.4352021 1567721903.6948733 bigbrain_769_1206_0.nii 139623439001408
write_file 1567721912.916762 1567721943.828508 inc-bigbrain_769_1206_0.nii 139623439001408
task_duration 1567722005.30142 1567722193.128625 1567721166-isilonAD_1it_25cpus_120delay_withpc-4 139623439001408
read_file 1567721515.9476957 1567721516.0156252 bigbrain_2307_603_2082.nii 140378106271552
increment_file 1567721517.8081567 1567721533.6119857 bigbrain_2307_603_2082.nii 140378106271552
write_file 1567721558.7571146 1567721587.0525773 inc-bigbrain_2307_603_2082.nii 140378106271552
task_duration 1567721635.934406 1567721837.1165605 1567721166-isilonAD_1it_25cpus_120delay_withpc-4 140378106271552
read_file 1567721840.804419 1567721841.882296 bigbrain_769_0_0.nii 140355159230272
increment_file 1567721843.9242592 1567721859.795574 bigbrain_769_0_0.nii 140355159230272
write_file 1567721865.6661282 1567721883.2231793 inc-bigbrain_769_0_0.nii 140355159230272
task_duration 1567721960.492903 1567722123.343861 1567721166-isilonAD_1it_25cpus_120delay_withpc-4 140355159230272
read_file 1567721052.18994 1567721052.6668293 bigbrain_1538_1809_694.nii 140432707917632
increment_file 1567721081.2352974 1567721132.8872542 bigbrain_1538_1809_694.nii 140432707917632
write_file 1567721187.13754 1567721296.4295628 inc-bigbrain_1538_1809_694.nii 140432707917632
task_duration 1567721172.1773324 1567721546.9946494 1567721166-isilonAD_1it_25cpus_120delay_withpc-4 140432707917632
read_file 1567721663.2602699 1567721667.7968826 bigbrain_3076_1206_2082.nii 139853259028288
increment_file 1567721675.0812488 1567721700.5987828 bigbrain_3076_1206_2082.nii 139853259028288
write_file 1567721708.066435 1567721740.8562825 inc-bigbrain_3076_1206_2082.nii 139853259028288
task_duration 1567721783.2199643 1567721981.8248398 1567721166-isilonAD_1it_25cpus_120delay_withpc-4 139853259028288
read_file 1567721052.1753287 1567721052.5334206 bigbrain_1538_1809_2082.nii 140506081519424
increment_file 1567721052.6825838 1567721087.196263 bigbrain_1538_1809_2082.nii 140506081519424
write_file 1567721182.486037 1567721282.2627912 inc-bigbrain_1538_1809_2082.nii 140506081519424
task_duration 1567721172.1700327 1567721541.538363 1567721166-isilonAD_1it_25cpus_120delay_withpc-4 140506081519424
read_file 1567721912.965283 1567721913.0281546 bigbrain_769_1206_694.nii 140698125563712
increment_file 1567721914.2571788 1567721947.8150446 bigbrain_769_1206_694.nii 140698125563712
write_file 1567721953.6798813 1567721987.2211778 inc-bigbrain_769_1206_694.nii 140698125563712
task_duration 1567722032.948028 1567722227.3510082 1567721166-isilonAD_1it_25cpus_120delay_withpc-4 140698125563712
read_file 1567721988.7568998 1567721988.858005 bigbrain_769_2412_2082.nii 139796672776000
increment_file 1567721995.9556904 1567722019.8815346 bigbrain_769_2412_2082.nii 139796672776000
write_file 1567722021.6196313 1567722058.621922 inc-bigbrain_769_2412_2082.nii 139796672776000
task_duration 1567722108.7460642 1567722309.4767358 1567721166-isilonAD_1it_25cpus_120delay_withpc-4 139796672776000
read_file 1567721429.8063736 1567721429.859697 bigbrain_2307_1206_0.nii 140167244744512
increment_file 1567721429.871707 1567721439.9195387 bigbrain_2307_1206_0.nii 140167244744512
write_file 1567721442.0701368 1567721454.1500614 inc-bigbrain_2307_1206_0.nii 140167244744512
task_duration 1567721549.8029196 1567721696.874458 1567721166-isilonAD_1it_25cpus_120delay_withpc-4 140167244744512
read_file 1567721473.2877002 1567721473.3388233 bigbrain_2307_1206_694.nii 140609929123648
increment_file 1567721473.3596706 1567721478.869957 bigbrain_2307_1206_694.nii 140609929123648
write_file 1567721478.91647 1567721489.2074184 inc-bigbrain_2307_1206_694.nii 140609929123648
task_duration 1567721593.284821 1567721731.3157623 1567721166-isilonAD_1it_25cpus_120delay_withpc-4 140609929123648
read_file 1567721052.1791537 1567721052.669469 bigbrain_1538_2412_2082.nii 140324769703744
increment_file 1567721091.583721 1567721140.3178537 bigbrain_1538_2412_2082.nii 140324769703744
write_file 1567721187.4048595 1567721304.605521 inc-bigbrain_1538_2412_2082.nii 140324769703744
task_duration 1567721172.17468 1567721551.9902034 1567721166-isilonAD_1it_25cpus_120delay_withpc-4 140324769703744
read_file 1567721479.501145 1567721479.545273 bigbrain_2307_1809_0.nii 140135125669696
increment_file 1567721481.27942 1567721491.1999667 bigbrain_2307_1809_0.nii 140135125669696
write_file 1567721491.2617233 1567721502.9021664 inc-bigbrain_2307_1809_0.nii 140135125669696
task_duration 1567721599.4976134 1567721743.0315526 1567721166-isilonAD_1it_25cpus_120delay_withpc-4 140135125669696
read_file 1567721460.6163282 1567721460.6718733 bigbrain_2307_1206_2776.nii 140543377868608
increment_file 1567721460.695365 1567721466.2073605 bigbrain_2307_1206_2776.nii 140543377868608
write_file 1567721466.2674568 1567721472.559025 inc-bigbrain_2307_1206_2776.nii 140543377868608
task_duration 1567721580.6126568 1567721712.6891289 1567721166-isilonAD_1it_25cpus_120delay_withpc-4 140543377868608
read_file 1567721913.036016 1567721916.9032307 bigbrain_769_1809_2776.nii 140187222406976
increment_file 1567721921.7328827 1567721952.0684953 bigbrain_769_1809_2776.nii 140187222406976
write_file 1567721953.6892638 1567721987.223849 inc-bigbrain_769_1809_2776.nii 140187222406976
task_duration 1567722033.020473 1567722227.3519413 1567721166-isilonAD_1it_25cpus_120delay_withpc-4 140187222406976
read_file 1567721674.8013144 1567721681.185044 bigbrain_3076_1809_1388.nii 140424373774144
increment_file 1567721696.3485553 1567721715.2313008 bigbrain_3076_1809_1388.nii 140424373774144
write_file 1567721718.684242 1567721742.5980134 inc-bigbrain_3076_1809_1388.nii 140424373774144
task_duration 1567721794.6492736 1567721982.7137303 1567721166-isilonAD_1it_25cpus_120delay_withpc-4 140424373774144
read_file 1567721743.9491115 1567721744.2856767 bigbrain_3076_1809_694.nii 139762943809344
increment_file 1567721746.162224 1567721771.230557 bigbrain_3076_1809_694.nii 139762943809344
write_file 1567721771.3717437 1567721799.4859288 inc-bigbrain_3076_1809_694.nii 139762943809344
task_duration 1567721863.916952 1567722039.6191556 1567721166-isilonAD_1it_25cpus_120delay_withpc-4 139762943809344
read_file 1567721743.9310696 1567721744.02518 bigbrain_3076_2412_0.nii 139963187828544
increment_file 1567721745.3579226 1567721770.323163 bigbrain_3076_2412_0.nii 139963187828544
write_file 1567721771.3673377 1567721799.482836 inc-bigbrain_3076_2412_0.nii 139963187828544
task_duration 1567721863.9141285 1567722039.6091115 1567721166-isilonAD_1it_25cpus_120delay_withpc-4 139963187828544
read_file 1567721662.165231 1567721663.2160313 bigbrain_3076_1206_1388.nii 139824451348288
increment_file 1567721669.0081847 1567721694.3449721 bigbrain_3076_1206_1388.nii 139824451348288
write_file 1567721706.5312662 1567721739.13423 inc-bigbrain_3076_1206_1388.nii 139824451348288
task_duration 1567721781.98618 1567721980.5677643 1567721166-isilonAD_1it_25cpus_120delay_withpc-4 139824451348288
read_file 1567721052.3601828 1567721052.6784527 bigbrain_1538_1809_2776.nii 140102433720128
increment_file 1567721147.9606948 1567721179.1444297 bigbrain_1538_1809_2776.nii 140102433720128
write_file 1567721189.7187452 1567721324.3934052 inc-bigbrain_1538_1809_2776.nii 140102433720128
task_duration 1567721172.1838913 1567721564.7434754 1567721166-isilonAD_1it_25cpus_120delay_withpc-4 140102433720128
read_file 1567722048.0223186 1567722048.611826 bigbrain_769_603_694.nii 140386620585792
increment_file 1567722049.5708997 1567722070.7869432 bigbrain_769_603_694.nii 140386620585792
write_file 1567722070.813644 1567722098.572166 inc-bigbrain_769_603_694.nii 140386620585792
task_duration 1567722167.760981 1567722338.9375136 1567721166-isilonAD_1it_25cpus_120delay_withpc-4 140386620585792
read_file 1567722022.2309363 1567722022.3064432 bigbrain_769_603_0.nii 139785877600064
increment_file 1567722030.2071962 1567722064.2098203 bigbrain_769_603_0.nii 139785877600064
write_file 1567722070.8072 1567722098.6847384 inc-bigbrain_769_603_0.nii 139785877600064
task_duration 1567722142.2283335 1567722338.9390194 1567721166-isilonAD_1it_25cpus_120delay_withpc-4 139785877600064
read_file 1567721502.5451386 1567721502.9246564 bigbrain_2307_1809_2776.nii 139698510440256
increment_file 1567721502.9437582 1567721509.1987705 bigbrain_2307_1809_2776.nii 139698510440256
write_file 1567721509.2475169 1567721515.3964252 inc-bigbrain_2307_1809_2776.nii 139698510440256
task_duration 1567721622.4473202 1567721755.52183 1567721166-isilonAD_1it_25cpus_120delay_withpc-4 139698510440256
read_file 1567721517.0059614 1567721530.7051573 bigbrain_2307_603_2776.nii 139725982103360
increment_file 1567721541.8461962 1567721566.281417 bigbrain_2307_603_2776.nii 139725982103360
write_file 1567721590.12912 1567721631.124081 inc-bigbrain_2307_603_2776.nii 139725982103360
task_duration 1567721636.6136482 1567721875.5902946 1567721166-isilonAD_1it_25cpus_120delay_withpc-4 139725982103360
read_file 1567721530.0349767 1567721539.8251517 bigbrain_2307_1809_694.nii 139722969761600
increment_file 1567721565.698538 1567721585.290831 bigbrain_2307_1809_694.nii 139722969761600
write_file 1567721597.2362247 1567721639.7934518 inc-bigbrain_2307_1809_694.nii 139722969761600
task_duration 1567721649.107898 1567721881.3913078 1567721166-isilonAD_1it_25cpus_120delay_withpc-4 139722969761600
read_file 1567721052.1745484 1567721052.4782279 bigbrain_1538_1809_0.nii 139687297546048
increment_file 1567721052.6726832 1567721086.0218265 bigbrain_1538_1809_0.nii 139687297546048
write_file 1567721182.0849185 1567721244.7825143 inc-bigbrain_1538_1809_0.nii 139687297546048
task_duration 1567721172.1701136 1567721510.8064272 1567721166-isilonAD_1it_25cpus_120delay_withpc-4 139687297546048
read_file 1567722031.90007 1567722041.4665217 bigbrain_769_603_2776.nii 140576564229952
increment_file 1567722045.8542392 1567722070.2797463 bigbrain_769_603_2776.nii 140576564229952
write_file 1567722070.811026 1567722098.791199 inc-bigbrain_769_603_2776.nii 140576564229952
task_duration 1567722150.9732513 1567722338.939638 1567721166-isilonAD_1it_25cpus_120delay_withpc-4 140576564229952
read_file 1567721917.759834 1567721932.5920475 bigbrain_769_1809_2082.nii 140322694993728
increment_file 1567721935.5623596 1567721953.6531284 bigbrain_769_1809_2082.nii 140322694993728
write_file 1567721953.6934223 1567721987.2190685 inc-bigbrain_769_1809_2082.nii 140322694993728
task_duration 1567722035.9449208 1567722227.3483353 1567721166-isilonAD_1it_25cpus_120delay_withpc-4 140322694993728
read_file 1567721515.918695 1567721516.0005617 bigbrain_2307_2412_0.nii 140394359256896
increment_file 1567721516.0191262 1567721526.676625 bigbrain_2307_2412_0.nii 140394359256896
write_file 1567721536.8566728 1567721566.4512858 inc-bigbrain_2307_2412_0.nii 140394359256896
task_duration 1567721635.916137 1567721824.9846752 1567721166-isilonAD_1it_25cpus_120delay_withpc-4 140394359256896
read_file 1567721052.1771233 1567721052.6489394 bigbrain_1538_1809_1388.nii 140577929373504
increment_file 1567721059.1058435 1567721108.1265142 bigbrain_1538_1809_1388.nii 140577929373504
write_file 1567721186.096085 1567721289.0181086 inc-bigbrain_1538_1809_1388.nii 140577929373504
task_duration 1567721172.172004 1567721544.3969638 1567721166-isilonAD_1it_25cpus_120delay_withpc-4 140577929373504
read_file 1567721052.2345624 1567721052.6708128 bigbrain_1538_2412_1388.nii 140020369368896
increment_file 1567721102.9397051 1567721151.2853355 bigbrain_1538_2412_1388.nii 140020369368896
write_file 1567721187.9395888 1567721310.9654212 inc-bigbrain_1538_2412_1388.nii 140020369368896
task_duration 1567721172.1779146 1567721555.652202 1567721166-isilonAD_1it_25cpus_120delay_withpc-4 140020369368896
read_file 1567721806.7023928 1567721817.4503553 bigbrain_3076_603_2082.nii 139780055263040
increment_file 1567721823.271102 1567721836.4016101 bigbrain_3076_603_2082.nii 139780055263040
write_file 1567721838.7478542 1567721859.0168946 inc-bigbrain_3076_603_2082.nii 139780055263040
task_duration 1567721926.6837397 1567722103.8982828 1567721166-isilonAD_1it_25cpus_120delay_withpc-4 139780055263040
read_file 1567721743.9091883 1567721743.9251838 bigbrain_3076_2412_2776.nii 139764043659072
increment_file 1567721743.9633708 1567721763.691257 bigbrain_3076_2412_2776.nii 139764043659072
write_file 1567721771.3611476 1567721799.48887 inc-bigbrain_3076_2412_2776.nii 139764043659072
task_duration 1567721863.9066136 1567722039.6192558 1567721166-isilonAD_1it_25cpus_120delay_withpc-4 139764043659072
read_file 1567721801.380363 1567721804.2591987 bigbrain_3076_603_2776.nii 140676510885696
increment_file 1567721806.4341822 1567721820.340294 bigbrain_3076_603_2776.nii 140676510885696
write_file 1567721825.4088056 1567721839.7715461 inc-bigbrain_3076_603_2776.nii 140676510885696
task_duration 1567721921.1243052 1567722084.3333738 1567721166-isilonAD_1it_25cpus_120delay_withpc-4 140676510885696
read_file 1567721646.6535692 1567721646.7300532 bigbrain_3076_0_2776.nii 140452157433664
increment_file 1567721646.7477486 1567721660.7949755 bigbrain_3076_0_2776.nii 140452157433664
write_file 1567721663.2085414 1567721684.7073514 inc-bigbrain_3076_0_2776.nii 140452157433664
task_duration 1567721766.650446 1567721938.5498345 1567721166-isilonAD_1it_25cpus_120delay_withpc-4 140452157433664
read_file 1567721052.2881372 1567721052.6757503 bigbrain_1538_603_2082.nii 140000415962944
increment_file 1567721125.6951697 1567721170.434881 bigbrain_1538_603_2082.nii 140000415962944
write_file 1567721189.1814084 1567721317.3419228 inc-bigbrain_1538_603_2082.nii 140000415962944
task_duration 1567721172.181783 1567721557.9004548 1567721166-isilonAD_1it_25cpus_120delay_withpc-4 140000415962944
read_file 1567721885.326582 1567721885.4260101 bigbrain_769_1206_2082.nii 140196222744384
increment_file 1567721893.2455847 1567721912.9140098 bigbrain_769_1206_2082.nii 140196222744384
write_file 1567721912.9665518 1567721949.402227 inc-bigbrain_769_1206_2082.nii 140196222744384
task_duration 1567722005.3084443 1567722193.7641027 1567721166-isilonAD_1it_25cpus_120delay_withpc-4 140196222744384
read_file 1567721516.2035384 1567721528.2807698 bigbrain_2307_2412_1388.nii 140224324585280
increment_file 1567721535.2412243 1567721556.3107588 bigbrain_2307_2412_1388.nii 140224324585280
write_file 1567721573.2497838 1567721616.9129918 inc-bigbrain_2307_2412_1388.nii 140224324585280
task_duration 1567721636.0531673 1567721869.4726608 1567721166-isilonAD_1it_25cpus_120delay_withpc-4 140224324585280
read_file 1567721988.735262 1567721988.8350842 bigbrain_769_2412_694.nii 140600139745088
increment_file 1567721989.1373713 1567722012.4518735 bigbrain_769_2412_694.nii 140600139745088
write_file 1567722021.59167 1567722061.0287235 inc-bigbrain_769_2412_694.nii 140600139745088
task_duration 1567722108.7211494 1567722310.6531117 1567721166-isilonAD_1it_25cpus_120delay_withpc-4 140600139745088
read_file 1567721743.9124286 1567721744.0093656 bigbrain_3076_2412_1388.nii 140255262308160
increment_file 1567721744.5527968 1567721767.5434268 bigbrain_3076_2412_1388.nii 140255262308160
write_file 1567721771.367973 1567721799.4871416 inc-bigbrain_3076_2412_1388.nii 140255262308160
task_duration 1567721863.9096181 1567722039.6089518 1567721166-isilonAD_1it_25cpus_120delay_withpc-4 140255262308160
read_file 1567721521.043583 1567721534.8389506 bigbrain_2307_603_0.nii 140493916006208
increment_file 1567721553.8373773 1567721575.1159565 bigbrain_2307_603_0.nii 140493916006208
write_file 1567721596.785736 1567721636.782767 inc-bigbrain_2307_603_0.nii 140493916006208
task_duration 1567721640.535545 1567721879.2038605 1567721166-isilonAD_1it_25cpus_120delay_withpc-4 140493916006208
read_file 1567721885.3044136 1567721885.4178078 bigbrain_769_0_694.nii 139886820996928
increment_file 1567721885.710182 1567721908.3821287 bigbrain_769_0_694.nii 139886820996928
write_file 1567721912.9377856 1567721946.227359 inc-bigbrain_769_0_694.nii 139886820996928
task_duration 1567722005.3020754 1567722193.7654428 1567721166-isilonAD_1it_25cpus_120delay_withpc-4 139886820996928
read_file 1567721988.7361772 1567721988.8442798 bigbrain_769_2412_0.nii 140673133827904
increment_file 1567721991.8113258 1567722016.5672169 bigbrain_769_2412_0.nii 140673133827904
write_file 1567722021.6130655 1567722056.2106376 inc-bigbrain_769_2412_0.nii 140673133827904
task_duration 1567722108.72171 1567722309.084514 1567721166-isilonAD_1it_25cpus_120delay_withpc-4 140673133827904
read_file 1567721539.2846344 1567721556.506928 bigbrain_2307_603_694.nii 139649959860032
increment_file 1567721572.848764 1567721592.631728 bigbrain_2307_603_694.nii 139649959860032
write_file 1567721600.137128 1567721641.4209893 inc-bigbrain_2307_603_694.nii 139649959860032
task_duration 1567721658.4840715 1567721882.6867626 1567721166-isilonAD_1it_25cpus_120delay_withpc-4 139649959860032
read_file 1567721663.2138627 1567721666.805469 bigbrain_3076_1206_694.nii 140276914149184
increment_file 1567721673.6259813 1567721699.7435443 bigbrain_3076_1206_694.nii 140276914149184
write_file 1567721706.9470758 1567721740.3694997 inc-bigbrain_3076_1206_694.nii 140276914149184
task_duration 1567721783.2103288 1567721981.3196235 1567721166-isilonAD_1it_25cpus_120delay_withpc-4 140276914149184
read_file 1567721052.3606465 1567721052.6791692 bigbrain_1538_1206_0.nii 140066740148032
increment_file 1567721155.028655 1567721186.2027705 bigbrain_1538_1206_0.nii 140066740148032
write_file 1567721191.0022745 1567721324.9887166 inc-bigbrain_1538_1206_0.nii 140066740148032
task_duration 1567721172.1841676 1567721565.2238178 1567721166-isilonAD_1it_25cpus_120delay_withpc-4 140066740148032
read_file 1567722022.2533908 1567722029.1479104 bigbrain_769_603_1388.nii 139930200233792
increment_file 1567722034.4242995 1567722066.8616102 bigbrain_769_603_1388.nii 139930200233792
write_file 1567722070.8079708 1567722098.8298678 inc-bigbrain_769_603_1388.nii 139930200233792
task_duration 1567722142.2356198 1567722338.9428768 1567721166-isilonAD_1it_25cpus_120delay_withpc-4 139930200233792
read_file 1567721912.964905 1567721913.0183806 bigbrain_769_1206_2776.nii 140026687485760
increment_file 1567721913.294197 1567721945.9588783 bigbrain_769_1206_2776.nii 140026687485760
write_file 1567721953.6590445 1567721987.2232647 inc-bigbrain_769_1206_2776.nii 140026687485760
task_duration 1567722032.9488847 1567722227.3493767 1567721166-isilonAD_1it_25cpus_120delay_withpc-4 140026687485760
read_file 1567722022.2540612 1567722030.056892 bigbrain_769_603_2082.nii 140286215128896
increment_file 1567722035.378937 1567722067.3680134 bigbrain_769_603_2082.nii 140286215128896
write_file 1567722070.8104491 1567722098.7382064 inc-bigbrain_769_603_2082.nii 140286215128896
task_duration 1567722142.236892 1567722338.939714 1567721166-isilonAD_1it_25cpus_120delay_withpc-4 140286215128896
read_file 1567721912.940557 1567721912.9843268 bigbrain_769_1809_0.nii 140663938983744
increment_file 1567721913.0361476 1567721940.1096718 bigbrain_769_1809_0.nii 140663938983744
write_file 1567721953.6576731 1567721987.2174497 inc-bigbrain_769_1809_0.nii 140663938983744
task_duration 1567722032.9382293 1567722227.3481045 1567721166-isilonAD_1it_25cpus_120delay_withpc-4 140663938983744
read_file 1567721516.0100234 1567721517.1411293 bigbrain_2307_603_1388.nii 139668407502656
increment_file 1567721527.4768584 1567721543.1634486 bigbrain_2307_603_1388.nii 139668407502656
write_file 1567721570.3088222 1567721593.0452368 inc-bigbrain_2307_603_1388.nii 139668407502656
task_duration 1567721636.0074515 1567721840.3749352 1567721166-isilonAD_1it_25cpus_120delay_withpc-4 139668407502656
read_file 1567721429.8117893 1567721429.8696506 bigbrain_2307_1206_1388.nii 140118340114240
increment_file 1567721429.881858 1567721440.835917 bigbrain_2307_1206_1388.nii 140118340114240
write_file 1567721442.2038438 1567721457.820469 inc-bigbrain_2307_1206_1388.nii 140118340114240
task_duration 1567721549.8082547 1567721699.6499026 1567721166-isilonAD_1it_25cpus_120delay_withpc-4 140118340114240
read_file 1567721052.1794853 1567721052.670086 bigbrain_1538_2412_2776.nii 140414166771520
increment_file 1567721099.0780625 1567721147.9624789 bigbrain_1538_2412_2776.nii 140414166771520
write_file 1567721187.6722493 1567721306.4324756 inc-bigbrain_1538_2412_2776.nii 140414166771520
task_duration 1567721172.174273 1567721550.7860286 1567721166-isilonAD_1it_25cpus_120delay_withpc-4 140414166771520
read_file 1567721646.9432685 1567721661.1701927 bigbrain_3076_1206_0.nii 139709236160320
increment_file 1567721663.200395 1567721674.1285188 bigbrain_3076_1206_0.nii 139709236160320
write_file 1567721689.6835902 1567721705.2129796 inc-bigbrain_3076_1206_0.nii 139709236160320
task_duration 1567721766.7730312 1567721948.6091084 1567721166-isilonAD_1it_25cpus_120delay_withpc-4 139709236160320
read_file 1567721803.430623 1567721806.6768668 bigbrain_3076_603_1388.nii 140088712279872
increment_file 1567721808.8386762 1567721824.050273 bigbrain_3076_603_1388.nii 140088712279872
write_file 1567721827.4312797 1567721853.4447258 inc-bigbrain_3076_603_1388.nii 140088712279872
task_duration 1567721923.1691673 1567722097.91155 1567721166-isilonAD_1it_25cpus_120delay_withpc-4 140088712279872
read_file 1567721479.4595833 1567721479.5043745 bigbrain_2307_1809_1388.nii 140299446413120
increment_file 1567721479.5409 1567721488.3998723 bigbrain_2307_1809_1388.nii 140299446413120
write_file 1567721491.2273092 1567721502.9057813 inc-bigbrain_2307_1809_1388.nii 140299446413120
task_duration 1567721599.4561327 1567721743.0394332 1567721166-isilonAD_1it_25cpus_120delay_withpc-4 140299446413120
read_file 1567721052.359524 1567721052.6778195 bigbrain_1538_1206_694.nii 140593879955264
increment_file 1567721143.9503145 1567721178.5054262 bigbrain_1538_1206_694.nii 140593879955264
write_file 1567721189.665378 1567721323.602085 inc-bigbrain_1538_1206_694.nii 140593879955264
task_duration 1567721172.1831856 1567721563.982549 1567721166-isilonAD_1it_25cpus_120delay_withpc-4 140593879955264
read_file 1567721052.1768022 1567721052.645073 bigbrain_1538_603_1388.nii 139959463147328
increment_file 1567721053.7580822 1567721097.454482 bigbrain_1538_603_1388.nii 139959463147328
write_file 1567721185.2935739 1567721287.4853177 inc-bigbrain_1538_603_1388.nii 139959463147328
task_duration 1567721172.169731 1567721537.2890158 1567721166-isilonAD_1it_25cpus_120delay_withpc-4 139959463147328
read_file 1567721491.2267525 1567721491.2714198 bigbrain_2307_1809_2082.nii 140505318557504
increment_file 1567721491.2895405 1567721502.6055384 bigbrain_2307_1809_2082.nii 140505318557504
write_file 1567721502.9433405 1567721509.211699 inc-bigbrain_2307_1809_2082.nii 140505318557504
task_duration 1567721611.2226346 1567721749.3375432 1567721166-isilonAD_1it_25cpus_120delay_withpc-4 140505318557504
read_file 1567721668.4352114 1567721670.621062 bigbrain_3076_1809_2082.nii 140380223682368
increment_file 1567721675.8461003 1567721702.784148 bigbrain_3076_1809_2082.nii 140380223682368
write_file 1567721708.6321313 1567721740.9540749 inc-bigbrain_3076_1809_2082.nii 140380223682368
task_duration 1567721788.1096725 1567721981.934769 1567721166-isilonAD_1it_25cpus_120delay_withpc-4 140380223682368
read_file 1567721052.1781194 1567721052.6514492 bigbrain_2307_0_1388.nii 139698984470336
increment_file 1567721067.708968 1567721121.7146645 bigbrain_2307_0_1388.nii 139698984470336
write_file 1567721186.869868 1567721290.3625076 inc-bigbrain_2307_0_1388.nii 139698984470336
task_duration 1567721172.1743672 1567721536.230714 1567721166-isilonAD_1it_25cpus_120delay_withpc-4 139698984470336
read_file 1567721052.1784165 1567721052.6548114 bigbrain_1538_0_694.nii 140056879114048
increment_file 1567721072.9447842 1567721125.5630326 bigbrain_1538_0_694.nii 140056879114048
write_file 1567721187.003708 1567721295.520434 inc-bigbrain_1538_0_694.nii 140056879114048
task_duration 1567721172.1743484 1567721543.3552139 1567721166-isilonAD_1it_25cpus_120delay_withpc-4 140056879114048
read_file 1567721052.177813 1567721052.6468537 bigbrain_1538_0_2776.nii 140559167203136
increment_file 1567721056.0310557 1567721102.9414463 bigbrain_1538_0_2776.nii 140559167203136
write_file 1567721185.6945384 1567721288.2516787 inc-bigbrain_1538_0_2776.nii 140559167203136
task_duration 1567721172.1733608 1567721537.8864434 1567721166-isilonAD_1it_25cpus_120delay_withpc-4 140559167203136
read_file 1567721052.1788216 1567721052.6687768 bigbrain_1538_1206_2776.nii 140608604804928
increment_file 1567721086.0200114 1567721137.0041046 bigbrain_1538_1206_2776.nii 140608604804928
write_file 1567721187.2711167 1567721305.6571896 inc-bigbrain_1538_1206_2776.nii 140608604804928
task_duration 1567721172.1746588 1567721554.117752 1567721166-isilonAD_1it_25cpus_120delay_withpc-4 140608604804928
read_file 1567721802.332266 1567721805.4919674 bigbrain_3076_603_694.nii 139963039516480
increment_file 1567721806.6802886 1567721821.7909417 bigbrain_3076_603_694.nii 139963039516480
write_file 1567721825.814044 1567721848.7104633 inc-bigbrain_3076_603_694.nii 139963039516480
task_duration 1567721922.071921 1567722090.4386141 1567721166-isilonAD_1it_25cpus_120delay_withpc-4 139963039516480
read_file 1567721391.782306 1567721391.8041668 bigbrain_2307_0_2776.nii 139689026758464
increment_file 1567721391.8121178 1567721397.2751021 bigbrain_2307_0_2776.nii 139689026758464
write_file 1567721397.298985 1567721403.4141006 inc-bigbrain_2307_0_2776.nii 139689026758464
task_duration 1567721511.7789197 1567721643.5221334 1567721166-isilonAD_1it_25cpus_120delay_withpc-4 139689026758464
read_file 1567721988.8216958 1567721988.8683279 bigbrain_769_1809_694.nii 140357443872576
increment_file 1567722002.9077137 1567722021.5907047 bigbrain_769_1809_694.nii 140357443872576
write_file 1567722021.6278036 1567722062.2319689 inc-bigbrain_769_1809_694.nii 140357443872576
task_duration 1567722108.8072639 1567722310.7869704 1567721166-isilonAD_1it_25cpus_120delay_withpc-4 140357443872576
read_file 1567721539.958482 1567721557.9992592 bigbrain_3076_0_2082.nii 140058056341312
increment_file 1567721574.4528494 1567721594.6453395 bigbrain_3076_0_2082.nii 140058056341312
write_file 1567721603.491491 1567721641.4656868 inc-bigbrain_3076_0_2082.nii 140058056341312
task_duration 1567721659.1587481 1567721882.7271454 1567721166-isilonAD_1it_25cpus_120delay_withpc-4 140058056341312
read_file 1567721417.1460836 1567721417.1628737 bigbrain_2307_0_694.nii 140203776055104
increment_file 1567721417.170537 1567721422.638658 bigbrain_2307_0_694.nii 140203776055104
write_file 1567721422.6673782 1567721428.804696 inc-bigbrain_2307_0_694.nii 140203776055104
task_duration 1567721537.1436677 1567721668.9285617 1567721166-isilonAD_1it_25cpus_120delay_withpc-4 140203776055104
read_file 1567721913.009564 1567721913.0429883 bigbrain_769_1809_1388.nii 140553788442432
increment_file 1567721918.500687 1567721949.1332905 bigbrain_769_1809_1388.nii 140553788442432
write_file 1567721953.681923 1567721987.2199938 inc-bigbrain_769_1809_1388.nii 140553788442432
task_duration 1567722032.9798021 1567722227.3495877 1567721166-isilonAD_1it_25cpus_120delay_withpc-4 140553788442432
read_file 1567721052.3417091 1567721052.6769507 bigbrain_1538_2412_694.nii 140599264597824
increment_file 1567721137.0027428 1567721175.9933481 bigbrain_1538_2412_694.nii 140599264597824
write_file 1567721189.4963284 1567721321.6159325 inc-bigbrain_1538_2412_694.nii 140599264597824
task_duration 1567721172.1835518 1567721562.032608 1567721166-isilonAD_1it_25cpus_120delay_withpc-4 140599264597824
read_file 1567721052.3059971 1567721052.676444 bigbrain_1538_603_2776.nii 140240168281920
increment_file 1567721132.8861735 1567721174.5512578 bigbrain_1538_603_2776.nii 140240168281920
write_file 1567721189.3427691 1567721319.202568 inc-bigbrain_1538_603_2776.nii 140240168281920
task_duration 1567721172.182846 1567721559.8390677 1567721166-isilonAD_1it_25cpus_120delay_withpc-4 140240168281920
read_file 1567721543.9711068 1567721561.6819994 bigbrain_2307_2412_2082.nii 140267832805184
increment_file 1567721580.6650329 1567721602.2601357 bigbrain_2307_2412_2082.nii 140267832805184
write_file 1567721624.52291 1567721643.8529017 inc-bigbrain_2307_2412_2082.nii 140267832805184
task_duration 1567721663.171757 1567721883.9763649 1567721166-isilonAD_1it_25cpus_120delay_withpc-4 140267832805184
