read_file 1567637929.8688173 1567637929.869867 bigbrain_769_603_694.nii 140108955670336
increment_file 1567637929.8700001 1567637930.2447536 bigbrain_769_603_694.nii 140108955670336
write_file 1567637930.253651 1567637930.682992 inc-bigbrain_769_603_694.nii 140108955670336
task_duration 1567637929.8674245 1567637930.6856263 1567637359-tmpfsAD_1it_96cpus_0delay_npc-1 140108955670336
read_file 1567637926.454671 1567637926.4760659 bigbrain_769_603_2082.nii 139902751754048
increment_file 1567637926.476997 1567637928.1433935 bigbrain_769_603_2082.nii 139902751754048
write_file 1567637928.1693397 1567637929.6001644 inc-bigbrain_769_603_2082.nii 139902751754048
task_duration 1567637926.4476233 1567637929.6034598 1567637359-tmpfsAD_1it_96cpus_0delay_npc-1 139902751754048
read_file 1567637926.4658234 1567637926.4730606 bigbrain_769_2412_2082.nii 139781113399104
increment_file 1567637926.474157 1567637927.7966478 bigbrain_769_2412_2082.nii 139781113399104
write_file 1567637927.8356278 1567637928.9249704 inc-bigbrain_769_2412_2082.nii 139781113399104
task_duration 1567637926.4588926 1567637928.9298644 1567637359-tmpfsAD_1it_96cpus_0delay_npc-1 139781113399104
read_file 1567637926.4614835 1567637926.4672167 bigbrain_769_1809_0.nii 140152355297088
increment_file 1567637926.4681618 1567637927.7740364 bigbrain_769_1809_0.nii 140152355297088
write_file 1567637927.8095095 1567637928.961833 inc-bigbrain_769_1809_0.nii 140152355297088
task_duration 1567637926.4561272 1567637928.9665926 1567637359-tmpfsAD_1it_96cpus_0delay_npc-1 140152355297088
read_file 1567637926.4268692 1567637926.4322145 bigbrain_769_603_1388.nii 140672338872128
increment_file 1567637926.4330494 1567637927.7381673 bigbrain_769_603_1388.nii 140672338872128
write_file 1567637927.7726598 1567637928.90598 inc-bigbrain_769_603_1388.nii 140672338872128
task_duration 1567637926.4232423 1567637928.9104018 1567637359-tmpfsAD_1it_96cpus_0delay_npc-1 140672338872128
read_file 1567637926.4103868 1567637926.4166903 bigbrain_3076_603_0.nii 139898344728384
increment_file 1567637926.4176497 1567637928.1437182 bigbrain_3076_603_0.nii 139898344728384
write_file 1567637928.1692083 1567637929.5864131 inc-bigbrain_3076_603_0.nii 139898344728384
task_duration 1567637926.4049878 1567637929.5903075 1567637359-tmpfsAD_1it_96cpus_0delay_npc-1 139898344728384
read_file 1567637926.3931923 1567637926.3999534 bigbrain_769_2412_2776.nii 140421074724672
increment_file 1567637926.4010859 1567637928.122174 bigbrain_769_2412_2776.nii 140421074724672
write_file 1567637928.1468222 1567637929.5972 inc-bigbrain_769_2412_2776.nii 140421074724672
task_duration 1567637926.3864396 1567637929.6003144 1567637359-tmpfsAD_1it_96cpus_0delay_npc-1 140421074724672
read_file 1567637926.3944607 1567637926.3985703 bigbrain_769_2412_1388.nii 139697976141632
increment_file 1567637926.3991497 1567637927.7173057 bigbrain_769_2412_1388.nii 139697976141632
write_file 1567637927.7433481 1567637928.9160056 inc-bigbrain_769_2412_1388.nii 139697976141632
task_duration 1567637926.3910904 1567637928.9214659 1567637359-tmpfsAD_1it_96cpus_0delay_npc-1 139697976141632
read_file 1567637926.3805175 1567637926.386953 bigbrain_3076_2412_2776.nii 140286361102144
increment_file 1567637926.387882 1567637927.7870946 bigbrain_3076_2412_2776.nii 140286361102144
write_file 1567637927.8185112 1567637928.9866247 inc-bigbrain_3076_2412_2776.nii 140286361102144
task_duration 1567637926.3750522 1567637928.989787 1567637359-tmpfsAD_1it_96cpus_0delay_npc-1 140286361102144
read_file 1567637926.3715563 1567637926.3808143 bigbrain_2307_1809_694.nii 140584610727744
increment_file 1567637926.381439 1567637927.7316785 bigbrain_2307_1809_694.nii 140584610727744
write_file 1567637927.7620804 1567637928.8710685 inc-bigbrain_2307_1809_694.nii 140584610727744
task_duration 1567637926.3689773 1567637928.8754067 1567637359-tmpfsAD_1it_96cpus_0delay_npc-1 140584610727744
read_file 1567637926.3634796 1567637926.3675673 bigbrain_769_1809_2082.nii 140632505771840
increment_file 1567637926.3683486 1567637927.6941879 bigbrain_769_1809_2082.nii 140632505771840
write_file 1567637927.721374 1567637928.941178 inc-bigbrain_769_1809_2082.nii 140632505771840
task_duration 1567637926.3588283 1567637928.9525754 1567637359-tmpfsAD_1it_96cpus_0delay_npc-1 140632505771840
read_file 1567637926.3586402 1567637926.3629658 bigbrain_769_0_2082.nii 140441362106176
increment_file 1567637926.363495 1567637927.6888082 bigbrain_769_0_2082.nii 140441362106176
write_file 1567637927.7163756 1567637928.8521876 inc-bigbrain_769_0_2082.nii 140441362106176
task_duration 1567637926.3546174 1567637928.8571296 1567637359-tmpfsAD_1it_96cpus_0delay_npc-1 140441362106176
read_file 1567637926.3517938 1567637926.3566232 bigbrain_3076_603_2776.nii 140343215003456
increment_file 1567637926.3573892 1567637927.7018428 bigbrain_3076_603_2776.nii 140343215003456
write_file 1567637927.736162 1567637928.9229586 inc-bigbrain_3076_603_2776.nii 140343215003456
task_duration 1567637926.347763 1567637928.9276752 1567637359-tmpfsAD_1it_96cpus_0delay_npc-1 140343215003456
read_file 1567637926.3242357 1567637926.3298407 bigbrain_769_1809_1388.nii 140378560476992
increment_file 1567637926.330689 1567637928.050106 bigbrain_769_1809_1388.nii 140378560476992
write_file 1567637928.0768144 1567637929.5204961 inc-bigbrain_769_1809_1388.nii 140378560476992
task_duration 1567637926.317393 1567637929.526204 1567637359-tmpfsAD_1it_96cpus_0delay_npc-1 140378560476992
read_file 1567637926.321988 1567637926.328735 bigbrain_769_1206_2082.nii 140438293583680
increment_file 1567637926.329527 1567637928.0994792 bigbrain_769_1206_2082.nii 140438293583680
write_file 1567637928.1260648 1567637929.6193485 inc-bigbrain_769_1206_2082.nii 140438293583680
task_duration 1567637926.3163428 1567637929.623058 1567637359-tmpfsAD_1it_96cpus_0delay_npc-1 140438293583680
read_file 1567637926.3120615 1567637926.3155732 bigbrain_3076_603_694.nii 140430112319296
increment_file 1567637926.316144 1567637927.6514914 bigbrain_3076_603_694.nii 140430112319296
write_file 1567637927.6902323 1567637928.9359167 inc-bigbrain_3076_603_694.nii 140430112319296
task_duration 1567637926.3090365 1567637928.9407375 1567637359-tmpfsAD_1it_96cpus_0delay_npc-1 140430112319296
read_file 1567637926.2969398 1567637926.3010736 bigbrain_3076_0_694.nii 139837911779136
increment_file 1567637926.3016763 1567637927.631453 bigbrain_3076_0_694.nii 139837911779136
write_file 1567637927.6595004 1567637928.8985813 inc-bigbrain_3076_0_694.nii 139837911779136
task_duration 1567637926.2937768 1567637928.9030416 1567637359-tmpfsAD_1it_96cpus_0delay_npc-1 139837911779136
read_file 1567637926.2908068 1567637926.2951183 bigbrain_769_603_2776.nii 139726004700992
increment_file 1567637926.2956073 1567637927.626425 bigbrain_769_603_2776.nii 139726004700992
write_file 1567637927.6549482 1567637928.9019182 inc-bigbrain_769_603_2776.nii 139726004700992
task_duration 1567637926.2880435 1567637928.9059665 1567637359-tmpfsAD_1it_96cpus_0delay_npc-1 139726004700992
read_file 1567637926.2798991 1567637926.2853255 bigbrain_3076_1809_1388.nii 139826450003776
increment_file 1567637926.2860637 1567637928.0751503 bigbrain_3076_1809_1388.nii 139826450003776
write_file 1567637928.099465 1567637929.598793 inc-bigbrain_3076_1809_1388.nii 139826450003776
task_duration 1567637926.2751956 1567637929.6023614 1567637359-tmpfsAD_1it_96cpus_0delay_npc-1 139826450003776
read_file 1567637926.2758338 1567637926.282594 bigbrain_769_1206_2776.nii 140220268992320
increment_file 1567637926.2835813 1567637928.0285425 bigbrain_769_1206_2776.nii 140220268992320
write_file 1567637928.0524123 1567637929.517543 inc-bigbrain_769_1206_2776.nii 140220268992320
task_duration 1567637926.2697997 1567637929.522986 1567637359-tmpfsAD_1it_96cpus_0delay_npc-1 140220268992320
read_file 1567637926.271577 1567637926.2740276 bigbrain_3076_603_2082.nii 140528610645824
increment_file 1567637926.274474 1567637927.5977545 bigbrain_3076_603_2082.nii 140528610645824
write_file 1567637927.6237519 1567637928.8653486 inc-bigbrain_3076_603_2082.nii 140528610645824
task_duration 1567637926.2688687 1567637928.86923 1567637359-tmpfsAD_1it_96cpus_0delay_npc-1 140528610645824
read_file 1567637926.2687352 1567637926.2735226 bigbrain_769_2412_0.nii 139736012732224
increment_file 1567637926.274376 1567637928.038625 bigbrain_769_2412_0.nii 139736012732224
write_file 1567637928.0648446 1567637929.5243955 inc-bigbrain_769_2412_0.nii 139736012732224
task_duration 1567637926.2641106 1567637929.529299 1567637359-tmpfsAD_1it_96cpus_0delay_npc-1 139736012732224
read_file 1567637926.2687418 1567637926.270737 bigbrain_769_603_0.nii 140293904492352
increment_file 1567637926.2710361 1567637927.5562544 bigbrain_769_603_0.nii 140293904492352
write_file 1567637927.5837433 1567637928.8080611 inc-bigbrain_769_603_0.nii 140293904492352
task_duration 1567637926.2668028 1567637928.814883 1567637359-tmpfsAD_1it_96cpus_0delay_npc-1 140293904492352
read_file 1567637926.262661 1567637926.2674947 bigbrain_769_1809_694.nii 139829437220672
increment_file 1567637926.2680056 1567637928.0722601 bigbrain_769_1809_694.nii 139829437220672
write_file 1567637928.0942788 1567637929.6077685 inc-bigbrain_769_1809_694.nii 139829437220672
task_duration 1567637926.259064 1567637929.6107926 1567637359-tmpfsAD_1it_96cpus_0delay_npc-1 139829437220672
read_file 1567637926.2620356 1567637926.2670007 bigbrain_2307_2412_694.nii 140069849151296
increment_file 1567637926.267636 1567637927.5960321 bigbrain_2307_2412_694.nii 140069849151296
write_file 1567637927.6274846 1567637928.871857 inc-bigbrain_2307_2412_694.nii 140069849151296
task_duration 1567637926.2578297 1567637928.8819048 1567637359-tmpfsAD_1it_96cpus_0delay_npc-1 140069849151296
read_file 1567637926.2599895 1567637926.2655087 bigbrain_769_2412_694.nii 140446011959104
increment_file 1567637926.2663617 1567637928.0597403 bigbrain_769_2412_694.nii 140446011959104
write_file 1567637928.0864604 1567637929.5039036 inc-bigbrain_769_2412_694.nii 140446011959104
task_duration 1567637926.2542598 1567637929.5098782 1567637359-tmpfsAD_1it_96cpus_0delay_npc-1 140446011959104
read_file 1567637926.254466 1567637926.257252 bigbrain_769_1206_1388.nii 139677479810880
increment_file 1567637926.2576714 1567637927.5730176 bigbrain_769_1206_1388.nii 139677479810880
write_file 1567637927.5999591 1567637928.8174047 inc-bigbrain_769_1206_1388.nii 139677479810880
task_duration 1567637926.2519345 1567637928.8223958 1567637359-tmpfsAD_1it_96cpus_0delay_npc-1 139677479810880
read_file 1567637926.2292776 1567637926.236112 bigbrain_769_1206_694.nii 140351276762944
increment_file 1567637926.2373142 1567637928.0353658 bigbrain_769_1206_694.nii 140351276762944
write_file 1567637928.061448 1567637929.5706818 inc-bigbrain_769_1206_694.nii 140351276762944
task_duration 1567637926.2210555 1567637929.5740867 1567637359-tmpfsAD_1it_96cpus_0delay_npc-1 140351276762944
read_file 1567637926.2167823 1567637926.2234266 bigbrain_3076_603_1388.nii 140515788515136
increment_file 1567637926.224381 1567637927.52665 bigbrain_3076_603_1388.nii 140515788515136
write_file 1567637927.556495 1567637928.8675902 inc-bigbrain_3076_603_1388.nii 140515788515136
task_duration 1567637926.2114246 1567637928.8746326 1567637359-tmpfsAD_1it_96cpus_0delay_npc-1 140515788515136
read_file 1567637926.209651 1567637926.2131846 bigbrain_3076_2412_2082.nii 139966710974272
increment_file 1567637926.2136657 1567637927.533519 bigbrain_3076_2412_2082.nii 139966710974272
write_file 1567637927.5633519 1567637928.903239 inc-bigbrain_3076_2412_2082.nii 139966710974272
task_duration 1567637926.2068455 1567637928.9069698 1567637359-tmpfsAD_1it_96cpus_0delay_npc-1 139966710974272
read_file 1567637926.1794105 1567637926.1838815 bigbrain_2307_603_2776.nii 140048657938240
increment_file 1567637926.184569 1567637928.0098855 bigbrain_2307_603_2776.nii 140048657938240
write_file 1567637928.037119 1567637929.5371633 inc-bigbrain_2307_603_2776.nii 140048657938240
task_duration 1567637926.174452 1567637929.5432665 1567637359-tmpfsAD_1it_96cpus_0delay_npc-1 140048657938240
read_file 1567637926.1676636 1567637926.1722395 bigbrain_769_0_1388.nii 140288265369408
increment_file 1567637926.1729677 1567637928.050452 bigbrain_769_0_1388.nii 140288265369408
write_file 1567637928.0773768 1567637929.5561213 inc-bigbrain_769_0_1388.nii 140288265369408
task_duration 1567637926.1634104 1567637929.5602393 1567637359-tmpfsAD_1it_96cpus_0delay_npc-1 140288265369408
read_file 1567637926.1632843 1567637926.1679602 bigbrain_3076_0_2776.nii 140184475490112
increment_file 1567637926.168573 1567637928.0045512 bigbrain_3076_0_2776.nii 140184475490112
write_file 1567637928.0297594 1567637929.5294628 inc-bigbrain_3076_0_2776.nii 140184475490112
task_duration 1567637926.1591916 1567637929.5351994 1567637359-tmpfsAD_1it_96cpus_0delay_npc-1 140184475490112
read_file 1567637926.1621559 1567637926.167336 bigbrain_3076_0_2082.nii 139882785662784
increment_file 1567637926.168167 1567637927.9830475 bigbrain_3076_0_2082.nii 139882785662784
write_file 1567637928.0094237 1567637929.4730353 inc-bigbrain_3076_0_2082.nii 139882785662784
task_duration 1567637926.1561413 1567637929.4781315 1567637359-tmpfsAD_1it_96cpus_0delay_npc-1 139882785662784
read_file 1567637926.1600304 1567637926.1650207 bigbrain_3076_2412_694.nii 139655720507200
increment_file 1567637926.1656256 1567637928.012243 bigbrain_3076_2412_694.nii 139655720507200
write_file 1567637928.038479 1567637929.563884 inc-bigbrain_3076_2412_694.nii 139655720507200
task_duration 1567637926.1558275 1567637929.5684745 1567637359-tmpfsAD_1it_96cpus_0delay_npc-1 139655720507200
read_file 1567637926.1624978 1567637926.1647542 bigbrain_3076_0_0.nii 139927286232896
increment_file 1567637926.1651888 1567637927.4563444 bigbrain_3076_0_0.nii 139927286232896
write_file 1567637927.4837499 1567637928.8281941 inc-bigbrain_3076_0_0.nii 139927286232896
task_duration 1567637926.1599574 1567637928.8419635 1567637359-tmpfsAD_1it_96cpus_0delay_npc-1 139927286232896
read_file 1567637926.12268 1567637926.1266792 bigbrain_3076_1809_2082.nii 140257228412736
increment_file 1567637926.1274428 1567637927.4343948 bigbrain_3076_1809_2082.nii 140257228412736
write_file 1567637927.4626653 1567637928.8476124 inc-bigbrain_3076_1809_2082.nii 140257228412736
task_duration 1567637926.1180332 1567637928.8607469 1567637359-tmpfsAD_1it_96cpus_0delay_npc-1 140257228412736
read_file 1567637926.1084185 1567637926.1135194 bigbrain_769_1206_0.nii 140110000027456
increment_file 1567637926.1141386 1567637927.9199672 bigbrain_769_1206_0.nii 140110000027456
write_file 1567637927.9460812 1567637929.4437108 inc-bigbrain_769_1206_0.nii 140110000027456
task_duration 1567637926.1037815 1567637929.4514759 1567637359-tmpfsAD_1it_96cpus_0delay_npc-1 140110000027456
read_file 1567637926.094422 1567637926.0996284 bigbrain_3076_1809_0.nii 140470552655680
increment_file 1567637926.1000507 1567637927.9560115 bigbrain_3076_1809_0.nii 140470552655680
write_file 1567637927.9835703 1567637929.523048 inc-bigbrain_3076_1809_0.nii 140470552655680
task_duration 1567637926.0898829 1567637929.5292275 1567637359-tmpfsAD_1it_96cpus_0delay_npc-1 140470552655680
read_file 1567637926.0813053 1567637926.0856233 bigbrain_3076_1809_694.nii 140401094485824
increment_file 1567637926.0861807 1567637927.8947632 bigbrain_3076_1809_694.nii 140401094485824
write_file 1567637927.929971 1567637929.5053217 inc-bigbrain_3076_1809_694.nii 140401094485824
task_duration 1567637926.0770986 1567637929.51055 1567637359-tmpfsAD_1it_96cpus_0delay_npc-1 140401094485824
read_file 1567637926.0812516 1567637926.085607 bigbrain_3076_1206_2776.nii 139798687393600
increment_file 1567637926.0861814 1567637927.923578 bigbrain_3076_1206_2776.nii 139798687393600
write_file 1567637927.9521077 1567637929.4954987 inc-bigbrain_3076_1206_2776.nii 139798687393600
task_duration 1567637926.077214 1567637929.501055 1567637359-tmpfsAD_1it_96cpus_0delay_npc-1 139798687393600
read_file 1567637926.0582962 1567637926.0630758 bigbrain_3076_1206_694.nii 140025420027712
increment_file 1567637926.0639749 1567637927.305303 bigbrain_3076_1206_694.nii 140025420027712
write_file 1567637927.3330247 1567637928.7343426 inc-bigbrain_3076_1206_694.nii 140025420027712
task_duration 1567637926.0552046 1567637928.7415485 1567637359-tmpfsAD_1it_96cpus_0delay_npc-1 140025420027712
read_file 1567637926.0392585 1567637926.0418496 bigbrain_2307_603_1388.nii 139865829738304
increment_file 1567637926.042284 1567637927.300519 bigbrain_2307_603_1388.nii 139865829738304
write_file 1567637927.3270407 1567637928.7614243 inc-bigbrain_2307_603_1388.nii 139865829738304
task_duration 1567637926.0335867 1567637928.7675302 1567637359-tmpfsAD_1it_96cpus_0delay_npc-1 139865829738304
read_file 1567637926.0198941 1567637926.025392 bigbrain_3076_1206_0.nii 139656839939904
increment_file 1567637926.026112 1567637927.8547764 bigbrain_3076_1206_0.nii 139656839939904
write_file 1567637927.891622 1567637929.4540966 inc-bigbrain_3076_1206_0.nii 139656839939904
task_duration 1567637926.014913 1567637929.4615269 1567637359-tmpfsAD_1it_96cpus_0delay_npc-1 139656839939904
read_file 1567637925.9806724 1567637925.9875128 bigbrain_769_1809_2776.nii 140304907220800
increment_file 1567637925.9881337 1567637927.869768 bigbrain_769_1809_2776.nii 140304907220800
write_file 1567637927.8949072 1567637929.4959993 inc-bigbrain_769_1809_2776.nii 140304907220800
task_duration 1567637925.9763384 1567637929.5022347 1567637359-tmpfsAD_1it_96cpus_0delay_npc-1 140304907220800
read_file 1567637925.9717815 1567637925.9757755 bigbrain_2307_603_2082.nii 140297814615872
increment_file 1567637925.976513 1567637927.2132285 bigbrain_2307_603_2082.nii 140297814615872
write_file 1567637927.242381 1567637928.7092893 inc-bigbrain_2307_603_2082.nii 140297814615872
task_duration 1567637925.9677048 1567637928.724347 1567637359-tmpfsAD_1it_96cpus_0delay_npc-1 140297814615872
read_file 1567637925.9649124 1567637925.9682555 bigbrain_2307_2412_0.nii 139705055790912
increment_file 1567637925.9687388 1567637927.8640728 bigbrain_2307_2412_0.nii 139705055790912
write_file 1567637927.897295 1567637929.464412 inc-bigbrain_2307_2412_0.nii 139705055790912
task_duration 1567637925.9617095 1567637929.4714284 1567637359-tmpfsAD_1it_96cpus_0delay_npc-1 139705055790912
read_file 1567637925.9605215 1567637925.9651413 bigbrain_3076_2412_1388.nii 139740957218624
increment_file 1567637925.9659357 1567637927.185265 bigbrain_3076_2412_1388.nii 139740957218624
write_file 1567637927.2156854 1567637928.7403681 inc-bigbrain_3076_2412_1388.nii 139740957218624
task_duration 1567637925.95446 1567637928.7567332 1567637359-tmpfsAD_1it_96cpus_0delay_npc-1 139740957218624
read_file 1567637925.9586194 1567637925.961188 bigbrain_3076_0_1388.nii 140533042624320
increment_file 1567637925.96158 1567637927.2182188 bigbrain_3076_0_1388.nii 140533042624320
write_file 1567637927.2482731 1567637928.6263633 inc-bigbrain_3076_0_1388.nii 140533042624320
task_duration 1567637925.9561067 1567637928.6409 1567637359-tmpfsAD_1it_96cpus_0delay_npc-1 140533042624320
read_file 1567637925.9459221 1567637925.9481528 bigbrain_2307_1809_2082.nii 139822424819520
increment_file 1567637925.948499 1567637927.1320174 bigbrain_2307_1809_2082.nii 139822424819520
write_file 1567637927.1678119 1567637928.6851637 inc-bigbrain_2307_1809_2082.nii 139822424819520
task_duration 1567637925.943614 1567637928.6925092 1567637359-tmpfsAD_1it_96cpus_0delay_npc-1 139822424819520
read_file 1567637925.9455903 1567637925.9478185 bigbrain_2307_1206_2082.nii 140065682712384
increment_file 1567637925.9482641 1567637927.116109 bigbrain_2307_1206_2082.nii 140065682712384
write_file 1567637927.1469896 1567637928.6660478 inc-bigbrain_2307_1206_2082.nii 140065682712384
task_duration 1567637925.9433365 1567637928.6797867 1567637359-tmpfsAD_1it_96cpus_0delay_npc-1 140065682712384
read_file 1567637925.9409542 1567637925.9449637 bigbrain_2307_1809_2776.nii 140324178528064
increment_file 1567637925.945656 1567637927.7698493 bigbrain_2307_1809_2776.nii 140324178528064
write_file 1567637927.8156424 1567637929.4659884 inc-bigbrain_2307_1809_2776.nii 140324178528064
task_duration 1567637925.9369006 1567637929.4727073 1567637359-tmpfsAD_1it_96cpus_0delay_npc-1 140324178528064
read_file 1567637925.9341197 1567637925.9370084 bigbrain_2307_2412_2776.nii 139836265822016
increment_file 1567637925.937448 1567637927.7965841 bigbrain_2307_2412_2776.nii 139836265822016
write_file 1567637927.8295715 1567637929.4553964 inc-bigbrain_2307_2412_2776.nii 139836265822016
task_duration 1567637925.9317045 1567637929.4609516 1567637359-tmpfsAD_1it_96cpus_0delay_npc-1 139836265822016
read_file 1567637925.907701 1567637925.9103105 bigbrain_769_0_0.nii 139636366714688
increment_file 1567637925.9106596 1567637927.126586 bigbrain_769_0_0.nii 139636366714688
write_file 1567637927.1558492 1567637928.5911381 inc-bigbrain_769_0_0.nii 139636366714688
task_duration 1567637925.9054527 1567637928.6000898 1567637359-tmpfsAD_1it_96cpus_0delay_npc-1 139636366714688
read_file 1567637925.8968081 1567637925.9006784 bigbrain_3076_1206_1388.nii 140647220791104
increment_file 1567637925.9014332 1567637927.7637937 bigbrain_3076_1206_1388.nii 140647220791104
write_file 1567637927.79608 1567637929.4566495 inc-bigbrain_3076_1206_1388.nii 140647220791104
task_duration 1567637925.8925455 1567637929.4629674 1567637359-tmpfsAD_1it_96cpus_0delay_npc-1 140647220791104
read_file 1567637925.8961987 1567637925.8983388 bigbrain_2307_603_694.nii 139890887223104
increment_file 1567637925.8986578 1567637927.0426507 bigbrain_2307_603_694.nii 139890887223104
write_file 1567637927.0765843 1567637928.586456 inc-bigbrain_2307_603_694.nii 139890887223104
task_duration 1567637925.893863 1567637928.593607 1567637359-tmpfsAD_1it_96cpus_0delay_npc-1 139890887223104
read_file 1567637925.89002 1567637925.8918014 bigbrain_2307_603_0.nii 140046568290112
increment_file 1567637925.8921444 1567637927.8091633 bigbrain_2307_603_0.nii 140046568290112
write_file 1567637927.8515313 1567637929.4597688 inc-bigbrain_2307_603_0.nii 140046568290112
task_duration 1567637925.8874662 1567637929.4665935 1567637359-tmpfsAD_1it_96cpus_0delay_npc-1 140046568290112
read_file 1567637925.8816154 1567637925.8841047 bigbrain_2307_1206_1388.nii 140684107814720
increment_file 1567637925.8844924 1567637927.7489882 bigbrain_2307_1206_1388.nii 140684107814720
write_file 1567637927.7823253 1567637929.4103963 inc-bigbrain_2307_1206_1388.nii 140684107814720
task_duration 1567637925.878849 1567637929.417275 1567637359-tmpfsAD_1it_96cpus_0delay_npc-1 140684107814720
read_file 1567637925.8760788 1567637925.8783576 bigbrain_2307_1206_2776.nii 140314206922560
increment_file 1567637925.878573 1567637927.0755672 bigbrain_2307_1206_2776.nii 140314206922560
write_file 1567637927.1063547 1567637928.6222308 inc-bigbrain_2307_1206_2776.nii 140314206922560
task_duration 1567637925.873759 1567637928.6314046 1567637359-tmpfsAD_1it_96cpus_0delay_npc-1 140314206922560
read_file 1567637925.8757231 1567637925.878091 bigbrain_2307_0_2776.nii 139726116087616
increment_file 1567637925.878504 1567637927.0218654 bigbrain_2307_0_2776.nii 139726116087616
write_file 1567637927.0604339 1567637928.5544643 inc-bigbrain_2307_0_2776.nii 139726116087616
task_duration 1567637925.8732266 1567637928.562908 1567637359-tmpfsAD_1it_96cpus_0delay_npc-1 139726116087616
read_file 1567637925.8647761 1567637925.8674634 bigbrain_769_0_2776.nii 140426156590912
increment_file 1567637925.8678567 1567637927.6897194 bigbrain_769_0_2776.nii 140426156590912
write_file 1567637927.729551 1567637929.3893714 inc-bigbrain_769_0_2776.nii 140426156590912
task_duration 1567637925.8613353 1567637929.3982544 1567637359-tmpfsAD_1it_96cpus_0delay_npc-1 140426156590912
read_file 1567637925.863127 1567637925.8655818 bigbrain_769_0_694.nii 139837666391872
increment_file 1567637925.8659072 1567637927.6956053 bigbrain_769_0_694.nii 139837666391872
write_file 1567637927.7410955 1567637929.3911328 inc-bigbrain_769_0_694.nii 139837666391872
task_duration 1567637925.8603363 1567637929.3999033 1567637359-tmpfsAD_1it_96cpus_0delay_npc-1 139837666391872
read_file 1567637925.8569896 1567637925.8588674 bigbrain_2307_2412_1388.nii 140534557644608
increment_file 1567637925.8591106 1567637927.673537 bigbrain_2307_2412_1388.nii 140534557644608
write_file 1567637927.7072432 1567637929.4121597 inc-bigbrain_2307_2412_1388.nii 140534557644608
task_duration 1567637925.8533275 1567637929.4190197 1567637359-tmpfsAD_1it_96cpus_0delay_npc-1 140534557644608
read_file 1567637925.8521013 1567637925.8537874 bigbrain_1538_2412_2082.nii 140090431551296
increment_file 1567637925.854023 1567637926.9682436 bigbrain_1538_2412_2082.nii 140090431551296
write_file 1567637927.0021598 1567637928.527209 inc-bigbrain_1538_2412_2082.nii 140090431551296
task_duration 1567637925.8492892 1567637928.5351915 1567637359-tmpfsAD_1it_96cpus_0delay_npc-1 140090431551296
read_file 1567637925.848387 1567637925.8502076 bigbrain_2307_1809_1388.nii 140244811323200
increment_file 1567637925.8505068 1567637927.641018 bigbrain_2307_1809_1388.nii 140244811323200
write_file 1567637927.6823244 1567637929.3938663 inc-bigbrain_2307_1809_1388.nii 140244811323200
task_duration 1567637925.8453052 1567637929.4020853 1567637359-tmpfsAD_1it_96cpus_0delay_npc-1 140244811323200
read_file 1567637925.8400443 1567637925.8419032 bigbrain_2307_2412_2082.nii 140525851285312
increment_file 1567637925.842207 1567637927.6640193 bigbrain_2307_2412_2082.nii 140525851285312
write_file 1567637927.6944911 1567637929.403401 inc-bigbrain_2307_2412_2082.nii 140525851285312
task_duration 1567637925.8378873 1567637929.4109342 1567637359-tmpfsAD_1it_96cpus_0delay_npc-1 140525851285312
read_file 1567637925.8384087 1567637925.840769 bigbrain_1538_1809_2776.nii 139674548217664
increment_file 1567637925.8410335 1567637926.91868 bigbrain_1538_1809_2776.nii 139674548217664
write_file 1567637926.9539022 1567637928.505388 inc-bigbrain_1538_1809_2776.nii 139674548217664
task_duration 1567637925.8352506 1567637928.5144472 1567637359-tmpfsAD_1it_96cpus_0delay_npc-1 139674548217664
read_file 1567637925.8388147 1567637925.8405166 bigbrain_1538_1206_0.nii 140488072283968
increment_file 1567637925.8407972 1567637927.5884516 bigbrain_1538_1206_0.nii 140488072283968
write_file 1567637927.629841 1567637929.2920527 inc-bigbrain_1538_1206_0.nii 140488072283968
task_duration 1567637925.8369474 1567637929.30492 1567637359-tmpfsAD_1it_96cpus_0delay_npc-1 140488072283968
read_file 1567637925.8370652 1567637925.8386438 bigbrain_2307_1206_0.nii 139773608838976
increment_file 1567637925.8388822 1567637927.6466148 bigbrain_2307_1206_0.nii 139773608838976
write_file 1567637927.6897297 1567637929.3428051 inc-bigbrain_2307_1206_0.nii 139773608838976
task_duration 1567637925.8336165 1567637929.3520274 1567637359-tmpfsAD_1it_96cpus_0delay_npc-1 139773608838976
read_file 1567637925.8325493 1567637925.8346426 bigbrain_2307_0_694.nii 139853936740160
increment_file 1567637925.834841 1567637927.0287385 bigbrain_2307_0_694.nii 139853936740160
write_file 1567637927.0593235 1567637928.5478446 inc-bigbrain_2307_0_694.nii 139853936740160
task_duration 1567637925.8302257 1567637928.5567734 1567637359-tmpfsAD_1it_96cpus_0delay_npc-1 139853936740160
read_file 1567637925.832171 1567637925.834045 bigbrain_2307_0_2082.nii 140250932492096
increment_file 1567637925.8342927 1567637926.9465 bigbrain_2307_0_2082.nii 140250932492096
write_file 1567637926.9869406 1567637928.4755058 inc-bigbrain_2307_0_2082.nii 140250932492096
task_duration 1567637925.8296368 1567637928.4848735 1567637359-tmpfsAD_1it_96cpus_0delay_npc-1 140250932492096
read_file 1567637925.8246868 1567637925.8268812 bigbrain_3076_1809_2776.nii 140277983110976
increment_file 1567637925.8271499 1567637927.607151 bigbrain_3076_1809_2776.nii 140277983110976
write_file 1567637927.6479354 1567637929.3825374 inc-bigbrain_3076_1809_2776.nii 140277983110976
task_duration 1567637925.8219712 1567637929.3913567 1567637359-tmpfsAD_1it_96cpus_0delay_npc-1 140277983110976
read_file 1567637925.8219507 1567637925.8236613 bigbrain_2307_1809_0.nii 140686248507200
increment_file 1567637925.8238878 1567637926.9205778 bigbrain_2307_1809_0.nii 140686248507200
write_file 1567637926.9614928 1567637928.4660242 inc-bigbrain_2307_1809_0.nii 140686248507200
task_duration 1567637925.8193402 1567637928.4755192 1567637359-tmpfsAD_1it_96cpus_0delay_npc-1 140686248507200
read_file 1567637925.8148263 1567637925.8168123 bigbrain_1538_0_694.nii 140474244941632
increment_file 1567637925.8170924 1567637926.8357742 bigbrain_1538_0_694.nii 140474244941632
write_file 1567637926.8743398 1567637928.3489826 inc-bigbrain_1538_0_694.nii 140474244941632
task_duration 1567637925.812281 1567637928.3592415 1567637359-tmpfsAD_1it_96cpus_0delay_npc-1 140474244941632
read_file 1567637925.8034375 1567637925.8054464 bigbrain_2307_0_1388.nii 139758277740352
increment_file 1567637925.8057194 1567637927.5164146 bigbrain_2307_0_1388.nii 139758277740352
write_file 1567637927.559387 1567637929.2672405 inc-bigbrain_2307_0_1388.nii 139758277740352
task_duration 1567637925.8008747 1567637929.275941 1567637359-tmpfsAD_1it_96cpus_0delay_npc-1 139758277740352
read_file 1567637925.7997026 1567637925.8017037 bigbrain_3076_2412_0.nii 140712526108480
increment_file 1567637925.801899 1567637926.7305145 bigbrain_3076_2412_0.nii 140712526108480
write_file 1567637926.7640095 1567637928.2149112 inc-bigbrain_3076_2412_0.nii 140712526108480
task_duration 1567637925.7962887 1567637928.2266538 1567637359-tmpfsAD_1it_96cpus_0delay_npc-1 140712526108480
read_file 1567637925.7958531 1567637925.797303 bigbrain_3076_1206_2082.nii 140022839084864
increment_file 1567637925.797511 1567637927.43559 bigbrain_3076_1206_2082.nii 140022839084864
write_file 1567637927.4754634 1567637929.2587266 inc-bigbrain_3076_1206_2082.nii 140022839084864
task_duration 1567637925.7923102 1567637929.2686417 1567637359-tmpfsAD_1it_96cpus_0delay_npc-1 140022839084864
read_file 1567637925.7920322 1567637925.7939851 bigbrain_1538_2412_2776.nii 140308567033664
increment_file 1567637925.794238 1567637927.4118388 bigbrain_1538_2412_2776.nii 140308567033664
write_file 1567637927.4592683 1567637929.264971 inc-bigbrain_1538_2412_2776.nii 140308567033664
task_duration 1567637925.7896228 1567637929.27462 1567637359-tmpfsAD_1it_96cpus_0delay_npc-1 140308567033664
read_file 1567637925.77598 1567637925.7779274 bigbrain_1538_603_0.nii 140349239809856
increment_file 1567637925.7781928 1567637926.7361155 bigbrain_1538_603_0.nii 140349239809856
write_file 1567637926.7704127 1567637928.2609966 inc-bigbrain_1538_603_0.nii 140349239809856
task_duration 1567637925.7735288 1567637928.2771027 1567637359-tmpfsAD_1it_96cpus_0delay_npc-1 140349239809856
read_file 1567637925.7748187 1567637925.7767887 bigbrain_1538_1206_2776.nii 140126607501120
increment_file 1567637925.7769864 1567637927.4304123 bigbrain_1538_1206_2776.nii 140126607501120
write_file 1567637927.466548 1567637929.2550404 inc-bigbrain_1538_1206_2776.nii 140126607501120
task_duration 1567637925.77144 1567637929.2659006 1567637359-tmpfsAD_1it_96cpus_0delay_npc-1 140126607501120
read_file 1567637925.7713447 1567637925.772897 bigbrain_1538_2412_0.nii 140211402770240
increment_file 1567637925.773109 1567637926.7640097 bigbrain_1538_2412_0.nii 140211402770240
write_file 1567637926.8014996 1567637928.3193002 inc-bigbrain_1538_2412_0.nii 140211402770240
task_duration 1567637925.768474 1567637928.3329985 1567637359-tmpfsAD_1it_96cpus_0delay_npc-1 140211402770240
read_file 1567637925.7695115 1567637925.7710938 bigbrain_1538_1206_1388.nii 140097737709376
increment_file 1567637925.771298 1567637927.4299853 bigbrain_1538_1206_1388.nii 140097737709376
write_file 1567637927.5106833 1567637929.3028307 inc-bigbrain_1538_1206_1388.nii 140097737709376
task_duration 1567637925.767622 1567637929.3130667 1567637359-tmpfsAD_1it_96cpus_0delay_npc-1 140097737709376
read_file 1567637925.7665741 1567637925.7678585 bigbrain_1538_1809_0.nii 140105928632128
increment_file 1567637925.7680247 1567637927.304161 bigbrain_1538_1809_0.nii 140105928632128
write_file 1567637927.3473291 1567637929.108743 inc-bigbrain_1538_1809_0.nii 140105928632128
task_duration 1567637925.7640977 1567637929.1211782 1567637359-tmpfsAD_1it_96cpus_0delay_npc-1 140105928632128
read_file 1567637925.766145 1567637925.7674723 bigbrain_1538_603_694.nii 140108585793344
increment_file 1567637925.767661 1567637927.3148062 bigbrain_1538_603_694.nii 140108585793344
write_file 1567637927.3521223 1567637929.1745386 inc-bigbrain_1538_603_694.nii 140108585793344
task_duration 1567637925.763164 1567637929.1856384 1567637359-tmpfsAD_1it_96cpus_0delay_npc-1 140108585793344
read_file 1567637925.7620964 1567637925.7634225 bigbrain_1538_2412_1388.nii 139842436646720
increment_file 1567637925.7635932 1567637926.721006 bigbrain_1538_2412_1388.nii 139842436646720
write_file 1567637926.7551637 1567637928.3355522 inc-bigbrain_1538_2412_1388.nii 139842436646720
task_duration 1567637925.7603188 1567637928.3461807 1567637359-tmpfsAD_1it_96cpus_0delay_npc-1 139842436646720
read_file 1567637925.7591212 1567637925.7611556 bigbrain_1538_1206_2082.nii 139621098764096
increment_file 1567637925.7613447 1567637926.7576454 bigbrain_1538_1206_2082.nii 139621098764096
write_file 1567637926.7979681 1567637928.3715544 inc-bigbrain_1538_1206_2082.nii 139621098764096
task_duration 1567637925.7557352 1567637928.3815787 1567637359-tmpfsAD_1it_96cpus_0delay_npc-1 139621098764096
read_file 1567637925.7538676 1567637925.7554727 bigbrain_1538_1206_694.nii 139773168858944
increment_file 1567637925.7556794 1567637926.7369843 bigbrain_1538_1206_694.nii 139773168858944
write_file 1567637926.7717817 1567637928.3465707 inc-bigbrain_1538_1206_694.nii 139773168858944
task_duration 1567637925.751796 1567637928.3564095 1567637359-tmpfsAD_1it_96cpus_0delay_npc-1 139773168858944
read_file 1567637925.750896 1567637925.7522032 bigbrain_1538_0_2776.nii 140244691670848
increment_file 1567637925.7523565 1567637926.713212 bigbrain_1538_0_2776.nii 140244691670848
write_file 1567637926.7472162 1567637928.1991308 inc-bigbrain_1538_0_2776.nii 140244691670848
task_duration 1567637925.7476301 1567637928.2114873 1567637359-tmpfsAD_1it_96cpus_0delay_npc-1 140244691670848
read_file 1567637925.7500134 1567637925.7518528 bigbrain_2307_0_0.nii 140043030980416
increment_file 1567637925.7520862 1567637927.3163538 bigbrain_2307_0_0.nii 140043030980416
write_file 1567637927.3515928 1567637929.1443892 inc-bigbrain_2307_0_0.nii 140043030980416
task_duration 1567637925.7477012 1567637929.1572144 1567637359-tmpfsAD_1it_96cpus_0delay_npc-1 140043030980416
read_file 1567637925.736038 1567637925.7381332 bigbrain_2307_1206_694.nii 140499858315072
increment_file 1567637925.7383819 1567637926.6991012 bigbrain_2307_1206_694.nii 140499858315072
write_file 1567637926.7349532 1567637928.2690945 inc-bigbrain_2307_1206_694.nii 140499858315072
task_duration 1567637925.7332168 1567637928.2836175 1567637359-tmpfsAD_1it_96cpus_0delay_npc-1 140499858315072
read_file 1567637925.7360222 1567637925.7373443 bigbrain_1538_603_2082.nii 140229611747136
increment_file 1567637925.7375042 1567637927.1680682 bigbrain_1538_603_2082.nii 140229611747136
write_file 1567637927.208566 1567637929.0617886 inc-bigbrain_1538_603_2082.nii 140229611747136
task_duration 1567637925.7329388 1567637929.0742106 1567637359-tmpfsAD_1it_96cpus_0delay_npc-1 140229611747136
read_file 1567637925.7248735 1567637925.726686 bigbrain_1538_603_1388.nii 140649435547456
increment_file 1567637925.7269053 1567637926.6291983 bigbrain_1538_603_1388.nii 140649435547456
write_file 1567637926.6644728 1567637928.171562 inc-bigbrain_1538_603_1388.nii 140649435547456
task_duration 1567637925.7223954 1567637928.183904 1567637359-tmpfsAD_1it_96cpus_0delay_npc-1 140649435547456
read_file 1567637925.722194 1567637925.7235906 bigbrain_1538_1809_694.nii 139692487747392
increment_file 1567637925.7237613 1567637926.6540349 bigbrain_1538_1809_694.nii 139692487747392
write_file 1567637926.6889055 1567637928.1950285 inc-bigbrain_1538_1809_694.nii 139692487747392
task_duration 1567637925.7202413 1567637928.207019 1567637359-tmpfsAD_1it_96cpus_0delay_npc-1 139692487747392
read_file 1567637925.7207272 1567637925.7219558 bigbrain_1538_2412_694.nii 140471145322304
increment_file 1567637925.7221105 1567637926.543694 bigbrain_1538_2412_694.nii 140471145322304
write_file 1567637926.5791898 1567637928.0380812 inc-bigbrain_1538_2412_694.nii 140471145322304
task_duration 1567637925.717694 1567637928.0506916 1567637359-tmpfsAD_1it_96cpus_0delay_npc-1 140471145322304
read_file 1567637925.6652236 1567637925.6666126 bigbrain_1538_1809_2082.nii 140385074726720
increment_file 1567637925.6667778 1567637926.88462 bigbrain_1538_1809_2082.nii 140385074726720
write_file 1567637926.9376929 1567637928.9334617 inc-bigbrain_1538_1809_2082.nii 140385074726720
task_duration 1567637925.6609318 1567637928.946446 1567637359-tmpfsAD_1it_96cpus_0delay_npc-1 140385074726720
read_file 1567637925.665178 1567637925.6665337 bigbrain_1538_603_2776.nii 140332413810496
increment_file 1567637925.666707 1567637926.9022691 bigbrain_1538_603_2776.nii 140332413810496
write_file 1567637926.9550428 1567637928.939205 inc-bigbrain_1538_603_2776.nii 140332413810496
task_duration 1567637925.6620357 1567637928.9520826 1567637359-tmpfsAD_1it_96cpus_0delay_npc-1 140332413810496
read_file 1567637925.6652172 1567637925.6664927 bigbrain_1538_1809_1388.nii 140102854174528
increment_file 1567637925.6666708 1567637926.804277 bigbrain_1538_1809_1388.nii 140102854174528
write_file 1567637926.8579865 1567637928.9029527 inc-bigbrain_1538_1809_1388.nii 140102854174528
task_duration 1567637925.662246 1567637928.9165199 1567637359-tmpfsAD_1it_96cpus_0delay_npc-1 140102854174528
