read_file 1567699981.7153454 1567699998.9731765 bigbrain_2307_1206_694.nii 140105041303360
increment_file 1567700192.6891506 1567700234.9530816 bigbrain_2307_1206_694.nii 140105041303360
write_file 1567700511.223822 1567700785.0342653 inc-bigbrain_2307_1206_694.nii 140105041303360
task_duration 1567699981.5371218 1567701014.9711406 1567699945-isilonAD_1it_96cpus_0delay_npc-1 140105041303360
read_file 1567699996.9257774 1567700013.8163676 bigbrain_769_0_2776.nii 140606329075520
increment_file 1567700304.2095375 1567700347.2949185 bigbrain_769_0_2776.nii 140606329075520
write_file 1567700520.8270864 1567700881.0930452 inc-bigbrain_769_0_2776.nii 140606329075520
task_duration 1567699996.7551053 1567701014.982302 1567699945-isilonAD_1it_96cpus_0delay_npc-1 140606329075520
read_file 1567699976.2506306 1567699992.6229496 bigbrain_3076_0_1388.nii 140327772755776
increment_file 1567700161.0298076 1567700202.5875418 bigbrain_3076_0_1388.nii 140327772755776
write_file 1567700507.3114452 1567700756.0168428 inc-bigbrain_3076_0_1388.nii 140327772755776
task_duration 1567699976.0817614 1567701014.9673595 1567699945-isilonAD_1it_96cpus_0delay_npc-1 140327772755776
read_file 1567700011.2302084 1567700026.7467797 bigbrain_3076_2412_1388.nii 140415647991616
increment_file 1567700388.6837456 1567700430.1846945 bigbrain_3076_2412_1388.nii 140415647991616
write_file 1567700542.75219 1567701014.970754 inc-bigbrain_3076_2412_1388.nii 140415647991616
task_duration 1567700010.9528072 1567701015.088468 1567699945-isilonAD_1it_96cpus_0delay_npc-1 140415647991616
read_file 1567699975.1721733 1567699991.5453484 bigbrain_3076_1206_1388.nii 140507320457024
increment_file 1567700157.8495603 1567700197.3765247 bigbrain_3076_1206_1388.nii 140507320457024
write_file 1567700507.160017 1567700745.0580232 inc-bigbrain_3076_1206_1388.nii 140507320457024
task_duration 1567699974.9766886 1567701014.966064 1567699945-isilonAD_1it_96cpus_0delay_npc-1 140507320457024
read_file 1567701015.9783998 1567701016.004241 bigbrain_769_603_694.nii 139861955450688
increment_file 1567701016.0120635 1567701021.509929 bigbrain_769_603_694.nii 139861955450688
write_file 1567701021.5396287 1567701027.6497257 inc-bigbrain_769_603_694.nii 139861955450688
task_duration 1567701015.97494 1567701027.6573274 1567699945-isilonAD_1it_96cpus_0delay_npc-1 139861955450688
read_file 1567699994.4799733 1567700011.9226754 bigbrain_3076_1809_1388.nii 139754833106752
increment_file 1567700280.7019794 1567700323.146371 bigbrain_3076_1809_1388.nii 139754833106752
write_file 1567700522.0541217 1567700890.2062142 inc-bigbrain_3076_1809_1388.nii 139754833106752
task_duration 1567699994.300937 1567701014.984828 1567699945-isilonAD_1it_96cpus_0delay_npc-1 139754833106752
read_file 1567699992.4059305 1567700009.4566762 bigbrain_3076_1809_2082.nii 140212047107904
increment_file 1567700271.3340466 1567700312.2240827 bigbrain_3076_1809_2082.nii 140212047107904
write_file 1567700519.141507 1567700865.4117346 inc-bigbrain_3076_1809_2082.nii 140212047107904
task_duration 1567699992.2260988 1567701014.9826415 1567699945-isilonAD_1it_96cpus_0delay_npc-1 140212047107904
read_file 1567699989.225708 1567700004.431081 bigbrain_2307_2412_2082.nii 139669220808512
increment_file 1567700233.4990861 1567700276.0141754 bigbrain_2307_2412_2082.nii 139669220808512
write_file 1567700516.8511205 1567700822.1249166 inc-bigbrain_2307_2412_2082.nii 139669220808512
task_duration 1567699989.046765 1567701014.9750504 1567699945-isilonAD_1it_96cpus_0delay_npc-1 139669220808512
read_file 1567699973.4482067 1567699979.441822 bigbrain_2307_1809_2082.nii 140593131738944
increment_file 1567700072.1743467 1567700116.961871 bigbrain_2307_1809_2082.nii 140593131738944
write_file 1567700502.9178145 1567700674.0363343 inc-bigbrain_2307_1809_2082.nii 140593131738944
task_duration 1567699973.4381366 1567701014.2530909 1567699945-isilonAD_1it_96cpus_0delay_npc-1 140593131738944
read_file 1567699973.0486782 1567699973.5674312 bigbrain_1538_2412_1388.nii 140491850094400
increment_file 1567699985.3488486 1567699996.3010542 bigbrain_1538_2412_1388.nii 140491850094400
write_file 1567700176.052072 1567700527.097772 inc-bigbrain_1538_2412_1388.nii 140491850094400
task_duration 1567699973.045091 1567700855.9787307 1567699945-isilonAD_1it_96cpus_0delay_npc-1 140491850094400
read_file 1567700015.6374419 1567700031.6173391 bigbrain_3076_1809_2776.nii 139727976388416
increment_file 1567700412.4878044 1567700455.7360053 bigbrain_3076_1809_2776.nii 139727976388416
write_file 1567700539.251588 1567701014.1447985 inc-bigbrain_3076_1809_2776.nii 139727976388416
task_duration 1567700015.459072 1567701015.0637915 1567699945-isilonAD_1it_96cpus_0delay_npc-1 139727976388416
read_file 1567700011.8405633 1567700027.2991014 bigbrain_3076_603_0.nii 139702559237952
increment_file 1567700391.8847208 1567700433.2464046 bigbrain_3076_603_0.nii 139702559237952
write_file 1567700531.0278566 1567700955.923982 inc-bigbrain_3076_603_0.nii 139702559237952
task_duration 1567700011.6618857 1567701014.9923742 1567699945-isilonAD_1it_96cpus_0delay_npc-1 139702559237952
read_file 1567699973.8687463 1567699990.6903257 bigbrain_3076_0_694.nii 140176132998976
increment_file 1567700151.5761116 1567700191.075937 bigbrain_3076_0_694.nii 140176132998976
write_file 1567700507.0084648 1567700750.9544353 inc-bigbrain_3076_0_694.nii 140176132998976
task_duration 1567699973.8650482 1567701014.9666326 1567699945-isilonAD_1it_96cpus_0delay_npc-1 140176132998976
read_file 1567700032.0440054 1567700043.7078214 bigbrain_769_1809_2082.nii 140426852886336
increment_file 1567700478.7767954 1567700502.6346338 bigbrain_769_1809_2082.nii 140426852886336
write_file 1567700566.846252 1567701015.017144 inc-bigbrain_769_1809_2082.nii 140426852886336
task_duration 1567700031.8659475 1567701015.1173959 1567699945-isilonAD_1it_96cpus_0delay_npc-1 140426852886336
read_file 1567699973.1505759 1567699973.740812 bigbrain_1538_1809_1388.nii 140180462475072
increment_file 1567700013.0358567 1567700026.1936402 bigbrain_1538_1809_1388.nii 140180462475072
write_file 1567700383.607777 1567700561.0654252 inc-bigbrain_1538_1809_1388.nii 140180462475072
task_duration 1567699973.1469407 1567701012.2275324 1567699945-isilonAD_1it_96cpus_0delay_npc-1 140180462475072
read_file 1567700020.692213 1567700034.9703772 bigbrain_769_2412_1388.nii 140321847146304
increment_file 1567700441.1612682 1567700481.9008787 bigbrain_769_2412_1388.nii 140321847146304
write_file 1567700541.6471822 1567701014.7494223 inc-bigbrain_769_2412_1388.nii 140321847146304
task_duration 1567700020.5055513 1567701015.0730236 1567699945-isilonAD_1it_96cpus_0delay_npc-1 140321847146304
read_file 1567699992.6215005 1567700009.8575854 bigbrain_3076_603_2082.nii 139635893962560
increment_file 1567700277.633779 1567700318.2143197 bigbrain_3076_603_2082.nii 139635893962560
write_file 1567700521.8937213 1567700885.0319953 inc-bigbrain_3076_603_2082.nii 139635893962560
task_duration 1567699992.3620892 1567701014.9842587 1567699945-isilonAD_1it_96cpus_0delay_npc-1 139635893962560
read_file 1567699990.6881132 1567700006.775418 bigbrain_3076_0_2082.nii 140252732237632
increment_file 1567700254.7959251 1567700297.9336464 bigbrain_3076_0_2082.nii 140252732237632
write_file 1567700517.777941 1567700853.4430907 inc-bigbrain_3076_0_2082.nii 140252732237632
task_duration 1567699990.6572063 1567701014.9796684 1567699945-isilonAD_1it_96cpus_0delay_npc-1 140252732237632
read_file 1567699973.2480226 1567699973.8449132 bigbrain_1538_603_1388.nii 139670286722880
increment_file 1567700037.023579 1567700065.7139673 bigbrain_1538_603_1388.nii 139670286722880
write_file 1567700499.9481912 1567700628.1605582 inc-bigbrain_1538_603_1388.nii 139670286722880
task_duration 1567699973.2447677 1567701012.8401198 1567699945-isilonAD_1it_96cpus_0delay_npc-1 139670286722880
read_file 1567699973.1054943 1567699973.5721574 bigbrain_1538_1206_2776.nii 140429694916416
increment_file 1567699996.3365397 1567700007.816503 bigbrain_1538_1206_2776.nii 140429694916416
write_file 1567700263.178831 1567700540.1416924 inc-bigbrain_1538_1206_2776.nii 140429694916416
task_duration 1567699973.0547478 1567700913.7973561 1567699945-isilonAD_1it_96cpus_0delay_npc-1 140429694916416
read_file 1567700002.0400548 1567700018.7381139 bigbrain_2307_603_1388.nii 139851544368960
increment_file 1567700335.2421775 1567700379.027478 bigbrain_2307_603_1388.nii 139851544368960
write_file 1567700524.0337331 1567700920.474936 inc-bigbrain_2307_603_1388.nii 139851544368960
task_duration 1567700001.9553835 1567701014.9887373 1567699945-isilonAD_1it_96cpus_0delay_npc-1 139851544368960
read_file 1567700025.7307196 1567700039.687012 bigbrain_769_1809_1388.nii 140391244674880
increment_file 1567700457.338542 1567700493.163691 bigbrain_769_1809_1388.nii 140391244674880
write_file 1567700543.349277 1567701014.9934528 inc-bigbrain_769_1809_1388.nii 140391244674880
task_duration 1567700025.294019 1567701015.1091917 1567699945-isilonAD_1it_96cpus_0delay_npc-1 140391244674880
read_file 1567700028.8306837 1567700042.370934 bigbrain_3076_2412_2776.nii 140406467766080
increment_file 1567700465.3632894 1567700496.3473866 bigbrain_3076_2412_2776.nii 140406467766080
write_file 1567700545.648751 1567701015.001474 inc-bigbrain_3076_2412_2776.nii 140406467766080
task_duration 1567700028.3766267 1567701015.108954 1567699945-isilonAD_1it_96cpus_0delay_npc-1 140406467766080
read_file 1567700004.358316 1567700020.7659688 bigbrain_769_0_0.nii 139897543485248
increment_file 1567700355.1760075 1567700396.5716813 bigbrain_769_0_0.nii 139897543485248
write_file 1567700526.927925 1567700945.241734 inc-bigbrain_769_0_0.nii 139897543485248
task_duration 1567700004.1719315 1567701014.9921205 1567699945-isilonAD_1it_96cpus_0delay_npc-1 139897543485248
read_file 1567699980.357378 1567699997.5920832 bigbrain_2307_1206_1388.nii 140359467915072
increment_file 1567700188.1895468 1567700231.8850868 bigbrain_2307_1206_1388.nii 140359467915072
write_file 1567700511.0724034 1567700790.6631594 inc-bigbrain_2307_1206_1388.nii 140359467915072
task_duration 1567699980.1797729 1567701014.971973 1567699945-isilonAD_1it_96cpus_0delay_npc-1 140359467915072
read_file 1567699979.4755855 1567699996.3387086 bigbrain_2307_1809_1388.nii 140032269608768
increment_file 1567700173.2727535 1567700215.6751537 bigbrain_2307_1809_1388.nii 140032269608768
write_file 1567700507.9353251 1567700768.6239758 inc-bigbrain_2307_1809_1388.nii 140032269608768
task_duration 1567699979.4557753 1567701014.9732301 1567699945-isilonAD_1it_96cpus_0delay_npc-1 140032269608768
read_file 1567699973.0495582 1567699973.5680366 bigbrain_1538_1206_1388.nii 139692271761216
increment_file 1567699990.691893 1567700001.9405308 bigbrain_1538_1206_1388.nii 139692271761216
write_file 1567700218.7705662 1567700529.6739314 inc-bigbrain_1538_1206_1388.nii 139692271761216
task_duration 1567699973.0460925 1567700858.5987163 1567699945-isilonAD_1it_96cpus_0delay_npc-1 139692271761216
read_file 1567699990.6792881 1567700006.6238492 bigbrain_3076_1206_2082.nii 140297131632448
increment_file 1567700243.030556 1567700285.3883052 bigbrain_3076_1206_2082.nii 140297131632448
write_file 1567700517.1542146 1567700839.8705401 inc-bigbrain_3076_1206_2082.nii 140297131632448
task_duration 1567699990.6505234 1567701014.978141 1567699945-isilonAD_1it_96cpus_0delay_npc-1 140297131632448
read_file 1567699990.790745 1567700008.4848614 bigbrain_3076_1206_694.nii 139744767350592
increment_file 1567700260.0873225 1567700302.5948722 bigbrain_3076_1206_694.nii 139744767350592
write_file 1567700518.5356324 1567700855.0949948 inc-bigbrain_3076_1206_694.nii 139744767350592
task_duration 1567699990.7098112 1567701014.9795187 1567699945-isilonAD_1it_96cpus_0delay_npc-1 139744767350592
read_file 1567699973.4243414 1567699977.67813 bigbrain_2307_1809_2776.nii 140227271804736
increment_file 1567700059.6925027 1567700107.3541179 bigbrain_2307_1809_2776.nii 140227271804736
write_file 1567700501.5536525 1567700655.491995 inc-bigbrain_2307_1809_2776.nii 140227271804736
task_duration 1567699973.4210405 1567701013.463355 1567699945-isilonAD_1it_96cpus_0delay_npc-1 140227271804736
read_file 1567699973.2932847 1567699973.8549428 bigbrain_1538_2412_2776.nii 140696668313408
increment_file 1567700047.1537366 1567700084.3470984 bigbrain_1538_2412_2776.nii 140696668313408
write_file 1567700500.349302 1567700637.5220509 inc-bigbrain_1538_2412_2776.nii 140696668313408
task_duration 1567699973.279396 1567701013.115819 1567699945-isilonAD_1it_96cpus_0delay_npc-1 140696668313408
read_file 1567699973.268082 1567699973.850328 bigbrain_1538_1809_0.nii 140040370304832
increment_file 1567700044.881085 1567700078.584947 bigbrain_1538_1809_0.nii 140040370304832
write_file 1567700500.2156832 1567700634.029904 inc-bigbrain_1538_1809_0.nii 140040370304832
task_duration 1567699973.2518752 1567701012.6619825 1567699945-isilonAD_1it_96cpus_0delay_npc-1 140040370304832
read_file 1567699973.5958738 1567699981.125963 bigbrain_2307_1206_2082.nii 140098299127616
increment_file 1567700094.0101206 1567700136.1974008 bigbrain_2307_1206_2082.nii 140098299127616
write_file 1567700503.08697 1567700682.5282497 inc-bigbrain_2307_1206_2082.nii 140098299127616
task_duration 1567699973.5805051 1567701014.4046705 1567699945-isilonAD_1it_96cpus_0delay_npc-1 140098299127616
read_file 1567699973.8257103 1567699989.8460882 bigbrain_2307_1206_0.nii 139923459880768
increment_file 1567700128.2129576 1567700168.7290242 bigbrain_2307_1206_0.nii 139923459880768
write_file 1567700504.325966 1567700719.927283 inc-bigbrain_2307_1206_0.nii 139923459880768
task_duration 1567699973.8054805 1567701014.885889 1567699945-isilonAD_1it_96cpus_0delay_npc-1 139923459880768
read_file 1567699973.4084525 1567699975.4051692 bigbrain_1538_603_2776.nii 140072877500224
increment_file 1567700055.8156884 1567700098.6672192 bigbrain_1538_603_2776.nii 140072877500224
write_file 1567700500.9043221 1567700650.7508838 inc-bigbrain_1538_603_2776.nii 140072877500224
task_duration 1567699973.3948274 1567701013.3829415 1567699945-isilonAD_1it_96cpus_0delay_npc-1 140072877500224
read_file 1567699991.1762843 1567700008.7700255 bigbrain_3076_0_2776.nii 139827451008832
increment_file 1567700268.266494 1567700308.8929343 bigbrain_3076_0_2776.nii 139827451008832
write_file 1567700518.8384392 1567700863.584496 inc-bigbrain_3076_0_2776.nii 139827451008832
task_duration 1567699990.9973686 1567701014.9805837 1567699945-isilonAD_1it_96cpus_0delay_npc-1 139827451008832
read_file 1567699979.4939778 1567699996.339875 bigbrain_2307_0_2776.nii 140421928724288
increment_file 1567700183.5100641 1567700227.2007234 bigbrain_2307_0_2776.nii 140421928724288
write_file 1567700510.920955 1567700780.0167546 inc-bigbrain_2307_0_2776.nii 140421928724288
task_duration 1567699979.461648 1567701014.9713366 1567699945-isilonAD_1it_96cpus_0delay_npc-1 140421928724288
read_file 1567700006.1232798 1567700021.8887565 bigbrain_769_1206_1388.nii 139810920466240
increment_file 1567700367.6980352 1567700410.8841457 bigbrain_769_1206_1388.nii 139810920466240
write_file 1567700536.6514947 1567700987.791981 inc-bigbrain_769_1206_1388.nii 139810920466240
task_duration 1567700005.9454944 1567701013.8446412 1567699945-isilonAD_1it_96cpus_0delay_npc-1 139810920466240
read_file 1567699986.7595458 1567700002.8082306 bigbrain_3076_2412_2082.nii 140169542391616
increment_file 1567700223.8641126 1567700266.6540833 bigbrain_3076_2412_2082.nii 140169542391616
write_file 1567700516.54813 1567700816.7932358 inc-bigbrain_3076_2412_2082.nii 140169542391616
task_duration 1567699986.589237 1567701014.9770901 1567699945-isilonAD_1it_96cpus_0delay_npc-1 140169542391616
read_file 1567699972.988752 1567699973.3836133 bigbrain_1538_0_2776.nii 140267998910272
increment_file 1567699973.8737366 1567699985.0348854 bigbrain_1538_0_2776.nii 140267998910272
write_file 1567700115.6438076 1567700501.082943 inc-bigbrain_1538_0_2776.nii 140267998910272
task_duration 1567699972.9828403 1567700559.08817 1567699945-isilonAD_1it_96cpus_0delay_npc-1 140267998910272
read_file 1567700021.2544382 1567700035.7958796 bigbrain_769_0_1388.nii 140300468619072
increment_file 1567700444.3647094 1567700485.697281 bigbrain_769_0_1388.nii 140300468619072
write_file 1567700542.1104803 1567701014.9642591 inc-bigbrain_769_0_1388.nii 140300468619072
task_duration 1567700021.0590482 1567701015.0744004 1567699945-isilonAD_1it_96cpus_0delay_npc-1 140300468619072
read_file 1567700000.6449046 1567700016.2952228 bigbrain_3076_2412_694.nii 140082760128320
increment_file 1567700319.817076 1567700362.8831863 bigbrain_3076_2412_694.nii 140082760128320
write_file 1567700523.1237345 1567700905.4473667 inc-bigbrain_3076_2412_694.nii 140082760128320
task_duration 1567700000.4658508 1567701014.9871411 1567699945-isilonAD_1it_96cpus_0delay_npc-1 140082760128320
read_file 1567700030.443809 1567700043.039587 bigbrain_769_603_0.nii 139641642239808
increment_file 1567700468.5635536 1567700498.7465239 bigbrain_769_603_0.nii 139641642239808
write_file 1567700545.9609234 1567701015.0061364 inc-bigbrain_769_603_0.nii 139641642239808
task_duration 1567700029.9986398 1567701015.1101341 1567699945-isilonAD_1it_96cpus_0delay_npc-1 139641642239808
read_file 1567699973.772467 1567699986.9853253 bigbrain_2307_0_2082.nii 140229430744896
increment_file 1567700118.709536 1567700159.4272208 bigbrain_2307_0_2082.nii 140229430744896
write_file 1567700504.1831834 1567700714.7538939 inc-bigbrain_2307_0_2082.nii 140229430744896
task_duration 1567699973.7520192 1567701014.8414748 1567699945-isilonAD_1it_96cpus_0delay_npc-1 140229430744896
read_file 1567699973.8718069 1567699990.6902165 bigbrain_2307_1809_0.nii 140649498736448
increment_file 1567700146.903765 1567700188.2966168 bigbrain_2307_1809_0.nii 140649498736448
write_file 1567700506.8657522 1567700741.8462408 inc-bigbrain_2307_1809_0.nii 140649498736448
task_duration 1567699973.8689802 1567701014.9654546 1567699945-isilonAD_1it_96cpus_0delay_npc-1 140649498736448
read_file 1567699990.689129 1567700006.7754383 bigbrain_3076_1206_2776.nii 139673363408704
increment_file 1567700246.473504 1567700290.0666773 bigbrain_3076_1206_2776.nii 139673363408704
write_file 1567700517.466157 1567700844.754172 inc-bigbrain_3076_1206_2776.nii 139673363408704
task_duration 1567699990.6592007 1567701014.9777684 1567699945-isilonAD_1it_96cpus_0delay_npc-1 139673363408704
read_file 1567699973.2232366 1567699973.7538216 bigbrain_1538_2412_694.nii 139939682043712
increment_file 1567700032.5285463 1567700055.148845 bigbrain_1538_2412_694.nii 139939682043712
write_file 1567700495.3894515 1567700621.0259411 inc-bigbrain_1538_2412_694.nii 139939682043712
task_duration 1567699973.2210708 1567700983.6884606 1567699945-isilonAD_1it_96cpus_0delay_npc-1 139939682043712
read_file 1567699973.4475868 1567699979.4411678 bigbrain_1538_0_694.nii 139970745411392
increment_file 1567700065.9827511 1567700112.2819626 bigbrain_1538_0_694.nii 139970745411392
write_file 1567700502.8554232 1567700664.1598883 inc-bigbrain_1538_0_694.nii 139970745411392
task_duration 1567699973.4326878 1567701014.0765612 1567699945-isilonAD_1it_96cpus_0delay_npc-1 139970745411392
read_file 1567700001.7620418 1567700017.3903675 bigbrain_2307_2412_0.nii 139804936886080
increment_file 1567700329.7498024 1567700374.1092017 bigbrain_2307_2412_0.nii 139804936886080
write_file 1567700523.7306192 1567700914.4004226 inc-bigbrain_2307_2412_0.nii 139804936886080
task_duration 1567700001.5576446 1567701014.987539 1567699945-isilonAD_1it_96cpus_0delay_npc-1 139804936886080
read_file 1567699973.485742 1567699979.446439 bigbrain_1538_1809_2776.nii 140272358156096
increment_file 1567700080.6036623 1567700123.530537 bigbrain_1538_1809_2776.nii 140272358156096
write_file 1567700502.9710982 1567700669.157805 inc-bigbrain_1538_1809_2776.nii 140272358156096
task_duration 1567699973.467785 1567701014.1996295 1567699945-isilonAD_1it_96cpus_0delay_npc-1 140272358156096
read_file 1567699972.9895244 1567699973.3842273 bigbrain_1538_1809_694.nii 140372256216896
increment_file 1567699979.493544 1567699990.6427639 bigbrain_1538_1809_694.nii 140372256216896
write_file 1567700148.6241302 1567700516.3974009 inc-bigbrain_1538_1809_694.nii 140372256216896
task_duration 1567699972.982999 1567700709.1723585 1567699945-isilonAD_1it_96cpus_0delay_npc-1 140372256216896
read_file 1567699973.5751166 1567699979.7699356 bigbrain_2307_0_1388.nii 140468386535232
increment_file 1567700090.5063148 1567700132.8832839 bigbrain_2307_0_1388.nii 140468386535232
write_file 1567700503.1316648 1567700687.7030263 inc-bigbrain_2307_0_1388.nii 140468386535232
task_duration 1567699973.5715601 1567701014.4671116 1567699945-isilonAD_1it_96cpus_0delay_npc-1 140468386535232
read_file 1567700003.6265004 1567700020.2097342 bigbrain_3076_2412_0.nii 140329720072000
increment_file 1567700348.9060743 1567700390.2723677 bigbrain_3076_2412_0.nii 140329720072000
write_file 1567700525.3860605 1567700924.9189107 inc-bigbrain_3076_2412_0.nii 140329720072000
task_duration 1567700003.2168705 1567701014.989715 1567699945-isilonAD_1it_96cpus_0delay_npc-1 140329720072000
read_file 1567700014.5422177 1567700029.9908965 bigbrain_3076_603_1388.nii 140707131008832
increment_file 1567700401.383914 1567700442.6161478 bigbrain_3076_603_1388.nii 140707131008832
write_file 1567700538.948559 1567701013.6992188 inc-bigbrain_3076_603_1388.nii 140707131008832
task_duration 1567700014.3634062 1567701015.0618837 1567699945-isilonAD_1it_96cpus_0delay_npc-1 140707131008832
read_file 1567699989.637676 1567700004.5826921 bigbrain_2307_603_694.nii 139859546511168
increment_file 1567700236.5680423 1567700279.0870526 bigbrain_2307_603_694.nii 139859546511168
write_file 1567700517.0028098 1567700834.4183097 inc-bigbrain_2307_603_694.nii 139859546511168
task_duration 1567699989.4502077 1567701014.9776912 1567699945-isilonAD_1it_96cpus_0delay_npc-1 139859546511168
read_file 1567699973.6314745 1567699982.7574852 bigbrain_2307_0_694.nii 140588178749248
increment_file 1567700105.5092442 1567700148.4911003 bigbrain_2307_0_694.nii 140588178749248
write_file 1567700504.0405867 1567700699.1383204 inc-bigbrain_2307_0_694.nii 140588178749248
task_duration 1567699973.621622 1567701014.6199431 1567699945-isilonAD_1it_96cpus_0delay_npc-1 140588178749248
read_file 1567700015.9068239 1567700031.8577764 bigbrain_3076_603_694.nii 139874884482880
increment_file 1567700420.4810352 1567700463.8837311 bigbrain_3076_603_694.nii 139874884482880
write_file 1567700539.8378894 1567701014.356817 inc-bigbrain_3076_603_694.nii 139874884482880
task_duration 1567700015.7277012 1567701015.0672896 1567699945-isilonAD_1it_96cpus_0delay_npc-1 139874884482880
read_file 1567699999.297997 1567700015.3159316 bigbrain_769_2412_0.nii 140518901385024
increment_file 1567700313.828957 1567700356.619687 bigbrain_769_2412_0.nii 140518901385024
write_file 1567700526.1703684 1567700935.0745306 inc-bigbrain_769_2412_0.nii 140518901385024
task_duration 1567699999.1163743 1567701014.9907312 1567699945-isilonAD_1it_96cpus_0delay_npc-1 140518901385024
read_file 1567700022.9054863 1567700037.8322878 bigbrain_769_603_2776.nii 139827693340480
increment_file 1567700452.396187 1567700490.6489666 bigbrain_769_603_2776.nii 139827693340480
write_file 1567700543.1976955 1567701014.9841814 inc-bigbrain_769_603_2776.nii 139827693340480
task_duration 1567700022.4516168 1567701015.099222 1567699945-isilonAD_1it_96cpus_0delay_npc-1 139827693340480
read_file 1567700002.735504 1567700019.8062146 bigbrain_3076_1809_694.nii 140005552551744
increment_file 1567700343.7160125 1567700387.2055511 bigbrain_3076_1809_694.nii 140005552551744
write_file 1567700526.4645615 1567700940.2060964 inc-bigbrain_3076_1809_694.nii 140005552551744
task_duration 1567700002.531064 1567701014.991637 1567699945-isilonAD_1it_96cpus_0delay_npc-1 140005552551744
read_file 1567700019.804687 1567700034.1448908 bigbrain_769_0_694.nii 139701452216128
increment_file 1567700435.0023894 1567700476.0139997 bigbrain_769_0_694.nii 139701452216128
write_file 1567700541.1837618 1567701014.5260406 inc-bigbrain_769_0_694.nii 139701452216128
task_duration 1567700019.5440614 1567701015.0694535 1567699945-isilonAD_1it_96cpus_0delay_npc-1 139701452216128
read_file 1567700005.3121035 1567700021.6212976 bigbrain_769_1206_2776.nii 139824439469888
increment_file 1567700364.49313 1567700405.9318213 bigbrain_769_1206_2776.nii 139824439469888
write_file 1567700526.0187266 1567700930.0765743 inc-bigbrain_769_1206_2776.nii 139824439469888
task_duration 1567700005.1254349 1567701014.9897099 1567699945-isilonAD_1it_96cpus_0delay_npc-1 139824439469888
read_file 1567699985.834146 1567700001.9492826 bigbrain_769_2412_2776.nii 140289806448448
increment_file 1567700215.8086333 1567700260.088998 bigbrain_769_2412_2776.nii 140289806448448
write_file 1567700514.2577877 1567700811.4657986 inc-bigbrain_769_2412_2776.nii 140289806448448
task_duration 1567699985.6462357 1567701014.975852 1567699945-isilonAD_1it_96cpus_0delay_npc-1 140289806448448
read_file 1567700008.94683 1567700024.4668367 bigbrain_2307_2412_2776.nii 139923177432896
increment_file 1567700375.7120054 1567700419.0118983 bigbrain_2307_2412_2776.nii 139923177432896
write_file 1567700532.4094918 1567700966.6954372 inc-bigbrain_2307_2412_2776.nii 139923177432896
task_duration 1567700008.7773335 1567700976.4092467 1567699945-isilonAD_1it_96cpus_0delay_npc-1 139923177432896
read_file 1567699979.4935021 1567699996.3393042 bigbrain_769_0_2082.nii 139899585075008
increment_file 1567700180.569071 1567700222.251035 bigbrain_769_0_2082.nii 139899585075008
write_file 1567700510.7782419 1567700779.555462 inc-bigbrain_769_0_2082.nii 139899585075008
task_duration 1567699979.45875 1567701014.9703317 1567699945-isilonAD_1it_96cpus_0delay_npc-1 139899585075008
read_file 1567699984.5777345 1567700001.683576 bigbrain_2307_603_2082.nii 139987397039936
increment_file 1567700210.4470382 1567700254.982782 bigbrain_2307_603_2082.nii 139987397039936
write_file 1567700511.8282962 1567700806.592383 inc-bigbrain_2307_603_2082.nii 139987397039936
task_duration 1567699984.3980021 1567701014.974447 1567699945-isilonAD_1it_96cpus_0delay_npc-1 139987397039936
read_file 1567699973.8435392 1567699990.1331348 bigbrain_2307_0_0.nii 140112682141504
increment_file 1567700134.4860601 1567700176.0536838 bigbrain_2307_0_0.nii 140112682141504
write_file 1567700504.406076 1567700724.5071504 inc-bigbrain_2307_0_0.nii 140112682141504
task_duration 1567699973.8094823 1567701014.9302678 1567699945-isilonAD_1it_96cpus_0delay_npc-1 140112682141504
read_file 1567699973.527067 1567699979.4505637 bigbrain_3076_0_0.nii 139923485374272
increment_file 1567700084.1052454 1567700126.598041 bigbrain_3076_0_0.nii 139923485374272
write_file 1567700503.024633 1567700677.0759227 inc-bigbrain_3076_0_0.nii 139923485374272
task_duration 1567699973.4968886 1567701014.31547 1567699945-isilonAD_1it_96cpus_0delay_npc-1 139923485374272
read_file 1567699988.1232305 1567700003.4764574 bigbrain_2307_1809_694.nii 140272358745920
increment_file 1567700227.1994796 1567700269.7206337 bigbrain_2307_1809_694.nii 140272358745920
write_file 1567700516.6997094 1567700828.0405684 inc-bigbrain_2307_1809_694.nii 140272358745920
task_duration 1567699987.9526105 1567701014.9775543 1567699945-isilonAD_1it_96cpus_0delay_npc-1 140272358745920
read_file 1567700001.4765432 1567700016.986364 bigbrain_769_1809_2776.nii 140306781464384
increment_file 1567700323.2800329 1567700365.9476836 bigbrain_769_1809_2776.nii 140306781464384
write_file 1567700523.4275699 1567700910.4613972 inc-bigbrain_769_1809_2776.nii 140306781464384
task_duration 1567700001.272184 1567701014.986924 1567699945-isilonAD_1it_96cpus_0delay_npc-1 140306781464384
read_file 1567699973.7729266 1567699987.1210005 bigbrain_3076_1206_0.nii 140527691384640
increment_file 1567700125.0099006 1567700165.6820068 bigbrain_3076_1206_0.nii 140527691384640
write_file 1567700504.254439 1567700709.6147318 inc-bigbrain_3076_1206_0.nii 140527691384640
task_duration 1567699973.7582436 1567701014.7965653 1567699945-isilonAD_1it_96cpus_0delay_npc-1 140527691384640
read_file 1567700004.8932133 1567700021.4875343 bigbrain_3076_603_2776.nii 140695849211712
increment_file 1567700358.3561957 1567700399.637485 bigbrain_3076_603_2776.nii 140695849211712
write_file 1567700536.339767 1567700980.0400443 inc-bigbrain_3076_603_2776.nii 140695849211712
task_duration 1567700004.7238727 1567700993.8633182 1567699945-isilonAD_1it_96cpus_0delay_npc-1 140695849211712
read_file 1567700015.3770185 1567700030.3920314 bigbrain_769_1206_694.nii 140526083618624
increment_file 1567700407.5470054 1567700450.791053 bigbrain_769_1206_694.nii 140526083618624
write_file 1567700532.5429988 1567700968.6918948 inc-bigbrain_769_1206_694.nii 140526083618624
task_duration 1567700015.1900246 1567700982.1642866 1567699945-isilonAD_1it_96cpus_0delay_npc-1 140526083618624
read_file 1567699996.3962495 1567700013.547341 bigbrain_769_603_1388.nii 140648133400384
increment_file 1567700293.1470616 1567700336.8364394 bigbrain_769_603_1388.nii 140648133400384
write_file 1567700520.353553 1567700875.2822762 inc-bigbrain_769_603_1388.nii 140648133400384
task_duration 1567699996.3477194 1567701014.9830692 1567699945-isilonAD_1it_96cpus_0delay_npc-1 140648133400384
read_file 1567700013.599466 1567700027.9676464 bigbrain_769_2412_2082.nii 140704755201856
increment_file 1567700398.184904 1567700439.5514452 bigbrain_769_2412_2082.nii 140704755201856
write_file 1567700538.3425102 1567700995.2148516 inc-bigbrain_769_2412_2082.nii 140704755201856
task_duration 1567700013.420607 1567701015.0078096 1567699945-isilonAD_1it_96cpus_0delay_npc-1 140704755201856
read_file 1567699995.0189779 1567700012.0565774 bigbrain_2307_603_0.nii 140684919072576
increment_file 1567700288.482124 1567700331.6089423 bigbrain_2307_603_0.nii 140684919072576
write_file 1567700520.0505025 1567700870.4434512 inc-bigbrain_2307_603_0.nii 140684919072576
task_duration 1567699994.840258 1567701014.9930575 1567699945-isilonAD_1it_96cpus_0delay_npc-1 140684919072576
read_file 1567699984.81084 1567700001.6834202 bigbrain_769_1809_694.nii 139843431454528
increment_file 1567700202.481725 1567700246.474475 bigbrain_769_1809_694.nii 139843431454528
write_file 1567700511.5162926 1567700801.5946927 inc-bigbrain_769_1809_694.nii 139843431454528
task_duration 1567699984.6683476 1567701014.9729202 1567699945-isilonAD_1it_96cpus_0delay_npc-1 139843431454528
read_file 1567699972.9891381 1567699973.3727462 bigbrain_1538_1206_0.nii 140456341165888
increment_file 1567699973.7475522 1567699979.441097 bigbrain_1538_1206_0.nii 140456341165888
write_file 1567700075.678537 1567700496.1102178 inc-bigbrain_1538_1206_0.nii 140456341165888
task_duration 1567699972.9831254 1567700544.8860445 1567699945-isilonAD_1it_96cpus_0delay_npc-1 140456341165888
read_file 1567699973.157231 1567699973.7467535 bigbrain_1538_2412_2082.nii 140571748468544
increment_file 1567700027.6988294 1567700044.8827746 bigbrain_1538_2412_2082.nii 140571748468544
write_file 1567700493.5418777 1567700599.515552 inc-bigbrain_1538_2412_2082.nii 140571748468544
task_duration 1567699973.1537893 1567700981.5670645 1567699945-isilonAD_1it_96cpus_0delay_npc-1 140571748468544
read_file 1567699973.1420577 1567699973.7043564 bigbrain_1538_1206_694.nii 140588980164416
increment_file 1567700007.0414298 1567700019.5362391 bigbrain_1538_1206_694.nii 140588980164416
write_file 1567700345.573792 1567700549.6136677 inc-bigbrain_1538_1206_694.nii 140588980164416
task_duration 1567699973.1398344 1567700965.0410008 1567699945-isilonAD_1it_96cpus_0delay_npc-1 140588980164416
read_file 1567699973.320064 1567699973.8679671 bigbrain_1538_603_694.nii 139635796072256
increment_file 1567700052.1004868 1567700094.251799 bigbrain_1538_603_694.nii 139635796072256
write_file 1567700500.7120857 1567700646.8013709 inc-bigbrain_1538_603_694.nii 139635796072256
task_duration 1567699973.3097878 1567701013.2849064 1567699945-isilonAD_1it_96cpus_0delay_npc-1 139635796072256
read_file 1567700017.3078752 1567700032.1263514 bigbrain_769_603_2082.nii 140228204152640
increment_file 1567700425.5328119 1567700466.9518042 bigbrain_769_603_2082.nii 140228204152640
write_file 1567700542.8948214 1567701014.9778094 inc-bigbrain_769_603_2082.nii 140228204152640
task_duration 1567700017.1292284 1567701015.0963225 1567699945-isilonAD_1it_96cpus_0delay_npc-1 140228204152640
read_file 1567699973.76347 1567699986.8505898 bigbrain_2307_1206_2776.nii 140562807363392
increment_file 1567700113.8952777 1567700156.380443 bigbrain_2307_1206_2776.nii 140562807363392
write_file 1567700504.1119153 1567700704.6085598 inc-bigbrain_2307_1206_2776.nii 140562807363392
task_duration 1567699973.7519724 1567701014.663126 1567699945-isilonAD_1it_96cpus_0delay_npc-1 140562807363392
read_file 1567699973.8439467 1567699990.5367062 bigbrain_3076_1809_0.nii 139825714292544
increment_file 1567700139.2707305 1567700180.4366996 bigbrain_3076_1809_0.nii 139825714292544
write_file 1567700506.705406 1567700729.3908923 inc-bigbrain_3076_1809_0.nii 139825714292544
task_duration 1567699973.8121247 1567701014.9649816 1567699945-isilonAD_1it_96cpus_0delay_npc-1 139825714292544
read_file 1567699973.6309712 1567699982.6235766 bigbrain_2307_603_2776.nii 139887790819136
increment_file 1567700100.2806318 1567700143.807926 bigbrain_2307_603_2776.nii 139887790819136
write_file 1567700503.2653666 1567700692.7293732 inc-bigbrain_2307_603_2776.nii 139887790819136
task_duration 1567699973.6152852 1567701014.5739625 1567699945-isilonAD_1it_96cpus_0delay_npc-1 139887790819136
read_file 1567699996.6116965 1567700013.6820073 bigbrain_769_2412_694.nii 140441763309376
increment_file 1567700300.872864 1567700344.2289662 bigbrain_769_2412_694.nii 140441763309376
write_file 1567700522.1967082 1567700894.6228132 inc-bigbrain_769_2412_694.nii 140441763309376
task_duration 1567699996.3500519 1567701014.9850197 1567699945-isilonAD_1it_96cpus_0delay_npc-1 140441763309376
read_file 1567699973.2937942 1567699973.8556237 bigbrain_1538_603_0.nii 139956753028928
increment_file 1567700049.025725 1567700089.565397 bigbrain_1538_603_0.nii 139956753028928
write_file 1567700500.492277 1567700642.2343678 inc-bigbrain_1538_603_0.nii 139956753028928
task_duration 1567699973.2801723 1567701013.204851 1567699945-isilonAD_1it_96cpus_0delay_npc-1 139956753028928
read_file 1567699998.1827083 1567700014.7769887 bigbrain_769_1206_0.nii 140121918629696
increment_file 1567700310.5089462 1567700353.5689425 bigbrain_769_1206_0.nii 140121918629696
write_file 1567700522.802909 1567700900.1110299 inc-bigbrain_769_1206_0.nii 140121918629696
task_duration 1567699998.0035088 1567701014.9856577 1567699945-isilonAD_1it_96cpus_0delay_npc-1 140121918629696
read_file 1567699973.1339643 1567699973.6339772 bigbrain_1538_1206_2082.nii 139774342616896
increment_file 1567700001.9453566 1567700013.1520813 bigbrain_1538_1206_2082.nii 139774342616896
write_file 1567700296.0881574 1567700543.0477076 inc-bigbrain_1538_1206_2082.nii 139774342616896
task_duration 1567699973.1313827 1567700933.1101327 1567699945-isilonAD_1it_96cpus_0delay_npc-1 139774342616896
read_file 1567700019.5347664 1567700032.9339561 bigbrain_769_1206_2082.nii 139684726814528
increment_file 1567700431.7928123 1567700473.2354612 bigbrain_769_1206_2082.nii 139684726814528
write_file 1567700535.5643826 1567700977.9299917 inc-bigbrain_769_1206_2082.nii 139684726814528
task_duration 1567700019.1699424 1567700990.9841108 1567699945-isilonAD_1it_96cpus_0delay_npc-1 139684726814528
read_file 1567699978.12233 1567699993.8883 bigbrain_2307_2412_694.nii 140138622883648
increment_file 1567700168.7270918 1567700210.4482956 bigbrain_2307_2412_694.nii 140138622883648
write_file 1567700507.6412137 1567700761.7790592 inc-bigbrain_2307_2412_694.nii 140138622883648
task_duration 1567699977.9527967 1567701014.9687376 1567699945-isilonAD_1it_96cpus_0delay_npc-1 140138622883648
read_file 1567700011.0150356 1567700026.4612997 bigbrain_769_1809_0.nii 139701431379776
increment_file 1567700380.6301377 1567700423.9299266 bigbrain_769_1809_0.nii 139701431379776
write_file 1567700537.8792105 1567700988.2371042 inc-bigbrain_769_1809_0.nii 139701431379776
task_duration 1567700010.8195262 1567700994.3085253 1567699945-isilonAD_1it_96cpus_0delay_npc-1 139701431379776
read_file 1567699973.1508977 1567699973.741378 bigbrain_1538_2412_0.nii 140655520216896
increment_file 1567700017.6589904 1567700031.7228124 bigbrain_1538_2412_0.nii 140655520216896
write_file 1567700422.2191875 1567700573.6722252 inc-bigbrain_1538_2412_0.nii 140655520216896
task_duration 1567699973.1481771 1567701012.4586272 1567699945-isilonAD_1it_96cpus_0delay_npc-1 140655520216896
read_file 1567699973.1519485 1567699973.7445438 bigbrain_1538_603_2082.nii 140441662052160
increment_file 1567700022.4397798 1567700038.3420372 bigbrain_1538_603_2082.nii 140441662052160
write_file 1567700460.2799373 1567700571.6941807 inc-bigbrain_1538_603_2082.nii 140441662052160
task_duration 1567699973.149921 1567701012.5659158 1567699945-isilonAD_1it_96cpus_0delay_npc-1 140441662052160
read_file 1567699973.2675588 1567699973.846758 bigbrain_1538_1809_2082.nii 140109313918784
increment_file 1567700041.700927 1567700075.8665097 bigbrain_1538_1809_2082.nii 140109313918784
write_file 1567700500.0818138 1567700630.8594866 inc-bigbrain_1538_1809_2082.nii 140109313918784
task_duration 1567699973.2484994 1567701012.7524152 1567699945-isilonAD_1it_96cpus_0delay_npc-1 140109313918784
read_file 1567699982.4063478 1567699999.7840343 bigbrain_2307_2412_1388.nii 139743099619136
increment_file 1567700198.9919403 1567700243.2097466 bigbrain_2307_2412_1388.nii 139743099619136
write_file 1567700511.373672 1567700796.11723 inc-bigbrain_2307_2412_1388.nii 139743099619136
task_duration 1567699982.2273226 1567701014.9726346 1567699945-isilonAD_1it_96cpus_0delay_npc-1 139743099619136
