read_file 1567704314.9401758 1567704314.9414732 bigbrain_769_603_694.nii 140714595235648
increment_file 1567704314.9416826 1567704315.4194393 bigbrain_769_603_694.nii 140714595235648
write_file 1567704315.4283752 1567704315.8669739 inc-bigbrain_769_603_694.nii 140714595235648
task_duration 1567704314.938447 1567704315.869487 1567703745-tmpfsAD_1it_96cpus_0delay_npc-1 140714595235648
read_file 1567704311.9443839 1567704311.963865 bigbrain_769_2412_2776.nii 140449486567232
increment_file 1567704311.9649005 1567704313.379386 bigbrain_769_2412_2776.nii 140449486567232
write_file 1567704313.404749 1567704314.5921235 inc-bigbrain_769_2412_2776.nii 140449486567232
task_duration 1567704311.9385326 1567704314.6046145 1567703745-tmpfsAD_1it_96cpus_0delay_npc-1 140449486567232
read_file 1567704311.9472437 1567704311.9516146 bigbrain_769_603_2082.nii 140315161564992
increment_file 1567704311.9521582 1567704313.3036485 bigbrain_769_603_2082.nii 140315161564992
write_file 1567704313.3283486 1567704314.583647 inc-bigbrain_769_603_2082.nii 140315161564992
task_duration 1567704311.9433656 1567704314.58812 1567703745-tmpfsAD_1it_96cpus_0delay_npc-1 140315161564992
read_file 1567704311.9117332 1567704311.9177158 bigbrain_769_1206_1388.nii 140010128385856
increment_file 1567704311.9187965 1567704313.7290444 bigbrain_769_1206_1388.nii 140010128385856
write_file 1567704313.7552996 1567704315.329289 inc-bigbrain_769_1206_1388.nii 140010128385856
task_duration 1567704311.9053469 1567704315.3330925 1567703745-tmpfsAD_1it_96cpus_0delay_npc-1 140010128385856
read_file 1567704311.910661 1567704311.9137065 bigbrain_769_1809_694.nii 139952110970688
increment_file 1567704311.9142392 1567704313.2667701 bigbrain_769_1809_694.nii 139952110970688
write_file 1567704313.290303 1567704314.5696542 inc-bigbrain_769_1809_694.nii 139952110970688
task_duration 1567704311.9070928 1567704314.5727293 1567703745-tmpfsAD_1it_96cpus_0delay_npc-1 139952110970688
read_file 1567704311.8780265 1567704311.8986287 bigbrain_769_0_1388.nii 139942162769728
increment_file 1567704311.8996305 1567704313.3477488 bigbrain_769_0_1388.nii 139942162769728
write_file 1567704313.37497 1567704314.5932176 inc-bigbrain_769_0_1388.nii 139942162769728
task_duration 1567704311.8720322 1567704314.6063626 1567703745-tmpfsAD_1it_96cpus_0delay_npc-1 139942162769728
read_file 1567704311.8440635 1567704311.8494852 bigbrain_769_0_2082.nii 140200421058368
increment_file 1567704311.850404 1567704313.704511 bigbrain_769_0_2082.nii 140200421058368
write_file 1567704313.728148 1567704315.2877855 inc-bigbrain_769_0_2082.nii 140200421058368
task_duration 1567704311.8383462 1567704315.2924485 1567703745-tmpfsAD_1it_96cpus_0delay_npc-1 140200421058368
read_file 1567704311.8455465 1567704311.8494167 bigbrain_769_1206_694.nii 140223140165440
increment_file 1567704311.8499572 1567704313.2302423 bigbrain_769_1206_694.nii 140223140165440
write_file 1567704313.2565706 1567704314.5446222 inc-bigbrain_769_1206_694.nii 140223140165440
task_duration 1567704311.8424263 1567704314.5484018 1567703745-tmpfsAD_1it_96cpus_0delay_npc-1 140223140165440
read_file 1567704311.8377962 1567704311.843898 bigbrain_769_1809_2776.nii 140511398696768
increment_file 1567704311.8446352 1567704313.6810968 bigbrain_769_1809_2776.nii 140511398696768
write_file 1567704313.7078905 1567704315.2874985 inc-bigbrain_769_1809_2776.nii 140511398696768
task_duration 1567704311.8324583 1567704315.2914546 1567703745-tmpfsAD_1it_96cpus_0delay_npc-1 140511398696768
read_file 1567704311.838593 1567704311.841427 bigbrain_3076_603_2776.nii 139769975310144
increment_file 1567704311.8419213 1567704313.247101 bigbrain_3076_603_2776.nii 139769975310144
write_file 1567704313.2710786 1567704314.4499755 inc-bigbrain_3076_603_2776.nii 139769975310144
task_duration 1567704311.8256772 1567704314.454648 1567703745-tmpfsAD_1it_96cpus_0delay_npc-1 139769975310144
read_file 1567704311.8145154 1567704311.8290856 bigbrain_3076_1809_694.nii 139721225844544
increment_file 1567704311.829942 1567704313.222708 bigbrain_3076_1809_694.nii 139721225844544
write_file 1567704313.2538888 1567704314.5893276 inc-bigbrain_3076_1809_694.nii 139721225844544
task_duration 1567704311.8092532 1567704314.5935297 1567703745-tmpfsAD_1it_96cpus_0delay_npc-1 139721225844544
read_file 1567704311.8111732 1567704311.8163261 bigbrain_2307_603_2082.nii 140391410669376
increment_file 1567704311.8170264 1567704313.6938152 bigbrain_2307_603_2082.nii 140391410669376
write_file 1567704313.7198596 1567704315.1022308 inc-bigbrain_2307_603_2082.nii 140391410669376
task_duration 1567704311.805525 1567704315.1124341 1567703745-tmpfsAD_1it_96cpus_0delay_npc-1 140391410669376
read_file 1567704311.808788 1567704311.81438 bigbrain_3076_603_694.nii 139628987238208
increment_file 1567704311.8150237 1567704313.686081 bigbrain_3076_603_694.nii 139628987238208
write_file 1567704313.7107878 1567704315.320309 inc-bigbrain_3076_603_694.nii 139628987238208
task_duration 1567704311.803833 1567704315.3249054 1567703745-tmpfsAD_1it_96cpus_0delay_npc-1 139628987238208
read_file 1567704311.808404 1567704311.8136806 bigbrain_769_603_1388.nii 140189974210368
increment_file 1567704311.8144622 1567704313.6840074 bigbrain_769_603_1388.nii 140189974210368
write_file 1567704313.7103786 1567704315.3125408 inc-bigbrain_769_603_1388.nii 140189974210368
task_duration 1567704311.8035583 1567704315.3169239 1567703745-tmpfsAD_1it_96cpus_0delay_npc-1 140189974210368
read_file 1567704311.7782924 1567704311.7817938 bigbrain_769_1206_2776.nii 140432220944192
increment_file 1567704311.782201 1567704313.1949534 bigbrain_769_1206_2776.nii 140432220944192
write_file 1567704313.2236562 1567704314.444982 inc-bigbrain_769_1206_2776.nii 140432220944192
task_duration 1567704311.7751503 1567704314.4501421 1567703745-tmpfsAD_1it_96cpus_0delay_npc-1 140432220944192
read_file 1567704311.7635107 1567704311.7781363 bigbrain_769_1206_2082.nii 140181414831936
increment_file 1567704311.7785354 1567704313.1633499 bigbrain_769_1206_2082.nii 140181414831936
write_file 1567704313.1913695 1567704314.5381393 inc-bigbrain_769_1206_2082.nii 140181414831936
task_duration 1567704311.760481 1567704314.54186 1567703745-tmpfsAD_1it_96cpus_0delay_npc-1 140181414831936
read_file 1567704311.7719688 1567704311.7756488 bigbrain_3076_1206_694.nii 140218492258112
increment_file 1567704311.7760625 1567704313.1557596 bigbrain_3076_1206_694.nii 140218492258112
write_file 1567704313.1843607 1567704314.4970105 inc-bigbrain_3076_1206_694.nii 140218492258112
task_duration 1567704311.7687767 1567704314.5007908 1567703745-tmpfsAD_1it_96cpus_0delay_npc-1 140218492258112
read_file 1567704311.749415 1567704311.7513418 bigbrain_3076_2412_694.nii 140190576027456
increment_file 1567704311.7515755 1567704313.1004708 bigbrain_3076_2412_694.nii 140190576027456
write_file 1567704313.1306686 1567704314.5564215 inc-bigbrain_3076_2412_694.nii 140190576027456
task_duration 1567704311.747766 1567704314.5607529 1567703745-tmpfsAD_1it_96cpus_0delay_npc-1 140190576027456
read_file 1567704311.74468 1567704311.746734 bigbrain_3076_1809_0.nii 139709454001984
increment_file 1567704311.7470672 1567704313.6386118 bigbrain_3076_1809_0.nii 139709454001984
write_file 1567704313.6682289 1567704315.2841508 inc-bigbrain_3076_1809_0.nii 139709454001984
task_duration 1567704311.7427726 1567704315.2890797 1567703745-tmpfsAD_1it_96cpus_0delay_npc-1 139709454001984
read_file 1567704311.7338123 1567704311.739099 bigbrain_3076_0_0.nii 140094592259904
increment_file 1567704311.739935 1567704313.644824 bigbrain_3076_0_0.nii 140094592259904
write_file 1567704313.6705823 1567704315.2897718 inc-bigbrain_3076_0_0.nii 140094592259904
task_duration 1567704311.7281213 1567704315.2943554 1567703745-tmpfsAD_1it_96cpus_0delay_npc-1 140094592259904
read_file 1567704311.7216606 1567704311.7265887 bigbrain_3076_603_2082.nii 139944738666304
increment_file 1567704311.727438 1567704313.6725411 bigbrain_3076_603_2082.nii 139944738666304
write_file 1567704313.6991892 1567704315.2577345 inc-bigbrain_3076_603_2082.nii 139944738666304
task_duration 1567704311.7122278 1567704315.2640686 1567703745-tmpfsAD_1it_96cpus_0delay_npc-1 139944738666304
read_file 1567704311.697239 1567704311.702125 bigbrain_769_2412_694.nii 140556324616000
increment_file 1567704311.702821 1567704313.6082451 bigbrain_769_2412_694.nii 140556324616000
write_file 1567704313.635837 1567704315.2656145 inc-bigbrain_769_2412_694.nii 140556324616000
task_duration 1567704311.692482 1567704315.2712526 1567703745-tmpfsAD_1it_96cpus_0delay_npc-1 140556324616000
read_file 1567704311.682704 1567704311.6877527 bigbrain_769_2412_0.nii 140029327415104
increment_file 1567704311.6885166 1567704313.0368376 bigbrain_769_2412_0.nii 140029327415104
write_file 1567704313.0709817 1567704314.4704988 inc-bigbrain_769_2412_0.nii 140029327415104
task_duration 1567704311.677369 1567704314.4750957 1567703745-tmpfsAD_1it_96cpus_0delay_npc-1 140029327415104
read_file 1567704311.6821876 1567704311.6874976 bigbrain_769_1809_1388.nii 140177991534400
increment_file 1567704311.6884043 1567704313.6609912 bigbrain_769_1809_1388.nii 140177991534400
write_file 1567704313.6875699 1567704315.3090262 inc-bigbrain_769_1809_1388.nii 140177991534400
task_duration 1567704311.6762648 1567704315.3129199 1567703745-tmpfsAD_1it_96cpus_0delay_npc-1 140177991534400
read_file 1567704311.6707172 1567704311.6750653 bigbrain_769_2412_2082.nii 139684835448640
increment_file 1567704311.675727 1567704313.0863543 bigbrain_769_2412_2082.nii 139684835448640
write_file 1567704313.1179867 1567704314.4713721 inc-bigbrain_769_2412_2082.nii 139684835448640
task_duration 1567704311.6661468 1567704314.4762301 1567703745-tmpfsAD_1it_96cpus_0delay_npc-1 139684835448640
read_file 1567704311.6598496 1567704311.6678684 bigbrain_3076_1809_2082.nii 140581642123072
increment_file 1567704311.6687317 1567704313.5915804 bigbrain_3076_1809_2082.nii 140581642123072
write_file 1567704313.6169446 1567704315.3012967 inc-bigbrain_3076_1809_2082.nii 140581642123072
task_duration 1567704311.6542735 1567704315.3051271 1567703745-tmpfsAD_1it_96cpus_0delay_npc-1 140581642123072
read_file 1567704311.6628132 1567704311.66622 bigbrain_769_1809_2082.nii 139708839970624
increment_file 1567704311.666808 1567704313.0816076 bigbrain_769_1809_2082.nii 139708839970624
write_file 1567704313.1109405 1567704314.4322836 inc-bigbrain_769_1809_2082.nii 139708839970624
task_duration 1567704311.6584392 1567704314.4378924 1567703745-tmpfsAD_1it_96cpus_0delay_npc-1 139708839970624
read_file 1567704311.6547685 1567704311.6572168 bigbrain_769_1206_0.nii 139651442894656
increment_file 1567704311.6575396 1567704313.0535474 bigbrain_769_1206_0.nii 139651442894656
write_file 1567704313.0799654 1567704314.4739861 inc-bigbrain_769_1206_0.nii 139651442894656
task_duration 1567704311.6519744 1567704314.4779272 1567703745-tmpfsAD_1it_96cpus_0delay_npc-1 139651442894656
read_file 1567704311.644095 1567704311.648659 bigbrain_2307_603_694.nii 139981187307328
increment_file 1567704311.6493146 1567704313.5843604 bigbrain_2307_603_694.nii 139981187307328
write_file 1567704313.611797 1567704315.275271 inc-bigbrain_2307_603_694.nii 139981187307328
task_duration 1567704311.6391952 1567704315.2802396 1567703745-tmpfsAD_1it_96cpus_0delay_npc-1 139981187307328
read_file 1567704311.641283 1567704311.6465273 bigbrain_2307_2412_694.nii 139863831209792
increment_file 1567704311.647143 1567704313.5886755 bigbrain_2307_2412_694.nii 139863831209792
write_file 1567704313.6138854 1567704315.2468734 inc-bigbrain_2307_2412_694.nii 139863831209792
task_duration 1567704311.6370227 1567704315.254784 1567703745-tmpfsAD_1it_96cpus_0delay_npc-1 139863831209792
read_file 1567704311.6386704 1567704311.6436608 bigbrain_769_603_0.nii 140299101828928
increment_file 1567704311.6442435 1567704313.5868254 bigbrain_769_603_0.nii 140299101828928
write_file 1567704313.6125913 1567704315.2743568 inc-bigbrain_769_603_0.nii 140299101828928
task_duration 1567704311.634238 1567704315.2790132 1567703745-tmpfsAD_1it_96cpus_0delay_npc-1 140299101828928
read_file 1567704311.6305187 1567704311.633627 bigbrain_3076_0_2776.nii 140256161376064
increment_file 1567704311.6342108 1567704312.9599392 bigbrain_3076_0_2776.nii 140256161376064
write_file 1567704312.9897087 1567704314.424638 inc-bigbrain_3076_0_2776.nii 140256161376064
task_duration 1567704311.6263046 1567704314.433106 1567703745-tmpfsAD_1it_96cpus_0delay_npc-1 140256161376064
read_file 1567704311.6195636 1567704311.6241164 bigbrain_769_603_2776.nii 140490551228224
increment_file 1567704311.624758 1567704313.5697327 bigbrain_769_603_2776.nii 140490551228224
write_file 1567704313.5958467 1567704315.2516425 inc-bigbrain_769_603_2776.nii 140490551228224
task_duration 1567704311.6152117 1567704315.2609613 1567703745-tmpfsAD_1it_96cpus_0delay_npc-1 140490551228224
read_file 1567704311.61985 1567704311.624095 bigbrain_2307_603_1388.nii 139917379098432
increment_file 1567704311.6247451 1567704313.5657403 bigbrain_2307_603_1388.nii 139917379098432
write_file 1567704313.5932798 1567704315.2312815 inc-bigbrain_2307_603_1388.nii 139917379098432
task_duration 1567704311.6154807 1567704315.2403433 1567703745-tmpfsAD_1it_96cpus_0delay_npc-1 139917379098432
read_file 1567704311.5998278 1567704311.6046875 bigbrain_2307_2412_2776.nii 140020509636416
increment_file 1567704311.6052969 1567704313.046441 bigbrain_2307_2412_2776.nii 140020509636416
write_file 1567704313.0812907 1567704314.4628842 inc-bigbrain_2307_2412_2776.nii 140020509636416
task_duration 1567704311.5955374 1567704314.4678288 1567703745-tmpfsAD_1it_96cpus_0delay_npc-1 140020509636416
read_file 1567704311.6015537 1567704311.603674 bigbrain_2307_2412_0.nii 139711560492864
increment_file 1567704311.6039639 1567704313.001452 bigbrain_2307_2412_0.nii 139711560492864
write_file 1567704313.0282962 1567704314.4563959 inc-bigbrain_2307_2412_0.nii 139711560492864
task_duration 1567704311.5991595 1567704314.4608004 1567703745-tmpfsAD_1it_96cpus_0delay_npc-1 139711560492864
read_file 1567704311.5976386 1567704311.6014812 bigbrain_3076_603_1388.nii 140486920976192
increment_file 1567704311.6020448 1567704313.5618632 bigbrain_3076_603_1388.nii 140486920976192
write_file 1567704313.589218 1567704315.1817913 inc-bigbrain_3076_603_1388.nii 140486920976192
task_duration 1567704311.5939126 1567704315.1909053 1567703745-tmpfsAD_1it_96cpus_0delay_npc-1 140486920976192
read_file 1567704311.581632 1567704311.5861113 bigbrain_3076_1206_2082.nii 139630287165248
increment_file 1567704311.586617 1567704313.5415535 bigbrain_3076_1206_2082.nii 139630287165248
write_file 1567704313.5686123 1567704315.2178528 inc-bigbrain_3076_1206_2082.nii 139630287165248
task_duration 1567704311.5772312 1567704315.23009 1567703745-tmpfsAD_1it_96cpus_0delay_npc-1 139630287165248
read_file 1567704311.5689654 1567704311.5715704 bigbrain_2307_2412_2082.nii 140571334924096
increment_file 1567704311.5718932 1567704312.9619784 bigbrain_2307_2412_2082.nii 140571334924096
write_file 1567704312.9918985 1567704314.4610238 inc-bigbrain_2307_2412_2082.nii 140571334924096
task_duration 1567704311.5662901 1567704314.465868 1567703745-tmpfsAD_1it_96cpus_0delay_npc-1 140571334924096
read_file 1567704311.5628989 1567704311.56714 bigbrain_2307_603_0.nii 140356035364672
increment_file 1567704311.5713968 1567704313.5346565 bigbrain_2307_603_0.nii 140356035364672
write_file 1567704313.5624838 1567704315.1859882 inc-bigbrain_2307_603_0.nii 140356035364672
task_duration 1567704311.5591042 1567704315.195337 1567703745-tmpfsAD_1it_96cpus_0delay_npc-1 140356035364672
read_file 1567704311.5576563 1567704311.5603025 bigbrain_769_0_2776.nii 140657737160512
increment_file 1567704311.5605543 1567704312.961867 bigbrain_769_0_2776.nii 140657737160512
write_file 1567704312.9914904 1567704314.4269407 inc-bigbrain_769_0_2776.nii 140657737160512
task_duration 1567704311.5559013 1567704314.4329093 1567703745-tmpfsAD_1it_96cpus_0delay_npc-1 140657737160512
read_file 1567704311.557846 1567704311.5599833 bigbrain_3076_0_694.nii 139723922130752
increment_file 1567704311.5603092 1567704312.98131 bigbrain_3076_0_694.nii 139723922130752
write_file 1567704313.0075278 1567704314.3146033 inc-bigbrain_3076_0_694.nii 139723922130752
task_duration 1567704311.555565 1567704314.3216243 1567703745-tmpfsAD_1it_96cpus_0delay_npc-1 139723922130752
read_file 1567704311.5479522 1567704311.550356 bigbrain_3076_603_0.nii 139942640043840
increment_file 1567704311.5507402 1567704313.5145354 bigbrain_3076_603_0.nii 139942640043840
write_file 1567704313.5409253 1567704315.205075 inc-bigbrain_3076_603_0.nii 139942640043840
task_duration 1567704311.5449588 1567704315.2120678 1567703745-tmpfsAD_1it_96cpus_0delay_npc-1 139942640043840
read_file 1567704311.5384874 1567704311.540248 bigbrain_3076_2412_2776.nii 140303552665408
increment_file 1567704311.540513 1567704312.876211 bigbrain_3076_2412_2776.nii 140303552665408
write_file 1567704312.9047956 1567704314.4069934 inc-bigbrain_3076_2412_2776.nii 140303552665408
task_duration 1567704311.5362568 1567704314.4121296 1567703745-tmpfsAD_1it_96cpus_0delay_npc-1 140303552665408
read_file 1567704311.53542 1567704311.5372062 bigbrain_3076_1206_2776.nii 140477048018752
increment_file 1567704311.5374608 1567704312.9124753 bigbrain_3076_1206_2776.nii 140477048018752
write_file 1567704312.9405737 1567704314.433397 inc-bigbrain_3076_1206_2776.nii 140477048018752
task_duration 1567704311.5332673 1567704314.4387186 1567703745-tmpfsAD_1it_96cpus_0delay_npc-1 140477048018752
read_file 1567704311.532172 1567704311.534081 bigbrain_2307_2412_1388.nii 140653101578048
increment_file 1567704311.5343528 1567704312.8980806 bigbrain_2307_2412_1388.nii 140653101578048
write_file 1567704312.927354 1567704314.3814209 inc-bigbrain_2307_2412_1388.nii 140653101578048
task_duration 1567704311.5299017 1567704314.3875895 1567703745-tmpfsAD_1it_96cpus_0delay_npc-1 140653101578048
read_file 1567704311.5266538 1567704311.5299134 bigbrain_2307_1206_1388.nii 139858777032512
increment_file 1567704311.5304246 1567704313.4771304 bigbrain_2307_1206_1388.nii 139858777032512
write_file 1567704313.522438 1567704315.233114 inc-bigbrain_2307_1206_1388.nii 139858777032512
task_duration 1567704311.5233111 1567704315.240437 1567703745-tmpfsAD_1it_96cpus_0delay_npc-1 139858777032512
read_file 1567704311.5240047 1567704311.5277226 bigbrain_1538_1206_0.nii 140581699086144
increment_file 1567704311.528121 1567704313.5229466 bigbrain_1538_1206_0.nii 140581699086144
write_file 1567704313.5526464 1567704315.234703 inc-bigbrain_1538_1206_0.nii 140581699086144
task_duration 1567704311.5205455 1567704315.2443256 1567703745-tmpfsAD_1it_96cpus_0delay_npc-1 140581699086144
read_file 1567704311.517585 1567704311.5199993 bigbrain_2307_1809_2776.nii 140224240797504
increment_file 1567704311.520352 1567704312.9331975 bigbrain_2307_1809_2776.nii 140224240797504
write_file 1567704312.9678984 1567704314.323911 inc-bigbrain_2307_1809_2776.nii 140224240797504
task_duration 1567704311.5152416 1567704314.3305042 1567703745-tmpfsAD_1it_96cpus_0delay_npc-1 140224240797504
read_file 1567704311.5113428 1567704311.5149536 bigbrain_3076_2412_2082.nii 139871285811008
increment_file 1567704311.5155306 1567704313.4934254 bigbrain_3076_2412_2082.nii 139871285811008
write_file 1567704313.5210302 1567704315.2526348 inc-bigbrain_3076_2412_2082.nii 139871285811008
task_duration 1567704311.5069048 1567704315.2600722 1567703745-tmpfsAD_1it_96cpus_0delay_npc-1 139871285811008
read_file 1567704311.5104513 1567704311.513146 bigbrain_2307_1206_2776.nii 139974328170304
increment_file 1567704311.513441 1567704312.9115033 bigbrain_2307_1206_2776.nii 139974328170304
write_file 1567704312.9423923 1567704314.3531039 inc-bigbrain_2307_1206_2776.nii 139974328170304
task_duration 1567704311.507707 1567704314.3596144 1567703745-tmpfsAD_1it_96cpus_0delay_npc-1 139974328170304
read_file 1567704311.5039487 1567704311.5056825 bigbrain_3076_2412_0.nii 140412652259136
increment_file 1567704311.5059237 1567704312.896474 bigbrain_3076_2412_0.nii 140412652259136
write_file 1567704312.9253483 1567704314.3943284 inc-bigbrain_3076_2412_0.nii 140412652259136
task_duration 1567704311.5011559 1567704314.4002526 1567703745-tmpfsAD_1it_96cpus_0delay_npc-1 140412652259136
read_file 1567704311.4997272 1567704311.5030386 bigbrain_3076_0_1388.nii 139911036933952
increment_file 1567704311.5033393 1567704312.846669 bigbrain_3076_0_1388.nii 139911036933952
write_file 1567704312.883526 1567704314.352566 inc-bigbrain_3076_0_1388.nii 139911036933952
task_duration 1567704311.4967723 1567704314.3605108 1567703745-tmpfsAD_1it_96cpus_0delay_npc-1 139911036933952
read_file 1567704311.5002422 1567704311.5023007 bigbrain_769_1809_0.nii 139692905682752
increment_file 1567704311.5025747 1567704313.4695776 bigbrain_769_1809_0.nii 139692905682752
write_file 1567704313.5191147 1567704315.2386935 inc-bigbrain_769_1809_0.nii 139692905682752
task_duration 1567704311.497151 1567704315.2457588 1567703745-tmpfsAD_1it_96cpus_0delay_npc-1 139692905682752
read_file 1567704311.4975116 1567704311.499677 bigbrain_1538_1809_1388.nii 140208688461632
increment_file 1567704311.4999778 1567704312.8360896 bigbrain_1538_1809_1388.nii 140208688461632
write_file 1567704312.8730106 1567704314.385531 inc-bigbrain_1538_1809_1388.nii 140208688461632
task_duration 1567704311.4953063 1567704314.393352 1567703745-tmpfsAD_1it_96cpus_0delay_npc-1 140208688461632
read_file 1567704311.4969566 1567704311.4992332 bigbrain_1538_2412_2082.nii 140674331580224
increment_file 1567704311.4995527 1567704312.8546143 bigbrain_1538_2412_2082.nii 140674331580224
write_file 1567704312.8890562 1567704314.401109 inc-bigbrain_1538_2412_2082.nii 140674331580224
task_duration 1567704311.4949255 1567704314.4077008 1567703745-tmpfsAD_1it_96cpus_0delay_npc-1 140674331580224
read_file 1567704311.491076 1567704311.4937325 bigbrain_1538_603_2082.nii 140528127280960
increment_file 1567704311.4941056 1567704313.4387121 bigbrain_1538_603_2082.nii 140528127280960
write_file 1567704313.4719858 1567704315.217733 inc-bigbrain_1538_603_2082.nii 140528127280960
task_duration 1567704311.4879167 1567704315.2276194 1567703745-tmpfsAD_1it_96cpus_0delay_npc-1 140528127280960
read_file 1567704311.4856582 1567704311.4877706 bigbrain_1538_1206_2082.nii 140397253519168
increment_file 1567704311.4880672 1567704313.4371843 bigbrain_1538_1206_2082.nii 140397253519168
write_file 1567704313.460634 1567704315.2189684 inc-bigbrain_1538_1206_2082.nii 140397253519168
task_duration 1567704311.483099 1567704315.2281458 1567703745-tmpfsAD_1it_96cpus_0delay_npc-1 140397253519168
read_file 1567704311.4716082 1567704311.4738863 bigbrain_3076_1206_1388.nii 140299055114048
increment_file 1567704311.4741101 1567704313.4271848 bigbrain_3076_1206_1388.nii 140299055114048
write_file 1567704313.4692755 1567704315.22773 inc-bigbrain_3076_1206_1388.nii 140299055114048
task_duration 1567704311.4688144 1567704315.235761 1567703745-tmpfsAD_1it_96cpus_0delay_npc-1 140299055114048
read_file 1567704311.4710226 1567704311.4734178 bigbrain_2307_1809_1388.nii 140305477310272
increment_file 1567704311.4737215 1567704313.4092498 bigbrain_2307_1809_1388.nii 140305477310272
write_file 1567704313.4583547 1567704315.2189288 inc-bigbrain_2307_1809_1388.nii 140305477310272
task_duration 1567704311.4681025 1567704315.2284567 1567703745-tmpfsAD_1it_96cpus_0delay_npc-1 140305477310272
read_file 1567704311.4687128 1567704311.4707422 bigbrain_769_0_0.nii 140009268758336
increment_file 1567704311.4710562 1567704312.6575422 bigbrain_769_0_0.nii 140009268758336
write_file 1567704312.6884549 1567704314.19088 inc-bigbrain_769_0_0.nii 140009268758336
task_duration 1567704311.4661527 1567704314.2028725 1567703745-tmpfsAD_1it_96cpus_0delay_npc-1 140009268758336
read_file 1567704311.4663103 1567704311.467999 bigbrain_2307_1809_2082.nii 140045470156608
increment_file 1567704311.4681978 1567704313.397881 bigbrain_2307_1809_2082.nii 140045470156608
write_file 1567704313.4504294 1567704315.2211185 inc-bigbrain_2307_1809_2082.nii 140045470156608
task_duration 1567704311.464331 1567704315.230467 1567703745-tmpfsAD_1it_96cpus_0delay_npc-1 140045470156608
read_file 1567704311.465205 1567704311.466853 bigbrain_3076_0_2082.nii 140102397228864
increment_file 1567704311.4670575 1567704313.3389597 bigbrain_3076_0_2082.nii 140102397228864
write_file 1567704313.3796103 1567704315.0311637 inc-bigbrain_3076_0_2082.nii 140102397228864
task_duration 1567704311.463063 1567704315.0423763 1567703745-tmpfsAD_1it_96cpus_0delay_npc-1 140102397228864
read_file 1567704311.463695 1567704311.465271 bigbrain_769_2412_1388.nii 140381647275840
increment_file 1567704311.4654777 1567704313.410614 bigbrain_769_2412_1388.nii 140381647275840
write_file 1567704313.4574406 1567704315.19892 inc-bigbrain_769_2412_1388.nii 140381647275840
task_duration 1567704311.4602532 1567704315.2073407 1567703745-tmpfsAD_1it_96cpus_0delay_npc-1 140381647275840
read_file 1567704311.4567823 1567704311.4586954 bigbrain_3076_1809_1388.nii 140446037178176
increment_file 1567704311.4589238 1567704313.4337833 bigbrain_3076_1809_1388.nii 140446037178176
write_file 1567704313.4700265 1567704315.2177153 inc-bigbrain_3076_1809_1388.nii 140446037178176
task_duration 1567704311.4546432 1567704315.2284114 1567703745-tmpfsAD_1it_96cpus_0delay_npc-1 140446037178176
read_file 1567704311.4565187 1567704311.4584122 bigbrain_2307_1809_0.nii 139838378473280
increment_file 1567704311.4586766 1567704313.3836823 bigbrain_2307_1809_0.nii 139838378473280
write_file 1567704313.4257364 1567704315.1823447 inc-bigbrain_2307_1809_0.nii 139838378473280
task_duration 1567704311.45446 1567704315.1913362 1567703745-tmpfsAD_1it_96cpus_0delay_npc-1 139838378473280
read_file 1567704311.448107 1567704311.4502106 bigbrain_3076_1809_2776.nii 140146492409664
increment_file 1567704311.450489 1567704313.3953657 bigbrain_3076_1809_2776.nii 140146492409664
write_file 1567704313.442946 1567704315.1594296 inc-bigbrain_3076_1809_2776.nii 140146492409664
task_duration 1567704311.4456255 1567704315.1686516 1567703745-tmpfsAD_1it_96cpus_0delay_npc-1 140146492409664
read_file 1567704311.445611 1567704311.4475193 bigbrain_2307_1206_2082.nii 140308353894208
increment_file 1567704311.4478068 1567704312.7072241 bigbrain_2307_1206_2082.nii 140308353894208
write_file 1567704312.7378643 1567704314.3064253 inc-bigbrain_2307_1206_2082.nii 140308353894208
task_duration 1567704311.4434292 1567704314.3187723 1567703745-tmpfsAD_1it_96cpus_0delay_npc-1 140308353894208
read_file 1567704311.4315777 1567704311.4338565 bigbrain_1538_0_694.nii 140340676876096
increment_file 1567704311.434075 1567704313.2635732 bigbrain_1538_0_694.nii 140340676876096
write_file 1567704313.3112223 1567704315.037636 inc-bigbrain_1538_0_694.nii 140340676876096
task_duration 1567704311.428072 1567704315.0488827 1567703745-tmpfsAD_1it_96cpus_0delay_npc-1 140340676876096
read_file 1567704311.4241464 1567704311.4255323 bigbrain_2307_1809_694.nii 140396220028736
increment_file 1567704311.4257355 1567704313.3257265 bigbrain_2307_1809_694.nii 140396220028736
write_file 1567704313.374204 1567704315.1207762 inc-bigbrain_2307_1809_694.nii 140396220028736
task_duration 1567704311.4217393 1567704315.1306765 1567703745-tmpfsAD_1it_96cpus_0delay_npc-1 140396220028736
read_file 1567704311.4234538 1567704311.4249558 bigbrain_2307_0_2776.nii 140645155174208
increment_file 1567704311.4251583 1567704313.3002436 bigbrain_2307_0_2776.nii 140645155174208
write_file 1567704313.3340795 1567704315.0329423 inc-bigbrain_2307_0_2776.nii 140645155174208
task_duration 1567704311.4201026 1567704315.0445676 1567703745-tmpfsAD_1it_96cpus_0delay_npc-1 140645155174208
read_file 1567704311.4230392 1567704311.4247217 bigbrain_1538_2412_694.nii 140369280259904
increment_file 1567704311.4249434 1567704312.7196198 bigbrain_1538_2412_694.nii 140369280259904
write_file 1567704312.7521977 1567704314.2661538 inc-bigbrain_1538_2412_694.nii 140369280259904
task_duration 1567704311.4194522 1567704314.2760794 1567703745-tmpfsAD_1it_96cpus_0delay_npc-1 140369280259904
read_file 1567704311.4182122 1567704311.4200826 bigbrain_1538_0_2776.nii 139846231271232
increment_file 1567704311.4203277 1567704313.310225 bigbrain_1538_0_2776.nii 139846231271232
write_file 1567704313.3479183 1567704315.0695183 inc-bigbrain_1538_0_2776.nii 139846231271232
task_duration 1567704311.4159222 1567704315.0793383 1567703745-tmpfsAD_1it_96cpus_0delay_npc-1 139846231271232
read_file 1567704311.4171324 1567704311.4190164 bigbrain_1538_1809_0.nii 140673711163200
increment_file 1567704311.419257 1567704312.6186297 bigbrain_1538_1809_0.nii 140673711163200
write_file 1567704312.6499763 1567704314.132852 inc-bigbrain_1538_1809_0.nii 140673711163200
task_duration 1567704311.4148939 1567704314.142407 1567703745-tmpfsAD_1it_96cpus_0delay_npc-1 140673711163200
read_file 1567704311.415529 1567704311.4171207 bigbrain_769_0_694.nii 140018726987584
increment_file 1567704311.4173167 1567704313.2353632 bigbrain_769_0_694.nii 140018726987584
write_file 1567704313.2789347 1567704315.0024722 inc-bigbrain_769_0_694.nii 140018726987584
task_duration 1567704311.4136312 1567704315.0142915 1567703745-tmpfsAD_1it_96cpus_0delay_npc-1 140018726987584
read_file 1567704311.414735 1567704311.4162421 bigbrain_3076_1206_0.nii 139902860101440
increment_file 1567704311.4164379 1567704313.2704499 bigbrain_3076_1206_0.nii 139902860101440
write_file 1567704313.2991765 1567704315.039771 inc-bigbrain_3076_1206_0.nii 139902860101440
task_duration 1567704311.4129322 1567704315.0506988 1567703745-tmpfsAD_1it_96cpus_0delay_npc-1 139902860101440
read_file 1567704311.4074562 1567704311.4093337 bigbrain_1538_2412_2776.nii 140260025653056
increment_file 1567704311.4095657 1567704312.6642082 bigbrain_1538_2412_2776.nii 140260025653056
write_file 1567704312.6995437 1567704314.161001 inc-bigbrain_1538_2412_2776.nii 140260025653056
task_duration 1567704311.4050052 1567704314.1680892 1567703745-tmpfsAD_1it_96cpus_0delay_npc-1 140260025653056
read_file 1567704311.4069765 1567704311.4088008 bigbrain_2307_0_0.nii 139895635412800
increment_file 1567704311.4090343 1567704313.2804344 bigbrain_2307_0_0.nii 139895635412800
write_file 1567704313.3252773 1567704315.0666945 inc-bigbrain_2307_0_0.nii 139895635412800
task_duration 1567704311.4046664 1567704315.0770772 1567703745-tmpfsAD_1it_96cpus_0delay_npc-1 139895635412800
read_file 1567704311.4042068 1567704311.4056556 bigbrain_2307_0_2082.nii 140689264760640
increment_file 1567704311.405852 1567704313.230588 bigbrain_2307_0_2082.nii 140689264760640
write_file 1567704313.2751756 1567704315.025718 inc-bigbrain_2307_0_2082.nii 140689264760640
task_duration 1567704311.4024355 1567704315.03921 1567703745-tmpfsAD_1it_96cpus_0delay_npc-1 140689264760640
read_file 1567704311.4012601 1567704311.4034011 bigbrain_1538_1809_2776.nii 140155620595520
increment_file 1567704311.4035776 1567704312.5808885 bigbrain_1538_1809_2776.nii 140155620595520
write_file 1567704312.6154785 1567704314.1451726 inc-bigbrain_1538_1809_2776.nii 140155620595520
task_duration 1567704311.3977838 1567704314.154185 1567703745-tmpfsAD_1it_96cpus_0delay_npc-1 140155620595520
read_file 1567704311.3874934 1567704311.3893807 bigbrain_1538_603_0.nii 140688569268032
increment_file 1567704311.3896217 1567704312.5234218 bigbrain_1538_603_0.nii 140688569268032
write_file 1567704312.558439 1567704314.0509882 inc-bigbrain_1538_603_0.nii 140688569268032
task_duration 1567704311.3850834 1567704314.0606687 1567703745-tmpfsAD_1it_96cpus_0delay_npc-1 140688569268032
read_file 1567704311.3848646 1567704311.3863366 bigbrain_1538_1206_1388.nii 140575511721792
increment_file 1567704311.3865333 1567704312.5733702 bigbrain_1538_1206_1388.nii 140575511721792
write_file 1567704312.6589696 1567704314.1801863 inc-bigbrain_1538_1206_1388.nii 140575511721792
task_duration 1567704311.3829818 1567704314.189204 1567703745-tmpfsAD_1it_96cpus_0delay_npc-1 140575511721792
read_file 1567704311.3803146 1567704311.382652 bigbrain_1538_2412_0.nii 139635903752000
increment_file 1567704311.3828027 1567704313.094537 bigbrain_1538_2412_0.nii 139635903752000
write_file 1567704313.130943 1567704314.8824387 inc-bigbrain_1538_2412_0.nii 139635903752000
task_duration 1567704311.3770778 1567704314.8944664 1567703745-tmpfsAD_1it_96cpus_0delay_npc-1 139635903752000
read_file 1567704311.3778667 1567704311.3796155 bigbrain_2307_1206_0.nii 140316488259392
increment_file 1567704311.379855 1567704313.283076 bigbrain_2307_1206_0.nii 140316488259392
write_file 1567704313.3180525 1567704315.0563416 inc-bigbrain_2307_1206_0.nii 140316488259392
task_duration 1567704311.375686 1567704315.0662189 1567703745-tmpfsAD_1it_96cpus_0delay_npc-1 140316488259392
read_file 1567704311.375064 1567704311.3768175 bigbrain_2307_603_2776.nii 140373008631616
increment_file 1567704311.377018 1567704313.2742615 bigbrain_2307_603_2776.nii 140373008631616
write_file 1567704313.315786 1567704315.0928862 inc-bigbrain_2307_603_2776.nii 140373008631616
task_duration 1567704311.3727348 1567704315.1032512 1567703745-tmpfsAD_1it_96cpus_0delay_npc-1 140373008631616
read_file 1567704311.3738701 1567704311.3750846 bigbrain_1538_1206_2776.nii 140698432128832
increment_file 1567704311.3752546 1567704312.5312023 bigbrain_1538_1206_2776.nii 140698432128832
write_file 1567704312.5687056 1567704314.1191154 inc-bigbrain_1538_1206_2776.nii 140698432128832
task_duration 1567704311.3716729 1567704314.1291535 1567703745-tmpfsAD_1it_96cpus_0delay_npc-1 140698432128832
read_file 1567704311.3717165 1567704311.373512 bigbrain_3076_2412_1388.nii 140409093863232
increment_file 1567704311.3736742 1567704312.5243564 bigbrain_3076_2412_1388.nii 140409093863232
write_file 1567704312.5612257 1567704314.1261885 inc-bigbrain_3076_2412_1388.nii 140409093863232
task_duration 1567704311.3683887 1567704314.1353424 1567703745-tmpfsAD_1it_96cpus_0delay_npc-1 140409093863232
read_file 1567704311.3699744 1567704311.3722847 bigbrain_1538_1809_694.nii 140195979507520
increment_file 1567704311.372468 1567704313.0942674 bigbrain_1538_1809_694.nii 140195979507520
write_file 1567704313.1282225 1567704314.9377663 inc-bigbrain_1538_1809_694.nii 140195979507520
task_duration 1567704311.366758 1567704314.9495745 1567703745-tmpfsAD_1it_96cpus_0delay_npc-1 140195979507520
read_file 1567704311.3699276 1567704311.3721879 bigbrain_1538_603_1388.nii 139995571533632
increment_file 1567704311.37246 1567704312.468562 bigbrain_1538_603_1388.nii 139995571533632
write_file 1567704312.506469 1567704314.0196912 inc-bigbrain_1538_603_1388.nii 139995571533632
task_duration 1567704311.3668242 1567704314.0302587 1567703745-tmpfsAD_1it_96cpus_0delay_npc-1 139995571533632
read_file 1567704311.36781 1567704311.3697076 bigbrain_1538_603_694.nii 139881762961216
increment_file 1567704311.369929 1567704312.499903 bigbrain_1538_603_694.nii 139881762961216
write_file 1567704312.5323398 1567704314.0295029 inc-bigbrain_1538_603_694.nii 139881762961216
task_duration 1567704311.3652241 1567704314.0394702 1567703745-tmpfsAD_1it_96cpus_0delay_npc-1 139881762961216
read_file 1567704311.3155887 1567704311.3179634 bigbrain_1538_1809_2082.nii 139950824445760
increment_file 1567704311.3182387 1567704312.3150396 bigbrain_1538_1809_2082.nii 139950824445760
write_file 1567704312.3536909 1567704313.8464713 inc-bigbrain_1538_1809_2082.nii 139950824445760
task_duration 1567704311.310995 1567704313.8578649 1567703745-tmpfsAD_1it_96cpus_0delay_npc-1 139950824445760
read_file 1567704311.3142834 1567704311.3157988 bigbrain_1538_2412_1388.nii 140712458700608
increment_file 1567704311.3159723 1567704312.2836988 bigbrain_1538_2412_1388.nii 140712458700608
write_file 1567704312.3246644 1567704313.8974266 inc-bigbrain_1538_2412_1388.nii 140712458700608
task_duration 1567704311.3111763 1567704313.9101439 1567703745-tmpfsAD_1it_96cpus_0delay_npc-1 140712458700608
read_file 1567704311.3141172 1567704311.3155324 bigbrain_2307_0_694.nii 140506541455168
increment_file 1567704311.3157127 1567704312.281162 bigbrain_2307_0_694.nii 140506541455168
write_file 1567704312.3184745 1567704313.7321947 inc-bigbrain_2307_0_694.nii 140506541455168
task_duration 1567704311.3109705 1567704313.7476866 1567703745-tmpfsAD_1it_96cpus_0delay_npc-1 140506541455168
read_file 1567704311.3140695 1567704311.3155246 bigbrain_2307_0_1388.nii 140701373978432
increment_file 1567704311.3156917 1567704312.2793562 bigbrain_2307_0_1388.nii 140701373978432
write_file 1567704312.3161626 1567704313.7455783 inc-bigbrain_2307_0_1388.nii 140701373978432
task_duration 1567704311.3107796 1567704313.7583356 1567703745-tmpfsAD_1it_96cpus_0delay_npc-1 140701373978432
read_file 1567704311.3141062 1567704311.3155103 bigbrain_2307_1206_694.nii 140338074404672
increment_file 1567704311.315693 1567704312.2253156 bigbrain_2307_1206_694.nii 140338074404672
write_file 1567704312.261442 1567704313.7342699 inc-bigbrain_2307_1206_694.nii 140338074404672
task_duration 1567704311.3107443 1567704313.7471206 1567703745-tmpfsAD_1it_96cpus_0delay_npc-1 140338074404672
read_file 1567704311.3141682 1567704311.3155134 bigbrain_1538_1206_694.nii 139642036696896
increment_file 1567704311.3156896 1567704312.2610872 bigbrain_1538_1206_694.nii 139642036696896
write_file 1567704312.2964337 1567704313.79138 inc-bigbrain_1538_1206_694.nii 139642036696896
task_duration 1567704311.3107963 1567704313.8031683 1567703745-tmpfsAD_1it_96cpus_0delay_npc-1 139642036696896
read_file 1567704311.3141365 1567704311.315477 bigbrain_1538_603_2776.nii 140243527210816
increment_file 1567704311.3156517 1567704312.8234901 bigbrain_1538_603_2776.nii 140243527210816
write_file 1567704312.8635209 1567704314.7682607 inc-bigbrain_1538_603_2776.nii 140243527210816
task_duration 1567704311.310879 1567704314.7810633 1567703745-tmpfsAD_1it_96cpus_0delay_npc-1 140243527210816
