read_file 1567709214.5402331 1567709214.541641 bigbrain_3076_0_1388.nii 140565262702400
increment_file 1567709214.5418806 1567709259.695108 bigbrain_3076_0_1388.nii 140565262702400
write_file 1567709259.7227533 1567709265.424281 inc-bigbrain_3076_0_1388.nii 140565262702400
task_duration 1567709214.5362506 1567709265.4268718 1567708997-optaneAD_1it_96cpus_0delay_npc-2 140565262702400
read_file 1567709214.5402424 1567709214.5416527 bigbrain_1538_2412_1388.nii 139690578343744
increment_file 1567709214.5419166 1567709258.9489665 bigbrain_1538_2412_1388.nii 139690578343744
write_file 1567709258.9918425 1567709265.2860053 inc-bigbrain_1538_2412_1388.nii 139690578343744
task_duration 1567709214.536308 1567709265.288566 1567708997-optaneAD_1it_96cpus_0delay_npc-2 139690578343744
read_file 1567709214.5402415 1567709214.5416782 bigbrain_769_0_694.nii 140289345042240
increment_file 1567709214.541937 1567709259.283227 bigbrain_769_0_694.nii 140289345042240
write_file 1567709259.3028018 1567709265.2316487 inc-bigbrain_769_0_694.nii 140289345042240
task_duration 1567709214.5357184 1567709265.2342443 1567708997-optaneAD_1it_96cpus_0delay_npc-2 140289345042240
read_file 1567709214.5410237 1567709214.5423455 bigbrain_1538_1206_2776.nii 139859267389248
increment_file 1567709214.5425553 1567709258.92292 bigbrain_1538_1206_2776.nii 139859267389248
write_file 1567709258.9444828 1567709265.2545664 inc-bigbrain_1538_1206_2776.nii 139859267389248
task_duration 1567709214.5387986 1567709265.2580843 1567708997-optaneAD_1it_96cpus_0delay_npc-2 139859267389248
read_file 1567709214.5433707 1567709214.5450714 bigbrain_769_2412_2776.nii 139761745983296
increment_file 1567709214.54535 1567709259.2811143 bigbrain_769_2412_2776.nii 139761745983296
write_file 1567709259.2943237 1567709265.1636875 inc-bigbrain_769_2412_2776.nii 139761745983296
task_duration 1567709214.5411184 1567709265.1669543 1567708997-optaneAD_1it_96cpus_0delay_npc-2 139761745983296
read_file 1567709214.543239 1567709214.5451882 bigbrain_1538_1206_1388.nii 140697374402368
increment_file 1567709214.5454702 1567709259.7137027 bigbrain_1538_1206_1388.nii 140697374402368
write_file 1567709259.7504413 1567709267.6655705 inc-bigbrain_1538_1206_1388.nii 140697374402368
task_duration 1567709214.5408075 1567709267.6688612 1567708997-optaneAD_1it_96cpus_0delay_npc-2 140697374402368
read_file 1567709214.5439093 1567709214.5458062 bigbrain_2307_1206_694.nii 140339911108416
increment_file 1567709214.546105 1567709260.0182054 bigbrain_2307_1206_694.nii 140339911108416
write_file 1567709260.2123232 1567709265.521985 inc-bigbrain_2307_1206_694.nii 140339911108416
task_duration 1567709214.541579 1567709265.524486 1567708997-optaneAD_1it_96cpus_0delay_npc-2 140339911108416
read_file 1567709214.5448213 1567709214.5474699 bigbrain_1538_1206_0.nii 140330720225088
increment_file 1567709214.5479612 1567709260.3280787 bigbrain_1538_1206_0.nii 140330720225088
write_file 1567709260.405387 1567709265.029855 inc-bigbrain_1538_1206_0.nii 140330720225088
task_duration 1567709214.5424235 1567709265.0332167 1567708997-optaneAD_1it_96cpus_0delay_npc-2 140330720225088
read_file 1567709214.5929239 1567709214.5946462 bigbrain_769_1809_2776.nii 139718703810368
increment_file 1567709214.5958538 1567709259.7602222 bigbrain_769_1809_2776.nii 139718703810368
write_file 1567709259.7646194 1567709273.0300431 inc-bigbrain_769_1809_2776.nii 139718703810368
task_duration 1567709214.5911114 1567709273.0325816 1567708997-optaneAD_1it_96cpus_0delay_npc-2 139718703810368
read_file 1567709214.600008 1567709214.6015255 bigbrain_2307_603_0.nii 139990352996160
increment_file 1567709214.6024404 1567709260.2825096 bigbrain_2307_603_0.nii 139990352996160
write_file 1567709260.2874663 1567709269.1020193 inc-bigbrain_2307_603_0.nii 139990352996160
task_duration 1567709214.5967636 1567709269.104622 1567708997-optaneAD_1it_96cpus_0delay_npc-2 139990352996160
read_file 1567709214.601052 1567709214.6059926 bigbrain_3076_603_0.nii 140209561012032
increment_file 1567709214.6083214 1567709261.3870115 bigbrain_3076_603_0.nii 140209561012032
write_file 1567709261.4066145 1567709277.1220543 inc-bigbrain_3076_603_0.nii 140209561012032
task_duration 1567709214.5987918 1567709277.125005 1567708997-optaneAD_1it_96cpus_0delay_npc-2 140209561012032
read_file 1567709214.6027205 1567709214.6073174 bigbrain_769_1206_694.nii 140511330674496
increment_file 1567709214.6093907 1567709259.8211277 bigbrain_769_1206_694.nii 140511330674496
write_file 1567709259.8440392 1567709265.4157515 inc-bigbrain_769_1206_694.nii 140511330674496
task_duration 1567709214.5965445 1567709265.418842 1567708997-optaneAD_1it_96cpus_0delay_npc-2 140511330674496
read_file 1567709214.60502 1567709214.6132278 bigbrain_1538_603_2082.nii 139871175751488
increment_file 1567709214.6155312 1567709261.2737892 bigbrain_1538_603_2082.nii 139871175751488
write_file 1567709261.2885559 1567709279.858576 inc-bigbrain_1538_603_2082.nii 139871175751488
task_duration 1567709214.5991292 1567709279.8614073 1567708997-optaneAD_1it_96cpus_0delay_npc-2 139871175751488
read_file 1567709214.604124 1567709214.614259 bigbrain_2307_1809_694.nii 139913070843712
increment_file 1567709214.6163118 1567709261.379235 bigbrain_2307_1809_694.nii 139913070843712
write_file 1567709261.3947802 1567709278.962641 inc-bigbrain_2307_1809_694.nii 139913070843712
task_duration 1567709214.5975335 1567709278.9655323 1567708997-optaneAD_1it_96cpus_0delay_npc-2 139913070843712
read_file 1567709214.6103384 1567709214.6161845 bigbrain_1538_2412_694.nii 140209848637248
increment_file 1567709214.618242 1567709260.6887329 bigbrain_1538_2412_694.nii 140209848637248
write_file 1567709260.760952 1567709276.5584252 inc-bigbrain_1538_2412_694.nii 140209848637248
task_duration 1567709214.602612 1567709276.5610547 1567708997-optaneAD_1it_96cpus_0delay_npc-2 140209848637248
read_file 1567709214.6092007 1567709214.620068 bigbrain_769_1206_0.nii 140090966619968
increment_file 1567709214.6235373 1567709261.3935258 bigbrain_769_1206_0.nii 140090966619968
write_file 1567709261.4089937 1567709274.0806713 inc-bigbrain_769_1206_0.nii 140090966619968
task_duration 1567709214.6002085 1567709274.0834417 1567708997-optaneAD_1it_96cpus_0delay_npc-2 140090966619968
read_file 1567709214.615792 1567709214.6212869 bigbrain_2307_1809_0.nii 140214001420096
increment_file 1567709214.6237442 1567709261.295735 bigbrain_2307_1809_0.nii 140214001420096
write_file 1567709261.3196836 1567709279.1603458 inc-bigbrain_2307_1809_0.nii 140214001420096
task_duration 1567709214.6076446 1567709279.1632047 1567708997-optaneAD_1it_96cpus_0delay_npc-2 140214001420096
read_file 1567709214.6137915 1567709214.622198 bigbrain_1538_0_694.nii 140553730074432
increment_file 1567709214.623274 1567709260.3720477 bigbrain_1538_0_694.nii 140553730074432
write_file 1567709260.38585 1567709268.5382254 inc-bigbrain_1538_0_694.nii 140553730074432
task_duration 1567709214.6119864 1567709268.5415812 1567708997-optaneAD_1it_96cpus_0delay_npc-2 140553730074432
read_file 1567709214.6107173 1567709214.6226876 bigbrain_1538_1206_2082.nii 139799985362752
increment_file 1567709214.6242936 1567709261.3983305 bigbrain_1538_1206_2082.nii 139799985362752
write_file 1567709261.4140973 1567709273.6343791 inc-bigbrain_1538_1206_2082.nii 139799985362752
task_duration 1567709214.6044316 1567709273.6376472 1567708997-optaneAD_1it_96cpus_0delay_npc-2 139799985362752
read_file 1567709214.6201115 1567709214.6256015 bigbrain_3076_0_694.nii 140027654297408
increment_file 1567709214.6280644 1567709261.3579314 bigbrain_3076_0_694.nii 140027654297408
write_file 1567709261.390185 1567709279.9949458 inc-bigbrain_3076_0_694.nii 140027654297408
task_duration 1567709214.6111975 1567709279.997744 1567708997-optaneAD_1it_96cpus_0delay_npc-2 140027654297408
read_file 1567709214.6183345 1567709214.6257918 bigbrain_1538_1809_2082.nii 140553191245632
increment_file 1567709214.6265934 1567709260.6066327 bigbrain_1538_1809_2082.nii 140553191245632
write_file 1567709260.62751 1567709278.212678 inc-bigbrain_1538_1809_2082.nii 140553191245632
task_duration 1567709214.6154552 1567709278.215226 1567708997-optaneAD_1it_96cpus_0delay_npc-2 140553191245632
read_file 1567709214.611716 1567709214.6300728 bigbrain_2307_1809_1388.nii 140106319116096
increment_file 1567709214.6337001 1567709261.361818 bigbrain_2307_1809_1388.nii 140106319116096
write_file 1567709261.3833148 1567709271.4074748 inc-bigbrain_2307_1809_1388.nii 140106319116096
task_duration 1567709214.5997913 1567709271.410242 1567708997-optaneAD_1it_96cpus_0delay_npc-2 140106319116096
read_file 1567709214.6300113 1567709214.6329324 bigbrain_1538_0_2776.nii 139749616887616
increment_file 1567709214.6345277 1567709260.667105 bigbrain_1538_0_2776.nii 139749616887616
write_file 1567709260.6705995 1567709280.3804994 inc-bigbrain_1538_0_2776.nii 139749616887616
task_duration 1567709214.628867 1567709280.382941 1567708997-optaneAD_1it_96cpus_0delay_npc-2 139749616887616
read_file 1567709214.6252985 1567709214.6382113 bigbrain_769_603_0.nii 139757473814336
increment_file 1567709214.641269 1567709261.4016747 bigbrain_769_603_0.nii 139757473814336
write_file 1567709261.4122527 1567709279.2240698 inc-bigbrain_769_603_0.nii 139757473814336
task_duration 1567709214.6167505 1567709279.226919 1567708997-optaneAD_1it_96cpus_0delay_npc-2 139757473814336
read_file 1567709214.631246 1567709214.639445 bigbrain_769_2412_2082.nii 140032597550912
increment_file 1567709214.6423202 1567709260.8219416 bigbrain_769_2412_2082.nii 140032597550912
write_file 1567709260.8771179 1567709277.2795413 inc-bigbrain_769_2412_2082.nii 140032597550912
task_duration 1567709214.620676 1567709277.2821932 1567708997-optaneAD_1it_96cpus_0delay_npc-2 140032597550912
read_file 1567709214.6274652 1567709214.6403182 bigbrain_2307_1809_2082.nii 140191532062528
increment_file 1567709214.6421983 1567709260.7789295 bigbrain_2307_1809_2082.nii 140191532062528
write_file 1567709260.880905 1567709268.741031 inc-bigbrain_2307_1809_2082.nii 140191532062528
task_duration 1567709214.6246603 1567709268.743516 1567708997-optaneAD_1it_96cpus_0delay_npc-2 140191532062528
read_file 1567709214.6436322 1567709214.6480274 bigbrain_3076_603_694.nii 140649544419136
increment_file 1567709214.649672 1567709261.360542 bigbrain_3076_603_694.nii 140649544419136
write_file 1567709261.3959808 1567709276.5216668 inc-bigbrain_3076_603_694.nii 140649544419136
task_duration 1567709214.6410158 1567709276.5246572 1567708997-optaneAD_1it_96cpus_0delay_npc-2 140649544419136
read_file 1567709214.640521 1567709214.6510966 bigbrain_769_1809_694.nii 140063612868416
increment_file 1567709214.6524348 1567709260.491558 bigbrain_769_1809_694.nii 140063612868416
write_file 1567709260.5070724 1567709280.3756976 inc-bigbrain_769_1809_694.nii 140063612868416
task_duration 1567709214.6375256 1567709280.3782508 1567708997-optaneAD_1it_96cpus_0delay_npc-2 140063612868416
read_file 1567709214.628414 1567709214.6510375 bigbrain_3076_1206_2776.nii 140463661209408
increment_file 1567709214.6557913 1567709261.395387 bigbrain_3076_1206_2776.nii 140463661209408
write_file 1567709261.4075832 1567709277.6055214 inc-bigbrain_3076_1206_2776.nii 140463661209408
task_duration 1567709214.6168766 1567709277.6085134 1567708997-optaneAD_1it_96cpus_0delay_npc-2 140463661209408
read_file 1567709214.642879 1567709214.6531353 bigbrain_1538_603_2776.nii 139907014367040
increment_file 1567709214.6535785 1567709260.6363027 bigbrain_1538_603_2776.nii 139907014367040
write_file 1567709260.6548562 1567709272.120475 inc-bigbrain_1538_603_2776.nii 139907014367040
task_duration 1567709214.6401992 1567709272.1230216 1567708997-optaneAD_1it_96cpus_0delay_npc-2 139907014367040
read_file 1567709214.644959 1567709214.655635 bigbrain_3076_0_2776.nii 139916141070144
increment_file 1567709214.6585746 1567709260.5982509 bigbrain_3076_0_2776.nii 139916141070144
write_file 1567709260.6227722 1567709268.9681737 inc-bigbrain_3076_0_2776.nii 139916141070144
task_duration 1567709214.632616 1567709268.970699 1567708997-optaneAD_1it_96cpus_0delay_npc-2 139916141070144
read_file 1567709214.6377099 1567709214.656791 bigbrain_2307_1206_1388.nii 139850005075776
increment_file 1567709214.6585224 1567709260.870247 bigbrain_2307_1206_1388.nii 139850005075776
write_file 1567709260.8869946 1567709270.7229233 inc-bigbrain_2307_1206_1388.nii 139850005075776
task_duration 1567709214.6331167 1567709270.7255058 1567708997-optaneAD_1it_96cpus_0delay_npc-2 139850005075776
read_file 1567709214.6454186 1567709214.6577737 bigbrain_3076_1809_0.nii 139879462680384
increment_file 1567709214.6594427 1567709261.4168887 bigbrain_3076_1809_0.nii 139879462680384
write_file 1567709261.5708585 1567709276.65153 inc-bigbrain_3076_1809_0.nii 139879462680384
task_duration 1567709214.6419475 1567709276.654408 1567708997-optaneAD_1it_96cpus_0delay_npc-2 139879462680384
read_file 1567709214.646656 1567709214.6585176 bigbrain_3076_2412_2082.nii 140334884599616
increment_file 1567709214.6600106 1567709261.3702931 bigbrain_3076_2412_2082.nii 140334884599616
write_file 1567709261.3946798 1567709276.5024788 inc-bigbrain_3076_2412_2082.nii 140334884599616
task_duration 1567709214.6429946 1567709276.5054107 1567708997-optaneAD_1it_96cpus_0delay_npc-2 140334884599616
read_file 1567709214.6399043 1567709214.659695 bigbrain_1538_1809_0.nii 139657948264256
increment_file 1567709214.661405 1567709260.4280136 bigbrain_1538_1809_0.nii 139657948264256
write_file 1567709260.4486682 1567709280.351417 inc-bigbrain_1538_1809_0.nii 139657948264256
task_duration 1567709214.6344063 1567709280.3539357 1567708997-optaneAD_1it_96cpus_0delay_npc-2 139657948264256
read_file 1567709214.6508524 1567709214.661369 bigbrain_1538_1206_694.nii 140485306365760
increment_file 1567709214.6637704 1567709260.658884 bigbrain_1538_1206_694.nii 140485306365760
write_file 1567709260.6928008 1567709274.5223513 inc-bigbrain_1538_1206_694.nii 140485306365760
task_duration 1567709214.638883 1567709274.5249038 1567708997-optaneAD_1it_96cpus_0delay_npc-2 140485306365760
read_file 1567709214.6454723 1567709214.664559 bigbrain_2307_0_0.nii 140054583809856
increment_file 1567709214.6673174 1567709261.3370614 bigbrain_2307_0_0.nii 140054583809856
write_file 1567709261.3694544 1567709277.9689915 inc-bigbrain_2307_0_0.nii 140054583809856
task_duration 1567709214.6344895 1567709277.9719093 1567708997-optaneAD_1it_96cpus_0delay_npc-2 140054583809856
read_file 1567709214.660828 1567709214.6653996 bigbrain_2307_603_1388.nii 139681454929728
increment_file 1567709214.667153 1567709261.3582797 bigbrain_2307_603_1388.nii 139681454929728
write_file 1567709261.3958144 1567709276.836103 inc-bigbrain_2307_603_1388.nii 139681454929728
task_duration 1567709214.6575508 1567709276.8391173 1567708997-optaneAD_1it_96cpus_0delay_npc-2 139681454929728
read_file 1567709214.6542845 1567709214.6657567 bigbrain_769_1206_2776.nii 140459492529984
increment_file 1567709214.668079 1567709261.401936 bigbrain_769_1206_2776.nii 140459492529984
write_file 1567709261.4145155 1567709271.3185327 inc-bigbrain_769_1206_2776.nii 140459492529984
task_duration 1567709214.6503747 1567709271.3214118 1567708997-optaneAD_1it_96cpus_0delay_npc-2 140459492529984
read_file 1567709214.6454778 1567709214.673034 bigbrain_1538_1809_694.nii 140071028291392
increment_file 1567709214.6776369 1567709260.792819 bigbrain_1538_1809_694.nii 140071028291392
write_file 1567709260.892344 1567709268.8986673 inc-bigbrain_1538_1809_694.nii 140071028291392
task_duration 1567709214.627476 1567709268.9012868 1567708997-optaneAD_1it_96cpus_0delay_npc-2 140071028291392
read_file 1567709214.6556506 1567709214.6739073 bigbrain_769_2412_0.nii 140471493195584
increment_file 1567709214.676363 1567709261.354243 bigbrain_769_2412_0.nii 140471493195584
write_file 1567709261.375533 1567709269.843813 inc-bigbrain_769_2412_0.nii 140471493195584
task_duration 1567709214.6516235 1567709269.8471043 1567708997-optaneAD_1it_96cpus_0delay_npc-2 140471493195584
read_file 1567709214.6682801 1567709214.6789322 bigbrain_3076_1206_694.nii 139682640336704
increment_file 1567709214.6824205 1567709260.7777042 bigbrain_3076_1206_694.nii 139682640336704
write_file 1567709260.8814578 1567709272.0145345 inc-bigbrain_3076_1206_694.nii 139682640336704
task_duration 1567709214.6603057 1567709272.01708 1567708997-optaneAD_1it_96cpus_0delay_npc-2 139682640336704
read_file 1567709214.6609972 1567709214.6801915 bigbrain_769_0_0.nii 140051008485184
increment_file 1567709214.6835382 1567709260.7865264 bigbrain_769_0_0.nii 140051008485184
write_file 1567709260.872211 1567709280.0046704 inc-bigbrain_769_0_0.nii 140051008485184
task_duration 1567709214.6472874 1567709280.0073767 1567708997-optaneAD_1it_96cpus_0delay_npc-2 140051008485184
read_file 1567709214.6622841 1567709214.6839447 bigbrain_3076_1206_2082.nii 139892550473536
increment_file 1567709214.6874976 1567709260.4874687 bigbrain_3076_1206_2082.nii 139892550473536
write_file 1567709260.5234122 1567709277.5163927 inc-bigbrain_3076_1206_2082.nii 139892550473536
task_duration 1567709214.649537 1567709277.5190856 1567708997-optaneAD_1it_96cpus_0delay_npc-2 139892550473536
read_file 1567709214.6559172 1567709214.6893632 bigbrain_769_1809_1388.nii 140214265038656
increment_file 1567709214.6958804 1567709261.3828537 bigbrain_769_1809_1388.nii 140214265038656
write_file 1567709261.3983386 1567709272.0824025 inc-bigbrain_769_1809_1388.nii 140214265038656
task_duration 1567709214.6397855 1567709272.0852535 1567708997-optaneAD_1it_96cpus_0delay_npc-2 140214265038656
read_file 1567709214.663338 1567709214.6903841 bigbrain_769_0_1388.nii 140493827725120
increment_file 1567709214.6976285 1567709261.360981 bigbrain_769_0_1388.nii 140493827725120
write_file 1567709261.3852208 1567709272.9251137 inc-bigbrain_769_0_1388.nii 140493827725120
task_duration 1567709214.6401188 1567709272.9280596 1567708997-optaneAD_1it_96cpus_0delay_npc-2 140493827725120
read_file 1567709214.68355 1567709214.6973672 bigbrain_2307_2412_1388.nii 139932704540480
increment_file 1567709214.6982381 1567709261.3985615 bigbrain_2307_2412_1388.nii 139932704540480
write_file 1567709261.4132288 1567709273.3872313 inc-bigbrain_2307_2412_1388.nii 139932704540480
task_duration 1567709214.678381 1567709273.3913248 1567708997-optaneAD_1it_96cpus_0delay_npc-2 139932704540480
read_file 1567709214.6722221 1567709214.6991353 bigbrain_3076_2412_2776.nii 140214429976384
increment_file 1567709214.7052882 1567709260.3427823 bigbrain_3076_2412_2776.nii 140214429976384
write_file 1567709260.3699203 1567709265.116413 inc-bigbrain_3076_2412_2776.nii 140214429976384
task_duration 1567709214.6483517 1567709265.1199706 1567708997-optaneAD_1it_96cpus_0delay_npc-2 140214429976384
read_file 1567709214.6912122 1567709214.7020457 bigbrain_769_1206_1388.nii 140187392366400
increment_file 1567709214.706195 1567709261.3919384 bigbrain_769_1206_1388.nii 140187392366400
write_file 1567709261.407655 1567709280.0490057 inc-bigbrain_769_1206_1388.nii 140187392366400
task_duration 1567709214.674022 1567709280.051561 1567708997-optaneAD_1it_96cpus_0delay_npc-2 140187392366400
read_file 1567709214.6864922 1567709214.7061625 bigbrain_3076_603_1388.nii 140145368848192
increment_file 1567709214.7079613 1567709260.6707327 bigbrain_3076_603_1388.nii 140145368848192
write_file 1567709260.6862345 1567709278.67035 inc-bigbrain_3076_603_1388.nii 140145368848192
task_duration 1567709214.6700544 1567709278.6729505 1567708997-optaneAD_1it_96cpus_0delay_npc-2 140145368848192
read_file 1567709214.6869764 1567709214.7082088 bigbrain_2307_1206_0.nii 140484885641024
increment_file 1567709214.7118697 1567709261.4105878 bigbrain_2307_1206_0.nii 140484885641024
write_file 1567709261.416907 1567709271.280747 inc-bigbrain_2307_1206_0.nii 140484885641024
task_duration 1567709214.6579244 1567709271.2835598 1567708997-optaneAD_1it_96cpus_0delay_npc-2 140484885641024
read_file 1567709214.7050948 1567709214.7086184 bigbrain_2307_603_694.nii 139913691322176
increment_file 1567709214.7101955 1567709260.3748713 bigbrain_2307_603_694.nii 139913691322176
write_file 1567709260.3796773 1567709280.3656964 inc-bigbrain_2307_603_694.nii 139913691322176
task_duration 1567709214.6980264 1567709280.3681545 1567708997-optaneAD_1it_96cpus_0delay_npc-2 139913691322176
read_file 1567709214.6900175 1567709214.7101772 bigbrain_2307_2412_694.nii 139798312539968
increment_file 1567709214.7127032 1567709261.3975737 bigbrain_2307_2412_694.nii 139798312539968
write_file 1567709261.4136875 1567709271.599154 inc-bigbrain_2307_2412_694.nii 139798312539968
task_duration 1567709214.6672142 1567709271.6021276 1567708997-optaneAD_1it_96cpus_0delay_npc-2 139798312539968
read_file 1567709214.6954777 1567709214.7101219 bigbrain_769_0_2776.nii 139989071624000
increment_file 1567709214.7134976 1567709261.398291 bigbrain_769_0_2776.nii 139989071624000
write_file 1567709261.4105003 1567709277.7693021 inc-bigbrain_769_0_2776.nii 139989071624000
task_duration 1567709214.6786993 1567709277.7722318 1567708997-optaneAD_1it_96cpus_0delay_npc-2 139989071624000
read_file 1567709214.6912549 1567709214.7175448 bigbrain_3076_0_0.nii 139952240125760
increment_file 1567709214.7203486 1567709261.3933601 bigbrain_3076_0_0.nii 139952240125760
write_file 1567709261.4052112 1567709278.4359546 inc-bigbrain_3076_0_0.nii 139952240125760
task_duration 1567709214.6459413 1567709278.4388456 1567708997-optaneAD_1it_96cpus_0delay_npc-2 139952240125760
read_file 1567709214.6989415 1567709214.7183044 bigbrain_1538_1809_1388.nii 140597476788032
increment_file 1567709214.7225263 1567709261.3728707 bigbrain_1538_1809_1388.nii 140597476788032
write_file 1567709261.3872323 1567709279.9327714 inc-bigbrain_1538_1809_1388.nii 140597476788032
task_duration 1567709214.6645815 1567709279.936185 1567708997-optaneAD_1it_96cpus_0delay_npc-2 140597476788032
read_file 1567709214.724512 1567709214.733139 bigbrain_3076_0_2082.nii 140312368392000
increment_file 1567709214.733736 1567709261.3565242 bigbrain_3076_0_2082.nii 140312368392000
write_file 1567709261.3942864 1567709275.5847332 inc-bigbrain_3076_0_2082.nii 140312368392000
task_duration 1567709214.7177222 1567709275.5877163 1567708997-optaneAD_1it_96cpus_0delay_npc-2 140312368392000
read_file 1567709214.725061 1567709214.733715 bigbrain_3076_1809_2082.nii 140084648208192
increment_file 1567709214.7361686 1567709261.398374 bigbrain_3076_1809_2082.nii 140084648208192
write_file 1567709261.414663 1567709279.8395078 inc-bigbrain_3076_1809_2082.nii 140084648208192
task_duration 1567709214.7117386 1567709279.8425314 1567708997-optaneAD_1it_96cpus_0delay_npc-2 140084648208192
read_file 1567709214.728366 1567709214.7359085 bigbrain_3076_2412_694.nii 140062975330112
increment_file 1567709214.7371063 1567709261.3774772 bigbrain_3076_2412_694.nii 140062975330112
write_file 1567709261.4010544 1567709275.7438374 inc-bigbrain_3076_2412_694.nii 140062975330112
task_duration 1567709214.7186987 1567709275.7467577 1567708997-optaneAD_1it_96cpus_0delay_npc-2 140062975330112
read_file 1567709214.7324526 1567709214.7436163 bigbrain_2307_0_694.nii 140225744131904
increment_file 1567709214.7465513 1567709260.604929 bigbrain_2307_0_694.nii 140225744131904
write_file 1567709260.631743 1567709265.3518414 inc-bigbrain_2307_0_694.nii 140225744131904
task_duration 1567709214.7117236 1567709265.3552434 1567708997-optaneAD_1it_96cpus_0delay_npc-2 140225744131904
read_file 1567709214.7224607 1567709214.747001 bigbrain_2307_0_1388.nii 139939347990336
increment_file 1567709214.7502427 1567709261.3953838 bigbrain_2307_0_1388.nii 139939347990336
write_file 1567709261.4016552 1567709271.4296186 inc-bigbrain_2307_0_1388.nii 139939347990336
task_duration 1567709214.6976671 1567709271.4323912 1567708997-optaneAD_1it_96cpus_0delay_npc-2 139939347990336
read_file 1567709214.7402961 1567709214.7501326 bigbrain_769_0_2082.nii 140561698494272
increment_file 1567709214.7523909 1567709260.5378163 bigbrain_769_0_2082.nii 140561698494272
write_file 1567709260.6045165 1567709279.5924127 inc-bigbrain_769_0_2082.nii 140561698494272
task_duration 1567709214.7246532 1567709279.5949643 1567708997-optaneAD_1it_96cpus_0delay_npc-2 140561698494272
read_file 1567709214.7458122 1567709214.7551649 bigbrain_3076_2412_0.nii 139915357202240
increment_file 1567709214.760944 1567709261.3992834 bigbrain_3076_2412_0.nii 139915357202240
write_file 1567709261.4133272 1567709274.1766362 inc-bigbrain_3076_2412_0.nii 139915357202240
task_duration 1567709214.7322295 1567709274.1799078 1567708997-optaneAD_1it_96cpus_0delay_npc-2 139915357202240
read_file 1567709214.7400122 1567709214.756409 bigbrain_1538_2412_2082.nii 139647373219648
increment_file 1567709214.760279 1567709261.3948665 bigbrain_1538_2412_2082.nii 139647373219648
write_file 1567709261.4056544 1567709271.1772015 inc-bigbrain_1538_2412_2082.nii 139647373219648
task_duration 1567709214.7207434 1567709271.1801183 1567708997-optaneAD_1it_96cpus_0delay_npc-2 139647373219648
read_file 1567709214.7467873 1567709214.75657 bigbrain_2307_2412_2776.nii 140121626183488
increment_file 1567709214.7603881 1567709260.6992815 bigbrain_2307_2412_2776.nii 140121626183488
write_file 1567709260.8715053 1567709279.2193792 inc-bigbrain_2307_2412_2776.nii 140121626183488
task_duration 1567709214.7329924 1567709279.2220757 1567708997-optaneAD_1it_96cpus_0delay_npc-2 140121626183488
read_file 1567709214.7487419 1567709214.7583737 bigbrain_1538_1809_2776.nii 140489105512256
increment_file 1567709214.759841 1567709260.7079968 bigbrain_1538_1809_2776.nii 140489105512256
write_file 1567709260.8991508 1567709279.0279582 inc-bigbrain_1538_1809_2776.nii 140489105512256
task_duration 1567709214.7441752 1567709279.0305612 1567708997-optaneAD_1it_96cpus_0delay_npc-2 140489105512256
read_file 1567709214.7518818 1567709214.763148 bigbrain_1538_2412_0.nii 139764121347904
increment_file 1567709214.7654355 1567709261.3927205 bigbrain_1538_2412_0.nii 139764121347904
write_file 1567709261.4141014 1567709271.6915598 inc-bigbrain_1538_2412_0.nii 139764121347904
task_duration 1567709214.7467802 1567709271.6944342 1567708997-optaneAD_1it_96cpus_0delay_npc-2 139764121347904
read_file 1567709214.7447605 1567709214.7633584 bigbrain_2307_2412_0.nii 140434804012864
increment_file 1567709214.7684526 1567709261.4054961 bigbrain_2307_2412_0.nii 140434804012864
write_file 1567709261.4142368 1567709279.2546055 inc-bigbrain_2307_2412_0.nii 140434804012864
task_duration 1567709214.7295706 1567709279.2574518 1567708997-optaneAD_1it_96cpus_0delay_npc-2 140434804012864
read_file 1567709214.7598898 1567709214.764464 bigbrain_2307_603_2082.nii 139637345748800
increment_file 1567709214.7660155 1567709260.6534634 bigbrain_2307_603_2082.nii 139637345748800
write_file 1567709260.6600277 1567709269.1868596 inc-bigbrain_2307_603_2082.nii 139637345748800
task_duration 1567709214.7571287 1567709269.1901474 1567708997-optaneAD_1it_96cpus_0delay_npc-2 139637345748800
read_file 1567709214.749107 1567709214.7647703 bigbrain_2307_0_2082.nii 139648616879936
increment_file 1567709214.7683558 1567709261.3978863 bigbrain_2307_0_2082.nii 139648616879936
write_file 1567709261.408656 1567709273.75408 inc-bigbrain_2307_0_2082.nii 139648616879936
task_duration 1567709214.7331846 1567709273.757003 1567708997-optaneAD_1it_96cpus_0delay_npc-2 139648616879936
read_file 1567709214.7544827 1567709214.765682 bigbrain_1538_2412_2776.nii 140660707120960
increment_file 1567709214.7689948 1567709260.758739 bigbrain_1538_2412_2776.nii 140660707120960
write_file 1567709260.8783698 1567709280.1984015 inc-bigbrain_1538_2412_2776.nii 140660707120960
task_duration 1567709214.7420726 1567709280.2010067 1567708997-optaneAD_1it_96cpus_0delay_npc-2 140660707120960
read_file 1567709214.755639 1567709214.773647 bigbrain_769_2412_694.nii 139950365042496
increment_file 1567709214.7763624 1567709260.814299 bigbrain_769_2412_694.nii 139950365042496
write_file 1567709260.88545 1567709268.7869415 inc-bigbrain_769_2412_694.nii 139950365042496
task_duration 1567709214.7419477 1567709268.7900007 1567708997-optaneAD_1it_96cpus_0delay_npc-2 139950365042496
read_file 1567709214.7748246 1567709214.777318 bigbrain_769_603_2082.nii 140706118768448
increment_file 1567709214.7776172 1567709260.596225 bigbrain_769_603_2082.nii 140706118768448
write_file 1567709260.6065798 1567709278.781898 inc-bigbrain_769_603_2082.nii 140706118768448
task_duration 1567709214.7726293 1567709278.7844555 1567708997-optaneAD_1it_96cpus_0delay_npc-2 140706118768448
read_file 1567709214.767887 1567709214.7781985 bigbrain_769_1206_2082.nii 139870814758720
increment_file 1567709214.7811344 1567709260.7830966 bigbrain_769_1206_2082.nii 139870814758720
write_file 1567709260.8762503 1567709268.8541205 inc-bigbrain_769_1206_2082.nii 139870814758720
task_duration 1567709214.7545404 1567709268.856606 1567708997-optaneAD_1it_96cpus_0delay_npc-2 139870814758720
read_file 1567709214.7615998 1567709214.7787414 bigbrain_3076_1809_1388.nii 140072195503936
increment_file 1567709214.781585 1567709260.6175196 bigbrain_3076_1809_1388.nii 140072195503936
write_file 1567709260.6589727 1567709274.8941958 inc-bigbrain_3076_1809_1388.nii 140072195503936
task_duration 1567709214.745525 1567709274.8968089 1567708997-optaneAD_1it_96cpus_0delay_npc-2 140072195503936
read_file 1567709214.7664578 1567709214.7806382 bigbrain_3076_2412_1388.nii 140102016563008
increment_file 1567709214.783137 1567709260.8752213 bigbrain_3076_2412_1388.nii 140102016563008
write_file 1567709260.8964663 1567709265.4440665 inc-bigbrain_3076_2412_1388.nii 140102016563008
task_duration 1567709214.7508376 1567709265.4467852 1567708997-optaneAD_1it_96cpus_0delay_npc-2 140102016563008
read_file 1567709214.7773235 1567709214.7937634 bigbrain_769_1809_2082.nii 140419301095232
increment_file 1567709214.7961535 1567709261.3767898 bigbrain_769_1809_2082.nii 140419301095232
write_file 1567709261.3939736 1567709267.333453 inc-bigbrain_769_1809_2082.nii 140419301095232
task_duration 1567709214.759426 1567709267.3364484 1567708997-optaneAD_1it_96cpus_0delay_npc-2 140419301095232
read_file 1567709214.7875154 1567709214.8050752 bigbrain_1538_603_1388.nii 140081521940288
increment_file 1567709214.807454 1567709260.9543948 bigbrain_1538_603_1388.nii 140081521940288
write_file 1567709260.9629745 1567709275.407891 inc-bigbrain_1538_603_1388.nii 140081521940288
task_duration 1567709214.7760003 1567709275.4105718 1567708997-optaneAD_1it_96cpus_0delay_npc-2 140081521940288
read_file 1567709214.793549 1567709214.8090205 bigbrain_2307_1206_2082.nii 140682845259584
increment_file 1567709214.810964 1567709261.408581 bigbrain_2307_1206_2082.nii 140682845259584
write_file 1567709261.413952 1567709278.0512605 inc-bigbrain_2307_1206_2082.nii 140682845259584
task_duration 1567709214.782009 1567709278.0541723 1567708997-optaneAD_1it_96cpus_0delay_npc-2 140682845259584
read_file 1567709214.8027172 1567709214.8115566 bigbrain_1538_603_0.nii 139893953009472
increment_file 1567709214.8125567 1567709261.3846684 bigbrain_1538_603_0.nii 139893953009472
write_file 1567709261.4066124 1567709274.0201156 inc-bigbrain_1538_603_0.nii 139893953009472
task_duration 1567709214.7933538 1567709274.0231214 1567708997-optaneAD_1it_96cpus_0delay_npc-2 139893953009472
read_file 1567709214.808655 1567709214.816354 bigbrain_3076_603_2776.nii 139918663026496
increment_file 1567709214.817269 1567709261.396624 bigbrain_3076_603_2776.nii 139918663026496
write_file 1567709261.4125226 1567709269.7030773 inc-bigbrain_3076_603_2776.nii 139918663026496
task_duration 1567709214.8039627 1567709269.7060554 1567708997-optaneAD_1it_96cpus_0delay_npc-2 139918663026496
read_file 1567709214.8147993 1567709214.825077 bigbrain_2307_2412_2082.nii 140502824458048
increment_file 1567709214.82725 1567709260.8778667 bigbrain_2307_2412_2082.nii 140502824458048
write_file 1567709260.895731 1567709272.2506952 inc-bigbrain_2307_2412_2082.nii 140502824458048
task_duration 1567709214.8055685 1567709272.2532878 1567708997-optaneAD_1it_96cpus_0delay_npc-2 140502824458048
read_file 1567709214.818891 1567709214.8268561 bigbrain_769_603_2776.nii 140291346663232
increment_file 1567709214.8273098 1567709260.8807805 bigbrain_769_603_2776.nii 140291346663232
write_file 1567709260.8909278 1567709276.3293154 inc-bigbrain_769_603_2776.nii 140291346663232
task_duration 1567709214.816281 1567709276.3319104 1567708997-optaneAD_1it_96cpus_0delay_npc-2 140291346663232
read_file 1567709214.8150184 1567709214.8280838 bigbrain_2307_1809_2776.nii 140464672851776
increment_file 1567709214.830468 1567709260.8945274 bigbrain_2307_1809_2776.nii 140464672851776
write_file 1567709260.9189963 1567709268.6967926 inc-bigbrain_2307_1809_2776.nii 140464672851776
task_duration 1567709214.8040733 1567709268.6994517 1567708997-optaneAD_1it_96cpus_0delay_npc-2 140464672851776
read_file 1567709214.8203566 1567709214.8304524 bigbrain_3076_603_2082.nii 140163692263232
increment_file 1567709214.8319213 1567709260.7620635 bigbrain_3076_603_2082.nii 140163692263232
write_file 1567709260.8806026 1567709279.0711095 inc-bigbrain_3076_603_2082.nii 140163692263232
task_duration 1567709214.8113754 1567709279.0736804 1567708997-optaneAD_1it_96cpus_0delay_npc-2 140163692263232
read_file 1567709214.819107 1567709214.834128 bigbrain_3076_1206_1388.nii 139885302638400
increment_file 1567709214.836301 1567709261.372292 bigbrain_3076_1206_1388.nii 139885302638400
write_file 1567709261.38325 1567709272.0051913 inc-bigbrain_3076_1206_1388.nii 139885302638400
task_duration 1567709214.8094175 1567709272.0081115 1567708997-optaneAD_1it_96cpus_0delay_npc-2 139885302638400
read_file 1567709214.821106 1567709214.8342047 bigbrain_3076_1809_2776.nii 140707102623552
increment_file 1567709214.8365192 1567709261.398479 bigbrain_3076_1809_2776.nii 140707102623552
write_file 1567709261.4084213 1567709275.3882601 inc-bigbrain_3076_1809_2776.nii 140707102623552
task_duration 1567709214.8113778 1567709275.3911765 1567708997-optaneAD_1it_96cpus_0delay_npc-2 140707102623552
read_file 1567709214.8256462 1567709214.8344188 bigbrain_2307_0_2776.nii 139725033613120
increment_file 1567709214.835186 1567709260.8232498 bigbrain_2307_0_2776.nii 139725033613120
write_file 1567709260.8706074 1567709275.5893383 inc-bigbrain_2307_0_2776.nii 139725033613120
task_duration 1567709214.8005207 1567709275.5921836 1567708997-optaneAD_1it_96cpus_0delay_npc-2 139725033613120
read_file 1567709214.8242157 1567709214.836537 bigbrain_769_2412_1388.nii 140240741562176
increment_file 1567709214.8395936 1567709261.3935812 bigbrain_769_2412_1388.nii 140240741562176
write_file 1567709261.406931 1567709279.9255857 inc-bigbrain_769_2412_1388.nii 140240741562176
task_duration 1567709214.8144648 1567709279.9284568 1567708997-optaneAD_1it_96cpus_0delay_npc-2 140240741562176
read_file 1567709214.8364289 1567709214.8494394 bigbrain_1538_603_694.nii 140265520805696
increment_file 1567709214.8521967 1567709261.4061854 bigbrain_1538_603_694.nii 140265520805696
write_file 1567709261.4137094 1567709280.0084953 inc-bigbrain_1538_603_694.nii 140265520805696
task_duration 1567709214.8228512 1567709280.011203 1567708997-optaneAD_1it_96cpus_0delay_npc-2 140265520805696
read_file 1567709214.8389883 1567709214.851633 bigbrain_2307_603_2776.nii 139998426670912
increment_file 1567709214.8547873 1567709261.4178183 bigbrain_2307_603_2776.nii 139998426670912
write_file 1567709261.57009 1567709275.9832253 inc-bigbrain_2307_603_2776.nii 139998426670912
task_duration 1567709214.82649 1567709275.9872441 1567708997-optaneAD_1it_96cpus_0delay_npc-2 139998426670912
read_file 1567709214.8502707 1567709214.859878 bigbrain_3076_1809_694.nii 139650594596672
increment_file 1567709214.862263 1567709261.394079 bigbrain_3076_1809_694.nii 139650594596672
write_file 1567709261.4088304 1567709276.1166928 inc-bigbrain_3076_1809_694.nii 139650594596672
task_duration 1567709214.8397794 1567709276.1195881 1567708997-optaneAD_1it_96cpus_0delay_npc-2 139650594596672
read_file 1567709214.864244 1567709214.8721337 bigbrain_3076_1206_0.nii 140168879097664
increment_file 1567709214.8740797 1567709261.3824768 bigbrain_3076_1206_0.nii 140168879097664
write_file 1567709261.401637 1567709279.9783087 inc-bigbrain_3076_1206_0.nii 140168879097664
task_duration 1567709214.8532434 1567709279.9811404 1567708997-optaneAD_1it_96cpus_0delay_npc-2 140168879097664
read_file 1567709214.8693469 1567709214.880254 bigbrain_769_1809_0.nii 140372597831488
increment_file 1567709214.882329 1567709261.408835 bigbrain_769_1809_0.nii 140372597831488
write_file 1567709261.4149244 1567709275.2942362 inc-bigbrain_769_1809_0.nii 140372597831488
task_duration 1567709214.8595574 1567709275.2973442 1567708997-optaneAD_1it_96cpus_0delay_npc-2 140372597831488
read_file 1567709214.8805256 1567709214.8881667 bigbrain_769_603_1388.nii 139756128429888
increment_file 1567709214.890317 1567709260.8923893 bigbrain_769_603_1388.nii 139756128429888
write_file 1567709260.9022539 1567709272.7964487 inc-bigbrain_769_603_1388.nii 139756128429888
task_duration 1567709214.870625 1567709272.7990897 1567708997-optaneAD_1it_96cpus_0delay_npc-2 139756128429888
read_file 1567709214.8753645 1567709214.9086764 bigbrain_2307_1206_2776.nii 139753991391040
increment_file 1567709214.9122999 1567709261.404038 bigbrain_2307_1206_2776.nii 139753991391040
write_file 1567709261.4115644 1567709274.1306908 inc-bigbrain_2307_1206_2776.nii 139753991391040
task_duration 1567709214.863537 1567709274.1334603 1567708997-optaneAD_1it_96cpus_0delay_npc-2 139753991391040
read_file 1567709265.966243 1567709265.9678934 bigbrain_769_603_694.nii 139836417111872
increment_file 1567709266.051157 1567709266.780313 bigbrain_769_603_694.nii 139836417111872
write_file 1567709266.7827806 1567709274.9134376 inc-bigbrain_769_603_694.nii 139836417111872
task_duration 1567709265.962311 1567709274.9166567 1567708997-optaneAD_1it_96cpus_0delay_npc-2 139836417111872
