read_file 1567687727.0407755 1567687727.041982 bigbrain_769_603_694.nii 139647305148224
increment_file 1567687727.0420973 1567687727.415336 bigbrain_769_603_694.nii 139647305148224
write_file 1567687727.4248393 1567687727.8580158 inc-bigbrain_769_603_694.nii 139647305148224
task_duration 1567687727.0391722 1567687727.8604183 1567687645-tmpfsAD_1it_10cpus_0delay_withpc-0 139647305148224
read_file 1567687727.0207775 1567687727.0222862 bigbrain_769_603_2776.nii 139838442706752
increment_file 1567687727.0224652 1567687727.377892 bigbrain_769_603_2776.nii 139838442706752
write_file 1567687727.387515 1567687727.8333998 inc-bigbrain_769_603_2776.nii 139838442706752
task_duration 1567687727.0187693 1567687727.8359265 1567687645-tmpfsAD_1it_10cpus_0delay_withpc-0 139838442706752
read_file 1567687727.0119045 1567687727.0130363 bigbrain_769_603_2082.nii 140093054408512
increment_file 1567687727.013168 1567687727.3842983 bigbrain_769_603_2082.nii 140093054408512
write_file 1567687727.3939884 1567687727.8329904 inc-bigbrain_769_603_2082.nii 140093054408512
task_duration 1567687727.0086987 1567687727.8355393 1567687645-tmpfsAD_1it_10cpus_0delay_withpc-0 140093054408512
read_file 1567687726.9779072 1567687726.9792552 bigbrain_769_603_1388.nii 140155828131648
increment_file 1567687726.979412 1567687727.336243 bigbrain_769_603_1388.nii 140155828131648
write_file 1567687727.3455796 1567687727.79573 inc-bigbrain_769_603_1388.nii 140155828131648
task_duration 1567687726.976066 1567687727.7983272 1567687645-tmpfsAD_1it_10cpus_0delay_withpc-0 140155828131648
read_file 1567687726.5598893 1567687726.5610936 bigbrain_769_603_0.nii 140535615067968
increment_file 1567687726.5612135 1567687726.903559 bigbrain_769_603_0.nii 140535615067968
write_file 1567687726.912741 1567687727.3533266 inc-bigbrain_769_603_0.nii 140535615067968
task_duration 1567687726.5567005 1567687727.3561196 1567687645-tmpfsAD_1it_10cpus_0delay_withpc-0 140535615067968
read_file 1567687725.5758007 1567687725.5773118 bigbrain_769_2412_694.nii 139837123413824
increment_file 1567687725.5774825 1567687725.9340622 bigbrain_769_2412_694.nii 139837123413824
write_file 1567687725.9434774 1567687726.4045434 inc-bigbrain_769_2412_694.nii 139837123413824
task_duration 1567687725.5739086 1567687726.407073 1567687645-tmpfsAD_1it_10cpus_0delay_withpc-0 139837123413824
read_file 1567687725.4699469 1567687725.4713333 bigbrain_769_2412_2776.nii 140204142114624
increment_file 1567687725.471505 1567687725.8628728 bigbrain_769_2412_2776.nii 140204142114624
write_file 1567687725.8724084 1567687726.3503373 inc-bigbrain_769_2412_2776.nii 140204142114624
task_duration 1567687725.4681885 1567687726.3529131 1567687645-tmpfsAD_1it_10cpus_0delay_withpc-0 140204142114624
read_file 1567687725.0085356 1567687725.0102317 bigbrain_769_2412_2082.nii 140385186322240
increment_file 1567687725.010441 1567687725.3796 bigbrain_769_2412_2082.nii 140385186322240
write_file 1567687725.3890445 1567687725.8554347 inc-bigbrain_769_2412_2082.nii 140385186322240
task_duration 1567687725.0062788 1567687725.8581007 1567687645-tmpfsAD_1it_10cpus_0delay_withpc-0 140385186322240
read_file 1567687724.9297931 1567687724.9311306 bigbrain_769_2412_1388.nii 140546237196096
increment_file 1567687724.931313 1567687725.3338742 bigbrain_769_2412_1388.nii 140546237196096
write_file 1567687725.3436663 1567687725.8112848 inc-bigbrain_769_2412_1388.nii 140546237196096
task_duration 1567687724.9280484 1567687725.8138487 1567687645-tmpfsAD_1it_10cpus_0delay_withpc-0 140546237196096
read_file 1567687724.9170854 1567687724.9184818 bigbrain_769_2412_0.nii 140551916767040
increment_file 1567687724.9186575 1567687725.323914 bigbrain_769_2412_0.nii 140551916767040
write_file 1567687725.333891 1567687725.7942863 inc-bigbrain_769_2412_0.nii 140551916767040
task_duration 1567687724.9153876 1567687725.7969165 1567687645-tmpfsAD_1it_10cpus_0delay_withpc-0 140551916767040
read_file 1567687724.914221 1567687724.9155025 bigbrain_769_1809_694.nii 139870868219712
increment_file 1567687724.9156647 1567687725.2938678 bigbrain_769_1809_694.nii 139870868219712
write_file 1567687725.303421 1567687725.7725198 inc-bigbrain_769_1809_694.nii 139870868219712
task_duration 1567687724.9125848 1567687725.7754388 1567687645-tmpfsAD_1it_10cpus_0delay_withpc-0 139870868219712
read_file 1567687724.9025264 1567687724.9038835 bigbrain_769_1809_2776.nii 140338659592000
increment_file 1567687724.9040384 1567687725.3097868 bigbrain_769_1809_2776.nii 140338659592000
write_file 1567687725.3198218 1567687725.7884142 inc-bigbrain_769_1809_2776.nii 140338659592000
task_duration 1567687724.9008696 1567687725.7912626 1567687645-tmpfsAD_1it_10cpus_0delay_withpc-0 140338659592000
read_file 1567687724.9015815 1567687724.9027007 bigbrain_769_1809_2082.nii 140414772365120
increment_file 1567687724.9028378 1567687725.2770414 bigbrain_769_1809_2082.nii 140414772365120
write_file 1567687725.286844 1567687725.7614577 inc-bigbrain_769_1809_2082.nii 140414772365120
task_duration 1567687724.898658 1567687725.7642593 1567687645-tmpfsAD_1it_10cpus_0delay_withpc-0 140414772365120
read_file 1567687724.878858 1567687724.8803432 bigbrain_769_1809_1388.nii 139774381250368
increment_file 1567687724.8805 1567687725.2866673 bigbrain_769_1809_1388.nii 139774381250368
write_file 1567687725.29646 1567687725.763884 inc-bigbrain_769_1809_1388.nii 139774381250368
task_duration 1567687724.8767078 1567687725.7667277 1567687645-tmpfsAD_1it_10cpus_0delay_withpc-0 139774381250368
read_file 1567687724.699361 1567687724.7003765 bigbrain_769_1809_0.nii 140487777920832
increment_file 1567687724.700501 1567687725.0523374 bigbrain_769_1809_0.nii 140487777920832
write_file 1567687725.0630703 1567687725.5211291 inc-bigbrain_769_1809_0.nii 140487777920832
task_duration 1567687724.6962898 1567687725.5238848 1567687645-tmpfsAD_1it_10cpus_0delay_withpc-0 140487777920832
read_file 1567687723.9639869 1567687723.9662092 bigbrain_769_1206_694.nii 140275948697408
increment_file 1567687723.9664545 1567687724.337685 bigbrain_769_1206_694.nii 140275948697408
write_file 1567687724.3468783 1567687724.7752986 inc-bigbrain_769_1206_694.nii 140275948697408
task_duration 1567687723.9608276 1567687724.777777 1567687645-tmpfsAD_1it_10cpus_0delay_withpc-0 140275948697408
read_file 1567687723.5578718 1567687723.5598416 bigbrain_769_1206_2776.nii 139964366636864
increment_file 1567687723.5600784 1567687723.946079 bigbrain_769_1206_2776.nii 139964366636864
write_file 1567687723.955775 1567687724.3902686 inc-bigbrain_769_1206_2776.nii 139964366636864
task_duration 1567687723.555123 1567687724.3927917 1567687645-tmpfsAD_1it_10cpus_0delay_withpc-0 139964366636864
read_file 1567687721.4887176 1567687721.4899166 bigbrain_769_1206_2082.nii 140324986939200
increment_file 1567687721.4900556 1567687721.8853128 bigbrain_769_1206_2082.nii 140324986939200
write_file 1567687721.8953676 1567687722.3745606 inc-bigbrain_769_1206_2082.nii 140324986939200
task_duration 1567687721.4866507 1567687722.3770418 1567687645-tmpfsAD_1it_10cpus_0delay_withpc-0 140324986939200
read_file 1567687721.428219 1567687721.4295206 bigbrain_769_1206_1388.nii 140026241771328
increment_file 1567687721.4297047 1567687721.821884 bigbrain_769_1206_1388.nii 140026241771328
write_file 1567687721.8322144 1567687722.2983406 inc-bigbrain_769_1206_1388.nii 140026241771328
task_duration 1567687721.4261136 1567687722.3009286 1567687645-tmpfsAD_1it_10cpus_0delay_withpc-0 140026241771328
read_file 1567687721.4198658 1567687721.4212685 bigbrain_769_0_694.nii 139683708753728
increment_file 1567687721.4214313 1567687721.788289 bigbrain_769_0_694.nii 139683708753728
write_file 1567687721.7978823 1567687722.2610033 inc-bigbrain_769_0_694.nii 139683708753728
task_duration 1567687721.4179473 1567687722.2635474 1567687645-tmpfsAD_1it_10cpus_0delay_withpc-0 139683708753728
read_file 1567687721.4194174 1567687721.420767 bigbrain_769_0_2082.nii 139759898269504
increment_file 1567687721.4209201 1567687721.7897198 bigbrain_769_0_2082.nii 139759898269504
write_file 1567687721.7993927 1567687722.2635648 inc-bigbrain_769_0_2082.nii 139759898269504
task_duration 1567687721.4175847 1567687722.2661626 1567687645-tmpfsAD_1it_10cpus_0delay_withpc-0 139759898269504
read_file 1567687721.4175706 1567687721.4187822 bigbrain_769_1206_0.nii 140212543604544
increment_file 1567687721.4189227 1567687721.786133 bigbrain_769_1206_0.nii 140212543604544
write_file 1567687721.7958145 1567687722.2583277 inc-bigbrain_769_1206_0.nii 140212543604544
task_duration 1567687721.4156227 1567687722.2609262 1567687645-tmpfsAD_1it_10cpus_0delay_withpc-0 140212543604544
read_file 1567687721.4003737 1567687721.4019332 bigbrain_769_0_1388.nii 140419575195456
increment_file 1567687721.402121 1567687721.7917857 bigbrain_769_0_1388.nii 140419575195456
write_file 1567687721.8017285 1567687722.2758982 inc-bigbrain_769_0_1388.nii 140419575195456
task_duration 1567687721.398281 1567687722.2785306 1567687645-tmpfsAD_1it_10cpus_0delay_withpc-0 140419575195456
read_file 1567687721.3920221 1567687721.3939164 bigbrain_769_0_2776.nii 140590250653504
increment_file 1567687721.3941352 1567687721.761822 bigbrain_769_0_2776.nii 140590250653504
write_file 1567687721.7713706 1567687722.2388752 inc-bigbrain_769_0_2776.nii 140590250653504
task_duration 1567687721.3893394 1567687722.241552 1567687645-tmpfsAD_1it_10cpus_0delay_withpc-0 140590250653504
read_file 1567687721.2950315 1567687721.2965066 bigbrain_769_0_0.nii 140079180797760
increment_file 1567687721.2966604 1567687721.680176 bigbrain_769_0_0.nii 140079180797760
write_file 1567687721.6900136 1567687722.142054 inc-bigbrain_769_0_0.nii 140079180797760
task_duration 1567687721.2918272 1567687722.1448796 1567687645-tmpfsAD_1it_10cpus_0delay_withpc-0 140079180797760
read_file 1567687721.0657866 1567687721.0672278 bigbrain_3076_603_694.nii 140559142745920
increment_file 1567687721.067401 1567687721.4421842 bigbrain_3076_603_694.nii 140559142745920
write_file 1567687721.451888 1567687721.905749 inc-bigbrain_3076_603_694.nii 140559142745920
task_duration 1567687721.063751 1567687721.90851 1567687645-tmpfsAD_1it_10cpus_0delay_withpc-0 140559142745920
read_file 1567687720.9959655 1567687720.9978707 bigbrain_3076_603_2776.nii 139752874555200
increment_file 1567687720.998094 1567687721.353492 bigbrain_3076_603_2776.nii 139752874555200
write_file 1567687721.3627563 1567687721.8283827 inc-bigbrain_3076_603_2776.nii 139752874555200
task_duration 1567687720.9934692 1567687721.831357 1567687645-tmpfsAD_1it_10cpus_0delay_withpc-0 139752874555200
read_file 1567687717.8534915 1567687717.854742 bigbrain_3076_603_2082.nii 139722075207488
increment_file 1567687717.854908 1567687718.2437012 bigbrain_3076_603_2082.nii 139722075207488
write_file 1567687718.2538455 1567687718.7170343 inc-bigbrain_3076_603_2082.nii 139722075207488
task_duration 1567687717.8519464 1567687718.719671 1567687645-tmpfsAD_1it_10cpus_0delay_withpc-0 139722075207488
read_file 1567687717.7807415 1567687717.7820961 bigbrain_3076_603_1388.nii 139838362081088
increment_file 1567687717.7822702 1567687718.147339 bigbrain_3076_603_1388.nii 139838362081088
write_file 1567687718.157301 1567687718.615236 inc-bigbrain_3076_603_1388.nii 139838362081088
task_duration 1567687717.779024 1567687718.617711 1567687645-tmpfsAD_1it_10cpus_0delay_withpc-0 139838362081088
read_file 1567687717.7758863 1567687717.777712 bigbrain_3076_2412_694.nii 140308911781696
increment_file 1567687717.7779412 1567687718.1432407 bigbrain_3076_2412_694.nii 140308911781696
write_file 1567687718.1530373 1567687718.6106267 inc-bigbrain_3076_2412_694.nii 140308911781696
task_duration 1567687717.773396 1567687718.6131291 1567687645-tmpfsAD_1it_10cpus_0delay_withpc-0 140308911781696
read_file 1567687717.7632866 1567687717.7648504 bigbrain_3076_2412_2776.nii 140192394843968
increment_file 1567687717.765045 1567687718.1312647 bigbrain_3076_2412_2776.nii 140192394843968
write_file 1567687718.1409073 1567687718.5979395 inc-bigbrain_3076_2412_2776.nii 140192394843968
task_duration 1567687717.7611654 1567687718.6007202 1567687645-tmpfsAD_1it_10cpus_0delay_withpc-0 140192394843968
read_file 1567687717.7588654 1567687717.7606218 bigbrain_3076_2412_1388.nii 139823748237120
increment_file 1567687717.7608166 1567687718.148367 bigbrain_3076_2412_1388.nii 139823748237120
write_file 1567687718.1582682 1567687718.6205273 inc-bigbrain_3076_2412_1388.nii 139823748237120
task_duration 1567687717.756526 1567687718.623059 1567687645-tmpfsAD_1it_10cpus_0delay_withpc-0 139823748237120
read_file 1567687717.758807 1567687717.7602084 bigbrain_3076_2412_2082.nii 139688107915072
increment_file 1567687717.7603498 1567687718.1272302 bigbrain_3076_2412_2082.nii 139688107915072
write_file 1567687718.1368585 1567687718.5999243 inc-bigbrain_3076_2412_2082.nii 139688107915072
task_duration 1567687717.7556329 1567687718.6025357 1567687645-tmpfsAD_1it_10cpus_0delay_withpc-0 139688107915072
read_file 1567687717.7563953 1567687717.757923 bigbrain_3076_603_0.nii 140173495547712
increment_file 1567687717.7581072 1567687718.145008 bigbrain_3076_603_0.nii 140173495547712
write_file 1567687718.155213 1567687718.6083508 inc-bigbrain_3076_603_0.nii 140173495547712
task_duration 1567687717.7544334 1567687718.6110587 1567687645-tmpfsAD_1it_10cpus_0delay_withpc-0 140173495547712
read_file 1567687717.667905 1567687717.6698112 bigbrain_3076_2412_0.nii 140037832812352
increment_file 1567687717.6700392 1567687718.057344 bigbrain_3076_2412_0.nii 140037832812352
write_file 1567687718.0672894 1567687718.5237062 inc-bigbrain_3076_2412_0.nii 140037832812352
task_duration 1567687717.6653202 1567687718.5264313 1567687645-tmpfsAD_1it_10cpus_0delay_withpc-0 140037832812352
read_file 1567687717.571647 1567687717.5732987 bigbrain_3076_1809_694.nii 140264608556864
increment_file 1567687717.5734892 1567687717.939313 bigbrain_3076_1809_694.nii 140264608556864
write_file 1567687717.948827 1567687718.4141798 inc-bigbrain_3076_1809_694.nii 140264608556864
task_duration 1567687717.5692968 1567687718.4169748 1567687645-tmpfsAD_1it_10cpus_0delay_withpc-0 140264608556864
read_file 1567687717.5652475 1567687717.5669317 bigbrain_3076_1809_2776.nii 140449758545728
increment_file 1567687717.5671277 1567687717.9613447 bigbrain_3076_1809_2776.nii 140449758545728
write_file 1567687717.971243 1567687718.429348 inc-bigbrain_3076_1809_2776.nii 140449758545728
task_duration 1567687717.562931 1567687718.4321654 1567687645-tmpfsAD_1it_10cpus_0delay_withpc-0 140449758545728
read_file 1567687714.1442397 1567687714.1453035 bigbrain_3076_1809_2082.nii 139840000255808
increment_file 1567687714.1454415 1567687714.5047827 bigbrain_3076_1809_2082.nii 139840000255808
write_file 1567687714.5144978 1567687714.9663773 inc-bigbrain_3076_1809_2082.nii 139840000255808
task_duration 1567687714.1429996 1567687714.9690711 1567687645-tmpfsAD_1it_10cpus_0delay_withpc-0 139840000255808
read_file 1567687714.1029642 1567687714.104433 bigbrain_3076_1809_1388.nii 140506802128704
increment_file 1567687714.1046417 1567687714.5029278 bigbrain_3076_1809_1388.nii 140506802128704
write_file 1567687714.5126677 1567687714.9894314 inc-bigbrain_3076_1809_1388.nii 140506802128704
task_duration 1567687714.1010664 1567687714.9919806 1567687645-tmpfsAD_1it_10cpus_0delay_withpc-0 140506802128704
read_file 1567687714.0969727 1567687714.0990324 bigbrain_3076_1206_694.nii 139941042448192
increment_file 1567687714.0992827 1567687714.4966674 bigbrain_3076_1206_694.nii 139941042448192
write_file 1567687714.5066154 1567687714.982601 inc-bigbrain_3076_1206_694.nii 139941042448192
task_duration 1567687714.094264 1567687714.9851599 1567687645-tmpfsAD_1it_10cpus_0delay_withpc-0 139941042448192
read_file 1567687714.0940595 1567687714.0955474 bigbrain_3076_1809_0.nii 140351443916608
increment_file 1567687714.095743 1567687714.4550686 bigbrain_3076_1809_0.nii 140351443916608
write_file 1567687714.4647152 1567687714.9088018 inc-bigbrain_3076_1809_0.nii 140351443916608
task_duration 1567687714.0921118 1567687714.9114332 1567687645-tmpfsAD_1it_10cpus_0delay_withpc-0 140351443916608
read_file 1567687714.0913348 1567687714.092674 bigbrain_3076_1206_2082.nii 140325474162496
increment_file 1567687714.092848 1567687714.4912202 bigbrain_3076_1206_2082.nii 140325474162496
write_file 1567687714.501021 1567687714.976522 inc-bigbrain_3076_1206_2082.nii 140325474162496
task_duration 1567687714.088843 1567687714.9793053 1567687645-tmpfsAD_1it_10cpus_0delay_withpc-0 140325474162496
read_file 1567687714.0804474 1567687714.0815437 bigbrain_3076_1206_2776.nii 140180283389760
increment_file 1567687714.081701 1567687714.4778116 bigbrain_3076_1206_2776.nii 140180283389760
write_file 1567687714.4876566 1567687714.964284 inc-bigbrain_3076_1206_2776.nii 140180283389760
task_duration 1567687714.077437 1567687714.9669876 1567687645-tmpfsAD_1it_10cpus_0delay_withpc-0 140180283389760
read_file 1567687714.077504 1567687714.0798647 bigbrain_3076_1206_1388.nii 140674521974592
increment_file 1567687714.0801232 1567687714.479687 bigbrain_3076_1206_1388.nii 140674521974592
write_file 1567687714.4894311 1567687715.111178 inc-bigbrain_3076_1206_1388.nii 140674521974592
task_duration 1567687714.0742474 1567687715.1144164 1567687645-tmpfsAD_1it_10cpus_0delay_withpc-0 140674521974592
read_file 1567687714.0757637 1567687714.0778456 bigbrain_3076_1206_0.nii 140644778030912
increment_file 1567687714.0780828 1567687714.4783132 bigbrain_3076_1206_0.nii 140644778030912
write_file 1567687714.488158 1567687714.9592226 inc-bigbrain_3076_1206_0.nii 140644778030912
task_duration 1567687714.073032 1567687714.962093 1567687645-tmpfsAD_1it_10cpus_0delay_withpc-0 140644778030912
read_file 1567687714.0549119 1567687714.0565143 bigbrain_3076_0_694.nii 140146964350784
increment_file 1567687714.056725 1567687714.4195523 bigbrain_3076_0_694.nii 140146964350784
write_file 1567687714.4291897 1567687714.8773057 inc-bigbrain_3076_0_694.nii 140146964350784
task_duration 1567687714.0526567 1567687714.880073 1567687645-tmpfsAD_1it_10cpus_0delay_withpc-0 140146964350784
read_file 1567687714.001215 1567687714.0026772 bigbrain_3076_0_2776.nii 140665047119680
increment_file 1567687714.0028672 1567687714.4062793 bigbrain_3076_0_2776.nii 140665047119680
write_file 1567687714.4161887 1567687714.880508 inc-bigbrain_3076_0_2776.nii 140665047119680
task_duration 1567687713.999285 1567687714.8834455 1567687645-tmpfsAD_1it_10cpus_0delay_withpc-0 140665047119680
read_file 1567687710.1879659 1567687710.1890042 bigbrain_3076_0_2082.nii 139658983151424
increment_file 1567687710.1891317 1567687710.5545495 bigbrain_3076_0_2082.nii 139658983151424
write_file 1567687710.5641031 1567687711.010551 inc-bigbrain_3076_0_2082.nii 139658983151424
task_duration 1567687710.1866286 1567687711.0129468 1567687645-tmpfsAD_1it_10cpus_0delay_withpc-0 139658983151424
read_file 1567687710.1436458 1567687710.1448236 bigbrain_3076_0_1388.nii 140108907403072
increment_file 1567687710.1449707 1567687710.5315814 bigbrain_3076_0_1388.nii 140108907403072
write_file 1567687710.5415554 1567687710.999397 inc-bigbrain_3076_0_1388.nii 140108907403072
task_duration 1567687710.1406822 1567687711.0023994 1567687645-tmpfsAD_1it_10cpus_0delay_withpc-0 140108907403072
read_file 1567687710.1394935 1567687710.1407483 bigbrain_3076_0_0.nii 140059048851264
increment_file 1567687710.1409001 1567687710.508602 bigbrain_3076_0_0.nii 140059048851264
write_file 1567687710.5183098 1567687710.9669712 inc-bigbrain_3076_0_0.nii 140059048851264
task_duration 1567687710.1373012 1567687710.9695914 1567687645-tmpfsAD_1it_10cpus_0delay_withpc-0 140059048851264
read_file 1567687710.1342537 1567687710.1356235 bigbrain_2307_603_694.nii 140669498189632
increment_file 1567687710.1357994 1567687710.5241752 bigbrain_2307_603_694.nii 140669498189632
write_file 1567687710.534385 1567687711.0042903 inc-bigbrain_2307_603_694.nii 140669498189632
task_duration 1567687710.1313584 1567687711.0068445 1567687645-tmpfsAD_1it_10cpus_0delay_withpc-0 140669498189632
read_file 1567687710.1260047 1567687710.128119 bigbrain_2307_603_2776.nii 139652586604352
increment_file 1567687710.1283572 1567687710.49697 bigbrain_2307_603_2776.nii 139652586604352
write_file 1567687710.5066996 1567687710.9683325 inc-bigbrain_2307_603_2776.nii 139652586604352
task_duration 1567687710.1230702 1567687710.9709728 1567687645-tmpfsAD_1it_10cpus_0delay_withpc-0 139652586604352
read_file 1567687710.115219 1567687710.1174455 bigbrain_2307_603_1388.nii 139903118698304
increment_file 1567687710.1177063 1567687710.4865634 bigbrain_2307_603_1388.nii 139903118698304
write_file 1567687710.49624 1567687710.9591684 inc-bigbrain_2307_603_1388.nii 139903118698304
task_duration 1567687710.1122077 1567687710.9618766 1567687645-tmpfsAD_1it_10cpus_0delay_withpc-0 139903118698304
read_file 1567687710.1081002 1567687710.1098816 bigbrain_2307_603_2082.nii 139667907249984
increment_file 1567687710.1100934 1567687710.497896 bigbrain_2307_603_2082.nii 139667907249984
write_file 1567687710.5077317 1567687710.9770682 inc-bigbrain_2307_603_2082.nii 139667907249984
task_duration 1567687710.105717 1567687710.97971 1567687645-tmpfsAD_1it_10cpus_0delay_withpc-0 139667907249984
read_file 1567687710.0891557 1567687710.0903986 bigbrain_2307_2412_694.nii 139736829396800
increment_file 1567687710.0905623 1567687710.4592745 bigbrain_2307_2412_694.nii 139736829396800
write_file 1567687710.4688098 1567687710.9278722 inc-bigbrain_2307_2412_694.nii 139736829396800
task_duration 1567687710.0869565 1567687710.9306698 1567687645-tmpfsAD_1it_10cpus_0delay_withpc-0 139736829396800
read_file 1567687710.0742478 1567687710.0754373 bigbrain_2307_603_0.nii 140327686694720
increment_file 1567687710.075592 1567687710.4666672 bigbrain_2307_603_0.nii 140327686694720
write_file 1567687710.4764564 1567687710.9386332 inc-bigbrain_2307_603_0.nii 140327686694720
task_duration 1567687710.0716844 1567687710.9414036 1567687645-tmpfsAD_1it_10cpus_0delay_withpc-0 140327686694720
read_file 1567687710.0719938 1567687710.073954 bigbrain_2307_2412_2776.nii 139744925194048
increment_file 1567687710.074117 1567687710.464454 bigbrain_2307_2412_2776.nii 139744925194048
write_file 1567687710.474375 1567687710.9429977 inc-bigbrain_2307_2412_2776.nii 139744925194048
task_duration 1567687710.0687265 1567687710.945672 1567687645-tmpfsAD_1it_10cpus_0delay_withpc-0 139744925194048
read_file 1567687706.2704253 1567687706.2715702 bigbrain_2307_2412_2082.nii 140436161771328
increment_file 1567687706.2717373 1567687706.6618066 bigbrain_2307_2412_2082.nii 140436161771328
write_file 1567687706.6718907 1567687707.1383684 inc-bigbrain_2307_2412_2082.nii 140436161771328
task_duration 1567687706.2690609 1567687707.140805 1567687645-tmpfsAD_1it_10cpus_0delay_withpc-0 140436161771328
read_file 1567687706.202085 1567687706.2035208 bigbrain_2307_2412_0.nii 140715351746368
increment_file 1567687706.2037117 1567687706.572233 bigbrain_2307_2412_0.nii 140715351746368
write_file 1567687706.5820608 1567687707.0312045 inc-bigbrain_2307_2412_0.nii 140715351746368
task_duration 1567687706.2002144 1567687707.0337462 1567687645-tmpfsAD_1it_10cpus_0delay_withpc-0 140715351746368
read_file 1567687706.1992524 1567687706.200668 bigbrain_2307_2412_1388.nii 140124513892160
increment_file 1567687706.2008452 1567687706.5903482 bigbrain_2307_2412_1388.nii 140124513892160
write_file 1567687706.6004243 1567687707.0692456 inc-bigbrain_2307_2412_1388.nii 140124513892160
task_duration 1567687706.1974864 1567687707.0723197 1567687645-tmpfsAD_1it_10cpus_0delay_withpc-0 140124513892160
read_file 1567687706.1967316 1567687706.1982532 bigbrain_2307_1809_2776.nii 140605904385856
increment_file 1567687706.1984115 1567687706.5876029 bigbrain_2307_1809_2776.nii 140605904385856
write_file 1567687706.5976741 1567687707.06931 inc-bigbrain_2307_1809_2776.nii 140605904385856
task_duration 1567687706.1934438 1567687707.0723698 1567687645-tmpfsAD_1it_10cpus_0delay_withpc-0 140605904385856
read_file 1567687706.1914773 1567687706.1930857 bigbrain_2307_1809_1388.nii 140552720820032
increment_file 1567687706.193273 1567687706.5626645 bigbrain_2307_1809_1388.nii 140552720820032
write_file 1567687706.5723205 1567687707.0331128 inc-bigbrain_2307_1809_1388.nii 140552720820032
task_duration 1567687706.189395 1567687707.03557 1567687645-tmpfsAD_1it_10cpus_0delay_withpc-0 140552720820032
read_file 1567687706.1868746 1567687706.1884065 bigbrain_2307_1809_694.nii 140516891944768
increment_file 1567687706.1885757 1567687706.5761182 bigbrain_2307_1809_694.nii 140516891944768
write_file 1567687706.5862 1567687707.0556664 inc-bigbrain_2307_1809_694.nii 140516891944768
task_duration 1567687706.1835847 1567687707.058353 1567687645-tmpfsAD_1it_10cpus_0delay_withpc-0 140516891944768
read_file 1567687706.1806118 1567687706.1820557 bigbrain_2307_1809_0.nii 140328462608192
increment_file 1567687706.1822286 1567687706.5591426 bigbrain_2307_1809_0.nii 140328462608192
write_file 1567687706.5689387 1567687707.0258827 inc-bigbrain_2307_1809_0.nii 140328462608192
task_duration 1567687706.1787655 1567687707.0287123 1567687645-tmpfsAD_1it_10cpus_0delay_withpc-0 140328462608192
read_file 1567687706.1799984 1567687706.181252 bigbrain_2307_1809_2082.nii 139624161400640
increment_file 1567687706.1814113 1567687706.5526478 bigbrain_2307_1809_2082.nii 139624161400640
write_file 1567687706.5621855 1567687707.0256422 inc-bigbrain_2307_1809_2082.nii 139624161400640
task_duration 1567687706.178278 1567687707.0283792 1567687645-tmpfsAD_1it_10cpus_0delay_withpc-0 139624161400640
read_file 1567687706.1770458 1567687706.1787925 bigbrain_2307_1206_694.nii 139890824595264
increment_file 1567687706.1789415 1567687706.5502765 bigbrain_2307_1206_694.nii 139890824595264
write_file 1567687706.559777 1567687707.0195413 inc-bigbrain_2307_1206_694.nii 139890824595264
task_duration 1567687706.1738708 1567687707.0224428 1567687645-tmpfsAD_1it_10cpus_0delay_withpc-0 139890824595264
read_file 1567687706.1690767 1567687706.1705256 bigbrain_2307_1206_2776.nii 140506407122752
increment_file 1567687706.1707153 1567687706.5648232 bigbrain_2307_1206_2776.nii 140506407122752
write_file 1567687706.5748134 1567687707.0499825 inc-bigbrain_2307_1206_2776.nii 140506407122752
task_duration 1567687706.1672077 1567687707.0527277 1567687645-tmpfsAD_1it_10cpus_0delay_withpc-0 140506407122752
read_file 1567687702.5010774 1567687702.502246 bigbrain_2307_1206_2082.nii 139852642199360
increment_file 1567687702.5023913 1567687702.8932555 bigbrain_2307_1206_2082.nii 139852642199360
write_file 1567687702.9034357 1567687703.373292 inc-bigbrain_2307_1206_2082.nii 139852642199360
task_duration 1567687702.4990985 1567687703.3756728 1567687645-tmpfsAD_1it_10cpus_0delay_withpc-0 139852642199360
read_file 1567687702.4379153 1567687702.439741 bigbrain_2307_1206_0.nii 140618269140800
increment_file 1567687702.4399543 1567687702.8099303 bigbrain_2307_1206_0.nii 140618269140800
write_file 1567687702.8197207 1567687703.269917 inc-bigbrain_2307_1206_0.nii 140618269140800
task_duration 1567687702.4355047 1567687703.2724328 1567687645-tmpfsAD_1it_10cpus_0delay_withpc-0 140618269140800
read_file 1567687702.4365578 1567687702.4382877 bigbrain_2307_0_694.nii 140571417376576
increment_file 1567687702.4384942 1567687702.8080082 bigbrain_2307_0_694.nii 140571417376576
write_file 1567687702.8178504 1567687703.2672818 inc-bigbrain_2307_0_694.nii 140571417376576
task_duration 1567687702.4342732 1567687703.2698555 1567687645-tmpfsAD_1it_10cpus_0delay_withpc-0 140571417376576
read_file 1567687702.431964 1567687702.433391 bigbrain_2307_0_2082.nii 140194953398080
increment_file 1567687702.43356 1567687702.821204 bigbrain_2307_0_2082.nii 140194953398080
write_file 1567687702.8314016 1567687703.2902248 inc-bigbrain_2307_0_2082.nii 140194953398080
task_duration 1567687702.4301445 1567687703.2928786 1567687645-tmpfsAD_1it_10cpus_0delay_withpc-0 140194953398080
read_file 1567687702.4308927 1567687702.4327002 bigbrain_2307_0_1388.nii 140008971069248
increment_file 1567687702.432856 1567687702.8030381 bigbrain_2307_0_1388.nii 140008971069248
write_file 1567687702.8128383 1567687703.2625477 inc-bigbrain_2307_0_1388.nii 140008971069248
task_duration 1567687702.4276168 1567687703.265203 1567687645-tmpfsAD_1it_10cpus_0delay_withpc-0 140008971069248
read_file 1567687702.4254177 1567687702.427303 bigbrain_2307_1206_1388.nii 140345402013504
increment_file 1567687702.4275267 1567687702.8173518 bigbrain_2307_1206_1388.nii 140345402013504
write_file 1567687702.8278294 1567687703.2950516 inc-bigbrain_2307_1206_1388.nii 140345402013504
task_duration 1567687702.422831 1567687703.2975414 1567687645-tmpfsAD_1it_10cpus_0delay_withpc-0 140345402013504
read_file 1567687702.406506 1567687702.4083977 bigbrain_2307_0_2776.nii 140123606779712
increment_file 1567687702.4086337 1567687702.7800105 bigbrain_2307_0_2776.nii 140123606779712
write_file 1567687702.7897458 1567687703.2444673 inc-bigbrain_2307_0_2776.nii 140123606779712
task_duration 1567687702.4039302 1567687703.2473757 1567687645-tmpfsAD_1it_10cpus_0delay_withpc-0 140123606779712
read_file 1567687702.4014094 1567687702.4027898 bigbrain_1538_603_694.nii 140338590582592
increment_file 1567687702.4029489 1567687702.7933037 bigbrain_1538_603_694.nii 140338590582592
write_file 1567687702.8032117 1567687703.2735748 inc-bigbrain_1538_603_694.nii 140338590582592
task_duration 1567687702.3993928 1567687703.2762496 1567687645-tmpfsAD_1it_10cpus_0delay_withpc-0 140338590582592
read_file 1567687702.396952 1567687702.3988867 bigbrain_1538_603_2776.nii 140390139680576
increment_file 1567687702.399117 1567687702.7717185 bigbrain_1538_603_2776.nii 140390139680576
write_file 1567687702.7812397 1567687703.2448504 inc-bigbrain_1538_603_2776.nii 140390139680576
task_duration 1567687702.394244 1567687703.2478187 1567687645-tmpfsAD_1it_10cpus_0delay_withpc-0 140390139680576
read_file 1567687702.3912148 1567687702.3926284 bigbrain_2307_0_0.nii 140509948553024
increment_file 1567687702.3927999 1567687702.7851272 bigbrain_2307_0_0.nii 140509948553024
write_file 1567687702.7952504 1567687703.2522595 inc-bigbrain_2307_0_0.nii 140509948553024
task_duration 1567687702.3891084 1567687703.2550185 1567687645-tmpfsAD_1it_10cpus_0delay_withpc-0 140509948553024
read_file 1567687698.6421223 1567687698.6431983 bigbrain_1538_603_2082.nii 140028571453248
increment_file 1567687698.6433346 1567687699.0094273 bigbrain_1538_603_2082.nii 140028571453248
write_file 1567687699.01908 1567687699.4832768 inc-bigbrain_1538_603_2082.nii 140028571453248
task_duration 1567687698.6407466 1567687699.4856596 1567687645-tmpfsAD_1it_10cpus_0delay_withpc-0 140028571453248
read_file 1567687698.572899 1567687698.5739853 bigbrain_1538_2412_2776.nii 140037294917440
increment_file 1567687698.574108 1567687698.9452622 bigbrain_1538_2412_2776.nii 140037294917440
write_file 1567687698.9548335 1567687699.4178755 inc-bigbrain_1538_2412_2776.nii 140037294917440
task_duration 1567687698.570146 1567687699.4204743 1567687645-tmpfsAD_1it_10cpus_0delay_withpc-0 140037294917440
read_file 1567687698.5713913 1567687698.5731387 bigbrain_1538_2412_694.nii 140617279543104
increment_file 1567687698.573292 1567687698.9443223 bigbrain_1538_2412_694.nii 140617279543104
write_file 1567687698.9541605 1567687699.4132092 inc-bigbrain_1538_2412_694.nii 140617279543104
task_duration 1567687698.5681374 1567687699.415899 1567687645-tmpfsAD_1it_10cpus_0delay_withpc-0 140617279543104
read_file 1567687698.5672054 1567687698.5687568 bigbrain_1538_2412_0.nii 140659078944576
increment_file 1567687698.5689373 1567687698.9593227 bigbrain_1538_2412_0.nii 140659078944576
write_file 1567687698.9692411 1567687699.4211414 inc-bigbrain_1538_2412_0.nii 140659078944576
task_duration 1567687698.565167 1567687699.4236047 1567687645-tmpfsAD_1it_10cpus_0delay_withpc-0 140659078944576
read_file 1567687698.5634909 1567687698.5648565 bigbrain_1538_603_0.nii 140297752397632
increment_file 1567687698.5650213 1567687698.9527922 bigbrain_1538_603_0.nii 140297752397632
write_file 1567687698.9627821 1567687699.4140937 inc-bigbrain_1538_603_0.nii 140297752397632
task_duration 1567687698.5600648 1567687699.416701 1567687645-tmpfsAD_1it_10cpus_0delay_withpc-0 140297752397632
read_file 1567687698.5631309 1567687698.5643182 bigbrain_1538_1809_694.nii 140047808350016
increment_file 1567687698.5644574 1567687698.9360645 bigbrain_1538_1809_694.nii 140047808350016
write_file 1567687698.9458275 1567687699.4025486 inc-bigbrain_1538_1809_694.nii 140047808350016
task_duration 1567687698.5605164 1567687699.405217 1567687645-tmpfsAD_1it_10cpus_0delay_withpc-0 140047808350016
read_file 1567687698.5549192 1567687698.5563097 bigbrain_1538_603_1388.nii 140355155244864
increment_file 1567687698.5564861 1567687698.9292622 bigbrain_1538_603_1388.nii 140355155244864
write_file 1567687698.938917 1567687699.3971436 inc-bigbrain_1538_603_1388.nii 140355155244864
task_duration 1567687698.5529337 1567687699.3999557 1567687645-tmpfsAD_1it_10cpus_0delay_withpc-0 140355155244864
read_file 1567687698.547452 1567687698.5492198 bigbrain_1538_1809_2776.nii 140648453846848
increment_file 1567687698.549428 1567687698.942427 bigbrain_1538_1809_2776.nii 140648453846848
write_file 1567687698.9530628 1567687699.4175863 inc-bigbrain_1538_1809_2776.nii 140648453846848
task_duration 1567687698.5450685 1567687699.4201262 1567687645-tmpfsAD_1it_10cpus_0delay_withpc-0 140648453846848
read_file 1567687698.5447254 1567687698.5460248 bigbrain_1538_2412_1388.nii 140652098262848
increment_file 1567687698.5461855 1567687698.9387171 bigbrain_1538_2412_1388.nii 140652098262848
write_file 1567687698.9487493 1567687699.409165 inc-bigbrain_1538_2412_1388.nii 140652098262848
task_duration 1567687698.5425065 1567687699.4118004 1567687645-tmpfsAD_1it_10cpus_0delay_withpc-0 140652098262848
read_file 1567687698.5388186 1567687698.540792 bigbrain_1538_2412_2082.nii 140288331700032
increment_file 1567687698.5410128 1567687698.9315546 bigbrain_1538_2412_2082.nii 140288331700032
write_file 1567687698.941314 1567687699.402111 inc-bigbrain_1538_2412_2082.nii 140288331700032
task_duration 1567687698.5361137 1567687699.4048142 1567687645-tmpfsAD_1it_10cpus_0delay_withpc-0 140288331700032
read_file 1567687694.8565447 1567687694.8578439 bigbrain_1538_1809_1388.nii 139908492650304
increment_file 1567687694.8579926 1567687695.236484 bigbrain_1538_1809_1388.nii 139908492650304
write_file 1567687695.2460833 1567687695.7157834 inc-bigbrain_1538_1809_1388.nii 139908492650304
task_duration 1567687694.8533468 1567687695.7184896 1567687645-tmpfsAD_1it_10cpus_0delay_withpc-0 139908492650304
read_file 1567687694.8533077 1567687694.8549135 bigbrain_1538_1206_0.nii 139973834237760
increment_file 1567687694.8550947 1567687695.254741 bigbrain_1538_1206_0.nii 139973834237760
write_file 1567687695.2653728 1567687695.7179072 inc-bigbrain_1538_1206_0.nii 139973834237760
task_duration 1567687694.8511248 1567687695.720619 1567687645-tmpfsAD_1it_10cpus_0delay_withpc-0 139973834237760
read_file 1567687694.8529723 1567687694.8545923 bigbrain_1538_1206_2082.nii 140677649020736
increment_file 1567687694.8547838 1567687695.2539139 bigbrain_1538_1206_2082.nii 140677649020736
write_file 1567687695.2642138 1567687695.7284164 inc-bigbrain_1538_1206_2082.nii 140677649020736
task_duration 1567687694.8508 1567687695.730975 1567687645-tmpfsAD_1it_10cpus_0delay_withpc-0 140677649020736
read_file 1567687694.8520224 1567687694.8540974 bigbrain_1538_1206_2776.nii 140695753635648
increment_file 1567687694.8543322 1567687695.2344456 bigbrain_1538_1206_2776.nii 140695753635648
write_file 1567687695.2439876 1567687695.7192452 inc-bigbrain_1538_1206_2776.nii 140695753635648
task_duration 1567687694.848886 1567687695.7219486 1567687645-tmpfsAD_1it_10cpus_0delay_withpc-0 140695753635648
read_file 1567687694.8515706 1567687694.853261 bigbrain_1538_1809_0.nii 140020825085760
increment_file 1567687694.8534498 1567687695.234853 bigbrain_1538_1809_0.nii 140020825085760
write_file 1567687695.2444816 1567687695.7114105 inc-bigbrain_1538_1809_0.nii 140020825085760
task_duration 1567687694.848279 1567687695.714404 1567687645-tmpfsAD_1it_10cpus_0delay_withpc-0 140020825085760
read_file 1567687694.8515785 1567687694.8532536 bigbrain_1538_1809_2082.nii 139620966967104
increment_file 1567687694.853447 1567687695.233256 bigbrain_1538_1809_2082.nii 139620966967104
write_file 1567687695.2427177 1567687695.8599312 inc-bigbrain_1538_1809_2082.nii 139620966967104
task_duration 1567687694.8482378 1567687695.863197 1567687645-tmpfsAD_1it_10cpus_0delay_withpc-0 139620966967104
read_file 1567687694.8515463 1567687694.8532414 bigbrain_1538_1206_694.nii 140003725846336
increment_file 1567687694.8534331 1567687695.2327287 bigbrain_1538_1206_694.nii 140003725846336
write_file 1567687695.2421808 1567687695.7179525 inc-bigbrain_1538_1206_694.nii 140003725846336
task_duration 1567687694.8481927 1567687695.7207053 1567687645-tmpfsAD_1it_10cpus_0delay_withpc-0 140003725846336
read_file 1567687694.8515477 1567687694.8531797 bigbrain_1538_0_2776.nii 140600433416000
increment_file 1567687694.8533592 1567687695.229464 bigbrain_1538_0_2776.nii 140600433416000
write_file 1567687695.2390006 1567687695.700797 inc-bigbrain_1538_0_2776.nii 140600433416000
task_duration 1567687694.8482738 1567687695.7037647 1567687645-tmpfsAD_1it_10cpus_0delay_withpc-0 140600433416000
read_file 1567687694.8513658 1567687694.8528945 bigbrain_1538_0_694.nii 139923378427712
increment_file 1567687694.8530807 1567687695.230774 bigbrain_1538_0_694.nii 139923378427712
write_file 1567687695.240285 1567687695.7006803 inc-bigbrain_1538_0_694.nii 139923378427712
task_duration 1567687694.8481812 1567687695.703667 1567687645-tmpfsAD_1it_10cpus_0delay_withpc-0 139923378427712
read_file 1567687694.8511648 1567687694.8525634 bigbrain_1538_1206_1388.nii 140694003853120
increment_file 1567687694.852727 1567687695.2738128 bigbrain_1538_1206_1388.nii 140694003853120
write_file 1567687695.299783 1567687695.764169 inc-bigbrain_1538_1206_1388.nii 140694003853120
task_duration 1567687694.8489268 1567687695.7666905 1567687645-tmpfsAD_1it_10cpus_0delay_withpc-0 140694003853120
