read_file 1567710911.254025 1567710911.2551162 bigbrain_769_603_694.nii 140137817560896
increment_file 1567710911.2552633 1567710911.6316278 bigbrain_769_603_694.nii 140137817560896
write_file 1567710911.6405158 1567710912.0718482 inc-bigbrain_769_603_694.nii 140137817560896
task_duration 1567710911.252014 1567710912.0743475 1567710339-tmpfsAD_1it_96cpus_0delay_npc-2 140137817560896
read_file 1567710907.3493102 1567710907.3548398 bigbrain_769_603_0.nii 139848839006016
increment_file 1567710907.3556473 1567710908.741688 bigbrain_769_603_0.nii 139848839006016
write_file 1567710908.773471 1567710910.1536274 inc-bigbrain_769_603_0.nii 139848839006016
task_duration 1567710907.3455899 1567710910.1573744 1567710339-tmpfsAD_1it_96cpus_0delay_npc-2 139848839006016
read_file 1567710907.3240612 1567710907.3305066 bigbrain_769_2412_694.nii 139982379919168
increment_file 1567710907.3315105 1567710909.1669395 bigbrain_769_2412_694.nii 139982379919168
write_file 1567710909.1922154 1567710910.7305505 inc-bigbrain_769_2412_694.nii 139982379919168
task_duration 1567710907.3184986 1567710910.7342978 1567710339-tmpfsAD_1it_96cpus_0delay_npc-2 139982379919168
read_file 1567710907.322776 1567710907.3291974 bigbrain_769_1809_1388.nii 139631697741632
increment_file 1567710907.3302546 1567710908.7413163 bigbrain_769_1809_1388.nii 139631697741632
write_file 1567710908.7771068 1567710910.1586475 inc-bigbrain_769_1809_1388.nii 139631697741632
task_duration 1567710907.317229 1567710910.163453 1567710339-tmpfsAD_1it_96cpus_0delay_npc-2 139631697741632
read_file 1567710907.278017 1567710907.2849145 bigbrain_769_1206_0.nii 139697853859648
increment_file 1567710907.2860703 1567710909.1455412 bigbrain_769_1206_0.nii 139697853859648
write_file 1567710909.170063 1567710910.7013886 inc-bigbrain_769_1206_0.nii 139697853859648
task_duration 1567710907.2679756 1567710910.7053344 1567710339-tmpfsAD_1it_96cpus_0delay_npc-2 139697853859648
read_file 1567710907.274989 1567710907.2800956 bigbrain_769_1206_694.nii 140506448516928
increment_file 1567710907.2807958 1567710908.692587 bigbrain_769_1206_694.nii 140506448516928
write_file 1567710908.7218847 1567710910.1190205 inc-bigbrain_769_1206_694.nii 140506448516928
task_duration 1567710907.2712452 1567710910.122866 1567710339-tmpfsAD_1it_96cpus_0delay_npc-2 140506448516928
read_file 1567710907.2680886 1567710907.2726648 bigbrain_769_603_2082.nii 140253351270208
increment_file 1567710907.27349 1567710908.6895347 bigbrain_769_603_2082.nii 140253351270208
write_file 1567710908.7189312 1567710910.131962 inc-bigbrain_769_603_2082.nii 140253351270208
task_duration 1567710907.2630162 1567710910.1367273 1567710339-tmpfsAD_1it_96cpus_0delay_npc-2 140253351270208
read_file 1567710907.2397118 1567710907.2449439 bigbrain_3076_1809_0.nii 140492886816576
increment_file 1567710907.2459004 1567710908.6693764 bigbrain_3076_1809_0.nii 140492886816576
write_file 1567710908.7014685 1567710910.1104064 inc-bigbrain_3076_1809_0.nii 140492886816576
task_duration 1567710907.2303045 1567710910.1158452 1567710339-tmpfsAD_1it_96cpus_0delay_npc-2 140492886816576
read_file 1567710907.2375612 1567710907.2414844 bigbrain_3076_2412_1388.nii 140544005568320
increment_file 1567710907.2420235 1567710908.6697524 bigbrain_3076_2412_1388.nii 140544005568320
write_file 1567710908.6979864 1567710910.1051404 inc-bigbrain_3076_2412_1388.nii 140544005568320
task_duration 1567710907.2341113 1567710910.1094246 1567710339-tmpfsAD_1it_96cpus_0delay_npc-2 140544005568320
read_file 1567710907.229926 1567710907.2361085 bigbrain_769_1809_2776.nii 140208634976064
increment_file 1567710907.2371733 1567710909.0940845 bigbrain_769_1809_2776.nii 140208634976064
write_file 1567710909.11992 1567710910.6564715 inc-bigbrain_769_1809_2776.nii 140208634976064
task_duration 1567710907.2244217 1567710910.6622581 1567710339-tmpfsAD_1it_96cpus_0delay_npc-2 140208634976064
read_file 1567710907.217816 1567710907.2242703 bigbrain_769_2412_2776.nii 140404926547776
increment_file 1567710907.22512 1567710909.111954 bigbrain_769_2412_2776.nii 140404926547776
write_file 1567710909.1362941 1567710910.6995099 inc-bigbrain_769_2412_2776.nii 140404926547776
task_duration 1567710907.2078185 1567710910.7038875 1567710339-tmpfsAD_1it_96cpus_0delay_npc-2 140404926547776
read_file 1567710907.2167404 1567710907.2213447 bigbrain_3076_603_1388.nii 139843602605888
increment_file 1567710907.222112 1567710908.663645 bigbrain_3076_603_1388.nii 139843602605888
write_file 1567710908.6961877 1567710910.131334 inc-bigbrain_3076_603_1388.nii 139843602605888
task_duration 1567710907.2064657 1567710910.136563 1567710339-tmpfsAD_1it_96cpus_0delay_npc-2 139843602605888
read_file 1567710907.2129297 1567710907.21856 bigbrain_3076_603_0.nii 140421677442880
increment_file 1567710907.2193952 1567710908.6673896 bigbrain_3076_603_0.nii 140421677442880
write_file 1567710908.7004352 1567710910.0662112 inc-bigbrain_3076_603_0.nii 140421677442880
task_duration 1567710907.2072027 1567710910.0722845 1567710339-tmpfsAD_1it_96cpus_0delay_npc-2 140421677442880
read_file 1567710907.1991286 1567710907.2036474 bigbrain_769_2412_2082.nii 140702856165184
increment_file 1567710907.2046432 1567710908.6342468 bigbrain_769_2412_2082.nii 140702856165184
write_file 1567710908.668801 1567710910.122305 inc-bigbrain_769_2412_2082.nii 140702856165184
task_duration 1567710907.1947005 1567710910.1278312 1567710339-tmpfsAD_1it_96cpus_0delay_npc-2 140702856165184
read_file 1567710907.1937249 1567710907.1970766 bigbrain_769_0_1388.nii 139768034588480
increment_file 1567710907.1974902 1567710908.629642 bigbrain_769_0_1388.nii 139768034588480
write_file 1567710908.6582246 1567710910.0521502 inc-bigbrain_769_0_1388.nii 139768034588480
task_duration 1567710907.190699 1567710910.0573506 1567710339-tmpfsAD_1it_96cpus_0delay_npc-2 139768034588480
read_file 1567710907.1916127 1567710907.1953108 bigbrain_3076_603_694.nii 140193942931264
increment_file 1567710907.196014 1567710908.6305802 bigbrain_3076_603_694.nii 140193942931264
write_file 1567710908.6613185 1567710910.0837228 inc-bigbrain_3076_603_694.nii 140193942931264
task_duration 1567710907.1856353 1567710910.0896008 1567710339-tmpfsAD_1it_96cpus_0delay_npc-2 140193942931264
read_file 1567710907.1885588 1567710907.194136 bigbrain_769_0_2082.nii 140703591569216
increment_file 1567710907.1949146 1567710909.089213 bigbrain_769_0_2082.nii 140703591569216
write_file 1567710909.1159995 1567710910.6571026 inc-bigbrain_769_0_2082.nii 140703591569216
task_duration 1567710907.1800869 1567710910.6629405 1567710339-tmpfsAD_1it_96cpus_0delay_npc-2 140703591569216
read_file 1567710907.1874647 1567710907.19227 bigbrain_3076_603_2776.nii 140558788753216
increment_file 1567710907.1930635 1567710908.6297462 bigbrain_3076_603_2776.nii 140558788753216
write_file 1567710908.6643214 1567710910.0790663 inc-bigbrain_3076_603_2776.nii 140558788753216
task_duration 1567710907.179668 1567710910.0846722 1567710339-tmpfsAD_1it_96cpus_0delay_npc-2 140558788753216
read_file 1567710907.1857798 1567710907.1881223 bigbrain_3076_1206_1388.nii 140579267573568
increment_file 1567710907.188398 1567710908.6240244 bigbrain_3076_1206_1388.nii 140579267573568
write_file 1567710908.649686 1567710910.0877476 inc-bigbrain_3076_1206_1388.nii 140579267573568
task_duration 1567710907.18324 1567710910.0913172 1567710339-tmpfsAD_1it_96cpus_0delay_npc-2 140579267573568
read_file 1567710907.1830866 1567710907.1876311 bigbrain_769_2412_0.nii 140229341837120
increment_file 1567710907.1881378 1567710908.6346326 bigbrain_769_2412_0.nii 140229341837120
write_file 1567710908.6662548 1567710910.0593467 inc-bigbrain_769_2412_0.nii 140229341837120
task_duration 1567710907.1799762 1567710910.0642405 1567710339-tmpfsAD_1it_96cpus_0delay_npc-2 140229341837120
read_file 1567710907.1702318 1567710907.176327 bigbrain_2307_603_0.nii 139993912489792
increment_file 1567710907.1771061 1567710909.067514 bigbrain_2307_603_0.nii 139993912489792
write_file 1567710909.0919278 1567710910.6329784 inc-bigbrain_2307_603_0.nii 139993912489792
task_duration 1567710907.1647022 1567710910.6411653 1567710339-tmpfsAD_1it_96cpus_0delay_npc-2 139993912489792
read_file 1567710907.1512294 1567710907.152692 bigbrain_3076_0_2082.nii 139709318297408
increment_file 1567710907.1529362 1567710908.5791702 bigbrain_3076_0_2082.nii 139709318297408
write_file 1567710908.6065328 1567710910.0719798 inc-bigbrain_3076_0_2082.nii 139709318297408
task_duration 1567710907.1497216 1567710910.0772347 1567710339-tmpfsAD_1it_96cpus_0delay_npc-2 139709318297408
read_file 1567710907.1456995 1567710907.1517277 bigbrain_3076_603_2082.nii 139948011775808
increment_file 1567710907.152515 1567710909.072859 bigbrain_3076_603_2082.nii 139948011775808
write_file 1567710909.0982563 1567710910.6824174 inc-bigbrain_3076_603_2082.nii 139948011775808
task_duration 1567710907.1398025 1567710910.6872954 1567710339-tmpfsAD_1it_96cpus_0delay_npc-2 139948011775808
read_file 1567710907.1375535 1567710907.1428232 bigbrain_3076_0_694.nii 139625969727296
increment_file 1567710907.1435874 1567710908.6005018 bigbrain_3076_0_694.nii 139625969727296
write_file 1567710908.6385193 1567710910.0831542 inc-bigbrain_3076_0_694.nii 139625969727296
task_duration 1567710907.1328685 1567710910.0895653 1567710339-tmpfsAD_1it_96cpus_0delay_npc-2 139625969727296
read_file 1567710907.1370487 1567710907.1405537 bigbrain_3076_2412_2776.nii 139675106101056
increment_file 1567710907.1410499 1567710908.5973432 bigbrain_3076_2412_2776.nii 139675106101056
write_file 1567710908.6286128 1567710910.1128511 inc-bigbrain_3076_2412_2776.nii 139675106101056
task_duration 1567710907.1341822 1567710910.1167808 1567710339-tmpfsAD_1it_96cpus_0delay_npc-2 139675106101056
read_file 1567710907.1269007 1567710907.1330755 bigbrain_769_1206_2082.nii 139939708876608
increment_file 1567710907.1340575 1567710909.0358229 bigbrain_769_1206_2082.nii 139939708876608
write_file 1567710909.062354 1567710910.6790218 inc-bigbrain_769_1206_2082.nii 139939708876608
task_duration 1567710907.1216881 1567710910.6844327 1567710339-tmpfsAD_1it_96cpus_0delay_npc-2 139939708876608
read_file 1567710907.1132946 1567710907.1192245 bigbrain_769_0_0.nii 140507996124992
increment_file 1567710907.1201253 1567710909.0356214 bigbrain_769_0_0.nii 140507996124992
write_file 1567710909.059125 1567710910.6215465 inc-bigbrain_769_0_0.nii 140507996124992
task_duration 1567710907.1073873 1567710910.6270778 1567710339-tmpfsAD_1it_96cpus_0delay_npc-2 140507996124992
read_file 1567710907.1084857 1567710907.1139398 bigbrain_3076_1809_694.nii 140650118600512
increment_file 1567710907.1160922 1567710909.051201 bigbrain_3076_1809_694.nii 140650118600512
write_file 1567710909.0757866 1567710910.6667073 inc-bigbrain_3076_1809_694.nii 140650118600512
task_duration 1567710907.1031244 1567710910.6709344 1567710339-tmpfsAD_1it_96cpus_0delay_npc-2 140650118600512
read_file 1567710907.108174 1567710907.1132996 bigbrain_769_2412_1388.nii 140097187911488
increment_file 1567710907.1139975 1567710909.04299 bigbrain_769_2412_1388.nii 140097187911488
write_file 1567710909.0683346 1567710910.656676 inc-bigbrain_769_2412_1388.nii 140097187911488
task_duration 1567710907.10336 1567710910.6624517 1567710339-tmpfsAD_1it_96cpus_0delay_npc-2 140097187911488
read_file 1567710907.1093678 1567710907.1123114 bigbrain_3076_2412_2082.nii 139769350321984
increment_file 1567710907.112714 1567710908.492428 bigbrain_3076_2412_2082.nii 139769350321984
write_file 1567710908.5229053 1567710910.055552 inc-bigbrain_3076_2412_2082.nii 139769350321984
task_duration 1567710907.1066954 1567710910.0614662 1567710339-tmpfsAD_1it_96cpus_0delay_npc-2 139769350321984
read_file 1567710907.1074462 1567710907.1103559 bigbrain_769_1809_2082.nii 140642249643840
increment_file 1567710907.1108336 1567710908.532095 bigbrain_769_1809_2082.nii 140642249643840
write_file 1567710908.5689154 1567710910.0649858 inc-bigbrain_769_1809_2082.nii 140642249643840
task_duration 1567710907.1024609 1567710910.0717132 1567710339-tmpfsAD_1it_96cpus_0delay_npc-2 140642249643840
read_file 1567710907.1017685 1567710907.1048505 bigbrain_3076_0_1388.nii 140087985723200
increment_file 1567710907.1052709 1567710908.5461826 bigbrain_3076_0_1388.nii 140087985723200
write_file 1567710908.5755353 1567710910.069695 inc-bigbrain_3076_0_1388.nii 140087985723200
task_duration 1567710907.0991235 1567710910.075075 1567710339-tmpfsAD_1it_96cpus_0delay_npc-2 140087985723200
read_file 1567710907.0975535 1567710907.1008675 bigbrain_769_1809_694.nii 139667930625856
increment_file 1567710907.1015148 1567710908.4559183 bigbrain_769_1809_694.nii 139667930625856
write_file 1567710908.4878848 1567710910.0432072 inc-bigbrain_769_1809_694.nii 139667930625856
task_duration 1567710907.0935283 1567710910.0554805 1567710339-tmpfsAD_1it_96cpus_0delay_npc-2 139667930625856
read_file 1567710907.0888891 1567710907.0949864 bigbrain_769_1206_2776.nii 139677880301376
increment_file 1567710907.0958393 1567710909.0457408 bigbrain_769_1206_2776.nii 139677880301376
write_file 1567710909.069581 1567710910.6751647 inc-bigbrain_769_1206_2776.nii 139677880301376
task_duration 1567710907.082518 1567710910.6792386 1567710339-tmpfsAD_1it_96cpus_0delay_npc-2 139677880301376
read_file 1567710907.0789564 1567710907.0851645 bigbrain_769_0_2776.nii 140239976261440
increment_file 1567710907.086067 1567710909.0404274 bigbrain_769_0_2776.nii 140239976261440
write_file 1567710909.0641239 1567710910.660347 inc-bigbrain_769_0_2776.nii 140239976261440
task_duration 1567710907.0732753 1567710910.6649163 1567710339-tmpfsAD_1it_96cpus_0delay_npc-2 140239976261440
read_file 1567710907.0812137 1567710907.0845065 bigbrain_769_0_694.nii 140094045374272
increment_file 1567710907.0849733 1567710908.5202465 bigbrain_769_0_694.nii 140094045374272
write_file 1567710908.5502422 1567710910.0216084 inc-bigbrain_769_0_694.nii 140094045374272
task_duration 1567710907.0780377 1567710910.0279536 1567710339-tmpfsAD_1it_96cpus_0delay_npc-2 140094045374272
read_file 1567710907.0716934 1567710907.0759363 bigbrain_769_603_2776.nii 140316931118912
increment_file 1567710907.0765574 1567710909.0229964 bigbrain_769_603_2776.nii 140316931118912
write_file 1567710909.0491683 1567710910.639521 inc-bigbrain_769_603_2776.nii 140316931118912
task_duration 1567710907.0657413 1567710910.6472633 1567710339-tmpfsAD_1it_96cpus_0delay_npc-2 140316931118912
read_file 1567710907.070931 1567710907.0734055 bigbrain_2307_2412_694.nii 140588450404160
increment_file 1567710907.0737782 1567710908.511127 bigbrain_2307_2412_694.nii 140588450404160
write_file 1567710908.5396848 1567710910.041543 inc-bigbrain_2307_2412_694.nii 140588450404160
task_duration 1567710907.0683913 1567710910.0471466 1567710339-tmpfsAD_1it_96cpus_0delay_npc-2 140588450404160
read_file 1567710907.0674598 1567710907.0723891 bigbrain_3076_2412_0.nii 140621228939072
increment_file 1567710907.07323 1567710909.0330603 bigbrain_3076_2412_0.nii 140621228939072
write_file 1567710909.0581715 1567710910.65559 inc-bigbrain_3076_2412_0.nii 140621228939072
task_duration 1567710907.062337 1567710910.6609905 1567710339-tmpfsAD_1it_96cpus_0delay_npc-2 140621228939072
read_file 1567710907.0591502 1567710907.0632799 bigbrain_3076_1206_0.nii 140232937318208
increment_file 1567710907.0637708 1567710909.0102236 bigbrain_3076_1206_0.nii 140232937318208
write_file 1567710909.035739 1567710910.6134825 inc-bigbrain_3076_1206_0.nii 140232937318208
task_duration 1567710907.055164 1567710910.6222754 1567710339-tmpfsAD_1it_96cpus_0delay_npc-2 140232937318208
read_file 1567710907.055411 1567710907.0608087 bigbrain_769_1206_1388.nii 140027910403904
increment_file 1567710907.0615845 1567710908.506634 bigbrain_769_1206_1388.nii 140027910403904
write_file 1567710908.5453722 1567710910.075093 inc-bigbrain_769_1206_1388.nii 140027910403904
task_duration 1567710907.0494933 1567710910.081126 1567710339-tmpfsAD_1it_96cpus_0delay_npc-2 140027910403904
read_file 1567710907.0433536 1567710907.0490212 bigbrain_769_603_1388.nii 139858353133376
increment_file 1567710907.0498405 1567710908.98178 bigbrain_769_603_1388.nii 139858353133376
write_file 1567710909.0088346 1567710910.6448772 inc-bigbrain_769_603_1388.nii 139858353133376
task_duration 1567710907.0378633 1567710910.6510015 1567710339-tmpfsAD_1it_96cpus_0delay_npc-2 139858353133376
read_file 1567710907.03943 1567710907.0446155 bigbrain_1538_603_2776.nii 139879937197888
increment_file 1567710907.045466 1567710908.9913096 bigbrain_1538_603_2776.nii 139879937197888
write_file 1567710909.014854 1567710910.6157541 inc-bigbrain_1538_603_2776.nii 139879937197888
task_duration 1567710907.0340254 1567710910.6219945 1567710339-tmpfsAD_1it_96cpus_0delay_npc-2 139879937197888
read_file 1567710907.0250502 1567710907.0286078 bigbrain_3076_1809_2776.nii 140412564170560
increment_file 1567710907.0292487 1567710908.4598203 bigbrain_3076_1809_2776.nii 140412564170560
write_file 1567710908.4944353 1567710910.034889 inc-bigbrain_3076_1809_2776.nii 140412564170560
task_duration 1567710907.0213647 1567710910.0414894 1567710339-tmpfsAD_1it_96cpus_0delay_npc-2 140412564170560
read_file 1567710907.0146189 1567710907.0197508 bigbrain_2307_1206_2082.nii 140550445012800
increment_file 1567710907.020369 1567710908.980446 bigbrain_2307_1206_2082.nii 140550445012800
write_file 1567710909.005507 1567710910.6333623 inc-bigbrain_2307_1206_2082.nii 140550445012800
task_duration 1567710907.0097468 1567710910.6403022 1567710339-tmpfsAD_1it_96cpus_0delay_npc-2 140550445012800
read_file 1567710907.0148036 1567710907.018283 bigbrain_3076_1809_2082.nii 140478482331456
increment_file 1567710907.0188816 1567710908.4482386 bigbrain_3076_1809_2082.nii 140478482331456
write_file 1567710908.4842923 1567710909.992817 inc-bigbrain_3076_1809_2082.nii 140478482331456
task_duration 1567710907.011348 1567710910.0005667 1567710339-tmpfsAD_1it_96cpus_0delay_npc-2 140478482331456
read_file 1567710907.0039768 1567710907.0087237 bigbrain_769_1809_0.nii 140216372385600
increment_file 1567710907.0094218 1567710908.9861615 bigbrain_769_1809_0.nii 140216372385600
write_file 1567710909.0110197 1567710910.6315837 inc-bigbrain_769_1809_0.nii 140216372385600
task_duration 1567710906.999928 1567710910.6389768 1567710339-tmpfsAD_1it_96cpus_0delay_npc-2 140216372385600
read_file 1567710907.0008328 1567710907.0033174 bigbrain_2307_2412_0.nii 140157377107776
increment_file 1567710907.0036373 1567710908.365547 bigbrain_2307_2412_0.nii 140157377107776
write_file 1567710908.396923 1567710909.9362564 inc-bigbrain_2307_2412_0.nii 140157377107776
task_duration 1567710906.998197 1567710909.9446557 1567710339-tmpfsAD_1it_96cpus_0delay_npc-2 140157377107776
read_file 1567710906.9998899 1567710907.0019753 bigbrain_1538_1809_2082.nii 140369607817024
increment_file 1567710907.0021586 1567710908.3926198 bigbrain_1538_1809_2082.nii 140369607817024
write_file 1567710908.4229562 1567710910.0049343 inc-bigbrain_1538_1809_2082.nii 140369607817024
task_duration 1567710906.997672 1567710910.0117278 1567710339-tmpfsAD_1it_96cpus_0delay_npc-2 140369607817024
read_file 1567710906.9990757 1567710907.00146 bigbrain_3076_1206_2776.nii 140024189581120
increment_file 1567710907.00189 1567710908.3244731 bigbrain_3076_1206_2776.nii 140024189581120
write_file 1567710908.3550339 1567710909.961765 inc-bigbrain_3076_1206_2776.nii 140024189581120
task_duration 1567710906.9965062 1567710909.9822128 1567710339-tmpfsAD_1it_96cpus_0delay_npc-2 140024189581120
read_file 1567710906.9938912 1567710906.9954953 bigbrain_2307_1809_2776.nii 139687303870272
increment_file 1567710906.995695 1567710908.3691106 bigbrain_2307_1809_2776.nii 139687303870272
write_file 1567710908.4004962 1567710909.9891665 inc-bigbrain_2307_1809_2776.nii 139687303870272
task_duration 1567710906.9905887 1567710909.9965103 1567710339-tmpfsAD_1it_96cpus_0delay_npc-2 139687303870272
read_file 1567710906.9907248 1567710906.9945328 bigbrain_2307_2412_2776.nii 140047026112320
increment_file 1567710906.9950125 1567710908.9729006 bigbrain_2307_2412_2776.nii 140047026112320
write_file 1567710908.998736 1567710910.6663635 inc-bigbrain_2307_2412_2776.nii 140047026112320
task_duration 1567710906.987157 1567710910.6713233 1567710339-tmpfsAD_1it_96cpus_0delay_npc-2 140047026112320
read_file 1567710906.9917114 1567710906.9945178 bigbrain_2307_1206_694.nii 139649598437184
increment_file 1567710906.9949834 1567710908.9693706 bigbrain_2307_1206_694.nii 139649598437184
write_file 1567710908.9957156 1567710910.6423125 inc-bigbrain_2307_1206_694.nii 139649598437184
task_duration 1567710906.9891863 1567710910.6491988 1567710339-tmpfsAD_1it_96cpus_0delay_npc-2 139649598437184
read_file 1567710906.9854054 1567710906.987034 bigbrain_3076_1206_694.nii 139766230320960
increment_file 1567710906.9873016 1567710908.3449793 bigbrain_3076_1206_694.nii 139766230320960
write_file 1567710908.3767772 1567710909.9558556 inc-bigbrain_3076_1206_694.nii 139766230320960
task_duration 1567710906.9837267 1567710909.963511 1567710339-tmpfsAD_1it_96cpus_0delay_npc-2 139766230320960
read_file 1567710906.9800522 1567710906.982801 bigbrain_2307_1809_0.nii 139829331539776
increment_file 1567710906.983132 1567710908.3079083 bigbrain_2307_1809_0.nii 139829331539776
write_file 1567710908.3412979 1567710909.883238 inc-bigbrain_2307_1809_0.nii 139829331539776
task_duration 1567710906.977241 1567710909.8925316 1567710339-tmpfsAD_1it_96cpus_0delay_npc-2 139829331539776
read_file 1567710906.975927 1567710906.978256 bigbrain_1538_603_2082.nii 140365501241152
increment_file 1567710906.9785151 1567710908.9498699 bigbrain_1538_603_2082.nii 140365501241152
write_file 1567710908.99344 1567710910.642124 inc-bigbrain_1538_603_2082.nii 140365501241152
task_duration 1567710906.9726093 1567710910.648935 1567710339-tmpfsAD_1it_96cpus_0delay_npc-2 140365501241152
read_file 1567710906.9746583 1567710906.9775298 bigbrain_2307_1809_694.nii 140568191002432
increment_file 1567710906.9779665 1567710908.9548764 bigbrain_2307_1809_694.nii 140568191002432
write_file 1567710908.9835613 1567710910.636707 inc-bigbrain_2307_1809_694.nii 140568191002432
task_duration 1567710906.9710608 1567710910.645995 1567710339-tmpfsAD_1it_96cpus_0delay_npc-2 140568191002432
read_file 1567710906.962368 1567710906.96481 bigbrain_1538_1206_2776.nii 140478241183552
increment_file 1567710906.9651444 1567710908.908943 bigbrain_1538_1206_2776.nii 140478241183552
write_file 1567710908.9523523 1567710910.6303902 inc-bigbrain_1538_1206_2776.nii 140478241183552
task_duration 1567710906.9594471 1567710910.637215 1567710339-tmpfsAD_1it_96cpus_0delay_npc-2 140478241183552
read_file 1567710906.9565477 1567710906.9586236 bigbrain_2307_1206_0.nii 140237399148352
increment_file 1567710906.9589124 1567710908.9309676 bigbrain_2307_1206_0.nii 140237399148352
write_file 1567710908.9574454 1567710910.6002207 inc-bigbrain_2307_1206_0.nii 140237399148352
task_duration 1567710906.952838 1567710910.60746 1567710339-tmpfsAD_1it_96cpus_0delay_npc-2 140237399148352
read_file 1567710906.9523175 1567710906.954848 bigbrain_2307_603_694.nii 140479079380800
increment_file 1567710906.9552865 1567710908.8907983 bigbrain_2307_603_694.nii 140479079380800
write_file 1567710908.9225838 1567710910.5887861 inc-bigbrain_2307_603_694.nii 140479079380800
task_duration 1567710906.949436 1567710910.5965185 1567710339-tmpfsAD_1it_96cpus_0delay_npc-2 140479079380800
read_file 1567710906.9515085 1567710906.953369 bigbrain_1538_1809_0.nii 140313487857472
increment_file 1567710906.9535725 1567710908.3483486 bigbrain_1538_1809_0.nii 140313487857472
write_file 1567710908.3807132 1567710909.9331908 inc-bigbrain_1538_1809_0.nii 140313487857472
task_duration 1567710906.9493737 1567710909.941212 1567710339-tmpfsAD_1it_96cpus_0delay_npc-2 140313487857472
read_file 1567710906.949562 1567710906.9518273 bigbrain_1538_1206_0.nii 140458359088960
increment_file 1567710906.952261 1567710908.7289526 bigbrain_1538_1206_0.nii 140458359088960
write_file 1567710908.7723932 1567710910.6015725 inc-bigbrain_1538_1206_0.nii 140458359088960
task_duration 1567710906.9469247 1567710910.6085885 1567710339-tmpfsAD_1it_96cpus_0delay_npc-2 140458359088960
read_file 1567710906.946249 1567710906.9482293 bigbrain_3076_1206_2082.nii 140029812504384
increment_file 1567710906.9485292 1567710908.9007413 bigbrain_3076_1206_2082.nii 140029812504384
write_file 1567710908.934138 1567710910.622998 inc-bigbrain_3076_1206_2082.nii 140029812504384
task_duration 1567710906.942313 1567710910.629653 1567710339-tmpfsAD_1it_96cpus_0delay_npc-2 140029812504384
read_file 1567710906.934169 1567710906.9355369 bigbrain_2307_603_2082.nii 140272565106496
increment_file 1567710906.9357386 1567710908.2885733 bigbrain_2307_603_2082.nii 140272565106496
write_file 1567710908.3207505 1567710909.9145453 inc-bigbrain_2307_603_2082.nii 140272565106496
task_duration 1567710906.9313219 1567710909.9235218 1567710339-tmpfsAD_1it_96cpus_0delay_npc-2 140272565106496
read_file 1567710906.9314268 1567710906.9337218 bigbrain_1538_603_1388.nii 140577170696000
increment_file 1567710906.9340477 1567710908.8627279 bigbrain_1538_603_1388.nii 140577170696000
write_file 1567710908.8950984 1567710910.5873973 inc-bigbrain_1538_603_1388.nii 140577170696000
task_duration 1567710906.9286659 1567710910.5953326 1567710339-tmpfsAD_1it_96cpus_0delay_npc-2 140577170696000
read_file 1567710906.9291396 1567710906.9315312 bigbrain_1538_603_694.nii 139717775402816
increment_file 1567710906.931832 1567710908.1971116 bigbrain_1538_603_694.nii 139717775402816
write_file 1567710908.2300127 1567710909.8004417 inc-bigbrain_1538_603_694.nii 139717775402816
task_duration 1567710906.9263184 1567710909.8113153 1567710339-tmpfsAD_1it_96cpus_0delay_npc-2 139717775402816
read_file 1567710906.9244957 1567710906.9260395 bigbrain_2307_603_1388.nii 140651876693824
increment_file 1567710906.926268 1567710908.1737897 bigbrain_2307_603_1388.nii 140651876693824
write_file 1567710908.2170184 1567710909.7958581 inc-bigbrain_2307_603_1388.nii 140651876693824
task_duration 1567710906.9220133 1567710909.8070037 1567710339-tmpfsAD_1it_96cpus_0delay_npc-2 140651876693824
read_file 1567710906.9242601 1567710906.9258184 bigbrain_2307_2412_2082.nii 140441638889280
increment_file 1567710906.926005 1567710908.3025723 bigbrain_2307_2412_2082.nii 140441638889280
write_file 1567710908.3401248 1567710909.928245 inc-bigbrain_2307_2412_2082.nii 140441638889280
task_duration 1567710906.9215074 1567710909.937107 1567710339-tmpfsAD_1it_96cpus_0delay_npc-2 140441638889280
read_file 1567710906.9239655 1567710906.9255118 bigbrain_3076_0_2776.nii 140205511534400
increment_file 1567710906.925704 1567710908.1972713 bigbrain_3076_0_2776.nii 140205511534400
write_file 1567710908.2322378 1567710909.7699144 inc-bigbrain_3076_0_2776.nii 140205511534400
task_duration 1567710906.9211674 1567710909.781467 1567710339-tmpfsAD_1it_96cpus_0delay_npc-2 140205511534400
read_file 1567710906.9157014 1567710906.917539 bigbrain_1538_0_2776.nii 139785375876928
increment_file 1567710906.9177883 1567710908.8028862 bigbrain_1538_0_2776.nii 139785375876928
write_file 1567710908.8338308 1567710910.4878006 inc-bigbrain_1538_0_2776.nii 139785375876928
task_duration 1567710906.9120336 1567710910.4991715 1567710339-tmpfsAD_1it_96cpus_0delay_npc-2 139785375876928
read_file 1567710906.915079 1567710906.9168282 bigbrain_2307_1206_2776.nii 139931374901056
increment_file 1567710906.9170687 1567710908.1671178 bigbrain_2307_1206_2776.nii 139931374901056
write_file 1567710908.213105 1567710909.8073084 inc-bigbrain_2307_1206_2776.nii 139931374901056
task_duration 1567710906.9130435 1567710909.8175874 1567710339-tmpfsAD_1it_96cpus_0delay_npc-2 139931374901056
read_file 1567710906.9130132 1567710906.91465 bigbrain_2307_0_2082.nii 139905988290368
increment_file 1567710906.9148586 1567710908.1672723 bigbrain_2307_0_2082.nii 139905988290368
write_file 1567710908.2117732 1567710909.7095082 inc-bigbrain_2307_0_2082.nii 139905988290368
task_duration 1567710906.9095376 1567710909.7228048 1567710339-tmpfsAD_1it_96cpus_0delay_npc-2 139905988290368
read_file 1567710906.9121158 1567710906.9139738 bigbrain_2307_1206_1388.nii 140434999596864
increment_file 1567710906.9141223 1567710908.1609917 bigbrain_2307_1206_1388.nii 140434999596864
write_file 1567710908.1964338 1567710909.7661138 inc-bigbrain_2307_1206_1388.nii 140434999596864
task_duration 1567710906.9088376 1567710909.7776353 1567710339-tmpfsAD_1it_96cpus_0delay_npc-2 140434999596864
read_file 1567710906.9103775 1567710906.9126937 bigbrain_1538_2412_694.nii 139842549987136
increment_file 1567710906.9130125 1567710908.2150047 bigbrain_1538_2412_694.nii 139842549987136
write_file 1567710908.2474942 1567710909.8529913 inc-bigbrain_1538_2412_694.nii 139842549987136
task_duration 1567710906.907403 1567710909.8709853 1567710339-tmpfsAD_1it_96cpus_0delay_npc-2 139842549987136
read_file 1567710906.9084342 1567710906.9104738 bigbrain_1538_1206_2082.nii 140710758541120
increment_file 1567710906.910744 1567710908.2145154 bigbrain_1538_1206_2082.nii 140710758541120
write_file 1567710908.2512236 1567710909.854718 inc-bigbrain_1538_1206_2082.nii 140710758541120
task_duration 1567710906.9057531 1567710909.8687131 1567710339-tmpfsAD_1it_96cpus_0delay_npc-2 140710758541120
read_file 1567710906.9066494 1567710906.9083512 bigbrain_1538_0_694.nii 140388336867136
increment_file 1567710906.9085913 1567710908.7764735 bigbrain_1538_0_694.nii 140388336867136
write_file 1567710908.815407 1567710910.4952812 inc-bigbrain_1538_0_694.nii 140388336867136
task_duration 1567710906.9031332 1567710910.5046937 1567710339-tmpfsAD_1it_96cpus_0delay_npc-2 140388336867136
read_file 1567710906.8947918 1567710906.896331 bigbrain_2307_1809_1388.nii 140283025082176
increment_file 1567710906.8965397 1567710908.1557956 bigbrain_2307_1809_1388.nii 140283025082176
write_file 1567710908.210005 1567710909.797166 inc-bigbrain_2307_1809_1388.nii 140283025082176
task_duration 1567710906.8929021 1567710909.8069701 1567710339-tmpfsAD_1it_96cpus_0delay_npc-2 140283025082176
read_file 1567710906.8908749 1567710906.8929722 bigbrain_1538_1809_2776.nii 140534367827776
increment_file 1567710906.8932533 1567710908.8060606 bigbrain_1538_1809_2776.nii 140534367827776
write_file 1567710908.8389266 1567710910.552901 inc-bigbrain_1538_1809_2776.nii 140534367827776
task_duration 1567710906.8882208 1567710910.5618916 1567710339-tmpfsAD_1it_96cpus_0delay_npc-2 140534367827776
read_file 1567710906.8793976 1567710906.8815222 bigbrain_3076_2412_694.nii 139875420452672
increment_file 1567710906.8817754 1567710908.1376333 bigbrain_3076_2412_694.nii 139875420452672
write_file 1567710908.1834695 1567710909.761854 inc-bigbrain_3076_2412_694.nii 139875420452672
task_duration 1567710906.8767266 1567710909.774001 1567710339-tmpfsAD_1it_96cpus_0delay_npc-2 139875420452672
read_file 1567710906.8751493 1567710906.876673 bigbrain_1538_1206_1388.nii 140158444902208
increment_file 1567710906.8768365 1567710908.0865738 bigbrain_1538_1206_1388.nii 140158444902208
write_file 1567710908.1952398 1567710909.7717063 inc-bigbrain_1538_1206_1388.nii 140158444902208
task_duration 1567710906.873366 1567710909.7826717 1567710339-tmpfsAD_1it_96cpus_0delay_npc-2 140158444902208
read_file 1567710906.8722985 1567710906.8740816 bigbrain_1538_1809_1388.nii 140649029306176
increment_file 1567710906.874277 1567710908.0184753 bigbrain_1538_1809_1388.nii 140649029306176
write_file 1567710908.0628982 1567710909.6281917 inc-bigbrain_1538_1809_1388.nii 140649029306176
task_duration 1567710906.8689296 1567710909.6406186 1567710339-tmpfsAD_1it_96cpus_0delay_npc-2 140649029306176
read_file 1567710906.8680212 1567710906.8695555 bigbrain_1538_1206_694.nii 140647454680896
increment_file 1567710906.8697445 1567710908.6971457 bigbrain_1538_1206_694.nii 140647454680896
write_file 1567710908.7301075 1567710910.4574606 inc-bigbrain_1538_1206_694.nii 140647454680896
task_duration 1567710906.8660598 1567710910.4676552 1567710339-tmpfsAD_1it_96cpus_0delay_npc-2 140647454680896
read_file 1567710906.867958 1567710906.8695247 bigbrain_2307_0_694.nii 140443484493632
increment_file 1567710906.8697362 1567710908.7197263 bigbrain_2307_0_694.nii 140443484493632
write_file 1567710908.7665842 1567710910.4307327 inc-bigbrain_2307_0_694.nii 140443484493632
task_duration 1567710906.8659897 1567710910.4412436 1567710339-tmpfsAD_1it_96cpus_0delay_npc-2 140443484493632
read_file 1567710906.867855 1567710906.8694313 bigbrain_3076_0_0.nii 140278736844608
increment_file 1567710906.8696475 1567710908.6683552 bigbrain_3076_0_0.nii 140278736844608
write_file 1567710908.7026682 1567710910.3867202 inc-bigbrain_3076_0_0.nii 140278736844608
task_duration 1567710906.8659472 1567710910.3967545 1567710339-tmpfsAD_1it_96cpus_0delay_npc-2 140278736844608
read_file 1567710906.833081 1567710906.834338 bigbrain_2307_2412_1388.nii 140264975963968
increment_file 1567710906.8344908 1567710907.8844516 bigbrain_2307_2412_1388.nii 140264975963968
write_file 1567710907.924065 1567710909.5038583 inc-bigbrain_2307_2412_1388.nii 140264975963968
task_duration 1567710906.831055 1567710909.5163858 1567710339-tmpfsAD_1it_96cpus_0delay_npc-2 140264975963968
read_file 1567710906.822128 1567710906.8244312 bigbrain_1538_603_0.nii 140064953022272
increment_file 1567710906.8246999 1567710908.7213566 bigbrain_1538_603_0.nii 140064953022272
write_file 1567710908.762025 1567710910.47241 inc-bigbrain_1538_603_0.nii 140064953022272
task_duration 1567710906.81895 1567710910.482738 1567710339-tmpfsAD_1it_96cpus_0delay_npc-2 140064953022272
read_file 1567710906.8220859 1567710906.82443 bigbrain_1538_2412_2082.nii 140295660517184
increment_file 1567710906.8246999 1567710908.7157695 bigbrain_1538_2412_2082.nii 140295660517184
write_file 1567710908.7396164 1567710910.488952 inc-bigbrain_1538_2412_2082.nii 140295660517184
task_duration 1567710906.8189242 1567710910.498406 1567710339-tmpfsAD_1it_96cpus_0delay_npc-2 140295660517184
read_file 1567710906.8190885 1567710906.8208957 bigbrain_1538_2412_2776.nii 140324925118272
increment_file 1567710906.8210924 1567710908.501927 bigbrain_1538_2412_2776.nii 140324925118272
write_file 1567710908.5475755 1567710910.362674 inc-bigbrain_1538_2412_2776.nii 140324925118272
task_duration 1567710906.8155868 1567710910.3732917 1567710339-tmpfsAD_1it_96cpus_0delay_npc-2 140324925118272
read_file 1567710906.8189497 1567710906.8205926 bigbrain_3076_1809_1388.nii 139691499939648
increment_file 1567710906.820802 1567710908.473556 bigbrain_3076_1809_1388.nii 139691499939648
write_file 1567710908.521264 1567710910.350743 inc-bigbrain_3076_1809_1388.nii 139691499939648
task_duration 1567710906.815484 1567710910.3629491 1567710339-tmpfsAD_1it_96cpus_0delay_npc-2 139691499939648
read_file 1567710906.8189309 1567710906.8205905 bigbrain_2307_1809_2082.nii 139757724366656
increment_file 1567710906.8207932 1567710908.4720273 bigbrain_2307_1809_2082.nii 139757724366656
write_file 1567710908.5199718 1567710910.350873 inc-bigbrain_2307_1809_2082.nii 139757724366656
task_duration 1567710906.815428 1567710910.3632402 1567710339-tmpfsAD_1it_96cpus_0delay_npc-2 139757724366656
read_file 1567710906.8189363 1567710906.8205845 bigbrain_2307_603_2776.nii 140550054524736
increment_file 1567710906.8207903 1567710908.4492278 bigbrain_2307_603_2776.nii 140550054524736
write_file 1567710908.499574 1567710910.299096 inc-bigbrain_2307_603_2776.nii 140550054524736
task_duration 1567710906.8154645 1567710910.3119183 1567710339-tmpfsAD_1it_96cpus_0delay_npc-2 140550054524736
read_file 1567710906.8189845 1567710906.820588 bigbrain_1538_2412_0.nii 139824407766848
increment_file 1567710906.8207834 1567710908.5601828 bigbrain_1538_2412_0.nii 139824407766848
write_file 1567710908.600201 1567710910.3360736 inc-bigbrain_1538_2412_0.nii 139824407766848
task_duration 1567710906.8153179 1567710910.3505533 1567710339-tmpfsAD_1it_96cpus_0delay_npc-2 139824407766848
read_file 1567710906.8189323 1567710906.8205633 bigbrain_2307_0_2776.nii 140565165385536
increment_file 1567710906.8207695 1567710908.5104122 bigbrain_2307_0_2776.nii 140565165385536
write_file 1567710908.5583808 1567710910.2976232 inc-bigbrain_2307_0_2776.nii 140565165385536
task_duration 1567710906.8154647 1567710910.3112624 1567710339-tmpfsAD_1it_96cpus_0delay_npc-2 140565165385536
read_file 1567710906.818896 1567710906.8205228 bigbrain_1538_2412_1388.nii 140470861637440
increment_file 1567710906.8207083 1567710908.5365534 bigbrain_1538_2412_1388.nii 140470861637440
write_file 1567710908.5765522 1567710910.3851252 inc-bigbrain_1538_2412_1388.nii 140470861637440
task_duration 1567710906.8153682 1567710910.3954499 1567710339-tmpfsAD_1it_96cpus_0delay_npc-2 140470861637440
read_file 1567710906.8189392 1567710906.820513 bigbrain_1538_1809_694.nii 140001591469888
increment_file 1567710906.8207152 1567710908.5413923 bigbrain_1538_1809_694.nii 140001591469888
write_file 1567710908.5837698 1567710910.3435125 inc-bigbrain_1538_1809_694.nii 140001591469888
task_duration 1567710906.8154213 1567710910.3562706 1567710339-tmpfsAD_1it_96cpus_0delay_npc-2 140001591469888
read_file 1567710906.8189096 1567710906.8204849 bigbrain_2307_0_1388.nii 140286008264512
increment_file 1567710906.8206782 1567710908.4747584 bigbrain_2307_0_1388.nii 140286008264512
write_file 1567710908.512748 1567710910.244341 inc-bigbrain_2307_0_1388.nii 140286008264512
task_duration 1567710906.8153148 1567710910.2568498 1567710339-tmpfsAD_1it_96cpus_0delay_npc-2 140286008264512
read_file 1567710906.8189344 1567710906.8204684 bigbrain_2307_0_0.nii 140221804476224
increment_file 1567710906.8206787 1567710908.4703686 bigbrain_2307_0_0.nii 140221804476224
write_file 1567710908.5077431 1567710910.2601116 inc-bigbrain_2307_0_0.nii 140221804476224
task_duration 1567710906.815327 1567710910.2724068 1567710339-tmpfsAD_1it_96cpus_0delay_npc-2 140221804476224
