read_file 1567611102.1017592 1567611103.1575134 bigbrain_1538_2412_694.nii 140358823884608
increment_file 1567611221.3606803 1567611239.3128479 bigbrain_1538_2412_694.nii 140358823884608
write_file 1567611316.5155396 1567611374.4483974 inc-bigbrain_1538_2412_694.nii 140358823884608
task_duration 1567611222.0698988 1567611614.4838226 1567611215-isilon_1it_25cpus_60sdelay_withpc-0 140358823884608
read_file 1567611685.2874904 1567611685.3877492 bigbrain_3076_0_2776.nii 140420603492160
increment_file 1567611688.6531026 1567611711.185566 bigbrain_3076_0_2776.nii 140420603492160
write_file 1567611721.5901184 1567611757.5304198 inc-bigbrain_3076_0_2776.nii 140420603492160
task_duration 1567611805.0254679 1567612002.398792 1567611215-isilon_1it_25cpus_60sdelay_withpc-0 140420603492160
read_file 1567612101.8201945 1567612101.8374162 bigbrain_769_603_2776.nii 140415616464704
increment_file 1567612101.8836706 1567612117.775397 bigbrain_769_603_2776.nii 140415616464704
write_file 1567612118.2751734 1567612135.3165815 inc-bigbrain_769_603_2776.nii 140415616464704
task_duration 1567612221.8169014 1567612375.4280722 1567611215-isilon_1it_25cpus_60sdelay_withpc-0 140415616464704
read_file 1567611101.7405367 1567611102.1070113 bigbrain_1538_1809_2082.nii 140476993992512
increment_file 1567611119.392394 1567611172.0257907 bigbrain_1538_1809_2082.nii 140476993992512
write_file 1567611235.7826302 1567611334.9433556 inc-bigbrain_1538_1809_2082.nii 140476993992512
task_duration 1567611221.7240183 1567611587.2200913 1567611215-isilon_1it_25cpus_60sdelay_withpc-0 140476993992512
read_file 1567611563.3002315 1567611577.4976 bigbrain_2307_603_1388.nii 140093352089408
increment_file 1567611593.0771728 1567611615.1240509 bigbrain_2307_603_1388.nii 140093352089408
write_file 1567611634.5072637 1567611671.7521036 inc-bigbrain_2307_603_1388.nii 140093352089408
task_duration 1567611682.8512046 1567611912.7588065 1567611215-isilon_1it_25cpus_60sdelay_withpc-0 140093352089408
read_file 1567611559.986346 1567611570.1355338 bigbrain_2307_603_694.nii 140336581322560
increment_file 1567611582.3340135 1567611599.4262211 bigbrain_2307_603_694.nii 140336581322560
write_file 1567611619.3415945 1567611649.7790937 inc-bigbrain_2307_603_694.nii 140336581322560
task_duration 1567611679.9823296 1567611892.4270935 1567611215-isilon_1it_25cpus_60sdelay_withpc-0 140336581322560
read_file 1567611728.9933197 1567611730.7423468 bigbrain_3076_1809_1388.nii 140622595807040
increment_file 1567611737.0649233 1567611765.8948684 bigbrain_3076_1809_1388.nii 140622595807040
write_file 1567611767.8810363 1567611784.9842236 inc-bigbrain_3076_1809_1388.nii 140622595807040
task_duration 1567611847.789539 1567612025.1019695 1567611215-isilon_1it_25cpus_60sdelay_withpc-0 140622595807040
read_file 1567611785.6552305 1567611785.7259746 bigbrain_3076_2412_2082.nii 140553278420800
increment_file 1567611786.1379461 1567611807.019991 bigbrain_3076_2412_2082.nii 140553278420800
write_file 1567611807.6966343 1567611830.224119 inc-bigbrain_3076_2412_2082.nii 140553278420800
task_duration 1567611905.6369123 1567612070.357899 1567611215-isilon_1it_25cpus_60sdelay_withpc-0 140553278420800
read_file 1567611578.8971245 1567611589.847301 bigbrain_2307_603_2776.nii 140338265093952
increment_file 1567611607.0517504 1567611626.4812853 bigbrain_2307_603_2776.nii 140338265093952
write_file 1567611640.0865524 1567611677.2984078 inc-bigbrain_2307_603_2776.nii 140338265093952
task_duration 1567611698.1781888 1567611919.1217513 1567611215-isilon_1it_25cpus_60sdelay_withpc-0 140338265093952
read_file 1567611101.975327 1567611102.216523 bigbrain_2307_0_2082.nii 140698443106112
increment_file 1567611177.2628882 1567611218.7170281 bigbrain_2307_0_2082.nii 140698443106112
write_file 1567611238.1249557 1567611367.895175 inc-bigbrain_2307_0_2082.nii 140698443106112
task_duration 1567611221.94398 1567611608.4179842 1567611215-isilon_1it_25cpus_60sdelay_withpc-0 140698443106112
read_file 1567611575.523643 1567611587.5884788 bigbrain_3076_0_2082.nii 140372088379200
increment_file 1567611604.0203612 1567611623.2937238 bigbrain_3076_0_2082.nii 140372088379200
write_file 1567611637.064265 1567611674.800462 inc-bigbrain_3076_0_2082.nii 140372088379200
task_duration 1567611695.0835066 1567611916.841866 1567611215-isilon_1it_25cpus_60sdelay_withpc-0 140372088379200
read_file 1567611927.8077137 1567611927.9013498 bigbrain_769_1206_0.nii 140669845489472
increment_file 1567611927.9556253 1567611944.452353 bigbrain_769_1206_0.nii 140669845489472
write_file 1567611959.8480544 1567611980.1665158 inc-bigbrain_769_1206_0.nii 140669845489472
task_duration 1567612047.8041563 1567612225.8467274 1567611215-isilon_1it_25cpus_60sdelay_withpc-0 140669845489472
read_file 1567611927.8597345 1567611927.9580855 bigbrain_769_1206_2082.nii 140032951187264
increment_file 1567611934.9495556 1567611959.0470574 bigbrain_769_1206_2082.nii 140032951187264
write_file 1567611963.841417 1567611998.5732377 inc-bigbrain_769_1206_2082.nii 140032951187264
task_duration 1567612047.8561854 1567612242.2037332 1567611215-isilon_1it_25cpus_60sdelay_withpc-0 140032951187264
read_file 1567611459.0076041 1567611459.0221763 bigbrain_2307_1206_0.nii 140367098705728
increment_file 1567611459.1477084 1567611465.567218 bigbrain_2307_1206_0.nii 140367098705728
write_file 1567611465.600262 1567611471.7933733 inc-bigbrain_2307_1206_0.nii 140367098705728
task_duration 1567611579.0054195 1567611711.8319898 1567611215-isilon_1it_25cpus_60sdelay_withpc-0 140367098705728
read_file 1567611472.8831127 1567611477.9663756 bigbrain_2307_1206_2776.nii 140558926022464
increment_file 1567611486.5516958 1567611495.2904394 bigbrain_2307_1206_2776.nii 140558926022464
write_file 1567611499.660432 1567611515.472907 inc-bigbrain_2307_1206_2776.nii 140558926022464
task_duration 1567611592.8430722 1567611755.5988388 1567611215-isilon_1it_25cpus_60sdelay_withpc-0 140558926022464
read_file 1567611101.7141547 1567611102.07645 bigbrain_2307_0_1388.nii 139725727733568
increment_file 1567611110.7773182 1567611158.4283843 bigbrain_2307_0_1388.nii 139725727733568
write_file 1567611235.5140347 1567611327.6838148 inc-bigbrain_2307_0_1388.nii 139725727733568
task_duration 1567611221.7114255 1567611581.2047834 1567611215-isilon_1it_25cpus_60sdelay_withpc-0 139725727733568
read_file 1567611849.0099692 1567611856.1690593 bigbrain_769_0_1388.nii 140450980849472
increment_file 1567611863.8096912 1567611888.1679192 bigbrain_769_0_1388.nii 140450980849472
write_file 1567611894.2820709 1567611922.8842993 inc-bigbrain_769_0_1388.nii 140450980849472
task_duration 1567611968.8132932 1567612164.2025003 1567611215-isilon_1it_25cpus_60sdelay_withpc-0 140450980849472
read_file 1567611785.6366677 1567611785.723224 bigbrain_3076_2412_1388.nii 140611397142336
increment_file 1567611785.732006 1567611805.309427 bigbrain_3076_2412_1388.nii 140611397142336
write_file 1567611807.6948862 1567611830.2226584 inc-bigbrain_3076_2412_1388.nii 140611397142336
task_duration 1567611905.633314 1567612070.3603349 1567611215-isilon_1it_25cpus_60sdelay_withpc-0 140611397142336
read_file 1567611101.7399483 1567611102.103869 bigbrain_1538_1206_2776.nii 140566861682496
increment_file 1567611114.675804 1567611166.0384037 bigbrain_1538_1206_2776.nii 140566861682496
write_file 1567611235.6484802 1567611330.1074631 inc-bigbrain_1538_1206_2776.nii 140566861682496
task_duration 1567611221.7217567 1567611585.1007948 1567611215-isilon_1it_25cpus_60sdelay_withpc-0 140566861682496
read_file 1567612023.7368512 1567612023.844264 bigbrain_769_1809_694.nii 140515206072128
increment_file 1567612027.9964972 1567612056.3087351 bigbrain_769_1809_694.nii 140515206072128
write_file 1567612056.7196586 1567612090.2347438 inc-bigbrain_769_1809_694.nii 140515206072128
task_duration 1567612143.7218475 1567612330.3574808 1567611215-isilon_1it_25cpus_60sdelay_withpc-0 140515206072128
read_file 1567611927.8341193 1567611927.94766 bigbrain_769_1809_0.nii 140638229575488
increment_file 1567611927.9790661 1567611951.8831425 bigbrain_769_1809_0.nii 140638229575488
write_file 1567611960.7654026 1567611991.3815377 inc-bigbrain_769_1809_0.nii 140638229575488
task_duration 1567612047.8149295 1567612236.825989 1567611215-isilon_1it_25cpus_60sdelay_withpc-0 140638229575488
read_file 1567611855.5436037 1567611865.1294787 bigbrain_3076_603_694.nii 140640689882944
increment_file 1567611875.7147813 1567611898.092338 bigbrain_3076_603_694.nii 140640689882944
write_file 1567611904.5585077 1567611924.8869514 inc-bigbrain_3076_603_694.nii 140640689882944
task_duration 1567611974.839974 1567612165.0164344 1567611215-isilon_1it_25cpus_60sdelay_withpc-0 140640689882944
read_file 1567611101.7977955 1567611102.1678095 bigbrain_1538_603_694.nii 140468204439360
increment_file 1567611143.3619905 1567611192.0498476 bigbrain_1538_603_694.nii 140468204439360
write_file 1567611236.455651 1567611355.3112757 inc-bigbrain_1538_603_694.nii 140468204439360
task_duration 1567611221.7498038 1567611598.7380285 1567611215-isilon_1it_25cpus_60sdelay_withpc-0 140468204439360
read_file 1567611559.8929343 1567611559.979435 bigbrain_2307_2412_2082.nii 140134524970816
increment_file 1567611565.284645 1567611585.2873132 bigbrain_2307_2412_2082.nii 140134524970816
write_file 1567611601.999707 1567611629.8733695 inc-bigbrain_2307_2412_2082.nii 140134524970816
task_duration 1567611679.8823445 1567611878.0035625 1567611215-isilon_1it_25cpus_60sdelay_withpc-0 140134524970816
read_file 1567612101.8209383 1567612101.8849025 bigbrain_769_603_2082.nii 139710786950976
increment_file 1567612101.9003546 1567612118.2534182 bigbrain_769_603_2082.nii 139710786950976
write_file 1567612118.279043 1567612135.3124583 inc-bigbrain_769_603_2082.nii 139710786950976
task_duration 1567612221.8188803 1567612375.4239008 1567611215-isilon_1it_25cpus_60sdelay_withpc-0 139710786950976
read_file 1567611101.8360736 1567611102.1891184 bigbrain_1538_1809_0.nii 140436596631360
increment_file 1567611154.6859796 1567611203.2945824 bigbrain_1538_1809_0.nii 140436596631360
write_file 1567611237.127968 1567611359.0884843 inc-bigbrain_1538_1809_0.nii 140436596631360
task_duration 1567611221.8092363 1567611602.5083318 1567611215-isilon_1it_25cpus_60sdelay_withpc-0 140436596631360
read_file 1567611472.7728071 1567611472.8290246 bigbrain_2307_1206_694.nii 139686414133056
increment_file 1567611473.6426377 1567611487.0629501 bigbrain_2307_1206_694.nii 139686414133056
write_file 1567611492.8197734 1567611513.808454 inc-bigbrain_2307_1206_694.nii 139686414133056
task_duration 1567611592.7599342 1567611755.4538426 1567611215-isilon_1it_25cpus_60sdelay_withpc-0 139686414133056
read_file 1567611848.7782047 1567611855.5007567 bigbrain_769_0_0.nii 139723588622144
increment_file 1567611861.0161908 1567611885.3056784 bigbrain_769_0_0.nii 139723588622144
write_file 1567611893.8703623 1567611922.2519925 inc-bigbrain_769_0_0.nii 139723588622144
task_duration 1567611968.7599592 1567612163.8455174 1567611215-isilon_1it_25cpus_60sdelay_withpc-0 139723588622144
read_file 1567611736.302383 1567611739.341249 bigbrain_3076_1809_2082.nii 139787352553280
increment_file 1567611743.1919875 1567611767.4762516 bigbrain_3076_1809_2082.nii 139787352553280
write_file 1567611767.8877723 1567611784.983035 inc-bigbrain_3076_1809_2082.nii 139787352553280
task_duration 1567611855.9459429 1567612025.102318 1567611215-isilon_1it_25cpus_60sdelay_withpc-0 139787352553280
read_file 1567611102.0168521 1567611102.2208886 bigbrain_1538_603_2082.nii 140242726979392
increment_file 1567611192.1835158 1567611223.8575027 bigbrain_1538_603_2082.nii 140242726979392
write_file 1567611238.7746546 1567611372.4798036 inc-bigbrain_1538_603_2082.nii 140242726979392
task_duration 1567611221.9882407 1567611613.079383 1567611215-isilon_1it_25cpus_60sdelay_withpc-0 140242726979392
read_file 1567611685.4227247 1567611701.261585 bigbrain_3076_1206_2776.nii 140129290712896
increment_file 1567611710.198394 1567611725.4477854 bigbrain_3076_1206_2776.nii 140129290712896
write_file 1567611735.0445302 1567611767.2349281 inc-bigbrain_3076_1206_2776.nii 140129290712896
task_duration 1567611805.4028986 1567612007.968037 1567611215-isilon_1it_25cpus_60sdelay_withpc-0 140129290712896
read_file 1567611807.7033536 1567611807.7385933 bigbrain_3076_2412_2776.nii 139980540499776
increment_file 1567611807.7455997 1567611827.7187266 bigbrain_3076_2412_2776.nii 139980540499776
write_file 1567611830.2185836 1567611836.3914077 inc-bigbrain_3076_2412_2776.nii 139980540499776
task_duration 1567611927.700561 1567612076.510926 1567611215-isilon_1it_25cpus_60sdelay_withpc-0 139980540499776
read_file 1567611102.0163665 1567611102.2191052 bigbrain_1538_0_694.nii 140528405538624
increment_file 1567611188.1995971 1567611222.944689 bigbrain_1538_0_694.nii 140528405538624
write_file 1567611238.6242106 1567611371.0560277 inc-bigbrain_1538_0_694.nii 140528405538624
task_duration 1567611221.9863214 1567611611.7226803 1567611215-isilon_1it_25cpus_60sdelay_withpc-0 140528405538624
read_file 1567611848.671376 1567611848.7422924 bigbrain_3076_603_0.nii 139817781811008
increment_file 1567611848.755304 1567611862.3291397 bigbrain_3076_603_0.nii 139817781811008
write_file 1567611873.8420749 1567611892.2967362 inc-bigbrain_3076_603_0.nii 139817781811008
task_duration 1567611968.6675487 1567612134.9688556 1567611215-isilon_1it_25cpus_60sdelay_withpc-0 139817781811008
read_file 1567611560.0442111 1567611575.884262 bigbrain_2307_603_2082.nii 140605601646400
increment_file 1567611588.7980676 1567611610.3600008 bigbrain_2307_603_2082.nii 140605601646400
write_file 1567611634.1937542 1567611664.4715147 inc-bigbrain_2307_603_2082.nii 140605601646400
task_duration 1567611679.9970407 1567611909.294489 1567611215-isilon_1it_25cpus_60sdelay_withpc-0 140605601646400
read_file 1567611934.9941015 1567611954.0229208 bigbrain_769_1206_2776.nii 140059738367808
increment_file 1567611960.7600522 1567611979.7398233 bigbrain_769_1206_2776.nii 140059738367808
write_file 1567611987.4445236 1567612007.4958053 inc-bigbrain_769_1206_2776.nii 140059738367808
task_duration 1567612054.2901607 1567612249.4804428 1567611215-isilon_1it_25cpus_60sdelay_withpc-0 140059738367808
read_file 1567611685.2880008 1567611685.3882837 bigbrain_3076_1206_1388.nii 139983003092800
increment_file 1567611692.7036636 1567611714.99106 bigbrain_3076_1206_1388.nii 139983003092800
write_file 1567611723.8182235 1567611758.5583003 inc-bigbrain_3076_1206_1388.nii 139983003092800
task_duration 1567611805.0287452 1567612006.0050464 1567611215-isilon_1it_25cpus_60sdelay_withpc-0 139983003092800
read_file 1567611514.5383065 1567611515.4871182 bigbrain_2307_1809_0.nii 139670971053888
increment_file 1567611515.5109305 1567611520.9873788 bigbrain_2307_1809_0.nii 139670971053888
write_file 1567611521.0415835 1567611527.2912443 inc-bigbrain_2307_1809_0.nii 139670971053888
task_duration 1567611634.4053388 1567611767.4194555 1567611215-isilon_1it_25cpus_60sdelay_withpc-0 139670971053888
read_file 1567611836.7354586 1567611836.7762518 bigbrain_3076_2412_694.nii 139876499113792
increment_file 1567611836.7895875 1567611842.2938545 bigbrain_3076_2412_694.nii 139876499113792
write_file 1567611842.327721 1567611848.4170363 inc-bigbrain_3076_2412_694.nii 139876499113792
task_duration 1567611956.7320309 1567612088.524678 1567611215-isilon_1it_25cpus_60sdelay_withpc-0 139876499113792
read_file 1567611528.615957 1567611528.6611319 bigbrain_2307_1809_2082.nii 140101274801984
increment_file 1567611528.6791143 1567611539.6781986 bigbrain_2307_1809_2082.nii 140101274801984
write_file 1567611540.653458 1567611555.6489015 inc-bigbrain_2307_1809_2082.nii 140101274801984
task_duration 1567611648.604891 1567611796.833011 1567611215-isilon_1it_25cpus_60sdelay_withpc-0 140101274801984
read_file 1567611593.615779 1567611607.875245 bigbrain_2307_603_0.nii 140315659958080
increment_file 1567611627.0226405 1567611648.0100355 bigbrain_2307_603_0.nii 140315659958080
write_file 1567611655.8118913 1567611682.1392972 inc-bigbrain_2307_603_0.nii 140315659958080
task_duration 1567611712.6831796 1567611922.2699604 1567611215-isilon_1it_25cpus_60sdelay_withpc-0 140315659958080
read_file 1567611102.0180252 1567611102.2209723 bigbrain_1538_1206_1388.nii 140552598841152
increment_file 1567611199.1564012 1567611234.1986966 bigbrain_1538_1206_1388.nii 140552598841152
write_file 1567611239.5993745 1567611373.6458619 inc-bigbrain_1538_1206_1388.nii 140552598841152
task_duration 1567611221.9887953 1567611613.9292946 1567611215-isilon_1it_25cpus_60sdelay_withpc-0 140552598841152
read_file 1567611534.2449267 1567611539.692092 bigbrain_2307_1809_2776.nii 140495485847360
increment_file 1567611539.7030413 1567611547.2008004 bigbrain_2307_1809_2776.nii 140495485847360
write_file 1567611549.4935148 1567611558.4952643 inc-bigbrain_2307_1809_2776.nii 140495485847360
task_duration 1567611653.804338 1567611798.6229262 1567611215-isilon_1it_25cpus_60sdelay_withpc-0 140495485847360
read_file 1567611559.9875586 1567611573.893306 bigbrain_2307_2412_0.nii 139748216170304
increment_file 1567611585.555388 1567611604.3967543 bigbrain_2307_2412_0.nii 139748216170304
write_file 1567611625.6694531 1567611661.5947452 inc-bigbrain_2307_2412_0.nii 139748216170304
task_duration 1567611679.9838889 1567611910.20758 1567611215-isilon_1it_25cpus_60sdelay_withpc-0 139748216170304
read_file 1567611101.7408645 1567611102.1625657 bigbrain_1538_0_2776.nii 140393405617984
increment_file 1567611124.6253676 1567611173.4874299 bigbrain_1538_0_2776.nii 140393405617984
write_file 1567611235.9175205 1567611338.7304993 inc-bigbrain_1538_0_2776.nii 140393405617984
task_duration 1567611221.725498 1567611586.2919412 1567611215-isilon_1it_25cpus_60sdelay_withpc-0 140393405617984
read_file 1567611583.1713152 1567611594.108243 bigbrain_2307_2412_1388.nii 140142657075008
increment_file 1567611615.0163321 1567611631.0006776 bigbrain_2307_2412_1388.nii 140142657075008
write_file 1567611640.5940387 1567611679.0883722 inc-bigbrain_2307_2412_1388.nii 140142657075008
task_duration 1567611702.7507298 1567611920.8619874 1567611215-isilon_1it_25cpus_60sdelay_withpc-0 140142657075008
read_file 1567611101.8367333 1567611102.1901245 bigbrain_1538_1206_0.nii 140687692142400
increment_file 1567611158.6950548 1567611206.348461 bigbrain_1538_1206_0.nii 140687692142400
write_file 1567611237.3965497 1567611361.3857036 inc-bigbrain_1538_1206_0.nii 140687692142400
task_duration 1567611221.818624 1567611604.5316257 1567611215-isilon_1it_25cpus_60sdelay_withpc-0 140687692142400
read_file 1567611528.5893817 1567611528.6496708 bigbrain_2307_1809_1388.nii 140227337230144
increment_file 1567611528.6663127 1567611539.0343919 bigbrain_2307_1809_1388.nii 140227337230144
write_file 1567611540.3852806 1567611551.9435143 inc-bigbrain_2307_1809_1388.nii 140227337230144
task_duration 1567611648.586261 1567611793.6336684 1567611215-isilon_1it_25cpus_60sdelay_withpc-0 140227337230144
read_file 1567611685.4006054 1567611696.5823665 bigbrain_3076_1809_0.nii 140529082640192
increment_file 1567611707.2403486 1567611722.2489038 bigbrain_3076_1809_0.nii 140529082640192
write_file 1567611732.3407311 1567611766.8319738 inc-bigbrain_3076_1809_0.nii 140529082640192
task_duration 1567611805.3970501 1567612007.8778481 1567611215-isilon_1it_25cpus_60sdelay_withpc-0 140529082640192
read_file 1567611472.7991722 1567611473.1073332 bigbrain_2307_1206_1388.nii 139952644609856
increment_file 1567611475.947147 1567611489.8616536 bigbrain_2307_1206_1388.nii 139952644609856
write_file 1567611495.4449487 1567611514.601747 inc-bigbrain_2307_1206_1388.nii 139952644609856
task_duration 1567611592.7823906 1567611755.5822577 1567611215-isilon_1it_25cpus_60sdelay_withpc-0 139952644609856
read_file 1567611101.7138178 1567611102.0666728 bigbrain_1538_2412_2082.nii 139886778349376
increment_file 1567611107.7023857 1567611152.6701279 bigbrain_1538_2412_2082.nii 139886778349376
write_file 1567611235.2452981 1567611331.014616 inc-bigbrain_1538_2412_2082.nii 139886778349376
task_duration 1567611221.7110112 1567611580.2398262 1567611215-isilon_1it_25cpus_60sdelay_withpc-0 139886778349376
read_file 1567612056.8033676 1567612056.83167 bigbrain_769_603_0.nii 140598878091072
increment_file 1567612056.8559964 1567612087.7345588 bigbrain_769_603_0.nii 140598878091072
write_file 1567612089.355342 1567612101.3775647 inc-bigbrain_769_603_0.nii 140598878091072
task_duration 1567612176.8010037 1567612341.6156027 1567611215-isilon_1it_25cpus_60sdelay_withpc-0 140598878091072
read_file 1567611101.7412033 1567611102.1631045 bigbrain_1538_603_1388.nii 139776924096320
increment_file 1567611131.9210064 1567611181.1374106 bigbrain_1538_603_1388.nii 139776924096320
write_file 1567611236.0522645 1567611344.3816028 inc-bigbrain_1538_603_1388.nii 139776924096320
task_duration 1567611221.7278392 1567611591.1778183 1567611215-isilon_1it_25cpus_60sdelay_withpc-0 139776924096320
read_file 1567611559.8382351 1567611559.9143484 bigbrain_2307_2412_694.nii 140531495757632
increment_file 1567611559.9771748 1567611573.3540528 bigbrain_2307_2412_694.nii 140531495757632
write_file 1567611586.3621147 1567611604.5302827 inc-bigbrain_2307_2412_694.nii 140531495757632
task_duration 1567611679.83552 1567611863.9500306 1567611215-isilon_1it_25cpus_60sdelay_withpc-0 140531495757632
read_file 1567612101.820629 1567612101.8847523 bigbrain_769_603_694.nii 140463723386688
increment_file 1567612101.8897367 1567612117.8809783 bigbrain_769_603_694.nii 140463723386688
write_file 1567612118.278413 1567612135.3128154 inc-bigbrain_769_603_694.nii 140463723386688
task_duration 1567612221.8175912 1567612375.4219546 1567611215-isilon_1it_25cpus_60sdelay_withpc-0 140463723386688
read_file 1567611101.7415442 1567611102.1650925 bigbrain_1538_1206_694.nii 140403936249664
increment_file 1567611135.932032 1567611184.4579508 bigbrain_1538_1206_694.nii 140403936249664
write_file 1567611236.1870518 1567611348.3277931 inc-bigbrain_1538_1206_694.nii 140403936249664
task_duration 1567611221.730381 1567611594.187351 1567611215-isilon_1it_25cpus_60sdelay_withpc-0 140403936249664
read_file 1567611559.8924973 1567611559.9789343 bigbrain_2307_1809_694.nii 139809876182848
increment_file 1567611561.2119186 1567611581.392339 bigbrain_2307_1809_694.nii 139809876182848
write_file 1567611601.3274255 1567611627.1573932 inc-bigbrain_2307_1809_694.nii 139809876182848
task_duration 1567611679.8768415 1567611877.655981 1567611215-isilon_1it_25cpus_60sdelay_withpc-0 139809876182848
read_file 1567611696.6342673 1567611712.4615426 bigbrain_3076_1206_2082.nii 140198621316928
increment_file 1567611720.377915 1567611747.2394702 bigbrain_3076_1206_2082.nii 140198621316928
write_file 1567611750.03814 1567611767.852969 inc-bigbrain_3076_1206_2082.nii 140198621316928
task_duration 1567611815.6542509 1567612007.9811532 1567611215-isilon_1it_25cpus_60sdelay_withpc-0 140198621316928
read_file 1567611589.8997862 1567611604.9346097 bigbrain_3076_0_1388.nii 139864673191744
increment_file 1567611625.1926663 1567611641.918268 bigbrain_3076_0_1388.nii 139864673191744
write_file 1567611659.2858202 1567611682.1430998 inc-bigbrain_3076_0_1388.nii 139864673191744
task_duration 1567611709.4526236 1567611922.2724671 1567611215-isilon_1it_25cpus_60sdelay_withpc-0 139864673191744
read_file 1567611685.0239449 1567611685.3807716 bigbrain_3076_1206_694.nii 140280407086912
increment_file 1567611685.3996189 1567611703.0838912 bigbrain_3076_1206_694.nii 140280407086912
write_file 1567611717.5474553 1567611749.6055174 inc-bigbrain_3076_1206_694.nii 140280407086912
task_duration 1567611805.020844 1567611991.496689 1567611215-isilon_1it_25cpus_60sdelay_withpc-0 140280407086912
read_file 1567611740.8704088 1567611742.702446 bigbrain_3076_1809_2776.nii 140076385163072
increment_file 1567611745.2525043 1567611767.8500512 bigbrain_3076_1809_2776.nii 140076385163072
write_file 1567611767.889296 1567611784.979865 inc-bigbrain_3076_1809_2776.nii 140076385163072
task_duration 1567611860.0945597 1567612025.099973 1567611215-isilon_1it_25cpus_60sdelay_withpc-0 140076385163072
read_file 1567611101.674552 1567611101.8439558 bigbrain_1538_1809_1388.nii 140547117102912
increment_file 1567611102.1605086 1567611125.9352856 bigbrain_1538_1809_1388.nii 140547117102912
write_file 1567611231.529771 1567611286.778399 inc-bigbrain_1538_1809_1388.nii 140547117102912
task_duration 1567611221.6693127 1567611568.7010634 1567611215-isilon_1it_25cpus_60sdelay_withpc-0 140547117102912
read_file 1567611848.676387 1567611848.748477 bigbrain_3076_603_2082.nii 140659500730176
increment_file 1567611848.7782538 1567611865.1293216 bigbrain_3076_603_2082.nii 140659500730176
write_file 1567611877.586911 1567611898.4895988 inc-bigbrain_3076_603_2082.nii 140659500730176
task_duration 1567611968.6732855 1567612140.4926558 1567611215-isilon_1it_25cpus_60sdelay_withpc-0 140659500730176
read_file 1567612023.736377 1567612023.8436775 bigbrain_769_2412_2776.nii 139957295822656
increment_file 1567612025.8574126 1567612054.8566496 bigbrain_769_2412_2776.nii 139957295822656
write_file 1567612056.7171023 1567612090.2325299 inc-bigbrain_769_2412_2776.nii 139957295822656
task_duration 1567612143.719423 1567612330.3664522 1567611215-isilon_1it_25cpus_60sdelay_withpc-0 139957295822656
read_file 1567611559.8470287 1567611559.9474914 bigbrain_2307_2412_2776.nii 139648655091520
increment_file 1567611559.9853742 1567611574.5378127 bigbrain_2307_2412_2776.nii 139648655091520
write_file 1567611590.654267 1567611616.1393826 inc-bigbrain_2307_2412_2776.nii 139648655091520
task_duration 1567611679.8436842 1567611873.2534318 1567611215-isilon_1it_25cpus_60sdelay_withpc-0 139648655091520
read_file 1567611101.8975024 1567611102.21584 bigbrain_1538_2412_2776.nii 140477104576320
increment_file 1567611170.1810365 1567611214.599849 bigbrain_1538_2412_2776.nii 140477104576320
write_file 1567611237.9287586 1567611365.4997628 inc-bigbrain_1538_2412_2776.nii 140477104576320
task_duration 1567611221.8466246 1567611606.0841641 1567611215-isilon_1it_25cpus_60sdelay_withpc-0 140477104576320
read_file 1567612056.8257575 1567612056.8576338 bigbrain_769_603_1388.nii 140365247321920
increment_file 1567612056.8650572 1567612089.2875044 bigbrain_769_603_1388.nii 140365247321920
write_file 1567612090.249031 1567612101.5049167 inc-bigbrain_769_603_1388.nii 140365247321920
task_duration 1567612176.807087 1567612341.6219695 1567611215-isilon_1it_25cpus_60sdelay_withpc-0 140365247321920
read_file 1567611785.6335273 1567611785.6802602 bigbrain_3076_1809_694.nii 139732535949120
increment_file 1567611785.724228 1567611803.866529 bigbrain_3076_1809_694.nii 139732535949120
write_file 1567611807.6937714 1567611830.2301457 inc-bigbrain_3076_1809_694.nii 139732535949120
task_duration 1567611905.630775 1567612070.3605993 1567611215-isilon_1it_25cpus_60sdelay_withpc-0 139732535949120
read_file 1567611101.9760482 1567611102.21836 bigbrain_1538_603_0.nii 139784888710976
increment_file 1567611181.2701 1567611220.1591918 bigbrain_1538_603_0.nii 139784888710976
write_file 1567611238.3015606 1567611369.5246198 inc-bigbrain_1538_603_0.nii 139784888710976
task_duration 1567611221.947226 1567611610.0214567 1567611215-isilon_1it_25cpus_60sdelay_withpc-0 139784888710976
read_file 1567611968.3892775 1567611971.473435 bigbrain_769_1809_2776.nii 139689257961280
increment_file 1567611984.0254061 1567612003.9226496 bigbrain_769_1809_2776.nii 139689257961280
write_file 1567612006.3296006 1567612021.7464356 inc-bigbrain_769_1809_2776.nii 139689257961280
task_duration 1567612087.9346519 1567612261.8679516 1567611215-isilon_1it_25cpus_60sdelay_withpc-0 139689257961280
read_file 1567611854.2067258 1567611862.328807 bigbrain_769_0_2082.nii 140114860369728
increment_file 1567611869.812967 1567611892.7886946 bigbrain_769_0_2082.nii 140114860369728
write_file 1567611896.38444 1567611923.6849477 inc-bigbrain_769_0_2082.nii 140114860369728
task_duration 1567611973.5025663 1567612164.8633933 1567611215-isilon_1it_25cpus_60sdelay_withpc-0 140114860369728
read_file 1567611102.0591836 1567611102.7564366 bigbrain_1538_1809_694.nii 140545166194496
increment_file 1567611203.1877844 1567611234.3047578 bigbrain_1538_1809_694.nii 140545166194496
write_file 1567611239.7508528 1567611373.8668106 inc-bigbrain_1538_1809_694.nii 140545166194496
task_duration 1567611222.0314867 1567611614.1039085 1567611215-isilon_1it_25cpus_60sdelay_withpc-0 140545166194496
read_file 1567611101.7117417 1567611102.061196 bigbrain_1538_603_2776.nii 139793527056192
increment_file 1567611103.9586525 1567611142.2941182 bigbrain_1538_603_2776.nii 139793527056192
write_file 1567611234.8412595 1567611323.443031 inc-bigbrain_1538_603_2776.nii 139793527056192
task_duration 1567611221.69673 1567611579.5433292 1567611215-isilon_1it_25cpus_60sdelay_withpc-0 139793527056192
read_file 1567612023.7353268 1567612023.8423734 bigbrain_769_2412_2082.nii 140440166094656
increment_file 1567612023.8511653 1567612048.739756 bigbrain_769_2412_2082.nii 140440166094656
write_file 1567612056.7081285 1567612089.9389946 inc-bigbrain_769_2412_2082.nii 140440166094656
task_duration 1567612143.7165284 1567612330.3483963 1567611215-isilon_1it_25cpus_60sdelay_withpc-0 140440166094656
read_file 1567611452.0941226 1567611452.1103938 bigbrain_2307_0_694.nii 140418092574528
increment_file 1567611452.1211197 1567611458.3793392 bigbrain_2307_0_694.nii 140418092574528
write_file 1567611458.4049757 1567611465.1921713 inc-bigbrain_2307_0_694.nii 140418092574528
task_duration 1567611572.0917807 1567611705.6872182 1567611215-isilon_1it_25cpus_60sdelay_withpc-0 140418092574528
read_file 1567611101.8794518 1567611102.2151878 bigbrain_1538_1206_2082.nii 140339927443264
increment_file 1567611166.0366728 1567611212.623523 bigbrain_1538_1206_2082.nii 140339927443264
write_file 1567611237.5305738 1567611363.950889 inc-bigbrain_1538_1206_2082.nii 140339927443264
task_duration 1567611221.845407 1567611605.431722 1567611215-isilon_1it_25cpus_60sdelay_withpc-0 140339927443264
read_file 1567612023.7116022 1567612023.7496097 bigbrain_769_2412_694.nii 139918002599744
increment_file 1567612023.840538 1567612044.3536272 bigbrain_769_2412_694.nii 139918002599744
write_file 1567612056.6879053 1567612090.1259797 inc-bigbrain_769_2412_694.nii 139918002599744
task_duration 1567612143.7088718 1567612330.3522136 1567611215-isilon_1it_25cpus_60sdelay_withpc-0 139918002599744
read_file 1567611848.6957736 1567611848.7533798 bigbrain_3076_603_1388.nii 140086917199680
increment_file 1567611849.4467983 1567611869.0067873 bigbrain_3076_603_1388.nii 140086917199680
write_file 1567611884.7507513 1567611906.5982838 inc-bigbrain_3076_603_1388.nii 140086917199680
task_duration 1567611968.6815562 1567612153.4133432 1567611215-isilon_1it_25cpus_60sdelay_withpc-0 140086917199680
read_file 1567612023.7360268 1567612023.8430622 bigbrain_769_2412_0.nii 139706619307840
increment_file 1567612024.3867078 1567612052.324491 bigbrain_769_2412_0.nii 139706619307840
write_file 1567612056.7151446 1567612090.234462 inc-bigbrain_769_2412_0.nii 139706619307840
task_duration 1567612143.717767 1567612330.355891 1567611215-isilon_1it_25cpus_60sdelay_withpc-0 139706619307840
read_file 1567611929.2363837 1567611947.4995258 bigbrain_769_1809_2082.nii 140493194385216
increment_file 1567611959.5805047 1567611978.3035731 bigbrain_769_1809_2082.nii 140493194385216
write_file 1567611987.1994324 1567612006.1788242 inc-bigbrain_769_1809_2082.nii 140493194385216
task_duration 1567612048.7875993 1567612247.9416866 1567611215-isilon_1it_25cpus_60sdelay_withpc-0 140493194385216
read_file 1567611848.754286 1567611851.355702 bigbrain_3076_603_2776.nii 139888978167616
increment_file 1567611858.324475 1567611881.3340387 bigbrain_3076_603_2776.nii 139888978167616
write_file 1567611891.0340667 1567611920.68655 inc-bigbrain_3076_603_2776.nii 139888978167616
task_duration 1567611968.7515295 1567612162.6934836 1567611215-isilon_1it_25cpus_60sdelay_withpc-0 139888978167616
read_file 1567611685.035155 1567611685.3865829 bigbrain_3076_0_694.nii 140389236959040
increment_file 1567611685.4138622 1567611707.2421107 bigbrain_3076_0_694.nii 140389236959040
write_file 1567611718.759516 1567611755.2112806 inc-bigbrain_3076_0_694.nii 140389236959040
task_duration 1567611805.0236628 1567611997.1926277 1567611215-isilon_1it_25cpus_60sdelay_withpc-0 140389236959040
read_file 1567611446.0079315 1567611446.0310042 bigbrain_2307_0_2776.nii 140310352410432
increment_file 1567611446.0387495 1567611451.5131187 bigbrain_2307_0_2776.nii 140310352410432
write_file 1567611451.5360942 1567611458.1382787 inc-bigbrain_2307_0_2776.nii 140310352410432
task_duration 1567611566.0042596 1567611698.4540355 1567611215-isilon_1it_25cpus_60sdelay_withpc-0 140310352410432
read_file 1567611927.8977575 1567611927.961056 bigbrain_769_0_694.nii 140203393066816
increment_file 1567611939.782599 1567611960.757544 bigbrain_769_0_694.nii 140203393066816
write_file 1567611968.3893702 1567612001.7371655 inc-bigbrain_769_0_694.nii 140203393066816
task_duration 1567612047.8708148 1567612243.2834077 1567611215-isilon_1it_25cpus_60sdelay_withpc-0 140203393066816
read_file 1567611101.7981727 1567611102.1684203 bigbrain_1538_2412_1388.nii 140483964368704
increment_file 1567611147.373133 1567611195.3878882 bigbrain_1538_2412_1388.nii 140483964368704
write_file 1567611236.7239747 1567611355.9082422 inc-bigbrain_1538_2412_1388.nii 140483964368704
task_duration 1567611221.7891138 1567611600.1112192 1567611215-isilon_1it_25cpus_60sdelay_withpc-0 140483964368704
read_file 1567611101.7122564 1567611102.0618832 bigbrain_2307_0_0.nii 139649302738752
increment_file 1567611105.4292078 1567611147.7473462 bigbrain_2307_0_0.nii 139649302738752
write_file 1567611234.976022 1567611325.39352 inc-bigbrain_2307_0_0.nii 139649302738752
task_duration 1567611221.6994035 1567611583.1152809 1567611215-isilon_1it_25cpus_60sdelay_withpc-0 139649302738752
read_file 1567611785.6558619 1567611785.7264805 bigbrain_3076_2412_0.nii 140096587872064
increment_file 1567611787.3494706 1567611807.6601353 bigbrain_3076_2412_0.nii 140096587872064
write_file 1567611807.697908 1567611830.2266145 inc-bigbrain_3076_2412_0.nii 140096587872064
task_duration 1567611905.6401458 1567612070.3584542 1567611215-isilon_1it_25cpus_60sdelay_withpc-0 140096587872064
read_file 1567612023.737208 1567612023.8450844 bigbrain_769_2412_1388.nii 139841115260736
increment_file 1567612030.269304 1567612056.6838624 bigbrain_769_2412_1388.nii 139841115260736
write_file 1567612056.7234943 1567612090.0372324 inc-bigbrain_769_2412_1388.nii 139841115260736
task_duration 1567612143.723763 1567612330.3494453 1567611215-isilon_1it_25cpus_60sdelay_withpc-0 139841115260736
read_file 1567611101.6895776 1567611101.981341 bigbrain_1538_2412_0.nii 139963356890944
increment_file 1567611102.2124493 1567611130.5850515 bigbrain_1538_2412_0.nii 139963356890944
write_file 1567611233.9560797 1567611312.4006464 inc-bigbrain_1538_2412_0.nii 139963356890944
task_duration 1567611221.6855462 1567611565.0583777 1567611215-isilon_1it_25cpus_60sdelay_withpc-0 139963356890944
read_file 1567611101.702905 1567611102.0604553 bigbrain_1538_1809_2776.nii 140168039388992
increment_file 1567611102.4879036 1567611137.6427543 bigbrain_1538_1809_2776.nii 140168039388992
write_file 1567611234.5724368 1567611320.7724826 inc-bigbrain_1538_1809_2776.nii 140168039388992
task_duration 1567611221.691648 1567611577.3250644 1567611215-isilon_1it_25cpus_60sdelay_withpc-0 140168039388992
read_file 1567611927.8133514 1567611927.9249868 bigbrain_769_1206_1388.nii 140212812805952
increment_file 1567611927.9632454 1567611946.1626747 bigbrain_769_1206_1388.nii 140212812805952
write_file 1567611960.7565038 1567611986.208518 inc-bigbrain_769_1206_1388.nii 140212812805952
task_duration 1567612047.8111289 1567612229.14084 1567611215-isilon_1it_25cpus_60sdelay_withpc-0 140212812805952
read_file 1567611559.939945 1567611559.9904428 bigbrain_3076_0_0.nii 139852965050176
increment_file 1567611572.170288 1567611589.1744328 bigbrain_3076_0_0.nii 139852965050176
write_file 1567611608.571636 1567611639.0416803 inc-bigbrain_3076_0_0.nii 139852965050176
task_duration 1567611679.9126575 1567611885.2818158 1567611215-isilon_1it_25cpus_60sdelay_withpc-0 139852965050176
read_file 1567611472.748427 1567611472.7913246 bigbrain_2307_1206_2082.nii 140370480654144
increment_file 1567611472.8188822 1567611483.186396 bigbrain_2307_1206_2082.nii 140370480654144
write_file 1567611491.208012 1567611507.1101015 inc-bigbrain_2307_1206_2082.nii 140370480654144
task_duration 1567611592.745835 1567611750.2997782 1567611215-isilon_1it_25cpus_60sdelay_withpc-0 140370480654144
read_file 1567611927.8345845 1567611927.9483676 bigbrain_769_0_2776.nii 140191063918400
increment_file 1567611930.7967167 1567611956.8027787 bigbrain_769_0_2776.nii 140191063918400
write_file 1567611963.3576365 1567611994.8369875 inc-bigbrain_769_0_2776.nii 140191063918400
task_duration 1567612047.819663 1567612241.5165124 1567611215-isilon_1it_25cpus_60sdelay_withpc-0 140191063918400
read_file 1567611965.7204494 1567611967.945822 bigbrain_769_1809_1388.nii 140422988953408
increment_file 1567611977.3187191 1567612001.1916294 bigbrain_769_1809_1388.nii 140422988953408
write_file 1567612003.355725 1567612021.0466273 inc-bigbrain_769_1809_1388.nii 140422988953408
task_duration 1567612085.4317539 1567612261.8502386 1567611215-isilon_1it_25cpus_60sdelay_withpc-0 140422988953408
read_file 1567611959.8479671 1567611965.712902 bigbrain_769_1206_694.nii 140387070953280
increment_file 1567611975.1459064 1567611999.8909917 bigbrain_769_1206_694.nii 140387070953280
write_file 1567612003.064288 1567612020.4782352 inc-bigbrain_769_1206_694.nii 140387070953280
task_duration 1567612079.4531767 1567612261.4599159 1567611215-isilon_1it_25cpus_60sdelay_withpc-0 140387070953280
read_file 1567611685.02033 1567611685.374054 bigbrain_3076_1206_0.nii 140522029594432
increment_file 1567611685.393342 1567611701.90176 bigbrain_3076_1206_0.nii 140522029594432
write_file 1567611717.1435053 1567611740.458888 inc-bigbrain_3076_1206_0.nii 140522029594432
task_duration 1567611805.017544 1567611984.8760443 1567611215-isilon_1it_25cpus_60sdelay_withpc-0 140522029594432
