read_file 1567696888.6409245 1567696888.6424289 bigbrain_769_603_2082.nii 140361245501248
increment_file 1567696888.6426146 1567696889.0667617 bigbrain_769_603_2082.nii 140361245501248
write_file 1567696889.0770526 1567696889.5710971 inc-bigbrain_769_603_2082.nii 140361245501248
task_duration 1567697008.6389704 1567697129.6762228 1567696081-tmpfsAD_1it_25cpus_120delay_withpc-0 140361245501248
read_file 1567696888.6399229 1567696888.6412933 bigbrain_769_2412_2082.nii 140318434551616
increment_file 1567696888.6414626 1567696889.0643182 bigbrain_769_2412_2082.nii 140318434551616
write_file 1567696889.0744858 1567696889.5641785 inc-bigbrain_769_2412_2082.nii 140318434551616
task_duration 1567697008.6381915 1567697129.6683154 1567696081-tmpfsAD_1it_25cpus_120delay_withpc-0 140318434551616
read_file 1567696888.639776 1567696888.6412475 bigbrain_769_603_2776.nii 140144475109184
increment_file 1567696888.641428 1567696889.065314 bigbrain_769_603_2776.nii 140144475109184
write_file 1567696889.0755162 1567696889.5642827 inc-bigbrain_769_603_2776.nii 140144475109184
task_duration 1567697008.6378965 1567697129.6689298 1567696081-tmpfsAD_1it_25cpus_120delay_withpc-0 140144475109184
read_file 1567696888.6396782 1567696888.6411283 bigbrain_769_2412_2776.nii 140387651290944
increment_file 1567696888.641303 1567696889.0723367 bigbrain_769_2412_2776.nii 140387651290944
write_file 1567696889.0834835 1567696889.5821397 inc-bigbrain_769_2412_2776.nii 140387651290944
task_duration 1567697008.6378798 1567697129.6871183 1567696081-tmpfsAD_1it_25cpus_120delay_withpc-0 140387651290944
read_file 1567696888.6360044 1567696888.63771 bigbrain_769_603_694.nii 140401760048960
increment_file 1567696888.6379268 1567696889.0535812 bigbrain_769_603_694.nii 140401760048960
write_file 1567696889.0639687 1567696889.5161767 inc-bigbrain_769_603_694.nii 140401760048960
task_duration 1567697008.6337872 1567697129.6215782 1567696081-tmpfsAD_1it_25cpus_120delay_withpc-0 140401760048960
read_file 1567696888.6338327 1567696888.6351914 bigbrain_769_603_1388.nii 140563789678400
increment_file 1567696888.6353686 1567696889.0523896 bigbrain_769_603_1388.nii 140563789678400
write_file 1567696889.0629103 1567696889.5350504 inc-bigbrain_769_603_1388.nii 140563789678400
task_duration 1567697008.6317806 1567697129.6413937 1567696081-tmpfsAD_1it_25cpus_120delay_withpc-0 140563789678400
read_file 1567696888.6319652 1567696888.633873 bigbrain_769_2412_694.nii 140401165064000
increment_file 1567696888.6341069 1567696889.0582669 bigbrain_769_2412_694.nii 140401165064000
write_file 1567696889.0685773 1567696889.5761597 inc-bigbrain_769_2412_694.nii 140401165064000
task_duration 1567697008.6295135 1567697129.683661 1567696081-tmpfsAD_1it_25cpus_120delay_withpc-0 140401165064000
read_file 1567696888.6249337 1567696888.6263335 bigbrain_769_603_0.nii 140030038538048
increment_file 1567696888.6265004 1567696889.0433245 bigbrain_769_603_0.nii 140030038538048
write_file 1567696889.053629 1567696889.50801 inc-bigbrain_769_603_0.nii 140030038538048
task_duration 1567697008.6230717 1567697129.6141536 1567696081-tmpfsAD_1it_25cpus_120delay_withpc-0 140030038538048
read_file 1567696888.6240366 1567696888.626195 bigbrain_769_2412_1388.nii 140223412213568
increment_file 1567696888.6264482 1567696889.0503728 bigbrain_769_2412_1388.nii 140223412213568
write_file 1567696889.0610192 1567696889.5536008 inc-bigbrain_769_2412_1388.nii 140223412213568
task_duration 1567697008.6212122 1567697129.6600947 1567696081-tmpfsAD_1it_25cpus_120delay_withpc-0 140223412213568
read_file 1567696888.6150832 1567696888.617481 bigbrain_769_1809_694.nii 140348006913856
increment_file 1567696888.6176584 1567696889.040736 bigbrain_769_1809_694.nii 140348006913856
write_file 1567696889.0510788 1567696889.54973 inc-bigbrain_769_1809_694.nii 140348006913856
task_duration 1567697008.6117892 1567697129.6555433 1567696081-tmpfsAD_1it_25cpus_120delay_withpc-0 140348006913856
read_file 1567696888.6038527 1567696888.6051786 bigbrain_769_2412_0.nii 140042937132864
increment_file 1567696888.6053383 1567696889.017553 bigbrain_769_2412_0.nii 140042937132864
write_file 1567696889.0279317 1567696889.477758 inc-bigbrain_769_2412_0.nii 140042937132864
task_duration 1567697008.601841 1567697129.5839303 1567696081-tmpfsAD_1it_25cpus_120delay_withpc-0 140042937132864
read_file 1567696888.6012204 1567696888.6029534 bigbrain_769_1809_2776.nii 140271397852992
increment_file 1567696888.6031725 1567696889.0252557 bigbrain_769_1809_2776.nii 140271397852992
write_file 1567696889.0355337 1567696889.535355 inc-bigbrain_769_1809_2776.nii 140271397852992
task_duration 1567697008.5989256 1567697129.6406312 1567696081-tmpfsAD_1it_25cpus_120delay_withpc-0 140271397852992
read_file 1567696888.5567412 1567696888.5583036 bigbrain_769_1809_2082.nii 140059374151488
increment_file 1567696888.5584471 1567696888.9742901 bigbrain_769_1809_2082.nii 140059374151488
write_file 1567696888.9844503 1567696889.4854922 inc-bigbrain_769_1809_2082.nii 140059374151488
task_duration 1567697008.5535038 1567697129.5905666 1567696081-tmpfsAD_1it_25cpus_120delay_withpc-0 140059374151488
read_file 1567696888.5394616 1567696888.5409076 bigbrain_769_1809_1388.nii 139653092579136
increment_file 1567696888.5410793 1567696888.9538605 bigbrain_769_1809_1388.nii 139653092579136
write_file 1567696888.9639106 1567696889.4671698 inc-bigbrain_769_1809_1388.nii 139653092579136
task_duration 1567697008.537497 1567697129.5715008 1567696081-tmpfsAD_1it_25cpus_120delay_withpc-0 139653092579136
read_file 1567696888.5164776 1567696888.5176592 bigbrain_769_1809_0.nii 140584755955520
increment_file 1567696888.5177984 1567696888.9262214 bigbrain_769_1809_0.nii 140584755955520
write_file 1567696888.9363139 1567696889.4266264 inc-bigbrain_769_1809_0.nii 140584755955520
task_duration 1567697008.5133145 1567697129.5328872 1567696081-tmpfsAD_1it_25cpus_120delay_withpc-0 140584755955520
read_file 1567696888.4152985 1567696888.4173498 bigbrain_769_1206_694.nii 139882933421888
increment_file 1567696888.4175885 1567696888.8127165 bigbrain_769_1206_694.nii 139882933421888
write_file 1567696888.8232403 1567696889.284679 inc-bigbrain_769_1206_694.nii 139882933421888
task_duration 1567697008.4125628 1567697129.389666 1567696081-tmpfsAD_1it_25cpus_120delay_withpc-0 139882933421888
read_file 1567696888.073629 1567696888.0759351 bigbrain_769_1206_2776.nii 140562456868672
increment_file 1567696888.0760965 1567696888.460717 bigbrain_769_1206_2776.nii 140562456868672
write_file 1567696888.4704533 1567696888.919001 inc-bigbrain_769_1206_2776.nii 140562456868672
task_duration 1567697008.0704236 1567697128.9787295 1567696081-tmpfsAD_1it_25cpus_120delay_withpc-0 140562456868672
read_file 1567696888.063342 1567696888.064716 bigbrain_769_1206_2082.nii 140708165809984
increment_file 1567696888.0648937 1567696888.4218726 bigbrain_769_1206_2082.nii 140708165809984
write_file 1567696888.4312193 1567696888.9298966 inc-bigbrain_769_1206_2082.nii 140708165809984
task_duration 1567697008.0613368 1567697129.0169294 1567696081-tmpfsAD_1it_25cpus_120delay_withpc-0 140708165809984
read_file 1567696885.3719718 1567696885.3732848 bigbrain_769_1206_1388.nii 140665613567808
increment_file 1567696885.373428 1567696885.7456634 bigbrain_769_1206_1388.nii 140665613567808
write_file 1567696885.7552135 1567696886.192175 inc-bigbrain_769_1206_1388.nii 140665613567808
task_duration 1567697005.3687425 1567697126.3002682 1567696081-tmpfsAD_1it_25cpus_120delay_withpc-0 140665613567808
read_file 1567696884.9274082 1567696884.9285648 bigbrain_769_1206_0.nii 140589676955456
increment_file 1567696884.928707 1567696885.2798731 bigbrain_769_1206_0.nii 140589676955456
write_file 1567696885.289041 1567696885.7162235 inc-bigbrain_769_1206_0.nii 140589676955456
task_duration 1567697004.9258516 1567697125.8224745 1567696081-tmpfsAD_1it_25cpus_120delay_withpc-0 140589676955456
read_file 1567696882.9949644 1567696882.99591 bigbrain_769_0_694.nii 139650103678784
increment_file 1567696882.9960139 1567696883.3697987 bigbrain_769_0_694.nii 139650103678784
write_file 1567696883.3792894 1567696883.8182423 inc-bigbrain_769_0_694.nii 139650103678784
task_duration 1567697002.993579 1567697123.9260492 1567696081-tmpfsAD_1it_25cpus_120delay_withpc-0 139650103678784
read_file 1567696881.3280993 1567696881.32925 bigbrain_769_0_2776.nii 139658502403904
increment_file 1567696881.3293903 1567696881.7062175 bigbrain_769_0_2776.nii 139658502403904
write_file 1567696881.7151062 1567696882.1252253 inc-bigbrain_769_0_2776.nii 139658502403904
task_duration 1567697001.3257613 1567697122.2329648 1567696081-tmpfsAD_1it_25cpus_120delay_withpc-0 139658502403904
read_file 1567696762.4634347 1567696762.4649694 bigbrain_769_0_2082.nii 139862066317120
increment_file 1567696762.4651947 1567696762.9082768 bigbrain_769_0_2082.nii 139862066317120
write_file 1567696762.920302 1567696763.378039 inc-bigbrain_769_0_2082.nii 139862066317120
task_duration 1567696882.4618967 1567697003.4805074 1567696081-tmpfsAD_1it_25cpus_120delay_withpc-0 139862066317120
read_file 1567696762.4034336 1567696762.405272 bigbrain_3076_603_694.nii 140436983973696
increment_file 1567696762.4055262 1567696762.876559 bigbrain_3076_603_694.nii 140436983973696
write_file 1567696762.8872762 1567696763.415847 inc-bigbrain_3076_603_694.nii 140436983973696
task_duration 1567696882.4011784 1567697003.5203147 1567696081-tmpfsAD_1it_25cpus_120delay_withpc-0 140436983973696
read_file 1567696762.3993568 1567696762.4011009 bigbrain_3076_603_2082.nii 140054028003136
increment_file 1567696762.401306 1567696762.8470218 bigbrain_3076_603_2082.nii 140054028003136
write_file 1567696762.8576972 1567696763.333469 inc-bigbrain_3076_603_2082.nii 140054028003136
task_duration 1567696882.3962142 1567697003.4372125 1567696081-tmpfsAD_1it_25cpus_120delay_withpc-0 140054028003136
read_file 1567696762.397711 1567696762.3996766 bigbrain_3076_603_0.nii 140659254077248
increment_file 1567696762.399868 1567696762.8712072 bigbrain_3076_603_0.nii 140659254077248
write_file 1567696762.8818774 1567696763.3966444 inc-bigbrain_3076_603_0.nii 140659254077248
task_duration 1567696882.394608 1567697003.5013297 1567696081-tmpfsAD_1it_25cpus_120delay_withpc-0 140659254077248
read_file 1567696762.396277 1567696762.3983014 bigbrain_3076_603_1388.nii 140118424442688
increment_file 1567696762.3985562 1567696762.8449428 bigbrain_3076_603_1388.nii 140118424442688
write_file 1567696762.8558807 1567696763.333164 inc-bigbrain_3076_603_1388.nii 140118424442688
task_duration 1567696882.3935454 1567697003.4438252 1567696081-tmpfsAD_1it_25cpus_120delay_withpc-0 140118424442688
read_file 1567696762.395174 1567696762.3973525 bigbrain_769_0_0.nii 140712844810048
increment_file 1567696762.397641 1567696762.8699472 bigbrain_769_0_0.nii 140712844810048
write_file 1567696762.88059 1567696763.3939047 inc-bigbrain_769_0_0.nii 140712844810048
task_duration 1567696882.3923163 1567697003.4992585 1567696081-tmpfsAD_1it_25cpus_120delay_withpc-0 140712844810048
read_file 1567696762.3929045 1567696762.3947282 bigbrain_3076_2412_2776.nii 139631151376192
increment_file 1567696762.3949564 1567696762.86771 bigbrain_3076_2412_2776.nii 139631151376192
write_file 1567696762.878266 1567696763.4385993 inc-bigbrain_3076_2412_2776.nii 139631151376192
task_duration 1567696882.390605 1567697003.5428977 1567696081-tmpfsAD_1it_25cpus_120delay_withpc-0 139631151376192
read_file 1567696762.3901198 1567696762.391451 bigbrain_3076_2412_1388.nii 140514407855936
increment_file 1567696762.391635 1567696762.8632486 bigbrain_3076_2412_1388.nii 140514407855936
write_file 1567696762.8735745 1567696763.402963 inc-bigbrain_3076_2412_1388.nii 140514407855936
task_duration 1567696882.3882318 1567697003.5070302 1567696081-tmpfsAD_1it_25cpus_120delay_withpc-0 140514407855936
read_file 1567696762.3889928 1567696762.3903353 bigbrain_3076_603_2776.nii 139681206044480
increment_file 1567696762.3905053 1567696762.862339 bigbrain_3076_603_2776.nii 139681206044480
write_file 1567696762.8727372 1567696763.478574 inc-bigbrain_3076_603_2776.nii 139681206044480
task_duration 1567696882.385924 1567697003.583226 1567696081-tmpfsAD_1it_25cpus_120delay_withpc-0 139681206044480
read_file 1567696762.3831291 1567696762.3846688 bigbrain_3076_2412_2082.nii 139932764018496
increment_file 1567696762.3848717 1567696762.8573937 bigbrain_3076_2412_2082.nii 139932764018496
write_file 1567696762.8677602 1567696763.399013 inc-bigbrain_3076_2412_2082.nii 139932764018496
task_duration 1567696882.381088 1567697003.4054024 1567696081-tmpfsAD_1it_25cpus_120delay_withpc-0 139932764018496
read_file 1567696762.3810115 1567696762.3827398 bigbrain_769_0_1388.nii 140238074615616
increment_file 1567696762.3829684 1567696762.8919854 bigbrain_769_0_1388.nii 140238074615616
write_file 1567696762.9029028 1567696763.4145904 inc-bigbrain_769_0_1388.nii 140238074615616
task_duration 1567696882.3790138 1567697003.519485 1567696081-tmpfsAD_1it_25cpus_120delay_withpc-0 140238074615616
read_file 1567696762.3782516 1567696762.379857 bigbrain_3076_2412_0.nii 140277647152960
increment_file 1567696762.38002 1567696762.8507578 bigbrain_3076_2412_0.nii 140277647152960
write_file 1567696762.8613386 1567696763.3792465 inc-bigbrain_3076_2412_0.nii 140277647152960
task_duration 1567696882.3752353 1567697003.3853142 1567696081-tmpfsAD_1it_25cpus_120delay_withpc-0 140277647152960
read_file 1567696762.3735695 1567696762.3752441 bigbrain_3076_2412_694.nii 140295497725760
increment_file 1567696762.3754375 1567696762.8189728 bigbrain_3076_2412_694.nii 140295497725760
write_file 1567696762.8295908 1567696763.3045423 inc-bigbrain_3076_2412_694.nii 140295497725760
task_duration 1567696882.371466 1567697003.408146 1567696081-tmpfsAD_1it_25cpus_120delay_withpc-0 140295497725760
read_file 1567696762.3682282 1567696762.3705869 bigbrain_3076_1809_694.nii 139673209726784
increment_file 1567696762.3707466 1567696762.8169248 bigbrain_3076_1809_694.nii 139673209726784
write_file 1567696762.8275476 1567696763.307426 inc-bigbrain_3076_1809_694.nii 139673209726784
task_duration 1567696882.3649564 1567697003.4102342 1567696081-tmpfsAD_1it_25cpus_120delay_withpc-0 139673209726784
read_file 1567696762.3516123 1567696762.3532135 bigbrain_3076_1809_2082.nii 140578492352320
increment_file 1567696762.353402 1567696762.8207593 bigbrain_3076_1809_2082.nii 140578492352320
write_file 1567696762.83143 1567696763.373914 inc-bigbrain_3076_1809_2082.nii 140578492352320
task_duration 1567696882.3495462 1567697003.4771442 1567696081-tmpfsAD_1it_25cpus_120delay_withpc-0 140578492352320
read_file 1567696762.3482304 1567696762.3495917 bigbrain_3076_1809_1388.nii 139846942136128
increment_file 1567696762.3497403 1567696762.8144114 bigbrain_3076_1809_1388.nii 139846942136128
write_file 1567696762.8249378 1567696763.3689091 inc-bigbrain_3076_1809_1388.nii 139846942136128
task_duration 1567696882.3449326 1567697003.4733434 1567696081-tmpfsAD_1it_25cpus_120delay_withpc-0 139846942136128
read_file 1567696762.346932 1567696762.3489726 bigbrain_3076_1809_2776.nii 139823848359744
increment_file 1567696762.3491359 1567696762.8145766 bigbrain_3076_1809_2776.nii 139823848359744
write_file 1567696762.8250468 1567696763.3627672 inc-bigbrain_3076_1809_2776.nii 139823848359744
task_duration 1567696882.3436532 1567697003.4666579 1567696081-tmpfsAD_1it_25cpus_120delay_withpc-0 139823848359744
read_file 1567696762.3384542 1567696762.339843 bigbrain_3076_1809_0.nii 140712135886656
increment_file 1567696762.339998 1567696762.85128 bigbrain_3076_1809_0.nii 140712135886656
write_file 1567696762.8617883 1567696763.38122 inc-bigbrain_3076_1809_0.nii 140712135886656
task_duration 1567696882.3351424 1567697003.485458 1567696081-tmpfsAD_1it_25cpus_120delay_withpc-0 140712135886656
read_file 1567696762.3026712 1567696762.3042371 bigbrain_3076_1206_694.nii 140683921139520
increment_file 1567696762.304432 1567696762.7406507 bigbrain_3076_1206_694.nii 140683921139520
write_file 1567696762.7515302 1567696763.228039 inc-bigbrain_3076_1206_694.nii 140683921139520
task_duration 1567696882.3006248 1567697003.337145 1567696081-tmpfsAD_1it_25cpus_120delay_withpc-0 140683921139520
read_file 1567696762.2010124 1567696762.2027295 bigbrain_3076_1206_2776.nii 140214938605376
increment_file 1567696762.2029192 1567696762.60991 bigbrain_3076_1206_2776.nii 140214938605376
write_file 1567696762.6206396 1567696763.1809595 inc-bigbrain_3076_1206_2776.nii 140214938605376
task_duration 1567696882.1987135 1567697003.206219 1567696081-tmpfsAD_1it_25cpus_120delay_withpc-0 140214938605376
read_file 1567696762.183418 1567696762.185296 bigbrain_3076_1206_2082.nii 140510963881792
increment_file 1567696762.1855047 1567696762.5966117 bigbrain_3076_1206_2082.nii 140510963881792
write_file 1567696762.607375 1567696763.0777354 inc-bigbrain_3076_1206_2082.nii 140510963881792
task_duration 1567696882.1809173 1567697003.1859696 1567696081-tmpfsAD_1it_25cpus_120delay_withpc-0 140510963881792
read_file 1567696761.8239424 1567696761.8254352 bigbrain_3076_1206_1388.nii 140197045884736
increment_file 1567696761.8255773 1567696762.1994808 bigbrain_3076_1206_1388.nii 140197045884736
write_file 1567696762.209082 1567696762.664967 inc-bigbrain_3076_1206_1388.nii 140197045884736
task_duration 1567696881.8207 1567697002.7688873 1567696081-tmpfsAD_1it_25cpus_120delay_withpc-0 140197045884736
read_file 1567696761.8092732 1567696761.8110921 bigbrain_3076_1206_0.nii 140371444971328
increment_file 1567696761.8113072 1567696762.1843958 bigbrain_3076_1206_0.nii 140371444971328
write_file 1567696762.1940072 1567696762.630693 inc-bigbrain_3076_1206_0.nii 140371444971328
task_duration 1567696881.8067594 1567697002.6706476 1567696081-tmpfsAD_1it_25cpus_120delay_withpc-0 140371444971328
read_file 1567696761.2202356 1567696761.2221882 bigbrain_3076_0_694.nii 140226422867776
increment_file 1567696761.2224047 1567696761.5849967 bigbrain_3076_0_694.nii 140226422867776
write_file 1567696761.5943058 1567696762.0226486 inc-bigbrain_3076_0_694.nii 140226422867776
task_duration 1567696881.217666 1567697002.12942 1567696081-tmpfsAD_1it_25cpus_120delay_withpc-0 140226422867776
read_file 1567696759.4236038 1567696759.425788 bigbrain_3076_0_2776.nii 140652231448384
increment_file 1567696759.425956 1567696759.8005402 bigbrain_3076_0_2776.nii 140652231448384
write_file 1567696759.8105562 1567696760.2512753 inc-bigbrain_3076_0_2776.nii 140652231448384
task_duration 1567696879.4198928 1567697000.3638618 1567696081-tmpfsAD_1it_25cpus_120delay_withpc-0 140652231448384
read_file 1567696634.863412 1567696634.8647554 bigbrain_3076_0_2082.nii 139835003799360
increment_file 1567696634.864928 1567696635.327795 bigbrain_3076_0_2082.nii 139835003799360
write_file 1567696635.3395548 1567696635.8054724 inc-bigbrain_3076_0_2082.nii 139835003799360
task_duration 1567696754.862056 1567696875.8692405 1567696081-tmpfsAD_1it_25cpus_120delay_withpc-0 139835003799360
read_file 1567696634.807531 1567696634.809606 bigbrain_2307_2412_694.nii 140697125271360
increment_file 1567696634.809899 1567696635.308571 bigbrain_2307_2412_694.nii 140697125271360
write_file 1567696635.3198442 1567696635.8594978 inc-bigbrain_2307_2412_694.nii 140697125271360
task_duration 1567696754.804969 1567696875.9045684 1567696081-tmpfsAD_1it_25cpus_120delay_withpc-0 140697125271360
read_file 1567696634.805449 1567696634.8070612 bigbrain_3076_0_1388.nii 139691716142912
increment_file 1567696634.8072512 1567696635.3148873 bigbrain_3076_0_1388.nii 139691716142912
write_file 1567696635.3263083 1567696635.84991 inc-bigbrain_3076_0_1388.nii 139691716142912
task_duration 1567696754.8034406 1567696875.8545148 1567696081-tmpfsAD_1it_25cpus_120delay_withpc-0 139691716142912
read_file 1567696634.8052628 1567696634.8067803 bigbrain_3076_0_0.nii 140172328417088
increment_file 1567696634.806982 1567696635.3130498 bigbrain_3076_0_0.nii 140172328417088
write_file 1567696635.3244696 1567696635.8477123 inc-bigbrain_3076_0_0.nii 140172328417088
task_duration 1567696754.8035333 1567696875.9249315 1567696081-tmpfsAD_1it_25cpus_120delay_withpc-0 140172328417088
read_file 1567696634.8029494 1567696634.8046472 bigbrain_2307_603_694.nii 140514916616000
increment_file 1567696634.804864 1567696635.2824566 bigbrain_2307_603_694.nii 140514916616000
write_file 1567696635.2934558 1567696635.7865548 inc-bigbrain_2307_603_694.nii 140514916616000
task_duration 1567696754.8009434 1567696875.8972235 1567696081-tmpfsAD_1it_25cpus_120delay_withpc-0 140514916616000
read_file 1567696634.801385 1567696634.8034506 bigbrain_2307_603_0.nii 140480655193920
increment_file 1567696634.80367 1567696635.312244 bigbrain_2307_603_0.nii 140480655193920
write_file 1567696635.3237035 1567696635.8362222 inc-bigbrain_2307_603_0.nii 140480655193920
task_duration 1567696754.7978652 1567696875.9470956 1567696081-tmpfsAD_1it_25cpus_120delay_withpc-0 140480655193920
read_file 1567696634.8012974 1567696634.8028378 bigbrain_2307_603_2776.nii 139905606440768
increment_file 1567696634.8030462 1567696635.2815125 bigbrain_2307_603_2776.nii 139905606440768
write_file 1567696635.2927022 1567696635.7852619 inc-bigbrain_2307_603_2776.nii 139905606440768
task_duration 1567696754.7987335 1567696875.8969574 1567696081-tmpfsAD_1it_25cpus_120delay_withpc-0 139905606440768
read_file 1567696634.7964623 1567696634.7982526 bigbrain_2307_603_1388.nii 140469399004992
increment_file 1567696634.798484 1567696635.3058655 bigbrain_2307_603_1388.nii 140469399004992
write_file 1567696635.3168688 1567696635.863055 inc-bigbrain_2307_603_1388.nii 140469399004992
task_duration 1567696754.794267 1567696875.9730494 1567696081-tmpfsAD_1it_25cpus_120delay_withpc-0 140469399004992
read_file 1567696634.7909687 1567696634.7931414 bigbrain_2307_2412_2776.nii 140124809602880
increment_file 1567696634.7933269 1567696635.300443 bigbrain_2307_2412_2776.nii 140124809602880
write_file 1567696635.3111873 1567696635.8513155 inc-bigbrain_2307_2412_2776.nii 140124809602880
task_duration 1567696754.7878668 1567696875.9616544 1567696081-tmpfsAD_1it_25cpus_120delay_withpc-0 140124809602880
read_file 1567696634.7824433 1567696634.783856 bigbrain_2307_1809_2776.nii 140490409768768
increment_file 1567696634.7840345 1567696635.2904618 bigbrain_2307_1809_2776.nii 140490409768768
write_file 1567696635.301183 1567696635.843526 inc-bigbrain_2307_1809_2776.nii 140490409768768
task_duration 1567696754.7795696 1567696875.9536226 1567696081-tmpfsAD_1it_25cpus_120delay_withpc-0 140490409768768
read_file 1567696634.7800992 1567696634.7817347 bigbrain_2307_2412_2082.nii 140488865199936
increment_file 1567696634.7819207 1567696635.2661457 bigbrain_2307_2412_2082.nii 140488865199936
write_file 1567696635.2773223 1567696635.7658563 inc-bigbrain_2307_2412_2082.nii 140488865199936
task_duration 1567696754.7767045 1567696875.8759372 1567696081-tmpfsAD_1it_25cpus_120delay_withpc-0 140488865199936
read_file 1567696634.7782624 1567696634.779506 bigbrain_2307_1206_694.nii 140706717079360
increment_file 1567696634.7796836 1567696635.3005648 bigbrain_2307_1206_694.nii 140706717079360
write_file 1567696635.311878 1567696635.918483 inc-bigbrain_2307_1206_694.nii 140706717079360
task_duration 1567696754.776826 1567696876.0219686 1567696081-tmpfsAD_1it_25cpus_120delay_withpc-0 140706717079360
read_file 1567696634.771468 1567696634.7729406 bigbrain_2307_1809_694.nii 139676809959232
increment_file 1567696634.7731018 1567696635.2799876 bigbrain_2307_1809_694.nii 139676809959232
write_file 1567696635.2909942 1567696635.8416052 inc-bigbrain_2307_1809_694.nii 139676809959232
task_duration 1567696754.7681556 1567696875.9487712 1567696081-tmpfsAD_1it_25cpus_120delay_withpc-0 139676809959232
read_file 1567696634.7674756 1567696634.7689643 bigbrain_2307_603_2082.nii 140078690244416
increment_file 1567696634.7691486 1567696635.274869 bigbrain_2307_603_2082.nii 140078690244416
write_file 1567696635.2856157 1567696635.835929 inc-bigbrain_2307_603_2082.nii 140078690244416
task_duration 1567696754.7656798 1567696875.9468482 1567696081-tmpfsAD_1it_25cpus_120delay_withpc-0 140078690244416
read_file 1567696634.7625525 1567696634.7641714 bigbrain_2307_2412_1388.nii 140037288728384
increment_file 1567696634.7643614 1567696635.2372048 bigbrain_2307_2412_1388.nii 140037288728384
write_file 1567696635.2482684 1567696635.741198 inc-bigbrain_2307_2412_1388.nii 140037288728384
task_duration 1567696754.7605643 1567696875.8443902 1567696081-tmpfsAD_1it_25cpus_120delay_withpc-0 140037288728384
read_file 1567696634.7623656 1567696634.7637181 bigbrain_2307_1809_0.nii 140334192977728
increment_file 1567696634.7638912 1567696635.2694812 bigbrain_2307_1809_0.nii 140334192977728
write_file 1567696635.2802439 1567696635.8113465 inc-bigbrain_2307_1809_0.nii 140334192977728
task_duration 1567696754.7595906 1567696875.853725 1567696081-tmpfsAD_1it_25cpus_120delay_withpc-0 140334192977728
read_file 1567696634.7568467 1567696634.7584727 bigbrain_2307_1809_1388.nii 140284102735680
increment_file 1567696634.7586749 1567696635.2641132 bigbrain_2307_1809_1388.nii 140284102735680
write_file 1567696635.274953 1567696635.823932 inc-bigbrain_2307_1809_1388.nii 140284102735680
task_duration 1567696754.7546523 1567696875.934311 1567696081-tmpfsAD_1it_25cpus_120delay_withpc-0 140284102735680
read_file 1567696634.753135 1567696634.7543933 bigbrain_2307_1206_2776.nii 140655507621696
increment_file 1567696634.7545562 1567696635.2574964 bigbrain_2307_1206_2776.nii 140655507621696
write_file 1567696635.2681255 1567696635.8213003 inc-bigbrain_2307_1206_2776.nii 140655507621696
task_duration 1567696754.7512088 1567696875.9246032 1567696081-tmpfsAD_1it_25cpus_120delay_withpc-0 140655507621696
read_file 1567696634.7514343 1567696634.7529259 bigbrain_2307_2412_0.nii 140645227788096
increment_file 1567696634.7531168 1567696635.2229733 bigbrain_2307_2412_0.nii 140645227788096
write_file 1567696635.2341275 1567696635.7098029 inc-bigbrain_2307_2412_0.nii 140645227788096
task_duration 1567696754.7495897 1567696875.8208668 1567696081-tmpfsAD_1it_25cpus_120delay_withpc-0 140645227788096
read_file 1567696634.7317722 1567696634.7329597 bigbrain_2307_1206_2082.nii 140330423887680
increment_file 1567696634.7331138 1567696635.228517 bigbrain_2307_1206_2082.nii 140330423887680
write_file 1567696635.239525 1567696635.791114 inc-bigbrain_2307_1206_2082.nii 140330423887680
task_duration 1567696754.728833 1567696875.895298 1567696081-tmpfsAD_1it_25cpus_120delay_withpc-0 140330423887680
read_file 1567696634.7049682 1567696634.7069826 bigbrain_2307_1206_0.nii 139879951005504
increment_file 1567696634.7072244 1567696635.1626706 bigbrain_2307_1206_0.nii 139879951005504
write_file 1567696635.174123 1567696635.6461387 inc-bigbrain_2307_1206_0.nii 139879951005504
task_duration 1567696754.7023304 1567696875.7559402 1567696081-tmpfsAD_1it_25cpus_120delay_withpc-0 139879951005504
read_file 1567696634.6792786 1567696634.680441 bigbrain_2307_1206_1388.nii 140467884701504
increment_file 1567696634.6805887 1567696635.128607 bigbrain_2307_1206_1388.nii 140467884701504
write_file 1567696635.139851 1567696635.6257634 inc-bigbrain_2307_1206_1388.nii 140467884701504
task_duration 1567696754.6765418 1567696875.7355797 1567696081-tmpfsAD_1it_25cpus_120delay_withpc-0 140467884701504
read_file 1567696634.6655412 1567696634.6673865 bigbrain_2307_1809_2082.nii 139682848061248
increment_file 1567696634.667603 1567696635.1378963 bigbrain_2307_1809_2082.nii 139682848061248
write_file 1567696635.148911 1567696635.7215393 inc-bigbrain_2307_1809_2082.nii 139682848061248
task_duration 1567696754.6630204 1567696875.8257892 1567696081-tmpfsAD_1it_25cpus_120delay_withpc-0 139682848061248
read_file 1567696634.623299 1567696634.6251266 bigbrain_2307_0_694.nii 139894066325312
increment_file 1567696634.625335 1567696635.0614967 bigbrain_2307_0_694.nii 139894066325312
write_file 1567696635.0726428 1567696635.5412555 inc-bigbrain_2307_0_694.nii 139894066325312
task_duration 1567696754.6207988 1567696875.6453598 1567696081-tmpfsAD_1it_25cpus_120delay_withpc-0 139894066325312
read_file 1567696634.3660681 1567696634.367468 bigbrain_2307_0_2776.nii 140146430162752
increment_file 1567696634.3676505 1567696634.753826 bigbrain_2307_0_2776.nii 140146430162752
write_file 1567696634.763576 1567696635.2130144 inc-bigbrain_2307_0_2776.nii 140146430162752
task_duration 1567696754.362786 1567696875.3231275 1567696081-tmpfsAD_1it_25cpus_120delay_withpc-0 140146430162752
read_file 1567696506.6353724 1567696506.637518 bigbrain_1538_2412_694.nii 140269055399744
increment_file 1567696506.6377938 1567696507.1349943 bigbrain_1538_2412_694.nii 140269055399744
write_file 1567696507.1466227 1567696507.6837533 inc-bigbrain_1538_2412_694.nii 140269055399744
task_duration 1567696626.6326876 1567696747.791056 1567696081-tmpfsAD_1it_25cpus_120delay_withpc-0 140269055399744
read_file 1567696506.635198 1567696506.6365516 bigbrain_1538_603_1388.nii 140473176540992
increment_file 1567696506.6367395 1567696507.1438875 bigbrain_1538_603_1388.nii 140473176540992
write_file 1567696507.1542253 1567696507.669999 inc-bigbrain_1538_603_1388.nii 140473176540992
task_duration 1567696626.631773 1567696747.7746577 1567696081-tmpfsAD_1it_25cpus_120delay_withpc-0 140473176540992
read_file 1567696506.633786 1567696506.6357648 bigbrain_1538_1809_2776.nii 139638379919168
increment_file 1567696506.6359422 1567696507.142447 bigbrain_1538_1809_2776.nii 139638379919168
write_file 1567696507.1534088 1567696507.6663353 inc-bigbrain_1538_1809_2776.nii 139638379919168
task_duration 1567696626.6303022 1567696747.6737823 1567696081-tmpfsAD_1it_25cpus_120delay_withpc-0 139638379919168
read_file 1567696506.633616 1567696506.63541 bigbrain_2307_0_0.nii 139729582028608
increment_file 1567696506.635653 1567696507.1351376 bigbrain_2307_0_0.nii 139729582028608
write_file 1567696507.1467528 1567696507.6680944 inc-bigbrain_2307_0_0.nii 139729582028608
task_duration 1567696626.6312504 1567696747.7788057 1567696081-tmpfsAD_1it_25cpus_120delay_withpc-0 139729582028608
read_file 1567696506.6327486 1567696506.6350486 bigbrain_1538_0_694.nii 139804610017088
increment_file 1567696506.6352825 1567696507.1417089 bigbrain_1538_0_694.nii 139804610017088
write_file 1567696507.152432 1567696507.6488345 inc-bigbrain_1538_0_694.nii 139804610017088
task_duration 1567696626.629566 1567696747.759821 1567696081-tmpfsAD_1it_25cpus_120delay_withpc-0 139804610017088
read_file 1567696506.631737 1567696506.6334429 bigbrain_1538_2412_0.nii 140575596955456
increment_file 1567696506.6336458 1567696507.1313646 bigbrain_1538_2412_0.nii 140575596955456
write_file 1567696507.143081 1567696507.6610935 inc-bigbrain_1538_2412_0.nii 140575596955456
task_duration 1567696626.6296656 1567696747.772768 1567696081-tmpfsAD_1it_25cpus_120delay_withpc-0 140575596955456
read_file 1567696506.63174 1567696506.6333845 bigbrain_1538_603_694.nii 140267139000128
increment_file 1567696506.6335778 1567696507.1352139 bigbrain_1538_603_694.nii 140267139000128
write_file 1567696507.1467686 1567696507.6895766 inc-bigbrain_1538_603_694.nii 140267139000128
task_duration 1567696626.6296532 1567696747.7303653 1567696081-tmpfsAD_1it_25cpus_120delay_withpc-0 140267139000128
read_file 1567696506.6317282 1567696506.6333153 bigbrain_1538_1206_694.nii 139693467404096
increment_file 1567696506.6335058 1567696507.1369538 bigbrain_1538_1206_694.nii 139693467404096
write_file 1567696507.1483552 1567696507.6915586 inc-bigbrain_1538_1206_694.nii 139693467404096
task_duration 1567696626.6296306 1567696747.7949207 1567696081-tmpfsAD_1it_25cpus_120delay_withpc-0 139693467404096
read_file 1567696506.6315842 1567696506.6332312 bigbrain_1538_603_2776.nii 140262997632832
increment_file 1567696506.63341 1567696507.1357517 bigbrain_1538_603_2776.nii 140262997632832
write_file 1567696507.1473064 1567696507.6870213 inc-bigbrain_1538_603_2776.nii 140262997632832
task_duration 1567696626.6296139 1567696747.7919736 1567696081-tmpfsAD_1it_25cpus_120delay_withpc-0 140262997632832
read_file 1567696506.629607 1567696506.6308057 bigbrain_1538_603_2082.nii 139942792472384
increment_file 1567696506.630938 1567696507.1330283 bigbrain_1538_603_2082.nii 139942792472384
write_file 1567696507.144524 1567696507.687013 inc-bigbrain_1538_603_2082.nii 139942792472384
task_duration 1567696626.6269357 1567696747.720358 1567696081-tmpfsAD_1it_25cpus_120delay_withpc-0 139942792472384
read_file 1567696506.6289864 1567696506.630399 bigbrain_1538_1809_2082.nii 139868022011712
increment_file 1567696506.6305554 1567696507.128117 bigbrain_1538_1809_2082.nii 139868022011712
write_file 1567696507.1396484 1567696507.6823783 inc-bigbrain_1538_1809_2082.nii 139868022011712
task_duration 1567696626.6256826 1567696747.7944088 1567696081-tmpfsAD_1it_25cpus_120delay_withpc-0 139868022011712
read_file 1567696506.62876 1567696506.630191 bigbrain_1538_2412_2776.nii 139807712417600
increment_file 1567696506.630329 1567696507.131384 bigbrain_1538_2412_2776.nii 139807712417600
write_file 1567696507.1428993 1567696507.6841447 inc-bigbrain_1538_2412_2776.nii 139807712417600
task_duration 1567696626.6255436 1567696747.7964818 1567696081-tmpfsAD_1it_25cpus_120delay_withpc-0 139807712417600
read_file 1567696506.62818 1567696506.6298916 bigbrain_1538_1809_1388.nii 140675234043712
increment_file 1567696506.630047 1567696507.1278393 bigbrain_1538_1809_1388.nii 140675234043712
write_file 1567696507.1392922 1567696507.6762414 inc-bigbrain_1538_1809_1388.nii 140675234043712
task_duration 1567696626.6249208 1567696747.7884183 1567696081-tmpfsAD_1it_25cpus_120delay_withpc-0 140675234043712
read_file 1567696506.6256218 1567696506.6270258 bigbrain_1538_1809_0.nii 140564825745216
increment_file 1567696506.6272 1567696507.1376894 bigbrain_1538_1809_0.nii 140564825745216
write_file 1567696507.1490667 1567696507.645744 inc-bigbrain_1538_1809_0.nii 140564825745216
task_duration 1567696626.6232584 1567696747.7498295 1567696081-tmpfsAD_1it_25cpus_120delay_withpc-0 140564825745216
read_file 1567696506.6210954 1567696506.6226192 bigbrain_1538_1809_694.nii 140166314854208
increment_file 1567696506.6227834 1567696507.1196096 bigbrain_1538_1809_694.nii 140166314854208
write_file 1567696507.1307921 1567696507.674864 inc-bigbrain_1538_1809_694.nii 140166314854208
task_duration 1567696626.6190941 1567696747.7256927 1567696081-tmpfsAD_1it_25cpus_120delay_withpc-0 140166314854208
read_file 1567696506.6193566 1567696506.6206195 bigbrain_2307_0_1388.nii 139740162275136
increment_file 1567696506.620765 1567696507.1155248 bigbrain_2307_0_1388.nii 139740162275136
write_file 1567696507.12658 1567696507.6474953 inc-bigbrain_2307_0_1388.nii 139740162275136
task_duration 1567696626.617474 1567696747.7592034 1567696081-tmpfsAD_1it_25cpus_120delay_withpc-0 139740162275136
read_file 1567696506.6182473 1567696506.6195207 bigbrain_1538_2412_2082.nii 140475407992640
increment_file 1567696506.6196918 1567696507.120288 bigbrain_1538_2412_2082.nii 140475407992640
write_file 1567696507.1314547 1567696507.6763234 inc-bigbrain_1538_2412_2082.nii 140475407992640
task_duration 1567696626.6151555 1567696747.788142 1567696081-tmpfsAD_1it_25cpus_120delay_withpc-0 140475407992640
read_file 1567696506.6138203 1567696506.6155477 bigbrain_1538_0_2776.nii 140207311091520
increment_file 1567696506.6157432 1567696507.1209493 bigbrain_1538_0_2776.nii 140207311091520
write_file 1567696507.132149 1567696507.6355746 inc-bigbrain_1538_0_2776.nii 140207311091520
task_duration 1567696626.6104155 1567696747.7400792 1567696081-tmpfsAD_1it_25cpus_120delay_withpc-0 140207311091520
read_file 1567696506.6136756 1567696506.6155 bigbrain_1538_1206_2082.nii 140675173697344
increment_file 1567696506.6157084 1567696507.121447 bigbrain_1538_1206_2082.nii 140675173697344
write_file 1567696507.1325874 1567696507.653804 inc-bigbrain_1538_1206_2082.nii 140675173697344
task_duration 1567696626.6102388 1567696747.7584958 1567696081-tmpfsAD_1it_25cpus_120delay_withpc-0 140675173697344
read_file 1567696506.6018105 1567696506.604049 bigbrain_1538_603_0.nii 140440064366400
increment_file 1567696506.6043046 1567696507.1130323 bigbrain_1538_603_0.nii 140440064366400
write_file 1567696507.1237335 1567696507.648423 inc-bigbrain_1538_603_0.nii 140440064366400
task_duration 1567696626.5983083 1567696747.7590492 1567696081-tmpfsAD_1it_25cpus_120delay_withpc-0 140440064366400
read_file 1567696506.601677 1567696506.6038222 bigbrain_1538_1206_1388.nii 139816999466816
increment_file 1567696506.6040695 1567696507.1164527 bigbrain_1538_1206_1388.nii 139816999466816
write_file 1567696507.1364572 1567696507.6576984 inc-bigbrain_1538_1206_1388.nii 139816999466816
task_duration 1567696626.5979192 1567696747.7608526 1567696081-tmpfsAD_1it_25cpus_120delay_withpc-0 139816999466816
read_file 1567696506.6016622 1567696506.6038132 bigbrain_1538_2412_1388.nii 140572548761408
increment_file 1567696506.6040568 1567696507.1104841 bigbrain_1538_2412_1388.nii 140572548761408
write_file 1567696507.1207678 1567696507.656912 inc-bigbrain_1538_2412_1388.nii 140572548761408
task_duration 1567696626.5978022 1567696747.7689526 1567696081-tmpfsAD_1it_25cpus_120delay_withpc-0 140572548761408
read_file 1567696506.6016865 1567696506.6037934 bigbrain_1538_1206_2776.nii 139996248381248
increment_file 1567696506.6040382 1567696507.1099253 bigbrain_1538_1206_2776.nii 139996248381248
write_file 1567696507.1202376 1567696507.6577885 inc-bigbrain_1538_1206_2776.nii 139996248381248
task_duration 1567696626.5978346 1567696747.7692487 1567696081-tmpfsAD_1it_25cpus_120delay_withpc-0 139996248381248
read_file 1567696506.6016362 1567696506.603721 bigbrain_2307_0_2082.nii 139681926436672
increment_file 1567696506.6039526 1567696507.1093333 bigbrain_2307_0_2082.nii 139681926436672
write_file 1567696507.1197853 1567696507.6320002 inc-bigbrain_2307_0_2082.nii 139681926436672
task_duration 1567696626.5978346 1567696747.740469 1567696081-tmpfsAD_1it_25cpus_120delay_withpc-0 139681926436672
read_file 1567696506.6014833 1567696506.6035664 bigbrain_1538_1206_0.nii 140209650214720
increment_file 1567696506.6038287 1567696507.1098046 bigbrain_1538_1206_0.nii 140209650214720
write_file 1567696507.120442 1567696507.6336372 inc-bigbrain_1538_1206_0.nii 140209650214720
task_duration 1567696626.5976284 1567696747.744593 1567696081-tmpfsAD_1it_25cpus_120delay_withpc-0 140209650214720
