read_file 1567691544.2924995 1567691544.293981 bigbrain_1538_2412_2082.nii 140278976358208
increment_file 1567691544.29424 1567691544.7220447 bigbrain_1538_2412_2082.nii 140278976358208
write_file 1567691544.7317605 1567691545.2896502 inc-bigbrain_1538_2412_2082.nii 140278976358208
task_duration 1567691664.2905881 1567691785.3946235 1567691156-localAD_1it_25cpus_120delay_withpc-0 140278976358208
read_file 1567691544.2950017 1567691544.2966707 bigbrain_1538_2412_694.nii 140603976030016
increment_file 1567691544.2969244 1567691544.6922185 bigbrain_1538_2412_694.nii 140603976030016
write_file 1567691544.7020342 1567691545.1852236 inc-bigbrain_1538_2412_694.nii 140603976030016
task_duration 1567691664.2928185 1567691785.2899213 1567691156-localAD_1it_25cpus_120delay_withpc-0 140603976030016
read_file 1567691544.2733004 1567691544.3389955 bigbrain_1538_1206_0.nii 139666175833920
increment_file 1567691544.3393254 1567691577.9142313 bigbrain_1538_1206_0.nii 139666175833920
write_file 1567691577.9309745 1567691578.4041395 inc-bigbrain_1538_1206_0.nii 139666175833920
task_duration 1567691664.2700646 1567691818.5088365 1567691156-localAD_1it_25cpus_120delay_withpc-0 139666175833920
read_file 1567691544.2732916 1567691544.3389966 bigbrain_1538_1206_694.nii 139742972286784
increment_file 1567691544.3394206 1567691578.8498302 bigbrain_1538_1206_694.nii 139742972286784
write_file 1567691578.8690267 1567691579.3475716 inc-bigbrain_1538_1206_694.nii 139742972286784
task_duration 1567691664.2701862 1567691819.451331 1567691156-localAD_1it_25cpus_120delay_withpc-0 139742972286784
read_file 1567691544.284097 1567691544.3390086 bigbrain_1538_603_2082.nii 139986989299520
increment_file 1567691544.339453 1567691573.6002069 bigbrain_1538_603_2082.nii 139986989299520
write_file 1567691573.6113355 1567691574.147973 inc-bigbrain_1538_603_2082.nii 139986989299520
task_duration 1567691664.2822213 1567691814.2553666 1567691156-localAD_1it_25cpus_120delay_withpc-0 139986989299520
read_file 1567691544.2821307 1567691544.339039 bigbrain_1538_1809_694.nii 140323216521024
increment_file 1567691544.3395066 1567691579.0565317 bigbrain_1538_1809_694.nii 140323216521024
write_file 1567691579.0744352 1567691579.641121 inc-bigbrain_1538_1809_694.nii 140323216521024
task_duration 1567691664.2790697 1567691819.7460613 1567691156-localAD_1it_25cpus_120delay_withpc-0 140323216521024
read_file 1567691544.2733195 1567691544.3392324 bigbrain_2307_0_1388.nii 139816790923072
increment_file 1567691544.3395636 1567691578.726715 bigbrain_2307_0_1388.nii 139816790923072
write_file 1567691578.7463384 1567691579.2892513 inc-bigbrain_2307_0_1388.nii 139816790923072
task_duration 1567691664.2703454 1567691819.396157 1567691156-localAD_1it_25cpus_120delay_withpc-0 139816790923072
read_file 1567691544.2733 1567691544.339245 bigbrain_1538_603_0.nii 140568648533824
increment_file 1567691544.3396218 1567691579.1028683 bigbrain_1538_603_0.nii 140568648533824
write_file 1567691579.1220708 1567691579.5970058 inc-bigbrain_1538_603_0.nii 140568648533824
task_duration 1567691664.270106 1567691819.7016284 1567691156-localAD_1it_25cpus_120delay_withpc-0 140568648533824
read_file 1567691544.2950966 1567691544.3642256 bigbrain_1538_2412_1388.nii 139798312900416
increment_file 1567691544.3645315 1567691578.4158862 bigbrain_1538_2412_1388.nii 139798312900416
write_file 1567691578.4345767 1567691578.904151 inc-bigbrain_1538_2412_1388.nii 139798312900416
task_duration 1567691664.2926793 1567691819.0089622 1567691156-localAD_1it_25cpus_120delay_withpc-0 139798312900416
read_file 1567691544.2940762 1567691544.3642693 bigbrain_1538_1809_2082.nii 140555153835840
increment_file 1567691544.3645713 1567691578.7923048 bigbrain_1538_1809_2082.nii 140555153835840
write_file 1567691578.8087347 1567691579.2836685 inc-bigbrain_1538_1809_2082.nii 140555153835840
task_duration 1567691664.291971 1567691819.387264 1567691156-localAD_1it_25cpus_120delay_withpc-0 140555153835840
read_file 1567691544.2934856 1567691544.3644998 bigbrain_1538_1206_2082.nii 140581780252480
increment_file 1567691544.3648386 1567691578.596273 bigbrain_1538_1206_2082.nii 140581780252480
write_file 1567691578.6157904 1567691579.0933878 inc-bigbrain_1538_1206_2082.nii 140581780252480
task_duration 1567691664.291496 1567691819.1081643 1567691156-localAD_1it_25cpus_120delay_withpc-0 140581780252480
read_file 1567691544.2922683 1567691544.3645356 bigbrain_2307_0_2082.nii 139709076993856
increment_file 1567691544.364888 1567691579.2340207 bigbrain_2307_0_2082.nii 139709076993856
write_file 1567691579.2528567 1567691579.7368915 inc-bigbrain_2307_0_2082.nii 139709076993856
task_duration 1567691664.2902408 1567691819.840308 1567691156-localAD_1it_25cpus_120delay_withpc-0 139709076993856
read_file 1567691544.2916071 1567691544.3645465 bigbrain_1538_1809_2776.nii 140003602954048
increment_file 1567691544.3649526 1567691579.6433513 bigbrain_1538_1809_2776.nii 140003602954048
write_file 1567691579.660411 1567691580.1315496 inc-bigbrain_1538_1809_2776.nii 140003602954048
task_duration 1567691664.289079 1567691820.2345147 1567691156-localAD_1it_25cpus_120delay_withpc-0 140003602954048
read_file 1567691544.2887387 1567691544.3645594 bigbrain_1538_603_2776.nii 140112838637376
increment_file 1567691544.3650022 1567691578.8394146 bigbrain_1538_603_2776.nii 140112838637376
write_file 1567691578.8586187 1567691579.3370607 inc-bigbrain_1538_603_2776.nii 140112838637376
task_duration 1567691664.2854385 1567691819.4417388 1567691156-localAD_1it_25cpus_120delay_withpc-0 140112838637376
read_file 1567691544.2938616 1567691544.3645582 bigbrain_1538_603_1388.nii 139959533446976
increment_file 1567691544.3650515 1567691576.8977566 bigbrain_1538_603_1388.nii 139959533446976
write_file 1567691576.9150846 1567691577.385151 inc-bigbrain_1538_603_1388.nii 139959533446976
task_duration 1567691664.2918541 1567691817.490438 1567691156-localAD_1it_25cpus_120delay_withpc-0 139959533446976
read_file 1567691544.2853644 1567691544.3645592 bigbrain_1538_2412_0.nii 139668905277248
increment_file 1567691544.365105 1567691579.5863996 bigbrain_1538_2412_0.nii 139668905277248
write_file 1567691579.606207 1567691580.0849285 inc-bigbrain_1538_2412_0.nii 139668905277248
task_duration 1567691664.2827666 1567691820.1875436 1567691156-localAD_1it_25cpus_120delay_withpc-0 139668905277248
read_file 1567691544.2916248 1567691544.3646207 bigbrain_1538_1809_0.nii 140422401374016
increment_file 1567691544.3651552 1567691579.51485 bigbrain_1538_1809_0.nii 140422401374016
write_file 1567691579.5353513 1567691580.0162563 inc-bigbrain_1538_1809_0.nii 140422401374016
task_duration 1567691664.2891207 1567691820.1219275 1567691156-localAD_1it_25cpus_120delay_withpc-0 140422401374016
read_file 1567691544.2932189 1567691544.371192 bigbrain_1538_1206_2776.nii 140545551796032
increment_file 1567691544.371518 1567691577.2110138 bigbrain_1538_1206_2776.nii 140545551796032
write_file 1567691577.2306795 1567691577.691368 inc-bigbrain_1538_1206_2776.nii 140545551796032
task_duration 1567691664.2908833 1567691817.796861 1567691156-localAD_1it_25cpus_120delay_withpc-0 140545551796032
read_file 1567691544.2916734 1567691544.3712397 bigbrain_1538_2412_2776.nii 140215987238720
increment_file 1567691544.3715754 1567691579.2105436 bigbrain_1538_2412_2776.nii 140215987238720
write_file 1567691579.2313435 1567691579.7104905 inc-bigbrain_1538_2412_2776.nii 140215987238720
task_duration 1567691664.2892988 1567691819.814239 1567691156-localAD_1it_25cpus_120delay_withpc-0 140215987238720
read_file 1567691544.2922957 1567691544.3712614 bigbrain_1538_603_694.nii 140359148472128
increment_file 1567691544.3716378 1567691577.955607 bigbrain_1538_603_694.nii 140359148472128
write_file 1567691577.9767048 1567691578.4539807 inc-bigbrain_1538_603_694.nii 140359148472128
task_duration 1567691664.2902544 1567691818.5597055 1567691156-localAD_1it_25cpus_120delay_withpc-0 140359148472128
read_file 1567691544.2963939 1567691544.3712904 bigbrain_1538_0_694.nii 139908850816832
increment_file 1567691544.3716977 1567691579.0908751 bigbrain_1538_0_694.nii 139908850816832
write_file 1567691579.105578 1567691579.644292 inc-bigbrain_1538_0_694.nii 139908850816832
task_duration 1567691664.294228 1567691819.7486506 1567691156-localAD_1it_25cpus_120delay_withpc-0 139908850816832
read_file 1567691544.292415 1567691544.371302 bigbrain_1538_1809_1388.nii 140545440450368
increment_file 1567691544.371761 1567691578.2079816 bigbrain_1538_1809_1388.nii 140545440450368
write_file 1567691578.2291152 1567691578.702524 inc-bigbrain_1538_1809_1388.nii 140545440450368
task_duration 1567691664.2903602 1567691818.8116374 1567691156-localAD_1it_25cpus_120delay_withpc-0 140545440450368
read_file 1567691544.2910435 1567691544.371303 bigbrain_1538_0_2776.nii 140179494381376
increment_file 1567691544.3718066 1567691577.8836255 bigbrain_1538_0_2776.nii 140179494381376
write_file 1567691577.9031715 1567691578.3898401 inc-bigbrain_1538_0_2776.nii 140179494381376
task_duration 1567691664.28787 1567691818.495944 1567691156-localAD_1it_25cpus_120delay_withpc-0 140179494381376
read_file 1567691544.2951586 1567691544.3713303 bigbrain_2307_0_0.nii 139972841125696
increment_file 1567691544.3718565 1567691579.3409095 bigbrain_2307_0_0.nii 139972841125696
write_file 1567691579.3574216 1567691579.8374941 inc-bigbrain_2307_0_0.nii 139972841125696
task_duration 1567691664.292708 1567691819.9425175 1567691156-localAD_1it_25cpus_120delay_withpc-0 139972841125696
read_file 1567691544.2950926 1567691544.3957388 bigbrain_1538_1206_1388.nii 140168831637312
increment_file 1567691544.3960612 1567691580.4978426 bigbrain_1538_1206_1388.nii 140168831637312
write_file 1567691580.5176282 1567691580.98845 inc-bigbrain_1538_1206_1388.nii 140168831637312
task_duration 1567691664.2930377 1567691821.0926478 1567691156-localAD_1it_25cpus_120delay_withpc-0 140168831637312
read_file 1567691666.2654655 1567691666.2681391 bigbrain_2307_0_694.nii 140648664221504
increment_file 1567691666.2684743 1567691668.6285174 bigbrain_2307_0_694.nii 140648664221504
write_file 1567691668.6446288 1567691669.1436672 inc-bigbrain_2307_0_694.nii 140648664221504
task_duration 1567691786.2633808 1567691909.2478316 1567691156-localAD_1it_25cpus_120delay_withpc-0 140648664221504
read_file 1567691666.2668846 1567691666.2686393 bigbrain_2307_0_2776.nii 139999786084160
increment_file 1567691666.2689042 1567691668.625239 bigbrain_2307_0_2776.nii 139999786084160
write_file 1567691668.6417503 1567691669.1177871 inc-bigbrain_2307_0_2776.nii 139999786084160
task_duration 1567691786.2649748 1567691909.222722 1567691156-localAD_1it_25cpus_120delay_withpc-0 139999786084160
read_file 1567691695.1789553 1567691695.1815703 bigbrain_2307_1206_0.nii 139675457988416
increment_file 1567691695.1819222 1567691696.4400773 bigbrain_2307_1206_0.nii 139675457988416
write_file 1567691696.451381 1567691696.9136574 inc-bigbrain_2307_1206_0.nii 139675457988416
task_duration 1567691815.1771708 1567691936.9288054 1567691156-localAD_1it_25cpus_120delay_withpc-0 139675457988416
read_file 1567691698.2922368 1567691698.2948275 bigbrain_2307_1206_1388.nii 140331697137472
increment_file 1567691698.2951567 1567691702.605613 bigbrain_2307_1206_1388.nii 140331697137472
write_file 1567691702.6286376 1567691703.1035614 inc-bigbrain_2307_1206_1388.nii 140331697137472
task_duration 1567691818.2900002 1567691943.2104087 1567691156-localAD_1it_25cpus_120delay_withpc-0 140331697137472
read_file 1567691698.6401188 1567691698.6539853 bigbrain_2307_1206_2082.nii 140445805279040
increment_file 1567691698.6542249 1567691711.3404255 bigbrain_2307_1206_2082.nii 140445805279040
write_file 1567691711.3605714 1567691711.8266196 inc-bigbrain_2307_1206_2082.nii 140445805279040
task_duration 1567691818.6372313 1567691951.9383159 1567691156-localAD_1it_25cpus_120delay_withpc-0 140445805279040
read_file 1567691700.4945424 1567691700.5999994 bigbrain_2307_1206_2776.nii 140122211264320
increment_file 1567691700.600362 1567691726.476529 bigbrain_2307_1206_2776.nii 140122211264320
write_file 1567691726.495835 1567691726.9678118 inc-bigbrain_2307_1206_2776.nii 140122211264320
task_duration 1567691820.4918404 1567691967.0712497 1567691156-localAD_1it_25cpus_120delay_withpc-0 140122211264320
read_file 1567691700.6862907 1567691700.8323545 bigbrain_2307_1206_694.nii 140456305608512
increment_file 1567691700.8325822 1567691723.9604008 bigbrain_2307_1206_694.nii 140456305608512
write_file 1567691723.9800913 1567691724.5876265 inc-bigbrain_2307_1206_694.nii 140456305608512
task_duration 1567691820.6845763 1567691964.6919909 1567691156-localAD_1it_25cpus_120delay_withpc-0 140456305608512
read_file 1567691700.8875692 1567691700.9389439 bigbrain_2307_1809_0.nii 140581672699712
increment_file 1567691700.9391155 1567691723.8883293 bigbrain_2307_1809_0.nii 140581672699712
write_file 1567691723.9066405 1567691724.4025126 inc-bigbrain_2307_1809_0.nii 140581672699712
task_duration 1567691820.885852 1567691964.5161448 1567691156-localAD_1it_25cpus_120delay_withpc-0 140581672699712
read_file 1567691701.862178 1567691702.0915337 bigbrain_2307_1809_1388.nii 140040868616000
increment_file 1567691702.0919516 1567691724.4959006 bigbrain_2307_1809_1388.nii 140040868616000
write_file 1567691724.5162213 1567691725.0272834 inc-bigbrain_2307_1809_1388.nii 140040868616000
task_duration 1567691821.8602853 1567691965.0545526 1567691156-localAD_1it_25cpus_120delay_withpc-0 140040868616000
read_file 1567691702.7037575 1567691702.86637 bigbrain_2307_1809_2082.nii 139676231100224
increment_file 1567691702.8667574 1567691726.9502947 bigbrain_2307_1809_2082.nii 139676231100224
write_file 1567691726.967364 1567691727.4583552 inc-bigbrain_2307_1809_2082.nii 139676231100224
task_duration 1567691822.7017303 1567691967.5615082 1567691156-localAD_1it_25cpus_120delay_withpc-0 139676231100224
read_file 1567691702.8938918 1567691703.1583025 bigbrain_2307_1809_2776.nii 139724851218240
increment_file 1567691703.1586883 1567691726.4331348 bigbrain_2307_1809_2776.nii 139724851218240
write_file 1567691726.450523 1567691727.0106719 inc-bigbrain_2307_1809_2776.nii 139724851218240
task_duration 1567691822.891157 1567691967.1153834 1567691156-localAD_1it_25cpus_120delay_withpc-0 139724851218240
read_file 1567691703.6122656 1567691703.7341776 bigbrain_2307_2412_0.nii 139729737430848
increment_file 1567691703.7345703 1567691727.0706027 bigbrain_2307_2412_0.nii 139729737430848
write_file 1567691727.085507 1567691727.5976508 inc-bigbrain_2307_2412_0.nii 139729737430848
task_duration 1567691823.610289 1567691967.700446 1567691156-localAD_1it_25cpus_120delay_withpc-0 139729737430848
read_file 1567691703.6355934 1567691703.780236 bigbrain_2307_1809_694.nii 140384071522112
increment_file 1567691703.7805839 1567691726.7999058 bigbrain_2307_1809_694.nii 140384071522112
write_file 1567691726.8124177 1567691727.346003 inc-bigbrain_2307_1809_694.nii 140384071522112
task_duration 1567691823.6329052 1567691967.451888 1567691156-localAD_1it_25cpus_120delay_withpc-0 140384071522112
read_file 1567691703.6434572 1567691703.780349 bigbrain_2307_2412_1388.nii 139718170318656
increment_file 1567691703.7807066 1567691726.6860662 bigbrain_2307_2412_1388.nii 139718170318656
write_file 1567691726.706245 1567691727.186987 inc-bigbrain_2307_2412_1388.nii 139718170318656
task_duration 1567691823.6413605 1567691967.2912307 1567691156-localAD_1it_25cpus_120delay_withpc-0 139718170318656
read_file 1567691703.6740236 1567691703.7803547 bigbrain_2307_2412_2082.nii 140423056332608
increment_file 1567691703.7807837 1567691725.970192 bigbrain_2307_2412_2082.nii 140423056332608
write_file 1567691725.9899142 1567691726.4475026 inc-bigbrain_2307_2412_2082.nii 140423056332608
task_duration 1567691823.6718507 1567691966.5513966 1567691156-localAD_1it_25cpus_120delay_withpc-0 140423056332608
read_file 1567691703.9501321 1567691703.952236 bigbrain_2307_2412_694.nii 140390083221312
increment_file 1567691703.952569 1567691704.3146973 bigbrain_2307_2412_694.nii 140390083221312
write_file 1567691704.3240535 1567691704.788009 inc-bigbrain_2307_2412_694.nii 140390083221312
task_duration 1567691823.9471183 1567691944.9018106 1567691156-localAD_1it_25cpus_120delay_withpc-0 140390083221312
read_file 1567691703.9174137 1567691703.9901502 bigbrain_2307_2412_2776.nii 140398956631872
increment_file 1567691703.9904053 1567691726.592086 bigbrain_2307_2412_2776.nii 140398956631872
write_file 1567691726.6053007 1567691727.160872 inc-bigbrain_2307_2412_2776.nii 140398956631872
task_duration 1567691823.914219 1567691967.268946 1567691156-localAD_1it_25cpus_120delay_withpc-0 140398956631872
read_file 1567691703.9988737 1567691704.00023 bigbrain_2307_603_1388.nii 139777466136384
increment_file 1567691704.000419 1567691704.3749576 bigbrain_2307_603_1388.nii 139777466136384
write_file 1567691704.384376 1567691704.8376343 inc-bigbrain_2307_603_1388.nii 139777466136384
task_duration 1567691823.995593 1567691944.948855 1567691156-localAD_1it_25cpus_120delay_withpc-0 139777466136384
read_file 1567691703.9624119 1567691704.1020935 bigbrain_2307_603_0.nii 140003791157056
increment_file 1567691704.1024885 1567691726.6148837 bigbrain_2307_603_0.nii 140003791157056
write_file 1567691726.6319218 1567691727.1209626 inc-bigbrain_2307_603_0.nii 140003791157056
task_duration 1567691823.961064 1567691967.2304223 1567691156-localAD_1it_25cpus_120delay_withpc-0 140003791157056
read_file 1567691703.9918582 1567691704.1105556 bigbrain_2307_603_2082.nii 139957179397952
increment_file 1567691704.1109211 1567691727.0079272 bigbrain_2307_603_2082.nii 139957179397952
write_file 1567691727.0272036 1567691727.5164416 inc-bigbrain_2307_603_2082.nii 139957179397952
task_duration 1567691823.989872 1567691967.619347 1567691156-localAD_1it_25cpus_120delay_withpc-0 139957179397952
read_file 1567691704.060553 1567691704.1105728 bigbrain_2307_603_2776.nii 139667878057792
increment_file 1567691704.1109967 1567691726.8328 bigbrain_2307_603_2776.nii 139667878057792
write_file 1567691726.8492293 1567691727.34667 inc-bigbrain_2307_603_2776.nii 139667878057792
task_duration 1567691824.0582738 1567691967.456892 1567691156-localAD_1it_25cpus_120delay_withpc-0 139667878057792
read_file 1567691704.1263037 1567691704.294776 bigbrain_3076_0_1388.nii 139727629842240
increment_file 1567691704.2951412 1567691725.5431678 bigbrain_3076_0_1388.nii 139727629842240
write_file 1567691725.5593925 1567691726.0358162 inc-bigbrain_3076_0_1388.nii 139727629842240
task_duration 1567691824.1242507 1567691966.0543535 1567691156-localAD_1it_25cpus_120delay_withpc-0 139727629842240
read_file 1567691704.0930216 1567691704.295043 bigbrain_2307_603_694.nii 140024825980736
increment_file 1567691704.295418 1567691726.6857545 bigbrain_2307_603_694.nii 140024825980736
write_file 1567691726.7027404 1567691727.2014751 inc-bigbrain_2307_603_694.nii 140024825980736
task_duration 1567691824.0910408 1567691967.3055933 1567691156-localAD_1it_25cpus_120delay_withpc-0 140024825980736
read_file 1567691704.2167928 1567691704.3454015 bigbrain_3076_0_2082.nii 139952054097728
increment_file 1567691704.3457787 1567691726.8654325 bigbrain_3076_0_2082.nii 139952054097728
write_file 1567691726.8829315 1567691727.3628404 inc-bigbrain_3076_0_2082.nii 139952054097728
task_duration 1567691824.2154384 1567691967.4671466 1567691156-localAD_1it_25cpus_120delay_withpc-0 139952054097728
read_file 1567691704.1260905 1567691704.3456147 bigbrain_3076_0_0.nii 140198776186688
increment_file 1567691704.3459566 1567691727.0100799 bigbrain_3076_0_0.nii 140198776186688
write_file 1567691727.030644 1567691727.502726 inc-bigbrain_3076_0_0.nii 140198776186688
task_duration 1567691824.1239002 1567691967.6057923 1567691156-localAD_1it_25cpus_120delay_withpc-0 140198776186688
read_file 1567691791.2374992 1567691791.3126428 bigbrain_3076_0_2776.nii 140389422896960
increment_file 1567691791.3130138 1567691798.1311357 bigbrain_3076_0_2776.nii 140389422896960
write_file 1567691798.1487384 1567691798.6192486 inc-bigbrain_3076_0_2776.nii 140389422896960
task_duration 1567691911.2354 1567692038.6378953 1567691156-localAD_1it_25cpus_120delay_withpc-0 140389422896960
read_file 1567691791.2393374 1567691791.3127155 bigbrain_3076_0_694.nii 139870969960256
increment_file 1567691791.3130898 1567691798.185496 bigbrain_3076_0_694.nii 139870969960256
write_file 1567691798.2025213 1567691798.6659536 inc-bigbrain_3076_0_694.nii 139870969960256
task_duration 1567691911.2368503 1567692038.775122 1567691156-localAD_1it_25cpus_120delay_withpc-0 139870969960256
read_file 1567691817.7423894 1567691817.7449224 bigbrain_3076_1206_0.nii 140152982468416
increment_file 1567691817.7452352 1567691818.9568615 bigbrain_3076_1206_0.nii 140152982468416
write_file 1567691818.9683485 1567691819.4218328 inc-bigbrain_3076_1206_0.nii 140152982468416
task_duration 1567691937.7409627 1567692059.531398 1567691156-localAD_1it_25cpus_120delay_withpc-0 140152982468416
read_file 1567691823.972748 1567691823.9753833 bigbrain_3076_1206_1388.nii 139970685876032
increment_file 1567691823.975733 1567691825.2044125 bigbrain_3076_1206_1388.nii 139970685876032
write_file 1567691825.2179816 1567691825.6968718 inc-bigbrain_3076_1206_1388.nii 139970685876032
task_duration 1567691943.970514 1567692065.8019376 1567691156-localAD_1it_25cpus_120delay_withpc-0 139970685876032
read_file 1567691825.7463577 1567691825.749064 bigbrain_3076_1206_2776.nii 140231087888192
increment_file 1567691825.749394 1567691828.069126 bigbrain_3076_1206_2776.nii 140231087888192
write_file 1567691828.0882313 1567691828.559224 inc-bigbrain_3076_1206_2776.nii 140231087888192
task_duration 1567691945.7444634 1567692068.6644843 1567691156-localAD_1it_25cpus_120delay_withpc-0 140231087888192
read_file 1567691825.7922368 1567691825.803378 bigbrain_3076_1206_2082.nii 139976470648640
increment_file 1567691825.8035693 1567691828.1119819 bigbrain_3076_1206_2082.nii 139976470648640
write_file 1567691828.121849 1567691828.599183 inc-bigbrain_3076_1206_2082.nii 139976470648640
task_duration 1567691945.7898386 1567692068.708496 1567691156-localAD_1it_25cpus_120delay_withpc-0 139976470648640
read_file 1567691832.6855102 1567691832.7598085 bigbrain_3076_1206_694.nii 140276794193728
increment_file 1567691832.7601511 1567691837.8390455 bigbrain_3076_1206_694.nii 140276794193728
write_file 1567691837.8503203 1567691838.3145206 inc-bigbrain_3076_1206_694.nii 140276794193728
task_duration 1567691952.6833272 1567692078.4193826 1567691156-localAD_1it_25cpus_120delay_withpc-0 140276794193728
read_file 1567691845.441296 1567691845.442868 bigbrain_3076_1809_0.nii 139888779003712
increment_file 1567691845.4430718 1567691849.4578524 bigbrain_3076_1809_0.nii 139888779003712
write_file 1567691849.4731221 1567691849.9665902 inc-bigbrain_3076_1809_0.nii 139888779003712
task_duration 1567691965.4397016 1567692090.0561929 1567691156-localAD_1it_25cpus_120delay_withpc-0 139888779003712
read_file 1567691845.5968957 1567691845.6048775 bigbrain_3076_1809_1388.nii 140580752623424
increment_file 1567691845.6050873 1567691850.0178812 bigbrain_3076_1809_1388.nii 140580752623424
write_file 1567691850.0338302 1567691850.5619786 inc-bigbrain_3076_1809_1388.nii 140580752623424
task_duration 1567691965.594195 1567692090.667972 1567691156-localAD_1it_25cpus_120delay_withpc-0 140580752623424
read_file 1567691845.9446368 1567691845.9733438 bigbrain_3076_1809_2082.nii 140360783365952
increment_file 1567691845.9737148 1567691850.7834234 bigbrain_3076_1809_2082.nii 140360783365952
write_file 1567691850.8031077 1567691851.2747772 inc-bigbrain_3076_1809_2082.nii 140360783365952
task_duration 1567691965.9432943 1567692091.2934034 1567691156-localAD_1it_25cpus_120delay_withpc-0 140360783365952
read_file 1567691846.8440578 1567691846.8890924 bigbrain_3076_1809_2776.nii 140586295129920
increment_file 1567691846.8893268 1567691858.6440818 bigbrain_3076_1809_2776.nii 140586295129920
write_file 1567691858.6635785 1567691859.1385112 inc-bigbrain_3076_1809_2776.nii 140586295129920
task_duration 1567691966.8421893 1567692099.2481096 1567691156-localAD_1it_25cpus_120delay_withpc-0 140586295129920
read_file 1567691847.30792 1567691847.351945 bigbrain_3076_1809_694.nii 140440884700992
increment_file 1567691847.3522875 1567691861.4751873 bigbrain_3076_1809_694.nii 140440884700992
write_file 1567691861.494776 1567691861.9626746 inc-bigbrain_3076_1809_694.nii 140440884700992
task_duration 1567691967.3061247 1567692102.0547676 1567691156-localAD_1it_25cpus_120delay_withpc-0 140440884700992
read_file 1567691850.2931428 1567691850.3414052 bigbrain_3076_2412_1388.nii 140465222395712
increment_file 1567691850.3416824 1567691877.7522454 bigbrain_3076_2412_1388.nii 140465222395712
write_file 1567691877.774497 1567691878.2429876 inc-bigbrain_3076_2412_1388.nii 140465222395712
task_duration 1567691970.2898765 1567692118.3481653 1567691156-localAD_1it_25cpus_120delay_withpc-0 140465222395712
read_file 1567691850.3103547 1567691850.3516119 bigbrain_3076_2412_0.nii 140155068032832
increment_file 1567691850.3519504 1567691878.9214756 bigbrain_3076_2412_0.nii 140155068032832
write_file 1567691878.9389591 1567691879.4151945 inc-bigbrain_3076_2412_0.nii 140155068032832
task_duration 1567691970.307485 1567692119.5248263 1567691156-localAD_1it_25cpus_120delay_withpc-0 140155068032832
read_file 1567691850.4963558 1567691850.52977 bigbrain_3076_2412_2082.nii 140223864530752
increment_file 1567691850.5302463 1567691878.9449196 bigbrain_3076_2412_2082.nii 140223864530752
write_file 1567691878.957713 1567691879.4291534 inc-bigbrain_3076_2412_2082.nii 140223864530752
task_duration 1567691970.4937136 1567692119.5355556 1567691156-localAD_1it_25cpus_120delay_withpc-0 140223864530752
read_file 1567691850.5781078 1567691850.7294827 bigbrain_3076_2412_2776.nii 140064580790080
increment_file 1567691850.7298937 1567691877.0798025 bigbrain_3076_2412_2776.nii 140064580790080
write_file 1567691877.0992286 1567691877.5689223 inc-bigbrain_3076_2412_2776.nii 140064580790080
task_duration 1567691970.5760784 1567692117.6748462 1567691156-localAD_1it_25cpus_120delay_withpc-0 140064580790080
read_file 1567691850.6372113 1567691850.811313 bigbrain_3076_2412_694.nii 140708917528384
increment_file 1567691850.811546 1567691879.5949082 bigbrain_3076_2412_694.nii 140708917528384
write_file 1567691879.6144345 1567691880.088418 inc-bigbrain_3076_2412_694.nii 140708917528384
task_duration 1567691970.6340292 1567692120.1920967 1567691156-localAD_1it_25cpus_120delay_withpc-0 140708917528384
read_file 1567691850.8239603 1567691850.884654 bigbrain_3076_603_1388.nii 139775976212288
increment_file 1567691850.8849523 1567691879.6400661 bigbrain_3076_603_1388.nii 139775976212288
write_file 1567691879.658303 1567691880.1407216 inc-bigbrain_3076_603_1388.nii 139775976212288
task_duration 1567691970.822102 1567692120.2454484 1567691156-localAD_1it_25cpus_120delay_withpc-0 139775976212288
read_file 1567691850.6977224 1567691850.9050882 bigbrain_3076_603_0.nii 140568983934784
increment_file 1567691850.9054468 1567691879.8709412 bigbrain_3076_603_0.nii 140568983934784
write_file 1567691879.8899386 1567691880.3838575 inc-bigbrain_3076_603_0.nii 140568983934784
task_duration 1567691970.694471 1567692120.4866993 1567691156-localAD_1it_25cpus_120delay_withpc-0 140568983934784
read_file 1567691850.8203065 1567691850.9344065 bigbrain_3076_603_2082.nii 140257180239680
increment_file 1567691850.9346938 1567691879.8167908 bigbrain_3076_603_2082.nii 140257180239680
write_file 1567691879.8351455 1567691880.307699 inc-bigbrain_3076_603_2082.nii 140257180239680
task_duration 1567691970.8180704 1567692120.4117694 1567691156-localAD_1it_25cpus_120delay_withpc-0 140257180239680
read_file 1567691850.8335176 1567691850.9347584 bigbrain_3076_603_2776.nii 140534590027584
increment_file 1567691850.9350882 1567691878.8928175 bigbrain_3076_603_2776.nii 140534590027584
write_file 1567691878.9103534 1567691879.3804483 inc-bigbrain_3076_603_2776.nii 140534590027584
task_duration 1567691970.8316684 1567692119.4907522 1567691156-localAD_1it_25cpus_120delay_withpc-0 140534590027584
read_file 1567691850.933359 1567691850.9972856 bigbrain_769_0_0.nii 140631245420352
increment_file 1567691850.9976456 1567691879.278118 bigbrain_769_0_0.nii 140631245420352
write_file 1567691879.2940252 1567691879.7614484 inc-bigbrain_769_0_0.nii 140631245420352
task_duration 1567691970.9302912 1567692119.864419 1567691156-localAD_1it_25cpus_120delay_withpc-0 140631245420352
read_file 1567691850.9738495 1567691851.0164711 bigbrain_769_0_2082.nii 140077020682048
increment_file 1567691851.0166972 1567691879.6675174 bigbrain_769_0_2082.nii 140077020682048
write_file 1567691879.684983 1567691880.1553009 inc-bigbrain_769_0_2082.nii 140077020682048
task_duration 1567691970.9713187 1567692120.259051 1567691156-localAD_1it_25cpus_120delay_withpc-0 140077020682048
read_file 1567691850.9559202 1567691851.0264685 bigbrain_769_0_1388.nii 139988092827456
increment_file 1567691851.0267375 1567691878.6898384 bigbrain_769_0_1388.nii 139988092827456
write_file 1567691878.7054763 1567691879.1842039 inc-bigbrain_769_0_1388.nii 139988092827456
task_duration 1567691970.9541776 1567692119.289215 1567691156-localAD_1it_25cpus_120delay_withpc-0 139988092827456
read_file 1567691850.9447298 1567691851.0785136 bigbrain_3076_603_694.nii 140203900475200
increment_file 1567691851.0788395 1567691879.8813276 bigbrain_3076_603_694.nii 140203900475200
write_file 1567691879.8999846 1567691880.3745317 inc-bigbrain_3076_603_694.nii 140203900475200
task_duration 1567691970.9428046 1567692120.478202 1567691156-localAD_1it_25cpus_120delay_withpc-0 140203900475200
read_file 1567691919.7257762 1567691919.7909498 bigbrain_769_0_2776.nii 140218835003200
increment_file 1567691919.7913146 1567691926.3527532 bigbrain_769_0_2776.nii 140218835003200
write_file 1567691926.3681147 1567691926.8311937 inc-bigbrain_769_0_2776.nii 140218835003200
task_duration 1567692039.7232597 1567692166.9371 1567691156-localAD_1it_25cpus_120delay_withpc-0 140218835003200
read_file 1567691919.7281442 1567691919.791054 bigbrain_769_0_694.nii 139901859678016
increment_file 1567691919.791412 1567691926.4001398 bigbrain_769_0_694.nii 139901859678016
write_file 1567691926.4179265 1567691926.869768 inc-bigbrain_769_0_694.nii 139901859678016
task_duration 1567692039.7263937 1567692166.8834546 1567691156-localAD_1it_25cpus_120delay_withpc-0 139901859678016
read_file 1567691940.296194 1567691940.4095275 bigbrain_769_1206_0.nii 139667511289664
increment_file 1567691940.4098754 1567691943.0458767 bigbrain_769_1206_0.nii 139667511289664
write_file 1567691943.0553498 1567691943.5064142 inc-bigbrain_769_1206_0.nii 139667511289664
task_duration 1567692060.2942686 1567692183.6144433 1567691156-localAD_1it_25cpus_120delay_withpc-0 139667511289664
read_file 1567691946.6277537 1567691946.6296391 bigbrain_769_1206_1388.nii 139811614099264
increment_file 1567691946.6298118 1567691947.8605092 bigbrain_769_1206_1388.nii 139811614099264
write_file 1567691947.8696184 1567691948.3280811 inc-bigbrain_769_1206_1388.nii 139811614099264
task_duration 1567692066.625111 1567692188.4395545 1567691156-localAD_1it_25cpus_120delay_withpc-0 139811614099264
read_file 1567691949.5369072 1567691949.5394568 bigbrain_769_1206_2082.nii 140560379737920
increment_file 1567691949.5397956 1567691951.8756037 bigbrain_769_1206_2082.nii 140560379737920
write_file 1567691951.8942006 1567691952.4523795 inc-bigbrain_769_1206_2082.nii 140560379737920
task_duration 1567692069.5346684 1567692192.5655422 1567691156-localAD_1it_25cpus_120delay_withpc-0 140560379737920
read_file 1567691949.5630937 1567691949.5797303 bigbrain_769_1206_2776.nii 140592421947200
increment_file 1567691949.5799356 1567691951.9018738 bigbrain_769_1206_2776.nii 140592421947200
write_file 1567691951.9128478 1567691952.3955727 inc-bigbrain_769_1206_2776.nii 140592421947200
task_duration 1567692069.5616353 1567692192.5011747 1567691156-localAD_1it_25cpus_120delay_withpc-0 140592421947200
read_file 1567691959.239809 1567691959.332769 bigbrain_769_1206_694.nii 140267336808256
increment_file 1567691959.3331003 1567691962.8395905 bigbrain_769_1206_694.nii 140267336808256
write_file 1567691962.8498766 1567691963.3521523 inc-bigbrain_769_1206_694.nii 140267336808256
task_duration 1567692079.2372754 1567692203.4622567 1567691156-localAD_1it_25cpus_120delay_withpc-0 140267336808256
read_file 1567691970.9235635 1567691970.9255786 bigbrain_769_1809_0.nii 140156479088448
increment_file 1567691970.9258175 1567691973.1359637 bigbrain_769_1809_0.nii 140156479088448
write_file 1567691973.1552448 1567691973.615377 inc-bigbrain_769_1809_0.nii 140156479088448
task_duration 1567692090.9216862 1567692213.721025 1567691156-localAD_1it_25cpus_120delay_withpc-0 140156479088448
read_file 1567691971.462478 1567691971.4721594 bigbrain_769_1809_1388.nii 140444551354176
increment_file 1567691971.4724796 1567691974.1799843 bigbrain_769_1809_1388.nii 140444551354176
write_file 1567691974.1975749 1567691974.6627202 inc-bigbrain_769_1809_1388.nii 140444551354176
task_duration 1567692091.460712 1567692214.7683177 1567691156-localAD_1it_25cpus_120delay_withpc-0 140444551354176
read_file 1567691972.0451834 1567691972.0702403 bigbrain_769_1809_2082.nii 139862831294272
increment_file 1567691972.0704772 1567691974.4877157 bigbrain_769_1809_2082.nii 139862831294272
write_file 1567691974.4987304 1567691974.947625 inc-bigbrain_769_1809_2082.nii 139862831294272
task_duration 1567692092.0439594 1567692215.0565715 1567691156-localAD_1it_25cpus_120delay_withpc-0 139862831294272
read_file 1567691980.240537 1567691980.310925 bigbrain_769_1809_2776.nii 140435754714944
increment_file 1567691980.311263 1567691982.9529648 bigbrain_769_1809_2776.nii 140435754714944
write_file 1567691982.9727952 1567691983.419508 inc-bigbrain_769_1809_2776.nii 140435754714944
task_duration 1567692100.2381184 1567692223.5299869 1567691156-localAD_1it_25cpus_120delay_withpc-0 140435754714944
read_file 1567691982.7209466 1567691982.7303467 bigbrain_769_1809_694.nii 139815982606144
increment_file 1567691982.7306921 1567691984.045633 bigbrain_769_1809_694.nii 139815982606144
write_file 1567691984.0549994 1567691984.5042548 inc-bigbrain_769_1809_694.nii 139815982606144
task_duration 1567692102.7196317 1567692224.6160061 1567691156-localAD_1it_25cpus_120delay_withpc-0 139815982606144
read_file 1567691998.5249639 1567691998.5618033 bigbrain_769_2412_0.nii 139687073789760
increment_file 1567691998.5621693 1567692000.4242773 bigbrain_769_2412_0.nii 139687073789760
write_file 1567692000.444277 1567692000.9937983 inc-bigbrain_769_2412_0.nii 139687073789760
task_duration 1567692118.5214808 1567692241.0531912 1567691156-localAD_1it_25cpus_120delay_withpc-0 139687073789760
read_file 1567691999.118915 1567691999.1242304 bigbrain_769_2412_1388.nii 140122803402560
increment_file 1567691999.1245637 1567692001.3457851 bigbrain_769_2412_1388.nii 140122803402560
write_file 1567692001.3652122 1567692001.842318 inc-bigbrain_769_2412_1388.nii 140122803402560
task_duration 1567692119.1169515 1567692241.9485388 1567691156-localAD_1it_25cpus_120delay_withpc-0 140122803402560
read_file 1567692000.6104364 1567692000.6203804 bigbrain_769_2412_2082.nii 140637047592768
increment_file 1567692000.6207376 1567692010.6580315 bigbrain_769_2412_2082.nii 140637047592768
write_file 1567692010.6742766 1567692011.1397023 inc-bigbrain_769_2412_2082.nii 140637047592768
task_duration 1567692120.6086643 1567692251.2492065 1567691156-localAD_1it_25cpus_120delay_withpc-0 140637047592768
read_file 1567692001.1773703 1567692001.200909 bigbrain_769_2412_2776.nii 140308726290240
increment_file 1567692001.201289 1567692014.4150393 bigbrain_769_2412_2776.nii 140308726290240
write_file 1567692014.4307902 1567692014.8924165 inc-bigbrain_769_2412_2776.nii 140308726290240
task_duration 1567692121.1745613 1567692255.0017726 1567691156-localAD_1it_25cpus_120delay_withpc-0 140308726290240
read_file 1567692001.2760768 1567692001.3161957 bigbrain_769_2412_694.nii 140174161053504
increment_file 1567692001.3165753 1567692014.7499979 bigbrain_769_2412_694.nii 140174161053504
write_file 1567692014.7665415 1567692015.2294319 inc-bigbrain_769_2412_694.nii 140174161053504
task_duration 1567692121.27286 1567692255.339833 1567691156-localAD_1it_25cpus_120delay_withpc-0 140174161053504
read_file 1567692001.2864466 1567692001.3467376 bigbrain_769_603_0.nii 140561891252032
increment_file 1567692001.347148 1567692014.8604405 bigbrain_769_603_0.nii 140561891252032
write_file 1567692014.877319 1567692015.329792 inc-bigbrain_769_603_0.nii 140561891252032
task_duration 1567692121.283804 1567692255.4348638 1567691156-localAD_1it_25cpus_120delay_withpc-0 140561891252032
read_file 1567692001.6142914 1567692001.672073 bigbrain_769_603_1388.nii 140173785155392
increment_file 1567692001.672441 1567692015.4301517 bigbrain_769_603_1388.nii 140173785155392
write_file 1567692015.449051 1567692015.9137707 inc-bigbrain_769_603_1388.nii 140173785155392
task_duration 1567692121.6118212 1567692256.0194862 1567691156-localAD_1it_25cpus_120delay_withpc-0 140173785155392
read_file 1567692001.7916896 1567692001.793657 bigbrain_769_603_2082.nii 139843887339328
increment_file 1567692001.7939732 1567692002.1642926 bigbrain_769_603_2082.nii 139843887339328
write_file 1567692002.1733067 1567692002.6296463 inc-bigbrain_769_603_2082.nii 139843887339328
task_duration 1567692121.788986 1567692242.6424742 1567691156-localAD_1it_25cpus_120delay_withpc-0 139843887339328
read_file 1567692001.8461568 1567692001.8821187 bigbrain_769_603_694.nii 139666334451520
increment_file 1567692001.882476 1567692015.6541977 bigbrain_769_603_694.nii 139666334451520
write_file 1567692015.6733272 1567692016.1354165 inc-bigbrain_769_603_694.nii 139666334451520
task_duration 1567692121.8437853 1567692256.240285 1567691156-localAD_1it_25cpus_120delay_withpc-0 139666334451520
read_file 1567692001.82188 1567692001.9331079 bigbrain_769_603_2776.nii 140290171430720
increment_file 1567692001.9333665 1567692015.7055426 bigbrain_769_603_2776.nii 140290171430720
write_file 1567692015.724546 1567692016.1789753 inc-bigbrain_769_603_2776.nii 140290171430720
task_duration 1567692121.819319 1567692256.2913563 1567691156-localAD_1it_25cpus_120delay_withpc-0 140290171430720
