read_file 1567634574.8994834 1567634574.9008784 bigbrain_769_603_694.nii 140234510501696
increment_file 1567634574.9010656 1567634575.3139927 bigbrain_769_603_694.nii 140234510501696
write_file 1567634575.3227425 1567634575.7439735 inc-bigbrain_769_603_694.nii 140234510501696
task_duration 1567634574.8977664 1567634575.7464411 1567634005-tmpfsAD_1it_96cpus_0delay_npc-0 140234510501696
read_file 1567634572.0984435 1567634572.1051362 bigbrain_769_603_2776.nii 140114484623168
increment_file 1567634572.106053 1567634573.4296606 bigbrain_769_603_2776.nii 140114484623168
write_file 1567634573.4565911 1567634574.513145 inc-bigbrain_769_603_2776.nii 140114484623168
task_duration 1567634572.0926201 1567634574.5197296 1567634005-tmpfsAD_1it_96cpus_0delay_npc-0 140114484623168
read_file 1567634572.0706058 1567634572.0903466 bigbrain_3076_603_2082.nii 140000642230080
increment_file 1567634572.0912602 1567634573.807638 bigbrain_3076_603_2082.nii 140000642230080
write_file 1567634573.8345912 1567634575.1616373 inc-bigbrain_3076_603_2082.nii 140000642230080
task_duration 1567634572.064522 1567634575.1647003 1567634005-tmpfsAD_1it_96cpus_0delay_npc-0 140000642230080
read_file 1567634572.0730221 1567634572.0826082 bigbrain_3076_2412_694.nii 140500275517248
increment_file 1567634572.0834057 1567634573.3600302 bigbrain_3076_2412_694.nii 140500275517248
write_file 1567634573.3867755 1567634574.5205858 inc-bigbrain_3076_2412_694.nii 140500275517248
task_duration 1567634572.0644343 1567634574.5387483 1567634005-tmpfsAD_1it_96cpus_0delay_npc-0 140500275517248
read_file 1567634572.0761554 1567634572.0818784 bigbrain_769_1206_0.nii 140404000692032
increment_file 1567634572.082775 1567634573.3417945 bigbrain_769_1206_0.nii 140404000692032
write_file 1567634573.363654 1567634574.4531348 inc-bigbrain_769_1206_0.nii 140404000692032
task_duration 1567634572.0703692 1567634574.4572449 1567634005-tmpfsAD_1it_96cpus_0delay_npc-0 140404000692032
read_file 1567634572.0480452 1567634572.0519683 bigbrain_3076_603_2776.nii 139681512621888
increment_file 1567634572.0523028 1567634573.3361616 bigbrain_3076_603_2776.nii 139681512621888
write_file 1567634573.3623729 1567634574.4115791 inc-bigbrain_3076_603_2776.nii 139681512621888
task_duration 1567634572.044585 1567634574.4180946 1567634005-tmpfsAD_1it_96cpus_0delay_npc-0 139681512621888
read_file 1567634572.0480452 1567634572.0514617 bigbrain_769_603_1388.nii 140180341200704
increment_file 1567634572.0520196 1567634573.3273566 bigbrain_769_603_1388.nii 140180341200704
write_file 1567634573.35274 1567634574.513749 inc-bigbrain_769_603_1388.nii 140180341200704
task_duration 1567634572.0445848 1567634574.517712 1567634005-tmpfsAD_1it_96cpus_0delay_npc-0 140180341200704
read_file 1567634571.9775076 1567634571.982853 bigbrain_769_1809_2776.nii 139632418387776
increment_file 1567634571.9835033 1567634573.2822742 bigbrain_769_1809_2776.nii 139632418387776
write_file 1567634573.3095622 1567634574.509221 inc-bigbrain_769_1809_2776.nii 139632418387776
task_duration 1567634571.9729497 1567634574.5148134 1567634005-tmpfsAD_1it_96cpus_0delay_npc-0 139632418387776
read_file 1567634571.9626117 1567634571.967805 bigbrain_769_2412_1388.nii 139934457562944
increment_file 1567634571.9684324 1567634573.2466817 bigbrain_769_2412_1388.nii 139934457562944
write_file 1567634573.2739344 1567634574.472367 inc-bigbrain_769_2412_1388.nii 139934457562944
task_duration 1567634571.9592843 1567634574.4783418 1567634005-tmpfsAD_1it_96cpus_0delay_npc-0 139934457562944
read_file 1567634571.9472208 1567634571.953707 bigbrain_3076_2412_0.nii 140714686330688
increment_file 1567634571.9548242 1567634573.676783 bigbrain_3076_2412_0.nii 140714686330688
write_file 1567634573.704409 1567634575.091543 inc-bigbrain_3076_2412_0.nii 140714686330688
task_duration 1567634571.9405344 1567634575.0949872 1567634005-tmpfsAD_1it_96cpus_0delay_npc-0 140714686330688
read_file 1567634571.9258232 1567634571.9331129 bigbrain_3076_1809_1388.nii 140169418389312
increment_file 1567634571.9342868 1567634573.7278204 bigbrain_3076_1809_1388.nii 140169418389312
write_file 1567634573.753701 1567634574.9913607 inc-bigbrain_3076_1809_1388.nii 140169418389312
task_duration 1567634571.9189448 1567634574.9977365 1567634005-tmpfsAD_1it_96cpus_0delay_npc-0 140169418389312
read_file 1567634571.905405 1567634571.9124694 bigbrain_769_1206_694.nii 140666788702016
increment_file 1567634571.913568 1567634573.653287 bigbrain_769_1206_694.nii 140666788702016
write_file 1567634573.6788812 1567634575.098369 inc-bigbrain_769_1206_694.nii 140666788702016
task_duration 1567634571.8981633 1567634575.1016865 1567634005-tmpfsAD_1it_96cpus_0delay_npc-0 140666788702016
read_file 1567634571.9039035 1567634571.909388 bigbrain_769_2412_2082.nii 139814164043584
increment_file 1567634571.9100285 1567634573.20611 bigbrain_769_2412_2082.nii 139814164043584
write_file 1567634573.233908 1567634574.43521 inc-bigbrain_769_2412_2082.nii 139814164043584
task_duration 1567634571.900783 1567634574.4409013 1567634005-tmpfsAD_1it_96cpus_0delay_npc-0 139814164043584
read_file 1567634571.8980536 1567634571.9004862 bigbrain_769_603_2082.nii 140097756108608
increment_file 1567634571.914009 1567634573.209815 bigbrain_769_603_2082.nii 140097756108608
write_file 1567634573.235765 1567634574.3953204 inc-bigbrain_769_603_2082.nii 140097756108608
task_duration 1567634571.8951545 1567634574.3998592 1567634005-tmpfsAD_1it_96cpus_0delay_npc-0 140097756108608
read_file 1567634571.8939657 1567634571.8973844 bigbrain_769_1809_0.nii 139699167901504
increment_file 1567634571.8980157 1567634573.1517086 bigbrain_769_1809_0.nii 139699167901504
write_file 1567634573.179738 1567634574.4098196 inc-bigbrain_769_1809_0.nii 139699167901504
task_duration 1567634571.8911157 1567634574.415826 1567634005-tmpfsAD_1it_96cpus_0delay_npc-0 139699167901504
read_file 1567634571.8787096 1567634571.8872342 bigbrain_3076_603_0.nii 140412397610816
increment_file 1567634571.88811 1567634573.7417948 bigbrain_3076_603_0.nii 140412397610816
write_file 1567634573.7722335 1567634575.1025927 inc-bigbrain_3076_603_0.nii 140412397610816
task_duration 1567634571.8731587 1567634575.106446 1567634005-tmpfsAD_1it_96cpus_0delay_npc-0 140412397610816
read_file 1567634571.8659334 1567634571.8704896 bigbrain_3076_0_694.nii 139663605729088
increment_file 1567634571.8713603 1567634573.1633792 bigbrain_3076_0_694.nii 139663605729088
write_file 1567634573.1909146 1567634574.407674 inc-bigbrain_3076_0_694.nii 139663605729088
task_duration 1567634571.8610852 1567634574.4180524 1567634005-tmpfsAD_1it_96cpus_0delay_npc-0 139663605729088
read_file 1567634571.8589396 1567634571.864615 bigbrain_769_0_1388.nii 140402991368000
increment_file 1567634571.8654966 1567634573.167099 bigbrain_769_0_1388.nii 140402991368000
write_file 1567634573.195895 1567634574.4396162 inc-bigbrain_769_0_1388.nii 140402991368000
task_duration 1567634571.8539941 1567634574.45425 1567634005-tmpfsAD_1it_96cpus_0delay_npc-0 140402991368000
read_file 1567634571.847462 1567634571.857953 bigbrain_769_1206_1388.nii 140503772587840
increment_file 1567634571.8589506 1567634573.6097252 bigbrain_769_1206_1388.nii 140503772587840
write_file 1567634573.6340644 1567634575.1119456 inc-bigbrain_769_1206_1388.nii 140503772587840
task_duration 1567634571.8417957 1567634575.115179 1567634005-tmpfsAD_1it_96cpus_0delay_npc-0 140503772587840
read_file 1567634571.8449626 1567634571.8503785 bigbrain_769_2412_0.nii 139920277948224
increment_file 1567634571.8511486 1567634573.6074202 bigbrain_769_2412_0.nii 139920277948224
write_file 1567634573.6329067 1567634575.0561028 inc-bigbrain_769_2412_0.nii 139920277948224
task_duration 1567634571.83989 1567634575.0638957 1567634005-tmpfsAD_1it_96cpus_0delay_npc-0 139920277948224
read_file 1567634571.8126245 1567634571.8180542 bigbrain_2307_603_694.nii 139954212853568
increment_file 1567634571.818746 1567634573.605709 bigbrain_2307_603_694.nii 139954212853568
write_file 1567634573.6332421 1567634575.0484636 inc-bigbrain_2307_603_694.nii 139954212853568
task_duration 1567634571.8071425 1567634575.0546575 1567634005-tmpfsAD_1it_96cpus_0delay_npc-0 139954212853568
read_file 1567634571.8092206 1567634571.8163857 bigbrain_769_1206_2082.nii 139823934338880
increment_file 1567634571.81732 1567634573.6225495 bigbrain_769_1206_2082.nii 139823934338880
write_file 1567634573.647788 1567634575.1277297 inc-bigbrain_769_1206_2082.nii 139823934338880
task_duration 1567634571.80329 1567634575.1312134 1567634005-tmpfsAD_1it_96cpus_0delay_npc-0 139823934338880
read_file 1567634571.796487 1567634571.801891 bigbrain_769_2412_694.nii 140461887850304
increment_file 1567634571.8027184 1567634573.1061049 bigbrain_769_2412_694.nii 140461887850304
write_file 1567634573.1388614 1567634574.4436717 inc-bigbrain_769_2412_694.nii 140461887850304
task_duration 1567634571.7918239 1567634574.4547925 1567634005-tmpfsAD_1it_96cpus_0delay_npc-0 140461887850304
read_file 1567634571.794034 1567634571.7974005 bigbrain_3076_1809_694.nii 140719080363840
increment_file 1567634571.797897 1567634573.095717 bigbrain_3076_1809_694.nii 140719080363840
write_file 1567634573.122801 1567634574.4037015 inc-bigbrain_3076_1809_694.nii 140719080363840
task_duration 1567634571.7913058 1567634574.4093711 1567634005-tmpfsAD_1it_96cpus_0delay_npc-0 140719080363840
read_file 1567634571.7893255 1567634571.792049 bigbrain_3076_1206_2082.nii 139696021813056
increment_file 1567634571.7925868 1567634573.310802 bigbrain_3076_1206_2082.nii 139696021813056
write_file 1567634573.3381495 1567634574.5389912 inc-bigbrain_3076_1206_2082.nii 139696021813056
task_duration 1567634571.7826233 1567634574.5439193 1567634005-tmpfsAD_1it_96cpus_0delay_npc-0 139696021813056
read_file 1567634571.785926 1567634571.7901142 bigbrain_3076_603_694.nii 139809355319104
increment_file 1567634571.7907531 1567634573.6258206 bigbrain_3076_603_694.nii 139809355319104
write_file 1567634573.650294 1567634575.082374 inc-bigbrain_3076_603_694.nii 139809355319104
task_duration 1567634571.782867 1567634575.0867734 1567634005-tmpfsAD_1it_96cpus_0delay_npc-0 139809355319104
read_file 1567634571.7781863 1567634571.781988 bigbrain_769_0_2776.nii 139862081460032
increment_file 1567634571.7825873 1567634573.6220002 bigbrain_769_0_2776.nii 139862081460032
write_file 1567634573.6448781 1567634574.9708595 inc-bigbrain_769_0_2776.nii 139862081460032
task_duration 1567634571.7746477 1567634574.9783018 1567634005-tmpfsAD_1it_96cpus_0delay_npc-0 139862081460032
read_file 1567634571.766964 1567634571.7725434 bigbrain_769_1809_694.nii 140164083963712
increment_file 1567634571.7733736 1567634573.0316637 bigbrain_769_1809_694.nii 140164083963712
write_file 1567634573.06189 1567634574.4192116 inc-bigbrain_769_1809_694.nii 140164083963712
task_duration 1567634571.7621455 1567634574.4345677 1567634005-tmpfsAD_1it_96cpus_0delay_npc-0 140164083963712
read_file 1567634571.7680256 1567634571.7710464 bigbrain_769_2412_2776.nii 139689309841216
increment_file 1567634571.7714665 1567634573.0473433 bigbrain_769_2412_2776.nii 139689309841216
write_file 1567634573.075178 1567634574.306655 inc-bigbrain_769_2412_2776.nii 139689309841216
task_duration 1567634571.7651057 1567634574.311848 1567634005-tmpfsAD_1it_96cpus_0delay_npc-0 139689309841216
read_file 1567634571.7431037 1567634571.7466388 bigbrain_2307_1809_1388.nii 140431856174912
increment_file 1567634571.7472415 1567634573.5336168 bigbrain_2307_1809_1388.nii 140431856174912
write_file 1567634573.5630088 1567634575.0168862 inc-bigbrain_2307_1809_1388.nii 140431856174912
task_duration 1567634571.7402213 1567634575.0230937 1567634005-tmpfsAD_1it_96cpus_0delay_npc-0 140431856174912
read_file 1567634571.7407305 1567634571.7436156 bigbrain_3076_1809_0.nii 140253534799680
increment_file 1567634571.7440038 1567634573.0338101 bigbrain_3076_1809_0.nii 140253534799680
write_file 1567634573.0608683 1567634574.3609276 inc-bigbrain_3076_1809_0.nii 140253534799680
task_duration 1567634571.7379746 1567634574.3668113 1567634005-tmpfsAD_1it_96cpus_0delay_npc-0 140253534799680
read_file 1567634571.7365613 1567634571.740201 bigbrain_769_0_2082.nii 140334756075328
increment_file 1567634571.7407424 1567634573.5823052 bigbrain_769_0_2082.nii 140334756075328
write_file 1567634573.607436 1567634575.1078613 inc-bigbrain_769_0_2082.nii 140334756075328
task_duration 1567634571.731522 1567634575.1127822 1567634005-tmpfsAD_1it_96cpus_0delay_npc-0 140334756075328
read_file 1567634571.7238047 1567634571.7293637 bigbrain_3076_1809_2082.nii 140178390509376
increment_file 1567634571.7300868 1567634573.5563598 bigbrain_3076_1809_2082.nii 140178390509376
write_file 1567634573.5831237 1567634575.083451 inc-bigbrain_3076_1809_2082.nii 140178390509376
task_duration 1567634571.718821 1567634575.0882447 1567634005-tmpfsAD_1it_96cpus_0delay_npc-0 140178390509376
read_file 1567634571.7217753 1567634571.725945 bigbrain_3076_0_1388.nii 140667146508096
increment_file 1567634571.7266834 1567634573.0697055 bigbrain_3076_0_1388.nii 140667146508096
write_file 1567634573.0966873 1567634574.3248563 inc-bigbrain_3076_0_1388.nii 140667146508096
task_duration 1567634571.7135613 1567634574.3361824 1567634005-tmpfsAD_1it_96cpus_0delay_npc-0 140667146508096
read_file 1567634571.7060308 1567634571.7095606 bigbrain_3076_1206_1388.nii 140385282463552
increment_file 1567634571.7099884 1567634573.0042722 bigbrain_3076_1206_1388.nii 140385282463552
write_file 1567634573.0333745 1567634574.4343495 inc-bigbrain_3076_1206_1388.nii 140385282463552
task_duration 1567634571.703329 1567634574.4409459 1567634005-tmpfsAD_1it_96cpus_0delay_npc-0 140385282463552
read_file 1567634571.687219 1567634571.6922674 bigbrain_3076_2412_2776.nii 140093670197056
increment_file 1567634571.693048 1567634572.9109747 bigbrain_3076_2412_2776.nii 140093670197056
write_file 1567634572.9406397 1567634574.2286634 inc-bigbrain_3076_2412_2776.nii 140093670197056
task_duration 1567634571.6829426 1567634574.2425897 1567634005-tmpfsAD_1it_96cpus_0delay_npc-0 140093670197056
read_file 1567634571.6731148 1567634571.679176 bigbrain_2307_603_2082.nii 139811818395456
increment_file 1567634571.6800191 1567634573.5027626 bigbrain_2307_603_2082.nii 139811818395456
write_file 1567634573.5286462 1567634575.036478 inc-bigbrain_2307_603_2082.nii 139811818395456
task_duration 1567634571.6678681 1567634575.0430648 1567634005-tmpfsAD_1it_96cpus_0delay_npc-0 139811818395456
read_file 1567634571.6594949 1567634571.664696 bigbrain_2307_603_0.nii 140136553019200
increment_file 1567634571.665457 1567634572.9532704 bigbrain_2307_603_0.nii 140136553019200
write_file 1567634572.9837437 1567634574.359485 inc-bigbrain_2307_603_0.nii 140136553019200
task_duration 1567634571.6550882 1567634574.373868 1567634005-tmpfsAD_1it_96cpus_0delay_npc-0 140136553019200
read_file 1567634571.6525269 1567634571.655449 bigbrain_769_0_694.nii 140158544697152
increment_file 1567634571.6558611 1567634572.9822767 bigbrain_769_0_694.nii 140158544697152
write_file 1567634573.0117328 1567634574.2304294 inc-bigbrain_769_0_694.nii 140158544697152
task_duration 1567634571.6499705 1567634574.244168 1567634005-tmpfsAD_1it_96cpus_0delay_npc-0 140158544697152
read_file 1567634571.6525235 1567634571.6553478 bigbrain_769_0_0.nii 140298633099072
increment_file 1567634571.6558099 1567634572.832432 bigbrain_769_0_0.nii 140298633099072
write_file 1567634572.8619106 1567634574.1687279 inc-bigbrain_769_0_0.nii 140298633099072
task_duration 1567634571.6500287 1567634574.1754599 1567634005-tmpfsAD_1it_96cpus_0delay_npc-0 140298633099072
read_file 1567634571.632302 1567634571.6359477 bigbrain_3076_1206_2776.nii 140595437225792
increment_file 1567634571.6364443 1567634572.8715599 bigbrain_3076_1206_2776.nii 140595437225792
write_file 1567634572.9002807 1567634574.3219643 inc-bigbrain_3076_1206_2776.nii 140595437225792
task_duration 1567634571.6294446 1567634574.3283405 1567634005-tmpfsAD_1it_96cpus_0delay_npc-0 140595437225792
read_file 1567634571.6101198 1567634571.616768 bigbrain_2307_2412_0.nii 140085464856384
increment_file 1567634571.6175585 1567634573.5044851 bigbrain_2307_2412_0.nii 140085464856384
write_file 1567634573.5329328 1567634574.993243 inc-bigbrain_2307_2412_0.nii 140085464856384
task_duration 1567634571.605124 1567634575.0008519 1567634005-tmpfsAD_1it_96cpus_0delay_npc-0 140085464856384
read_file 1567634571.6005752 1567634571.6020896 bigbrain_3076_1809_2776.nii 139902869047104
increment_file 1567634571.6022522 1567634572.854579 bigbrain_3076_1809_2776.nii 139902869047104
write_file 1567634572.884462 1567634574.191582 inc-bigbrain_3076_1809_2776.nii 139902869047104
task_duration 1567634571.5991044 1567634574.1991076 1567634005-tmpfsAD_1it_96cpus_0delay_npc-0 139902869047104
read_file 1567634571.599639 1567634571.6019788 bigbrain_2307_603_1388.nii 140601190451008
increment_file 1567634571.6022532 1567634572.8412535 bigbrain_2307_603_1388.nii 140601190451008
write_file 1567634572.8713825 1567634574.3024628 inc-bigbrain_2307_603_1388.nii 140601190451008
task_duration 1567634571.597066 1567634574.3204389 1567634005-tmpfsAD_1it_96cpus_0delay_npc-0 140601190451008
read_file 1567634571.5957637 1567634571.6000638 bigbrain_769_1809_1388.nii 140547270055744
increment_file 1567634571.6007564 1567634573.4630263 bigbrain_769_1809_1388.nii 140547270055744
write_file 1567634573.5034938 1567634574.9684665 inc-bigbrain_769_1809_1388.nii 140547270055744
task_duration 1567634571.5917923 1567634574.9776068 1567634005-tmpfsAD_1it_96cpus_0delay_npc-0 140547270055744
read_file 1567634571.588931 1567634571.593892 bigbrain_2307_2412_694.nii 139855092754240
increment_file 1567634571.5946426 1567634573.467544 bigbrain_2307_2412_694.nii 139855092754240
write_file 1567634573.4946892 1567634575.0622265 inc-bigbrain_2307_2412_694.nii 139855092754240
task_duration 1567634571.5837696 1567634575.0678577 1567634005-tmpfsAD_1it_96cpus_0delay_npc-0 139855092754240
read_file 1567634571.5734665 1567634571.5759032 bigbrain_2307_1809_694.nii 140371089168192
increment_file 1567634571.576208 1567634572.6616714 bigbrain_2307_1809_694.nii 140371089168192
write_file 1567634572.69544 1567634574.124188 inc-bigbrain_2307_1809_694.nii 140371089168192
task_duration 1567634571.5708518 1567634574.1341588 1567634005-tmpfsAD_1it_96cpus_0delay_npc-0 140371089168192
read_file 1567634571.569334 1567634571.5739398 bigbrain_3076_0_2776.nii 140182500595520
increment_file 1567634571.5745661 1567634573.4398928 bigbrain_3076_0_2776.nii 140182500595520
write_file 1567634573.4818416 1567634575.050476 inc-bigbrain_3076_0_2776.nii 140182500595520
task_duration 1567634571.5642772 1567634575.058864 1567634005-tmpfsAD_1it_96cpus_0delay_npc-0 140182500595520
read_file 1567634571.5606022 1567634571.5629928 bigbrain_3076_2412_1388.nii 140663491864384
increment_file 1567634571.5633981 1567634572.8107407 bigbrain_3076_2412_1388.nii 140663491864384
write_file 1567634572.8419626 1567634574.2763445 inc-bigbrain_3076_2412_1388.nii 140663491864384
task_duration 1567634571.5577848 1567634574.297586 1567634005-tmpfsAD_1it_96cpus_0delay_npc-0 140663491864384
read_file 1567634571.55161 1567634571.5556867 bigbrain_769_1206_2776.nii 139962222556992
increment_file 1567634571.5562708 1567634573.3997118 bigbrain_769_1206_2776.nii 139962222556992
write_file 1567634573.4327605 1567634574.9558423 inc-bigbrain_769_1206_2776.nii 139962222556992
task_duration 1567634571.5470717 1567634574.9629457 1567634005-tmpfsAD_1it_96cpus_0delay_npc-0 139962222556992
read_file 1567634571.5496159 1567634571.553807 bigbrain_2307_2412_2776.nii 140094104610624
increment_file 1567634571.5543854 1567634573.4750767 bigbrain_2307_2412_2776.nii 140094104610624
write_file 1567634573.5002816 1567634575.059811 inc-bigbrain_2307_2412_2776.nii 140094104610624
task_duration 1567634571.5451665 1567634575.0655446 1567634005-tmpfsAD_1it_96cpus_0delay_npc-0 140094104610624
read_file 1567634571.5511723 1567634571.5533152 bigbrain_2307_603_2776.nii 139839878698816
increment_file 1567634571.5536258 1567634572.7870755 bigbrain_2307_603_2776.nii 139839878698816
write_file 1567634572.818648 1567634574.26309 inc-bigbrain_2307_603_2776.nii 139839878698816
task_duration 1567634571.5490563 1567634574.2866018 1567634005-tmpfsAD_1it_96cpus_0delay_npc-0 139839878698816
read_file 1567634571.5496824 1567634571.5517242 bigbrain_3076_0_2082.nii 140413798528832
increment_file 1567634571.5520766 1567634572.7348897 bigbrain_3076_0_2082.nii 140413798528832
write_file 1567634572.7664785 1567634574.1935544 inc-bigbrain_3076_0_2082.nii 140413798528832
task_duration 1567634571.54743 1567634574.2072504 1567634005-tmpfsAD_1it_96cpus_0delay_npc-0 140413798528832
read_file 1567634571.537123 1567634571.5402186 bigbrain_3076_2412_2082.nii 140363275388736
increment_file 1567634571.540619 1567634573.447606 bigbrain_3076_2412_2082.nii 140363275388736
write_file 1567634573.475898 1567634575.0226872 inc-bigbrain_3076_2412_2082.nii 140363275388736
task_duration 1567634571.5339239 1567634575.0291924 1567634005-tmpfsAD_1it_96cpus_0delay_npc-0 140363275388736
read_file 1567634571.5366714 1567634571.5396805 bigbrain_769_1809_2082.nii 140543514629952
increment_file 1567634571.5400374 1567634573.4600036 bigbrain_769_1809_2082.nii 140543514629952
write_file 1567634573.48625 1567634575.0744762 inc-bigbrain_769_1809_2082.nii 140543514629952
task_duration 1567634571.5338717 1567634575.078688 1567634005-tmpfsAD_1it_96cpus_0delay_npc-0 140543514629952
read_file 1567634571.5379686 1567634571.539665 bigbrain_3076_1206_0.nii 140209388214080
increment_file 1567634571.5398896 1567634572.7104301 bigbrain_3076_1206_0.nii 140209388214080
write_file 1567634572.738812 1567634574.1459208 inc-bigbrain_3076_1206_0.nii 140209388214080
task_duration 1567634571.5344832 1567634574.1551168 1567634005-tmpfsAD_1it_96cpus_0delay_npc-0 140209388214080
read_file 1567634571.5300286 1567634571.533396 bigbrain_2307_1809_2082.nii 140380341339968
increment_file 1567634571.533812 1567634573.3980515 bigbrain_2307_1809_2082.nii 140380341339968
write_file 1567634573.4316583 1567634574.990742 inc-bigbrain_2307_1809_2082.nii 140380341339968
task_duration 1567634571.5273445 1567634574.997801 1567634005-tmpfsAD_1it_96cpus_0delay_npc-0 140380341339968
read_file 1567634571.520246 1567634571.5222602 bigbrain_769_603_0.nii 139911609476928
increment_file 1567634571.522545 1567634572.6771383 bigbrain_769_603_0.nii 139911609476928
write_file 1567634572.7135742 1567634574.1275697 inc-bigbrain_769_603_0.nii 139911609476928
task_duration 1567634571.5181437 1567634574.1351063 1567634005-tmpfsAD_1it_96cpus_0delay_npc-0 139911609476928
read_file 1567634571.5171647 1567634571.5215874 bigbrain_2307_1809_0.nii 140369680754496
increment_file 1567634571.5221043 1567634573.4532804 bigbrain_2307_1809_0.nii 140369680754496
write_file 1567634573.478776 1567634575.0518835 inc-bigbrain_2307_1809_0.nii 140369680754496
task_duration 1567634571.5129251 1567634575.0599918 1567634005-tmpfsAD_1it_96cpus_0delay_npc-0 140369680754496
read_file 1567634571.5041435 1567634571.5080538 bigbrain_3076_603_1388.nii 139876344960832
increment_file 1567634571.5085702 1567634573.3726485 bigbrain_3076_603_1388.nii 139876344960832
write_file 1567634573.4014668 1567634574.9707158 inc-bigbrain_3076_603_1388.nii 139876344960832
task_duration 1567634571.5000322 1567634574.9795752 1567634005-tmpfsAD_1it_96cpus_0delay_npc-0 139876344960832
read_file 1567634571.491207 1567634571.4934487 bigbrain_2307_2412_1388.nii 140655281055552
increment_file 1567634571.4937341 1567634572.587683 bigbrain_2307_2412_1388.nii 140655281055552
write_file 1567634572.6248257 1567634574.1304305 inc-bigbrain_2307_2412_1388.nii 140655281055552
task_duration 1567634571.488807 1567634574.1389823 1567634005-tmpfsAD_1it_96cpus_0delay_npc-0 140655281055552
read_file 1567634571.477546 1567634571.479571 bigbrain_2307_1206_2082.nii 140671669385024
increment_file 1567634571.479807 1567634573.3753374 bigbrain_2307_1206_2082.nii 140671669385024
write_file 1567634573.4136748 1567634575.0337763 inc-bigbrain_2307_1206_2082.nii 140671669385024
task_duration 1567634571.4753182 1567634575.0399206 1567634005-tmpfsAD_1it_96cpus_0delay_npc-0 140671669385024
read_file 1567634571.468147 1567634571.4699736 bigbrain_2307_0_2776.nii 140068476348224
increment_file 1567634571.470268 1567634573.3094103 bigbrain_2307_0_2776.nii 140068476348224
write_file 1567634573.3556907 1567634574.9763699 inc-bigbrain_2307_0_2776.nii 140068476348224
task_duration 1567634571.466078 1567634574.9847226 1567634005-tmpfsAD_1it_96cpus_0delay_npc-0 140068476348224
read_file 1567634571.464993 1567634571.4669015 bigbrain_2307_0_2082.nii 139687986345792
increment_file 1567634571.4671602 1567634573.3206794 bigbrain_2307_0_2082.nii 139687986345792
write_file 1567634573.360986 1567634574.994965 inc-bigbrain_2307_0_2082.nii 139687986345792
task_duration 1567634571.462518 1567634575.0015888 1567634005-tmpfsAD_1it_96cpus_0delay_npc-0 139687986345792
read_file 1567634571.450916 1567634571.4531677 bigbrain_2307_0_0.nii 140149869696832
increment_file 1567634571.4534762 1567634572.5272381 bigbrain_2307_0_0.nii 140149869696832
write_file 1567634572.5673199 1567634574.0430038 inc-bigbrain_2307_0_0.nii 140149869696832
task_duration 1567634571.448509 1567634574.051692 1567634005-tmpfsAD_1it_96cpus_0delay_npc-0 140149869696832
read_file 1567634571.439265 1567634571.4416304 bigbrain_2307_1206_2776.nii 140295414007616
increment_file 1567634571.4419236 1567634573.2896173 bigbrain_2307_1206_2776.nii 140295414007616
write_file 1567634573.329571 1567634575.0064158 inc-bigbrain_2307_1206_2776.nii 140295414007616
task_duration 1567634571.4365706 1567634575.012848 1567634005-tmpfsAD_1it_96cpus_0delay_npc-0 140295414007616
read_file 1567634571.41503 1567634571.4168708 bigbrain_1538_603_2776.nii 140027326605120
increment_file 1567634571.4170935 1567634573.1199121 bigbrain_1538_603_2776.nii 140027326605120
write_file 1567634573.157793 1567634574.8654327 inc-bigbrain_1538_603_2776.nii 140027326605120
task_duration 1567634571.4126427 1567634574.876065 1567634005-tmpfsAD_1it_96cpus_0delay_npc-0 140027326605120
read_file 1567634571.41133 1567634571.413476 bigbrain_3076_1206_694.nii 140462947903296
increment_file 1567634571.4138167 1567634572.2676642 bigbrain_3076_1206_694.nii 140462947903296
write_file 1567634572.2884703 1567634573.7405858 inc-bigbrain_3076_1206_694.nii 140462947903296
task_duration 1567634571.408811 1567634573.7539656 1567634005-tmpfsAD_1it_96cpus_0delay_npc-0 140462947903296
read_file 1567634571.4102917 1567634571.412147 bigbrain_1538_603_0.nii 140097338599232
increment_file 1567634571.412461 1567634573.1426497 bigbrain_1538_603_0.nii 140097338599232
write_file 1567634573.179371 1567634574.8212838 inc-bigbrain_1538_603_0.nii 140097338599232
task_duration 1567634571.4081576 1567634574.8287165 1567634005-tmpfsAD_1it_96cpus_0delay_npc-0 140097338599232
read_file 1567634571.4023933 1567634571.4043481 bigbrain_3076_0_0.nii 139965563815744
increment_file 1567634571.4045599 1567634573.0563562 bigbrain_3076_0_0.nii 139965563815744
write_file 1567634573.0987148 1567634574.8294299 inc-bigbrain_3076_0_0.nii 139965563815744
task_duration 1567634571.3991966 1567634574.838464 1567634005-tmpfsAD_1it_96cpus_0delay_npc-0 139965563815744
read_file 1567634571.3983254 1567634571.4000459 bigbrain_2307_1206_694.nii 140285390616384
increment_file 1567634571.4003358 1567634572.2546086 bigbrain_2307_1206_694.nii 140285390616384
write_file 1567634572.2885842 1567634573.7592342 inc-bigbrain_2307_1206_694.nii 140285390616384
task_duration 1567634571.3961468 1567634573.7729642 1567634005-tmpfsAD_1it_96cpus_0delay_npc-0 140285390616384
read_file 1567634571.3874934 1567634571.3896067 bigbrain_1538_2412_694.nii 140658905225024
increment_file 1567634571.3899016 1567634573.0743985 bigbrain_1538_2412_694.nii 140658905225024
write_file 1567634573.1146166 1567634574.8719075 inc-bigbrain_1538_2412_694.nii 140658905225024
task_duration 1567634571.385011 1567634574.881285 1567634005-tmpfsAD_1it_96cpus_0delay_npc-0 140658905225024
read_file 1567634571.3762033 1567634571.3779457 bigbrain_2307_2412_2082.nii 139626929891136
increment_file 1567634571.3781602 1567634573.0831509 bigbrain_2307_2412_2082.nii 139626929891136
write_file 1567634573.1191595 1567634574.8933628 inc-bigbrain_2307_2412_2082.nii 139626929891136
task_duration 1567634571.3741212 1567634574.9018316 1567634005-tmpfsAD_1it_96cpus_0delay_npc-0 139626929891136
read_file 1567634571.3759742 1567634571.3774326 bigbrain_2307_1809_2776.nii 140602054989632
increment_file 1567634571.3776758 1567634572.3890445 bigbrain_2307_1809_2776.nii 140602054989632
write_file 1567634572.4232914 1567634573.7932985 inc-bigbrain_2307_1809_2776.nii 140602054989632
task_duration 1567634571.372634 1567634573.8038054 1567634005-tmpfsAD_1it_96cpus_0delay_npc-0 140602054989632
read_file 1567634571.373648 1567634571.3751585 bigbrain_1538_603_694.nii 139938609866560
increment_file 1567634571.375373 1567634573.100679 bigbrain_1538_603_694.nii 139938609866560
write_file 1567634573.144173 1567634574.9052525 inc-bigbrain_1538_603_694.nii 139938609866560
task_duration 1567634571.3712132 1567634574.9141717 1567634005-tmpfsAD_1it_96cpus_0delay_npc-0 139938609866560
read_file 1567634571.3717294 1567634571.3738282 bigbrain_1538_1809_2082.nii 140637763209024
increment_file 1567634571.37409 1567634572.337643 bigbrain_1538_1809_2082.nii 140637763209024
write_file 1567634572.3649275 1567634573.8970406 inc-bigbrain_1538_1809_2082.nii 140637763209024
task_duration 1567634571.36897 1567634573.9058294 1567634005-tmpfsAD_1it_96cpus_0delay_npc-0 140637763209024
read_file 1567634571.3692913 1567634571.3710763 bigbrain_1538_603_2082.nii 140218989160256
increment_file 1567634571.3713381 1567634572.3419094 bigbrain_1538_603_2082.nii 140218989160256
write_file 1567634572.3691776 1567634573.9065163 inc-bigbrain_1538_603_2082.nii 140218989160256
task_duration 1567634571.3670774 1567634573.919272 1567634005-tmpfsAD_1it_96cpus_0delay_npc-0 140218989160256
read_file 1567634571.3659272 1567634571.3673434 bigbrain_2307_1206_0.nii 140490554132288
increment_file 1567634571.3675187 1567634572.3070061 bigbrain_2307_1206_0.nii 140490554132288
write_file 1567634572.3427186 1567634573.7440789 inc-bigbrain_2307_1206_0.nii 140490554132288
task_duration 1567634571.3631082 1567634573.7529233 1567634005-tmpfsAD_1it_96cpus_0delay_npc-0 140490554132288
read_file 1567634571.3511355 1567634571.3532555 bigbrain_2307_0_694.nii 140506401777472
increment_file 1567634571.3535514 1567634572.2070644 bigbrain_2307_0_694.nii 140506401777472
write_file 1567634572.2416537 1567634573.6368277 inc-bigbrain_2307_0_694.nii 140506401777472
task_duration 1567634571.3486075 1567634573.6498873 1567634005-tmpfsAD_1it_96cpus_0delay_npc-0 140506401777472
read_file 1567634571.3459644 1567634571.3477683 bigbrain_1538_2412_1388.nii 140256182314816
increment_file 1567634571.348003 1567634573.0236113 bigbrain_1538_2412_1388.nii 140256182314816
write_file 1567634573.0768473 1567634574.8678582 inc-bigbrain_1538_2412_1388.nii 140256182314816
task_duration 1567634571.3437426 1567634574.8783348 1567634005-tmpfsAD_1it_96cpus_0delay_npc-0 140256182314816
read_file 1567634571.3448346 1567634571.347078 bigbrain_1538_2412_2776.nii 139864683968320
increment_file 1567634571.3472834 1567634572.2767706 bigbrain_1538_2412_2776.nii 139864683968320
write_file 1567634572.3137674 1567634573.7646005 inc-bigbrain_1538_2412_2776.nii 139864683968320
task_duration 1567634571.3413842 1567634573.7761967 1567634005-tmpfsAD_1it_96cpus_0delay_npc-0 139864683968320
read_file 1567634571.332634 1567634571.3339744 bigbrain_2307_1206_1388.nii 140231192319808
increment_file 1567634571.3341525 1567634572.9018478 bigbrain_2307_1206_1388.nii 140231192319808
write_file 1567634572.9333155 1567634574.8003616 inc-bigbrain_2307_1206_1388.nii 140231192319808
task_duration 1567634571.329151 1567634574.8098202 1567634005-tmpfsAD_1it_96cpus_0delay_npc-0 140231192319808
read_file 1567634571.3259735 1567634571.3277097 bigbrain_1538_1809_2776.nii 140653980600128
increment_file 1567634571.3279474 1567634572.8933992 bigbrain_1538_1809_2776.nii 140653980600128
write_file 1567634572.928734 1567634574.7861178 inc-bigbrain_1538_1809_2776.nii 140653980600128
task_duration 1567634571.3237247 1567634574.7962165 1567634005-tmpfsAD_1it_96cpus_0delay_npc-0 140653980600128
read_file 1567634571.3137784 1567634571.3152266 bigbrain_1538_0_694.nii 140709024970560
increment_file 1567634571.3154085 1567634572.8243444 bigbrain_1538_0_694.nii 140709024970560
write_file 1567634572.871121 1567634574.6892214 inc-bigbrain_1538_0_694.nii 140709024970560
task_duration 1567634571.3117986 1567634574.6992683 1567634005-tmpfsAD_1it_96cpus_0delay_npc-0 140709024970560
read_file 1567634571.2973726 1567634571.2994094 bigbrain_1538_1206_2776.nii 140641349625664
increment_file 1567634571.2996757 1567634572.670097 bigbrain_1538_1206_2776.nii 140641349625664
write_file 1567634572.7177062 1567634574.7073996 inc-bigbrain_1538_1206_2776.nii 140641349625664
task_duration 1567634571.2946644 1567634574.7176611 1567634005-tmpfsAD_1it_96cpus_0delay_npc-0 140641349625664
read_file 1567634571.2899075 1567634571.2917454 bigbrain_1538_1809_1388.nii 140554815719232
increment_file 1567634571.2919636 1567634572.0610785 bigbrain_1538_1809_1388.nii 140554815719232
write_file 1567634572.0928 1567634573.5112333 inc-bigbrain_1538_1809_1388.nii 140554815719232
task_duration 1567634571.2875087 1567634573.5223944 1567634005-tmpfsAD_1it_96cpus_0delay_npc-0 140554815719232
read_file 1567634571.2843325 1567634571.2858145 bigbrain_1538_1206_2082.nii 140601682294592
increment_file 1567634571.2859926 1567634572.5870268 bigbrain_1538_1206_2082.nii 140601682294592
write_file 1567634572.6346648 1567634574.5879447 inc-bigbrain_1538_1206_2082.nii 140601682294592
task_duration 1567634571.282458 1567634574.6022687 1567634005-tmpfsAD_1it_96cpus_0delay_npc-0 140601682294592
read_file 1567634571.2828617 1567634571.2842386 bigbrain_1538_0_2776.nii 140390274570048
increment_file 1567634571.2844262 1567634572.6997836 bigbrain_1538_0_2776.nii 140390274570048
write_file 1567634572.7520332 1567634574.6244988 inc-bigbrain_1538_0_2776.nii 140390274570048
task_duration 1567634571.280371 1567634574.6396234 1567634005-tmpfsAD_1it_96cpus_0delay_npc-0 140390274570048
read_file 1567634571.2775474 1567634571.2789927 bigbrain_1538_603_1388.nii 140593220056896
increment_file 1567634571.2791727 1567634571.9934912 bigbrain_1538_603_1388.nii 140593220056896
write_file 1567634572.0257196 1567634573.4161925 inc-bigbrain_1538_603_1388.nii 140593220056896
task_duration 1567634571.2757003 1567634573.4271498 1567634005-tmpfsAD_1it_96cpus_0delay_npc-0 140593220056896
read_file 1567634571.273531 1567634571.2749245 bigbrain_1538_2412_0.nii 139929292801856
increment_file 1567634571.2751026 1567634572.6292126 bigbrain_1538_2412_0.nii 139929292801856
write_file 1567634572.6748064 1567634574.5740106 inc-bigbrain_1538_2412_0.nii 139929292801856
task_duration 1567634571.27161 1567634574.5886526 1567634005-tmpfsAD_1it_96cpus_0delay_npc-0 139929292801856
read_file 1567634571.271705 1567634571.2737277 bigbrain_1538_1809_694.nii 140083341666112
increment_file 1567634571.2739594 1567634571.9490461 bigbrain_1538_1809_694.nii 140083341666112
write_file 1567634571.969889 1567634573.3777978 inc-bigbrain_1538_1809_694.nii 140083341666112
task_duration 1567634571.2691066 1567634573.3918805 1567634005-tmpfsAD_1it_96cpus_0delay_npc-0 140083341666112
read_file 1567634571.2627728 1567634571.2640858 bigbrain_2307_0_1388.nii 140398706550592
increment_file 1567634571.2642493 1567634572.5061893 bigbrain_2307_0_1388.nii 140398706550592
write_file 1567634572.5587778 1567634574.519677 inc-bigbrain_2307_0_1388.nii 140398706550592
task_duration 1567634571.2608142 1567634574.536139 1567634005-tmpfsAD_1it_96cpus_0delay_npc-0 140398706550592
read_file 1567634571.2518733 1567634571.253079 bigbrain_1538_2412_2082.nii 140713089107776
increment_file 1567634571.2532165 1567634572.4364638 bigbrain_1538_2412_2082.nii 140713089107776
write_file 1567634572.4824295 1567634574.5287077 inc-bigbrain_1538_2412_2082.nii 140713089107776
task_duration 1567634571.249526 1567634574.5501168 1567634005-tmpfsAD_1it_96cpus_0delay_npc-0 140713089107776
read_file 1567634571.248447 1567634571.2501142 bigbrain_1538_1206_694.nii 139888655374144
increment_file 1567634571.2502947 1567634571.900112 bigbrain_1538_1206_694.nii 139888655374144
write_file 1567634571.9319403 1567634573.3686268 inc-bigbrain_1538_1206_694.nii 139888655374144
task_duration 1567634571.2461584 1567634573.379924 1567634005-tmpfsAD_1it_96cpus_0delay_npc-0 139888655374144
read_file 1567634571.2474115 1567634571.2493043 bigbrain_1538_1206_1388.nii 139868129539904
increment_file 1567634571.249511 1567634572.4445837 bigbrain_1538_1206_1388.nii 139868129539904
write_file 1567634572.5456848 1567634574.6288967 inc-bigbrain_1538_1206_1388.nii 139868129539904
task_duration 1567634571.2449362 1567634574.6431916 1567634005-tmpfsAD_1it_96cpus_0delay_npc-0 139868129539904
read_file 1567634571.246909 1567634571.248341 bigbrain_1538_1809_0.nii 140540172691264
increment_file 1567634571.2485256 1567634571.8768249 bigbrain_1538_1809_0.nii 140540172691264
write_file 1567634571.898932 1567634573.1239429 inc-bigbrain_1538_1809_0.nii 140540172691264
task_duration 1567634571.2450142 1567634573.136835 1567634005-tmpfsAD_1it_96cpus_0delay_npc-0 140540172691264
read_file 1567634571.1907203 1567634571.1919506 bigbrain_1538_1206_0.nii 140592650372928
increment_file 1567634571.1921031 1567634572.0808105 bigbrain_1538_1206_0.nii 140592650372928
write_file 1567634572.1307812 1567634574.2374487 inc-bigbrain_1538_1206_0.nii 140592650372928
task_duration 1567634571.186429 1567634574.250947 1567634005-tmpfsAD_1it_96cpus_0delay_npc-0 140592650372928
