read_file 1567635007.4123454 1567635007.4135203 bigbrain_1538_1809_2776.nii 140459088521024
increment_file 1567635007.4137368 1567635015.8599195 bigbrain_1538_1809_2776.nii 140459088521024
write_file 1567635015.864133 1567635020.3456895 inc-bigbrain_1538_1809_2776.nii 140459088521024
task_duration 1567635127.4093013 1567635260.4491973 1567634584-optaneAD_1it_25cpus_60delay_withpc-0 140459088521024
read_file 1567635007.4123719 1567635007.413772 bigbrain_2307_0_1388.nii 140567374014272
increment_file 1567635007.4140117 1567635016.1968658 bigbrain_2307_0_1388.nii 140567374014272
write_file 1567635016.2022917 1567635020.2101912 inc-bigbrain_2307_0_1388.nii 140567374014272
task_duration 1567635127.4088066 1567635260.3133857 1567634584-optaneAD_1it_25cpus_60delay_withpc-0 140567374014272
read_file 1567635007.4246638 1567635007.4262924 bigbrain_1538_1809_694.nii 139815973799744
increment_file 1567635007.426577 1567635015.9795876 bigbrain_1538_1809_694.nii 139815973799744
write_file 1567635016.0053575 1567635021.135033 inc-bigbrain_1538_1809_694.nii 139815973799744
task_duration 1567635127.422498 1567635261.2402732 1567634584-optaneAD_1it_25cpus_60delay_withpc-0 139815973799744
read_file 1567635007.4276648 1567635007.4290226 bigbrain_1538_603_2082.nii 139934783457088
increment_file 1567635007.429304 1567635016.434109 bigbrain_1538_603_2082.nii 139934783457088
write_file 1567635016.4410558 1567635020.7314513 inc-bigbrain_1538_603_2082.nii 139934783457088
task_duration 1567635127.4245222 1567635260.834477 1567634584-optaneAD_1it_25cpus_60delay_withpc-0 139934783457088
read_file 1567635007.4279487 1567635007.42928 bigbrain_1538_1206_0.nii 139771332028224
increment_file 1567635007.4295247 1567635016.433428 bigbrain_1538_1206_0.nii 139771332028224
write_file 1567635016.439578 1567635019.783795 inc-bigbrain_1538_1206_0.nii 139771332028224
task_duration 1567635127.4252183 1567635259.8941205 1567634584-optaneAD_1it_25cpus_60delay_withpc-0 139771332028224
read_file 1567635007.4291809 1567635007.4314563 bigbrain_1538_2412_0.nii 140287474218816
increment_file 1567635007.4318745 1567635016.0324314 bigbrain_1538_2412_0.nii 140287474218816
write_file 1567635016.036966 1567635020.2069287 inc-bigbrain_1538_2412_0.nii 140287474218816
task_duration 1567635127.4259837 1567635260.311245 1567634584-optaneAD_1it_25cpus_60delay_withpc-0 140287474218816
read_file 1567635007.4303498 1567635007.4320347 bigbrain_1538_2412_1388.nii 140460351182656
increment_file 1567635007.4323077 1567635016.4342413 bigbrain_1538_2412_1388.nii 140460351182656
write_file 1567635016.4400775 1567635020.8015337 inc-bigbrain_1538_2412_1388.nii 140460351182656
task_duration 1567635127.4282484 1567635260.8686335 1567634584-optaneAD_1it_25cpus_60delay_withpc-0 140460351182656
read_file 1567635007.431118 1567635007.4326909 bigbrain_1538_1809_1388.nii 140309004904256
increment_file 1567635007.4329028 1567635016.0388927 bigbrain_1538_1809_1388.nii 140309004904256
write_file 1567635016.0418484 1567635019.8016403 inc-bigbrain_1538_1809_1388.nii 140309004904256
task_duration 1567635127.4279506 1567635259.9120214 1567634584-optaneAD_1it_25cpus_60delay_withpc-0 140309004904256
read_file 1567635007.4314687 1567635007.4333885 bigbrain_1538_2412_694.nii 140481618417472
increment_file 1567635007.4338818 1567635016.4361606 bigbrain_1538_2412_694.nii 140481618417472
write_file 1567635016.441191 1567635020.7571678 inc-bigbrain_1538_2412_694.nii 140481618417472
task_duration 1567635127.4291446 1567635260.859238 1567634584-optaneAD_1it_25cpus_60delay_withpc-0 140481618417472
read_file 1567635007.4339752 1567635007.4370272 bigbrain_1538_603_2776.nii 140266888734528
increment_file 1567635007.437434 1567635016.4409292 bigbrain_1538_603_2776.nii 140266888734528
write_file 1567635016.4460602 1567635020.7937055 inc-bigbrain_1538_603_2776.nii 140266888734528
task_duration 1567635127.4308543 1567635260.8973267 1567634584-optaneAD_1it_25cpus_60delay_withpc-0 140266888734528
read_file 1567635007.4360487 1567635007.4380457 bigbrain_1538_603_1388.nii 139945866155840
increment_file 1567635007.4382646 1567635016.4412591 bigbrain_1538_603_1388.nii 139945866155840
write_file 1567635016.447717 1567635020.7891831 inc-bigbrain_1538_603_1388.nii 139945866155840
task_duration 1567635127.4327307 1567635260.8922377 1567634584-optaneAD_1it_25cpus_60delay_withpc-0 139945866155840
read_file 1567635007.4375002 1567635007.4392152 bigbrain_1538_0_2776.nii 140368987035456
increment_file 1567635007.4394512 1567635016.4376993 bigbrain_1538_0_2776.nii 140368987035456
write_file 1567635016.4420097 1567635020.7877157 inc-bigbrain_1538_0_2776.nii 140368987035456
task_duration 1567635127.4337356 1567635260.8902085 1567634584-optaneAD_1it_25cpus_60delay_withpc-0 140368987035456
read_file 1567635007.438202 1567635007.4400992 bigbrain_1538_0_694.nii 139658382923584
increment_file 1567635007.4404373 1567635016.4376957 bigbrain_1538_0_694.nii 139658382923584
write_file 1567635016.4424386 1567635020.4812374 inc-bigbrain_1538_0_694.nii 139658382923584
task_duration 1567635127.4356494 1567635260.5834866 1567634584-optaneAD_1it_25cpus_60delay_withpc-0 139658382923584
read_file 1567635007.4382734 1567635007.440153 bigbrain_1538_603_0.nii 140473130235712
increment_file 1567635007.4405134 1567635016.4409883 bigbrain_1538_603_0.nii 140473130235712
write_file 1567635016.4465027 1567635019.4902353 inc-bigbrain_1538_603_0.nii 140473130235712
task_duration 1567635127.4357169 1567635259.6013093 1567634584-optaneAD_1it_25cpus_60delay_withpc-0 140473130235712
read_file 1567635007.438925 1567635007.44043 bigbrain_2307_0_0.nii 140608771348288
increment_file 1567635007.4406874 1567635016.4452937 bigbrain_2307_0_0.nii 140608771348288
write_file 1567635016.4521055 1567635020.7922657 inc-bigbrain_2307_0_0.nii 140608771348288
task_duration 1567635127.4369876 1567635260.8956933 1567634584-optaneAD_1it_25cpus_60delay_withpc-0 140608771348288
read_file 1567635007.4384558 1567635007.4411275 bigbrain_1538_1809_2082.nii 140512045938496
increment_file 1567635007.4415028 1567635016.084704 bigbrain_1538_1809_2082.nii 140512045938496
write_file 1567635016.094381 1567635019.8810833 inc-bigbrain_1538_1809_2082.nii 140512045938496
task_duration 1567635127.4353423 1567635259.9944413 1567634584-optaneAD_1it_25cpus_60delay_withpc-0 140512045938496
read_file 1567635007.4395156 1567635007.4418035 bigbrain_1538_1809_0.nii 139621814269760
increment_file 1567635007.4420867 1567635016.0664253 bigbrain_1538_1809_0.nii 139621814269760
write_file 1567635016.0694318 1567635020.8933017 inc-bigbrain_1538_1809_0.nii 139621814269760
task_duration 1567635127.4363 1567635260.9269257 1567634584-optaneAD_1it_25cpus_60delay_withpc-0 139621814269760
read_file 1567635007.44152 1567635007.4428842 bigbrain_1538_1206_1388.nii 140210836993856
increment_file 1567635007.4431787 1567635016.079586 bigbrain_1538_1206_1388.nii 140210836993856
write_file 1567635016.0826237 1567635020.159061 inc-bigbrain_1538_1206_1388.nii 140210836993856
task_duration 1567635127.4383192 1567635260.2669373 1567634584-optaneAD_1it_25cpus_60delay_withpc-0 140210836993856
read_file 1567635007.4407673 1567635007.443643 bigbrain_1538_2412_2082.nii 139778022135616
increment_file 1567635007.4448693 1567635016.0837643 bigbrain_1538_2412_2082.nii 139778022135616
write_file 1567635016.097741 1567635019.2666047 inc-bigbrain_1538_2412_2082.nii 139778022135616
task_duration 1567635127.436784 1567635259.3770094 1567634584-optaneAD_1it_25cpus_60delay_withpc-0 139778022135616
read_file 1567635007.4422495 1567635007.4448664 bigbrain_1538_1206_2776.nii 139725743511360
increment_file 1567635007.445884 1567635016.0871217 bigbrain_1538_1206_2776.nii 139725743511360
write_file 1567635016.0926933 1567635019.9068015 inc-bigbrain_1538_1206_2776.nii 139725743511360
task_duration 1567635127.4389906 1567635260.010521 1567634584-optaneAD_1it_25cpus_60delay_withpc-0 139725743511360
read_file 1567635007.44216 1567635007.4454238 bigbrain_1538_1206_2082.nii 139758090950464
increment_file 1567635007.4459 1567635016.0786357 bigbrain_1538_1206_2082.nii 139758090950464
write_file 1567635016.087618 1567635019.7723134 inc-bigbrain_1538_1206_2082.nii 139758090950464
task_duration 1567635127.439142 1567635259.8758152 1567634584-optaneAD_1it_25cpus_60delay_withpc-0 139758090950464
read_file 1567635007.4420364 1567635007.4479325 bigbrain_1538_603_694.nii 139905067185984
increment_file 1567635007.4491415 1567635016.4448678 bigbrain_1538_603_694.nii 139905067185984
write_file 1567635016.4491343 1567635020.79981 inc-bigbrain_1538_603_694.nii 139905067185984
task_duration 1567635127.439405 1567635260.902847 1567634584-optaneAD_1it_25cpus_60delay_withpc-0 139905067185984
read_file 1567635007.444705 1567635007.4495485 bigbrain_2307_0_2082.nii 139787994560320
increment_file 1567635007.4509563 1567635016.447655 bigbrain_2307_0_2082.nii 139787994560320
write_file 1567635016.4529994 1567635020.7432919 inc-bigbrain_2307_0_2082.nii 139787994560320
task_duration 1567635127.4409416 1567635260.8469336 1567634584-optaneAD_1it_25cpus_60delay_withpc-0 139787994560320
read_file 1567635007.4453528 1567635007.450442 bigbrain_1538_2412_2776.nii 139685388150592
increment_file 1567635007.4511397 1567635016.4450316 bigbrain_1538_2412_2776.nii 139685388150592
write_file 1567635016.4506135 1567635019.7943761 inc-bigbrain_1538_2412_2776.nii 139685388150592
task_duration 1567635127.442124 1567635259.9061944 1567634584-optaneAD_1it_25cpus_60delay_withpc-0 139685388150592
read_file 1567635007.4459724 1567635007.45083 bigbrain_1538_1206_694.nii 140019553802048
increment_file 1567635007.4526734 1567635016.1097877 bigbrain_1538_1206_694.nii 140019553802048
write_file 1567635016.1194444 1567635019.9438984 inc-bigbrain_1538_1206_694.nii 140019553802048
task_duration 1567635127.4420981 1567635260.0478823 1567634584-optaneAD_1it_25cpus_60delay_withpc-0 140019553802048
read_file 1567635142.175949 1567635142.1773167 bigbrain_2307_0_2776.nii 139912172099392
increment_file 1567635142.177558 1567635142.82444 bigbrain_2307_0_2776.nii 139912172099392
write_file 1567635142.827097 1567635144.4922683 inc-bigbrain_2307_0_2776.nii 139912172099392
task_duration 1567635262.1723416 1567635384.6052828 1567634584-optaneAD_1it_25cpus_60delay_withpc-0 139912172099392
read_file 1567635143.149168 1567635143.1512485 bigbrain_2307_0_694.nii 140182339946304
increment_file 1567635143.1514573 1567635143.6561968 bigbrain_2307_0_694.nii 140182339946304
write_file 1567635143.658481 1567635144.2771711 inc-bigbrain_2307_0_694.nii 140182339946304
task_duration 1567635263.146044 1567635384.389426 1567634584-optaneAD_1it_25cpus_60delay_withpc-0 140182339946304
read_file 1567635145.3909206 1567635145.3928723 bigbrain_2307_1206_0.nii 140304330991424
increment_file 1567635145.3932483 1567635146.0715384 bigbrain_2307_1206_0.nii 140304330991424
write_file 1567635146.0739193 1567635163.7011476 inc-bigbrain_2307_1206_0.nii 140304330991424
task_duration 1567635265.388398 1567635403.8051755 1567634584-optaneAD_1it_25cpus_60delay_withpc-0 140304330991424
read_file 1567635145.464612 1567635145.4670088 bigbrain_2307_1206_2082.nii 140373804947264
increment_file 1567635145.467329 1567635146.159831 bigbrain_2307_1206_2082.nii 140373804947264
write_file 1567635146.1622384 1567635163.6680086 inc-bigbrain_2307_1206_2082.nii 140373804947264
task_duration 1567635265.461344 1567635403.7463355 1567634584-optaneAD_1it_25cpus_60delay_withpc-0 140373804947264
read_file 1567635145.4966252 1567635145.4989462 bigbrain_2307_1206_1388.nii 140049240938304
increment_file 1567635145.4993367 1567635146.1678414 bigbrain_2307_1206_1388.nii 140049240938304
write_file 1567635146.1703327 1567635161.8472729 inc-bigbrain_2307_1206_1388.nii 140049240938304
task_duration 1567635265.493414 1567635401.9538825 1567634584-optaneAD_1it_25cpus_60delay_withpc-0 140049240938304
read_file 1567635145.5117629 1567635145.5135128 bigbrain_2307_1206_2776.nii 140132024809280
increment_file 1567635145.5138469 1567635146.2370186 bigbrain_2307_1206_2776.nii 140132024809280
write_file 1567635146.2394454 1567635163.8146307 inc-bigbrain_2307_1206_2776.nii 140132024809280
task_duration 1567635265.5095322 1567635403.919123 1567634584-optaneAD_1it_25cpus_60delay_withpc-0 140132024809280
read_file 1567635145.7297542 1567635145.7318978 bigbrain_2307_1206_694.nii 140087576500032
increment_file 1567635145.732132 1567635146.9372108 bigbrain_2307_1206_694.nii 140087576500032
write_file 1567635146.9720502 1567635163.1329453 inc-bigbrain_2307_1206_694.nii 140087576500032
task_duration 1567635265.7264888 1567635403.2391272 1567634584-optaneAD_1it_25cpus_60delay_withpc-0 140087576500032
read_file 1567635145.750957 1567635145.753035 bigbrain_2307_1809_0.nii 140703207425856
increment_file 1567635145.7532892 1567635147.3959239 bigbrain_2307_1809_0.nii 140703207425856
write_file 1567635147.4403942 1567635162.5160651 inc-bigbrain_2307_1809_0.nii 140703207425856
task_duration 1567635265.7476978 1567635402.621138 1567634584-optaneAD_1it_25cpus_60delay_withpc-0 140703207425856
read_file 1567635145.8863537 1567635145.8877907 bigbrain_2307_1809_1388.nii 139626473088832
increment_file 1567635145.8880565 1567635151.0615656 bigbrain_2307_1809_1388.nii 139626473088832
write_file 1567635151.1413577 1567635162.5774677 inc-bigbrain_2307_1809_1388.nii 139626473088832
task_duration 1567635265.8845708 1567635402.6853433 1567634584-optaneAD_1it_25cpus_60delay_withpc-0 139626473088832
read_file 1567635146.207938 1567635146.209346 bigbrain_2307_1809_2082.nii 139915227645760
increment_file 1567635146.2096841 1567635160.2988396 bigbrain_2307_1809_2082.nii 139915227645760
write_file 1567635160.3910034 1567635163.5225055 inc-bigbrain_2307_1809_2082.nii 139915227645760
task_duration 1567635266.2047703 1567635403.6251953 1567634584-optaneAD_1it_25cpus_60delay_withpc-0 139915227645760
read_file 1567635146.216737 1567635146.2187092 bigbrain_2307_1809_2776.nii 139798462936896
increment_file 1567635146.219269 1567635160.5064948 bigbrain_2307_1809_2776.nii 139798462936896
write_file 1567635160.5830898 1567635163.2767751 inc-bigbrain_2307_1809_2776.nii 139798462936896
task_duration 1567635266.2131517 1567635403.380673 1567634584-optaneAD_1it_25cpus_60delay_withpc-0 139798462936896
read_file 1567635146.2315164 1567635146.2334213 bigbrain_2307_1809_694.nii 139626201503552
increment_file 1567635146.2338326 1567635160.7916965 bigbrain_2307_1809_694.nii 139626201503552
write_file 1567635160.8627098 1567635163.608695 inc-bigbrain_2307_1809_694.nii 139626201503552
task_duration 1567635266.2293427 1567635403.6143496 1567634584-optaneAD_1it_25cpus_60delay_withpc-0 139626201503552
read_file 1567635146.2785728 1567635146.2798605 bigbrain_2307_2412_0.nii 140166039365440
increment_file 1567635146.28009 1567635158.7894735 bigbrain_2307_2412_0.nii 140166039365440
write_file 1567635158.8204741 1567635164.4117136 inc-bigbrain_2307_2412_0.nii 140166039365440
task_duration 1567635266.2768857 1567635404.5152018 1567634584-optaneAD_1it_25cpus_60delay_withpc-0 140166039365440
read_file 1567635146.3754346 1567635146.3779945 bigbrain_2307_2412_1388.nii 140379671447360
increment_file 1567635146.3783169 1567635159.853377 bigbrain_2307_2412_1388.nii 140379671447360
write_file 1567635159.9092274 1567635165.3458736 inc-bigbrain_2307_2412_1388.nii 140379671447360
task_duration 1567635266.3722134 1567635405.4492846 1567634584-optaneAD_1it_25cpus_60delay_withpc-0 140379671447360
read_file 1567635146.5477552 1567635146.550551 bigbrain_2307_2412_2082.nii 140110167107392
increment_file 1567635146.5541782 1567635161.2337081 bigbrain_2307_2412_2082.nii 140110167107392
write_file 1567635161.2597334 1567635165.4762547 inc-bigbrain_2307_2412_2082.nii 140110167107392
task_duration 1567635266.5446577 1567635405.57997 1567634584-optaneAD_1it_25cpus_60delay_withpc-0 140110167107392
read_file 1567635146.5622249 1567635146.5639427 bigbrain_2307_603_0.nii 139796195645248
increment_file 1567635146.5643263 1567635161.3306355 bigbrain_2307_603_0.nii 139796195645248
write_file 1567635161.3363378 1567635165.037166 inc-bigbrain_2307_603_0.nii 139796195645248
task_duration 1567635266.5604076 1567635405.1403162 1567634584-optaneAD_1it_25cpus_60delay_withpc-0 139796195645248
read_file 1567635146.5733972 1567635146.5787425 bigbrain_2307_2412_694.nii 139737614042944
increment_file 1567635146.579804 1567635161.5267148 bigbrain_2307_2412_694.nii 139737614042944
write_file 1567635161.53129 1567635164.7499857 inc-bigbrain_2307_2412_694.nii 139737614042944
task_duration 1567635266.5705235 1567635404.8532195 1567634584-optaneAD_1it_25cpus_60delay_withpc-0 139737614042944
read_file 1567635146.5810785 1567635146.5851595 bigbrain_2307_603_2776.nii 140661063395136
increment_file 1567635146.5859892 1567635161.3325863 bigbrain_2307_603_2776.nii 140661063395136
write_file 1567635161.3475509 1567635165.359106 inc-bigbrain_2307_603_2776.nii 140661063395136
task_duration 1567635266.5782642 1567635405.4640543 1567634584-optaneAD_1it_25cpus_60delay_withpc-0 140661063395136
read_file 1567635146.5921633 1567635146.5971203 bigbrain_3076_0_1388.nii 139757621823296
increment_file 1567635146.598116 1567635161.3271003 bigbrain_3076_0_1388.nii 139757621823296
write_file 1567635161.3430483 1567635164.6020908 inc-bigbrain_3076_0_1388.nii 139757621823296
task_duration 1567635266.5904365 1567635404.7055445 1567634584-optaneAD_1it_25cpus_60delay_withpc-0 139757621823296
read_file 1567635146.5920074 1567635146.5971527 bigbrain_2307_2412_2776.nii 140222410430272
increment_file 1567635146.5988772 1567635161.5309763 bigbrain_2307_2412_2776.nii 140222410430272
write_file 1567635161.5355196 1567635163.7922716 inc-bigbrain_2307_2412_2776.nii 140222410430272
task_duration 1567635266.5886347 1567635403.9030018 1567634584-optaneAD_1it_25cpus_60delay_withpc-0 140222410430272
read_file 1567635146.59804 1567635146.604051 bigbrain_3076_0_0.nii 140319369684800
increment_file 1567635146.6061838 1567635161.3515837 bigbrain_3076_0_0.nii 140319369684800
write_file 1567635161.3655734 1567635165.2210672 inc-bigbrain_3076_0_0.nii 140319369684800
task_duration 1567635266.5917778 1567635405.3255186 1567634584-optaneAD_1it_25cpus_60delay_withpc-0 140319369684800
read_file 1567635146.6004245 1567635146.6082954 bigbrain_2307_603_2082.nii 140162933208896
increment_file 1567635146.6101968 1567635161.3636026 bigbrain_2307_603_2082.nii 140162933208896
write_file 1567635161.3700206 1567635165.1462803 inc-bigbrain_2307_603_2082.nii 140162933208896
task_duration 1567635266.5933707 1567635405.2500274 1567634584-optaneAD_1it_25cpus_60delay_withpc-0 140162933208896
read_file 1567635146.6100142 1567635146.6202924 bigbrain_2307_603_694.nii 140199415011136
increment_file 1567635146.6223645 1567635161.3669045 bigbrain_2307_603_694.nii 140199415011136
write_file 1567635161.3714538 1567635164.8898954 inc-bigbrain_2307_603_694.nii 140199415011136
task_duration 1567635266.603413 1567635404.9946482 1567634584-optaneAD_1it_25cpus_60delay_withpc-0 140199415011136
read_file 1567635146.612286 1567635146.6277423 bigbrain_2307_603_1388.nii 139925761177408
increment_file 1567635146.6304724 1567635161.5322068 bigbrain_2307_603_1388.nii 139925761177408
write_file 1567635161.5350444 1567635164.7325637 inc-bigbrain_2307_603_1388.nii 139925761177408
task_duration 1567635266.607524 1567635404.8360882 1567634584-optaneAD_1it_25cpus_60delay_withpc-0 139925761177408
read_file 1567635146.764177 1567635146.7750545 bigbrain_3076_0_2082.nii 140183245375296
increment_file 1567635146.7781682 1567635161.5414286 bigbrain_3076_0_2082.nii 140183245375296
write_file 1567635161.545047 1567635164.7931054 inc-bigbrain_3076_0_2082.nii 140183245375296
task_duration 1567635266.7559314 1567635404.8979878 1567634584-optaneAD_1it_25cpus_60delay_withpc-0 140183245375296
read_file 1567635265.453862 1567635265.455666 bigbrain_3076_0_2776.nii 140371692156736
increment_file 1567635265.4559057 1567635266.0280707 bigbrain_3076_0_2776.nii 140371692156736
write_file 1567635266.03032 1567635266.6365862 inc-bigbrain_3076_0_2776.nii 140371692156736
task_duration 1567635385.4506564 1567635506.7455196 1567634584-optaneAD_1it_25cpus_60delay_withpc-0 140371692156736
read_file 1567635265.4560425 1567635265.4575038 bigbrain_3076_0_694.nii 140137229002560
increment_file 1567635265.4577107 1567635266.0732422 bigbrain_3076_0_694.nii 140137229002560
write_file 1567635266.0754044 1567635267.6757212 inc-bigbrain_3076_0_694.nii 140137229002560
task_duration 1567635385.453214 1567635507.785829 1567634584-optaneAD_1it_25cpus_60delay_withpc-0 140137229002560
read_file 1567635282.756302 1567635282.7573228 bigbrain_3076_1206_0.nii 140100570601280
increment_file 1567635282.7575278 1567635283.3346622 bigbrain_3076_1206_0.nii 140100570601280
write_file 1567635283.3369367 1567635285.161589 inc-bigbrain_3076_1206_0.nii 140100570601280
task_duration 1567635402.7538102 1567635525.2652347 1567634584-optaneAD_1it_25cpus_60delay_withpc-0 140100570601280
read_file 1567635283.4176216 1567635283.4191725 bigbrain_3076_1206_1388.nii 140440671336256
increment_file 1567635283.4194493 1567635283.9560056 bigbrain_3076_1206_1388.nii 140440671336256
write_file 1567635283.9584315 1567635284.615066 inc-bigbrain_3076_1206_1388.nii 140440671336256
task_duration 1567635403.4155498 1567635524.7285583 1567634584-optaneAD_1it_25cpus_60delay_withpc-0 140440671336256
read_file 1567635283.5180352 1567635283.5195181 bigbrain_3076_1206_2082.nii 140717025896256
increment_file 1567635283.5197918 1567635284.0982313 bigbrain_3076_1206_2082.nii 140717025896256
write_file 1567635284.1005363 1567635284.7558498 inc-bigbrain_3076_1206_2082.nii 140717025896256
task_duration 1567635403.5160422 1567635524.7844481 1567634584-optaneAD_1it_25cpus_60delay_withpc-0 140717025896256
read_file 1567635284.6816027 1567635284.683209 bigbrain_3076_1206_2776.nii 139920843085632
increment_file 1567635284.6834843 1567635285.2161567 bigbrain_3076_1206_2776.nii 139920843085632
write_file 1567635285.2188144 1567635285.8483837 inc-bigbrain_3076_1206_2776.nii 139920843085632
task_duration 1567635404.6794338 1567635525.9530468 1567634584-optaneAD_1it_25cpus_60delay_withpc-0 139920843085632
read_file 1567635285.0909872 1567635285.0932624 bigbrain_3076_1206_694.nii 139622659635008
increment_file 1567635285.0934844 1567635285.6702743 bigbrain_3076_1206_694.nii 139622659635008
write_file 1567635285.6727388 1567635286.3116407 inc-bigbrain_3076_1206_694.nii 139622659635008
task_duration 1567635405.0878594 1567635526.4182172 1567634584-optaneAD_1it_25cpus_60delay_withpc-0 139622659635008
read_file 1567635286.584403 1567635286.5856051 bigbrain_3076_1809_0.nii 140135308396352
increment_file 1567635286.5858164 1567635287.1362197 bigbrain_3076_1809_0.nii 140135308396352
write_file 1567635287.138519 1567635288.5580683 inc-bigbrain_3076_1809_0.nii 140135308396352
task_duration 1567635406.5827932 1567635528.6647954 1567634584-optaneAD_1it_25cpus_60delay_withpc-0 140135308396352
read_file 1567635286.5887423 1567635286.5899854 bigbrain_3076_1809_1388.nii 140394111424320
increment_file 1567635286.5901854 1567635287.1401858 bigbrain_3076_1809_1388.nii 140394111424320
write_file 1567635287.1427717 1567635288.5652711 inc-bigbrain_3076_1809_1388.nii 140394111424320
task_duration 1567635406.5871124 1567635528.678849 1567634584-optaneAD_1it_25cpus_60delay_withpc-0 140394111424320
read_file 1567635287.007621 1567635287.0088296 bigbrain_3076_1809_2082.nii 139749050808128
increment_file 1567635287.009068 1567635288.073432 bigbrain_3076_1809_2082.nii 139749050808128
write_file 1567635288.076383 1567635298.0821614 inc-bigbrain_3076_1809_2082.nii 139749050808128
task_duration 1567635407.0053606 1567635538.190005 1567634584-optaneAD_1it_25cpus_60delay_withpc-0 139749050808128
read_file 1567635287.2125196 1567635287.2142525 bigbrain_3076_1809_2776.nii 139930332403520
increment_file 1567635287.2146235 1567635288.4782958 bigbrain_3076_1809_2776.nii 139930332403520
write_file 1567635288.4810948 1567635298.253419 inc-bigbrain_3076_1809_2776.nii 139930332403520
task_duration 1567635407.2103748 1567635538.35744 1567634584-optaneAD_1it_25cpus_60delay_withpc-0 139930332403520
read_file 1567635287.4442813 1567635287.446178 bigbrain_3076_1809_694.nii 140329796695872
increment_file 1567635287.4465413 1567635288.484301 bigbrain_3076_1809_694.nii 140329796695872
write_file 1567635288.4889302 1567635296.6840177 inc-bigbrain_3076_1809_694.nii 140329796695872
task_duration 1567635407.441775 1567635536.7974553 1567634584-optaneAD_1it_25cpus_60delay_withpc-0 140329796695872
read_file 1567635287.4822264 1567635287.4838398 bigbrain_3076_2412_0.nii 140491562149696
increment_file 1567635287.484128 1567635288.5203648 bigbrain_3076_2412_0.nii 140491562149696
write_file 1567635288.5253587 1567635296.6541684 inc-bigbrain_3076_2412_0.nii 140491562149696
task_duration 1567635407.4804227 1567635536.7601283 1567634584-optaneAD_1it_25cpus_60delay_withpc-0 140491562149696
read_file 1567635288.40578 1567635288.4076774 bigbrain_3076_2412_1388.nii 140395898640192
increment_file 1567635288.407987 1567635293.6884 bigbrain_3076_2412_1388.nii 140395898640192
write_file 1567635293.7321174 1567635298.6772223 inc-bigbrain_3076_2412_1388.nii 140395898640192
task_duration 1567635408.4036565 1567635538.780234 1567634584-optaneAD_1it_25cpus_60delay_withpc-0 140395898640192
read_file 1567635288.6483233 1567635288.6501594 bigbrain_3076_2412_2082.nii 139924659935040
increment_file 1567635288.651406 1567635294.9501286 bigbrain_3076_2412_2082.nii 139924659935040
write_file 1567635294.971447 1567635298.8092902 inc-bigbrain_3076_2412_2082.nii 139924659935040
task_duration 1567635408.6459684 1567635538.9131486 1567634584-optaneAD_1it_25cpus_60delay_withpc-0 139924659935040
read_file 1567635288.749224 1567635288.7512827 bigbrain_3076_2412_2776.nii 140241099945792
increment_file 1567635288.751717 1567635295.3190782 bigbrain_3076_2412_2776.nii 140241099945792
write_file 1567635295.3555284 1567635298.1510055 inc-bigbrain_3076_2412_2776.nii 140241099945792
task_duration 1567635408.7466474 1567635538.1847248 1567634584-optaneAD_1it_25cpus_60delay_withpc-0 140241099945792
read_file 1567635288.7900674 1567635288.7919555 bigbrain_3076_603_0.nii 139645063948096
increment_file 1567635288.7923558 1567635295.4714885 bigbrain_3076_603_0.nii 139645063948096
write_file 1567635295.509373 1567635298.1805053 inc-bigbrain_3076_603_0.nii 139645063948096
task_duration 1567635408.7879303 1567635538.2842264 1567634584-optaneAD_1it_25cpus_60delay_withpc-0 139645063948096
read_file 1567635288.8447056 1567635288.8470259 bigbrain_3076_2412_694.nii 139655566100288
increment_file 1567635288.8476942 1567635295.7681518 bigbrain_3076_2412_694.nii 139655566100288
write_file 1567635295.797111 1567635297.8176978 inc-bigbrain_3076_2412_694.nii 139655566100288
task_duration 1567635408.8408551 1567635537.922798 1567634584-optaneAD_1it_25cpus_60delay_withpc-0 139655566100288
read_file 1567635288.8879564 1567635288.8895583 bigbrain_3076_603_1388.nii 140439477978944
increment_file 1567635288.8901327 1567635295.7631562 bigbrain_3076_603_1388.nii 140439477978944
write_file 1567635295.7774258 1567635298.643886 inc-bigbrain_3076_603_1388.nii 140439477978944
task_duration 1567635408.886056 1567635538.747749 1567634584-optaneAD_1it_25cpus_60delay_withpc-0 140439477978944
read_file 1567635288.9770527 1567635288.9785297 bigbrain_3076_603_2082.nii 140631291275072
increment_file 1567635288.9787989 1567635296.0199325 bigbrain_3076_603_2082.nii 140631291275072
write_file 1567635296.0251648 1567635298.6098921 inc-bigbrain_3076_603_2082.nii 140631291275072
task_duration 1567635408.974528 1567635538.6370013 1567634584-optaneAD_1it_25cpus_60delay_withpc-0 140631291275072
read_file 1567635288.990551 1567635288.9917343 bigbrain_3076_603_2776.nii 139761545119552
increment_file 1567635288.99198 1567635295.9239843 bigbrain_3076_603_2776.nii 139761545119552
write_file 1567635295.927332 1567635298.845912 inc-bigbrain_3076_603_2776.nii 139761545119552
task_duration 1567635408.9882338 1567635538.948624 1567634584-optaneAD_1it_25cpus_60delay_withpc-0 139761545119552
read_file 1567635289.0776021 1567635289.0811646 bigbrain_3076_603_694.nii 140552422471488
increment_file 1567635289.082101 1567635296.043046 bigbrain_3076_603_694.nii 140552422471488
write_file 1567635296.0474782 1567635298.798 inc-bigbrain_3076_603_694.nii 140552422471488
task_duration 1567635409.073333 1567635538.9015589 1567634584-optaneAD_1it_25cpus_60delay_withpc-0 140552422471488
read_file 1567635289.100588 1567635289.1049948 bigbrain_769_0_0.nii 140199222622016
increment_file 1567635289.1054397 1567635296.0815287 bigbrain_769_0_0.nii 140199222622016
write_file 1567635296.0863488 1567635297.9033155 inc-bigbrain_769_0_0.nii 140199222622016
task_duration 1567635409.0982735 1567635538.00874 1567634584-optaneAD_1it_25cpus_60delay_withpc-0 140199222622016
read_file 1567635289.1130016 1567635289.1178434 bigbrain_769_0_1388.nii 140523396360000
increment_file 1567635289.1184833 1567635296.0837443 bigbrain_769_0_1388.nii 140523396360000
write_file 1567635296.088277 1567635297.9155579 inc-bigbrain_769_0_1388.nii 140523396360000
task_duration 1567635409.1104052 1567635538.0208473 1567634584-optaneAD_1it_25cpus_60delay_withpc-0 140523396360000
read_file 1567635289.1674695 1567635289.1740394 bigbrain_769_0_2082.nii 140171825047360
increment_file 1567635289.1751819 1567635296.0901103 bigbrain_769_0_2082.nii 140171825047360
write_file 1567635296.0934968 1567635297.9006405 inc-bigbrain_769_0_2082.nii 140171825047360
task_duration 1567635409.163602 1567635538.0059686 1567634584-optaneAD_1it_25cpus_60delay_withpc-0 140171825047360
read_file 1567635387.6951194 1567635387.6964161 bigbrain_769_0_2776.nii 140576775685952
increment_file 1567635387.696694 1567635388.1934416 bigbrain_769_0_2776.nii 140576775685952
write_file 1567635388.1957343 1567635388.8271308 inc-bigbrain_769_0_2776.nii 140576775685952
task_duration 1567635507.6928298 1567635628.941172 1567634584-optaneAD_1it_25cpus_60delay_withpc-0 140576775685952
read_file 1567635388.5134444 1567635388.5150454 bigbrain_769_0_694.nii 140054406104896
increment_file 1567635388.5153437 1567635389.0926034 bigbrain_769_0_694.nii 140054406104896
write_file 1567635389.0947862 1567635390.6308913 inc-bigbrain_769_0_694.nii 140054406104896
task_duration 1567635508.5110815 1567635630.7397544 1567634584-optaneAD_1it_25cpus_60delay_withpc-0 140054406104896
read_file 1567635405.7176118 1567635405.7189043 bigbrain_769_1206_0.nii 139868555499328
increment_file 1567635405.7191489 1567635406.2547126 bigbrain_769_1206_0.nii 139868555499328
write_file 1567635406.257367 1567635407.383241 inc-bigbrain_769_1206_0.nii 139868555499328
task_duration 1567635525.7158508 1567635647.4943976 1567634584-optaneAD_1it_25cpus_60delay_withpc-0 139868555499328
read_file 1567635405.7582335 1567635405.7594573 bigbrain_769_1206_1388.nii 140242412496704
increment_file 1567635405.7597113 1567635406.304717 bigbrain_769_1206_1388.nii 140242412496704
write_file 1567635406.3071294 1567635407.4448087 inc-bigbrain_769_1206_1388.nii 140242412496704
task_duration 1567635525.7566364 1567635647.554846 1567634584-optaneAD_1it_25cpus_60delay_withpc-0 140242412496704
read_file 1567635406.1351566 1567635406.136296 bigbrain_769_1206_2082.nii 140232529037120
increment_file 1567635406.1365345 1567635407.0085764 bigbrain_769_1206_2082.nii 140232529037120
write_file 1567635407.0109181 1567635408.899189 inc-bigbrain_769_1206_2082.nii 140232529037120
task_duration 1567635526.1334915 1567635649.0133214 1567634584-optaneAD_1it_25cpus_60delay_withpc-0 140232529037120
read_file 1567635406.6077976 1567635406.6092932 bigbrain_769_1206_2776.nii 139703138838336
increment_file 1567635406.6096392 1567635407.5694559 bigbrain_769_1206_2776.nii 139703138838336
write_file 1567635407.5717852 1567635409.2643309 inc-bigbrain_769_1206_2776.nii 139703138838336
task_duration 1567635526.6057656 1567635649.369522 1567634584-optaneAD_1it_25cpus_60delay_withpc-0 139703138838336
read_file 1567635407.0869303 1567635407.0880063 bigbrain_769_1206_694.nii 140291721328448
increment_file 1567635407.0882337 1567635407.7259915 bigbrain_769_1206_694.nii 140291721328448
write_file 1567635407.7281735 1567635408.360998 inc-bigbrain_769_1206_694.nii 140291721328448
task_duration 1567635527.0854518 1567635648.474127 1567634584-optaneAD_1it_25cpus_60delay_withpc-0 140291721328448
read_file 1567635409.478002 1567635409.4794009 bigbrain_769_1809_0.nii 139901645092672
increment_file 1567635409.479656 1567635410.0861359 bigbrain_769_1809_0.nii 139901645092672
write_file 1567635410.0884688 1567635411.692203 inc-bigbrain_769_1809_0.nii 139901645092672
task_duration 1567635529.47608 1567635651.8046596 1567634584-optaneAD_1it_25cpus_60delay_withpc-0 139901645092672
read_file 1567635409.4835253 1567635409.4852712 bigbrain_769_1809_1388.nii 139896609486656
increment_file 1567635409.4854965 1567635410.0470622 bigbrain_769_1809_1388.nii 139896609486656
write_file 1567635410.049277 1567635410.6550038 inc-bigbrain_769_1809_1388.nii 139896609486656
task_duration 1567635529.4809263 1567635650.7633584 1567634584-optaneAD_1it_25cpus_60delay_withpc-0 139896609486656
read_file 1567635417.6838882 1567635417.6852403 bigbrain_769_1809_2082.nii 140197992187712
increment_file 1567635417.6855114 1567635418.2852561 bigbrain_769_1809_2082.nii 140197992187712
write_file 1567635418.2876704 1567635419.9528618 inc-bigbrain_769_1809_2082.nii 140197992187712
task_duration 1567635537.6819506 1567635660.0642083 1567634584-optaneAD_1it_25cpus_60delay_withpc-0 140197992187712
read_file 1567635417.7128432 1567635417.714094 bigbrain_769_1809_2776.nii 139653432035136
increment_file 1567635417.7143295 1567635418.3137112 bigbrain_769_1809_2776.nii 139653432035136
write_file 1567635418.3161087 1567635418.965236 inc-bigbrain_769_1809_2776.nii 139653432035136
task_duration 1567635537.7110002 1567635659.074871 1567634584-optaneAD_1it_25cpus_60delay_withpc-0 139653432035136
read_file 1567635420.1688128 1567635420.1701162 bigbrain_769_1809_694.nii 140303127656256
increment_file 1567635420.1703596 1567635420.768885 bigbrain_769_1809_694.nii 140303127656256
write_file 1567635420.771299 1567635426.9535828 inc-bigbrain_769_1809_694.nii 140303127656256
task_duration 1567635540.1655893 1567635667.062767 1567634584-optaneAD_1it_25cpus_60delay_withpc-0 140303127656256
read_file 1567635420.551762 1567635420.553672 bigbrain_769_2412_0.nii 140538849380160
increment_file 1567635420.5540245 1567635421.2959163 bigbrain_769_2412_0.nii 140538849380160
write_file 1567635421.3004465 1567635426.1864932 inc-bigbrain_769_2412_0.nii 140538849380160
task_duration 1567635540.549083 1567635666.2942038 1567634584-optaneAD_1it_25cpus_60delay_withpc-0 140538849380160
read_file 1567635420.5889914 1567635420.590416 bigbrain_769_2412_1388.nii 140195735508800
increment_file 1567635420.5906987 1567635421.483249 bigbrain_769_2412_1388.nii 140195735508800
write_file 1567635421.4918756 1567635426.2790549 inc-bigbrain_769_2412_1388.nii 140195735508800
task_duration 1567635540.5871258 1567635666.3863904 1567634584-optaneAD_1it_25cpus_60delay_withpc-0 140195735508800
read_file 1567635420.6285546 1567635420.6298387 bigbrain_769_2412_2082.nii 139809604314944
increment_file 1567635420.6300924 1567635421.7944868 bigbrain_769_2412_2082.nii 139809604314944
write_file 1567635421.8086865 1567635426.3059046 inc-bigbrain_769_2412_2082.nii 139809604314944
task_duration 1567635540.62632 1567635666.4134133 1567634584-optaneAD_1it_25cpus_60delay_withpc-0 139809604314944
read_file 1567635420.8499255 1567635420.8511574 bigbrain_769_2412_2776.nii 140357470189376
increment_file 1567635420.8513973 1567635423.7280142 bigbrain_769_2412_2776.nii 140357470189376
write_file 1567635423.7516503 1567635426.5125577 inc-bigbrain_769_2412_2776.nii 140357470189376
task_duration 1567635540.8468676 1567635666.6204317 1567634584-optaneAD_1it_25cpus_60delay_withpc-0 140357470189376
read_file 1567635420.8661132 1567635420.867188 bigbrain_769_2412_694.nii 140113558222656
increment_file 1567635420.8673966 1567635424.5012107 bigbrain_769_2412_694.nii 140113558222656
write_file 1567635424.522462 1567635427.2024074 inc-bigbrain_769_2412_694.nii 140113558222656
task_duration 1567635540.8634582 1567635667.3131504 1567634584-optaneAD_1it_25cpus_60delay_withpc-0 140113558222656
read_file 1567635420.924848 1567635420.9270732 bigbrain_769_603_0.nii 139941623686976
increment_file 1567635420.9272912 1567635424.893493 bigbrain_769_603_0.nii 139941623686976
write_file 1567635424.91015 1567635427.4272318 inc-bigbrain_769_603_0.nii 139941623686976
task_duration 1567635540.9218798 1567635667.5328743 1567634584-optaneAD_1it_25cpus_60delay_withpc-0 139941623686976
read_file 1567635420.9763958 1567635420.9782367 bigbrain_769_603_1388.nii 140037152732992
increment_file 1567635420.9785802 1567635424.7156508 bigbrain_769_603_1388.nii 140037152732992
write_file 1567635424.7337825 1567635426.554971 inc-bigbrain_769_603_1388.nii 140037152732992
task_duration 1567635540.9739637 1567635666.6626134 1567634584-optaneAD_1it_25cpus_60delay_withpc-0 140037152732992
read_file 1567635421.0485852 1567635421.0496616 bigbrain_769_603_2082.nii 139895731783488
increment_file 1567635421.0499027 1567635425.301127 bigbrain_769_603_2082.nii 139895731783488
write_file 1567635425.3040707 1567635427.4194264 inc-bigbrain_769_603_2082.nii 139895731783488
task_duration 1567635541.0466125 1567635667.529451 1567634584-optaneAD_1it_25cpus_60delay_withpc-0 139895731783488
read_file 1567635421.095739 1567635421.097281 bigbrain_769_603_2776.nii 140430814889792
increment_file 1567635421.0975862 1567635425.384397 bigbrain_769_603_2776.nii 140430814889792
write_file 1567635425.3871708 1567635427.593136 inc-bigbrain_769_603_2776.nii 140430814889792
task_duration 1567635541.0936801 1567635667.7036898 1567634584-optaneAD_1it_25cpus_60delay_withpc-0 140430814889792
read_file 1567635421.1176503 1567635421.1194346 bigbrain_769_603_694.nii 139696675985216
increment_file 1567635421.1199121 1567635425.1380098 bigbrain_769_603_694.nii 139696675985216
write_file 1567635425.15694 1567635426.5974503 inc-bigbrain_769_603_694.nii 139696675985216
task_duration 1567635541.1156068 1567635666.7053952 1567634584-optaneAD_1it_25cpus_60delay_withpc-0 139696675985216
