read_file 1567615341.6985872 1567615351.386947 bigbrain_1538_2412_694.nii 139987943176000
increment_file 1567615459.265239 1567615500.4565651 bigbrain_1538_2412_694.nii 139987943176000
write_file 1567615871.1968985 1567616043.276538 inc-bigbrain_1538_2412_694.nii 139987943176000
task_duration 1567615341.6955948 1567616382.5573797 1567615292-isilon_1it_96cpus_0delay_npc-0 139987943176000
read_file 1567615341.1420958 1567615341.6954358 bigbrain_1538_1809_0.nii 139788760909632
increment_file 1567615369.9765694 1567615382.2147667 bigbrain_1538_1809_0.nii 139788760909632
write_file 1567615659.4838958 1567615915.591948 inc-bigbrain_1538_1809_0.nii 139788760909632
task_duration 1567615341.1400502 1567616242.9184244 1567615292-isilon_1it_96cpus_0delay_npc-0 139788760909632
read_file 1567615347.451633 1567615363.305203 bigbrain_769_0_694.nii 140149249693504
increment_file 1567615528.7536957 1567615570.8042636 bigbrain_769_0_694.nii 140149249693504
write_file 1567615897.453429 1567616148.7904525 inc-bigbrain_769_0_694.nii 140149249693504
task_duration 1567615347.2736983 1567616383.9217947 1567615292-isilon_1it_96cpus_0delay_npc-0 140149249693504
read_file 1567615341.3142147 1567615341.8352747 bigbrain_1538_1206_1388.nii 139787963561792
increment_file 1567615414.99161 1567615447.765533 bigbrain_1538_1206_1388.nii 139787963561792
write_file 1567615868.7496994 1567616009.552506 inc-bigbrain_1538_1206_1388.nii 139787963561792
task_duration 1567615341.3021815 1567616381.8094459 1567615292-isilon_1it_96cpus_0delay_npc-0 139787963561792
read_file 1567615378.9309793 1567615395.113587 bigbrain_769_1809_2776.nii 140126427813696
increment_file 1567615734.5093186 1567615774.088995 bigbrain_769_1809_2776.nii 140126427813696
write_file 1567615913.4968028 1567616307.8291202 inc-bigbrain_769_1809_2776.nii 140126427813696
task_duration 1567615378.7518969 1567616383.945817 1567615292-isilon_1it_96cpus_0delay_npc-0 140126427813696
read_file 1567615377.968908 1567615394.709472 bigbrain_3076_2412_694.nii 140323198957376
increment_file 1567615728.2299843 1567615767.8334112 bigbrain_3076_2412_694.nii 140323198957376
write_file 1567615914.9857445 1567616320.5687563 inc-bigbrain_3076_2412_694.nii 140323198957376
task_duration 1567615377.7714999 1567616383.9465666 1567615292-isilon_1it_96cpus_0delay_npc-0 140323198957376
read_file 1567615341.7383244 1567615352.6159003 bigbrain_1538_2412_1388.nii 140281960089408
increment_file 1567615474.2587826 1567615512.9309614 bigbrain_1538_2412_1388.nii 140281960089408
write_file 1567615873.223415 1567616069.4477017 inc-bigbrain_1538_2412_1388.nii 140281960089408
task_duration 1567615341.706907 1567616383.0728064 1567615292-isilon_1it_96cpus_0delay_npc-0 140281960089408
read_file 1567615373.591522 1567615389.718858 bigbrain_769_0_1388.nii 140180498544448
increment_file 1567615700.100371 1567615742.3443232 bigbrain_769_0_1388.nii 140180498544448
write_file 1567615911.6003754 1567616291.2567701 inc-bigbrain_769_0_1388.nii 140180498544448
task_duration 1567615373.4135642 1567616383.9441812 1567615292-isilon_1it_96cpus_0delay_npc-0 140180498544448
read_file 1567615358.2723546 1567615374.345884 bigbrain_3076_2412_0.nii 139908971599680
increment_file 1567615601.1632118 1567615645.5255322 bigbrain_3076_2412_0.nii 139908971599680
write_file 1567615907.42724 1567616223.0171747 inc-bigbrain_3076_2412_0.nii 139908971599680
task_duration 1567615358.0744216 1567616383.9333904 1567615292-isilon_1it_96cpus_0delay_npc-0 139908971599680
read_file 1567615341.584648 1567615347.5111449 bigbrain_1538_2412_0.nii 139959226255168
increment_file 1567615447.8972847 1567615493.2846549 bigbrain_1538_2412_0.nii 139959226255168
write_file 1567615871.0493693 1567616048.2847993 inc-bigbrain_1538_2412_0.nii 139959226255168
task_duration 1567615341.5558257 1567616382.6541436 1567615292-isilon_1it_96cpus_0delay_npc-0 139959226255168
read_file 1567615390.047162 1567615405.4825635 bigbrain_769_603_1388.nii 140157062268736
increment_file 1567615782.5044568 1567615823.6139507 bigbrain_769_603_1388.nii 140157062268736
write_file 1567615922.4216359 1567616367.9402447 inc-bigbrain_769_603_1388.nii 140157062268736
task_duration 1567615389.8608615 1567616383.135421 1567615292-isilon_1it_96cpus_0delay_npc-0 140157062268736
read_file 1567615350.4879024 1567615367.2383335 bigbrain_3076_1206_0.nii 139638124484416
increment_file 1567615550.8705149 1567615592.9763045 bigbrain_3076_1206_0.nii 139638124484416
write_file 1567615905.300766 1567616201.4224906 inc-bigbrain_3076_1206_0.nii 139638124484416
task_duration 1567615350.3001149 1567616383.9312553 1567615292-isilon_1it_96cpus_0delay_npc-0 139638124484416
read_file 1567615362.9385686 1567615378.0512602 bigbrain_3076_0_2082.nii 140038012823360
increment_file 1567615624.0913897 1567615667.233142 bigbrain_3076_0_2082.nii 140038012823360
write_file 1567615904.570087 1567616182.5772827 inc-bigbrain_3076_0_2082.nii 140038012823360
task_duration 1567615362.760703 1567616383.9266512 1567615292-isilon_1it_96cpus_0delay_npc-0 140038012823360
read_file 1567615363.2236173 1567615378.1863668 bigbrain_2307_2412_2082.nii 140496326833984
increment_file 1567615627.1575422 1567615670.2907639 bigbrain_2307_2412_2082.nii 140496326833984
write_file 1567615888.0422692 1567616132.097807 inc-bigbrain_2307_2412_2082.nii 140496326833984
task_duration 1567615363.027571 1567616383.912207 1567615292-isilon_1it_96cpus_0delay_npc-0 140496326833984
read_file 1567615341.4023457 1567615341.9236045 bigbrain_2307_603_2082.nii 139754446395200
increment_file 1567615422.1018095 1567615463.1419532 bigbrain_2307_603_2082.nii 139754446395200
write_file 1567615869.1536288 1567616024.1306157 inc-bigbrain_2307_603_2082.nii 139754446395200
task_duration 1567615341.3939676 1567616382.0852654 1567615292-isilon_1it_96cpus_0delay_npc-0 139754446395200
read_file 1567615348.4140778 1567615365.3488631 bigbrain_2307_1206_1388.nii 140119341578048
increment_file 1567615541.3531027 1567615581.450422 bigbrain_2307_1206_1388.nii 140119341578048
write_file 1567615881.6453176 1567616126.6159735 inc-bigbrain_2307_1206_1388.nii 140119341578048
task_duration 1567615348.2434053 1567616383.8498924 1567615292-isilon_1it_96cpus_0delay_npc-0 140119341578048
read_file 1567615341.5391636 1567615346.9956007 bigbrain_1538_603_2776.nii 140410233120576
increment_file 1567615432.9719396 1567615478.80939 bigbrain_1538_603_2776.nii 140410233120576
write_file 1567615870.9096642 1567616038.7052786 inc-bigbrain_1538_603_2776.nii 140410233120576
task_duration 1567615341.5211878 1567616382.2813458 1567615292-isilon_1it_96cpus_0delay_npc-0 140410233120576
read_file 1567615341.1632395 1567615341.769234 bigbrain_1538_1809_2776.nii 140293656106816
increment_file 1567615390.8046618 1567615406.1229084 bigbrain_1538_1809_2776.nii 140293656106816
write_file 1567615790.7657597 1567615949.32846 inc-bigbrain_1538_1809_2776.nii 140293656106816
task_duration 1567615341.1605823 1567616381.249753 1567615292-isilon_1it_96cpus_0delay_npc-0 140293656106816
read_file 1567615341.3419323 1567615341.917769 bigbrain_1538_1206_2082.nii 140695728781120
increment_file 1567615419.8116202 1567615458.1883092 bigbrain_1538_1206_2082.nii 140695728781120
write_file 1567615869.0189242 1567616019.7246683 inc-bigbrain_1538_1206_2082.nii 140695728781120
task_duration 1567615341.3278828 1567616382.005089 1567615292-isilon_1it_96cpus_0delay_npc-0 140695728781120
read_file 1567615380.8080826 1567615397.5923855 bigbrain_3076_603_2082.nii 140631322318656
increment_file 1567615745.3925726 1567615787.6925952 bigbrain_3076_603_2082.nii 140631322318656
write_file 1567615915.2530644 1567616325.3036275 inc-bigbrain_3076_603_2082.nii 140631322318656
task_duration 1567615380.369235 1567616383.946567 1567615292-isilon_1it_96cpus_0delay_npc-0 140631322318656
read_file 1567615341.6123483 1567615347.5152097 bigbrain_2307_2412_2776.nii 139631633672000
increment_file 1567615453.1256013 1567615494.4598444 bigbrain_2307_2412_2776.nii 139631633672000
write_file 1567615871.3247514 1567616055.599585 inc-bigbrain_2307_2412_2776.nii 139631633672000
task_duration 1567615341.5992339 1567616382.7872372 1567615292-isilon_1it_96cpus_0delay_npc-0 139631633672000
read_file 1567615384.4068937 1567615399.6224918 bigbrain_3076_1809_694.nii 139854226556736
increment_file 1567615757.2752402 1567615798.5984962 bigbrain_3076_1809_694.nii 139854226556736
write_file 1567615918.206249 1567616351.3923426 inc-bigbrain_3076_1809_694.nii 139854226556736
task_duration 1567615384.149576 1567616359.8905947 1567615292-isilon_1it_96cpus_0delay_npc-0 139854226556736
read_file 1567615386.9899333 1567615401.7961724 bigbrain_3076_1809_2082.nii 140651068704576
increment_file 1567615764.9440703 1567615808.1700702 bigbrain_3076_1809_2082.nii 140651068704576
write_file 1567615916.2496076 1567616345.0686023 inc-bigbrain_3076_1809_2082.nii 140651068704576
task_duration 1567615386.730301 1567616356.2830482 1567615292-isilon_1it_96cpus_0delay_npc-0 140651068704576
read_file 1567615364.362907 1567615379.2832723 bigbrain_3076_0_0.nii 140260805244736
increment_file 1567615643.402008 1567615686.4277225 bigbrain_3076_0_0.nii 140260805244736
write_file 1567615908.0334475 1567616232.7661202 inc-bigbrain_3076_0_0.nii 140260805244736
task_duration 1567615364.134006 1567616383.9351363 1567615292-isilon_1it_96cpus_0delay_npc-0 140260805244736
read_file 1567615354.9940927 1567615372.1778944 bigbrain_2307_1809_2082.nii 139974046041920
increment_file 1567615583.0613327 1567615625.5450144 bigbrain_2307_1809_2082.nii 139974046041920
write_file 1567615911.0924785 1567616263.1196613 inc-bigbrain_2307_1809_2082.nii 139974046041920
task_duration 1567615354.805283 1567616383.9406638 1567615292-isilon_1it_96cpus_0delay_npc-0 139974046041920
read_file 1567615395.0315585 1567615410.7038746 bigbrain_769_2412_2082.nii 140330751739712
increment_file 1567615806.5924742 1567615846.6365464 bigbrain_769_2412_2082.nii 140330751739712
write_file 1567615923.0365994 1567616383.9173863 inc-bigbrain_769_2412_2082.nii 140330751739712
task_duration 1567615394.8520324 1567616384.0498776 1567615292-isilon_1it_96cpus_0delay_npc-0 140330751739712
read_file 1567615359.3537374 1567615375.583479 bigbrain_3076_2412_2776.nii 140035876288320
increment_file 1567615614.3687987 1567615657.5874412 bigbrain_3076_2412_2776.nii 140035876288320
write_file 1567615903.2434368 1567616172.268756 inc-bigbrain_3076_2412_2776.nii 140035876288320
task_duration 1567615359.1749895 1567616383.925621 1567615292-isilon_1it_96cpus_0delay_npc-0 140035876288320
read_file 1567615341.2002017 1567615341.7924247 bigbrain_1538_2412_2082.nii 139946287617856
increment_file 1567615395.8206263 1567615410.8268514 bigbrain_1538_2412_2082.nii 139946287617856
write_file 1567615813.2276924 1567615961.962202 inc-bigbrain_1538_2412_2082.nii 139946287617856
task_duration 1567615341.1724606 1567616381.4534705 1567615292-isilon_1it_96cpus_0delay_npc-0 139946287617856
read_file 1567615404.3937485 1567615416.475738 bigbrain_769_1206_694.nii 140448493119296
increment_file 1567615845.0485632 1567615871.9583383 bigbrain_769_1206_694.nii 140448493119296
write_file 1567615958.2823036 1567616383.9706762 inc-bigbrain_769_1206_694.nii 140448493119296
task_duration 1567615403.0269597 1567616384.0929449 1567615292-isilon_1it_96cpus_0delay_npc-0 140448493119296
read_file 1567615341.162875 1567615341.7601287 bigbrain_2307_0_0.nii 139826788239168
increment_file 1567615386.349803 1567615399.197667 bigbrain_2307_0_0.nii 139826788239168
write_file 1567615752.7246683 1567615935.5927877 inc-bigbrain_2307_0_0.nii 139826788239168
task_duration 1567615341.160471 1567616335.5206826 1567615292-isilon_1it_96cpus_0delay_npc-0 139826788239168
read_file 1567615398.9559987 1567615413.3789227 bigbrain_769_0_2082.nii 139862885340992
increment_file 1567615825.0186763 1567615861.4368799 bigbrain_769_0_2082.nii 139862885340992
write_file 1567615924.4179971 1567616383.94686 inc-bigbrain_769_0_2082.nii 139862885340992
task_duration 1567615398.42741 1567616384.0852313 1567615292-isilon_1it_96cpus_0delay_npc-0 139862885340992
read_file 1567615377.6722567 1567615394.440014 bigbrain_2307_603_2776.nii 140160620152640
increment_file 1567615723.2796433 1567615765.0548158 bigbrain_2307_603_2776.nii 140160620152640
write_file 1567615914.8432422 1567616316.042433 inc-bigbrain_2307_603_2776.nii 140160620152640
task_duration 1567615377.5017226 1567616383.9462473 1567615292-isilon_1it_96cpus_0delay_npc-0 140160620152640
read_file 1567615371.1324558 1567615387.9449513 bigbrain_3076_603_694.nii 140059204069184
increment_file 1567615684.97326 1567615726.4840817 bigbrain_3076_603_694.nii 140059204069184
write_file 1567615911.3330615 1567616280.9325721 inc-bigbrain_3076_603_694.nii 140059204069184
task_duration 1567615370.9625716 1567616383.9428136 1567615292-isilon_1it_96cpus_0delay_npc-0 140059204069184
read_file 1567615349.8059587 1567615366.4360723 bigbrain_2307_0_694.nii 140462466312000
increment_file 1567615547.3741517 1567615587.7506096 bigbrain_2307_0_694.nii 140462466312000
write_file 1567615882.099677 1567616120.699629 inc-bigbrain_2307_0_694.nii 140462466312000
task_duration 1567615349.6117237 1567616383.8054569 1567615292-isilon_1it_96cpus_0delay_npc-0 140462466312000
read_file 1567615342.954624 1567615360.6662354 bigbrain_2307_2412_1388.nii 140413303293760
increment_file 1567615519.2268784 1567615560.626167 bigbrain_2307_2412_1388.nii 140413303293760
write_file 1567615889.8517797 1567616137.4172385 inc-bigbrain_2307_2412_1388.nii 140413303293760
task_duration 1567615342.7760699 1567616383.9196994 1567615292-isilon_1it_96cpus_0delay_npc-0 140413303293760
read_file 1567615341.7003343 1567615351.791188 bigbrain_2307_0_2082.nii 139946922432320
increment_file 1567615469.1705027 1567615509.0299673 bigbrain_2307_0_2082.nii 139946922432320
write_file 1567615872.4120538 1567616066.274982 inc-bigbrain_2307_0_2082.nii 139946922432320
task_duration 1567615341.6981063 1567616382.9923577 1567615292-isilon_1it_96cpus_0delay_npc-0 139946922432320
read_file 1567615341.6998901 1567615351.5215387 bigbrain_2307_0_2776.nii 140404978464576
increment_file 1567615462.7658718 1567615502.989317 bigbrain_2307_0_2776.nii 140404978464576
write_file 1567615872.046823 1567616060.927329 inc-bigbrain_2307_0_2776.nii 140404978464576
task_duration 1567615341.6976347 1567616382.9124873 1567615292-isilon_1it_96cpus_0delay_npc-0 140404978464576
read_file 1567615341.1061852 1567615341.6247542 bigbrain_1538_603_1388.nii 139916290877248
increment_file 1567615353.1543844 1567615364.3642976 bigbrain_1538_603_1388.nii 139916290877248
write_file 1567615538.017155 1567615909.1125567 inc-bigbrain_1538_603_1388.nii 139916290877248
task_duration 1567615341.0887709 1567616156.4390464 1567615292-isilon_1it_96cpus_0delay_npc-0 139916290877248
read_file 1567615384.192937 1567615399.468622 bigbrain_769_603_2082.nii 140432293107520
increment_file 1567615749.9380805 1567615792.3430882 bigbrain_769_603_2082.nii 140432293107520
write_file 1567615918.063641 1567616347.1717696 inc-bigbrain_769_603_2082.nii 140432293107520
task_duration 1567615384.014442 1567616359.596625 1567615292-isilon_1it_96cpus_0delay_npc-0 140432293107520
read_file 1567615386.135937 1567615400.9881282 bigbrain_769_603_0.nii 140547258902336
increment_file 1567615760.241232 1567615803.516664 bigbrain_769_603_0.nii 140547258902336
write_file 1567615916.117435 1567616334.1366875 inc-bigbrain_769_603_0.nii 140547258902336
task_duration 1567615385.940729 1567616349.133924 1567615292-isilon_1it_96cpus_0delay_npc-0 140547258902336
read_file 1567615341.3413935 1567615341.917102 bigbrain_1538_1206_2776.nii 140204718954304
increment_file 1567615418.4655783 1567615454.0409617 bigbrain_1538_1206_2776.nii 140204718954304
write_file 1567615868.884483 1567616013.0524812 inc-bigbrain_1538_1206_2776.nii 140204718954304
task_duration 1567615341.3243244 1567616381.9071863 1567615292-isilon_1it_96cpus_0delay_npc-0 140204718954304
read_file 1567615341.8447142 1567615357.1241002 bigbrain_1538_603_0.nii 140527636088640
increment_file 1567615494.4589207 1567615532.3639553 bigbrain_1538_603_0.nii 140527636088640
write_file 1567615873.677936 1567616086.787107 inc-bigbrain_1538_603_0.nii 140527636088640
task_duration 1567615341.8327725 1567616383.3861148 1567615292-isilon_1it_96cpus_0delay_npc-0 140527636088640
read_file 1567615341.2891676 1567615341.8289855 bigbrain_3076_603_0.nii 140535486023488
increment_file 1567615411.3600318 1567615441.64408 bigbrain_3076_603_0.nii 140535486023488
write_file 1567615862.713712 1567616006.043207 inc-bigbrain_3076_603_0.nii 140535486023488
task_duration 1567615341.2795575 1567616381.728708 1567615292-isilon_1it_96cpus_0delay_npc-0 140535486023488
read_file 1567615372.7669961 1567615388.7474225 bigbrain_769_1206_2082.nii 140408665331520
increment_file 1567615693.8014793 1567615736.0873787 bigbrain_769_1206_2082.nii 140408665331520
write_file 1567615911.466781 1567616287.0165408 inc-bigbrain_769_1206_2082.nii 140408665331520
task_duration 1567615372.5880947 1567616383.9411676 1567615292-isilon_1it_96cpus_0delay_npc-0 140408665331520
read_file 1567615353.156435 1567615369.9816298 bigbrain_3076_1206_2082.nii 139905855633216
increment_file 1567615563.585652 1567615606.3555908 bigbrain_3076_1206_2082.nii 139905855633216
write_file 1567615905.4344413 1567616204.1848905 inc-bigbrain_3076_1206_2082.nii 139905855633216
task_duration 1567615353.1535697 1567616383.9317138 1567615292-isilon_1it_96cpus_0delay_npc-0 139905855633216
read_file 1567615341.2886322 1567615341.8283484 bigbrain_1538_1809_1388.nii 139653157480256
increment_file 1567615406.6736882 1567615428.2703843 bigbrain_1538_1809_1388.nii 139653157480256
write_file 1567615862.0275538 1567615996.813879 inc-bigbrain_1538_1809_1388.nii 139653157480256
task_duration 1567615341.2760727 1567616381.6396577 1567615292-isilon_1it_96cpus_0delay_npc-0 139653157480256
read_file 1567615364.420308 1567615381.9762578 bigbrain_2307_1206_2082.nii 140361390184256
increment_file 1567615649.026288 1567615690.9036949 bigbrain_2307_1206_2082.nii 140361390184256
write_file 1567615908.1846955 1567616237.4550045 inc-bigbrain_2307_1206_2082.nii 140361390184256
task_duration 1567615364.37903 1567616383.934577 1567615292-isilon_1it_96cpus_0delay_npc-0 140361390184256
read_file 1567615375.9774058 1567615393.6146724 bigbrain_769_0_0.nii 139855656777536
increment_file 1567615715.100963 1567615757.1424701 bigbrain_769_0_0.nii 139855656777536
write_file 1567615912.7589395 1567616302.681651 inc-bigbrain_769_0_0.nii 139855656777536
task_duration 1567615375.7621627 1567616383.9444036 1567615292-isilon_1it_96cpus_0delay_npc-0 139855656777536
read_file 1567615341.9527752 1567615358.7455385 bigbrain_3076_1206_2776.nii 140317063862080
increment_file 1567615512.7963266 1567615550.9788415 bigbrain_3076_1206_2776.nii 140317063862080
write_file 1567615878.704465 1567616098.0041237 inc-bigbrain_3076_1206_2776.nii 140317063862080
task_duration 1567615341.950591 1567616383.6719146 1567615292-isilon_1it_96cpus_0delay_npc-0 140317063862080
read_file 1567615354.5797656 1567615371.4903758 bigbrain_2307_1206_0.nii 140485505800000
increment_file 1567615573.8855643 1567615617.8175485 bigbrain_2307_1206_0.nii 140485505800000
write_file 1567615910.967572 1567616272.129712 inc-bigbrain_2307_1206_0.nii 140485505800000
task_duration 1567615354.4013424 1567616383.9414966 1567615292-isilon_1it_96cpus_0delay_npc-0 140485505800000
read_file 1567615375.5820446 1567615392.8345382 bigbrain_3076_1206_1388.nii 139863011125056
increment_file 1567615703.4380162 1567615745.3945305 bigbrain_3076_1206_1388.nii 139863011125056
write_file 1567615911.8767529 1567616294.1653135 inc-bigbrain_3076_1206_1388.nii 139863011125056
task_duration 1567615375.5539086 1567616383.9445724 1567615292-isilon_1it_96cpus_0delay_npc-0 139863011125056
read_file 1567615341.7678723 1567615353.1287653 bigbrain_2307_1809_694.nii 139829433317184
increment_file 1567615481.9056227 1567615519.4689713 bigbrain_2307_1809_694.nii 139829433317184
write_file 1567615873.5083437 1567616074.9384778 inc-bigbrain_2307_1809_694.nii 139829433317184
task_duration 1567615341.7570326 1567616383.249577 1567615292-isilon_1it_96cpus_0delay_npc-0 139829433317184
read_file 1567615357.0505278 1567615373.2711265 bigbrain_2307_2412_0.nii 139996293891904
increment_file 1567615592.8687203 1567615636.803216 bigbrain_2307_2412_0.nii 139996293891904
write_file 1567615907.1242163 1567616218.4720407 inc-bigbrain_2307_2412_0.nii 139996293891904
task_duration 1567615356.8625758 1567616383.932975 1567615292-isilon_1it_96cpus_0delay_npc-0 139996293891904
read_file 1567615365.6681147 1567615383.1686635 bigbrain_769_1809_2082.nii 140122921035584
increment_file 1567615662.55354 1567615701.823773 bigbrain_769_1809_2082.nii 140122921035584
write_file 1567615902.4859574 1567616161.7540462 inc-bigbrain_769_1809_2082.nii 140122921035584
task_duration 1567615365.490301 1567616383.9236298 1567615292-isilon_1it_96cpus_0delay_npc-0 140122921035584
read_file 1567615391.6695194 1567615407.076185 bigbrain_3076_1809_2776.nii 139622233700160
increment_file 1567615795.4163535 1567615834.4938934 bigbrain_3076_1809_2776.nii 139622233700160
write_file 1567615922.7335005 1567616382.846377 inc-bigbrain_3076_1809_2776.nii 139622233700160
task_duration 1567615391.215553 1567616384.0170503 1567615292-isilon_1it_96cpus_0delay_npc-0 139622233700160
read_file 1567615358.806702 1567615375.5524323 bigbrain_769_1809_694.nii 139927956121408
increment_file 1567615606.48856 1567615650.7502346 bigbrain_769_1809_694.nii 139927956121408
write_file 1567615907.578778 1567616227.9209485 inc-bigbrain_769_1809_694.nii 139927956121408
task_duration 1567615358.749486 1567616383.933723 1567615292-isilon_1it_96cpus_0delay_npc-0 139927956121408
read_file 1567615341.1343644 1567615341.6855953 bigbrain_1538_0_2776.nii 140300948805440
increment_file 1567615364.3693845 1567615375.5466585 bigbrain_1538_0_2776.nii 140300948805440
write_file 1567615609.4289308 1567615915.138023 inc-bigbrain_1538_0_2776.nii 140300948805440
task_duration 1567615341.1316452 1567616240.8165998 1567615292-isilon_1it_96cpus_0delay_npc-0 140300948805440
read_file 1567615379.1470528 1567615395.5348542 bigbrain_769_1206_1388.nii 140308680574784
increment_file 1567615737.6894407 1567615779.5638971 bigbrain_769_1206_1388.nii 140308680574784
write_file 1567615913.648411 1567616311.6421044 inc-bigbrain_769_1206_1388.nii 140308680574784
task_duration 1567615378.7524998 1567616383.9456246 1567615292-isilon_1it_96cpus_0delay_npc-0 140308680574784
read_file 1567615389.4855318 1567615405.0817235 bigbrain_769_1206_2776.nii 140553282602816
increment_file 1567615775.9731853 1567615816.1623013 bigbrain_769_1206_2776.nii 140553282602816
write_file 1567615922.1631362 1567616382.3759704 inc-bigbrain_769_1206_2776.nii 140553282602816
task_duration 1567615389.3256254 1567616384.0136175 1567615292-isilon_1it_96cpus_0delay_npc-0 140553282602816
read_file 1567615397.3216085 1567615412.1653442 bigbrain_769_2412_694.nii 139921214269248
increment_file 1567615817.5069358 1567615856.0434 bigbrain_769_2412_694.nii 139921214269248
write_file 1567615923.6605783 1567616383.932396 inc-bigbrain_769_2412_694.nii 139921214269248
task_duration 1567615396.386711 1567616384.063648 1567615292-isilon_1it_96cpus_0delay_npc-0 139921214269248
read_file 1567615341.0192175 1567615341.430489 bigbrain_1538_1809_2082.nii 140533173241664
increment_file 1567615341.7992644 1567615347.5056548 bigbrain_1538_1809_2082.nii 140533173241664
write_file 1567615449.6353943 1567615864.149523 inc-bigbrain_1538_1809_2082.nii 140533173241664
task_duration 1567615341.0132413 1567615927.1898608 1567615292-isilon_1it_96cpus_0delay_npc-0 140533173241664
read_file 1567615364.3111348 1567615378.8785405 bigbrain_3076_2412_2082.nii 139656805062464
increment_file 1567615636.8012698 1567615679.2037792 bigbrain_3076_2412_2082.nii 139656805062464
write_file 1567615904.935509 1567616196.7170012 inc-bigbrain_3076_2412_2082.nii 139656805062464
task_duration 1567615364.1329412 1567616383.9295042 1567615292-isilon_1it_96cpus_0delay_npc-0 139656805062464
read_file 1567615360.5749445 1567615375.9786322 bigbrain_3076_0_1388.nii 140572567115584
increment_file 1567615617.816453 1567615660.938532 bigbrain_3076_0_1388.nii 140572567115584
write_file 1567615903.5466654 1567616177.578806 inc-bigbrain_3076_0_1388.nii 140572567115584
task_duration 1567615360.4041355 1567616383.9255028 1567615292-isilon_1it_96cpus_0delay_npc-0 140572567115584
read_file 1567615370.026886 1567615387.276509 bigbrain_3076_1206_694.nii 140393108633408
increment_file 1567615680.5390816 1567615723.1462271 bigbrain_3076_1206_694.nii 140393108633408
write_file 1567615908.8084896 1567616247.0275817 inc-bigbrain_3076_1206_694.nii 140393108633408
task_duration 1567615369.9866588 1567616383.9368532 1567615292-isilon_1it_96cpus_0delay_npc-0 140393108633408
read_file 1567615364.8569767 1567615382.4822552 bigbrain_3076_2412_1388.nii 140180181944128
increment_file 1567615657.5857694 1567615698.4861493 bigbrain_3076_2412_1388.nii 140180181944128
write_file 1567615902.3434439 1567616153.6919997 inc-bigbrain_3076_2412_1388.nii 140180181944128
task_duration 1567615364.6525493 1567616383.9227605 1567615292-isilon_1it_96cpus_0delay_npc-0 140180181944128
read_file 1567615367.5575094 1567615384.5420985 bigbrain_769_1809_1388.nii 140530431862592
increment_file 1567615668.8386164 1567615709.7418838 bigbrain_769_1809_1388.nii 140530431862592
write_file 1567615903.0919008 1567616166.9142454 inc-bigbrain_769_1809_1388.nii 140530431862592
task_duration 1567615367.3799746 1567616383.9244375 1567615292-isilon_1it_96cpus_0delay_npc-0 140530431862592
read_file 1567615394.0621824 1567615409.4827476 bigbrain_769_2412_0.nii 140600793040704
increment_file 1567615798.8640869 1567615839.1450248 bigbrain_769_2412_0.nii 140600793040704
write_file 1567615922.8850203 1567616383.6235437 inc-bigbrain_769_2412_0.nii 140600793040704
task_duration 1567615393.892132 1567616384.0311718 1567615292-isilon_1it_96cpus_0delay_npc-0 140600793040704
read_file 1567615341.4677892 1567615343.7096713 bigbrain_1538_2412_2776.nii 140484946437952
increment_file 1567615425.1964746 1567615467.55608 bigbrain_1538_2412_2776.nii 140484946437952
write_file 1567615869.2889142 1567616029.0233936 inc-bigbrain_1538_2412_2776.nii 140484946437952
task_duration 1567615341.4505937 1567616382.1832552 1567615292-isilon_1it_96cpus_0delay_npc-0 140484946437952
read_file 1567615341.1067042 1567615341.6257954 bigbrain_1538_1206_0.nii 140643472660288
increment_file 1567615358.739392 1567615369.973417 bigbrain_1538_1206_0.nii 140643472660288
write_file 1567615566.3872106 1567615911.217786 inc-bigbrain_1538_1206_0.nii 140643472660288
task_duration 1567615341.0899842 1567616184.995647 1567615292-isilon_1it_96cpus_0delay_npc-0 140643472660288
read_file 1567615341.153126 1567615341.742023 bigbrain_1538_1206_694.nii 139672578914112
increment_file 1567615375.5476987 1567615386.7246087 bigbrain_1538_1206_694.nii 139672578914112
write_file 1567615682.010159 1567615918.3585985 inc-bigbrain_1538_1206_694.nii 139672578914112
task_duration 1567615341.1507866 1567616274.3949518 1567615292-isilon_1it_96cpus_0delay_npc-0 139672578914112
read_file 1567615341.9409125 1567615358.733474 bigbrain_2307_603_1388.nii 140533825636160
increment_file 1567615506.757996 1567615544.4570522 bigbrain_2307_603_1388.nii 140533825636160
write_file 1567615878.4100854 1567616103.33282 inc-bigbrain_2307_603_1388.nii 140533825636160
task_duration 1567615341.9273367 1567616383.582325 1567615292-isilon_1it_96cpus_0delay_npc-0 140533825636160
read_file 1567615390.4392383 1567615406.9427075 bigbrain_769_2412_2776.nii 140032058484544
increment_file 1567615787.690686 1567615828.486446 bigbrain_769_2412_2776.nii 140032058484544
write_file 1567615922.5910954 1567616383.4275246 inc-bigbrain_769_2412_2776.nii 140032058484544
task_duration 1567615390.261493 1567616384.0231528 1567615292-isilon_1it_96cpus_0delay_npc-0 140032058484544
read_file 1567615342.1014044 1567615360.1265016 bigbrain_2307_2412_694.nii 140100067809088
increment_file 1567615515.3245916 1567615555.660983 bigbrain_2307_2412_694.nii 140100067809088
write_file 1567615879.016125 1567616113.857253 inc-bigbrain_2307_2412_694.nii 140100067809088
task_duration 1567615341.9769223 1567616383.7159631 1567615292-isilon_1it_96cpus_0delay_npc-0 140100067809088
read_file 1567615341.1614692 1567615341.7506955 bigbrain_1538_603_2082.nii 139775700940608
increment_file 1567615379.9554145 1567615393.6149743 bigbrain_1538_603_2082.nii 139775700940608
write_file 1567615725.0305629 1567615919.7490666 inc-bigbrain_1538_603_2082.nii 139775700940608
task_duration 1567615341.1589873 1567616276.687026 1567615292-isilon_1it_96cpus_0delay_npc-0 139775700940608
read_file 1567615371.640525 1567615388.3462703 bigbrain_769_1809_0.nii 139957622368064
increment_file 1567615690.7340455 1567615733.039606 bigbrain_769_1809_0.nii 139957622368064
write_file 1567615909.2629128 1567616251.7224538 inc-bigbrain_769_1809_0.nii 139957622368064
task_duration 1567615371.230917 1567616383.938292 1567615292-isilon_1it_96cpus_0delay_npc-0 139957622368064
read_file 1567615341.5396137 1567615347.1302261 bigbrain_2307_603_694.nii 140449340159808
increment_file 1567615439.396175 1567615483.493775 bigbrain_2307_603_694.nii 140449340159808
write_file 1567615504.3345098 1567615905.1855073 inc-bigbrain_2307_603_694.nii 140449340159808
task_duration 1567615341.5275853 1567616093.3032994 1567615292-isilon_1it_96cpus_0delay_npc-0 140449340159808
read_file 1567615341.4681704 1567615343.8443859 bigbrain_1538_603_694.nii 140597409945408
increment_file 1567615429.0752175 1567615472.7762647 bigbrain_1538_603_694.nii 140597409945408
write_file 1567615870.1252785 1567616034.340245 inc-bigbrain_1538_603_694.nii 140597409945408
task_duration 1567615341.4528887 1567616382.4593494 1567615292-isilon_1it_96cpus_0delay_npc-0 140597409945408
read_file 1567615403.9710257 1567615415.8022883 bigbrain_769_603_2776.nii 140453221668672
increment_file 1567615834.253458 1567615868.4823549 bigbrain_769_603_2776.nii 140453221668672
write_file 1567615930.10914 1567616383.9606361 inc-bigbrain_769_603_2776.nii 140453221668672
task_duration 1567615403.0272846 1567616384.0877233 1567615292-isilon_1it_96cpus_0delay_npc-0 140453221668672
read_file 1567615396.827203 1567615411.7625985 bigbrain_769_1206_0.nii 140699711702848
increment_file 1567615810.8136702 1567615851.0484967 bigbrain_769_1206_0.nii 140699711702848
write_file 1567615923.3664792 1567616383.9241483 inc-bigbrain_769_1206_0.nii 140699711702848
task_duration 1567615396.3863244 1567616384.0522575 1567615292-isilon_1it_96cpus_0delay_npc-0 140699711702848
read_file 1567615353.6196072 1567615370.670648 bigbrain_3076_0_694.nii 140270939440960
increment_file 1567615570.9369648 1567615612.6107886 bigbrain_3076_0_694.nii 140270939440960
write_file 1567615910.851765 1567616260.3945656 inc-bigbrain_3076_0_694.nii 140270939440960
task_duration 1567615353.4404857 1567616383.9402688 1567615292-isilon_1it_96cpus_0delay_npc-0 140270939440960
read_file 1567615375.752693 1567615393.2388866 bigbrain_3076_0_2776.nii 139893768996672
increment_file 1567615709.7399216 1567615752.7264733 bigbrain_3076_0_2776.nii 139893768996672
write_file 1567615912.4738173 1567616298.7160707 inc-bigbrain_3076_0_2776.nii 139893768996672
task_duration 1567615375.5601046 1567616383.946633 1567615292-isilon_1it_96cpus_0delay_npc-0 139893768996672
read_file 1567615341.0804667 1567615341.5951016 bigbrain_1538_1809_694.nii 140051111167808
increment_file 1567615347.5390391 1567615358.7310326 bigbrain_1538_1809_694.nii 140051111167808
write_file 1567615509.1631832 1567615901.2657008 inc-bigbrain_1538_1809_694.nii 140051111167808
task_duration 1567615341.076746 1567616044.9644465 1567615292-isilon_1it_96cpus_0delay_npc-0 140051111167808
read_file 1567615341.2620387 1567615341.819691 bigbrain_2307_0_1388.nii 140125440759616
increment_file 1567615400.5825458 1567615418.1975074 bigbrain_2307_0_1388.nii 140125440759616
write_file 1567615861.4350715 1567615978.0470688 inc-bigbrain_2307_0_1388.nii 140125440759616
task_duration 1567615341.2580864 1567616381.5635781 1567615292-isilon_1it_96cpus_0delay_npc-0 140125440759616
read_file 1567615355.811026 1567615372.7144043 bigbrain_3076_1809_0.nii 140662147118912
increment_file 1567615589.366293 1567615631.845152 bigbrain_3076_1809_0.nii 140662147118912
write_file 1567615906.972691 1567616215.0965283 inc-bigbrain_3076_1809_0.nii 140662147118912
task_duration 1567615355.632278 1567616383.9319863 1567615292-isilon_1it_96cpus_0delay_npc-0 140662147118912
read_file 1567615341.8536928 1567615357.3932438 bigbrain_2307_1206_2776.nii 140261388715840
increment_file 1567615500.454653 1567615540.5460217 bigbrain_2307_1206_2776.nii 140261388715840
write_file 1567615878.1069741 1567616092.0896215 inc-bigbrain_2307_1206_2776.nii 140261388715840
task_duration 1567615341.8396947 1567616383.493233 1567615292-isilon_1it_96cpus_0delay_npc-0 140261388715840
read_file 1567615341.8294454 1567615356.450236 bigbrain_2307_1809_1388.nii 140485031806784
increment_file 1567615486.5862393 1567615523.3414733 bigbrain_2307_1809_1388.nii 140485031806784
write_file 1567615873.3657122 1567616080.85365 inc-bigbrain_2307_1809_1388.nii 140485031806784
task_duration 1567615341.8270338 1567616383.3414226 1567615292-isilon_1it_96cpus_0delay_npc-0 140485031806784
read_file 1567615369.482931 1567615385.2462776 bigbrain_769_2412_1388.nii 140172582819648
increment_file 1567615673.3753784 1567615714.9683025 bigbrain_769_2412_1388.nii 140172582819648
write_file 1567615908.3362956 1567616244.7552295 inc-bigbrain_769_2412_1388.nii 140172582819648
task_duration 1567615369.3054183 1567616383.9366922 1567615292-isilon_1it_96cpus_0delay_npc-0 140172582819648
read_file 1567615387.8544018 1567615403.4199643 bigbrain_3076_1809_1388.nii 139921944852288
increment_file 1567615767.9659185 1567615809.3443975 bigbrain_3076_1809_1388.nii 139921944852288
write_file 1567615918.518246 1567616354.916308 inc-bigbrain_3076_1809_1388.nii 139921944852288
task_duration 1567615387.6850219 1567616365.246896 1567615292-isilon_1it_96cpus_0delay_npc-0 139921944852288
read_file 1567615400.0876343 1567615414.1856692 bigbrain_3076_603_1388.nii 140574905198400
increment_file 1567615829.554927 1567615863.6289954 bigbrain_3076_603_1388.nii 140574905198400
write_file 1567615927.346318 1567616383.9550915 inc-bigbrain_3076_603_1388.nii 140574905198400
task_duration 1567615399.899691 1567616384.0863411 1567615292-isilon_1it_96cpus_0delay_npc-0 140574905198400
read_file 1567615363.6248817 1567615378.7436125 bigbrain_769_0_2776.nii 140478471378752
increment_file 1567615633.4609547 1567615676.2912817 bigbrain_769_0_2776.nii 140478471378752
write_file 1567615904.8105087 1567616187.4531174 inc-bigbrain_769_0_2776.nii 140478471378752
task_duration 1567615363.447625 1567616383.9282885 1567615292-isilon_1it_96cpus_0delay_npc-0 140478471378752
read_file 1567615347.5340993 1567615364.3672292 bigbrain_2307_1809_0.nii 139920255866688
increment_file 1567615536.266223 1567615578.6717322 bigbrain_2307_1809_0.nii 139920255866688
write_file 1567615881.0480497 1567616116.2793596 inc-bigbrain_2307_1809_0.nii 139920255866688
task_duration 1567615347.521128 1567616383.7606676 1567615292-isilon_1it_96cpus_0delay_npc-0 139920255866688
read_file 1567615354.7955306 1567615371.7756572 bigbrain_2307_603_0.nii 140607391827776
increment_file 1567615578.5647 1567615622.4737608 bigbrain_2307_603_0.nii 140607391827776
write_file 1567615906.5272303 1567616208.7174978 inc-bigbrain_2307_603_0.nii 140607391827776
task_duration 1567615354.4021893 1567616383.930302 1567615292-isilon_1it_96cpus_0delay_npc-0 140607391827776
read_file 1567616385.0232003 1567616385.043002 bigbrain_769_603_694.nii 139928885835584
increment_file 1567616385.0499384 1567616390.5432615 bigbrain_769_603_694.nii 139928885835584
write_file 1567616390.5764794 1567616396.6715276 inc-bigbrain_769_603_694.nii 139928885835584
task_duration 1567616385.0196452 1567616396.6796455 1567615292-isilon_1it_96cpus_0delay_npc-0 139928885835584
read_file 1567615352.2474487 1567615368.459311 bigbrain_2307_1206_694.nii 140192369383232
increment_file 1567615558.7702563 1567615601.1646428 bigbrain_2307_1206_694.nii 140192369383232
write_file 1567615905.0601528 1567616192.1382315 inc-bigbrain_2307_1206_694.nii 140192369383232
task_duration 1567615352.068973 1567616383.9284852 1567615292-isilon_1it_96cpus_0delay_npc-0 140192369383232
read_file 1567615398.4800704 1567615412.5697236 bigbrain_3076_603_2776.nii 140317061773120
increment_file 1567615820.468959 1567615859.1520345 bigbrain_3076_603_2776.nii 140317061773120
write_file 1567615924.2663732 1567616383.9395 inc-bigbrain_3076_603_2776.nii 140317061773120
task_duration 1567615398.0232096 1567616384.0643337 1567615292-isilon_1it_96cpus_0delay_npc-0 140317061773120
read_file 1567615341.0794017 1567615341.5942268 bigbrain_1538_0_694.nii 140310631573312
increment_file 1567615341.952115 1567615353.1277483 bigbrain_1538_0_694.nii 140310631573312
write_file 1567615483.6267958 1567615869.5262089 inc-bigbrain_1538_0_694.nii 140310631573312
task_duration 1567615341.0757015 1567615937.138294 1567615292-isilon_1it_96cpus_0delay_npc-0 140310631573312
read_file 1567615344.4352849 1567615361.9327888 bigbrain_2307_1809_2776.nii 140177811949376
increment_file 1567615523.2350314 1567615566.3882854 bigbrain_2307_1809_2776.nii 140177811949376
write_file 1567615896.696221 1567616142.9031272 inc-bigbrain_2307_1809_2776.nii 140177811949376
task_duration 1567615344.256144 1567616383.9208136 1567615292-isilon_1it_96cpus_0delay_npc-0 140177811949376
