read_file 1567696011.3548806 1567696011.356177 bigbrain_769_2412_0.nii 140155710420800
increment_file 1567696011.3564198 1567696056.873123 bigbrain_769_2412_0.nii 140155710420800
write_file 1567696056.9024208 1567696072.337308 inc-bigbrain_769_2412_0.nii 140155710420800
task_duration 1567696011.3522508 1567696072.3399248 1567695792-optaneAD_1it_96cpus_0delay_npc-0 140155710420800
read_file 1567696011.354887 1567696011.3561983 bigbrain_3076_603_694.nii 140613356771136
increment_file 1567696011.3564465 1567696057.0491328 bigbrain_3076_603_694.nii 140613356771136
write_file 1567696057.0859985 1567696063.3052878 inc-bigbrain_3076_603_694.nii 140613356771136
task_duration 1567696011.3524137 1567696063.308022 1567695792-optaneAD_1it_96cpus_0delay_npc-0 140613356771136
read_file 1567696011.3548908 1567696011.3562555 bigbrain_3076_1809_0.nii 140337247225664
increment_file 1567696011.3564918 1567696057.1960363 bigbrain_3076_1809_0.nii 140337247225664
write_file 1567696057.2330458 1567696063.23869 inc-bigbrain_3076_1809_0.nii 140337247225664
task_duration 1567696011.3522701 1567696063.2419116 1567695792-optaneAD_1it_96cpus_0delay_npc-0 140337247225664
read_file 1567696011.3548884 1567696011.3562582 bigbrain_769_603_0.nii 139762372888384
increment_file 1567696011.3565154 1567696057.1769023 bigbrain_769_603_0.nii 139762372888384
write_file 1567696057.1895733 1567696063.3863337 inc-bigbrain_769_603_0.nii 139762372888384
task_duration 1567696011.3521848 1567696063.3889208 1567695792-optaneAD_1it_96cpus_0delay_npc-0 139762372888384
read_file 1567696011.3548896 1567696011.3562596 bigbrain_2307_603_0.nii 140129743599424
increment_file 1567696011.3565688 1567696057.0800345 bigbrain_2307_603_0.nii 140129743599424
write_file 1567696057.1149218 1567696063.1203208 inc-bigbrain_2307_603_0.nii 140129743599424
task_duration 1567696011.3523257 1567696063.1236737 1567695792-optaneAD_1it_96cpus_0delay_npc-0 140129743599424
read_file 1567696011.3548963 1567696011.356266 bigbrain_1538_603_2776.nii 140181720033088
increment_file 1567696011.3566253 1567696057.127426 bigbrain_1538_603_2776.nii 140181720033088
write_file 1567696057.1569154 1567696063.4626925 inc-bigbrain_1538_603_2776.nii 140181720033088
task_duration 1567696011.3516617 1567696063.4656725 1567695792-optaneAD_1it_96cpus_0delay_npc-0 140181720033088
read_file 1567696011.3549113 1567696011.3562841 bigbrain_2307_1809_2082.nii 140355325773632
increment_file 1567696011.3566556 1567696056.9696722 bigbrain_2307_1809_2082.nii 140355325773632
write_file 1567696057.0032651 1567696063.312341 inc-bigbrain_2307_1809_2082.nii 140355325773632
task_duration 1567696011.3517187 1567696063.3149483 1567695792-optaneAD_1it_96cpus_0delay_npc-0 140355325773632
read_file 1567696011.354894 1567696011.3563128 bigbrain_1538_1206_2776.nii 140286281967424
increment_file 1567696011.3566864 1567696057.1028907 bigbrain_1538_1206_2776.nii 140286281967424
write_file 1567696057.118236 1567696063.3257987 inc-bigbrain_1538_1206_2776.nii 140286281967424
task_duration 1567696011.3514447 1567696063.3320658 1567695792-optaneAD_1it_96cpus_0delay_npc-0 140286281967424
read_file 1567696011.3554604 1567696011.3568335 bigbrain_769_1809_1388.nii 139816244463424
increment_file 1567696011.3570788 1567696057.176443 bigbrain_769_1809_1388.nii 139816244463424
write_file 1567696057.209388 1567696063.371528 inc-bigbrain_769_1809_1388.nii 139816244463424
task_duration 1567696011.3538003 1567696063.3741624 1567695792-optaneAD_1it_96cpus_0delay_npc-0 139816244463424
read_file 1567696011.3555758 1567696011.3570414 bigbrain_3076_1809_694.nii 140403905242944
increment_file 1567696011.3572912 1567696056.9795196 bigbrain_3076_1809_694.nii 140403905242944
write_file 1567696056.9986935 1567696063.2979126 inc-bigbrain_3076_1809_694.nii 140403905242944
task_duration 1567696011.353874 1567696063.3007293 1567695792-optaneAD_1it_96cpus_0delay_npc-0 140403905242944
read_file 1567696011.413189 1567696011.4168172 bigbrain_3076_0_0.nii 140098394408768
increment_file 1567696011.418556 1567696057.6477883 bigbrain_3076_0_0.nii 140098394408768
write_file 1567696057.6535287 1567696077.4197338 inc-bigbrain_3076_0_0.nii 140098394408768
task_duration 1567696011.409781 1567696077.4222581 1567695792-optaneAD_1it_96cpus_0delay_npc-0 140098394408768
read_file 1567696011.4164288 1567696011.4184759 bigbrain_769_1809_2082.nii 140055469553472
increment_file 1567696011.4188151 1567696057.5389307 bigbrain_769_1809_2082.nii 140055469553472
write_file 1567696057.5458732 1567696063.4470358 inc-bigbrain_769_1809_2082.nii 140055469553472
task_duration 1567696011.4143727 1567696063.4496207 1567695792-optaneAD_1it_96cpus_0delay_npc-0 140055469553472
read_file 1567696011.4161527 1567696011.418641 bigbrain_3076_2412_694.nii 140057542408000
increment_file 1567696011.420141 1567696057.8863099 bigbrain_3076_2412_694.nii 140057542408000
write_file 1567696057.8903375 1567696077.206683 inc-bigbrain_3076_2412_694.nii 140057542408000
task_duration 1567696011.4089022 1567696077.2092516 1567695792-optaneAD_1it_96cpus_0delay_npc-0 140057542408000
read_file 1567696011.414973 1567696011.4227533 bigbrain_1538_1206_0.nii 140465590081344
increment_file 1567696011.4254587 1567696059.5287595 bigbrain_1538_1206_0.nii 140465590081344
write_file 1567696059.5784156 1567696074.0862114 inc-bigbrain_1538_1206_0.nii 140465590081344
task_duration 1567696011.412379 1567696074.089121 1567695792-optaneAD_1it_96cpus_0delay_npc-0 140465590081344
read_file 1567696011.421212 1567696011.4231267 bigbrain_1538_2412_694.nii 140623246370624
increment_file 1567696011.4254587 1567696059.511925 bigbrain_1538_2412_694.nii 140623246370624
write_file 1567696059.5673378 1567696068.4987178 inc-bigbrain_1538_2412_694.nii 140623246370624
task_duration 1567696011.4186687 1567696068.5026023 1567695792-optaneAD_1it_96cpus_0delay_npc-0 140623246370624
read_file 1567696011.4256136 1567696011.42699 bigbrain_769_1809_0.nii 139863523198784
increment_file 1567696011.428084 1567696057.875328 bigbrain_769_1809_0.nii 139863523198784
write_file 1567696057.8795831 1567696075.7843332 inc-bigbrain_769_1809_0.nii 139863523198784
task_duration 1567696011.4230008 1567696075.7868814 1567695792-optaneAD_1it_96cpus_0delay_npc-0 139863523198784
read_file 1567696011.4274032 1567696011.429217 bigbrain_769_1206_694.nii 140498084017984
increment_file 1567696011.4300387 1567696058.013354 bigbrain_769_1206_694.nii 140498084017984
write_file 1567696058.018192 1567696078.3039567 inc-bigbrain_769_1206_694.nii 140498084017984
task_duration 1567696011.42561 1567696078.306514 1567695792-optaneAD_1it_96cpus_0delay_npc-0 140498084017984
read_file 1567696011.4219997 1567696011.4316938 bigbrain_2307_1809_1388.nii 139820325963584
increment_file 1567696011.435477 1567696057.7174613 bigbrain_2307_1809_1388.nii 139820325963584
write_file 1567696057.743429 1567696063.5451941 inc-bigbrain_2307_1809_1388.nii 139820325963584
task_duration 1567696011.4134815 1567696063.547719 1567695792-optaneAD_1it_96cpus_0delay_npc-0 139820325963584
read_file 1567696011.4238942 1567696011.433737 bigbrain_3076_603_2776.nii 140384086648640
increment_file 1567696011.434269 1567696057.6080317 bigbrain_3076_603_2776.nii 140384086648640
write_file 1567696057.6239913 1567696069.938807 inc-bigbrain_3076_603_2776.nii 140384086648640
task_duration 1567696011.420938 1567696069.9413204 1567695792-optaneAD_1it_96cpus_0delay_npc-0 140384086648640
read_file 1567696011.426284 1567696011.434558 bigbrain_2307_1206_694.nii 140047229196096
increment_file 1567696011.4355583 1567696057.7259395 bigbrain_2307_1206_694.nii 140047229196096
write_file 1567696057.7431014 1567696076.3942313 inc-bigbrain_2307_1206_694.nii 140047229196096
task_duration 1567696011.4237895 1567696076.3969076 1567695792-optaneAD_1it_96cpus_0delay_npc-0 140047229196096
read_file 1567696011.4291823 1567696011.4372647 bigbrain_2307_2412_2776.nii 140075880666944
increment_file 1567696011.4398994 1567696059.5466366 bigbrain_2307_2412_2776.nii 140075880666944
write_file 1567696059.5980947 1567696066.4459367 inc-bigbrain_2307_2412_2776.nii 140075880666944
task_duration 1567696011.4201448 1567696066.4488816 1567695792-optaneAD_1it_96cpus_0delay_npc-0 140075880666944
read_file 1567696011.4374273 1567696011.4467754 bigbrain_769_0_1388.nii 140320384128832
increment_file 1567696011.4507613 1567696057.6841874 bigbrain_769_0_1388.nii 140320384128832
write_file 1567696057.7070973 1567696069.832933 inc-bigbrain_769_0_1388.nii 140320384128832
task_duration 1567696011.4255438 1567696069.8355377 1567695792-optaneAD_1it_96cpus_0delay_npc-0 140320384128832
read_file 1567696011.4465058 1567696011.4562457 bigbrain_3076_603_0.nii 140703452428096
increment_file 1567696011.4599514 1567696057.8020933 bigbrain_3076_603_0.nii 140703452428096
write_file 1567696057.8193803 1567696079.2388768 inc-bigbrain_3076_603_0.nii 140703452428096
task_duration 1567696011.4338737 1567696079.2416518 1567695792-optaneAD_1it_96cpus_0delay_npc-0 140703452428096
read_file 1567696011.4401264 1567696011.4574625 bigbrain_2307_2412_2082.nii 140673047230272
increment_file 1567696011.461491 1567696059.6012278 bigbrain_2307_2412_2082.nii 140673047230272
write_file 1567696059.6496704 1567696077.5286002 inc-bigbrain_2307_2412_2082.nii 140673047230272
task_duration 1567696011.4293354 1567696077.531513 1567695792-optaneAD_1it_96cpus_0delay_npc-0 140673047230272
read_file 1567696011.4538515 1567696011.4599147 bigbrain_769_2412_2082.nii 139883482072896
increment_file 1567696011.4613612 1567696059.5897546 bigbrain_769_2412_2082.nii 139883482072896
write_file 1567696059.6351414 1567696076.2412548 inc-bigbrain_769_2412_2082.nii 139883482072896
task_duration 1567696011.4516165 1567696076.2442136 1567695792-optaneAD_1it_96cpus_0delay_npc-0 139883482072896
read_file 1567696011.4507027 1567696011.462616 bigbrain_2307_0_1388.nii 139995784259392
increment_file 1567696011.4662173 1567696059.4963403 bigbrain_2307_0_1388.nii 139995784259392
write_file 1567696059.5248702 1567696078.1526017 inc-bigbrain_2307_0_1388.nii 139995784259392
task_duration 1567696011.4388232 1567696078.155738 1567695792-optaneAD_1it_96cpus_0delay_npc-0 139995784259392
read_file 1567696011.440394 1567696011.4679914 bigbrain_3076_0_694.nii 140351164696384
increment_file 1567696011.4729085 1567696058.0620224 bigbrain_3076_0_694.nii 140351164696384
write_file 1567696058.0740175 1567696068.937112 inc-bigbrain_3076_0_694.nii 140351164696384
task_duration 1567696011.4300342 1567696068.939678 1567695792-optaneAD_1it_96cpus_0delay_npc-0 140351164696384
read_file 1567696011.450142 1567696011.4681025 bigbrain_2307_603_694.nii 140310796990272
increment_file 1567696011.4732504 1567696059.6651866 bigbrain_2307_603_694.nii 140310796990272
write_file 1567696059.6836958 1567696066.9644642 inc-bigbrain_2307_603_694.nii 140310796990272
task_duration 1567696011.4361358 1567696066.9673004 1567695792-optaneAD_1it_96cpus_0delay_npc-0 140310796990272
read_file 1567696011.4525802 1567696011.4688573 bigbrain_3076_1206_0.nii 140100884272960
increment_file 1567696011.4741013 1567696058.3267918 bigbrain_3076_1206_0.nii 140100884272960
write_file 1567696058.4964592 1567696078.920262 inc-bigbrain_3076_1206_0.nii 140100884272960
task_duration 1567696011.4276798 1567696078.9229922 1567695792-optaneAD_1it_96cpus_0delay_npc-0 140100884272960
read_file 1567696011.4543147 1567696011.4724112 bigbrain_2307_0_2082.nii 140591602251584
increment_file 1567696011.4764795 1567696059.5889986 bigbrain_2307_0_2082.nii 140591602251584
write_file 1567696059.6273344 1567696072.5010455 inc-bigbrain_2307_0_2082.nii 140591602251584
task_duration 1567696011.4419465 1567696072.5038648 1567695792-optaneAD_1it_96cpus_0delay_npc-0 140591602251584
read_file 1567696011.4614356 1567696011.474848 bigbrain_3076_603_1388.nii 140505864460096
increment_file 1567696011.476247 1567696059.4513853 bigbrain_3076_603_1388.nii 140505864460096
write_file 1567696059.4735637 1567696072.4570312 inc-bigbrain_3076_603_1388.nii 140505864460096
task_duration 1567696011.4579053 1567696072.4602978 1567695792-optaneAD_1it_96cpus_0delay_npc-0 140505864460096
read_file 1567696011.4562829 1567696011.4879787 bigbrain_3076_2412_2082.nii 140637545899840
increment_file 1567696011.491504 1567696058.2789288 bigbrain_3076_2412_2082.nii 140637545899840
write_file 1567696058.5025728 1567696076.9931405 inc-bigbrain_3076_2412_2082.nii 140637545899840
task_duration 1567696011.439671 1567696076.9976842 1567695792-optaneAD_1it_96cpus_0delay_npc-0 140637545899840
read_file 1567696011.4850059 1567696011.4983366 bigbrain_2307_1206_2776.nii 140068438431552
increment_file 1567696011.501985 1567696059.4791696 bigbrain_2307_1206_2776.nii 140068438431552
write_file 1567696059.4993417 1567696067.0910518 inc-bigbrain_2307_1206_2776.nii 140068438431552
task_duration 1567696011.4699218 1567696067.0944273 1567695792-optaneAD_1it_96cpus_0delay_npc-0 140068438431552
read_file 1567696011.496832 1567696011.5176864 bigbrain_1538_0_694.nii 140249913722688
increment_file 1567696011.5219157 1567696059.5148036 bigbrain_1538_0_694.nii 140249913722688
write_file 1567696059.5476444 1567696077.6999583 inc-bigbrain_1538_0_694.nii 140249913722688
task_duration 1567696011.481663 1567696077.7028272 1567695792-optaneAD_1it_96cpus_0delay_npc-0 140249913722688
read_file 1567696011.5083804 1567696011.5228255 bigbrain_3076_1809_1388.nii 140259998086976
increment_file 1567696011.5243433 1567696059.4483876 bigbrain_3076_1809_1388.nii 140259998086976
write_file 1567696059.495754 1567696068.2964616 inc-bigbrain_3076_1809_1388.nii 140259998086976
task_duration 1567696011.504257 1567696068.2994263 1567695792-optaneAD_1it_96cpus_0delay_npc-0 140259998086976
read_file 1567696011.5110404 1567696011.5259237 bigbrain_1538_1809_2082.nii 139682608920384
increment_file 1567696011.5280454 1567696059.645204 bigbrain_1538_1809_2082.nii 139682608920384
write_file 1567696059.673632 1567696066.6193967 inc-bigbrain_1538_1809_2082.nii 139682608920384
task_duration 1567696011.5060241 1567696066.6222765 1567695792-optaneAD_1it_96cpus_0delay_npc-0 139682608920384
read_file 1567696011.4936686 1567696011.525699 bigbrain_2307_1809_694.nii 140267052058432
increment_file 1567696011.530589 1567696058.2495031 bigbrain_2307_1809_694.nii 140267052058432
write_file 1567696058.5187197 1567696079.057942 inc-bigbrain_2307_1809_694.nii 140267052058432
task_duration 1567696011.4750285 1567696079.0606756 1567695792-optaneAD_1it_96cpus_0delay_npc-0 140267052058432
read_file 1567696011.5006518 1567696011.5281396 bigbrain_1538_2412_2776.nii 140431413876544
increment_file 1567696011.5333266 1567696059.5546734 bigbrain_1538_2412_2776.nii 140431413876544
write_file 1567696059.587232 1567696074.1216133 inc-bigbrain_1538_2412_2776.nii 140431413876544
task_duration 1567696011.4839163 1567696074.1244771 1567695792-optaneAD_1it_96cpus_0delay_npc-0 140431413876544
read_file 1567696011.4989967 1567696011.5296452 bigbrain_2307_0_0.nii 140347219011392
increment_file 1567696011.535461 1567696057.8986468 bigbrain_2307_0_0.nii 140347219011392
write_file 1567696057.917798 1567696078.1510925 inc-bigbrain_2307_0_0.nii 140347219011392
task_duration 1567696011.4650507 1567696078.1538517 1567695792-optaneAD_1it_96cpus_0delay_npc-0 140347219011392
read_file 1567696011.5178852 1567696011.533843 bigbrain_3076_603_2082.nii 140544125290304
increment_file 1567696011.535624 1567696059.676112 bigbrain_3076_603_2082.nii 140544125290304
write_file 1567696059.704109 1567696073.052224 inc-bigbrain_3076_603_2082.nii 140544125290304
task_duration 1567696011.4976366 1567696073.0550692 1567695792-optaneAD_1it_96cpus_0delay_npc-0 140544125290304
read_file 1567696011.5238314 1567696011.5368068 bigbrain_2307_603_2776.nii 139966907213632
increment_file 1567696011.538615 1567696059.464101 bigbrain_2307_603_2776.nii 139966907213632
write_file 1567696059.4854052 1567696070.5040379 inc-bigbrain_2307_603_2776.nii 139966907213632
task_duration 1567696011.5195203 1567696070.5075545 1567695792-optaneAD_1it_96cpus_0delay_npc-0 139966907213632
read_file 1567696011.4979577 1567696011.535807 bigbrain_1538_1809_694.nii 140259524007744
increment_file 1567696011.5441642 1567696057.8547647 bigbrain_1538_1809_694.nii 140259524007744
write_file 1567696057.8831675 1567696068.9862077 inc-bigbrain_1538_1809_694.nii 140259524007744
task_duration 1567696011.461349 1567696068.9887793 1567695792-optaneAD_1it_96cpus_0delay_npc-0 140259524007744
read_file 1567696011.5478258 1567696011.5654888 bigbrain_3076_2412_2776.nii 140084043892544
increment_file 1567696011.5698953 1567696059.2749617 bigbrain_3076_2412_2776.nii 140084043892544
write_file 1567696059.3020923 1567696077.9448514 inc-bigbrain_3076_2412_2776.nii 140084043892544
task_duration 1567696011.5342205 1567696077.949662 1567695792-optaneAD_1it_96cpus_0delay_npc-0 140084043892544
read_file 1567696011.544885 1567696011.5664392 bigbrain_769_0_694.nii 140627668461376
increment_file 1567696011.5685117 1567696057.8863916 bigbrain_769_0_694.nii 140627668461376
write_file 1567696057.8974185 1567696079.2305012 inc-bigbrain_769_0_694.nii 140627668461376
task_duration 1567696011.5317547 1567696079.233872 1567695792-optaneAD_1it_96cpus_0delay_npc-0 140627668461376
read_file 1567696011.5536776 1567696011.5752685 bigbrain_1538_603_1388.nii 140437282834240
increment_file 1567696011.5795214 1567696059.569838 bigbrain_1538_603_1388.nii 140437282834240
write_file 1567696059.617977 1567696066.9451632 inc-bigbrain_1538_603_1388.nii 140437282834240
task_duration 1567696011.5272458 1567696066.9479408 1567695792-optaneAD_1it_96cpus_0delay_npc-0 140437282834240
read_file 1567696011.553617 1567696011.5776913 bigbrain_1538_2412_2082.nii 139972415637312
increment_file 1567696011.5857825 1567696057.8444228 bigbrain_1538_2412_2082.nii 139972415637312
write_file 1567696057.868574 1567696079.0256767 inc-bigbrain_1538_2412_2082.nii 139972415637312
task_duration 1567696011.5261765 1567696079.0288637 1567695792-optaneAD_1it_96cpus_0delay_npc-0 139972415637312
read_file 1567696011.5559008 1567696011.581898 bigbrain_1538_1809_0.nii 140353673029440
increment_file 1567696011.586464 1567696059.4877384 bigbrain_1538_1809_0.nii 140353673029440
write_file 1567696059.5199122 1567696066.9726384 inc-bigbrain_1538_1809_0.nii 140353673029440
task_duration 1567696011.5399208 1567696066.9755137 1567695792-optaneAD_1it_96cpus_0delay_npc-0 140353673029440
read_file 1567696011.5653737 1567696011.582288 bigbrain_2307_2412_694.nii 139862331496256
increment_file 1567696011.5862346 1567696059.5266924 bigbrain_2307_2412_694.nii 139862331496256
write_file 1567696059.5760972 1567696072.0931365 inc-bigbrain_2307_2412_694.nii 139862331496256
task_duration 1567696011.5601528 1567696072.0960746 1567695792-optaneAD_1it_96cpus_0delay_npc-0 139862331496256
read_file 1567696011.5529087 1567696011.5839508 bigbrain_1538_1809_2776.nii 139638685595456
increment_file 1567696011.587964 1567696059.6075044 bigbrain_1538_1809_2776.nii 139638685595456
write_file 1567696059.6596448 1567696074.1362996 inc-bigbrain_1538_1809_2776.nii 139638685595456
task_duration 1567696011.5377738 1567696074.1392715 1567695792-optaneAD_1it_96cpus_0delay_npc-0 139638685595456
read_file 1567696011.5779822 1567696011.587121 bigbrain_3076_1206_2776.nii 139812372895552
increment_file 1567696011.5877218 1567696058.1987565 bigbrain_3076_1206_2776.nii 139812372895552
write_file 1567696058.471126 1567696078.5627985 inc-bigbrain_3076_1206_2776.nii 139812372895552
task_duration 1567696011.5692444 1567696078.565338 1567695792-optaneAD_1it_96cpus_0delay_npc-0 139812372895552
read_file 1567696011.5757084 1567696011.5927775 bigbrain_2307_1809_2776.nii 140710672754496
increment_file 1567696011.5943308 1567696059.649825 bigbrain_2307_1809_2776.nii 140710672754496
write_file 1567696059.6748958 1567696073.5117779 inc-bigbrain_2307_1809_2776.nii 140710672754496
task_duration 1567696011.56202 1567696073.514747 1567695792-optaneAD_1it_96cpus_0delay_npc-0 140710672754496
read_file 1567696011.5612564 1567696011.5926664 bigbrain_2307_2412_1388.nii 139917360244544
increment_file 1567696011.5961618 1567696058.1639335 bigbrain_2307_2412_1388.nii 139917360244544
write_file 1567696058.1880257 1567696063.4984481 inc-bigbrain_2307_2412_1388.nii 139917360244544
task_duration 1567696011.5262568 1567696063.5009518 1567695792-optaneAD_1it_96cpus_0delay_npc-0 139917360244544
read_file 1567696011.56916 1567696011.593331 bigbrain_1538_2412_0.nii 140359014664000
increment_file 1567696011.5971923 1567696058.3815756 bigbrain_1538_2412_0.nii 140359014664000
write_file 1567696058.4989543 1567696072.8922484 inc-bigbrain_1538_2412_0.nii 140359014664000
task_duration 1567696011.532358 1567696072.8949254 1567695792-optaneAD_1it_96cpus_0delay_npc-0 140359014664000
read_file 1567696011.5893984 1567696011.605591 bigbrain_1538_1206_2082.nii 140651828967232
increment_file 1567696011.6069005 1567696058.0381997 bigbrain_1538_1206_2082.nii 140651828967232
write_file 1567696058.063656 1567696073.1794298 inc-bigbrain_1538_1206_2082.nii 140651828967232
task_duration 1567696011.5799403 1567696073.1819863 1567695792-optaneAD_1it_96cpus_0delay_npc-0 140651828967232
read_file 1567696011.5894775 1567696011.6062047 bigbrain_2307_1206_1388.nii 139903708944192
increment_file 1567696011.6097531 1567696059.5828147 bigbrain_2307_1206_1388.nii 139903708944192
write_file 1567696059.619522 1567696066.9826775 inc-bigbrain_2307_1206_1388.nii 139903708944192
task_duration 1567696011.5758228 1567696066.9856553 1567695792-optaneAD_1it_96cpus_0delay_npc-0 139903708944192
read_file 1567696011.5946257 1567696011.6090791 bigbrain_769_2412_2776.nii 140297216538432
increment_file 1567696011.6105638 1567696059.6970713 bigbrain_769_2412_2776.nii 140297216538432
write_file 1567696059.7062178 1567696073.4445179 inc-bigbrain_769_2412_2776.nii 140297216538432
task_duration 1567696011.5874696 1567696073.4476697 1567695792-optaneAD_1it_96cpus_0delay_npc-0 140297216538432
read_file 1567696011.6004472 1567696011.609129 bigbrain_3076_2412_1388.nii 140617112688448
increment_file 1567696011.6122854 1567696059.5159583 bigbrain_3076_2412_1388.nii 140617112688448
write_file 1567696059.5719278 1567696076.4512396 inc-bigbrain_3076_2412_1388.nii 140617112688448
task_duration 1567696011.587996 1567696076.4542677 1567695792-optaneAD_1it_96cpus_0delay_npc-0 140617112688448
read_file 1567696011.5923104 1567696011.6091287 bigbrain_2307_1809_0.nii 140688312227648
increment_file 1567696011.614232 1567696057.8823662 bigbrain_2307_1809_0.nii 140688312227648
write_file 1567696057.9534864 1567696067.944106 inc-bigbrain_2307_1809_0.nii 140688312227648
task_duration 1567696011.5604343 1567696067.9467 1567695792-optaneAD_1it_96cpus_0delay_npc-0 140688312227648
read_file 1567696011.5934339 1567696011.615448 bigbrain_3076_0_2776.nii 140026743088960
increment_file 1567696011.618764 1567696058.1121233 bigbrain_3076_0_2776.nii 140026743088960
write_file 1567696058.1519325 1567696079.2712421 inc-bigbrain_3076_0_2776.nii 140026743088960
task_duration 1567696011.5588367 1567696079.2746232 1567695792-optaneAD_1it_96cpus_0delay_npc-0 140026743088960
read_file 1567696011.6057465 1567696011.6173277 bigbrain_769_0_2776.nii 139655224846144
increment_file 1567696011.6182723 1567696058.3953261 bigbrain_769_0_2776.nii 139655224846144
write_file 1567696058.4943628 1567696070.5408828 inc-bigbrain_769_0_2776.nii 139655224846144
task_duration 1567696011.601481 1567696070.5435984 1567695792-optaneAD_1it_96cpus_0delay_npc-0 139655224846144
read_file 1567696011.6004488 1567696011.6174011 bigbrain_1538_2412_1388.nii 139665845778240
increment_file 1567696011.6206234 1567696058.265033 bigbrain_1538_2412_1388.nii 139665845778240
write_file 1567696058.5049508 1567696067.7992382 inc-bigbrain_1538_2412_1388.nii 139665845778240
task_duration 1567696011.5719643 1567696067.8018942 1567695792-optaneAD_1it_96cpus_0delay_npc-0 139665845778240
read_file 1567696011.598792 1567696011.6183345 bigbrain_3076_0_2082.nii 140593320126272
increment_file 1567696011.6203313 1567696059.5915673 bigbrain_3076_0_2082.nii 140593320126272
write_file 1567696059.6290176 1567696078.4662035 inc-bigbrain_3076_0_2082.nii 140593320126272
task_duration 1567696011.5881023 1567696078.4692018 1567695792-optaneAD_1it_96cpus_0delay_npc-0 140593320126272
read_file 1567696011.601657 1567696011.621475 bigbrain_769_1206_1388.nii 140308050134848
increment_file 1567696011.6249185 1567696059.5940766 bigbrain_769_1206_1388.nii 140308050134848
write_file 1567696059.6278174 1567696070.4554706 inc-bigbrain_769_1206_1388.nii 140308050134848
task_duration 1567696011.5760162 1567696070.4583507 1567695792-optaneAD_1it_96cpus_0delay_npc-0 140308050134848
read_file 1567696011.6062818 1567696011.626151 bigbrain_1538_1809_1388.nii 140449785804608
increment_file 1567696011.6285222 1567696059.7059321 bigbrain_1538_1809_1388.nii 140449785804608
write_file 1567696059.710246 1567696075.0865917 inc-bigbrain_1538_1809_1388.nii 140449785804608
task_duration 1567696011.5904818 1567696075.0898666 1567695792-optaneAD_1it_96cpus_0delay_npc-0 140449785804608
read_file 1567696011.6191664 1567696011.6270094 bigbrain_769_1206_2776.nii 140593683818304
increment_file 1567696011.6295269 1567696058.18292 bigbrain_769_1206_2776.nii 140593683818304
write_file 1567696058.203862 1567696071.8136506 inc-bigbrain_769_1206_2776.nii 140593683818304
task_duration 1567696011.6017468 1567696071.816245 1567695792-optaneAD_1it_96cpus_0delay_npc-0 140593683818304
read_file 1567696011.6136434 1567696011.6283684 bigbrain_769_1206_0.nii 140246174480192
increment_file 1567696011.63075 1567696058.3965373 bigbrain_769_1206_0.nii 140246174480192
write_file 1567696058.5038977 1567696074.8484228 inc-bigbrain_769_1206_0.nii 140246174480192
task_duration 1567696011.5976417 1567696074.851 1567695792-optaneAD_1it_96cpus_0delay_npc-0 140246174480192
read_file 1567696011.6157622 1567696011.6313372 bigbrain_1538_0_2776.nii 140051203745600
increment_file 1567696011.633461 1567696058.3240707 bigbrain_1538_0_2776.nii 140051203745600
write_file 1567696058.5051138 1567696070.2911983 inc-bigbrain_1538_0_2776.nii 140051203745600
task_duration 1567696011.5978668 1567696070.293881 1567695792-optaneAD_1it_96cpus_0delay_npc-0 140051203745600
read_file 1567696011.625522 1567696011.6326373 bigbrain_769_1809_694.nii 140372190041920
increment_file 1567696011.6345901 1567696058.0892892 bigbrain_769_1809_694.nii 140372190041920
write_file 1567696058.1111672 1567696079.271329 inc-bigbrain_769_1809_694.nii 140372190041920
task_duration 1567696011.610569 1567696079.274616 1567695792-optaneAD_1it_96cpus_0delay_npc-0 140372190041920
read_file 1567696011.618684 1567696011.6327367 bigbrain_2307_0_694.nii 140324148885312
increment_file 1567696011.636343 1567696059.501487 bigbrain_2307_0_694.nii 140324148885312
write_file 1567696059.5199137 1567696075.0616431 inc-bigbrain_2307_0_694.nii 140324148885312
task_duration 1567696011.6023684 1567696075.065038 1567695792-optaneAD_1it_96cpus_0delay_npc-0 140324148885312
read_file 1567696011.6243389 1567696011.635771 bigbrain_769_0_2082.nii 139652960778048
increment_file 1567696011.6399322 1567696058.30287 bigbrain_769_0_2082.nii 139652960778048
write_file 1567696058.512889 1567696076.105018 inc-bigbrain_769_0_2082.nii 139652960778048
task_duration 1567696011.6097403 1567696076.1076202 1567695792-optaneAD_1it_96cpus_0delay_npc-0 139652960778048
read_file 1567696011.6214662 1567696011.6357424 bigbrain_1538_603_694.nii 139850449958720
increment_file 1567696011.6407447 1567696059.6889603 bigbrain_1538_603_694.nii 139850449958720
write_file 1567696059.7018158 1567696074.0091264 inc-bigbrain_1538_603_694.nii 139850449958720
task_duration 1567696011.6053696 1567696074.0121017 1567695792-optaneAD_1it_96cpus_0delay_npc-0 139850449958720
read_file 1567696011.6207414 1567696011.6361938 bigbrain_3076_1206_694.nii 140242203907904
increment_file 1567696011.6415632 1567696059.5283093 bigbrain_3076_1206_694.nii 140242203907904
write_file 1567696059.5743654 1567696071.6258295 inc-bigbrain_3076_1206_694.nii 140242203907904
task_duration 1567696011.605072 1567696071.6287105 1567695792-optaneAD_1it_96cpus_0delay_npc-0 140242203907904
read_file 1567696011.621442 1567696011.6376107 bigbrain_1538_603_2082.nii 140629896144704
increment_file 1567696011.6415093 1567696059.568066 bigbrain_1538_603_2082.nii 140629896144704
write_file 1567696059.6060874 1567696070.5912144 inc-bigbrain_1538_603_2082.nii 140629896144704
task_duration 1567696011.6150005 1567696070.594068 1567695792-optaneAD_1it_96cpus_0delay_npc-0 140629896144704
read_file 1567696011.634398 1567696011.6391044 bigbrain_3076_1206_2082.nii 140468300515136
increment_file 1567696011.6402898 1567696058.356175 bigbrain_3076_1206_2082.nii 140468300515136
write_file 1567696058.4873831 1567696074.485652 inc-bigbrain_3076_1206_2082.nii 140468300515136
task_duration 1567696011.631429 1567696074.4888926 1567695792-optaneAD_1it_96cpus_0delay_npc-0 140468300515136
read_file 1567696011.6321528 1567696011.6496654 bigbrain_3076_1206_1388.nii 140015843886912
increment_file 1567696011.654977 1567696059.6767147 bigbrain_3076_1206_1388.nii 140015843886912
write_file 1567696059.7034166 1567696074.3048522 inc-bigbrain_3076_1206_1388.nii 140015843886912
task_duration 1567696011.6181433 1567696074.3077765 1567695792-optaneAD_1it_96cpus_0delay_npc-0 140015843886912
read_file 1567696011.6456704 1567696011.650634 bigbrain_1538_1206_694.nii 140580501612352
increment_file 1567696011.652474 1567696059.6449702 bigbrain_1538_1206_694.nii 140580501612352
write_file 1567696059.6736674 1567696078.537103 inc-bigbrain_1538_1206_694.nii 140580501612352
task_duration 1567696011.64069 1567696078.540037 1567695792-optaneAD_1it_96cpus_0delay_npc-0 140580501612352
read_file 1567696011.6337366 1567696011.6549878 bigbrain_2307_0_2776.nii 140506213873472
increment_file 1567696011.65752 1567696059.5180001 bigbrain_2307_0_2776.nii 140506213873472
write_file 1567696059.5533035 1567696068.3166153 inc-bigbrain_2307_0_2776.nii 140506213873472
task_duration 1567696011.618339 1567696068.3195157 1567695792-optaneAD_1it_96cpus_0delay_npc-0 140506213873472
read_file 1567696011.6458318 1567696011.6582067 bigbrain_2307_1206_2082.nii 139735834392384
increment_file 1567696011.661309 1567696059.6272736 bigbrain_2307_1206_2082.nii 139735834392384
write_file 1567696059.6748948 1567696077.2666943 inc-bigbrain_2307_1206_2082.nii 139735834392384
task_duration 1567696011.6311874 1567696077.2695403 1567695792-optaneAD_1it_96cpus_0delay_npc-0 139735834392384
read_file 1567696011.6635025 1567696011.6683755 bigbrain_769_1809_2776.nii 140450382333760
increment_file 1567696011.6699617 1567696058.0448034 bigbrain_769_1809_2776.nii 140450382333760
write_file 1567696058.0486264 1567696076.0554147 inc-bigbrain_769_1809_2776.nii 140450382333760
task_duration 1567696011.659336 1567696076.057964 1567695792-optaneAD_1it_96cpus_0delay_npc-0 140450382333760
read_file 1567696011.6558516 1567696011.6758835 bigbrain_1538_1206_1388.nii 139975270434624
increment_file 1567696011.6789463 1567696059.5776079 bigbrain_1538_1206_1388.nii 139975270434624
write_file 1567696059.6134715 1567696067.4943898 inc-bigbrain_1538_1206_1388.nii 139975270434624
task_duration 1567696011.630415 1567696067.4984872 1567695792-optaneAD_1it_96cpus_0delay_npc-0 139975270434624
read_file 1567696011.665807 1567696011.6792471 bigbrain_2307_603_2082.nii 139717801854784
increment_file 1567696011.6805935 1567696059.582193 bigbrain_2307_603_2082.nii 139717801854784
write_file 1567696059.6195219 1567696075.3374877 inc-bigbrain_2307_603_2082.nii 139717801854784
task_duration 1567696011.660959 1567696075.3411014 1567695792-optaneAD_1it_96cpus_0delay_npc-0 139717801854784
read_file 1567696011.689113 1567696011.691748 bigbrain_769_603_2082.nii 140381244860224
increment_file 1567696011.692119 1567696058.0199015 bigbrain_769_603_2082.nii 140381244860224
write_file 1567696058.0233006 1567696071.9021153 inc-bigbrain_769_603_2082.nii 140381244860224
task_duration 1567696011.6859963 1567696071.9046164 1567695792-optaneAD_1it_96cpus_0delay_npc-0 140381244860224
read_file 1567696011.6793935 1567696011.6939015 bigbrain_769_0_0.nii 139952132089664
increment_file 1567696011.694697 1567696059.5590343 bigbrain_769_0_0.nii 139952132089664
write_file 1567696059.5861473 1567696078.862753 inc-bigbrain_769_0_0.nii 139952132089664
task_duration 1567696011.6750753 1567696078.8661306 1567695792-optaneAD_1it_96cpus_0delay_npc-0 139952132089664
read_file 1567696011.680789 1567696011.6956487 bigbrain_769_603_2776.nii 140657045731136
increment_file 1567696011.698479 1567696059.666996 bigbrain_769_603_2776.nii 140657045731136
write_file 1567696059.6871605 1567696066.5830941 inc-bigbrain_769_603_2776.nii 140657045731136
task_duration 1567696011.668442 1567696066.5863261 1567695792-optaneAD_1it_96cpus_0delay_npc-0 140657045731136
read_file 1567696011.687742 1567696011.6988642 bigbrain_2307_2412_0.nii 139860955096896
increment_file 1567696011.7011383 1567696059.6324015 bigbrain_2307_2412_0.nii 139860955096896
write_file 1567696059.6716003 1567696071.293065 inc-bigbrain_2307_2412_0.nii 139860955096896
task_duration 1567696011.6736758 1567696071.2959633 1567695792-optaneAD_1it_96cpus_0delay_npc-0 139860955096896
read_file 1567696011.6861045 1567696011.7032504 bigbrain_3076_2412_0.nii 140072870631232
increment_file 1567696011.7066114 1567696058.4784656 bigbrain_3076_2412_0.nii 140072870631232
write_file 1567696058.510014 1567696079.2727532 inc-bigbrain_3076_2412_0.nii 140072870631232
task_duration 1567696011.671414 1567696079.2755427 1567695792-optaneAD_1it_96cpus_0delay_npc-0 140072870631232
read_file 1567696011.6942875 1567696011.705377 bigbrain_1538_603_0.nii 140198256019264
increment_file 1567696011.7083156 1567696059.6868222 bigbrain_1538_603_0.nii 140198256019264
write_file 1567696059.7025726 1567696076.5589771 inc-bigbrain_1538_603_0.nii 140198256019264
task_duration 1567696011.681361 1567696076.5619092 1567695792-optaneAD_1it_96cpus_0delay_npc-0 140198256019264
read_file 1567696011.7096093 1567696011.7186642 bigbrain_2307_1206_0.nii 139873761990464
increment_file 1567696011.7209582 1567696058.423778 bigbrain_2307_1206_0.nii 139873761990464
write_file 1567696058.4977007 1567696069.8390949 inc-bigbrain_2307_1206_0.nii 139873761990464
task_duration 1567696011.6975312 1567696069.8416402 1567695792-optaneAD_1it_96cpus_0delay_npc-0 139873761990464
read_file 1567696011.7065976 1567696011.718673 bigbrain_2307_603_1388.nii 140150635824960
increment_file 1567696011.7218888 1567696059.6822476 bigbrain_2307_603_1388.nii 140150635824960
write_file 1567696059.7025223 1567696066.925721 inc-bigbrain_2307_603_1388.nii 140150635824960
task_duration 1567696011.6944065 1567696066.9296331 1567695792-optaneAD_1it_96cpus_0delay_npc-0 140150635824960
read_file 1567696011.7049303 1567696011.7191048 bigbrain_3076_1809_2082.nii 140249220835136
increment_file 1567696011.722094 1567696059.677894 bigbrain_3076_1809_2082.nii 140249220835136
write_file 1567696059.7035592 1567696074.8709273 inc-bigbrain_3076_1809_2082.nii 140249220835136
task_duration 1567696011.693236 1567696074.873855 1567695792-optaneAD_1it_96cpus_0delay_npc-0 140249220835136
read_file 1567696011.719583 1567696011.7299967 bigbrain_769_2412_1388.nii 140642606139200
increment_file 1567696011.7320158 1567696059.6374662 bigbrain_769_2412_1388.nii 140642606139200
write_file 1567696059.6671524 1567696076.7421918 inc-bigbrain_769_2412_1388.nii 140642606139200
task_duration 1567696011.7073894 1567696076.745029 1567695792-optaneAD_1it_96cpus_0delay_npc-0 140642606139200
read_file 1567696011.720071 1567696011.73589 bigbrain_769_2412_694.nii 139631037081408
increment_file 1567696011.7389753 1567696058.422168 bigbrain_769_2412_694.nii 139631037081408
write_file 1567696058.50528 1567696078.2923734 inc-bigbrain_769_2412_694.nii 139631037081408
task_duration 1567696011.7092772 1567696078.2952745 1567695792-optaneAD_1it_96cpus_0delay_npc-0 139631037081408
read_file 1567696011.7304842 1567696011.7440162 bigbrain_3076_1809_2776.nii 139799440914240
increment_file 1567696011.747017 1567696059.6822944 bigbrain_3076_1809_2776.nii 139799440914240
write_file 1567696059.7031877 1567696078.8372269 inc-bigbrain_3076_1809_2776.nii 139799440914240
task_duration 1567696011.7178319 1567696078.8401072 1567695792-optaneAD_1it_96cpus_0delay_npc-0 139799440914240
read_file 1567696011.7381253 1567696011.7458088 bigbrain_769_603_1388.nii 140174014998336
increment_file 1567696011.7477229 1567696058.4618218 bigbrain_769_603_1388.nii 140174014998336
write_file 1567696058.493227 1567696073.2597847 inc-bigbrain_769_603_1388.nii 140174014998336
task_duration 1567696011.7267468 1567696073.262318 1567695792-optaneAD_1it_96cpus_0delay_npc-0 140174014998336
read_file 1567696011.7306163 1567696011.7459788 bigbrain_3076_0_1388.nii 139699324426048
increment_file 1567696011.748633 1567696059.5154755 bigbrain_3076_0_1388.nii 139699324426048
write_file 1567696059.5439293 1567696078.2809052 inc-bigbrain_3076_0_1388.nii 139699324426048
task_duration 1567696011.7192202 1567696078.2836967 1567695792-optaneAD_1it_96cpus_0delay_npc-0 139699324426048
read_file 1567696011.7723749 1567696011.787371 bigbrain_769_1206_2082.nii 140222574438208
increment_file 1567696011.7899976 1567696059.6906028 bigbrain_769_1206_2082.nii 140222574438208
write_file 1567696059.6999662 1567696070.114888 inc-bigbrain_769_1206_2082.nii 140222574438208
task_duration 1567696011.7603183 1567696070.1176634 1567695792-optaneAD_1it_96cpus_0delay_npc-0 140222574438208
read_file 1567696064.0069788 1567696064.008189 bigbrain_769_603_694.nii 139639062927168
increment_file 1567696064.0962965 1567696065.8150976 bigbrain_769_603_694.nii 139639062927168
write_file 1567696065.8180711 1567696076.9070015 inc-bigbrain_769_603_694.nii 139639062927168
task_duration 1567696064.0050414 1567696076.910288 1567695792-optaneAD_1it_96cpus_0delay_npc-0 139639062927168
