read_file 1567707719.1670718 1567707719.1689456 bigbrain_769_0_694.nii 140380944955200
increment_file 1567707719.1692173 1567707720.3329713 bigbrain_769_0_694.nii 140380944955200
write_file 1567707720.346823 1567707721.563806 inc-bigbrain_769_0_694.nii 140380944955200
task_duration 1567707719.1632998 1567707721.5673819 1567707628-localAD_1it_96cpus_0delay_npc-2 140380944955200
read_file 1567707719.167084 1567707719.1689808 bigbrain_2307_1809_1388.nii 139639830218560
increment_file 1567707719.169268 1567707720.3313832 bigbrain_2307_1809_1388.nii 139639830218560
write_file 1567707720.3501828 1567707721.4532366 inc-bigbrain_2307_1809_1388.nii 139639830218560
task_duration 1567707719.1635082 1567707721.4618087 1567707628-localAD_1it_96cpus_0delay_npc-2 139639830218560
read_file 1567707719.1672084 1567707719.1691513 bigbrain_769_2412_694.nii 140346611537728
increment_file 1567707719.1694355 1567707720.2318764 bigbrain_769_2412_694.nii 140346611537728
write_file 1567707720.2555351 1567707721.3965187 inc-bigbrain_769_2412_694.nii 140346611537728
task_duration 1567707719.1638343 1567707721.4041317 1567707628-localAD_1it_96cpus_0delay_npc-2 140346611537728
read_file 1567707719.1673388 1567707719.1693897 bigbrain_2307_1809_694.nii 140422119298880
increment_file 1567707719.1696997 1567707720.3857863 bigbrain_2307_1809_694.nii 140422119298880
write_file 1567707720.402386 1567707721.5510898 inc-bigbrain_2307_1809_694.nii 140422119298880
task_duration 1567707719.1637595 1567707721.562322 1567707628-localAD_1it_96cpus_0delay_npc-2 140422119298880
read_file 1567707719.1676176 1567707719.169718 bigbrain_1538_1809_1388.nii 139980970452800
increment_file 1567707719.1699922 1567707720.5959218 bigbrain_1538_1809_1388.nii 139980970452800
write_file 1567707720.610788 1567707721.946704 inc-bigbrain_1538_1809_1388.nii 139980970452800
task_duration 1567707719.16399 1567707721.9525561 1567707628-localAD_1it_96cpus_0delay_npc-2 139980970452800
read_file 1567707719.1676621 1567707719.1697245 bigbrain_1538_2412_0.nii 140593566717760
increment_file 1567707719.1700132 1567707720.2992837 bigbrain_1538_2412_0.nii 140593566717760
write_file 1567707720.3330667 1567707721.698063 inc-bigbrain_1538_2412_0.nii 140593566717760
task_duration 1567707719.1643176 1567707721.7084446 1567707628-localAD_1it_96cpus_0delay_npc-2 140593566717760
read_file 1567707719.1677616 1567707719.169782 bigbrain_769_1206_2082.nii 140381140567872
increment_file 1567707719.1700556 1567707720.4435375 bigbrain_769_1206_2082.nii 140381140567872
write_file 1567707720.466323 1567707721.8325558 inc-bigbrain_769_1206_2082.nii 140381140567872
task_duration 1567707719.1641407 1567707721.8424575 1567707628-localAD_1it_96cpus_0delay_npc-2 140381140567872
read_file 1567707719.1677036 1567707719.1697936 bigbrain_3076_1809_1388.nii 140384256898880
increment_file 1567707719.1700828 1567707720.502951 bigbrain_3076_1809_1388.nii 140384256898880
write_file 1567707720.5751476 1567707721.92666 inc-bigbrain_3076_1809_1388.nii 140384256898880
task_duration 1567707719.1640549 1567707721.9330828 1567707628-localAD_1it_96cpus_0delay_npc-2 140384256898880
read_file 1567707719.16772 1567707719.1697896 bigbrain_3076_2412_0.nii 140659302307648
increment_file 1567707719.1701212 1567707720.5477529 bigbrain_3076_2412_0.nii 140659302307648
write_file 1567707720.5627346 1567707721.9047444 inc-bigbrain_3076_2412_0.nii 140659302307648
task_duration 1567707719.1641378 1567707721.9123225 1567707628-localAD_1it_96cpus_0delay_npc-2 140659302307648
read_file 1567707719.1677673 1567707719.1697972 bigbrain_3076_1206_694.nii 139831336339264
increment_file 1567707719.1701455 1567707720.4588072 bigbrain_3076_1206_694.nii 139831336339264
write_file 1567707720.4909463 1567707721.7289085 inc-bigbrain_3076_1206_694.nii 139831336339264
task_duration 1567707719.1644075 1567707721.737671 1567707628-localAD_1it_96cpus_0delay_npc-2 139831336339264
read_file 1567707719.167764 1567707719.1698248 bigbrain_2307_0_2082.nii 140470131459904
increment_file 1567707719.1701796 1567707720.480851 bigbrain_2307_0_2082.nii 140470131459904
write_file 1567707720.503647 1567707721.8802648 inc-bigbrain_2307_0_2082.nii 140470131459904
task_duration 1567707719.164265 1567707721.888263 1567707628-localAD_1it_96cpus_0delay_npc-2 140470131459904
read_file 1567707719.1675882 1567707719.169808 bigbrain_2307_1809_2776.nii 139753285957440
increment_file 1567707719.1703198 1567707720.2953079 bigbrain_2307_1809_2776.nii 139753285957440
write_file 1567707720.3119268 1567707721.5464272 inc-bigbrain_2307_1809_2776.nii 139753285957440
task_duration 1567707719.163788 1567707721.551175 1567707628-localAD_1it_96cpus_0delay_npc-2 139753285957440
read_file 1567707719.167816 1567707719.1698406 bigbrain_1538_1206_2776.nii 140177402402624
increment_file 1567707719.1702821 1567707720.6495054 bigbrain_1538_1206_2776.nii 140177402402624
write_file 1567707720.6651628 1567707721.8669293 inc-bigbrain_1538_1206_2776.nii 140177402402624
task_duration 1567707719.164343 1567707721.8740082 1567707628-localAD_1it_96cpus_0delay_npc-2 140177402402624
read_file 1567707719.168103 1567707719.170492 bigbrain_3076_0_1388.nii 140258024585024
increment_file 1567707719.1708546 1567707719.9944408 bigbrain_3076_0_1388.nii 140258024585024
write_file 1567707720.0178452 1567707721.2751312 inc-bigbrain_3076_0_1388.nii 140258024585024
task_duration 1567707719.1650279 1567707721.2847414 1567707628-localAD_1it_96cpus_0delay_npc-2 140258024585024
read_file 1567707719.1692784 1567707719.1711736 bigbrain_1538_2412_2082.nii 139934814619456
increment_file 1567707719.1714373 1567707720.7030137 bigbrain_1538_2412_2082.nii 139934814619456
write_file 1567707720.724936 1567707722.034923 inc-bigbrain_1538_2412_2082.nii 139934814619456
task_duration 1567707719.1640904 1567707722.0390744 1567707628-localAD_1it_96cpus_0delay_npc-2 139934814619456
read_file 1567707719.1692867 1567707719.1712186 bigbrain_3076_603_2776.nii 140134772107072
increment_file 1567707719.171488 1567707720.6029074 bigbrain_3076_603_2776.nii 140134772107072
write_file 1567707720.6259315 1567707721.9816632 inc-bigbrain_3076_603_2776.nii 140134772107072
task_duration 1567707719.1640987 1567707721.986738 1567707628-localAD_1it_96cpus_0delay_npc-2 140134772107072
read_file 1567707719.1693895 1567707719.171536 bigbrain_2307_1206_2082.nii 140667592087360
increment_file 1567707719.1717634 1567707720.0112512 bigbrain_2307_1206_2082.nii 140667592087360
write_file 1567707720.0351276 1567707721.3062925 inc-bigbrain_2307_1206_2082.nii 140667592087360
task_duration 1567707719.1661847 1567707721.31303 1567707628-localAD_1it_96cpus_0delay_npc-2 140667592087360
read_file 1567707719.1759038 1567707719.1775868 bigbrain_2307_603_1388.nii 140407520855872
increment_file 1567707719.1778688 1567707720.579588 bigbrain_2307_603_1388.nii 140407520855872
write_file 1567707720.6020327 1567707721.8621967 inc-bigbrain_2307_603_1388.nii 140407520855872
task_duration 1567707719.173843 1567707721.8698661 1567707628-localAD_1it_96cpus_0delay_npc-2 140407520855872
read_file 1567707719.1770656 1567707719.1790998 bigbrain_2307_2412_0.nii 139704097797952
increment_file 1567707719.1794028 1567707720.4731522 bigbrain_2307_2412_0.nii 139704097797952
write_file 1567707720.506025 1567707721.8428698 inc-bigbrain_2307_2412_0.nii 139704097797952
task_duration 1567707719.1743608 1567707721.8498452 1567707628-localAD_1it_96cpus_0delay_npc-2 139704097797952
read_file 1567707719.177375 1567707719.179457 bigbrain_2307_603_694.nii 139677861132096
increment_file 1567707719.179639 1567707720.4758584 bigbrain_2307_603_694.nii 139677861132096
write_file 1567707720.5089693 1567707721.9408119 inc-bigbrain_2307_603_694.nii 139677861132096
task_duration 1567707719.173978 1567707721.9470844 1567707628-localAD_1it_96cpus_0delay_npc-2 139677861132096
read_file 1567707719.1794214 1567707719.1808856 bigbrain_769_0_2776.nii 140401685829440
increment_file 1567707719.18114 1567707720.0293949 bigbrain_769_0_2776.nii 140401685829440
write_file 1567707720.0439298 1567707721.2794604 inc-bigbrain_769_0_2776.nii 140401685829440
task_duration 1567707719.1776197 1567707721.287291 1567707628-localAD_1it_96cpus_0delay_npc-2 140401685829440
read_file 1567707719.1827917 1567707719.184012 bigbrain_2307_2412_694.nii 140221860534080
increment_file 1567707719.1842294 1567707720.3275785 bigbrain_2307_2412_694.nii 140221860534080
write_file 1567707720.3419917 1567707721.4322178 inc-bigbrain_2307_2412_694.nii 140221860534080
task_duration 1567707719.1812568 1567707721.4385924 1567707628-localAD_1it_96cpus_0delay_npc-2 140221860534080
read_file 1567707719.1836176 1567707719.1853528 bigbrain_1538_603_694.nii 140137964631872
increment_file 1567707719.18562 1567707719.9920175 bigbrain_1538_603_694.nii 140137964631872
write_file 1567707720.008023 1567707721.1310892 inc-bigbrain_1538_603_694.nii 140137964631872
task_duration 1567707719.181233 1567707721.139432 1567707628-localAD_1it_96cpus_0delay_npc-2 140137964631872
read_file 1567707719.1897428 1567707719.1918423 bigbrain_3076_1206_1388.nii 140160175265600
increment_file 1567707719.1922107 1567707720.2491798 bigbrain_3076_1206_1388.nii 140160175265600
write_file 1567707720.2662256 1567707721.4231071 inc-bigbrain_3076_1206_1388.nii 140160175265600
task_duration 1567707719.1872957 1567707721.4314654 1567707628-localAD_1it_96cpus_0delay_npc-2 140160175265600
read_file 1567707719.192397 1567707719.194155 bigbrain_2307_1809_2082.nii 140534257542976
increment_file 1567707719.194436 1567707720.2655833 bigbrain_2307_1809_2082.nii 140534257542976
write_file 1567707720.2832413 1567707721.542351 inc-bigbrain_2307_1809_2082.nii 140534257542976
task_duration 1567707719.1878428 1567707721.5458107 1567707628-localAD_1it_96cpus_0delay_npc-2 140534257542976
read_file 1567707719.193542 1567707719.194919 bigbrain_769_0_0.nii 140318990047040
increment_file 1567707719.1951232 1567707720.2895792 bigbrain_769_0_0.nii 140318990047040
write_file 1567707720.3045936 1567707721.430239 inc-bigbrain_769_0_0.nii 140318990047040
task_duration 1567707719.191781 1567707721.4397748 1567707628-localAD_1it_96cpus_0delay_npc-2 140318990047040
read_file 1567707719.1962166 1567707719.1976535 bigbrain_769_603_2776.nii 139904841623360
increment_file 1567707719.1978693 1567707720.0946748 bigbrain_769_603_2776.nii 139904841623360
write_file 1567707720.1062624 1567707721.251321 inc-bigbrain_769_603_2776.nii 139904841623360
task_duration 1567707719.1944263 1567707721.259615 1567707628-localAD_1it_96cpus_0delay_npc-2 139904841623360
read_file 1567707719.1977153 1567707719.1988964 bigbrain_3076_0_0.nii 140026804561728
increment_file 1567707719.1990733 1567707720.2200978 bigbrain_3076_0_0.nii 140026804561728
write_file 1567707720.2409818 1567707721.5058093 inc-bigbrain_3076_0_0.nii 140026804561728
task_duration 1567707719.1962988 1567707721.5098135 1567707628-localAD_1it_96cpus_0delay_npc-2 140026804561728
read_file 1567707719.1981688 1567707719.1996129 bigbrain_3076_2412_2776.nii 140117920249664
increment_file 1567707719.1998274 1567707720.0700223 bigbrain_3076_2412_2776.nii 140117920249664
write_file 1567707720.081746 1567707721.2109036 inc-bigbrain_3076_2412_2776.nii 140117920249664
task_duration 1567707719.1963391 1567707721.220861 1567707628-localAD_1it_96cpus_0delay_npc-2 140117920249664
read_file 1567707719.1988535 1567707719.2007232 bigbrain_769_2412_2082.nii 140340093536064
increment_file 1567707719.200965 1567707720.3771403 bigbrain_769_2412_2082.nii 140340093536064
write_file 1567707720.3955858 1567707721.5141778 inc-bigbrain_769_2412_2082.nii 140340093536064
task_duration 1567707719.196707 1567707721.5240612 1567707628-localAD_1it_96cpus_0delay_npc-2 140340093536064
read_file 1567707719.1989746 1567707719.2008111 bigbrain_2307_1809_0.nii 140612448601920
increment_file 1567707719.2011042 1567707720.6370244 bigbrain_2307_1809_0.nii 140612448601920
write_file 1567707720.6644936 1567707721.8560693 inc-bigbrain_2307_1809_0.nii 140612448601920
task_duration 1567707719.1968362 1567707721.862777 1567707628-localAD_1it_96cpus_0delay_npc-2 140612448601920
read_file 1567707719.2009106 1567707719.2026765 bigbrain_2307_0_2776.nii 140020884580160
increment_file 1567707719.2029502 1567707720.4510303 bigbrain_2307_0_2776.nii 140020884580160
write_file 1567707720.4850688 1567707721.870686 inc-bigbrain_2307_0_2776.nii 140020884580160
task_duration 1567707719.1978726 1567707721.8779423 1567707628-localAD_1it_96cpus_0delay_npc-2 140020884580160
read_file 1567707719.2009842 1567707719.202764 bigbrain_1538_1809_2082.nii 140503026689856
increment_file 1567707719.203067 1567707720.3070178 bigbrain_1538_1809_2082.nii 140503026689856
write_file 1567707720.3329213 1567707721.4813015 inc-bigbrain_1538_1809_2082.nii 140503026689856
task_duration 1567707719.1988182 1567707721.4858427 1567707628-localAD_1it_96cpus_0delay_npc-2 140503026689856
read_file 1567707719.2022843 1567707719.2033284 bigbrain_3076_0_2082.nii 140000308447040
increment_file 1567707719.2035048 1567707720.565305 bigbrain_3076_0_2082.nii 140000308447040
write_file 1567707720.5870714 1567707721.988947 inc-bigbrain_3076_0_2082.nii 140000308447040
task_duration 1567707719.2010546 1567707721.995053 1567707628-localAD_1it_96cpus_0delay_npc-2 140000308447040
read_file 1567707719.202492 1567707719.203813 bigbrain_769_2412_1388.nii 139993433868096
increment_file 1567707719.2040176 1567707720.3181508 bigbrain_769_2412_1388.nii 139993433868096
write_file 1567707720.333414 1567707721.48541 inc-bigbrain_769_2412_1388.nii 139993433868096
task_duration 1567707719.1981328 1567707721.4962766 1567707628-localAD_1it_96cpus_0delay_npc-2 139993433868096
read_file 1567707719.2017102 1567707719.2038393 bigbrain_3076_603_694.nii 139845064271680
increment_file 1567707719.2041497 1567707720.6925468 bigbrain_3076_603_694.nii 139845064271680
write_file 1567707720.7155025 1567707722.0432966 inc-bigbrain_3076_603_694.nii 139845064271680
task_duration 1567707719.1992269 1567707722.0476224 1567707628-localAD_1it_96cpus_0delay_npc-2 139845064271680
read_file 1567707719.202348 1567707719.2042768 bigbrain_3076_1809_2776.nii 140006278711104
increment_file 1567707719.204512 1567707720.7269332 bigbrain_3076_1809_2776.nii 140006278711104
write_file 1567707720.7482622 1567707722.0047572 inc-bigbrain_3076_1809_2776.nii 140006278711104
task_duration 1567707719.200042 1567707722.009036 1567707628-localAD_1it_96cpus_0delay_npc-2 140006278711104
read_file 1567707719.20338 1567707719.2054663 bigbrain_2307_1206_694.nii 140178597013312
increment_file 1567707719.2058058 1567707720.6250553 bigbrain_2307_1206_694.nii 140178597013312
write_file 1567707720.647014 1567707722.0105007 inc-bigbrain_2307_1206_694.nii 140178597013312
task_duration 1567707719.201152 1567707722.0149963 1567707628-localAD_1it_96cpus_0delay_npc-2 140178597013312
read_file 1567707719.2046645 1567707719.2059119 bigbrain_1538_603_1388.nii 140189917046592
increment_file 1567707719.2061102 1567707720.6119375 bigbrain_1538_603_1388.nii 140189917046592
write_file 1567707720.6272204 1567707722.0047977 inc-bigbrain_1538_603_1388.nii 140189917046592
task_duration 1567707719.2025914 1567707722.0095863 1567707628-localAD_1it_96cpus_0delay_npc-2 140189917046592
read_file 1567707719.2043035 1567707719.2065876 bigbrain_2307_2412_1388.nii 139795485108032
increment_file 1567707719.2068806 1567707720.5251038 bigbrain_2307_2412_1388.nii 139795485108032
write_file 1567707720.5457835 1567707721.7934132 inc-bigbrain_2307_2412_1388.nii 139795485108032
task_duration 1567707719.2013726 1567707721.803304 1567707628-localAD_1it_96cpus_0delay_npc-2 139795485108032
read_file 1567707719.2058766 1567707719.2073772 bigbrain_1538_603_2776.nii 140101669787456
increment_file 1567707719.2076457 1567707720.2845433 bigbrain_1538_603_2776.nii 140101669787456
write_file 1567707720.3069491 1567707721.5115569 inc-bigbrain_1538_603_2776.nii 140101669787456
task_duration 1567707719.2041082 1567707721.5161004 1567707628-localAD_1it_96cpus_0delay_npc-2 140101669787456
read_file 1567707719.2060504 1567707719.2082305 bigbrain_3076_1206_0.nii 139840769816384
increment_file 1567707719.2086072 1567707720.5134478 bigbrain_3076_1206_0.nii 139840769816384
write_file 1567707720.5320246 1567707721.9085233 inc-bigbrain_3076_1206_0.nii 139840769816384
task_duration 1567707719.2030077 1567707721.9139493 1567707628-localAD_1it_96cpus_0delay_npc-2 139840769816384
read_file 1567707719.2067347 1567707719.208394 bigbrain_3076_1809_2082.nii 140253654689600
increment_file 1567707719.2086654 1567707720.329567 bigbrain_3076_1809_2082.nii 140253654689600
write_file 1567707720.348802 1567707721.4504013 inc-bigbrain_3076_1809_2082.nii 140253654689600
task_duration 1567707719.204617 1567707721.4591696 1567707628-localAD_1it_96cpus_0delay_npc-2 140253654689600
read_file 1567707719.2098238 1567707719.2114992 bigbrain_1538_0_2776.nii 140684068251456
increment_file 1567707719.211832 1567707720.6316314 bigbrain_1538_0_2776.nii 140684068251456
write_file 1567707720.652582 1567707722.0412462 inc-bigbrain_1538_0_2776.nii 140684068251456
task_duration 1567707719.205232 1567707722.0461292 1567707628-localAD_1it_96cpus_0delay_npc-2 140684068251456
read_file 1567707719.2095916 1567707719.2115564 bigbrain_769_2412_0.nii 139978161194816
increment_file 1567707719.2119355 1567707720.4667084 bigbrain_769_2412_0.nii 139978161194816
write_file 1567707720.4969788 1567707721.768366 inc-bigbrain_769_2412_0.nii 139978161194816
task_duration 1567707719.2063096 1567707721.7765036 1567707628-localAD_1it_96cpus_0delay_npc-2 139978161194816
read_file 1567707719.2103677 1567707719.2121577 bigbrain_769_1206_0.nii 140413312804672
increment_file 1567707719.2124522 1567707720.5608652 bigbrain_769_1206_0.nii 140413312804672
write_file 1567707720.582927 1567707721.8323777 inc-bigbrain_769_1206_0.nii 140413312804672
task_duration 1567707719.2079606 1567707721.8400557 1567707628-localAD_1it_96cpus_0delay_npc-2 140413312804672
read_file 1567707719.210298 1567707719.212307 bigbrain_1538_2412_694.nii 140102353393472
increment_file 1567707719.2125838 1567707720.6684492 bigbrain_1538_2412_694.nii 140102353393472
write_file 1567707720.6916294 1567707722.0293374 inc-bigbrain_1538_2412_694.nii 140102353393472
task_duration 1567707719.206119 1567707722.033743 1567707628-localAD_1it_96cpus_0delay_npc-2 140102353393472
read_file 1567707719.210381 1567707719.2127788 bigbrain_769_1809_1388.nii 139978872145728
increment_file 1567707719.2130547 1567707720.039462 bigbrain_769_1809_1388.nii 139978872145728
write_file 1567707720.063281 1567707721.3411937 inc-bigbrain_769_1809_1388.nii 139978872145728
task_duration 1567707719.2070847 1567707721.349027 1567707628-localAD_1it_96cpus_0delay_npc-2 139978872145728
read_file 1567707719.210381 1567707719.2127771 bigbrain_769_603_2082.nii 140592498562880
increment_file 1567707719.213063 1567707720.3385327 bigbrain_769_603_2082.nii 140592498562880
write_file 1567707720.3525383 1567707721.520861 inc-bigbrain_769_603_2082.nii 140592498562880
task_duration 1567707719.207084 1567707721.5254505 1567707628-localAD_1it_96cpus_0delay_npc-2 140592498562880
read_file 1567707719.2108414 1567707719.2129567 bigbrain_1538_1809_694.nii 140270573918016
increment_file 1567707719.213302 1567707720.5286467 bigbrain_1538_1809_694.nii 140270573918016
write_file 1567707720.5592723 1567707721.9401255 inc-bigbrain_1538_1809_694.nii 140270573918016
task_duration 1567707719.2079692 1567707721.9465044 1567707628-localAD_1it_96cpus_0delay_npc-2 140270573918016
read_file 1567707719.2110822 1567707719.2130141 bigbrain_3076_1809_0.nii 140083363804992
increment_file 1567707719.2133038 1567707720.6167035 bigbrain_3076_1809_0.nii 140083363804992
write_file 1567707720.6448236 1567707721.8754642 inc-bigbrain_3076_1809_0.nii 140083363804992
task_duration 1567707719.2080443 1567707721.881773 1567707628-localAD_1it_96cpus_0delay_npc-2 140083363804992
read_file 1567707719.2121687 1567707719.2138178 bigbrain_3076_1206_2776.nii 139701356754752
increment_file 1567707719.2140596 1567707720.68558 bigbrain_3076_1206_2776.nii 139701356754752
write_file 1567707720.7083092 1567707722.0300558 inc-bigbrain_3076_1206_2776.nii 139701356754752
task_duration 1567707719.210142 1567707722.033848 1567707628-localAD_1it_96cpus_0delay_npc-2 139701356754752
read_file 1567707719.213013 1567707719.214578 bigbrain_1538_603_0.nii 139645606975296
increment_file 1567707719.2148361 1567707720.6570027 bigbrain_1538_603_0.nii 139645606975296
write_file 1567707720.6726387 1567707722.054383 inc-bigbrain_1538_603_0.nii 139645606975296
task_duration 1567707719.2110832 1567707722.05863 1567707628-localAD_1it_96cpus_0delay_npc-2 139645606975296
read_file 1567707719.2132335 1567707719.2153378 bigbrain_2307_603_2776.nii 139922462648128
increment_file 1567707719.2156441 1567707720.7047875 bigbrain_2307_603_2776.nii 139922462648128
write_file 1567707720.7274494 1567707722.0536644 inc-bigbrain_2307_603_2776.nii 139922462648128
task_duration 1567707719.210768 1567707722.0580378 1567707628-localAD_1it_96cpus_0delay_npc-2 139922462648128
read_file 1567707719.2133758 1567707719.215435 bigbrain_1538_0_694.nii 140226445010752
increment_file 1567707719.2157693 1567707720.5862837 bigbrain_1538_0_694.nii 140226445010752
write_file 1567707720.6089888 1567707722.0594094 inc-bigbrain_1538_0_694.nii 140226445010752
task_duration 1567707719.211045 1567707722.0635743 1567707628-localAD_1it_96cpus_0delay_npc-2 140226445010752
read_file 1567707719.2135773 1567707719.2155778 bigbrain_3076_0_2776.nii 140217262434112
increment_file 1567707719.2159395 1567707720.2423606 bigbrain_3076_0_2776.nii 140217262434112
write_file 1567707720.2645266 1567707721.4253483 inc-bigbrain_3076_0_2776.nii 140217262434112
task_duration 1567707719.2096627 1567707721.432583 1567707628-localAD_1it_96cpus_0delay_npc-2 140217262434112
read_file 1567707719.2141068 1567707719.2157497 bigbrain_1538_1206_2082.nii 139714680481600
increment_file 1567707719.2159886 1567707720.5917904 bigbrain_1538_1206_2082.nii 139714680481600
write_file 1567707720.6162634 1567707721.968241 inc-bigbrain_1538_1206_2082.nii 139714680481600
task_duration 1567707719.2120893 1567707721.97396 1567707628-localAD_1it_96cpus_0delay_npc-2 139714680481600
read_file 1567707719.214234 1567707719.2159998 bigbrain_3076_2412_2082.nii 140705334810432
increment_file 1567707719.2162576 1567707720.6355 bigbrain_3076_2412_2082.nii 140705334810432
write_file 1567707720.6517894 1567707721.852087 inc-bigbrain_3076_2412_2082.nii 140705334810432
task_duration 1567707719.2123053 1567707721.8598907 1567707628-localAD_1it_96cpus_0delay_npc-2 140705334810432
read_file 1567707719.214628 1567707719.2162485 bigbrain_3076_603_1388.nii 140698522793792
increment_file 1567707719.2165303 1567707720.3622975 bigbrain_3076_603_1388.nii 140698522793792
write_file 1567707720.3779218 1567707721.5195746 inc-bigbrain_3076_603_1388.nii 140698522793792
task_duration 1567707719.2127993 1567707721.5243254 1567707628-localAD_1it_96cpus_0delay_npc-2 140698522793792
read_file 1567707719.214895 1567707719.216511 bigbrain_1538_1206_694.nii 140587102619456
increment_file 1567707719.2167468 1567707720.1892216 bigbrain_1538_1206_694.nii 140587102619456
write_file 1567707720.2045894 1567707721.3072572 inc-bigbrain_1538_1206_694.nii 140587102619456
task_duration 1567707719.2130952 1567707721.3136125 1567707628-localAD_1it_96cpus_0delay_npc-2 140587102619456
read_file 1567707719.2153263 1567707719.2166414 bigbrain_3076_603_2082.nii 139838854289216
increment_file 1567707719.2168386 1567707720.5617208 bigbrain_3076_603_2082.nii 139838854289216
write_file 1567707720.591715 1567707721.933244 inc-bigbrain_3076_603_2082.nii 139838854289216
task_duration 1567707719.2138438 1567707721.939081 1567707628-localAD_1it_96cpus_0delay_npc-2 139838854289216
read_file 1567707719.215517 1567707719.216809 bigbrain_2307_603_2082.nii 139659970549568
increment_file 1567707719.2170103 1567707720.1819627 bigbrain_2307_603_2082.nii 139659970549568
write_file 1567707720.2001035 1567707721.4785564 inc-bigbrain_2307_603_2082.nii 139659970549568
task_duration 1567707719.2140641 1567707721.487873 1567707628-localAD_1it_96cpus_0delay_npc-2 139659970549568
read_file 1567707719.2147117 1567707719.2170053 bigbrain_2307_603_0.nii 140133584475968
increment_file 1567707719.217324 1567707720.572206 bigbrain_2307_603_0.nii 140133584475968
write_file 1567707720.5936224 1567707721.9400535 inc-bigbrain_2307_603_0.nii 140133584475968
task_duration 1567707719.2122242 1567707721.947138 1567707628-localAD_1it_96cpus_0delay_npc-2 140133584475968
read_file 1567707719.2153997 1567707719.2173674 bigbrain_3076_1206_2082.nii 140357054687040
increment_file 1567707719.217621 1567707720.2517893 bigbrain_3076_1206_2082.nii 140357054687040
write_file 1567707720.274786 1567707721.356947 inc-bigbrain_3076_1206_2082.nii 140357054687040
task_duration 1567707719.2130592 1567707721.363075 1567707628-localAD_1it_96cpus_0delay_npc-2 140357054687040
read_file 1567707719.2159686 1567707719.2175527 bigbrain_769_603_0.nii 140023133611840
increment_file 1567707719.217799 1567707720.332992 bigbrain_769_603_0.nii 140023133611840
write_file 1567707720.3471143 1567707721.5036688 inc-bigbrain_769_603_0.nii 140023133611840
task_duration 1567707719.2141366 1567707721.5086813 1567707628-localAD_1it_96cpus_0delay_npc-2 140023133611840
read_file 1567707719.216086 1567707719.217833 bigbrain_3076_2412_1388.nii 139707644573504
increment_file 1567707719.2181273 1567707720.5574694 bigbrain_3076_2412_1388.nii 139707644573504
write_file 1567707720.5778553 1567707721.982545 inc-bigbrain_3076_2412_1388.nii 139707644573504
task_duration 1567707719.2141135 1567707721.9885478 1567707628-localAD_1it_96cpus_0delay_npc-2 139707644573504
read_file 1567707719.2173405 1567707719.2187743 bigbrain_769_603_1388.nii 139779430905664
increment_file 1567707719.2189913 1567707720.210238 bigbrain_769_603_1388.nii 139779430905664
write_file 1567707720.2347045 1567707721.5207052 inc-bigbrain_769_603_1388.nii 139779430905664
task_duration 1567707719.2158027 1567707721.525187 1567707628-localAD_1it_96cpus_0delay_npc-2 139779430905664
read_file 1567707719.2176824 1567707719.219683 bigbrain_1538_603_2082.nii 139834214926144
increment_file 1567707719.2199857 1567707720.3552878 bigbrain_1538_603_2082.nii 139834214926144
write_file 1567707720.3696265 1567707721.4081204 inc-bigbrain_1538_603_2082.nii 139834214926144
task_duration 1567707719.215119 1567707721.4144142 1567707628-localAD_1it_96cpus_0delay_npc-2 139834214926144
read_file 1567707719.2183642 1567707719.219932 bigbrain_769_1809_694.nii 140487064717120
increment_file 1567707719.2201622 1567707720.2530725 bigbrain_769_1809_694.nii 140487064717120
write_file 1567707720.277856 1567707721.5385573 inc-bigbrain_769_1809_694.nii 140487064717120
task_duration 1567707719.2164197 1567707721.5493524 1567707628-localAD_1it_96cpus_0delay_npc-2 140487064717120
read_file 1567707719.2186668 1567707719.220232 bigbrain_2307_2412_2776.nii 140050902017856
increment_file 1567707719.220478 1567707720.2350662 bigbrain_2307_2412_2776.nii 140050902017856
write_file 1567707720.2562702 1567707721.5143163 inc-bigbrain_2307_2412_2776.nii 140050902017856
task_duration 1567707719.21698 1567707721.5181103 1567707628-localAD_1it_96cpus_0delay_npc-2 140050902017856
read_file 1567707719.2179637 1567707719.2202613 bigbrain_2307_2412_2082.nii 140180260063040
increment_file 1567707719.220581 1567707720.2453008 bigbrain_2307_2412_2082.nii 140180260063040
write_file 1567707720.2699454 1567707721.3918376 inc-bigbrain_2307_2412_2082.nii 140180260063040
task_duration 1567707719.215339 1567707721.4016366 1567707628-localAD_1it_96cpus_0delay_npc-2 140180260063040
read_file 1567707719.2182992 1567707719.2203357 bigbrain_3076_1809_694.nii 139952968423232
increment_file 1567707719.220726 1567707720.6120872 bigbrain_3076_1809_694.nii 139952968423232
write_file 1567707720.6350453 1567707721.9742706 inc-bigbrain_3076_1809_694.nii 139952968423232
task_duration 1567707719.2157474 1567707721.9789898 1567707628-localAD_1it_96cpus_0delay_npc-2 139952968423232
read_file 1567707719.2213461 1567707719.2233467 bigbrain_769_2412_2776.nii 140452187060032
increment_file 1567707719.2238028 1567707720.5099704 bigbrain_769_2412_2776.nii 140452187060032
write_file 1567707720.5287929 1567707721.8574142 inc-bigbrain_769_2412_2776.nii 140452187060032
task_duration 1567707719.2191823 1567707721.866134 1567707628-localAD_1it_96cpus_0delay_npc-2 140452187060032
read_file 1567707719.201456 1567707719.2689512 bigbrain_2307_1206_2776.nii 140372299241280
increment_file 1567707719.2694519 1567707751.9132571 bigbrain_2307_1206_2776.nii 140372299241280
write_file 1567707751.923125 1567707752.374145 inc-bigbrain_2307_1206_2776.nii 140372299241280
task_duration 1567707719.1972609 1567707752.3766298 1567707628-localAD_1it_96cpus_0delay_npc-2 140372299241280
read_file 1567707719.1902812 1567707719.271896 bigbrain_3076_0_694.nii 140050354575168
increment_file 1567707719.2723794 1567707731.1664598 bigbrain_3076_0_694.nii 140050354575168
write_file 1567707731.1763647 1567707731.6483076 inc-bigbrain_3076_0_694.nii 140050354575168
task_duration 1567707719.1884193 1567707731.6507664 1567707628-localAD_1it_96cpus_0delay_npc-2 140050354575168
read_file 1567707719.2156239 1567707719.2720065 bigbrain_1538_1206_0.nii 140476589008704
increment_file 1567707719.2723913 1567707763.346295 bigbrain_1538_1206_0.nii 140476589008704
write_file 1567707763.3648272 1567707763.8240504 inc-bigbrain_1538_1206_0.nii 140476589008704
task_duration 1567707719.2131605 1567707763.8267453 1567707628-localAD_1it_96cpus_0delay_npc-2 140476589008704
read_file 1567707719.205867 1567707719.27203 bigbrain_2307_0_0.nii 139711518275392
increment_file 1567707719.2723842 1567707762.3995512 bigbrain_2307_0_0.nii 139711518275392
write_file 1567707762.4183924 1567707762.886093 inc-bigbrain_2307_0_0.nii 139711518275392
task_duration 1567707719.2039528 1567707762.8886795 1567707628-localAD_1it_96cpus_0delay_npc-2 139711518275392
read_file 1567707719.190071 1567707719.2721498 bigbrain_1538_1809_2776.nii 139898889840448
increment_file 1567707719.2725828 1567707763.6988816 bigbrain_1538_1809_2776.nii 139898889840448
write_file 1567707763.7180812 1567707764.1710303 inc-bigbrain_1538_1809_2776.nii 139898889840448
task_duration 1567707719.186754 1567707764.1735718 1567707628-localAD_1it_96cpus_0delay_npc-2 139898889840448
read_file 1567707719.2171862 1567707719.272386 bigbrain_769_0_2082.nii 139903962314560
increment_file 1567707719.2727861 1567707760.454581 bigbrain_769_0_2082.nii 139903962314560
write_file 1567707760.4653802 1567707760.9299526 inc-bigbrain_769_0_2082.nii 139903962314560
task_duration 1567707719.214669 1567707760.9325154 1567707628-localAD_1it_96cpus_0delay_npc-2 139903962314560
read_file 1567707719.212688 1567707719.2726564 bigbrain_2307_0_694.nii 140651477722944
increment_file 1567707719.2730873 1567707762.06455 bigbrain_2307_0_694.nii 140651477722944
write_file 1567707762.0819385 1567707762.5636225 inc-bigbrain_2307_0_694.nii 140651477722944
task_duration 1567707719.2101724 1567707762.566363 1567707628-localAD_1it_96cpus_0delay_npc-2 140651477722944
read_file 1567707719.1784203 1567707719.2726846 bigbrain_3076_603_0.nii 139891124471616
increment_file 1567707719.27313 1567707759.6932094 bigbrain_3076_603_0.nii 139891124471616
write_file 1567707759.71019 1567707760.1793358 inc-bigbrain_3076_603_0.nii 139891124471616
task_duration 1567707719.1749036 1567707760.1824691 1567707628-localAD_1it_96cpus_0delay_npc-2 139891124471616
read_file 1567707719.1944075 1567707719.2731388 bigbrain_2307_1206_0.nii 140230479632192
increment_file 1567707719.2734792 1567707741.5669312 bigbrain_2307_1206_0.nii 140230479632192
write_file 1567707741.5770338 1567707742.0187469 inc-bigbrain_2307_1206_0.nii 140230479632192
task_duration 1567707719.192429 1567707742.0212705 1567707628-localAD_1it_96cpus_0delay_npc-2 140230479632192
read_file 1567707719.2144985 1567707719.2731886 bigbrain_2307_1206_1388.nii 139819859007296
increment_file 1567707719.2735107 1567707762.8607147 bigbrain_2307_1206_1388.nii 139819859007296
write_file 1567707762.8806648 1567707763.3295827 inc-bigbrain_2307_1206_1388.nii 139819859007296
task_duration 1567707719.2113247 1567707763.332197 1567707628-localAD_1it_96cpus_0delay_npc-2 139819859007296
read_file 1567707719.2066917 1567707719.273362 bigbrain_769_1809_0.nii 140507686897472
increment_file 1567707719.2736716 1567707762.0538836 bigbrain_769_1809_0.nii 140507686897472
write_file 1567707762.072043 1567707762.5514915 inc-bigbrain_769_1809_0.nii 140507686897472
task_duration 1567707719.204211 1567707762.5542285 1567707628-localAD_1it_96cpus_0delay_npc-2 140507686897472
read_file 1567707719.1786635 1567707719.2735014 bigbrain_2307_0_1388.nii 140057398093632
increment_file 1567707719.273865 1567707730.7723734 bigbrain_2307_0_1388.nii 140057398093632
write_file 1567707730.7821615 1567707731.2392652 inc-bigbrain_2307_0_1388.nii 140057398093632
task_duration 1567707719.175445 1567707731.2417006 1567707628-localAD_1it_96cpus_0delay_npc-2 140057398093632
read_file 1567707719.1869013 1567707719.2737033 bigbrain_769_1809_2776.nii 140453333956416
increment_file 1567707719.2740524 1567707759.1057785 bigbrain_769_1809_2776.nii 140453333956416
write_file 1567707759.1164474 1567707759.5679364 inc-bigbrain_769_1809_2776.nii 140453333956416
task_duration 1567707719.1846602 1567707759.5706105 1567707628-localAD_1it_96cpus_0delay_npc-2 140453333956416
read_file 1567707719.2169445 1567707719.2738469 bigbrain_769_1206_2776.nii 140422343767872
increment_file 1567707719.274214 1567707760.9117525 bigbrain_769_1206_2776.nii 140422343767872
write_file 1567707760.932916 1567707761.3815267 inc-bigbrain_769_1206_2776.nii 140422343767872
task_duration 1567707719.214535 1567707761.3841221 1567707628-localAD_1it_96cpus_0delay_npc-2 140422343767872
read_file 1567707719.2217581 1567707719.273847 bigbrain_1538_1809_0.nii 140199885932352
increment_file 1567707719.2743604 1567707756.0454295 bigbrain_1538_1809_0.nii 140199885932352
write_file 1567707756.0562086 1567707756.5068088 inc-bigbrain_1538_1809_0.nii 140199885932352
task_duration 1567707719.2188263 1567707756.509302 1567707628-localAD_1it_96cpus_0delay_npc-2 140199885932352
read_file 1567707719.2103906 1567707719.2738516 bigbrain_769_1809_2082.nii 140620173047616
increment_file 1567707719.274554 1567707763.157713 bigbrain_769_1809_2082.nii 140620173047616
write_file 1567707763.1753783 1567707763.626877 inc-bigbrain_769_1809_2082.nii 140620173047616
task_duration 1567707719.2070036 1567707763.6297808 1567707628-localAD_1it_96cpus_0delay_npc-2 140620173047616
read_file 1567707719.2213771 1567707719.2751696 bigbrain_1538_2412_1388.nii 140646591440704
increment_file 1567707719.2757375 1567707762.2035162 bigbrain_1538_2412_1388.nii 140646591440704
write_file 1567707762.2221243 1567707762.6829896 inc-bigbrain_1538_2412_1388.nii 140646591440704
task_duration 1567707719.2176318 1567707762.6855247 1567707628-localAD_1it_96cpus_0delay_npc-2 140646591440704
read_file 1567707719.2105587 1567707719.280333 bigbrain_769_1206_1388.nii 140595825612608
increment_file 1567707719.2813203 1567707747.7349427 bigbrain_769_1206_1388.nii 140595825612608
write_file 1567707747.7460055 1567707748.2169652 inc-bigbrain_769_1206_1388.nii 140595825612608
task_duration 1567707719.2084978 1567707748.219421 1567707628-localAD_1it_96cpus_0delay_npc-2 140595825612608
read_file 1567707719.2139356 1567707719.2804015 bigbrain_769_1206_694.nii 140669923116864
increment_file 1567707719.2813373 1567707750.583751 bigbrain_769_1206_694.nii 140669923116864
write_file 1567707750.594216 1567707751.0388887 inc-bigbrain_769_1206_694.nii 140669923116864
task_duration 1567707719.2113516 1567707751.0414307 1567707628-localAD_1it_96cpus_0delay_npc-2 140669923116864
read_file 1567707719.2231143 1567707719.2902997 bigbrain_3076_2412_694.nii 139677999613760
increment_file 1567707719.2909527 1567707740.5263321 bigbrain_3076_2412_694.nii 139677999613760
write_file 1567707740.5365798 1567707740.9804275 inc-bigbrain_3076_2412_694.nii 139677999613760
task_duration 1567707719.220667 1567707740.9829443 1567707628-localAD_1it_96cpus_0delay_npc-2 139677999613760
read_file 1567707719.1921694 1567707719.2908516 bigbrain_769_0_1388.nii 139861072758592
increment_file 1567707719.2914386 1567707732.417386 bigbrain_769_0_1388.nii 139861072758592
write_file 1567707732.4276884 1567707732.8913677 inc-bigbrain_769_0_1388.nii 139861072758592
task_duration 1567707719.1890767 1567707732.8938353 1567707628-localAD_1it_96cpus_0delay_npc-2 139861072758592
read_file 1567707719.2168074 1567707719.2910366 bigbrain_1538_2412_2776.nii 139910558930752
increment_file 1567707719.29163 1567707732.6907961 bigbrain_1538_2412_2776.nii 139910558930752
write_file 1567707732.700817 1567707733.252436 inc-bigbrain_1538_2412_2776.nii 139910558930752
task_duration 1567707719.2144878 1567707733.2562928 1567707628-localAD_1it_96cpus_0delay_npc-2 139910558930752
read_file 1567707719.1994615 1567707719.3108332 bigbrain_1538_1206_1388.nii 139718520559424
increment_file 1567707719.3119597 1567707763.6614723 bigbrain_1538_1206_1388.nii 139718520559424
write_file 1567707763.6814015 1567707764.133014 inc-bigbrain_1538_1206_1388.nii 139718520559424
task_duration 1567707719.1950912 1567707764.135572 1567707628-localAD_1it_96cpus_0delay_npc-2 139718520559424
read_file 1567707722.2204614 1567707722.222055 bigbrain_769_603_694.nii 140053441152832
increment_file 1567707722.22232 1567707722.5899324 bigbrain_769_603_694.nii 140053441152832
write_file 1567707722.598616 1567707723.179914 inc-bigbrain_769_603_694.nii 140053441152832
task_duration 1567707722.2183244 1567707723.1833465 1567707628-localAD_1it_96cpus_0delay_npc-2 140053441152832
