read_file 1567723338.9669862 1567723338.9684334 bigbrain_769_603_694.nii 139649973274432
increment_file 1567723338.9686596 1567723339.417443 bigbrain_769_603_694.nii 139649973274432
write_file 1567723339.4274323 1567723339.9230587 inc-bigbrain_769_603_694.nii 139649973274432
task_duration 1567723458.9651442 1567723580.03434 1567722530-tmpfsAD_1it_25cpus_120delay_withpc-4 139649973274432
read_file 1567723338.9653952 1567723338.9668462 bigbrain_769_1809_694.nii 140021014746944
increment_file 1567723338.9670382 1567723339.4166968 bigbrain_769_1809_694.nii 140021014746944
write_file 1567723339.426731 1567723340.0682487 inc-bigbrain_769_1809_694.nii 140021014746944
task_duration 1567723458.9623082 1567723580.1744375 1567722530-tmpfsAD_1it_25cpus_120delay_withpc-4 140021014746944
read_file 1567723338.9564614 1567723338.9584208 bigbrain_769_603_0.nii 140174634174272
increment_file 1567723338.958663 1567723339.4490335 bigbrain_769_603_0.nii 140174634174272
write_file 1567723339.45938 1567723339.954848 inc-bigbrain_769_603_0.nii 140174634174272
task_duration 1567723458.954051 1567723580.0623653 1567722530-tmpfsAD_1it_25cpus_120delay_withpc-4 140174634174272
read_file 1567723338.9556828 1567723338.957752 bigbrain_769_603_1388.nii 140133921847104
increment_file 1567723338.9580142 1567723339.390383 bigbrain_769_603_1388.nii 140133921847104
write_file 1567723339.401015 1567723339.86842 inc-bigbrain_769_603_1388.nii 140133921847104
task_duration 1567723458.9529715 1567723579.9794855 1567722530-tmpfsAD_1it_25cpus_120delay_withpc-4 140133921847104
read_file 1567723338.952122 1567723338.9537103 bigbrain_769_2412_2082.nii 140083471726400
increment_file 1567723338.9539099 1567723339.385947 bigbrain_769_2412_2082.nii 140083471726400
write_file 1567723339.396505 1567723339.8654668 inc-bigbrain_769_2412_2082.nii 140083471726400
task_duration 1567723458.9500756 1567723579.97621 1567722530-tmpfsAD_1it_25cpus_120delay_withpc-4 140083471726400
read_file 1567723338.9472995 1567723338.9488323 bigbrain_769_1809_1388.nii 140535474579264
increment_file 1567723338.9490144 1567723339.4008346 bigbrain_769_1809_1388.nii 140535474579264
write_file 1567723339.4107935 1567723339.925638 inc-bigbrain_769_1809_1388.nii 140535474579264
task_duration 1567723458.945403 1567723580.0370646 1567722530-tmpfsAD_1it_25cpus_120delay_withpc-4 140535474579264
read_file 1567723338.9456637 1567723338.9468977 bigbrain_769_2412_2776.nii 140618023454528
increment_file 1567723338.947041 1567723339.3972127 bigbrain_769_2412_2776.nii 140618023454528
write_file 1567723339.4072862 1567723339.9232895 inc-bigbrain_769_2412_2776.nii 140618023454528
task_duration 1567723458.9431398 1567723580.0350113 1567722530-tmpfsAD_1it_25cpus_120delay_withpc-4 140618023454528
read_file 1567723338.9442024 1567723338.9458067 bigbrain_769_2412_0.nii 140099181713216
increment_file 1567723338.9459543 1567723339.3959088 bigbrain_769_2412_0.nii 140099181713216
write_file 1567723339.4061682 1567723339.9040775 inc-bigbrain_769_2412_0.nii 140099181713216
task_duration 1567723458.9409242 1567723580.0145416 1567722530-tmpfsAD_1it_25cpus_120delay_withpc-4 140099181713216
read_file 1567723338.9421818 1567723338.944211 bigbrain_769_603_2776.nii 139814463076160
increment_file 1567723338.9444447 1567723339.435996 bigbrain_769_603_2776.nii 139814463076160
write_file 1567723339.4461918 1567723339.9514422 inc-bigbrain_769_603_2776.nii 139814463076160
task_duration 1567723458.9393065 1567723580.0572503 1567722530-tmpfsAD_1it_25cpus_120delay_withpc-4 139814463076160
read_file 1567723338.9405591 1567723338.942589 bigbrain_769_1809_2776.nii 140426085037888
increment_file 1567723338.9428208 1567723339.431155 bigbrain_769_1809_2776.nii 140426085037888
write_file 1567723339.4411705 1567723339.9476268 inc-bigbrain_769_1809_2776.nii 140426085037888
task_duration 1567723458.9378014 1567723580.058143 1567722530-tmpfsAD_1it_25cpus_120delay_withpc-4 140426085037888
read_file 1567723338.9327028 1567723338.934453 bigbrain_769_603_2082.nii 140283158603584
increment_file 1567723338.9346614 1567723339.366773 bigbrain_769_603_2082.nii 140283158603584
write_file 1567723339.377286 1567723339.847025 inc-bigbrain_769_603_2082.nii 140283158603584
task_duration 1567723458.9304497 1567723579.9582396 1567722530-tmpfsAD_1it_25cpus_120delay_withpc-4 140283158603584
read_file 1567723338.9300318 1567723338.932269 bigbrain_769_1809_2082.nii 139831052273472
increment_file 1567723338.9325068 1567723339.4214795 bigbrain_769_1809_2082.nii 139831052273472
write_file 1567723339.431553 1567723339.9412227 inc-bigbrain_769_1809_2082.nii 139831052273472
task_duration 1567723458.9273312 1567723580.0518365 1567722530-tmpfsAD_1it_25cpus_120delay_withpc-4 139831052273472
read_file 1567723338.9254687 1567723338.926726 bigbrain_769_2412_694.nii 140064196175680
increment_file 1567723338.926884 1567723339.3764563 bigbrain_769_2412_694.nii 140064196175680
write_file 1567723339.3867624 1567723340.0606227 inc-bigbrain_769_2412_694.nii 140064196175680
task_duration 1567723458.9229484 1567723580.1727238 1567722530-tmpfsAD_1it_25cpus_120delay_withpc-4 140064196175680
read_file 1567723338.916841 1567723338.9184015 bigbrain_769_2412_1388.nii 139899794679616
increment_file 1567723338.9185886 1567723339.3668742 bigbrain_769_2412_1388.nii 139899794679616
write_file 1567723339.3773618 1567723339.9197302 inc-bigbrain_769_2412_1388.nii 139899794679616
task_duration 1567723458.91489 1567723580.0318456 1567722530-tmpfsAD_1it_25cpus_120delay_withpc-4 139899794679616
read_file 1567723338.895498 1567723338.8968546 bigbrain_769_1809_0.nii 139833603143488
increment_file 1567723338.8970196 1567723339.3402424 bigbrain_769_1809_0.nii 139833603143488
write_file 1567723339.3506727 1567723339.8527615 inc-bigbrain_769_1809_0.nii 139833603143488
task_duration 1567723458.893813 1567723579.9639966 1567722530-tmpfsAD_1it_25cpus_120delay_withpc-4 139833603143488
read_file 1567723338.7771096 1567723338.7785823 bigbrain_769_1206_2082.nii 139787397629760
increment_file 1567723338.7787693 1567723339.193619 bigbrain_769_1206_2082.nii 139787397629760
write_file 1567723339.2045307 1567723339.6780908 inc-bigbrain_769_1206_2082.nii 139787397629760
task_duration 1567723458.7737598 1567723579.7888703 1567722530-tmpfsAD_1it_25cpus_120delay_withpc-4 139787397629760
read_file 1567723338.7537065 1567723338.7550416 bigbrain_769_1206_2776.nii 140012368635712
increment_file 1567723338.7552037 1567723339.1556227 bigbrain_769_1206_2776.nii 140012368635712
write_file 1567723339.1667478 1567723339.7032442 inc-bigbrain_769_1206_2776.nii 140012368635712
task_duration 1567723458.751593 1567723579.8139312 1567722530-tmpfsAD_1it_25cpus_120delay_withpc-4 140012368635712
read_file 1567723338.7457948 1567723338.7476828 bigbrain_769_1206_694.nii 139633889388352
increment_file 1567723338.7478502 1567723339.1597002 bigbrain_769_1206_694.nii 139633889388352
write_file 1567723339.1706903 1567723339.6437054 inc-bigbrain_769_1206_694.nii 139633889388352
task_duration 1567723458.7424688 1567723579.7544386 1567722530-tmpfsAD_1it_25cpus_120delay_withpc-4 139633889388352
read_file 1567723338.683937 1567723338.6863236 bigbrain_769_1206_1388.nii 139863295354688
increment_file 1567723338.6865926 1567723339.085548 bigbrain_769_1206_1388.nii 139863295354688
write_file 1567723339.096224 1567723339.564561 inc-bigbrain_769_1206_1388.nii 139863295354688
task_duration 1567723458.6807013 1567723579.6692634 1567722530-tmpfsAD_1it_25cpus_120delay_withpc-4 139863295354688
read_file 1567723338.4683666 1567723338.4699674 bigbrain_769_1206_0.nii 140405141931840
increment_file 1567723338.4701242 1567723338.8212183 bigbrain_769_1206_0.nii 140405141931840
write_file 1567723338.8306189 1567723339.3674653 inc-bigbrain_769_1206_0.nii 140405141931840
task_duration 1567723458.4651148 1567723579.4774966 1567722530-tmpfsAD_1it_25cpus_120delay_withpc-4 140405141931840
read_file 1567723338.4537756 1567723338.4555457 bigbrain_769_0_2776.nii 139992908318528
increment_file 1567723338.455712 1567723338.8378475 bigbrain_769_0_2776.nii 139992908318528
write_file 1567723338.8477194 1567723339.295391 inc-bigbrain_769_0_2776.nii 139992908318528
task_duration 1567723458.450509 1567723579.405587 1567722530-tmpfsAD_1it_25cpus_120delay_withpc-4 139992908318528
read_file 1567723338.44785 1567723338.4493568 bigbrain_769_0_694.nii 139699874015040
increment_file 1567723338.449546 1567723338.8311477 bigbrain_769_0_694.nii 139699874015040
write_file 1567723338.8408651 1567723339.2853088 inc-bigbrain_769_0_694.nii 139699874015040
task_duration 1567723458.445548 1567723579.3952315 1567722530-tmpfsAD_1it_25cpus_120delay_withpc-4 139699874015040
read_file 1567723211.914419 1567723211.9157567 bigbrain_769_0_2082.nii 139738649569088
increment_file 1567723211.9159274 1567723212.4028945 bigbrain_769_0_2082.nii 139738649569088
write_file 1567723212.4145787 1567723212.900968 inc-bigbrain_769_0_2082.nii 139738649569088
task_duration 1567723331.913134 1567723452.9814813 1567722530-tmpfsAD_1it_25cpus_120delay_withpc-4 139738649569088
read_file 1567723211.8533044 1567723211.8546495 bigbrain_769_0_0.nii 140581006935872
increment_file 1567723211.8547978 1567723212.3472438 bigbrain_769_0_0.nii 140581006935872
write_file 1567723212.3587275 1567723212.8549016 inc-bigbrain_769_0_0.nii 140581006935872
task_duration 1567723331.850896 1567723452.9692657 1567722530-tmpfsAD_1it_25cpus_120delay_withpc-4 140581006935872
read_file 1567723211.8527234 1567723211.8540993 bigbrain_3076_2412_2776.nii 140679755544384
increment_file 1567723211.854305 1567723212.353124 bigbrain_3076_2412_2776.nii 140679755544384
write_file 1567723212.36458 1567723212.8751986 inc-bigbrain_3076_2412_2776.nii 140679755544384
task_duration 1567723331.8494377 1567723452.9896922 1567722530-tmpfsAD_1it_25cpus_120delay_withpc-4 140679755544384
read_file 1567723211.849923 1567723211.8520508 bigbrain_3076_2412_0.nii 140348647008064
increment_file 1567723211.852297 1567723212.3398771 bigbrain_3076_2412_0.nii 140348647008064
write_file 1567723212.3515763 1567723212.845525 inc-bigbrain_3076_2412_0.nii 140348647008064
task_duration 1567723331.847165 1567723452.9496021 1567722530-tmpfsAD_1it_25cpus_120delay_withpc-4 140348647008064
read_file 1567723211.847148 1567723211.8488889 bigbrain_3076_603_694.nii 139947854501696
increment_file 1567723211.8490996 1567723212.3480568 bigbrain_3076_603_694.nii 139947854501696
write_file 1567723212.359497 1567723212.8730686 inc-bigbrain_3076_603_694.nii 139947854501696
task_duration 1567723331.8447945 1567723452.9762876 1567722530-tmpfsAD_1it_25cpus_120delay_withpc-4 139947854501696
read_file 1567723211.8470917 1567723211.848871 bigbrain_3076_2412_2082.nii 140135147644736
increment_file 1567723211.8490555 1567723212.339073 bigbrain_3076_2412_2082.nii 140135147644736
write_file 1567723212.3507612 1567723212.8601034 inc-bigbrain_3076_2412_2082.nii 140135147644736
task_duration 1567723331.8447433 1567723452.964458 1567722530-tmpfsAD_1it_25cpus_120delay_withpc-4 140135147644736
read_file 1567723211.846765 1567723211.8484066 bigbrain_769_0_1388.nii 139773977290560
increment_file 1567723211.8486254 1567723212.33579 bigbrain_769_0_1388.nii 139773977290560
write_file 1567723212.3475842 1567723212.8419483 inc-bigbrain_769_0_1388.nii 139773977290560
task_duration 1567723331.8445582 1567723452.956136 1567722530-tmpfsAD_1it_25cpus_120delay_withpc-4 139773977290560
read_file 1567723211.842983 1567723211.8443592 bigbrain_3076_2412_694.nii 140467543287616
increment_file 1567723211.8445487 1567723212.3372006 bigbrain_3076_2412_694.nii 140467543287616
write_file 1567723212.3491058 1567723212.8584704 inc-bigbrain_3076_2412_694.nii 140467543287616
task_duration 1567723331.8403687 1567723452.9659793 1567722530-tmpfsAD_1it_25cpus_120delay_withpc-4 140467543287616
read_file 1567723211.8401 1567723211.842141 bigbrain_3076_1809_694.nii 140711596336960
increment_file 1567723211.8424137 1567723212.3479004 bigbrain_3076_1809_694.nii 140711596336960
write_file 1567723212.3597574 1567723212.8709896 inc-bigbrain_3076_1809_694.nii 140711596336960
task_duration 1567723331.8374891 1567723452.975698 1567722530-tmpfsAD_1it_25cpus_120delay_withpc-4 140711596336960
read_file 1567723211.83695 1567723211.8384023 bigbrain_3076_603_1388.nii 139874819323712
increment_file 1567723211.8385766 1567723212.3446424 bigbrain_3076_603_1388.nii 139874819323712
write_file 1567723212.3566017 1567723212.8724067 inc-bigbrain_3076_603_1388.nii 139874819323712
task_duration 1567723331.8349798 1567723452.9775374 1567722530-tmpfsAD_1it_25cpus_120delay_withpc-4 139874819323712
read_file 1567723211.8357081 1567723211.837142 bigbrain_3076_2412_1388.nii 139969156798272
increment_file 1567723211.837327 1567723212.3426251 bigbrain_3076_2412_1388.nii 139969156798272
write_file 1567723212.3546484 1567723212.8640907 inc-bigbrain_3076_2412_1388.nii 139969156798272
task_duration 1567723331.8326125 1567723452.872861 1567722530-tmpfsAD_1it_25cpus_120delay_withpc-4 139969156798272
read_file 1567723211.832045 1567723211.8335044 bigbrain_3076_603_2082.nii 140310554023744
increment_file 1567723211.8336763 1567723212.321888 bigbrain_3076_603_2082.nii 140310554023744
write_file 1567723212.333998 1567723212.847655 inc-bigbrain_3076_603_2082.nii 140310554023744
task_duration 1567723331.8287723 1567723452.9063976 1567722530-tmpfsAD_1it_25cpus_120delay_withpc-4 140310554023744
read_file 1567723211.8271043 1567723211.8290284 bigbrain_3076_603_0.nii 139784681858880
increment_file 1567723211.8292632 1567723212.3155143 bigbrain_3076_603_0.nii 139784681858880
write_file 1567723212.327551 1567723212.8192976 inc-bigbrain_3076_603_0.nii 139784681858880
task_duration 1567723331.8244889 1567723452.9236853 1567722530-tmpfsAD_1it_25cpus_120delay_withpc-4 139784681858880
read_file 1567723211.8257751 1567723211.8271365 bigbrain_3076_1809_2776.nii 140020939683648
increment_file 1567723211.82733 1567723212.3385084 bigbrain_3076_1809_2776.nii 140020939683648
write_file 1567723212.3506322 1567723212.87917 inc-bigbrain_3076_1809_2776.nii 140020939683648
task_duration 1567723331.8230412 1567723452.99391 1567722530-tmpfsAD_1it_25cpus_120delay_withpc-4 140020939683648
read_file 1567723211.817063 1567723211.818606 bigbrain_3076_1809_2082.nii 140597544789824
increment_file 1567723211.818806 1567723212.3228853 bigbrain_3076_1809_2082.nii 140597544789824
write_file 1567723212.3348947 1567723212.8558183 inc-bigbrain_3076_1809_2082.nii 140597544789824
task_duration 1567723331.815146 1567723452.959068 1567722530-tmpfsAD_1it_25cpus_120delay_withpc-4 140597544789824
read_file 1567723211.8122845 1567723211.8146746 bigbrain_3076_1809_1388.nii 140627881658176
increment_file 1567723211.814837 1567723212.3179402 bigbrain_3076_1809_1388.nii 140627881658176
write_file 1567723212.3298073 1567723212.8494499 inc-bigbrain_3076_1809_1388.nii 140627881658176
task_duration 1567723331.808937 1567723452.9542155 1567722530-tmpfsAD_1it_25cpus_120delay_withpc-4 140627881658176
read_file 1567723211.8073583 1567723211.8089337 bigbrain_3076_603_2776.nii 139849472227136
increment_file 1567723211.8091388 1567723212.3112683 bigbrain_3076_603_2776.nii 139849472227136
write_file 1567723212.3228824 1567723212.8432167 inc-bigbrain_3076_603_2776.nii 139849472227136
task_duration 1567723331.8052666 1567723452.9512393 1567722530-tmpfsAD_1it_25cpus_120delay_withpc-4 139849472227136
read_file 1567723211.8031633 1567723211.8048933 bigbrain_3076_1809_0.nii 139639236290368
increment_file 1567723211.805055 1567723212.306026 bigbrain_3076_1809_0.nii 139639236290368
write_file 1567723212.3175085 1567723212.8240244 inc-bigbrain_3076_1809_0.nii 139639236290368
task_duration 1567723331.7998862 1567723452.9278758 1567722530-tmpfsAD_1it_25cpus_120delay_withpc-4 139639236290368
read_file 1567723211.7493484 1567723211.75147 bigbrain_3076_1206_694.nii 140254616188736
increment_file 1567723211.7516165 1567723212.2137122 bigbrain_3076_1206_694.nii 140254616188736
write_file 1567723212.225459 1567723212.7284217 inc-bigbrain_3076_1206_694.nii 140254616188736
task_duration 1567723331.7461889 1567723452.8322606 1567722530-tmpfsAD_1it_25cpus_120delay_withpc-4 140254616188736
read_file 1567723211.7248058 1567723211.7261806 bigbrain_3076_1206_2776.nii 139995323303744
increment_file 1567723211.7263575 1567723212.202629 bigbrain_3076_1206_2776.nii 139995323303744
write_file 1567723212.2140489 1567723212.761045 inc-bigbrain_3076_1206_2776.nii 139995323303744
task_duration 1567723331.7226126 1567723452.8132045 1567722530-tmpfsAD_1it_25cpus_120delay_withpc-4 139995323303744
read_file 1567723211.7117975 1567723211.713877 bigbrain_3076_1206_2082.nii 139753442334528
increment_file 1567723211.7140338 1567723212.1886754 bigbrain_3076_1206_2082.nii 139753442334528
write_file 1567723212.2001128 1567723212.7553065 inc-bigbrain_3076_1206_2082.nii 139753442334528
task_duration 1567723331.7084987 1567723452.7984712 1567722530-tmpfsAD_1it_25cpus_120delay_withpc-4 139753442334528
read_file 1567723211.6738548 1567723211.6750846 bigbrain_3076_1206_1388.nii 140376422369088
increment_file 1567723211.675235 1567723212.1358466 bigbrain_3076_1206_1388.nii 140376422369088
write_file 1567723212.1470947 1567723212.7153876 inc-bigbrain_3076_1206_1388.nii 140376422369088
task_duration 1567723331.671897 1567723452.8285174 1567722530-tmpfsAD_1it_25cpus_120delay_withpc-4 140376422369088
read_file 1567723211.59036 1567723211.5924547 bigbrain_3076_1206_0.nii 140157110339392
increment_file 1567723211.5926092 1567723212.0192244 bigbrain_3076_1206_0.nii 140157110339392
write_file 1567723212.0307372 1567723212.6073225 inc-bigbrain_3076_1206_0.nii 140157110339392
task_duration 1567723331.5871263 1567723452.721221 1567722530-tmpfsAD_1it_25cpus_120delay_withpc-4 140157110339392
read_file 1567723211.5755618 1567723211.5772471 bigbrain_3076_0_2776.nii 139953897183040
increment_file 1567723211.5774338 1567723211.9963617 bigbrain_3076_0_2776.nii 139953897183040
write_file 1567723212.0076675 1567723212.5929127 inc-bigbrain_3076_0_2776.nii 139953897183040
task_duration 1567723331.573336 1567723452.7064254 1567722530-tmpfsAD_1it_25cpus_120delay_withpc-4 139953897183040
read_file 1567723211.564232 1567723211.565344 bigbrain_3076_0_694.nii 140554995332928
increment_file 1567723211.56548 1567723211.9772625 bigbrain_3076_0_694.nii 140554995332928
write_file 1567723211.989108 1567723212.576485 inc-bigbrain_3076_0_694.nii 140554995332928
task_duration 1567723331.5625 1567723452.690555 1567722530-tmpfsAD_1it_25cpus_120delay_withpc-4 140554995332928
read_file 1567723083.7547793 1567723083.7562408 bigbrain_3076_0_2082.nii 139773245355840
increment_file 1567723083.7564301 1567723084.2419963 bigbrain_3076_0_2082.nii 139773245355840
write_file 1567723084.2534857 1567723084.7502923 inc-bigbrain_3076_0_2082.nii 139773245355840
task_duration 1567723203.753333 1567723324.8637128 1567722530-tmpfsAD_1it_25cpus_120delay_withpc-4 139773245355840
read_file 1567723083.6985416 1567723083.700906 bigbrain_3076_0_1388.nii 139816429553472
increment_file 1567723083.701134 1567723084.1872518 bigbrain_3076_0_1388.nii 139816429553472
write_file 1567723084.1984236 1567723084.6973374 inc-bigbrain_3076_0_1388.nii 139816429553472
task_duration 1567723203.6953628 1567723324.723986 1567722530-tmpfsAD_1it_25cpus_120delay_withpc-4 139816429553472
read_file 1567723083.6952393 1567723083.697068 bigbrain_2307_603_2082.nii 140717653382976
increment_file 1567723083.6973183 1567723084.189583 bigbrain_2307_603_2082.nii 140717653382976
write_file 1567723084.2010715 1567723084.7118356 inc-bigbrain_2307_603_2082.nii 140717653382976
task_duration 1567723203.693177 1567723324.825043 1567722530-tmpfsAD_1it_25cpus_120delay_withpc-4 140717653382976
read_file 1567723083.692305 1567723083.6936712 bigbrain_3076_0_0.nii 140013919893312
increment_file 1567723083.6938283 1567723084.1912384 bigbrain_3076_0_0.nii 140013919893312
write_file 1567723084.2023518 1567723084.7067556 inc-bigbrain_3076_0_0.nii 140013919893312
task_duration 1567723203.690582 1567723324.8200338 1567722530-tmpfsAD_1it_25cpus_120delay_withpc-4 140013919893312
read_file 1567723083.6921608 1567723083.6934838 bigbrain_2307_603_2776.nii 140672773293888
increment_file 1567723083.6936455 1567723084.1862073 bigbrain_2307_603_2776.nii 140672773293888
write_file 1567723084.1976798 1567723084.7115276 inc-bigbrain_2307_603_2776.nii 140672773293888
task_duration 1567723203.689278 1567723324.8256242 1567722530-tmpfsAD_1it_25cpus_120delay_withpc-4 140672773293888
read_file 1567723083.6918619 1567723083.6933134 bigbrain_2307_603_1388.nii 140377822586688
increment_file 1567723083.6934798 1567723084.1820552 bigbrain_2307_603_1388.nii 140377822586688
write_file 1567723084.1932402 1567723084.7115085 inc-bigbrain_2307_603_1388.nii 140377822586688
task_duration 1567723203.6900473 1567723324.8045328 1567722530-tmpfsAD_1it_25cpus_120delay_withpc-4 140377822586688
read_file 1567723083.691934 1567723083.6932812 bigbrain_2307_1809_2776.nii 140191817099072
increment_file 1567723083.6934533 1567723084.1810443 bigbrain_2307_1809_2776.nii 140191817099072
write_file 1567723084.1922245 1567723084.7045844 inc-bigbrain_2307_1809_2776.nii 140191817099072
task_duration 1567723203.6887965 1567723324.8102276 1567722530-tmpfsAD_1it_25cpus_120delay_withpc-4 140191817099072
read_file 1567723083.691934 1567723083.6932762 bigbrain_2307_2412_2776.nii 139699029452608
increment_file 1567723083.6934538 1567723084.1847687 bigbrain_2307_2412_2776.nii 139699029452608
write_file 1567723084.1960993 1567723084.7081661 inc-bigbrain_2307_2412_2776.nii 139699029452608
task_duration 1567723203.6887841 1567723324.8125305 1567722530-tmpfsAD_1it_25cpus_120delay_withpc-4 139699029452608
read_file 1567723083.689375 1567723083.6911561 bigbrain_2307_603_0.nii 139671817934656
increment_file 1567723083.6913195 1567723084.1867368 bigbrain_2307_603_0.nii 139671817934656
write_file 1567723084.197879 1567723084.7021415 inc-bigbrain_2307_603_0.nii 139671817934656
task_duration 1567723203.6860735 1567723324.8047748 1567722530-tmpfsAD_1it_25cpus_120delay_withpc-4 139671817934656
read_file 1567723083.6853094 1567723083.6872838 bigbrain_2307_2412_0.nii 140315552679744
increment_file 1567723083.6875238 1567723084.1853366 bigbrain_2307_2412_0.nii 140315552679744
write_file 1567723084.1965492 1567723084.7031472 inc-bigbrain_2307_2412_0.nii 140315552679744
task_duration 1567723203.6828606 1567723324.8168247 1567722530-tmpfsAD_1it_25cpus_120delay_withpc-4 140315552679744
read_file 1567723083.6827886 1567723083.6840897 bigbrain_2307_1809_1388.nii 139651500533568
increment_file 1567723083.6842635 1567723084.169725 bigbrain_2307_1809_1388.nii 139651500533568
write_file 1567723084.1809514 1567723084.6928728 inc-bigbrain_2307_1809_1388.nii 139651500533568
task_duration 1567723203.6806464 1567723324.7972846 1567722530-tmpfsAD_1it_25cpus_120delay_withpc-4 139651500533568
read_file 1567723083.6745682 1567723083.6763303 bigbrain_2307_2412_694.nii 139965274392384
increment_file 1567723083.676536 1567723084.1667595 bigbrain_2307_2412_694.nii 139965274392384
write_file 1567723084.177933 1567723084.6943405 inc-bigbrain_2307_2412_694.nii 139965274392384
task_duration 1567723203.672483 1567723324.7969882 1567722530-tmpfsAD_1it_25cpus_120delay_withpc-4 139965274392384
read_file 1567723083.6643994 1567723083.6660268 bigbrain_2307_2412_2082.nii 139896328894272
increment_file 1567723083.6662238 1567723084.1566036 bigbrain_2307_2412_2082.nii 139896328894272
write_file 1567723084.167626 1567723084.6874542 inc-bigbrain_2307_2412_2082.nii 139896328894272
task_duration 1567723203.66235 1567723324.7915287 1567722530-tmpfsAD_1it_25cpus_120delay_withpc-4 139896328894272
read_file 1567723083.6630535 1567723083.664633 bigbrain_2307_603_694.nii 139849146976064
increment_file 1567723083.6648357 1567723084.153887 bigbrain_2307_603_694.nii 139849146976064
write_file 1567723084.1651795 1567723084.684202 inc-bigbrain_2307_603_694.nii 139849146976064
task_duration 1567723203.6610432 1567723324.789114 1567722530-tmpfsAD_1it_25cpus_120delay_withpc-4 139849146976064
read_file 1567723083.6621716 1567723083.6634564 bigbrain_2307_1809_694.nii 139823809685312
increment_file 1567723083.6636178 1567723084.1540022 bigbrain_2307_1809_694.nii 139823809685312
write_file 1567723084.1651251 1567723084.6871703 inc-bigbrain_2307_1809_694.nii 139823809685312
task_duration 1567723203.6595182 1567723324.789634 1567722530-tmpfsAD_1it_25cpus_120delay_withpc-4 139823809685312
read_file 1567723083.6563566 1567723083.6584864 bigbrain_2307_1206_1388.nii 140358014146368
increment_file 1567723083.6587708 1567723084.1424277 bigbrain_2307_1206_1388.nii 140358014146368
write_file 1567723084.1543565 1567723084.6747873 inc-bigbrain_2307_1206_1388.nii 140358014146368
task_duration 1567723203.653555 1567723324.7885072 1567722530-tmpfsAD_1it_25cpus_120delay_withpc-4 140358014146368
read_file 1567723083.6512713 1567723083.6526062 bigbrain_2307_1809_2082.nii 139943751657280
increment_file 1567723083.652772 1567723084.144648 bigbrain_2307_1809_2082.nii 139943751657280
write_file 1567723084.1560912 1567723084.6792648 inc-bigbrain_2307_1809_2082.nii 139943751657280
task_duration 1567723203.649059 1567723324.7874846 1567722530-tmpfsAD_1it_25cpus_120delay_withpc-4 139943751657280
read_file 1567723083.6311743 1567723083.6323984 bigbrain_2307_2412_1388.nii 140005555746624
increment_file 1567723083.6325545 1567723084.1151462 bigbrain_2307_2412_1388.nii 140005555746624
write_file 1567723084.1263578 1567723084.65547 inc-bigbrain_2307_2412_1388.nii 140005555746624
task_duration 1567723203.628216 1567723324.7609463 1567722530-tmpfsAD_1it_25cpus_120delay_withpc-4 140005555746624
read_file 1567723083.6282263 1567723083.6304717 bigbrain_2307_1206_2082.nii 140469654542144
increment_file 1567723083.630647 1567723084.116563 bigbrain_2307_1206_2082.nii 140469654542144
write_file 1567723084.1279886 1567723084.6521904 inc-bigbrain_2307_1206_2082.nii 140469654542144
task_duration 1567723203.6249087 1567723324.7657743 1567722530-tmpfsAD_1it_25cpus_120delay_withpc-4 140469654542144
read_file 1567723083.6221616 1567723083.6235425 bigbrain_2307_1809_0.nii 140671482238784
increment_file 1567723083.6237464 1567723084.103831 bigbrain_2307_1809_0.nii 140671482238784
write_file 1567723084.1148903 1567723084.629905 inc-bigbrain_2307_1809_0.nii 140671482238784
task_duration 1567723203.620498 1567723324.7409005 1567722530-tmpfsAD_1it_25cpus_120delay_withpc-4 140671482238784
read_file 1567723083.5951657 1567723083.597006 bigbrain_2307_1206_0.nii 140031227025216
increment_file 1567723083.5972085 1567723084.070716 bigbrain_2307_1206_0.nii 140031227025216
write_file 1567723084.0816276 1567723084.597679 inc-bigbrain_2307_1206_0.nii 140031227025216
task_duration 1567723203.5926332 1567723324.7090063 1567722530-tmpfsAD_1it_25cpus_120delay_withpc-4 140031227025216
read_file 1567723083.592986 1567723083.594428 bigbrain_2307_1206_694.nii 140145073301312
increment_file 1567723083.5945938 1567723084.0647693 bigbrain_2307_1206_694.nii 140145073301312
write_file 1567723084.075445 1567723084.610869 inc-bigbrain_2307_1206_694.nii 140145073301312
task_duration 1567723203.5910528 1567723324.722262 1567722530-tmpfsAD_1it_25cpus_120delay_withpc-4 140145073301312
read_file 1567723083.5881724 1567723083.5903842 bigbrain_2307_0_2776.nii 140577234118464
increment_file 1567723083.590534 1567723084.0621378 bigbrain_2307_0_2776.nii 140577234118464
write_file 1567723084.0729215 1567723084.595396 inc-bigbrain_2307_0_2776.nii 140577234118464
task_duration 1567723203.584927 1567723324.709077 1567722530-tmpfsAD_1it_25cpus_120delay_withpc-4 140577234118464
read_file 1567723083.5825865 1567723083.5842948 bigbrain_2307_1206_2776.nii 140464663291712
increment_file 1567723083.5844927 1567723084.0553415 bigbrain_2307_1206_2776.nii 140464663291712
write_file 1567723084.066565 1567723084.58522 inc-bigbrain_2307_1206_2776.nii 140464663291712
task_duration 1567723203.5804112 1567723324.6986587 1567722530-tmpfsAD_1it_25cpus_120delay_withpc-4 140464663291712
read_file 1567723083.5699651 1567723083.571393 bigbrain_2307_0_694.nii 139776637077312
increment_file 1567723083.5715642 1567723084.045649 bigbrain_2307_0_694.nii 139776637077312
write_file 1567723084.0573022 1567723084.558395 inc-bigbrain_2307_0_694.nii 139776637077312
task_duration 1567723203.5671237 1567723324.6715636 1567722530-tmpfsAD_1it_25cpus_120delay_withpc-4 139776637077312
read_file 1567722955.522999 1567722955.5245745 bigbrain_1538_603_2776.nii 139961214961472
increment_file 1567722955.524765 1567722956.0228229 bigbrain_1538_603_2776.nii 139961214961472
write_file 1567722956.0340414 1567722956.5509987 inc-bigbrain_1538_603_2776.nii 139961214961472
task_duration 1567723075.519458 1567723196.6644936 1567722530-tmpfsAD_1it_25cpus_120delay_withpc-4 139961214961472
read_file 1567722955.5222957 1567722955.5242097 bigbrain_1538_1206_2776.nii 140019681646400
increment_file 1567722955.5244217 1567722956.0215678 bigbrain_1538_1206_2776.nii 140019681646400
write_file 1567722956.0327168 1567722956.551779 inc-bigbrain_1538_1206_2776.nii 140019681646400
task_duration 1567723075.518888 1567723196.665578 1567722530-tmpfsAD_1it_25cpus_120delay_withpc-4 140019681646400
read_file 1567722955.5217838 1567722955.5236726 bigbrain_1538_1809_0.nii 140229172905792
increment_file 1567722955.5238752 1567722956.0534608 bigbrain_1538_1809_0.nii 140229172905792
write_file 1567722956.0647266 1567722956.588763 inc-bigbrain_1538_1809_0.nii 140229172905792
task_duration 1567723075.5196655 1567723196.7031841 1567722530-tmpfsAD_1it_25cpus_120delay_withpc-4 140229172905792
read_file 1567722955.520781 1567722955.5225828 bigbrain_1538_603_694.nii 140047188326208
increment_file 1567722955.5228117 1567722956.027223 bigbrain_1538_603_694.nii 140047188326208
write_file 1567722956.0384676 1567722956.587931 inc-bigbrain_1538_603_694.nii 140047188326208
task_duration 1567723075.518665 1567723196.7029583 1567722530-tmpfsAD_1it_25cpus_120delay_withpc-4 140047188326208
read_file 1567722955.5198948 1567722955.5213835 bigbrain_1538_1809_694.nii 140099178338112
increment_file 1567722955.5215778 1567722956.0246491 bigbrain_1538_1809_694.nii 140099178338112
write_file 1567722956.0359833 1567722956.5832691 inc-bigbrain_1538_1809_694.nii 140099178338112
task_duration 1567723075.5179965 1567723196.6972902 1567722530-tmpfsAD_1it_25cpus_120delay_withpc-4 140099178338112
read_file 1567722955.5185058 1567722955.5198426 bigbrain_1538_2412_2082.nii 140274843617088
increment_file 1567722955.5199988 1567722956.018446 bigbrain_1538_2412_2082.nii 140274843617088
write_file 1567722956.029397 1567722956.574985 inc-bigbrain_1538_2412_2082.nii 140274843617088
task_duration 1567723075.5160255 1567723196.688695 1567722530-tmpfsAD_1it_25cpus_120delay_withpc-4 140274843617088
read_file 1567722955.5181584 1567722955.5193639 bigbrain_1538_1206_2082.nii 139923165841216
increment_file 1567722955.5195026 1567722956.018918 bigbrain_1538_1206_2082.nii 139923165841216
write_file 1567722956.0296748 1567722956.5778747 inc-bigbrain_1538_1206_2082.nii 139923165841216
task_duration 1567723075.5153265 1567723196.6916592 1567722530-tmpfsAD_1it_25cpus_120delay_withpc-4 139923165841216
read_file 1567722955.5178127 1567722955.5191011 bigbrain_1538_603_2082.nii 139766240708416
increment_file 1567722955.519265 1567722956.0237207 bigbrain_1538_603_2082.nii 139766240708416
write_file 1567722956.0349329 1567722956.581277 inc-bigbrain_1538_603_2082.nii 139766240708416
task_duration 1567723075.5144622 1567723196.6957538 1567722530-tmpfsAD_1it_25cpus_120delay_withpc-4 139766240708416
read_file 1567722955.5173275 1567722955.519062 bigbrain_1538_1206_1388.nii 140620128671552
increment_file 1567722955.5192556 1567722956.043345 bigbrain_1538_1206_1388.nii 140620128671552
write_file 1567722956.0622706 1567722956.5743048 inc-bigbrain_1538_1206_1388.nii 140620128671552
task_duration 1567723075.515073 1567723196.651321 1567722530-tmpfsAD_1it_25cpus_120delay_withpc-4 140620128671552
read_file 1567722955.5160565 1567722955.5176878 bigbrain_2307_0_1388.nii 140465046824768
increment_file 1567722955.5178514 1567722956.0386086 bigbrain_2307_0_1388.nii 140465046824768
write_file 1567722956.0493054 1567722956.5453863 inc-bigbrain_2307_0_1388.nii 140465046824768
task_duration 1567723075.5137463 1567723196.6586442 1567722530-tmpfsAD_1it_25cpus_120delay_withpc-4 140465046824768
read_file 1567722955.5159392 1567722955.5174677 bigbrain_1538_1206_0.nii 140640916186944
increment_file 1567722955.5176437 1567722956.0140567 bigbrain_1538_1206_0.nii 140640916186944
write_file 1567722956.0246713 1567722956.5258543 inc-bigbrain_1538_1206_0.nii 140640916186944
task_duration 1567723075.513855 1567723196.638424 1567722530-tmpfsAD_1it_25cpus_120delay_withpc-4 140640916186944
read_file 1567722955.5139282 1567722955.5169082 bigbrain_1538_1809_1388.nii 139891371673408
increment_file 1567722955.5172074 1567722956.0572433 bigbrain_1538_1809_1388.nii 139891371673408
write_file 1567722956.0687194 1567722956.6086915 inc-bigbrain_1538_1809_1388.nii 139891371673408
task_duration 1567723075.5097523 1567723196.7142646 1567722530-tmpfsAD_1it_25cpus_120delay_withpc-4 139891371673408
read_file 1567722955.5153503 1567722955.5167735 bigbrain_2307_0_0.nii 140234696582976
increment_file 1567722955.516947 1567722956.0148907 bigbrain_2307_0_0.nii 140234696582976
write_file 1567722956.0254316 1567722956.5273526 inc-bigbrain_2307_0_0.nii 140234696582976
task_duration 1567723075.513407 1567723196.6417577 1567722530-tmpfsAD_1it_25cpus_120delay_withpc-4 140234696582976
read_file 1567722955.515233 1567722955.5165753 bigbrain_1538_2412_694.nii 140612564375360
increment_file 1567722955.5167425 1567722956.0138328 bigbrain_1538_2412_694.nii 140612564375360
write_file 1567722956.0241845 1567722956.5567553 inc-bigbrain_1538_2412_694.nii 140612564375360
task_duration 1567723075.5133739 1567723196.6704357 1567722530-tmpfsAD_1it_25cpus_120delay_withpc-4 140612564375360
read_file 1567722955.5147583 1567722955.5160568 bigbrain_1538_2412_1388.nii 139854160676672
increment_file 1567722955.5162055 1567722956.0136895 bigbrain_1538_2412_1388.nii 139854160676672
write_file 1567722956.0240905 1567722956.5577483 inc-bigbrain_1538_2412_1388.nii 139854160676672
task_duration 1567723075.5128798 1567723196.6409314 1567722530-tmpfsAD_1it_25cpus_120delay_withpc-4 139854160676672
read_file 1567722955.5133548 1567722955.5145802 bigbrain_1538_2412_0.nii 139929802368832
increment_file 1567722955.5147126 1567722956.012093 bigbrain_1538_2412_0.nii 139929802368832
write_file 1567722956.022608 1567722956.5371432 inc-bigbrain_1538_2412_0.nii 139929802368832
task_duration 1567723075.510457 1567723196.6433866 1567722530-tmpfsAD_1it_25cpus_120delay_withpc-4 139929802368832
read_file 1567722955.512136 1567722955.5140266 bigbrain_1538_0_694.nii 140205533312832
increment_file 1567722955.5142505 1567722956.0104668 bigbrain_1538_0_694.nii 140205533312832
write_file 1567722956.0213125 1567722956.5476272 inc-bigbrain_1538_0_694.nii 140205533312832
task_duration 1567723075.5095613 1567723196.6605093 1567722530-tmpfsAD_1it_25cpus_120delay_withpc-4 140205533312832
read_file 1567722955.5119183 1567722955.5137272 bigbrain_2307_0_2082.nii 139970553894720
increment_file 1567722955.5138824 1567722956.008554 bigbrain_2307_0_2082.nii 139970553894720
write_file 1567722956.0193543 1567722956.5265481 inc-bigbrain_2307_0_2082.nii 139970553894720
task_duration 1567723075.507828 1567723196.6331155 1567722530-tmpfsAD_1it_25cpus_120delay_withpc-4 139970553894720
read_file 1567722955.5119598 1567722955.51371 bigbrain_1538_1206_694.nii 139782360565568
increment_file 1567722955.5138745 1567722956.010661 bigbrain_1538_1206_694.nii 139782360565568
write_file 1567722956.0211856 1567722956.5486846 inc-bigbrain_1538_1206_694.nii 139782360565568
task_duration 1567723075.5079083 1567723196.6448135 1567722530-tmpfsAD_1it_25cpus_120delay_withpc-4 139782360565568
read_file 1567722955.5110686 1567722955.512701 bigbrain_1538_603_0.nii 140289932134208
increment_file 1567722955.5128891 1567722956.0150502 bigbrain_1538_603_0.nii 140289932134208
write_file 1567722956.025848 1567722956.554288 inc-bigbrain_1538_603_0.nii 140289932134208
task_duration 1567723075.507607 1567723196.6678562 1567722530-tmpfsAD_1it_25cpus_120delay_withpc-4 140289932134208
read_file 1567722955.5108693 1567722955.5124128 bigbrain_1538_1809_2082.nii 140371427481408
increment_file 1567722955.5125864 1567722956.003368 bigbrain_1538_1809_2082.nii 140371427481408
write_file 1567722956.0147188 1567722956.5554965 inc-bigbrain_1538_1809_2082.nii 140371427481408
task_duration 1567723075.5077274 1567723196.6688983 1567722530-tmpfsAD_1it_25cpus_120delay_withpc-4 140371427481408
read_file 1567722955.5108283 1567722955.5123684 bigbrain_1538_603_1388.nii 139844716037952
increment_file 1567722955.512557 1567722956.0186923 bigbrain_1538_603_1388.nii 139844716037952
write_file 1567722956.029786 1567722956.5798647 inc-bigbrain_1538_603_1388.nii 139844716037952
task_duration 1567723075.507428 1567723196.6322699 1567722530-tmpfsAD_1it_25cpus_120delay_withpc-4 139844716037952
read_file 1567722955.5108693 1567722955.5123658 bigbrain_1538_2412_2776.nii 140321683285824
increment_file 1567722955.512542 1567722956.0067394 bigbrain_1538_2412_2776.nii 140321683285824
write_file 1567722956.0176127 1567722956.5610769 inc-bigbrain_1538_2412_2776.nii 140321683285824
task_duration 1567723075.5074644 1567723196.6742065 1567722530-tmpfsAD_1it_25cpus_120delay_withpc-4 140321683285824
read_file 1567722955.5108047 1567722955.5123668 bigbrain_1538_1809_2776.nii 140088272873280
increment_file 1567722955.5125418 1567722956.0178168 bigbrain_1538_1809_2776.nii 140088272873280
write_file 1567722956.029403 1567722956.579333 inc-bigbrain_1538_1809_2776.nii 140088272873280
task_duration 1567723075.5074043 1567723196.693632 1567722530-tmpfsAD_1it_25cpus_120delay_withpc-4 140088272873280
read_file 1567722955.5107963 1567722955.5123653 bigbrain_1538_0_2776.nii 140479382902592
increment_file 1567722955.5125422 1567722956.015744 bigbrain_1538_0_2776.nii 140479382902592
write_file 1567722956.0264633 1567722956.5523021 inc-bigbrain_1538_0_2776.nii 140479382902592
task_duration 1567723075.5073786 1567723196.665471 1567722530-tmpfsAD_1it_25cpus_120delay_withpc-4 140479382902592
