read_file 1567636479.103313 1567636479.1047437 bigbrain_769_603_694.nii 140606447384384
increment_file 1567636479.104969 1567636479.5536113 bigbrain_769_603_694.nii 140606447384384
write_file 1567636479.564315 1567636480.0420873 inc-bigbrain_769_603_694.nii 140606447384384
task_duration 1567636599.1014662 1567636720.152236 1567635669-tmpfsAD_1it_25cpus_60delay_withpc-1 140606447384384
read_file 1567636479.0968459 1567636479.0985432 bigbrain_769_603_2776.nii 139842728036160
increment_file 1567636479.0987866 1567636479.5267673 bigbrain_769_603_2776.nii 139842728036160
write_file 1567636479.5372047 1567636480.0269713 inc-bigbrain_769_603_2776.nii 139842728036160
task_duration 1567636599.094686 1567636720.1322074 1567635669-tmpfsAD_1it_25cpus_60delay_withpc-1 139842728036160
read_file 1567636479.093037 1567636479.0944698 bigbrain_769_603_2082.nii 140099266152256
increment_file 1567636479.0946739 1567636479.5446644 bigbrain_769_603_2082.nii 140099266152256
write_file 1567636479.555141 1567636480.0455027 inc-bigbrain_769_603_2082.nii 140099266152256
task_duration 1567636599.0912013 1567636720.121186 1567635669-tmpfsAD_1it_25cpus_60delay_withpc-1 140099266152256
read_file 1567636479.0927632 1567636479.09421 bigbrain_769_2412_694.nii 140518242621248
increment_file 1567636479.0943966 1567636479.5224092 bigbrain_769_2412_694.nii 140518242621248
write_file 1567636479.5329063 1567636480.0238183 inc-bigbrain_769_2412_694.nii 140518242621248
task_duration 1567636599.0894551 1567636720.1293797 1567635669-tmpfsAD_1it_25cpus_60delay_withpc-1 140518242621248
read_file 1567636479.08469 1567636479.086479 bigbrain_769_2412_2082.nii 140304145889088
increment_file 1567636479.0867276 1567636479.5332117 bigbrain_769_2412_2082.nii 140304145889088
write_file 1567636479.5438643 1567636480.0323 inc-bigbrain_769_2412_2082.nii 140304145889088
task_duration 1567636599.0823693 1567636720.1368113 1567635669-tmpfsAD_1it_25cpus_60delay_withpc-1 140304145889088
read_file 1567636479.0823963 1567636479.0836425 bigbrain_769_2412_1388.nii 139736799356736
increment_file 1567636479.0838003 1567636479.5125616 bigbrain_769_2412_1388.nii 139736799356736
write_file 1567636479.5229397 1567636480.0177712 inc-bigbrain_769_2412_1388.nii 139736799356736
task_duration 1567636599.0792255 1567636720.1297252 1567635669-tmpfsAD_1it_25cpus_60delay_withpc-1 139736799356736
read_file 1567636479.0784194 1567636479.0800147 bigbrain_769_603_0.nii 139902474770240
increment_file 1567636479.0801997 1567636479.5272515 bigbrain_769_603_0.nii 139902474770240
write_file 1567636479.537466 1567636480.0187955 inc-bigbrain_769_603_0.nii 139902474770240
task_duration 1567636599.0764961 1567636720.1313686 1567635669-tmpfsAD_1it_25cpus_60delay_withpc-1 139902474770240
read_file 1567636479.0752892 1567636479.0770924 bigbrain_769_2412_2776.nii 140095860668224
increment_file 1567636479.0773168 1567636479.5306828 bigbrain_769_2412_2776.nii 140095860668224
write_file 1567636479.5412564 1567636480.0367327 inc-bigbrain_769_2412_2776.nii 140095860668224
task_duration 1567636599.0728579 1567636720.0565557 1567635669-tmpfsAD_1it_25cpus_60delay_withpc-1 140095860668224
read_file 1567636479.0633676 1567636479.0648296 bigbrain_769_603_1388.nii 140246331037504
increment_file 1567636479.0650108 1567636479.517008 bigbrain_769_603_1388.nii 140246331037504
write_file 1567636479.527315 1567636480.0198057 inc-bigbrain_769_603_1388.nii 140246331037504
task_duration 1567636599.06146 1567636720.1315844 1567635669-tmpfsAD_1it_25cpus_60delay_withpc-1 140246331037504
read_file 1567636479.0628834 1567636479.0640652 bigbrain_769_1809_694.nii 139827485386560
increment_file 1567636479.064223 1567636479.4923873 bigbrain_769_1809_694.nii 139827485386560
write_file 1567636479.5025566 1567636479.9984362 inc-bigbrain_769_1809_694.nii 139827485386560
task_duration 1567636599.0602624 1567636720.106563 1567635669-tmpfsAD_1it_25cpus_60delay_withpc-1 139827485386560
read_file 1567636479.0544257 1567636479.0560448 bigbrain_769_1809_2082.nii 140338947266368
increment_file 1567636479.0562365 1567636479.5087235 bigbrain_769_1809_2082.nii 140338947266368
write_file 1567636479.5192366 1567636480.0135632 inc-bigbrain_769_1809_2082.nii 140338947266368
task_duration 1567636599.0523353 1567636720.1251142 1567635669-tmpfsAD_1it_25cpus_60delay_withpc-1 140338947266368
read_file 1567636479.0531719 1567636479.0545928 bigbrain_769_1809_2776.nii 140116629514048
increment_file 1567636479.0547767 1567636479.5067143 bigbrain_769_1809_2776.nii 140116629514048
write_file 1567636479.5171545 1567636480.0104434 inc-bigbrain_769_1809_2776.nii 140116629514048
task_duration 1567636599.0512893 1567636720.1150494 1567635669-tmpfsAD_1it_25cpus_60delay_withpc-1 140116629514048
read_file 1567636479.0511184 1567636479.0527127 bigbrain_769_2412_0.nii 139973882746688
increment_file 1567636479.0528746 1567636479.4789677 bigbrain_769_2412_0.nii 139973882746688
write_file 1567636479.4890122 1567636479.9679885 inc-bigbrain_769_2412_0.nii 139973882746688
task_duration 1567636599.0478532 1567636720.0734951 1567635669-tmpfsAD_1it_25cpus_60delay_withpc-1 139973882746688
read_file 1567636479.0446825 1567636479.0467522 bigbrain_769_1809_0.nii 139916206331712
increment_file 1567636479.046984 1567636479.4748447 bigbrain_769_1809_0.nii 139916206331712
write_file 1567636479.4849133 1567636479.9697263 inc-bigbrain_769_1809_0.nii 139916206331712
task_duration 1567636599.0418928 1567636720.0811095 1567635669-tmpfsAD_1it_25cpus_60delay_withpc-1 139916206331712
read_file 1567636479.038585 1567636479.0410311 bigbrain_769_1809_1388.nii 140092747724608
increment_file 1567636479.0411854 1567636479.4849932 bigbrain_769_1809_1388.nii 140092747724608
write_file 1567636479.4953456 1567636480.0318067 inc-bigbrain_769_1809_1388.nii 140092747724608
task_duration 1567636599.0352738 1567636720.1387088 1567635669-tmpfsAD_1it_25cpus_60delay_withpc-1 140092747724608
read_file 1567636479.0254116 1567636479.0272954 bigbrain_769_1206_694.nii 140672053176128
increment_file 1567636479.0275207 1567636479.4741156 bigbrain_769_1206_694.nii 140672053176128
write_file 1567636479.4846206 1567636479.9767976 inc-bigbrain_769_1206_694.nii 140672053176128
task_duration 1567636599.0229332 1567636720.0894525 1567635669-tmpfsAD_1it_25cpus_60delay_withpc-1 140672053176128
read_file 1567636478.9698658 1567636478.971623 bigbrain_769_1206_2776.nii 140539174815552
increment_file 1567636478.9717772 1567636479.3843465 bigbrain_769_1206_2776.nii 140539174815552
write_file 1567636479.394708 1567636479.8949535 inc-bigbrain_769_1206_2776.nii 140539174815552
task_duration 1567636598.9666264 1567636720.0062072 1567635669-tmpfsAD_1it_25cpus_60delay_withpc-1 140539174815552
read_file 1567636478.961862 1567636478.9633262 bigbrain_769_1206_2082.nii 140319114667840
increment_file 1567636478.963506 1567636479.3961432 bigbrain_769_1206_2082.nii 140319114667840
write_file 1567636479.406681 1567636479.8959677 inc-bigbrain_769_1206_2082.nii 140319114667840
task_duration 1567636598.9599054 1567636720.00684 1567635669-tmpfsAD_1it_25cpus_60delay_withpc-1 140319114667840
read_file 1567636478.9394016 1567636478.9406452 bigbrain_769_1206_1388.nii 140015622313792
increment_file 1567636478.940793 1567636479.3762429 bigbrain_769_1206_1388.nii 140015622313792
write_file 1567636479.386912 1567636479.8789566 inc-bigbrain_769_1206_1388.nii 140015622313792
task_duration 1567636598.9362657 1567636719.9903424 1567635669-tmpfsAD_1it_25cpus_60delay_withpc-1 140015622313792
read_file 1567636478.62479 1567636478.6261685 bigbrain_769_1206_0.nii 140017896175424
increment_file 1567636478.6263056 1567636478.9990604 bigbrain_769_1206_0.nii 140017896175424
write_file 1567636479.0089595 1567636479.4623291 inc-bigbrain_769_1206_0.nii 140017896175424
task_duration 1567636598.621574 1567636719.5725658 1567635669-tmpfsAD_1it_25cpus_60delay_withpc-1 140017896175424
read_file 1567636478.5698965 1567636478.57098 bigbrain_769_0_694.nii 140157286426432
increment_file 1567636478.571118 1567636478.932292 bigbrain_769_0_694.nii 140157286426432
write_file 1567636478.94173 1567636479.4774585 inc-bigbrain_769_0_694.nii 140157286426432
task_duration 1567636598.5683203 1567636719.5876038 1567635669-tmpfsAD_1it_25cpus_60delay_withpc-1 140157286426432
read_file 1567636478.4339118 1567636478.4355905 bigbrain_769_0_2776.nii 140338626193216
increment_file 1567636478.435769 1567636478.795375 bigbrain_769_0_2776.nii 140338626193216
write_file 1567636478.8047853 1567636479.2850962 inc-bigbrain_769_0_2776.nii 140338626193216
task_duration 1567636598.4302964 1567636719.3958926 1567635669-tmpfsAD_1it_25cpus_60delay_withpc-1 140338626193216
read_file 1567636352.0318856 1567636352.0329223 bigbrain_769_0_2082.nii 139733248014144
increment_file 1567636352.033074 1567636352.5134497 bigbrain_769_0_2082.nii 139733248014144
write_file 1567636352.5252023 1567636353.0083253 inc-bigbrain_769_0_2082.nii 139733248014144
task_duration 1567636472.030552 1567636593.1125462 1567635669-tmpfsAD_1it_25cpus_60delay_withpc-1 139733248014144
read_file 1567636351.9848912 1567636351.986884 bigbrain_3076_603_0.nii 140276659148608
increment_file 1567636351.987155 1567636352.502849 bigbrain_3076_603_0.nii 140276659148608
write_file 1567636352.514512 1567636353.029831 inc-bigbrain_3076_603_0.nii 140276659148608
task_duration 1567636471.9826105 1567636593.1341875 1567635669-tmpfsAD_1it_25cpus_60delay_withpc-1 140276659148608
read_file 1567636351.9848902 1567636351.9868808 bigbrain_3076_2412_2776.nii 139971695818560
increment_file 1567636351.987154 1567636352.5006294 bigbrain_3076_2412_2776.nii 139971695818560
write_file 1567636352.5121157 1567636353.0460718 inc-bigbrain_3076_2412_2776.nii 139971695818560
task_duration 1567636471.982636 1567636593.1492782 1567635669-tmpfsAD_1it_25cpus_60delay_withpc-1 139971695818560
read_file 1567636351.9834392 1567636351.98468 bigbrain_3076_603_2082.nii 139941810014016
increment_file 1567636351.984827 1567636352.4739308 bigbrain_3076_603_2082.nii 139941810014016
write_file 1567636352.4849105 1567636352.9885705 inc-bigbrain_3076_603_2082.nii 139941810014016
task_duration 1567636471.9811423 1567636593.0545676 1567635669-tmpfsAD_1it_25cpus_60delay_withpc-1 139941810014016
read_file 1567636351.9814456 1567636351.9833028 bigbrain_769_0_0.nii 140020166989632
increment_file 1567636351.9834788 1567636352.4691978 bigbrain_769_0_0.nii 140020166989632
write_file 1567636352.4803753 1567636352.9660878 inc-bigbrain_769_0_0.nii 140020166989632
task_duration 1567636471.977941 1567636593.0685158 1567635669-tmpfsAD_1it_25cpus_60delay_withpc-1 140020166989632
read_file 1567636351.98151 1567636351.982871 bigbrain_3076_603_2776.nii 140609891698496
increment_file 1567636351.9830632 1567636352.4964187 bigbrain_3076_603_2776.nii 140609891698496
write_file 1567636352.5074856 1567636353.0426831 inc-bigbrain_3076_603_2776.nii 140609891698496
task_duration 1567636471.978718 1567636593.0733852 1567635669-tmpfsAD_1it_25cpus_60delay_withpc-1 140609891698496
read_file 1567636351.981369 1567636351.9827552 bigbrain_769_0_1388.nii 140232018937664
increment_file 1567636351.9829454 1567636352.4966075 bigbrain_769_0_1388.nii 140232018937664
write_file 1567636352.5076363 1567636353.031697 inc-bigbrain_769_0_1388.nii 140232018937664
task_duration 1567636471.978384 1567636593.135982 1567635669-tmpfsAD_1it_25cpus_60delay_withpc-1 140232018937664
read_file 1567636351.9800143 1567636351.982231 bigbrain_3076_603_694.nii 140461198120768
increment_file 1567636351.982507 1567636352.4717429 bigbrain_3076_603_694.nii 140461198120768
write_file 1567636352.4826138 1567636352.981915 inc-bigbrain_3076_603_694.nii 140461198120768
task_duration 1567636471.976958 1567636593.0205631 1567635669-tmpfsAD_1it_25cpus_60delay_withpc-1 140461198120768
read_file 1567636351.9772363 1567636351.9794528 bigbrain_3076_603_1388.nii 140123201271616
increment_file 1567636351.9797385 1567636352.4936576 bigbrain_3076_603_1388.nii 140123201271616
write_file 1567636352.5045307 1567636353.0436425 inc-bigbrain_3076_603_1388.nii 140123201271616
task_duration 1567636471.9743125 1567636593.1287904 1567635669-tmpfsAD_1it_25cpus_60delay_withpc-1 140123201271616
read_file 1567636351.9719088 1567636351.9735358 bigbrain_3076_1809_2776.nii 140644467267392
increment_file 1567636351.9737077 1567636352.4587793 bigbrain_3076_1809_2776.nii 140644467267392
write_file 1567636352.4700222 1567636352.97171 inc-bigbrain_3076_1809_2776.nii 140644467267392
task_duration 1567636471.9684427 1567636592.9794424 1567635669-tmpfsAD_1it_25cpus_60delay_withpc-1 140644467267392
read_file 1567636351.9700067 1567636351.97233 bigbrain_3076_2412_694.nii 140024539825984
increment_file 1567636351.9725804 1567636352.4522614 bigbrain_3076_2412_694.nii 140024539825984
write_file 1567636352.463535 1567636352.9603887 inc-bigbrain_3076_2412_694.nii 140024539825984
task_duration 1567636471.966707 1567636593.0737617 1567635669-tmpfsAD_1it_25cpus_60delay_withpc-1 140024539825984
read_file 1567636351.9617581 1567636351.9631186 bigbrain_3076_2412_2082.nii 140237404632896
increment_file 1567636351.9633029 1567636352.477333 bigbrain_3076_2412_2082.nii 140237404632896
write_file 1567636352.488423 1567636353.026284 inc-bigbrain_3076_2412_2082.nii 140237404632896
task_duration 1567636471.959573 1567636593.0919905 1567635669-tmpfsAD_1it_25cpus_60delay_withpc-1 140237404632896
read_file 1567636351.946053 1567636351.948044 bigbrain_3076_1809_694.nii 140586984269632
increment_file 1567636351.9482946 1567636352.4610586 bigbrain_3076_1809_694.nii 140586984269632
write_file 1567636352.4722476 1567636353.0166225 inc-bigbrain_3076_1809_694.nii 140586984269632
task_duration 1567636471.9433167 1567636593.0376153 1567635669-tmpfsAD_1it_25cpus_60delay_withpc-1 140586984269632
read_file 1567636351.9400246 1567636351.9419365 bigbrain_3076_2412_0.nii 139808358733632
increment_file 1567636351.9421172 1567636352.4233856 bigbrain_3076_2412_0.nii 139808358733632
write_file 1567636352.4346287 1567636352.9234252 inc-bigbrain_3076_2412_0.nii 139808358733632
task_duration 1567636471.936533 1567636593.0371141 1567635669-tmpfsAD_1it_25cpus_60delay_withpc-1 139808358733632
read_file 1567636351.9311185 1567636351.9323802 bigbrain_3076_1809_1388.nii 140429582444352
increment_file 1567636351.9325411 1567636352.44156 bigbrain_3076_1809_1388.nii 140429582444352
write_file 1567636352.4525795 1567636353.0033512 inc-bigbrain_3076_1809_1388.nii 140429582444352
task_duration 1567636471.9282882 1567636593.1169977 1567635669-tmpfsAD_1it_25cpus_60delay_withpc-1 140429582444352
read_file 1567636351.9298165 1567636351.9318507 bigbrain_3076_1809_0.nii 140058120894272
increment_file 1567636351.9320216 1567636352.4169207 bigbrain_3076_1809_0.nii 140058120894272
write_file 1567636352.4284859 1567636352.9192123 inc-bigbrain_3076_1809_0.nii 140058120894272
task_duration 1567636471.9264336 1567636593.0219305 1567635669-tmpfsAD_1it_25cpus_60delay_withpc-1 140058120894272
read_file 1567636351.9143054 1567636351.9159198 bigbrain_3076_2412_1388.nii 140204792043328
increment_file 1567636351.916128 1567636352.392965 bigbrain_3076_2412_1388.nii 140204792043328
write_file 1567636352.4041858 1567636352.9106908 inc-bigbrain_3076_2412_1388.nii 140204792043328
task_duration 1567636471.9121351 1567636593.0149078 1567635669-tmpfsAD_1it_25cpus_60delay_withpc-1 140204792043328
read_file 1567636351.8992288 1567636351.9009879 bigbrain_3076_1206_694.nii 140228526360384
increment_file 1567636351.9011483 1567636352.402505 bigbrain_3076_1206_694.nii 140228526360384
write_file 1567636352.4135857 1567636352.9647484 inc-bigbrain_3076_1206_694.nii 140228526360384
task_duration 1567636471.8958704 1567636592.9963615 1567635669-tmpfsAD_1it_25cpus_60delay_withpc-1 140228526360384
read_file 1567636351.8939285 1567636351.89568 bigbrain_3076_1206_2776.nii 139726008399680
increment_file 1567636351.8959024 1567636352.3956423 bigbrain_3076_1206_2776.nii 139726008399680
write_file 1567636352.40673 1567636352.9638495 inc-bigbrain_3076_1206_2776.nii 139726008399680
task_duration 1567636471.891646 1567636593.023317 1567635669-tmpfsAD_1it_25cpus_60delay_withpc-1 139726008399680
read_file 1567636351.8907773 1567636351.892151 bigbrain_3076_1206_2082.nii 140161304008512
increment_file 1567636351.892302 1567636352.3619926 bigbrain_3076_1206_2082.nii 140161304008512
write_file 1567636352.3731754 1567636352.873051 inc-bigbrain_3076_1206_2082.nii 140161304008512
task_duration 1567636471.887543 1567636592.9764025 1567635669-tmpfsAD_1it_25cpus_60delay_withpc-1 140161304008512
read_file 1567636351.8856168 1567636351.8875806 bigbrain_3076_1809_2082.nii 139829694404416
increment_file 1567636351.887837 1567636352.3848894 bigbrain_3076_1809_2082.nii 139829694404416
write_file 1567636352.3958614 1567636352.96037 inc-bigbrain_3076_1809_2082.nii 139829694404416
task_duration 1567636471.8830152 1567636592.9702487 1567635669-tmpfsAD_1it_25cpus_60delay_withpc-1 139829694404416
read_file 1567636351.877731 1567636351.8799675 bigbrain_3076_1206_1388.nii 139911061645120
increment_file 1567636351.8802266 1567636352.37324 bigbrain_3076_1206_1388.nii 139911061645120
write_file 1567636352.3841758 1567636352.9469678 inc-bigbrain_3076_1206_1388.nii 139911061645120
task_duration 1567636471.874705 1567636593.050306 1567635669-tmpfsAD_1it_25cpus_60delay_withpc-1 139911061645120
read_file 1567636351.7656302 1567636351.7677608 bigbrain_3076_0_694.nii 139769056626496
increment_file 1567636351.7680104 1567636352.2178702 bigbrain_3076_0_694.nii 139769056626496
write_file 1567636352.2287347 1567636352.8150036 inc-bigbrain_3076_0_694.nii 139769056626496
task_duration 1567636471.7626975 1567636592.9280972 1567635669-tmpfsAD_1it_25cpus_60delay_withpc-1 139769056626496
read_file 1567636351.7586355 1567636351.7604191 bigbrain_3076_1206_0.nii 140342470477632
increment_file 1567636351.7605834 1567636352.205561 bigbrain_3076_1206_0.nii 140342470477632
write_file 1567636352.2167664 1567636352.6904824 inc-bigbrain_3076_1206_0.nii 140342470477632
task_duration 1567636471.7554376 1567636592.7967916 1567635669-tmpfsAD_1it_25cpus_60delay_withpc-1 140342470477632
read_file 1567636351.7410731 1567636351.7425528 bigbrain_3076_0_2776.nii 140288940263232
increment_file 1567636351.742753 1567636352.1849093 bigbrain_3076_0_2776.nii 140288940263232
write_file 1567636352.1958022 1567636352.782099 inc-bigbrain_3076_0_2776.nii 140288940263232
task_duration 1567636471.738801 1567636592.8956752 1567635669-tmpfsAD_1it_25cpus_60delay_withpc-1 140288940263232
read_file 1567636223.8359783 1567636223.8373353 bigbrain_3076_0_2082.nii 140559690012480
increment_file 1567636223.8375263 1567636224.3015428 bigbrain_3076_0_2082.nii 140559690012480
write_file 1567636224.3119698 1567636224.8058817 inc-bigbrain_3076_0_2082.nii 140559690012480
task_duration 1567636343.8343346 1567636464.9202998 1567635669-tmpfsAD_1it_25cpus_60delay_withpc-1 140559690012480
read_file 1567636223.7743657 1567636223.7756534 bigbrain_2307_2412_2082.nii 140642683447104
increment_file 1567636223.775826 1567636224.2487915 bigbrain_2307_2412_2082.nii 140642683447104
write_file 1567636224.259862 1567636224.7729955 inc-bigbrain_2307_2412_2082.nii 140642683447104
task_duration 1567636343.7711153 1567636464.8871593 1567635669-tmpfsAD_1it_25cpus_60delay_withpc-1 140642683447104
read_file 1567636223.7733026 1567636223.7750075 bigbrain_2307_603_2776.nii 140221653202752
increment_file 1567636223.7751672 1567636224.2477129 bigbrain_2307_603_2776.nii 140221653202752
write_file 1567636224.2587996 1567636224.771287 inc-bigbrain_2307_603_2776.nii 140221653202752
task_duration 1567636343.770139 1567636464.876841 1567635669-tmpfsAD_1it_25cpus_60delay_withpc-1 140221653202752
read_file 1567636223.772472 1567636223.7745461 bigbrain_2307_2412_694.nii 140424342075200
increment_file 1567636223.774748 1567636224.247404 bigbrain_2307_2412_694.nii 140424342075200
write_file 1567636224.2587118 1567636224.7717888 inc-bigbrain_2307_2412_694.nii 140424342075200
task_duration 1567636343.7692864 1567636464.8759735 1567635669-tmpfsAD_1it_25cpus_60delay_withpc-1 140424342075200
read_file 1567636223.768541 1567636223.7698994 bigbrain_3076_0_0.nii 140286080792384
increment_file 1567636223.7700784 1567636224.2661085 bigbrain_3076_0_0.nii 140286080792384
write_file 1567636224.2779613 1567636224.8078144 inc-bigbrain_3076_0_0.nii 140286080792384
task_duration 1567636343.7664444 1567636464.9216366 1567635669-tmpfsAD_1it_25cpus_60delay_withpc-1 140286080792384
read_file 1567636223.7664785 1567636223.7682347 bigbrain_2307_2412_2776.nii 139691934381888
increment_file 1567636223.768413 1567636224.2687817 bigbrain_2307_2412_2776.nii 139691934381888
write_file 1567636224.2805762 1567636224.8286827 inc-bigbrain_2307_2412_2776.nii 139691934381888
task_duration 1567636343.7629263 1567636464.9331293 1567635669-tmpfsAD_1it_25cpus_60delay_withpc-1 139691934381888
read_file 1567636223.760049 1567636223.7616642 bigbrain_2307_603_694.nii 139663763478336
increment_file 1567636223.7618544 1567636224.2544763 bigbrain_2307_603_694.nii 139663763478336
write_file 1567636224.266559 1567636224.8062947 inc-bigbrain_2307_603_694.nii 139663763478336
task_duration 1567636343.7581184 1567636464.9115713 1567635669-tmpfsAD_1it_25cpus_60delay_withpc-1 139663763478336
read_file 1567636223.7597191 1567636223.7613099 bigbrain_2307_603_1388.nii 140367507162944
increment_file 1567636223.761503 1567636224.2663417 bigbrain_2307_603_1388.nii 140367507162944
write_file 1567636224.278205 1567636224.822548 inc-bigbrain_2307_603_1388.nii 140367507162944
task_duration 1567636343.7577653 1567636464.9277472 1567635669-tmpfsAD_1it_25cpus_60delay_withpc-1 140367507162944
read_file 1567636223.7583969 1567636223.7598429 bigbrain_2307_2412_1388.nii 140611248678720
increment_file 1567636223.7600346 1567636224.2649076 bigbrain_2307_2412_1388.nii 140611248678720
write_file 1567636224.2769504 1567636224.8461127 inc-bigbrain_2307_2412_1388.nii 140611248678720
task_duration 1567636343.756525 1567636464.9491801 1567635669-tmpfsAD_1it_25cpus_60delay_withpc-1 140611248678720
read_file 1567636223.7518644 1567636223.753851 bigbrain_2307_2412_0.nii 140200706041664
increment_file 1567636223.7540905 1567636224.258996 bigbrain_2307_2412_0.nii 140200706041664
write_file 1567636224.271291 1567636224.8023188 inc-bigbrain_2307_2412_0.nii 140200706041664
task_duration 1567636343.7493904 1567636464.9070616 1567635669-tmpfsAD_1it_25cpus_60delay_withpc-1 140200706041664
read_file 1567636223.7518604 1567636223.7538211 bigbrain_2307_603_0.nii 140375384291136
increment_file 1567636223.754058 1567636224.257448 bigbrain_2307_603_0.nii 140375384291136
write_file 1567636224.2695742 1567636224.7976162 inc-bigbrain_2307_603_0.nii 140375384291136
task_duration 1567636343.7493806 1567636464.911613 1567635669-tmpfsAD_1it_25cpus_60delay_withpc-1 140375384291136
read_file 1567636223.7491257 1567636223.750557 bigbrain_2307_1809_2082.nii 140121438537536
increment_file 1567636223.7507453 1567636224.2488003 bigbrain_2307_1809_2082.nii 140121438537536
write_file 1567636224.2606003 1567636224.807165 inc-bigbrain_2307_1809_2082.nii 140121438537536
task_duration 1567636343.7472093 1567636464.9108584 1567635669-tmpfsAD_1it_25cpus_60delay_withpc-1 140121438537536
read_file 1567636223.7439833 1567636223.7461221 bigbrain_2307_1809_2776.nii 139946048214848
increment_file 1567636223.7463949 1567636224.2494938 bigbrain_2307_1809_2776.nii 139946048214848
write_file 1567636224.261536 1567636224.812641 inc-bigbrain_2307_1809_2776.nii 139946048214848
task_duration 1567636343.7411263 1567636464.9164953 1567635669-tmpfsAD_1it_25cpus_60delay_withpc-1 139946048214848
read_file 1567636223.7393122 1567636223.7407665 bigbrain_3076_0_1388.nii 140714358568768
increment_file 1567636223.7409463 1567636224.240087 bigbrain_3076_0_1388.nii 140714358568768
write_file 1567636224.251948 1567636224.7835398 inc-bigbrain_3076_0_1388.nii 140714358568768
task_duration 1567636343.7374222 1567636464.8973782 1567635669-tmpfsAD_1it_25cpus_60delay_withpc-1 140714358568768
read_file 1567636223.735141 1567636223.7364845 bigbrain_2307_603_2082.nii 140226361313088
increment_file 1567636223.7366512 1567636224.2057104 bigbrain_2307_603_2082.nii 140226361313088
write_file 1567636224.2161536 1567636224.734899 inc-bigbrain_2307_603_2082.nii 140226361313088
task_duration 1567636343.7329774 1567636464.8498914 1567635669-tmpfsAD_1it_25cpus_60delay_withpc-1 140226361313088
read_file 1567636223.7340078 1567636223.7353888 bigbrain_2307_1809_1388.nii 140248111490880
increment_file 1567636223.735573 1567636224.2050395 bigbrain_2307_1809_1388.nii 140248111490880
write_file 1567636224.2158718 1567636224.7410471 inc-bigbrain_2307_1809_1388.nii 140248111490880
task_duration 1567636343.730685 1567636464.8556995 1567635669-tmpfsAD_1it_25cpus_60delay_withpc-1 140248111490880
read_file 1567636223.726208 1567636223.7277973 bigbrain_2307_1809_694.nii 140074279212864
increment_file 1567636223.7280023 1567636224.195624 bigbrain_2307_1809_694.nii 140074279212864
write_file 1567636224.2063437 1567636224.7284167 inc-bigbrain_2307_1809_694.nii 140074279212864
task_duration 1567636343.7242515 1567636464.842957 1567635669-tmpfsAD_1it_25cpus_60delay_withpc-1 140074279212864
read_file 1567636223.7215068 1567636223.7233355 bigbrain_2307_1809_0.nii 140302259001152
increment_file 1567636223.7235572 1567636224.2240071 bigbrain_2307_1809_0.nii 140302259001152
write_file 1567636224.244631 1567636224.8350427 inc-bigbrain_2307_1809_0.nii 140302259001152
task_duration 1567636343.719084 1567636464.9284272 1567635669-tmpfsAD_1it_25cpus_60delay_withpc-1 140302259001152
read_file 1567636223.7135496 1567636223.7148793 bigbrain_2307_1206_2082.nii 140174726141760
increment_file 1567636223.7150464 1567636224.1806753 bigbrain_2307_1206_2082.nii 140174726141760
write_file 1567636224.1915646 1567636224.7235167 inc-bigbrain_2307_1206_2082.nii 140174726141760
task_duration 1567636343.710323 1567636464.8376365 1567635669-tmpfsAD_1it_25cpus_60delay_withpc-1 140174726141760
read_file 1567636223.6995115 1567636223.701571 bigbrain_2307_1206_2776.nii 139855242876736
increment_file 1567636223.7018142 1567636224.1632342 bigbrain_2307_1206_2776.nii 139855242876736
write_file 1567636224.174119 1567636224.7321382 inc-bigbrain_2307_1206_2776.nii 139855242876736
task_duration 1567636343.69681 1567636464.8458269 1567635669-tmpfsAD_1it_25cpus_60delay_withpc-1 139855242876736
read_file 1567636223.6955662 1567636223.6973693 bigbrain_2307_1206_694.nii 140612272006976
increment_file 1567636223.6975305 1567636224.1828036 bigbrain_2307_1206_694.nii 140612272006976
write_file 1567636224.1945007 1567636224.739307 inc-bigbrain_2307_1206_694.nii 140612272006976
task_duration 1567636343.692505 1567636464.8558037 1567635669-tmpfsAD_1it_25cpus_60delay_withpc-1 140612272006976
read_file 1567636223.6771848 1567636223.6784828 bigbrain_2307_1206_1388.nii 139672823174976
increment_file 1567636223.6786573 1567636224.161456 bigbrain_2307_1206_1388.nii 139672823174976
write_file 1567636224.1732996 1567636224.726771 inc-bigbrain_2307_1206_1388.nii 139672823174976
task_duration 1567636343.6748688 1567636464.8409588 1567635669-tmpfsAD_1it_25cpus_60delay_withpc-1 139672823174976
read_file 1567636223.6715748 1567636223.6736338 bigbrain_2307_0_694.nii 140668417075008
increment_file 1567636223.6738648 1567636224.1619096 bigbrain_2307_0_694.nii 140668417075008
write_file 1567636224.1736283 1567636224.7036805 inc-bigbrain_2307_0_694.nii 140668417075008
task_duration 1567636343.6688316 1567636464.8183799 1567635669-tmpfsAD_1it_25cpus_60delay_withpc-1 140668417075008
read_file 1567636223.6655738 1567636223.6670508 bigbrain_2307_1206_0.nii 139649728747328
increment_file 1567636223.6672199 1567636224.14943 bigbrain_2307_1206_0.nii 139649728747328
write_file 1567636224.161404 1567636224.6880682 inc-bigbrain_2307_1206_0.nii 139649728747328
task_duration 1567636343.6623273 1567636464.8017395 1567635669-tmpfsAD_1it_25cpus_60delay_withpc-1 139649728747328
read_file 1567636223.6625628 1567636223.6642737 bigbrain_2307_0_2776.nii 140427657353024
increment_file 1567636223.6644468 1567636224.1173642 bigbrain_2307_0_2776.nii 140427657353024
write_file 1567636224.1280808 1567636224.6706953 inc-bigbrain_2307_0_2776.nii 140427657353024
task_duration 1567636343.6589313 1567636464.7842143 1567635669-tmpfsAD_1it_25cpus_60delay_withpc-1 140427657353024
read_file 1567636095.4682782 1567636095.4697933 bigbrain_1538_1809_1388.nii 139653796263744
increment_file 1567636095.469999 1567636095.9783134 bigbrain_1538_1809_1388.nii 139653796263744
write_file 1567636095.9896367 1567636096.5273006 inc-bigbrain_1538_1809_1388.nii 139653796263744
task_duration 1567636215.4664953 1567636336.6403756 1567635669-tmpfsAD_1it_25cpus_60delay_withpc-1 139653796263744
read_file 1567636095.4679627 1567636095.469483 bigbrain_1538_603_694.nii 140328928458560
increment_file 1567636095.4696817 1567636095.976432 bigbrain_1538_603_694.nii 140328928458560
write_file 1567636095.9880657 1567636096.5247042 inc-bigbrain_1538_603_694.nii 140328928458560
task_duration 1567636215.4661129 1567636336.6382196 1567635669-tmpfsAD_1it_25cpus_60delay_withpc-1 140328928458560
read_file 1567636095.4673564 1567636095.4688308 bigbrain_1538_1809_694.nii 139833483695936
increment_file 1567636095.469014 1567636095.9824536 bigbrain_1538_1809_694.nii 139833483695936
write_file 1567636095.99379 1567636096.5333972 inc-bigbrain_1538_1809_694.nii 139833483695936
task_duration 1567636215.4650416 1567636336.6468098 1567635669-tmpfsAD_1it_25cpus_60delay_withpc-1 139833483695936
read_file 1567636095.4672997 1567636095.4686384 bigbrain_1538_1809_0.nii 140598897067840
increment_file 1567636095.468829 1567636095.9829388 bigbrain_1538_1809_0.nii 140598897067840
write_file 1567636095.9942117 1567636096.517919 inc-bigbrain_1538_1809_0.nii 140598897067840
task_duration 1567636215.4649765 1567636336.631384 1567635669-tmpfsAD_1it_25cpus_60delay_withpc-1 140598897067840
read_file 1567636095.466493 1567636095.4681337 bigbrain_2307_0_1388.nii 139656740865856
increment_file 1567636095.4683294 1567636095.9847672 bigbrain_2307_0_1388.nii 139656740865856
write_file 1567636095.9956086 1567636096.5079668 inc-bigbrain_2307_0_1388.nii 139656740865856
task_duration 1567636215.4644167 1567636336.6211581 1567635669-tmpfsAD_1it_25cpus_60delay_withpc-1 139656740865856
read_file 1567636095.4657454 1567636095.4672785 bigbrain_1538_1206_2776.nii 140269611489088
increment_file 1567636095.4674673 1567636095.9842708 bigbrain_1538_1206_2776.nii 140269611489088
write_file 1567636095.994922 1567636096.5262163 inc-bigbrain_1538_1206_2776.nii 140269611489088
task_duration 1567636215.4637952 1567636336.64012 1567635669-tmpfsAD_1it_25cpus_60delay_withpc-1 140269611489088
read_file 1567636095.4649668 1567636095.4669235 bigbrain_1538_1206_0.nii 139955971008320
increment_file 1567636095.467118 1567636095.9696078 bigbrain_1538_1206_0.nii 139955971008320
write_file 1567636095.9812791 1567636096.5002818 inc-bigbrain_1538_1206_0.nii 139955971008320
task_duration 1567636215.4614344 1567636336.613383 1567635669-tmpfsAD_1it_25cpus_60delay_withpc-1 139955971008320
read_file 1567636095.4649937 1567636095.4664106 bigbrain_1538_2412_1388.nii 140693335463744
increment_file 1567636095.466582 1567636095.9848697 bigbrain_1538_2412_1388.nii 140693335463744
write_file 1567636095.9955578 1567636096.5292084 inc-bigbrain_1538_2412_1388.nii 140693335463744
task_duration 1567636215.4629571 1567636336.6435137 1567635669-tmpfsAD_1it_25cpus_60delay_withpc-1 140693335463744
read_file 1567636095.463277 1567636095.464537 bigbrain_1538_0_694.nii 140615309416256
increment_file 1567636095.4646816 1567636095.9734411 bigbrain_1538_0_694.nii 140615309416256
write_file 1567636095.9839633 1567636096.5080435 inc-bigbrain_1538_0_694.nii 140615309416256
task_duration 1567636215.459983 1567636336.6214285 1567635669-tmpfsAD_1it_25cpus_60delay_withpc-1 140615309416256
read_file 1567636095.4612477 1567636095.463558 bigbrain_1538_2412_2776.nii 140173758056256
increment_file 1567636095.463716 1567636095.980847 bigbrain_1538_2412_2776.nii 140173758056256
write_file 1567636095.991453 1567636096.5213094 inc-bigbrain_1538_2412_2776.nii 140173758056256
task_duration 1567636215.457977 1567636336.6352158 1567635669-tmpfsAD_1it_25cpus_60delay_withpc-1 140173758056256
read_file 1567636095.4604115 1567636095.4627633 bigbrain_1538_1809_2776.nii 139888411359040
increment_file 1567636095.4630387 1567636095.9794772 bigbrain_1538_1809_2776.nii 139888411359040
write_file 1567636095.9907124 1567636096.5275867 inc-bigbrain_1538_1809_2776.nii 139888411359040
task_duration 1567636215.457172 1567636336.6413107 1567635669-tmpfsAD_1it_25cpus_60delay_withpc-1 139888411359040
read_file 1567636095.460282 1567636095.4626393 bigbrain_1538_1206_694.nii 140143709615936
increment_file 1567636095.4629092 1567636095.9807224 bigbrain_1538_1206_694.nii 140143709615936
write_file 1567636095.9912088 1567636096.5196362 inc-bigbrain_1538_1206_694.nii 140143709615936
task_duration 1567636215.4571187 1567636336.632395 1567635669-tmpfsAD_1it_25cpus_60delay_withpc-1 140143709615936
read_file 1567636095.460518 1567636095.4622695 bigbrain_1538_1206_1388.nii 140111615960896
increment_file 1567636095.4624696 1567636095.9807305 bigbrain_1538_1206_1388.nii 140111615960896
write_file 1567636096.0006933 1567636096.5406592 inc-bigbrain_1538_1206_1388.nii 140111615960896
task_duration 1567636215.4582307 1567636336.6544092 1567635669-tmpfsAD_1it_25cpus_60delay_withpc-1 140111615960896
read_file 1567636095.4588807 1567636095.4602847 bigbrain_2307_0_0.nii 140638030948160
increment_file 1567636095.4604428 1567636095.9692757 bigbrain_2307_0_0.nii 140638030948160
write_file 1567636095.9803667 1567636096.5058622 inc-bigbrain_2307_0_0.nii 140638030948160
task_duration 1567636215.4569867 1567636336.6183097 1567635669-tmpfsAD_1it_25cpus_60delay_withpc-1 140638030948160
read_file 1567636095.4576542 1567636095.458957 bigbrain_1538_0_2776.nii 140437136820032
increment_file 1567636095.4591098 1567636095.9694436 bigbrain_1538_0_2776.nii 140437136820032
write_file 1567636095.9807472 1567636096.5058565 inc-bigbrain_1538_0_2776.nii 140437136820032
task_duration 1567636215.4553483 1567636336.6189072 1567635669-tmpfsAD_1it_25cpus_60delay_withpc-1 140437136820032
read_file 1567636095.456338 1567636095.457648 bigbrain_1538_603_2082.nii 139678590846784
increment_file 1567636095.4577885 1567636095.9696412 bigbrain_1538_603_2082.nii 139678590846784
write_file 1567636095.9809296 1567636096.5211487 inc-bigbrain_1538_603_2082.nii 139678590846784
task_duration 1567636215.453116 1567636336.6353686 1567635669-tmpfsAD_1it_25cpus_60delay_withpc-1 139678590846784
read_file 1567636095.4559298 1567636095.4574728 bigbrain_1538_2412_694.nii 140261655451456
increment_file 1567636095.4576259 1567636095.9677696 bigbrain_1538_2412_694.nii 140261655451456
write_file 1567636095.9791927 1567636096.5190032 inc-bigbrain_1538_2412_694.nii 140261655451456
task_duration 1567636215.4514804 1567636336.6325743 1567635669-tmpfsAD_1it_25cpus_60delay_withpc-1 140261655451456
read_file 1567636095.4559157 1567636095.4574647 bigbrain_1538_2412_2082.nii 139793744611136
increment_file 1567636095.4576187 1567636095.9719357 bigbrain_1538_2412_2082.nii 139793744611136
write_file 1567636095.9832506 1567636096.615735 inc-bigbrain_1538_2412_2082.nii 139793744611136
task_duration 1567636215.4517624 1567636336.7189088 1567635669-tmpfsAD_1it_25cpus_60delay_withpc-1 139793744611136
read_file 1567636095.455866 1567636095.4574254 bigbrain_1538_2412_0.nii 140666122065728
increment_file 1567636095.457554 1567636095.9719517 bigbrain_1538_2412_0.nii 140666122065728
write_file 1567636095.9831676 1567636096.5092595 inc-bigbrain_1538_2412_0.nii 140666122065728
task_duration 1567636215.4514976 1567636336.6224127 1567635669-tmpfsAD_1it_25cpus_60delay_withpc-1 140666122065728
read_file 1567636095.4558575 1567636095.4574049 bigbrain_1538_603_2776.nii 140364600764224
increment_file 1567636095.4575458 1567636095.9594939 bigbrain_1538_603_2776.nii 140364600764224
write_file 1567636095.971092 1567636096.5074422 inc-bigbrain_1538_603_2776.nii 140364600764224
task_duration 1567636215.4515417 1567636336.6137362 1567635669-tmpfsAD_1it_25cpus_60delay_withpc-1 140364600764224
read_file 1567636095.4558632 1567636095.4573896 bigbrain_1538_603_0.nii 139672858896192
increment_file 1567636095.457527 1567636095.9659956 bigbrain_1538_603_0.nii 139672858896192
write_file 1567636095.977238 1567636096.4994824 inc-bigbrain_1538_603_0.nii 139672858896192
task_duration 1567636215.4514642 1567636336.6132421 1567635669-tmpfsAD_1it_25cpus_60delay_withpc-1 139672858896192
read_file 1567636095.4547737 1567636095.4560764 bigbrain_1538_1809_2082.nii 140206791554880
increment_file 1567636095.4562247 1567636095.9630733 bigbrain_1538_1809_2082.nii 140206791554880
write_file 1567636095.9738977 1567636096.5223165 inc-bigbrain_1538_1809_2082.nii 140206791554880
task_duration 1567636215.452965 1567636336.6356564 1567635669-tmpfsAD_1it_25cpus_60delay_withpc-1 140206791554880
read_file 1567636095.4547853 1567636095.4560678 bigbrain_1538_603_1388.nii 140058597320512
increment_file 1567636095.4562302 1567636095.9720056 bigbrain_1538_603_1388.nii 140058597320512
write_file 1567636095.9825835 1567636096.5251927 inc-bigbrain_1538_603_1388.nii 140058597320512
task_duration 1567636215.4529934 1567636336.6379087 1567635669-tmpfsAD_1it_25cpus_60delay_withpc-1 140058597320512
read_file 1567636095.4547675 1567636095.4560626 bigbrain_1538_1206_2082.nii 140216706312000
increment_file 1567636095.4562225 1567636095.9693205 bigbrain_1538_1206_2082.nii 140216706312000
write_file 1567636095.9799078 1567636096.5273383 inc-bigbrain_1538_1206_2082.nii 140216706312000
task_duration 1567636215.452938 1567636336.6406817 1567635669-tmpfsAD_1it_25cpus_60delay_withpc-1 140216706312000
read_file 1567636095.454739 1567636095.4560595 bigbrain_2307_0_2082.nii 140220023486272
increment_file 1567636095.4562225 1567636095.9703171 bigbrain_2307_0_2082.nii 140220023486272
write_file 1567636095.9808743 1567636096.5046625 inc-bigbrain_2307_0_2082.nii 140220023486272
task_duration 1567636215.4529443 1567636336.618165 1567635669-tmpfsAD_1it_25cpus_60delay_withpc-1 140220023486272
