read_file 1567706558.220237 1567706560.841754 bigbrain_2307_0_2082.nii 140401292232512
increment_file 1567706896.0423372 1567706943.2963228 bigbrain_2307_0_2082.nii 140401292232512
write_file 1567707086.104924 1567707608.4435177 inc-bigbrain_2307_0_2082.nii 140401292232512
task_duration 1567706558.1694992 1567707608.5735416 1567706530-isilonAD_1it_96cpus_0delay_npc-2 140401292232512
read_file 1567706557.7263446 1567706559.032186 bigbrain_1538_2412_2776.nii 140358169159488
increment_file 1567706808.0288184 1567706855.25964 bigbrain_1538_2412_2776.nii 140358169159488
write_file 1567707086.0829604 1567707608.4413562 inc-bigbrain_1538_2412_2776.nii 140358169159488
task_duration 1567706557.7128031 1567707608.573012 1567706530-isilonAD_1it_96cpus_0delay_npc-2 140358169159488
read_file 1567706558.640077 1567706566.6450448 bigbrain_3076_2412_2776.nii 140666690275136
increment_file 1567706991.5670693 1567707038.4450028 bigbrain_3076_2412_2776.nii 140666690275136
write_file 1567707086.1270814 1567707608.4559245 inc-bigbrain_3076_2412_2776.nii 140666690275136
task_duration 1567706558.5895216 1567707608.586065 1567706530-isilonAD_1it_96cpus_0delay_npc-2 140666690275136
read_file 1567706558.4123368 1567706562.4950106 bigbrain_2307_603_694.nii 140104558700352
increment_file 1567706928.7560074 1567706974.2039177 bigbrain_2307_603_694.nii 140104558700352
write_file 1567707086.1199765 1567707608.456263 inc-bigbrain_2307_603_694.nii 140104558700352
task_duration 1567706558.364883 1567707608.5854244 1567706530-isilonAD_1it_96cpus_0delay_npc-2 140104558700352
read_file 1567706557.2147162 1567706558.0518446 bigbrain_769_2412_2776.nii 140030580229952
increment_file 1567706563.4371154 1567706586.9436953 bigbrain_769_2412_2776.nii 140030580229952
write_file 1567707080.6230261 1567707608.4362755 inc-bigbrain_769_2412_2776.nii 140030580229952
task_duration 1567706557.2078123 1567707608.5706503 1567706530-isilonAD_1it_96cpus_0delay_npc-2 140030580229952
read_file 1567706558.412931 1567706562.764412 bigbrain_3076_2412_1388.nii 139934516385600
increment_file 1567706935.8340569 1567706980.4594162 bigbrain_3076_2412_1388.nii 139934516385600
write_file 1567707086.11885 1567707608.4462874 inc-bigbrain_3076_2412_1388.nii 139934516385600
task_duration 1567706558.37758 1567707608.5766292 1567706530-isilonAD_1it_96cpus_0delay_npc-2 139934516385600
read_file 1567706557.7002745 1567706558.9915257 bigbrain_769_603_2082.nii 140127539701568
increment_file 1567706775.390997 1567706822.34806 bigbrain_769_603_2082.nii 140127539701568
write_file 1567707086.114828 1567707608.4409788 inc-bigbrain_769_603_2082.nii 140127539701568
task_duration 1567706557.682361 1567707608.5717838 1567706530-isilonAD_1it_96cpus_0delay_npc-2 140127539701568
read_file 1567706558.3351352 1567706562.0730758 bigbrain_769_603_2776.nii 140387373668160
increment_file 1567706913.8812606 1567706960.9968562 bigbrain_769_603_2776.nii 140387373668160
write_file 1567707086.109727 1567707608.4467323 inc-bigbrain_769_603_2776.nii 140387373668160
task_duration 1567706558.2852821 1567707608.57771 1567706530-isilonAD_1it_96cpus_0delay_npc-2 140387373668160
read_file 1567706557.7473104 1567706559.0919592 bigbrain_1538_2412_1388.nii 139886425982784
increment_file 1567706830.1539042 1567706877.2044077 bigbrain_1538_2412_1388.nii 139886425982784
write_file 1567707086.0858362 1567707608.4290943 inc-bigbrain_1538_2412_1388.nii 139886425982784
task_duration 1567706557.7366707 1567707608.562179 1567706530-isilonAD_1it_96cpus_0delay_npc-2 139886425982784
read_file 1567706557.7878034 1567706559.124036 bigbrain_1538_1206_2082.nii 140126873888576
increment_file 1567706848.208508 1567706896.0432284 bigbrain_1538_1206_2082.nii 140126873888576
write_file 1567707086.0879672 1567707608.4476254 inc-bigbrain_1538_1206_2082.nii 140126873888576
task_duration 1567706557.756428 1567707608.5780973 1567706530-isilonAD_1it_96cpus_0delay_npc-2 140126873888576
read_file 1567706557.7006645 1567706558.9921417 bigbrain_1538_2412_0.nii 140623769069376
increment_file 1567706782.4227223 1567706830.2607918 bigbrain_1538_2412_0.nii 140623769069376
write_file 1567707085.8421052 1567707608.4307516 inc-bigbrain_1538_2412_0.nii 140623769069376
task_duration 1567706557.6859086 1567707608.5647871 1567706530-isilonAD_1it_96cpus_0delay_npc-2 140623769069376
read_file 1567706558.3356762 1567706562.225575 bigbrain_3076_0_0.nii 140628145170240
increment_file 1567706917.7662468 1567706964.319971 bigbrain_3076_0_0.nii 140628145170240
write_file 1567707086.106721 1567707608.4366453 inc-bigbrain_3076_0_0.nii 140628145170240
task_duration 1567706558.2992642 1567707608.5686443 1567706530-isilonAD_1it_96cpus_0delay_npc-2 140628145170240
read_file 1567706557.7010188 1567706558.9998376 bigbrain_1538_1809_0.nii 140390080927552
increment_file 1567706786.405016 1567706833.5937767 bigbrain_1538_1809_0.nii 140390080927552
write_file 1567707085.97581 1567707608.4251406 inc-bigbrain_1538_1809_0.nii 140390080927552
task_duration 1567706557.6867387 1567707608.5584722 1567706530-isilonAD_1it_96cpus_0delay_npc-2 140390080927552
read_file 1567706558.1926727 1567706560.4378955 bigbrain_3076_1206_2776.nii 140625448482624
increment_file 1567706880.9841464 1567706928.7578433 bigbrain_3076_1206_2776.nii 140625448482624
write_file 1567707086.1055794 1567707608.4630618 inc-bigbrain_3076_1206_2776.nii 140625448482624
task_duration 1567706558.1646218 1567707608.5927145 1567706530-isilonAD_1it_96cpus_0delay_npc-2 140625448482624
read_file 1567706557.6738796 1567706558.86086 bigbrain_2307_2412_694.nii 140011492300608
increment_file 1567706764.3200395 1567706811.355222 bigbrain_2307_2412_694.nii 140011492300608
write_file 1567707085.5744224 1567707608.4373164 inc-bigbrain_2307_2412_694.nii 140011492300608
task_duration 1567706557.662727 1567707608.5708358 1567706530-isilonAD_1it_96cpus_0delay_npc-2 140011492300608
read_file 1567706558.219813 1567706560.7067552 bigbrain_3076_603_0.nii 140578060760896
increment_file 1567706892.0292623 1567706939.957262 bigbrain_3076_603_0.nii 140578060760896
write_file 1567707086.1043844 1567707608.4470918 inc-bigbrain_3076_603_0.nii 140578060760896
task_duration 1567706558.1664674 1567707608.5761738 1567706530-isilonAD_1it_96cpus_0delay_npc-2 140578060760896
read_file 1567706557.5124586 1567706558.8467789 bigbrain_769_1206_0.nii 140460246841152
increment_file 1567706693.0992322 1567706742.3712509 bigbrain_769_1206_0.nii 140460246841152
write_file 1567707083.8348255 1567707608.4244173 inc-bigbrain_769_1206_0.nii 140460246841152
task_duration 1567706557.4946165 1567707608.5573914 1567706530-isilonAD_1it_96cpus_0delay_npc-2 140460246841152
read_file 1567706557.8638792 1567706559.1445835 bigbrain_1538_1206_694.nii 140469378090816
increment_file 1567706859.1531143 1567706906.7723808 bigbrain_1538_1206_694.nii 140469378090816
write_file 1567707086.1021307 1567707608.4441795 inc-bigbrain_1538_1206_694.nii 140469378090816
task_duration 1567706557.8149943 1567707608.5754132 1567706530-isilonAD_1it_96cpus_0delay_npc-2 140469378090816
read_file 1567706557.5867698 1567706558.8571255 bigbrain_2307_0_1388.nii 140402647811904
increment_file 1567706742.6499102 1567706789.456376 bigbrain_2307_0_1388.nii 140402647811904
write_file 1567707085.0379093 1567707608.438707 inc-bigbrain_2307_0_1388.nii 140402647811904
task_duration 1567706557.5118208 1567707608.5704937 1567706530-isilonAD_1it_96cpus_0delay_npc-2 140402647811904
read_file 1567706557.699728 1567706558.9736345 bigbrain_3076_0_2082.nii 140489509685056
increment_file 1567706771.3801582 1567706819.007933 bigbrain_3076_0_2082.nii 140489509685056
write_file 1567707085.7083209 1567707608.4328804 inc-bigbrain_3076_0_2082.nii 140489509685056
task_duration 1567706557.6825628 1567707608.565143 1567706530-isilonAD_1it_96cpus_0delay_npc-2 140489509685056
read_file 1567707609.4227896 1567707609.4430962 bigbrain_769_603_694.nii 139755593238336
increment_file 1567707609.4503744 1567707614.9165628 bigbrain_769_603_694.nii 139755593238336
write_file 1567707614.950305 1567707621.0609026 inc-bigbrain_769_603_694.nii 139755593238336
task_duration 1567707609.419299 1567707621.067947 1567706530-isilonAD_1it_96cpus_0delay_npc-2 139755593238336
read_file 1567706557.4886472 1567706558.7668989 bigbrain_1538_1206_0.nii 140481670276928
increment_file 1567706656.3470266 1567706707.3648405 bigbrain_1538_1206_0.nii 140481670276928
write_file 1567707083.032841 1567707608.4098153 inc-bigbrain_1538_1206_0.nii 140481670276928
task_duration 1567706557.4863088 1567707608.5431693 1567706530-isilonAD_1it_96cpus_0delay_npc-2 140481670276928
read_file 1567706558.3553164 1567706562.2258995 bigbrain_1538_2412_2082.nii 140529101891392
increment_file 1567706924.7439425 1567706970.8857827 bigbrain_1538_2412_2082.nii 140529101891392
write_file 1567707086.115908 1567707608.4457786 inc-bigbrain_1538_2412_2082.nii 140529101891392
task_duration 1567706558.344933 1567707608.5763717 1567706530-isilonAD_1it_96cpus_0delay_npc-2 140529101891392
read_file 1567706558.2206407 1567706560.9765022 bigbrain_1538_1809_2082.nii 140443394893632
increment_file 1567706903.029186 1567706950.8923595 bigbrain_1538_1809_2082.nii 140443394893632
write_file 1567707086.1090288 1567707608.4516618 inc-bigbrain_1538_1809_2082.nii 140443394893632
task_duration 1567706558.183769 1567707608.5808425 1567706530-isilonAD_1it_96cpus_0delay_npc-2 140443394893632
read_file 1567706558.581109 1567706566.375795 bigbrain_769_0_1388.nii 140536756242240
increment_file 1567706982.0714004 1567707027.2372186 bigbrain_769_0_1388.nii 140536756242240
write_file 1567707086.1223092 1567707608.4634326 inc-bigbrain_769_0_1388.nii 140536756242240
task_duration 1567706558.5523386 1567707608.5912697 1567706530-isilonAD_1it_96cpus_0delay_npc-2 140536756242240
read_file 1567706557.567683 1567706558.8512616 bigbrain_3076_603_694.nii 140336055211840
increment_file 1567706720.489984 1567706767.6387892 bigbrain_3076_603_694.nii 140336055211840
write_file 1567707084.5032692 1567707608.418004 inc-bigbrain_3076_603_694.nii 140336055211840
task_duration 1567706557.4963813 1567707608.5532787 1567706530-isilonAD_1it_96cpus_0delay_npc-2 140336055211840
read_file 1567706557.586376 1567706558.8539782 bigbrain_2307_1206_2776.nii 140286157797184
increment_file 1567706731.4640048 1567706778.8147614 bigbrain_2307_1206_2776.nii 140286157797184
write_file 1567707084.770763 1567707608.4277794 inc-bigbrain_2307_1206_2776.nii 140286157797184
task_duration 1567706557.5001285 1567707608.5611317 1567706530-isilonAD_1it_96cpus_0delay_npc-2 140286157797184
read_file 1567706557.585998 1567706558.8539913 bigbrain_3076_1809_0.nii 139870157162304
increment_file 1567706738.6548986 1567706786.406909 bigbrain_3076_1809_0.nii 139870157162304
write_file 1567707084.904308 1567707608.433695 inc-bigbrain_3076_1809_0.nii 139870157162304
task_duration 1567706557.4983304 1567707608.567641 1567706530-isilonAD_1it_96cpus_0delay_npc-2 139870157162304
read_file 1567706557.2172337 1567706558.0753722 bigbrain_769_1809_694.nii 140515588794176
increment_file 1567706571.3548558 1567706605.9774256 bigbrain_769_1809_694.nii 140515588794176
write_file 1567707080.6247048 1567707605.9700806 inc-bigbrain_769_1809_694.nii 140515588794176
task_duration 1567706557.212892 1567707608.4911857 1567706530-isilonAD_1it_96cpus_0delay_npc-2 140515588794176
read_file 1567706557.5022 1567706558.8042784 bigbrain_3076_0_1388.nii 140290155755328
increment_file 1567706671.1015067 1567706718.6090214 bigbrain_3076_0_1388.nii 140290155755328
write_file 1567707083.3001869 1567707477.176002 inc-bigbrain_3076_0_1388.nii 140290155755328
task_duration 1567706557.4912403 1567707603.8081076 1567706530-isilonAD_1it_96cpus_0delay_npc-2 140290155755328
read_file 1567706557.727034 1567706559.077145 bigbrain_3076_2412_0.nii 139829346895680
increment_file 1567706819.0063977 1567706866.2232425 bigbrain_3076_2412_0.nii 139829346895680
write_file 1567707086.0843937 1567707608.4164224 inc-bigbrain_3076_2412_0.nii 139829346895680
task_duration 1567706557.7152305 1567707608.551171 1567706530-isilonAD_1it_96cpus_0delay_npc-2 139829346895680
read_file 1567706557.6731038 1567706558.8588445 bigbrain_2307_1206_0.nii 140277478598464
increment_file 1567706753.4891908 1567706800.4346385 bigbrain_2307_1206_0.nii 140277478598464
write_file 1567707085.3071117 1567707608.4223893 inc-bigbrain_2307_1206_0.nii 140277478598464
task_duration 1567706557.6566627 1567707608.555347 1567706530-isilonAD_1it_96cpus_0delay_npc-2 140277478598464
read_file 1567706557.2646532 1567706558.439974 bigbrain_1538_603_2776.nii 139649518397248
increment_file 1567706588.0112734 1567706637.8127506 bigbrain_1538_603_2776.nii 139649518397248
write_file 1567707081.2947986 1567707608.4105449 inc-bigbrain_1538_603_2776.nii 139649518397248
task_duration 1567706557.2625165 1567707608.545246 1567706530-isilonAD_1it_96cpus_0delay_npc-2 139649518397248
read_file 1567706557.2683933 1567706558.501204 bigbrain_2307_2412_2082.nii 139821249681216
increment_file 1567706598.2205083 1567706646.8478732 bigbrain_2307_2412_2082.nii 139821249681216
write_file 1567707081.4284453 1567707608.4158607 inc-bigbrain_2307_2412_2082.nii 139821249681216
task_duration 1567706557.2650888 1567707608.5508475 1567706530-isilonAD_1it_96cpus_0delay_npc-2 139821249681216
read_file 1567706557.3427668 1567706558.5320385 bigbrain_3076_1809_2082.nii 139691570222912
increment_file 1567706621.3822212 1567706671.212429 bigbrain_3076_1809_2082.nii 139691570222912
write_file 1567707082.0969641 1567707608.4192097 inc-bigbrain_3076_1809_2082.nii 139691570222912
task_duration 1567706557.2727857 1567707608.554303 1567706530-isilonAD_1it_96cpus_0delay_npc-2 139691570222912
read_file 1567706558.8021183 1567706567.7215197 bigbrain_2307_0_0.nii 140289597716288
increment_file 1567707023.3578138 1567707067.3262334 bigbrain_2307_0_0.nii 140289597716288
write_file 1567707086.1317267 1567707608.460194 inc-bigbrain_2307_0_0.nii 140289597716288
task_duration 1567706558.7940516 1567707608.5895293 1567706530-isilonAD_1it_96cpus_0delay_npc-2 140289597716288
read_file 1567706557.2693183 1567706558.5035524 bigbrain_3076_1206_1388.nii 140114241099584
increment_file 1567706610.152561 1567706658.0697892 bigbrain_3076_1206_1388.nii 140114241099584
write_file 1567707081.8294485 1567707599.0613284 inc-bigbrain_3076_1206_1388.nii 140114241099584
task_duration 1567706557.2657588 1567707608.4753985 1567706530-isilonAD_1it_96cpus_0delay_npc-2 140114241099584
read_file 1567706558.2756066 1567706561.380571 bigbrain_2307_1809_0.nii 139881977894720
increment_file 1567706907.0401719 1567706953.93899 bigbrain_2307_1809_0.nii 139881977894720
write_file 1567707086.1108665 1567707608.455509 inc-bigbrain_2307_1809_0.nii 139881977894720
task_duration 1567706558.2674859 1567707608.5849252 1567706530-isilonAD_1it_96cpus_0delay_npc-2 139881977894720
read_file 1567706557.965708 1567706559.1451097 bigbrain_1538_603_694.nii 139658767521600
increment_file 1567706863.0187044 1567706910.1103506 bigbrain_1538_603_694.nii 139658767521600
write_file 1567707086.1001737 1567707608.4374356 inc-bigbrain_1538_603_694.nii 139658767521600
task_duration 1567706557.9473186 1567707608.5708556 1567706530-isilonAD_1it_96cpus_0delay_npc-2 139658767521600
read_file 1567706558.5807254 1567706566.2406807 bigbrain_3076_603_2776.nii 140066946688832
increment_file 1567706975.8066828 1567707019.557678 bigbrain_3076_603_2776.nii 140066946688832
write_file 1567707086.122888 1567707608.456748 inc-bigbrain_3076_603_2776.nii 140066946688832
task_duration 1567706558.5507743 1567707608.584745 1567706530-isilonAD_1it_96cpus_0delay_npc-2 140066946688832
read_file 1567706558.7009428 1567706567.0491638 bigbrain_1538_1206_2776.nii 139647000487744
increment_file 1567707001.7005732 1567707049.4158192 bigbrain_1538_1206_2776.nii 139647000487744
write_file 1567707086.1276503 1567707608.4424453 inc-bigbrain_1538_1206_2776.nii 139647000487744
task_duration 1567706558.6883256 1567707608.572927 1567706530-isilonAD_1it_96cpus_0delay_npc-2 139647000487744
read_file 1567706558.1548207 1567706559.149856 bigbrain_2307_1809_2776.nii 140483825387328
increment_file 1567706869.8560638 1567706917.768026 bigbrain_2307_1809_2776.nii 140483825387328
write_file 1567707086.102717 1567707608.4432757 inc-bigbrain_2307_1809_2776.nii 140483825387328
task_duration 1567706558.104338 1567707608.574737 1567706530-isilonAD_1it_96cpus_0delay_npc-2 140483825387328
read_file 1567706558.7002926 1567706566.913915 bigbrain_769_1809_0.nii 140549948155712
increment_file 1567706995.042918 1567707041.4953732 bigbrain_769_1809_0.nii 140549948155712
write_file 1567707086.1263921 1567707608.454757 inc-bigbrain_769_1809_0.nii 140549948155712
task_duration 1567706558.6874251 1567707608.5818465 1567706530-isilonAD_1it_96cpus_0delay_npc-2 140549948155712
read_file 1567706558.7013562 1567706567.1840682 bigbrain_3076_603_1388.nii 140545602295616
increment_file 1567707005.5492618 1567707052.4830248 bigbrain_3076_603_1388.nii 140545602295616
write_file 1567707086.1282506 1567707608.462045 inc-bigbrain_3076_603_1388.nii 140545602295616
task_duration 1567706558.6909413 1567707608.5892775 1567706530-isilonAD_1it_96cpus_0delay_npc-2 140545602295616
read_file 1567706557.5496652 1567706558.8506665 bigbrain_769_1206_694.nii 139980823865152
increment_file 1567706716.6187987 1567706764.321728 bigbrain_769_1206_694.nii 139980823865152
write_file 1567707084.369692 1567707608.424283 inc-bigbrain_769_1206_694.nii 139980823865152
task_duration 1567706557.496088 1567707608.5592933 1567706530-isilonAD_1it_96cpus_0delay_npc-2 139980823865152
read_file 1567706558.8797503 1567706569.33735 bigbrain_2307_603_1388.nii 140061436639040
increment_file 1567707038.336247 1567707073.256996 bigbrain_2307_603_1388.nii 140061436639040
write_file 1567707086.1353323 1567707608.4611053 inc-bigbrain_2307_603_1388.nii 140061436639040
task_duration 1567706558.8655455 1567707608.591727 1567706530-isilonAD_1it_96cpus_0delay_npc-2 140061436639040
read_file 1567706557.7255177 1567706559.0190127 bigbrain_3076_1206_2082.nii 139704322045760
increment_file 1567706804.1802554 1567706851.9459512 bigbrain_3076_1206_2082.nii 139704322045760
write_file 1567707086.0822852 1567707608.4498641 inc-bigbrain_3076_1206_2082.nii 139704322045760
task_duration 1567706557.709783 1567707608.579329 1567706530-isilonAD_1it_96cpus_0delay_npc-2 139704322045760
read_file 1567706559.0166745 1567706570.1466837 bigbrain_3076_1809_694.nii 139796560893760
increment_file 1567707049.3084571 1567707080.5964265 bigbrain_3076_1809_694.nii 139796560893760
write_file 1567707086.1380308 1567707608.4691958 inc-bigbrain_3076_1809_694.nii 139796560893760
task_duration 1567706559.0048122 1567707608.5946631 1567706530-isilonAD_1it_96cpus_0delay_npc-2 139796560893760
read_file 1567706558.1553938 1567706559.1630976 bigbrain_2307_1809_2082.nii 139778892298048
increment_file 1567706873.86569 1567706921.1074722 bigbrain_2307_1809_2082.nii 139778892298048
write_file 1567707086.103284 1567707608.4420216 inc-bigbrain_2307_1809_2082.nii 139778892298048
task_duration 1567706558.1187108 1567707608.573334 1567706530-isilonAD_1it_96cpus_0delay_npc-2 139778892298048
read_file 1567706557.214196 1567706558.0511303 bigbrain_769_1809_1388.nii 140446333613888
increment_file 1567706559.1478407 1567706572.666329 bigbrain_769_1809_1388.nii 140446333613888
write_file 1567707080.6234398 1567707604.9515038 inc-bigbrain_769_1809_1388.nii 140446333613888
task_duration 1567706557.2076836 1567707608.4845676 1567706530-isilonAD_1it_96cpus_0delay_npc-2 140446333613888
read_file 1567706557.6463768 1567706558.8579357 bigbrain_2307_1206_2082.nii 140562558240576
increment_file 1567706749.4581864 1567706797.0949395 bigbrain_2307_1206_2082.nii 140562558240576
write_file 1567707085.1732955 1567707608.423424 inc-bigbrain_2307_1206_2082.nii 140562558240576
task_duration 1567706557.6013377 1567707608.5570147 1567706530-isilonAD_1it_96cpus_0delay_npc-2 140562558240576
read_file 1567706558.58148 1567706566.5102973 bigbrain_769_0_2776.nii 139671740536640
increment_file 1567706985.2725127 1567707030.581588 bigbrain_769_0_2776.nii 139671740536640
write_file 1567707086.1257772 1567707608.4527893 inc-bigbrain_769_0_2776.nii 139671740536640
task_duration 1567706558.5524135 1567707608.5807245 1567706530-isilonAD_1it_96cpus_0delay_npc-2 139671740536640
read_file 1567706557.2166393 1567706558.0954285 bigbrain_1538_1809_1388.nii 139722359994176
increment_file 1567706576.541961 1567706621.3837264 bigbrain_1538_1809_1388.nii 139722359994176
write_file 1567707081.160958 1567707492.9318461 inc-bigbrain_1538_1809_1388.nii 139722359994176
task_duration 1567706557.2127962 1567707607.3545494 1567706530-isilonAD_1it_96cpus_0delay_npc-2 139722359994176
read_file 1567706557.7476466 1567706559.102822 bigbrain_3076_2412_694.nii 139938011653952
increment_file 1567706837.225885 1567706885.10165 bigbrain_3076_2412_694.nii 139938011653952
write_file 1567707086.0864913 1567707608.427345 inc-bigbrain_3076_2412_694.nii 139938011653952
task_duration 1567706557.7379696 1567707608.5607224 1567706530-isilonAD_1it_96cpus_0delay_npc-2 139938011653952
read_file 1567706558.8792737 1567706568.9332204 bigbrain_1538_1809_694.nii 139735664355136
increment_file 1567707034.3255699 1567707072.3496432 bigbrain_1538_1809_694.nii 139735664355136
write_file 1567707086.1346989 1567707608.4295294 inc-bigbrain_1538_1809_694.nii 139735664355136
task_duration 1567706558.8651762 1567707608.562682 1567706530-isilonAD_1it_96cpus_0delay_npc-2 139735664355136
read_file 1567706557.5132046 1567706558.849225 bigbrain_2307_0_2776.nii 140275237054272
increment_file 1567706705.6420004 1567706753.3550987 bigbrain_2307_0_2776.nii 140275237054272
write_file 1567707084.1023393 1567707608.4185767 inc-bigbrain_2307_0_2776.nii 140275237054272
task_duration 1567706557.493455 1567707608.5538533 1567706530-isilonAD_1it_96cpus_0delay_npc-2 140275237054272
read_file 1567706557.4374106 1567706558.537553 bigbrain_2307_603_0.nii 139886474536768
increment_file 1567706634.2304726 1567706682.128158 bigbrain_2307_603_0.nii 139886474536768
write_file 1567707082.3642235 1567707608.4396904 inc-bigbrain_2307_603_0.nii 139886474536768
task_duration 1567706557.419389 1567707608.5722747 1567706530-isilonAD_1it_96cpus_0delay_npc-2 139886474536768
read_file 1567706557.5855255 1567706558.8518827 bigbrain_1538_2412_694.nii 140490038224704
increment_file 1567706727.8616586 1567706775.49765 bigbrain_1538_2412_694.nii 140490038224704
write_file 1567707084.6370087 1567707608.4644625 inc-bigbrain_1538_2412_694.nii 140490038224704
task_duration 1567706557.4975865 1567707608.5942276 1567706530-isilonAD_1it_96cpus_0delay_npc-2 140490038224704
read_file 1567706557.7468867 1567706559.0813408 bigbrain_3076_1809_2776.nii 139659134805824
increment_file 1567706826.1167996 1567706873.8675122 bigbrain_3076_1809_2776.nii 139659134805824
write_file 1567707086.0851574 1567707608.4684873 inc-bigbrain_3076_1809_2776.nii 139659134805824
task_duration 1567706557.7341924 1567707608.59415 1567706530-isilonAD_1it_96cpus_0delay_npc-2 139659134805824
read_file 1567706558.7627983 1567706567.5875208 bigbrain_1538_0_694.nii 140249571587904
increment_file 1567707016.3487039 1567707062.4078133 bigbrain_1538_0_694.nii 140249571587904
write_file 1567707086.130464 1567707608.4544353 inc-bigbrain_1538_0_694.nii 140249571587904
task_duration 1567706558.7521641 1567707608.5841098 1567706530-isilonAD_1it_96cpus_0delay_npc-2 140249571587904
read_file 1567706557.4901795 1567706558.8035464 bigbrain_1538_1206_1388.nii 139999812859712
increment_file 1567706667.0608606 1567706714.7344482 bigbrain_1538_1206_1388.nii 139999812859712
write_file 1567707083.166344 1567707608.4168296 inc-bigbrain_1538_1206_1388.nii 139999812859712
task_duration 1567706557.4869978 1567707608.5519972 1567706530-isilonAD_1it_96cpus_0delay_npc-2 139999812859712
read_file 1567706558.47494 1567706562.8994472 bigbrain_769_2412_694.nii 139868183025472
increment_file 1567706939.8505387 1567706983.5263143 bigbrain_769_2412_694.nii 139868183025472
write_file 1567707086.116459 1567707608.4608443 inc-bigbrain_769_2412_694.nii 139868183025472
task_duration 1567706558.4421504 1567707608.5904841 1567706530-isilonAD_1it_96cpus_0delay_npc-2 139868183025472
read_file 1567706558.5803077 1567706566.1051526 bigbrain_769_1206_2776.nii 140234736301888
increment_file 1567706972.4889991 1567707016.2160673 bigbrain_769_1206_2776.nii 140234736301888
write_file 1567707086.1234975 1567707608.466478 inc-bigbrain_769_1206_2776.nii 140234736301888
task_duration 1567706558.54647 1567707608.593314 1567706530-isilonAD_1it_96cpus_0delay_npc-2 140234736301888
read_file 1567706557.2149956 1567706558.0622096 bigbrain_769_2412_0.nii 140106890721088
increment_file 1567706568.1242986 1567706601.0209098 bigbrain_769_2412_0.nii 140106890721088
write_file 1567707080.6240044 1567707541.5955863 inc-bigbrain_769_2412_0.nii 140106890721088
task_duration 1567706557.207929 1567707608.4149473 1567706530-isilonAD_1it_96cpus_0delay_npc-2 140106890721088
read_file 1567706558.5528014 1567706565.324792 bigbrain_2307_603_2776.nii 140631412545344
increment_file 1567706959.552257 1567707003.6793542 bigbrain_2307_603_2776.nii 140631412545344
write_file 1567707086.121168 1567707608.4598265 inc-bigbrain_2307_603_2776.nii 140631412545344
task_duration 1567706558.5420732 1567707608.5886288 1567706530-isilonAD_1it_96cpus_0delay_npc-2 140631412545344
read_file 1567706557.2177565 1567706558.0960143 bigbrain_3076_1809_1388.nii 140305810581312
increment_file 1567706579.6169004 1567706626.6093035 bigbrain_3076_1809_1388.nii 140305810581312
write_file 1567707080.8937514 1567707608.4147248 inc-bigbrain_3076_1809_1388.nii 140305810581312
task_duration 1567706557.212963 1567707608.547865 1567706530-isilonAD_1it_96cpus_0delay_npc-2 140305810581312
read_file 1567706557.216314 1567706558.0770571 bigbrain_1538_603_0.nii 139789591676736
increment_file 1567706574.2693102 1567706615.6669893 bigbrain_1538_603_0.nii 139789591676736
write_file 1567707080.635281 1567707539.6439822 inc-bigbrain_1538_603_0.nii 139789591676736
task_duration 1567706557.2129116 1567707608.355299 1567706530-isilonAD_1it_96cpus_0delay_npc-2 139789591676736
read_file 1567706557.2680426 1567706558.4911633 bigbrain_769_1809_2776.nii 140197258598208
increment_file 1567706592.7018096 1567706643.265397 bigbrain_769_1809_2776.nii 140197258598208
write_file 1567707081.562223 1567707608.4107509 inc-bigbrain_769_1809_2776.nii 140197258598208
task_duration 1567706557.2644093 1567707608.5446088 1567706530-isilonAD_1it_96cpus_0delay_npc-2 140197258598208
read_file 1567706557.268982 1567706558.50181 bigbrain_3076_1206_0.nii 140099227334464
increment_file 1567706605.975778 1567706656.3482244 bigbrain_3076_1206_0.nii 140099227334464
write_file 1567707081.6958835 1567707608.4226754 inc-bigbrain_3076_1206_0.nii 140099227334464
task_duration 1567706557.2644222 1567707608.5564075 1567706530-isilonAD_1it_96cpus_0delay_npc-2 140099227334464
read_file 1567706557.3433554 1567706558.533929 bigbrain_1538_603_2082.nii 140681737942848
increment_file 1567706626.8775835 1567706674.526837 bigbrain_1538_603_2082.nii 140681737942848
write_file 1567707082.2305202 1567707608.2417157 inc-bigbrain_1538_603_2082.nii 140681737942848
task_duration 1567706557.2761 1567707608.532452 1567706530-isilonAD_1it_96cpus_0delay_npc-2 140681737942848
read_file 1567706557.701297 1567706559.0092444 bigbrain_769_603_0.nii 139855566735168
increment_file 1567706793.3484044 1567706841.237859 bigbrain_769_603_0.nii 139855566735168
write_file 1567707086.0809147 1567707608.4344392 inc-bigbrain_769_603_0.nii 139855566735168
task_duration 1567706557.6957963 1567707608.5676656 1567706530-isilonAD_1it_96cpus_0delay_npc-2 139855566735168
read_file 1567706557.512846 1567706558.847494 bigbrain_769_0_0.nii 140317325862720
increment_file 1567706698.1511219 1567706745.7161715 bigbrain_769_0_0.nii 140317325862720
write_file 1567707083.9685004 1567707608.430059 inc-bigbrain_769_0_0.nii 140317325862720
task_duration 1567706557.4954715 1567707608.563265 1567706530-isilonAD_1it_96cpus_0delay_npc-2 140317325862720
read_file 1567706558.7408428 1567706567.453332 bigbrain_769_0_2082.nii 139966302168896
increment_file 1567707012.3460188 1567707059.618036 bigbrain_769_0_2082.nii 139966302168896
write_file 1567707086.1310558 1567707608.4718108 inc-bigbrain_769_0_2082.nii 139966302168896
task_duration 1567706558.7130377 1567707608.5953808 1567706530-isilonAD_1it_96cpus_0delay_npc-2 139966302168896
read_file 1567706558.475418 1567706563.168631 bigbrain_769_1206_1388.nii 139638367422272
increment_file 1567706946.9058583 1567706990.0918682 bigbrain_769_1206_1388.nii 139638367422272
write_file 1567707086.1193438 1567707608.4520082 inc-bigbrain_769_1206_1388.nii 139638367422272
task_duration 1567706558.4451466 1567707608.5817127 1567706530-isilonAD_1it_96cpus_0delay_npc-2 139638367422272
read_file 1567706557.7031538 1567706559.0178537 bigbrain_3076_603_2082.nii 140613448812352
increment_file 1567706797.3629937 1567706844.3064945 bigbrain_3076_603_2082.nii 140613448812352
write_file 1567707086.0815814 1567707608.433946 inc-bigbrain_3076_603_2082.nii 140613448812352
task_duration 1567706557.6997716 1567707608.5654762 1567706530-isilonAD_1it_96cpus_0delay_npc-2 140613448812352
read_file 1567706557.5117095 1567706558.8189702 bigbrain_769_603_1388.nii 140591652886336
increment_file 1567706682.1262453 1567706729.585674 bigbrain_769_603_1388.nii 140591652886336
write_file 1567707083.567462 1567707608.4382167 inc-bigbrain_769_603_1388.nii 140591652886336
task_duration 1567706557.4929905 1567707608.5712965 1567706530-isilonAD_1it_96cpus_0delay_npc-2 140591652886336
read_file 1567706557.7498968 1567706559.1132693 bigbrain_769_2412_2082.nii 140372660029248
increment_file 1567706841.2360644 1567706888.4159927 bigbrain_769_2412_2082.nii 140372660029248
write_file 1567707086.0872307 1567707608.450325 inc-bigbrain_769_2412_2082.nii 140372660029248
task_duration 1567706557.7470376 1567707608.5797563 1567706530-isilonAD_1it_96cpus_0delay_npc-2 140372660029248
read_file 1567706557.466665 1567706558.5542955 bigbrain_2307_0_694.nii 139889719260992
increment_file 1567706638.078945 1567706685.1919045 bigbrain_2307_0_694.nii 139889719260992
write_file 1567707082.4980843 1567707602.4654498 inc-bigbrain_2307_0_694.nii 139889719260992
task_duration 1567706557.4500737 1567707608.4759746 1567706530-isilonAD_1it_96cpus_0delay_npc-2 139889719260992
read_file 1567706557.4890125 1567706558.7858224 bigbrain_1538_1809_2776.nii 140565484611392
increment_file 1567706660.0875013 1567706705.6437364 bigbrain_1538_1809_2776.nii 140565484611392
write_file 1567707082.8990254 1567707608.4266841 inc-bigbrain_1538_1809_2776.nii 140565484611392
task_duration 1567706557.4850225 1567707608.5593386 1567706530-isilonAD_1it_96cpus_0delay_npc-2 140565484611392
read_file 1567706558.21934 1567706560.572607 bigbrain_2307_1206_1388.nii 139650187507520
increment_file 1567706884.9949024 1567706932.0923424 bigbrain_2307_1206_1388.nii 139650187507520
write_file 1567707086.1078444 1567707608.4510818 inc-bigbrain_2307_1206_1388.nii 139650187507520
task_duration 1567706558.1652808 1567707608.580996 1567706530-isilonAD_1it_96cpus_0delay_npc-2 139650187507520
read_file 1567706557.5112755 1567706558.8093581 bigbrain_3076_0_694.nii 139949900085056
increment_file 1567706678.1354477 1567706725.9785006 bigbrain_3076_0_694.nii 139949900085056
write_file 1567707083.4338763 1567707608.417733 inc-bigbrain_3076_0_694.nii 139949900085056
task_duration 1567706557.490619 1567707608.5525372 1567706530-isilonAD_1it_96cpus_0delay_npc-2 139949900085056
read_file 1567706557.4788616 1567706558.6834671 bigbrain_3076_2412_2082.nii 139896880674624
increment_file 1567706645.13612 1567706692.8332424 bigbrain_3076_2412_2082.nii 139896880674624
write_file 1567707082.6317708 1567707608.421553 inc-bigbrain_3076_2412_2082.nii 139896880674624
task_duration 1567706557.4763854 1567707608.5545638 1567706530-isilonAD_1it_96cpus_0delay_npc-2 139896880674624
read_file 1567706557.2137222 1567706558.0326955 bigbrain_2307_1809_694.nii 139930313267008
increment_file 1567706558.8551273 1567706565.8356485 bigbrain_2307_1809_694.nii 139930313267008
write_file 1567706967.5495672 1567707086.0904076 inc-bigbrain_2307_1809_694.nii 139930313267008
task_duration 1567706557.2088315 1567707086.2605247 1567706530-isilonAD_1it_96cpus_0delay_npc-2 139930313267008
read_file 1567706557.8058167 1567706559.1249802 bigbrain_1538_603_1388.nii 140473580779328
increment_file 1567706852.2116714 1567706899.1100066 bigbrain_1538_603_1388.nii 140473580779328
write_file 1567707086.088785 1567707608.4362333 inc-bigbrain_1538_603_1388.nii 140473580779328
task_duration 1567706557.7600117 1567707608.5681498 1567706530-isilonAD_1it_96cpus_0delay_npc-2 140473580779328
read_file 1567706558.8788517 1567706568.5290911 bigbrain_3076_0_2776.nii 140009773078336
increment_file 1567707027.371233 1567707069.3030863 bigbrain_3076_0_2776.nii 140009773078336
write_file 1567707086.1340232 1567707608.4579198 inc-bigbrain_3076_0_2776.nii 140009773078336
task_duration 1567706558.8650537 1567707608.5889978 1567706530-isilonAD_1it_96cpus_0delay_npc-2 140009773078336
read_file 1567706557.5120714 1567706558.846073 bigbrain_2307_2412_1388.nii 140312402724672
increment_file 1567706689.1048708 1567706736.6502686 bigbrain_2307_2412_1388.nii 140312402724672
write_file 1567707083.7010257 1567707608.0841258 inc-bigbrain_2307_2412_1388.nii 140312402724672
task_duration 1567706557.4927735 1567707608.525744 1567706530-isilonAD_1it_96cpus_0delay_npc-2 140312402724672
read_file 1567706558.5403686 1567706563.7081752 bigbrain_2307_1206_694.nii 140329681864512
increment_file 1567706950.8906505 1567706996.6203997 bigbrain_2307_1206_694.nii 140329681864512
write_file 1567707086.1205544 1567707608.448554 inc-bigbrain_2307_1206_694.nii 140329681864512
task_duration 1567706558.5380974 1567707608.5786278 1567706530-isilonAD_1it_96cpus_0delay_npc-2 140329681864512
read_file 1567706558.8800738 1567706569.74274 bigbrain_769_2412_1388.nii 140356136531776
increment_file 1567707045.2669952 1567707074.1651351 bigbrain_769_2412_1388.nii 140356136531776
write_file 1567707086.1359324 1567707608.4625535 inc-bigbrain_769_2412_1388.nii 140356136531776
task_duration 1567706558.8678448 1567707608.592793 1567706530-isilonAD_1it_96cpus_0delay_npc-2 140356136531776
read_file 1567706559.0757337 1567706570.5504398 bigbrain_769_1206_2082.nii 140146371168064
increment_file 1567707074.2076645 1567707086.0818565 bigbrain_769_1206_2082.nii 140146371168064
write_file 1567707086.2427866 1567707608.4653585 inc-bigbrain_769_1206_2082.nii 140146371168064
task_duration 1567706559.0259976 1567707608.5943744 1567706530-isilonAD_1it_96cpus_0delay_npc-2 140146371168064
read_file 1567706557.5226324 1567706558.8498378 bigbrain_769_1809_2082.nii 139710944606016
increment_file 1567706709.3821714 1567706756.700816 bigbrain_769_1809_2082.nii 139710944606016
write_file 1567707084.2359037 1567707608.431272 inc-bigbrain_769_1809_2082.nii 139710944606016
task_duration 1567706557.4958603 1567707608.5652196 1567706530-isilonAD_1it_96cpus_0delay_npc-2 139710944606016
read_file 1567706557.4827564 1567706558.7422216 bigbrain_2307_603_2082.nii 140034876471104
increment_file 1567706648.8531642 1567706696.1469011 bigbrain_2307_603_2082.nii 140034876471104
write_file 1567707082.7653546 1567707608.4111629 inc-bigbrain_2307_603_2082.nii 140034876471104
task_duration 1567706557.480493 1567707608.5456681 1567706530-isilonAD_1it_96cpus_0delay_npc-2 140034876471104
read_file 1567706557.7267103 1567706559.0771353 bigbrain_2307_1809_1388.nii 139680723523392
increment_file 1567706814.9919689 1567706862.8853898 bigbrain_2307_1809_1388.nii 139680723523392
write_file 1567707086.083756 1567707608.4448307 inc-bigbrain_2307_1809_1388.nii 139680723523392
task_duration 1567706557.7137506 1567707608.576106 1567706530-isilonAD_1it_96cpus_0delay_npc-2 139680723523392
read_file 1567706557.227144 1567706558.157962 bigbrain_2307_2412_0.nii 140555883894592
increment_file 1567706583.494123 1567706632.3602395 bigbrain_2307_2412_0.nii 140555883894592
write_file 1567707081.027315 1567707551.5872877 inc-bigbrain_2307_2412_0.nii 140555883894592
task_duration 1567706557.2242036 1567707607.7726326 1567706530-isilonAD_1it_96cpus_0delay_npc-2 140555883894592
read_file 1567706557.2152562 1567706558.076127 bigbrain_3076_1206_694.nii 140105301075776
increment_file 1567706572.6650522 1567706610.9326813 bigbrain_3076_1206_694.nii 140105301075776
write_file 1567707080.625772 1567707606.760993 inc-bigbrain_3076_1206_694.nii 140105301075776
task_duration 1567706557.2082434 1567707608.4989564 1567706530-isilonAD_1it_96cpus_0delay_npc-2 140105301075776
read_file 1567706558.5798516 1567706565.9704218 bigbrain_1538_0_2776.nii 140606267172672
increment_file 1567706964.586156 1567707008.5980365 bigbrain_1538_0_2776.nii 140606267172672
write_file 1567707086.1217587 1567707608.458213 inc-bigbrain_1538_0_2776.nii 140606267172672
task_duration 1567706558.543132 1567707608.5882025 1567706530-isilonAD_1it_96cpus_0delay_npc-2 140606267172672
read_file 1567706557.3248277 1567706558.5316355 bigbrain_769_0_694.nii 139745100064576
increment_file 1567706617.3605099 1567706665.1750827 bigbrain_769_0_694.nii 139745100064576
write_file 1567707081.963177 1567707608.4149568 inc-bigbrain_769_0_694.nii 139745100064576
task_duration 1567706557.2725873 1567707608.5502415 1567706530-isilonAD_1it_96cpus_0delay_npc-2 139745100064576
read_file 1567706557.6735237 1567706558.8601782 bigbrain_2307_2412_2776.nii 139800533468992
increment_file 1567706760.3330665 1567706808.0304809 bigbrain_2307_2412_2776.nii 139800533468992
write_file 1567707085.4408023 1567707608.428542 inc-bigbrain_2307_2412_2776.nii 139800533468992
task_duration 1567706557.660479 1567707608.5616438 1567706530-isilonAD_1it_96cpus_0delay_npc-2 139800533468992
