read_file 1567612488.666305 1567612488.6687906 bigbrain_769_1206_0.nii 140590919018304
increment_file 1567612488.729128 1567612490.7317874 bigbrain_769_1206_0.nii 140590919018304
write_file 1567612490.759042 1567612492.6409519 inc-bigbrain_769_1206_0.nii 140590919018304
task_duration 1567612488.6619024 1567612492.6451178 local_1it_96cpus_0delay_npc-0 140590919018304
read_file 1567612488.6669242 1567612488.731349 bigbrain_2307_1206_2776.nii 139626086586176
increment_file 1567612488.9457884 1567612524.4494498 bigbrain_2307_1206_2776.nii 139626086586176
write_file 1567612524.459872 1567612524.9278357 inc-bigbrain_2307_1206_2776.nii 139626086586176
task_duration 1567612488.6646295 1567612524.9302697 local_1it_96cpus_0delay_npc-0 139626086586176
read_file 1567612488.696967 1567612488.7301223 bigbrain_769_1809_694.nii 139642431993664
increment_file 1567612488.7618134 1567612503.8028123 bigbrain_769_1809_694.nii 139642431993664
write_file 1567612503.8126223 1567612504.3019154 inc-bigbrain_769_1809_694.nii 139642431993664
task_duration 1567612488.6940253 1567612504.3044748 local_1it_96cpus_0delay_npc-0 139642431993664
read_file 1567612488.6855917 1567612488.6878629 bigbrain_2307_603_2082.nii 139918103697216
increment_file 1567612488.731175 1567612490.2803938 bigbrain_2307_603_2082.nii 139918103697216
write_file 1567612490.3053098 1567612492.2095094 inc-bigbrain_2307_603_2082.nii 139918103697216
task_duration 1567612488.6819665 1567612492.2140455 local_1it_96cpus_0delay_npc-0 139918103697216
read_file 1567612488.687695 1567612488.7338693 bigbrain_3076_0_694.nii 140198462510912
increment_file 1567612488.9459221 1567612514.4844835 bigbrain_3076_0_694.nii 140198462510912
write_file 1567612514.4949803 1567612514.9864888 inc-bigbrain_3076_0_694.nii 140198462510912
task_duration 1567612488.6862013 1567612514.9887865 local_1it_96cpus_0delay_npc-0 140198462510912
read_file 1567612488.6911876 1567612488.6939278 bigbrain_3076_1809_2082.nii 140071541262144
increment_file 1567612488.7311947 1567612490.2575922 bigbrain_3076_1809_2082.nii 140071541262144
write_file 1567612490.2901103 1567612492.2233443 inc-bigbrain_3076_1809_2082.nii 140071541262144
task_duration 1567612488.6875582 1567612492.228125 local_1it_96cpus_0delay_npc-0 140071541262144
read_file 1567612488.6669576 1567612488.776309 bigbrain_1538_2412_1388.nii 139828601235264
increment_file 1567612488.947763 1567612525.5215294 bigbrain_1538_2412_1388.nii 139828601235264
write_file 1567612525.531481 1567612526.0083852 inc-bigbrain_1538_2412_1388.nii 139828601235264
task_duration 1567612488.6624708 1567612526.0111375 local_1it_96cpus_0delay_npc-0 139828601235264
read_file 1567612488.6837142 1567612488.685175 bigbrain_3076_1206_2776.nii 139659963791168
increment_file 1567612488.7313325 1567612490.4686124 bigbrain_3076_1206_2776.nii 139659963791168
write_file 1567612490.4949632 1567612492.2976027 inc-bigbrain_3076_1206_2776.nii 139659963791168
task_duration 1567612488.6818743 1567612492.3010056 local_1it_96cpus_0delay_npc-0 139659963791168
read_file 1567612488.6779299 1567612488.6800842 bigbrain_2307_2412_694.nii 140091596244800
increment_file 1567612488.731329 1567612490.839628 bigbrain_2307_2412_694.nii 140091596244800
write_file 1567612490.8644753 1567612492.5965264 inc-bigbrain_2307_2412_694.nii 140091596244800
task_duration 1567612488.6759782 1567612492.6012492 local_1it_96cpus_0delay_npc-0 140091596244800
read_file 1567612488.6991289 1567612488.7004933 bigbrain_1538_603_2776.nii 140139373135680
increment_file 1567612488.731282 1567612490.8313913 bigbrain_1538_603_2776.nii 140139373135680
write_file 1567612490.8466024 1567612492.3937857 inc-bigbrain_1538_603_2776.nii 140139373135680
task_duration 1567612488.6964529 1567612492.4022856 local_1it_96cpus_0delay_npc-0 140139373135680
read_file 1567612488.6616263 1567612488.663874 bigbrain_1538_2412_694.nii 140265270142784
increment_file 1567612488.7279432 1567612490.8724155 bigbrain_1538_2412_694.nii 140265270142784
write_file 1567612490.8961256 1567612492.6485348 inc-bigbrain_1538_2412_694.nii 140265270142784
task_duration 1567612488.6573842 1567612492.6524012 local_1it_96cpus_0delay_npc-0 140265270142784
read_file 1567612488.6775026 1567612488.6792176 bigbrain_3076_1206_694.nii 140377080842048
increment_file 1567612488.7444274 1567612490.8077216 bigbrain_3076_1206_694.nii 140377080842048
write_file 1567612490.8333914 1567612492.3598382 inc-bigbrain_3076_1206_694.nii 140377080842048
task_duration 1567612488.6760507 1567612492.3713222 local_1it_96cpus_0delay_npc-0 140377080842048
read_file 1567612488.6875749 1567612488.6891675 bigbrain_2307_603_694.nii 140036342736704
increment_file 1567612488.7444367 1567612490.8202412 bigbrain_2307_603_694.nii 140036342736704
write_file 1567612490.8460736 1567612492.677332 inc-bigbrain_2307_603_694.nii 140036342736704
task_duration 1567612488.6857078 1567612492.6805394 local_1it_96cpus_0delay_npc-0 140036342736704
read_file 1567612488.6669245 1567612488.6693175 bigbrain_2307_1206_694.nii 140147517814592
increment_file 1567612488.744419 1567612490.8537352 bigbrain_2307_1206_694.nii 140147517814592
write_file 1567612490.8690546 1567612492.356052 inc-bigbrain_2307_1206_694.nii 140147517814592
task_duration 1567612488.6623542 1567612492.3699038 local_1it_96cpus_0delay_npc-0 140147517814592
read_file 1567612488.6878107 1567612488.689835 bigbrain_1538_1809_1388.nii 140083460212544
increment_file 1567612488.7444375 1567612490.3188398 bigbrain_1538_1809_1388.nii 140083460212544
write_file 1567612490.3375032 1567612491.9351442 inc-bigbrain_1538_1809_1388.nii 140083460212544
task_duration 1567612488.6853 1567612491.9420216 local_1it_96cpus_0delay_npc-0 140083460212544
read_file 1567612488.6900566 1567612488.691578 bigbrain_2307_603_1388.nii 140057638053696
increment_file 1567612488.7444444 1567612490.3865914 bigbrain_2307_603_1388.nii 140057638053696
write_file 1567612490.4028554 1567612491.9006753 inc-bigbrain_2307_603_1388.nii 140057638053696
task_duration 1567612488.6887743 1567612491.9089072 local_1it_96cpus_0delay_npc-0 140057638053696
read_file 1567612488.6618636 1567612488.6664243 bigbrain_1538_2412_2082.nii 139675728832320
increment_file 1567612488.729025 1567612490.7908907 bigbrain_1538_2412_2082.nii 139675728832320
write_file 1567612490.8156486 1567612492.6509447 inc-bigbrain_1538_2412_2082.nii 139675728832320
task_duration 1567612488.657974 1567612492.6547935 local_1it_96cpus_0delay_npc-0 139675728832320
read_file 1567612488.685491 1567612488.6870096 bigbrain_1538_0_2776.nii 140647199668032
increment_file 1567612488.7289536 1567612490.5659482 bigbrain_1538_0_2776.nii 140647199668032
write_file 1567612490.5925786 1567612492.336855 inc-bigbrain_1538_0_2776.nii 140647199668032
task_duration 1567612488.682202 1567612492.340227 local_1it_96cpus_0delay_npc-0 140647199668032
read_file 1567612488.6668236 1567612488.7326264 bigbrain_1538_2412_2776.nii 139934902126400
increment_file 1567612488.9458678 1567612515.542241 bigbrain_1538_2412_2776.nii 139934902126400
write_file 1567612515.5525048 1567612516.026261 inc-bigbrain_1538_2412_2776.nii 139934902126400
task_duration 1567612488.6622925 1567612516.028961 local_1it_96cpus_0delay_npc-0 139934902126400
read_file 1567612488.668282 1567612488.7345543 bigbrain_2307_1206_2082.nii 140057594914624
increment_file 1567612488.945944 1567612503.2971802 bigbrain_2307_1206_2082.nii 140057594914624
write_file 1567612503.3072407 1567612503.8606994 inc-bigbrain_2307_1206_2082.nii 140057594914624
task_duration 1567612488.665841 1567612503.8635952 local_1it_96cpus_0delay_npc-0 140057594914624
read_file 1567612488.6624212 1567612488.6672509 bigbrain_2307_2412_1388.nii 140102164272960
increment_file 1567612488.7290757 1567612490.7800786 bigbrain_2307_2412_1388.nii 140102164272960
write_file 1567612490.8043404 1567612492.6435125 inc-bigbrain_2307_2412_1388.nii 140102164272960
task_duration 1567612488.6575494 1567612492.6472695 local_1it_96cpus_0delay_npc-0 140102164272960
read_file 1567612488.6967225 1567612488.69919 bigbrain_3076_2412_1388.nii 139627909125952
increment_file 1567612488.7443407 1567612490.251765 bigbrain_3076_2412_1388.nii 139627909125952
write_file 1567612490.2731247 1567612491.8873851 inc-bigbrain_3076_2412_1388.nii 139627909125952
task_duration 1567612488.6932187 1567612491.8959782 local_1it_96cpus_0delay_npc-0 139627909125952
read_file 1567612488.6926467 1567612488.7348597 bigbrain_1538_2412_0.nii 140045430765376
increment_file 1567612488.946115 1567612516.2279522 bigbrain_1538_2412_0.nii 140045430765376
write_file 1567612516.238391 1567612516.739393 inc-bigbrain_1538_2412_0.nii 140045430765376
task_duration 1567612488.6893253 1567612516.7417774 local_1it_96cpus_0delay_npc-0 140045430765376
read_file 1567612488.6856153 1567612488.6876855 bigbrain_1538_1809_694.nii 139781710862144
increment_file 1567612488.7290618 1567612490.2775893 bigbrain_1538_1809_694.nii 139781710862144
write_file 1567612490.3031557 1567612492.2288876 inc-bigbrain_1538_1809_694.nii 139781710862144
task_duration 1567612488.6801298 1567612492.2325425 local_1it_96cpus_0delay_npc-0 139781710862144
read_file 1567612488.6665454 1567612488.6691206 bigbrain_2307_2412_2776.nii 140072972207936
increment_file 1567612488.729085 1567612490.8479335 bigbrain_2307_2412_2776.nii 140072972207936
write_file 1567612490.8720064 1567612492.6794038 inc-bigbrain_2307_2412_2776.nii 140072972207936
task_duration 1567612488.661786 1567612492.6823242 local_1it_96cpus_0delay_npc-0 140072972207936
read_file 1567612488.6617079 1567612488.6652436 bigbrain_3076_603_2082.nii 140712690980672
increment_file 1567612488.729093 1567612490.72088 bigbrain_3076_603_2082.nii 140712690980672
write_file 1567612490.7479005 1567612492.5630102 inc-bigbrain_3076_603_2082.nii 140712690980672
task_duration 1567612488.6577168 1567612492.56773 local_1it_96cpus_0delay_npc-0 140712690980672
read_file 1567612488.6618245 1567612488.6663191 bigbrain_3076_0_2776.nii 140579173783360
increment_file 1567612488.7290921 1567612490.855364 bigbrain_3076_0_2776.nii 140579173783360
write_file 1567612490.8709924 1567612492.4335942 inc-bigbrain_3076_0_2776.nii 140579173783360
task_duration 1567612488.6577647 1567612492.4404657 local_1it_96cpus_0delay_npc-0 140579173783360
read_file 1567612488.683406 1567612488.6852438 bigbrain_2307_2412_2082.nii 139735617775424
increment_file 1567612488.7290757 1567612490.364853 bigbrain_2307_2412_2082.nii 139735617775424
write_file 1567612490.3825088 1567612492.2764854 inc-bigbrain_2307_2412_2082.nii 139735617775424
task_duration 1567612488.681711 1567612492.2815135 local_1it_96cpus_0delay_npc-0 139735617775424
read_file 1567612488.6617682 1567612488.6644177 bigbrain_1538_603_694.nii 140673902524224
increment_file 1567612488.7290952 1567612490.42967 bigbrain_1538_603_694.nii 140673902524224
write_file 1567612490.445885 1567612492.0661902 inc-bigbrain_1538_603_694.nii 140673902524224
task_duration 1567612488.6572978 1567612492.0720563 local_1it_96cpus_0delay_npc-0 140673902524224
read_file 1567612488.6669042 1567612488.6685345 bigbrain_1538_1809_2082.nii 140440586815296
increment_file 1567612488.7290823 1567612490.302871 bigbrain_1538_1809_2082.nii 140440586815296
write_file 1567612490.330055 1567612492.250436 inc-bigbrain_1538_1809_2082.nii 140440586815296
task_duration 1567612488.664619 1567612492.254221 local_1it_96cpus_0delay_npc-0 140440586815296
read_file 1567612488.666687 1567612488.6682825 bigbrain_3076_1206_2082.nii 139977175983936
increment_file 1567612488.7291217 1567612490.8656843 bigbrain_3076_1206_2082.nii 139977175983936
write_file 1567612490.8814328 1567612492.4733562 inc-bigbrain_3076_1206_2082.nii 139977175983936
task_duration 1567612488.6624649 1567612492.4793322 local_1it_96cpus_0delay_npc-0 139977175983936
read_file 1567612488.6886313 1567612488.6904953 bigbrain_1538_1206_2082.nii 140289467803456
increment_file 1567612488.7443807 1567612490.376057 bigbrain_1538_1206_2082.nii 140289467803456
write_file 1567612490.395415 1567612491.943114 inc-bigbrain_1538_1206_2082.nii 140289467803456
task_duration 1567612488.6865902 1567612491.9503832 local_1it_96cpus_0delay_npc-0 140289467803456
read_file 1567612488.6875052 1567612488.690398 bigbrain_2307_0_2082.nii 140335220213568
increment_file 1567612488.7443342 1567612490.3544552 bigbrain_2307_0_2082.nii 140335220213568
write_file 1567612490.3816056 1567612492.1365666 inc-bigbrain_2307_0_2082.nii 140335220213568
task_duration 1567612488.6851404 1567612492.1437724 local_1it_96cpus_0delay_npc-0 140335220213568
read_file 1567612488.6900916 1567612488.6917093 bigbrain_2307_603_0.nii 139797278566208
increment_file 1567612488.7443438 1567612490.8523371 bigbrain_2307_603_0.nii 139797278566208
write_file 1567612490.8733919 1567612492.63191 inc-bigbrain_2307_603_0.nii 139797278566208
task_duration 1567612488.68848 1567612492.6360035 local_1it_96cpus_0delay_npc-0 139797278566208
read_file 1567612488.6616006 1567612488.6657045 bigbrain_1538_0_694.nii 140163945301824
increment_file 1567612488.72913 1567612490.7340038 bigbrain_1538_0_694.nii 140163945301824
write_file 1567612490.7504263 1567612492.4386919 inc-bigbrain_1538_0_694.nii 140163945301824
task_duration 1567612488.6575165 1567612492.4451606 local_1it_96cpus_0delay_npc-0 140163945301824
read_file 1567612488.6860175 1567612488.6877587 bigbrain_2307_0_2776.nii 140401751160640
increment_file 1567612488.7290678 1567612490.8839185 bigbrain_2307_0_2776.nii 140401751160640
write_file 1567612490.9007583 1567612492.4573128 inc-bigbrain_2307_0_2776.nii 140401751160640
task_duration 1567612488.6835628 1567612492.4631786 local_1it_96cpus_0delay_npc-0 140401751160640
read_file 1567612488.6876597 1567612488.689709 bigbrain_3076_0_0.nii 140197479364416
increment_file 1567612488.7291224 1567612490.1859107 bigbrain_3076_0_0.nii 140197479364416
write_file 1567612490.2219331 1567612492.2118309 inc-bigbrain_3076_0_0.nii 140197479364416
task_duration 1567612488.6845806 1567612492.2157316 local_1it_96cpus_0delay_npc-0 140197479364416
read_file 1567612488.696094 1567612488.6974857 bigbrain_3076_1206_1388.nii 139768887154496
increment_file 1567612488.7443373 1567612490.3489115 bigbrain_3076_1206_1388.nii 139768887154496
write_file 1567612490.3751106 1567612492.0031312 inc-bigbrain_3076_1206_1388.nii 139768887154496
task_duration 1567612488.6936736 1567612492.0098028 local_1it_96cpus_0delay_npc-0 139768887154496
read_file 1567612488.6823862 1567612488.685246 bigbrain_1538_603_1388.nii 140370168215360
increment_file 1567612488.7312787 1567612490.2471895 bigbrain_1538_603_1388.nii 140370168215360
write_file 1567612490.2815208 1567612491.9727101 inc-bigbrain_1538_603_1388.nii 140370168215360
task_duration 1567612488.6788855 1567612491.9811144 local_1it_96cpus_0delay_npc-0 140370168215360
read_file 1567612488.6620255 1567612488.6661422 bigbrain_1538_1206_694.nii 140303362107200
increment_file 1567612488.7313068 1567612490.138533 bigbrain_1538_1206_694.nii 140303362107200
write_file 1567612490.1636677 1567612492.0152307 inc-bigbrain_1538_1206_694.nii 140303362107200
task_duration 1567612488.6576722 1567612492.0242152 local_1it_96cpus_0delay_npc-0 140303362107200
read_file 1567612488.6800642 1567612488.6826012 bigbrain_3076_0_2082.nii 140285506922304
increment_file 1567612488.7312717 1567612490.8445456 bigbrain_3076_0_2082.nii 140285506922304
write_file 1567612490.868222 1567612492.4768178 inc-bigbrain_3076_0_2082.nii 140285506922304
task_duration 1567612488.6777618 1567612492.4826992 local_1it_96cpus_0delay_npc-0 140285506922304
read_file 1567612488.679731 1567612488.6819427 bigbrain_3076_1809_2776.nii 140601782191936
increment_file 1567612488.731261 1567612490.8013136 bigbrain_3076_1809_2776.nii 140601782191936
write_file 1567612490.82508 1567612492.6537812 inc-bigbrain_3076_1809_2776.nii 140601782191936
task_duration 1567612488.6773963 1567612492.6572537 local_1it_96cpus_0delay_npc-0 140601782191936
read_file 1567612488.6855526 1567612488.687453 bigbrain_2307_1809_2082.nii 140695439173440
increment_file 1567612488.731276 1567612490.7664514 bigbrain_2307_1809_2082.nii 140695439173440
write_file 1567612490.7821743 1567612492.3070178 inc-bigbrain_2307_1809_2082.nii 140695439173440
task_duration 1567612488.6831696 1567612492.319193 local_1it_96cpus_0delay_npc-0 140695439173440
read_file 1567612488.6665745 1567612488.6683705 bigbrain_2307_1809_1388.nii 140617210836800
increment_file 1567612488.7313132 1567612490.9243245 bigbrain_2307_1809_1388.nii 140617210836800
write_file 1567612490.9497557 1567612492.6929116 inc-bigbrain_2307_1809_1388.nii 140617210836800
task_duration 1567612488.6617088 1567612492.6961308 local_1it_96cpus_0delay_npc-0 140617210836800
read_file 1567612488.6862936 1567612488.6884246 bigbrain_2307_1809_2776.nii 140281198733120
increment_file 1567612488.7312942 1567612490.7587004 bigbrain_2307_1809_2776.nii 140281198733120
write_file 1567612490.7743804 1567612492.3442104 inc-bigbrain_2307_1809_2776.nii 140281198733120
task_duration 1567612488.6810083 1567612492.3551536 local_1it_96cpus_0delay_npc-0 140281198733120
read_file 1567612488.6894119 1567612488.6918104 bigbrain_2307_603_2776.nii 140583293126464
increment_file 1567612488.7620173 1567612490.895403 bigbrain_2307_603_2776.nii 140583293126464
write_file 1567612490.912336 1567612492.442907 inc-bigbrain_2307_603_2776.nii 140583293126464
task_duration 1567612488.6872866 1567612492.4488592 local_1it_96cpus_0delay_npc-0 140583293126464
read_file 1567612488.6669536 1567612488.6694772 bigbrain_2307_1809_694.nii 140292752852800
increment_file 1567612488.7291594 1567612491.013453 bigbrain_2307_1809_694.nii 140292752852800
write_file 1567612491.0366733 1567612492.5156665 inc-bigbrain_2307_1809_694.nii 140292752852800
task_duration 1567612488.6621075 1567612492.5210967 local_1it_96cpus_0delay_npc-0 140292752852800
read_file 1567612488.6617293 1567612488.6643896 bigbrain_1538_1206_2776.nii 140559428536128
increment_file 1567612488.7291179 1567612490.8249052 bigbrain_1538_1206_2776.nii 140559428536128
write_file 1567612490.849066 1567612492.6598601 inc-bigbrain_1538_1206_2776.nii 140559428536128
task_duration 1567612488.6576881 1567612492.663559 local_1it_96cpus_0delay_npc-0 140559428536128
read_file 1567612488.6914818 1567612488.6944292 bigbrain_1538_603_0.nii 139643997267776
increment_file 1567612488.7618096 1567612490.4970593 bigbrain_1538_603_0.nii 139643997267776
write_file 1567612490.5238552 1567612492.254374 inc-bigbrain_1538_603_0.nii 139643997267776
task_duration 1567612488.688603 1567612492.2585166 local_1it_96cpus_0delay_npc-0 139643997267776
read_file 1567612488.6790175 1567612488.68095 bigbrain_1538_603_2082.nii 139737976694592
increment_file 1567612488.7289891 1567612490.4096148 bigbrain_1538_603_2082.nii 139737976694592
write_file 1567612490.4294963 1567612492.2567565 inc-bigbrain_1538_603_2082.nii 139737976694592
task_duration 1567612488.6769726 1567612492.2603538 local_1it_96cpus_0delay_npc-0 139737976694592
read_file 1567612488.688729 1567612488.7757235 bigbrain_2307_0_694.nii 139729506031424
increment_file 1567612488.9354944 1567612534.7242417 bigbrain_2307_0_694.nii 139729506031424
write_file 1567612534.7440073 1567612535.2885387 inc-bigbrain_2307_0_694.nii 139729506031424
task_duration 1567612488.6874712 1567612535.2918258 local_1it_96cpus_0delay_npc-0 139729506031424
read_file 1567612488.661786 1567612488.732054 bigbrain_1538_1809_0.nii 140290702317376
increment_file 1567612488.9355042 1567612526.485574 bigbrain_1538_1809_0.nii 140290702317376
write_file 1567612526.496911 1567612527.0932493 inc-bigbrain_1538_1809_0.nii 140290702317376
task_duration 1567612488.6576283 1567612527.0965886 local_1it_96cpus_0delay_npc-0 140290702317376
read_file 1567612488.68895 1567612488.7333317 bigbrain_2307_0_1388.nii 139970978543424
increment_file 1567612488.935541 1567612515.2665668 bigbrain_2307_0_1388.nii 139970978543424
write_file 1567612515.2769308 1567612515.7553768 inc-bigbrain_2307_0_1388.nii 139970978543424
task_duration 1567612488.6865072 1567612515.7578752 local_1it_96cpus_0delay_npc-0 139970978543424
read_file 1567612488.6615753 1567612488.7309184 bigbrain_2307_1206_0.nii 140656435861312
increment_file 1567612488.9354944 1567612517.4539847 bigbrain_2307_1206_0.nii 140656435861312
write_file 1567612517.4641626 1567612517.9489217 inc-bigbrain_2307_1206_0.nii 140656435861312
task_duration 1567612488.6572073 1567612517.9513156 local_1it_96cpus_0delay_npc-0 140656435861312
read_file 1567612488.6619556 1567612488.7324653 bigbrain_3076_1206_0.nii 140711279486784
increment_file 1567612488.9360218 1567612503.8434381 bigbrain_3076_1206_0.nii 140711279486784
write_file 1567612503.8535209 1567612504.3447833 inc-bigbrain_3076_1206_0.nii 140711279486784
task_duration 1567612488.6575499 1567612504.3471634 local_1it_96cpus_0delay_npc-0 140711279486784
read_file 1567612488.6893287 1567612488.7311926 bigbrain_2307_2412_0.nii 139805295114048
increment_file 1567612488.9361413 1567612505.8903227 bigbrain_2307_2412_0.nii 139805295114048
write_file 1567612505.8999252 1567612506.3925364 inc-bigbrain_2307_2412_0.nii 139805295114048
task_duration 1567612488.6868436 1567612506.3948946 local_1it_96cpus_0delay_npc-0 139805295114048
read_file 1567612488.661957 1567612488.6667943 bigbrain_2307_1809_0.nii 140263016802112
increment_file 1567612488.731271 1567612490.7384367 bigbrain_2307_1809_0.nii 140263016802112
write_file 1567612490.7564695 1567612492.2833006 inc-bigbrain_2307_1809_0.nii 140263016802112
task_duration 1567612488.658077 1567612492.2943575 local_1it_96cpus_0delay_npc-0 140263016802112
read_file 1567612488.6921859 1567612488.6947763 bigbrain_3076_1809_0.nii 139778906666816
increment_file 1567612488.7641037 1567612490.520935 bigbrain_3076_1809_0.nii 139778906666816
write_file 1567612490.5374563 1567612492.0177095 inc-bigbrain_3076_1809_0.nii 139778906666816
task_duration 1567612488.6890473 1567612492.0241241 local_1it_96cpus_0delay_npc-0 139778906666816
read_file 1567612488.6754475 1567612488.7661123 bigbrain_2307_0_0.nii 139664487655232
increment_file 1567612488.936008 1567612536.0586534 bigbrain_2307_0_0.nii 139664487655232
write_file 1567612536.0781243 1567612536.5588617 inc-bigbrain_2307_0_0.nii 139664487655232
task_duration 1567612488.6723595 1567612536.561443 local_1it_96cpus_0delay_npc-0 139664487655232
read_file 1567612488.6988246 1567612488.770053 bigbrain_2307_1206_1388.nii 140467382601536
increment_file 1567612488.935598 1567612535.6010242 bigbrain_2307_1206_1388.nii 140467382601536
write_file 1567612535.6170444 1567612536.1344929 inc-bigbrain_2307_1206_1388.nii 140467382601536
task_duration 1567612488.6962452 1567612536.1372647 local_1it_96cpus_0delay_npc-0 140467382601536
read_file 1567612488.6921594 1567612488.816282 bigbrain_1538_1809_2776.nii 140673653135168
increment_file 1567612488.9355533 1567612535.8605323 bigbrain_1538_1809_2776.nii 140673653135168
write_file 1567612535.8808174 1567612536.384734 inc-bigbrain_1538_1809_2776.nii 140673653135168
task_duration 1567612488.690233 1567612536.3871367 local_1it_96cpus_0delay_npc-0 140673653135168
read_file 1567612488.6875827 1567612488.7702515 bigbrain_1538_1206_0.nii 140602503194432
increment_file 1567612488.9384162 1567612535.747119 bigbrain_1538_1206_0.nii 140602503194432
write_file 1567612535.7658753 1567612536.271865 inc-bigbrain_1538_1206_0.nii 140602503194432
task_duration 1567612488.6856003 1567612536.2744138 local_1it_96cpus_0delay_npc-0 140602503194432
read_file 1567612488.6928916 1567612488.8861234 bigbrain_1538_1206_1388.nii 140537570584384
increment_file 1567612488.9351342 1567612536.3164308 bigbrain_1538_1206_1388.nii 140537570584384
write_file 1567612536.333921 1567612536.7931647 inc-bigbrain_1538_1206_1388.nii 140537570584384
task_duration 1567612488.6892688 1567612536.795707 local_1it_96cpus_0delay_npc-0 140537570584384
read_file 1567612488.6616602 1567612488.664625 bigbrain_769_0_2776.nii 140340532987712
increment_file 1567612488.6653497 1567612490.15221 bigbrain_769_0_2776.nii 140340532987712
write_file 1567612490.1744847 1567612491.9597442 inc-bigbrain_769_0_2776.nii 140340532987712
task_duration 1567612488.6571317 1567612491.966575 local_1it_96cpus_0delay_npc-0 140340532987712
read_file 1567612488.6619475 1567612488.6648433 bigbrain_769_0_694.nii 140371882227520
increment_file 1567612488.665678 1567612490.3817196 bigbrain_769_0_694.nii 140371882227520
write_file 1567612490.3980982 1567612492.1012185 inc-bigbrain_769_0_694.nii 140371882227520
task_duration 1567612488.65766 1567612492.1074445 local_1it_96cpus_0delay_npc-0 140371882227520
read_file 1567612488.662147 1567612488.6652014 bigbrain_3076_1809_1388.nii 139957974312768
increment_file 1567612488.6657422 1567612490.0211678 bigbrain_3076_1809_1388.nii 139957974312768
write_file 1567612490.0432942 1567612492.022047 inc-bigbrain_3076_1809_1388.nii 139957974312768
task_duration 1567612488.6583664 1567612492.0308208 local_1it_96cpus_0delay_npc-0 139957974312768
read_file 1567612488.6629186 1567612488.6662297 bigbrain_769_603_1388.nii 140036403222336
increment_file 1567612488.6666732 1567612490.8833947 bigbrain_769_603_1388.nii 140036403222336
write_file 1567612490.9010997 1567612492.5467024 inc-bigbrain_769_603_1388.nii 140036403222336
task_duration 1567612488.657418 1567612492.5515819 local_1it_96cpus_0delay_npc-0 140036403222336
read_file 1567612488.6672041 1567612488.6695583 bigbrain_3076_2412_0.nii 139964043519808
increment_file 1567612488.6698215 1567612490.763484 bigbrain_3076_2412_0.nii 139964043519808
write_file 1567612490.7798572 1567612492.3966312 inc-bigbrain_3076_2412_0.nii 139964043519808
task_duration 1567612488.6624773 1567612492.4041708 local_1it_96cpus_0delay_npc-0 139964043519808
read_file 1567612488.670506 1567612488.6728022 bigbrain_769_603_0.nii 139887711655744
increment_file 1567612488.6732411 1567612490.8460786 bigbrain_769_603_0.nii 139887711655744
write_file 1567612490.8664863 1567612492.5788972 inc-bigbrain_769_603_0.nii 139887711655744
task_duration 1567612488.6675959 1567612492.58327 local_1it_96cpus_0delay_npc-0 139887711655744
read_file 1567612488.678773 1567612488.6804273 bigbrain_3076_1809_694.nii 139776048691008
increment_file 1567612488.6806948 1567612490.6844766 bigbrain_3076_1809_694.nii 139776048691008
write_file 1567612490.700382 1567612492.2227366 inc-bigbrain_3076_1809_694.nii 139776048691008
task_duration 1567612488.6767092 1567612492.2344465 local_1it_96cpus_0delay_npc-0 139776048691008
read_file 1567612488.6817374 1567612488.6846263 bigbrain_3076_603_694.nii 139920249636672
increment_file 1567612488.6851223 1567612490.1770852 bigbrain_3076_603_694.nii 139920249636672
write_file 1567612490.204081 1567612492.1031702 inc-bigbrain_3076_603_694.nii 139920249636672
task_duration 1567612488.678244 1567612492.1088684 local_1it_96cpus_0delay_npc-0 139920249636672
read_file 1567612488.682255 1567612488.6848881 bigbrain_769_1206_2082.nii 140117091833664
increment_file 1567612488.685235 1567612490.0576544 bigbrain_769_1206_2082.nii 140117091833664
write_file 1567612490.0929823 1567612491.9849997 inc-bigbrain_769_1206_2082.nii 140117091833664
task_duration 1567612488.6796117 1567612491.9924066 local_1it_96cpus_0delay_npc-0 140117091833664
read_file 1567612488.686705 1567612488.6890059 bigbrain_769_2412_2776.nii 140147869669184
increment_file 1567612488.6893113 1567612490.8553584 bigbrain_769_2412_2776.nii 140147869669184
write_file 1567612490.8805134 1567612492.6624823 inc-bigbrain_769_2412_2776.nii 140147869669184
task_duration 1567612488.684835 1567612492.667799 local_1it_96cpus_0delay_npc-0 140147869669184
read_file 1567612488.6880078 1567612488.6896448 bigbrain_3076_603_1388.nii 139808251049792
increment_file 1567612488.6898901 1567612490.7895293 bigbrain_3076_603_1388.nii 139808251049792
write_file 1567612490.8066268 1567612492.3886013 inc-bigbrain_3076_603_1388.nii 139808251049792
task_duration 1567612488.6865242 1567612492.399328 local_1it_96cpus_0delay_npc-0 139808251049792
read_file 1567612488.6890225 1567612488.6905928 bigbrain_769_2412_1388.nii 140644191217472
increment_file 1567612488.690943 1567612490.1913471 bigbrain_769_2412_1388.nii 140644191217472
write_file 1567612490.216137 1567612491.8379796 inc-bigbrain_769_2412_1388.nii 140644191217472
task_duration 1567612488.6870546 1567612491.8464901 local_1it_96cpus_0delay_npc-0 140644191217472
read_file 1567612488.6884856 1567612488.6905954 bigbrain_3076_0_1388.nii 140715054520128
increment_file 1567612488.6911469 1567612490.1862974 bigbrain_3076_0_1388.nii 140715054520128
write_file 1567612490.221867 1567612492.1803055 inc-bigbrain_3076_0_1388.nii 140715054520128
task_duration 1567612488.6855552 1567612492.1852732 local_1it_96cpus_0delay_npc-0 140715054520128
read_file 1567612488.6922483 1567612488.6944942 bigbrain_769_603_2082.nii 139662043248448
increment_file 1567612488.6948466 1567612490.295617 bigbrain_769_603_2082.nii 139662043248448
write_file 1567612490.3268003 1567612491.9181218 inc-bigbrain_769_603_2082.nii 139662043248448
task_duration 1567612488.689162 1567612491.926407 local_1it_96cpus_0delay_npc-0 139662043248448
read_file 1567612488.693183 1567612488.6955261 bigbrain_3076_603_2776.nii 140674879989568
increment_file 1567612488.6959074 1567612490.2512822 bigbrain_3076_603_2776.nii 140674879989568
write_file 1567612490.28345 1567612492.168619 inc-bigbrain_3076_603_2776.nii 140674879989568
task_duration 1567612488.68925 1567612492.1735425 local_1it_96cpus_0delay_npc-0 140674879989568
read_file 1567612488.6929696 1567612488.695959 bigbrain_769_0_0.nii 140583690045248
increment_file 1567612488.6962504 1567612490.2783797 bigbrain_769_0_0.nii 140583690045248
write_file 1567612490.3092487 1567612492.194225 inc-bigbrain_769_0_0.nii 140583690045248
task_duration 1567612488.6894023 1567612492.1987255 local_1it_96cpus_0delay_npc-0 140583690045248
read_file 1567612488.694107 1567612488.6959887 bigbrain_769_2412_2082.nii 139980204218176
increment_file 1567612488.6963496 1567612490.3256419 bigbrain_769_2412_2082.nii 139980204218176
write_file 1567612490.354458 1567612492.2694898 inc-bigbrain_769_2412_2082.nii 139980204218176
task_duration 1567612488.690405 1567612492.2730055 local_1it_96cpus_0delay_npc-0 139980204218176
read_file 1567612488.6954603 1567612488.6967726 bigbrain_769_2412_0.nii 140160169060160
increment_file 1567612488.697051 1567612490.7379062 bigbrain_769_2412_0.nii 140160169060160
write_file 1567612490.7688165 1567612492.5886915 inc-bigbrain_769_2412_0.nii 140160169060160
task_duration 1567612488.6933837 1567612492.5943708 local_1it_96cpus_0delay_npc-0 140160169060160
read_file 1567612488.6954422 1567612488.6968741 bigbrain_769_1809_1388.nii 139942383101760
increment_file 1567612488.6971128 1567612490.2598116 bigbrain_769_1809_1388.nii 139942383101760
write_file 1567612490.281415 1567612491.859158 inc-bigbrain_769_1809_1388.nii 139942383101760
task_duration 1567612488.6933515 1567612491.8686187 local_1it_96cpus_0delay_npc-0 139942383101760
read_file 1567612488.6954358 1567612488.6973543 bigbrain_769_603_2776.nii 140444917974848
increment_file 1567612488.6976798 1567612489.9874587 bigbrain_769_603_2776.nii 140444917974848
write_file 1567612490.0096128 1567612492.0271516 inc-bigbrain_769_603_2776.nii 140444917974848
task_duration 1567612488.6917484 1567612492.0354886 local_1it_96cpus_0delay_npc-0 140444917974848
read_file 1567612488.6953602 1567612488.697478 bigbrain_769_2412_694.nii 140261505910592
increment_file 1567612488.6977975 1567612489.9977674 bigbrain_769_2412_694.nii 140261505910592
write_file 1567612490.032991 1567612491.5977824 inc-bigbrain_769_2412_694.nii 140261505910592
task_duration 1567612488.692953 1567612491.609469 local_1it_96cpus_0delay_npc-0 140261505910592
read_file 1567612488.696656 1567612488.6995506 bigbrain_3076_2412_2082.nii 140235855812416
increment_file 1567612488.7000532 1567612490.3983676 bigbrain_3076_2412_2082.nii 140235855812416
write_file 1567612490.4247618 1567612492.288618 inc-bigbrain_3076_2412_2082.nii 140235855812416
task_duration 1567612488.6937177 1567612492.2917328 local_1it_96cpus_0delay_npc-0 140235855812416
read_file 1567612488.6893666 1567612488.7340894 bigbrain_3076_2412_2776.nii 139788871833408
increment_file 1567612488.7347178 1567612502.9480534 bigbrain_3076_2412_2776.nii 139788871833408
write_file 1567612502.9585817 1567612503.5859272 inc-bigbrain_3076_2412_2776.nii 139788871833408
task_duration 1567612488.6870677 1567612503.5895183 local_1it_96cpus_0delay_npc-0 139788871833408
read_file 1567612488.6698666 1567612488.7366445 bigbrain_769_0_1388.nii 140016649799488
increment_file 1567612488.7374058 1567612514.332104 bigbrain_769_0_1388.nii 140016649799488
write_file 1567612514.3430028 1567612514.845215 inc-bigbrain_769_0_1388.nii 140016649799488
task_duration 1567612488.668422 1567612514.8477905 local_1it_96cpus_0delay_npc-0 140016649799488
read_file 1567612488.6911998 1567612488.7652848 bigbrain_3076_603_0.nii 140701743077184
increment_file 1567612488.7664316 1567612533.9134877 bigbrain_3076_603_0.nii 140701743077184
write_file 1567612533.9331212 1567612534.4307165 inc-bigbrain_3076_603_0.nii 140701743077184
task_duration 1567612488.6873534 1567612534.433465 local_1it_96cpus_0delay_npc-0 140701743077184
read_file 1567612488.6756861 1567612488.7660153 bigbrain_769_0_2082.nii 140458405332800
increment_file 1567612488.7670398 1567612526.4260721 bigbrain_769_0_2082.nii 140458405332800
write_file 1567612526.438096 1567612526.930395 inc-bigbrain_769_0_2082.nii 140458405332800
task_duration 1567612488.6724215 1567612526.9329715 local_1it_96cpus_0delay_npc-0 140458405332800
read_file 1567612488.6924758 1567612488.7674682 bigbrain_769_1206_1388.nii 140338200323904
increment_file 1567612488.7680044 1567612525.8038063 bigbrain_769_1206_1388.nii 140338200323904
write_file 1567612525.8140492 1567612526.2845476 inc-bigbrain_769_1206_1388.nii 140338200323904
task_duration 1567612488.6905706 1567612526.287113 local_1it_96cpus_0delay_npc-0 140338200323904
read_file 1567612488.6619077 1567612488.7676754 bigbrain_769_1809_2082.nii 140455412950848
increment_file 1567612488.7682054 1567612535.2211924 bigbrain_769_1809_2082.nii 140455412950848
write_file 1567612535.2403185 1567612535.6966782 inc-bigbrain_769_1809_2082.nii 140455412950848
task_duration 1567612488.6574786 1567612535.6993103 local_1it_96cpus_0delay_npc-0 140455412950848
read_file 1567612488.6801608 1567612488.7685554 bigbrain_769_1809_2776.nii 140058076620608
increment_file 1567612488.769259 1567612525.7797546 bigbrain_769_1809_2776.nii 140058076620608
write_file 1567612525.7905524 1567612526.2927191 inc-bigbrain_769_1809_2776.nii 140058076620608
task_duration 1567612488.6785076 1567612526.2951984 local_1it_96cpus_0delay_npc-0 140058076620608
read_file 1567612488.6941378 1567612488.7687757 bigbrain_769_1809_0.nii 139786094577472
increment_file 1567612488.7694428 1567612535.8061628 bigbrain_769_1809_0.nii 139786094577472
write_file 1567612535.8241313 1567612536.29966 inc-bigbrain_769_1809_0.nii 139786094577472
task_duration 1567612488.69034 1567612536.3024685 local_1it_96cpus_0delay_npc-0 139786094577472
read_file 1567612488.6911874 1567612488.7691276 bigbrain_769_1206_2776.nii 139707132356416
increment_file 1567612488.7697878 1567612534.0929165 bigbrain_769_1206_2776.nii 139707132356416
write_file 1567612534.1136873 1567612534.5914385 inc-bigbrain_769_1206_2776.nii 139707132356416
task_duration 1567612488.689246 1567612534.5940971 local_1it_96cpus_0delay_npc-0 139707132356416
read_file 1567612488.693477 1567612488.774875 bigbrain_769_1206_694.nii 139952535504704
increment_file 1567612488.775991 1567612524.1730142 bigbrain_769_1206_694.nii 139952535504704
write_file 1567612524.1834073 1567612524.6809187 inc-bigbrain_769_1206_694.nii 139952535504704
task_duration 1567612488.6903207 1567612524.6835334 local_1it_96cpus_0delay_npc-0 139952535504704
read_file 1567612488.6984968 1567612488.7776809 bigbrain_3076_2412_694.nii 139815727552320
increment_file 1567612488.7791677 1567612515.798939 bigbrain_3076_2412_694.nii 139815727552320
write_file 1567612515.8088386 1567612516.2725246 inc-bigbrain_3076_2412_694.nii 139815727552320
task_duration 1567612488.6958914 1567612516.2749684 local_1it_96cpus_0delay_npc-0 139815727552320
read_file 1567612492.7768812 1567612492.7787297 bigbrain_769_603_694.nii 140408377882432
increment_file 1567612492.7793615 1567612493.2155054 bigbrain_769_603_694.nii 140408377882432
write_file 1567612493.2250493 1567612493.7064655 inc-bigbrain_769_603_694.nii 140408377882432
task_duration 1567612492.774372 1567612493.7091405 local_1it_96cpus_0delay_npc-0 140408377882432
