read_file 1567711364.535212 1567711364.5374968 bigbrain_1538_603_1388.nii 139661655734080
increment_file 1567711364.5378008 1567711396.4544356 bigbrain_1538_603_1388.nii 139661655734080
write_file 1567711396.4751399 1567711396.9774592 inc-bigbrain_1538_603_1388.nii 139661655734080
task_duration 1567711484.531312 1567711637.0125914 1567710920-localAD_1it_25cpus_120delay_withpc-3 139661655734080
read_file 1567711364.5354447 1567711364.538107 bigbrain_1538_2412_0.nii 140140129093440
increment_file 1567711364.5383139 1567711396.6974504 bigbrain_1538_2412_0.nii 140140129093440
write_file 1567711396.7130067 1567711397.2161963 inc-bigbrain_1538_2412_0.nii 140140129093440
task_duration 1567711484.5317845 1567711637.3203945 1567710920-localAD_1it_25cpus_120delay_withpc-3 140140129093440
read_file 1567711364.535552 1567711364.5381691 bigbrain_1538_1809_694.nii 139990884353856
increment_file 1567711364.5383606 1567711396.7461855 bigbrain_1538_1809_694.nii 139990884353856
write_file 1567711396.7682838 1567711397.2641077 inc-bigbrain_1538_1809_694.nii 139990884353856
task_duration 1567711484.5321746 1567711637.3675156 1567710920-localAD_1it_25cpus_120delay_withpc-3 139990884353856
read_file 1567711364.5470245 1567711364.549259 bigbrain_1538_2412_694.nii 139936437536576
increment_file 1567711364.549484 1567711364.9247847 bigbrain_1538_2412_694.nii 139936437536576
write_file 1567711364.9341323 1567711365.4051194 inc-bigbrain_1538_2412_694.nii 139936437536576
task_duration 1567711484.5437407 1567711605.5101743 1567710920-localAD_1it_25cpus_120delay_withpc-3 139936437536576
read_file 1567711364.549771 1567711364.55104 bigbrain_1538_2412_2082.nii 139927884437312
increment_file 1567711364.5512245 1567711364.9611392 bigbrain_1538_2412_2082.nii 139927884437312
write_file 1567711364.970494 1567711365.5391386 inc-bigbrain_1538_2412_2082.nii 139927884437312
task_duration 1567711484.5472276 1567711605.6441855 1567710920-localAD_1it_25cpus_120delay_withpc-3 139927884437312
read_file 1567711364.5393424 1567711364.5619864 bigbrain_1538_603_0.nii 140479141873472
increment_file 1567711364.5623457 1567711396.7070713 bigbrain_1538_603_0.nii 140479141873472
write_file 1567711396.7256854 1567711397.2003584 inc-bigbrain_1538_603_0.nii 140479141873472
task_duration 1567711484.5372663 1567711637.3041608 1567710920-localAD_1it_25cpus_120delay_withpc-3 140479141873472
read_file 1567711364.5452735 1567711364.5795586 bigbrain_1538_1206_694.nii 140253441857344
increment_file 1567711364.5798633 1567711395.448663 bigbrain_1538_1206_694.nii 140253441857344
write_file 1567711395.4669132 1567711395.9535115 inc-bigbrain_1538_1206_694.nii 140253441857344
task_duration 1567711484.543859 1567711636.0649333 1567710920-localAD_1it_25cpus_120delay_withpc-3 140253441857344
read_file 1567711364.542691 1567711364.580307 bigbrain_1538_603_2776.nii 140192242100032
increment_file 1567711364.580672 1567711396.649487 bigbrain_1538_603_2776.nii 140192242100032
write_file 1567711396.6683083 1567711397.1728983 inc-bigbrain_1538_603_2776.nii 140192242100032
task_duration 1567711484.5402248 1567711637.2764342 1567710920-localAD_1it_25cpus_120delay_withpc-3 140192242100032
read_file 1567711364.5397022 1567711364.5803142 bigbrain_1538_603_2082.nii 139624154629952
increment_file 1567711364.5807278 1567711396.435637 bigbrain_1538_603_2082.nii 139624154629952
write_file 1567711396.4557917 1567711396.9611936 inc-bigbrain_1538_603_2082.nii 139624154629952
task_duration 1567711484.5378332 1567711637.0743566 1567710920-localAD_1it_25cpus_120delay_withpc-3 139624154629952
read_file 1567711364.5571764 1567711364.587794 bigbrain_1538_1206_2082.nii 139795641050944
increment_file 1567711364.588111 1567711396.7376847 bigbrain_1538_1206_2082.nii 139795641050944
write_file 1567711396.7540314 1567711397.242802 inc-bigbrain_1538_1206_2082.nii 139795641050944
task_duration 1567711484.5538704 1567711637.3452566 1567710920-localAD_1it_25cpus_120delay_withpc-3 139795641050944
read_file 1567711364.5544527 1567711364.587897 bigbrain_1538_603_694.nii 139932034279232
increment_file 1567711364.5882266 1567711396.393662 bigbrain_1538_603_694.nii 139932034279232
write_file 1567711396.414191 1567711396.9149766 inc-bigbrain_1538_603_694.nii 139932034279232
task_duration 1567711484.5516446 1567711636.9245422 1567710920-localAD_1it_25cpus_120delay_withpc-3 139932034279232
read_file 1567711364.5512497 1567711364.5882673 bigbrain_1538_1809_2082.nii 139986529875776
increment_file 1567711364.588615 1567711395.9328125 bigbrain_1538_1809_2082.nii 139986529875776
write_file 1567711395.953437 1567711396.4273827 inc-bigbrain_1538_1809_2082.nii 139986529875776
task_duration 1567711484.5486865 1567711636.5313315 1567710920-localAD_1it_25cpus_120delay_withpc-3 139986529875776
read_file 1567711364.5494058 1567711364.5893 bigbrain_2307_0_0.nii 139686803777344
increment_file 1567711364.5896153 1567711396.5293894 bigbrain_2307_0_0.nii 139686803777344
write_file 1567711396.5483446 1567711397.0472138 inc-bigbrain_2307_0_0.nii 139686803777344
task_duration 1567711484.5464969 1567711637.0504863 1567710920-localAD_1it_25cpus_120delay_withpc-3 139686803777344
read_file 1567711364.5480504 1567711364.5894477 bigbrain_1538_1809_2776.nii 139940315674432
increment_file 1567711364.589755 1567711396.1829436 bigbrain_1538_1809_2776.nii 139940315674432
write_file 1567711396.2028854 1567711396.697344 inc-bigbrain_1538_1809_2776.nii 139940315674432
task_duration 1567711484.544715 1567711636.8104486 1567710920-localAD_1it_25cpus_120delay_withpc-3 139940315674432
read_file 1567711364.558326 1567711364.589556 bigbrain_1538_1206_1388.nii 140392599140160
increment_file 1567711364.5899024 1567711395.8593254 bigbrain_1538_1206_1388.nii 140392599140160
write_file 1567711395.8788574 1567711396.3730044 inc-bigbrain_1538_1206_1388.nii 140392599140160
task_duration 1567711484.5550787 1567711636.4780672 1567710920-localAD_1it_25cpus_120delay_withpc-3 140392599140160
read_file 1567711364.556135 1567711364.589745 bigbrain_1538_0_694.nii 140600667694912
increment_file 1567711364.5900807 1567711395.848814 bigbrain_1538_0_694.nii 140600667694912
write_file 1567711395.8668234 1567711396.336072 inc-bigbrain_1538_0_694.nii 140600667694912
task_duration 1567711484.5528755 1567711636.4397357 1567710920-localAD_1it_25cpus_120delay_withpc-3 140600667694912
read_file 1567711364.5519907 1567711364.589836 bigbrain_1538_1206_0.nii 139809264109376
increment_file 1567711364.5901666 1567711396.62416 bigbrain_1538_1206_0.nii 139809264109376
write_file 1567711396.6397896 1567711397.138043 inc-bigbrain_1538_1206_0.nii 139809264109376
task_duration 1567711484.549898 1567711637.1818335 1567710920-localAD_1it_25cpus_120delay_withpc-3 139809264109376
read_file 1567711364.5501735 1567711364.5899382 bigbrain_1538_1809_0.nii 139994881791808
increment_file 1567711364.5902836 1567711396.099519 bigbrain_1538_1809_0.nii 139994881791808
write_file 1567711396.1202612 1567711396.620314 inc-bigbrain_1538_1809_0.nii 139994881791808
task_duration 1567711484.5478656 1567711636.7242744 1567710920-localAD_1it_25cpus_120delay_withpc-3 139994881791808
read_file 1567711364.5440636 1567711364.589977 bigbrain_2307_0_2082.nii 140050741548864
increment_file 1567711364.5903337 1567711396.7067971 bigbrain_2307_0_2082.nii 140050741548864
write_file 1567711396.7272873 1567711397.223429 inc-bigbrain_2307_0_2082.nii 140050741548864
task_duration 1567711484.5412986 1567711637.242593 1567710920-localAD_1it_25cpus_120delay_withpc-3 140050741548864
read_file 1567711364.54159 1567711364.5899823 bigbrain_1538_0_2776.nii 140081143232320
increment_file 1567711364.5903826 1567711393.964485 bigbrain_1538_0_2776.nii 140081143232320
write_file 1567711393.9823575 1567711394.4654753 inc-bigbrain_1538_0_2776.nii 140081143232320
task_duration 1567711484.5394416 1567711634.5742667 1567710920-localAD_1it_25cpus_120delay_withpc-3 140081143232320
read_file 1567711364.5498075 1567711364.590003 bigbrain_1538_2412_1388.nii 140506206791488
increment_file 1567711364.5904388 1567711396.0058658 bigbrain_1538_2412_1388.nii 140506206791488
write_file 1567711396.0227501 1567711396.519443 inc-bigbrain_1538_2412_1388.nii 140506206791488
task_duration 1567711484.547188 1567711636.6320052 1567710920-localAD_1it_25cpus_120delay_withpc-3 140506206791488
read_file 1567711364.5522833 1567711364.5900164 bigbrain_1538_1206_2776.nii 139836781279040
increment_file 1567711364.5904932 1567711396.123522 bigbrain_1538_1206_2776.nii 139836781279040
write_file 1567711396.1423452 1567711396.6796954 inc-bigbrain_1538_1206_2776.nii 139836781279040
task_duration 1567711484.5499706 1567711636.7830775 1567710920-localAD_1it_25cpus_120delay_withpc-3 139836781279040
read_file 1567711364.5561366 1567711364.5995479 bigbrain_1538_1809_1388.nii 140628377208640
increment_file 1567711364.5998876 1567711396.214027 bigbrain_1538_1809_1388.nii 140628377208640
write_file 1567711396.233488 1567711396.7468035 inc-bigbrain_1538_1809_1388.nii 140628377208640
task_duration 1567711484.5529237 1567711636.850061 1567710920-localAD_1it_25cpus_120delay_withpc-3 140628377208640
read_file 1567711364.5512726 1567711364.6723125 bigbrain_1538_2412_2776.nii 139664002283328
increment_file 1567711364.6726458 1567711396.7279866 bigbrain_1538_2412_2776.nii 139664002283328
write_file 1567711396.748391 1567711397.3892002 inc-bigbrain_1538_2412_2776.nii 139664002283328
task_duration 1567711484.5487413 1567711637.4943101 1567710920-localAD_1it_25cpus_120delay_withpc-3 139664002283328
read_file 1567711364.5562122 1567711364.8188536 bigbrain_2307_0_1388.nii 139642178623296
increment_file 1567711364.81919 1567711396.8519926 bigbrain_2307_0_1388.nii 139642178623296
write_file 1567711396.8636737 1567711397.3415756 inc-bigbrain_2307_0_1388.nii 139642178623296
task_duration 1567711484.5529244 1567711637.4452548 1567710920-localAD_1it_25cpus_120delay_withpc-3 139642178623296
read_file 1567711486.5330687 1567711486.5349772 bigbrain_2307_0_694.nii 139927921706816
increment_file 1567711486.535211 1567711488.888102 bigbrain_2307_0_694.nii 139927921706816
write_file 1567711488.9050941 1567711489.3725376 inc-bigbrain_2307_0_694.nii 139927921706816
task_duration 1567711606.5305214 1567711729.4778743 1567710920-localAD_1it_25cpus_120delay_withpc-3 139927921706816
read_file 1567711486.5349183 1567711486.5378911 bigbrain_2307_0_2776.nii 140678718412608
increment_file 1567711486.538286 1567711488.8935845 bigbrain_2307_0_2776.nii 140678718412608
write_file 1567711488.908366 1567711489.3725348 inc-bigbrain_2307_0_2776.nii 140678718412608
task_duration 1567711606.5324938 1567711729.4782083 1567710920-localAD_1it_25cpus_120delay_withpc-3 140678718412608
read_file 1567711515.4323494 1567711515.4350402 bigbrain_2307_1206_0.nii 140718008829760
increment_file 1567711515.4353738 1567711516.6762648 bigbrain_2307_1206_0.nii 140718008829760
write_file 1567711516.6869507 1567711517.1639578 inc-bigbrain_2307_1206_0.nii 140718008829760
task_duration 1567711635.4303582 1567711757.2683969 1567710920-localAD_1it_25cpus_120delay_withpc-3 140718008829760
read_file 1567711517.146303 1567711517.147885 bigbrain_2307_1206_1388.nii 140321437333312
increment_file 1567711517.1480987 1567711518.368994 bigbrain_2307_1206_1388.nii 140321437333312
write_file 1567711518.3845341 1567711518.9071326 inc-bigbrain_2307_1206_1388.nii 140321437333312
task_duration 1567711637.144187 1567711759.013824 1567710920-localAD_1it_25cpus_120delay_withpc-3 140321437333312
read_file 1567711520.7831054 1567711520.7862105 bigbrain_2307_1206_2082.nii 140062530967360
increment_file 1567711520.7866395 1567711534.608748 bigbrain_2307_1206_2082.nii 140062530967360
write_file 1567711534.6282148 1567711535.0999873 inc-bigbrain_2307_1206_2082.nii 140062530967360
task_duration 1567711640.7796404 1567711775.1107285 1567710920-localAD_1it_25cpus_120delay_withpc-3 140062530967360
read_file 1567711521.0178862 1567711521.0269535 bigbrain_2307_1206_2776.nii 140645173405504
increment_file 1567711521.0271537 1567711542.7557569 bigbrain_2307_1206_2776.nii 140645173405504
write_file 1567711542.7756937 1567711543.250217 inc-bigbrain_2307_1206_2776.nii 140645173405504
task_duration 1567711641.014918 1567711783.3550074 1567710920-localAD_1it_25cpus_120delay_withpc-3 140645173405504
read_file 1567711521.2854354 1567711521.3124964 bigbrain_2307_1206_694.nii 140685745588032
increment_file 1567711521.3128817 1567711544.5189552 bigbrain_2307_1206_694.nii 140685745588032
write_file 1567711544.537303 1567711545.0340807 inc-bigbrain_2307_1206_694.nii 140685745588032
task_duration 1567711641.283369 1567711785.0547674 1567710920-localAD_1it_25cpus_120delay_withpc-3 140685745588032
read_file 1567711521.7122993 1567711521.754612 bigbrain_2307_1809_0.nii 140420796909376
increment_file 1567711521.7549927 1567711546.5067003 bigbrain_2307_1809_0.nii 140420796909376
write_file 1567711546.52569 1567711546.9923692 inc-bigbrain_2307_1809_0.nii 140420796909376
task_duration 1567711641.7100756 1567711787.1013591 1567710920-localAD_1it_25cpus_120delay_withpc-3 140420796909376
read_file 1567711522.008527 1567711522.091482 bigbrain_2307_1809_1388.nii 140583709181760
increment_file 1567711522.0919173 1567711546.999353 bigbrain_2307_1809_1388.nii 140583709181760
write_file 1567711547.019374 1567711547.4869983 inc-bigbrain_2307_1809_1388.nii 140583709181760
task_duration 1567711642.0056825 1567711787.5961764 1567710920-localAD_1it_25cpus_120delay_withpc-3 140583709181760
read_file 1567711522.1235647 1567711522.2377443 bigbrain_2307_1809_2082.nii 140086757222208
increment_file 1567711522.2381437 1567711547.086348 bigbrain_2307_1809_2082.nii 140086757222208
write_file 1567711547.103703 1567711547.574945 inc-bigbrain_2307_1809_2082.nii 140086757222208
task_duration 1567711642.1203566 1567711787.6789517 1567710920-localAD_1it_25cpus_120delay_withpc-3 140086757222208
read_file 1567711522.2868657 1567711522.3207846 bigbrain_2307_1809_2776.nii 139794284570432
increment_file 1567711522.3210964 1567711547.18952 bigbrain_2307_1809_2776.nii 139794284570432
write_file 1567711547.210243 1567711547.7344382 inc-bigbrain_2307_1809_2776.nii 139794284570432
task_duration 1567711642.2834673 1567711787.8383286 1567710920-localAD_1it_25cpus_120delay_withpc-3 139794284570432
read_file 1567711522.3088493 1567711522.4044647 bigbrain_2307_1809_694.nii 140164629608256
increment_file 1567711522.4048307 1567711548.1130993 bigbrain_2307_1809_694.nii 140164629608256
write_file 1567711548.1316404 1567711548.6061094 inc-bigbrain_2307_1809_694.nii 140164629608256
task_duration 1567711642.306477 1567711788.7104464 1567710920-localAD_1it_25cpus_120delay_withpc-3 140164629608256
read_file 1567711522.3679667 1567711522.4875584 bigbrain_2307_2412_0.nii 140395682936640
increment_file 1567711522.487873 1567711547.5640295 bigbrain_2307_2412_0.nii 140395682936640
write_file 1567711547.5851264 1567711548.072493 inc-bigbrain_2307_2412_0.nii 140395682936640
task_duration 1567711642.3655806 1567711788.1755493 1567710920-localAD_1it_25cpus_120delay_withpc-3 140395682936640
read_file 1567711522.4578245 1567711522.4974914 bigbrain_2307_2412_1388.nii 139895712298816
increment_file 1567711522.4978356 1567711548.239616 bigbrain_2307_2412_1388.nii 139895712298816
write_file 1567711548.2579486 1567711548.7346895 inc-bigbrain_2307_2412_1388.nii 139895712298816
task_duration 1567711642.4545193 1567711788.8376281 1567710920-localAD_1it_25cpus_120delay_withpc-3 139895712298816
read_file 1567711522.5348818 1567711522.611766 bigbrain_2307_2412_2776.nii 140130795792192
increment_file 1567711522.6121805 1567711548.6480613 bigbrain_2307_2412_2776.nii 140130795792192
write_file 1567711548.6639137 1567711549.1332414 inc-bigbrain_2307_2412_2776.nii 140130795792192
task_duration 1567711642.5322704 1567711789.2376213 1567710920-localAD_1it_25cpus_120delay_withpc-3 140130795792192
read_file 1567711522.4910178 1567711522.6119514 bigbrain_2307_2412_2082.nii 140177163888448
increment_file 1567711522.6123369 1567711547.631333 bigbrain_2307_2412_2082.nii 140177163888448
write_file 1567711547.6490228 1567711548.3118975 inc-bigbrain_2307_2412_2082.nii 140177163888448
task_duration 1567711642.4891367 1567711788.4177442 1567710920-localAD_1it_25cpus_120delay_withpc-3 140177163888448
read_file 1567711522.6198053 1567711522.6212077 bigbrain_2307_2412_694.nii 140386470934336
increment_file 1567711522.6214132 1567711522.9833817 bigbrain_2307_2412_694.nii 140386470934336
write_file 1567711522.992773 1567711523.4519525 inc-bigbrain_2307_2412_694.nii 140386470934336
task_duration 1567711642.6164677 1567711763.5569754 1567710920-localAD_1it_25cpus_120delay_withpc-3 140386470934336
read_file 1567711522.684115 1567711522.6853461 bigbrain_2307_603_1388.nii 140676612155200
increment_file 1567711522.6855803 1567711523.0614684 bigbrain_2307_603_1388.nii 140676612155200
write_file 1567711523.0711217 1567711523.528028 inc-bigbrain_2307_603_1388.nii 140676612155200
task_duration 1567711642.6811626 1567711763.635176 1567710920-localAD_1it_25cpus_120delay_withpc-3 140676612155200
read_file 1567711522.6741211 1567711522.737218 bigbrain_2307_603_0.nii 139713758914368
increment_file 1567711522.7375555 1567711548.3698223 bigbrain_2307_603_0.nii 139713758914368
write_file 1567711548.3862894 1567711548.8568523 inc-bigbrain_2307_603_0.nii 139713758914368
task_duration 1567711642.6713295 1567711788.92719 1567710920-localAD_1it_25cpus_120delay_withpc-3 139713758914368
read_file 1567711522.6895778 1567711522.7471268 bigbrain_2307_603_2776.nii 140277172221760
increment_file 1567711522.747502 1567711547.692345 bigbrain_2307_603_2776.nii 140277172221760
write_file 1567711547.711777 1567711548.1824396 inc-bigbrain_2307_603_2776.nii 140277172221760
task_duration 1567711642.6863465 1567711788.2863173 1567710920-localAD_1it_25cpus_120delay_withpc-3 140277172221760
read_file 1567711522.7166145 1567711522.7659993 bigbrain_3076_0_0.nii 139627750999872
increment_file 1567711522.7663636 1567711548.1237175 bigbrain_3076_0_0.nii 139627750999872
write_file 1567711548.1420424 1567711548.6240287 inc-bigbrain_3076_0_0.nii 139627750999872
task_duration 1567711642.7147138 1567711788.7280378 1567710920-localAD_1it_25cpus_120delay_withpc-3 139627750999872
read_file 1567711522.695604 1567711522.76648 bigbrain_2307_603_2082.nii 140701430503232
increment_file 1567711522.7668538 1567711548.3785865 bigbrain_2307_603_2082.nii 140701430503232
write_file 1567711548.3974934 1567711548.8669243 inc-bigbrain_2307_603_2082.nii 140701430503232
task_duration 1567711642.692893 1567711788.9679112 1567710920-localAD_1it_25cpus_120delay_withpc-3 140701430503232
read_file 1567711522.7313752 1567711522.7750597 bigbrain_3076_0_2082.nii 140271460833088
increment_file 1567711522.7753167 1567711548.8409374 bigbrain_3076_0_2082.nii 140271460833088
write_file 1567711548.8601794 1567711549.3453143 inc-bigbrain_3076_0_2082.nii 140271460833088
task_duration 1567711642.728833 1567711789.4486442 1567710920-localAD_1it_25cpus_120delay_withpc-3 140271460833088
read_file 1567711522.7137685 1567711522.826451 bigbrain_2307_603_694.nii 139901719578432
increment_file 1567711522.8267987 1567711548.7659547 bigbrain_2307_603_694.nii 139901719578432
write_file 1567711548.787074 1567711549.25855 inc-bigbrain_2307_603_694.nii 139901719578432
task_duration 1567711642.7117999 1567711789.3624861 1567710920-localAD_1it_25cpus_120delay_withpc-3 139901719578432
read_file 1567711522.730086 1567711522.8268046 bigbrain_3076_0_1388.nii 140000904136512
increment_file 1567711522.8271408 1567711549.1460822 bigbrain_3076_0_1388.nii 140000904136512
write_file 1567711549.1652782 1567711549.7996247 inc-bigbrain_3076_0_1388.nii 140000904136512
task_duration 1567711642.727054 1567711789.9046245 1567710920-localAD_1it_25cpus_120delay_withpc-3 140000904136512
read_file 1567711610.3990438 1567711610.48398 bigbrain_3076_0_2776.nii 140678568142656
increment_file 1567711610.4843218 1567711616.976513 bigbrain_3076_0_2776.nii 140678568142656
write_file 1567711616.996582 1567711617.5887992 inc-bigbrain_3076_0_2776.nii 140678568142656
task_duration 1567711730.3962617 1567711857.6943197 1567710920-localAD_1it_25cpus_120delay_withpc-3 140678568142656
read_file 1567711610.3993404 1567711610.5030992 bigbrain_3076_0_694.nii 140205783828288
increment_file 1567711610.503432 1567711617.0304515 bigbrain_3076_0_694.nii 140205783828288
write_file 1567711617.0492072 1567711617.5081542 inc-bigbrain_3076_0_694.nii 140205783828288
task_duration 1567711730.3974314 1567711857.6128447 1567710920-localAD_1it_25cpus_120delay_withpc-3 140205783828288
read_file 1567711638.1334138 1567711638.1351037 bigbrain_3076_1206_0.nii 139898620966720
increment_file 1567711638.1352968 1567711639.3653946 bigbrain_3076_1206_0.nii 139898620966720
write_file 1567711639.3788035 1567711639.8294392 inc-bigbrain_3076_1206_0.nii 139898620966720
task_duration 1567711758.13102 1567711879.9406211 1567710920-localAD_1it_25cpus_120delay_withpc-3 139898620966720
read_file 1567711639.7336833 1567711639.7362263 bigbrain_3076_1206_1388.nii 140237121447744
increment_file 1567711639.7365673 1567711640.994264 bigbrain_3076_1206_1388.nii 140237121447744
write_file 1567711641.0063102 1567711641.4783535 inc-bigbrain_3076_1206_1388.nii 140237121447744
task_duration 1567711759.73177 1567711881.5834599 1567710920-localAD_1it_25cpus_120delay_withpc-3 140237121447744
read_file 1567711644.4565637 1567711644.4588077 bigbrain_3076_1206_2082.nii 140356244064064
increment_file 1567711644.4590743 1567711646.738485 bigbrain_3076_1206_2082.nii 140356244064064
write_file 1567711646.7561593 1567711647.229626 inc-bigbrain_3076_1206_2082.nii 140356244064064
task_duration 1567711764.454024 1567711887.338635 1567710920-localAD_1it_25cpus_120delay_withpc-3 140356244064064
read_file 1567711644.5319407 1567711644.5475938 bigbrain_3076_1206_2776.nii 139873531189056
increment_file 1567711644.5478647 1567711646.8213515 bigbrain_3076_1206_2776.nii 139873531189056
write_file 1567711646.8312123 1567711647.2958856 inc-bigbrain_3076_1206_2776.nii 139873531189056
task_duration 1567711764.5296924 1567711887.405985 1567710920-localAD_1it_25cpus_120delay_withpc-3 139873531189056
read_file 1567711655.9299867 1567711655.9318907 bigbrain_3076_1206_694.nii 140172512458560
increment_file 1567711655.9321122 1567711657.164258 bigbrain_3076_1206_694.nii 140172512458560
write_file 1567711657.1735044 1567711657.6404078 inc-bigbrain_3076_1206_694.nii 140172512458560
task_duration 1567711775.9280226 1567711897.7449722 1567710920-localAD_1it_25cpus_120delay_withpc-3 140172512458560
read_file 1567711664.1920888 1567711664.1939788 bigbrain_3076_1809_0.nii 139634539603776
increment_file 1567711664.1942315 1567711665.4251285 bigbrain_3076_1809_0.nii 139634539603776
write_file 1567711665.436883 1567711665.8988056 inc-bigbrain_3076_1809_0.nii 139634539603776
task_duration 1567711784.1899762 1567711906.005326 1567710920-localAD_1it_25cpus_120delay_withpc-3 139634539603776
read_file 1567711665.786408 1567711665.7889636 bigbrain_3076_1809_1388.nii 140304844064576
increment_file 1567711665.7893407 1567711667.025763 bigbrain_3076_1809_1388.nii 140304844064576
write_file 1567711667.0371583 1567711667.5126944 inc-bigbrain_3076_1809_1388.nii 140304844064576
task_duration 1567711785.784377 1567711907.6228929 1567710920-localAD_1it_25cpus_120delay_withpc-3 140304844064576
read_file 1567711667.9658453 1567711667.9673057 bigbrain_3076_1809_2082.nii 139806306391872
increment_file 1567711667.9675012 1567711669.847957 bigbrain_3076_1809_2082.nii 139806306391872
write_file 1567711669.8715239 1567711670.418735 inc-bigbrain_3076_1809_2082.nii 139806306391872
task_duration 1567711787.9641948 1567711910.5234716 1567710920-localAD_1it_25cpus_120delay_withpc-3 139806306391872
read_file 1567711668.7986603 1567711668.8050482 bigbrain_3076_1809_2776.nii 140448784906048
increment_file 1567711668.805281 1567711688.798033 bigbrain_3076_1809_2776.nii 140448784906048
write_file 1567711688.8179648 1567711689.3006458 inc-bigbrain_3076_1809_2776.nii 140448784906048
task_duration 1567711788.7964373 1567711929.4056199 1567710920-localAD_1it_25cpus_120delay_withpc-3 140448784906048
read_file 1567711669.02601 1567711669.049248 bigbrain_3076_1809_694.nii 139885608867648
increment_file 1567711669.049559 1567711689.4351966 bigbrain_3076_1809_694.nii 139885608867648
write_file 1567711689.4518929 1567711689.9297547 inc-bigbrain_3076_1809_694.nii 139885608867648
task_duration 1567711789.02413 1567711930.0365937 1567710920-localAD_1it_25cpus_120delay_withpc-3 139885608867648
read_file 1567711669.483948 1567711669.5229535 bigbrain_3076_2412_0.nii 139800169297728
increment_file 1567711669.5233042 1567711694.692702 bigbrain_3076_2412_0.nii 139800169297728
write_file 1567711694.7114837 1567711695.1887991 inc-bigbrain_3076_2412_0.nii 139800169297728
task_duration 1567711789.4822054 1567711935.2988234 1567710920-localAD_1it_25cpus_120delay_withpc-3 139800169297728
read_file 1567711670.6935143 1567711670.8089657 bigbrain_3076_2412_1388.nii 140626387683136
increment_file 1567711670.8093297 1567711700.2088602 bigbrain_3076_2412_1388.nii 140626387683136
write_file 1567711700.2272305 1567711700.6900415 inc-bigbrain_3076_2412_1388.nii 140626387683136
task_duration 1567711790.6913223 1567711940.7931774 1567710920-localAD_1it_25cpus_120delay_withpc-3 140626387683136
read_file 1567711670.9595904 1567711671.112868 bigbrain_3076_2412_2082.nii 139741850797888
increment_file 1567711671.113263 1567711697.752864 bigbrain_3076_2412_2082.nii 139741850797888
write_file 1567711697.7687914 1567711698.2992191 inc-bigbrain_3076_2412_2082.nii 139741850797888
task_duration 1567711790.9570389 1567711938.4059925 1567710920-localAD_1it_25cpus_120delay_withpc-3 139741850797888
read_file 1567711671.255863 1567711671.4456298 bigbrain_3076_2412_2776.nii 140641443305280
increment_file 1567711671.4459982 1567711699.6561964 bigbrain_3076_2412_2776.nii 140641443305280
write_file 1567711699.6744652 1567711700.1514807 inc-bigbrain_3076_2412_2776.nii 140641443305280
task_duration 1567711791.2538927 1567711940.2628193 1567710920-localAD_1it_25cpus_120delay_withpc-3 140641443305280
read_file 1567711671.721052 1567711671.9019115 bigbrain_3076_603_0.nii 140234287163200
increment_file 1567711671.9023197 1567711699.55029 bigbrain_3076_603_0.nii 140234287163200
write_file 1567711699.5679486 1567711700.0305681 inc-bigbrain_3076_603_0.nii 140234287163200
task_duration 1567711791.718832 1567711940.13522 1567710920-localAD_1it_25cpus_120delay_withpc-3 140234287163200
read_file 1567711671.8538804 1567711671.9743903 bigbrain_3076_603_1388.nii 140029835396928
increment_file 1567711671.9747891 1567711699.9474666 bigbrain_3076_603_1388.nii 140029835396928
write_file 1567711699.9670537 1567711700.4390056 inc-bigbrain_3076_603_1388.nii 140029835396928
task_duration 1567711791.8516726 1567711940.5441117 1567710920-localAD_1it_25cpus_120delay_withpc-3 140029835396928
read_file 1567711671.733086 1567711672.014253 bigbrain_3076_2412_694.nii 139666967394112
increment_file 1567711672.0146155 1567711701.61089 bigbrain_3076_2412_694.nii 139666967394112
write_file 1567711701.630457 1567711702.095079 inc-bigbrain_3076_2412_694.nii 139666967394112
task_duration 1567711791.730985 1567711942.1989834 1567710920-localAD_1it_25cpus_120delay_withpc-3 139666967394112
read_file 1567711671.8825893 1567711672.0332272 bigbrain_3076_603_2776.nii 139791782922048
increment_file 1567711672.033452 1567711700.3840055 bigbrain_3076_603_2776.nii 139791782922048
write_file 1567711700.3954806 1567711700.8610935 inc-bigbrain_3076_603_2776.nii 139791782922048
task_duration 1567711791.8801072 1567711940.9648051 1567710920-localAD_1it_25cpus_120delay_withpc-3 139791782922048
read_file 1567711671.9023974 1567711672.0832734 bigbrain_3076_603_2082.nii 140456305370944
increment_file 1567711672.083643 1567711700.9051068 bigbrain_3076_603_2082.nii 140456305370944
write_file 1567711700.9233747 1567711701.3833923 inc-bigbrain_3076_603_2082.nii 140456305370944
task_duration 1567711791.8999443 1567711941.4875293 1567710920-localAD_1it_25cpus_120delay_withpc-3 140456305370944
read_file 1567711672.0456116 1567711672.1925516 bigbrain_3076_603_694.nii 139869279487808
increment_file 1567711672.1929436 1567711698.5891683 bigbrain_3076_603_694.nii 139869279487808
write_file 1567711698.60494 1567711699.080166 inc-bigbrain_3076_603_694.nii 139869279487808
task_duration 1567711792.0434368 1567711939.0884354 1567710920-localAD_1it_25cpus_120delay_withpc-3 139869279487808
read_file 1567711672.106905 1567711672.2231426 bigbrain_769_0_0.nii 139796518995776
increment_file 1567711672.2234967 1567711699.0198045 bigbrain_769_0_0.nii 139796518995776
write_file 1567711699.0361702 1567711699.53281 inc-bigbrain_769_0_0.nii 139796518995776
task_duration 1567711792.1049933 1567711939.636289 1567710920-localAD_1it_25cpus_120delay_withpc-3 139796518995776
read_file 1567711672.1045601 1567711672.2595675 bigbrain_769_0_1388.nii 139824178579264
increment_file 1567711672.2599723 1567711699.8953698 bigbrain_769_0_1388.nii 139824178579264
write_file 1567711699.9124286 1567711700.3736012 inc-bigbrain_769_0_1388.nii 139824178579264
task_duration 1567711792.102275 1567711940.477794 1567710920-localAD_1it_25cpus_120delay_withpc-3 139824178579264
read_file 1567711672.196636 1567711672.3530211 bigbrain_769_0_2082.nii 139675527972672
increment_file 1567711672.353374 1567711698.576875 bigbrain_769_0_2082.nii 139675527972672
write_file 1567711698.593818 1567711699.143887 inc-bigbrain_769_0_2082.nii 139675527972672
task_duration 1567711792.1943376 1567711939.2505383 1567710920-localAD_1it_25cpus_120delay_withpc-3 139675527972672
read_file 1567711738.5639348 1567711738.6277993 bigbrain_769_0_2776.nii 140077827827520
increment_file 1567711738.6281638 1567711745.1168349 bigbrain_769_0_2776.nii 140077827827520
write_file 1567711745.1357741 1567711745.5980365 inc-bigbrain_769_0_2776.nii 140077827827520
task_duration 1567711858.5610914 1567711985.703765 1567710920-localAD_1it_25cpus_120delay_withpc-3 140077827827520
read_file 1567711738.5674894 1567711738.6692312 bigbrain_769_0_694.nii 140153077917504
increment_file 1567711738.6695926 1567711745.154444 bigbrain_769_0_694.nii 140153077917504
write_file 1567711745.174871 1567711745.6378493 inc-bigbrain_769_0_694.nii 140153077917504
task_duration 1567711858.5645173 1567711985.7433705 1567710920-localAD_1it_25cpus_120delay_withpc-3 140153077917504
read_file 1567711760.7536488 1567711760.755909 bigbrain_769_1206_0.nii 140032026662720
increment_file 1567711760.756192 1567711761.9872434 bigbrain_769_1206_0.nii 140032026662720
write_file 1567711762.0003366 1567711762.4428942 inc-bigbrain_769_1206_0.nii 140032026662720
task_duration 1567711880.7510543 1567712002.5510628 1567710920-localAD_1it_25cpus_120delay_withpc-3 140032026662720
read_file 1567711762.3431602 1567711762.3455741 bigbrain_769_1206_1388.nii 139864925058880
increment_file 1567711762.3459167 1567711763.5893135 bigbrain_769_1206_1388.nii 139864925058880
write_file 1567711763.6009395 1567711764.0643532 inc-bigbrain_769_1206_1388.nii 139864925058880
task_duration 1567711882.3418512 1567712004.1686497 1567710920-localAD_1it_25cpus_120delay_withpc-3 139864925058880
read_file 1567711768.239906 1567711768.2425272 bigbrain_769_1206_2082.nii 140108889241408
increment_file 1567711768.2428813 1567711770.507626 bigbrain_769_1206_2082.nii 140108889241408
write_file 1567711770.5245051 1567711770.996295 inc-bigbrain_769_1206_2082.nii 140108889241408
task_duration 1567711888.2373776 1567712011.0557108 1567710920-localAD_1it_25cpus_120delay_withpc-3 140108889241408
read_file 1567711768.347731 1567711768.3497777 bigbrain_769_1206_2776.nii 140064429791040
increment_file 1567711768.349998 1567711770.6097524 bigbrain_769_1206_2776.nii 140064429791040
write_file 1567711770.6199477 1567711771.0788734 inc-bigbrain_769_1206_2776.nii 140064429791040
task_duration 1567711888.3460069 1567712011.0953362 1567710920-localAD_1it_25cpus_120delay_withpc-3 140064429791040
read_file 1567711778.5682082 1567711778.6437194 bigbrain_769_1206_694.nii 140194269050688
increment_file 1567711778.6440578 1567711781.2123072 bigbrain_769_1206_694.nii 140194269050688
write_file 1567711781.2243607 1567711781.6955063 inc-bigbrain_769_1206_694.nii 140194269050688
task_duration 1567711898.5655384 1567712021.8016202 1567710920-localAD_1it_25cpus_120delay_withpc-3 140194269050688
read_file 1567711786.8291698 1567711786.8307998 bigbrain_769_1809_0.nii 139764236961600
increment_file 1567711786.8310165 1567711788.0600758 bigbrain_769_1809_0.nii 139764236961600
write_file 1567711788.0722609 1567711788.5317247 inc-bigbrain_769_1809_0.nii 139764236961600
task_duration 1567711906.8274734 1567712028.644129 1567710920-localAD_1it_25cpus_120delay_withpc-3 139764236961600
read_file 1567711788.3555033 1567711788.3581579 bigbrain_769_1809_1388.nii 140113852208960
increment_file 1567711788.3585002 1567711789.5881486 bigbrain_769_1809_1388.nii 140113852208960
write_file 1567711789.5986714 1567711790.062304 inc-bigbrain_769_1809_1388.nii 140113852208960
task_duration 1567711908.3531115 1567712030.166551 1567710920-localAD_1it_25cpus_120delay_withpc-3 140113852208960
read_file 1567711791.2524714 1567711791.2551384 bigbrain_769_1809_2082.nii 140358019774272
increment_file 1567711791.2554853 1567711792.5110939 bigbrain_769_1809_2082.nii 140358019774272
write_file 1567711792.523097 1567711792.9876716 inc-bigbrain_769_1809_2082.nii 140358019774272
task_duration 1567711911.2502086 1567712033.0549457 1567710920-localAD_1it_25cpus_120delay_withpc-3 140358019774272
read_file 1567711810.3527613 1567711810.3553007 bigbrain_769_1809_2776.nii 139720388552512
increment_file 1567711810.3556383 1567711812.2497334 bigbrain_769_1809_2776.nii 139720388552512
write_file 1567711812.2656963 1567711812.7338593 inc-bigbrain_769_1809_2776.nii 139720388552512
task_duration 1567711930.350948 1567712052.8383756 1567710920-localAD_1it_25cpus_120delay_withpc-3 139720388552512
read_file 1567711810.8485837 1567711810.8569849 bigbrain_769_1809_694.nii 140246765877056
increment_file 1567711810.8572075 1567711812.7536082 bigbrain_769_1809_694.nii 140246765877056
write_file 1567711812.764491 1567711813.2214036 inc-bigbrain_769_1809_694.nii 140246765877056
task_duration 1567711930.8463135 1567712053.326875 1567710920-localAD_1it_25cpus_120delay_withpc-3 140246765877056
read_file 1567711816.0403717 1567711816.1091368 bigbrain_769_2412_0.nii 140278565500736
increment_file 1567711816.1095064 1567711817.6587803 bigbrain_769_2412_0.nii 140278565500736
write_file 1567711817.674549 1567711818.1321874 inc-bigbrain_769_2412_0.nii 140278565500736
task_duration 1567711936.0377784 1567712058.2392046 1567710920-localAD_1it_25cpus_120delay_withpc-3 140278565500736
read_file 1567711819.216414 1567711819.2184184 bigbrain_769_2412_1388.nii 140458103068480
increment_file 1567711819.2186687 1567711821.4082572 bigbrain_769_2412_1388.nii 140458103068480
write_file 1567711821.4270668 1567711821.8869524 inc-bigbrain_769_2412_1388.nii 140458103068480
task_duration 1567711939.214279 1567712061.9943218 1567710920-localAD_1it_25cpus_120delay_withpc-3 140458103068480
read_file 1567711819.9942548 1567711820.0109062 bigbrain_769_2412_2082.nii 140638203885376
increment_file 1567711820.0111718 1567711832.1901102 bigbrain_769_2412_2082.nii 140638203885376
write_file 1567711832.208503 1567711832.6785054 inc-bigbrain_769_2412_2082.nii 140638203885376
task_duration 1567711939.9920516 1567712072.792658 1567710920-localAD_1it_25cpus_120delay_withpc-3 140638203885376
read_file 1567711820.1352572 1567711820.1578891 bigbrain_769_2412_2776.nii 140317331400512
increment_file 1567711820.1581557 1567711833.4285343 bigbrain_769_2412_2776.nii 140317331400512
write_file 1567711833.448122 1567711833.9707253 inc-bigbrain_769_2412_2776.nii 140317331400512
task_duration 1567711940.1334398 1567712074.0784059 1567710920-localAD_1it_25cpus_120delay_withpc-3 140317331400512
read_file 1567711820.5665798 1567711820.5996723 bigbrain_769_2412_694.nii 140688777246528
increment_file 1567711820.599996 1567711834.862351 bigbrain_769_2412_694.nii 140688777246528
write_file 1567711834.8811722 1567711835.3462846 inc-bigbrain_769_2412_694.nii 140688777246528
task_duration 1567711940.563876 1567712075.4536664 1567710920-localAD_1it_25cpus_120delay_withpc-3 140688777246528
read_file 1567711821.2951267 1567711821.4449918 bigbrain_769_603_0.nii 140625552226112
increment_file 1567711821.4453394 1567711836.2987044 bigbrain_769_603_0.nii 140625552226112
write_file 1567711836.317013 1567711836.801205 inc-bigbrain_769_603_0.nii 140625552226112
task_duration 1567711941.2919242 1567712076.8426058 1567710920-localAD_1it_25cpus_120delay_withpc-3 140625552226112
read_file 1567711821.47965 1567711821.6119463 bigbrain_769_603_1388.nii 139658425808704
increment_file 1567711821.6123235 1567711836.3859062 bigbrain_769_603_1388.nii 139658425808704
write_file 1567711836.40449 1567711836.8873231 inc-bigbrain_769_603_1388.nii 139658425808704
task_duration 1567711941.4777796 1567712077.0015345 1567710920-localAD_1it_25cpus_120delay_withpc-3 139658425808704
read_file 1567711821.671667 1567711821.673047 bigbrain_769_603_2082.nii 139722725836608
increment_file 1567711821.6732683 1567711822.0468962 bigbrain_769_603_2082.nii 139722725836608
write_file 1567711822.0564523 1567711822.5091276 inc-bigbrain_769_603_2082.nii 139722725836608
task_duration 1567711941.6698742 1567712062.6178763 1567710920-localAD_1it_25cpus_120delay_withpc-3 139722725836608
read_file 1567711821.8490896 1567711821.9231384 bigbrain_769_603_694.nii 140127244711744
increment_file 1567711821.9235249 1567711836.4454532 bigbrain_769_603_694.nii 140127244711744
write_file 1567711836.4623365 1567711836.9224358 inc-bigbrain_769_603_694.nii 140127244711744
task_duration 1567711941.8473392 1567712076.9279752 1567710920-localAD_1it_25cpus_120delay_withpc-3 140127244711744
read_file 1567711821.744664 1567711821.9231644 bigbrain_769_603_2776.nii 140342665500480
increment_file 1567711821.9236104 1567711836.4499533 bigbrain_769_603_2776.nii 140342665500480
write_file 1567711836.4678216 1567711836.9445903 inc-bigbrain_769_603_2776.nii 140342665500480
task_duration 1567711941.7427013 1567712077.0090878 1567710920-localAD_1it_25cpus_120delay_withpc-3 140342665500480
