read_file 1567616689.9553592 1567616689.960685 bigbrain_1538_2412_1388.nii 139708621350720
increment_file 1567616689.9749033 1567616702.9417577 bigbrain_1538_2412_1388.nii 139708621350720
write_file 1567616702.9743404 1567616763.0953584 inc-bigbrain_1538_2412_1388.nii 139708621350720
task_duration 1567616809.9517593 1567617003.2063184 optane_1it_25cpus_60delay_withpc-0 139708621350720
read_file 1567616689.9720182 1567616689.9923115 bigbrain_1538_2412_2082.nii 139689262532416
increment_file 1567616690.0176055 1567616705.2369957 bigbrain_1538_2412_2082.nii 139689262532416
write_file 1567616705.268253 1567616763.55298 inc-bigbrain_1538_2412_2082.nii 139689262532416
task_duration 1567616809.968247 1567617003.659389 optane_1it_25cpus_60delay_withpc-0 139689262532416
read_file 1567616689.9553328 1567616689.9605947 bigbrain_1538_2412_2776.nii 140425741461312
increment_file 1567616689.9651442 1567616702.9561977 bigbrain_1538_2412_2776.nii 140425741461312
write_file 1567616702.9869266 1567616763.0956948 inc-bigbrain_1538_2412_2776.nii 140425741461312
task_duration 1567616809.9504168 1567617003.2064738 optane_1it_25cpus_60delay_withpc-0 140425741461312
read_file 1567616689.9553254 1567616689.9606075 bigbrain_1538_2412_694.nii 139871888136000
increment_file 1567616689.966523 1567616703.037502 bigbrain_1538_2412_694.nii 139871888136000
write_file 1567616703.0692694 1567616763.1158648 inc-bigbrain_1538_2412_694.nii 139871888136000
task_duration 1567616809.950427 1567617003.223721 optane_1it_25cpus_60delay_withpc-0 139871888136000
read_file 1567616689.9636414 1567616689.9811978 bigbrain_1538_603_0.nii 140490691745600
increment_file 1567616689.9932382 1567616705.1988435 bigbrain_1538_603_0.nii 140490691745600
write_file 1567616705.2358108 1567616763.5459886 inc-bigbrain_1538_603_0.nii 140490691745600
task_duration 1567616809.9604058 1567617003.6540427 optane_1it_25cpus_60delay_withpc-0 140490691745600
read_file 1567616689.9706235 1567616689.99093 bigbrain_1538_603_1388.nii 140232967014208
increment_file 1567616690.0087106 1567616705.2498882 bigbrain_1538_603_1388.nii 140232967014208
write_file 1567616705.2746737 1567616763.5526323 inc-bigbrain_1538_603_1388.nii 140232967014208
task_duration 1567616809.9665084 1567617003.5901067 optane_1it_25cpus_60delay_withpc-0 140232967014208
read_file 1567616689.9553695 1567616689.9606147 bigbrain_1538_603_2082.nii 139738703202112
increment_file 1567616689.970423 1567616705.129686 bigbrain_1538_603_2082.nii 139738703202112
write_file 1567616705.1681037 1567616763.54031 inc-bigbrain_1538_603_2082.nii 139738703202112
task_duration 1567616809.9519734 1567617003.6490874 optane_1it_25cpus_60delay_withpc-0 139738703202112
read_file 1567616689.968509 1567616689.9902072 bigbrain_1538_603_2776.nii 140264927786816
increment_file 1567616690.0019531 1567616705.2071238 bigbrain_1538_603_2776.nii 140264927786816
write_file 1567616705.2424052 1567616763.545894 inc-bigbrain_1538_603_2776.nii 140264927786816
task_duration 1567616809.9648032 1567617003.6544874 optane_1it_25cpus_60delay_withpc-0 140264927786816
read_file 1567616689.9553475 1567616689.9605649 bigbrain_1538_603_694.nii 140092756318016
increment_file 1567616689.963488 1567616702.9403431 bigbrain_1538_603_694.nii 140092756318016
write_file 1567616702.9736102 1567616763.08951 inc-bigbrain_1538_603_694.nii 140092756318016
task_duration 1567616809.950517 1567617003.1997995 optane_1it_25cpus_60delay_withpc-0 140092756318016
read_file 1567616689.971855 1567616689.9925158 bigbrain_1538_1206_0.nii 140437528389440
increment_file 1567616690.0189517 1567616705.2460363 bigbrain_1538_1206_0.nii 140437528389440
write_file 1567616705.2726498 1567616763.5538952 inc-bigbrain_1538_1206_0.nii 140437528389440
task_duration 1567616809.9681106 1567617003.6410072 optane_1it_25cpus_60delay_withpc-0 140437528389440
read_file 1567616689.9673982 1567616689.9889874 bigbrain_1538_1206_1388.nii 139727932618560
increment_file 1567616689.9978716 1567616705.2197587 bigbrain_1538_1206_1388.nii 139727932618560
write_file 1567616705.2529075 1567616763.5485675 inc-bigbrain_1538_1206_1388.nii 139727932618560
task_duration 1567616809.9641805 1567617003.6545076 optane_1it_25cpus_60delay_withpc-0 139727932618560
read_file 1567616689.9730942 1567616689.9922695 bigbrain_1538_1206_2082.nii 139719503554368
increment_file 1567616690.0152805 1567616703.0141056 bigbrain_1538_1206_2082.nii 139719503554368
write_file 1567616703.0457163 1567616763.109676 inc-bigbrain_1538_1206_2082.nii 139719503554368
task_duration 1567616809.9691737 1567617003.2159238 optane_1it_25cpus_60delay_withpc-0 139719503554368
read_file 1567616689.9553697 1567616689.9600513 bigbrain_1538_1206_2776.nii 139706444691264
increment_file 1567616689.9605207 1567616705.181524 bigbrain_1538_1206_2776.nii 139706444691264
write_file 1567616705.2189293 1567616763.5440216 inc-bigbrain_1538_1206_2776.nii 139706444691264
task_duration 1567616809.9520986 1567617003.6520298 optane_1it_25cpus_60delay_withpc-0 139706444691264
read_file 1567616689.970605 1567616689.9905941 bigbrain_1538_1206_694.nii 140527704610624
increment_file 1567616690.0041268 1567616703.0425828 bigbrain_1538_1206_694.nii 140527704610624
write_file 1567616703.075311 1567616763.1196744 inc-bigbrain_1538_1206_694.nii 140527704610624
task_duration 1567616809.96494 1567617003.227234 optane_1it_25cpus_60delay_withpc-0 140527704610624
read_file 1567616689.9553418 1567616689.9606917 bigbrain_1538_1809_0.nii 140476076181312
increment_file 1567616689.9788647 1567616702.9267046 bigbrain_1538_1809_0.nii 140476076181312
write_file 1567616702.9583454 1567616763.0949373 inc-bigbrain_1538_1809_0.nii 140476076181312
task_duration 1567616809.950367 1567617003.2054324 optane_1it_25cpus_60delay_withpc-0 140476076181312
read_file 1567616689.9615452 1567616689.9696414 bigbrain_1538_1809_1388.nii 139738004625216
increment_file 1567616689.9854958 1567616702.978202 bigbrain_1538_1809_1388.nii 139738004625216
write_file 1567616703.011816 1567616763.1012058 inc-bigbrain_1538_1809_1388.nii 139738004625216
task_duration 1567616809.9588568 1567617003.2131755 optane_1it_25cpus_60delay_withpc-0 139738004625216
read_file 1567616689.9716263 1567616689.9908767 bigbrain_1538_1809_2082.nii 140600762640192
increment_file 1567616690.0061872 1567616702.973918 bigbrain_1538_1809_2082.nii 140600762640192
write_file 1567616703.006874 1567616763.1005855 inc-bigbrain_1538_1809_2082.nii 140600762640192
task_duration 1567616809.9668388 1567617003.2112513 optane_1it_25cpus_60delay_withpc-0 140600762640192
read_file 1567616689.9553776 1567616689.9608061 bigbrain_1538_1809_2776.nii 139803058890560
increment_file 1567616689.9827363 1567616703.1151836 bigbrain_1538_1809_2776.nii 139803058890560
write_file 1567616703.1461968 1567616763.1355088 inc-bigbrain_1538_1809_2776.nii 139803058890560
task_duration 1567616809.9520614 1567617003.2422988 optane_1it_25cpus_60delay_withpc-0 139803058890560
read_file 1567616689.9718204 1567616689.992261 bigbrain_1538_1809_694.nii 139726732810048
increment_file 1567616689.9997914 1567616702.954021 bigbrain_1538_1809_694.nii 139726732810048
write_file 1567616702.9848404 1567616763.0949252 inc-bigbrain_1538_1809_694.nii 139726732810048
task_duration 1567616809.9680824 1567617003.2035594 optane_1it_25cpus_60delay_withpc-0 139726732810048
read_file 1567616689.9706194 1567616689.9910364 bigbrain_2307_0_1388.nii 140705273677632
increment_file 1567616690.0133667 1567616705.2122781 bigbrain_2307_0_1388.nii 140705273677632
write_file 1567616705.2490358 1567616763.54829 inc-bigbrain_2307_0_1388.nii 140705273677632
task_duration 1567616809.9665272 1567617003.6568043 optane_1it_25cpus_60delay_withpc-0 140705273677632
read_file 1567616689.966634 1567616689.9879618 bigbrain_2307_0_2082.nii 140649924740928
increment_file 1567616689.996784 1567616705.1175714 bigbrain_2307_0_2082.nii 140649924740928
write_file 1567616705.154236 1567616763.5349345 inc-bigbrain_2307_0_2082.nii 140649924740928
task_duration 1567616809.9624126 1567617003.6443064 optane_1it_25cpus_60delay_withpc-0 140649924740928
read_file 1567616889.8081958 1567616889.8104265 bigbrain_2307_0_2776.nii 140498526570304
increment_file 1567616889.8114197 1567616901.5854378 bigbrain_2307_0_2776.nii 140498526570304
write_file 1567616901.6188047 1567616966.0156765 inc-bigbrain_2307_0_2776.nii 140498526570304
task_duration 1567617009.8042107 1567617206.1262705 optane_1it_25cpus_60delay_withpc-0 140498526570304
read_file 1567616889.8232615 1567616889.8296916 bigbrain_2307_0_694.nii 139919383963456
increment_file 1567616889.8356187 1567616901.788812 bigbrain_2307_0_694.nii 139919383963456
write_file 1567616901.8196588 1567616966.1186152 inc-bigbrain_2307_0_694.nii 139919383963456
task_duration 1567617009.8204057 1567617206.2362547 optane_1it_25cpus_60delay_withpc-0 139919383963456
read_file 1567616889.8177395 1567616889.8211958 bigbrain_2307_1206_0.nii 140621148927808
increment_file 1567616889.8225007 1567616901.6653593 bigbrain_2307_1206_0.nii 140621148927808
write_file 1567616901.6959877 1567616966.0518727 inc-bigbrain_2307_1206_0.nii 140621148927808
task_duration 1567617009.8143556 1567617206.1610243 optane_1it_25cpus_60delay_withpc-0 140621148927808
read_file 1567616889.8652947 1567616889.8746324 bigbrain_2307_1206_1388.nii 140687662675776
increment_file 1567616889.8847077 1567616904.5535357 bigbrain_2307_1206_1388.nii 140687662675776
write_file 1567616904.5939724 1567616966.7795134 inc-bigbrain_2307_1206_1388.nii 140687662675776
task_duration 1567617009.861941 1567617206.885674 optane_1it_25cpus_60delay_withpc-0 140687662675776
read_file 1567616889.8556077 1567616889.8671784 bigbrain_2307_1206_2082.nii 139894339925824
increment_file 1567616889.8728716 1567616904.5001855 bigbrain_2307_1206_2082.nii 139894339925824
write_file 1567616904.536417 1567616966.7729816 inc-bigbrain_2307_1206_2082.nii 139894339925824
task_duration 1567617009.8520372 1567617206.8794608 optane_1it_25cpus_60delay_withpc-0 139894339925824
read_file 1567616889.877125 1567616889.889867 bigbrain_2307_1206_2776.nii 140295406483264
increment_file 1567616889.899634 1567616902.0945244 bigbrain_2307_1206_2776.nii 140295406483264
write_file 1567616902.12544 1567616966.2434227 inc-bigbrain_2307_1206_2776.nii 140295406483264
task_duration 1567617009.8731499 1567617206.3594534 optane_1it_25cpus_60delay_withpc-0 140295406483264
read_file 1567616889.8507893 1567616889.861953 bigbrain_2307_1206_694.nii 140046872700736
increment_file 1567616889.8690956 1567616901.908444 bigbrain_2307_1206_694.nii 140046872700736
write_file 1567616901.9392989 1567616966.1641965 inc-bigbrain_2307_1206_694.nii 140046872700736
task_duration 1567617009.8482676 1567617206.2812505 optane_1it_25cpus_60delay_withpc-0 140046872700736
read_file 1567616889.9018893 1567616889.9148018 bigbrain_2307_1809_1388.nii 140237543528256
increment_file 1567616889.9240906 1567616902.0384502 bigbrain_2307_1809_1388.nii 140237543528256
write_file 1567616902.0710306 1567616966.2225218 inc-bigbrain_2307_1809_1388.nii 140237543528256
task_duration 1567617009.899037 1567617206.3292964 optane_1it_25cpus_60delay_withpc-0 140237543528256
read_file 1567616889.8895197 1567616889.9033585 bigbrain_2307_1809_2082.nii 139835163432768
increment_file 1567616889.912844 1567616902.1399624 bigbrain_2307_1809_2082.nii 139835163432768
write_file 1567616902.1748726 1567616966.2610383 inc-bigbrain_2307_1809_2082.nii 139835163432768
task_duration 1567617009.8850563 1567617206.3781226 optane_1it_25cpus_60delay_withpc-0 139835163432768
read_file 1567616889.9054937 1567616889.918013 bigbrain_2307_1809_2776.nii 140678203615040
increment_file 1567616889.9269166 1567616902.190705 bigbrain_2307_1809_2776.nii 140678203615040
write_file 1567616902.2247527 1567616966.2753582 inc-bigbrain_2307_1809_2776.nii 140678203615040
task_duration 1567617009.9018414 1567617206.3928213 optane_1it_25cpus_60delay_withpc-0 140678203615040
read_file 1567616889.9220028 1567616889.9324453 bigbrain_2307_1809_694.nii 140162458154816
increment_file 1567616889.9385884 1567616902.2270064 bigbrain_2307_1809_694.nii 140162458154816
write_file 1567616902.258266 1567616966.2881765 inc-bigbrain_2307_1809_694.nii 140162458154816
task_duration 1567617009.9187603 1567617206.4052534 optane_1it_25cpus_60delay_withpc-0 140162458154816
read_file 1567616889.911634 1567616889.924628 bigbrain_2307_2412_0.nii 140047720286016
increment_file 1567616889.9317381 1567616904.6483686 bigbrain_2307_2412_0.nii 140047720286016
write_file 1567616904.6848538 1567616966.7871885 inc-bigbrain_2307_2412_0.nii 140047720286016
task_duration 1567617009.9079416 1567617206.892559 optane_1it_25cpus_60delay_withpc-0 140047720286016
read_file 1567616889.8934891 1567616889.9073734 bigbrain_2307_2412_1388.nii 140568857540416
increment_file 1567616889.916064 1567616902.1814973 bigbrain_2307_2412_1388.nii 140568857540416
write_file 1567616902.2148652 1567616966.269901 inc-bigbrain_2307_2412_1388.nii 140568857540416
task_duration 1567617009.889915 1567617206.3767047 optane_1it_25cpus_60delay_withpc-0 140568857540416
read_file 1567616890.1349478 1567616890.1427925 bigbrain_2307_2412_2082.nii 140370789791552
increment_file 1567616890.1497386 1567616902.4750464 bigbrain_2307_2412_2082.nii 140370789791552
write_file 1567616902.5080485 1567616966.3504562 inc-bigbrain_2307_2412_2082.nii 140370789791552
task_duration 1567617010.1311753 1567617206.4574342 optane_1it_25cpus_60delay_withpc-0 140370789791552
read_file 1567616890.1635942 1567616890.1729047 bigbrain_2307_2412_2776.nii 139784782034752
increment_file 1567616890.1795967 1567616904.7939494 bigbrain_2307_2412_2776.nii 139784782034752
write_file 1567616904.8239422 1567616966.8018975 inc-bigbrain_2307_2412_2776.nii 139784782034752
task_duration 1567617010.1598 1567617206.8125474 optane_1it_25cpus_60delay_withpc-0 139784782034752
read_file 1567616890.181269 1567616890.1901946 bigbrain_2307_2412_694.nii 140276477056832
increment_file 1567616890.1975503 1567616904.8138976 bigbrain_2307_2412_694.nii 140276477056832
write_file 1567616904.8376546 1567616966.8034284 inc-bigbrain_2307_2412_694.nii 140276477056832
task_duration 1567617010.1779082 1567617206.9076865 optane_1it_25cpus_60delay_withpc-0 140276477056832
read_file 1567616689.9649646 1567616689.9845119 bigbrain_1538_0_694.nii 140711389071168
increment_file 1567616689.9950082 1567616703.0250897 bigbrain_1538_0_694.nii 140711389071168
write_file 1567616703.0560932 1567616763.1154132 inc-bigbrain_1538_0_694.nii 140711389071168
task_duration 1567616809.961392 1567617003.2222862 optane_1it_25cpus_60delay_withpc-0 140711389071168
read_file 1567616689.9553556 1567616689.9605865 bigbrain_1538_2412_0.nii 140554714851136
increment_file 1567616689.963799 1567616702.8551984 bigbrain_1538_2412_0.nii 140554714851136
write_file 1567616702.8870893 1567616763.052493 inc-bigbrain_1538_2412_0.nii 140554714851136
task_duration 1567616809.9516306 1567617003.164676 optane_1it_25cpus_60delay_withpc-0 140554714851136
read_file 1567616689.9706032 1567616689.9910085 bigbrain_2307_0_0.nii 140097060382528
increment_file 1567616690.0111482 1567616705.2330854 bigbrain_2307_0_0.nii 140097060382528
write_file 1567616705.2651691 1567616763.5517492 inc-bigbrain_2307_0_0.nii 140097060382528
task_duration 1567616809.9664862 1567617003.6569269 optane_1it_25cpus_60delay_withpc-0 140097060382528
read_file 1567616889.882257 1567616889.89625 bigbrain_2307_1809_0.nii 139824585201472
increment_file 1567616889.9062324 1567616904.4890864 bigbrain_2307_1809_0.nii 139824585201472
write_file 1567616904.5256143 1567616966.7727141 inc-bigbrain_2307_1809_0.nii 139824585201472
task_duration 1567617009.8781512 1567617206.8781526 optane_1it_25cpus_60delay_withpc-0 139824585201472
read_file 1567616890.174387 1567616890.183382 bigbrain_2307_603_0.nii 140213623158592
increment_file 1567616890.1908476 1567616902.558651 bigbrain_2307_603_0.nii 140213623158592
write_file 1567616902.5902934 1567616966.375321 inc-bigbrain_2307_603_0.nii 140213623158592
task_duration 1567617010.1704712 1567617206.480419 optane_1it_25cpus_60delay_withpc-0 140213623158592
read_file 1567617092.3835638 1567617092.389135 bigbrain_3076_1206_0.nii 140436350379840
increment_file 1567617092.3931298 1567617105.5706503 bigbrain_3076_1206_0.nii 140436350379840
write_file 1567617105.6048415 1567617168.402869 inc-bigbrain_3076_1206_0.nii 140436350379840
task_duration 1567617212.3796856 1567617408.5125303 optane_1it_25cpus_60delay_withpc-0 140436350379840
read_file 1567617092.9709918 1567617092.9787328 bigbrain_3076_2412_0.nii 140171454273344
increment_file 1567617092.98452 1567617107.148129 bigbrain_3076_2412_0.nii 140171454273344
write_file 1567617107.1896267 1567617168.6068332 inc-bigbrain_3076_2412_0.nii 140171454273344
task_duration 1567617212.9671466 1567617408.7187998 optane_1it_25cpus_60delay_withpc-0 140171454273344
read_file 1567617093.2546396 1567617093.2648175 bigbrain_769_0_0.nii 140016036755264
increment_file 1567617093.2716856 1567617107.3706918 bigbrain_769_0_0.nii 140016036755264
write_file 1567617107.4009323 1567617168.6258042 inc-bigbrain_769_0_0.nii 140016036755264
task_duration 1567617213.2514572 1567617408.7291427 optane_1it_25cpus_60delay_withpc-0 140016036755264
read_file 1567617293.4042027 1567617293.4182558 bigbrain_769_1809_0.nii 139739132077888
increment_file 1567617293.4277823 1567617304.329369 bigbrain_769_1809_0.nii 139739132077888
write_file 1567617304.361006 1567617354.2664652 inc-bigbrain_769_1809_0.nii 139739132077888
task_duration 1567617413.4010406 1567617594.3820012 optane_1it_25cpus_60delay_withpc-0 139739132077888
read_file 1567616890.1862469 1567616890.19546 bigbrain_2307_603_1388.nii 140097841493824
increment_file 1567616890.2025075 1567616904.7992716 bigbrain_2307_603_1388.nii 140097841493824
write_file 1567616904.8271294 1567616966.8025694 inc-bigbrain_2307_603_1388.nii 140097841493824
task_duration 1567617010.1823933 1567617206.8085775 optane_1it_25cpus_60delay_withpc-0 140097841493824
read_file 1567616890.1857893 1567616890.195932 bigbrain_2307_603_2082.nii 139679517812544
increment_file 1567616890.2039175 1567616904.7130792 bigbrain_2307_603_2082.nii 139679517812544
write_file 1567616904.749762 1567616966.7928221 inc-bigbrain_2307_603_2082.nii 139679517812544
task_duration 1567617010.1812375 1567617206.8989296 optane_1it_25cpus_60delay_withpc-0 139679517812544
read_file 1567616890.1684668 1567616890.1777506 bigbrain_2307_603_2776.nii 140667013855040
increment_file 1567616890.1842492 1567616902.5426526 bigbrain_2307_603_2776.nii 140667013855040
write_file 1567616902.5733728 1567616966.3701074 inc-bigbrain_2307_603_2776.nii 140667013855040
task_duration 1567617010.1651213 1567617206.4321911 optane_1it_25cpus_60delay_withpc-0 140667013855040
read_file 1567616890.1767411 1567616890.1864624 bigbrain_2307_603_694.nii 140555670542144
increment_file 1567616890.1936255 1567616904.758196 bigbrain_2307_603_694.nii 140555670542144
write_file 1567616904.7955952 1567616966.7975273 inc-bigbrain_2307_603_694.nii 140555670542144
task_duration 1567617010.174362 1567617206.9034379 optane_1it_25cpus_60delay_withpc-0 140555670542144
read_file 1567616890.182969 1567616890.193938 bigbrain_3076_0_0.nii 139680150087488
increment_file 1567616890.2012389 1567616904.7910216 bigbrain_3076_0_0.nii 139680150087488
write_file 1567616904.8241644 1567616966.8032756 inc-bigbrain_3076_0_0.nii 139680150087488
task_duration 1567617010.1791224 1567617206.9079964 optane_1it_25cpus_60delay_withpc-0 139680150087488
read_file 1567616890.1869705 1567616890.1974993 bigbrain_3076_0_1388.nii 140707367921472
increment_file 1567616890.2057211 1567616904.7667673 bigbrain_3076_0_1388.nii 140707367921472
write_file 1567616904.8042555 1567616966.798895 inc-bigbrain_3076_0_1388.nii 140707367921472
task_duration 1567617010.1836898 1567617206.9038942 optane_1it_25cpus_60delay_withpc-0 140707367921472
read_file 1567616890.2336438 1567616890.242003 bigbrain_3076_0_2082.nii 140526853642048
increment_file 1567616890.2479515 1567616902.5389652 bigbrain_3076_0_2082.nii 140526853642048
write_file 1567616902.5710378 1567616966.372209 inc-bigbrain_3076_0_2082.nii 140526853642048
task_duration 1567617010.2313867 1567617206.450796 optane_1it_25cpus_60delay_withpc-0 140526853642048
read_file 1567617091.9094942 1567617091.9115589 bigbrain_3076_0_2776.nii 139650453006144
increment_file 1567617091.9125724 1567617099.0830734 bigbrain_3076_0_2776.nii 139650453006144
write_file 1567617099.1167963 1567617165.3322928 inc-bigbrain_3076_0_2776.nii 139650453006144
task_duration 1567617211.9068682 1567617405.4501295 optane_1it_25cpus_60delay_withpc-0 139650453006144
read_file 1567617091.9192576 1567617091.9217014 bigbrain_3076_0_694.nii 140252147545920
increment_file 1567617091.9237845 1567617099.2310333 bigbrain_3076_0_694.nii 140252147545920
write_file 1567617099.2631562 1567617165.412686 inc-bigbrain_3076_0_694.nii 140252147545920
task_duration 1567617211.916166 1567617405.5281417 optane_1it_25cpus_60delay_withpc-0 140252147545920
read_file 1567617092.4947023 1567617092.5042446 bigbrain_3076_1206_1388.nii 140080427542336
increment_file 1567617092.5105393 1567617106.059711 bigbrain_3076_1206_1388.nii 140080427542336
write_file 1567617106.0966773 1567617168.4810367 inc-bigbrain_3076_1206_1388.nii 140080427542336
task_duration 1567617212.4907844 1567617408.5910122 optane_1it_25cpus_60delay_withpc-0 140080427542336
read_file 1567617092.7721665 1567617092.7823148 bigbrain_3076_1206_2082.nii 139851306080064
increment_file 1567617092.7916353 1567617104.4692903 bigbrain_3076_1206_2082.nii 139851306080064
write_file 1567617104.5029917 1567617167.992471 inc-bigbrain_3076_1206_2082.nii 139851306080064
task_duration 1567617212.7696238 1567617408.1053967 optane_1it_25cpus_60delay_withpc-0 139851306080064
read_file 1567617092.8622074 1567617092.875744 bigbrain_3076_1206_2776.nii 139639774017344
increment_file 1567617092.884304 1567617104.835337 bigbrain_3076_1206_2776.nii 139639774017344
write_file 1567617104.867585 1567617168.1649506 inc-bigbrain_3076_1206_2776.nii 139639774017344
task_duration 1567617212.8581738 1567617408.2776797 optane_1it_25cpus_60delay_withpc-0 139639774017344
read_file 1567617092.8940392 1567617092.906897 bigbrain_3076_1206_694.nii 140232270067520
increment_file 1567617092.9163792 1567617104.811368 bigbrain_3076_1206_694.nii 140232270067520
write_file 1567617104.843507 1567617168.15651 inc-bigbrain_3076_1206_694.nii 140232270067520
task_duration 1567617212.8905437 1567617408.266814 optane_1it_25cpus_60delay_withpc-0 140232270067520
read_file 1567617092.904555 1567617092.9186554 bigbrain_3076_1809_0.nii 140594648655680
increment_file 1567617092.9276357 1567617106.9507864 bigbrain_3076_1809_0.nii 140594648655680
write_file 1567617106.98986 1567617168.5912092 inc-bigbrain_3076_1809_0.nii 140594648655680
task_duration 1567617212.9017873 1567617408.6979668 optane_1it_25cpus_60delay_withpc-0 140594648655680
read_file 1567617092.9197476 1567617092.9316587 bigbrain_3076_1809_1388.nii 140363965929280
increment_file 1567617092.9390182 1567617107.076496 bigbrain_3076_1809_1388.nii 140363965929280
write_file 1567617107.1148856 1567617168.5999258 inc-bigbrain_3076_1809_1388.nii 140363965929280
task_duration 1567617212.9156868 1567617408.7093995 optane_1it_25cpus_60delay_withpc-0 140363965929280
read_file 1567617092.928764 1567617092.9390416 bigbrain_3076_1809_2082.nii 139838178314048
increment_file 1567617092.948381 1567617104.9918065 bigbrain_3076_1809_2082.nii 139838178314048
write_file 1567617105.0240898 1567617168.2223349 inc-bigbrain_3076_1809_2082.nii 139838178314048
task_duration 1567617212.9251661 1567617408.3288062 optane_1it_25cpus_60delay_withpc-0 139838178314048
read_file 1567617092.9458263 1567617092.957004 bigbrain_3076_1809_2776.nii 139725396088640
increment_file 1567617092.964369 1567617105.06263 bigbrain_3076_1809_2776.nii 139725396088640
write_file 1567617105.09574 1567617168.2571855 inc-bigbrain_3076_1809_2776.nii 139725396088640
task_duration 1567617212.9427981 1567617408.3637323 optane_1it_25cpus_60delay_withpc-0 139725396088640
read_file 1567617092.949836 1567617092.959588 bigbrain_3076_1809_694.nii 139844964448064
increment_file 1567617092.966929 1567617104.9664116 bigbrain_3076_1809_694.nii 139844964448064
write_file 1567617104.9972172 1567617168.2142603 inc-bigbrain_3076_1809_694.nii 139844964448064
task_duration 1567617212.9460256 1567617408.3258698 optane_1it_25cpus_60delay_withpc-0 139844964448064
read_file 1567617092.959159 1567617092.9697416 bigbrain_3076_2412_1388.nii 139925283759936
increment_file 1567617092.9747977 1567617105.089995 bigbrain_3076_2412_1388.nii 139925283759936
write_file 1567617105.1242 1567617168.2503657 inc-bigbrain_3076_2412_1388.nii 139925283759936
task_duration 1567617212.9558792 1567617408.3612661 optane_1it_25cpus_60delay_withpc-0 139925283759936
read_file 1567617093.20874 1567617093.2169874 bigbrain_3076_2412_2082.nii 140363713001280
increment_file 1567617093.222771 1567617105.4445772 bigbrain_3076_2412_2082.nii 140363713001280
write_file 1567617105.4806287 1567617168.3573177 inc-bigbrain_3076_2412_2082.nii 140363713001280
task_duration 1567617213.2055528 1567617408.4688592 optane_1it_25cpus_60delay_withpc-0 140363713001280
read_file 1567617093.2287557 1567617093.2370956 bigbrain_3076_2412_2776.nii 139776574580544
increment_file 1567617093.2444818 1567617107.3954442 bigbrain_3076_2412_2776.nii 139776574580544
write_file 1567617107.4171236 1567617168.6269317 inc-bigbrain_3076_2412_2776.nii 139776574580544
task_duration 1567617213.2248218 1567617408.7366226 optane_1it_25cpus_60delay_withpc-0 139776574580544
read_file 1567617093.2392116 1567617093.248943 bigbrain_3076_2412_694.nii 139713426503488
increment_file 1567617093.2550414 1567617105.5035772 bigbrain_3076_2412_694.nii 139713426503488
write_file 1567617105.5356035 1567617168.3794684 inc-bigbrain_3076_2412_694.nii 139713426503488
task_duration 1567617213.235854 1567617408.4886842 optane_1it_25cpus_60delay_withpc-0 139713426503488
read_file 1567617093.2519686 1567617093.2620971 bigbrain_3076_603_0.nii 140238157133632
increment_file 1567617093.2686436 1567617107.3648436 bigbrain_3076_603_0.nii 140238157133632
write_file 1567617107.3993058 1567617168.625875 inc-bigbrain_3076_603_0.nii 140238157133632
task_duration 1567617213.24924 1567617408.7327466 optane_1it_25cpus_60delay_withpc-0 140238157133632
read_file 1567617093.2592814 1567617093.2697039 bigbrain_3076_603_1388.nii 140076769081152
increment_file 1567617093.277874 1567617107.3446138 bigbrain_3076_603_1388.nii 140076769081152
write_file 1567617107.3831725 1567617168.6201036 inc-bigbrain_3076_603_1388.nii 140076769081152
task_duration 1567617213.2562358 1567617408.6796396 optane_1it_25cpus_60delay_withpc-0 140076769081152
read_file 1567617093.2475648 1567617093.256525 bigbrain_3076_603_2082.nii 140529844766528
increment_file 1567617093.2637308 1567617107.3710694 bigbrain_3076_603_2082.nii 140529844766528
write_file 1567617107.4013348 1567617168.6250808 inc-bigbrain_3076_603_2082.nii 140529844766528
task_duration 1567617213.2435918 1567617408.7306747 optane_1it_25cpus_60delay_withpc-0 140529844766528
read_file 1567617093.2612648 1567617093.271159 bigbrain_3076_603_2776.nii 140480939845440
increment_file 1567617093.2798128 1567617107.3738763 bigbrain_3076_603_2776.nii 140480939845440
write_file 1567617107.4012856 1567617168.6256983 inc-bigbrain_3076_603_2776.nii 140480939845440
task_duration 1567617213.2582633 1567617408.7357407 optane_1it_25cpus_60delay_withpc-0 140480939845440
read_file 1567617093.2529144 1567617093.2630475 bigbrain_3076_603_694.nii 140657150531392
increment_file 1567617093.270037 1567617105.4605086 bigbrain_3076_603_694.nii 140657150531392
write_file 1567617105.493709 1567617168.3638902 inc-bigbrain_3076_603_694.nii 140657150531392
task_duration 1567617213.2502143 1567617408.4751213 optane_1it_25cpus_60delay_withpc-0 140657150531392
read_file 1567617093.2509847 1567617093.260259 bigbrain_769_0_1388.nii 139741471553344
increment_file 1567617093.2673044 1567617105.4803102 bigbrain_769_0_1388.nii 139741471553344
write_file 1567617105.5133119 1567617168.368915 inc-bigbrain_769_0_1388.nii 139741471553344
task_duration 1567617213.2483943 1567617408.4801538 optane_1it_25cpus_60delay_withpc-0 139741471553344
read_file 1567617093.3049142 1567617093.3144028 bigbrain_769_0_2082.nii 139771872728896
increment_file 1567617093.321087 1567617105.5725887 bigbrain_769_0_2082.nii 139771872728896
write_file 1567617105.6061668 1567617168.389251 inc-bigbrain_769_0_2082.nii 139771872728896
task_duration 1567617213.302701 1567617408.4456136 optane_1it_25cpus_60delay_withpc-0 139771872728896
read_file 1567617286.3858638 1567617286.3875074 bigbrain_769_0_2776.nii 139657870378816
increment_file 1567617286.388217 1567617288.1234987 bigbrain_769_0_2776.nii 139657870378816
write_file 1567617288.1403892 1567617310.4363074 inc-bigbrain_769_0_2776.nii 139657870378816
task_duration 1567617406.3841023 1567617550.5543182 optane_1it_25cpus_60delay_withpc-0 139657870378816
read_file 1567617286.3864129 1567617286.3879302 bigbrain_769_0_694.nii 139791500678976
increment_file 1567617286.3884087 1567617288.2060175 bigbrain_769_0_694.nii 139791500678976
write_file 1567617288.2165287 1567617311.987804 inc-bigbrain_769_0_694.nii 139791500678976
task_duration 1567617406.383087 1567617552.1000254 optane_1it_25cpus_60delay_withpc-0 139791500678976
read_file 1567617291.8844485 1567617291.8866785 bigbrain_769_1206_0.nii 140040100718400
increment_file 1567617291.8874912 1567617292.7320383 bigbrain_769_1206_0.nii 140040100718400
write_file 1567617292.742394 1567617347.4358566 inc-bigbrain_769_1206_0.nii 140040100718400
task_duration 1567617411.881784 1567617587.54628 optane_1it_25cpus_60delay_withpc-0 140040100718400
read_file 1567617293.124186 1567617293.1261876 bigbrain_769_1206_1388.nii 140178010990400
increment_file 1567617293.1268566 1567617302.9633334 bigbrain_769_1206_1388.nii 140178010990400
write_file 1567617302.9985113 1567617353.8403103 inc-bigbrain_769_1206_1388.nii 140178010990400
task_duration 1567617413.120865 1567617593.9575646 optane_1it_25cpus_60delay_withpc-0 140178010990400
read_file 1567617293.1852436 1567617293.189281 bigbrain_769_1206_2082.nii 140535844558656
increment_file 1567617293.190846 1567617303.1750102 bigbrain_769_1206_2082.nii 140535844558656
write_file 1567617303.2063448 1567617353.884093 inc-bigbrain_769_1206_2082.nii 140535844558656
task_duration 1567617413.1824095 1567617594.0001657 optane_1it_25cpus_60delay_withpc-0 140535844558656
read_file 1567617293.3499324 1567617293.358625 bigbrain_769_1206_2776.nii 140167029237568
increment_file 1567617293.3626277 1567617304.549425 bigbrain_769_1206_2776.nii 140167029237568
write_file 1567617304.5830474 1567617354.3246176 inc-bigbrain_769_1206_2776.nii 140167029237568
task_duration 1567617413.3467627 1567617594.4415038 optane_1it_25cpus_60delay_withpc-0 140167029237568
read_file 1567617293.3605826 1567617293.3667 bigbrain_769_1206_694.nii 140589419456320
increment_file 1567617293.3757124 1567617304.1948073 bigbrain_769_1206_694.nii 140589419456320
write_file 1567617304.2256353 1567617354.2241802 inc-bigbrain_769_1206_694.nii 140589419456320
task_duration 1567617413.3568435 1567617594.3433418 optane_1it_25cpus_60delay_withpc-0 140589419456320
read_file 1567617293.3948977 1567617293.4088569 bigbrain_769_1809_1388.nii 139760406312768
increment_file 1567617293.4172757 1567617304.327926 bigbrain_769_1809_1388.nii 139760406312768
write_file 1567617304.3591888 1567617354.2616901 inc-bigbrain_769_1809_1388.nii 139760406312768
task_duration 1567617413.392104 1567617594.3786585 optane_1it_25cpus_60delay_withpc-0 139760406312768
read_file 1567617293.5352123 1567617293.5489728 bigbrain_769_1809_2082.nii 140160487491392
increment_file 1567617293.5600212 1567617304.9845212 bigbrain_769_1809_2082.nii 140160487491392
write_file 1567617305.019911 1567617354.4087286 inc-bigbrain_769_1809_2082.nii 140160487491392
task_duration 1567617413.5322967 1567617594.5240011 optane_1it_25cpus_60delay_withpc-0 140160487491392
read_file 1567617293.5698357 1567617293.582855 bigbrain_769_1809_2776.nii 140565614933824
increment_file 1567617293.5929897 1567617305.038095 bigbrain_769_1809_2776.nii 140565614933824
write_file 1567617305.0708973 1567617354.419376 inc-bigbrain_769_1809_2776.nii 140565614933824
task_duration 1567617413.5660238 1567617594.5358367 optane_1it_25cpus_60delay_withpc-0 140565614933824
read_file 1567617293.584822 1567617293.5981321 bigbrain_769_1809_694.nii 140067650766656
increment_file 1567617293.607759 1567617305.001134 bigbrain_769_1809_694.nii 140067650766656
write_file 1567617305.039354 1567617354.4264324 inc-bigbrain_769_1809_694.nii 140067650766656
task_duration 1567617413.5802312 1567617594.5400608 optane_1it_25cpus_60delay_withpc-0 140067650766656
read_file 1567617293.598678 1567617293.611725 bigbrain_769_2412_0.nii 139682929674048
increment_file 1567617293.6200564 1567617304.755416 bigbrain_769_2412_0.nii 139682929674048
write_file 1567617304.7864358 1567617354.3725936 inc-bigbrain_769_2412_0.nii 139682929674048
task_duration 1567617413.5954227 1567617594.4172373 optane_1it_25cpus_60delay_withpc-0 139682929674048
read_file 1567617293.592663 1567617293.606823 bigbrain_769_2412_1388.nii 140632904054592
increment_file 1567617293.6163025 1567617305.0330746 bigbrain_769_2412_1388.nii 140632904054592
write_file 1567617305.0686982 1567617354.420103 inc-bigbrain_769_2412_1388.nii 140632904054592
task_duration 1567617413.5880709 1567617594.4720652 optane_1it_25cpus_60delay_withpc-0 140632904054592
read_file 1567617293.6148925 1567617293.6257865 bigbrain_769_2412_2082.nii 140084219352896
increment_file 1567617293.6311634 1567617305.0359128 bigbrain_769_2412_2082.nii 140084219352896
write_file 1567617305.0690322 1567617354.4201002 inc-bigbrain_769_2412_2082.nii 140084219352896
task_duration 1567617413.6118135 1567617594.5353904 optane_1it_25cpus_60delay_withpc-0 140084219352896
read_file 1567617293.6672623 1567617293.6763413 bigbrain_769_2412_2776.nii 140351596988224
increment_file 1567617293.6822796 1567617305.0620193 bigbrain_769_2412_2776.nii 140351596988224
write_file 1567617305.0906804 1567617354.4230533 inc-bigbrain_769_2412_2776.nii 140351596988224
task_duration 1567617413.6647804 1567617594.534233 optane_1it_25cpus_60delay_withpc-0 140351596988224
read_file 1567617293.694624 1567617293.703267 bigbrain_769_2412_694.nii 139711638464320
increment_file 1567617293.7095056 1567617304.8533862 bigbrain_769_2412_694.nii 139711638464320
write_file 1567617304.884416 1567617354.3911686 inc-bigbrain_769_2412_694.nii 139711638464320
task_duration 1567617413.6907897 1567617594.5071545 optane_1it_25cpus_60delay_withpc-0 139711638464320
read_file 1567617293.6986578 1567617293.7079341 bigbrain_769_603_0.nii 140191948678976
increment_file 1567617293.7149627 1567617305.081568 bigbrain_769_603_0.nii 140191948678976
write_file 1567617305.1045883 1567617354.4269304 inc-bigbrain_769_603_0.nii 140191948678976
task_duration 1567617413.6957407 1567617594.5422032 optane_1it_25cpus_60delay_withpc-0 140191948678976
read_file 1567617293.7077467 1567617293.7174358 bigbrain_769_603_1388.nii 140682272229184
increment_file 1567617293.7240863 1567617305.0705016 bigbrain_769_603_1388.nii 140682272229184
write_file 1567617305.0979145 1567617354.4260213 inc-bigbrain_769_603_1388.nii 140682272229184
task_duration 1567617413.705268 1567617594.541798 optane_1it_25cpus_60delay_withpc-0 140682272229184
read_file 1567617293.6999612 1567617293.7085302 bigbrain_769_603_2082.nii 140635932292928
increment_file 1567617293.7167335 1567617305.0423274 bigbrain_769_603_2082.nii 140635932292928
write_file 1567617305.0733955 1567617354.4226904 inc-bigbrain_769_603_2082.nii 140635932292928
task_duration 1567617413.6969042 1567617594.5085516 optane_1it_25cpus_60delay_withpc-0 140635932292928
read_file 1567617293.7066524 1567617293.715983 bigbrain_769_603_2776.nii 140074641241920
increment_file 1567617293.7225304 1567617304.8553984 bigbrain_769_603_2776.nii 140074641241920
write_file 1567617304.8859255 1567617354.3937824 inc-bigbrain_769_603_2776.nii 140074641241920
task_duration 1567617413.7034562 1567617594.5096881 optane_1it_25cpus_60delay_withpc-0 140074641241920
read_file 1567617293.7102244 1567617293.719697 bigbrain_769_603_694.nii 140697487431488
increment_file 1567617293.7262304 1567617304.8611279 bigbrain_769_603_694.nii 140697487431488
write_file 1567617304.8953135 1567617354.3953073 inc-bigbrain_769_603_694.nii 140697487431488
task_duration 1567617413.707447 1567617594.511647 optane_1it_25cpus_60delay_withpc-0 140697487431488
read_file 1567616689.9553106 1567616689.9604762 bigbrain_1538_0_2776.nii 139708716848960
increment_file 1567616689.9617295 1567616702.9419003 bigbrain_1538_0_2776.nii 139708716848960
write_file 1567616702.9740095 1567616763.094586 inc-bigbrain_1538_0_2776.nii 139708716848960
task_duration 1567616809.9504228 1567617003.2046695 optane_1it_25cpus_60delay_withpc-0 139708716848960
