read_file 1567710090.1632783 1567710090.1647894 bigbrain_769_603_694.nii 139677016250176
increment_file 1567710090.164989 1567710090.5991485 bigbrain_769_603_694.nii 139677016250176
write_file 1567710090.6096346 1567710091.0845072 inc-bigbrain_769_603_694.nii 139677016250176
task_duration 1567710210.161242 1567710331.194353 1567709282-tmpfsAD_1it_25cpus_120delay_withpc-2 139677016250176
read_file 1567710090.1609094 1567710090.1624966 bigbrain_769_603_2082.nii 140251056211776
increment_file 1567710090.162667 1567710090.5988128 bigbrain_769_603_2082.nii 140251056211776
write_file 1567710090.6091435 1567710091.1014054 inc-bigbrain_769_603_2082.nii 140251056211776
task_duration 1567710210.1575856 1567710331.2101414 1567709282-tmpfsAD_1it_25cpus_120delay_withpc-2 140251056211776
read_file 1567710090.156053 1567710090.157827 bigbrain_769_603_1388.nii 140141130176320
increment_file 1567710090.1580367 1567710090.593669 bigbrain_769_603_1388.nii 140141130176320
write_file 1567710090.6042297 1567710091.0946615 inc-bigbrain_769_603_1388.nii 140141130176320
task_duration 1567710210.1538482 1567710331.204318 1567709282-tmpfsAD_1it_25cpus_120delay_withpc-2 140141130176320
read_file 1567710090.1536572 1567710090.155145 bigbrain_769_2412_2082.nii 139929440311104
increment_file 1567710090.1553316 1567710090.5900643 bigbrain_769_2412_2082.nii 139929440311104
write_file 1567710090.6006165 1567710091.209288 inc-bigbrain_769_2412_2082.nii 139929440311104
task_duration 1567710210.1518342 1567710331.3197808 1567709282-tmpfsAD_1it_25cpus_120delay_withpc-2 139929440311104
read_file 1567710090.1511884 1567710090.1525095 bigbrain_769_1809_694.nii 140015348762432
increment_file 1567710090.1526484 1567710090.5849326 bigbrain_769_1809_694.nii 140015348762432
write_file 1567710090.5954585 1567710091.0867884 inc-bigbrain_769_1809_694.nii 140015348762432
task_duration 1567710210.1479876 1567710331.192175 1567709282-tmpfsAD_1it_25cpus_120delay_withpc-2 140015348762432
read_file 1567710090.1483617 1567710090.1506746 bigbrain_769_2412_694.nii 140212622968640
increment_file 1567710090.1509438 1567710090.609058 bigbrain_769_2412_694.nii 140212622968640
write_file 1567710090.6194324 1567710091.112945 inc-bigbrain_769_2412_694.nii 140212622968640
task_duration 1567710210.1453168 1567710331.22219 1567709282-tmpfsAD_1it_25cpus_120delay_withpc-2 140212622968640
read_file 1567710090.1456606 1567710090.1474543 bigbrain_769_603_2776.nii 140580887340864
increment_file 1567710090.1476853 1567710090.5490623 bigbrain_769_603_2776.nii 140580887340864
write_file 1567710090.55943 1567710091.0435472 inc-bigbrain_769_603_2776.nii 140580887340864
task_duration 1567710210.1432202 1567710331.1525722 1567709282-tmpfsAD_1it_25cpus_120delay_withpc-2 140580887340864
read_file 1567710090.1435192 1567710090.1448817 bigbrain_769_2412_2776.nii 139667737122624
increment_file 1567710090.1450496 1567710090.5779505 bigbrain_769_2412_2776.nii 139667737122624
write_file 1567710090.5884764 1567710091.0794966 inc-bigbrain_769_2412_2776.nii 139667737122624
task_duration 1567710210.1417518 1567710331.188559 1567709282-tmpfsAD_1it_25cpus_120delay_withpc-2 139667737122624
read_file 1567710090.1429222 1567710090.1443782 bigbrain_769_2412_0.nii 140301913970496
increment_file 1567710090.1445673 1567710090.5458124 bigbrain_769_2412_0.nii 140301913970496
write_file 1567710090.556239 1567710091.0287676 inc-bigbrain_769_2412_0.nii 140301913970496
task_duration 1567710210.1409724 1567710331.1382082 1567709282-tmpfsAD_1it_25cpus_120delay_withpc-2 140301913970496
read_file 1567710090.130897 1567710090.1324973 bigbrain_769_1809_2776.nii 140173057693504
increment_file 1567710090.1326735 1567710090.5322218 bigbrain_769_1809_2776.nii 140173057693504
write_file 1567710090.5425627 1567710091.029751 inc-bigbrain_769_1809_2776.nii 140173057693504
task_duration 1567710210.127533 1567710331.1396089 1567709282-tmpfsAD_1it_25cpus_120delay_withpc-2 140173057693504
read_file 1567710090.119167 1567710090.1206868 bigbrain_769_603_0.nii 139737483192128
increment_file 1567710090.1208513 1567710090.6003776 bigbrain_769_603_0.nii 139737483192128
write_file 1567710090.6107676 1567710091.0883946 inc-bigbrain_769_603_0.nii 139737483192128
task_duration 1567710210.1172268 1567710331.1953838 1567709282-tmpfsAD_1it_25cpus_120delay_withpc-2 139737483192128
read_file 1567710090.1168933 1567710090.118821 bigbrain_769_2412_1388.nii 139879199725376
increment_file 1567710090.1190538 1567710090.5522106 bigbrain_769_2412_1388.nii 139879199725376
write_file 1567710090.5628543 1567710091.057701 inc-bigbrain_769_2412_1388.nii 139879199725376
task_duration 1567710210.114235 1567710331.1618617 1567709282-tmpfsAD_1it_25cpus_120delay_withpc-2 139879199725376
read_file 1567710090.1122303 1567710090.1134992 bigbrain_769_1809_2082.nii 140251238586176
increment_file 1567710090.1136696 1567710090.5465753 bigbrain_769_1809_2082.nii 140251238586176
write_file 1567710090.557157 1567710091.054299 inc-bigbrain_769_1809_2082.nii 140251238586176
task_duration 1567710210.109442 1567710331.163976 1567709282-tmpfsAD_1it_25cpus_120delay_withpc-2 140251238586176
read_file 1567710090.0989885 1567710090.1009643 bigbrain_769_1809_1388.nii 140006135187264
increment_file 1567710090.1011086 1567710090.4985259 bigbrain_769_1809_1388.nii 140006135187264
write_file 1567710090.5087235 1567710090.9976606 inc-bigbrain_769_1809_1388.nii 140006135187264
task_duration 1567710210.0957012 1567710331.1023073 1567709282-tmpfsAD_1it_25cpus_120delay_withpc-2 140006135187264
read_file 1567710089.9893332 1567710089.9906278 bigbrain_769_1809_0.nii 140480971126592
increment_file 1567710089.9907804 1567710090.3748791 bigbrain_769_1809_0.nii 140480971126592
write_file 1567710090.3853302 1567710090.8704205 inc-bigbrain_769_1809_0.nii 140480971126592
task_duration 1567710209.986359 1567710330.9793012 1567709282-tmpfsAD_1it_25cpus_120delay_withpc-2 140480971126592
read_file 1567710089.802384 1567710089.804341 bigbrain_769_1206_694.nii 140521603069760
increment_file 1567710089.8045714 1567710090.1632462 bigbrain_769_1206_694.nii 140521603069760
write_file 1567710090.1734455 1567710090.6941743 inc-bigbrain_769_1206_694.nii 140521603069760
task_duration 1567710209.7998047 1567710330.802173 1567709282-tmpfsAD_1it_25cpus_120delay_withpc-2 140521603069760
read_file 1567710089.7452729 1567710089.7465725 bigbrain_769_1206_2082.nii 140578138453824
increment_file 1567710089.746692 1567710090.1354744 bigbrain_769_1206_2082.nii 140578138453824
write_file 1567710090.1497467 1567710090.6746361 inc-bigbrain_769_1206_2082.nii 140578138453824
task_duration 1567710209.7440236 1567710330.7814188 1567709282-tmpfsAD_1it_25cpus_120delay_withpc-2 140578138453824
read_file 1567710089.7434077 1567710089.745394 bigbrain_769_1206_2776.nii 140455421716288
increment_file 1567710089.7456234 1567710090.1219945 bigbrain_769_1206_2776.nii 140455421716288
write_file 1567710090.1318579 1567710090.6068053 inc-bigbrain_769_1206_2776.nii 140455421716288
task_duration 1567710209.7405353 1567710330.7152498 1567709282-tmpfsAD_1it_25cpus_120delay_withpc-2 140455421716288
read_file 1567710089.642976 1567710089.6448765 bigbrain_769_1206_1388.nii 140482371372864
increment_file 1567710089.6450152 1567710089.9942079 bigbrain_769_1206_1388.nii 140482371372864
write_file 1567710090.0037017 1567710090.507052 inc-bigbrain_769_1206_1388.nii 140482371372864
task_duration 1567710209.6397955 1567710330.615045 1567709282-tmpfsAD_1it_25cpus_120delay_withpc-2 140482371372864
read_file 1567710089.5813239 1567710089.5835373 bigbrain_769_1206_0.nii 139637898319680
increment_file 1567710089.5837924 1567710089.9334295 bigbrain_769_1206_0.nii 139637898319680
write_file 1567710089.9428003 1567710090.418929 inc-bigbrain_769_1206_0.nii 139637898319680
task_duration 1567710209.578179 1567710330.5265207 1567709282-tmpfsAD_1it_25cpus_120delay_withpc-2 139637898319680
read_file 1567710088.697777 1567710088.699417 bigbrain_769_0_694.nii 140582470391616
increment_file 1567710088.6996098 1567710089.0805516 bigbrain_769_0_694.nii 140582470391616
write_file 1567710089.0901906 1567710089.515109 inc-bigbrain_769_0_694.nii 140582470391616
task_duration 1567710208.6956463 1567710329.6211567 1567709282-tmpfsAD_1it_25cpus_120delay_withpc-2 140582470391616
read_file 1567710087.8050227 1567710087.8067095 bigbrain_769_0_2776.nii 140218958559040
increment_file 1567710087.8069131 1567710088.1680622 bigbrain_769_0_2776.nii 140218958559040
write_file 1567710088.1774037 1567710088.6058745 inc-bigbrain_769_0_2776.nii 140218958559040
task_duration 1567710207.802297 1567710328.710976 1567709282-tmpfsAD_1it_25cpus_120delay_withpc-2 140218958559040
read_file 1567709963.5923376 1567709963.5941436 bigbrain_769_0_2082.nii 140705292916544
increment_file 1567709963.594436 1567709964.0623806 bigbrain_769_0_2082.nii 140705292916544
write_file 1567709964.0737238 1567709964.5361826 inc-bigbrain_769_0_2082.nii 140705292916544
task_duration 1567710083.5900664 1567710204.6404624 1567709282-tmpfsAD_1it_25cpus_120delay_withpc-2 140705292916544
read_file 1567709963.5257473 1567709963.5275247 bigbrain_769_0_1388.nii 140148610979648
increment_file 1567709963.5277114 1567709963.9936254 bigbrain_769_0_1388.nii 140148610979648
write_file 1567709964.0043666 1567709964.509359 inc-bigbrain_769_0_1388.nii 140148610979648
task_duration 1567710083.5225606 1567710204.6126118 1567709282-tmpfsAD_1it_25cpus_120delay_withpc-2 140148610979648
read_file 1567709963.5219278 1567709963.523967 bigbrain_3076_603_2082.nii 139783629977408
increment_file 1567709963.524228 1567709963.9881005 bigbrain_3076_603_2082.nii 139783629977408
write_file 1567709963.9991615 1567709964.4909067 inc-bigbrain_3076_603_2082.nii 139783629977408
task_duration 1567710083.5195057 1567710204.593861 1567709282-tmpfsAD_1it_25cpus_120delay_withpc-2 139783629977408
read_file 1567709963.5194805 1567709963.521129 bigbrain_3076_603_2776.nii 140247397717824
increment_file 1567709963.5213196 1567709963.986251 bigbrain_3076_603_2776.nii 140247397717824
write_file 1567709963.9973886 1567709964.4869494 inc-bigbrain_3076_603_2776.nii 140247397717824
task_duration 1567710083.5176175 1567710204.5896518 1567709282-tmpfsAD_1it_25cpus_120delay_withpc-2 140247397717824
read_file 1567709963.5195205 1567709963.5211136 bigbrain_769_0_0.nii 139840190216000
increment_file 1567709963.5213225 1567709963.9877822 bigbrain_769_0_0.nii 139840190216000
write_file 1567709963.9988034 1567709964.5074956 inc-bigbrain_769_0_0.nii 139840190216000
task_duration 1567710083.517591 1567710204.6202006 1567709282-tmpfsAD_1it_25cpus_120delay_withpc-2 139840190216000
read_file 1567709963.5169468 1567709963.5183759 bigbrain_3076_603_694.nii 140579899107136
increment_file 1567709963.5185583 1567709963.9844484 bigbrain_3076_603_694.nii 140579899107136
write_file 1567709963.9955313 1567709964.5202353 inc-bigbrain_3076_603_694.nii 140579899107136
task_duration 1567710083.5134833 1567710204.6227112 1567709282-tmpfsAD_1it_25cpus_120delay_withpc-2 140579899107136
read_file 1567709963.509606 1567709963.5110652 bigbrain_3076_2412_694.nii 139875919525696
increment_file 1567709963.5112336 1567709963.9798615 bigbrain_3076_2412_694.nii 139875919525696
write_file 1567709963.9909265 1567709964.4817593 inc-bigbrain_3076_2412_694.nii 139875919525696
task_duration 1567710083.507688 1567710204.5864794 1567709282-tmpfsAD_1it_25cpus_120delay_withpc-2 139875919525696
read_file 1567709963.5089495 1567709963.5103812 bigbrain_3076_2412_2776.nii 139690710263616
increment_file 1567709963.5105624 1567709963.9775774 bigbrain_3076_2412_2776.nii 139690710263616
write_file 1567709963.9886882 1567709964.4797778 inc-bigbrain_3076_2412_2776.nii 139690710263616
task_duration 1567710083.5071492 1567710204.5912497 1567709282-tmpfsAD_1it_25cpus_120delay_withpc-2 139690710263616
read_file 1567709963.5061686 1567709963.5077279 bigbrain_3076_603_0.nii 140243786811200
increment_file 1567709963.5078874 1567709963.9673796 bigbrain_3076_603_0.nii 140243786811200
write_file 1567709963.9780557 1567709964.4858837 inc-bigbrain_3076_603_0.nii 140243786811200
task_duration 1567710083.5028114 1567710204.598176 1567709282-tmpfsAD_1it_25cpus_120delay_withpc-2 140243786811200
read_file 1567709963.5042293 1567709963.5063448 bigbrain_3076_1809_2776.nii 140644931241792
increment_file 1567709963.5066042 1567709963.9976838 bigbrain_3076_1809_2776.nii 140644931241792
write_file 1567709964.0082026 1567709964.5278704 inc-bigbrain_3076_1809_2776.nii 140644931241792
task_duration 1567710083.50163 1567710204.6307032 1567709282-tmpfsAD_1it_25cpus_120delay_withpc-2 140644931241792
read_file 1567709963.5012317 1567709963.5031648 bigbrain_3076_2412_0.nii 140191871698752
increment_file 1567709963.5034096 1567709963.9992247 bigbrain_3076_2412_0.nii 140191871698752
write_file 1567709964.0097446 1567709964.5198674 inc-bigbrain_3076_2412_0.nii 140191871698752
task_duration 1567710083.498603 1567710204.6212716 1567709282-tmpfsAD_1it_25cpus_120delay_withpc-2 140191871698752
read_file 1567709963.4992824 1567709963.5006332 bigbrain_3076_1809_2082.nii 139634500044608
increment_file 1567709963.5008097 1567709963.9801607 bigbrain_3076_1809_2082.nii 139634500044608
write_file 1567709963.9911244 1567709964.483264 inc-bigbrain_3076_1809_2082.nii 139634500044608
task_duration 1567710083.4977202 1567710204.5866547 1567709282-tmpfsAD_1it_25cpus_120delay_withpc-2 139634500044608
read_file 1567709963.4988685 1567709963.50031 bigbrain_3076_603_1388.nii 140035846620992
increment_file 1567709963.500494 1567709963.9656963 bigbrain_3076_603_1388.nii 140035846620992
write_file 1567709963.9761968 1567709964.4997883 inc-bigbrain_3076_603_1388.nii 140035846620992
task_duration 1567710083.497012 1567710204.6119263 1567709282-tmpfsAD_1it_25cpus_120delay_withpc-2 140035846620992
read_file 1567709963.4962847 1567709963.4978473 bigbrain_3076_2412_2082.nii 140146066114368
increment_file 1567709963.4980145 1567709963.962473 bigbrain_3076_2412_2082.nii 140146066114368
write_file 1567709963.9732468 1567709964.4980295 inc-bigbrain_3076_2412_2082.nii 140146066114368
task_duration 1567710083.4929328 1567710204.6016521 1567709282-tmpfsAD_1it_25cpus_120delay_withpc-2 140146066114368
read_file 1567709963.488511 1567709963.489984 bigbrain_3076_2412_1388.nii 140113197901632
increment_file 1567709963.4901645 1567709963.95278 bigbrain_3076_2412_1388.nii 140113197901632
write_file 1567709963.9633825 1567709964.492717 inc-bigbrain_3076_2412_1388.nii 140113197901632
task_duration 1567710083.4867122 1567710204.6046085 1567709282-tmpfsAD_1it_25cpus_120delay_withpc-2 140113197901632
read_file 1567709963.4765801 1567709963.4779866 bigbrain_3076_1809_694.nii 140695595398976
increment_file 1567709963.4781456 1567709963.9361327 bigbrain_3076_1809_694.nii 140695595398976
write_file 1567709963.9469192 1567709964.434552 inc-bigbrain_3076_1809_694.nii 140695595398976
task_duration 1567710083.4732754 1567710204.545577 1567709282-tmpfsAD_1it_25cpus_120delay_withpc-2 140695595398976
read_file 1567709963.4382436 1567709963.4396887 bigbrain_3076_1809_1388.nii 140229670811456
increment_file 1567709963.4398565 1567709963.8901017 bigbrain_3076_1809_1388.nii 140229670811456
write_file 1567709963.9006166 1567709964.433699 inc-bigbrain_3076_1809_1388.nii 140229670811456
task_duration 1567710083.4363687 1567710204.5455122 1567709282-tmpfsAD_1it_25cpus_120delay_withpc-2 140229670811456
read_file 1567709963.4231844 1567709963.4255064 bigbrain_3076_1809_0.nii 140422009165632
increment_file 1567709963.4257917 1567709963.8774672 bigbrain_3076_1809_0.nii 140422009165632
write_file 1567709963.8884568 1567709964.3622603 inc-bigbrain_3076_1809_0.nii 140422009165632
task_duration 1567710083.4201128 1567710204.4712508 1567709282-tmpfsAD_1it_25cpus_120delay_withpc-2 140422009165632
read_file 1567709963.3169112 1567709963.3180888 bigbrain_3076_1206_694.nii 139964732766016
increment_file 1567709963.3182387 1567709963.7522337 bigbrain_3076_1206_694.nii 139964732766016
write_file 1567709963.763216 1567709964.2548094 inc-bigbrain_3076_1206_694.nii 139964732766016
task_duration 1567710083.3139331 1567710204.357693 1567709282-tmpfsAD_1it_25cpus_120delay_withpc-2 139964732766016
read_file 1567709963.297532 1567709963.2990377 bigbrain_3076_1206_2776.nii 140212661401408
increment_file 1567709963.2992191 1567709963.7021003 bigbrain_3076_1206_2776.nii 140212661401408
write_file 1567709963.7128918 1567709964.2708147 inc-bigbrain_3076_1206_2776.nii 140212661401408
task_duration 1567710083.2956276 1567710204.3746045 1567709282-tmpfsAD_1it_25cpus_120delay_withpc-2 140212661401408
read_file 1567709963.2552257 1567709963.2565198 bigbrain_3076_1206_2082.nii 139998329132864
increment_file 1567709963.2566826 1567709963.6493728 bigbrain_3076_1206_2082.nii 139998329132864
write_file 1567709963.6601758 1567709964.2305644 inc-bigbrain_3076_1206_2082.nii 139998329132864
task_duration 1567710083.2524867 1567710204.3417735 1567709282-tmpfsAD_1it_25cpus_120delay_withpc-2 139998329132864
read_file 1567709963.2430487 1567709963.2452228 bigbrain_3076_1206_1388.nii 139816890107712
increment_file 1567709963.245374 1567709963.6623778 bigbrain_3076_1206_1388.nii 139816890107712
write_file 1567709963.6735682 1567709964.1648533 inc-bigbrain_3076_1206_1388.nii 139816890107712
task_duration 1567710083.239838 1567710204.2679403 1567709282-tmpfsAD_1it_25cpus_120delay_withpc-2 139816890107712
read_file 1567709963.224093 1567709963.2253263 bigbrain_3076_1206_0.nii 140063706584896
increment_file 1567709963.2254791 1567709963.6358848 bigbrain_3076_1206_0.nii 140063706584896
write_file 1567709963.647138 1567709964.1188247 inc-bigbrain_3076_1206_0.nii 140063706584896
task_duration 1567710083.2208421 1567710204.2299383 1567709282-tmpfsAD_1it_25cpus_120delay_withpc-2 140063706584896
read_file 1567709963.1353085 1567709963.136698 bigbrain_3076_0_694.nii 140275395163968
increment_file 1567709963.1368582 1567709963.5232852 bigbrain_3076_0_694.nii 140275395163968
write_file 1567709963.5342426 1567709963.9952002 inc-bigbrain_3076_0_694.nii 140275395163968
task_duration 1567710083.1332276 1567710204.1076124 1567709282-tmpfsAD_1it_25cpus_120delay_withpc-2 140275395163968
read_file 1567709962.9321456 1567709962.933557 bigbrain_3076_0_2776.nii 139629870159680
increment_file 1567709962.9337478 1567709963.2899747 bigbrain_3076_0_2776.nii 139629870159680
write_file 1567709963.299741 1567709963.8210588 inc-bigbrain_3076_0_2776.nii 139629870159680
task_duration 1567710082.9299505 1567710203.9320872 1567709282-tmpfsAD_1it_25cpus_120delay_withpc-2 139629870159680
read_file 1567709835.558386 1567709835.5599966 bigbrain_3076_0_2082.nii 140362511390528
increment_file 1567709835.5602226 1567709836.0486603 bigbrain_3076_0_2082.nii 140362511390528
write_file 1567709836.0593097 1567709836.569033 inc-bigbrain_3076_0_2082.nii 140362511390528
task_duration 1567709955.556462 1567710076.6713836 1567709282-tmpfsAD_1it_25cpus_120delay_withpc-2 140362511390528
read_file 1567709835.4960508 1567709835.4976807 bigbrain_2307_2412_2776.nii 140593059018560
increment_file 1567709835.4979265 1567709835.9707875 bigbrain_2307_2412_2776.nii 140593059018560
write_file 1567709835.981702 1567709836.4874191 inc-bigbrain_2307_2412_2776.nii 140593059018560
task_duration 1567709955.4940155 1567710076.600011 1567709282-tmpfsAD_1it_25cpus_120delay_withpc-2 140593059018560
read_file 1567709835.4946353 1567709835.4960544 bigbrain_2307_2412_2082.nii 140127838172992
increment_file 1567709835.4962242 1567709835.975797 bigbrain_2307_2412_2082.nii 140127838172992
write_file 1567709835.986603 1567709836.4982307 inc-bigbrain_2307_2412_2082.nii 140127838172992
task_duration 1567709955.4927952 1567710076.610975 1567709282-tmpfsAD_1it_25cpus_120delay_withpc-2 140127838172992
read_file 1567709835.4932163 1567709835.494796 bigbrain_2307_603_694.nii 140571001632576
increment_file 1567709835.4949915 1567709835.994861 bigbrain_2307_603_694.nii 140571001632576
write_file 1567709836.005854 1567709836.5402966 inc-bigbrain_2307_603_694.nii 140571001632576
task_duration 1567709955.4912195 1567710076.6438937 1567709282-tmpfsAD_1it_25cpus_120delay_withpc-2 140571001632576
read_file 1567709835.4931202 1567709835.494744 bigbrain_3076_0_1388.nii 140104130742080
increment_file 1567709835.4949625 1567709835.9900298 bigbrain_3076_0_1388.nii 140104130742080
write_file 1567709836.0009253 1567709836.51784 inc-bigbrain_3076_0_1388.nii 140104130742080
task_duration 1567709955.4911628 1567710076.622416 1567709282-tmpfsAD_1it_25cpus_120delay_withpc-2 140104130742080
read_file 1567709835.4915063 1567709835.4928918 bigbrain_3076_0_0.nii 140552380708672
increment_file 1567709835.4930732 1567709835.9918613 bigbrain_3076_0_0.nii 140552380708672
write_file 1567709836.0028012 1567709836.520768 inc-bigbrain_3076_0_0.nii 140552380708672
task_duration 1567709955.4894917 1567710076.6332264 1567709282-tmpfsAD_1it_25cpus_120delay_withpc-2 140552380708672
read_file 1567709835.4891396 1567709835.491016 bigbrain_2307_603_2082.nii 140185576249152
increment_file 1567709835.4912355 1567709836.0233252 bigbrain_2307_603_2082.nii 140185576249152
write_file 1567709836.0337148 1567709836.5634215 inc-bigbrain_2307_603_2082.nii 140185576249152
task_duration 1567709955.4869604 1567710076.6681068 1567709282-tmpfsAD_1it_25cpus_120delay_withpc-2 140185576249152
read_file 1567709835.4802942 1567709835.4816108 bigbrain_2307_603_2776.nii 140606494074688
increment_file 1567709835.4817812 1567709835.9798663 bigbrain_2307_603_2776.nii 140606494074688
write_file 1567709835.9906683 1567709836.524061 inc-bigbrain_2307_603_2776.nii 140606494074688
task_duration 1567709955.4769893 1567710076.6365113 1567709282-tmpfsAD_1it_25cpus_120delay_withpc-2 140606494074688
read_file 1567709835.4794896 1567709835.4809825 bigbrain_2307_2412_694.nii 140594136991552
increment_file 1567709835.4811354 1567709835.9880204 bigbrain_2307_2412_694.nii 140594136991552
write_file 1567709835.9986968 1567709836.5053587 inc-bigbrain_2307_2412_694.nii 140594136991552
task_duration 1567709955.4775772 1567710076.6100693 1567709282-tmpfsAD_1it_25cpus_120delay_withpc-2 140594136991552
read_file 1567709835.4784656 1567709835.4802108 bigbrain_2307_1809_694.nii 139685557827392
increment_file 1567709835.4804251 1567709835.9552777 bigbrain_2307_1809_694.nii 139685557827392
write_file 1567709835.9661279 1567709836.4729826 inc-bigbrain_2307_1809_694.nii 139685557827392
task_duration 1567709955.4762444 1567710076.5768898 1567709282-tmpfsAD_1it_25cpus_120delay_withpc-2 139685557827392
read_file 1567709835.474998 1567709835.476665 bigbrain_2307_603_1388.nii 140338243053376
increment_file 1567709835.4768765 1567709835.9937296 bigbrain_2307_603_1388.nii 140338243053376
write_file 1567709836.0050197 1567709836.5126288 inc-bigbrain_2307_603_1388.nii 140338243053376
task_duration 1567709955.4728105 1567710076.6171172 1567709282-tmpfsAD_1it_25cpus_120delay_withpc-2 140338243053376
read_file 1567709835.4741554 1567709835.4759517 bigbrain_2307_603_0.nii 140571671512896
increment_file 1567709835.4761772 1567709835.974396 bigbrain_2307_603_0.nii 140571671512896
write_file 1567709835.9854276 1567709836.5007517 inc-bigbrain_2307_603_0.nii 140571671512896
task_duration 1567709955.4718392 1567710076.5747702 1567709282-tmpfsAD_1it_25cpus_120delay_withpc-2 140571671512896
read_file 1567709835.4714735 1567709835.472718 bigbrain_2307_1809_2776.nii 140165920302912
increment_file 1567709835.4728827 1567709836.0026379 bigbrain_2307_1809_2776.nii 140165920302912
write_file 1567709836.0129192 1567709836.5427024 inc-bigbrain_2307_1809_2776.nii 140165920302912
task_duration 1567709955.469801 1567710076.6465538 1567709282-tmpfsAD_1it_25cpus_120delay_withpc-2 140165920302912
read_file 1567709835.4650407 1567709835.4663813 bigbrain_2307_2412_1388.nii 139745426532160
increment_file 1567709835.4665499 1567709835.9458518 bigbrain_2307_2412_1388.nii 139745426532160
write_file 1567709835.956723 1567709836.468485 inc-bigbrain_2307_2412_1388.nii 139745426532160
task_duration 1567709955.4630997 1567710076.5810895 1567709282-tmpfsAD_1it_25cpus_120delay_withpc-2 139745426532160
read_file 1567709835.4620166 1567709835.4634955 bigbrain_2307_2412_0.nii 139959135831872
increment_file 1567709835.4636922 1567709835.9602437 bigbrain_2307_2412_0.nii 139959135831872
write_file 1567709835.970959 1567709836.4929297 inc-bigbrain_2307_2412_0.nii 139959135831872
task_duration 1567709955.4602535 1567710076.5964615 1567709282-tmpfsAD_1it_25cpus_120delay_withpc-2 139959135831872
read_file 1567709835.432672 1567709835.4345152 bigbrain_2307_1809_2082.nii 139849022338880
increment_file 1567709835.4346979 1567709835.9449208 bigbrain_2307_1809_2082.nii 139849022338880
write_file 1567709835.955968 1567709836.4637764 inc-bigbrain_2307_1809_2082.nii 139849022338880
task_duration 1567709955.4292622 1567710076.5755491 1567709282-tmpfsAD_1it_25cpus_120delay_withpc-2 139849022338880
read_file 1567709835.4050846 1567709835.4066832 bigbrain_2307_1206_2776.nii 140134343685952
increment_file 1567709835.4068801 1567709835.872443 bigbrain_2307_1206_2776.nii 140134343685952
write_file 1567709835.8838265 1567709836.392738 inc-bigbrain_2307_1206_2776.nii 140134343685952
task_duration 1567709955.4030964 1567710076.5054708 1567709282-tmpfsAD_1it_25cpus_120delay_withpc-2 140134343685952
read_file 1567709835.3985922 1567709835.400394 bigbrain_2307_1206_694.nii 139859655132992
increment_file 1567709835.4005432 1567709835.8769774 bigbrain_2307_1206_694.nii 139859655132992
write_file 1567709835.887957 1567709836.4384089 inc-bigbrain_2307_1206_694.nii 139859655132992
task_duration 1567709955.395297 1567710076.5425012 1567709282-tmpfsAD_1it_25cpus_120delay_withpc-2 139859655132992
read_file 1567709835.3970985 1567709835.3990445 bigbrain_2307_1809_0.nii 139780445296448
increment_file 1567709835.3992712 1567709835.868251 bigbrain_2307_1809_0.nii 139780445296448
write_file 1567709835.8797095 1567709836.3740468 inc-bigbrain_2307_1809_0.nii 139780445296448
task_duration 1567709955.3946042 1567710076.4788573 1567709282-tmpfsAD_1it_25cpus_120delay_withpc-2 139780445296448
read_file 1567709835.385913 1567709835.387504 bigbrain_2307_1809_1388.nii 140145502963520
increment_file 1567709835.3876956 1567709835.900774 bigbrain_2307_1809_1388.nii 140145502963520
write_file 1567709835.9119816 1567709836.4285653 inc-bigbrain_2307_1809_1388.nii 140145502963520
task_duration 1567709955.3838387 1567710076.5328503 1567709282-tmpfsAD_1it_25cpus_120delay_withpc-2 140145502963520
read_file 1567709835.3827944 1567709835.3841221 bigbrain_2307_1206_2082.nii 139759404504896
increment_file 1567709835.3842933 1567709835.8496325 bigbrain_2307_1206_2082.nii 139759404504896
write_file 1567709835.8611054 1567709836.3714485 inc-bigbrain_2307_1206_2082.nii 139759404504896
task_duration 1567709955.3799841 1567710076.4762175 1567709282-tmpfsAD_1it_25cpus_120delay_withpc-2 139759404504896
read_file 1567709835.3406591 1567709835.3421154 bigbrain_2307_1206_0.nii 139653612803904
increment_file 1567709835.342286 1567709835.8019757 bigbrain_2307_1206_0.nii 139653612803904
write_file 1567709835.81269 1567709836.3661122 inc-bigbrain_2307_1206_0.nii 139653612803904
task_duration 1567709955.338855 1567710076.478635 1567709282-tmpfsAD_1it_25cpus_120delay_withpc-2 139653612803904
read_file 1567709835.3396888 1567709835.3410637 bigbrain_2307_0_694.nii 139675756508992
increment_file 1567709835.341246 1567709835.8019218 bigbrain_2307_0_694.nii 139675756508992
write_file 1567709835.8126903 1567709836.3722038 inc-bigbrain_2307_0_694.nii 139675756508992
task_duration 1567709955.3374858 1567710076.4848435 1567709282-tmpfsAD_1it_25cpus_120delay_withpc-2 139675756508992
read_file 1567709835.3250978 1567709835.3268282 bigbrain_2307_1206_1388.nii 139935721174848
increment_file 1567709835.3270323 1567709835.7860584 bigbrain_2307_1206_1388.nii 139935721174848
write_file 1567709835.7976413 1567709836.3019803 inc-bigbrain_2307_1206_1388.nii 139935721174848
task_duration 1567709955.3229344 1567710076.4147174 1567709282-tmpfsAD_1it_25cpus_120delay_withpc-2 139935721174848
read_file 1567709835.3240702 1567709835.3260493 bigbrain_2307_0_2776.nii 139666916112192
increment_file 1567709835.3262858 1567709835.7836235 bigbrain_2307_0_2776.nii 139666916112192
write_file 1567709835.7946188 1567709836.3546824 inc-bigbrain_2307_0_2776.nii 139666916112192
task_duration 1567709955.321069 1567710076.4592083 1567709282-tmpfsAD_1it_25cpus_120delay_withpc-2 139666916112192
read_file 1567709707.2912545 1567709707.29269 bigbrain_1538_0_694.nii 139780982064960
increment_file 1567709707.2928534 1567709707.8030634 bigbrain_1538_0_694.nii 139780982064960
write_file 1567709707.8152356 1567709708.3821242 inc-bigbrain_1538_0_694.nii 139780982064960
task_duration 1567709827.2893872 1567709948.4868822 1567709282-tmpfsAD_1it_25cpus_120delay_withpc-2 139780982064960
read_file 1567709707.2907283 1567709707.292037 bigbrain_1538_2412_0.nii 140149763770176
increment_file 1567709707.2921863 1567709707.8073058 bigbrain_1538_2412_0.nii 140149763770176
write_file 1567709707.8188324 1567709708.3880277 inc-bigbrain_1538_2412_0.nii 140149763770176
task_duration 1567709827.2884881 1567709948.500251 1567709282-tmpfsAD_1it_25cpus_120delay_withpc-2 140149763770176
read_file 1567709707.2905283 1567709707.2918344 bigbrain_2307_0_1388.nii 140623129085760
increment_file 1567709707.2920084 1567709707.8013587 bigbrain_2307_0_1388.nii 140623129085760
write_file 1567709707.8133545 1567709708.3802197 inc-bigbrain_2307_0_1388.nii 140623129085760
task_duration 1567709827.2880006 1567709948.4854958 1567709282-tmpfsAD_1it_25cpus_120delay_withpc-2 140623129085760
read_file 1567709707.290359 1567709707.2916996 bigbrain_1538_1809_0.nii 140552562779968
increment_file 1567709707.2918694 1567709707.8018725 bigbrain_1538_1809_0.nii 140552562779968
write_file 1567709707.812914 1567709708.3020236 inc-bigbrain_1538_1809_0.nii 140552562779968
task_duration 1567709827.288291 1567709948.415776 1567709282-tmpfsAD_1it_25cpus_120delay_withpc-2 140552562779968
read_file 1567709707.2902675 1567709707.2916176 bigbrain_1538_1206_2082.nii 140360105383744
increment_file 1567709707.2917879 1567709707.8096888 bigbrain_1538_1206_2082.nii 140360105383744
write_file 1567709707.8215835 1567709708.4103057 inc-bigbrain_1538_1206_2082.nii 140360105383744
task_duration 1567709827.2874682 1567709948.5155892 1567709282-tmpfsAD_1it_25cpus_120delay_withpc-2 140360105383744
read_file 1567709707.2899156 1567709707.291134 bigbrain_1538_603_0.nii 140431993780032
increment_file 1567709707.2912712 1567709707.8068905 bigbrain_1538_603_0.nii 140431993780032
write_file 1567709707.818452 1567709708.3930173 inc-bigbrain_1538_603_0.nii 140431993780032
task_duration 1567709827.2868009 1567709948.3995261 1567709282-tmpfsAD_1it_25cpus_120delay_withpc-2 140431993780032
read_file 1567709707.2897496 1567709707.2910748 bigbrain_1538_0_2776.nii 140327086589760
increment_file 1567709707.2912443 1567709707.798282 bigbrain_1538_0_2776.nii 140327086589760
write_file 1567709707.8105495 1567709708.3777492 inc-bigbrain_1538_0_2776.nii 140327086589760
task_duration 1567709827.2863781 1567709948.4909208 1567709282-tmpfsAD_1it_25cpus_120delay_withpc-2 140327086589760
read_file 1567709707.2895935 1567709707.291026 bigbrain_1538_1206_2776.nii 140649772623680
increment_file 1567709707.2912142 1567709707.7943861 bigbrain_1538_1206_2776.nii 140649772623680
write_file 1567709707.8066058 1567709708.3912416 inc-bigbrain_1538_1206_2776.nii 140649772623680
task_duration 1567709827.2862139 1567709948.5046372 1567709282-tmpfsAD_1it_25cpus_120delay_withpc-2 140649772623680
read_file 1567709707.2881875 1567709707.2898138 bigbrain_1538_603_2082.nii 140486902925120
increment_file 1567709707.2899618 1567709707.800389 bigbrain_1538_603_2082.nii 140486902925120
write_file 1567709707.8116605 1567709708.3160872 inc-bigbrain_1538_603_2082.nii 140486902925120
task_duration 1567709827.284943 1567709948.4283247 1567709282-tmpfsAD_1it_25cpus_120delay_withpc-2 140486902925120
read_file 1567709707.2877085 1567709707.2896218 bigbrain_1538_1809_2776.nii 140234508760896
increment_file 1567709707.2897801 1567709707.7679536 bigbrain_1538_1809_2776.nii 140234508760896
write_file 1567709707.7791774 1567709708.2970486 inc-bigbrain_1538_1809_2776.nii 140234508760896
task_duration 1567709827.2844255 1567709948.4097528 1567709282-tmpfsAD_1it_25cpus_120delay_withpc-2 140234508760896
read_file 1567709707.2862418 1567709707.2883766 bigbrain_1538_2412_1388.nii 140586193377088
increment_file 1567709707.2886221 1567709707.79626 bigbrain_1538_2412_1388.nii 140586193377088
write_file 1567709707.8081977 1567709708.3935175 inc-bigbrain_1538_2412_1388.nii 140586193377088
task_duration 1567709827.2832263 1567709948.5068197 1567709282-tmpfsAD_1it_25cpus_120delay_withpc-2 140586193377088
read_file 1567709707.2857287 1567709707.2877765 bigbrain_1538_1206_0.nii 139896477689664
increment_file 1567709707.2880266 1567709707.797858 bigbrain_1538_1206_0.nii 139896477689664
write_file 1567709707.8100526 1567709708.3830621 inc-bigbrain_1538_1206_0.nii 139896477689664
task_duration 1567709827.2828865 1567709948.4906185 1567709282-tmpfsAD_1it_25cpus_120delay_withpc-2 139896477689664
read_file 1567709707.2843342 1567709707.2861998 bigbrain_2307_0_0.nii 140212883076928
increment_file 1567709707.2864096 1567709707.7636368 bigbrain_2307_0_0.nii 140212883076928
write_file 1567709707.7741559 1567709708.2899146 inc-bigbrain_2307_0_0.nii 140212883076928
task_duration 1567709827.2818012 1567709948.4035647 1567709282-tmpfsAD_1it_25cpus_120delay_withpc-2 140212883076928
read_file 1567709707.2831676 1567709707.2847972 bigbrain_1538_2412_2082.nii 139843063191360
increment_file 1567709707.2849824 1567709707.7624393 bigbrain_1538_2412_2082.nii 139843063191360
write_file 1567709707.7729282 1567709708.3078341 inc-bigbrain_1538_2412_2082.nii 139843063191360
task_duration 1567709827.2809567 1567709948.4203658 1567709282-tmpfsAD_1it_25cpus_120delay_withpc-2 139843063191360
read_file 1567709707.282628 1567709707.2842023 bigbrain_1538_603_1388.nii 140344239732544
increment_file 1567709707.2844005 1567709707.7835038 bigbrain_1538_603_1388.nii 140344239732544
write_file 1567709707.7961993 1567709708.3836467 inc-bigbrain_1538_603_1388.nii 140344239732544
task_duration 1567709827.2805684 1567709948.4888937 1567709282-tmpfsAD_1it_25cpus_120delay_withpc-2 140344239732544
read_file 1567709707.281218 1567709707.2825933 bigbrain_1538_603_2776.nii 140282108495680
increment_file 1567709707.2827713 1567709707.7927155 bigbrain_1538_603_2776.nii 140282108495680
write_file 1567709707.8050542 1567709708.3936965 inc-bigbrain_1538_603_2776.nii 140282108495680
task_duration 1567709827.2792883 1567709948.506733 1567709282-tmpfsAD_1it_25cpus_120delay_withpc-2 140282108495680
read_file 1567709707.2811532 1567709707.2824495 bigbrain_1538_1809_2082.nii 140341759268672
increment_file 1567709707.2826061 1567709707.7590206 bigbrain_1538_1809_2082.nii 140341759268672
write_file 1567709707.7693586 1567709708.2988799 inc-bigbrain_1538_1809_2082.nii 140341759268672
task_duration 1567709827.2790344 1567709948.4113772 1567709282-tmpfsAD_1it_25cpus_120delay_withpc-2 140341759268672
read_file 1567709707.2795336 1567709707.2809355 bigbrain_1538_1206_694.nii 140009523459904
increment_file 1567709707.2810757 1567709707.7573645 bigbrain_1538_1206_694.nii 140009523459904
write_file 1567709707.767641 1567709708.2891948 inc-bigbrain_1538_1206_694.nii 140009523459904
task_duration 1567709827.2762578 1567709948.4029272 1567709282-tmpfsAD_1it_25cpus_120delay_withpc-2 140009523459904
read_file 1567709707.2792695 1567709707.280743 bigbrain_1538_603_694.nii 140311296591680
increment_file 1567709707.2808719 1567709707.756543 bigbrain_1538_603_694.nii 140311296591680
write_file 1567709707.7668898 1567709708.3025436 inc-bigbrain_1538_603_694.nii 140311296591680
task_duration 1567709827.2760859 1567709948.4147794 1567709282-tmpfsAD_1it_25cpus_120delay_withpc-2 140311296591680
read_file 1567709707.277986 1567709707.2800431 bigbrain_2307_0_2082.nii 140661185881920
increment_file 1567709707.2801857 1567709707.7934945 bigbrain_2307_0_2082.nii 140661185881920
write_file 1567709707.8059103 1567709708.3769386 inc-bigbrain_2307_0_2082.nii 140661185881920
task_duration 1567709827.2746644 1567709948.4876854 1567709282-tmpfsAD_1it_25cpus_120delay_withpc-2 140661185881920
read_file 1567709707.2772043 1567709707.279618 bigbrain_1538_2412_2776.nii 139850364266304
increment_file 1567709707.2798204 1567709707.7867024 bigbrain_1538_2412_2776.nii 139850364266304
write_file 1567709707.7993298 1567709708.3851688 inc-bigbrain_1538_2412_2776.nii 139850364266304
task_duration 1567709827.2738674 1567709948.4982922 1567709282-tmpfsAD_1it_25cpus_120delay_withpc-2 139850364266304
read_file 1567709707.274098 1567709707.2760344 bigbrain_1538_2412_694.nii 140634648422208
increment_file 1567709707.276255 1567709707.7916477 bigbrain_1538_2412_694.nii 140634648422208
write_file 1567709707.8040724 1567709708.3970273 inc-bigbrain_1538_2412_694.nii 140634648422208
task_duration 1567709827.2716272 1567709948.5138993 1567709282-tmpfsAD_1it_25cpus_120delay_withpc-2 140634648422208
read_file 1567709707.273246 1567709707.2750416 bigbrain_1538_1809_694.nii 139691242682176
increment_file 1567709707.2752435 1567709707.7851322 bigbrain_1538_1809_694.nii 139691242682176
write_file 1567709707.7976635 1567709708.3903995 inc-bigbrain_1538_1809_694.nii 139691242682176
task_duration 1567709827.271014 1567709948.49298 1567709282-tmpfsAD_1it_25cpus_120delay_withpc-2 139691242682176
read_file 1567709707.270412 1567709707.2715926 bigbrain_1538_1206_1388.nii 140318535055168
increment_file 1567709707.2717555 1567709707.7905395 bigbrain_1538_1206_1388.nii 140318535055168
write_file 1567709707.8146381 1567709708.3992887 inc-bigbrain_1538_1206_1388.nii 140318535055168
task_duration 1567709827.2676053 1567709948.5112185 1567709282-tmpfsAD_1it_25cpus_120delay_withpc-2 140318535055168
read_file 1567709707.259524 1567709707.2610087 bigbrain_1538_1809_1388.nii 139855944156992
increment_file 1567709707.2611806 1567709707.7744477 bigbrain_1538_1809_1388.nii 139855944156992
write_file 1567709707.7857165 1567709708.3488483 inc-bigbrain_1538_1809_1388.nii 139855944156992
task_duration 1567709827.254961 1567709948.4624228 1567709282-tmpfsAD_1it_25cpus_120delay_withpc-2 139855944156992
