read_file 1567705882.26202 1567705882.2632842 bigbrain_1538_1206_2082.nii 140383540459328
increment_file 1567705882.2635417 1567705888.823982 bigbrain_1538_1206_2082.nii 140383540459328
write_file 1567705888.8299935 1567705894.0281346 inc-bigbrain_1538_1206_2082.nii 140383540459328
task_duration 1567706002.259153 1567706134.1313112 1567705458-optaneAD_1it_25cpus_120delay_withpc-2 140383540459328
read_file 1567705882.261781 1567705882.2633996 bigbrain_1538_1206_2776.nii 139956397930304
increment_file 1567705882.263675 1567705889.444723 bigbrain_1538_1206_2776.nii 139956397930304
write_file 1567705889.4635875 1567705893.1546073 inc-bigbrain_1538_1206_2776.nii 139956397930304
task_duration 1567706002.2585487 1567706133.258353 1567705458-optaneAD_1it_25cpus_120delay_withpc-2 139956397930304
read_file 1567705882.2617712 1567705882.2634015 bigbrain_1538_0_2776.nii 140352446637888
increment_file 1567705882.2637136 1567705889.6716647 bigbrain_1538_0_2776.nii 140352446637888
write_file 1567705889.679661 1567705894.0908628 inc-bigbrain_1538_0_2776.nii 140352446637888
task_duration 1567706002.2585633 1567706134.1944165 1567705458-optaneAD_1it_25cpus_120delay_withpc-2 140352446637888
read_file 1567705882.2617779 1567705882.2633963 bigbrain_1538_2412_1388.nii 140075199084352
increment_file 1567705882.2637858 1567705889.677141 bigbrain_1538_2412_1388.nii 140075199084352
write_file 1567705889.6845167 1567705894.2690754 inc-bigbrain_1538_2412_1388.nii 140075199084352
task_duration 1567706002.2586646 1567706134.3743103 1567705458-optaneAD_1it_25cpus_120delay_withpc-2 140075199084352
read_file 1567705882.2618022 1567705882.2634556 bigbrain_1538_603_2082.nii 140276430399296
increment_file 1567705882.263832 1567705889.6837003 bigbrain_1538_603_2082.nii 140276430399296
write_file 1567705889.690085 1567705894.1793842 inc-bigbrain_1538_603_2082.nii 140276430399296
task_duration 1567706002.2586172 1567706134.2096074 1567705458-optaneAD_1it_25cpus_120delay_withpc-2 140276430399296
read_file 1567705882.2618186 1567705882.2634747 bigbrain_1538_1809_2082.nii 139869254776640
increment_file 1567705882.2638612 1567705889.6764657 bigbrain_1538_1809_2082.nii 139869254776640
write_file 1567705889.6844392 1567705894.2720423 inc-bigbrain_1538_1809_2082.nii 139869254776640
task_duration 1567706002.2586427 1567706134.3762863 1567705458-optaneAD_1it_25cpus_120delay_withpc-2 139869254776640
read_file 1567705882.2624087 1567705882.2637002 bigbrain_1538_2412_694.nii 140159936587584
increment_file 1567705882.2639508 1567705888.8502715 bigbrain_1538_2412_694.nii 140159936587584
write_file 1567705888.8723865 1567705894.0968568 inc-bigbrain_1538_2412_694.nii 140159936587584
task_duration 1567706002.2601192 1567706134.199484 1567705458-optaneAD_1it_25cpus_120delay_withpc-2 140159936587584
read_file 1567705882.2634988 1567705882.265527 bigbrain_1538_603_1388.nii 139962180089664
increment_file 1567705882.2658706 1567705889.6793032 bigbrain_1538_603_1388.nii 139962180089664
write_file 1567705889.6865523 1567705894.1029577 inc-bigbrain_1538_603_1388.nii 139962180089664
task_duration 1567706002.2607372 1567706134.2077813 1567705458-optaneAD_1it_25cpus_120delay_withpc-2 139962180089664
read_file 1567705882.263591 1567705882.2656918 bigbrain_1538_1809_1388.nii 140671151855424
increment_file 1567705882.2660131 1567705889.67372 bigbrain_1538_1809_1388.nii 140671151855424
write_file 1567705889.6826031 1567705893.2427113 inc-bigbrain_1538_1809_1388.nii 140671151855424
task_duration 1567706002.2608294 1567706133.347344 1567705458-optaneAD_1it_25cpus_120delay_withpc-2 140671151855424
read_file 1567705882.2657075 1567705882.2679865 bigbrain_1538_1206_0.nii 140308081608512
increment_file 1567705882.2681882 1567705889.6838825 bigbrain_1538_1206_0.nii 140308081608512
write_file 1567705889.6882668 1567705894.2688596 inc-bigbrain_1538_1206_0.nii 140308081608512
task_duration 1567706002.2624867 1567706134.373058 1567705458-optaneAD_1it_25cpus_120delay_withpc-2 140308081608512
read_file 1567705882.2657487 1567705882.2680192 bigbrain_1538_2412_2082.nii 140501202294592
increment_file 1567705882.268226 1567705889.2167022 bigbrain_1538_2412_2082.nii 140501202294592
write_file 1567705889.2537303 1567705894.0069284 inc-bigbrain_1538_2412_2082.nii 140501202294592
task_duration 1567706002.2624981 1567706134.111402 1567705458-optaneAD_1it_25cpus_120delay_withpc-2 140501202294592
read_file 1567705882.2658093 1567705882.2680297 bigbrain_1538_1206_694.nii 140152752133952
increment_file 1567705882.2682602 1567705889.686309 bigbrain_1538_1206_694.nii 140152752133952
write_file 1567705889.6906233 1567705894.2702792 inc-bigbrain_1538_1206_694.nii 140152752133952
task_duration 1567706002.262624 1567706134.3087828 1567705458-optaneAD_1it_25cpus_120delay_withpc-2 140152752133952
read_file 1567705882.2658982 1567705882.2680798 bigbrain_2307_0_0.nii 140559824246592
increment_file 1567705882.2683027 1567705889.6868877 bigbrain_2307_0_0.nii 140559824246592
write_file 1567705889.6921308 1567705893.2125387 inc-bigbrain_2307_0_0.nii 140559824246592
task_duration 1567706002.2627006 1567706133.3165913 1567705458-optaneAD_1it_25cpus_120delay_withpc-2 140559824246592
read_file 1567705882.2677207 1567705882.269199 bigbrain_1538_0_694.nii 139947678734144
increment_file 1567705882.2693954 1567705889.4959242 bigbrain_1538_0_694.nii 139947678734144
write_file 1567705889.500877 1567705892.714578 inc-bigbrain_1538_0_694.nii 139947678734144
task_duration 1567706002.264462 1567706132.8292959 1567705458-optaneAD_1it_25cpus_120delay_withpc-2 139947678734144
read_file 1567705882.26841 1567705882.2698188 bigbrain_2307_0_2082.nii 140602211362624
increment_file 1567705882.27004 1567705889.2513134 bigbrain_2307_0_2082.nii 140602211362624
write_file 1567705889.264589 1567705893.939681 inc-bigbrain_2307_0_2082.nii 140602211362624
task_duration 1567706002.2655342 1567706134.0429528 1567705458-optaneAD_1it_25cpus_120delay_withpc-2 140602211362624
read_file 1567705882.2679787 1567705882.2700794 bigbrain_1538_603_694.nii 139706224006976
increment_file 1567705882.2704327 1567705888.8664067 bigbrain_1538_603_694.nii 139706224006976
write_file 1567705888.8709083 1567705893.898588 inc-bigbrain_1538_603_694.nii 139706224006976
task_duration 1567706002.2650855 1567706134.0024824 1567705458-optaneAD_1it_25cpus_120delay_withpc-2 139706224006976
read_file 1567705882.2688491 1567705882.270138 bigbrain_2307_0_1388.nii 140181160871744
increment_file 1567705882.2703524 1567705889.6825976 bigbrain_2307_0_1388.nii 140181160871744
write_file 1567705889.6870983 1567705894.268899 inc-bigbrain_2307_0_1388.nii 140181160871744
task_duration 1567706002.266569 1567706134.372464 1567705458-optaneAD_1it_25cpus_120delay_withpc-2 140181160871744
read_file 1567705882.26958 1567705882.2709332 bigbrain_1538_1809_2776.nii 140110170466112
increment_file 1567705882.271151 1567705889.6869411 bigbrain_1538_1809_2776.nii 140110170466112
write_file 1567705889.6907718 1567705894.1147766 inc-bigbrain_1538_1809_2776.nii 140110170466112
task_duration 1567706002.2677448 1567706134.2184505 1567705458-optaneAD_1it_25cpus_120delay_withpc-2 140110170466112
read_file 1567705882.269619 1567705882.271025 bigbrain_1538_1809_694.nii 140246702020416
increment_file 1567705882.271244 1567705889.395037 bigbrain_1538_1809_694.nii 140246702020416
write_file 1567705889.4133844 1567705893.9200454 inc-bigbrain_1538_1809_694.nii 140246702020416
task_duration 1567706002.2677276 1567706133.9272642 1567705458-optaneAD_1it_25cpus_120delay_withpc-2 140246702020416
read_file 1567705882.2696762 1567705882.2711074 bigbrain_1538_1809_0.nii 140491300345664
increment_file 1567705882.2713356 1567705889.6875098 bigbrain_1538_1809_0.nii 140491300345664
write_file 1567705889.6946259 1567705894.2135608 inc-bigbrain_1538_1809_0.nii 140491300345664
task_duration 1567706002.2677908 1567706134.316476 1567705458-optaneAD_1it_25cpus_120delay_withpc-2 140491300345664
read_file 1567705882.2697253 1567705882.2711346 bigbrain_1538_2412_0.nii 139921064687424
increment_file 1567705882.271372 1567705889.690239 bigbrain_1538_2412_0.nii 139921064687424
write_file 1567705889.696364 1567705894.2718792 inc-bigbrain_1538_2412_0.nii 139921064687424
task_duration 1567706002.2678227 1567706134.3760622 1567705458-optaneAD_1it_25cpus_120delay_withpc-2 139921064687424
read_file 1567705882.2706676 1567705882.2723756 bigbrain_1538_603_2776.nii 140324574697280
increment_file 1567705882.2725852 1567705888.901421 bigbrain_1538_603_2776.nii 140324574697280
write_file 1567705888.9043846 1567705893.9922545 inc-bigbrain_1538_603_2776.nii 140324574697280
task_duration 1567706002.267464 1567706134.096497 1567705458-optaneAD_1it_25cpus_120delay_withpc-2 140324574697280
read_file 1567705882.2706583 1567705882.2723858 bigbrain_1538_603_0.nii 140512417277760
increment_file 1567705882.2727187 1567705888.8747535 bigbrain_1538_603_0.nii 140512417277760
write_file 1567705888.8778667 1567705893.2501068 inc-bigbrain_1538_603_0.nii 140512417277760
task_duration 1567706002.267456 1567706133.3552349 1567705458-optaneAD_1it_25cpus_120delay_withpc-2 140512417277760
read_file 1567705882.2710633 1567705882.2727509 bigbrain_1538_1206_1388.nii 140223854344000
increment_file 1567705882.2729928 1567705888.88905 bigbrain_1538_1206_1388.nii 140223854344000
write_file 1567705888.9081886 1567705894.3064504 inc-bigbrain_1538_1206_1388.nii 140223854344000
task_duration 1567706002.267709 1567706134.411242 1567705458-optaneAD_1it_25cpus_120delay_withpc-2 140223854344000
read_file 1567705882.2714565 1567705882.2727795 bigbrain_1538_2412_2776.nii 139642106701632
increment_file 1567705882.2729862 1567705888.8860545 bigbrain_1538_2412_2776.nii 139642106701632
write_file 1567705888.8890164 1567705893.2524083 inc-bigbrain_1538_2412_2776.nii 139642106701632
task_duration 1567706002.2682712 1567706133.356419 1567705458-optaneAD_1it_25cpus_120delay_withpc-2 139642106701632
read_file 1567706014.556253 1567706014.5576537 bigbrain_2307_0_2776.nii 139799391090496
increment_file 1567706014.5579228 1567706015.1213498 bigbrain_2307_0_2776.nii 139799391090496
write_file 1567706015.1240456 1567706016.4078398 inc-bigbrain_2307_0_2776.nii 139799391090496
task_duration 1567706134.5537817 1567706256.5218368 1567705458-optaneAD_1it_25cpus_120delay_withpc-2 139799391090496
read_file 1567706017.4029474 1567706017.4044588 bigbrain_2307_0_694.nii 140652458100544
increment_file 1567706017.4047372 1567706017.9287982 bigbrain_2307_0_694.nii 140652458100544
write_file 1567706017.9312387 1567706018.9249735 inc-bigbrain_2307_0_694.nii 140652458100544
task_duration 1567706137.3996584 1567706259.0333748 1567705458-optaneAD_1it_25cpus_120delay_withpc-2 140652458100544
read_file 1567706017.8060148 1567706017.8083096 bigbrain_2307_1206_0.nii 140569226151744
increment_file 1567706017.8087337 1567706018.7060685 bigbrain_2307_1206_0.nii 140569226151744
write_file 1567706018.708618 1567706030.8346267 inc-bigbrain_2307_1206_0.nii 140569226151744
task_duration 1567706137.8027945 1567706270.944101 1567705458-optaneAD_1it_25cpus_120delay_withpc-2 140569226151744
read_file 1567706017.9380593 1567706017.9402092 bigbrain_2307_1206_2082.nii 139990327215936
increment_file 1567706017.9404335 1567706018.9117665 bigbrain_2307_1206_2082.nii 139990327215936
write_file 1567706018.914116 1567706031.2559092 inc-bigbrain_2307_1206_2082.nii 139990327215936
task_duration 1567706137.934905 1567706271.3598738 1567705458-optaneAD_1it_25cpus_120delay_withpc-2 139990327215936
read_file 1567706017.9546576 1567706017.9569013 bigbrain_2307_1206_1388.nii 140071426709312
increment_file 1567706017.9572854 1567706018.7956507 bigbrain_2307_1206_1388.nii 140071426709312
write_file 1567706018.7987049 1567706019.5457027 inc-bigbrain_2307_1206_1388.nii 140071426709312
task_duration 1567706137.9518878 1567706259.6501434 1567705458-optaneAD_1it_25cpus_120delay_withpc-2 140071426709312
read_file 1567706018.0627456 1567706018.0647564 bigbrain_2307_1206_2776.nii 140468668049216
increment_file 1567706018.065094 1567706018.9082868 bigbrain_2307_1206_2776.nii 140468668049216
write_file 1567706018.91134 1567706019.6004193 inc-bigbrain_2307_1206_2776.nii 140468668049216
task_duration 1567706138.0605159 1567706259.7096982 1567705458-optaneAD_1it_25cpus_120delay_withpc-2 140468668049216
read_file 1567706019.50216 1567706019.504404 bigbrain_2307_1206_694.nii 140128429524800
increment_file 1567706019.5047882 1567706023.1022418 bigbrain_2307_1206_694.nii 140128429524800
write_file 1567706023.1413414 1567706031.5091605 inc-bigbrain_2307_1206_694.nii 140128429524800
task_duration 1567706139.4989815 1567706271.6128523 1567705458-optaneAD_1it_25cpus_120delay_withpc-2 140128429524800
read_file 1567706019.6079621 1567706019.609324 bigbrain_2307_1809_0.nii 139650700969792
increment_file 1567706019.6095614 1567706025.4649475 bigbrain_2307_1809_0.nii 139650700969792
write_file 1567706025.51626 1567706032.560059 inc-bigbrain_2307_1809_0.nii 139650700969792
task_duration 1567706139.6062133 1567706272.6646676 1567705458-optaneAD_1it_25cpus_120delay_withpc-2 139650700969792
read_file 1567706019.7137222 1567706019.7159388 bigbrain_2307_1809_1388.nii 140401389913920
increment_file 1567706019.71632 1567706028.4218612 bigbrain_2307_1809_1388.nii 140401389913920
write_file 1567706028.4877865 1567706032.132867 inc-bigbrain_2307_1809_1388.nii 140401389913920
task_duration 1567706139.710742 1567706272.2447877 1567705458-optaneAD_1it_25cpus_120delay_withpc-2 140401389913920
read_file 1567706019.8062441 1567706019.8080919 bigbrain_2307_1809_2082.nii 140367649036096
increment_file 1567706019.8084202 1567706028.6173224 bigbrain_2307_1809_2082.nii 140367649036096
write_file 1567706028.6684942 1567706034.105303 inc-bigbrain_2307_1809_2082.nii 140367649036096
task_duration 1567706139.80372 1567706274.211147 1567705458-optaneAD_1it_25cpus_120delay_withpc-2 140367649036096
read_file 1567706019.821329 1567706019.822973 bigbrain_2307_1809_694.nii 140636461086528
increment_file 1567706019.823302 1567706030.25572 bigbrain_2307_1809_694.nii 140636461086528
write_file 1567706030.2618997 1567706033.5998626 inc-bigbrain_2307_1809_694.nii 140636461086528
task_duration 1567706139.8193054 1567706273.6101205 1567705458-optaneAD_1it_25cpus_120delay_withpc-2 140636461086528
read_file 1567706019.8302093 1567706019.8321123 bigbrain_2307_1809_2776.nii 140010830812992
increment_file 1567706019.8323326 1567706030.039176 bigbrain_2307_1809_2776.nii 140010830812992
write_file 1567706030.071609 1567706033.593943 inc-bigbrain_2307_1809_2776.nii 140010830812992
task_duration 1567706139.827001 1567706273.5979147 1567705458-optaneAD_1it_25cpus_120delay_withpc-2 140010830812992
read_file 1567706019.8699007 1567706019.8721268 bigbrain_2307_2412_1388.nii 140051268376384
increment_file 1567706019.8724537 1567706029.5087805 bigbrain_2307_2412_1388.nii 140051268376384
write_file 1567706029.5161538 1567706033.5537577 inc-bigbrain_2307_2412_1388.nii 140051268376384
task_duration 1567706139.866699 1567706273.6584945 1567705458-optaneAD_1it_25cpus_120delay_withpc-2 140051268376384
read_file 1567706019.8923337 1567706019.8938117 bigbrain_2307_2412_2776.nii 139806274459456
increment_file 1567706019.8940504 1567706030.0875711 bigbrain_2307_2412_2776.nii 139806274459456
write_file 1567706030.09367 1567706033.4817133 inc-bigbrain_2307_2412_2776.nii 139806274459456
task_duration 1567706139.8891072 1567706273.5857177 1567705458-optaneAD_1it_25cpus_120delay_withpc-2 139806274459456
read_file 1567706019.9333014 1567706019.9362993 bigbrain_2307_2412_0.nii 140005581166400
increment_file 1567706019.9369826 1567706030.3406417 bigbrain_2307_2412_0.nii 140005581166400
write_file 1567706030.3445642 1567706033.6433234 inc-bigbrain_2307_2412_0.nii 140005581166400
task_duration 1567706139.9307961 1567706273.7495403 1567705458-optaneAD_1it_25cpus_120delay_withpc-2 140005581166400
read_file 1567706019.9362195 1567706019.9383202 bigbrain_2307_2412_2082.nii 140399469627200
increment_file 1567706019.93909 1567706030.2020617 bigbrain_2307_2412_2082.nii 140399469627200
write_file 1567706030.2060895 1567706033.8491564 inc-bigbrain_2307_2412_2082.nii 140399469627200
task_duration 1567706139.9331589 1567706273.9546196 1567705458-optaneAD_1it_25cpus_120delay_withpc-2 140399469627200
read_file 1567706019.938566 1567706019.9417171 bigbrain_2307_2412_694.nii 140675778811712
increment_file 1567706019.9421022 1567706030.0532095 bigbrain_2307_2412_694.nii 140675778811712
write_file 1567706030.071555 1567706033.2987912 inc-bigbrain_2307_2412_694.nii 140675778811712
task_duration 1567706139.9358966 1567706273.4027605 1567705458-optaneAD_1it_25cpus_120delay_withpc-2 140675778811712
read_file 1567706019.9744565 1567706019.9783933 bigbrain_2307_603_0.nii 140257261619008
increment_file 1567706019.9792547 1567706030.343648 bigbrain_2307_603_0.nii 140257261619008
write_file 1567706030.3489203 1567706033.6202307 inc-bigbrain_2307_603_0.nii 140257261619008
task_duration 1567706139.9718397 1567706273.7257965 1567705458-optaneAD_1it_25cpus_120delay_withpc-2 140257261619008
read_file 1567706019.9795294 1567706019.9816399 bigbrain_3076_0_2082.nii 139937288456000
increment_file 1567706019.9825594 1567706030.3388858 bigbrain_3076_0_2082.nii 139937288456000
write_file 1567706030.344731 1567706032.7418756 inc-bigbrain_3076_0_2082.nii 139937288456000
task_duration 1567706139.9766164 1567706272.8470433 1567705458-optaneAD_1it_25cpus_120delay_withpc-2 139937288456000
read_file 1567706019.9809308 1567706019.9833717 bigbrain_2307_603_1388.nii 139715824650048
increment_file 1567706019.9849746 1567706030.348542 bigbrain_2307_603_1388.nii 139715824650048
write_file 1567706030.3541071 1567706033.5738494 inc-bigbrain_2307_603_1388.nii 139715824650048
task_duration 1567706139.9775045 1567706273.6813483 1567705458-optaneAD_1it_25cpus_120delay_withpc-2 139715824650048
read_file 1567706019.9834414 1567706019.9846694 bigbrain_2307_603_694.nii 139676499093312
increment_file 1567706019.985102 1567706030.155835 bigbrain_2307_603_694.nii 139676499093312
write_file 1567706030.159228 1567706033.8599927 inc-bigbrain_2307_603_694.nii 139676499093312
task_duration 1567706139.9803905 1567706273.9632907 1567705458-optaneAD_1it_25cpus_120delay_withpc-2 139676499093312
read_file 1567706020.0047133 1567706020.0130782 bigbrain_2307_603_2082.nii 139785918678848
increment_file 1567706020.015545 1567706030.178689 bigbrain_2307_603_2082.nii 139785918678848
write_file 1567706030.1920128 1567706033.5341616 inc-bigbrain_2307_603_2082.nii 139785918678848
task_duration 1567706139.99834 1567706273.6391654 1567705458-optaneAD_1it_25cpus_120delay_withpc-2 139785918678848
read_file 1567706020.0069923 1567706020.0137017 bigbrain_3076_0_0.nii 140417289570112
increment_file 1567706020.015666 1567706030.1788266 bigbrain_3076_0_0.nii 140417289570112
write_file 1567706030.1880577 1567706034.16359 inc-bigbrain_3076_0_0.nii 140417289570112
task_duration 1567706139.9993079 1567706274.1702664 1567705458-optaneAD_1it_25cpus_120delay_withpc-2 140417289570112
read_file 1567706020.0092685 1567706020.0204525 bigbrain_2307_603_2776.nii 139967040464704
increment_file 1567706020.0239491 1567706030.3488302 bigbrain_2307_603_2776.nii 139967040464704
write_file 1567706030.3528125 1567706032.690421 inc-bigbrain_2307_603_2776.nii 139967040464704
task_duration 1567706140.0021496 1567706272.803414 1567705458-optaneAD_1it_25cpus_120delay_withpc-2 139967040464704
read_file 1567706020.0133543 1567706020.025286 bigbrain_3076_0_1388.nii 140103119513408
increment_file 1567706020.0278459 1567706030.2447674 bigbrain_3076_0_1388.nii 140103119513408
write_file 1567706030.2489488 1567706032.9766035 inc-bigbrain_3076_0_1388.nii 140103119513408
task_duration 1567706140.0059786 1567706273.0646553 1567705458-optaneAD_1it_25cpus_120delay_withpc-2 140103119513408
read_file 1567706137.5401583 1567706137.541518 bigbrain_3076_0_2776.nii 139961736668992
increment_file 1567706137.5418031 1567706138.0350163 bigbrain_3076_0_2776.nii 139961736668992
write_file 1567706138.0372024 1567706138.6211994 inc-bigbrain_3076_0_2776.nii 139961736668992
task_duration 1567706257.5374007 1567706378.7293525 1567705458-optaneAD_1it_25cpus_120delay_withpc-2 139961736668992
read_file 1567706139.787661 1567706139.7886012 bigbrain_3076_0_694.nii 139851946514240
increment_file 1567706139.788786 1567706140.3531654 bigbrain_3076_0_694.nii 139851946514240
write_file 1567706140.3554585 1567706142.06402 inc-bigbrain_3076_0_694.nii 139851946514240
task_duration 1567706259.7847385 1567706382.1704457 1567705458-optaneAD_1it_25cpus_120delay_withpc-2 139851946514240
read_file 1567706140.4950802 1567706140.4961255 bigbrain_3076_1206_0.nii 139835495053120
increment_file 1567706140.49631 1567706141.1245995 bigbrain_3076_1206_0.nii 139835495053120
write_file 1567706141.1269894 1567706142.763601 inc-bigbrain_3076_1206_0.nii 139835495053120
task_duration 1567706260.4924178 1567706382.8681765 1567705458-optaneAD_1it_25cpus_120delay_withpc-2 139835495053120
read_file 1567706140.5070336 1567706140.508555 bigbrain_3076_1206_1388.nii 140204265936704
increment_file 1567706140.5087566 1567706141.0815673 bigbrain_3076_1206_1388.nii 140204265936704
write_file 1567706141.0839384 1567706141.72665 inc-bigbrain_3076_1206_1388.nii 140204265936704
task_duration 1567706260.504156 1567706381.8328722 1567705458-optaneAD_1it_25cpus_120delay_withpc-2 140204265936704
read_file 1567706151.8809705 1567706151.8822758 bigbrain_3076_1206_2082.nii 139828723242816
increment_file 1567706151.8825233 1567706152.454049 bigbrain_3076_1206_2082.nii 139828723242816
write_file 1567706152.4564908 1567706153.8389184 inc-bigbrain_3076_1206_2082.nii 139828723242816
task_duration 1567706271.878965 1567706393.946376 1567705458-optaneAD_1it_25cpus_120delay_withpc-2 139828723242816
read_file 1567706152.2230196 1567706152.2244034 bigbrain_3076_1206_2776.nii 139812890879808
increment_file 1567706152.2246864 1567706152.8281646 bigbrain_3076_1206_2776.nii 139812890879808
write_file 1567706152.8305633 1567706154.9293785 inc-bigbrain_3076_1206_2776.nii 139812890879808
task_duration 1567706272.2212212 1567706395.043042 1567705458-optaneAD_1it_25cpus_120delay_withpc-2 139812890879808
read_file 1567706152.491301 1567706152.4925861 bigbrain_3076_1206_694.nii 140304158172992
increment_file 1567706152.4927802 1567706153.0525923 bigbrain_3076_1206_694.nii 140304158172992
write_file 1567706153.054841 1567706154.1203475 inc-bigbrain_3076_1206_694.nii 140304158172992
task_duration 1567706272.4884264 1567706394.2263641 1567705458-optaneAD_1it_25cpus_120delay_withpc-2 140304158172992
read_file 1567706153.0524483 1567706153.0541363 bigbrain_3076_1809_0.nii 140708921214784
increment_file 1567706153.054437 1567706153.9570374 bigbrain_3076_1809_0.nii 140708921214784
write_file 1567706153.9597921 1567706155.9416838 inc-bigbrain_3076_1809_0.nii 140708921214784
task_duration 1567706273.0501254 1567706396.049145 1567705458-optaneAD_1it_25cpus_120delay_withpc-2 140708921214784
read_file 1567706153.9675715 1567706153.9687157 bigbrain_3076_1809_1388.nii 139886020790080
increment_file 1567706153.9689195 1567706154.6414964 bigbrain_3076_1809_1388.nii 139886020790080
write_file 1567706154.6444523 1567706156.6090398 inc-bigbrain_3076_1809_1388.nii 139886020790080
task_duration 1567706273.965403 1567706396.7126627 1567705458-optaneAD_1it_25cpus_120delay_withpc-2 139886020790080
read_file 1567706154.8309333 1567706154.832477 bigbrain_3076_1809_2082.nii 140172077856576
increment_file 1567706154.8327844 1567706155.3890972 bigbrain_3076_1809_2082.nii 140172077856576
write_file 1567706155.3917437 1567706156.2460957 inc-bigbrain_3076_1809_2082.nii 140172077856576
task_duration 1567706274.828846 1567706396.3484774 1567705458-optaneAD_1it_25cpus_120delay_withpc-2 140172077856576
read_file 1567706155.1646373 1567706155.1660154 bigbrain_3076_1809_2776.nii 139773890750272
increment_file 1567706155.1662676 1567706155.9583435 bigbrain_3076_1809_2776.nii 139773890750272
write_file 1567706155.9607701 1567706160.599442 inc-bigbrain_3076_1809_2776.nii 139773890750272
task_duration 1567706275.1629057 1567706400.708263 1567705458-optaneAD_1it_25cpus_120delay_withpc-2 139773890750272
read_file 1567706155.9199739 1567706155.9214356 bigbrain_3076_1809_694.nii 139679180126016
increment_file 1567706155.9216955 1567706156.4719048 bigbrain_3076_1809_694.nii 139679180126016
write_file 1567706156.4744585 1567706157.1503272 inc-bigbrain_3076_1809_694.nii 139679180126016
task_duration 1567706275.9164767 1567706397.2594988 1567705458-optaneAD_1it_25cpus_120delay_withpc-2 139679180126016
read_file 1567706156.922545 1567706156.9238245 bigbrain_3076_2412_0.nii 139735792047936
increment_file 1567706156.9240685 1567706158.5495484 bigbrain_3076_2412_0.nii 139735792047936
write_file 1567706158.553952 1567706162.9541883 inc-bigbrain_3076_2412_0.nii 139735792047936
task_duration 1567706276.9208543 1567706403.0567093 1567705458-optaneAD_1it_25cpus_120delay_withpc-2 139735792047936
read_file 1567706157.2493756 1567706157.251056 bigbrain_3076_2412_1388.nii 140094790080320
increment_file 1567706157.251357 1567706159.897868 bigbrain_3076_2412_1388.nii 140094790080320
write_file 1567706159.9105132 1567706162.2781672 inc-bigbrain_3076_2412_1388.nii 140094790080320
task_duration 1567706277.2470818 1567706402.385989 1567705458-optaneAD_1it_25cpus_120delay_withpc-2 140094790080320
read_file 1567706157.2980247 1567706157.2994359 bigbrain_3076_2412_2082.nii 140146399000384
increment_file 1567706157.2997046 1567706160.3302224 bigbrain_3076_2412_2082.nii 140146399000384
write_file 1567706160.3352304 1567706163.198674 inc-bigbrain_3076_2412_2082.nii 140146399000384
task_duration 1567706277.29624 1567706403.3019352 1567705458-optaneAD_1it_25cpus_120delay_withpc-2 140146399000384
read_file 1567706157.3364353 1567706157.3377516 bigbrain_3076_2412_2776.nii 140699827902272
increment_file 1567706157.3380082 1567706160.5671525 bigbrain_3076_2412_2776.nii 140699827902272
write_file 1567706160.5745392 1567706163.1623437 inc-bigbrain_3076_2412_2776.nii 140699827902272
task_duration 1567706277.333938 1567706403.2666962 1567705458-optaneAD_1it_25cpus_120delay_withpc-2 140699827902272
read_file 1567706157.3458462 1567706157.346963 bigbrain_3076_2412_694.nii 140305936193344
increment_file 1567706157.3471859 1567706160.5944748 bigbrain_3076_2412_694.nii 140305936193344
write_file 1567706160.597 1567706163.2619967 inc-bigbrain_3076_2412_694.nii 140305936193344
task_duration 1567706277.3434143 1567706403.3653128 1567705458-optaneAD_1it_25cpus_120delay_withpc-2 140305936193344
read_file 1567706157.3572683 1567706157.3593328 bigbrain_3076_603_0.nii 139677264066368
increment_file 1567706157.3599374 1567706160.6275172 bigbrain_3076_603_0.nii 139677264066368
write_file 1567706160.635758 1567706162.417759 inc-bigbrain_3076_603_0.nii 139677264066368
task_duration 1567706277.3543677 1567706402.5258543 1567705458-optaneAD_1it_25cpus_120delay_withpc-2 139677264066368
read_file 1567706157.380058 1567706157.3822281 bigbrain_3076_603_1388.nii 139876795782976
increment_file 1567706157.3826497 1567706160.6652527 bigbrain_3076_603_1388.nii 139876795782976
write_file 1567706160.6683593 1567706163.0816455 inc-bigbrain_3076_603_1388.nii 139876795782976
task_duration 1567706277.3777637 1567706403.1860178 1567705458-optaneAD_1it_25cpus_120delay_withpc-2 139876795782976
read_file 1567706157.4000888 1567706157.4048266 bigbrain_3076_603_2776.nii 139777645754176
increment_file 1567706157.4062057 1567706160.6818058 bigbrain_3076_603_2776.nii 139777645754176
write_file 1567706160.6879566 1567706162.4168198 inc-bigbrain_3076_603_2776.nii 139777645754176
task_duration 1567706277.397186 1567706402.4817061 1567705458-optaneAD_1it_25cpus_120delay_withpc-2 139777645754176
read_file 1567706157.4101439 1567706157.4141572 bigbrain_3076_603_2082.nii 140616298657600
increment_file 1567706157.4149747 1567706160.6869187 bigbrain_3076_603_2082.nii 140616298657600
write_file 1567706160.6927283 1567706162.4714365 inc-bigbrain_3076_603_2082.nii 140616298657600
task_duration 1567706277.4069061 1567706402.5795028 1567705458-optaneAD_1it_25cpus_120delay_withpc-2 140616298657600
read_file 1567706157.490328 1567706157.493204 bigbrain_3076_603_694.nii 140078177670976
increment_file 1567706157.4940333 1567706160.7479737 bigbrain_3076_603_694.nii 140078177670976
write_file 1567706160.7505221 1567706163.2480283 inc-bigbrain_3076_603_694.nii 140078177670976
task_duration 1567706277.48852 1567706403.3518553 1567705458-optaneAD_1it_25cpus_120delay_withpc-2 140078177670976
read_file 1567706157.4998126 1567706157.5049999 bigbrain_769_0_0.nii 140187421718336
increment_file 1567706157.5066025 1567706160.7401888 bigbrain_769_0_0.nii 140187421718336
write_file 1567706160.7462072 1567706162.4753644 inc-bigbrain_769_0_0.nii 140187421718336
task_duration 1567706277.4955273 1567706402.5827062 1567705458-optaneAD_1it_25cpus_120delay_withpc-2 140187421718336
read_file 1567706157.5294826 1567706157.53284 bigbrain_769_0_1388.nii 140405860116288
increment_file 1567706157.5347147 1567706160.74939 bigbrain_769_0_1388.nii 140405860116288
write_file 1567706160.7520711 1567706162.438586 inc-bigbrain_769_0_1388.nii 140405860116288
task_duration 1567706277.5253837 1567706402.5456953 1567705458-optaneAD_1it_25cpus_120delay_withpc-2 140405860116288
read_file 1567706157.5341117 1567706157.537124 bigbrain_769_0_2082.nii 140432305182528
increment_file 1567706157.5375078 1567706160.7484975 bigbrain_769_0_2082.nii 140432305182528
write_file 1567706160.751298 1567706162.3509982 inc-bigbrain_769_0_2082.nii 140432305182528
task_duration 1567706277.5324867 1567706402.4582758 1567705458-optaneAD_1it_25cpus_120delay_withpc-2 140432305182528
read_file 1567706259.6710055 1567706259.6725032 bigbrain_769_0_2776.nii 139975331260224
increment_file 1567706259.6727974 1567706260.1654437 bigbrain_769_0_2776.nii 139975331260224
write_file 1567706260.167638 1567706260.7456186 inc-bigbrain_769_0_2776.nii 139975331260224
task_duration 1567706379.6682646 1567706500.8590553 1567705458-optaneAD_1it_25cpus_120delay_withpc-2 139975331260224
read_file 1567706262.6656322 1567706262.6675036 bigbrain_769_0_694.nii 139722257979200
increment_file 1567706262.6677155 1567706263.1868613 bigbrain_769_0_694.nii 139722257979200
write_file 1567706263.1892161 1567706263.9296536 inc-bigbrain_769_0_694.nii 139722257979200
task_duration 1567706382.6627233 1567706504.0409102 1567705458-optaneAD_1it_25cpus_120delay_withpc-2 139722257979200
read_file 1567706262.982487 1567706262.9840126 bigbrain_769_1206_0.nii 140331298858816
increment_file 1567706262.9843075 1567706263.6217186 bigbrain_769_1206_0.nii 140331298858816
write_file 1567706263.6242278 1567706265.3019547 inc-bigbrain_769_1206_0.nii 140331298858816
task_duration 1567706382.9803367 1567706505.4078746 1567705458-optaneAD_1it_25cpus_120delay_withpc-2 140331298858816
read_file 1567706263.501184 1567706263.5028872 bigbrain_769_1206_1388.nii 140690877265728
increment_file 1567706263.5032103 1567706264.1456118 bigbrain_769_1206_1388.nii 140690877265728
write_file 1567706264.1478858 1567706264.9741461 inc-bigbrain_769_1206_1388.nii 140690877265728
task_duration 1567706383.498868 1567706505.0799434 1567705458-optaneAD_1it_25cpus_120delay_withpc-2 140690877265728
read_file 1567706274.7767563 1567706274.7783048 bigbrain_769_1206_2082.nii 140347463591744
increment_file 1567706274.7785842 1567706275.3069215 bigbrain_769_1206_2082.nii 140347463591744
write_file 1567706275.3095143 1567706275.97515 inc-bigbrain_769_1206_2082.nii 140347463591744
task_duration 1567706394.7745934 1567706516.086564 1567705458-optaneAD_1it_25cpus_120delay_withpc-2 140347463591744
read_file 1567706275.0529115 1567706275.0547533 bigbrain_769_1206_2776.nii 140287960479552
increment_file 1567706275.0550969 1567706275.6843038 bigbrain_769_1206_2776.nii 140287960479552
write_file 1567706275.6867192 1567706277.3513544 inc-bigbrain_769_1206_2776.nii 140287960479552
task_duration 1567706395.0502288 1567706517.457617 1567705458-optaneAD_1it_25cpus_120delay_withpc-2 140287960479552
read_file 1567706275.6666493 1567706275.6676116 bigbrain_769_1206_694.nii 139892679833408
increment_file 1567706275.6678493 1567706276.1756566 bigbrain_769_1206_694.nii 139892679833408
write_file 1567706276.177897 1567706276.79119 inc-bigbrain_769_1206_694.nii 139892679833408
task_duration 1567706395.6653147 1567706516.9045594 1567705458-optaneAD_1it_25cpus_120delay_withpc-2 139892679833408
read_file 1567706276.7518 1567706276.7537453 bigbrain_769_1809_0.nii 140488462505792
increment_file 1567706276.7540472 1567706277.3467903 bigbrain_769_1809_0.nii 140488462505792
write_file 1567706277.349226 1567706279.1783109 inc-bigbrain_769_1809_0.nii 140488462505792
task_duration 1567706396.7491136 1567706519.2832327 1567705458-optaneAD_1it_25cpus_120delay_withpc-2 140488462505792
read_file 1567706277.1273053 1567706277.1283605 bigbrain_769_1809_1388.nii 139805386585920
increment_file 1567706277.1285548 1567706277.6974058 bigbrain_769_1809_1388.nii 139805386585920
write_file 1567706277.6998227 1567706278.4327207 inc-bigbrain_769_1809_1388.nii 139805386585920
task_duration 1567706397.125353 1567706518.5394204 1567705458-optaneAD_1it_25cpus_120delay_withpc-2 139805386585920
read_file 1567706277.4222858 1567706277.4234476 bigbrain_769_1809_2082.nii 140590425560896
increment_file 1567706277.4236536 1567706278.1361308 bigbrain_769_1809_2082.nii 140590425560896
write_file 1567706278.138518 1567706279.7873778 inc-bigbrain_769_1809_2082.nii 140590425560896
task_duration 1567706397.4200764 1567706519.8973656 1567705458-optaneAD_1it_25cpus_120delay_withpc-2 140590425560896
read_file 1567706277.8817182 1567706277.8829222 bigbrain_769_1809_2776.nii 139807250728768
increment_file 1567706277.8831801 1567706278.4602134 bigbrain_769_1809_2776.nii 139807250728768
write_file 1567706278.462512 1567706279.0939791 inc-bigbrain_769_1809_2776.nii 139807250728768
task_duration 1567706397.8800507 1567706519.2023177 1567705458-optaneAD_1it_25cpus_120delay_withpc-2 139807250728768
read_file 1567706281.4643652 1567706281.465298 bigbrain_769_1809_694.nii 140706870290240
increment_file 1567706281.4655306 1567706282.0156624 bigbrain_769_1809_694.nii 140706870290240
write_file 1567706282.017864 1567706283.5967314 inc-bigbrain_769_1809_694.nii 140706870290240
task_duration 1567706401.4616592 1567706523.7074413 1567705458-optaneAD_1it_25cpus_120delay_withpc-2 140706870290240
read_file 1567706284.5904672 1567706284.5922701 bigbrain_769_2412_0.nii 139984680068928
increment_file 1567706284.5925462 1567706285.2208261 bigbrain_769_2412_0.nii 139984680068928
write_file 1567706285.223303 1567706288.2667582 inc-bigbrain_769_2412_0.nii 139984680068928
task_duration 1567706404.5871723 1567706528.3799708 1567705458-optaneAD_1it_25cpus_120delay_withpc-2 139984680068928
read_file 1567706284.8851855 1567706284.8862743 bigbrain_769_2412_2082.nii 140016182171456
increment_file 1567706284.886509 1567706285.832672 bigbrain_769_2412_2082.nii 140016182171456
write_file 1567706285.8350713 1567706288.5285726 inc-bigbrain_769_2412_2082.nii 140016182171456
task_duration 1567706404.882855 1567706528.6420348 1567705458-optaneAD_1it_25cpus_120delay_withpc-2 140016182171456
read_file 1567706284.8856819 1567706284.8869393 bigbrain_769_2412_1388.nii 139736728307520
increment_file 1567706284.887162 1567706285.8358805 bigbrain_769_2412_1388.nii 139736728307520
write_file 1567706285.838509 1567706288.548228 inc-bigbrain_769_2412_1388.nii 139736728307520
task_duration 1567706404.8836558 1567706528.6617467 1567705458-optaneAD_1it_25cpus_120delay_withpc-2 139736728307520
read_file 1567706285.0178578 1567706285.0191875 bigbrain_769_2412_2776.nii 140479552165696
increment_file 1567706285.0194588 1567706286.0751731 bigbrain_769_2412_2776.nii 140479552165696
write_file 1567706286.0776641 1567706288.6731024 inc-bigbrain_769_2412_2776.nii 140479552165696
task_duration 1567706405.0161457 1567706528.786571 1567705458-optaneAD_1it_25cpus_120delay_withpc-2 140479552165696
read_file 1567706285.0529976 1567706285.0544224 bigbrain_769_2412_694.nii 140597809821504
increment_file 1567706285.054695 1567706286.039908 bigbrain_769_2412_694.nii 140597809821504
write_file 1567706286.0436106 1567706287.6849613 inc-bigbrain_769_2412_694.nii 140597809821504
task_duration 1567706405.0511327 1567706527.796786 1567705458-optaneAD_1it_25cpus_120delay_withpc-2 140597809821504
read_file 1567706285.1012957 1567706285.102839 bigbrain_769_603_0.nii 140542226163520
increment_file 1567706285.1030858 1567706286.1188629 bigbrain_769_603_0.nii 140542226163520
write_file 1567706286.123725 1567706287.7507226 inc-bigbrain_769_603_0.nii 140542226163520
task_duration 1567706405.0982177 1567706527.8572416 1567705458-optaneAD_1it_25cpus_120delay_withpc-2 140542226163520
read_file 1567706285.1061804 1567706285.1078432 bigbrain_769_603_1388.nii 140172780341056
increment_file 1567706285.1081111 1567706286.1337588 bigbrain_769_603_1388.nii 140172780341056
write_file 1567706286.138437 1567706287.7605028 inc-bigbrain_769_603_1388.nii 140172780341056
task_duration 1567706405.1036344 1567706527.8680155 1567705458-optaneAD_1it_25cpus_120delay_withpc-2 140172780341056
read_file 1567706285.320068 1567706285.3213458 bigbrain_769_603_2082.nii 139999003776832
increment_file 1567706285.3217552 1567706286.7426527 bigbrain_769_603_2082.nii 139999003776832
write_file 1567706286.7451022 1567706288.5471673 inc-bigbrain_769_603_2082.nii 139999003776832
task_duration 1567706405.317178 1567706528.6576366 1567705458-optaneAD_1it_25cpus_120delay_withpc-2 139999003776832
read_file 1567706285.360329 1567706285.3626635 bigbrain_769_603_2776.nii 140618539337536
increment_file 1567706285.363223 1567706286.5097375 bigbrain_769_603_2776.nii 140618539337536
write_file 1567706286.514615 1567706287.884841 inc-bigbrain_769_603_2776.nii 140618539337536
task_duration 1567706405.3580222 1567706527.9962518 1567705458-optaneAD_1it_25cpus_120delay_withpc-2 140618539337536
read_file 1567706285.3730564 1567706285.374939 bigbrain_769_603_694.nii 139622800676672
increment_file 1567706285.3752456 1567706286.5213041 bigbrain_769_603_694.nii 139622800676672
write_file 1567706286.526933 1567706287.8928468 inc-bigbrain_769_603_694.nii 139622800676672
task_duration 1567706405.3708131 1567706528.0043428 1567705458-optaneAD_1it_25cpus_120delay_withpc-2 139622800676672
