read_file 1567721040.4978435 1567721040.4992533 bigbrain_769_2412_1388.nii 140464827139904
increment_file 1567721040.4994807 1567721042.348557 bigbrain_769_2412_1388.nii 140464827139904
write_file 1567721042.370622 1567721043.505519 inc-bigbrain_769_2412_1388.nii 140464827139904
task_duration 1567721040.494999 1567721043.5096316 1567720951-localAD_1it_96cpus_0delay_npc-4 140464827139904
read_file 1567721040.497916 1567721040.4992535 bigbrain_1538_1206_2776.nii 139812381685568
increment_file 1567721040.4994938 1567721042.361384 bigbrain_1538_1206_2776.nii 139812381685568
write_file 1567721042.381629 1567721043.5494747 inc-bigbrain_1538_1206_2776.nii 139812381685568
task_duration 1567721040.495378 1567721043.5526166 1567720951-localAD_1it_96cpus_0delay_npc-4 139812381685568
read_file 1567721040.4979336 1567721040.4992638 bigbrain_1538_2412_2776.nii 140252208678720
increment_file 1567721040.4995284 1567721042.0552664 bigbrain_1538_2412_2776.nii 140252208678720
write_file 1567721042.0793788 1567721043.365833 inc-bigbrain_1538_2412_2776.nii 140252208678720
task_duration 1567721040.495345 1567721043.3715792 1567720951-localAD_1it_96cpus_0delay_npc-4 140252208678720
read_file 1567721040.4978542 1567721040.4993355 bigbrain_3076_0_2082.nii 139672027408192
increment_file 1567721040.4995813 1567721042.043038 bigbrain_3076_0_2082.nii 139672027408192
write_file 1567721042.057899 1567721043.146788 inc-bigbrain_3076_0_2082.nii 139672027408192
task_duration 1567721040.4935923 1567721043.154838 1567720951-localAD_1it_96cpus_0delay_npc-4 139672027408192
read_file 1567721040.4979036 1567721040.4993458 bigbrain_2307_603_694.nii 139626598500160
increment_file 1567721040.4996667 1567721041.9930828 bigbrain_2307_603_694.nii 139626598500160
write_file 1567721042.0081513 1567721043.0227153 inc-bigbrain_2307_603_694.nii 139626598500160
task_duration 1567721040.493834 1567721043.0334558 1567720951-localAD_1it_96cpus_0delay_npc-4 139626598500160
read_file 1567721040.4979074 1567721040.4993632 bigbrain_2307_603_0.nii 139765185705792
increment_file 1567721040.4996722 1567721042.0397801 bigbrain_2307_603_0.nii 139765185705792
write_file 1567721042.0543458 1567721043.1697166 inc-bigbrain_2307_603_0.nii 139765185705792
task_duration 1567721040.4939592 1567721043.1755066 1567720951-localAD_1it_96cpus_0delay_npc-4 139765185705792
read_file 1567721040.497892 1567721040.4993696 bigbrain_1538_2412_694.nii 140344754599744
increment_file 1567721040.499714 1567721042.2067192 bigbrain_1538_2412_694.nii 140344754599744
write_file 1567721042.221925 1567721043.3253982 inc-bigbrain_1538_2412_694.nii 140344754599744
task_duration 1567721040.4939685 1567721043.3320832 1567720951-localAD_1it_96cpus_0delay_npc-4 140344754599744
read_file 1567721040.4978545 1567721040.4994183 bigbrain_769_0_0.nii 139812013209408
increment_file 1567721040.4997928 1567721042.3997018 bigbrain_769_0_0.nii 139812013209408
write_file 1567721042.4208965 1567721043.579802 inc-bigbrain_769_0_0.nii 139812013209408
task_duration 1567721040.4931548 1567721043.5826116 1567720951-localAD_1it_96cpus_0delay_npc-4 139812013209408
read_file 1567721040.4982204 1567721040.4994884 bigbrain_1538_603_2082.nii 139775602751296
increment_file 1567721040.4998384 1567721041.916926 bigbrain_1538_603_2082.nii 139775602751296
write_file 1567721041.9393377 1567721043.089574 inc-bigbrain_1538_603_2082.nii 139775602751296
task_duration 1567721040.494301 1567721043.0965765 1567720951-localAD_1it_96cpus_0delay_npc-4 139775602751296
read_file 1567721040.498214 1567721040.499532 bigbrain_2307_1809_2776.nii 140287479981888
increment_file 1567721040.4998684 1567721041.9449358 bigbrain_2307_1809_2776.nii 140287479981888
write_file 1567721041.9678345 1567721043.2559695 inc-bigbrain_2307_1809_2776.nii 140287479981888
task_duration 1567721040.4952378 1567721043.260801 1567720951-localAD_1it_96cpus_0delay_npc-4 140287479981888
read_file 1567721040.4981418 1567721040.499619 bigbrain_3076_1809_1388.nii 139972214478656
increment_file 1567721040.4999125 1567721041.6659093 bigbrain_3076_1809_1388.nii 139972214478656
write_file 1567721041.6855512 1567721042.6234915 inc-bigbrain_3076_1809_1388.nii 139972214478656
task_duration 1567721040.494006 1567721042.6307218 1567720951-localAD_1it_96cpus_0delay_npc-4 139972214478656
read_file 1567721040.4981804 1567721040.4996345 bigbrain_2307_603_1388.nii 140102174889792
increment_file 1567721040.4999425 1567721041.6506643 bigbrain_2307_603_1388.nii 140102174889792
write_file 1567721041.669374 1567721042.599427 inc-bigbrain_2307_603_1388.nii 140102174889792
task_duration 1567721040.4942715 1567721042.6067705 1567720951-localAD_1it_96cpus_0delay_npc-4 140102174889792
read_file 1567721040.4982018 1567721040.4996386 bigbrain_3076_1206_2082.nii 140252089321280
increment_file 1567721040.4999726 1567721041.8967865 bigbrain_3076_1206_2082.nii 140252089321280
write_file 1567721041.925184 1567721043.2551863 inc-bigbrain_3076_1206_2082.nii 140252089321280
task_duration 1567721040.4948661 1567721043.2600415 1567720951-localAD_1it_96cpus_0delay_npc-4 140252089321280
read_file 1567721040.4981272 1567721040.4996402 bigbrain_769_1206_0.nii 140092904150848
increment_file 1567721040.499998 1567721041.9901094 bigbrain_769_1206_0.nii 140092904150848
write_file 1567721042.01079 1567721043.3139436 inc-bigbrain_769_1206_0.nii 140092904150848
task_duration 1567721040.4941494 1567721043.3175237 1567720951-localAD_1it_96cpus_0delay_npc-4 140092904150848
read_file 1567721040.4982386 1567721040.4997373 bigbrain_1538_1809_2082.nii 140368052188992
increment_file 1567721040.500043 1567721041.831286 bigbrain_1538_1809_2082.nii 140368052188992
write_file 1567721041.8624322 1567721043.1801374 inc-bigbrain_1538_1809_2082.nii 140368052188992
task_duration 1567721040.4939017 1567721043.1901104 1567720951-localAD_1it_96cpus_0delay_npc-4 140368052188992
read_file 1567721040.4983277 1567721040.4997478 bigbrain_3076_603_2082.nii 140517245482816
increment_file 1567721040.5000737 1567721041.832097 bigbrain_3076_603_2082.nii 140517245482816
write_file 1567721041.8612015 1567721043.1247728 inc-bigbrain_3076_603_2082.nii 140517245482816
task_duration 1567721040.493666 1567721043.1353657 1567720951-localAD_1it_96cpus_0delay_npc-4 140517245482816
read_file 1567721040.4981663 1567721040.499944 bigbrain_1538_603_2776.nii 139717239801664
increment_file 1567721040.5002 1567721041.866463 bigbrain_1538_603_2776.nii 139717239801664
write_file 1567721041.893398 1567721042.9765806 inc-bigbrain_1538_603_2776.nii 139717239801664
task_duration 1567721040.4940944 1567721042.9841 1567720951-localAD_1it_96cpus_0delay_npc-4 139717239801664
read_file 1567721040.498162 1567721040.499961 bigbrain_1538_603_1388.nii 140045589387072
increment_file 1567721040.5002248 1567721041.6934767 bigbrain_1538_603_1388.nii 140045589387072
write_file 1567721041.7121222 1567721042.7281075 inc-bigbrain_1538_603_1388.nii 140045589387072
task_duration 1567721040.49356 1567721042.7347288 1567720951-localAD_1it_96cpus_0delay_npc-4 140045589387072
read_file 1567721040.4981613 1567721040.5002778 bigbrain_3076_603_694.nii 139662659823424
increment_file 1567721040.500529 1567721041.9491992 bigbrain_3076_603_694.nii 139662659823424
write_file 1567721041.9717965 1567721043.2750635 inc-bigbrain_3076_603_694.nii 139662659823424
task_duration 1567721040.493431 1567721043.2785459 1567720951-localAD_1it_96cpus_0delay_npc-4 139662659823424
read_file 1567721040.4984965 1567721040.5003777 bigbrain_769_1206_2082.nii 139945642149696
increment_file 1567721040.500626 1567721042.3859813 bigbrain_769_1206_2082.nii 139945642149696
write_file 1567721042.4100306 1567721043.5172942 inc-bigbrain_769_1206_2082.nii 139945642149696
task_duration 1567721040.4938219 1567721043.5214517 1567720951-localAD_1it_96cpus_0delay_npc-4 139945642149696
read_file 1567721040.4984155 1567721040.5005527 bigbrain_2307_2412_2776.nii 140560414549824
increment_file 1567721040.5008209 1567721041.99718 bigbrain_2307_2412_2776.nii 140560414549824
write_file 1567721042.0125484 1567721043.0352569 inc-bigbrain_2307_2412_2776.nii 140560414549824
task_duration 1567721040.4937894 1567721043.046096 1567720951-localAD_1it_96cpus_0delay_npc-4 140560414549824
read_file 1567721040.4988115 1567721040.5007453 bigbrain_1538_603_0.nii 140575282644800
increment_file 1567721040.500997 1567721041.7742057 bigbrain_1538_603_0.nii 140575282644800
write_file 1567721041.7856617 1567721042.781861 inc-bigbrain_1538_603_0.nii 140575282644800
task_duration 1567721040.4935164 1567721042.7888138 1567720951-localAD_1it_96cpus_0delay_npc-4 140575282644800
read_file 1567721040.4988708 1567721040.500751 bigbrain_2307_1809_694.nii 140080194266944
increment_file 1567721040.5010204 1567721041.8946505 bigbrain_2307_1809_694.nii 140080194266944
write_file 1567721041.9199886 1567721043.127004 inc-bigbrain_2307_1809_694.nii 140080194266944
task_duration 1567721040.4938333 1567721043.1339011 1567720951-localAD_1it_96cpus_0delay_npc-4 140080194266944
read_file 1567721040.500045 1567721040.5018628 bigbrain_2307_2412_0.nii 140616589162304
increment_file 1567721040.5021272 1567721041.6797047 bigbrain_2307_2412_0.nii 140616589162304
write_file 1567721041.7125618 1567721043.019396 inc-bigbrain_2307_2412_0.nii 140616589162304
task_duration 1567721040.4972854 1567721043.029432 1567720951-localAD_1it_96cpus_0delay_npc-4 140616589162304
read_file 1567721040.5007846 1567721040.5020072 bigbrain_769_603_2082.nii 140215830521664
increment_file 1567721040.5022008 1567721042.350486 bigbrain_769_603_2082.nii 140215830521664
write_file 1567721042.3725908 1567721043.5446591 inc-bigbrain_769_603_2082.nii 140215830521664
task_duration 1567721040.498477 1567721043.548227 1567720951-localAD_1it_96cpus_0delay_npc-4 140215830521664
read_file 1567721040.5004225 1567721040.5021508 bigbrain_3076_1206_2776.nii 140477645772608
increment_file 1567721040.5023663 1567721042.0189588 bigbrain_3076_1206_2776.nii 140477645772608
write_file 1567721042.0340636 1567721043.0357618 inc-bigbrain_3076_1206_2776.nii 140477645772608
task_duration 1567721040.498131 1567721043.0446978 1567720951-localAD_1it_96cpus_0delay_npc-4 140477645772608
read_file 1567721040.5009694 1567721040.502328 bigbrain_2307_603_2082.nii 140308086249280
increment_file 1567721040.5025055 1567721041.7064662 bigbrain_2307_603_2082.nii 140308086249280
write_file 1567721041.723989 1567721042.7064767 inc-bigbrain_2307_603_2082.nii 140308086249280
task_duration 1567721040.498659 1567721042.7135348 1567720951-localAD_1it_96cpus_0delay_npc-4 140308086249280
read_file 1567721040.5010977 1567721040.5023587 bigbrain_2307_1809_1388.nii 140211094435648
increment_file 1567721040.5025303 1567721041.96177 bigbrain_2307_1809_1388.nii 140211094435648
write_file 1567721041.9852176 1567721043.2576315 inc-bigbrain_2307_1809_1388.nii 140211094435648
task_duration 1567721040.4987545 1567721043.2613106 1567720951-localAD_1it_96cpus_0delay_npc-4 140211094435648
read_file 1567721040.5008998 1567721040.5026844 bigbrain_3076_1206_1388.nii 139653312522048
increment_file 1567721040.502916 1567721041.9205189 bigbrain_3076_1206_1388.nii 139653312522048
write_file 1567721041.9456089 1567721043.2377234 inc-bigbrain_3076_1206_1388.nii 139653312522048
task_duration 1567721040.4985213 1567721043.2421532 1567720951-localAD_1it_96cpus_0delay_npc-4 139653312522048
read_file 1567721040.501037 1567721040.502743 bigbrain_769_2412_2082.nii 139719419684672
increment_file 1567721040.502932 1567721041.9608166 bigbrain_769_2412_2082.nii 139719419684672
write_file 1567721041.9853594 1567721043.237481 inc-bigbrain_769_2412_2082.nii 139719419684672
task_duration 1567721040.4985476 1567721043.2445667 1567720951-localAD_1it_96cpus_0delay_npc-4 139719419684672
read_file 1567721040.5011573 1567721040.502764 bigbrain_1538_1206_2082.nii 140374955243328
increment_file 1567721040.502987 1567721041.987118 bigbrain_1538_1206_2082.nii 140374955243328
write_file 1567721042.0076606 1567721043.222502 inc-bigbrain_1538_1206_2082.nii 140374955243328
task_duration 1567721040.4988632 1567721043.2275393 1567720951-localAD_1it_96cpus_0delay_npc-4 140374955243328
read_file 1567721040.5011454 1567721040.5028794 bigbrain_2307_1809_2082.nii 140320159950656
increment_file 1567721040.5030994 1567721041.9488313 bigbrain_2307_1809_2082.nii 140320159950656
write_file 1567721041.9718142 1567721043.2532225 inc-bigbrain_2307_1809_2082.nii 140320159950656
task_duration 1567721040.4987636 1567721043.2574272 1567720951-localAD_1it_96cpus_0delay_npc-4 140320159950656
read_file 1567721040.5012362 1567721040.5028853 bigbrain_3076_603_1388.nii 140017963980608
increment_file 1567721040.5031598 1567721041.997631 bigbrain_3076_603_1388.nii 140017963980608
write_file 1567721042.0169334 1567721043.3019881 inc-bigbrain_3076_603_1388.nii 140017963980608
task_duration 1567721040.4989018 1567721043.3058352 1567720951-localAD_1it_96cpus_0delay_npc-4 140017963980608
read_file 1567721040.5012362 1567721040.5028849 bigbrain_3076_2412_0.nii 139765301028672
increment_file 1567721040.503171 1567721042.0041234 bigbrain_3076_2412_0.nii 139765301028672
write_file 1567721042.0255277 1567721043.3019176 inc-bigbrain_3076_2412_0.nii 139765301028672
task_duration 1567721040.4989073 1567721043.3058667 1567720951-localAD_1it_96cpus_0delay_npc-4 139765301028672
read_file 1567721040.5010738 1567721040.5028887 bigbrain_3076_2412_1388.nii 140152195229504
increment_file 1567721040.503221 1567721042.2519696 bigbrain_3076_2412_1388.nii 140152195229504
write_file 1567721042.273868 1567721043.3857436 inc-bigbrain_3076_2412_1388.nii 140152195229504
task_duration 1567721040.4986703 1567721043.3906088 1567720951-localAD_1it_96cpus_0delay_npc-4 140152195229504
read_file 1567721040.5012014 1567721040.5028925 bigbrain_3076_2412_2776.nii 139636459394880
increment_file 1567721040.5032675 1567721041.704697 bigbrain_3076_2412_2776.nii 139636459394880
write_file 1567721041.7361298 1567721043.0352027 inc-bigbrain_3076_2412_2776.nii 139636459394880
task_duration 1567721040.4989266 1567721043.0432708 1567720951-localAD_1it_96cpus_0delay_npc-4 139636459394880
read_file 1567721040.5017698 1567721040.502936 bigbrain_1538_0_694.nii 140607885920064
increment_file 1567721040.5032527 1567721042.3378687 bigbrain_1538_0_694.nii 140607885920064
write_file 1567721042.3605058 1567721043.5157526 inc-bigbrain_1538_0_694.nii 140607885920064
task_duration 1567721040.5003405 1567721043.5193934 1567720951-localAD_1it_96cpus_0delay_npc-4 140607885920064
read_file 1567721040.5011895 1567721040.502985 bigbrain_2307_0_2082.nii 140071333394240
increment_file 1567721040.503342 1567721041.9915514 bigbrain_2307_0_2082.nii 140071333394240
write_file 1567721042.0134037 1567721043.270338 inc-bigbrain_2307_0_2082.nii 140071333394240
task_duration 1567721040.4987807 1567721043.2795503 1567720951-localAD_1it_96cpus_0delay_npc-4 140071333394240
read_file 1567721040.5013158 1567721040.5030756 bigbrain_2307_1206_694.nii 140609891059520
increment_file 1567721040.503385 1567721042.0246892 bigbrain_2307_1206_694.nii 140609891059520
write_file 1567721042.0405524 1567721043.0881097 inc-bigbrain_2307_1206_694.nii 140609891059520
task_duration 1567721040.4988341 1567721043.0986536 1567720951-localAD_1it_96cpus_0delay_npc-4 140609891059520
read_file 1567721040.5012398 1567721040.503085 bigbrain_769_2412_0.nii 140272286992192
increment_file 1567721040.5034168 1567721041.8851767 bigbrain_769_2412_0.nii 140272286992192
write_file 1567721041.9131095 1567721043.2137928 inc-bigbrain_769_2412_0.nii 140272286992192
task_duration 1567721040.4987931 1567721043.2205105 1567720951-localAD_1it_96cpus_0delay_npc-4 140272286992192
read_file 1567721040.5014644 1567721040.503241 bigbrain_769_603_0.nii 139784944396096
increment_file 1567721040.503468 1567721041.9948952 bigbrain_769_603_0.nii 139784944396096
write_file 1567721042.0164537 1567721043.2305214 inc-bigbrain_769_603_0.nii 139784944396096
task_duration 1567721040.4990518 1567721043.2381473 1567720951-localAD_1it_96cpus_0delay_npc-4 139784944396096
read_file 1567721040.5014644 1567721040.5032418 bigbrain_2307_1206_2082.nii 139997818984256
increment_file 1567721040.5035262 1567721041.572838 bigbrain_2307_1206_2082.nii 139997818984256
write_file 1567721041.5924726 1567721042.5277722 inc-bigbrain_2307_1206_2082.nii 139997818984256
task_duration 1567721040.4990294 1567721042.537157 1567720951-localAD_1it_96cpus_0delay_npc-4 139997818984256
read_file 1567721040.5020912 1567721040.5032914 bigbrain_2307_0_2776.nii 140407189268288
increment_file 1567721040.5035167 1567721041.5581439 bigbrain_2307_0_2776.nii 140407189268288
write_file 1567721041.5769656 1567721042.4773917 inc-bigbrain_2307_0_2776.nii 140407189268288
task_duration 1567721040.500672 1567721042.4852698 1567720951-localAD_1it_96cpus_0delay_npc-4 140407189268288
read_file 1567721040.5015447 1567721040.5033953 bigbrain_769_2412_694.nii 140010160387904
increment_file 1567721040.5036764 1567721041.9838095 bigbrain_769_2412_694.nii 140010160387904
write_file 1567721042.000616 1567721043.0338688 inc-bigbrain_769_2412_694.nii 140010160387904
task_duration 1567721040.4990816 1567721043.045227 1567720951-localAD_1it_96cpus_0delay_npc-4 140010160387904
read_file 1567721040.5039017 1567721040.5054657 bigbrain_3076_0_0.nii 139777100023616
increment_file 1567721040.5057077 1567721042.0745187 bigbrain_3076_0_0.nii 139777100023616
write_file 1567721042.0892992 1567721043.1575239 inc-bigbrain_3076_0_0.nii 139777100023616
task_duration 1567721040.5016346 1567721043.165705 1567720951-localAD_1it_96cpus_0delay_npc-4 139777100023616
read_file 1567721040.5026982 1567721040.5057204 bigbrain_3076_1809_0.nii 139839842359104
increment_file 1567721040.506166 1567721041.9835284 bigbrain_3076_1809_0.nii 139839842359104
write_file 1567721042.006886 1567721043.040055 inc-bigbrain_3076_1809_0.nii 139839842359104
task_duration 1567721040.4999127 1567721043.0505915 1567720951-localAD_1it_96cpus_0delay_npc-4 139839842359104
read_file 1567721040.5044014 1567721040.5059981 bigbrain_3076_1809_694.nii 140296757200704
increment_file 1567721040.5062268 1567721042.3445666 bigbrain_3076_1809_694.nii 140296757200704
write_file 1567721042.3657155 1567721043.5150042 inc-bigbrain_3076_1809_694.nii 140296757200704
task_duration 1567721040.5023186 1567721043.5191634 1567720951-localAD_1it_96cpus_0delay_npc-4 140296757200704
read_file 1567721040.5043373 1567721040.5071754 bigbrain_769_1809_694.nii 140203836987200
increment_file 1567721040.507547 1567721042.0182426 bigbrain_769_1809_694.nii 140203836987200
write_file 1567721042.0338335 1567721043.0810046 inc-bigbrain_769_1809_694.nii 140203836987200
task_duration 1567721040.5009644 1567721043.0906026 1567720951-localAD_1it_96cpus_0delay_npc-4 140203836987200
read_file 1567721040.5057719 1567721040.508218 bigbrain_3076_1809_2082.nii 140712193451840
increment_file 1567721040.5084887 1567721042.376873 bigbrain_3076_1809_2082.nii 140712193451840
write_file 1567721042.3997674 1567721043.5324585 inc-bigbrain_3076_1809_2082.nii 140712193451840
task_duration 1567721040.5024414 1567721043.5362294 1567720951-localAD_1it_96cpus_0delay_npc-4 140712193451840
read_file 1567721040.5071354 1567721040.5087306 bigbrain_1538_0_2776.nii 140247288096576
increment_file 1567721040.5089607 1567721041.833278 bigbrain_1538_0_2776.nii 140247288096576
write_file 1567721041.8607388 1567721042.8871777 inc-bigbrain_1538_0_2776.nii 140247288096576
task_duration 1567721040.5047243 1567721042.8942428 1567720951-localAD_1it_96cpus_0delay_npc-4 140247288096576
read_file 1567721040.5077903 1567721040.509021 bigbrain_1538_1809_694.nii 140316169488192
increment_file 1567721040.5092175 1567721041.8810263 bigbrain_1538_1809_694.nii 140316169488192
write_file 1567721041.9156144 1567721043.0106158 inc-bigbrain_1538_1809_694.nii 140316169488192
task_duration 1567721040.5062397 1567721043.0199878 1567720951-localAD_1it_96cpus_0delay_npc-4 140316169488192
read_file 1567721040.5084288 1567721040.50961 bigbrain_2307_2412_694.nii 140197894371136
increment_file 1567721040.5097818 1567721042.2927263 bigbrain_2307_2412_694.nii 140197894371136
write_file 1567721042.3156455 1567721043.488888 inc-bigbrain_2307_2412_694.nii 140197894371136
task_duration 1567721040.507141 1567721043.4936178 1567720951-localAD_1it_96cpus_0delay_npc-4 140197894371136
read_file 1567721040.5082886 1567721040.509637 bigbrain_3076_1809_2776.nii 140371501070144
increment_file 1567721040.5098405 1567721041.9964492 bigbrain_3076_1809_2776.nii 140371501070144
write_file 1567721042.0178254 1567721043.2766628 inc-bigbrain_3076_1809_2776.nii 140371501070144
task_duration 1567721040.5061305 1567721043.2799704 1567720951-localAD_1it_96cpus_0delay_npc-4 140371501070144
read_file 1567721040.5083768 1567721040.5098464 bigbrain_769_0_1388.nii 140717274847040
increment_file 1567721040.5100436 1567721041.678365 bigbrain_769_0_1388.nii 140717274847040
write_file 1567721041.7089252 1567721043.0485394 inc-bigbrain_769_0_1388.nii 140717274847040
task_duration 1567721040.5063326 1567721043.0569592 1567720951-localAD_1it_96cpus_0delay_npc-4 140717274847040
read_file 1567721040.508662 1567721040.5100257 bigbrain_1538_603_694.nii 140308596688704
increment_file 1567721040.5102334 1567721042.201874 bigbrain_1538_603_694.nii 140308596688704
write_file 1567721042.2244332 1567721043.4265003 inc-bigbrain_1538_603_694.nii 140308596688704
task_duration 1567721040.506776 1567721043.4307337 1567720951-localAD_1it_96cpus_0delay_npc-4 140308596688704
read_file 1567721040.5088933 1567721040.5102723 bigbrain_1538_1206_694.nii 140459997890368
increment_file 1567721040.5104723 1567721041.9246347 bigbrain_1538_1206_694.nii 140459997890368
write_file 1567721041.9469495 1567721043.0888925 inc-bigbrain_1538_1206_694.nii 140459997890368
task_duration 1567721040.5070813 1567721043.0972264 1567720951-localAD_1it_96cpus_0delay_npc-4 140459997890368
read_file 1567721040.510014 1567721040.511906 bigbrain_1538_1809_1388.nii 140434225706816
increment_file 1567721040.5121708 1567721042.4108605 bigbrain_1538_1809_1388.nii 140434225706816
write_file 1567721042.432349 1567721043.5371776 inc-bigbrain_1538_1809_1388.nii 140434225706816
task_duration 1567721040.5077078 1567721043.5402944 1567720951-localAD_1it_96cpus_0delay_npc-4 140434225706816
read_file 1567721040.510966 1567721040.5123565 bigbrain_3076_0_2776.nii 139962389206848
increment_file 1567721040.5125642 1567721041.859506 bigbrain_3076_0_2776.nii 139962389206848
write_file 1567721041.8864942 1567721043.1541243 inc-bigbrain_3076_0_2776.nii 139962389206848
task_duration 1567721040.50924 1567721043.159446 1567720951-localAD_1it_96cpus_0delay_npc-4 139962389206848
read_file 1567721040.510956 1567721040.512744 bigbrain_769_0_694.nii 140437938345792
increment_file 1567721040.513005 1567721042.2715185 bigbrain_769_0_694.nii 140437938345792
write_file 1567721042.286763 1567721043.3538823 inc-bigbrain_769_0_694.nii 140437938345792
task_duration 1567721040.5086884 1567721043.359627 1567720951-localAD_1it_96cpus_0delay_npc-4 140437938345792
read_file 1567721040.5131304 1567721040.515269 bigbrain_3076_2412_2082.nii 139842577573696
increment_file 1567721040.5156813 1567721041.9445662 bigbrain_3076_2412_2082.nii 139842577573696
write_file 1567721041.9687157 1567721043.2817688 inc-bigbrain_3076_2412_2082.nii 139842577573696
task_duration 1567721040.5107036 1567721043.2903092 1567720951-localAD_1it_96cpus_0delay_npc-4 139842577573696
read_file 1567721040.5140212 1567721040.515648 bigbrain_3076_1206_0.nii 140612317333312
increment_file 1567721040.5159404 1567721042.0992475 bigbrain_3076_1206_0.nii 140612317333312
write_file 1567721042.121099 1567721043.3870978 inc-bigbrain_3076_1206_0.nii 140612317333312
task_duration 1567721040.5121486 1567721043.3924081 1567720951-localAD_1it_96cpus_0delay_npc-4 140612317333312
read_file 1567721040.515188 1567721040.5168173 bigbrain_2307_1809_0.nii 140136597206848
increment_file 1567721040.517073 1567721041.8641982 bigbrain_2307_1809_0.nii 140136597206848
write_file 1567721041.8818414 1567721042.9954379 inc-bigbrain_2307_1809_0.nii 140136597206848
task_duration 1567721040.5129602 1567721043.007615 1567720951-localAD_1it_96cpus_0delay_npc-4 140136597206848
read_file 1567721040.5156677 1567721040.517463 bigbrain_3076_0_1388.nii 140041734969152
increment_file 1567721040.5177205 1567721042.0974665 bigbrain_3076_0_1388.nii 140041734969152
write_file 1567721042.1188767 1567721043.3394551 inc-bigbrain_3076_0_1388.nii 140041734969152
task_duration 1567721040.513474 1567721043.3455892 1567720951-localAD_1it_96cpus_0delay_npc-4 140041734969152
read_file 1567721040.5156746 1567721040.517779 bigbrain_769_1809_1388.nii 140131985233728
increment_file 1567721040.5180128 1567721042.3214684 bigbrain_769_1809_1388.nii 140131985233728
write_file 1567721042.3442974 1567721043.526802 inc-bigbrain_769_1809_1388.nii 140131985233728
task_duration 1567721040.5123017 1567721043.5302181 1567720951-localAD_1it_96cpus_0delay_npc-4 140131985233728
read_file 1567721040.5159013 1567721040.518095 bigbrain_2307_2412_1388.nii 140280107341632
increment_file 1567721040.5183487 1567721041.9761767 bigbrain_2307_2412_1388.nii 140280107341632
write_file 1567721041.9921875 1567721043.1245906 inc-bigbrain_2307_2412_1388.nii 140280107341632
task_duration 1567721040.512262 1567721043.1345541 1567720951-localAD_1it_96cpus_0delay_npc-4 140280107341632
read_file 1567721040.5166907 1567721040.518681 bigbrain_769_603_1388.nii 140447503886144
increment_file 1567721040.5190165 1567721041.92306 bigbrain_769_603_1388.nii 140447503886144
write_file 1567721041.9486754 1567721043.2609797 inc-bigbrain_769_603_1388.nii 140447503886144
task_duration 1567721040.5146484 1567721043.2685213 1567720951-localAD_1it_96cpus_0delay_npc-4 140447503886144
read_file 1567721040.5169272 1567721040.518824 bigbrain_3076_1206_694.nii 139747314718528
increment_file 1567721040.5191028 1567721042.3556857 bigbrain_3076_1206_694.nii 139747314718528
write_file 1567721042.3770444 1567721043.5035737 inc-bigbrain_3076_1206_694.nii 139747314718528
task_duration 1567721040.5132704 1567721043.5071645 1567720951-localAD_1it_96cpus_0delay_npc-4 139747314718528
read_file 1567721040.5183072 1567721040.5197282 bigbrain_1538_2412_0.nii 140706042369856
increment_file 1567721040.5199382 1567721042.0444286 bigbrain_1538_2412_0.nii 140706042369856
write_file 1567721042.0680537 1567721043.3366144 inc-bigbrain_1538_2412_0.nii 140706042369856
task_duration 1567721040.516144 1567721043.344414 1567720951-localAD_1it_96cpus_0delay_npc-4 140706042369856
read_file 1567721040.5179973 1567721040.520163 bigbrain_3076_603_2776.nii 140511645747008
increment_file 1567721040.5204341 1567721041.7053778 bigbrain_3076_603_2776.nii 140511645747008
write_file 1567721041.7347696 1567721042.9982302 inc-bigbrain_3076_603_2776.nii 140511645747008
task_duration 1567721040.515805 1567721043.0043266 1567720951-localAD_1it_96cpus_0delay_npc-4 140511645747008
read_file 1567721040.5184577 1567721040.52028 bigbrain_1538_2412_2082.nii 140109413025600
increment_file 1567721040.5205212 1567721041.9932745 bigbrain_1538_2412_2082.nii 140109413025600
write_file 1567721042.0138257 1567721043.2203023 inc-bigbrain_1538_2412_2082.nii 140109413025600
task_duration 1567721040.5163472 1567721043.2250953 1567720951-localAD_1it_96cpus_0delay_npc-4 140109413025600
read_file 1567721040.532102 1567721040.5340803 bigbrain_2307_603_2776.nii 139779888228160
increment_file 1567721040.5344899 1567721042.3469586 bigbrain_2307_603_2776.nii 139779888228160
write_file 1567721042.3671498 1567721043.5084648 inc-bigbrain_2307_603_2776.nii 139779888228160
task_duration 1567721040.530041 1567721043.5124476 1567720951-localAD_1it_96cpus_0delay_npc-4 139779888228160
read_file 1567721040.5348616 1567721040.5369127 bigbrain_769_2412_2776.nii 140281538004800
increment_file 1567721040.5374625 1567721041.722562 bigbrain_769_2412_2776.nii 140281538004800
write_file 1567721041.7408671 1567721042.8346465 inc-bigbrain_769_2412_2776.nii 140281538004800
task_duration 1567721040.5320537 1567721042.8429453 1567720951-localAD_1it_96cpus_0delay_npc-4 140281538004800
read_file 1567721040.544068 1567721040.5461478 bigbrain_2307_2412_2082.nii 140047715985216
increment_file 1567721040.5466833 1567721042.3410056 bigbrain_2307_2412_2082.nii 140047715985216
write_file 1567721042.362717 1567721043.4985657 inc-bigbrain_2307_2412_2082.nii 140047715985216
task_duration 1567721040.5417118 1567721043.502496 1567720951-localAD_1it_96cpus_0delay_npc-4 140047715985216
read_file 1567721040.5441306 1567721040.5463223 bigbrain_769_0_2776.nii 139797154268992
increment_file 1567721040.5467694 1567721041.9656708 bigbrain_769_0_2776.nii 139797154268992
write_file 1567721041.988847 1567721043.2686403 inc-bigbrain_769_0_2776.nii 139797154268992
task_duration 1567721040.5416586 1567721043.27724 1567720951-localAD_1it_96cpus_0delay_npc-4 139797154268992
read_file 1567721040.5439332 1567721040.546402 bigbrain_769_603_2776.nii 139787894421312
increment_file 1567721040.546852 1567721042.3208067 bigbrain_769_603_2776.nii 139787894421312
write_file 1567721042.3438988 1567721043.4822156 inc-bigbrain_769_603_2776.nii 139787894421312
task_duration 1567721040.5411875 1567721043.4869027 1567720951-localAD_1it_96cpus_0delay_npc-4 139787894421312
read_file 1567721040.5007155 1567721040.5718534 bigbrain_2307_0_694.nii 140206287918912
increment_file 1567721040.572494 1567721080.4546967 bigbrain_2307_0_694.nii 140206287918912
write_file 1567721080.4724662 1567721080.94189 inc-bigbrain_2307_0_694.nii 140206287918912
task_duration 1567721040.4983716 1567721080.9445987 1567720951-localAD_1it_96cpus_0delay_npc-4 140206287918912
read_file 1567721040.4978533 1567721040.5722816 bigbrain_1538_1809_2776.nii 139649547130688
increment_file 1567721040.5726924 1567721081.829207 bigbrain_1538_1809_2776.nii 139649547130688
write_file 1567721081.8476787 1567721082.3154042 inc-bigbrain_1538_1809_2776.nii 139649547130688
task_duration 1567721040.4940886 1567721082.3184388 1567720951-localAD_1it_96cpus_0delay_npc-4 139649547130688
read_file 1567721040.4997613 1567721040.5778089 bigbrain_769_1206_1388.nii 140100679108416
increment_file 1567721040.5782166 1567721062.109597 bigbrain_769_1206_1388.nii 140100679108416
write_file 1567721062.1194997 1567721062.5661736 inc-bigbrain_769_1206_1388.nii 140100679108416
task_duration 1567721040.4973166 1567721062.5687113 1567720951-localAD_1it_96cpus_0delay_npc-4 140100679108416
read_file 1567721040.5326924 1567721040.5777965 bigbrain_769_1206_694.nii 139983592712000
increment_file 1567721040.5783374 1567721070.072144 bigbrain_769_1206_694.nii 139983592712000
write_file 1567721070.08259 1567721070.5577157 inc-bigbrain_769_1206_694.nii 139983592712000
task_duration 1567721040.5303798 1567721070.5602388 1567720951-localAD_1it_96cpus_0delay_npc-4 139983592712000
read_file 1567721040.501508 1567721040.5779312 bigbrain_1538_1809_0.nii 140581770237760
increment_file 1567721040.5783684 1567721070.31239 bigbrain_1538_1809_0.nii 140581770237760
write_file 1567721070.3226402 1567721070.7741108 inc-bigbrain_1538_1809_0.nii 140581770237760
task_duration 1567721040.4990373 1567721070.7765777 1567720951-localAD_1it_96cpus_0delay_npc-4 140581770237760
read_file 1567721040.5079715 1567721040.5779543 bigbrain_3076_0_694.nii 140582313781056
increment_file 1567721040.5784576 1567721052.7575178 bigbrain_3076_0_694.nii 140582313781056
write_file 1567721052.7674012 1567721053.234511 inc-bigbrain_3076_0_694.nii 140582313781056
task_duration 1567721040.5052712 1567721053.2368975 1567720951-localAD_1it_96cpus_0delay_npc-4 140582313781056
read_file 1567721040.5005064 1567721040.5780203 bigbrain_2307_0_1388.nii 139975212967744
increment_file 1567721040.578445 1567721052.751874 bigbrain_2307_0_1388.nii 139975212967744
write_file 1567721052.7615478 1567721053.221365 inc-bigbrain_2307_0_1388.nii 139975212967744
task_duration 1567721040.4981675 1567721053.2239943 1567720951-localAD_1it_96cpus_0delay_npc-4 139975212967744
read_file 1567721040.513367 1567721040.5783052 bigbrain_3076_2412_694.nii 139740386596672
increment_file 1567721040.5786724 1567721060.789729 bigbrain_3076_2412_694.nii 139740386596672
write_file 1567721060.7997427 1567721061.2489667 inc-bigbrain_3076_2412_694.nii 139740386596672
task_duration 1567721040.510351 1567721061.251519 1567720951-localAD_1it_96cpus_0delay_npc-4 139740386596672
read_file 1567721040.536501 1567721040.5783913 bigbrain_769_1809_2082.nii 140574477965120
increment_file 1567721040.57887 1567721080.574889 bigbrain_769_1809_2082.nii 140574477965120
write_file 1567721080.594055 1567721081.073623 inc-bigbrain_769_1809_2082.nii 140574477965120
task_duration 1567721040.533694 1567721081.0769675 1567720951-localAD_1it_96cpus_0delay_npc-4 140574477965120
read_file 1567721040.4998672 1567721040.5788703 bigbrain_2307_1206_1388.nii 139799211218752
increment_file 1567721040.5793655 1567721082.1359828 bigbrain_2307_1206_1388.nii 139799211218752
write_file 1567721082.1538396 1567721082.6225839 inc-bigbrain_2307_1206_1388.nii 139799211218752
task_duration 1567721040.4969027 1567721082.6256053 1567720951-localAD_1it_96cpus_0delay_npc-4 139799211218752
read_file 1567721040.5090427 1567721040.5814338 bigbrain_1538_1206_0.nii 140378787931968
increment_file 1567721040.5817397 1567721082.2661293 bigbrain_1538_1206_0.nii 140378787931968
write_file 1567721082.2832026 1567721082.739885 inc-bigbrain_1538_1206_0.nii 140378787931968
task_duration 1567721040.5072103 1567721082.7424731 1567720951-localAD_1it_96cpus_0delay_npc-4 140378787931968
read_file 1567721040.5022147 1567721040.5816257 bigbrain_769_0_2082.nii 139804679751488
increment_file 1567721040.581873 1567721074.2975407 bigbrain_769_0_2082.nii 139804679751488
write_file 1567721074.3078482 1567721074.7707856 inc-bigbrain_769_0_2082.nii 139804679751488
task_duration 1567721040.4999895 1567721074.7733543 1567720951-localAD_1it_96cpus_0delay_npc-4 139804679751488
read_file 1567721040.5108666 1567721040.58165 bigbrain_769_1809_0.nii 140630925662016
increment_file 1567721040.582227 1567721081.412313 bigbrain_769_1809_0.nii 140630925662016
write_file 1567721081.43335 1567721081.9170458 inc-bigbrain_769_1809_0.nii 140630925662016
task_duration 1567721040.509031 1567721081.9197235 1567720951-localAD_1it_96cpus_0delay_npc-4 140630925662016
read_file 1567721040.5137815 1567721040.5820727 bigbrain_2307_1206_0.nii 139722156857152
increment_file 1567721040.5829287 1567721063.6896214 bigbrain_2307_1206_0.nii 139722156857152
write_file 1567721063.6994588 1567721064.141887 inc-bigbrain_2307_1206_0.nii 139722156857152
task_duration 1567721040.5113866 1567721064.1443312 1567720951-localAD_1it_96cpus_0delay_npc-4 139722156857152
read_file 1567721040.503619 1567721040.5820985 bigbrain_769_1206_2776.nii 140688683669312
increment_file 1567721040.5829914 1567721082.3880112 bigbrain_769_1206_2776.nii 140688683669312
write_file 1567721082.406681 1567721082.8630648 inc-bigbrain_769_1206_2776.nii 140688683669312
task_duration 1567721040.5012205 1567721082.865892 1567720951-localAD_1it_96cpus_0delay_npc-4 140688683669312
read_file 1567721040.5011914 1567721040.5823638 bigbrain_1538_2412_1388.nii 140592678823744
increment_file 1567721040.5832794 1567721081.3962398 bigbrain_1538_2412_1388.nii 140592678823744
write_file 1567721081.4179113 1567721081.919631 inc-bigbrain_1538_2412_1388.nii 140592678823744
task_duration 1567721040.498782 1567721081.9223824 1567720951-localAD_1it_96cpus_0delay_npc-4 140592678823744
read_file 1567721040.5086508 1567721040.5832493 bigbrain_769_1809_2776.nii 139665637549888
increment_file 1567721040.583733 1567721075.085045 bigbrain_769_1809_2776.nii 139665637549888
write_file 1567721075.0962348 1567721075.6057014 inc-bigbrain_769_1809_2776.nii 139665637549888
task_duration 1567721040.506632 1567721075.6087682 1567720951-localAD_1it_96cpus_0delay_npc-4 139665637549888
read_file 1567721040.5017242 1567721040.5834153 bigbrain_3076_603_0.nii 139629578958656
increment_file 1567721040.5842986 1567721081.782904 bigbrain_3076_603_0.nii 139629578958656
write_file 1567721081.8023307 1567721082.2761185 inc-bigbrain_3076_603_0.nii 139629578958656
task_duration 1567721040.49995 1567721082.2791872 1567720951-localAD_1it_96cpus_0delay_npc-4 139629578958656
read_file 1567721040.5060742 1567721040.5845459 bigbrain_2307_1206_2776.nii 140565624039232
increment_file 1567721040.5853252 1567721071.8606107 bigbrain_2307_1206_2776.nii 140565624039232
write_file 1567721071.8708007 1567721072.3347933 inc-bigbrain_2307_1206_2776.nii 140565624039232
task_duration 1567721040.5038698 1567721072.33738 1567720951-localAD_1it_96cpus_0delay_npc-4 140565624039232
read_file 1567721040.5336206 1567721040.6099336 bigbrain_2307_0_0.nii 140602625406784
increment_file 1567721040.6109176 1567721079.8867652 bigbrain_2307_0_0.nii 140602625406784
write_file 1567721079.9082139 1567721080.3841927 inc-bigbrain_2307_0_0.nii 140602625406784
task_duration 1567721040.5316453 1567721080.3869681 1567720951-localAD_1it_96cpus_0delay_npc-4 140602625406784
read_file 1567721040.532504 1567721040.6209333 bigbrain_1538_1206_1388.nii 140652673611584
increment_file 1567721040.6224148 1567721082.0720985 bigbrain_1538_1206_1388.nii 140652673611584
write_file 1567721082.0927334 1567721082.5678093 inc-bigbrain_1538_1206_1388.nii 140652673611584
task_duration 1567721040.5303314 1567721082.5705247 1567720951-localAD_1it_96cpus_0delay_npc-4 140652673611584
read_file 1567721043.4621675 1567721043.4630303 bigbrain_769_603_694.nii 140390789011264
increment_file 1567721043.4632082 1567721043.935687 bigbrain_769_603_694.nii 140390789011264
write_file 1567721043.9448802 1567721044.4074807 inc-bigbrain_769_603_694.nii 140390789011264
task_duration 1567721043.460542 1567721044.410115 1567720951-localAD_1it_96cpus_0delay_npc-4 140390789011264
