read_file 1567702618.3650436 1567702618.3669586 bigbrain_2307_0_2082.nii 139729955170112
increment_file 1567702618.3672547 1567702660.8672333 bigbrain_2307_0_2082.nii 139729955170112
write_file 1567702660.8832288 1567702671.1724095 inc-bigbrain_2307_0_2082.nii 139729955170112
task_duration 1567702618.3615575 1567702671.174993 1567702400-optaneAD_1it_96cpus_0delay_npc-1 139729955170112
read_file 1567702618.3659606 1567702618.36833 bigbrain_2307_0_2776.nii 139701830608704
increment_file 1567702618.3686 1567702660.0121508 bigbrain_2307_0_2776.nii 139701830608704
write_file 1567702660.0221386 1567702676.194141 inc-bigbrain_2307_0_2776.nii 139701830608704
task_duration 1567702618.3626657 1567702676.1967645 1567702400-optaneAD_1it_96cpus_0delay_npc-1 139701830608704
read_file 1567702618.3664083 1567702618.368685 bigbrain_1538_1809_1388.nii 140202843772736
increment_file 1567702618.368912 1567702660.319833 bigbrain_1538_1809_1388.nii 140202843772736
write_file 1567702660.3721921 1567702670.9614995 inc-bigbrain_1538_1809_1388.nii 140202843772736
task_duration 1567702618.3630712 1567702670.9644349 1567702400-optaneAD_1it_96cpus_0delay_npc-1 140202843772736
read_file 1567702618.3664234 1567702618.3687038 bigbrain_2307_1206_0.nii 140192200116032
increment_file 1567702618.3689442 1567702660.3682714 bigbrain_2307_1206_0.nii 140192200116032
write_file 1567702660.422363 1567702673.0422273 inc-bigbrain_2307_1206_0.nii 140192200116032
task_duration 1567702618.3631043 1567702673.0448334 1567702400-optaneAD_1it_96cpus_0delay_npc-1 140192200116032
read_file 1567702618.419132 1567702618.4204595 bigbrain_2307_1206_2082.nii 140543845812032
increment_file 1567702618.4207377 1567702664.277789 bigbrain_2307_1206_2082.nii 140543845812032
write_file 1567702664.2947829 1567702671.4645016 inc-bigbrain_2307_1206_2082.nii 140543845812032
task_duration 1567702618.416394 1567702671.4670236 1567702400-optaneAD_1it_96cpus_0delay_npc-1 140543845812032
read_file 1567702618.4199893 1567702618.4212894 bigbrain_3076_0_1388.nii 139775858431808
increment_file 1567702618.4215362 1567702665.5155678 bigbrain_3076_0_1388.nii 139775858431808
write_file 1567702665.5291376 1567702671.3449728 inc-bigbrain_3076_0_1388.nii 139775858431808
task_duration 1567702618.4181619 1567702671.3483562 1567702400-optaneAD_1it_96cpus_0delay_npc-1 139775858431808
read_file 1567702618.4199746 1567702618.4212933 bigbrain_1538_1206_0.nii 140318741772096
increment_file 1567702618.421552 1567702664.247717 bigbrain_1538_1206_0.nii 140318741772096
write_file 1567702664.2762966 1567702686.3916972 inc-bigbrain_1538_1206_0.nii 140318741772096
task_duration 1567702618.418082 1567702686.3946366 1567702400-optaneAD_1it_96cpus_0delay_npc-1 140318741772096
read_file 1567702618.4222581 1567702618.42388 bigbrain_2307_0_0.nii 140555840804672
increment_file 1567702618.4241924 1567702667.4196324 bigbrain_2307_0_0.nii 140555840804672
write_file 1567702667.4674604 1567702683.9395676 inc-bigbrain_2307_0_0.nii 140555840804672
task_duration 1567702618.4200711 1567702683.943841 1567702400-optaneAD_1it_96cpus_0delay_npc-1 140555840804672
read_file 1567702618.42187 1567702618.4269881 bigbrain_1538_1206_2082.nii 140466317768512
increment_file 1567702618.4280677 1567702665.015288 bigbrain_1538_1206_2082.nii 140466317768512
write_file 1567702665.0542452 1567702671.5500853 inc-bigbrain_1538_1206_2082.nii 140466317768512
task_duration 1567702618.4196877 1567702671.5537126 1567702400-optaneAD_1it_96cpus_0delay_npc-1 140466317768512
read_file 1567702618.4275045 1567702618.4322398 bigbrain_1538_2412_1388.nii 139738930108224
increment_file 1567702618.4335475 1567702667.4152327 bigbrain_1538_2412_1388.nii 139738930108224
write_file 1567702667.4575124 1567702686.1656687 inc-bigbrain_1538_2412_1388.nii 139738930108224
task_duration 1567702618.424458 1567702686.1682844 1567702400-optaneAD_1it_96cpus_0delay_npc-1 139738930108224
read_file 1567702618.4305582 1567702618.435114 bigbrain_1538_603_1388.nii 139882854508352
increment_file 1567702618.4354851 1567702665.3709311 bigbrain_1538_603_1388.nii 139882854508352
write_file 1567702665.3860815 1567702681.1169946 inc-bigbrain_1538_603_1388.nii 139882854508352
task_duration 1567702618.4286911 1567702681.1197157 1567702400-optaneAD_1it_96cpus_0delay_npc-1 139882854508352
read_file 1567702618.4348755 1567702618.4405518 bigbrain_1538_1206_1388.nii 139884453099328
increment_file 1567702618.441621 1567702667.2969177 bigbrain_1538_1206_1388.nii 139884453099328
write_file 1567702667.330879 1567702684.784031 inc-bigbrain_1538_1206_1388.nii 139884453099328
task_duration 1567702618.4291618 1567702684.7874084 1567702400-optaneAD_1it_96cpus_0delay_npc-1 139884453099328
read_file 1567702618.4433992 1567702618.4449549 bigbrain_2307_603_2082.nii 140313831929664
increment_file 1567702618.44535 1567702667.6619022 bigbrain_2307_603_2082.nii 140313831929664
write_file 1567702667.8839428 1567702679.2682333 inc-bigbrain_2307_603_2082.nii 140313831929664
task_duration 1567702618.4415052 1567702679.2711794 1567702400-optaneAD_1it_96cpus_0delay_npc-1 140313831929664
read_file 1567702618.471768 1567702618.4734595 bigbrain_2307_603_0.nii 140627430573888
increment_file 1567702618.4739478 1567702664.8471434 bigbrain_2307_603_0.nii 140627430573888
write_file 1567702664.853028 1567702671.5051353 inc-bigbrain_2307_603_0.nii 140627430573888
task_duration 1567702618.4699523 1567702671.5084023 1567702400-optaneAD_1it_96cpus_0delay_npc-1 140627430573888
read_file 1567702618.4718218 1567702618.4782526 bigbrain_2307_2412_2082.nii 140325767726912
increment_file 1567702618.478848 1567702666.6971786 bigbrain_2307_2412_2082.nii 140325767726912
write_file 1567702666.7085469 1567702682.8758552 inc-bigbrain_2307_2412_2082.nii 140325767726912
task_duration 1567702618.470106 1567702682.8785253 1567702400-optaneAD_1it_96cpus_0delay_npc-1 140325767726912
read_file 1567702618.4759405 1567702618.4791193 bigbrain_1538_0_2776.nii 139870704879424
increment_file 1567702618.4799445 1567702666.157789 bigbrain_1538_0_2776.nii 139870704879424
write_file 1567702666.2136807 1567702686.025057 inc-bigbrain_1538_0_2776.nii 139870704879424
task_duration 1567702618.4732733 1567702686.0276966 1567702400-optaneAD_1it_96cpus_0delay_npc-1 139870704879424
read_file 1567702618.4759436 1567702618.479368 bigbrain_769_0_694.nii 140489629820736
increment_file 1567702618.4808147 1567702665.7629492 bigbrain_769_0_694.nii 140489629820736
write_file 1567702665.802536 1567702686.4969218 inc-bigbrain_769_0_694.nii 140489629820736
task_duration 1567702618.473247 1567702686.5001 1567702400-optaneAD_1it_96cpus_0delay_npc-1 140489629820736
read_file 1567702618.4695418 1567702618.4821208 bigbrain_1538_2412_2082.nii 140077504911168
increment_file 1567702618.4847643 1567702667.5215554 bigbrain_1538_2412_2082.nii 140077504911168
write_file 1567702667.5405502 1567702670.671795 inc-bigbrain_1538_2412_2082.nii 140077504911168
task_duration 1567702618.4617944 1567702670.675334 1567702400-optaneAD_1it_96cpus_0delay_npc-1 140077504911168
read_file 1567702618.4770203 1567702618.484864 bigbrain_2307_1809_1388.nii 140686322198336
increment_file 1567702618.48582 1567702667.6871915 bigbrain_2307_1809_1388.nii 140686322198336
write_file 1567702667.8836339 1567702680.5148342 inc-bigbrain_2307_1809_1388.nii 140686322198336
task_duration 1567702618.4745662 1567702680.5179603 1567702400-optaneAD_1it_96cpus_0delay_npc-1 140686322198336
read_file 1567702618.4778209 1567702618.486372 bigbrain_1538_1206_2776.nii 140286992025408
increment_file 1567702618.4870923 1567702667.5738275 bigbrain_1538_1206_2776.nii 140286992025408
write_file 1567702667.605148 1567702678.1494205 inc-bigbrain_1538_1206_2776.nii 140286992025408
task_duration 1567702618.4752464 1567702678.1525297 1567702400-optaneAD_1it_96cpus_0delay_npc-1 140286992025408
read_file 1567702618.478031 1567702618.4863849 bigbrain_2307_0_694.nii 140551889815360
increment_file 1567702618.487589 1567702667.4145465 bigbrain_2307_0_694.nii 140551889815360
write_file 1567702667.4328341 1567702678.3312333 inc-bigbrain_2307_0_694.nii 140551889815360
task_duration 1567702618.4753916 1567702678.3350132 1567702400-optaneAD_1it_96cpus_0delay_npc-1 140551889815360
read_file 1567702618.478153 1567702618.4869998 bigbrain_2307_1206_2776.nii 140382002480960
increment_file 1567702618.4877381 1567702667.5753932 bigbrain_2307_1206_2776.nii 140382002480960
write_file 1567702667.6050355 1567702685.9823866 inc-bigbrain_2307_1206_2776.nii 140382002480960
task_duration 1567702618.475568 1567702685.9853222 1567702400-optaneAD_1it_96cpus_0delay_npc-1 140382002480960
read_file 1567702618.4792235 1567702618.494878 bigbrain_2307_1809_2776.nii 140098531149632
increment_file 1567702618.497586 1567702667.6578767 bigbrain_2307_1809_2776.nii 140098531149632
write_file 1567702667.8736014 1567702683.5513039 inc-bigbrain_2307_1809_2776.nii 140098531149632
task_duration 1567702618.4713206 1567702683.5541468 1567702400-optaneAD_1it_96cpus_0delay_npc-1 140098531149632
read_file 1567702618.4872336 1567702618.4966896 bigbrain_1538_603_2776.nii 140300392658752
increment_file 1567702618.4994814 1567702666.1698868 bigbrain_1538_603_2776.nii 140300392658752
write_file 1567702666.2369313 1567702686.333812 inc-bigbrain_1538_603_2776.nii 140300392658752
task_duration 1567702618.4764395 1567702686.3370652 1567702400-optaneAD_1it_96cpus_0delay_npc-1 140300392658752
read_file 1567702618.4880981 1567702618.4978673 bigbrain_2307_1809_0.nii 140038389348160
increment_file 1567702618.4988863 1567702665.312837 bigbrain_2307_1809_0.nii 140038389348160
write_file 1567702665.3284876 1567702671.246676 inc-bigbrain_2307_1809_0.nii 140038389348160
task_duration 1567702618.4841492 1567702671.2513907 1567702400-optaneAD_1it_96cpus_0delay_npc-1 140038389348160
read_file 1567702618.4873178 1567702618.503017 bigbrain_2307_1809_694.nii 140297088284480
increment_file 1567702618.506139 1567702665.8372686 bigbrain_2307_1809_694.nii 140297088284480
write_file 1567702665.8713155 1567702672.6624966 inc-bigbrain_2307_1809_694.nii 140297088284480
task_duration 1567702618.476056 1567702672.6651456 1567702400-optaneAD_1it_96cpus_0delay_npc-1 140297088284480
read_file 1567702618.4933248 1567702618.5084267 bigbrain_1538_1809_694.nii 140719583524672
increment_file 1567702618.5124726 1567702667.6137412 bigbrain_1538_1809_694.nii 140719583524672
write_file 1567702667.6466553 1567702685.7663534 inc-bigbrain_1538_1809_694.nii 140719583524672
task_duration 1567702618.4827194 1567702685.7693167 1567702400-optaneAD_1it_96cpus_0delay_npc-1 140719583524672
read_file 1567702618.498301 1567702618.51174 bigbrain_1538_1206_694.nii 140284046948160
increment_file 1567702618.5155094 1567702667.7111034 bigbrain_1538_1206_694.nii 140284046948160
write_file 1567702667.8835843 1567702685.7149255 inc-bigbrain_1538_1206_694.nii 140284046948160
task_duration 1567702618.4920123 1567702685.7182522 1567702400-optaneAD_1it_96cpus_0delay_npc-1 140284046948160
read_file 1567702618.510691 1567702618.5137408 bigbrain_1538_603_694.nii 139632239347520
increment_file 1567702618.5147076 1567702666.0026042 bigbrain_1538_603_694.nii 139632239347520
write_file 1567702666.0089405 1567702676.5686715 inc-bigbrain_1538_603_694.nii 139632239347520
task_duration 1567702618.5091114 1567702676.5713086 1567702400-optaneAD_1it_96cpus_0delay_npc-1 139632239347520
read_file 1567702618.5063019 1567702618.5164435 bigbrain_1538_1809_2776.nii 140252227983168
increment_file 1567702618.5177917 1567702665.3453822 bigbrain_1538_1809_2776.nii 140252227983168
write_file 1567702665.3489127 1567702671.6041057 inc-bigbrain_1538_1809_2776.nii 140252227983168
task_duration 1567702618.4971716 1567702671.6065352 1567702400-optaneAD_1it_96cpus_0delay_npc-1 140252227983168
read_file 1567702618.4977252 1567702618.5166934 bigbrain_1538_603_2082.nii 140595675617088
increment_file 1567702618.5202663 1567702667.520208 bigbrain_1538_603_2082.nii 140595675617088
write_file 1567702667.5440426 1567702683.6581836 inc-bigbrain_1538_603_2082.nii 140595675617088
task_duration 1567702618.4870152 1567702683.6609898 1567702400-optaneAD_1it_96cpus_0delay_npc-1 140595675617088
read_file 1567702618.5018537 1567702618.5213943 bigbrain_1538_2412_0.nii 139698054747968
increment_file 1567702618.5253184 1567702665.2079113 bigbrain_1538_2412_0.nii 139698054747968
write_file 1567702665.2411702 1567702674.6649282 inc-bigbrain_1538_2412_0.nii 139698054747968
task_duration 1567702618.4896998 1567702674.667605 1567702400-optaneAD_1it_96cpus_0delay_npc-1 139698054747968
read_file 1567702618.5245292 1567702618.5295074 bigbrain_3076_0_0.nii 140493928245056
increment_file 1567702618.533423 1567702667.707979 bigbrain_3076_0_0.nii 140493928245056
write_file 1567702667.8844984 1567702680.0782402 inc-bigbrain_3076_0_0.nii 140493928245056
task_duration 1567702618.5206597 1567702680.0811586 1567702400-optaneAD_1it_96cpus_0delay_npc-1 140493928245056
read_file 1567702618.5456734 1567702618.557422 bigbrain_1538_1809_2082.nii 140084110964544
increment_file 1567702618.5584154 1567702667.655094 bigbrain_1538_1809_2082.nii 140084110964544
write_file 1567702667.6859853 1567702680.3549416 inc-bigbrain_1538_1809_2082.nii 140084110964544
task_duration 1567702618.541103 1567702680.357793 1567702400-optaneAD_1it_96cpus_0delay_npc-1 140084110964544
read_file 1567702618.5614796 1567702618.5637367 bigbrain_2307_603_1388.nii 140711467652928
increment_file 1567702618.5640652 1567702665.0060232 bigbrain_2307_603_1388.nii 140711467652928
write_file 1567702665.0113811 1567702671.3359234 inc-bigbrain_2307_603_1388.nii 140711467652928
task_duration 1567702618.5596347 1567702671.3394253 1567702400-optaneAD_1it_96cpus_0delay_npc-1 140711467652928
read_file 1567702618.5555391 1567702618.5663848 bigbrain_2307_2412_1388.nii 140444091352896
increment_file 1567702618.5707195 1567702667.6124213 bigbrain_2307_2412_1388.nii 140444091352896
write_file 1567702667.6516888 1567702681.7978466 inc-bigbrain_2307_2412_1388.nii 140444091352896
task_duration 1567702618.5513353 1567702681.8008785 1567702400-optaneAD_1it_96cpus_0delay_npc-1 140444091352896
read_file 1567702618.555509 1567702618.5691965 bigbrain_1538_603_0.nii 139886737250112
increment_file 1567702618.5711372 1567702667.6983404 bigbrain_1538_603_0.nii 139886737250112
write_file 1567702667.879826 1567702683.593643 inc-bigbrain_1538_603_0.nii 139886737250112
task_duration 1567702618.5510516 1567702683.59657 1567702400-optaneAD_1it_96cpus_0delay_npc-1 139886737250112
read_file 1567702618.559399 1567702618.5817695 bigbrain_2307_603_694.nii 139979092240192
increment_file 1567702618.5835927 1567702667.5766823 bigbrain_2307_603_694.nii 139979092240192
write_file 1567702667.5914278 1567702680.8612988 inc-bigbrain_2307_603_694.nii 139979092240192
task_duration 1567702618.5420907 1567702680.865314 1567702400-optaneAD_1it_96cpus_0delay_npc-1 139979092240192
read_file 1567702618.5879316 1567702618.5981655 bigbrain_3076_603_2776.nii 140715315373888
increment_file 1567702618.5995538 1567702667.72912 bigbrain_3076_603_2776.nii 140715315373888
write_file 1567702667.884818 1567702678.5212786 inc-bigbrain_3076_603_2776.nii 140715315373888
task_duration 1567702618.5782287 1567702678.5251818 1567702400-optaneAD_1it_96cpus_0delay_npc-1 140715315373888
read_file 1567702618.5814686 1567702618.6015248 bigbrain_2307_1206_694.nii 140653941946176
increment_file 1567702618.6056354 1567702666.3322878 bigbrain_2307_1206_694.nii 140653941946176
write_file 1567702666.364491 1567702675.5971632 inc-bigbrain_2307_1206_694.nii 140653941946176
task_duration 1567702618.555567 1567702675.5997136 1567702400-optaneAD_1it_96cpus_0delay_npc-1 140653941946176
read_file 1567702618.5945196 1567702618.6119606 bigbrain_1538_0_694.nii 140436073674560
increment_file 1567702618.6151028 1567702667.7029312 bigbrain_1538_0_694.nii 140436073674560
write_file 1567702667.878501 1567702677.70414 inc-bigbrain_1538_0_694.nii 140436073674560
task_duration 1567702618.5805783 1567702677.7071402 1567702400-optaneAD_1it_96cpus_0delay_npc-1 140436073674560
read_file 1567702618.5994556 1567702618.62655 bigbrain_3076_1206_2776.nii 139733635745600
increment_file 1567702618.6292295 1567702667.7134693 bigbrain_3076_1206_2776.nii 139733635745600
write_file 1567702667.883266 1567702679.5886478 inc-bigbrain_3076_1206_2776.nii 139733635745600
task_duration 1567702618.5868285 1567702679.5914905 1567702400-optaneAD_1it_96cpus_0delay_npc-1 139733635745600
read_file 1567702618.6041675 1567702618.6278303 bigbrain_3076_2412_2082.nii 139716396705600
increment_file 1567702618.6310859 1567702667.6569967 bigbrain_3076_2412_2082.nii 139716396705600
write_file 1567702667.8813484 1567702683.4676313 inc-bigbrain_3076_2412_2082.nii 139716396705600
task_duration 1567702618.5925896 1567702683.4706013 1567702400-optaneAD_1it_96cpus_0delay_npc-1 139716396705600
read_file 1567702618.6102035 1567702618.6353219 bigbrain_1538_1809_0.nii 140084112865088
increment_file 1567702618.6414177 1567702667.619745 bigbrain_1538_1809_0.nii 140084112865088
write_file 1567702667.6462731 1567702678.5805204 inc-bigbrain_1538_1809_0.nii 140084112865088
task_duration 1567702618.5885558 1567702678.5835567 1567702400-optaneAD_1it_96cpus_0delay_npc-1 140084112865088
read_file 1567702618.6369581 1567702618.6463494 bigbrain_2307_0_1388.nii 140456064194368
increment_file 1567702618.6478841 1567702665.9119513 bigbrain_2307_0_1388.nii 140456064194368
write_file 1567702665.9302979 1567702671.5432184 inc-bigbrain_2307_0_1388.nii 140456064194368
task_duration 1567702618.6349404 1567702671.5459344 1567702400-optaneAD_1it_96cpus_0delay_npc-1 140456064194368
read_file 1567702618.639006 1567702618.6507473 bigbrain_3076_2412_2776.nii 140308940379968
increment_file 1567702618.6514187 1567702665.8131056 bigbrain_3076_2412_2776.nii 140308940379968
write_file 1567702665.8259816 1567702683.3236568 inc-bigbrain_3076_2412_2776.nii 140308940379968
task_duration 1567702618.6356199 1567702683.3262439 1567702400-optaneAD_1it_96cpus_0delay_npc-1 140308940379968
read_file 1567702618.638181 1567702618.659005 bigbrain_3076_0_694.nii 139938809403200
increment_file 1567702618.6617446 1567702666.0567336 bigbrain_3076_0_694.nii 139938809403200
write_file 1567702666.0902553 1567702678.0276964 inc-bigbrain_3076_0_694.nii 139938809403200
task_duration 1567702618.6214597 1567702678.030322 1567702400-optaneAD_1it_96cpus_0delay_npc-1 139938809403200
read_file 1567702618.644008 1567702618.663035 bigbrain_3076_1809_2082.nii 139760592467776
increment_file 1567702618.664621 1567702667.7261133 bigbrain_3076_1809_2082.nii 139760592467776
write_file 1567702667.8733244 1567702675.0969305 inc-bigbrain_3076_1809_2082.nii 139760592467776
task_duration 1567702618.62654 1567702675.0996826 1567702400-optaneAD_1it_96cpus_0delay_npc-1 139760592467776
read_file 1567702618.6341298 1567702618.66462 bigbrain_1538_2412_2776.nii 140439050209088
increment_file 1567702618.669467 1567702667.6579382 bigbrain_1538_2412_2776.nii 140439050209088
write_file 1567702667.8726895 1567702681.3857884 inc-bigbrain_1538_2412_2776.nii 140439050209088
task_duration 1567702618.6014807 1567702681.388994 1567702400-optaneAD_1it_96cpus_0delay_npc-1 140439050209088
read_file 1567702618.6479013 1567702618.6699562 bigbrain_769_1206_694.nii 139823860639552
increment_file 1567702618.6745448 1567702667.6350942 bigbrain_769_1206_694.nii 139823860639552
write_file 1567702667.6545017 1567702680.290382 inc-bigbrain_769_1206_694.nii 139823860639552
task_duration 1567702618.6166446 1567702680.2935412 1567702400-optaneAD_1it_96cpus_0delay_npc-1 139823860639552
read_file 1567702618.6646228 1567702618.6794696 bigbrain_2307_1809_2082.nii 139682764310336
increment_file 1567702618.6829183 1567702666.3866014 bigbrain_2307_1809_2082.nii 139682764310336
write_file 1567702666.416846 1567702682.9411325 inc-bigbrain_2307_1809_2082.nii 139682764310336
task_duration 1567702618.6385815 1567702682.9438155 1567702400-optaneAD_1it_96cpus_0delay_npc-1 139682764310336
read_file 1567702618.668583 1567702618.6889563 bigbrain_1538_2412_694.nii 140554703759168
increment_file 1567702618.693425 1567702667.6026506 bigbrain_1538_2412_694.nii 140554703759168
write_file 1567702667.613656 1567702685.784264 inc-bigbrain_1538_2412_694.nii 140554703759168
task_duration 1567702618.648874 1567702685.7870007 1567702400-optaneAD_1it_96cpus_0delay_npc-1 140554703759168
read_file 1567702618.673827 1567702618.6955304 bigbrain_3076_1206_1388.nii 139698685220672
increment_file 1567702618.6996214 1567702667.800031 bigbrain_3076_1206_1388.nii 139698685220672
write_file 1567702667.8824704 1567702673.6512191 inc-bigbrain_3076_1206_1388.nii 139698685220672
task_duration 1567702618.6563394 1567702673.6541483 1567702400-optaneAD_1it_96cpus_0delay_npc-1 139698685220672
read_file 1567702618.6886487 1567702618.69774 bigbrain_769_1809_1388.nii 140469765633856
increment_file 1567702618.7002811 1567702666.1337905 bigbrain_769_1809_1388.nii 140469765633856
write_file 1567702666.152823 1567702686.2550917 inc-bigbrain_769_1809_1388.nii 140469765633856
task_duration 1567702618.6760883 1567702686.25764 1567702400-optaneAD_1it_96cpus_0delay_npc-1 140469765633856
read_file 1567702618.6866407 1567702618.701318 bigbrain_2307_1206_1388.nii 140472594904896
increment_file 1567702618.704163 1567702666.4226284 bigbrain_2307_1206_1388.nii 140472594904896
write_file 1567702666.4424295 1567702685.1163907 inc-bigbrain_2307_1206_1388.nii 140472594904896
task_duration 1567702618.6687634 1567702685.1189854 1567702400-optaneAD_1it_96cpus_0delay_npc-1 140472594904896
read_file 1567702618.6973357 1567702618.7125156 bigbrain_3076_603_694.nii 140554578863936
increment_file 1567702618.714304 1567702667.6375885 bigbrain_3076_603_694.nii 140554578863936
write_file 1567702667.67456 1567702680.1294003 inc-bigbrain_3076_603_694.nii 140554578863936
task_duration 1567702618.6870928 1567702680.1322598 1567702400-optaneAD_1it_96cpus_0delay_npc-1 140554578863936
read_file 1567702618.722356 1567702618.7354279 bigbrain_769_603_2776.nii 140444779874112
increment_file 1567702618.7376058 1567702667.6951723 bigbrain_769_603_2776.nii 140444779874112
write_file 1567702667.881327 1567702682.5623941 inc-bigbrain_769_603_2776.nii 140444779874112
task_duration 1567702618.7152348 1567702682.5655077 1567702400-optaneAD_1it_96cpus_0delay_npc-1 140444779874112
read_file 1567702618.7253778 1567702618.7388976 bigbrain_2307_603_2776.nii 140505698133824
increment_file 1567702618.7423704 1567702666.5500448 bigbrain_2307_603_2776.nii 140505698133824
write_file 1567702666.5805895 1567702679.9350317 inc-bigbrain_2307_603_2776.nii 140505698133824
task_duration 1567702618.710079 1567702679.937632 1567702400-optaneAD_1it_96cpus_0delay_npc-1 140505698133824
read_file 1567702618.7300026 1567702618.74696 bigbrain_3076_2412_0.nii 139917922514752
increment_file 1567702618.748967 1567702667.6729467 bigbrain_3076_2412_0.nii 139917922514752
write_file 1567702667.8826685 1567702674.963129 inc-bigbrain_3076_2412_0.nii 139917922514752
task_duration 1567702618.7258596 1567702674.9660575 1567702400-optaneAD_1it_96cpus_0delay_npc-1 139917922514752
read_file 1567702618.7386458 1567702618.753251 bigbrain_769_0_1388.nii 140105794537280
increment_file 1567702618.7555704 1567702666.1891716 bigbrain_769_0_1388.nii 140105794537280
write_file 1567702666.2277603 1567702685.4739463 inc-bigbrain_769_0_1388.nii 140105794537280
task_duration 1567702618.7245796 1567702685.4765866 1567702400-optaneAD_1it_96cpus_0delay_npc-1 140105794537280
read_file 1567702618.774637 1567702618.7867916 bigbrain_3076_2412_694.nii 140106269062976
increment_file 1567702618.7906964 1567702667.623064 bigbrain_3076_2412_694.nii 140106269062976
write_file 1567702667.659726 1567702677.1669865 inc-bigbrain_3076_2412_694.nii 140106269062976
task_duration 1567702618.7628126 1567702677.170992 1567702400-optaneAD_1it_96cpus_0delay_npc-1 140106269062976
read_file 1567702618.7868233 1567702618.800765 bigbrain_3076_0_2776.nii 140028268336960
increment_file 1567702618.803519 1567702666.3637693 bigbrain_3076_0_2776.nii 140028268336960
write_file 1567702666.394 1567702685.8682704 inc-bigbrain_3076_0_2776.nii 140028268336960
task_duration 1567702618.775175 1567702685.870856 1567702400-optaneAD_1it_96cpus_0delay_npc-1 140028268336960
read_file 1567702618.8045516 1567702618.8158247 bigbrain_2307_2412_0.nii 140563194885952
increment_file 1567702618.8186183 1567702666.3271768 bigbrain_2307_2412_0.nii 140563194885952
write_file 1567702666.3543715 1567702675.9535675 inc-bigbrain_2307_2412_0.nii 140563194885952
task_duration 1567702618.7916894 1567702675.9561868 1567702400-optaneAD_1it_96cpus_0delay_npc-1 140563194885952
read_file 1567702618.81491 1567702618.8173606 bigbrain_769_1206_2082.nii 140483395135296
increment_file 1567702618.8188403 1567702667.7678118 bigbrain_769_1206_2082.nii 140483395135296
write_file 1567702667.885966 1567702681.6306376 inc-bigbrain_769_1206_2082.nii 140483395135296
task_duration 1567702618.8120778 1567702681.6336143 1567702400-optaneAD_1it_96cpus_0delay_npc-1 140483395135296
read_file 1567702618.8114598 1567702618.8180242 bigbrain_2307_2412_694.nii 140199758038848
increment_file 1567702618.8189118 1567702666.2105193 bigbrain_2307_2412_694.nii 140199758038848
write_file 1567702666.2305365 1567702682.9897027 inc-bigbrain_2307_2412_694.nii 140199758038848
task_duration 1567702618.8087108 1567702682.992247 1567702400-optaneAD_1it_96cpus_0delay_npc-1 140199758038848
read_file 1567702618.8190122 1567702618.820981 bigbrain_769_0_0.nii 140164526368576
increment_file 1567702618.821651 1567702667.0159643 bigbrain_769_0_0.nii 140164526368576
write_file 1567702667.0190887 1567702686.5689187 inc-bigbrain_769_0_0.nii 140164526368576
task_duration 1567702618.8165107 1567702686.5713444 1567702400-optaneAD_1it_96cpus_0delay_npc-1 140164526368576
read_file 1567702618.81718 1567702618.8247864 bigbrain_769_1206_0.nii 139888486045504
increment_file 1567702618.8256235 1567702666.512691 bigbrain_769_1206_0.nii 139888486045504
write_file 1567702666.5252588 1567702680.8715456 inc-bigbrain_769_1206_0.nii 139888486045504
task_duration 1567702618.8139493 1567702680.8741527 1567702400-optaneAD_1it_96cpus_0delay_npc-1 139888486045504
read_file 1567702618.8186953 1567702618.8265436 bigbrain_3076_1809_1388.nii 140284816623424
increment_file 1567702618.8278375 1567702667.8199902 bigbrain_3076_1809_1388.nii 140284816623424
write_file 1567702667.8774557 1567702684.7059948 inc-bigbrain_3076_1809_1388.nii 140284816623424
task_duration 1567702618.8138294 1567702684.7093492 1567702400-optaneAD_1it_96cpus_0delay_npc-1 140284816623424
read_file 1567702618.8288872 1567702618.8311782 bigbrain_3076_603_1388.nii 139785181947712
increment_file 1567702618.83177 1567702666.6444466 bigbrain_3076_603_1388.nii 139785181947712
write_file 1567702666.6475701 1567702674.6692848 inc-bigbrain_3076_603_1388.nii 139785181947712
task_duration 1567702618.826269 1567702674.6717303 1567702400-optaneAD_1it_96cpus_0delay_npc-1 139785181947712
read_file 1567702618.8206863 1567702618.8330367 bigbrain_3076_2412_1388.nii 140015729674048
increment_file 1567702618.8352227 1567702666.489714 bigbrain_3076_2412_1388.nii 140015729674048
write_file 1567702666.5619469 1567702675.5237806 inc-bigbrain_3076_2412_1388.nii 140015729674048
task_duration 1567702618.81028 1567702675.5263622 1567702400-optaneAD_1it_96cpus_0delay_npc-1 140015729674048
read_file 1567702618.8256705 1567702618.8349235 bigbrain_3076_1809_2776.nii 140696362985280
increment_file 1567702618.8365088 1567702667.7760766 bigbrain_3076_1809_2776.nii 140696362985280
write_file 1567702667.880784 1567702682.329011 inc-bigbrain_3076_1809_2776.nii 140696362985280
task_duration 1567702618.820926 1567702682.3320658 1567702400-optaneAD_1it_96cpus_0delay_npc-1 140696362985280
read_file 1567702618.8300712 1567702618.8426461 bigbrain_3076_1206_0.nii 139746429781824
increment_file 1567702618.8447464 1567702666.547214 bigbrain_3076_1206_0.nii 139746429781824
write_file 1567702666.5801504 1567702685.6776302 inc-bigbrain_3076_1206_0.nii 139746429781824
task_duration 1567702618.8202572 1567702685.6802204 1567702400-optaneAD_1it_96cpus_0delay_npc-1 139746429781824
read_file 1567702618.8317811 1567702618.8446448 bigbrain_769_1206_1388.nii 140064594577216
increment_file 1567702618.8466651 1567702666.4843037 bigbrain_769_1206_1388.nii 140064594577216
write_file 1567702666.5160599 1567702681.9692113 inc-bigbrain_769_1206_1388.nii 140064594577216
task_duration 1567702618.8214786 1567702681.9718816 1567702400-optaneAD_1it_96cpus_0delay_npc-1 140064594577216
read_file 1567702618.8391228 1567702618.8503509 bigbrain_769_2412_0.nii 140531698759488
increment_file 1567702618.8529084 1567702667.7648265 bigbrain_769_2412_0.nii 140531698759488
write_file 1567702667.880614 1567702677.9346046 inc-bigbrain_769_2412_0.nii 140531698759488
task_duration 1567702618.8233674 1567702677.9374251 1567702400-optaneAD_1it_96cpus_0delay_npc-1 140531698759488
read_file 1567702618.8426647 1567702618.8532894 bigbrain_3076_1206_694.nii 139873213052736
increment_file 1567702618.8597379 1567702667.6867404 bigbrain_3076_1206_694.nii 139873213052736
write_file 1567702667.8834734 1567702676.5599613 inc-bigbrain_3076_1206_694.nii 139873213052736
task_duration 1567702618.8318164 1567702676.5629034 1567702400-optaneAD_1it_96cpus_0delay_npc-1 139873213052736
read_file 1567702618.849978 1567702618.859501 bigbrain_3076_0_2082.nii 140227024873280
increment_file 1567702618.8612726 1567702667.7826033 bigbrain_3076_0_2082.nii 140227024873280
write_file 1567702667.8834372 1567702685.811397 inc-bigbrain_3076_0_2082.nii 140227024873280
task_duration 1567702618.8409195 1567702685.8141706 1567702400-optaneAD_1it_96cpus_0delay_npc-1 140227024873280
read_file 1567702618.8580582 1567702618.8730931 bigbrain_3076_603_2082.nii 140291812595520
increment_file 1567702618.87608 1567702666.1776564 bigbrain_3076_603_2082.nii 140291812595520
write_file 1567702666.2046337 1567702683.8459682 inc-bigbrain_3076_603_2082.nii 140291812595520
task_duration 1567702618.8466265 1567702683.8485725 1567702400-optaneAD_1it_96cpus_0delay_npc-1 140291812595520
read_file 1567702618.871834 1567702618.8837118 bigbrain_769_2412_2082.nii 140282038953792
increment_file 1567702618.88492 1567702667.7966065 bigbrain_769_2412_2082.nii 140282038953792
write_file 1567702667.878694 1567702678.8257556 inc-bigbrain_769_2412_2082.nii 140282038953792
task_duration 1567702618.8657534 1567702678.8288305 1567702400-optaneAD_1it_96cpus_0delay_npc-1 140282038953792
read_file 1567702618.8785722 1567702618.8888652 bigbrain_3076_1809_0.nii 140200914454336
increment_file 1567702618.8913956 1567702666.936344 bigbrain_3076_1809_0.nii 140200914454336
write_file 1567702666.9642491 1567702686.453279 inc-bigbrain_3076_1809_0.nii 140200914454336
task_duration 1567702618.8671207 1567702686.4561749 1567702400-optaneAD_1it_96cpus_0delay_npc-1 140200914454336
read_file 1567702618.8852162 1567702618.8935375 bigbrain_3076_1809_694.nii 139746064766784
increment_file 1567702618.8949566 1567702666.9531708 bigbrain_3076_1809_694.nii 139746064766784
write_file 1567702666.9750774 1567702674.5128176 inc-bigbrain_3076_1809_694.nii 139746064766784
task_duration 1567702618.8759048 1567702674.5153966 1567702400-optaneAD_1it_96cpus_0delay_npc-1 139746064766784
read_file 1567702618.8910668 1567702618.8978848 bigbrain_3076_1206_2082.nii 140018960664384
increment_file 1567702618.90053 1567702666.315171 bigbrain_3076_1206_2082.nii 140018960664384
write_file 1567702666.3341005 1567702685.5129714 inc-bigbrain_3076_1206_2082.nii 140018960664384
task_duration 1567702618.8816102 1567702685.5156198 1567702400-optaneAD_1it_96cpus_0delay_npc-1 140018960664384
read_file 1567702618.8904655 1567702618.898141 bigbrain_2307_2412_2776.nii 140008355981120
increment_file 1567702618.9004395 1567702667.8134704 bigbrain_2307_2412_2776.nii 140008355981120
write_file 1567702667.8829262 1567702684.9517665 inc-bigbrain_2307_2412_2776.nii 140008355981120
task_duration 1567702618.8781066 1567702684.9548843 1567702400-optaneAD_1it_96cpus_0delay_npc-1 140008355981120
read_file 1567702618.8976727 1567702618.9085705 bigbrain_3076_603_0.nii 140413774325568
increment_file 1567702618.909549 1567702666.6457722 bigbrain_3076_603_0.nii 140413774325568
write_file 1567702666.665161 1567702684.9462636 inc-bigbrain_3076_603_0.nii 140413774325568
task_duration 1567702618.8942237 1567702684.9488292 1567702400-optaneAD_1it_96cpus_0delay_npc-1 140413774325568
read_file 1567702618.900211 1567702618.9122808 bigbrain_769_1809_2776.nii 140360095135552
increment_file 1567702618.9146402 1567702667.7096055 bigbrain_769_1809_2776.nii 140360095135552
write_file 1567702667.8794608 1567702686.1573668 inc-bigbrain_769_1809_2776.nii 140360095135552
task_duration 1567702618.8892796 1567702686.1601276 1567702400-optaneAD_1it_96cpus_0delay_npc-1 140360095135552
read_file 1567702618.902689 1567702618.9164813 bigbrain_769_0_2776.nii 140596347930432
increment_file 1567702618.9185019 1567702666.5816445 bigbrain_769_0_2776.nii 140596347930432
write_file 1567702666.6196232 1567702673.9343567 inc-bigbrain_769_0_2776.nii 140596347930432
task_duration 1567702618.891555 1567702673.9369452 1567702400-optaneAD_1it_96cpus_0delay_npc-1 140596347930432
read_file 1567702618.9085126 1567702618.9170847 bigbrain_769_1809_2082.nii 139948219545408
increment_file 1567702618.9192903 1567702666.4867258 bigbrain_769_1809_2082.nii 139948219545408
write_file 1567702666.508914 1567702678.0258675 inc-bigbrain_769_1809_2082.nii 139948219545408
task_duration 1567702618.898275 1567702678.028525 1567702400-optaneAD_1it_96cpus_0delay_npc-1 139948219545408
read_file 1567702618.905971 1567702618.921468 bigbrain_769_1206_2776.nii 140565502428992
increment_file 1567702618.9247947 1567702667.7256172 bigbrain_769_1206_2776.nii 140565502428992
write_file 1567702667.869284 1567702684.4599304 inc-bigbrain_769_1206_2776.nii 140565502428992
task_duration 1567702618.8941998 1567702684.4642699 1567702400-optaneAD_1it_96cpus_0delay_npc-1 140565502428992
read_file 1567702618.9150712 1567702618.923887 bigbrain_769_603_0.nii 139635193141056
increment_file 1567702618.9258924 1567702667.7829552 bigbrain_769_603_0.nii 139635193141056
write_file 1567702667.8836675 1567702684.6043434 inc-bigbrain_769_603_0.nii 139635193141056
task_duration 1567702618.9040143 1567702684.6075168 1567702400-optaneAD_1it_96cpus_0delay_npc-1 139635193141056
read_file 1567702618.917428 1567702618.9285204 bigbrain_769_2412_2776.nii 139721636382528
increment_file 1567702618.9303594 1567702666.5099783 bigbrain_769_2412_2776.nii 139721636382528
write_file 1567702666.5335388 1567702678.0614066 inc-bigbrain_769_2412_2776.nii 139721636382528
task_duration 1567702618.9066753 1567702678.063998 1567702400-optaneAD_1it_96cpus_0delay_npc-1 139721636382528
read_file 1567702618.9455857 1567702618.9580753 bigbrain_769_603_1388.nii 140452913620800
increment_file 1567702618.9615092 1567702667.7783887 bigbrain_769_603_1388.nii 140452913620800
write_file 1567702667.8802943 1567702674.0428102 inc-bigbrain_769_603_1388.nii 140452913620800
task_duration 1567702618.9364762 1567702674.0457866 1567702400-optaneAD_1it_96cpus_0delay_npc-1 140452913620800
read_file 1567702618.948582 1567702618.9612825 bigbrain_769_603_2082.nii 140199017948992
increment_file 1567702618.9644477 1567702667.6892412 bigbrain_769_603_2082.nii 140199017948992
write_file 1567702667.8794596 1567702672.982468 inc-bigbrain_769_603_2082.nii 140199017948992
task_duration 1567702618.9378493 1567702672.985326 1567702400-optaneAD_1it_96cpus_0delay_npc-1 140199017948992
read_file 1567702618.9631917 1567702618.9730816 bigbrain_769_2412_1388.nii 140501969086272
increment_file 1567702618.9744391 1567702667.7197726 bigbrain_769_2412_1388.nii 140501969086272
write_file 1567702667.8837373 1567702682.8486326 inc-bigbrain_769_2412_1388.nii 140501969086272
task_duration 1567702618.9583635 1567702682.8515031 1567702400-optaneAD_1it_96cpus_0delay_npc-1 140501969086272
read_file 1567702618.962612 1567702618.9989467 bigbrain_769_2412_694.nii 140537443100480
increment_file 1567702619.0010462 1567702666.453511 bigbrain_769_2412_694.nii 140537443100480
write_file 1567702666.4747353 1567702684.7452571 inc-bigbrain_769_2412_694.nii 140537443100480
task_duration 1567702618.9507022 1567702684.747889 1567702400-optaneAD_1it_96cpus_0delay_npc-1 140537443100480
read_file 1567702618.995817 1567702619.0085654 bigbrain_769_0_2082.nii 139769476732736
increment_file 1567702619.0125766 1567702667.6970012 bigbrain_769_0_2082.nii 139769476732736
write_file 1567702667.8793306 1567702678.3351867 inc-bigbrain_769_0_2082.nii 139769476732736
task_duration 1567702618.9834604 1567702678.3381217 1567702400-optaneAD_1it_96cpus_0delay_npc-1 139769476732736
read_file 1567702618.9886453 1567702619.0126255 bigbrain_769_1809_0.nii 140435185284928
increment_file 1567702619.0150692 1567702666.414194 bigbrain_769_1809_0.nii 140435185284928
write_file 1567702666.4320476 1567702680.3163323 inc-bigbrain_769_1809_0.nii 140435185284928
task_duration 1567702618.9774606 1567702680.3195138 1567702400-optaneAD_1it_96cpus_0delay_npc-1 140435185284928
read_file 1567702619.0052745 1567702619.018319 bigbrain_769_1809_694.nii 140051484841792
increment_file 1567702619.0213325 1567702667.6929579 bigbrain_769_1809_694.nii 140051484841792
write_file 1567702667.8775773 1567702679.1146207 inc-bigbrain_769_1809_694.nii 140051484841792
task_duration 1567702618.9945114 1567702679.117535 1567702400-optaneAD_1it_96cpus_0delay_npc-1 140051484841792
read_file 1567702671.5231545 1567702671.52425 bigbrain_769_603_694.nii 139741180090176
increment_file 1567702671.6107183 1567702672.2796602 bigbrain_769_603_694.nii 139741180090176
write_file 1567702672.2822065 1567702683.975004 inc-bigbrain_769_603_694.nii 139741180090176
task_duration 1567702671.5207705 1567702683.9790943 1567702400-optaneAD_1it_96cpus_0delay_npc-1 139741180090176
