read_file 1567693385.1253512 1567693389.1912003 bigbrain_3076_0_694.nii 140517803763520
increment_file 1567693667.9007726 1567693713.7968621 bigbrain_3076_0_694.nii 140517803763520
write_file 1567693914.2713645 1567694431.482693 inc-bigbrain_3076_0_694.nii 140517803763520
task_duration 1567693385.113254 1567694431.605856 1567693348-isilonAD_1it_96cpus_0delay_npc-0 140517803763520
read_file 1567693390.464193 1567693405.0836763 bigbrain_769_603_2082.nii 139635067070272
increment_file 1567693821.7491422 1567693862.9207654 bigbrain_769_603_2082.nii 139635067070272
write_file 1567693914.8203847 1567694431.4968958 inc-bigbrain_769_603_2082.nii 139635067070272
task_duration 1567693390.2864962 1567694431.6170132 1567693348-isilonAD_1it_96cpus_0delay_npc-0 139635067070272
read_file 1567693384.4805691 1567693385.6352634 bigbrain_3076_0_2082.nii 139831677007680
increment_file 1567693493.9661791 1567693542.0666301 bigbrain_3076_0_2082.nii 139831677007680
write_file 1567693910.3119106 1567694431.4544466 inc-bigbrain_3076_0_2082.nii 139831677007680
task_duration 1567693384.4603546 1567694431.5926378 1567693348-isilonAD_1it_96cpus_0delay_npc-0 139831677007680
read_file 1567693384.4400568 1567693385.4825704 bigbrain_1538_1206_1388.nii 140570080278336
increment_file 1567693448.8985279 1567693499.960781 bigbrain_1538_1206_1388.nii 140570080278336
write_file 1567693908.9315228 1567694431.4455452 inc-bigbrain_1538_1206_1388.nii 140570080278336
task_duration 1567693384.436672 1567694431.5841749 1567693348-isilonAD_1it_96cpus_0delay_npc-0 140570080278336
read_file 1567693384.6686847 1567693385.8013868 bigbrain_3076_2412_2082.nii 140260703147840
increment_file 1567693553.1976838 1567693600.1276753 bigbrain_3076_2412_2082.nii 140260703147840
write_file 1567693911.5966585 1567694431.4525874 inc-bigbrain_3076_2412_2082.nii 140260703147840
task_duration 1567693384.6527457 1567694431.5907412 1567693348-isilonAD_1it_96cpus_0delay_npc-0 140260703147840
read_file 1567693385.0221455 1567693387.399453 bigbrain_2307_1809_0.nii 140006608938816
increment_file 1567693642.3634934 1567693691.719508 bigbrain_2307_1809_0.nii 140006608938816
write_file 1567693913.579505 1567694431.4756663 inc-bigbrain_2307_1809_0.nii 140006608938816
task_duration 1567693384.9861948 1567694431.6031067 1567693348-isilonAD_1it_96cpus_0delay_npc-0 140006608938816
read_file 1567693384.4372206 1567693385.420885 bigbrain_769_1809_0.nii 139825168721728
increment_file 1567693442.3267665 1567693490.4884825 bigbrain_769_1809_0.nii 139825168721728
write_file 1567693908.5379114 1567694326.8942478 inc-bigbrain_769_1809_0.nii 139825168721728
task_duration 1567693384.4340715 1567694423.49665 1567693348-isilonAD_1it_96cpus_0delay_npc-0 139825168721728
read_file 1567693385.3438103 1567693391.7496397 bigbrain_2307_0_2776.nii 140687614142272
increment_file 1567693725.020743 1567693769.788146 bigbrain_2307_0_2776.nii 140687614142272
write_file 1567693914.7837584 1567694431.4952126 inc-bigbrain_2307_0_2776.nii 140687614142272
task_duration 1567693385.3310704 1567694431.6164951 1567693348-isilonAD_1it_96cpus_0delay_npc-0 140687614142272
read_file 1567693384.4228663 1567693385.324247 bigbrain_3076_2412_2776.nii 139724842428224
increment_file 1567693433.1118925 1567693483.0059733 bigbrain_3076_2412_2776.nii 139724842428224
write_file 1567693908.5286107 1567694431.4693923 inc-bigbrain_3076_2412_2776.nii 139724842428224
task_duration 1567693384.3919563 1567694431.5961704 1567693348-isilonAD_1it_96cpus_0delay_npc-0 139724842428224
read_file 1567693385.7177923 1567693396.0116286 bigbrain_3076_0_1388.nii 139929592317760
increment_file 1567693766.4724572 1567693811.5079844 bigbrain_3076_0_1388.nii 139929592317760
write_file 1567693914.801389 1567694431.4810944 inc-bigbrain_3076_0_1388.nii 139929592317760
task_duration 1567693385.6668792 1567694431.6060972 1567693348-isilonAD_1it_96cpus_0delay_npc-0 139929592317760
read_file 1567693385.1259427 1567693389.3425465 bigbrain_3076_0_0.nii 140427454601024
increment_file 1567693674.8160717 1567693720.3655655 bigbrain_3076_0_0.nii 140427454601024
write_file 1567693914.7660313 1567694431.4786937 inc-bigbrain_3076_0_0.nii 140427454601024
task_duration 1567693385.1154966 1567694431.6030314 1567693348-isilonAD_1it_96cpus_0delay_npc-0 140427454601024
read_file 1567693385.2938232 1567693390.813415 bigbrain_769_1206_694.nii 140113286178624
increment_file 1567693702.8360546 1567693748.2217052 bigbrain_769_1206_694.nii 140113286178624
write_file 1567693914.7782528 1567694431.4847949 inc-bigbrain_769_1206_694.nii 140113286178624
task_duration 1567693385.2827754 1567694431.6082196 1567693348-isilonAD_1it_96cpus_0delay_npc-0 140113286178624
read_file 1567693384.4234037 1567693385.3246737 bigbrain_3076_1206_0.nii 139674297521984
increment_file 1567693437.7939057 1567693489.036449 bigbrain_3076_1206_0.nii 139674297521984
write_file 1567693908.7974622 1567694431.3835666 inc-bigbrain_3076_1206_0.nii 139674297521984
task_duration 1567693384.4048176 1567694431.5705855 1567693348-isilonAD_1it_96cpus_0delay_npc-0 139674297521984
read_file 1567693385.3425145 1567693391.4594355 bigbrain_2307_603_2776.nii 140399136237376
increment_file 1567693710.88823 1567693755.5649076 bigbrain_2307_603_2776.nii 140399136237376
write_file 1567693914.7794178 1567694431.4855454 inc-bigbrain_2307_603_2776.nii 140399136237376
task_duration 1567693385.3283336 1567694431.608061 1567693348-isilonAD_1it_96cpus_0delay_npc-0 140399136237376
read_file 1567693394.009703 1567693408.801162 bigbrain_769_0_2082.nii 139886839936832
increment_file 1567693839.6715453 1567693883.0303972 bigbrain_769_0_2082.nii 139886839936832
write_file 1567693914.8153942 1567694431.4957576 inc-bigbrain_769_0_2082.nii 139886839936832
task_duration 1567693393.830945 1567694431.616958 1567693348-isilonAD_1it_96cpus_0delay_npc-0 139886839936832
read_file 1567693384.4483562 1567693385.5477312 bigbrain_2307_1206_2776.nii 139978321110848
increment_file 1567693464.1981978 1567693512.3893685 bigbrain_2307_1206_2776.nii 139978321110848
write_file 1567693909.4501348 1567694431.4465265 inc-bigbrain_2307_1206_2776.nii 139978321110848
task_duration 1567693384.444961 1567694431.585653 1567693348-isilonAD_1it_96cpus_0delay_npc-0 139978321110848
read_file 1567693385.3441741 1567693391.7496972 bigbrain_769_1809_694.nii 140478601058112
increment_file 1567693731.2823267 1567693777.4571636 bigbrain_769_1809_694.nii 140478601058112
write_file 1567693914.7849429 1567694431.4840412 inc-bigbrain_769_1809_694.nii 140478601058112
task_duration 1567693385.3324194 1567694431.6068902 1567693348-isilonAD_1it_96cpus_0delay_npc-0 140478601058112
read_file 1567693384.6420023 1567693385.674699 bigbrain_2307_603_1388.nii 139934238275392
increment_file 1567693531.0477366 1567693578.1791878 bigbrain_2307_603_1388.nii 139934238275392
write_file 1567693911.2357535 1567694431.4583216 inc-bigbrain_2307_603_1388.nii 139934238275392
task_duration 1567693384.6097522 1567694431.5963638 1567693348-isilonAD_1it_96cpus_0delay_npc-0 139934238275392
read_file 1567693384.441572 1567693385.5002363 bigbrain_2307_1809_1388.nii 140242656511808
increment_file 1567693452.9407089 1567693501.4203541 bigbrain_2307_1809_1388.nii 140242656511808
write_file 1567693909.0661044 1567694431.4994957 inc-bigbrain_2307_1809_1388.nii 140242656511808
task_duration 1567693384.4379117 1567694431.6190102 1567693348-isilonAD_1it_96cpus_0delay_npc-0 140242656511808
read_file 1567693385.5644436 1567693393.6704357 bigbrain_2307_1206_0.nii 139987152144192
increment_file 1567693755.8307536 1567693801.8482888 bigbrain_2307_1206_0.nii 139987152144192
write_file 1567693914.8028705 1567694431.4721758 inc-bigbrain_2307_1206_0.nii 139987152144192
task_duration 1567693385.5524998 1567694431.5960684 1567693348-isilonAD_1it_96cpus_0delay_npc-0 139987152144192
read_file 1567693384.2509966 1567693384.9266634 bigbrain_1538_603_0.nii 139844312082240
increment_file 1567693385.6556134 1567693391.4558015 bigbrain_1538_603_0.nii 139844312082240
write_file 1567693712.4788122 1567693914.7527 inc-bigbrain_1538_603_0.nii 139844312082240
task_duration 1567693384.2462656 1567693914.938801 1567693348-isilonAD_1it_96cpus_0delay_npc-0 139844312082240
read_file 1567693384.4997702 1567693385.6546564 bigbrain_2307_1206_2082.nii 140653188290368
increment_file 1567693516.1310134 1567693564.2244332 bigbrain_2307_1206_2082.nii 140653188290368
write_file 1567693910.8600986 1567694431.4520996 inc-bigbrain_2307_1206_2082.nii 140653188290368
task_duration 1567693384.467357 1567694431.590145 1567693348-isilonAD_1it_96cpus_0delay_npc-0 140653188290368
read_file 1567693385.4811206 1567693392.7091355 bigbrain_2307_2412_2776.nii 140281713850176
increment_file 1567693744.8893013 1567693791.9932985 bigbrain_2307_2412_2776.nii 140281713850176
write_file 1567693914.797041 1567694431.492631 inc-bigbrain_2307_2412_2776.nii 140281713850176
task_duration 1567693385.4281147 1567694431.6148963 1567693348-isilonAD_1it_96cpus_0delay_npc-0 140281713850176
read_file 1567693384.4559526 1567693385.5695822 bigbrain_2307_1206_1388.nii 139930993993536
increment_file 1567693475.667334 1567693523.2945933 bigbrain_2307_1206_1388.nii 139930993993536
write_file 1567693909.8313816 1567694431.014854 inc-bigbrain_2307_1206_1388.nii 139930993993536
task_duration 1567693384.453262 1567694431.556397 1567693348-isilonAD_1it_96cpus_0delay_npc-0 139930993993536
read_file 1567693385.971867 1567693401.306999 bigbrain_769_2412_2776.nii 140438571095872
increment_file 1567693798.7920465 1567693839.6730592 bigbrain_769_2412_2776.nii 140438571095872
write_file 1567693914.810321 1567694431.4945729 inc-bigbrain_769_2412_2776.nii 140438571095872
task_duration 1567693385.9146702 1567694431.6151252 1567693348-isilonAD_1it_96cpus_0delay_npc-0 140438571095872
read_file 1567693391.5327156 1567693407.1812537 bigbrain_3076_2412_0.nii 140617291597632
increment_file 1567693831.9605286 1567693872.0162506 bigbrain_3076_2412_0.nii 140617291597632
write_file 1567693914.8132455 1567694431.489329 inc-bigbrain_3076_2412_0.nii 140617291597632
task_duration 1567693391.4656672 1567694431.6109023 1567693348-isilonAD_1it_96cpus_0delay_npc-0 140617291597632
read_file 1567693399.6996505 1567693412.9860086 bigbrain_769_2412_1388.nii 140144720963392
increment_file 1567693867.6047106 1567693899.7200394 bigbrain_769_2412_1388.nii 140144720963392
write_file 1567693914.824661 1567694431.5054922 inc-bigbrain_769_2412_1388.nii 140144720963392
task_duration 1567693399.511192 1567694431.6234424 1567693348-isilonAD_1it_96cpus_0delay_npc-0 140144720963392
read_file 1567693384.315254 1567693385.3172371 bigbrain_2307_603_694.nii 140085523121984
increment_file 1567693420.4963417 1567693459.2144785 bigbrain_2307_603_694.nii 140085523121984
write_file 1567693908.5259027 1567694431.4445791 inc-bigbrain_2307_603_694.nii 140085523121984
task_duration 1567693384.3029284 1567694431.5840452 1567693348-isilonAD_1it_96cpus_0delay_npc-0 140085523121984
read_file 1567693385.3433487 1567693391.4618275 bigbrain_2307_0_0.nii 140533762557760
increment_file 1567693721.8404126 1567693766.4740508 bigbrain_2307_0_0.nii 140533762557760
write_file 1567693914.7805164 1567694431.4803367 inc-bigbrain_2307_0_0.nii 140533762557760
task_duration 1567693385.3299458 1567694431.6026466 1567693348-isilonAD_1it_96cpus_0delay_npc-0 140533762557760
read_file 1567693385.282275 1567693390.5458138 bigbrain_769_0_694.nii 140604144162624
increment_file 1567693689.7368686 1567693732.9933364 bigbrain_769_0_694.nii 140604144162624
write_file 1567693914.768008 1567694431.4920888 inc-bigbrain_769_0_694.nii 140604144162624
task_duration 1567693385.271908 1567694431.614835 1567693348-isilonAD_1it_96cpus_0delay_npc-0 140604144162624
read_file 1567693385.1028562 1567693388.237419 bigbrain_1538_2412_0.nii 140193490585408
increment_file 1567693653.0674422 1567693701.086271 bigbrain_1538_2412_0.nii 140193490585408
write_file 1567693913.7417786 1567694431.4751825 inc-bigbrain_1538_2412_0.nii 140193490585408
task_duration 1567693385.0314157 1567694431.6020148 1567693348-isilonAD_1it_96cpus_0delay_npc-0 140193490585408
read_file 1567693384.7605095 1567693385.873037 bigbrain_2307_0_694.nii 140608328529728
increment_file 1567693592.9097242 1567693640.3505151 bigbrain_2307_0_694.nii 140608328529728
write_file 1567693912.4757328 1567694431.4705682 inc-bigbrain_2307_0_694.nii 140608328529728
task_duration 1567693384.7489593 1567694431.596561 1567693348-isilonAD_1it_96cpus_0delay_npc-0 140608328529728
read_file 1567693384.4435203 1567693385.5024867 bigbrain_2307_2412_0.nii 140585117001536
increment_file 1567693460.155225 1567693509.3294249 bigbrain_2307_2412_0.nii 140585117001536
write_file 1567693909.216454 1567694431.451267 inc-bigbrain_2307_2412_0.nii 140585117001536
task_duration 1567693384.4414146 1567694431.588745 1567693348-isilonAD_1it_96cpus_0delay_npc-0 140585117001536
read_file 1567693385.8264487 1567693398.049727 bigbrain_1538_2412_2082.nii 140522725295936
increment_file 1567693784.5367088 1567693827.6511798 bigbrain_1538_2412_2082.nii 140522725295936
write_file 1567693914.811528 1567694431.488918 inc-bigbrain_1538_2412_2082.nii 140522725295936
task_duration 1567693385.8160388 1567694431.60975 1567693348-isilonAD_1it_96cpus_0delay_npc-0 140522725295936
read_file 1567693384.6690319 1567693385.8020642 bigbrain_1538_0_2776.nii 140163064694592
increment_file 1567693560.106548 1567693608.050146 bigbrain_1538_0_2776.nii 140163064694592
write_file 1567693911.659843 1567694431.454819 inc-bigbrain_1538_0_2776.nii 140163064694592
task_duration 1567693384.6564813 1567694431.5899177 1567693348-isilonAD_1it_96cpus_0delay_npc-0 140163064694592
read_file 1567693384.2605233 1567693384.96009 bigbrain_1538_603_2776.nii 139805329028928
increment_file 1567693400.498018 1567693418.3446517 bigbrain_1538_603_2776.nii 139805329028928
write_file 1567693901.2019634 1567694404.1724465 inc-bigbrain_1538_603_2776.nii 139805329028928
task_duration 1567693384.2577524 1567694431.4508085 1567693348-isilonAD_1it_96cpus_0delay_npc-0 139805329028928
read_file 1567693385.400609 1567693392.171971 bigbrain_1538_1809_2082.nii 139876369753920
increment_file 1567693734.5962877 1567693780.7932563 bigbrain_1538_1809_2082.nii 139876369753920
write_file 1567693914.7843719 1567694431.4942691 inc-bigbrain_1538_1809_2082.nii 139876369753920
task_duration 1567693385.3527346 1567694431.6139288 1567693348-isilonAD_1it_96cpus_0delay_npc-0 139876369753920
read_file 1567693385.7999284 1567693397.2225072 bigbrain_3076_1809_1388.nii 140531984410432
increment_file 1567693773.4137695 1567693817.4972517 bigbrain_3076_1809_1388.nii 140531984410432
write_file 1567693914.8019857 1567694431.4913642 inc-bigbrain_3076_1809_1388.nii 140531984410432
task_duration 1567693385.7678819 1567694431.6141007 1567693348-isilonAD_1it_96cpus_0delay_npc-0 140531984410432
read_file 1567693385.0495107 1567693388.0855925 bigbrain_2307_2412_2082.nii 140091910641472
increment_file 1567693646.10976 1567693693.1725156 bigbrain_2307_2412_2082.nii 140091910641472
write_file 1567693913.6607122 1567694431.473355 inc-bigbrain_2307_2412_2082.nii 140091910641472
task_duration 1567693385.0302415 1567694431.6007137 1567693348-isilonAD_1it_96cpus_0delay_npc-0 140091910641472
read_file 1567693384.6677232 1567693385.7649488 bigbrain_2307_2412_1388.nii 140644615898944
increment_file 1567693542.2001107 1567693589.1440468 bigbrain_2307_2412_1388.nii 140644615898944
write_file 1567693911.4345233 1567694431.5007908 inc-bigbrain_2307_2412_1388.nii 140644615898944
task_duration 1567693384.652645 1567694431.6206496 1567693348-isilonAD_1it_96cpus_0delay_npc-0 140644615898944
read_file 1567693384.787952 1567693385.8779953 bigbrain_1538_1809_0.nii 139670916986688
increment_file 1567693607.9434175 1567693656.7843044 bigbrain_1538_1809_0.nii 139670916986688
write_file 1567693912.9227614 1567694431.4514844 inc-bigbrain_1538_1809_0.nii 139670916986688
task_duration 1567693384.778086 1567694431.5887008 1567693348-isilonAD_1it_96cpus_0delay_npc-0 139670916986688
read_file 1567693389.9382308 1567693404.16956 bigbrain_769_0_0.nii 139632340805440
increment_file 1567693814.58214 1567693855.0005834 bigbrain_769_0_0.nii 139632340805440
write_file 1567693914.8198287 1567694431.497592 inc-bigbrain_769_0_0.nii 139632340805440
task_duration 1567693389.7520924 1567694431.6177654 1567693348-isilonAD_1it_96cpus_0delay_npc-0 139632340805440
read_file 1567693385.8008347 1567693397.6446145 bigbrain_769_1206_2082.nii 140557346764608
increment_file 1567693777.4554965 1567693820.2758455 bigbrain_769_1206_2082.nii 140557346764608
write_file 1567693914.8042169 1567694431.4816515 inc-bigbrain_769_1206_2082.nii 140557346764608
task_duration 1567693385.7700818 1567694431.6036546 1567693348-isilonAD_1it_96cpus_0delay_npc-0 140557346764608
read_file 1567693384.4993505 1567693385.654124 bigbrain_2307_2412_694.nii 139890780628800
increment_file 1567693509.2208712 1567693556.3651578 bigbrain_2307_2412_694.nii 139890780628800
write_file 1567693910.7397566 1567694431.4560504 inc-bigbrain_2307_2412_694.nii 139890780628800
task_duration 1567693384.4635682 1567694431.595393 1567693348-isilonAD_1it_96cpus_0delay_npc-0 139890780628800
read_file 1567693384.6424122 1567693385.7210803 bigbrain_769_1206_1388.nii 139859405780800
increment_file 1567693538.210197 1567693585.8051672 bigbrain_769_1206_1388.nii 139859405780800
write_file 1567693911.3353384 1567694431.4777377 inc-bigbrain_769_1206_1388.nii 139859405780800
task_duration 1567693384.624392 1567694431.6026962 1567693348-isilonAD_1it_96cpus_0delay_npc-0 139859405780800
read_file 1567693385.10371 1567693388.505 bigbrain_3076_603_1388.nii 140008877856576
increment_file 1567693663.8603249 1567693710.9990573 bigbrain_3076_603_1388.nii 140008877856576
write_file 1567693913.8913765 1567694431.4784236 inc-bigbrain_3076_603_1388.nii 140008877856576
task_duration 1567693385.0948834 1567694431.6035175 1567693348-isilonAD_1it_96cpus_0delay_npc-0 140008877856576
read_file 1567693397.2931676 1567693411.3350475 bigbrain_769_0_1388.nii 140104605226816
increment_file 1567693858.0948396 1567693895.4680562 bigbrain_769_0_1388.nii 140104605226816
write_file 1567693914.8279614 1567694431.5045125 inc-bigbrain_769_0_1388.nii 140104605226816
task_duration 1567693396.8280735 1567694431.6227286 1567693348-isilonAD_1it_96cpus_0delay_npc-0 140104605226816
read_file 1567693385.0212133 1567693387.1322172 bigbrain_3076_2412_694.nii 140555522807616
increment_file 1567693631.301319 1567693678.6708784 bigbrain_3076_2412_694.nii 140555522807616
write_file 1567693913.3991776 1567694431.490739 inc-bigbrain_3076_2412_694.nii 140555522807616
task_duration 1567693384.9743462 1567694431.613078 1567693348-isilonAD_1it_96cpus_0delay_npc-0 140555522807616
read_file 1567693386.1769564 1567693402.113469 bigbrain_769_1809_1388.nii 140138205062976
increment_file 1567693803.7468967 1567693842.72105 bigbrain_769_1809_1388.nii 140138205062976
write_file 1567693914.812069 1567694431.4835422 inc-bigbrain_769_1809_1388.nii 140138205062976
task_duration 1567693385.9148505 1567694431.6049259 1567693348-isilonAD_1it_96cpus_0delay_npc-0 140138205062976
read_file 1567693393.4627247 1567693407.9908464 bigbrain_3076_1206_2082.nii 140257339627328
increment_file 1567693835.0113149 1567693877.2700772 bigbrain_3076_1206_2082.nii 140257339627328
write_file 1567693914.822509 1567694431.4856987 inc-bigbrain_3076_1206_2082.nii 140257339627328
task_duration 1567693393.2568834 1567694431.6078575 1567693348-isilonAD_1it_96cpus_0delay_npc-0 140257339627328
read_file 1567693385.2051213 1567693390.010944 bigbrain_3076_1809_2082.nii 140241645832000
increment_file 1567693678.8026502 1567693723.4178438 bigbrain_3076_1809_2082.nii 140241645832000
write_file 1567693914.7666814 1567694431.483214 inc-bigbrain_3076_1809_2082.nii 140241645832000
task_duration 1567693385.1776268 1567694431.6054707 1567693348-isilonAD_1it_96cpus_0delay_npc-0 140241645832000
read_file 1567693384.6241064 1567693385.6624231 bigbrain_1538_1809_1388.nii 140686490711872
increment_file 1567693527.0368478 1567693574.862972 bigbrain_1538_1809_1388.nii 140686490711872
write_file 1567693911.11727 1567694431.4441473 inc-bigbrain_1538_1809_1388.nii 140686490711872
task_duration 1567693384.6047938 1567694431.5835392 1567693348-isilonAD_1it_96cpus_0delay_npc-0 140686490711872
read_file 1567693384.4530876 1567693385.5687435 bigbrain_2307_1809_2082.nii 139830997145408
increment_file 1567693471.685006 1567693520.248749 bigbrain_2307_1809_2082.nii 139830997145408
write_file 1567693909.6504438 1567694431.4466062 inc-bigbrain_2307_1809_2082.nii 139830997145408
task_duration 1567693384.4506884 1567694431.5844772 1567693348-isilonAD_1it_96cpus_0delay_npc-0 139830997145408
read_file 1567693384.6683 1567693385.774645 bigbrain_1538_603_694.nii 139878631069504
increment_file 1567693549.1693368 1567693597.056489 bigbrain_1538_603_694.nii 139878631069504
write_file 1567693911.5156977 1567694431.4741569 inc-bigbrain_1538_603_694.nii 139878631069504
task_duration 1567693384.6514225 1567694431.6011121 1567693348-isilonAD_1it_96cpus_0delay_npc-0 139878631069504
read_file 1567693384.360299 1567693385.3193305 bigbrain_1538_1206_2776.nii 140057173034816
increment_file 1567693425.8820696 1567693469.9379969 bigbrain_1538_1206_2776.nii 140057173034816
write_file 1567693908.5271952 1567694431.441508 inc-bigbrain_1538_1206_2776.nii 140057173034816
task_duration 1567693384.306449 1567694431.5805783 1567693348-isilonAD_1it_96cpus_0delay_npc-0 140057173034816
read_file 1567693384.9637027 1567693385.908561 bigbrain_2307_603_2082.nii 140710364723008
increment_file 1567693620.3901777 1567693668.0081754 bigbrain_2307_603_2082.nii 140710364723008
write_file 1567693913.1805625 1567694431.4714627 inc-bigbrain_2307_603_2082.nii 140710364723008
task_duration 1567693384.960628 1567694431.5984213 1567693348-isilonAD_1it_96cpus_0delay_npc-0 140710364723008
read_file 1567693385.3429816 1567693391.460145 bigbrain_3076_1206_694.nii 140062167881536
increment_file 1567693715.5452979 1567693758.8786664 bigbrain_3076_1206_694.nii 140062167881536
write_file 1567693914.7826574 1567694431.4869385 inc-bigbrain_3076_1206_694.nii 140062167881536
task_duration 1567693385.3288732 1567694431.6099625 1567693348-isilonAD_1it_96cpus_0delay_npc-0 140062167881536
read_file 1567693384.7696285 1567693385.8751876 bigbrain_3076_1809_0.nii 139629531125568
increment_file 1567693596.9491067 1567693644.226462 bigbrain_3076_1809_0.nii 139629531125568
write_file 1567693912.622387 1567694431.4746745 inc-bigbrain_3076_1809_0.nii 139629531125568
task_duration 1567693384.748984 1567694431.6025784 1567693348-isilonAD_1it_96cpus_0delay_npc-0 139629531125568
read_file 1567693384.2522016 1567693384.955738 bigbrain_1538_2412_694.nii 139689010599744
increment_file 1567693394.5309067 1567693410.1218343 bigbrain_1538_2412_694.nii 139689010599744
write_file 1567693855.1336987 1567694356.34672 inc-bigbrain_1538_2412_694.nii 139689010599744
task_duration 1567693384.2464187 1567694428.5984097 1567693348-isilonAD_1it_96cpus_0delay_npc-0 139689010599744
read_file 1567693384.749772 1567693385.8544707 bigbrain_1538_2412_1388.nii 140657163962176
increment_file 1567693585.9376252 1567693633.2815626 bigbrain_1538_2412_1388.nii 140657163962176
write_file 1567693912.322757 1567694431.4571614 inc-bigbrain_1538_2412_1388.nii 140657163962176
task_duration 1567693384.7376356 1567694431.5939949 1567693348-isilonAD_1it_96cpus_0delay_npc-0 140657163962176
read_file 1567693384.251783 1567693384.9460618 bigbrain_769_603_0.nii 139891743475520
increment_file 1567693391.3486662 1567693404.8141758 bigbrain_769_603_0.nii 139891743475520
write_file 1567693823.2316682 1567694348.8587706 inc-bigbrain_769_603_0.nii 139891743475520
task_duration 1567693384.2461975 1567694427.5578725 1567693348-isilonAD_1it_96cpus_0delay_npc-0 139891743475520
read_file 1567693390.678001 1567693405.6816738 bigbrain_3076_1809_694.nii 140482642343744
increment_file 1567693826.1954484 1567693865.9915512 bigbrain_3076_1809_694.nii 140482642343744
write_file 1567693914.8159869 1567694431.4994001 inc-bigbrain_3076_1809_694.nii 140482642343744
task_duration 1567693390.4201615 1567694431.618503 1567693348-isilonAD_1it_96cpus_0delay_npc-0 140482642343744
read_file 1567693384.3029752 1567693385.304306 bigbrain_2307_1809_694.nii 140024399980352
increment_file 1567693414.1962876 1567693444.996888 bigbrain_2307_1809_694.nii 140024399980352
write_file 1567693908.523807 1567694378.1231263 inc-bigbrain_2307_1809_694.nii 140024399980352
task_duration 1567693384.3005204 1567694431.2789466 1567693348-isilonAD_1it_96cpus_0delay_npc-0 140024399980352
read_file 1567693384.4573865 1567693385.5916471 bigbrain_2307_1206_694.nii 140563167663936
increment_file 1567693483.1392856 1567693534.4678454 bigbrain_2307_1206_694.nii 140563167663936
write_file 1567693910.159824 1567694360.5519762 inc-bigbrain_2307_1206_694.nii 140563167663936
task_duration 1567693384.4547577 1567694430.1128237 1567693348-isilonAD_1it_96cpus_0delay_npc-0 140563167663936
read_file 1567693385.2829204 1567693390.6795216 bigbrain_3076_1206_1388.nii 140298705237824
increment_file 1567693696.9409118 1567693743.0061297 bigbrain_3076_1206_1388.nii 140298705237824
write_file 1567693914.7788286 1567694431.4725645 inc-bigbrain_3076_1206_1388.nii 140298705237824
task_duration 1567693385.2728179 1567694431.5965235 1567693348-isilonAD_1it_96cpus_0delay_npc-0 140298705237824
read_file 1567693384.3060958 1567693385.3162105 bigbrain_1538_2412_2776.nii 140420763088704
increment_file 1567693417.6986587 1567693454.2587566 bigbrain_1538_2412_2776.nii 140420763088704
write_file 1567693908.525164 1567694431.4495854 inc-bigbrain_1538_2412_2776.nii 140420763088704
task_duration 1567693384.303241 1567694431.5866249 1567693348-isilonAD_1it_96cpus_0delay_npc-0 140420763088704
read_file 1567693384.8102405 1567693385.882682 bigbrain_3076_1809_2776.nii 139748917864256
increment_file 1567693613.1361487 1567693660.0978968 bigbrain_3076_1809_2776.nii 139748917864256
write_file 1567693913.0608745 1567694431.4494908 inc-bigbrain_3076_1809_2776.nii 139748917864256
task_duration 1567693384.8075557 1567694431.5858662 1567693348-isilonAD_1it_96cpus_0delay_npc-0 139748917864256
read_file 1567693384.251365 1567693384.945342 bigbrain_1538_603_2082.nii 140404728309568
increment_file 1567693385.9041522 1567693399.2332187 bigbrain_1538_603_2082.nii 140404728309568
write_file 1567693800.6674612 1567693914.7689898 inc-bigbrain_1538_603_2082.nii 140404728309568
task_duration 1567693384.2463512 1567693914.9500153 1567693348-isilonAD_1it_96cpus_0delay_npc-0 140404728309568
read_file 1567693384.4716055 1567693385.6344407 bigbrain_3076_603_2776.nii 140530491635520
increment_file 1567693487.177498 1567693533.0261366 bigbrain_3076_603_2776.nii 140530491635520
write_file 1567693910.000251 1567694431.4731424 inc-bigbrain_3076_603_2776.nii 140530491635520
task_duration 1567693384.4610698 1567694431.5978405 1567693348-isilonAD_1it_96cpus_0delay_npc-0 140530491635520
read_file 1567693385.103332 1567693388.3710103 bigbrain_2307_603_0.nii 139906285705024
increment_file 1567693657.0499263 1567693704.1556067 bigbrain_2307_603_0.nii 139906285705024
write_file 1567693913.8052113 1567694431.4704962 inc-bigbrain_2307_603_0.nii 139906285705024
task_duration 1567693385.037683 1567694431.5961258 1567693348-isilonAD_1it_96cpus_0delay_npc-0 139906285705024
read_file 1567693399.9423976 1567693413.3899255 bigbrain_769_2412_2082.nii 139816330553152
increment_file 1567693875.4096968 1567693901.1744275 bigbrain_769_2412_2082.nii 139816330553152
write_file 1567693914.8307207 1567694431.5035684 inc-bigbrain_769_2412_2082.nii 139816330553152
task_duration 1567693399.5139968 1567694431.6218987 1567693348-isilonAD_1it_96cpus_0delay_npc-0 139816330553152
read_file 1567693384.302686 1567693385.2858887 bigbrain_1538_0_694.nii 140492622423872
increment_file 1567693410.524389 1567693438.702914 bigbrain_1538_0_694.nii 140492622423872
write_file 1567693908.5245028 1567694430.648055 inc-bigbrain_1538_0_694.nii 140492622423872
task_duration 1567693384.3003664 1567694431.5495036 1567693348-isilonAD_1it_96cpus_0delay_npc-0 140492622423872
read_file 1567693385.6526325 1567693394.2274637 bigbrain_769_2412_0.nii 139660546549568
increment_file 1567693762.6231048 1567693808.1601422 bigbrain_769_2412_0.nii 139660546549568
write_file 1567693914.8002744 1567694431.486443 inc-bigbrain_769_2412_0.nii 139660546549568
task_duration 1567693385.6427166 1567694431.6095235 1567693348-isilonAD_1it_96cpus_0delay_npc-0 139660546549568
read_file 1567693389.1093767 1567693403.7473395 bigbrain_769_1809_2776.nii 139979983214400
increment_file 1567693809.9129553 1567693850.3137205 bigbrain_769_1809_2776.nii 139979983214400
write_file 1567693914.805324 1567694431.4913816 inc-bigbrain_769_1809_2776.nii 139979983214400
task_duration 1567693388.9133787 1567694431.613139 1567693348-isilonAD_1it_96cpus_0delay_npc-0 139979983214400
read_file 1567693384.7053425 1567693385.8087692 bigbrain_1538_1809_2776.nii 140414202799936
increment_file 1567693564.117797 1567693611.1181135 bigbrain_1538_1809_2776.nii 140414202799936
write_file 1567693911.7437456 1567694431.4425933 inc-bigbrain_1538_1809_2776.nii 140414202799936
task_duration 1567693384.6787126 1567694431.5822902 1567693348-isilonAD_1it_96cpus_0delay_npc-0 140414202799936
read_file 1567693384.9765403 1567693386.4457674 bigbrain_3076_0_2776.nii 140538524632896
increment_file 1567693624.1089594 1567693671.0742338 bigbrain_3076_0_2776.nii 140538524632896
write_file 1567693913.2991235 1567694431.4589102 inc-bigbrain_3076_0_2776.nii 140538524632896
task_duration 1567693384.9662857 1567694431.5956373 1567693348-isilonAD_1it_96cpus_0delay_npc-0 140538524632896
read_file 1567693399.276896 1567693412.5652559 bigbrain_769_0_2776.nii 139699593213760
increment_file 1567693864.4012108 1567693899.3455682 bigbrain_769_0_2776.nii 139699593213760
write_file 1567693914.828478 1567694431.4969025 inc-bigbrain_769_0_2776.nii 139699593213760
task_duration 1567693398.865798 1567694431.6181352 1567693348-isilonAD_1it_96cpus_0delay_npc-0 139699593213760
read_file 1567693384.4989421 1567693385.6450331 bigbrain_2307_0_1388.nii 140126108796736
increment_file 1567693505.187716 1567693553.304019 bigbrain_2307_0_1388.nii 140126108796736
write_file 1567693910.5997508 1567694431.479074 inc-bigbrain_2307_0_1388.nii 140126108796736
task_duration 1567693384.4628541 1567694431.6039166 1567693348-isilonAD_1it_96cpus_0delay_npc-0 140126108796736
read_file 1567693407.2426882 1567693418.4796512 bigbrain_769_603_2776.nii 140509057378112
increment_file 1567693901.2009444 1567693914.7531943 bigbrain_769_603_2776.nii 140509057378112
write_file 1567693914.9579408 1567694431.5071015 inc-bigbrain_769_603_2776.nii 140509057378112
task_duration 1567693406.7837703 1567694431.6243398 1567693348-isilonAD_1it_96cpus_0delay_npc-0 140509057378112
read_file 1567693407.7194426 1567693419.1517608 bigbrain_769_2412_694.nii 139755925702464
increment_file 1567693878.7490842 1567693908.5223272 bigbrain_769_2412_694.nii 139755925702464
write_file 1567693914.8312995 1567694431.5013146 inc-bigbrain_769_2412_694.nii 139755925702464
task_duration 1567693406.784591 1567694431.6213396 1567693348-isilonAD_1it_96cpus_0delay_npc-0 139755925702464
read_file 1567693384.5001862 1567693385.654675 bigbrain_1538_1206_0.nii 139744235001664
increment_file 1567693520.1418273 1567693567.2710865 bigbrain_1538_1206_0.nii 139744235001664
write_file 1567693910.998376 1567694431.4431474 inc-bigbrain_1538_1206_0.nii 139744235001664
task_duration 1567693384.4683769 1567694431.582843 1567693348-isilonAD_1it_96cpus_0delay_npc-0 139744235001664
read_file 1567693384.3597753 1567693385.318277 bigbrain_1538_603_1388.nii 140610068854592
increment_file 1567693422.7847085 1567693464.9812832 bigbrain_1538_603_1388.nii 140610068854592
write_file 1567693908.5267823 1567694431.4390419 inc-bigbrain_1538_603_1388.nii 140610068854592
task_duration 1567693384.3041167 1567694431.5752468 1567693348-isilonAD_1it_96cpus_0delay_npc-0 140610068854592
read_file 1567694431.882008 1567694431.8997316 bigbrain_769_603_694.nii 140234366826304
increment_file 1567694431.9083574 1567694437.3702478 bigbrain_769_603_694.nii 140234366826304
write_file 1567694437.401844 1567694443.5094106 inc-bigbrain_769_603_694.nii 140234366826304
task_duration 1567694431.87946 1567694443.5163236 1567693348-isilonAD_1it_96cpus_0delay_npc-0 140234366826304
read_file 1567693384.2609901 1567693384.9619462 bigbrain_2307_0_2082.nii 140691217577792
increment_file 1567693406.101543 1567693426.5281682 bigbrain_2307_0_2082.nii 140691217577792
write_file 1567693908.5230577 1567694389.4770558 inc-bigbrain_2307_0_2082.nii 140691217577792
task_duration 1567693384.2578888 1567694431.4512732 1567693348-isilonAD_1it_96cpus_0delay_npc-0 140691217577792
read_file 1567693385.542462 1567693393.4016345 bigbrain_1538_1809_694.nii 140415581112128
increment_file 1567693751.8480473 1567693798.793626 bigbrain_1538_1809_694.nii 140415581112128
write_file 1567693914.8059008 1567694431.440957 inc-bigbrain_1538_1809_694.nii 140415581112128
task_duration 1567693385.5090272 1567694431.5790255 1567693348-isilonAD_1it_96cpus_0delay_npc-0 140415581112128
read_file 1567693384.72722 1567693385.8189936 bigbrain_3076_603_0.nii 139782589200192
increment_file 1567693571.0132132 1567693618.5045776 bigbrain_3076_603_0.nii 139782589200192
write_file 1567693911.8598576 1567694431.4560127 inc-bigbrain_3076_603_0.nii 139782589200192
task_duration 1567693384.7163768 1567694431.591768 1567693348-isilonAD_1it_96cpus_0delay_npc-0 139782589200192
read_file 1567693385.8269038 1567693398.4541085 bigbrain_769_603_1388.nii 140372545587008
increment_file 1567693790.5492914 1567693832.0853477 bigbrain_769_603_1388.nii 140372545587008
write_file 1567693914.8109026 1567694431.4900084 inc-bigbrain_769_603_1388.nii 140372545587008
task_duration 1567693385.8160958 1567694431.6120896 1567693348-isilonAD_1it_96cpus_0delay_npc-0 140372545587008
read_file 1567693384.749324 1567693385.8535116 bigbrain_2307_1809_2776.nii 139656077186880
increment_file 1567693581.9278438 1567693629.4300938 bigbrain_2307_1809_2776.nii 139656077186880
write_file 1567693912.140217 1567694431.4536843 inc-bigbrain_2307_1809_2776.nii 139656077186880
task_duration 1567693384.7367375 1567694431.5903769 1567693348-isilonAD_1it_96cpus_0delay_npc-0 139656077186880
read_file 1567693384.7276645 1567693385.830984 bigbrain_3076_1206_2776.nii 140385772779328
increment_file 1567693574.9979386 1567693622.1055865 bigbrain_3076_1206_2776.nii 140385772779328
write_file 1567693911.9921017 1567694431.4402556 inc-bigbrain_3076_1206_2776.nii 140385772779328
task_duration 1567693384.7175207 1567694431.5775485 1567693348-isilonAD_1it_96cpus_0delay_npc-0 140385772779328
read_file 1567693395.6691024 1567693410.930094 bigbrain_769_1206_2776.nii 140287465629504
increment_file 1567693853.4110744 1567693893.7438023 bigbrain_769_1206_2776.nii 140287465629504
write_file 1567693914.8258524 1567694431.5023847 inc-bigbrain_769_1206_2776.nii 140287465629504
task_duration 1567693395.2134087 1567694431.621804 1567693348-isilonAD_1it_96cpus_0delay_npc-0 140287465629504
read_file 1567693385.021696 1567693387.2658153 bigbrain_769_1206_0.nii 139748050028352
increment_file 1567693635.152309 1567693681.984078 bigbrain_769_1206_0.nii 139748050028352
write_file 1567693913.4987118 1567694431.457839 inc-bigbrain_769_1206_0.nii 139748050028352
task_duration 1567693384.9768612 1567694431.5929813 1567693348-isilonAD_1it_96cpus_0delay_npc-0 139748050028352
read_file 1567693385.1634243 1567693390.0110958 bigbrain_769_1809_2082.nii 140164865140544
increment_file 1567693685.726013 1567693729.6798394 bigbrain_769_1809_2082.nii 140164865140544
write_file 1567693914.7674458 1567694431.4796982 inc-bigbrain_769_1809_2082.nii 140164865140544
task_duration 1567693385.1370668 1567694431.6049483 1567693348-isilonAD_1it_96cpus_0delay_npc-0 140164865140544
read_file 1567693394.2258825 1567693410.0143619 bigbrain_3076_603_694.nii 139814620170048
increment_file 1567693845.7953305 1567693887.7127542 bigbrain_3076_603_694.nii 139814620170048
write_file 1567693914.825225 1567694431.4939215 inc-bigbrain_3076_603_694.nii 139814620170048
task_duration 1567693393.965138 1567694431.6141117 1567693348-isilonAD_1it_96cpus_0delay_npc-0 139814620170048
read_file 1567693384.7874563 1567693385.8764582 bigbrain_3076_2412_1388.nii 140128663861056
increment_file 1567693603.89389 1567693651.0632854 bigbrain_3076_2412_1388.nii 140128663861056
write_file 1567693912.7833061 1567694431.5002444 inc-bigbrain_3076_2412_1388.nii 140128663861056
task_duration 1567693384.7582982 1567694431.6208327 1567693348-isilonAD_1it_96cpus_0delay_npc-0 140128663861056
read_file 1567693384.498523 1567693385.6359284 bigbrain_3076_603_2082.nii 140707928123200
increment_file 1567693497.9786923 1567693545.4055266 bigbrain_3076_603_2082.nii 140707928123200
write_file 1567693910.4581006 1567694431.4437926 inc-bigbrain_3076_603_2082.nii 140707928123200
task_duration 1567693384.4618256 1567694431.5831313 1567693348-isilonAD_1it_96cpus_0delay_npc-0 140707928123200
read_file 1567693384.3606975 1567693385.319351 bigbrain_1538_1206_694.nii 139993459603264
increment_file 1567693429.2217221 1567693475.6686487 bigbrain_1538_1206_694.nii 139993459603264
write_file 1567693908.5279276 1567694431.450496 inc-bigbrain_1538_1206_694.nii 139993459603264
task_duration 1567693384.3088212 1567694431.5882852 1567693348-isilonAD_1it_96cpus_0delay_npc-0 139993459603264
read_file 1567693385.4184496 1567693392.307005 bigbrain_1538_1206_2082.nii 140311271302976
increment_file 1567693741.0135376 1567693788.6793008 bigbrain_1538_1206_2082.nii 140311271302976
write_file 1567693914.7964303 1567694431.4879746 inc-bigbrain_1538_1206_2082.nii 140311271302976
task_duration 1567693385.354928 1567694431.6108003 1567693348-isilonAD_1it_96cpus_0delay_npc-0 140311271302976
