read_file 1567715148.5366142 1567715148.6313686 bigbrain_3076_2412_0.nii 140256742684480
increment_file 1567715149.607981 1567715168.0802882 bigbrain_3076_2412_0.nii 140256742684480
write_file 1567715182.8101559 1567715201.354419 inc-bigbrain_3076_2412_0.nii 140256742684480
task_duration 1567715268.524295 1567715448.7436502 1567714459-isilonAD_1it_25cpus_120delay_withpc-3 140256742684480
read_file 1567715312.5877843 1567715312.6334658 bigbrain_769_1809_2776.nii 140115254728512
increment_file 1567715314.0462615 1567715336.1678221 bigbrain_769_1809_2776.nii 140115254728512
write_file 1567715336.814813 1567715359.390874 inc-bigbrain_769_1809_2776.nii 140115254728512
task_duration 1567715432.5855324 1567715599.51859 1567714459-isilonAD_1it_25cpus_120delay_withpc-3 140115254728512
read_file 1567715198.2505577 1567715206.4260874 bigbrain_3076_603_694.nii 140609198708544
increment_file 1567715214.4818907 1567715226.32036 bigbrain_3076_603_694.nii 140609198708544
write_file 1567715226.3991117 1567715242.0178778 inc-bigbrain_3076_603_694.nii 140609198708544
task_duration 1567715318.1463656 1567715485.7086165 1567714459-isilonAD_1it_25cpus_120delay_withpc-3 140609198708544
read_file 1567715148.6409419 1567715158.87019 bigbrain_3076_2412_2776.nii 139938722608960
increment_file 1567715169.020427 1567715183.0347114 bigbrain_3076_2412_2776.nii 139938722608960
write_file 1567715195.479209 1567715221.8398874 inc-bigbrain_3076_2412_2776.nii 139938722608960
task_duration 1567715268.6383076 1567715465.248437 1567714459-isilonAD_1it_25cpus_120delay_withpc-3 139938722608960
read_file 1567715400.973589 1567715401.4143956 bigbrain_769_603_1388.nii 139674714068800
increment_file 1567715401.85 1567715420.2617264 bigbrain_769_603_1388.nii 139674714068800
write_file 1567715424.5932062 1567715447.803182 inc-bigbrain_769_603_1388.nii 139674714068800
task_duration 1567715520.970619 1567715688.5542643 1567714459-isilonAD_1it_25cpus_120delay_withpc-3 139674714068800
read_file 1567715287.2641442 1567715289.752514 bigbrain_769_1206_1388.nii 140231081649984
increment_file 1567715292.0542934 1567715308.0354316 bigbrain_769_1206_1388.nii 140231081649984
write_file 1567715311.656878 1567715325.990756 inc-bigbrain_769_1206_1388.nii 140231081649984
task_duration 1567715406.7031078 1567715570.8165035 1567714459-isilonAD_1it_25cpus_120delay_withpc-3 140231081649984
read_file 1567715312.5858684 1567715312.632728 bigbrain_769_1809_2082.nii 140698531366720
increment_file 1567715314.3537452 1567715336.4093044 bigbrain_769_1809_2082.nii 140698531366720
write_file 1567715336.8177028 1567715359.3929496 inc-bigbrain_769_1809_2082.nii 140698531366720
task_duration 1567715432.5668416 1567715599.4425857 1567714459-isilonAD_1it_25cpus_120delay_withpc-3 140698531366720
read_file 1567715095.9279568 1567715100.7153943 bigbrain_3076_1809_2082.nii 140650282735424
increment_file 1567715103.9224908 1567715112.1295521 bigbrain_3076_1809_2082.nii 140650282735424
write_file 1567715112.1804535 1567715128.8749967 inc-bigbrain_3076_1809_2082.nii 140650282735424
task_duration 1567715215.7482216 1567715368.9731603 1567714459-isilonAD_1it_25cpus_120delay_withpc-3 140650282735424
read_file 1567714766.8364866 1567714767.0783617 bigbrain_2307_1809_1388.nii 139730258724672
increment_file 1567714790.686926 1567714815.746406 bigbrain_2307_1809_1388.nii 139730258724672
write_file 1567714879.3250506 1567714948.572148 inc-bigbrain_2307_1809_1388.nii 139730258724672
task_duration 1567714886.8252628 1567715214.164328 1567714459-isilonAD_1it_25cpus_120delay_withpc-3 139730258724672
read_file 1567714345.8524656 1567714346.2918704 bigbrain_1538_2412_1388.nii 140154850170688
increment_file 1567714356.6612184 1567714409.2440295 bigbrain_1538_2412_1388.nii 140154850170688
write_file 1567714480.347087 1567714619.5175254 inc-bigbrain_1538_2412_1388.nii 140154850170688
task_duration 1567714465.8165212 1567714859.5645435 1567714459-isilonAD_1it_25cpus_120delay_withpc-3 140154850170688
read_file 1567715294.4468603 1567715299.4393218 bigbrain_769_1206_694.nii 140274220455744
increment_file 1567715300.899358 1567715311.479586 bigbrain_769_1206_694.nii 140274220455744
write_file 1567715312.0476112 1567715326.9335043 inc-bigbrain_769_1206_694.nii 140274220455744
task_duration 1567715414.258247 1567715572.67446 1567714459-isilonAD_1it_25cpus_120delay_withpc-3 140274220455744
read_file 1567714345.8094003 1567714346.2190237 bigbrain_1538_2412_694.nii 140224367527744
increment_file 1567714346.331963 1567714380.9095542 bigbrain_1538_2412_694.nii 140224367527744
write_file 1567714477.434405 1567714619.5283434 inc-bigbrain_1538_2412_694.nii 140224367527744
task_duration 1567714465.8070052 1567714859.6484444 1567714459-isilonAD_1it_25cpus_120delay_withpc-3 140224367527744
read_file 1567715032.0663404 1567715032.5677602 bigbrain_3076_1206_2082.nii 140649132869440
increment_file 1567715033.2447078 1567715039.8441947 bigbrain_3076_1206_2082.nii 140649132869440
write_file 1567715040.164236 1567715047.0004914 inc-bigbrain_3076_1206_2082.nii 140649132869440
task_duration 1567715151.886658 1567715287.1145263 1567714459-isilonAD_1it_25cpus_120delay_withpc-3 140649132869440
read_file 1567714784.2713332 1567714798.0492127 bigbrain_2307_603_1388.nii 139831130191680
increment_file 1567714852.0450823 1567714884.3621073 bigbrain_2307_603_1388.nii 139831130191680
write_file 1567714899.8749547 1567714991.808554 inc-bigbrain_2307_603_1388.nii 139831130191680
task_duration 1567714903.8349602 1567715232.427815 1567714459-isilonAD_1it_25cpus_120delay_withpc-3 139831130191680
read_file 1567715264.382702 1567715264.4448411 bigbrain_769_0_694.nii 140111011784512
increment_file 1567715265.2848883 1567715280.903772 bigbrain_769_0_694.nii 140111011784512
write_file 1567715283.4717278 1567715308.1386402 inc-bigbrain_769_0_694.nii 140111011784512
task_duration 1567715384.367677 1567715551.232575 1567714459-isilonAD_1it_25cpus_120delay_withpc-3 140111011784512
read_file 1567714345.9110599 1567714346.321212 bigbrain_1538_1206_1388.nii 139884474746688
increment_file 1567714430.791549 1567714469.7287912 bigbrain_1538_1206_1388.nii 139884474746688
write_file 1567714483.0675313 1567714614.8758872 inc-bigbrain_1538_1206_1388.nii 139884474746688
task_duration 1567714465.8826447 1567714858.5372338 1567714459-isilonAD_1it_25cpus_120delay_withpc-3 139884474746688
read_file 1567715264.3737142 1567715264.4442697 bigbrain_769_0_2776.nii 140595281659712
increment_file 1567715264.4588287 1567715279.4610376 bigbrain_769_0_2776.nii 140595281659712
write_file 1567715282.5294538 1567715304.3155336 inc-bigbrain_769_0_2776.nii 140595281659712
task_duration 1567715384.363163 1567715550.071396 1567714459-isilonAD_1it_25cpus_120delay_withpc-3 140595281659712
read_file 1567714345.9114254 1567714346.3211627 bigbrain_1538_1809_2776.nii 139739094484800
increment_file 1567714426.6755702 1567714469.084877 bigbrain_1538_1809_2776.nii 139739094484800
write_file 1567714482.9324007 1567714619.525263 inc-bigbrain_1538_1809_2776.nii 139739094484800
task_duration 1567714465.9023945 1567714859.6613002 1567714459-isilonAD_1it_25cpus_120delay_withpc-3 139739094484800
read_file 1567714346.134581 1567714346.3271406 bigbrain_1538_1206_2082.nii 140011058845504
increment_file 1567714469.4869375 1567714483.1741707 bigbrain_1538_1206_2082.nii 140011058845504
write_file 1567714483.2411287 1567714619.5274591 inc-bigbrain_1538_1206_2082.nii 140011058845504
task_duration 1567714466.1256964 1567714859.5564928 1567714459-isilonAD_1it_25cpus_120delay_withpc-3 140011058845504
read_file 1567714766.8989332 1567714767.0884545 bigbrain_2307_603_0.nii 140303557687104
increment_file 1567714795.5073104 1567714825.2107248 bigbrain_2307_603_0.nii 140303557687104
write_file 1567714883.0773573 1567714961.311647 inc-bigbrain_2307_603_0.nii 140303557687104
task_duration 1567714886.8654578 1567715217.5045195 1567714459-isilonAD_1it_25cpus_120delay_withpc-3 140303557687104
read_file 1567714782.7844672 1567714797.3805356 bigbrain_2307_1206_2082.nii 140174143649600
increment_file 1567714847.79531 1567714882.410555 bigbrain_2307_1206_2082.nii 140174143649600
write_file 1567714896.8093271 1567714989.9298499 inc-bigbrain_2307_1206_2082.nii 140174143649600
task_duration 1567714901.887135 1567715230.666643 1567714459-isilonAD_1it_25cpus_120delay_withpc-3 140174143649600
read_file 1567714346.0244608 1567714346.3259177 bigbrain_2307_0_2082.nii 139739753563968
increment_file 1567714441.5024772 1567714472.8886135 bigbrain_2307_0_2082.nii 139739753563968
write_file 1567714483.1748993 1567714619.4576879 inc-bigbrain_2307_0_2082.nii 139739753563968
task_duration 1567714465.9982677 1567714859.6343246 1567714459-isilonAD_1it_25cpus_120delay_withpc-3 139739753563968
read_file 1567715400.9741306 1567715401.459691 bigbrain_769_2412_694.nii 140448784058176
increment_file 1567715402.1895597 1567715422.1067083 bigbrain_769_2412_694.nii 140448784058176
write_file 1567715424.6135721 1567715447.3589416 inc-bigbrain_769_2412_694.nii 140448784058176
task_duration 1567715520.971155 1567715688.3924422 1567714459-isilonAD_1it_25cpus_120delay_withpc-3 140448784058176
read_file 1567715312.626613 1567715313.1624646 bigbrain_769_1809_0.nii 139678322784064
increment_file 1567715315.748969 1567715336.7832327 bigbrain_769_1809_0.nii 139678322784064
write_file 1567715336.8216305 1567715359.387756 inc-bigbrain_769_1809_0.nii 139678322784064
task_duration 1567715432.595409 1567715599.5157452 1567714459-isilonAD_1it_25cpus_120delay_withpc-3 139678322784064
read_file 1567714766.7781003 1567714766.9464664 bigbrain_2307_1809_0.nii 139834318665536
increment_file 1567714767.0843325 1567714782.251388 bigbrain_2307_1809_0.nii 139834318665536
write_file 1567714829.3541095 1567714881.3685267 inc-bigbrain_2307_1809_0.nii 139834318665536
task_duration 1567714886.7745824 1567715135.842612 1567714459-isilonAD_1it_25cpus_120delay_withpc-3 139834318665536
read_file 1567714345.970717 1567714346.325263 bigbrain_1538_603_2776.nii 140110941456192
increment_file 1567714437.497053 1567714472.2487617 bigbrain_1538_603_2776.nii 140110941456192
write_file 1567714483.1742666 1567714616.9968643 inc-bigbrain_1538_603_2776.nii 140110941456192
task_duration 1567714465.9255667 1567714859.6266122 1567714459-isilonAD_1it_25cpus_120delay_withpc-3 140110941456192
read_file 1567714766.7882802 1567714766.9536169 bigbrain_2307_1809_2776.nii 140388470654784
increment_file 1567714767.0958173 1567714783.5593565 bigbrain_2307_1809_2776.nii 140388470654784
write_file 1567714837.7201178 1567714885.8516994 inc-bigbrain_2307_1809_2776.nii 140388470654784
task_duration 1567714886.7854593 1567715142.1226554 1567714459-isilonAD_1it_25cpus_120delay_withpc-3 140388470654784
read_file 1567714732.407755 1567714732.4235344 bigbrain_2307_0_2776.nii 140366618318656
increment_file 1567714732.4327168 1567714737.9388702 bigbrain_2307_0_2776.nii 140366618318656
write_file 1567714737.9630754 1567714744.101544 inc-bigbrain_2307_0_2776.nii 140366618318656
task_duration 1567714852.4044976 1567714984.24564 1567714459-isilonAD_1it_25cpus_120delay_withpc-3 140366618318656
read_file 1567715095.6893625 1567715095.73846 bigbrain_3076_1809_1388.nii 139700721817408
increment_file 1567715095.744522 1567715106.67638 bigbrain_3076_1809_1388.nii 139700721817408
write_file 1567715110.685751 1567715128.8752482 inc-bigbrain_3076_1809_1388.nii 139700721817408
task_duration 1567715215.6880057 1567715369.0078611 1567714459-isilonAD_1it_25cpus_120delay_withpc-3 139700721817408
read_file 1567715148.508476 1567715148.592631 bigbrain_3076_2412_2082.nii 139979665532736
increment_file 1567715148.6374443 1567715160.0452986 bigbrain_3076_2412_2082.nii 139979665532736
write_file 1567715170.6131392 1567715189.0970798 inc-bigbrain_3076_2412_2082.nii 139979665532736
task_duration 1567715268.506012 1567715435.8061705 1567714459-isilonAD_1it_25cpus_120delay_withpc-3 139979665532736
read_file 1567714345.8121755 1567714346.2449555 bigbrain_1538_603_0.nii 140661616940864
increment_file 1567714346.3444912 1567714385.8273804 bigbrain_1538_603_0.nii 140661616940864
write_file 1567714478.6375694 1567714619.516555 inc-bigbrain_1538_603_0.nii 140661616940864
task_duration 1567714465.8095596 1567714859.653498 1567714459-isilonAD_1it_25cpus_120delay_withpc-3 140661616940864
read_file 1567715226.2224226 1567715226.3643699 bigbrain_769_0_2082.nii 139987296147264
increment_file 1567715226.3767014 1567715238.7996626 bigbrain_769_0_2082.nii 139987296147264
write_file 1567715245.6084268 1567715262.7544994 inc-bigbrain_769_0_2082.nii 139987296147264
task_duration 1567715345.8209105 1567715502.8821535 1567714459-isilonAD_1it_25cpus_120delay_withpc-3 139987296147264
read_file 1567715359.4652865 1567715359.5021641 bigbrain_769_1809_694.nii 140493057144640
increment_file 1567715359.5135717 1567715365.0176497 bigbrain_769_1809_694.nii 140493057144640
write_file 1567715365.0571203 1567715371.238404 inc-bigbrain_769_1809_694.nii 140493057144640
task_duration 1567715479.4621081 1567715612.5679774 1567714459-isilonAD_1it_25cpus_120delay_withpc-3 140493057144640
read_file 1567714761.1508057 1567714761.2174017 bigbrain_2307_1206_0.nii 140573912287040
increment_file 1567714761.2501724 1567714766.726741 bigbrain_2307_1206_0.nii 140573912287040
write_file 1567714766.792235 1567714782.6517346 inc-bigbrain_2307_1206_0.nii 140573912287040
task_duration 1567714881.1484015 1567715064.138654 1567714459-isilonAD_1it_25cpus_120delay_withpc-3 140573912287040
read_file 1567715148.651608 1567715163.1254072 bigbrain_3076_603_1388.nii 140127771375424
increment_file 1567715170.6074555 1567715184.752565 bigbrain_3076_603_1388.nii 140127771375424
write_file 1567715195.621855 1567715223.6739008 inc-bigbrain_3076_603_1388.nii 140127771375424
task_duration 1567715268.6490905 1567715466.430534 1567714459-isilonAD_1it_25cpus_120delay_withpc-3 140127771375424
read_file 1567714771.1356401 1567714791.3569324 bigbrain_2307_603_694.nii 140379171104576
increment_file 1567714835.8483984 1567714868.232033 bigbrain_2307_603_694.nii 140379171104576
write_file 1567714893.0128088 1567714984.3453352 inc-bigbrain_2307_603_694.nii 140379171104576
task_duration 1567714890.6852548 1567715225.4651513 1567714459-isilonAD_1it_25cpus_120delay_withpc-3 140379171104576
read_file 1567714766.9706895 1567714767.1006088 bigbrain_2307_1206_694.nii 140629539862336
increment_file 1567714805.7464027 1567714838.3616977 bigbrain_2307_1206_694.nii 140629539862336
write_file 1567714888.5336945 1567714971.333676 inc-bigbrain_2307_1206_694.nii 140629539862336
task_duration 1567714886.9515324 1567715221.4409447 1567714459-isilonAD_1it_25cpus_120delay_withpc-3 140629539862336
read_file 1567715382.1253889 1567715382.209612 bigbrain_769_2412_0.nii 139927395784512
increment_file 1567715382.2197402 1567715393.0319147 bigbrain_769_2412_0.nii 139927395784512
write_file 1567715393.8793979 1567715400.328706 inc-bigbrain_769_2412_0.nii 139927395784512
task_duration 1567715501.9370503 1567715640.4481585 1567714459-isilonAD_1it_25cpus_120delay_withpc-3 139927395784512
read_file 1567715312.5571737 1567715312.5897915 bigbrain_769_1809_1388.nii 140129938818880
increment_file 1567715312.6301548 1567715332.4294672 bigbrain_769_1809_1388.nii 140129938818880
write_file 1567715336.7873988 1567715359.386176 inc-bigbrain_769_1809_1388.nii 140129938818880
task_duration 1567715432.554388 1567715599.5140154 1567714459-isilonAD_1it_25cpus_120delay_withpc-3 140129938818880
read_file 1567715400.976785 1567715401.6282108 bigbrain_769_603_0.nii 140166084425536
increment_file 1567715403.293098 1567715423.685991 bigbrain_769_603_0.nii 140166084425536
write_file 1567715424.6180053 1567715447.4525602 inc-bigbrain_769_603_0.nii 140166084425536
task_duration 1567715520.973248 1567715688.4464228 1567714459-isilonAD_1it_25cpus_120delay_withpc-3 140166084425536
read_file 1567714345.8037508 1567714346.1480918 bigbrain_1538_1206_2776.nii 140712361846592
increment_file 1567714346.322474 1567714379.6292548 bigbrain_1538_1206_2776.nii 140712361846592
write_file 1567714475.8290312 1567714592.6062942 inc-bigbrain_1538_1206_2776.nii 140712361846592
task_duration 1567714465.7992318 1567714851.4392495 1567714459-isilonAD_1it_25cpus_120delay_withpc-3 140712361846592
read_file 1567714767.0965521 1567714780.942791 bigbrain_2307_2412_2776.nii 139841552193344
increment_file 1567714817.4835348 1567714852.0459452 bigbrain_2307_2412_2776.nii 139841552193344
write_file 1567714891.5388706 1567714980.7305756 inc-bigbrain_2307_2412_2776.nii 139841552193344
task_duration 1567714887.0935135 1567715224.714959 1567714459-isilonAD_1it_25cpus_120delay_withpc-3 139841552193344
read_file 1567714994.0707786 1567714994.08798 bigbrain_3076_0_694.nii 139919845746496
increment_file 1567714994.1324172 1567715009.7562983 bigbrain_3076_0_694.nii 139919845746496
write_file 1567715010.5250194 1567715027.586997 inc-bigbrain_3076_0_694.nii 139919845746496
task_duration 1567715114.0675645 1567715267.6934233 1567714459-isilonAD_1it_25cpus_120delay_withpc-3 139919845746496
read_file 1567714345.8930936 1567714346.3191562 bigbrain_1538_0_694.nii 140655534221120
increment_file 1567714419.216794 1567714463.8391852 bigbrain_1538_0_694.nii 140655534221120
write_file 1567714482.798199 1567714615.2234507 inc-bigbrain_1538_0_694.nii 140655534221120
task_duration 1567714465.8730655 1567714859.270758 1567714459-isilonAD_1it_25cpus_120delay_withpc-3 140655534221120
read_file 1567714346.1341872 1567714346.3264813 bigbrain_1538_2412_2776.nii 140472892151616
increment_file 1567714448.476199 1567714479.9474673 bigbrain_1538_2412_2776.nii 140472892151616
write_file 1567714483.2088022 1567714619.5228956 inc-bigbrain_1538_2412_2776.nii 140472892151616
task_duration 1567714466.1077256 1567714859.5683663 1567714459-isilonAD_1it_25cpus_120delay_withpc-3 140472892151616
read_file 1567714766.8130329 1567714767.0162776 bigbrain_2307_2412_694.nii 140342986311488
increment_file 1567714771.5287766 1567714794.0025852 bigbrain_2307_2412_694.nii 140342986311488
write_file 1567714843.0107896 1567714926.404369 inc-bigbrain_2307_2412_694.nii 140342986311488
task_duration 1567714886.7951097 1567715202.773089 1567714459-isilonAD_1it_25cpus_120delay_withpc-3 140342986311488
read_file 1567714787.9256613 1567714802.1653264 bigbrain_3076_0_1388.nii 140719366420288
increment_file 1567714857.6600728 1567714888.5169406 bigbrain_3076_0_1388.nii 140719366420288
write_file 1567714904.126064 1567714992.688898 inc-bigbrain_3076_0_1388.nii 140719366420288
task_duration 1567714907.1948664 1567715233.1399226 1567714459-isilonAD_1it_25cpus_120delay_withpc-3 140719366420288
read_file 1567714345.8541543 1567714346.312847 bigbrain_1538_1809_1388.nii 140657147090752
increment_file 1567714379.6277363 1567714430.7933583 bigbrain_1538_1809_1388.nii 140657147090752
write_file 1567714481.0163362 1567714619.521558 inc-bigbrain_1538_1809_1388.nii 140657147090752
task_duration 1567714465.8218837 1567714859.6498604 1567714459-isilonAD_1it_25cpus_120delay_withpc-3 140657147090752
read_file 1567715148.5657375 1567715148.6426914 bigbrain_3076_603_0.nii 140374809319232
increment_file 1567715154.7239842 1567715170.6072195 bigbrain_3076_603_0.nii 140374809319232
write_file 1567715188.6762064 1567715212.0037348 inc-bigbrain_3076_603_0.nii 140374809319232
task_duration 1567715268.5521324 1567715456.2281375 1567714459-isilonAD_1it_25cpus_120delay_withpc-3 140374809319232
read_file 1567715369.4809723 1567715370.8732529 bigbrain_769_2412_1388.nii 140052405606208
increment_file 1567715371.2381244 1567715380.4509516 bigbrain_769_2412_1388.nii 140052405606208
write_file 1567715382.2014863 1567715393.6504786 inc-bigbrain_769_2412_1388.nii 140052405606208
task_duration 1567715489.4190605 1567715633.9692657 1567714459-isilonAD_1it_25cpus_120delay_withpc-3 140052405606208
read_file 1567715401.0164323 1567715401.8065324 bigbrain_769_603_2082.nii 140342637602624
increment_file 1567715405.433534 1567715424.5937777 bigbrain_769_603_2082.nii 140342637602624
write_file 1567715424.6225677 1567715447.5961301 inc-bigbrain_769_603_2082.nii 140342637602624
task_duration 1567715520.9754527 1567715688.50981 1567714459-isilonAD_1it_25cpus_120delay_withpc-3 140342637602624
read_file 1567715424.8571389 1567715424.87151 bigbrain_769_603_2776.nii 139892257523520
increment_file 1567715424.8820078 1567715445.5516942 bigbrain_769_603_2776.nii 139892257523520
write_file 1567715446.045467 1567715456.0772798 inc-bigbrain_769_603_2776.nii 139892257523520
task_duration 1567715544.8547664 1567715696.358013 1567714459-isilonAD_1it_25cpus_120delay_withpc-3 139892257523520
read_file 1567715264.4557714 1567715271.7450836 bigbrain_769_1206_2082.nii 140096411928384
increment_file 1567715280.395683 1567715288.97643 bigbrain_769_1206_2082.nii 140096411928384
write_file 1567715292.561861 1567715308.8401506 inc-bigbrain_769_1206_2082.nii 140096411928384
task_duration 1567715384.45363 1567715551.675225 1567714459-isilonAD_1it_25cpus_120delay_withpc-3 140096411928384
read_file 1567714788.6920958 1567714802.8341084 bigbrain_2307_2412_1388.nii 139939154618176
increment_file 1567714865.7877495 1567714893.8674145 bigbrain_2307_2412_1388.nii 139939154618176
write_file 1567714941.862525 1567714993.2090533 inc-bigbrain_2307_2412_1388.nii 139939154618176
task_duration 1567714907.882148 1567715233.3178258 1567714459-isilonAD_1it_25cpus_120delay_withpc-3 139939154618176
read_file 1567715273.7936766 1567715280.9097142 bigbrain_769_1206_2776.nii 139675866564416
increment_file 1567715283.0680854 1567715299.7203472 bigbrain_769_1206_2776.nii 139675866564416
write_file 1567715303.133402 1567715312.0292137 inc-bigbrain_769_1206_2776.nii 139675866564416
task_duration 1567715393.0897784 1567715552.1412346 1567714459-isilonAD_1it_25cpus_120delay_withpc-3 139675866564416
read_file 1567714994.072718 1567714994.1345236 bigbrain_3076_1206_0.nii 140080193025856
increment_file 1567714994.4075403 1567715010.501519 bigbrain_3076_1206_0.nii 140080193025856
write_file 1567715010.5258558 1567715027.5898247 inc-bigbrain_3076_1206_0.nii 140080193025856
task_duration 1567715114.0703936 1567715267.7080052 1567714459-isilonAD_1it_25cpus_120delay_withpc-3 140080193025856
read_file 1567714345.8727796 1567714346.313734 bigbrain_1538_1206_694.nii 140018842740544
increment_file 1567714396.4643211 1567714444.8432674 bigbrain_1538_1206_694.nii 140018842740544
write_file 1567714481.6903846 1567714619.5242093 inc-bigbrain_1538_1206_694.nii 140018842740544
task_duration 1567714465.8253307 1567714859.6550014 1567714459-isilonAD_1it_25cpus_120delay_withpc-3 140018842740544
read_file 1567715112.244109 1567715112.2864323 bigbrain_3076_1809_2776.nii 140629682014016
increment_file 1567715112.2952445 1567715127.328554 bigbrain_3076_1809_2776.nii 140629682014016
write_file 1567715128.8961174 1567715135.160837 inc-bigbrain_3076_1809_2776.nii 140629682014016
task_duration 1567715232.2414002 1567715375.2851388 1567714459-isilonAD_1it_25cpus_120delay_withpc-3 140629682014016
read_file 1567715136.6391208 1567715136.6858706 bigbrain_3076_1809_694.nii 140541152020288
increment_file 1567715136.7069678 1567715142.178009 bigbrain_3076_1809_694.nii 140541152020288
write_file 1567715142.2285376 1567715148.396124 inc-bigbrain_3076_1809_694.nii 140541152020288
task_duration 1567715256.6358297 1567715388.5250082 1567714459-isilonAD_1it_25cpus_120delay_withpc-3 140541152020288
read_file 1567715028.3410819 1567715028.3665369 bigbrain_3076_1206_1388.nii 139634889135936
increment_file 1567715028.370789 1567715034.1582232 bigbrain_3076_1206_1388.nii 139634889135936
write_file 1567715035.0976546 1567715042.1681492 inc-bigbrain_3076_1206_1388.nii 139634889135936
task_duration 1567715148.3376696 1567715282.570286 1567714459-isilonAD_1it_25cpus_120delay_withpc-3 139634889135936
read_file 1567714345.8735797 1567714346.3164136 bigbrain_1538_1809_694.nii 140269444855616
increment_file 1567714407.6668725 1567714455.5452764 bigbrain_1538_1809_694.nii 140269444855616
write_file 1567714482.5161102 1567714615.5707624 inc-bigbrain_1538_1809_694.nii 140269444855616
task_duration 1567714465.8622222 1567714859.4206553 1567714459-isilonAD_1it_25cpus_120delay_withpc-3 140269444855616
read_file 1567715186.4263935 1567715195.2666125 bigbrain_3076_603_2082.nii 140629313132352
increment_file 1567715197.3864136 1567715221.155773 bigbrain_3076_603_2082.nii 140629313132352
write_file 1567715225.9462104 1567715241.2077894 inc-bigbrain_3076_603_2082.nii 140629313132352
task_duration 1567715305.4290264 1567715485.7086349 1567714459-isilonAD_1it_25cpus_120delay_withpc-3 140629313132352
read_file 1567714747.4165053 1567714747.4773586 bigbrain_2307_0_694.nii 140299451152192
increment_file 1567714747.5025501 1567714752.9752715 bigbrain_2307_0_694.nii 140299451152192
write_file 1567714753.0459986 1567714759.1955013 inc-bigbrain_2307_0_694.nii 140299451152192
task_duration 1567714867.4128962 1567714999.3353248 1567714459-isilonAD_1it_25cpus_120delay_withpc-3 140299451152192
read_file 1567714345.8253386 1567714346.2909508 bigbrain_1538_603_1388.nii 139797405775680
increment_file 1567714352.7844317 1567714401.6515548 bigbrain_1538_603_1388.nii 139797405775680
write_file 1567714479.8408773 1567714619.5194938 inc-bigbrain_1538_603_1388.nii 139797405775680
task_duration 1567714465.813759 1567714859.656366 1567714459-isilonAD_1it_25cpus_120delay_withpc-3 139797405775680
read_file 1567714766.9428234 1567714767.0934792 bigbrain_2307_2412_0.nii 139745286821696
increment_file 1567714801.4954176 1567714832.5357437 bigbrain_2307_2412_0.nii 139745286821696
write_file 1567714883.7652504 1567714960.8570082 inc-bigbrain_2307_2412_0.nii 139745286821696
task_duration 1567714886.909363 1567715207.6576407 1567714459-isilonAD_1it_25cpus_120delay_withpc-3 139745286821696
read_file 1567714346.1915412 1567714346.3307915 bigbrain_1538_1809_2082.nii 140676738631488
increment_file 1567714347.4138541 1567714391.0130675 bigbrain_1538_1809_2082.nii 140676738631488
write_file 1567714479.0386817 1567714614.5208907 inc-bigbrain_1538_1809_2082.nii 140676738631488
task_duration 1567714466.143029 1567714858.8595645 1567714459-isilonAD_1it_25cpus_120delay_withpc-3 140676738631488
read_file 1567715095.6860921 1567715095.7325706 bigbrain_3076_1809_0.nii 140490834462528
increment_file 1567715095.740245 1567715106.5712643 bigbrain_3076_1809_0.nii 140490834462528
write_file 1567715110.5519593 1567715128.0641606 inc-bigbrain_3076_1809_0.nii 140490834462528
task_duration 1567715215.6843598 1567715368.9890418 1567714459-isilonAD_1it_25cpus_120delay_withpc-3 140490834462528
read_file 1567714780.0588336 1567714796.7122033 bigbrain_2307_1809_694.nii 140103678588736
increment_file 1567714844.8825088 1567714877.926261 bigbrain_2307_1809_694.nii 140103678588736
write_file 1567714895.11048 1567714987.1240034 inc-bigbrain_2307_1809_694.nii 140103678588736
task_duration 1567714899.061009 1567715227.9423397 1567714459-isilonAD_1it_25cpus_120delay_withpc-3 140103678588736
read_file 1567714345.8534188 1567714346.3105445 bigbrain_1538_1809_0.nii 139933344847680
increment_file 1567714366.554373 1567714419.0843534 bigbrain_1538_1809_0.nii 139933344847680
write_file 1567714480.480801 1567714619.5157917 inc-bigbrain_1538_1809_0.nii 139933344847680
task_duration 1567714465.8193283 1567714859.6517692 1567714459-isilonAD_1it_25cpus_120delay_withpc-3 139933344847680
read_file 1567715226.3857152 1567715229.3539896 bigbrain_769_0_0.nii 140291088193344
increment_file 1567715230.9388804 1567715245.6026132 bigbrain_769_0_0.nii 140291088193344
write_file 1567715245.6424181 1567715262.7542176 inc-bigbrain_769_0_0.nii 140291088193344
task_duration 1567715346.3733125 1567715502.8795743 1567714459-isilonAD_1it_25cpus_120delay_withpc-3 140291088193344
read_file 1567715148.5181954 1567715148.6298616 bigbrain_3076_2412_694.nii 140468597618496
increment_file 1567715148.6511986 1567715162.3538527 bigbrain_3076_2412_694.nii 140468597618496
write_file 1567715170.6137643 1567715193.7421138 inc-bigbrain_3076_2412_694.nii 140468597618496
task_duration 1567715268.5145357 1567715436.178721 1567714459-isilonAD_1it_25cpus_120delay_withpc-3 140468597618496
read_file 1567714767.0980797 1567714783.3209293 bigbrain_2307_1206_2776.nii 140001159112512
increment_file 1567714827.8832178 1567714862.0459287 bigbrain_2307_1206_2776.nii 140001159112512
write_file 1567714892.6960523 1567714984.221077 inc-bigbrain_2307_1206_2776.nii 140001159112512
task_duration 1567714887.094591 1567715225.3337212 1567714459-isilonAD_1it_25cpus_120delay_withpc-3 140001159112512
read_file 1567714766.7916598 1567714766.9629211 bigbrain_3076_0_2082.nii 140026919782208
increment_file 1567714768.100656 1567714789.0657852 bigbrain_3076_0_2082.nii 140026919782208
write_file 1567714838.7611306 1567714894.5142426 inc-bigbrain_3076_0_2082.nii 140026919782208
task_duration 1567714886.7887192 1567715175.1467612 1567714459-isilonAD_1it_25cpus_120delay_withpc-3 140026919782208
read_file 1567715148.9396691 1567715165.955463 bigbrain_3076_603_2776.nii 140493007435584
increment_file 1567715171.152799 1567715191.6779943 bigbrain_3076_603_2776.nii 140493007435584
write_file 1567715196.8695915 1567715224.6102087 inc-bigbrain_3076_603_2776.nii 140493007435584
task_duration 1567715268.6598158 1567715466.4524727 1567714459-isilonAD_1it_25cpus_120delay_withpc-3 140493007435584
read_file 1567715370.2298677 1567715371.2359252 bigbrain_769_2412_2082.nii 140394906548032
increment_file 1567715371.2611167 1567715382.1702325 bigbrain_769_2412_2082.nii 140394906548032
write_file 1567715382.2278988 1567715393.8610961 inc-bigbrain_769_2412_2082.nii 140394906548032
task_duration 1567715490.1679058 1567715633.977311 1567714459-isilonAD_1it_25cpus_120delay_withpc-3 140394906548032
read_file 1567715083.5750465 1567715083.5920005 bigbrain_3076_1206_694.nii 139752849549120
increment_file 1567715083.5992963 1567715089.1095152 bigbrain_3076_1206_694.nii 139752849549120
write_file 1567715089.1381845 1567715095.3008668 inc-bigbrain_3076_1206_694.nii 139752849549120
task_duration 1567715203.5724437 1567715335.4182642 1567714459-isilonAD_1it_25cpus_120delay_withpc-3 139752849549120
read_file 1567715056.1494687 1567715056.1717308 bigbrain_3076_1206_2776.nii 139630064863040
increment_file 1567715056.1803017 1567715061.6760087 bigbrain_3076_1206_2776.nii 139630064863040
write_file 1567715061.7002268 1567715067.8260012 inc-bigbrain_3076_1206_2776.nii 139630064863040
task_duration 1567715176.1468763 1567715307.937704 1567714459-isilonAD_1it_25cpus_120delay_withpc-3 139630064863040
read_file 1567714766.8134642 1567714767.0179553 bigbrain_2307_2412_2082.nii 140109107676992
increment_file 1567714779.9875174 1567714800.5611334 bigbrain_2307_2412_2082.nii 140109107676992
write_file 1567714859.1314628 1567714932.614325 inc-bigbrain_2307_2412_2082.nii 140109107676992
task_duration 1567714886.8040428 1567715204.166545 1567714459-isilonAD_1it_25cpus_120delay_withpc-3 140109107676992
read_file 1567714766.8360698 1567714767.0338893 bigbrain_2307_603_2082.nii 139677663418176
increment_file 1567714785.0289664 1567714804.4100478 bigbrain_2307_603_2082.nii 139677663418176
write_file 1567714877.1342454 1567714939.1185331 inc-bigbrain_2307_603_2082.nii 139677663418176
task_duration 1567714886.8245275 1567715205.5212672 1567714459-isilonAD_1it_25cpus_120delay_withpc-3 139677663418176
read_file 1567715226.3677614 1567715227.5569263 bigbrain_769_0_1388.nii 140126077577024
increment_file 1567715230.1892498 1567715244.4177444 bigbrain_769_0_1388.nii 140126077577024
write_file 1567715245.6357422 1567715262.755502 inc-bigbrain_769_0_1388.nii 140126077577024
task_duration 1567715346.365102 1567715502.8822799 1567714459-isilonAD_1it_25cpus_120delay_withpc-3 140126077577024
read_file 1567714345.873249 1567714346.3157804 bigbrain_1538_1206_0.nii 140488383362880
increment_file 1567714403.6558635 1567714452.2108767 bigbrain_1538_1206_0.nii 140488383362880
write_file 1567714481.9591858 1567714614.146672 inc-bigbrain_1538_1206_0.nii 140488383362880
task_duration 1567714465.825155 1567714858.1786842 1567714459-isilonAD_1it_25cpus_120delay_withpc-3 140488383362880
read_file 1567714345.8545852 1567714346.313605 bigbrain_1538_2412_0.nii 139758024038208
increment_file 1567714385.1857727 1567714434.1377256 bigbrain_1538_2412_0.nii 139758024038208
write_file 1567714481.1513362 1567714619.5185409 inc-bigbrain_1538_2412_0.nii 139758024038208
task_duration 1567714465.8225234 1567714859.6549218 1567714459-isilonAD_1it_25cpus_120delay_withpc-3 139758024038208
read_file 1567715424.878503 1567715424.8967102 bigbrain_769_603_694.nii 140605891159872
increment_file 1567715425.9261959 1567715448.0666885 bigbrain_769_603_694.nii 140605891159872
write_file 1567715448.5659053 1567715458.1746223 inc-bigbrain_769_603_694.nii 140605891159872
task_duration 1567715544.86053 1567715698.2860587 1567714459-isilonAD_1it_25cpus_120delay_withpc-3 140605891159872
read_file 1567714766.943633 1567714767.0946188 bigbrain_2307_1809_2082.nii 140043187836736
increment_file 1567714804.1694016 1567714835.3148913 bigbrain_2307_1809_2082.nii 140043187836736
write_file 1567714884.53452 1567714963.4391491 inc-bigbrain_2307_1809_2082.nii 140043187836736
task_duration 1567714886.9113486 1567715208.8727956 1567714459-isilonAD_1it_25cpus_120delay_withpc-3 140043187836736
read_file 1567714345.8739393 1567714346.3171058 bigbrain_1538_0_2776.nii 140101945349952
increment_file 1567714415.2324345 1567714461.579455 bigbrain_1538_0_2776.nii 140101945349952
write_file 1567714482.6633797 1567714619.514729 inc-bigbrain_1538_0_2776.nii 140101945349952
task_duration 1567714465.8632443 1567714859.6471574 1567714459-isilonAD_1it_25cpus_120delay_withpc-3 140101945349952
read_file 1567715393.8947406 1567715393.9278457 bigbrain_769_2412_2776.nii 140187991897920
increment_file 1567715393.933347 1567715400.327189 bigbrain_769_2412_2776.nii 140187991897920
write_file 1567715400.354498 1567715408.9118285 inc-bigbrain_769_2412_2776.nii 140187991897920
task_duration 1567715513.8914518 1567715654.645593 1567714459-isilonAD_1it_25cpus_120delay_withpc-3 140187991897920
read_file 1567714766.9716449 1567714767.1014647 bigbrain_2307_1206_1388.nii 140283508795200
increment_file 1567714811.0947106 1567714846.9321442 bigbrain_2307_1206_1388.nii 140283508795200
write_file 1567714890.1236181 1567714978.1478233 inc-bigbrain_2307_1206_1388.nii 140283508795200
task_duration 1567714886.9600656 1567715223.942334 1567714459-isilonAD_1it_25cpus_120delay_withpc-3 140283508795200
read_file 1567714345.8530264 1567714346.3015444 bigbrain_1538_603_2082.nii 140416670967616
increment_file 1567714361.3403342 1567714415.2335267 bigbrain_1538_603_2082.nii 140416670967616
write_file 1567714480.7483368 1567714619.5248191 inc-bigbrain_1538_603_2082.nii 140416670967616
task_duration 1567714465.8181527 1567714859.6610603 1567714459-isilonAD_1it_25cpus_120delay_withpc-3 140416670967616
read_file 1567715264.3570716 1567715264.4320936 bigbrain_769_1206_0.nii 140655645153088
increment_file 1567715264.447315 1567715277.1985538 bigbrain_769_1206_0.nii 140655645153088
write_file 1567715282.395142 1567715297.780063 inc-bigbrain_769_1206_0.nii 140655645153088
task_duration 1567715384.3536313 1567715540.2226424 1567714459-isilonAD_1it_25cpus_120delay_withpc-3 140655645153088
read_file 1567714345.863722 1567714346.3136246 bigbrain_2307_0_1388.nii 139798799476544
increment_file 1567714392.6156287 1567714441.5042603 bigbrain_2307_0_1388.nii 139798799476544
write_file 1567714481.4210699 1567714619.529682 inc-bigbrain_2307_0_1388.nii 139798799476544
task_duration 1567714465.8251336 1567714859.5597348 1567714459-isilonAD_1it_25cpus_120delay_withpc-3 139798799476544
read_file 1567714345.8041046 1567714346.1929061 bigbrain_2307_0_0.nii 140611492005696
increment_file 1567714346.3290238 1567714380.804042 bigbrain_2307_0_0.nii 140611492005696
write_file 1567714476.2301316 1567714619.5237944 inc-bigbrain_2307_0_0.nii 140611492005696
task_duration 1567714465.799125 1567714859.6491873 1567714459-isilonAD_1it_25cpus_120delay_withpc-3 140611492005696
read_file 1567714345.8147068 1567714346.248686 bigbrain_1538_2412_2082.nii 140002273744704
increment_file 1567714349.7020712 1567714396.4654706 bigbrain_1538_2412_2082.nii 140002273744704
write_file 1567714479.4398227 1567714619.520214 inc-bigbrain_1538_2412_2082.nii 140002273744704
task_duration 1567714465.811049 1567714859.655388 1567714459-isilonAD_1it_25cpus_120delay_withpc-3 140002273744704
read_file 1567714994.0714378 1567714994.1339757 bigbrain_3076_0_2776.nii 140369292248896
increment_file 1567714994.1387572 1567715010.1284103 bigbrain_3076_0_2776.nii 140369292248896
write_file 1567715010.5265305 1567715027.5892334 inc-bigbrain_3076_0_2776.nii 140369292248896
task_duration 1567715114.0685024 1567715267.6184537 1567714459-isilonAD_1it_25cpus_120delay_withpc-3 140369292248896
read_file 1567714776.163641 1567714795.9097378 bigbrain_2307_603_2776.nii 139671556937536
increment_file 1567714842.0748737 1567714874.44176 bigbrain_2307_603_2776.nii 139671556937536
write_file 1567714892.2374964 1567714980.4364483 inc-bigbrain_2307_603_2776.nii 139671556937536
task_duration 1567714895.4503982 1567715222.825258 1567714459-isilonAD_1it_25cpus_120delay_withpc-3 139671556937536
read_file 1567715154.3674865 1567715169.6938279 bigbrain_3076_2412_1388.nii 139912937723712
increment_file 1567715176.2630384 1567715195.1240923 bigbrain_3076_2412_1388.nii 139912937723712
write_file 1567715198.0548172 1567715225.679496 inc-bigbrain_3076_2412_1388.nii 139912937723712
task_duration 1567715273.9132755 1567715466.3574817 1567714459-isilonAD_1it_25cpus_120delay_withpc-3 139912937723712
read_file 1567714766.9712856 1567714767.1010303 bigbrain_3076_0_0.nii 140556429662016
increment_file 1567714808.0196927 1567714841.140187 bigbrain_3076_0_0.nii 140556429662016
write_file 1567714888.692298 1567714975.8859272 inc-bigbrain_3076_0_0.nii 140556429662016
task_duration 1567714886.9592898 1567715223.558193 1567714459-isilonAD_1it_25cpus_120delay_withpc-3 140556429662016
read_file 1567714345.8538117 1567714346.3111715 bigbrain_1538_603_694.nii 140215341332288
increment_file 1567714374.8431854 1567714426.6772544 bigbrain_1538_603_694.nii 140215341332288
write_file 1567714480.8819191 1567714619.5205636 inc-bigbrain_1538_603_694.nii 140215341332288
task_duration 1567714465.819463 1567714859.6526475 1567714459-isilonAD_1it_25cpus_120delay_withpc-3 140215341332288
