read_file 1567695004.7057376 1567695011.977077 bigbrain_2307_603_0.nii 140635864799040
increment_file 1567695013.8314142 1567695036.9155715 bigbrain_2307_603_0.nii 140635864799040
write_file 1567695042.7779095 1567695074.645941 inc-bigbrain_2307_603_0.nii 140635864799040
task_duration 1567695124.3975239 1567695316.3345046 1567694647-isilonAD_1it_25cpus_120delay_withpc-0 140635864799040
read_file 1567695105.3219883 1567695105.393766 bigbrain_3076_0_2776.nii 139877720262464
increment_file 1567695105.4088569 1567695121.1504366 bigbrain_3076_0_2776.nii 139877720262464
write_file 1567695121.9314756 1567695140.4654295 inc-bigbrain_3076_0_2776.nii 139877720262464
task_duration 1567695225.3190448 1567695380.5915394 1567694647-isilonAD_1it_25cpus_120delay_withpc-0 139877720262464
read_file 1567695285.977032 1567695286.0088673 bigbrain_769_0_2082.nii 139851586443072
increment_file 1567695287.2167752 1567695313.2804053 bigbrain_769_0_2082.nii 139851586443072
write_file 1567695313.3211944 1567695341.3788316 inc-bigbrain_769_0_2082.nii 139851586443072
task_duration 1567695405.9740295 1567695581.4464474 1567694647-isilonAD_1it_25cpus_120delay_withpc-0 139851586443072
read_file 1567694534.1624842 1567694534.5663884 bigbrain_1538_1809_694.nii 139789334341440
increment_file 1567694551.4296725 1567694604.0058947 bigbrain_1538_1809_694.nii 139789334341440
write_file 1567694668.3038602 1567694771.528987 inc-bigbrain_1538_1809_694.nii 139789334341440
task_duration 1567694654.1288314 1567695022.8512218 1567694647-isilonAD_1it_25cpus_120delay_withpc-0 139789334341440
read_file 1567695235.9203231 1567695235.9651732 bigbrain_3076_603_1388.nii 140327299319616
increment_file 1567695235.9767435 1567695247.0123985 bigbrain_3076_603_1388.nii 140327299319616
write_file 1567695250.9289548 1567695271.9921596 inc-bigbrain_3076_603_1388.nii 140327299319616
task_duration 1567695355.9092736 1567695515.276592 1567694647-isilonAD_1it_25cpus_120delay_withpc-0 140327299319616
read_file 1567695493.8129444 1567695493.846363 bigbrain_769_2412_694.nii 139830451865408
increment_file 1567695493.8529134 1567695505.6190877 bigbrain_769_2412_694.nii 139830451865408
write_file 1567695506.9740872 1567695519.4281101 inc-bigbrain_769_2412_694.nii 139830451865408
task_duration 1567695613.7989204 1567695759.5427532 1567694647-isilonAD_1it_25cpus_120delay_withpc-0 139830451865408
read_file 1567695042.9875276 1567695043.0729856 bigbrain_2307_603_694.nii 139746244659008
increment_file 1567695043.1026485 1567695072.2797823 bigbrain_2307_603_694.nii 139746244659008
write_file 1567695076.2403402 1567695104.306794 inc-bigbrain_2307_603_694.nii 139746244659008
task_duration 1567695162.9839199 1567695344.4314651 1567694647-isilonAD_1it_25cpus_120delay_withpc-0 139746244659008
read_file 1567695341.7883394 1567695341.8505514 bigbrain_769_0_2776.nii 139981182379840
increment_file 1567695342.668583 1567695358.2269366 bigbrain_769_0_2776.nii 139981182379840
write_file 1567695358.2668877 1567695377.5771637 inc-bigbrain_769_0_2776.nii 139981182379840
task_duration 1567695461.773841 1567695617.703779 1567694647-isilonAD_1it_25cpus_120delay_withpc-0 139981182379840
read_file 1567695010.001406 1567695011.9836996 bigbrain_2307_2412_694.nii 140389865281344
increment_file 1567695015.3304756 1567695038.6383882 bigbrain_2307_2412_694.nii 140389865281344
write_file 1567695042.7792404 1567695075.6944973 inc-bigbrain_2307_2412_694.nii 140389865281344
task_duration 1567695129.2352219 1567695316.3348627 1567694647-isilonAD_1it_25cpus_120delay_withpc-0 140389865281344
read_file 1567695235.8946693 1567695235.9511063 bigbrain_3076_2412_2776.nii 140007128815424
increment_file 1567695235.9654815 1567695246.09961 bigbrain_3076_2412_2776.nii 140007128815424
write_file 1567695250.2569983 1567695264.8277268 inc-bigbrain_3076_2412_2776.nii 140007128815424
task_duration 1567695355.892018 1567695505.949337 1567694647-isilonAD_1it_25cpus_120delay_withpc-0 140007128815424
read_file 1567695395.2596772 1567695395.3517382 bigbrain_769_1809_0.nii 140460062353216
increment_file 1567695395.3714836 1567695416.3503091 bigbrain_769_1809_0.nii 140460062353216
write_file 1567695418.772157 1567695445.2952828 inc-bigbrain_769_1809_0.nii 140460062353216
task_duration 1567695515.2577505 1567695686.4430163 1567694647-isilonAD_1it_25cpus_120delay_withpc-0 140460062353216
read_file 1567694534.163686 1567694534.5700498 bigbrain_1538_2412_1388.nii 140140219995968
increment_file 1567694564.6099725 1567694615.4770226 bigbrain_1538_2412_1388.nii 140140219995968
write_file 1567694668.5734625 1567694779.4038146 inc-bigbrain_1538_2412_1388.nii 140140219995968
task_duration 1567694654.1300108 1567695028.3253376 1567694647-isilonAD_1it_25cpus_120delay_withpc-0 140140219995968
read_file 1567695448.8473158 1567695448.93604 bigbrain_769_1809_694.nii 140535910664000
increment_file 1567695448.9514754 1567695467.6043441 bigbrain_769_1809_694.nii 140535910664000
write_file 1567695470.889658 1567695493.515514 inc-bigbrain_769_1809_694.nii 140535910664000
task_duration 1567695568.8433325 1567695733.6353476 1567694647-isilonAD_1it_25cpus_120delay_withpc-0 140535910664000
read_file 1567695285.8771334 1567695285.9742284 bigbrain_769_0_1388.nii 139848086173504
increment_file 1567695286.0067391 1567695310.825527 bigbrain_769_0_1388.nii 139848086173504
write_file 1567695313.3161807 1567695341.3815897 inc-bigbrain_769_0_1388.nii 139848086173504
task_duration 1567695405.8733375 1567695581.5009282 1567694647-isilonAD_1it_25cpus_120delay_withpc-0 139848086173504
read_file 1567694986.6224682 1567694989.0242794 bigbrain_2307_2412_1388.nii 140506907993920
increment_file 1567694996.376996 1567695010.3767352 bigbrain_2307_2412_1388.nii 140506907993920
write_file 1567695012.773435 1567695039.4464374 inc-bigbrain_2307_2412_1388.nii 140506907993920
task_duration 1567695106.3572912 1567695282.8156483 1567694647-isilonAD_1it_25cpus_120delay_withpc-0 140506907993920
read_file 1567695448.8517623 1567695448.942473 bigbrain_769_2412_0.nii 140442097239872
increment_file 1567695448.956051 1567695468.2436109 bigbrain_769_2412_0.nii 140442097239872
write_file 1567695470.8902333 1567695493.519697 inc-bigbrain_769_2412_0.nii 140442097239872
task_duration 1567695568.8489416 1567695733.638854 1567694647-isilonAD_1it_25cpus_120delay_withpc-0 140442097239872
read_file 1567695358.296679 1567695358.3504581 bigbrain_769_1206_2082.nii 140311800870720
increment_file 1567695358.3606243 1567695376.6616316 bigbrain_769_1206_2082.nii 140311800870720
write_file 1567695377.6193721 1567695394.7591758 inc-bigbrain_769_1206_2082.nii 140311800870720
task_duration 1567695478.2850409 1567695634.8855376 1567694647-isilonAD_1it_25cpus_120delay_withpc-0 140311800870720
read_file 1567695043.001763 1567695043.1001768 bigbrain_2307_603_2776.nii 140179856332608
increment_file 1567695043.1110876 1567695073.5711374 bigbrain_2307_603_2776.nii 140179856332608
write_file 1567695076.2464504 1567695104.3083 inc-bigbrain_2307_603_2776.nii 140179856332608
task_duration 1567695162.9911478 1567695344.430813 1567694647-isilonAD_1it_25cpus_120delay_withpc-0 140179856332608
read_file 1567695285.9018648 1567695285.9807239 bigbrain_769_0_0.nii 140083705755456
increment_file 1567695286.5123758 1567695312.6402743 bigbrain_769_0_0.nii 140083705755456
write_file 1567695313.3173401 1567695341.3793283 inc-bigbrain_769_0_0.nii 140083705755456
task_duration 1567695405.8788211 1567695581.5001082 1567694647-isilonAD_1it_25cpus_120delay_withpc-0 140083705755456
read_file 1567695122.0795214 1567695122.130238 bigbrain_3076_1206_1388.nii 139881809250112
increment_file 1567695122.1381776 1567695140.4632611 bigbrain_3076_1206_1388.nii 139881809250112
write_file 1567695140.5038767 1567695159.3470356 inc-bigbrain_3076_1206_1388.nii 139881809250112
task_duration 1567695242.0611606 1567695401.2723436 1567694647-isilonAD_1it_25cpus_120delay_withpc-0 139881809250112
read_file 1567694534.1616573 1567694534.5479307 bigbrain_1538_2412_0.nii 139645124564800
increment_file 1567694539.7277095 1567694584.888773 bigbrain_1538_2412_0.nii 139645124564800
write_file 1567694667.7644427 1567694763.2250142 inc-bigbrain_1538_2412_0.nii 139645124564800
task_duration 1567694654.1251352 1567695023.3133838 1567694647-isilonAD_1it_25cpus_120delay_withpc-0 139645124564800
read_file 1567695341.7878895 1567695341.8492785 bigbrain_769_1206_0.nii 140366681020224
increment_file 1567695341.8642187 1567695356.5177104 bigbrain_769_1206_0.nii 140366681020224
write_file 1567695358.261081 1567695377.5745435 inc-bigbrain_769_1206_0.nii 140366681020224
task_duration 1567695461.7682567 1567695617.7000713 1567694647-isilonAD_1it_25cpus_120delay_withpc-0 140366681020224
read_file 1567695519.7081697 1567695519.7256567 bigbrain_769_603_694.nii 139818365720384
increment_file 1567695520.5995011 1567695532.1944697 bigbrain_769_603_694.nii 139818365720384
write_file 1567695532.2179663 1567695543.8022351 inc-bigbrain_769_603_694.nii 139818365720384
task_duration 1567695639.6905334 1567695783.9180815 1567694647-isilonAD_1it_25cpus_120delay_withpc-0 139818365720384
read_file 1567695240.9766576 1567695247.016478 bigbrain_3076_603_0.nii 140576281614144
increment_file 1567695247.0327952 1567695264.7326682 bigbrain_3076_603_0.nii 140576281614144
write_file 1567695266.1549368 1567695284.383499 inc-bigbrain_3076_603_0.nii 140576281614144
task_duration 1567695359.6218467 1567695524.5131667 1567694647-isilonAD_1it_25cpus_120delay_withpc-0 140576281614144
read_file 1567695003.7521293 1567695011.447954 bigbrain_2307_603_1388.nii 140155087812416
increment_file 1567695012.5648746 1567695035.3282049 bigbrain_2307_603_1388.nii 140155087812416
write_file 1567695042.773917 1567695075.9636507 inc-bigbrain_2307_603_1388.nii 140155087812416
task_duration 1567695123.3864748 1567695316.3367252 1567694647-isilonAD_1it_25cpus_120delay_withpc-0 140155087812416
read_file 1567694875.0128253 1567694875.029833 bigbrain_2307_0_2776.nii 139999650887488
increment_file 1567694875.0378149 1567694880.539929 bigbrain_2307_0_2776.nii 139999650887488
write_file 1567694880.565122 1567694887.170032 inc-bigbrain_2307_0_2776.nii 139999650887488
task_duration 1567694995.0097947 1567695127.8131464 1567694647-isilonAD_1it_25cpus_120delay_withpc-0 139999650887488
read_file 1567695122.057997 1567695122.122223 bigbrain_3076_1206_2082.nii 139634817709888
increment_file 1567695122.1320577 1567695140.3583813 bigbrain_3076_1206_2082.nii 139634817709888
write_file 1567695140.5010374 1567695158.946138 inc-bigbrain_3076_1206_2082.nii 139634817709888
task_duration 1567695242.054455 1567695401.2703717 1567694647-isilonAD_1it_25cpus_120delay_withpc-0 139634817709888
read_file 1567694534.5364149 1567694534.6437278 bigbrain_1538_1809_0.nii 140029334722368
increment_file 1567694635.478556 1567694666.9578404 bigbrain_1538_1809_0.nii 140029334722368
write_file 1567694672.300281 1567694806.3580208 inc-bigbrain_1538_1809_0.nii 140029334722368
task_duration 1567694654.5253646 1567695046.5984063 1567694647-isilonAD_1it_25cpus_120delay_withpc-0 140029334722368
read_file 1567694534.5937195 1567694534.9156954 bigbrain_1538_603_2776.nii 139844213163840
increment_file 1567694654.0070834 1567694672.1732202 bigbrain_1538_603_2776.nii 139844213163840
write_file 1567694745.7939038 1567694807.046432 inc-bigbrain_1538_603_2776.nii 139844213163840
task_duration 1567694654.5909543 1567695047.15865 1567694647-isilonAD_1it_25cpus_120delay_withpc-0 139844213163840
read_file 1567695395.2560408 1567695395.346437 bigbrain_769_1809_1388.nii 139828391270208
increment_file 1567695395.3589387 1567695415.1730049 bigbrain_769_1809_1388.nii 139828391270208
write_file 1567695418.5024836 1567695438.1337755 inc-bigbrain_769_1809_1388.nii 139828391270208
task_duration 1567695515.2535012 1567695680.6333635 1567694647-isilonAD_1it_25cpus_120delay_withpc-0 139828391270208
read_file 1567695395.2615788 1567695395.3524225 bigbrain_769_1206_694.nii 140031350396736
increment_file 1567695396.1648557 1567695417.264577 bigbrain_769_1206_694.nii 140031350396736
write_file 1567695418.90715 1567695446.0067062 inc-bigbrain_769_1206_694.nii 140031350396736
task_duration 1567695515.2595599 1567695687.1395078 1567694647-isilonAD_1it_25cpus_120delay_withpc-0 140031350396736
read_file 1567695043.0108416 1567695043.100877 bigbrain_3076_0_0.nii 140049186363200
increment_file 1567695044.3927503 1567695075.5605192 bigbrain_3076_0_0.nii 140049186363200
write_file 1567695076.2476146 1567695104.3101153 inc-bigbrain_3076_0_0.nii 140049186363200
task_duration 1567695162.993039 1567695344.4418142 1567694647-isilonAD_1it_25cpus_120delay_withpc-0 140049186363200
read_file 1567695140.990821 1567695141.0066535 bigbrain_3076_1809_0.nii 139635457664832
increment_file 1567695141.0293968 1567695158.2784076 bigbrain_3076_1809_0.nii 139635457664832
write_file 1567695161.1868732 1567695178.3283553 inc-bigbrain_3076_1809_0.nii 139635457664832
task_duration 1567695260.9873135 1567695418.4425187 1567694647-isilonAD_1it_25cpus_120delay_withpc-0 139635457664832
read_file 1567694534.1128414 1567694534.4533474 bigbrain_1538_1206_0.nii 139928017127232
increment_file 1567694534.6404805 1567694563.2744446 bigbrain_1538_1206_0.nii 139928017127232
write_file 1567694666.6096404 1567694745.0372288 inc-bigbrain_1538_1206_0.nii 139928017127232
task_duration 1567694654.1075685 1567694998.6029496 1567694647-isilonAD_1it_25cpus_120delay_withpc-0 139928017127232
read_file 1567695002.4411144 1567695010.6440032 bigbrain_2307_2412_2776.nii 139925586069312
increment_file 1567695011.9854538 1567695029.751783 bigbrain_2307_2412_2776.nii 139925586069312
write_file 1567695041.7292266 1567695075.8291974 inc-bigbrain_2307_2412_2776.nii 139925586069312
task_duration 1567695122.104078 1567695316.335941 1567694647-isilonAD_1it_25cpus_120delay_withpc-0 139925586069312
read_file 1567695395.6299934 1567695409.4252775 bigbrain_769_1809_2082.nii 140159080904512
increment_file 1567695417.2741427 1567695424.2532635 bigbrain_769_1809_2082.nii 140159080904512
write_file 1567695432.315093 1567695448.027774 inc-bigbrain_769_1809_2082.nii 140159080904512
task_duration 1567695515.364798 1567695688.151105 1567694647-isilonAD_1it_25cpus_120delay_withpc-0 140159080904512
read_file 1567695122.060502 1567695122.1263328 bigbrain_3076_1206_2776.nii 140082216707904
increment_file 1567695122.135582 1567695140.2531655 bigbrain_3076_1206_2776.nii 140082216707904
write_file 1567695140.4982853 1567695160.1491055 inc-bigbrain_3076_1206_2776.nii 140082216707904
task_duration 1567695242.0582495 1567695401.2721946 1567694647-isilonAD_1it_25cpus_120delay_withpc-0 140082216707904
read_file 1567694978.4246407 1567694988.4314134 bigbrain_2307_2412_0.nii 140710666471232
increment_file 1567694988.4971328 1567695001.3475087 bigbrain_2307_2412_0.nii 140710666471232
write_file 1567695010.6425216 1567695036.9148884 inc-bigbrain_2307_2412_0.nii 140710666471232
task_duration 1567695098.1649344 1567695281.9685044 1567694647-isilonAD_1it_25cpus_120delay_withpc-0 140710666471232
read_file 1567695190.1772199 1567695190.193799 bigbrain_3076_2412_2082.nii 140666889287488
increment_file 1567695190.2218068 1567695208.679613 bigbrain_3076_2412_2082.nii 140666889287488
write_file 1567695212.008497 1567695234.8354716 inc-bigbrain_3076_2412_2082.nii 140666889287488
task_duration 1567695310.1744673 1567695474.9645092 1567694647-isilonAD_1it_25cpus_120delay_withpc-0 140666889287488
read_file 1567694977.3794842 1567694977.441779 bigbrain_2307_1809_2776.nii 140108536661824
increment_file 1567694977.7334957 1567694988.431338 bigbrain_2307_1809_2776.nii 140108536661824
write_file 1567694993.9707527 1567695011.582131 inc-bigbrain_2307_1809_2776.nii 140108536661824
task_duration 1567695097.3685412 1567695253.2328925 1567694647-isilonAD_1it_25cpus_120delay_withpc-0 140108536661824
read_file 1567695161.525847 1567695161.5557592 bigbrain_3076_1809_2082.nii 140517088745280
increment_file 1567695161.575752 1567695178.0443633 bigbrain_3076_1809_2082.nii 140517088745280
write_file 1567695178.346403 1567695190.027911 inc-bigbrain_3076_1809_2082.nii 140517088745280
task_duration 1567695281.5237734 1567695430.1362004 1567694647-isilonAD_1it_25cpus_120delay_withpc-0 140517088745280
read_file 1567694534.4960587 1567694534.6430001 bigbrain_1538_0_2776.nii 140502965163840
increment_file 1567694631.42317 1567694666.8512585 bigbrain_1538_0_2776.nii 140502965163840
write_file 1567694672.2379978 1567694805.7625003 inc-bigbrain_1538_0_2776.nii 140502965163840
task_duration 1567694654.4656427 1567695046.0909884 1567694647-isilonAD_1it_25cpus_120delay_withpc-0 140502965163840
read_file 1567695395.2557023 1567695395.344115 bigbrain_769_1809_2776.nii 139965380540224
increment_file 1567695395.3555896 1567695413.6982498 bigbrain_769_1809_2776.nii 139965380540224
write_file 1567695418.6375582 1567695443.8799534 inc-bigbrain_769_1809_2776.nii 139965380540224
task_duration 1567695515.2531083 1567695685.5343964 1567694647-isilonAD_1it_25cpus_120delay_withpc-0 139965380540224
read_file 1567694534.163329 1567694534.5670743 bigbrain_1538_603_0.nii 140248009205568
increment_file 1567694556.6439009 1567694607.5869215 bigbrain_1538_603_0.nii 140248009205568
write_file 1567694668.4390106 1567694777.5857344 inc-bigbrain_1538_603_0.nii 140248009205568
task_duration 1567694654.130599 1567695027.08491 1567694647-isilonAD_1it_25cpus_120delay_withpc-0 140248009205568
read_file 1567694534.1228273 1567694534.5287073 bigbrain_1538_1809_2776.nii 140437236176704
increment_file 1567694537.4548914 1567694579.6917708 bigbrain_1538_1809_2776.nii 140437236176704
write_file 1567694667.4950452 1567694760.464102 inc-bigbrain_1538_1809_2776.nii 140437236176704
task_duration 1567694654.1201398 1567695018.459934 1567694647-isilonAD_1it_25cpus_120delay_withpc-0 140437236176704
read_file 1567695105.3374104 1567695105.4054403 bigbrain_3076_1206_0.nii 139932449933120
increment_file 1567695105.4207585 1567695121.9020927 bigbrain_3076_1206_0.nii 139932449933120
write_file 1567695121.9369736 1567695140.4628737 inc-bigbrain_3076_1206_0.nii 139932449933120
task_duration 1567695225.325167 1567695380.5470815 1567694647-isilonAD_1it_25cpus_120delay_withpc-0 139932449933120
read_file 1567694534.1348524 1567694534.5468745 bigbrain_1538_603_2082.nii 140215596349248
increment_file 1567694542.816014 1567694590.6107416 bigbrain_1538_603_2082.nii 140215596349248
write_file 1567694668.034392 1567694764.2675774 inc-bigbrain_1538_603_2082.nii 140215596349248
task_duration 1567694654.1236255 1567695013.7626803 1567694647-isilonAD_1it_25cpus_120delay_withpc-0 140215596349248
read_file 1567694907.0108635 1567694907.0670288 bigbrain_2307_1206_1388.nii 140139461949248
increment_file 1567694907.4788926 1567694923.4829457 bigbrain_2307_1206_1388.nii 140139461949248
write_file 1567694923.5251591 1567694940.6084359 inc-bigbrain_2307_1206_1388.nii 140139461949248
task_duration 1567695027.0008752 1567695180.740726 1567694647-isilonAD_1it_25cpus_120delay_withpc-0 140139461949248
read_file 1567694534.1645033 1567694534.5732932 bigbrain_1538_603_1388.nii 140611558754112
increment_file 1567694575.274748 1567694624.3124092 bigbrain_1538_603_1388.nii 140611558754112
write_file 1567694668.9768515 1567694786.670923 inc-bigbrain_1538_603_1388.nii 140611558754112
task_duration 1567694654.131849 1567695032.7254663 1567694647-isilonAD_1it_25cpus_120delay_withpc-0 140611558754112
read_file 1567695358.2742066 1567695358.3420415 bigbrain_769_1206_1388.nii 140715336263488
increment_file 1567695358.3524725 1567695374.8430107 bigbrain_769_1206_1388.nii 140715336263488
write_file 1567695377.6107886 1567695394.758249 inc-bigbrain_769_1206_1388.nii 140715336263488
task_duration 1567695478.2717295 1567695634.8829596 1567694647-isilonAD_1it_25cpus_120delay_withpc-0 140715336263488
read_file 1567694943.5547335 1567694943.6393926 bigbrain_2307_1809_1388.nii 140483579090752
increment_file 1567694943.6639898 1567694954.7760253 bigbrain_2307_1809_1388.nii 140483579090752
write_file 1567694960.135738 1567694977.1238365 inc-bigbrain_2307_1809_1388.nii 140483579090752
task_duration 1567695063.5507636 1567695217.2546105 1567694647-isilonAD_1it_25cpus_120delay_withpc-0 140483579090752
read_file 1567695240.5734308 1567695247.0148447 bigbrain_3076_2412_694.nii 139853163857728
increment_file 1567695247.0293853 1567695263.7635448 bigbrain_3076_2412_694.nii 139853163857728
write_file 1567695265.9322145 1567695284.3782218 inc-bigbrain_3076_2412_694.nii 139853163857728
task_duration 1567695359.6212618 1567695524.5052857 1567694647-isilonAD_1it_25cpus_120delay_withpc-0 139853163857728
read_file 1567694881.2978444 1567694881.5045583 bigbrain_2307_0_694.nii 139683149772608
increment_file 1567694881.7082808 1567694888.0815647 bigbrain_2307_0_694.nii 139683149772608
write_file 1567694888.1069086 1567694894.214238 inc-bigbrain_2307_0_694.nii 139683149772608
task_duration 1567695001.2226043 1567695134.3227308 1567694647-isilonAD_1it_25cpus_120delay_withpc-0 139683149772608
read_file 1567695471.5085235 1567695471.539738 bigbrain_769_2412_2776.nii 140573247371072
increment_file 1567695471.5489035 1567695493.5150497 bigbrain_769_2412_2776.nii 140573247371072
write_file 1567695493.5506587 1567695502.5803213 inc-bigbrain_769_2412_2776.nii 140573247371072
task_duration 1567695591.5058048 1567695745.728317 1567694647-isilonAD_1it_25cpus_120delay_withpc-0 140573247371072
read_file 1567695190.2178147 1567695190.2651503 bigbrain_3076_1809_694.nii 140467785045824
increment_file 1567695191.2070794 1567695212.1148875 bigbrain_3076_1809_694.nii 140467785045824
write_file 1567695212.2505124 1567695234.8376691 inc-bigbrain_3076_1809_694.nii 140467785045824
task_duration 1567695310.185823 1567695474.9671278 1567694647-isilonAD_1it_25cpus_120delay_withpc-0 140467785045824
read_file 1567694534.318087 1567694534.6177688 bigbrain_1538_1809_1388.nii 139779690256192
increment_file 1567694620.4322276 1567694655.5948272 bigbrain_1538_1809_1388.nii 139779690256192
write_file 1567694670.9191997 1567694803.5560918 inc-bigbrain_1538_1809_1388.nii 139779690256192
task_duration 1567694654.3092248 1567695043.9936604 1567694647-isilonAD_1it_25cpus_120delay_withpc-0 139779690256192
read_file 1567695448.8707697 1567695448.9482183 bigbrain_769_2412_2082.nii 139777086338880
increment_file 1567695449.7711492 1567695470.8609324 bigbrain_769_2412_2082.nii 139777086338880
write_file 1567695470.8957222 1567695493.5170941 inc-bigbrain_769_2412_2082.nii 139777086338880
task_duration 1567695568.857022 1567695733.6362 1567694647-isilonAD_1it_25cpus_120delay_withpc-0 139777086338880
read_file 1567695493.7887213 1567695493.8384562 bigbrain_769_603_2082.nii 140443244902208
increment_file 1567695493.8458717 1567695505.512823 bigbrain_769_603_2082.nii 140443244902208
write_file 1567695506.5699325 1567695518.7131531 inc-bigbrain_769_603_2082.nii 140443244902208
task_duration 1567695613.7856424 1567695759.2672994 1567694647-isilonAD_1it_25cpus_120delay_withpc-0 140443244902208
read_file 1567694534.2820935 1567694534.616339 bigbrain_1538_1206_2082.nii 140484545460032
increment_file 1567694602.1608357 1567694646.935691 bigbrain_1538_1206_2082.nii 140484545460032
write_file 1567694670.1886423 1567694798.2586482 inc-bigbrain_1538_1206_2082.nii 140484545460032
task_duration 1567694654.234266 1567695038.8570848 1567694647-isilonAD_1it_25cpus_120delay_withpc-0 140484545460032
read_file 1567695285.8928354 1567695285.980087 bigbrain_3076_603_694.nii 140007720777536
increment_file 1567695286.0100682 1567695311.1979814 bigbrain_3076_603_694.nii 140007720777536
write_file 1567695313.3151278 1567695341.3762832 inc-bigbrain_3076_603_694.nii 140007720777536
task_duration 1567695405.8754144 1567695581.4993622 1567694647-isilonAD_1it_25cpus_120delay_withpc-0 140007720777536
read_file 1567694534.121688 1567694534.5181384 bigbrain_1538_2412_694.nii 140252090206016
increment_file 1567694534.646264 1567694567.9254477 bigbrain_1538_2412_694.nii 140252090206016
write_file 1567694667.226093 1567694755.922474 inc-bigbrain_1538_2412_694.nii 140252090206016
task_duration 1567694654.1195195 1567695016.6284854 1567694647-isilonAD_1it_25cpus_120delay_withpc-0 140252090206016
read_file 1567694534.1124082 1567694534.4355397 bigbrain_2307_0_2082.nii 140031641044800
increment_file 1567694534.6133795 1567694563.1694696 bigbrain_2307_0_2082.nii 140031641044800
write_file 1567694664.186223 1567694722.9184678 inc-bigbrain_2307_0_2082.nii 140031641044800
task_duration 1567694654.1076753 1567694993.9441133 1567694647-isilonAD_1it_25cpus_120delay_withpc-0 140031641044800
read_file 1567695493.8731172 1567695499.6436703 bigbrain_769_603_0.nii 140086807754560
increment_file 1567695505.0003464 1567695518.1604512 bigbrain_769_603_0.nii 140086807754560
write_file 1567695518.9977636 1567695531.4137452 inc-bigbrain_769_603_0.nii 140086807754560
task_duration 1567695613.8549416 1567695772.3062484 1567694647-isilonAD_1it_25cpus_120delay_withpc-0 140086807754560
read_file 1567694534.3735743 1567694534.6177266 bigbrain_1538_1809_2082.nii 139831446480704
increment_file 1567694613.4857445 1567694652.797046 bigbrain_1538_1809_2082.nii 139831446480704
write_file 1567694670.5639763 1567694802.087038 inc-bigbrain_1538_1809_2082.nii 139831446480704
task_duration 1567694654.3374884 1567695042.5154915 1567694647-isilonAD_1it_25cpus_120delay_withpc-0 139831446480704
read_file 1567695285.8717086 1567695285.9696455 bigbrain_3076_603_2776.nii 140229987034944
increment_file 1567695286.0020752 1567695310.7197876 bigbrain_3076_603_2776.nii 140229987034944
write_file 1567695313.3135176 1567695341.3750477 inc-bigbrain_3076_603_2776.nii 140229987034944
task_duration 1567695405.8677335 1567695581.4975877 1567694647-isilonAD_1it_25cpus_120delay_withpc-0 140229987034944
read_file 1567695011.9872868 1567695014.7025812 bigbrain_2307_603_2082.nii 140106541176640
increment_file 1567695029.926669 1567695042.7728593 bigbrain_2307_603_2082.nii 140106541176640
write_file 1567695042.8166325 1567695075.453779 inc-bigbrain_2307_603_2082.nii 140106541176640
task_duration 1567695131.9843569 1567695316.3325727 1567694647-isilonAD_1it_25cpus_120delay_withpc-0 140106541176640
read_file 1567694988.430203 1567694989.9604404 bigbrain_2307_2412_2082.nii 140455418513216
increment_file 1567694997.9528294 1567695011.9757447 bigbrain_2307_2412_2082.nii 140455418513216
write_file 1567695013.5608346 1567695039.8501816 inc-bigbrain_2307_2412_2082.nii 140455418513216
task_duration 1567695108.334783 1567695282.8804903 1567694647-isilonAD_1it_25cpus_120delay_withpc-0 140455418513216
read_file 1567694534.2219856 1567694534.5947921 bigbrain_1538_2412_2082.nii 140293766395712
increment_file 1567694586.7609086 1567694635.5863812 bigbrain_1538_2412_2082.nii 140293766395712
write_file 1567694669.6503856 1567694791.9893885 inc-bigbrain_1538_2412_2082.nii 140293766395712
task_duration 1567694654.173117 1567695034.6881464 1567694647-isilonAD_1it_25cpus_120delay_withpc-0 140293766395712
read_file 1567695358.2971008 1567695358.3512697 bigbrain_769_1206_2776.nii 140064197052224
increment_file 1567695359.1383867 1567695377.5754323 bigbrain_769_1206_2776.nii 140064197052224
write_file 1567695377.624752 1567695394.7615697 inc-bigbrain_769_1206_2776.nii 140064197052224
task_duration 1567695478.2860205 1567695634.8870075 1567694647-isilonAD_1it_25cpus_120delay_withpc-0 140064197052224
read_file 1567695448.8618207 1567695448.947652 bigbrain_769_2412_1388.nii 139970159056704
increment_file 1567695448.9624405 1567695469.6862044 bigbrain_769_2412_1388.nii 139970159056704
write_file 1567695470.8920612 1567695493.51911 inc-bigbrain_769_2412_1388.nii 139970159056704
task_duration 1567695568.8505657 1567695733.638826 1567694647-isilonAD_1it_25cpus_120delay_withpc-0 139970159056704
read_file 1567694534.122293 1567694534.5192044 bigbrain_2307_0_1388.nii 139900021221184
increment_file 1567694536.117874 1567694574.2004385 bigbrain_2307_0_1388.nii 139900021221184
write_file 1567694667.3604796 1567694758.0613084 inc-bigbrain_2307_0_1388.nii 139900021221184
task_duration 1567694654.1200147 1567695021.7884629 1567694647-isilonAD_1it_25cpus_120delay_withpc-0 139900021221184
read_file 1567694977.3593612 1567694977.4262226 bigbrain_2307_1809_2082.nii 140130374125376
increment_file 1567694977.4472432 1567694986.4539177 bigbrain_2307_1809_2082.nii 140130374125376
write_file 1567694990.7612383 1567695009.5384784 inc-bigbrain_2307_1809_2082.nii 140130374125376
task_duration 1567695097.3564994 1567695252.0803475 1567694647-isilonAD_1it_25cpus_120delay_withpc-0 140130374125376
read_file 1567694906.998222 1567694907.059198 bigbrain_2307_1206_2776.nii 140360898135872
increment_file 1567694907.0677843 1567694921.1150067 bigbrain_2307_1206_2776.nii 140360898135872
write_file 1567694923.519701 1567694940.6013746 inc-bigbrain_2307_1206_2776.nii 140360898135872
task_duration 1567695026.9959555 1567695180.7343297 1567694647-isilonAD_1it_25cpus_120delay_withpc-0 140360898135872
read_file 1567694894.986006 1567694895.001264 bigbrain_2307_1206_0.nii 139966440470336
increment_file 1567694895.0102632 1567694900.4733825 bigbrain_2307_1206_0.nii 139966440470336
write_file 1567694900.500397 1567694906.6527169 inc-bigbrain_2307_1206_0.nii 139966440470336
task_duration 1567695014.9833276 1567695146.6925287 1567694647-isilonAD_1it_25cpus_120delay_withpc-0 139966440470336
read_file 1567694943.5832028 1567694943.653866 bigbrain_2307_1809_0.nii 139685598975808
increment_file 1567694944.8851347 1567694960.107261 bigbrain_2307_1809_0.nii 139685598975808
write_file 1567694960.1633887 1567694977.1258943 inc-bigbrain_2307_1809_0.nii 139685598975808
task_duration 1567695063.5661278 1567695217.2042217 1567694647-isilonAD_1it_25cpus_120delay_withpc-0 139685598975808
read_file 1567694534.4342058 1567694534.6423488 bigbrain_1538_2412_2776.nii 140247617574720
increment_file 1567694624.4449077 1567694656.5087552 bigbrain_1538_2412_2776.nii 140247617574720
write_file 1567694671.0806987 1567694805.381029 inc-bigbrain_1538_2412_2776.nii 140247617574720
task_duration 1567694654.3895822 1567695045.7603734 1567694647-isilonAD_1it_25cpus_120delay_withpc-0 140247617574720
read_file 1567694534.162109 1567694534.5574296 bigbrain_1538_1206_2776.nii 139930940004160
increment_file 1567694546.7188056 1567694597.9875321 bigbrain_1538_1206_2776.nii 139930940004160
write_file 1567694668.1690898 1567694767.7325459 inc-bigbrain_1538_1206_2776.nii 139930940004160
task_duration 1567694654.1267867 1567695020.1267903 1567694647-isilonAD_1it_25cpus_120delay_withpc-0 139930940004160
read_file 1567694977.4525883 1567694984.3440857 bigbrain_2307_1809_694.nii 139976813766464
increment_file 1567694988.4525108 1567694997.4196188 bigbrain_2307_1809_694.nii 139976813766464
write_file 1567695010.375023 1567695035.5965297 inc-bigbrain_2307_1809_694.nii 139976813766464
task_duration 1567695097.4496493 1567695281.5662143 1567694647-isilonAD_1it_25cpus_120delay_withpc-0 139976813766464
read_file 1567695141.0128455 1567695141.0608876 bigbrain_3076_1206_694.nii 139938626770752
increment_file 1567695142.8348284 1567695160.789941 bigbrain_3076_1206_694.nii 139938626770752
write_file 1567695161.191518 1567695178.3262696 inc-bigbrain_3076_1206_694.nii 139938626770752
task_duration 1567695260.9965172 1567695418.4391613 1567694647-isilonAD_1it_25cpus_120delay_withpc-0 139938626770752
read_file 1567694534.3176894 1567694534.6169965 bigbrain_2307_0_0.nii 140273014949696
increment_file 1567694609.4573913 1567694652.1525178 bigbrain_2307_0_0.nii 140273014949696
write_file 1567694670.3569891 1567694800.386628 inc-bigbrain_2307_0_0.nii 140273014949696
task_duration 1567694654.2912369 1567695040.936237 1567694647-isilonAD_1it_25cpus_120delay_withpc-0 140273014949696
read_file 1567694534.221474 1567694534.5941377 bigbrain_1538_1206_1388.nii 139905649313600
increment_file 1567694579.314823 1567694627.656018 bigbrain_1538_1206_1388.nii 139905649313600
write_file 1567694669.2463164 1567694789.1214678 inc-bigbrain_1538_1206_1388.nii 139905649313600
task_duration 1567694654.171587 1567695033.6072195 1567694647-isilonAD_1it_25cpus_120delay_withpc-0 139905649313600
read_file 1567695519.6831713 1567695519.7012024 bigbrain_769_603_2776.nii 140084037101376
increment_file 1567695519.7121384 1567695531.4147305 bigbrain_769_603_2776.nii 140084037101376
write_file 1567695532.2138789 1567695543.8008873 inc-bigbrain_769_603_2776.nii 140084037101376
task_duration 1567695639.6810682 1567695783.9164867 1567694647-isilonAD_1it_25cpus_120delay_withpc-0 140084037101376
read_file 1567695341.7616868 1567695341.8365881 bigbrain_769_0_694.nii 140101199206208
increment_file 1567695341.8531096 1567695354.2727013 bigbrain_769_0_694.nii 140101199206208
write_file 1567695358.2543232 1567695377.5763547 inc-bigbrain_769_0_694.nii 140101199206208
task_duration 1567695461.758277 1567695617.7034495 1567694647-isilonAD_1it_25cpus_120delay_withpc-0 140101199206208
read_file 1567695043.032972 1567695043.1060343 bigbrain_3076_0_1388.nii 140435194726208
increment_file 1567695048.1906846 1567695076.2051315 bigbrain_3076_0_1388.nii 140435194726208
write_file 1567695076.2544641 1567695104.3093746 inc-bigbrain_3076_0_1388.nii 140435194726208
task_duration 1567695163.030775 1567695344.4314785 1567694647-isilonAD_1it_25cpus_120delay_withpc-0 140435194726208
read_file 1567694907.001481 1567694907.0655768 bigbrain_2307_1206_2082.nii 139714203060032
increment_file 1567694907.0848734 1567694922.5683115 bigbrain_2307_1206_2082.nii 139714203060032
write_file 1567694923.5225525 1567694940.6095626 inc-bigbrain_2307_1206_2082.nii 139714203060032
task_duration 1567695026.9994938 1567695180.738094 1567694647-isilonAD_1it_25cpus_120delay_withpc-0 139714203060032
read_file 1567695042.9910648 1567695043.08474 bigbrain_3076_0_2082.nii 140511721969472
increment_file 1567695043.1073747 1567695072.3857758 bigbrain_3076_0_2082.nii 140511721969472
write_file 1567695076.239204 1567695104.3054557 inc-bigbrain_3076_0_2082.nii 140511721969472
task_duration 1567695162.987563 1567695344.4356656 1567694647-isilonAD_1it_25cpus_120delay_withpc-0 140511721969472
read_file 1567695493.980852 1567695501.7722013 bigbrain_769_603_1388.nii 140021121357632
increment_file 1567695505.6182604 1567695518.2788866 bigbrain_769_603_1388.nii 140021121357632
write_file 1567695519.051286 1567695531.6833754 inc-bigbrain_769_603_1388.nii 140021121357632
task_duration 1567695613.8597913 1567695772.3078423 1567694647-isilonAD_1it_25cpus_120delay_withpc-0 140021121357632
read_file 1567694534.2223413 1567694534.595487 bigbrain_1538_0_694.nii 139695597561664
increment_file 1567694590.6094115 1567694638.6506371 bigbrain_1538_0_694.nii 139695597561664
write_file 1567694669.9197664 1567694795.3388157 inc-bigbrain_1538_0_694.nii 139695597561664
task_duration 1567694654.1739962 1567695037.739464 1567694647-isilonAD_1it_25cpus_120delay_withpc-0 139695597561664
read_file 1567694534.1640897 1567694534.5727673 bigbrain_1538_603_694.nii 139882203400000
increment_file 1567694568.1912484 1567694616.92911 bigbrain_1538_603_694.nii 139882203400000
write_file 1567694668.7076976 1567694785.6392941 inc-bigbrain_1538_603_694.nii 139882203400000
task_duration 1567694654.1311448 1567695031.791123 1567694647-isilonAD_1it_25cpus_120delay_withpc-0 139882203400000
read_file 1567694534.222751 1567694534.5955281 bigbrain_1538_1206_694.nii 139686813423424
increment_file 1567694598.1201413 1567694644.9461818 bigbrain_1538_1206_694.nii 139686813423424
write_file 1567694670.0543063 1567694797.021375 inc-bigbrain_1538_1206_694.nii 139686813423424
task_duration 1567694654.1737542 1567695038.043345 1567694647-isilonAD_1it_25cpus_120delay_withpc-0 139686813423424
read_file 1567695190.1776416 1567695190.2325397 bigbrain_3076_2412_1388.nii 140597627606848
increment_file 1567695190.2736607 1567695210.6702843 bigbrain_3076_2412_1388.nii 140597627606848
write_file 1567695212.2453418 1567695234.8396235 inc-bigbrain_3076_2412_1388.nii 140597627606848
task_duration 1567695310.1753774 1567695474.966041 1567694647-isilonAD_1it_25cpus_120delay_withpc-0 140597627606848
read_file 1567695105.3231401 1567695105.3942907 bigbrain_3076_0_694.nii 140122965751616
increment_file 1567695105.416784 1567695121.2572598 bigbrain_3076_0_694.nii 140122965751616
write_file 1567695121.932075 1567695140.4648187 inc-bigbrain_3076_0_694.nii 140122965751616
task_duration 1567695225.3191626 1567695380.5909307 1567694647-isilonAD_1it_25cpus_120delay_withpc-0 140122965751616
read_file 1567695236.5169482 1567695245.3212519 bigbrain_3076_603_2082.nii 140599539390272
increment_file 1567695247.0181904 1567695263.6362011 bigbrain_3076_603_2082.nii 140599539390272
write_file 1567695265.8875859 1567695284.1339917 inc-bigbrain_3076_603_2082.nii 140599539390272
task_duration 1567695356.2587554 1567695524.4987185 1567694647-isilonAD_1it_25cpus_120delay_withpc-0 140599539390272
read_file 1567694943.5594702 1567694943.647156 bigbrain_2307_1206_694.nii 139684702799680
increment_file 1567694943.674683 1567694957.0367165 bigbrain_2307_1206_694.nii 139684702799680
write_file 1567694960.1425297 1567694977.1245604 inc-bigbrain_2307_1206_694.nii 139684702799680
task_duration 1567695063.5568252 1567695217.2643843 1567694647-isilonAD_1it_25cpus_120delay_withpc-0 139684702799680
read_file 1567695190.2172637 1567695190.2651806 bigbrain_3076_2412_0.nii 140547900012352
increment_file 1567695191.6116455 1567695212.2206733 bigbrain_3076_2412_0.nii 140547900012352
write_file 1567695212.2529202 1567695234.8474498 inc-bigbrain_3076_2412_0.nii 140547900012352
task_duration 1567695310.1841762 1567695474.9737966 1567694647-isilonAD_1it_25cpus_120delay_withpc-0 140547900012352
read_file 1567695141.0132194 1567695141.0619903 bigbrain_3076_1809_1388.nii 140692544804672
increment_file 1567695144.3232129 1567695161.1636667 bigbrain_3076_1809_1388.nii 140692544804672
write_file 1567695161.1928265 1567695178.324196 inc-bigbrain_3076_1809_1388.nii 140692544804672
task_duration 1567695260.9986324 1567695418.4374316 1567694647-isilonAD_1it_25cpus_120delay_withpc-0 140692544804672
read_file 1567695161.5350757 1567695161.577281 bigbrain_3076_1809_2776.nii 140092806293312
increment_file 1567695161.5810275 1567695178.0556738 bigbrain_3076_1809_2776.nii 140092806293312
write_file 1567695178.346956 1567695190.0222723 inc-bigbrain_3076_1809_2776.nii 140092806293312
task_duration 1567695281.53313 1567695430.1225293 1567694647-isilonAD_1it_25cpus_120delay_withpc-0 140092806293312
