read_file 1567620646.6819692 1567620646.683271 bigbrain_769_603_694.nii 139894596024128
increment_file 1567620646.6836596 1567620647.3637989 bigbrain_769_603_694.nii 139894596024128
write_file 1567620647.3734198 1567620647.8054838 inc-bigbrain_769_603_694.nii 139894596024128
task_duration 1567620646.6797187 1567620647.808183 tmpfs_1it_96cpus_0delay_npc-1 139894596024128
read_file 1567620641.565027 1567620641.5892239 bigbrain_769_2412_694.nii 140645173327680
increment_file 1567620641.5911891 1567620644.8812737 bigbrain_769_2412_694.nii 140645173327680
write_file 1567620644.9236333 1567620647.3500214 inc-bigbrain_769_2412_694.nii 140645173327680
task_duration 1567620641.5423043 1567620647.3544233 tmpfs_1it_96cpus_0delay_npc-1 140645173327680
read_file 1567620641.5354667 1567620641.5449867 bigbrain_769_1206_2776.nii 140323937576768
increment_file 1567620641.546758 1567620644.8208525 bigbrain_769_1206_2776.nii 140323937576768
write_file 1567620644.865458 1567620647.3517582 inc-bigbrain_769_1206_2776.nii 140323937576768
task_duration 1567620641.5278363 1567620647.356005 tmpfs_1it_96cpus_0delay_npc-1 140323937576768
read_file 1567620641.4926636 1567620641.4988494 bigbrain_769_603_1388.nii 139695531743040
increment_file 1567620641.5006397 1567620643.74482 bigbrain_769_603_1388.nii 139695531743040
write_file 1567620643.7844312 1567620645.9074793 inc-bigbrain_769_603_1388.nii 139695531743040
task_duration 1567620641.4855297 1567620645.9376445 tmpfs_1it_96cpus_0delay_npc-1 139695531743040
read_file 1567620641.4867218 1567620641.4911714 bigbrain_769_603_2776.nii 140026275465024
increment_file 1567620641.4924695 1567620643.753995 bigbrain_769_603_2776.nii 140026275465024
write_file 1567620643.7863727 1567620645.8198042 inc-bigbrain_769_603_2776.nii 140026275465024
task_duration 1567620641.482702 1567620645.8245378 tmpfs_1it_96cpus_0delay_npc-1 140026275465024
read_file 1567620641.4559002 1567620641.46437 bigbrain_3076_1809_2776.nii 139707119626048
increment_file 1567620641.466233 1567620644.7344506 bigbrain_3076_1809_2776.nii 139707119626048
write_file 1567620644.7743225 1567620647.3415976 inc-bigbrain_3076_1809_2776.nii 139707119626048
task_duration 1567620641.4473135 1567620647.3474183 tmpfs_1it_96cpus_0delay_npc-1 139707119626048
read_file 1567620641.4503987 1567620641.4594653 bigbrain_769_603_2082.nii 140172971013952
increment_file 1567620641.4610112 1567620644.7461646 bigbrain_769_603_2082.nii 140172971013952
write_file 1567620644.7880714 1567620647.337713 inc-bigbrain_769_603_2082.nii 140172971013952
task_duration 1567620641.4430692 1567620647.3427317 tmpfs_1it_96cpus_0delay_npc-1 140172971013952
read_file 1567620641.446289 1567620641.4524662 bigbrain_769_2412_2776.nii 139740002576192
increment_file 1567620641.4536645 1567620643.6932914 bigbrain_769_2412_2776.nii 139740002576192
write_file 1567620643.729294 1567620645.8354614 inc-bigbrain_769_2412_2776.nii 139740002576192
task_duration 1567620641.440312 1567620645.8692052 tmpfs_1it_96cpus_0delay_npc-1 139740002576192
read_file 1567620641.4424424 1567620641.4502244 bigbrain_769_1809_2082.nii 139686972901184
increment_file 1567620641.4525497 1567620644.753926 bigbrain_769_1809_2082.nii 139686972901184
write_file 1567620644.794464 1567620647.306257 inc-bigbrain_769_1809_2082.nii 139686972901184
task_duration 1567620641.4342585 1567620647.3128428 tmpfs_1it_96cpus_0delay_npc-1 139686972901184
read_file 1567620641.433603 1567620641.4434068 bigbrain_769_2412_2082.nii 139771000694592
increment_file 1567620641.4454172 1567620644.7685883 bigbrain_769_2412_2082.nii 139771000694592
write_file 1567620644.8030505 1567620647.3122802 inc-bigbrain_769_2412_2082.nii 139771000694592
task_duration 1567620641.424685 1567620647.316908 tmpfs_1it_96cpus_0delay_npc-1 139771000694592
read_file 1567620641.4017775 1567620641.4099681 bigbrain_3076_1809_694.nii 140237234992960
increment_file 1567620641.41119 1567620643.6489134 bigbrain_3076_1809_694.nii 140237234992960
write_file 1567620643.683781 1567620645.8406641 inc-bigbrain_3076_1809_694.nii 140237234992960
task_duration 1567620641.3934977 1567620645.852011 tmpfs_1it_96cpus_0delay_npc-1 140237234992960
read_file 1567620641.3992329 1567620641.408384 bigbrain_769_1206_694.nii 140641114236736
increment_file 1567620641.410033 1567620644.7215984 bigbrain_769_1206_694.nii 140641114236736
write_file 1567620644.7648199 1567620647.31609 inc-bigbrain_769_1206_694.nii 140641114236736
task_duration 1567620641.3908248 1567620647.3212898 tmpfs_1it_96cpus_0delay_npc-1 140641114236736
read_file 1567620641.370783 1567620641.3796043 bigbrain_769_1809_2776.nii 140340841076544
increment_file 1567620641.381745 1567620644.7267935 bigbrain_769_1809_2776.nii 140340841076544
write_file 1567620644.7616663 1567620647.2523623 inc-bigbrain_769_1809_2776.nii 140340841076544
task_duration 1567620641.3622723 1567620647.2609694 tmpfs_1it_96cpus_0delay_npc-1 140340841076544
read_file 1567620641.3362954 1567620641.3410957 bigbrain_3076_2412_1388.nii 139922378053440
increment_file 1567620641.3424864 1567620643.5682101 bigbrain_3076_2412_1388.nii 139922378053440
write_file 1567620643.6023571 1567620645.7896848 inc-bigbrain_3076_2412_1388.nii 139922378053440
task_duration 1567620641.3322585 1567620645.7956948 tmpfs_1it_96cpus_0delay_npc-1 139922378053440
read_file 1567620641.3099916 1567620641.3186445 bigbrain_769_0_1388.nii 140027917637440
increment_file 1567620641.3218176 1567620644.6699605 bigbrain_769_0_1388.nii 140027917637440
write_file 1567620644.71814 1567620647.3145702 inc-bigbrain_769_0_1388.nii 140027917637440
task_duration 1567620641.3027174 1567620647.3203228 tmpfs_1it_96cpus_0delay_npc-1 140027917637440
read_file 1567620641.278082 1567620641.2875404 bigbrain_2307_603_2776.nii 140719719098176
increment_file 1567620641.2894166 1567620644.719327 bigbrain_2307_603_2776.nii 140719719098176
write_file 1567620644.7567167 1567620647.3340669 inc-bigbrain_2307_603_2776.nii 140719719098176
task_duration 1567620641.2624755 1567620647.3406153 tmpfs_1it_96cpus_0delay_npc-1 140719719098176
read_file 1567620641.2672834 1567620641.2751014 bigbrain_3076_603_1388.nii 140165023147840
increment_file 1567620641.2767498 1567620644.6461115 bigbrain_3076_603_1388.nii 140165023147840
write_file 1567620644.7014627 1567620647.3031812 inc-bigbrain_3076_603_1388.nii 140165023147840
task_duration 1567620641.260427 1567620647.310684 tmpfs_1it_96cpus_0delay_npc-1 140165023147840
read_file 1567620641.2500274 1567620641.2560499 bigbrain_769_0_0.nii 140402341615424
increment_file 1567620641.257785 1567620644.6377413 bigbrain_769_0_0.nii 140402341615424
write_file 1567620644.7006757 1567620647.2278912 inc-bigbrain_769_0_0.nii 140402341615424
task_duration 1567620641.2442284 1567620647.2377117 tmpfs_1it_96cpus_0delay_npc-1 140402341615424
read_file 1567620641.247593 1567620641.2560155 bigbrain_769_0_2082.nii 140165663471424
increment_file 1567620641.2578242 1567620644.7206192 bigbrain_769_0_2082.nii 140165663471424
write_file 1567620644.759145 1567620647.2506046 inc-bigbrain_769_0_2082.nii 140165663471424
task_duration 1567620641.237493 1567620647.2600152 tmpfs_1it_96cpus_0delay_npc-1 140165663471424
read_file 1567620641.2323997 1567620641.239314 bigbrain_769_1206_1388.nii 139977104852800
increment_file 1567620641.2407115 1567620644.6417942 bigbrain_769_1206_1388.nii 139977104852800
write_file 1567620644.690677 1567620647.2314348 inc-bigbrain_769_1206_1388.nii 139977104852800
task_duration 1567620641.2265494 1567620647.2420475 tmpfs_1it_96cpus_0delay_npc-1 139977104852800
read_file 1567620641.228008 1567620641.2322493 bigbrain_769_1206_0.nii 139712054970176
increment_file 1567620641.2329047 1567620643.4539309 bigbrain_769_1206_0.nii 139712054970176
write_file 1567620643.4868083 1567620645.778212 inc-bigbrain_769_1206_0.nii 139712054970176
task_duration 1567620641.2151353 1567620645.7839189 tmpfs_1it_96cpus_0delay_npc-1 139712054970176
read_file 1567620641.2245736 1567620641.2312453 bigbrain_3076_603_2082.nii 140712188888896
increment_file 1567620641.2324927 1567620644.6262326 bigbrain_3076_603_2082.nii 140712188888896
write_file 1567620644.677314 1567620647.2585578 inc-bigbrain_3076_603_2082.nii 140712188888896
task_duration 1567620641.2186456 1567620647.2678902 tmpfs_1it_96cpus_0delay_npc-1 140712188888896
read_file 1567620641.221603 1567620641.2281418 bigbrain_3076_603_694.nii 140439992129344
increment_file 1567620641.2299695 1567620644.588498 bigbrain_3076_603_694.nii 140439992129344
write_file 1567620644.6363182 1567620647.2247584 inc-bigbrain_3076_603_694.nii 140439992129344
task_duration 1567620641.2156832 1567620647.2351797 tmpfs_1it_96cpus_0delay_npc-1 140439992129344
read_file 1567620641.2091615 1567620641.2154446 bigbrain_3076_1809_0.nii 140656783669056
increment_file 1567620641.21711 1567620643.4484978 bigbrain_3076_1809_0.nii 140656783669056
write_file 1567620643.4817333 1567620645.7841241 inc-bigbrain_3076_1809_0.nii 140656783669056
task_duration 1567620641.2038116 1567620645.8150997 tmpfs_1it_96cpus_0delay_npc-1 140656783669056
read_file 1567620641.2007663 1567620641.2095783 bigbrain_3076_603_0.nii 140209177192256
increment_file 1567620641.2113295 1567620644.6142626 bigbrain_3076_603_0.nii 140209177192256
write_file 1567620644.649266 1567620647.2525353 inc-bigbrain_3076_603_0.nii 140209177192256
task_duration 1567620641.1924534 1567620647.2615876 tmpfs_1it_96cpus_0delay_npc-1 140209177192256
read_file 1567620641.1669273 1567620641.1729507 bigbrain_3076_2412_2082.nii 140626583910208
increment_file 1567620641.1740966 1567620643.428107 bigbrain_3076_2412_2082.nii 140626583910208
write_file 1567620643.461584 1567620645.7641437 inc-bigbrain_3076_2412_2082.nii 140626583910208
task_duration 1567620641.162253 1567620645.7738078 tmpfs_1it_96cpus_0delay_npc-1 140626583910208
read_file 1567620641.1497753 1567620641.153817 bigbrain_769_1809_694.nii 139783513503552
increment_file 1567620641.1547692 1567620643.3863032 bigbrain_769_1809_694.nii 139783513503552
write_file 1567620643.4184496 1567620645.764699 inc-bigbrain_769_1809_694.nii 139783513503552
task_duration 1567620641.1457837 1567620645.7708566 tmpfs_1it_96cpus_0delay_npc-1 139783513503552
read_file 1567620641.1457546 1567620641.1517594 bigbrain_769_0_694.nii 140424564127552
increment_file 1567620641.1528122 1567620644.572419 bigbrain_769_0_694.nii 140424564127552
write_file 1567620644.6197243 1567620647.2717896 inc-bigbrain_769_0_694.nii 140424564127552
task_duration 1567620641.140243 1567620647.2796397 tmpfs_1it_96cpus_0delay_npc-1 140424564127552
read_file 1567620641.1426299 1567620641.1497934 bigbrain_769_603_0.nii 139884804413248
increment_file 1567620641.1514254 1567620644.5897639 bigbrain_769_603_0.nii 139884804413248
write_file 1567620644.620881 1567620647.2616208 inc-bigbrain_769_603_0.nii 139884804413248
task_duration 1567620641.1357427 1567620647.2686021 tmpfs_1it_96cpus_0delay_npc-1 139884804413248
read_file 1567620641.1382442 1567620641.1454935 bigbrain_769_2412_0.nii 139740264630080
increment_file 1567620641.146676 1567620644.5891056 bigbrain_769_2412_0.nii 139740264630080
write_file 1567620644.6220887 1567620647.1846495 inc-bigbrain_769_2412_0.nii 139740264630080
task_duration 1567620641.131603 1567620647.195644 tmpfs_1it_96cpus_0delay_npc-1 139740264630080
read_file 1567620641.1382039 1567620641.145227 bigbrain_3076_1809_1388.nii 139841398527808
increment_file 1567620641.1463466 1567620644.590345 bigbrain_3076_1809_1388.nii 139841398527808
write_file 1567620644.6423073 1567620646.4685256 inc-bigbrain_3076_1809_1388.nii 139841398527808
task_duration 1567620641.1319823 1567620646.4795496 tmpfs_1it_96cpus_0delay_npc-1 139841398527808
read_file 1567620641.131893 1567620641.1376977 bigbrain_3076_1206_1388.nii 139984426358592
increment_file 1567620641.1391442 1567620644.5565474 bigbrain_3076_1206_1388.nii 139984426358592
write_file 1567620644.6131911 1567620647.2519383 inc-bigbrain_3076_1206_1388.nii 139984426358592
task_duration 1567620641.1266868 1567620647.261415 tmpfs_1it_96cpus_0delay_npc-1 139984426358592
read_file 1567620641.1324904 1567620641.1362848 bigbrain_769_1809_1388.nii 140223061608256
increment_file 1567620641.137822 1567620643.3841574 bigbrain_769_1809_1388.nii 140223061608256
write_file 1567620643.4169776 1567620645.770947 inc-bigbrain_769_1809_1388.nii 140223061608256
task_duration 1567620641.1291254 1567620645.7767406 tmpfs_1it_96cpus_0delay_npc-1 140223061608256
read_file 1567620641.1192586 1567620641.1256685 bigbrain_3076_1206_0.nii 139739341879104
increment_file 1567620641.126917 1567620643.3134594 bigbrain_3076_1206_0.nii 139739341879104
write_file 1567620643.3626626 1567620645.772095 inc-bigbrain_3076_1206_0.nii 139739341879104
task_duration 1567620641.1128092 1567620645.779388 tmpfs_1it_96cpus_0delay_npc-1 139739341879104
read_file 1567620641.1025794 1567620641.1054842 bigbrain_769_1809_0.nii 140322250630976
increment_file 1567620641.1064186 1567620644.563072 bigbrain_769_1809_0.nii 140322250630976
write_file 1567620644.6091373 1567620647.292056 inc-bigbrain_769_1809_0.nii 140322250630976
task_duration 1567620641.1006434 1567620647.2984662 tmpfs_1it_96cpus_0delay_npc-1 140322250630976
read_file 1567620641.0995276 1567620641.1048949 bigbrain_3076_1206_2082.nii 140461338294080
increment_file 1567620641.106381 1567620643.2971835 bigbrain_3076_1206_2082.nii 140461338294080
write_file 1567620643.3330624 1567620645.7464228 inc-bigbrain_3076_1206_2082.nii 140461338294080
task_duration 1567620641.0928626 1567620645.776581 tmpfs_1it_96cpus_0delay_npc-1 140461338294080
read_file 1567620641.069472 1567620641.0723703 bigbrain_2307_2412_1388.nii 140517573216064
increment_file 1567620641.072974 1567620644.5432866 bigbrain_2307_2412_1388.nii 140517573216064
write_file 1567620644.5904386 1567620647.1953392 inc-bigbrain_2307_2412_1388.nii 140517573216064
task_duration 1567620641.0661047 1567620647.2075546 tmpfs_1it_96cpus_0delay_npc-1 140517573216064
read_file 1567620641.0658607 1567620641.0684984 bigbrain_2307_1809_0.nii 140322213173056
increment_file 1567620641.0693927 1567620644.5155568 bigbrain_2307_1809_0.nii 140322213173056
write_file 1567620644.5645366 1567620647.242719 inc-bigbrain_2307_1809_0.nii 140322213173056
task_duration 1567620641.0634007 1567620647.2544584 tmpfs_1it_96cpus_0delay_npc-1 140322213173056
read_file 1567620641.0499809 1567620641.0534673 bigbrain_769_2412_1388.nii 139999108175680
increment_file 1567620641.0543265 1567620644.4787092 bigbrain_769_2412_1388.nii 139999108175680
write_file 1567620644.5282052 1567620647.1528902 inc-bigbrain_769_2412_1388.nii 139999108175680
task_duration 1567620641.0461144 1567620647.16276 tmpfs_1it_96cpus_0delay_npc-1 139999108175680
read_file 1567620641.0397139 1567620641.0434606 bigbrain_3076_0_2082.nii 140368954472256
increment_file 1567620641.0441644 1567620643.2464497 bigbrain_3076_0_2082.nii 140368954472256
write_file 1567620643.282363 1567620645.7169821 inc-bigbrain_3076_0_2082.nii 140368954472256
task_duration 1567620641.0362096 1567620645.7267945 tmpfs_1it_96cpus_0delay_npc-1 140368954472256
read_file 1567620641.0380404 1567620641.0410955 bigbrain_769_1206_2082.nii 139953897228096
increment_file 1567620641.0417957 1567620644.4721682 bigbrain_769_1206_2082.nii 139953897228096
write_file 1567620644.5194476 1567620647.2351375 inc-bigbrain_769_1206_2082.nii 139953897228096
task_duration 1567620641.033936 1567620647.244874 tmpfs_1it_96cpus_0delay_npc-1 139953897228096
read_file 1567620641.0356083 1567620641.0388794 bigbrain_2307_1809_2082.nii 139748815779648
increment_file 1567620641.0397103 1567620643.2566752 bigbrain_2307_1809_2082.nii 139748815779648
write_file 1567620643.2901657 1567620645.706653 inc-bigbrain_2307_1809_2082.nii 139748815779648
task_duration 1567620641.0326052 1567620645.7157767 tmpfs_1it_96cpus_0delay_npc-1 139748815779648
read_file 1567620641.0312243 1567620641.0338767 bigbrain_2307_2412_0.nii 140470358792000
increment_file 1567620641.0347703 1567620643.1951215 bigbrain_2307_2412_0.nii 140470358792000
write_file 1567620643.2349174 1567620645.7123544 inc-bigbrain_2307_2412_0.nii 140470358792000
task_duration 1567620641.0283487 1567620645.7200367 tmpfs_1it_96cpus_0delay_npc-1 140470358792000
read_file 1567620641.024963 1567620641.0272264 bigbrain_3076_1206_694.nii 139962374420288
increment_file 1567620641.0276978 1567620644.4351687 bigbrain_3076_1206_694.nii 139962374420288
write_file 1567620644.491527 1567620647.2053292 inc-bigbrain_3076_1206_694.nii 139962374420288
task_duration 1567620641.0228574 1567620647.2161944 tmpfs_1it_96cpus_0delay_npc-1 139962374420288
read_file 1567620641.0216362 1567620641.0236738 bigbrain_3076_1206_2776.nii 139648505718592
increment_file 1567620641.024033 1567620644.333991 bigbrain_3076_1206_2776.nii 139648505718592
write_file 1567620644.3899572 1567620647.1824222 inc-bigbrain_3076_1206_2776.nii 139648505718592
task_duration 1567620641.0196433 1567620647.1938877 tmpfs_1it_96cpus_0delay_npc-1 139648505718592
read_file 1567620641.0186136 1567620641.0228662 bigbrain_1538_603_2776.nii 140362038241088
increment_file 1567620641.02386 1567620644.3828568 bigbrain_1538_603_2776.nii 140362038241088
write_file 1567620644.423649 1567620647.1529052 inc-bigbrain_1538_603_2776.nii 140362038241088
task_duration 1567620641.0137894 1567620647.162818 tmpfs_1it_96cpus_0delay_npc-1 140362038241088
read_file 1567620641.0177135 1567620641.0204828 bigbrain_2307_2412_2082.nii 140718309914432
increment_file 1567620641.0210571 1567620644.3568113 bigbrain_2307_2412_2082.nii 140718309914432
write_file 1567620644.4010696 1567620647.1472883 inc-bigbrain_2307_2412_2082.nii 140718309914432
task_duration 1567620641.0142343 1567620647.1599967 tmpfs_1it_96cpus_0delay_npc-1 140718309914432
read_file 1567620641.0159004 1567620641.0185282 bigbrain_2307_2412_2776.nii 140445243795264
increment_file 1567620641.0190628 1567620643.233836 bigbrain_2307_2412_2776.nii 140445243795264
write_file 1567620643.2709203 1567620645.7116675 inc-bigbrain_2307_2412_2776.nii 140445243795264
task_duration 1567620641.014048 1567620645.7217455 tmpfs_1it_96cpus_0delay_npc-1 140445243795264
read_file 1567620641.009926 1567620641.0152636 bigbrain_1538_2412_0.nii 140159385036608
increment_file 1567620641.0159569 1567620644.4642513 bigbrain_1538_2412_0.nii 140159385036608
write_file 1567620644.5062406 1567620647.1652794 inc-bigbrain_1538_2412_0.nii 140159385036608
task_duration 1567620641.0062523 1567620647.1779351 tmpfs_1it_96cpus_0delay_npc-1 140159385036608
read_file 1567620641.0128138 1567620641.014909 bigbrain_1538_1809_2776.nii 139631948375872
increment_file 1567620641.0155246 1567620644.3822312 bigbrain_1538_1809_2776.nii 139631948375872
write_file 1567620644.4520583 1567620647.1816995 inc-bigbrain_1538_1809_2776.nii 139631948375872
task_duration 1567620641.0109222 1567620647.193596 tmpfs_1it_96cpus_0delay_npc-1 139631948375872
read_file 1567620641.0101604 1567620641.0140615 bigbrain_1538_2412_694.nii 140297790519104
increment_file 1567620641.0151432 1567620643.2074785 bigbrain_1538_2412_694.nii 140297790519104
write_file 1567620643.2565076 1567620645.6921198 inc-bigbrain_1538_2412_694.nii 140297790519104
task_duration 1567620641.006269 1567620645.7027388 tmpfs_1it_96cpus_0delay_npc-1 140297790519104
read_file 1567620641.0113282 1567620641.0138946 bigbrain_3076_0_0.nii 140017254704960
increment_file 1567620641.0148077 1567620643.1476076 bigbrain_3076_0_0.nii 140017254704960
write_file 1567620643.2062788 1567620645.71604 inc-bigbrain_3076_0_0.nii 140017254704960
task_duration 1567620641.0086129 1567620645.7258022 tmpfs_1it_96cpus_0delay_npc-1 140017254704960
read_file 1567620641.0064368 1567620641.0104222 bigbrain_2307_0_694.nii 140270496913216
increment_file 1567620641.011349 1567620643.2465672 bigbrain_2307_0_694.nii 140270496913216
write_file 1567620643.2833266 1567620645.7078383 inc-bigbrain_2307_0_694.nii 140270496913216
task_duration 1567620641.0030546 1567620645.7392087 tmpfs_1it_96cpus_0delay_npc-1 140270496913216
read_file 1567620641.0043855 1567620641.006959 bigbrain_1538_2412_2082.nii 140532920997696
increment_file 1567620641.0075796 1567620644.4061725 bigbrain_1538_2412_2082.nii 140532920997696
write_file 1567620644.4499688 1567620646.4977248 inc-bigbrain_1538_2412_2082.nii 140532920997696
task_duration 1567620641.0018585 1567620646.5106966 tmpfs_1it_96cpus_0delay_npc-1 140532920997696
read_file 1567620641.0034587 1567620641.0056832 bigbrain_3076_2412_694.nii 140171347687232
increment_file 1567620641.005994 1567620643.157798 bigbrain_3076_2412_694.nii 140171347687232
write_file 1567620643.211342 1567620645.6642287 inc-bigbrain_3076_2412_694.nii 140171347687232
task_duration 1567620641.0010448 1567620645.6728904 tmpfs_1it_96cpus_0delay_npc-1 140171347687232
read_file 1567620641.0025616 1567620641.0045116 bigbrain_1538_1809_2082.nii 139694399391552
increment_file 1567620641.00494 1567620643.1593497 bigbrain_1538_1809_2082.nii 139694399391552
write_file 1567620643.2148597 1567620645.660074 inc-bigbrain_1538_1809_2082.nii 139694399391552
task_duration 1567620641.000506 1567620645.6724825 tmpfs_1it_96cpus_0delay_npc-1 139694399391552
read_file 1567620641.001468 1567620641.004189 bigbrain_2307_1809_694.nii 140334382151488
increment_file 1567620641.004747 1567620643.2199981 bigbrain_2307_1809_694.nii 140334382151488
write_file 1567620643.2604432 1567620645.6758826 inc-bigbrain_2307_1809_694.nii 140334382151488
task_duration 1567620640.9981658 1567620645.7025597 tmpfs_1it_96cpus_0delay_npc-1 140334382151488
read_file 1567620641.0010145 1567620641.0030816 bigbrain_2307_1206_694.nii 140031036815168
increment_file 1567620641.0033898 1567620643.15329 bigbrain_2307_1206_694.nii 140031036815168
write_file 1567620643.1958566 1567620645.6385162 inc-bigbrain_2307_1206_694.nii 140031036815168
task_duration 1567620640.9989762 1567620645.6501548 tmpfs_1it_96cpus_0delay_npc-1 140031036815168
read_file 1567620641.0008407 1567620641.0022383 bigbrain_1538_603_1388.nii 139894719625024
increment_file 1567620641.0025954 1567620642.8362842 bigbrain_1538_603_1388.nii 139894719625024
write_file 1567620642.8858714 1567620645.300537 inc-bigbrain_1538_603_1388.nii 139894719625024
task_duration 1567620640.998651 1567620645.3157356 tmpfs_1it_96cpus_0delay_npc-1 139894719625024
read_file 1567620641.0003457 1567620641.0021954 bigbrain_2307_2412_694.nii 140697693329216
increment_file 1567620641.002598 1567620643.1560574 bigbrain_2307_2412_694.nii 140697693329216
write_file 1567620643.2043145 1567620645.6650198 inc-bigbrain_2307_2412_694.nii 140697693329216
task_duration 1567620640.996812 1567620645.6751308 tmpfs_1it_96cpus_0delay_npc-1 140697693329216
read_file 1567620640.9966948 1567620641.0005026 bigbrain_3076_1809_2082.nii 140667258701632
increment_file 1567620641.0013883 1567620644.4441385 bigbrain_3076_1809_2082.nii 140667258701632
write_file 1567620644.4793313 1567620647.2051861 inc-bigbrain_3076_1809_2082.nii 140667258701632
task_duration 1567620640.9914448 1567620647.215615 tmpfs_1it_96cpus_0delay_npc-1 140667258701632
read_file 1567620640.990336 1567620640.99184 bigbrain_1538_1809_1388.nii 140513795884864
increment_file 1567620640.9920743 1567620643.0590117 bigbrain_1538_1809_1388.nii 140513795884864
write_file 1567620643.105339 1567620645.5286088 inc-bigbrain_1538_1809_1388.nii 140513795884864
task_duration 1567620640.9887438 1567620645.5409608 tmpfs_1it_96cpus_0delay_npc-1 140513795884864
read_file 1567620640.987633 1567620640.9905186 bigbrain_1538_2412_2776.nii 140022751442752
increment_file 1567620640.9911847 1567620643.1978528 bigbrain_1538_2412_2776.nii 140022751442752
write_file 1567620643.2403502 1567620645.674805 inc-bigbrain_1538_2412_2776.nii 140022751442752
task_duration 1567620640.9841971 1567620645.7052517 tmpfs_1it_96cpus_0delay_npc-1 140022751442752
read_file 1567620640.9862053 1567620640.9888723 bigbrain_1538_2412_1388.nii 140360925976384
increment_file 1567620640.9892533 1567620643.1791537 bigbrain_1538_2412_1388.nii 140360925976384
write_file 1567620643.2342858 1567620645.5874724 inc-bigbrain_1538_2412_1388.nii 140360925976384
task_duration 1567620640.9831738 1567620645.599118 tmpfs_1it_96cpus_0delay_npc-1 140360925976384
read_file 1567620640.9859254 1567620640.9879363 bigbrain_3076_0_2776.nii 140510827579200
increment_file 1567620640.9883077 1567620643.162075 bigbrain_3076_0_2776.nii 140510827579200
write_file 1567620643.2099278 1567620645.6649227 inc-bigbrain_3076_0_2776.nii 140510827579200
task_duration 1567620640.9835892 1567620645.6745443 tmpfs_1it_96cpus_0delay_npc-1 140510827579200
read_file 1567620640.983674 1567620640.985959 bigbrain_3076_0_694.nii 139897743775552
increment_file 1567620640.9863493 1567620643.1111033 bigbrain_3076_0_694.nii 139897743775552
write_file 1567620643.1638799 1567620645.6293585 inc-bigbrain_3076_0_694.nii 139897743775552
task_duration 1567620640.981414 1567620645.6420333 tmpfs_1it_96cpus_0delay_npc-1 139897743775552
read_file 1567620640.982114 1567620640.9847667 bigbrain_3076_2412_2776.nii 139770490337088
increment_file 1567620640.9852037 1567620643.2094512 bigbrain_3076_2412_2776.nii 139770490337088
write_file 1567620643.2507472 1567620645.6768463 inc-bigbrain_3076_2412_2776.nii 139770490337088
task_duration 1567620640.9786005 1567620645.7051802 tmpfs_1it_96cpus_0delay_npc-1 139770490337088
read_file 1567620640.9813225 1567620640.98351 bigbrain_2307_603_694.nii 139829397931840
increment_file 1567620640.9840267 1567620644.4091268 bigbrain_2307_603_694.nii 139829397931840
write_file 1567620644.44838 1567620647.2170947 inc-bigbrain_2307_603_694.nii 139829397931840
task_duration 1567620640.9793234 1567620647.2259765 tmpfs_1it_96cpus_0delay_npc-1 139829397931840
read_file 1567620640.981335 1567620640.9831638 bigbrain_1538_1206_694.nii 140654868436800
increment_file 1567620640.9834373 1567620643.1547742 bigbrain_1538_1206_694.nii 140654868436800
write_file 1567620643.198952 1567620645.620872 inc-bigbrain_1538_1206_694.nii 140654868436800
task_duration 1567620640.9780498 1567620645.6324399 tmpfs_1it_96cpus_0delay_npc-1 140654868436800
read_file 1567620640.9807315 1567620640.9824393 bigbrain_769_0_2776.nii 139957831329600
increment_file 1567620640.982857 1567620643.1151338 bigbrain_769_0_2776.nii 139957831329600
write_file 1567620643.1674488 1567620645.6299176 inc-bigbrain_769_0_2776.nii 139957831329600
task_duration 1567620640.978317 1567620645.64214 tmpfs_1it_96cpus_0delay_npc-1 139957831329600
read_file 1567620640.9798803 1567620640.9823017 bigbrain_3076_0_1388.nii 139952224634688
increment_file 1567620640.9828978 1567620644.4342165 bigbrain_3076_0_1388.nii 139952224634688
write_file 1567620644.4690952 1567620647.1328452 inc-bigbrain_3076_0_1388.nii 139952224634688
task_duration 1567620640.9774356 1567620647.1467721 tmpfs_1it_96cpus_0delay_npc-1 139952224634688
read_file 1567620640.9758809 1567620640.9790037 bigbrain_2307_0_0.nii 139970316822336
increment_file 1567620640.9796362 1567620643.189093 bigbrain_2307_0_0.nii 139970316822336
write_file 1567620643.2386346 1567620645.7011573 inc-bigbrain_2307_0_0.nii 139970316822336
task_duration 1567620640.972576 1567620645.73601 tmpfs_1it_96cpus_0delay_npc-1 139970316822336
read_file 1567620640.9718018 1567620640.973508 bigbrain_2307_603_1388.nii 140649970779968
increment_file 1567620640.9738512 1567620643.1062007 bigbrain_2307_603_1388.nii 140649970779968
write_file 1567620643.1547573 1567620645.6053941 inc-bigbrain_2307_603_1388.nii 140649970779968
task_duration 1567620640.9699452 1567620645.6180944 tmpfs_1it_96cpus_0delay_npc-1 140649970779968
read_file 1567620640.9699113 1567620640.9716172 bigbrain_1538_603_694.nii 139936672491328
increment_file 1567620640.9719956 1567620644.3770583 bigbrain_1538_603_694.nii 139936672491328
write_file 1567620644.4200566 1567620647.079969 inc-bigbrain_1538_603_694.nii 139936672491328
task_duration 1567620640.9674044 1567620647.0933359 tmpfs_1it_96cpus_0delay_npc-1 139936672491328
read_file 1567620640.9691253 1567620640.9705162 bigbrain_1538_1809_0.nii 140265151448896
increment_file 1567620640.9708893 1567620643.1472335 bigbrain_1538_1809_0.nii 140265151448896
write_file 1567620643.1976068 1567620645.647872 inc-bigbrain_1538_1809_0.nii 140265151448896
task_duration 1567620640.9656742 1567620645.6592987 tmpfs_1it_96cpus_0delay_npc-1 140265151448896
read_file 1567620640.962985 1567620640.9647877 bigbrain_1538_1206_1388.nii 140707615217472
increment_file 1567620640.965148 1567620643.0906353 bigbrain_1538_1206_1388.nii 140707615217472
write_file 1567620643.2714314 1567620645.6996007 inc-bigbrain_1538_1206_1388.nii 140707615217472
task_duration 1567620640.9608073 1567620645.708878 tmpfs_1it_96cpus_0delay_npc-1 140707615217472
read_file 1567620640.960668 1567620640.9622815 bigbrain_3076_2412_0.nii 140064947386176
increment_file 1567620640.9625294 1567620643.388464 bigbrain_3076_2412_0.nii 140064947386176
write_file 1567620643.4305398 1567620645.8379126 inc-bigbrain_3076_2412_0.nii 140064947386176
task_duration 1567620640.958785 1567620645.8430135 tmpfs_1it_96cpus_0delay_npc-1 140064947386176
read_file 1567620640.9595501 1567620640.961173 bigbrain_1538_603_2082.nii 140548740351808
increment_file 1567620640.9615376 1567620644.292761 bigbrain_1538_603_2082.nii 140548740351808
write_file 1567620644.3349948 1567620647.1041737 inc-bigbrain_1538_603_2082.nii 140548740351808
task_duration 1567620640.9566503 1567620647.1169255 tmpfs_1it_96cpus_0delay_npc-1 140548740351808
read_file 1567620640.9596553 1567620640.9611666 bigbrain_2307_1809_1388.nii 140423275083584
increment_file 1567620640.96147 1567620644.2881324 bigbrain_2307_1809_1388.nii 140423275083584
write_file 1567620644.3331404 1567620647.0900006 inc-bigbrain_2307_1809_1388.nii 140423275083584
task_duration 1567620640.9572437 1567620647.100303 tmpfs_1it_96cpus_0delay_npc-1 140423275083584
read_file 1567620640.950926 1567620640.9527042 bigbrain_1538_603_0.nii 140693551580992
increment_file 1567620640.9530475 1567620643.3016906 bigbrain_1538_603_0.nii 140693551580992
write_file 1567620643.3380098 1567620645.85586 inc-bigbrain_1538_603_0.nii 140693551580992
task_duration 1567620640.9489625 1567620645.8937526 tmpfs_1it_96cpus_0delay_npc-1 140693551580992
read_file 1567620640.9491577 1567620640.9504995 bigbrain_2307_0_2776.nii 140474259482432
increment_file 1567620640.9507966 1567620643.008427 bigbrain_2307_0_2776.nii 140474259482432
write_file 1567620643.0597723 1567620645.5103006 inc-bigbrain_2307_0_2776.nii 140474259482432
task_duration 1567620640.9460664 1567620645.5224493 tmpfs_1it_96cpus_0delay_npc-1 140474259482432
read_file 1567620640.9421437 1567620640.943818 bigbrain_2307_1809_2776.nii 140416099268416
increment_file 1567620640.9441166 1567620642.8010204 bigbrain_2307_1809_2776.nii 140416099268416
write_file 1567620642.8582668 1567620645.2800694 inc-bigbrain_2307_1809_2776.nii 140416099268416
task_duration 1567620640.9400039 1567620645.2956774 tmpfs_1it_96cpus_0delay_npc-1 140416099268416
read_file 1567620640.9411778 1567620640.943079 bigbrain_3076_603_2776.nii 140647320291136
increment_file 1567620640.9433606 1567620644.280993 bigbrain_3076_603_2776.nii 140647320291136
write_file 1567620644.323452 1567620647.0587583 inc-bigbrain_3076_603_2776.nii 140647320291136
task_duration 1567620640.939038 1567620647.0738797 tmpfs_1it_96cpus_0delay_npc-1 140647320291136
read_file 1567620640.9389822 1567620640.9404151 bigbrain_2307_1206_2776.nii 139625259722560
increment_file 1567620640.9407296 1567620644.2643173 bigbrain_2307_1206_2776.nii 139625259722560
write_file 1567620644.310491 1567620647.0295362 inc-bigbrain_2307_1206_2776.nii 139625259722560
task_duration 1567620640.936857 1567620647.042016 tmpfs_1it_96cpus_0delay_npc-1 139625259722560
read_file 1567620640.9371793 1567620640.9391062 bigbrain_2307_603_2082.nii 139735759390528
increment_file 1567620640.9393125 1567620642.9021077 bigbrain_2307_603_2082.nii 139735759390528
write_file 1567620642.9592187 1567620645.4238617 inc-bigbrain_2307_603_2082.nii 139735759390528
task_duration 1567620640.9339356 1567620645.4391384 tmpfs_1it_96cpus_0delay_npc-1 139735759390528
read_file 1567620640.9362898 1567620640.9386332 bigbrain_1538_1206_2082.nii 139957079353152
increment_file 1567620640.9388962 1567620642.9248092 bigbrain_1538_1206_2082.nii 139957079353152
write_file 1567620642.9777377 1567620645.4310746 inc-bigbrain_1538_1206_2082.nii 139957079353152
task_duration 1567620640.933083 1567620645.4455063 tmpfs_1it_96cpus_0delay_npc-1 139957079353152
read_file 1567620640.9320211 1567620640.9336548 bigbrain_1538_1206_0.nii 139755284715328
increment_file 1567620640.9339488 1567620643.0206954 bigbrain_1538_1206_0.nii 139755284715328
write_file 1567620643.0813532 1567620645.5579004 inc-bigbrain_1538_1206_0.nii 139755284715328
task_duration 1567620640.9299085 1567620645.570864 tmpfs_1it_96cpus_0delay_npc-1 139755284715328
read_file 1567620640.9300423 1567620640.931493 bigbrain_2307_0_2082.nii 140146440521536
increment_file 1567620640.9317744 1567620642.9752884 bigbrain_2307_0_2082.nii 140146440521536
write_file 1567620643.032307 1567620645.495493 inc-bigbrain_2307_0_2082.nii 140146440521536
task_duration 1567620640.9280682 1567620645.5088449 tmpfs_1it_96cpus_0delay_npc-1 140146440521536
read_file 1567620640.9235241 1567620640.9254699 bigbrain_2307_1206_1388.nii 140228354070336
increment_file 1567620640.9257808 1567620642.9367409 bigbrain_2307_1206_1388.nii 140228354070336
write_file 1567620643.0013158 1567620645.4406695 inc-bigbrain_2307_1206_1388.nii 140228354070336
task_duration 1567620640.920893 1567620645.4545174 tmpfs_1it_96cpus_0delay_npc-1 140228354070336
read_file 1567620640.9186144 1567620640.9198716 bigbrain_1538_0_694.nii 139861457930048
increment_file 1567620640.9200838 1567620642.8537705 bigbrain_1538_0_694.nii 139861457930048
write_file 1567620642.909858 1567620645.3969522 inc-bigbrain_1538_0_694.nii 139861457930048
task_duration 1567620640.9153664 1567620645.4131036 tmpfs_1it_96cpus_0delay_npc-1 139861457930048
read_file 1567620640.9106967 1567620640.9123642 bigbrain_1538_1809_694.nii 139640753329984
increment_file 1567620640.912594 1567620644.1020966 bigbrain_1538_1809_694.nii 139640753329984
write_file 1567620644.1463695 1567620646.9239352 inc-bigbrain_1538_1809_694.nii 139640753329984
task_duration 1567620640.908589 1567620646.93975 tmpfs_1it_96cpus_0delay_npc-1 139640753329984
read_file 1567620640.910627 1567620640.9120574 bigbrain_1538_0_2776.nii 140670299096896
increment_file 1567620640.912304 1567620642.7771816 bigbrain_1538_0_2776.nii 140670299096896
write_file 1567620642.8313336 1567620645.2862856 inc-bigbrain_1538_0_2776.nii 140670299096896
task_duration 1567620640.9087362 1567620645.3016112 tmpfs_1it_96cpus_0delay_npc-1 140670299096896
read_file 1567620640.9100714 1567620640.9115646 bigbrain_2307_0_1388.nii 140582723270464
increment_file 1567620640.9117825 1567620644.1138248 bigbrain_2307_0_1388.nii 140582723270464
write_file 1567620644.158025 1567620646.9944065 inc-bigbrain_2307_0_1388.nii 140582723270464
task_duration 1567620640.9081497 1567620647.0093713 tmpfs_1it_96cpus_0delay_npc-1 140582723270464
read_file 1567620640.9094446 1567620640.9108672 bigbrain_2307_1206_2082.nii 140166555649856
increment_file 1567620640.9111063 1567620644.1255004 bigbrain_2307_1206_2082.nii 140166555649856
write_file 1567620644.1755888 1567620646.9775698 inc-bigbrain_2307_1206_2082.nii 140166555649856
task_duration 1567620640.9075484 1567620646.9933405 tmpfs_1it_96cpus_0delay_npc-1 140166555649856
read_file 1567620640.9092708 1567620640.9106467 bigbrain_2307_1206_0.nii 139698570528576
increment_file 1567620640.910933 1567620644.1099403 bigbrain_2307_1206_0.nii 139698570528576
write_file 1567620644.150421 1567620646.982071 inc-bigbrain_2307_1206_0.nii 139698570528576
task_duration 1567620640.907502 1567620646.9981184 tmpfs_1it_96cpus_0delay_npc-1 139698570528576
read_file 1567620640.868857 1567620640.8703465 bigbrain_1538_1206_2776.nii 139799656884032
increment_file 1567620640.8705847 1567620643.8669393 bigbrain_1538_1206_2776.nii 139799656884032
write_file 1567620643.9040487 1567620646.7259324 inc-bigbrain_1538_1206_2776.nii 139799656884032
task_duration 1567620640.8671265 1567620646.744894 tmpfs_1it_96cpus_0delay_npc-1 139799656884032
read_file 1567620640.851125 1567620640.8525965 bigbrain_2307_603_0.nii 140307581773632
increment_file 1567620640.8528526 1567620643.864399 bigbrain_2307_603_0.nii 140307581773632
write_file 1567620643.899298 1567620646.8203003 inc-bigbrain_2307_603_0.nii 140307581773632
task_duration 1567620640.8462088 1567620646.837096 tmpfs_1it_96cpus_0delay_npc-1 140307581773632
