read_file 1567703495.9701464 1567703495.971901 bigbrain_769_603_2776.nii 140596221667136
increment_file 1567703495.9721248 1567703496.392905 bigbrain_769_603_2776.nii 140596221667136
write_file 1567703496.4033935 1567703496.895739 inc-bigbrain_769_603_2776.nii 140596221667136
task_duration 1567703615.9679735 1567703736.9751093 1567702688-tmpfsAD_1it_25cpus_120delay_withpc-1 140596221667136
read_file 1567703495.969148 1567703495.9708638 bigbrain_769_603_2082.nii 140526159296320
increment_file 1567703495.971082 1567703496.3961284 bigbrain_769_603_2082.nii 140526159296320
write_file 1567703496.4144065 1567703496.9267755 inc-bigbrain_769_603_2082.nii 140526159296320
task_duration 1567703615.9670405 1567703736.9383113 1567702688-tmpfsAD_1it_25cpus_120delay_withpc-1 140526159296320
read_file 1567703495.9673486 1567703495.968875 bigbrain_769_603_694.nii 140289778378560
increment_file 1567703495.9690728 1567703496.391297 bigbrain_769_603_694.nii 140289778378560
write_file 1567703496.4016604 1567703496.881472 inc-bigbrain_769_603_694.nii 140289778378560
task_duration 1567703615.9653795 1567703736.996189 1567702688-tmpfsAD_1it_25cpus_120delay_withpc-1 140289778378560
read_file 1567703495.9653516 1567703495.9675345 bigbrain_769_2412_0.nii 139767289980736
increment_file 1567703495.9678242 1567703496.381471 bigbrain_769_2412_0.nii 139767289980736
write_file 1567703496.3921163 1567703496.8532434 inc-bigbrain_769_2412_0.nii 139767289980736
task_duration 1567703615.9624853 1567703736.9665082 1567702688-tmpfsAD_1it_25cpus_120delay_withpc-1 139767289980736
read_file 1567703495.956056 1567703495.9573584 bigbrain_769_2412_1388.nii 139821764212544
increment_file 1567703495.9575253 1567703496.37906 bigbrain_769_2412_1388.nii 139821764212544
write_file 1567703496.38944 1567703496.8880594 inc-bigbrain_769_2412_1388.nii 139821764212544
task_duration 1567703615.953716 1567703736.9968007 1567702688-tmpfsAD_1it_25cpus_120delay_withpc-1 139821764212544
read_file 1567703495.9508462 1567703495.9527674 bigbrain_769_603_1388.nii 140070373308224
increment_file 1567703495.953001 1567703496.374171 bigbrain_769_603_1388.nii 140070373308224
write_file 1567703496.384528 1567703496.8836737 inc-bigbrain_769_603_1388.nii 140070373308224
task_duration 1567703615.9483774 1567703736.987927 1567702688-tmpfsAD_1it_25cpus_120delay_withpc-1 140070373308224
read_file 1567703495.9499385 1567703495.9513712 bigbrain_769_2412_2082.nii 140179928651584
increment_file 1567703495.9515395 1567703496.3679163 bigbrain_769_2412_2082.nii 140179928651584
write_file 1567703496.3783422 1567703496.857639 inc-bigbrain_769_2412_2082.nii 140179928651584
task_duration 1567703615.9480364 1567703736.9699357 1567702688-tmpfsAD_1it_25cpus_120delay_withpc-1 140179928651584
read_file 1567703495.9499373 1567703495.95135 bigbrain_769_603_0.nii 139744896657216
increment_file 1567703495.9515376 1567703496.366071 bigbrain_769_603_0.nii 139744896657216
write_file 1567703496.3766196 1567703496.837342 inc-bigbrain_769_603_0.nii 139744896657216
task_duration 1567703615.9480622 1567703736.9508517 1567702688-tmpfsAD_1it_25cpus_120delay_withpc-1 139744896657216
read_file 1567703495.9461977 1567703495.947467 bigbrain_769_2412_694.nii 140150247958336
increment_file 1567703495.9476433 1567703496.3679686 bigbrain_769_2412_694.nii 140150247958336
write_file 1567703496.3783746 1567703496.8713167 inc-bigbrain_769_2412_694.nii 140150247958336
task_duration 1567703615.9441042 1567703736.9771242 1567702688-tmpfsAD_1it_25cpus_120delay_withpc-1 140150247958336
read_file 1567703495.9398913 1567703495.9416773 bigbrain_769_1809_2776.nii 140212088551232
increment_file 1567703495.9418921 1567703496.3627107 bigbrain_769_1809_2776.nii 140212088551232
write_file 1567703496.3731074 1567703496.8724306 inc-bigbrain_769_1809_2776.nii 140212088551232
task_duration 1567703615.9375694 1567703736.9871836 1567702688-tmpfsAD_1it_25cpus_120delay_withpc-1 140212088551232
read_file 1567703495.9318469 1567703495.9340506 bigbrain_769_2412_2776.nii 139752706733888
increment_file 1567703495.9343088 1567703496.3543386 bigbrain_769_2412_2776.nii 139752706733888
write_file 1567703496.3645868 1567703496.8607335 inc-bigbrain_769_2412_2776.nii 139752706733888
task_duration 1567703615.9288175 1567703736.9750493 1567702688-tmpfsAD_1it_25cpus_120delay_withpc-1 139752706733888
read_file 1567703495.9174254 1567703495.9191566 bigbrain_769_1809_694.nii 139964147988288
increment_file 1567703495.9193227 1567703496.3304672 bigbrain_769_1809_694.nii 139964147988288
write_file 1567703496.3410761 1567703496.8150377 inc-bigbrain_769_1809_694.nii 139964147988288
task_duration 1567703615.9141016 1567703736.92948 1567702688-tmpfsAD_1it_25cpus_120delay_withpc-1 139964147988288
read_file 1567703495.8990943 1567703495.9009264 bigbrain_769_1809_2082.nii 140636837644096
increment_file 1567703495.901136 1567703496.3163638 bigbrain_769_1809_2082.nii 140636837644096
write_file 1567703496.3265688 1567703496.8264558 inc-bigbrain_769_1809_2082.nii 140636837644096
task_duration 1567703615.896564 1567703736.935224 1567702688-tmpfsAD_1it_25cpus_120delay_withpc-1 140636837644096
read_file 1567703495.8742805 1567703495.8754709 bigbrain_769_1809_1388.nii 140697856124736
increment_file 1567703495.8756206 1567703496.2853107 bigbrain_769_1809_1388.nii 140697856124736
write_file 1567703496.2954402 1567703496.802059 inc-bigbrain_769_1809_1388.nii 140697856124736
task_duration 1567703615.8717365 1567703736.9155817 1567702688-tmpfsAD_1it_25cpus_120delay_withpc-1 140697856124736
read_file 1567703495.854972 1567703495.8562522 bigbrain_769_1809_0.nii 140668511516480
increment_file 1567703495.8564017 1567703496.262922 bigbrain_769_1809_0.nii 140668511516480
write_file 1567703496.2730792 1567703496.758331 inc-bigbrain_769_1809_0.nii 140668511516480
task_duration 1567703615.8530786 1567703736.872465 1567702688-tmpfsAD_1it_25cpus_120delay_withpc-1 140668511516480
read_file 1567703495.8169308 1567703495.8181448 bigbrain_769_1206_694.nii 139658504156992
increment_file 1567703495.8182907 1567703496.223223 bigbrain_769_1206_694.nii 139658504156992
write_file 1567703496.2334282 1567703496.7074203 inc-bigbrain_769_1206_694.nii 139658504156992
task_duration 1567703615.814063 1567703736.8215034 1567702688-tmpfsAD_1it_25cpus_120delay_withpc-1 139658504156992
read_file 1567703495.6694877 1567703495.6714146 bigbrain_769_1206_2776.nii 140355873531712
increment_file 1567703495.6716585 1567703496.0743747 bigbrain_769_1206_2776.nii 140355873531712
write_file 1567703496.0850909 1567703496.5462897 inc-bigbrain_769_1206_2776.nii 140355873531712
task_duration 1567703615.6670198 1567703736.6552951 1567702688-tmpfsAD_1it_25cpus_120delay_withpc-1 140355873531712
read_file 1567703494.0573425 1567703494.0592916 bigbrain_769_1206_2082.nii 139750285162304
increment_file 1567703494.05951 1567703494.4157736 bigbrain_769_1206_2082.nii 139750285162304
write_file 1567703494.425157 1567703494.8616784 inc-bigbrain_769_1206_2082.nii 139750285162304
task_duration 1567703614.054533 1567703734.9711916 1567702688-tmpfsAD_1it_25cpus_120delay_withpc-1 139750285162304
read_file 1567703493.7415857 1567703493.7433136 bigbrain_769_1206_1388.nii 140197161391936
increment_file 1567703493.7434669 1567703494.1318872 bigbrain_769_1206_1388.nii 140197161391936
write_file 1567703494.14141 1567703494.583745 inc-bigbrain_769_1206_1388.nii 140197161391936
task_duration 1567703613.738368 1567703734.6917975 1567702688-tmpfsAD_1it_25cpus_120delay_withpc-1 140197161391936
read_file 1567703491.9534197 1567703491.954954 bigbrain_769_1206_0.nii 140424820827968
increment_file 1567703491.9551227 1567703492.444582 bigbrain_769_1206_0.nii 140424820827968
write_file 1567703492.454141 1567703492.8769073 inc-bigbrain_769_1206_0.nii 140424820827968
task_duration 1567703611.9514058 1567703732.975429 1567702688-tmpfsAD_1it_25cpus_120delay_withpc-1 140424820827968
read_file 1567703490.4160857 1567703490.417312 bigbrain_769_0_2776.nii 140266291500864
increment_file 1567703490.4174454 1567703490.8014932 bigbrain_769_0_2776.nii 140266291500864
write_file 1567703490.8112273 1567703491.2441268 inc-bigbrain_769_0_2776.nii 140266291500864
task_duration 1567703610.414466 1567703731.3547726 1567702688-tmpfsAD_1it_25cpus_120delay_withpc-1 140266291500864
read_file 1567703490.415822 1567703490.4169986 bigbrain_769_0_694.nii 140249923774272
increment_file 1567703490.4171443 1567703490.7799263 bigbrain_769_0_694.nii 140249923774272
write_file 1567703490.789917 1567703491.230789 inc-bigbrain_769_0_694.nii 140249923774272
task_duration 1567703610.4139209 1567703731.3407824 1567702688-tmpfsAD_1it_25cpus_120delay_withpc-1 140249923774272
read_file 1567703369.9513235 1567703369.9526763 bigbrain_769_0_2082.nii 140144027019072
increment_file 1567703369.952897 1567703370.4033494 bigbrain_769_0_2082.nii 140144027019072
write_file 1567703370.414412 1567703370.8908355 inc-bigbrain_769_0_2082.nii 140144027019072
task_duration 1567703489.9499717 1567703610.9953146 1567702688-tmpfsAD_1it_25cpus_120delay_withpc-1 140144027019072
read_file 1567703369.8937058 1567703369.8951552 bigbrain_769_0_1388.nii 140138739455808
increment_file 1567703369.8953502 1567703370.340475 bigbrain_769_0_1388.nii 140138739455808
write_file 1567703370.3508606 1567703370.822018 inc-bigbrain_769_0_1388.nii 140138739455808
task_duration 1567703489.8919044 1567703610.9257545 1567702688-tmpfsAD_1it_25cpus_120delay_withpc-1 140138739455808
read_file 1567703369.8928113 1567703369.8941622 bigbrain_769_0_0.nii 140660406052672
increment_file 1567703369.8943408 1567703370.339035 bigbrain_769_0_0.nii 140660406052672
write_file 1567703370.3493383 1567703370.819098 inc-bigbrain_769_0_0.nii 140660406052672
task_duration 1567703489.8910818 1567703610.9236286 1567702688-tmpfsAD_1it_25cpus_120delay_withpc-1 140660406052672
read_file 1567703369.8916059 1567703369.8930697 bigbrain_3076_603_2082.nii 139759660652352
increment_file 1567703369.893239 1567703370.348783 bigbrain_3076_603_2082.nii 139759660652352
write_file 1567703370.3594882 1567703370.8587866 inc-bigbrain_3076_603_2082.nii 139759660652352
task_duration 1567703489.889787 1567703610.9630857 1567702688-tmpfsAD_1it_25cpus_120delay_withpc-1 139759660652352
read_file 1567703369.89115 1567703369.8925052 bigbrain_3076_603_1388.nii 140044810929984
increment_file 1567703369.8926868 1567703370.3370214 bigbrain_3076_603_1388.nii 140044810929984
write_file 1567703370.3475142 1567703370.8380141 inc-bigbrain_3076_603_1388.nii 140044810929984
task_duration 1567703489.88776 1567703610.9414039 1567702688-tmpfsAD_1it_25cpus_120delay_withpc-1 140044810929984
read_file 1567703369.890363 1567703369.8919573 bigbrain_3076_603_2776.nii 140715409520448
increment_file 1567703369.8921697 1567703370.3511481 bigbrain_3076_603_2776.nii 140715409520448
write_file 1567703370.3619354 1567703370.858476 inc-bigbrain_3076_603_2776.nii 140715409520448
task_duration 1567703489.8884318 1567703610.9629455 1567702688-tmpfsAD_1it_25cpus_120delay_withpc-1 140715409520448
read_file 1567703369.885514 1567703369.8874223 bigbrain_3076_2412_694.nii 140121664943936
increment_file 1567703369.8876698 1567703370.3330164 bigbrain_3076_2412_694.nii 140121664943936
write_file 1567703370.3435676 1567703370.8326242 inc-bigbrain_3076_2412_694.nii 140121664943936
task_duration 1567703489.8830454 1567703610.9280074 1567702688-tmpfsAD_1it_25cpus_120delay_withpc-1 140121664943936
read_file 1567703369.8794823 1567703369.8813584 bigbrain_3076_603_0.nii 139785137694528
increment_file 1567703369.8815284 1567703370.3256404 bigbrain_3076_603_0.nii 139785137694528
write_file 1567703370.3362844 1567703370.8082392 inc-bigbrain_3076_603_0.nii 139785137694528
task_duration 1567703489.8760798 1567703610.912387 1567702688-tmpfsAD_1it_25cpus_120delay_withpc-1 139785137694528
read_file 1567703369.8794 1567703369.8807166 bigbrain_3076_1809_694.nii 140667617675072
increment_file 1567703369.8808753 1567703370.3324423 bigbrain_3076_1809_694.nii 140667617675072
write_file 1567703370.3429327 1567703370.8408704 inc-bigbrain_3076_1809_694.nii 140667617675072
task_duration 1567703489.8768907 1567703610.8483756 1567702688-tmpfsAD_1it_25cpus_120delay_withpc-1 140667617675072
read_file 1567703369.8737016 1567703369.875652 bigbrain_3076_603_694.nii 139997738559296
increment_file 1567703369.8758967 1567703370.3364954 bigbrain_3076_603_694.nii 139997738559296
write_file 1567703370.3470309 1567703370.850022 inc-bigbrain_3076_603_694.nii 139997738559296
task_duration 1567703489.8711102 1567703610.9534056 1567702688-tmpfsAD_1it_25cpus_120delay_withpc-1 139997738559296
read_file 1567703369.870441 1567703369.8717606 bigbrain_3076_2412_2776.nii 140031791314752
increment_file 1567703369.871911 1567703370.3159072 bigbrain_3076_2412_2776.nii 140031791314752
write_file 1567703370.3264432 1567703370.8193884 inc-bigbrain_3076_2412_2776.nii 140031791314752
task_duration 1567703489.8678489 1567703610.9242125 1567702688-tmpfsAD_1it_25cpus_120delay_withpc-1 140031791314752
read_file 1567703369.8688536 1567703369.8700802 bigbrain_3076_2412_2082.nii 140181244294976
increment_file 1567703369.8702438 1567703370.3196855 bigbrain_3076_2412_2082.nii 140181244294976
write_file 1567703370.3301415 1567703370.8288414 inc-bigbrain_3076_2412_2082.nii 140181244294976
task_duration 1567703489.8656502 1567703610.8403652 1567702688-tmpfsAD_1it_25cpus_120delay_withpc-1 140181244294976
read_file 1567703369.8586745 1567703369.8610582 bigbrain_3076_1809_2776.nii 140572099782464
increment_file 1567703369.8612206 1567703370.304119 bigbrain_3076_1809_2776.nii 140572099782464
write_file 1567703370.3148618 1567703370.8105795 inc-bigbrain_3076_1809_2776.nii 140572099782464
task_duration 1567703489.8553326 1567703610.9146938 1567702688-tmpfsAD_1it_25cpus_120delay_withpc-1 140572099782464
read_file 1567703369.84879 1567703369.8500054 bigbrain_3076_1809_0.nii 140418670647104
increment_file 1567703369.8501515 1567703370.3076804 bigbrain_3076_1809_0.nii 140418670647104
write_file 1567703370.318118 1567703370.804733 inc-bigbrain_3076_1809_0.nii 140418670647104
task_duration 1567703489.8468108 1567703610.9078908 1567702688-tmpfsAD_1it_25cpus_120delay_withpc-1 140418670647104
read_file 1567703369.846274 1567703369.8480952 bigbrain_3076_1206_694.nii 140609860994880
increment_file 1567703369.8482387 1567703370.304297 bigbrain_3076_1206_694.nii 140609860994880
write_file 1567703370.3147705 1567703370.8149307 inc-bigbrain_3076_1206_694.nii 140609860994880
task_duration 1567703489.843046 1567703610.9183738 1567702688-tmpfsAD_1it_25cpus_120delay_withpc-1 140609860994880
read_file 1567703369.8429942 1567703369.8449419 bigbrain_3076_2412_0.nii 139905701836608
increment_file 1567703369.8451633 1567703370.2967834 bigbrain_3076_2412_0.nii 139905701836608
write_file 1567703370.307527 1567703370.7907453 inc-bigbrain_3076_2412_0.nii 139905701836608
task_duration 1567703489.8404508 1567703610.7986553 1567702688-tmpfsAD_1it_25cpus_120delay_withpc-1 139905701836608
read_file 1567703369.8228388 1567703369.8243577 bigbrain_3076_1809_1388.nii 140579027085120
increment_file 1567703369.824534 1567703370.259321 bigbrain_3076_1809_1388.nii 140579027085120
write_file 1567703370.2699735 1567703370.7683158 inc-bigbrain_3076_1809_1388.nii 140579027085120
task_duration 1567703489.820901 1567703610.8719637 1567702688-tmpfsAD_1it_25cpus_120delay_withpc-1 140579027085120
read_file 1567703369.8204358 1567703369.8219082 bigbrain_3076_1809_2082.nii 139742974580544
increment_file 1567703369.822065 1567703370.2699723 bigbrain_3076_1809_2082.nii 139742974580544
write_file 1567703370.2805822 1567703370.7805386 inc-bigbrain_3076_1809_2082.nii 139742974580544
task_duration 1567703489.8184195 1567703610.883855 1567702688-tmpfsAD_1it_25cpus_120delay_withpc-1 139742974580544
read_file 1567703369.816563 1567703369.8181949 bigbrain_3076_2412_1388.nii 140234061989696
increment_file 1567703369.8183258 1567703370.2676442 bigbrain_3076_2412_1388.nii 140234061989696
write_file 1567703370.2784657 1567703370.780533 inc-bigbrain_3076_2412_1388.nii 140234061989696
task_duration 1567703489.813364 1567703610.883886 1567702688-tmpfsAD_1it_25cpus_120delay_withpc-1 140234061989696
read_file 1567703369.80318 1567703369.8046944 bigbrain_3076_1206_2776.nii 140609032042304
increment_file 1567703369.8048587 1567703370.2344534 bigbrain_3076_1206_2776.nii 140609032042304
write_file 1567703370.2449088 1567703370.7442367 inc-bigbrain_3076_1206_2776.nii 140609032042304
task_duration 1567703489.801202 1567703610.847549 1567702688-tmpfsAD_1it_25cpus_120delay_withpc-1 140609032042304
read_file 1567703369.4297886 1567703369.4313884 bigbrain_3076_1206_2082.nii 139791953827648
increment_file 1567703369.4315767 1567703369.7755656 bigbrain_3076_1206_2082.nii 139791953827648
write_file 1567703369.7848704 1567703370.3316066 inc-bigbrain_3076_1206_2082.nii 139791953827648
task_duration 1567703489.4276032 1567703610.4387298 1567702688-tmpfsAD_1it_25cpus_120delay_withpc-1 139791953827648
read_file 1567703369.417159 1567703369.4189215 bigbrain_3076_1206_1388.nii 140347947394880
increment_file 1567703369.4191234 1567703369.7950594 bigbrain_3076_1206_1388.nii 140347947394880
write_file 1567703369.8047993 1567703370.2743568 inc-bigbrain_3076_1206_1388.nii 140347947394880
task_duration 1567703489.4147809 1567703610.382171 1567702688-tmpfsAD_1it_25cpus_120delay_withpc-1 140347947394880
read_file 1567703369.1929348 1567703369.1944122 bigbrain_3076_1206_0.nii 140508293519168
increment_file 1567703369.194556 1567703369.5419147 bigbrain_3076_1206_0.nii 140508293519168
write_file 1567703369.5513208 1567703370.0182264 inc-bigbrain_3076_1206_0.nii 140508293519168
task_duration 1567703489.1897078 1567703610.1292057 1567702688-tmpfsAD_1it_25cpus_120delay_withpc-1 140508293519168
read_file 1567703368.5742307 1567703368.5755298 bigbrain_3076_0_2776.nii 139899350079296
increment_file 1567703368.5756893 1567703368.9563012 bigbrain_3076_0_2776.nii 139899350079296
write_file 1567703368.9658384 1567703369.3854737 inc-bigbrain_3076_0_2776.nii 139899350079296
task_duration 1567703488.5721648 1567703609.491389 1567702688-tmpfsAD_1it_25cpus_120delay_withpc-1 139899350079296
read_file 1567703368.5680456 1567703368.5692785 bigbrain_3076_0_694.nii 140619242043200
increment_file 1567703368.5694363 1567703368.9223852 bigbrain_3076_0_694.nii 140619242043200
write_file 1567703368.9316227 1567703369.3602977 inc-bigbrain_3076_0_694.nii 140619242043200
task_duration 1567703488.5661619 1567703609.466452 1567702688-tmpfsAD_1it_25cpus_120delay_withpc-1 140619242043200
read_file 1567703242.2285066 1567703242.2300644 bigbrain_3076_0_2082.nii 140218406082368
increment_file 1567703242.23028 1567703242.6958146 bigbrain_3076_0_2082.nii 140218406082368
write_file 1567703242.7075934 1567703243.1826138 inc-bigbrain_3076_0_2082.nii 140218406082368
task_duration 1567703362.227012 1567703483.290976 1567702688-tmpfsAD_1it_25cpus_120delay_withpc-1 140218406082368
read_file 1567703242.1668475 1567703242.1683843 bigbrain_3076_0_1388.nii 139710709892928
increment_file 1567703242.1685896 1567703242.6411958 bigbrain_3076_0_1388.nii 139710709892928
write_file 1567703242.6520348 1567703243.1312292 inc-bigbrain_3076_0_1388.nii 139710709892928
task_duration 1567703362.1645355 1567703483.2337506 1567702688-tmpfsAD_1it_25cpus_120delay_withpc-1 139710709892928
read_file 1567703242.1582425 1567703242.1600404 bigbrain_2307_603_694.nii 140240470259520
increment_file 1567703242.1602914 1567703242.6518548 bigbrain_2307_603_694.nii 140240470259520
write_file 1567703242.662411 1567703243.1840432 inc-bigbrain_2307_603_694.nii 140240470259520
task_duration 1567703362.1560388 1567703483.292292 1567702688-tmpfsAD_1it_25cpus_120delay_withpc-1 140240470259520
read_file 1567703242.1562164 1567703242.1577442 bigbrain_2307_603_2776.nii 140696262575936
increment_file 1567703242.1579344 1567703242.6500156 bigbrain_2307_603_2776.nii 140696262575936
write_file 1567703242.660579 1567703243.177516 inc-bigbrain_2307_603_2776.nii 140696262575936
task_duration 1567703362.1543255 1567703483.2861402 1567702688-tmpfsAD_1it_25cpus_120delay_withpc-1 140696262575936
read_file 1567703242.1553874 1567703242.156867 bigbrain_2307_2412_2776.nii 140702552680256
increment_file 1567703242.1570547 1567703242.6490932 bigbrain_2307_2412_2776.nii 140702552680256
write_file 1567703242.659789 1567703243.1828284 inc-bigbrain_2307_2412_2776.nii 140702552680256
task_duration 1567703362.153681 1567703483.2862132 1567702688-tmpfsAD_1it_25cpus_120delay_withpc-1 140702552680256
read_file 1567703242.1540391 1567703242.156014 bigbrain_2307_603_2082.nii 139654132352832
increment_file 1567703242.15619 1567703242.6342907 bigbrain_2307_603_2082.nii 139654132352832
write_file 1567703242.6451442 1567703243.145191 inc-bigbrain_2307_603_2082.nii 139654132352832
task_duration 1567703362.150526 1567703483.2477355 1567702688-tmpfsAD_1it_25cpus_120delay_withpc-1 139654132352832
read_file 1567703242.153762 1567703242.1551778 bigbrain_2307_2412_1388.nii 140708454238016
increment_file 1567703242.1553602 1567703242.646718 bigbrain_2307_2412_1388.nii 140708454238016
write_file 1567703242.6574135 1567703243.1827323 inc-bigbrain_2307_2412_1388.nii 140708454238016
task_duration 1567703362.1504202 1567703483.285926 1567702688-tmpfsAD_1it_25cpus_120delay_withpc-1 140708454238016
read_file 1567703242.145502 1567703242.1468313 bigbrain_3076_0_0.nii 140455748814656
increment_file 1567703242.1470046 1567703242.6397748 bigbrain_3076_0_0.nii 140455748814656
write_file 1567703242.650513 1567703243.1520674 inc-bigbrain_3076_0_0.nii 140455748814656
task_duration 1567703362.1436598 1567703483.2546518 1567702688-tmpfsAD_1it_25cpus_120delay_withpc-1 140455748814656
read_file 1567703242.14384 1567703242.1450489 bigbrain_2307_2412_2082.nii 140472248514368
increment_file 1567703242.1452026 1567703242.6367438 bigbrain_2307_2412_2082.nii 140472248514368
write_file 1567703242.647515 1567703243.1726792 inc-bigbrain_2307_2412_2082.nii 140472248514368
task_duration 1567703362.1415358 1567703483.2810812 1567702688-tmpfsAD_1it_25cpus_120delay_withpc-1 140472248514368
read_file 1567703242.1408048 1567703242.1431217 bigbrain_2307_2412_694.nii 140614633244480
increment_file 1567703242.1434245 1567703242.6358013 bigbrain_2307_2412_694.nii 140614633244480
write_file 1567703242.6467364 1567703243.172365 inc-bigbrain_2307_2412_694.nii 140614633244480
task_duration 1567703362.1376953 1567703483.2756922 1567702688-tmpfsAD_1it_25cpus_120delay_withpc-1 140614633244480
read_file 1567703242.1353073 1567703242.1368432 bigbrain_2307_603_0.nii 140416085813056
increment_file 1567703242.137038 1567703242.6074111 bigbrain_2307_603_0.nii 140416085813056
write_file 1567703242.6185417 1567703243.0989597 inc-bigbrain_2307_603_0.nii 140416085813056
task_duration 1567703362.1318176 1567703483.2028158 1567702688-tmpfsAD_1it_25cpus_120delay_withpc-1 140416085813056
read_file 1567703242.1324244 1567703242.1343195 bigbrain_2307_2412_0.nii 139810401961792
increment_file 1567703242.1344922 1567703242.6271007 bigbrain_2307_2412_0.nii 139810401961792
write_file 1567703242.6376896 1567703243.1451511 inc-bigbrain_2307_2412_0.nii 139810401961792
task_duration 1567703362.1291142 1567703483.2474782 1567702688-tmpfsAD_1it_25cpus_120delay_withpc-1 139810401961792
read_file 1567703242.1269886 1567703242.1284907 bigbrain_2307_603_1388.nii 139793614567232
increment_file 1567703242.128715 1567703242.6009116 bigbrain_2307_603_1388.nii 139793614567232
write_file 1567703242.611781 1567703243.110328 inc-bigbrain_2307_603_1388.nii 139793614567232
task_duration 1567703362.1250606 1567703483.213615 1567702688-tmpfsAD_1it_25cpus_120delay_withpc-1 139793614567232
read_file 1567703242.1223514 1567703242.1247294 bigbrain_2307_1809_0.nii 140357439207232
increment_file 1567703242.1250236 1567703242.5972383 bigbrain_2307_1809_0.nii 140357439207232
write_file 1567703242.6083071 1567703243.0911634 inc-bigbrain_2307_1809_0.nii 140357439207232
task_duration 1567703362.1192317 1567703483.1935775 1567702688-tmpfsAD_1it_25cpus_120delay_withpc-1 140357439207232
read_file 1567703242.1180036 1567703242.1196203 bigbrain_2307_1809_1388.nii 140284987946816
increment_file 1567703242.1198251 1567703242.5874999 bigbrain_2307_1809_1388.nii 140284987946816
write_file 1567703242.5985096 1567703243.0962706 inc-bigbrain_2307_1809_1388.nii 140284987946816
task_duration 1567703362.1159968 1567703483.2047951 1567702688-tmpfsAD_1it_25cpus_120delay_withpc-1 140284987946816
read_file 1567703242.109078 1567703242.110823 bigbrain_2307_1809_2776.nii 140669321070400
increment_file 1567703242.1110325 1567703242.5816493 bigbrain_2307_1809_2776.nii 140669321070400
write_file 1567703242.5927553 1567703243.0954287 inc-bigbrain_2307_1809_2776.nii 140669321070400
task_duration 1567703362.1068585 1567703483.1987813 1567702688-tmpfsAD_1it_25cpus_120delay_withpc-1 140669321070400
read_file 1567703242.1079776 1567703242.1097343 bigbrain_2307_1206_694.nii 139662557353792
increment_file 1567703242.1099486 1567703242.5994227 bigbrain_2307_1206_694.nii 139662557353792
write_file 1567703242.610236 1567703243.143389 inc-bigbrain_2307_1206_694.nii 139662557353792
task_duration 1567703362.1057677 1567703483.2459137 1567702688-tmpfsAD_1it_25cpus_120delay_withpc-1 139662557353792
read_file 1567703242.1020203 1567703242.1041362 bigbrain_2307_1206_2776.nii 140281903986496
increment_file 1567703242.1042707 1567703242.5927527 bigbrain_2307_1206_2776.nii 140281903986496
write_file 1567703242.6032827 1567703243.137118 inc-bigbrain_2307_1206_2776.nii 140281903986496
task_duration 1567703362.0988085 1567703483.240036 1567702688-tmpfsAD_1it_25cpus_120delay_withpc-1 140281903986496
read_file 1567703242.1012495 1567703242.1036572 bigbrain_2307_1809_2082.nii 139768502392640
increment_file 1567703242.103927 1567703242.5911987 bigbrain_2307_1809_2082.nii 139768502392640
write_file 1567703242.6019483 1567703243.1356921 inc-bigbrain_2307_1809_2082.nii 139768502392640
task_duration 1567703362.0980237 1567703483.239052 1567702688-tmpfsAD_1it_25cpus_120delay_withpc-1 139768502392640
read_file 1567703242.0974953 1567703242.0990028 bigbrain_2307_1809_694.nii 139656407869248
increment_file 1567703242.0992 1567703242.5692477 bigbrain_2307_1809_694.nii 139656407869248
write_file 1567703242.580624 1567703243.0819318 inc-bigbrain_2307_1809_694.nii 139656407869248
task_duration 1567703362.0956204 1567703483.1842508 1567702688-tmpfsAD_1it_25cpus_120delay_withpc-1 139656407869248
read_file 1567703242.0220633 1567703242.0241976 bigbrain_2307_1206_1388.nii 140118298695488
increment_file 1567703242.0243707 1567703242.4751334 bigbrain_2307_1206_1388.nii 140118298695488
write_file 1567703242.4867651 1567703242.9857318 inc-bigbrain_2307_1206_1388.nii 140118298695488
task_duration 1567703362.0187528 1567703483.0949724 1567702688-tmpfsAD_1it_25cpus_120delay_withpc-1 140118298695488
read_file 1567703241.9782417 1567703241.9803205 bigbrain_2307_1206_2082.nii 140678732810048
increment_file 1567703241.9805522 1567703242.4178152 bigbrain_2307_1206_2082.nii 140678732810048
write_file 1567703242.4287944 1567703242.9884503 inc-bigbrain_2307_1206_2082.nii 140678732810048
task_duration 1567703361.9754698 1567703483.097928 1567702688-tmpfsAD_1it_25cpus_120delay_withpc-1 140678732810048
read_file 1567703241.9142473 1567703241.9159849 bigbrain_2307_1206_0.nii 140680881239872
increment_file 1567703241.916187 1567703242.324322 bigbrain_2307_1206_0.nii 140680881239872
write_file 1567703242.3355503 1567703242.8988595 inc-bigbrain_2307_1206_0.nii 140680881239872
task_duration 1567703361.9120593 1567703483.0080655 1567702688-tmpfsAD_1it_25cpus_120delay_withpc-1 140680881239872
read_file 1567703241.8963146 1567703241.8979938 bigbrain_2307_0_2776.nii 139929996822336
increment_file 1567703241.8981915 1567703242.3166778 bigbrain_2307_0_2776.nii 139929996822336
write_file 1567703242.3278897 1567703242.8061104 inc-bigbrain_2307_0_2776.nii 139929996822336
task_duration 1567703361.8941312 1567703482.9149957 1567702688-tmpfsAD_1it_25cpus_120delay_withpc-1 139929996822336
read_file 1567703241.8932714 1567703241.8945267 bigbrain_2307_0_694.nii 140331390568256
increment_file 1567703241.8946872 1567703242.31565 bigbrain_2307_0_694.nii 140331390568256
write_file 1567703242.3265703 1567703242.8046176 inc-bigbrain_2307_0_694.nii 140331390568256
task_duration 1567703361.8898213 1567703482.9132092 1567702688-tmpfsAD_1it_25cpus_120delay_withpc-1 140331390568256
read_file 1567703113.9448287 1567703113.9463859 bigbrain_1538_603_694.nii 140011073472320
increment_file 1567703113.94659 1567703114.4520376 bigbrain_1538_603_694.nii 140011073472320
write_file 1567703114.4619539 1567703114.9796064 inc-bigbrain_1538_603_694.nii 140011073472320
task_duration 1567703233.94293 1567703354.9854705 1567702688-tmpfsAD_1it_25cpus_120delay_withpc-1 140011073472320
read_file 1567703113.9434702 1567703113.9447806 bigbrain_1538_2412_2776.nii 139802932811584
increment_file 1567703113.9449415 1567703114.449433 bigbrain_1538_2412_2776.nii 139802932811584
write_file 1567703114.45952 1567703114.9736993 inc-bigbrain_1538_2412_2776.nii 139802932811584
task_duration 1567703233.9414785 1567703354.9894755 1567702688-tmpfsAD_1it_25cpus_120delay_withpc-1 139802932811584
read_file 1567703113.942864 1567703113.9447103 bigbrain_1538_2412_0.nii 140179547510592
increment_file 1567703113.9449582 1567703114.4435577 bigbrain_1538_2412_0.nii 140179547510592
write_file 1567703114.454509 1567703114.9735436 inc-bigbrain_1538_2412_0.nii 140179547510592
task_duration 1567703233.940608 1567703355.082786 1567702688-tmpfsAD_1it_25cpus_120delay_withpc-1 140179547510592
read_file 1567703113.943328 1567703113.9446452 bigbrain_1538_0_694.nii 139741209814848
increment_file 1567703113.9448054 1567703114.4507492 bigbrain_1538_0_694.nii 139741209814848
write_file 1567703114.4606624 1567703114.9623299 inc-bigbrain_1538_0_694.nii 139741209814848
task_duration 1567703233.9411638 1567703355.0353642 1567702688-tmpfsAD_1it_25cpus_120delay_withpc-1 139741209814848
read_file 1567703113.942321 1567703113.943618 bigbrain_1538_1809_2776.nii 139873159329600
increment_file 1567703113.9437752 1567703114.4514103 bigbrain_1538_1809_2776.nii 139873159329600
write_file 1567703114.4616838 1567703114.9816403 inc-bigbrain_1538_1809_2776.nii 139873159329600
task_duration 1567703233.938953 1567703355.0920534 1567702688-tmpfsAD_1it_25cpus_120delay_withpc-1 139873159329600
read_file 1567703113.9418013 1567703113.9432373 bigbrain_2307_0_0.nii 139732323333952
increment_file 1567703113.9433823 1567703114.4503117 bigbrain_2307_0_0.nii 139732323333952
write_file 1567703114.4602485 1567703114.9586167 inc-bigbrain_2307_0_0.nii 139732323333952
task_duration 1567703233.938469 1567703355.0679986 1567702688-tmpfsAD_1it_25cpus_120delay_withpc-1 139732323333952
read_file 1567703113.9410133 1567703113.9425702 bigbrain_1538_2412_1388.nii 140324765075264
increment_file 1567703113.942764 1567703114.4370735 bigbrain_1538_2412_1388.nii 140324765075264
write_file 1567703114.4483404 1567703114.9839356 inc-bigbrain_1538_2412_1388.nii 140324765075264
task_duration 1567703233.939045 1567703355.0894275 1567702688-tmpfsAD_1it_25cpus_120delay_withpc-1 140324765075264
read_file 1567703113.940332 1567703113.9425225 bigbrain_1538_603_2776.nii 140342425597760
increment_file 1567703113.9426842 1567703114.4494674 bigbrain_1538_603_2776.nii 140342425597760
write_file 1567703114.4595833 1567703114.9748576 inc-bigbrain_1538_603_2776.nii 140342425597760
task_duration 1567703233.9369912 1567703355.0798693 1567702688-tmpfsAD_1it_25cpus_120delay_withpc-1 140342425597760
read_file 1567703113.9399636 1567703113.9423616 bigbrain_1538_1206_1388.nii 140209225738048
increment_file 1567703113.942528 1567703114.452704 bigbrain_1538_1206_1388.nii 140209225738048
write_file 1567703114.4682863 1567703114.988022 inc-bigbrain_1538_1206_1388.nii 140209225738048
task_duration 1567703233.9366755 1567703355.022643 1567702688-tmpfsAD_1it_25cpus_120delay_withpc-1 140209225738048
read_file 1567703113.9404664 1567703113.941918 bigbrain_1538_2412_694.nii 140093299685184
increment_file 1567703113.942092 1567703114.4401944 bigbrain_1538_2412_694.nii 140093299685184
write_file 1567703114.4511523 1567703114.991279 inc-bigbrain_1538_2412_694.nii 140093299685184
task_duration 1567703233.9386606 1567703355.0961292 1567702688-tmpfsAD_1it_25cpus_120delay_withpc-1 140093299685184
read_file 1567703113.9397726 1567703113.9411497 bigbrain_1538_2412_2082.nii 139687878956864
increment_file 1567703113.9412882 1567703114.443909 bigbrain_1538_2412_2082.nii 139687878956864
write_file 1567703114.4545095 1567703114.9956274 inc-bigbrain_1538_2412_2082.nii 139687878956864
task_duration 1567703233.9378023 1567703355.1001523 1567702688-tmpfsAD_1it_25cpus_120delay_withpc-1 139687878956864
read_file 1567703113.9395645 1567703113.9409668 bigbrain_1538_1809_694.nii 139704499304256
increment_file 1567703113.9411347 1567703114.4423125 bigbrain_1538_1809_694.nii 139704499304256
write_file 1567703114.4533412 1567703114.989241 inc-bigbrain_1538_1809_694.nii 139704499304256
task_duration 1567703233.9374378 1567703355.0929177 1567702688-tmpfsAD_1it_25cpus_120delay_withpc-1 139704499304256
read_file 1567703113.9391384 1567703113.9404867 bigbrain_1538_0_2776.nii 140203789793088
increment_file 1567703113.9406536 1567703114.4368186 bigbrain_1538_0_2776.nii 140203789793088
write_file 1567703114.4479408 1567703114.9658985 inc-bigbrain_1538_0_2776.nii 140203789793088
task_duration 1567703233.936491 1567703355.070692 1567702688-tmpfsAD_1it_25cpus_120delay_withpc-1 140203789793088
read_file 1567703113.9373865 1567703113.939137 bigbrain_2307_0_2082.nii 140452306450240
increment_file 1567703113.9392884 1567703114.4398592 bigbrain_2307_0_2082.nii 140452306450240
write_file 1567703114.4508336 1567703114.969157 inc-bigbrain_2307_0_2082.nii 140452306450240
task_duration 1567703233.934064 1567703355.0786407 1567702688-tmpfsAD_1it_25cpus_120delay_withpc-1 140452306450240
read_file 1567703113.9369438 1567703113.938859 bigbrain_1538_603_0.nii 139877136230208
increment_file 1567703113.939094 1567703114.4464195 bigbrain_1538_603_0.nii 139877136230208
write_file 1567703114.4569914 1567703114.9611304 inc-bigbrain_1538_603_0.nii 139877136230208
task_duration 1567703233.9344852 1567703354.9726772 1567702688-tmpfsAD_1it_25cpus_120delay_withpc-1 139877136230208
read_file 1567703113.9365547 1567703113.9386637 bigbrain_1538_1809_0.nii 139995721008960
increment_file 1567703113.9387982 1567703114.4362204 bigbrain_1538_1809_0.nii 139995721008960
write_file 1567703114.4472523 1567703114.9645565 inc-bigbrain_1538_1809_0.nii 139995721008960
task_duration 1567703233.9333506 1567703355.0742543 1567702688-tmpfsAD_1it_25cpus_120delay_withpc-1 139995721008960
read_file 1567703113.9334502 1567703113.9353278 bigbrain_1538_603_1388.nii 139998110836544
increment_file 1567703113.9355402 1567703114.4412 bigbrain_1538_603_1388.nii 139998110836544
write_file 1567703114.4521108 1567703114.9899976 inc-bigbrain_1538_603_1388.nii 139998110836544
task_duration 1567703233.930879 1567703355.099945 1567702688-tmpfsAD_1it_25cpus_120delay_withpc-1 139998110836544
read_file 1567703113.93256 1567703113.933857 bigbrain_1538_1206_0.nii 140384598660928
increment_file 1567703113.9340189 1567703114.44007 bigbrain_1538_1206_0.nii 140384598660928
write_file 1567703114.4512877 1567703114.9525812 inc-bigbrain_1538_1206_0.nii 140384598660928
task_duration 1567703233.9299538 1567703355.0614135 1567702688-tmpfsAD_1it_25cpus_120delay_withpc-1 140384598660928
read_file 1567703113.93206 1567703113.933735 bigbrain_1538_1809_2082.nii 139943096256320
increment_file 1567703113.933919 1567703114.4364793 bigbrain_1538_1809_2082.nii 139943096256320
write_file 1567703114.4475307 1567703114.9898565 inc-bigbrain_1538_1809_2082.nii 139943096256320
task_duration 1567703233.9298182 1567703355.1009707 1567702688-tmpfsAD_1it_25cpus_120delay_withpc-1 139943096256320
read_file 1567703113.9290366 1567703113.9303832 bigbrain_1538_1206_2082.nii 139995107280704
increment_file 1567703113.9305387 1567703114.4313118 bigbrain_1538_1206_2082.nii 139995107280704
write_file 1567703114.4427702 1567703114.987428 inc-bigbrain_1538_1206_2082.nii 139995107280704
task_duration 1567703233.926301 1567703355.0983663 1567702688-tmpfsAD_1it_25cpus_120delay_withpc-1 139995107280704
read_file 1567703113.9267998 1567703113.9288511 bigbrain_1538_1206_694.nii 140321942947648
increment_file 1567703113.9290104 1567703114.43174 bigbrain_1538_1206_694.nii 140321942947648
write_file 1567703114.4430974 1567703114.984264 inc-bigbrain_1538_1206_694.nii 140321942947648
task_duration 1567703233.9235086 1567703355.0947638 1567702688-tmpfsAD_1it_25cpus_120delay_withpc-1 140321942947648
read_file 1567703113.9222727 1567703113.9240253 bigbrain_2307_0_1388.nii 139940154120000
increment_file 1567703113.924241 1567703114.426721 bigbrain_2307_0_1388.nii 139940154120000
write_file 1567703114.4379854 1567703114.9599905 inc-bigbrain_2307_0_1388.nii 139940154120000
task_duration 1567703233.9199727 1567703355.0699537 1567702688-tmpfsAD_1it_25cpus_120delay_withpc-1 139940154120000
read_file 1567703113.922031 1567703113.9233654 bigbrain_1538_1809_1388.nii 140715898488640
increment_file 1567703113.923533 1567703114.427479 bigbrain_1538_1809_1388.nii 140715898488640
write_file 1567703114.4385753 1567703114.9797351 inc-bigbrain_1538_1809_1388.nii 140715898488640
task_duration 1567703233.918998 1567703355.089671 1567702688-tmpfsAD_1it_25cpus_120delay_withpc-1 140715898488640
read_file 1567703113.9107916 1567703113.9126487 bigbrain_1538_603_2082.nii 139847995197248
increment_file 1567703113.912814 1567703114.417031 bigbrain_1538_603_2082.nii 139847995197248
write_file 1567703114.4277804 1567703114.973509 inc-bigbrain_1538_603_2082.nii 139847995197248
task_duration 1567703233.9065514 1567703355.056391 1567702688-tmpfsAD_1it_25cpus_120delay_withpc-1 139847995197248
read_file 1567703113.910753 1567703113.9125712 bigbrain_1538_1206_2776.nii 140643078633280
increment_file 1567703113.912741 1567703114.4143345 bigbrain_1538_1206_2776.nii 140643078633280
write_file 1567703114.4251857 1567703114.968389 inc-bigbrain_1538_1206_2776.nii 140643078633280
task_duration 1567703233.906338 1567703355.0848303 1567702688-tmpfsAD_1it_25cpus_120delay_withpc-1 140643078633280
