read_file 1567638362.7237248 1567638362.725241 bigbrain_1538_2412_2776.nii 140074808227648
increment_file 1567638362.7254968 1567638373.2613473 bigbrain_1538_2412_2776.nii 140074808227648
write_file 1567638373.2791498 1567638377.9140093 inc-bigbrain_1538_2412_2776.nii 140074808227648
task_duration 1567638482.7204487 1567638618.01759 1567637939-optaneAD_1it_25cpus_60delay_withpc-1 140074808227648
read_file 1567638362.7237337 1567638362.7252593 bigbrain_1538_2412_2082.nii 139984566261568
increment_file 1567638362.72553 1567638374.126172 bigbrain_1538_2412_2082.nii 139984566261568
write_file 1567638374.144062 1567638377.173134 inc-bigbrain_1538_2412_2082.nii 139984566261568
task_duration 1567638482.7205653 1567638617.2789812 1567637939-optaneAD_1it_25cpus_60delay_withpc-1 139984566261568
read_file 1567638362.7237358 1567638362.7252684 bigbrain_1538_603_0.nii 140452904535872
increment_file 1567638362.7255528 1567638374.4752502 bigbrain_1538_603_0.nii 140452904535872
write_file 1567638374.479939 1567638378.7909517 inc-bigbrain_1538_603_0.nii 140452904535872
task_duration 1567638482.7204652 1567638618.8936706 1567637939-optaneAD_1it_25cpus_60delay_withpc-1 140452904535872
read_file 1567638362.723759 1567638362.7252707 bigbrain_2307_0_2082.nii 140237597611840
increment_file 1567638362.7256324 1567638373.8428276 bigbrain_2307_0_2082.nii 140237597611840
write_file 1567638373.84761 1567638378.0320795 inc-bigbrain_2307_0_2082.nii 140237597611840
task_duration 1567638482.7206109 1567638618.1344337 1567637939-optaneAD_1it_25cpus_60delay_withpc-1 140237597611840
read_file 1567638362.7349992 1567638362.7371767 bigbrain_1538_603_2082.nii 140541006112576
increment_file 1567638362.737493 1567638374.403928 bigbrain_1538_603_2082.nii 140541006112576
write_file 1567638374.4105382 1567638379.1774757 inc-bigbrain_1538_603_2082.nii 140541006112576
task_duration 1567638482.7324986 1567638619.2827933 1567637939-optaneAD_1it_25cpus_60delay_withpc-1 140541006112576
read_file 1567638362.7366147 1567638362.7387147 bigbrain_1538_2412_694.nii 140113651808064
increment_file 1567638362.739371 1567638373.4383452 bigbrain_1538_2412_694.nii 140113651808064
write_file 1567638373.4546242 1567638377.5065765 inc-bigbrain_1538_2412_694.nii 140113651808064
task_duration 1567638482.7335835 1567638617.6100988 1567637939-optaneAD_1it_25cpus_60delay_withpc-1 140113651808064
read_file 1567638362.7373533 1567638362.7397976 bigbrain_2307_0_1388.nii 140572340512576
increment_file 1567638362.740169 1567638373.418508 bigbrain_2307_0_1388.nii 140572340512576
write_file 1567638373.430978 1567638379.2796466 inc-bigbrain_2307_0_1388.nii 140572340512576
task_duration 1567638482.7343762 1567638619.383492 1567637939-optaneAD_1it_25cpus_60delay_withpc-1 140572340512576
read_file 1567638362.739603 1567638362.7416575 bigbrain_1538_0_2776.nii 140278629152576
increment_file 1567638362.7431998 1567638374.4888434 bigbrain_1538_0_2776.nii 140278629152576
write_file 1567638374.4935703 1567638378.8440514 inc-bigbrain_1538_0_2776.nii 140278629152576
task_duration 1567638482.7371106 1567638618.9465032 1567637939-optaneAD_1it_25cpus_60delay_withpc-1 140278629152576
read_file 1567638362.7411284 1567638362.7429569 bigbrain_1538_1809_1388.nii 139679216404288
increment_file 1567638362.7433157 1567638374.4934494 bigbrain_1538_1809_1388.nii 139679216404288
write_file 1567638374.4991906 1567638378.7524574 inc-bigbrain_1538_1809_1388.nii 139679216404288
task_duration 1567638482.7391272 1567638618.8557837 1567637939-optaneAD_1it_25cpus_60delay_withpc-1 139679216404288
read_file 1567638362.7438378 1567638362.7454455 bigbrain_1538_1809_2082.nii 140582290216768
increment_file 1567638362.7463794 1567638373.4397247 bigbrain_1538_1809_2082.nii 140582290216768
write_file 1567638373.4425454 1567638377.503396 inc-bigbrain_1538_1809_2082.nii 140582290216768
task_duration 1567638482.741736 1567638617.6074026 1567637939-optaneAD_1it_25cpus_60delay_withpc-1 140582290216768
read_file 1567638362.740854 1567638362.7470806 bigbrain_1538_1206_694.nii 139886401804096
increment_file 1567638362.748286 1567638374.42057 bigbrain_1538_1206_694.nii 139886401804096
write_file 1567638374.4276502 1567638378.8347907 inc-bigbrain_1538_1206_694.nii 139886401804096
task_duration 1567638482.7369928 1567638618.9375226 1567637939-optaneAD_1it_25cpus_60delay_withpc-1 139886401804096
read_file 1567638362.745562 1567638362.7476873 bigbrain_1538_603_2776.nii 140392710403904
increment_file 1567638362.747997 1567638373.4220738 bigbrain_1538_603_2776.nii 140392710403904
write_file 1567638373.4257846 1567638379.270744 inc-bigbrain_1538_603_2776.nii 140392710403904
task_duration 1567638482.7429764 1567638619.3752522 1567637939-optaneAD_1it_25cpus_60delay_withpc-1 140392710403904
read_file 1567638362.7467027 1567638362.7488353 bigbrain_1538_2412_0.nii 140365471635264
increment_file 1567638362.7498467 1567638373.4280787 bigbrain_1538_2412_0.nii 140365471635264
write_file 1567638373.4311166 1567638377.9337626 inc-bigbrain_1538_2412_0.nii 140365471635264
task_duration 1567638482.7439623 1567638618.0365047 1567637939-optaneAD_1it_25cpus_60delay_withpc-1 140365471635264
read_file 1567638362.7471068 1567638362.7491782 bigbrain_1538_1206_2082.nii 139663052461888
increment_file 1567638362.7499743 1567638373.433263 bigbrain_1538_1206_2082.nii 139663052461888
write_file 1567638373.4362783 1567638377.4923847 inc-bigbrain_1538_1206_2082.nii 139663052461888
task_duration 1567638482.7443957 1567638617.596429 1567637939-optaneAD_1it_25cpus_60delay_withpc-1 139663052461888
read_file 1567638362.745733 1567638362.751117 bigbrain_1538_1809_694.nii 139735309334336
increment_file 1567638362.752478 1567638373.4230433 bigbrain_1538_1809_694.nii 139735309334336
write_file 1567638373.4344678 1567638377.8744388 inc-bigbrain_1538_1809_694.nii 139735309334336
task_duration 1567638482.7428908 1567638617.9786565 1567637939-optaneAD_1it_25cpus_60delay_withpc-1 139735309334336
read_file 1567638362.753146 1567638362.7547026 bigbrain_1538_1809_0.nii 139902351804224
increment_file 1567638362.7553957 1567638373.445331 bigbrain_1538_1809_0.nii 139902351804224
write_file 1567638373.4482393 1567638377.9970143 inc-bigbrain_1538_1809_0.nii 139902351804224
task_duration 1567638482.751047 1567638618.0994418 1567637939-optaneAD_1it_25cpus_60delay_withpc-1 139902351804224
read_file 1567638362.752668 1567638362.758768 bigbrain_1538_1206_1388.nii 140336798893888
increment_file 1567638362.7608423 1567638374.4970458 bigbrain_1538_1206_1388.nii 140336798893888
write_file 1567638374.5017953 1567638378.6971717 inc-bigbrain_1538_1206_1388.nii 140336798893888
task_duration 1567638482.7464812 1567638618.8034425 1567637939-optaneAD_1it_25cpus_60delay_withpc-1 140336798893888
read_file 1567638362.7518125 1567638362.7589107 bigbrain_1538_1206_2776.nii 139843117782848
increment_file 1567638362.759629 1567638373.503722 bigbrain_1538_1206_2776.nii 139843117782848
write_file 1567638373.5176082 1567638377.8978693 inc-bigbrain_1538_1206_2776.nii 139843117782848
task_duration 1567638482.7477977 1567638618.002495 1567637939-optaneAD_1it_25cpus_60delay_withpc-1 139843117782848
read_file 1567638362.7519975 1567638362.7589052 bigbrain_1538_2412_1388.nii 139658368456512
increment_file 1567638362.7601418 1567638374.4998305 bigbrain_1538_2412_1388.nii 139658368456512
write_file 1567638374.504898 1567638378.8486452 inc-bigbrain_1538_2412_1388.nii 139658368456512
task_duration 1567638482.7499676 1567638618.95138 1567637939-optaneAD_1it_25cpus_60delay_withpc-1 139658368456512
read_file 1567638362.7516625 1567638362.7605908 bigbrain_1538_1809_2776.nii 140320617375552
increment_file 1567638362.7624297 1567638374.4996352 bigbrain_1538_1809_2776.nii 140320617375552
write_file 1567638374.5037367 1567638378.8484073 inc-bigbrain_1538_1809_2776.nii 140320617375552
task_duration 1567638482.7455208 1567638618.9517345 1567637939-optaneAD_1it_25cpus_60delay_withpc-1 140320617375552
read_file 1567638362.7577546 1567638362.7639885 bigbrain_1538_1206_0.nii 140428031547200
increment_file 1567638362.766252 1567638374.4997463 bigbrain_1538_1206_0.nii 140428031547200
write_file 1567638374.5043542 1567638377.4330173 inc-bigbrain_1538_1206_0.nii 140428031547200
task_duration 1567638482.7506173 1567638617.53829 1567637939-optaneAD_1it_25cpus_60delay_withpc-1 140428031547200
read_file 1567638362.7535887 1567638362.7656314 bigbrain_1538_0_694.nii 140677112248128
increment_file 1567638362.767619 1567638374.1017249 bigbrain_1538_0_694.nii 140677112248128
write_file 1567638374.121584 1567638379.2343092 inc-bigbrain_1538_0_694.nii 140677112248128
task_duration 1567638482.7459462 1567638619.338361 1567637939-optaneAD_1it_25cpus_60delay_withpc-1 140677112248128
read_file 1567638362.7546327 1567638362.7690253 bigbrain_1538_603_694.nii 140100825782080
increment_file 1567638362.7707734 1567638373.8929515 bigbrain_1538_603_694.nii 140100825782080
write_file 1567638373.9181511 1567638377.1584601 inc-bigbrain_1538_603_694.nii 140100825782080
task_duration 1567638482.7465684 1567638617.2644267 1567637939-optaneAD_1it_25cpus_60delay_withpc-1 140100825782080
read_file 1567638362.7618592 1567638362.7716322 bigbrain_2307_0_0.nii 140034967959360
increment_file 1567638362.773546 1567638374.4989753 bigbrain_2307_0_0.nii 140034967959360
write_file 1567638374.5030665 1567638378.6684933 inc-bigbrain_2307_0_0.nii 140034967959360
task_duration 1567638482.7537694 1567638618.773471 1567637939-optaneAD_1it_25cpus_60delay_withpc-1 140034967959360
read_file 1567638362.7648184 1567638362.7733338 bigbrain_1538_603_1388.nii 140051809695552
increment_file 1567638362.7765732 1567638374.4828336 bigbrain_1538_603_1388.nii 140051809695552
write_file 1567638374.4883904 1567638378.6900907 inc-bigbrain_1538_603_1388.nii 140051809695552
task_duration 1567638482.7558296 1567638618.7933886 1567637939-optaneAD_1it_25cpus_60delay_withpc-1 140051809695552
read_file 1567638500.406084 1567638500.407437 bigbrain_2307_0_2776.nii 140224300951360
increment_file 1567638500.4076872 1567638501.0851688 bigbrain_2307_0_2776.nii 140224300951360
write_file 1567638501.0878606 1567638502.8312306 inc-bigbrain_2307_0_2776.nii 140224300951360
task_duration 1567638620.4038417 1567638742.9407518 1567637939-optaneAD_1it_25cpus_60delay_withpc-1 140224300951360
read_file 1567638500.4101408 1567638500.4114304 bigbrain_2307_0_694.nii 140258443409216
increment_file 1567638500.41168 1567638501.0339346 bigbrain_2307_0_694.nii 140258443409216
write_file 1567638501.0366282 1567638501.653461 inc-bigbrain_2307_0_694.nii 140258443409216
task_duration 1567638620.4084368 1567638741.7589414 1567637939-optaneAD_1it_25cpus_60delay_withpc-1 140258443409216
read_file 1567638501.965678 1567638501.9671764 bigbrain_2307_1206_0.nii 140175750285120
increment_file 1567638501.9674323 1567638502.5640628 bigbrain_2307_1206_0.nii 140175750285120
write_file 1567638502.566331 1567638515.1847956 inc-bigbrain_2307_1206_0.nii 140175750285120
task_duration 1567638621.9636755 1567638755.2934644 1567637939-optaneAD_1it_25cpus_60delay_withpc-1 140175750285120
read_file 1567638502.3630972 1567638502.3646805 bigbrain_2307_1206_2082.nii 140250140145472
increment_file 1567638502.3649569 1567638503.0052052 bigbrain_2307_1206_2082.nii 140250140145472
write_file 1567638503.0075188 1567638508.316306 inc-bigbrain_2307_1206_2082.nii 140250140145472
task_duration 1567638622.3609622 1567638748.4356809 1567637939-optaneAD_1it_25cpus_60delay_withpc-1 140250140145472
read_file 1567638502.4110448 1567638502.412697 bigbrain_2307_1206_2776.nii 139793100777280
increment_file 1567638502.413 1567638503.164358 bigbrain_2307_1206_2776.nii 139793100777280
write_file 1567638503.1669335 1567638517.4337947 inc-bigbrain_2307_1206_2776.nii 139793100777280
task_duration 1567638622.4089272 1567638757.5383208 1567637939-optaneAD_1it_25cpus_60delay_withpc-1 139793100777280
read_file 1567638502.422602 1567638502.4240284 bigbrain_2307_1206_1388.nii 140086623561536
increment_file 1567638502.4243143 1567638503.0758026 bigbrain_2307_1206_1388.nii 140086623561536
write_file 1567638503.0787463 1567638509.7589889 inc-bigbrain_2307_1206_1388.nii 140086623561536
task_duration 1567638622.4205365 1567638749.8720162 1567637939-optaneAD_1it_25cpus_60delay_withpc-1 140086623561536
read_file 1567638503.4733145 1567638503.474606 bigbrain_2307_1206_694.nii 140691026523968
increment_file 1567638503.474832 1567638512.4792466 bigbrain_2307_1206_694.nii 140691026523968
write_file 1567638512.5202994 1567638516.0968275 inc-bigbrain_2307_1206_694.nii 140691026523968
task_duration 1567638623.4711785 1567638756.2085743 1567637939-optaneAD_1it_25cpus_60delay_withpc-1 140691026523968
read_file 1567638503.5134952 1567638503.5153518 bigbrain_2307_1809_0.nii 139909108066112
increment_file 1567638503.5156717 1567638512.1201873 bigbrain_2307_1809_0.nii 139909108066112
write_file 1567638512.139508 1567638517.6207185 inc-bigbrain_2307_1809_0.nii 139909108066112
task_duration 1567638623.5110328 1567638757.724069 1567637939-optaneAD_1it_25cpus_60delay_withpc-1 139909108066112
read_file 1567638503.5321448 1567638503.5344162 bigbrain_2307_1809_1388.nii 139842532104000
increment_file 1567638503.5348234 1567638513.4551542 bigbrain_2307_1809_1388.nii 139842532104000
write_file 1567638513.4995604 1567638515.9364836 inc-bigbrain_2307_1809_1388.nii 139842532104000
task_duration 1567638623.5283864 1567638756.047444 1567637939-optaneAD_1it_25cpus_60delay_withpc-1 139842532104000
read_file 1567638503.5393608 1567638503.5410583 bigbrain_2307_1809_2082.nii 140173013894976
increment_file 1567638503.5413566 1567638512.24229 bigbrain_2307_1809_2082.nii 140173013894976
write_file 1567638512.2558892 1567638517.2802353 inc-bigbrain_2307_1809_2082.nii 140173013894976
task_duration 1567638623.536403 1567638757.3852847 1567637939-optaneAD_1it_25cpus_60delay_withpc-1 140173013894976
read_file 1567638503.6144254 1567638503.617004 bigbrain_2307_1809_2776.nii 140176931882816
increment_file 1567638503.6176176 1567638514.0829866 bigbrain_2307_1809_2776.nii 140176931882816
write_file 1567638514.133105 1567638516.1235507 inc-bigbrain_2307_1809_2776.nii 140176931882816
task_duration 1567638623.6112518 1567638756.2348993 1567637939-optaneAD_1it_25cpus_60delay_withpc-1 140176931882816
read_file 1567638503.6759558 1567638503.6787074 bigbrain_2307_1809_694.nii 139921373738816
increment_file 1567638503.679309 1567638512.762426 bigbrain_2307_1809_694.nii 139921373738816
write_file 1567638512.7784355 1567638517.9841325 inc-bigbrain_2307_1809_694.nii 139921373738816
task_duration 1567638623.6737702 1567638758.0893974 1567637939-optaneAD_1it_25cpus_60delay_withpc-1 139921373738816
read_file 1567638504.2679107 1567638504.2730985 bigbrain_2307_2412_2082.nii 139644430366528
increment_file 1567638504.274319 1567638514.4431932 bigbrain_2307_2412_2082.nii 139644430366528
write_file 1567638514.447173 1567638517.8287888 inc-bigbrain_2307_2412_2082.nii 139644430366528
task_duration 1567638624.2632039 1567638757.9342027 1567637939-optaneAD_1it_25cpus_60delay_withpc-1 139644430366528
read_file 1567638504.2749276 1567638504.2806337 bigbrain_2307_2412_1388.nii 140034841503552
increment_file 1567638504.2821653 1567638514.4457805 bigbrain_2307_2412_1388.nii 140034841503552
write_file 1567638514.4495893 1567638517.8070488 inc-bigbrain_2307_2412_1388.nii 140034841503552
task_duration 1567638624.2694144 1567638757.9123323 1567637939-optaneAD_1it_25cpus_60delay_withpc-1 140034841503552
read_file 1567638504.2794306 1567638504.2846146 bigbrain_2307_2412_0.nii 139622094149440
increment_file 1567638504.2857308 1567638514.1562855 bigbrain_2307_2412_0.nii 139622094149440
write_file 1567638514.2035043 1567638517.3028479 inc-bigbrain_2307_2412_0.nii 139622094149440
task_duration 1567638624.275254 1567638757.4073849 1567637939-optaneAD_1it_25cpus_60delay_withpc-1 139622094149440
read_file 1567638504.283672 1567638504.288172 bigbrain_2307_2412_2776.nii 140652958811968
increment_file 1567638504.288822 1567638514.1255155 bigbrain_2307_2412_2776.nii 140652958811968
write_file 1567638514.1409187 1567638517.4418337 inc-bigbrain_2307_2412_2776.nii 140652958811968
task_duration 1567638624.281083 1567638757.5468476 1567637939-optaneAD_1it_25cpus_60delay_withpc-1 140652958811968
read_file 1567638504.29546 1567638504.3008368 bigbrain_2307_2412_694.nii 140027112687424
increment_file 1567638504.3019898 1567638514.4460394 bigbrain_2307_2412_694.nii 140027112687424
write_file 1567638514.4511552 1567638517.5993285 inc-bigbrain_2307_2412_694.nii 140027112687424
task_duration 1567638624.2933505 1567638757.7037702 1567637939-optaneAD_1it_25cpus_60delay_withpc-1 140027112687424
read_file 1567638504.306476 1567638504.312137 bigbrain_2307_603_0.nii 140305125975872
increment_file 1567638504.313557 1567638514.1997268 bigbrain_2307_603_0.nii 140305125975872
write_file 1567638514.2154424 1567638517.4676173 inc-bigbrain_2307_603_0.nii 140305125975872
task_duration 1567638624.3003125 1567638757.5725274 1567637939-optaneAD_1it_25cpus_60delay_withpc-1 140305125975872
read_file 1567638504.3093784 1567638504.3152108 bigbrain_2307_603_1388.nii 140149892360000
increment_file 1567638504.3186767 1567638514.2039082 bigbrain_2307_603_1388.nii 140149892360000
write_file 1567638514.2176661 1567638518.0539849 inc-bigbrain_2307_603_1388.nii 140149892360000
task_duration 1567638624.303117 1567638758.1572597 1567637939-optaneAD_1it_25cpus_60delay_withpc-1 140149892360000
read_file 1567638504.3160543 1567638504.322571 bigbrain_2307_603_2082.nii 140549753546560
increment_file 1567638504.3245628 1567638514.4485307 bigbrain_2307_603_2082.nii 140549753546560
write_file 1567638514.453047 1567638517.6026547 inc-bigbrain_2307_603_2082.nii 140549753546560
task_duration 1567638624.310387 1567638757.7077665 1567637939-optaneAD_1it_25cpus_60delay_withpc-1 140549753546560
read_file 1567638504.3682323 1567638504.3720407 bigbrain_2307_603_694.nii 140651816470336
increment_file 1567638504.3747559 1567638514.387858 bigbrain_2307_603_694.nii 140651816470336
write_file 1567638514.3986268 1567638517.720473 inc-bigbrain_2307_603_694.nii 140651816470336
task_duration 1567638624.3569944 1567638757.8249931 1567637939-optaneAD_1it_25cpus_60delay_withpc-1 140651816470336
read_file 1567638504.4106658 1567638504.4120448 bigbrain_3076_0_1388.nii 140619156580160
increment_file 1567638504.4127572 1567638514.2416208 bigbrain_3076_0_1388.nii 140619156580160
write_file 1567638514.2443938 1567638518.3900275 inc-bigbrain_3076_0_1388.nii 140619156580160
task_duration 1567638624.4033992 1567638758.4932086 1567637939-optaneAD_1it_25cpus_60delay_withpc-1 140619156580160
read_file 1567638504.4207504 1567638504.4556937 bigbrain_2307_603_2776.nii 139828735256384
increment_file 1567638504.4605913 1567638514.4576714 bigbrain_2307_603_2776.nii 139828735256384
write_file 1567638514.4612753 1567638517.7447748 inc-bigbrain_2307_603_2776.nii 139828735256384
task_duration 1567638624.3857434 1567638757.8486636 1567637939-optaneAD_1it_25cpus_60delay_withpc-1 139828735256384
read_file 1567638504.5163844 1567638504.5217187 bigbrain_3076_0_2082.nii 140284359665472
increment_file 1567638504.524792 1567638514.45981 bigbrain_3076_0_2082.nii 140284359665472
write_file 1567638514.464309 1567638516.6015787 inc-bigbrain_3076_0_2082.nii 140284359665472
task_duration 1567638624.503585 1567638756.7052712 1567637939-optaneAD_1it_25cpus_60delay_withpc-1 140284359665472
read_file 1567638504.5905192 1567638504.6055093 bigbrain_3076_0_0.nii 140480528660288
increment_file 1567638504.6094694 1567638514.302917 bigbrain_3076_0_0.nii 140480528660288
write_file 1567638514.3079228 1567638517.4749238 inc-bigbrain_3076_0_0.nii 140480528660288
task_duration 1567638624.5799587 1567638757.578809 1567637939-optaneAD_1it_25cpus_60delay_withpc-1 140480528660288
read_file 1567638622.7467227 1567638622.7478967 bigbrain_3076_0_2776.nii 139813109458752
increment_file 1567638622.7481282 1567638623.2432284 bigbrain_3076_0_2776.nii 139813109458752
write_file 1567638623.2455595 1567638623.8527334 inc-bigbrain_3076_0_2776.nii 139813109458752
task_duration 1567638742.7443955 1567638863.9645686 1567637939-optaneAD_1it_25cpus_60delay_withpc-1 139813109458752
read_file 1567638623.6897118 1567638623.6907816 bigbrain_3076_0_694.nii 139863490783040
increment_file 1567638623.6909537 1567638624.2511928 bigbrain_3076_0_694.nii 139863490783040
write_file 1567638624.253379 1567638625.7916386 inc-bigbrain_3076_0_694.nii 139863490783040
task_duration 1567638743.6869178 1567638865.8970284 1567637939-optaneAD_1it_25cpus_60delay_withpc-1 139863490783040
read_file 1567638629.1957922 1567638629.1970475 bigbrain_3076_1206_0.nii 139735765849920
increment_file 1567638629.197251 1567638629.7561111 bigbrain_3076_1206_0.nii 139735765849920
write_file 1567638629.7582777 1567638631.354788 inc-bigbrain_3076_1206_0.nii 139735765849920
task_duration 1567638749.1929533 1567638871.4647384 1567637939-optaneAD_1it_25cpus_60delay_withpc-1 139735765849920
read_file 1567638630.6235487 1567638630.6249914 bigbrain_3076_1206_1388.nii 140362164512576
increment_file 1567638630.6252475 1567638631.1141093 bigbrain_3076_1206_1388.nii 140362164512576
write_file 1567638631.1163313 1567638631.7183783 inc-bigbrain_3076_1206_1388.nii 140362164512576
task_duration 1567638750.6214666 1567638871.8214688 1567637939-optaneAD_1it_25cpus_60delay_withpc-1 140362164512576
read_file 1567638636.0825746 1567638636.0838323 bigbrain_3076_1206_2082.nii 139660128642880
increment_file 1567638636.0840738 1567638636.647995 bigbrain_3076_1206_2082.nii 139660128642880
write_file 1567638636.6502588 1567638638.7260609 inc-bigbrain_3076_1206_2082.nii 139660128642880
task_duration 1567638756.0808375 1567638878.8340201 1567637939-optaneAD_1it_25cpus_60delay_withpc-1 139660128642880
read_file 1567638637.0061502 1567638637.0073442 bigbrain_3076_1206_2776.nii 140172500801344
increment_file 1567638637.0075748 1567638637.6559706 bigbrain_3076_1206_2776.nii 140172500801344
write_file 1567638637.6586494 1567638639.7273908 inc-bigbrain_3076_1206_2776.nii 140172500801344
task_duration 1567638757.0044322 1567638879.8319945 1567637939-optaneAD_1it_25cpus_60delay_withpc-1 140172500801344
read_file 1567638637.22838 1567638637.2293622 bigbrain_3076_1206_694.nii 139829133850432
increment_file 1567638637.2295678 1567638637.8525717 bigbrain_3076_1206_694.nii 139829133850432
write_file 1567638637.8551195 1567638638.897076 inc-bigbrain_3076_1206_694.nii 139829133850432
task_duration 1567638757.2259622 1567638879.0067496 1567637939-optaneAD_1it_25cpus_60delay_withpc-1 139829133850432
read_file 1567638637.3035553 1567638637.3051124 bigbrain_3076_1809_0.nii 140646069462848
increment_file 1567638637.305392 1567638637.967271 bigbrain_3076_1809_0.nii 140646069462848
write_file 1567638637.9705138 1567638638.9634237 inc-bigbrain_3076_1809_0.nii 140646069462848
task_duration 1567638757.301543 1567638879.0692363 1567637939-optaneAD_1it_25cpus_60delay_withpc-1 140646069462848
read_file 1567638637.5576725 1567638637.558865 bigbrain_3076_1809_1388.nii 139971107915584
increment_file 1567638637.5590944 1567638638.5487921 bigbrain_3076_1809_1388.nii 139971107915584
write_file 1567638638.5518057 1567638640.2351701 inc-bigbrain_3076_1809_1388.nii 139971107915584
task_duration 1567638757.5561707 1567638880.3390708 1567637939-optaneAD_1it_25cpus_60delay_withpc-1 139971107915584
read_file 1567638640.751022 1567638640.7522418 bigbrain_3076_1809_2082.nii 140672791033664
increment_file 1567638640.7524905 1567638641.3040223 bigbrain_3076_1809_2082.nii 140672791033664
write_file 1567638641.3064077 1567638645.8943765 inc-bigbrain_3076_1809_2082.nii 140672791033664
task_duration 1567638760.747985 1567638886.0029464 1567637939-optaneAD_1it_25cpus_60delay_withpc-1 140672791033664
read_file 1567638641.0108237 1567638641.0125318 bigbrain_3076_1809_2776.nii 140427051951936
increment_file 1567638641.0128434 1567638641.7087255 bigbrain_3076_1809_2776.nii 140427051951936
write_file 1567638641.711273 1567638651.1831102 inc-bigbrain_3076_1809_2776.nii 140427051951936
task_duration 1567638761.0085354 1567638891.2930713 1567637939-optaneAD_1it_25cpus_60delay_withpc-1 140427051951936
read_file 1567638641.4815161 1567638641.482989 bigbrain_3076_1809_694.nii 139940228519744
increment_file 1567638641.4832585 1567638646.16153 bigbrain_3076_1809_694.nii 139940228519744
write_file 1567638646.1848993 1567638650.7131202 inc-bigbrain_3076_1809_694.nii 139940228519744
task_duration 1567638761.4796627 1567638890.8211493 1567637939-optaneAD_1it_25cpus_60delay_withpc-1 139940228519744
read_file 1567638641.531976 1567638641.533874 bigbrain_3076_2412_0.nii 139738318010176
increment_file 1567638641.5341303 1567638646.495466 bigbrain_3076_2412_0.nii 139738318010176
write_file 1567638646.530767 1567638651.5682302 inc-bigbrain_3076_2412_0.nii 139738318010176
task_duration 1567638761.5286434 1567638891.6728292 1567637939-optaneAD_1it_25cpus_60delay_withpc-1 139738318010176
read_file 1567638641.587437 1567638641.5896742 bigbrain_3076_2412_2082.nii 140019392210752
increment_file 1567638641.5900424 1567638647.2086215 bigbrain_3076_2412_2082.nii 140019392210752
write_file 1567638647.2448316 1567638650.501269 inc-bigbrain_3076_2412_2082.nii 140019392210752
task_duration 1567638761.5844452 1567638890.6092877 1567637939-optaneAD_1it_25cpus_60delay_withpc-1 140019392210752
read_file 1567638641.5921037 1567638641.5936906 bigbrain_3076_2412_1388.nii 140083949475648
increment_file 1567638641.5939226 1567638647.2294936 bigbrain_3076_2412_1388.nii 140083949475648
write_file 1567638647.2617228 1567638650.5704913 inc-bigbrain_3076_2412_1388.nii 140083949475648
task_duration 1567638761.5899873 1567638890.6784408 1567637939-optaneAD_1it_25cpus_60delay_withpc-1 140083949475648
read_file 1567638641.785298 1567638641.7876194 bigbrain_3076_603_0.nii 140628198287168
increment_file 1567638641.787868 1567638648.758116 bigbrain_3076_603_0.nii 140628198287168
write_file 1567638648.7914045 1567638651.826272 inc-bigbrain_3076_603_0.nii 140628198287168
task_duration 1567638761.781937 1567638891.935923 1567637939-optaneAD_1it_25cpus_60delay_withpc-1 140628198287168
read_file 1567638641.7897909 1567638641.7919354 bigbrain_3076_2412_694.nii 140077117687616
increment_file 1567638641.7923827 1567638648.7645578 bigbrain_3076_2412_694.nii 140077117687616
write_file 1567638648.7946117 1567638651.835913 inc-bigbrain_3076_2412_694.nii 140077117687616
task_duration 1567638761.7876341 1567638891.9383562 1567637939-optaneAD_1it_25cpus_60delay_withpc-1 140077117687616
read_file 1567638641.7918835 1567638641.7940981 bigbrain_3076_2412_2776.nii 140256573884224
increment_file 1567638641.7950988 1567638649.154385 bigbrain_3076_2412_2776.nii 140256573884224
write_file 1567638649.158438 1567638651.0812614 inc-bigbrain_3076_2412_2776.nii 140256573884224
task_duration 1567638761.7882721 1567638891.1896498 1567637939-optaneAD_1it_25cpus_60delay_withpc-1 140256573884224
read_file 1567638641.8821924 1567638641.8854449 bigbrain_3076_603_1388.nii 139995618744128
increment_file 1567638641.8861802 1567638649.1275082 bigbrain_3076_603_1388.nii 139995618744128
write_file 1567638649.1377788 1567638651.8170164 inc-bigbrain_3076_603_1388.nii 139995618744128
task_duration 1567638761.8795419 1567638891.9195278 1567637939-optaneAD_1it_25cpus_60delay_withpc-1 139995618744128
read_file 1567638641.8961406 1567638641.898399 bigbrain_3076_603_2776.nii 140715730523968
increment_file 1567638641.8989584 1567638649.126221 bigbrain_3076_603_2776.nii 140715730523968
write_file 1567638649.1290371 1567638651.9622805 inc-bigbrain_3076_603_2776.nii 140715730523968
task_duration 1567638761.8932562 1567638892.065231 1567637939-optaneAD_1it_25cpus_60delay_withpc-1 140715730523968
read_file 1567638641.8965378 1567638641.899804 bigbrain_3076_603_2082.nii 140642097018688
increment_file 1567638641.900796 1567638649.1949146 bigbrain_3076_603_2082.nii 140642097018688
write_file 1567638649.1995153 1567638651.2660372 inc-bigbrain_3076_603_2082.nii 140642097018688
task_duration 1567638761.8946383 1567638891.369916 1567637939-optaneAD_1it_25cpus_60delay_withpc-1 140642097018688
read_file 1567638641.901862 1567638641.9032876 bigbrain_3076_603_694.nii 139992312112960
increment_file 1567638641.9038446 1567638649.1136136 bigbrain_3076_603_694.nii 139992312112960
write_file 1567638649.1175117 1567638651.8511815 inc-bigbrain_3076_603_694.nii 139992312112960
task_duration 1567638761.8998475 1567638891.9545572 1567637939-optaneAD_1it_25cpus_60delay_withpc-1 139992312112960
read_file 1567638641.932984 1567638641.9346573 bigbrain_769_0_0.nii 140535079294784
increment_file 1567638641.9352944 1567638649.1388817 bigbrain_769_0_0.nii 140535079294784
write_file 1567638649.1415732 1567638651.8602064 inc-bigbrain_769_0_0.nii 140535079294784
task_duration 1567638761.9309804 1567638891.9625175 1567637939-optaneAD_1it_25cpus_60delay_withpc-1 140535079294784
read_file 1567638642.0275908 1567638642.0295763 bigbrain_769_0_2082.nii 140589685864256
increment_file 1567638642.0307527 1567638649.2088501 bigbrain_769_0_2082.nii 140589685864256
write_file 1567638649.2137413 1567638651.3283198 inc-bigbrain_769_0_2082.nii 140589685864256
task_duration 1567638762.0262272 1567638891.4367404 1567637939-optaneAD_1it_25cpus_60delay_withpc-1 140589685864256
read_file 1567638642.0764658 1567638642.0866132 bigbrain_769_0_1388.nii 140481903929152
increment_file 1567638642.088269 1567638649.2125793 bigbrain_769_0_1388.nii 140481903929152
write_file 1567638649.2153647 1567638651.3131 inc-bigbrain_769_0_1388.nii 140481903929152
task_duration 1567638762.0700464 1567638891.4180422 1567637939-optaneAD_1it_25cpus_60delay_withpc-1 140481903929152
read_file 1567638744.835027 1567638744.8360457 bigbrain_769_0_2776.nii 139711792817984
increment_file 1567638744.8362699 1567638745.3876681 bigbrain_769_0_2776.nii 139711792817984
write_file 1567638745.389854 1567638746.946655 inc-bigbrain_769_0_2776.nii 139711792817984
task_duration 1567638864.8316844 1567638987.0558436 1567637939-optaneAD_1it_25cpus_60delay_withpc-1 139711792817984
read_file 1567638746.6508605 1567638746.6518166 bigbrain_769_0_694.nii 140336116717376
increment_file 1567638746.6520112 1567638747.1328754 bigbrain_769_0_694.nii 140336116717376
write_file 1567638747.1350675 1567638747.7135825 inc-bigbrain_769_0_694.nii 140336116717376
task_duration 1567638866.6495 1567638987.8244514 1567637939-optaneAD_1it_25cpus_60delay_withpc-1 140336116717376
read_file 1567638752.2713068 1567638752.2724142 bigbrain_769_1206_0.nii 140228433053504
increment_file 1567638752.272618 1567638752.8422315 bigbrain_769_1206_0.nii 140228433053504
write_file 1567638752.8444908 1567638754.4738169 inc-bigbrain_769_1206_0.nii 140228433053504
task_duration 1567638872.2693462 1567638994.582343 1567637939-optaneAD_1it_25cpus_60delay_withpc-1 140228433053504
read_file 1567638752.6326172 1567638752.6341305 bigbrain_769_1206_1388.nii 140150836373312
increment_file 1567638752.6344025 1567638753.1510732 bigbrain_769_1206_1388.nii 140150836373312
write_file 1567638753.1532624 1567638753.764387 inc-bigbrain_769_1206_1388.nii 140150836373312
task_duration 1567638872.6304061 1567638993.8699586 1567637939-optaneAD_1it_25cpus_60delay_withpc-1 140150836373312
read_file 1567638759.8637164 1567638759.8650327 bigbrain_769_1206_2082.nii 139840541939520
increment_file 1567638759.8652828 1567638760.4809303 bigbrain_769_1206_2082.nii 139840541939520
write_file 1567638760.4832656 1567638762.6099265 inc-bigbrain_769_1206_2082.nii 139840541939520
task_duration 1567638879.861449 1567639002.7184198 1567637939-optaneAD_1it_25cpus_60delay_withpc-1 139840541939520
read_file 1567638760.0830941 1567638760.0842052 bigbrain_769_1206_2776.nii 140453628954432
increment_file 1567638760.0844047 1567638760.6668239 bigbrain_769_1206_2776.nii 140453628954432
write_file 1567638760.6691525 1567638761.6917863 inc-bigbrain_769_1206_2776.nii 140453628954432
task_duration 1567638880.0802884 1567639001.7980144 1567637939-optaneAD_1it_25cpus_60delay_withpc-1 140453628954432
read_file 1567638760.128885 1567638760.1301007 bigbrain_769_1206_694.nii 140568362735424
increment_file 1567638760.1303432 1567638760.7279441 bigbrain_769_1206_694.nii 140568362735424
write_file 1567638760.7307644 1567638761.7397897 inc-bigbrain_769_1206_694.nii 140568362735424
task_duration 1567638880.1273396 1567639001.8461022 1567637939-optaneAD_1it_25cpus_60delay_withpc-1 140568362735424
read_file 1567638760.5646856 1567638760.565766 bigbrain_769_1809_0.nii 140295390443328
increment_file 1567638760.5659623 1567638761.5438583 bigbrain_769_1809_0.nii 140295390443328
write_file 1567638761.54614 1567638763.242561 inc-bigbrain_769_1809_0.nii 140295390443328
task_duration 1567638880.563172 1567639003.35275 1567637939-optaneAD_1it_25cpus_60delay_withpc-1 140295390443328
read_file 1567638761.004733 1567638761.0056944 bigbrain_769_1809_1388.nii 140020830406464
increment_file 1567638761.005948 1567638761.7248075 bigbrain_769_1809_1388.nii 140020830406464
write_file 1567638761.726977 1567638762.359956 inc-bigbrain_769_1809_1388.nii 140020830406464
task_duration 1567638881.0033672 1567639002.4677463 1567637939-optaneAD_1it_25cpus_60delay_withpc-1 140020830406464
read_file 1567638766.7627666 1567638766.7638466 bigbrain_769_1809_2082.nii 139857953371968
increment_file 1567638766.7640715 1567638767.256553 bigbrain_769_1809_2082.nii 139857953371968
write_file 1567638767.2587435 1567638767.845502 inc-bigbrain_769_1809_2082.nii 139857953371968
task_duration 1567638886.7607267 1567639007.956632 1567637939-optaneAD_1it_25cpus_60delay_withpc-1 139857953371968
read_file 1567638771.9964678 1567638771.9977603 bigbrain_769_1809_2776.nii 139736151504704
increment_file 1567638771.997985 1567638772.5486753 bigbrain_769_1809_2776.nii 139736151504704
write_file 1567638772.5517173 1567638773.3491888 inc-bigbrain_769_1809_2776.nii 139736151504704
task_duration 1567638891.9948525 1567639013.45407 1567637939-optaneAD_1it_25cpus_60delay_withpc-1 139736151504704
read_file 1567638772.2097502 1567638772.2114246 bigbrain_769_1809_694.nii 140691392624448
increment_file 1567638772.2117274 1567638772.8667595 bigbrain_769_1809_694.nii 140691392624448
write_file 1567638772.8693364 1567638776.6562274 inc-bigbrain_769_1809_694.nii 140691392624448
task_duration 1567638892.2075522 1567639016.7704334 1567637939-optaneAD_1it_25cpus_60delay_withpc-1 140691392624448
read_file 1567638772.766203 1567638772.7679198 bigbrain_769_2412_0.nii 140499377317696
increment_file 1567638772.7682753 1567638773.4721372 bigbrain_769_2412_0.nii 140499377317696
write_file 1567638773.4744444 1567638777.4776905 inc-bigbrain_769_2412_0.nii 140499377317696
task_duration 1567638892.7639074 1567639017.5832467 1567637939-optaneAD_1it_25cpus_60delay_withpc-1 140499377317696
read_file 1567638773.6733778 1567638773.6747255 bigbrain_769_2412_1388.nii 139974979811136
increment_file 1567638773.6749284 1567638774.4032738 bigbrain_769_2412_1388.nii 139974979811136
write_file 1567638774.4077291 1567638777.077484 inc-bigbrain_769_2412_1388.nii 139974979811136
task_duration 1567638893.6702332 1567639017.1822617 1567637939-optaneAD_1it_25cpus_60delay_withpc-1 139974979811136
read_file 1567638773.8716683 1567638773.8739378 bigbrain_769_2412_2082.nii 140654490343232
increment_file 1567638773.874302 1567638775.4707053 bigbrain_769_2412_2082.nii 140654490343232
write_file 1567638775.474209 1567638778.3711674 inc-bigbrain_769_2412_2082.nii 140654490343232
task_duration 1567638893.8685179 1567639018.4786246 1567637939-optaneAD_1it_25cpus_60delay_withpc-1 140654490343232
read_file 1567638773.935259 1567638773.9372573 bigbrain_769_2412_2776.nii 139734252050240
increment_file 1567638773.9375336 1567638775.4482894 bigbrain_769_2412_2776.nii 139734252050240
write_file 1567638775.4570296 1567638777.4718273 inc-bigbrain_769_2412_2776.nii 139734252050240
task_duration 1567638893.9320054 1567639017.5776262 1567637939-optaneAD_1it_25cpus_60delay_withpc-1 139734252050240
read_file 1567638773.9674654 1567638773.968806 bigbrain_769_2412_694.nii 139944044414784
increment_file 1567638773.9690838 1567638775.55349 bigbrain_769_2412_694.nii 139944044414784
write_file 1567638775.5616827 1567638777.5030806 inc-bigbrain_769_2412_694.nii 139944044414784
task_duration 1567638893.9644332 1567639017.6097093 1567637939-optaneAD_1it_25cpus_60delay_withpc-1 139944044414784
read_file 1567638773.99082 1567638773.992421 bigbrain_769_603_0.nii 140716335953728
increment_file 1567638773.9927766 1567638775.6516685 bigbrain_769_603_0.nii 140716335953728
write_file 1567638775.6610863 1567638777.5169034 inc-bigbrain_769_603_0.nii 140716335953728
task_duration 1567638893.9888108 1567639017.62285 1567637939-optaneAD_1it_25cpus_60delay_withpc-1 140716335953728
read_file 1567638774.070894 1567638774.0721993 bigbrain_769_603_1388.nii 139735084222272
increment_file 1567638774.0724385 1567638776.26992 bigbrain_769_603_1388.nii 139735084222272
write_file 1567638776.272477 1567638778.2677505 inc-bigbrain_769_603_1388.nii 139735084222272
task_duration 1567638894.069245 1567639018.3763437 1567637939-optaneAD_1it_25cpus_60delay_withpc-1 139735084222272
read_file 1567638774.1648762 1567638774.1668851 bigbrain_769_603_2082.nii 140676554909504
increment_file 1567638774.1672294 1567638776.1469953 bigbrain_769_603_2082.nii 140676554909504
write_file 1567638776.1580682 1567638777.5815 inc-bigbrain_769_603_2082.nii 140676554909504
task_duration 1567638894.1625378 1567639017.6086974 1567637939-optaneAD_1it_25cpus_60delay_withpc-1 140676554909504
read_file 1567638774.1704485 1567638774.1717257 bigbrain_769_603_2776.nii 140526487103296
increment_file 1567638774.172072 1567638776.1640325 bigbrain_769_603_2776.nii 140526487103296
write_file 1567638776.1750908 1567638777.5883687 inc-bigbrain_769_603_2776.nii 140526487103296
task_duration 1567638894.1679924 1567639017.6938124 1567637939-optaneAD_1it_25cpus_60delay_withpc-1 140526487103296
read_file 1567638774.1708415 1567638774.1724908 bigbrain_769_603_694.nii 140509060081472
increment_file 1567638774.1728246 1567638776.4367065 bigbrain_769_603_694.nii 140509060081472
write_file 1567638776.439794 1567638778.534548 inc-bigbrain_769_603_694.nii 140509060081472
task_duration 1567638894.1690114 1567639018.64297 1567637939-optaneAD_1it_25cpus_60delay_withpc-1 140509060081472
