read_file 1567701127.351282 1567701127.352635 bigbrain_2307_2412_0.nii 139756871534400
increment_file 1567701127.3528605 1567701128.917409 bigbrain_2307_2412_0.nii 139756871534400
write_file 1567701128.9386795 1567701130.221324 inc-bigbrain_2307_2412_0.nii 139756871534400
task_duration 1567701127.3480246 1567701130.2253318 1567701034-localAD_1it_96cpus_0delay_npc-1 139756871534400
read_file 1567701127.3512864 1567701127.3526518 bigbrain_1538_603_2082.nii 139880329795392
increment_file 1567701127.3528802 1567701128.8917003 bigbrain_1538_603_2082.nii 139880329795392
write_file 1567701128.905857 1567701130.2060452 inc-bigbrain_1538_603_2082.nii 139880329795392
task_duration 1567701127.3474631 1567701130.2111118 1567701034-localAD_1it_96cpus_0delay_npc-1 139880329795392
read_file 1567701127.3512678 1567701127.3527086 bigbrain_1538_0_2776.nii 140259041974080
increment_file 1567701127.3529096 1567701128.7936718 bigbrain_1538_0_2776.nii 140259041974080
write_file 1567701128.8078532 1567701130.0685012 inc-bigbrain_1538_0_2776.nii 140259041974080
task_duration 1567701127.3474207 1567701130.07702 1567701034-localAD_1it_96cpus_0delay_npc-1 140259041974080
read_file 1567701127.3513153 1567701127.3527079 bigbrain_769_0_0.nii 139679755532096
increment_file 1567701127.3529437 1567701128.9180439 bigbrain_769_0_0.nii 139679755532096
write_file 1567701128.9385574 1567701130.2680297 inc-bigbrain_769_0_0.nii 139679755532096
task_duration 1567701127.3474848 1567701130.271097 1567701034-localAD_1it_96cpus_0delay_npc-1 139679755532096
read_file 1567701127.3512537 1567701127.3527138 bigbrain_2307_1206_694.nii 139839805933376
increment_file 1567701127.3530083 1567701129.0032783 bigbrain_2307_1206_694.nii 139839805933376
write_file 1567701129.024499 1567701130.168707 inc-bigbrain_2307_1206_694.nii 139839805933376
task_duration 1567701127.3481133 1567701130.1742587 1567701034-localAD_1it_96cpus_0delay_npc-1 139839805933376
read_file 1567701127.351321 1567701127.3527572 bigbrain_769_0_694.nii 140446440351552
increment_file 1567701127.3530452 1567701128.9709258 bigbrain_769_0_694.nii 140446440351552
write_file 1567701128.991686 1567701130.2556376 inc-bigbrain_769_0_694.nii 140446440351552
task_duration 1567701127.3476293 1567701130.2587183 1567701034-localAD_1it_96cpus_0delay_npc-1 140446440351552
read_file 1567701127.3513188 1567701127.3527935 bigbrain_2307_1809_0.nii 139942906365760
increment_file 1567701127.3530746 1567701128.856151 bigbrain_2307_1809_0.nii 139942906365760
write_file 1567701128.8761163 1567701129.891528 inc-bigbrain_2307_1809_0.nii 139942906365760
task_duration 1567701127.3475666 1567701129.901019 1567701034-localAD_1it_96cpus_0delay_npc-1 139942906365760
read_file 1567701127.351398 1567701127.3527927 bigbrain_2307_1809_2776.nii 140060168656704
increment_file 1567701127.3531172 1567701128.8842394 bigbrain_2307_1809_2776.nii 140060168656704
write_file 1567701128.907107 1567701130.2081983 inc-bigbrain_2307_1809_2776.nii 140060168656704
task_duration 1567701127.3479235 1567701130.2138336 1567701034-localAD_1it_96cpus_0delay_npc-1 140060168656704
read_file 1567701127.351388 1567701127.3528602 bigbrain_3076_1206_2082.nii 140169075791680
increment_file 1567701127.3531537 1567701128.8727376 bigbrain_3076_1206_2082.nii 140169075791680
write_file 1567701128.8881192 1567701130.0321395 inc-bigbrain_3076_1206_2082.nii 140169075791680
task_duration 1567701127.3477697 1567701130.0410795 1567701034-localAD_1it_96cpus_0delay_npc-1 140169075791680
read_file 1567701127.3521183 1567701127.3541417 bigbrain_1538_1206_2082.nii 140131993020224
increment_file 1567701127.354415 1567701128.8290915 bigbrain_1538_1206_2082.nii 140131993020224
write_file 1567701128.8518002 1567701130.1913698 inc-bigbrain_1538_1206_2082.nii 140131993020224
task_duration 1567701127.347818 1567701130.1956615 1567701034-localAD_1it_96cpus_0delay_npc-1 140131993020224
read_file 1567701127.3522227 1567701127.3543808 bigbrain_3076_1809_0.nii 140406000465728
increment_file 1567701127.354739 1567701128.442022 bigbrain_3076_1809_0.nii 140406000465728
write_file 1567701128.4706721 1567701129.8027642 inc-bigbrain_3076_1809_0.nii 140406000465728
task_duration 1567701127.3473613 1567701129.8121555 1567701034-localAD_1it_96cpus_0delay_npc-1 140406000465728
read_file 1567701127.352566 1567701127.3549278 bigbrain_3076_603_694.nii 140296398243648
increment_file 1567701127.3551395 1567701128.5402114 bigbrain_3076_603_694.nii 140296398243648
write_file 1567701128.5685086 1567701129.8906808 inc-bigbrain_3076_603_694.nii 140296398243648
task_duration 1567701127.3477104 1567701129.895777 1567701034-localAD_1it_96cpus_0delay_npc-1 140296398243648
read_file 1567701127.3526468 1567701127.354965 bigbrain_2307_603_1388.nii 139681333495616
increment_file 1567701127.355196 1567701128.5962524 bigbrain_2307_603_1388.nii 139681333495616
write_file 1567701128.6185157 1567701129.7202644 inc-bigbrain_2307_603_1388.nii 139681333495616
task_duration 1567701127.3477752 1567701129.7286308 1567701034-localAD_1it_96cpus_0delay_npc-1 139681333495616
read_file 1567701127.3526413 1567701127.3549738 bigbrain_3076_2412_2082.nii 140072827316032
increment_file 1567701127.35521 1567701128.5593534 bigbrain_3076_2412_2082.nii 140072827316032
write_file 1567701128.576778 1567701129.8642988 inc-bigbrain_3076_2412_2082.nii 140072827316032
task_duration 1567701127.3478906 1567701129.868824 1567701034-localAD_1it_96cpus_0delay_npc-1 140072827316032
read_file 1567701127.3538218 1567701127.3552554 bigbrain_3076_1809_2082.nii 140050471737152
increment_file 1567701127.3554695 1567701128.9204059 bigbrain_3076_1809_2082.nii 140050471737152
write_file 1567701128.9427361 1567701130.0322895 inc-bigbrain_3076_1809_2082.nii 140050471737152
task_duration 1567701127.3514028 1567701130.0393786 1567701034-localAD_1it_96cpus_0delay_npc-1 140050471737152
read_file 1567701127.3536584 1567701127.3554287 bigbrain_769_1809_694.nii 139977544718144
increment_file 1567701127.3557048 1567701128.8223 bigbrain_769_1809_694.nii 139977544718144
write_file 1567701128.8366632 1567701129.9121385 inc-bigbrain_769_1809_694.nii 139977544718144
task_duration 1567701127.351299 1567701129.9207387 1567701034-localAD_1it_96cpus_0delay_npc-1 139977544718144
read_file 1567701127.3534522 1567701127.355464 bigbrain_3076_1809_1388.nii 140475822430016
increment_file 1567701127.3557506 1567701128.9715748 bigbrain_3076_1809_1388.nii 140475822430016
write_file 1567701128.9940162 1567701130.2633398 inc-bigbrain_3076_1809_1388.nii 140475822430016
task_duration 1567701127.3509953 1567701130.2675614 1567701034-localAD_1it_96cpus_0delay_npc-1 140475822430016
read_file 1567701127.3525634 1567701127.355549 bigbrain_2307_1809_1388.nii 139714425595712
increment_file 1567701127.3558476 1567701128.5730493 bigbrain_2307_1809_1388.nii 139714425595712
write_file 1567701128.589453 1567701129.7882159 inc-bigbrain_2307_1809_1388.nii 139714425595712
task_duration 1567701127.3477364 1567701129.79372 1567701034-localAD_1it_96cpus_0delay_npc-1 139714425595712
read_file 1567701127.353699 1567701127.355656 bigbrain_1538_1809_694.nii 139958340552512
increment_file 1567701127.3559403 1567701128.828985 bigbrain_1538_1809_694.nii 139958340552512
write_file 1567701128.8438537 1567701130.063619 inc-bigbrain_1538_1809_694.nii 139958340552512
task_duration 1567701127.351284 1567701130.0730438 1567701034-localAD_1it_96cpus_0delay_npc-1 139958340552512
read_file 1567701127.3538241 1567701127.3557353 bigbrain_1538_603_694.nii 140409116374848
increment_file 1567701127.355972 1567701128.8263876 bigbrain_1538_603_694.nii 140409116374848
write_file 1567701128.8421583 1567701129.9596336 inc-bigbrain_1538_603_694.nii 140409116374848
task_duration 1567701127.351409 1567701129.9722526 1567701034-localAD_1it_96cpus_0delay_npc-1 140409116374848
read_file 1567701127.3539114 1567701127.355861 bigbrain_769_2412_0.nii 139759106987840
increment_file 1567701127.3561192 1567701128.930173 bigbrain_769_2412_0.nii 139759106987840
write_file 1567701128.9504566 1567701130.20434 inc-bigbrain_769_2412_0.nii 139759106987840
task_duration 1567701127.3514204 1567701130.2087624 1567701034-localAD_1it_96cpus_0delay_npc-1 139759106987840
read_file 1567701127.3554723 1567701127.357567 bigbrain_3076_0_2082.nii 140626308613952
increment_file 1567701127.3578577 1567701128.8106947 bigbrain_3076_0_2082.nii 140626308613952
write_file 1567701128.8256135 1567701129.829692 inc-bigbrain_3076_0_2082.nii 140626308613952
task_duration 1567701127.3529809 1567701129.8424518 1567701034-localAD_1it_96cpus_0delay_npc-1 140626308613952
read_file 1567701127.3564107 1567701127.3577275 bigbrain_3076_2412_1388.nii 140635359012672
increment_file 1567701127.3579223 1567701128.3794749 bigbrain_3076_2412_1388.nii 140635359012672
write_file 1567701128.3978803 1567701129.4370162 inc-bigbrain_3076_2412_1388.nii 140635359012672
task_duration 1567701127.3545334 1567701129.4447815 1567701034-localAD_1it_96cpus_0delay_npc-1 140635359012672
read_file 1567701127.3566504 1567701127.3582633 bigbrain_3076_0_0.nii 139641079240512
increment_file 1567701127.3584876 1567701128.4995146 bigbrain_3076_0_0.nii 139641079240512
write_file 1567701128.5269725 1567701129.6706562 inc-bigbrain_3076_0_0.nii 139641079240512
task_duration 1567701127.353719 1567701129.6774287 1567701034-localAD_1it_96cpus_0delay_npc-1 139641079240512
read_file 1567701127.3568437 1567701127.3585148 bigbrain_1538_1206_694.nii 139966140831552
increment_file 1567701127.3587465 1567701128.6419692 bigbrain_1538_1206_694.nii 139966140831552
write_file 1567701128.6567845 1567701129.8966088 inc-bigbrain_1538_1206_694.nii 139966140831552
task_duration 1567701127.3538942 1567701129.9067178 1567701034-localAD_1it_96cpus_0delay_npc-1 139966140831552
read_file 1567701127.361189 1567701127.3630693 bigbrain_2307_1809_2082.nii 140142633707328
increment_file 1567701127.3633602 1567701128.9588203 bigbrain_2307_1809_2082.nii 140142633707328
write_file 1567701128.974442 1567701130.041801 inc-bigbrain_2307_1809_2082.nii 140142633707328
task_duration 1567701127.3576717 1567701130.0485787 1567701034-localAD_1it_96cpus_0delay_npc-1 140142633707328
read_file 1567701127.3618352 1567701127.3637466 bigbrain_3076_1206_0.nii 140145565849408
increment_file 1567701127.363964 1567701128.9269361 bigbrain_3076_1206_0.nii 140145565849408
write_file 1567701128.9431217 1567701130.2283084 inc-bigbrain_3076_1206_0.nii 140145565849408
task_duration 1567701127.3600566 1567701130.2317781 1567701034-localAD_1it_96cpus_0delay_npc-1 140145565849408
read_file 1567701127.3620043 1567701127.36386 bigbrain_1538_2412_0.nii 139908245452608
increment_file 1567701127.364101 1567701128.8909879 bigbrain_1538_2412_0.nii 139908245452608
write_file 1567701128.9136062 1567701130.0106192 inc-bigbrain_1538_2412_0.nii 139908245452608
task_duration 1567701127.3594744 1567701130.019478 1567701034-localAD_1it_96cpus_0delay_npc-1 139908245452608
read_file 1567701127.3633566 1567701127.3651526 bigbrain_2307_0_2082.nii 140519400154944
increment_file 1567701127.3654213 1567701128.4440217 bigbrain_2307_0_2082.nii 140519400154944
write_file 1567701128.4628608 1567701129.7757006 inc-bigbrain_2307_0_2082.nii 140519400154944
task_duration 1567701127.3610275 1567701129.78254 1567701034-localAD_1it_96cpus_0delay_npc-1 140519400154944
read_file 1567701127.3649588 1567701127.3664343 bigbrain_3076_603_1388.nii 140582907537216
increment_file 1567701127.3666801 1567701128.8353121 bigbrain_3076_603_1388.nii 140582907537216
write_file 1567701128.8498545 1567701130.1850665 inc-bigbrain_3076_603_1388.nii 140582907537216
task_duration 1567701127.3631878 1567701130.1906245 1567701034-localAD_1it_96cpus_0delay_npc-1 140582907537216
read_file 1567701127.3651085 1567701127.3665776 bigbrain_1538_1809_1388.nii 140612286850880
increment_file 1567701127.3667967 1567701128.9822345 bigbrain_1538_1809_1388.nii 140612286850880
write_file 1567701129.0020518 1567701130.101367 inc-bigbrain_1538_1809_1388.nii 140612286850880
task_duration 1567701127.3633552 1567701130.106667 1567701034-localAD_1it_96cpus_0delay_npc-1 140612286850880
read_file 1567701127.3673117 1567701127.368794 bigbrain_3076_1809_2776.nii 140194046588736
increment_file 1567701127.3690464 1567701128.561953 bigbrain_3076_1809_2776.nii 140194046588736
write_file 1567701128.586226 1567701129.827509 inc-bigbrain_3076_1809_2776.nii 140194046588736
task_duration 1567701127.3655005 1567701129.832691 1567701034-localAD_1it_96cpus_0delay_npc-1 140194046588736
read_file 1567701127.3671196 1567701127.3688257 bigbrain_2307_1809_694.nii 140132128745280
increment_file 1567701127.3691356 1567701128.8430133 bigbrain_2307_1809_694.nii 140132128745280
write_file 1567701128.8655431 1567701130.1441429 inc-bigbrain_2307_1809_694.nii 140132128745280
task_duration 1567701127.364825 1567701130.1497705 1567701034-localAD_1it_96cpus_0delay_npc-1 140132128745280
read_file 1567701127.3682296 1567701127.3699691 bigbrain_769_2412_694.nii 140573222385472
increment_file 1567701127.3702326 1567701128.4980528 bigbrain_769_2412_694.nii 140573222385472
write_file 1567701128.5297964 1567701129.8419685 inc-bigbrain_769_2412_694.nii 140573222385472
task_duration 1567701127.3661077 1567701129.8503375 1567701034-localAD_1it_96cpus_0delay_npc-1 140573222385472
read_file 1567701127.3685505 1567701127.3699884 bigbrain_769_1809_1388.nii 139996885157696
increment_file 1567701127.3702197 1567701128.9138088 bigbrain_769_1809_1388.nii 139996885157696
write_file 1567701128.936241 1567701130.1672373 inc-bigbrain_769_1809_1388.nii 139996885157696
task_duration 1567701127.3666925 1567701130.1743221 1567701034-localAD_1it_96cpus_0delay_npc-1 139996885157696
read_file 1567701127.3699837 1567701127.3711863 bigbrain_769_2412_2082.nii 140213018646336
increment_file 1567701127.3713768 1567701128.896952 bigbrain_769_2412_2082.nii 140213018646336
write_file 1567701128.918547 1567701130.17445 inc-bigbrain_769_2412_2082.nii 140213018646336
task_duration 1567701127.367876 1567701130.178785 1567701034-localAD_1it_96cpus_0delay_npc-1 140213018646336
read_file 1567701127.3704169 1567701127.3716965 bigbrain_1538_603_2776.nii 140065458116416
increment_file 1567701127.3718967 1567701128.8392794 bigbrain_1538_603_2776.nii 140065458116416
write_file 1567701128.8615785 1567701130.1795669 inc-bigbrain_1538_603_2776.nii 140065458116416
task_duration 1567701127.367938 1567701130.1838667 1567701034-localAD_1it_96cpus_0delay_npc-1 140065458116416
read_file 1567701127.3704352 1567701127.3725038 bigbrain_3076_0_2776.nii 140500055148352
increment_file 1567701127.3728013 1567701128.8948765 bigbrain_3076_0_2776.nii 140500055148352
write_file 1567701128.9101098 1567701130.2054403 inc-bigbrain_3076_0_2776.nii 140500055148352
task_duration 1567701127.368063 1567701130.2111247 1567701034-localAD_1it_96cpus_0delay_npc-1 140500055148352
read_file 1567701127.371593 1567701127.3731542 bigbrain_1538_2412_2082.nii 140012620552000
increment_file 1567701127.373403 1567701128.5265458 bigbrain_1538_2412_2082.nii 140012620552000
write_file 1567701128.5534043 1567701129.7024884 inc-bigbrain_1538_2412_2082.nii 140012620552000
task_duration 1567701127.3697002 1567701129.7122004 1567701034-localAD_1it_96cpus_0delay_npc-1 140012620552000
read_file 1567701127.3715138 1567701127.3733294 bigbrain_2307_603_694.nii 139780578445120
increment_file 1567701127.3735592 1567701128.5634568 bigbrain_2307_603_694.nii 139780578445120
write_file 1567701128.5800765 1567701129.6848955 inc-bigbrain_2307_603_694.nii 139780578445120
task_duration 1567701127.3694613 1567701129.6923103 1567701034-localAD_1it_96cpus_0delay_npc-1 139780578445120
read_file 1567701127.3720028 1567701127.3735468 bigbrain_1538_0_694.nii 139628028512064
increment_file 1567701127.3738534 1567701128.8370361 bigbrain_1538_0_694.nii 139628028512064
write_file 1567701128.8600721 1567701130.0386837 inc-bigbrain_1538_0_694.nii 139628028512064
task_duration 1567701127.3701813 1567701130.046465 1567701034-localAD_1it_96cpus_0delay_npc-1 139628028512064
read_file 1567701127.37256 1567701127.3741486 bigbrain_2307_2412_694.nii 140641346176832
increment_file 1567701127.3744237 1567701128.942992 bigbrain_2307_2412_694.nii 140641346176832
write_file 1567701128.9634848 1567701130.239405 inc-bigbrain_2307_2412_694.nii 140641346176832
task_duration 1567701127.3706818 1567701130.243739 1567701034-localAD_1it_96cpus_0delay_npc-1 140641346176832
read_file 1567701127.373198 1567701127.3744695 bigbrain_3076_1206_694.nii 140170985531200
increment_file 1567701127.3746803 1567701128.4850495 bigbrain_3076_1206_694.nii 140170985531200
write_file 1567701128.5132937 1567701129.7210896 inc-bigbrain_3076_1206_694.nii 140170985531200
task_duration 1567701127.3716471 1567701129.7285802 1567701034-localAD_1it_96cpus_0delay_npc-1 140170985531200
read_file 1567701127.37319 1567701127.3747036 bigbrain_769_1206_0.nii 139629097043776
increment_file 1567701127.3749135 1567701128.8971498 bigbrain_769_1206_0.nii 139629097043776
write_file 1567701128.9187646 1567701130.238298 inc-bigbrain_769_1206_0.nii 139629097043776
task_duration 1567701127.3708053 1567701130.24216 1567701034-localAD_1it_96cpus_0delay_npc-1 139629097043776
read_file 1567701127.3734252 1567701127.3750312 bigbrain_769_603_1388.nii 140141717059392
increment_file 1567701127.3752556 1567701128.6519988 bigbrain_769_603_1388.nii 140141717059392
write_file 1567701128.6719391 1567701129.9337976 inc-bigbrain_769_603_1388.nii 140141717059392
task_duration 1567701127.371413 1567701129.9378266 1567701034-localAD_1it_96cpus_0delay_npc-1 140141717059392
read_file 1567701127.3727226 1567701127.3753242 bigbrain_3076_603_2776.nii 140011426584384
increment_file 1567701127.3756402 1567701128.4558852 bigbrain_3076_603_2776.nii 140011426584384
write_file 1567701128.476065 1567701129.7287426 inc-bigbrain_3076_603_2776.nii 140011426584384
task_duration 1567701127.36932 1567701129.7382667 1567701034-localAD_1it_96cpus_0delay_npc-1 140011426584384
read_file 1567701127.373963 1567701127.3753493 bigbrain_3076_1206_2776.nii 139818087946048
increment_file 1567701127.3756287 1567701128.9686868 bigbrain_3076_1206_2776.nii 139818087946048
write_file 1567701128.9899123 1567701130.0508554 inc-bigbrain_3076_1206_2776.nii 139818087946048
task_duration 1567701127.3715582 1567701130.0577552 1567701034-localAD_1it_96cpus_0delay_npc-1 139818087946048
read_file 1567701127.3745282 1567701127.3761375 bigbrain_769_603_2082.nii 140035462403904
increment_file 1567701127.3763838 1567701129.0538886 bigbrain_769_603_2082.nii 140035462403904
write_file 1567701129.074876 1567701130.2072175 inc-bigbrain_769_603_2082.nii 140035462403904
task_duration 1567701127.3726757 1567701130.2118206 1567701034-localAD_1it_96cpus_0delay_npc-1 140035462403904
read_file 1567701127.3747663 1567701127.3770437 bigbrain_2307_603_0.nii 140665640892224
increment_file 1567701127.3774085 1567701128.9180822 bigbrain_2307_603_0.nii 140665640892224
write_file 1567701128.9381664 1567701130.2161498 inc-bigbrain_2307_603_0.nii 140665640892224
task_duration 1567701127.3718472 1567701130.219586 1567701034-localAD_1it_96cpus_0delay_npc-1 140665640892224
read_file 1567701127.3751557 1567701127.3772068 bigbrain_2307_2412_1388.nii 140182813857600
increment_file 1567701127.3775272 1567701128.5443046 bigbrain_2307_2412_1388.nii 140182813857600
write_file 1567701128.562374 1567701129.6828578 inc-bigbrain_2307_2412_1388.nii 140182813857600
task_duration 1567701127.3717217 1567701129.6926694 1567701034-localAD_1it_96cpus_0delay_npc-1 140182813857600
read_file 1567701127.3761508 1567701127.3773887 bigbrain_1538_1809_2082.nii 140069871167296
increment_file 1567701127.3775642 1567701128.333983 bigbrain_1538_1809_2082.nii 140069871167296
write_file 1567701128.353185 1567701129.4012797 inc-bigbrain_1538_1809_2082.nii 140069871167296
task_duration 1567701127.374346 1567701129.4126692 1567701034-localAD_1it_96cpus_0delay_npc-1 140069871167296
read_file 1567701127.3755882 1567701127.3775194 bigbrain_769_2412_2776.nii 140558462904128
increment_file 1567701127.3777657 1567701128.5084217 bigbrain_769_2412_2776.nii 140558462904128
write_file 1567701128.5267534 1567701129.8178694 inc-bigbrain_769_2412_2776.nii 140558462904128
task_duration 1567701127.37087 1567701129.8240697 1567701034-localAD_1it_96cpus_0delay_npc-1 140558462904128
read_file 1567701127.37582 1567701127.3778563 bigbrain_1538_2412_694.nii 140148060051264
increment_file 1567701127.378164 1567701128.6839175 bigbrain_1538_2412_694.nii 140148060051264
write_file 1567701128.7055514 1567701129.9686432 inc-bigbrain_1538_2412_694.nii 140148060051264
task_duration 1567701127.3732991 1567701129.9771392 1567701034-localAD_1it_96cpus_0delay_npc-1 140148060051264
read_file 1567701127.375845 1567701127.3779619 bigbrain_769_0_2776.nii 140447210432320
increment_file 1567701127.3783064 1567701128.959606 bigbrain_769_0_2776.nii 140447210432320
write_file 1567701128.9812386 1567701130.2379525 inc-bigbrain_769_0_2776.nii 140447210432320
task_duration 1567701127.373417 1567701130.241588 1567701034-localAD_1it_96cpus_0delay_npc-1 140447210432320
read_file 1567701127.3769777 1567701127.3788939 bigbrain_2307_2412_2082.nii 140081513817920
increment_file 1567701127.3791435 1567701128.600758 bigbrain_2307_2412_2082.nii 140081513817920
write_file 1567701128.6220198 1567701129.8139338 inc-bigbrain_2307_2412_2082.nii 140081513817920
task_duration 1567701127.3739817 1567701129.8202312 1567701034-localAD_1it_96cpus_0delay_npc-1 140081513817920
read_file 1567701127.3785617 1567701127.3803964 bigbrain_3076_603_2082.nii 139960633026368
increment_file 1567701127.380669 1567701128.6395853 bigbrain_3076_603_2082.nii 139960633026368
write_file 1567701128.6598291 1567701129.9288852 inc-bigbrain_3076_603_2082.nii 139960633026368
task_duration 1567701127.3762918 1567701129.9333265 1567701034-localAD_1it_96cpus_0delay_npc-1 139960633026368
read_file 1567701127.378942 1567701127.3807747 bigbrain_2307_603_2776.nii 140131208841024
increment_file 1567701127.3810816 1567701128.5421126 bigbrain_2307_603_2776.nii 140131208841024
write_file 1567701128.5682297 1567701129.6428425 inc-bigbrain_2307_603_2776.nii 140131208841024
task_duration 1567701127.376776 1567701129.6521595 1567701034-localAD_1it_96cpus_0delay_npc-1 140131208841024
read_file 1567701127.3793635 1567701127.3811076 bigbrain_3076_1809_694.nii 139702350350144
increment_file 1567701127.3813696 1567701128.47941 bigbrain_3076_1809_694.nii 139702350350144
write_file 1567701128.506301 1567701129.686233 inc-bigbrain_3076_1809_694.nii 139702350350144
task_duration 1567701127.3769958 1567701129.6927872 1567701034-localAD_1it_96cpus_0delay_npc-1 139702350350144
read_file 1567701127.3801715 1567701127.381862 bigbrain_1538_603_0.nii 139946919266112
increment_file 1567701127.382094 1567701128.6715317 bigbrain_1538_603_0.nii 139946919266112
write_file 1567701128.685864 1567701129.8585463 inc-bigbrain_1538_603_0.nii 139946919266112
task_duration 1567701127.3781106 1567701129.8637514 1567701034-localAD_1it_96cpus_0delay_npc-1 139946919266112
read_file 1567701127.3812017 1567701127.3829575 bigbrain_1538_1206_2776.nii 140702757844800
increment_file 1567701127.3832033 1567701128.6128354 bigbrain_1538_1206_2776.nii 140702757844800
write_file 1567701128.632853 1567701129.917379 inc-bigbrain_1538_1206_2776.nii 140702757844800
task_duration 1567701127.3788428 1567701129.9210417 1567701034-localAD_1it_96cpus_0delay_npc-1 140702757844800
read_file 1567701127.3803113 1567701127.3830578 bigbrain_769_603_2776.nii 140591350826816
increment_file 1567701127.3835638 1567701128.795418 bigbrain_769_603_2776.nii 140591350826816
write_file 1567701128.8101 1567701129.8867517 inc-bigbrain_769_603_2776.nii 140591350826816
task_duration 1567701127.377813 1567701129.898505 1567701034-localAD_1it_96cpus_0delay_npc-1 140591350826816
read_file 1567701127.3810387 1567701127.3833935 bigbrain_2307_1206_2082.nii 140338787133248
increment_file 1567701127.3836834 1567701128.5902185 bigbrain_2307_1206_2082.nii 140338787133248
write_file 1567701128.6062553 1567701129.9019947 inc-bigbrain_2307_1206_2082.nii 140338787133248
task_duration 1567701127.37874 1567701129.9070423 1567701034-localAD_1it_96cpus_0delay_npc-1 140338787133248
read_file 1567701127.3839831 1567701127.386136 bigbrain_1538_603_1388.nii 140005957494592
increment_file 1567701127.38649 1567701128.5911741 bigbrain_1538_603_1388.nii 140005957494592
write_file 1567701128.613797 1567701129.9228776 inc-bigbrain_1538_603_1388.nii 140005957494592
task_duration 1567701127.3810997 1567701129.9341109 1567701034-localAD_1it_96cpus_0delay_npc-1 140005957494592
read_file 1567701127.383564 1567701127.3864508 bigbrain_769_603_0.nii 139749746480960
increment_file 1567701127.3868537 1567701128.651915 bigbrain_769_603_0.nii 139749746480960
write_file 1567701128.672426 1567701129.795216 inc-bigbrain_769_603_0.nii 139749746480960
task_duration 1567701127.379637 1567701129.802818 1567701034-localAD_1it_96cpus_0delay_npc-1 139749746480960
read_file 1567701127.3843827 1567701127.3865118 bigbrain_3076_0_1388.nii 140059045173056
increment_file 1567701127.3868346 1567701128.5337703 bigbrain_3076_0_1388.nii 140059045173056
write_file 1567701128.5529108 1567701129.620088 inc-bigbrain_3076_0_1388.nii 140059045173056
task_duration 1567701127.3805356 1567701129.6287656 1567701034-localAD_1it_96cpus_0delay_npc-1 140059045173056
read_file 1567701127.3850644 1567701127.3872616 bigbrain_2307_0_2776.nii 140638563002176
increment_file 1567701127.3874912 1567701128.5717885 bigbrain_2307_0_2776.nii 140638563002176
write_file 1567701128.595016 1567701129.9080565 inc-bigbrain_2307_0_2776.nii 140638563002176
task_duration 1567701127.3819315 1567701129.911894 1567701034-localAD_1it_96cpus_0delay_npc-1 140638563002176
read_file 1567701127.386835 1567701127.3890107 bigbrain_3076_1206_1388.nii 140527463741248
increment_file 1567701127.389285 1567701128.6325 bigbrain_3076_1206_1388.nii 140527463741248
write_file 1567701128.6524293 1567701129.9153469 inc-bigbrain_3076_1206_1388.nii 140527463741248
task_duration 1567701127.384076 1567701129.9194324 1567701034-localAD_1it_96cpus_0delay_npc-1 140527463741248
read_file 1567701127.3895056 1567701127.3912892 bigbrain_2307_603_2082.nii 140573762709312
increment_file 1567701127.391626 1567701128.588794 bigbrain_2307_603_2082.nii 140573762709312
write_file 1567701128.6050913 1567701129.8802288 inc-bigbrain_2307_603_2082.nii 140573762709312
task_duration 1567701127.387617 1567701129.8843987 1567701034-localAD_1it_96cpus_0delay_npc-1 140573762709312
read_file 1567701127.3890908 1567701127.3919797 bigbrain_2307_2412_2776.nii 140010528491328
increment_file 1567701127.3923755 1567701128.6069367 bigbrain_2307_2412_2776.nii 140010528491328
write_file 1567701128.6223505 1567701129.7357008 inc-bigbrain_2307_2412_2776.nii 140010528491328
task_duration 1567701127.3861878 1567701129.7444897 1567701034-localAD_1it_96cpus_0delay_npc-1 140010528491328
read_file 1567701127.3914053 1567701127.3932388 bigbrain_769_2412_1388.nii 140606550275904
increment_file 1567701127.3935142 1567701128.5921803 bigbrain_769_2412_1388.nii 140606550275904
write_file 1567701128.60679 1567701129.809637 inc-bigbrain_769_2412_1388.nii 140606550275904
task_duration 1567701127.3893182 1567701129.8165517 1567701034-localAD_1it_96cpus_0delay_npc-1 140606550275904
read_file 1567701127.3911538 1567701127.3934364 bigbrain_3076_2412_2776.nii 140535253145408
increment_file 1567701127.3937814 1567701128.527362 bigbrain_3076_2412_2776.nii 140535253145408
write_file 1567701128.5462263 1567701129.6159074 inc-bigbrain_3076_2412_2776.nii 140535253145408
task_duration 1567701127.3890188 1567701129.6266608 1567701034-localAD_1it_96cpus_0delay_npc-1 140535253145408
read_file 1567701127.3915281 1567701127.3936226 bigbrain_3076_2412_0.nii 140035048118080
increment_file 1567701127.3941147 1567701128.8776088 bigbrain_3076_2412_0.nii 140035048118080
write_file 1567701128.899607 1567701130.1570108 inc-bigbrain_3076_2412_0.nii 140035048118080
task_duration 1567701127.389459 1567701130.1620789 1567701034-localAD_1it_96cpus_0delay_npc-1 140035048118080
read_file 1567701127.3934202 1567701127.3960485 bigbrain_769_1206_2082.nii 139817732339520
increment_file 1567701127.3966408 1567701128.5681412 bigbrain_769_1206_2082.nii 139817732339520
write_file 1567701128.5921137 1567701129.8523538 inc-bigbrain_769_1206_2082.nii 139817732339520
task_duration 1567701127.3904219 1567701129.86127 1567701034-localAD_1it_96cpus_0delay_npc-1 139817732339520
read_file 1567701127.3742943 1567701127.4227374 bigbrain_769_1809_2082.nii 140187025729344
increment_file 1567701127.423348 1567701169.630952 bigbrain_769_1809_2082.nii 140187025729344
write_file 1567701169.6488438 1567701170.1140513 inc-bigbrain_769_1809_2082.nii 140187025729344
task_duration 1567701127.3723774 1567701170.1167636 1567701034-localAD_1it_96cpus_0delay_npc-1 140187025729344
read_file 1567701127.3806202 1567701127.4228406 bigbrain_3076_603_0.nii 139903007889216
increment_file 1567701127.4233882 1567701168.9335551 bigbrain_3076_603_0.nii 139903007889216
write_file 1567701168.9529243 1567701169.4238338 inc-bigbrain_3076_603_0.nii 139903007889216
task_duration 1567701127.3780239 1567701169.4266245 1567701034-localAD_1it_96cpus_0delay_npc-1 139903007889216
read_file 1567701127.3800585 1567701127.423412 bigbrain_769_1206_2776.nii 140121347319616
increment_file 1567701127.4240305 1567701169.6169975 bigbrain_769_1206_2776.nii 140121347319616
write_file 1567701169.6336248 1567701170.3046958 inc-bigbrain_769_1206_2776.nii 140121347319616
task_duration 1567701127.3775203 1567701170.3074403 1567701034-localAD_1it_96cpus_0delay_npc-1 140121347319616
read_file 1567701127.3549874 1567701127.4251416 bigbrain_769_1809_0.nii 139834117879616
increment_file 1567701127.4255013 1567701168.0264983 bigbrain_769_1809_0.nii 139834117879616
write_file 1567701168.047294 1567701168.5702772 inc-bigbrain_769_1809_0.nii 139834117879616
task_duration 1567701127.3519897 1567701168.5729656 1567701034-localAD_1it_96cpus_0delay_npc-1 139834117879616
read_file 1567701127.3731701 1567701127.4252603 bigbrain_1538_2412_1388.nii 140436490585920
increment_file 1567701127.425666 1567701169.2375653 bigbrain_1538_2412_1388.nii 140436490585920
write_file 1567701169.2551916 1567701169.7718298 inc-bigbrain_1538_2412_1388.nii 140436490585920
task_duration 1567701127.371347 1567701169.774482 1567701034-localAD_1it_96cpus_0delay_npc-1 140436490585920
read_file 1567701127.3514297 1567701127.4258707 bigbrain_2307_1206_1388.nii 139672648415040
increment_file 1567701127.4262993 1567701169.0679035 bigbrain_2307_1206_1388.nii 139672648415040
write_file 1567701169.09014 1567701169.6200502 inc-bigbrain_2307_1206_1388.nii 139672648415040
task_duration 1567701127.3477888 1567701169.6230283 1567701034-localAD_1it_96cpus_0delay_npc-1 139672648415040
read_file 1567701127.3513136 1567701127.426073 bigbrain_769_0_1388.nii 139768350185280
increment_file 1567701127.4266188 1567701140.4302998 bigbrain_769_0_1388.nii 139768350185280
write_file 1567701140.4408712 1567701140.931715 inc-bigbrain_769_0_1388.nii 139768350185280
task_duration 1567701127.3476965 1567701140.9341185 1567701034-localAD_1it_96cpus_0delay_npc-1 139768350185280
read_file 1567701127.352499 1567701127.4262767 bigbrain_3076_0_694.nii 140336368478016
increment_file 1567701127.4266324 1567701139.9853568 bigbrain_3076_0_694.nii 140336368478016
write_file 1567701139.9953718 1567701140.5570464 inc-bigbrain_3076_0_694.nii 140336368478016
task_duration 1567701127.3476186 1567701140.560378 1567701034-localAD_1it_96cpus_0delay_npc-1 140336368478016
read_file 1567701127.3512409 1567701127.4263854 bigbrain_3076_2412_694.nii 140652309653312
increment_file 1567701127.4268544 1567701139.1791606 bigbrain_3076_2412_694.nii 140652309653312
write_file 1567701139.189152 1567701139.6463103 inc-bigbrain_3076_2412_694.nii 140652309653312
task_duration 1567701127.34969 1567701139.6487906 1567701034-localAD_1it_96cpus_0delay_npc-1 140652309653312
read_file 1567701127.356854 1567701127.4266763 bigbrain_769_1206_1388.nii 139663676098368
increment_file 1567701127.4272563 1567701154.7617412 bigbrain_769_1206_1388.nii 139663676098368
write_file 1567701154.771723 1567701155.2169397 inc-bigbrain_769_1206_1388.nii 139663676098368
task_duration 1567701127.3539608 1567701155.2194388 1567701034-localAD_1it_96cpus_0delay_npc-1 139663676098368
read_file 1567701127.3526902 1567701127.429627 bigbrain_2307_1206_2776.nii 140090106099520
increment_file 1567701127.4304278 1567701158.9540334 bigbrain_2307_1206_2776.nii 140090106099520
write_file 1567701158.9640713 1567701159.418917 inc-bigbrain_2307_1206_2776.nii 140090106099520
task_duration 1567701127.347995 1567701159.421524 1567701034-localAD_1it_96cpus_0delay_npc-1 140090106099520
read_file 1567701127.3565898 1567701127.4302256 bigbrain_769_0_2082.nii 140120909096768
increment_file 1567701127.430684 1567701165.2312613 bigbrain_769_0_2082.nii 140120909096768
write_file 1567701165.2412827 1567701165.7098684 inc-bigbrain_769_0_2082.nii 140120909096768
task_duration 1567701127.3537092 1567701165.7124493 1567701034-localAD_1it_96cpus_0delay_npc-1 140120909096768
read_file 1567701127.376335 1567701127.4327917 bigbrain_769_1809_2776.nii 140022112167744
increment_file 1567701127.4334095 1567701165.163614 bigbrain_769_1809_2776.nii 140022112167744
write_file 1567701165.173567 1567701165.632429 inc-bigbrain_769_1809_2776.nii 140022112167744
task_duration 1567701127.3745677 1567701165.6350956 1567701034-localAD_1it_96cpus_0delay_npc-1 140022112167744
read_file 1567701127.381934 1567701127.4330156 bigbrain_2307_0_1388.nii 139729758574400
increment_file 1567701127.4334807 1567701139.5478098 bigbrain_2307_0_1388.nii 139729758574400
write_file 1567701139.5578425 1567701140.0098057 inc-bigbrain_2307_0_1388.nii 139729758574400
task_duration 1567701127.379006 1567701140.0123234 1567701034-localAD_1it_96cpus_0delay_npc-1 139729758574400
read_file 1567701127.3539279 1567701127.4355292 bigbrain_1538_2412_2776.nii 139973386962752
increment_file 1567701127.4366395 1567701140.4153917 bigbrain_1538_2412_2776.nii 139973386962752
write_file 1567701140.4259827 1567701140.895541 inc-bigbrain_1538_2412_2776.nii 139973386962752
task_duration 1567701127.351425 1567701140.8981044 1567701034-localAD_1it_96cpus_0delay_npc-1 139973386962752
read_file 1567701127.3698034 1567701127.435608 bigbrain_2307_0_0.nii 140554324866880
increment_file 1567701127.4367092 1567701169.365563 bigbrain_2307_0_0.nii 140554324866880
write_file 1567701169.38478 1567701169.9487016 inc-bigbrain_2307_0_0.nii 140554324866880
task_duration 1567701127.3671436 1567701169.9514313 1567701034-localAD_1it_96cpus_0delay_npc-1 140554324866880
read_file 1567701127.3726072 1567701127.4356682 bigbrain_1538_1809_0.nii 140554849797952
increment_file 1567701127.4369664 1567701163.8463693 bigbrain_1538_1809_0.nii 140554849797952
write_file 1567701163.8567307 1567701164.3069677 inc-bigbrain_1538_1809_0.nii 140554849797952
task_duration 1567701127.3707094 1567701164.309432 1567701034-localAD_1it_96cpus_0delay_npc-1 140554849797952
read_file 1567701127.3907368 1567701127.4358146 bigbrain_2307_1206_0.nii 139992276539200
increment_file 1567701127.437108 1567701139.1387622 bigbrain_2307_1206_0.nii 139992276539200
write_file 1567701139.148795 1567701139.6027362 inc-bigbrain_2307_1206_0.nii 139992276539200
task_duration 1567701127.3887842 1567701139.605445 1567701034-localAD_1it_96cpus_0delay_npc-1 139992276539200
read_file 1567701127.3735614 1567701127.4358706 bigbrain_769_1206_694.nii 140001832654656
increment_file 1567701127.437227 1567701159.1651103 bigbrain_769_1206_694.nii 140001832654656
write_file 1567701159.1753829 1567701159.687803 inc-bigbrain_769_1206_694.nii 140001832654656
task_duration 1567701127.3711877 1567701159.6908932 1567701034-localAD_1it_96cpus_0delay_npc-1 140001832654656
read_file 1567701127.3734274 1567701127.4575477 bigbrain_1538_1206_0.nii 140356931905344
increment_file 1567701127.4589689 1567701168.8570817 bigbrain_1538_1206_0.nii 140356931905344
write_file 1567701168.8760664 1567701169.4007638 inc-bigbrain_1538_1206_0.nii 140356931905344
task_duration 1567701127.3710692 1567701169.4036527 1567701034-localAD_1it_96cpus_0delay_npc-1 140356931905344
read_file 1567701127.3837922 1567701127.4707623 bigbrain_2307_0_694.nii 140280833890112
increment_file 1567701127.4720404 1567701169.38222 bigbrain_2307_0_694.nii 140280833890112
write_file 1567701169.4003193 1567701169.8805425 inc-bigbrain_2307_0_694.nii 140280833890112
task_duration 1567701127.380607 1567701169.8832333 1567701034-localAD_1it_96cpus_0delay_npc-1 140280833890112
read_file 1567701127.3676443 1567701127.4713275 bigbrain_1538_1809_2776.nii 140245124568896
increment_file 1567701127.4721594 1567701167.3342478 bigbrain_1538_1809_2776.nii 140245124568896
write_file 1567701167.354925 1567701167.8121173 inc-bigbrain_1538_1809_2776.nii 140245124568896
task_duration 1567701127.365769 1567701167.815034 1567701034-localAD_1it_96cpus_0delay_npc-1 140245124568896
read_file 1567701127.3791451 1567701127.4743335 bigbrain_1538_1206_1388.nii 140382089238336
increment_file 1567701127.4758868 1567701170.8606868 bigbrain_1538_1206_1388.nii 140382089238336
write_file 1567701170.8814576 1567701171.352386 inc-bigbrain_1538_1206_1388.nii 140382089238336
task_duration 1567701127.376109 1567701171.3548467 1567701034-localAD_1it_96cpus_0delay_npc-1 140382089238336
read_file 1567701130.4926844 1567701130.493771 bigbrain_769_603_694.nii 139664660752192
increment_file 1567701130.49398 1567701130.8772507 bigbrain_769_603_694.nii 139664660752192
write_file 1567701130.8862288 1567701131.3467195 inc-bigbrain_769_603_694.nii 139664660752192
task_duration 1567701130.491283 1567701131.349291 1567701034-localAD_1it_96cpus_0delay_npc-1 139664660752192
