read_file 1567633935.5547805 1567633935.5561225 bigbrain_3076_603_1388.nii 140338923566912
increment_file 1567633935.5563667 1567633976.7701943 bigbrain_3076_603_1388.nii 140338923566912
write_file 1567633976.7962456 1567633987.6950579 inc-bigbrain_3076_603_1388.nii 140338923566912
task_duration 1567633935.550274 1567633987.6977742 1567633372-optaneAD_1it_96cpus_0delay_npc-0 140338923566912
read_file 1567633935.5550182 1567633935.5561807 bigbrain_3076_0_0.nii 139870249498432
increment_file 1567633935.5564048 1567633976.6865718 bigbrain_3076_0_0.nii 139870249498432
write_file 1567633976.6963298 1567633997.018804 inc-bigbrain_3076_0_0.nii 139870249498432
task_duration 1567633935.551238 1567633997.0215244 1567633372-optaneAD_1it_96cpus_0delay_npc-0 139870249498432
read_file 1567633935.554789 1567633935.5562363 bigbrain_2307_1206_2776.nii 140048603035456
increment_file 1567633935.5564592 1567633976.7828374 bigbrain_2307_1206_2776.nii 140048603035456
write_file 1567633976.8371723 1567633987.3458529 inc-bigbrain_2307_1206_2776.nii 140048603035456
task_duration 1567633935.550314 1567633987.3487856 1567633372-optaneAD_1it_96cpus_0delay_npc-0 140048603035456
read_file 1567633935.5547893 1567633935.556239 bigbrain_2307_1809_2776.nii 139737685100352
increment_file 1567633935.5564988 1567633976.7509496 bigbrain_2307_1809_2776.nii 139737685100352
write_file 1567633976.8088496 1567633987.5877843 inc-bigbrain_2307_1809_2776.nii 139737685100352
task_duration 1567633935.5504987 1567633987.5904658 1567633372-optaneAD_1it_96cpus_0delay_npc-0 139737685100352
read_file 1567633935.605849 1567633935.6071012 bigbrain_1538_1206_2776.nii 139772982462272
increment_file 1567633935.6073506 1567633981.066864 bigbrain_1538_1206_2776.nii 139772982462272
write_file 1567633981.0831263 1567633987.9799135 inc-bigbrain_1538_1206_2776.nii 139772982462272
task_duration 1567633935.6038094 1567633987.9824245 1567633372-optaneAD_1it_96cpus_0delay_npc-0 139772982462272
read_file 1567633935.607661 1567633935.6092145 bigbrain_1538_1809_694.nii 140150935791424
increment_file 1567633935.609802 1567633981.5138419 bigbrain_1538_1809_694.nii 140150935791424
write_file 1567633981.520896 1567633995.1392095 inc-bigbrain_1538_1809_694.nii 140150935791424
task_duration 1567633935.6057239 1567633995.1416316 1567633372-optaneAD_1it_96cpus_0delay_npc-0 140150935791424
read_file 1567633935.6098726 1567633935.6133058 bigbrain_2307_1809_2082.nii 139891018254144
increment_file 1567633935.6137223 1567633981.8164034 bigbrain_2307_1809_2082.nii 139891018254144
write_file 1567633981.8407571 1567633988.1933684 inc-bigbrain_2307_1809_2082.nii 139891018254144
task_duration 1567633935.6067066 1567633988.1958933 1567633372-optaneAD_1it_96cpus_0delay_npc-0 139891018254144
read_file 1567633935.6162813 1567633935.6206553 bigbrain_1538_1809_2776.nii 140688400541504
increment_file 1567633935.6215804 1567633981.322073 bigbrain_1538_1809_2776.nii 140688400541504
write_file 1567633981.3505168 1567633992.102016 inc-bigbrain_1538_1809_2776.nii 140688400541504
task_duration 1567633935.611229 1567633992.1048477 1567633372-optaneAD_1it_96cpus_0delay_npc-0 140688400541504
read_file 1567633935.617778 1567633935.6232438 bigbrain_2307_1809_694.nii 140009146480448
increment_file 1567633935.6245522 1567633983.925982 bigbrain_2307_1809_694.nii 140009146480448
write_file 1567633983.9589245 1567633995.5680647 inc-bigbrain_2307_1809_694.nii 140009146480448
task_duration 1567633935.6133227 1567633995.5709832 1567633372-optaneAD_1it_96cpus_0delay_npc-0 140009146480448
read_file 1567633935.6213617 1567633935.6235733 bigbrain_3076_0_694.nii 140111152404288
increment_file 1567633935.6242452 1567633981.2166612 bigbrain_3076_0_694.nii 140111152404288
write_file 1567633981.2224946 1567633999.243746 inc-bigbrain_3076_0_694.nii 140111152404288
task_duration 1567633935.6184683 1567633999.2465363 1567633372-optaneAD_1it_96cpus_0delay_npc-0 140111152404288
read_file 1567633935.620943 1567633935.6281064 bigbrain_1538_1809_0.nii 140608681322304
increment_file 1567633935.630379 1567633984.0584035 bigbrain_1538_1809_0.nii 140608681322304
write_file 1567633984.0782316 1567633994.5046887 inc-bigbrain_1538_1809_0.nii 140608681322304
task_duration 1567633935.6177895 1567633994.507695 1567633372-optaneAD_1it_96cpus_0delay_npc-0 140608681322304
read_file 1567633935.6333802 1567633935.643126 bigbrain_3076_1809_2776.nii 139771867522880
increment_file 1567633935.6446853 1567633982.2865713 bigbrain_3076_1809_2776.nii 139771867522880
write_file 1567633982.3664868 1567633995.0786524 inc-bigbrain_3076_1809_2776.nii 139771867522880
task_duration 1567633935.6269395 1567633995.0824678 1567633372-optaneAD_1it_96cpus_0delay_npc-0 139771867522880
read_file 1567633935.6405687 1567633935.6451807 bigbrain_2307_0_694.nii 140344303093568
increment_file 1567633935.6458914 1567633984.0455427 bigbrain_2307_0_694.nii 140344303093568
write_file 1567633984.065766 1567633998.2611902 inc-bigbrain_2307_0_694.nii 140344303093568
task_duration 1567633935.638593 1567633998.2641637 1567633372-optaneAD_1it_96cpus_0delay_npc-0 140344303093568
read_file 1567633935.6388624 1567633935.6453893 bigbrain_2307_603_0.nii 139693031540544
increment_file 1567633935.6465232 1567633983.957583 bigbrain_2307_603_0.nii 139693031540544
write_file 1567633983.995937 1567634002.375885 inc-bigbrain_2307_603_0.nii 139693031540544
task_duration 1567633935.6307428 1567634002.378729 1567633372-optaneAD_1it_96cpus_0delay_npc-0 139693031540544
read_file 1567633935.6360276 1567633935.646106 bigbrain_1538_2412_694.nii 140697449207616
increment_file 1567633935.6469026 1567633984.1771584 bigbrain_1538_2412_694.nii 140697449207616
write_file 1567633984.1939921 1567634002.6045358 inc-bigbrain_1538_2412_694.nii 140697449207616
task_duration 1567633935.6327167 1567634002.6073055 1567633372-optaneAD_1it_96cpus_0delay_npc-0 140697449207616
read_file 1567633935.6354723 1567633935.6499147 bigbrain_1538_1206_0.nii 140271056549696
increment_file 1567633935.6513443 1567633982.2157478 bigbrain_1538_1206_0.nii 140271056549696
write_file 1567633982.2328029 1567634000.8548894 inc-bigbrain_1538_1206_0.nii 140271056549696
task_duration 1567633935.6241508 1567634000.8574343 1567633372-optaneAD_1it_96cpus_0delay_npc-0 140271056549696
read_file 1567633935.6485517 1567633935.6546447 bigbrain_2307_603_2082.nii 139968861480768
increment_file 1567633935.6555276 1567633984.100551 bigbrain_2307_603_2082.nii 139968861480768
write_file 1567633984.155806 1567633994.2510612 inc-bigbrain_2307_603_2082.nii 139968861480768
task_duration 1567633935.6454973 1567633994.254385 1567633372-optaneAD_1it_96cpus_0delay_npc-0 139968861480768
read_file 1567633935.6458015 1567633935.65679 bigbrain_3076_1206_2776.nii 140406757881664
increment_file 1567633935.6592875 1567633982.5516868 bigbrain_3076_1206_2776.nii 140406757881664
write_file 1567633982.6003687 1567634003.1845558 inc-bigbrain_3076_1206_2776.nii 140406757881664
task_duration 1567633935.634483 1567634003.187835 1567633372-optaneAD_1it_96cpus_0delay_npc-0 140406757881664
read_file 1567633935.6526423 1567633935.659443 bigbrain_2307_1206_2082.nii 139684210739008
increment_file 1567633935.6617856 1567633982.0266047 bigbrain_2307_1206_2082.nii 139684210739008
write_file 1567633982.0548854 1567633988.022775 inc-bigbrain_2307_1206_2082.nii 139684210739008
task_duration 1567633935.6449392 1567633988.0253024 1567633372-optaneAD_1it_96cpus_0delay_npc-0 139684210739008
read_file 1567633935.6612935 1567633935.6632829 bigbrain_3076_1206_694.nii 139731346974528
increment_file 1567633935.663727 1567633981.9125333 bigbrain_3076_1206_694.nii 139731346974528
write_file 1567633981.9174163 1567633988.562876 inc-bigbrain_3076_1206_694.nii 139731346974528
task_duration 1567633935.6586077 1567633988.5658693 1567633372-optaneAD_1it_96cpus_0delay_npc-0 139731346974528
read_file 1567633935.6750717 1567633935.6775174 bigbrain_2307_2412_1388.nii 139726209300288
increment_file 1567633935.6785734 1567633983.1619403 bigbrain_2307_2412_1388.nii 139726209300288
write_file 1567633983.273512 1567634003.1900601 inc-bigbrain_2307_2412_1388.nii 139726209300288
task_duration 1567633935.6691563 1567634003.192676 1567633372-optaneAD_1it_96cpus_0delay_npc-0 139726209300288
read_file 1567633935.6692054 1567633935.6782894 bigbrain_1538_603_1388.nii 140482115491648
increment_file 1567633935.6791975 1567633984.0810564 bigbrain_1538_603_1388.nii 140482115491648
write_file 1567633984.138612 1567634001.8756697 inc-bigbrain_1538_603_1388.nii 140482115491648
task_duration 1567633935.6659887 1567634001.878643 1567633372-optaneAD_1it_96cpus_0delay_npc-0 140482115491648
read_file 1567633935.6771235 1567633935.688129 bigbrain_1538_603_694.nii 140428367800128
increment_file 1567633935.6894326 1567633984.056419 bigbrain_1538_603_694.nii 140428367800128
write_file 1567633984.0927584 1567633997.3601582 inc-bigbrain_1538_603_694.nii 140428367800128
task_duration 1567633935.6740825 1567633997.363026 1567633372-optaneAD_1it_96cpus_0delay_npc-0 140428367800128
read_file 1567633935.6809168 1567633935.69486 bigbrain_1538_1206_1388.nii 139737212180288
increment_file 1567633935.6984017 1567633982.2922835 bigbrain_1538_1206_1388.nii 139737212180288
write_file 1567633982.3680806 1567634001.407083 inc-bigbrain_1538_1206_1388.nii 139737212180288
task_duration 1567633935.6757565 1567634001.4096467 1567633372-optaneAD_1it_96cpus_0delay_npc-0 139737212180288
read_file 1567633935.6762888 1567633935.6964018 bigbrain_1538_0_694.nii 139665817343808
increment_file 1567633935.6990347 1567633984.1995 bigbrain_1538_0_694.nii 139665817343808
write_file 1567633984.207222 1567634002.7634518 inc-bigbrain_1538_0_694.nii 139665817343808
task_duration 1567633935.6706686 1567634002.7661717 1567633372-optaneAD_1it_96cpus_0delay_npc-0 139665817343808
read_file 1567633935.6881068 1567633935.697531 bigbrain_2307_0_2776.nii 140003400689472
increment_file 1567633935.6983612 1567633982.3310971 bigbrain_2307_0_2776.nii 140003400689472
write_file 1567633982.3501267 1567633999.3320985 inc-bigbrain_2307_0_2776.nii 140003400689472
task_duration 1567633935.685236 1567633999.3346164 1567633372-optaneAD_1it_96cpus_0delay_npc-0 140003400689472
read_file 1567633935.6969624 1567633935.6984148 bigbrain_3076_1809_2082.nii 139790921865024
increment_file 1567633935.699228 1567633982.0226614 bigbrain_3076_1809_2082.nii 139790921865024
write_file 1567633982.0268936 1567633988.2099755 inc-bigbrain_3076_1809_2082.nii 139790921865024
task_duration 1567633935.6957266 1567633988.2125554 1567633372-optaneAD_1it_96cpus_0delay_npc-0 139790921865024
read_file 1567633935.6906157 1567633935.7012913 bigbrain_2307_603_2776.nii 139830905177920
increment_file 1567633935.7027857 1567633981.9923148 bigbrain_2307_603_2776.nii 139830905177920
write_file 1567633982.0095613 1567634003.0102437 inc-bigbrain_2307_603_2776.nii 139830905177920
task_duration 1567633935.6879327 1567634003.0135455 1567633372-optaneAD_1it_96cpus_0delay_npc-0 139830905177920
read_file 1567633935.7025514 1567633935.706514 bigbrain_2307_1809_1388.nii 139919254484800
increment_file 1567633935.7086446 1567633983.2077127 bigbrain_2307_1809_1388.nii 139919254484800
write_file 1567633983.2772093 1567634003.1697638 inc-bigbrain_2307_1809_1388.nii 139919254484800
task_duration 1567633935.7010388 1567634003.172674 1567633372-optaneAD_1it_96cpus_0delay_npc-0 139919254484800
read_file 1567633935.700893 1567633935.71161 bigbrain_1538_2412_1388.nii 140679626200896
increment_file 1567633935.714265 1567633982.4077983 bigbrain_1538_2412_1388.nii 140679626200896
write_file 1567633982.412482 1567633988.561281 inc-bigbrain_1538_2412_1388.nii 140679626200896
task_duration 1567633935.6911192 1567633988.5652745 1567633372-optaneAD_1it_96cpus_0delay_npc-0 140679626200896
read_file 1567633935.6980817 1567633935.7149873 bigbrain_769_1809_2082.nii 140339043891008
increment_file 1567633935.7195504 1567633984.0317879 bigbrain_769_1809_2082.nii 140339043891008
write_file 1567633984.0482876 1567633998.145078 inc-bigbrain_769_1809_2082.nii 140339043891008
task_duration 1567633935.687263 1567633998.1484933 1567633372-optaneAD_1it_96cpus_0delay_npc-0 140339043891008
read_file 1567633935.702189 1567633935.7325828 bigbrain_1538_603_0.nii 139646195205952
increment_file 1567633935.735473 1567633982.3623776 bigbrain_1538_603_0.nii 139646195205952
write_file 1567633982.3744824 1567633992.0540898 inc-bigbrain_1538_603_0.nii 139646195205952
task_duration 1567633935.6890805 1567633992.0566576 1567633372-optaneAD_1it_96cpus_0delay_npc-0 139646195205952
read_file 1567633935.7262166 1567633935.741422 bigbrain_1538_2412_0.nii 140018911287104
increment_file 1567633935.7434275 1567633984.0754929 bigbrain_1538_2412_0.nii 140018911287104
write_file 1567633984.1318307 1567633999.209779 inc-bigbrain_1538_2412_0.nii 140018911287104
task_duration 1567633935.722705 1567633999.2127123 1567633372-optaneAD_1it_96cpus_0delay_npc-0 140018911287104
read_file 1567633935.724249 1567633935.75002 bigbrain_2307_0_1388.nii 139760169916224
increment_file 1567633935.7547345 1567633982.470065 bigbrain_2307_0_1388.nii 139760169916224
write_file 1567633982.5101748 1567634002.71005 inc-bigbrain_2307_0_1388.nii 139760169916224
task_duration 1567633935.7069235 1567634002.7126818 1567633372-optaneAD_1it_96cpus_0delay_npc-0 139760169916224
read_file 1567633935.751841 1567633935.762551 bigbrain_1538_2412_2082.nii 139948167149376
increment_file 1567633935.7652178 1567633982.4395566 bigbrain_1538_2412_2082.nii 139948167149376
write_file 1567633982.443022 1567633998.9678893 inc-bigbrain_1538_2412_2082.nii 139948167149376
task_duration 1567633935.7353418 1567633998.970503 1567633372-optaneAD_1it_96cpus_0delay_npc-0 139948167149376
read_file 1567633935.7309065 1567633935.7661545 bigbrain_1538_0_2776.nii 139750102173504
increment_file 1567633935.7717566 1567633983.9663477 bigbrain_1538_0_2776.nii 139750102173504
write_file 1567633984.0008492 1567634002.4549143 inc-bigbrain_1538_0_2776.nii 139750102173504
task_duration 1567633935.7151914 1567634002.4582396 1567633372-optaneAD_1it_96cpus_0delay_npc-0 139750102173504
read_file 1567633935.7225592 1567633935.7813199 bigbrain_2307_1206_0.nii 140251756119872
increment_file 1567633935.789438 1567633984.176189 bigbrain_2307_1206_0.nii 140251756119872
write_file 1567633984.1999362 1567633998.3225913 inc-bigbrain_2307_1206_0.nii 140251756119872
task_duration 1567633935.6803029 1567633998.3257973 1567633372-optaneAD_1it_96cpus_0delay_npc-0 140251756119872
read_file 1567633935.7423103 1567633935.7955618 bigbrain_1538_1206_2082.nii 140110568519488
increment_file 1567633935.8046627 1567633982.6398442 bigbrain_1538_1206_2082.nii 140110568519488
write_file 1567633982.67255 1567634000.2239926 inc-bigbrain_1538_1206_2082.nii 140110568519488
task_duration 1567633935.7016366 1567634000.2265422 1567633372-optaneAD_1it_96cpus_0delay_npc-0 140110568519488
read_file 1567633935.772809 1567633935.8005383 bigbrain_2307_0_2082.nii 140003138418496
increment_file 1567633935.805546 1567633984.1944199 bigbrain_2307_0_2082.nii 140003138418496
write_file 1567633984.202624 1567633992.1762302 inc-bigbrain_2307_0_2082.nii 140003138418496
task_duration 1567633935.7576218 1567633992.1790748 1567633372-optaneAD_1it_96cpus_0delay_npc-0 140003138418496
read_file 1567633935.7983654 1567633935.8028705 bigbrain_3076_2412_694.nii 140498573502272
increment_file 1567633935.8062232 1567633984.1301928 bigbrain_3076_2412_694.nii 140498573502272
write_file 1567633984.1825712 1567634002.3236392 inc-bigbrain_3076_2412_694.nii 140498573502272
task_duration 1567633935.7950518 1567634002.3265123 1567633372-optaneAD_1it_96cpus_0delay_npc-0 140498573502272
read_file 1567633935.7938447 1567633935.8132393 bigbrain_3076_2412_0.nii 140238780147520
increment_file 1567633935.8145506 1567633984.0132968 bigbrain_3076_2412_0.nii 140238780147520
write_file 1567633984.033991 1567634002.7338011 inc-bigbrain_3076_2412_0.nii 140238780147520
task_duration 1567633935.7887688 1567634002.737207 1567633372-optaneAD_1it_96cpus_0delay_npc-0 140238780147520
read_file 1567633935.7860475 1567633935.8135927 bigbrain_1538_1809_1388.nii 139786071398208
increment_file 1567633935.8164694 1567633982.6035562 bigbrain_1538_1809_1388.nii 139786071398208
write_file 1567633982.6206813 1567633999.7801208 inc-bigbrain_1538_1809_1388.nii 139786071398208
task_duration 1567633935.769821 1567633999.7826881 1567633372-optaneAD_1it_96cpus_0delay_npc-0 139786071398208
read_file 1567633935.802561 1567633935.8152661 bigbrain_2307_0_0.nii 140390787974976
increment_file 1567633935.8178208 1567633984.139016 bigbrain_2307_0_0.nii 140390787974976
write_file 1567633984.1843164 1567634002.78871 inc-bigbrain_2307_0_0.nii 140390787974976
task_duration 1567633935.7982564 1567634002.7913456 1567633372-optaneAD_1it_96cpus_0delay_npc-0 140390787974976
read_file 1567633935.7751806 1567633935.8146093 bigbrain_3076_1206_1388.nii 139660894541632
increment_file 1567633935.8220923 1567633982.7451105 bigbrain_3076_1206_1388.nii 139660894541632
write_file 1567633982.7723963 1567633992.4089532 inc-bigbrain_3076_1206_1388.nii 139660894541632
task_duration 1567633935.7423413 1567633992.411496 1567633372-optaneAD_1it_96cpus_0delay_npc-0 139660894541632
read_file 1567633935.7963753 1567633935.818355 bigbrain_1538_1809_2082.nii 139902270347072
increment_file 1567633935.8227515 1567633984.1787872 bigbrain_1538_1809_2082.nii 139902270347072
write_file 1567633984.1896791 1567633994.5789602 inc-bigbrain_1538_1809_2082.nii 139902270347072
task_duration 1567633935.780799 1567633994.582115 1567633372-optaneAD_1it_96cpus_0delay_npc-0 139902270347072
read_file 1567633935.821373 1567633935.8244052 bigbrain_2307_1206_694.nii 140146595612480
increment_file 1567633935.8251853 1567633982.6553228 bigbrain_2307_1206_694.nii 140146595612480
write_file 1567633982.6609232 1567633997.392899 inc-bigbrain_2307_1206_694.nii 140146595612480
task_duration 1567633935.8185406 1567633997.3954873 1567633372-optaneAD_1it_96cpus_0delay_npc-0 140146595612480
read_file 1567633935.8286853 1567633935.84525 bigbrain_2307_2412_694.nii 139758213584704
increment_file 1567633935.8468242 1567633982.5808413 bigbrain_2307_2412_694.nii 139758213584704
write_file 1567633982.6063883 1567633998.5497577 inc-bigbrain_2307_2412_694.nii 139758213584704
task_duration 1567633935.817464 1567633998.5523038 1567633372-optaneAD_1it_96cpus_0delay_npc-0 139758213584704
read_file 1567633935.8375306 1567633935.8530643 bigbrain_2307_603_694.nii 140019748337472
increment_file 1567633935.8576374 1567633984.19156 bigbrain_2307_603_694.nii 140019748337472
write_file 1567633984.1997163 1567633999.9007616 inc-bigbrain_2307_603_694.nii 140019748337472
task_duration 1567633935.8236644 1567633999.903615 1567633372-optaneAD_1it_96cpus_0delay_npc-0 140019748337472
read_file 1567633935.8495526 1567633935.8628185 bigbrain_2307_1809_0.nii 139622822643520
increment_file 1567633935.8645737 1567633984.2125924 bigbrain_2307_1809_0.nii 139622822643520
write_file 1567633984.2902498 1567634000.6347964 inc-bigbrain_2307_1809_0.nii 139622822643520
task_duration 1567633935.8461368 1567634000.6377008 1567633372-optaneAD_1it_96cpus_0delay_npc-0 139622822643520
read_file 1567633935.8426402 1567633935.8640668 bigbrain_3076_2412_1388.nii 139802032473920
increment_file 1567633935.8705025 1567633982.4036438 bigbrain_3076_2412_1388.nii 139802032473920
write_file 1567633982.4278493 1567634000.4628541 inc-bigbrain_3076_2412_1388.nii 139802032473920
task_duration 1567633935.8159504 1567634000.465442 1567633372-optaneAD_1it_96cpus_0delay_npc-0 139802032473920
read_file 1567633935.8522441 1567633935.8758984 bigbrain_1538_603_2082.nii 140378434750272
increment_file 1567633935.882427 1567633983.0694902 bigbrain_1538_603_2082.nii 140378434750272
write_file 1567633983.2941737 1567634001.1727111 inc-bigbrain_1538_603_2082.nii 140378434750272
task_duration 1567633935.8280604 1567634001.1753016 1567633372-optaneAD_1it_96cpus_0delay_npc-0 140378434750272
read_file 1567633935.8622546 1567633935.8774323 bigbrain_3076_1809_1388.nii 140323911649088
increment_file 1567633935.8813179 1567633984.123351 bigbrain_3076_1809_1388.nii 140323911649088
write_file 1567633984.173167 1567633993.9422586 inc-bigbrain_3076_1809_1388.nii 140323911649088
task_duration 1567633935.8491318 1567633993.9451847 1567633372-optaneAD_1it_96cpus_0delay_npc-0 140323911649088
read_file 1567633935.8896284 1567633935.8944364 bigbrain_3076_1809_0.nii 140334267316032
increment_file 1567633935.8962035 1567633983.5080907 bigbrain_3076_1809_0.nii 140334267316032
write_file 1567633983.5118065 1567633998.4593663 inc-bigbrain_3076_1809_0.nii 140334267316032
task_duration 1567633935.8835454 1567633998.4630327 1567633372-optaneAD_1it_96cpus_0delay_npc-0 140334267316032
read_file 1567633935.8796623 1567633935.8970509 bigbrain_3076_603_2082.nii 140500502046528
increment_file 1567633935.899246 1567633984.2063506 bigbrain_3076_603_2082.nii 140500502046528
write_file 1567633984.2936103 1567633998.3055146 inc-bigbrain_3076_603_2082.nii 140500502046528
task_duration 1567633935.8647532 1567633998.3084671 1567633372-optaneAD_1it_96cpus_0delay_npc-0 140500502046528
read_file 1567633935.8689003 1567633935.8970006 bigbrain_1538_1206_694.nii 140036216334144
increment_file 1567633935.9010453 1567633982.6310647 bigbrain_1538_1206_694.nii 140036216334144
write_file 1567633982.6686625 1567634000.923885 inc-bigbrain_1538_1206_694.nii 140036216334144
task_duration 1567633935.8416545 1567634000.9265208 1567633372-optaneAD_1it_96cpus_0delay_npc-0 140036216334144
read_file 1567633935.8806252 1567633935.8973281 bigbrain_2307_603_1388.nii 140222656034624
increment_file 1567633935.900606 1567633984.2176714 bigbrain_2307_603_1388.nii 140222656034624
write_file 1567633984.2915475 1567634000.6730473 inc-bigbrain_2307_603_1388.nii 140222656034624
task_duration 1567633935.866335 1567634000.677251 1567633372-optaneAD_1it_96cpus_0delay_npc-0 140222656034624
read_file 1567633935.8824115 1567633935.8994298 bigbrain_2307_1206_1388.nii 140238113032000
increment_file 1567633935.9012554 1567633984.1694188 bigbrain_2307_1206_1388.nii 140238113032000
write_file 1567633984.1923463 1567633991.2412264 inc-bigbrain_2307_1206_1388.nii 140238113032000
task_duration 1567633935.8742363 1567633991.244373 1567633372-optaneAD_1it_96cpus_0delay_npc-0 140238113032000
read_file 1567633935.8937573 1567633935.9066377 bigbrain_3076_0_2776.nii 140342145906496
increment_file 1567633935.9111056 1567633982.8910475 bigbrain_3076_0_2776.nii 140342145906496
write_file 1567633982.9123006 1567633997.1247058 inc-bigbrain_3076_0_2776.nii 140342145906496
task_duration 1567633935.8717778 1567633997.1272511 1567633372-optaneAD_1it_96cpus_0delay_npc-0 140342145906496
read_file 1567633935.9122462 1567633935.9246888 bigbrain_2307_2412_2776.nii 140340644411200
increment_file 1567633935.9282699 1567633984.1968968 bigbrain_2307_2412_2776.nii 140340644411200
write_file 1567633984.2062004 1567633999.1753607 inc-bigbrain_2307_2412_2776.nii 140340644411200
task_duration 1567633935.9042368 1567633999.17825 1567633372-optaneAD_1it_96cpus_0delay_npc-0 140340644411200
read_file 1567633935.9297574 1567633935.9426134 bigbrain_769_603_0.nii 140338281617216
increment_file 1567633935.943746 1567633982.8990633 bigbrain_769_603_0.nii 140338281617216
write_file 1567633982.914898 1567633992.2139337 inc-bigbrain_769_603_0.nii 140338281617216
task_duration 1567633935.924548 1567633992.2164235 1567633372-optaneAD_1it_96cpus_0delay_npc-0 140338281617216
read_file 1567633935.935516 1567633935.9461658 bigbrain_1538_2412_2776.nii 140619528300352
increment_file 1567633935.9478495 1567633984.1881917 bigbrain_1538_2412_2776.nii 140619528300352
write_file 1567633984.2035868 1567633990.324877 inc-bigbrain_1538_2412_2776.nii 140619528300352
task_duration 1567633935.931225 1567633990.3277922 1567633372-optaneAD_1it_96cpus_0delay_npc-0 140619528300352
read_file 1567633935.9307427 1567633935.9483705 bigbrain_2307_2412_2082.nii 140613194643264
increment_file 1567633935.951802 1567633984.1773422 bigbrain_2307_2412_2082.nii 140613194643264
write_file 1567633984.1939414 1567633997.616512 inc-bigbrain_2307_2412_2082.nii 140613194643264
task_duration 1567633935.9145446 1567633997.6198997 1567633372-optaneAD_1it_96cpus_0delay_npc-0 140613194643264
read_file 1567633935.9475622 1567633935.96864 bigbrain_3076_603_0.nii 140369093707584
increment_file 1567633935.970272 1567633984.1767578 bigbrain_3076_603_0.nii 140369093707584
write_file 1567633984.192354 1567634001.9178045 inc-bigbrain_3076_603_0.nii 140369093707584
task_duration 1567633935.9396536 1567634001.921055 1567633372-optaneAD_1it_96cpus_0delay_npc-0 140369093707584
read_file 1567633935.958268 1567633935.9742281 bigbrain_3076_0_2082.nii 140376350562112
increment_file 1567633935.9759011 1567633984.1930983 bigbrain_3076_0_2082.nii 140376350562112
write_file 1567633984.202697 1567634002.3180397 inc-bigbrain_3076_0_2082.nii 140376350562112
task_duration 1567633935.9511368 1567634002.3209655 1567633372-optaneAD_1it_96cpus_0delay_npc-0 140376350562112
read_file 1567633935.967647 1567633935.9773715 bigbrain_769_2412_0.nii 140224120358720
increment_file 1567633935.9799943 1567633982.8190136 bigbrain_769_2412_0.nii 140224120358720
write_file 1567633982.8378553 1567634002.3828855 inc-bigbrain_769_2412_0.nii 140224120358720
task_duration 1567633935.9503944 1567634002.3856514 1567633372-optaneAD_1it_96cpus_0delay_npc-0 140224120358720
read_file 1567633936.013056 1567633936.0186586 bigbrain_769_0_1388.nii 140082669537088
increment_file 1567633936.020262 1567633984.2028203 bigbrain_769_0_1388.nii 140082669537088
write_file 1567633984.210301 1567633990.6920667 inc-bigbrain_769_0_1388.nii 140082669537088
task_duration 1567633936.0087504 1567633990.6949997 1567633372-optaneAD_1it_96cpus_0delay_npc-0 140082669537088
read_file 1567633936.0090005 1567633936.0206335 bigbrain_769_1206_1388.nii 140443829847872
increment_file 1567633936.0214052 1567633984.185657 bigbrain_769_1206_1388.nii 140443829847872
write_file 1567633984.2001047 1567633989.2670312 inc-bigbrain_769_1206_1388.nii 140443829847872
task_duration 1567633936.0037236 1567633989.2698023 1567633372-optaneAD_1it_96cpus_0delay_npc-0 140443829847872
read_file 1567633936.0100174 1567633936.0253856 bigbrain_769_0_694.nii 140432121907008
increment_file 1567633936.027938 1567633983.4915721 bigbrain_769_0_694.nii 140432121907008
write_file 1567633983.5166578 1567634003.0254288 inc-bigbrain_769_0_694.nii 140432121907008
task_duration 1567633935.9962893 1567634003.0283077 1567633372-optaneAD_1it_96cpus_0delay_npc-0 140432121907008
read_file 1567633936.0186625 1567633936.0261047 bigbrain_769_2412_2776.nii 140341988702016
increment_file 1567633936.028635 1567633983.381545 bigbrain_769_2412_2776.nii 140341988702016
write_file 1567633983.3977518 1567633995.7297795 inc-bigbrain_769_2412_2776.nii 140341988702016
task_duration 1567633936.0055516 1567633995.7323735 1567633372-optaneAD_1it_96cpus_0delay_npc-0 140341988702016
read_file 1567633936.0167792 1567633936.026279 bigbrain_3076_603_694.nii 139668481148736
increment_file 1567633936.028369 1567633982.9659412 bigbrain_3076_603_694.nii 139668481148736
write_file 1567633983.3066666 1567634002.541888 inc-bigbrain_3076_603_694.nii 139668481148736
task_duration 1567633936.0131202 1567634002.5444229 1567633372-optaneAD_1it_96cpus_0delay_npc-0 139668481148736
read_file 1567633936.017139 1567633936.0295196 bigbrain_3076_1206_2082.nii 139624666089280
increment_file 1567633936.0337782 1567633984.1771894 bigbrain_3076_1206_2082.nii 139624666089280
write_file 1567633984.195041 1567633990.9774356 inc-bigbrain_3076_1206_2082.nii 139624666089280
task_duration 1567633936.0042362 1567633990.9814546 1567633372-optaneAD_1it_96cpus_0delay_npc-0 139624666089280
read_file 1567633936.0353901 1567633936.0380054 bigbrain_769_603_2776.nii 140430305314624
increment_file 1567633936.0388644 1567633982.9981196 bigbrain_769_603_2776.nii 140430305314624
write_file 1567633983.2743511 1567633995.7962582 inc-bigbrain_769_603_2776.nii 140430305314624
task_duration 1567633936.032779 1567633995.7988126 1567633372-optaneAD_1it_96cpus_0delay_npc-0 140430305314624
read_file 1567633936.025571 1567633936.039469 bigbrain_3076_1206_0.nii 140049266247488
increment_file 1567633936.0427063 1567633983.0683672 bigbrain_3076_1206_0.nii 140049266247488
write_file 1567633983.2957826 1567634000.5255747 inc-bigbrain_3076_1206_0.nii 140049266247488
task_duration 1567633936.0131507 1567634000.528695 1567633372-optaneAD_1it_96cpus_0delay_npc-0 140049266247488
read_file 1567633936.028492 1567633936.0403543 bigbrain_769_1809_2776.nii 140244466968384
increment_file 1567633936.041674 1567633982.954735 bigbrain_769_1809_2776.nii 140244466968384
write_file 1567633983.2811866 1567633994.7166545 inc-bigbrain_769_1809_2776.nii 140244466968384
task_duration 1567633936.0246701 1567633994.72019 1567633372-optaneAD_1it_96cpus_0delay_npc-0 140244466968384
read_file 1567633936.026382 1567633936.0437562 bigbrain_769_1809_694.nii 140193126098752
increment_file 1567633936.0461526 1567633984.213095 bigbrain_769_1809_694.nii 140193126098752
write_file 1567633984.293072 1567633996.1239436 inc-bigbrain_769_1809_694.nii 140193126098752
task_duration 1567633936.014103 1567633996.1268377 1567633372-optaneAD_1it_96cpus_0delay_npc-0 140193126098752
read_file 1567633936.0437517 1567633936.0586138 bigbrain_769_0_2776.nii 139824060950336
increment_file 1567633936.0601387 1567633984.2026024 bigbrain_769_0_2776.nii 139824060950336
write_file 1567633984.210809 1567634000.4946182 inc-bigbrain_769_0_2776.nii 139824060950336
task_duration 1567633936.0337048 1567634000.4975686 1567633372-optaneAD_1it_96cpus_0delay_npc-0 139824060950336
read_file 1567633936.0445538 1567633936.0588686 bigbrain_3076_603_2776.nii 140224083195712
increment_file 1567633936.0620656 1567633983.064818 bigbrain_3076_603_2776.nii 140224083195712
write_file 1567633983.330312 1567633997.002239 inc-bigbrain_3076_603_2776.nii 140224083195712
task_duration 1567633936.02645 1567633997.0055635 1567633372-optaneAD_1it_96cpus_0delay_npc-0 140224083195712
read_file 1567633936.0467787 1567633936.0627022 bigbrain_3076_2412_2776.nii 140551135049536
increment_file 1567633936.065008 1567633984.1801083 bigbrain_3076_2412_2776.nii 140551135049536
write_file 1567633984.1907094 1567633991.4218163 inc-bigbrain_3076_2412_2776.nii 140551135049536
task_duration 1567633936.0306342 1567633991.424678 1567633372-optaneAD_1it_96cpus_0delay_npc-0 140551135049536
read_file 1567633936.0745847 1567633936.076868 bigbrain_3076_2412_2082.nii 140254750865216
increment_file 1567633936.0776975 1567633983.2028847 bigbrain_3076_2412_2082.nii 140254750865216
write_file 1567633983.2752166 1567634002.255164 inc-bigbrain_3076_2412_2082.nii 140254750865216
task_duration 1567633936.0723999 1567634002.2585087 1567633372-optaneAD_1it_96cpus_0delay_npc-0 140254750865216
read_file 1567633936.0644403 1567633936.0781963 bigbrain_769_603_2082.nii 139870788269888
increment_file 1567633936.0800624 1567633984.1896083 bigbrain_769_603_2082.nii 139870788269888
write_file 1567633984.2000763 1567633989.9167242 inc-bigbrain_769_603_2082.nii 139870788269888
task_duration 1567633936.0515745 1567633989.9196148 1567633372-optaneAD_1it_96cpus_0delay_npc-0 139870788269888
read_file 1567633936.079924 1567633936.088218 bigbrain_1538_603_2776.nii 140286131763008
increment_file 1567633936.0909228 1567633983.2796776 bigbrain_1538_603_2776.nii 140286131763008
write_file 1567633983.301139 1567633992.206199 inc-bigbrain_1538_603_2776.nii 140286131763008
task_duration 1567633936.0660799 1567633992.208756 1567633372-optaneAD_1it_96cpus_0delay_npc-0 140286131763008
read_file 1567633936.0753722 1567633936.090198 bigbrain_769_0_2082.nii 140496187668288
increment_file 1567633936.0916595 1567633984.1926687 bigbrain_769_0_2082.nii 140496187668288
write_file 1567633984.2014694 1567633990.7786107 inc-bigbrain_769_0_2082.nii 140496187668288
task_duration 1567633936.0630887 1567633990.7813456 1567633372-optaneAD_1it_96cpus_0delay_npc-0 140496187668288
read_file 1567633936.0885785 1567633936.0972455 bigbrain_769_2412_2082.nii 139993231255360
increment_file 1567633936.098453 1567633983.039113 bigbrain_769_2412_2082.nii 139993231255360
write_file 1567633983.28605 1567633994.8202324 inc-bigbrain_769_2412_2082.nii 139993231255360
task_duration 1567633936.0851712 1567633994.8227692 1567633372-optaneAD_1it_96cpus_0delay_npc-0 139993231255360
read_file 1567633936.0946128 1567633936.099299 bigbrain_769_1206_2776.nii 139988983080768
increment_file 1567633936.10119 1567633984.1392956 bigbrain_769_1206_2776.nii 139988983080768
write_file 1567633984.1569154 1567633989.4365118 inc-bigbrain_769_1206_2776.nii 139988983080768
task_duration 1567633936.0907488 1567633989.4398308 1567633372-optaneAD_1it_96cpus_0delay_npc-0 139988983080768
read_file 1567633936.1063113 1567633936.1159484 bigbrain_769_2412_694.nii 140548264531776
increment_file 1567633936.1190276 1567633984.1696024 bigbrain_769_2412_694.nii 140548264531776
write_file 1567633984.1889813 1567634001.268985 inc-bigbrain_769_2412_694.nii 140548264531776
task_duration 1567633936.0775888 1567634001.2718806 1567633372-optaneAD_1it_96cpus_0delay_npc-0 140548264531776
read_file 1567633936.1120496 1567633936.123552 bigbrain_769_1206_0.nii 140303543965504
increment_file 1567633936.1258647 1567633984.1899478 bigbrain_769_1206_0.nii 140303543965504
write_file 1567633984.2030697 1567634002.3479989 inc-bigbrain_769_1206_0.nii 140303543965504
task_duration 1567633936.079961 1567634002.3509262 1567633372-optaneAD_1it_96cpus_0delay_npc-0 140303543965504
read_file 1567633936.132865 1567633936.140352 bigbrain_769_1206_2082.nii 140137160275776
increment_file 1567633936.1414888 1567633984.191737 bigbrain_769_1206_2082.nii 140137160275776
write_file 1567633984.20436 1567633997.1817894 inc-bigbrain_769_1206_2082.nii 140137160275776
task_duration 1567633936.1290448 1567633997.184757 1567633372-optaneAD_1it_96cpus_0delay_npc-0 140137160275776
read_file 1567633936.1339352 1567633936.1445138 bigbrain_3076_0_1388.nii 139968631711552
increment_file 1567633936.1464672 1567633984.1967723 bigbrain_3076_0_1388.nii 139968631711552
write_file 1567633984.20715 1567633991.127397 inc-bigbrain_3076_0_1388.nii 139968631711552
task_duration 1567633936.1234648 1567633991.1302145 1567633372-optaneAD_1it_96cpus_0delay_npc-0 139968631711552
read_file 1567633936.1435285 1567633936.1467557 bigbrain_769_1206_694.nii 140606955824960
increment_file 1567633936.1481555 1567633984.1920393 bigbrain_769_1206_694.nii 140606955824960
write_file 1567633984.2062914 1567633999.417166 inc-bigbrain_769_1206_694.nii 140606955824960
task_duration 1567633936.1394966 1567633999.420105 1567633372-optaneAD_1it_96cpus_0delay_npc-0 140606955824960
read_file 1567633936.1490667 1567633936.1626744 bigbrain_3076_1809_694.nii 140674962581312
increment_file 1567633936.1644185 1567633984.2108376 bigbrain_3076_1809_694.nii 140674962581312
write_file 1567633984.2932339 1567634000.1446748 inc-bigbrain_3076_1809_694.nii 140674962581312
task_duration 1567633936.138526 1567634000.147709 1567633372-optaneAD_1it_96cpus_0delay_npc-0 140674962581312
read_file 1567633936.1557574 1567633936.177187 bigbrain_769_1809_1388.nii 139787954280256
increment_file 1567633936.1780386 1567633984.2161582 bigbrain_769_1809_1388.nii 139787954280256
write_file 1567633984.2927563 1567634002.2150667 inc-bigbrain_769_1809_1388.nii 139787954280256
task_duration 1567633936.1512136 1567634002.2180343 1567633372-optaneAD_1it_96cpus_0delay_npc-0 139787954280256
read_file 1567633936.1679208 1567633936.178777 bigbrain_769_0_0.nii 140065403979584
increment_file 1567633936.1797433 1567633984.2166216 bigbrain_769_0_0.nii 140065403979584
write_file 1567633984.2907102 1567634001.7455 inc-bigbrain_769_0_0.nii 140065403979584
task_duration 1567633936.1629949 1567634001.7484264 1567633372-optaneAD_1it_96cpus_0delay_npc-0 140065403979584
read_file 1567633936.183796 1567633936.1931915 bigbrain_2307_2412_0.nii 139902000715584
increment_file 1567633936.1955142 1567633983.1016097 bigbrain_2307_2412_0.nii 139902000715584
write_file 1567633983.3117168 1567633996.028771 inc-bigbrain_2307_2412_0.nii 139902000715584
task_duration 1567633936.1761112 1567633996.03139 1567633372-optaneAD_1it_96cpus_0delay_npc-0 139902000715584
read_file 1567633936.1850219 1567633936.1952078 bigbrain_769_1809_0.nii 139754109761344
increment_file 1567633936.1980374 1567633984.2075663 bigbrain_769_1809_0.nii 139754109761344
write_file 1567633984.2924283 1567633996.2655904 inc-bigbrain_769_1809_0.nii 139754109761344
task_duration 1567633936.1751742 1567633996.268355 1567633372-optaneAD_1it_96cpus_0delay_npc-0 139754109761344
read_file 1567633936.2029474 1567633936.2184532 bigbrain_769_603_1388.nii 139998309955392
increment_file 1567633936.22197 1567633984.2147903 bigbrain_769_603_1388.nii 139998309955392
write_file 1567633984.2903686 1567633992.2583222 inc-bigbrain_769_603_1388.nii 139998309955392
task_duration 1567633936.1919706 1567633992.2613251 1567633372-optaneAD_1it_96cpus_0delay_npc-0 139998309955392
read_file 1567633936.2838554 1567633936.3148963 bigbrain_769_2412_1388.nii 140221280134976
increment_file 1567633936.330632 1567633983.2669919 bigbrain_769_2412_1388.nii 140221280134976
write_file 1567633983.3276546 1567633991.4275455 inc-bigbrain_769_2412_1388.nii 140221280134976
task_duration 1567633936.2367342 1567633991.4301655 1567633372-optaneAD_1it_96cpus_0delay_npc-0 140221280134976
read_file 1567633988.1490762 1567633988.1507432 bigbrain_769_603_694.nii 140431138252608
increment_file 1567633988.246765 1567633989.257203 bigbrain_769_603_694.nii 140431138252608
write_file 1567633989.2597535 1567634001.906326 inc-bigbrain_769_603_694.nii 140431138252608
task_duration 1567633988.1464164 1567634001.9100049 1567633372-optaneAD_1it_96cpus_0delay_npc-0 140431138252608
