read_file 1567697707.5768642 1567697707.5778108 bigbrain_769_603_694.nii 140645881366336
increment_file 1567697707.5779276 1567697708.0853403 bigbrain_769_603_694.nii 140645881366336
write_file 1567697708.095447 1567697708.5352201 inc-bigbrain_769_603_694.nii 140645881366336
task_duration 1567697707.5753407 1567697708.537754 1567697138-tmpfsAD_1it_96cpus_0delay_npc-0 140645881366336
read_file 1567697704.5953321 1567697704.601637 bigbrain_769_2412_694.nii 140296882370368
increment_file 1567697704.602628 1567697706.442419 bigbrain_769_2412_694.nii 140296882370368
write_file 1567697706.46769 1567697708.0289648 inc-bigbrain_769_2412_694.nii 140296882370368
task_duration 1567697704.5890527 1567697708.033022 1567697138-tmpfsAD_1it_96cpus_0delay_npc-0 140296882370368
read_file 1567697704.589073 1567697704.593352 bigbrain_769_1206_0.nii 140031611422528
increment_file 1567697704.5941086 1567697705.9513655 bigbrain_769_1206_0.nii 140031611422528
write_file 1567697705.9801836 1567697707.2013843 inc-bigbrain_769_1206_0.nii 140031611422528
task_duration 1567697704.58435 1567697707.2057955 1567697138-tmpfsAD_1it_96cpus_0delay_npc-0 140031611422528
read_file 1567697704.5826085 1567697704.5873315 bigbrain_3076_0_2776.nii 140278413915968
increment_file 1567697704.588085 1567697705.957761 bigbrain_3076_0_2776.nii 140278413915968
write_file 1567697705.9891124 1567697707.2634594 inc-bigbrain_3076_0_2776.nii 140278413915968
task_duration 1567697704.5776508 1567697707.2681274 1567697138-tmpfsAD_1it_96cpus_0delay_npc-0 140278413915968
read_file 1567697704.580631 1567697704.584319 bigbrain_769_1206_694.nii 140614441879360
increment_file 1567697704.5848 1567697705.9543738 bigbrain_769_1206_694.nii 140614441879360
write_file 1567697705.9803593 1567697707.2514715 inc-bigbrain_769_1206_694.nii 140614441879360
task_duration 1567697704.577367 1567697707.2559314 1567697138-tmpfsAD_1it_96cpus_0delay_npc-0 140614441879360
read_file 1567697704.5623627 1567697704.5830183 bigbrain_769_0_0.nii 140715515279168
increment_file 1567697704.5840273 1567697706.4589858 bigbrain_769_0_0.nii 140715515279168
write_file 1567697706.4843142 1567697707.8602893 inc-bigbrain_769_0_0.nii 140715515279168
task_duration 1567697704.5560718 1567697707.8734095 1567697138-tmpfsAD_1it_96cpus_0delay_npc-0 140715515279168
read_file 1567697704.5631263 1567697704.5679026 bigbrain_769_603_1388.nii 139716150548288
increment_file 1567697704.5686686 1567697705.9454076 bigbrain_769_603_1388.nii 139716150548288
write_file 1567697705.9757063 1567697707.262606 inc-bigbrain_769_603_1388.nii 139716150548288
task_duration 1567697704.558337 1567697707.2676797 1567697138-tmpfsAD_1it_96cpus_0delay_npc-0 139716150548288
read_file 1567697704.5345325 1567697704.56695 bigbrain_769_1809_1388.nii 140481984350016
increment_file 1567697704.5679917 1567697706.460395 bigbrain_769_1809_1388.nii 140481984350016
write_file 1567697706.4846804 1567697708.018661 inc-bigbrain_769_1809_1388.nii 140481984350016
task_duration 1567697704.5282967 1567697708.0229466 1567697138-tmpfsAD_1it_96cpus_0delay_npc-0 140481984350016
read_file 1567697704.5572824 1567697704.5612419 bigbrain_769_603_0.nii 140257589856064
increment_file 1567697704.561959 1567697705.942656 bigbrain_769_603_0.nii 140257589856064
write_file 1567697705.9700208 1567697707.2559595 inc-bigbrain_769_603_0.nii 140257589856064
task_duration 1567697704.552671 1567697707.2599967 1567697138-tmpfsAD_1it_96cpus_0delay_npc-0 140257589856064
read_file 1567697704.549768 1567697704.556546 bigbrain_3076_1809_694.nii 140165062125376
increment_file 1567697704.557475 1567697706.4057877 bigbrain_3076_1809_694.nii 140165062125376
write_file 1567697706.4306715 1567697708.028013 inc-bigbrain_3076_1809_694.nii 140165062125376
task_duration 1567697704.543704 1567697708.0322032 1567697138-tmpfsAD_1it_96cpus_0delay_npc-0 140165062125376
read_file 1567697704.5519187 1567697704.5544128 bigbrain_3076_2412_2082.nii 140278231115584
increment_file 1567697704.554785 1567697705.943434 bigbrain_3076_2412_2082.nii 140278231115584
write_file 1567697705.966929 1567697707.247212 inc-bigbrain_3076_2412_2082.nii 140278231115584
task_duration 1567697704.5489316 1567697707.2515025 1567697138-tmpfsAD_1it_96cpus_0delay_npc-0 140278231115584
read_file 1567697704.5340765 1567697704.537702 bigbrain_769_2412_1388.nii 140691275614016
increment_file 1567697704.5384524 1567697705.919231 bigbrain_769_2412_1388.nii 140691275614016
write_file 1567697705.9468756 1567697707.27243 inc-bigbrain_769_2412_1388.nii 140691275614016
task_duration 1567697704.5296736 1567697707.2764094 1567697138-tmpfsAD_1it_96cpus_0delay_npc-0 140691275614016
read_file 1567697704.5293417 1567697704.5340807 bigbrain_3076_1809_1388.nii 140512926009152
increment_file 1567697704.5348196 1567697706.3915226 bigbrain_3076_1809_1388.nii 140512926009152
write_file 1567697706.4169607 1567697708.0199583 inc-bigbrain_3076_1809_1388.nii 140512926009152
task_duration 1567697704.5244215 1567697708.026081 1567697138-tmpfsAD_1it_96cpus_0delay_npc-0 140512926009152
read_file 1567697704.5259373 1567697704.5303032 bigbrain_769_2412_2082.nii 140302478239552
increment_file 1567697704.5309038 1567697706.410724 bigbrain_769_2412_2082.nii 140302478239552
write_file 1567697706.4385402 1567697708.053121 inc-bigbrain_769_2412_2082.nii 140302478239552
task_duration 1567697704.5215466 1567697708.0563703 1567697138-tmpfsAD_1it_96cpus_0delay_npc-0 140302478239552
read_file 1567697704.5205612 1567697704.526013 bigbrain_2307_2412_694.nii 140181180372800
increment_file 1567697704.5267212 1567697705.9087615 bigbrain_2307_2412_694.nii 140181180372800
write_file 1567697705.9426734 1567697707.2790635 inc-bigbrain_2307_2412_694.nii 140181180372800
task_duration 1567697704.5158484 1567697707.283236 1567697138-tmpfsAD_1it_96cpus_0delay_npc-0 140181180372800
read_file 1567697704.5160408 1567697704.5197523 bigbrain_769_603_2776.nii 140446946277184
increment_file 1567697704.5201356 1567697705.9012406 bigbrain_769_603_2776.nii 140446946277184
write_file 1567697705.9286354 1567697707.2511227 inc-bigbrain_769_603_2776.nii 140446946277184
task_duration 1567697704.5128717 1567697707.255312 1567697138-tmpfsAD_1it_96cpus_0delay_npc-0 140446946277184
read_file 1567697704.5137103 1567697704.5182667 bigbrain_3076_1809_2082.nii 140141410645824
increment_file 1567697704.5190578 1567697706.3887174 bigbrain_3076_1809_2082.nii 140141410645824
write_file 1567697706.4171176 1567697708.0005867 inc-bigbrain_3076_1809_2082.nii 140141410645824
task_duration 1567697704.50836 1567697708.0055265 1567697138-tmpfsAD_1it_96cpus_0delay_npc-0 140141410645824
read_file 1567697704.5128648 1567697704.5180888 bigbrain_3076_1206_2776.nii 140026768525120
increment_file 1567697704.5189543 1567697706.3881059 bigbrain_3076_1206_2776.nii 140026768525120
write_file 1567697706.413071 1567697707.9941542 inc-bigbrain_3076_1206_2776.nii 140026768525120
task_duration 1567697704.507223 1567697707.9999225 1567697138-tmpfsAD_1it_96cpus_0delay_npc-0 140026768525120
read_file 1567697704.5050821 1567697704.5104282 bigbrain_3076_603_2776.nii 139702456829760
increment_file 1567697704.5112073 1567697706.3947845 bigbrain_3076_603_2776.nii 139702456829760
write_file 1567697706.4198825 1567697708.0293963 inc-bigbrain_3076_603_2776.nii 139702456829760
task_duration 1567697704.4995315 1567697708.0334725 1567697138-tmpfsAD_1it_96cpus_0delay_npc-0 139702456829760
read_file 1567697704.5038242 1567697704.5060306 bigbrain_3076_603_694.nii 139703518132032
increment_file 1567697704.5062592 1567697705.888912 bigbrain_3076_603_694.nii 139703518132032
write_file 1567697705.9202325 1567697707.2881963 inc-bigbrain_3076_603_694.nii 139703518132032
task_duration 1567697704.502273 1567697707.2916095 1567697138-tmpfsAD_1it_96cpus_0delay_npc-0 139703518132032
read_file 1567697704.499649 1567697704.505261 bigbrain_3076_2412_2776.nii 140535578634048
increment_file 1567697704.5061111 1567697706.3876607 bigbrain_3076_2412_2776.nii 140535578634048
write_file 1567697706.4127898 1567697708.039835 inc-bigbrain_3076_2412_2776.nii 140535578634048
task_duration 1567697704.4942958 1567697708.043801 1567697138-tmpfsAD_1it_96cpus_0delay_npc-0 140535578634048
read_file 1567697704.4964337 1567697704.5011115 bigbrain_3076_2412_1388.nii 139728366090048
increment_file 1567697704.501789 1567697706.37363 bigbrain_3076_2412_1388.nii 139728366090048
write_file 1567697706.399982 1567697708.0068076 inc-bigbrain_3076_2412_1388.nii 139728366090048
task_duration 1567697704.4919946 1567697708.0118594 1567697138-tmpfsAD_1it_96cpus_0delay_npc-0 139728366090048
read_file 1567697704.485237 1567697704.4896624 bigbrain_769_2412_2776.nii 139840024495936
increment_file 1567697704.4904184 1567697705.887558 bigbrain_769_2412_2776.nii 139840024495936
write_file 1567697705.9211211 1567697707.2102003 inc-bigbrain_769_2412_2776.nii 139840024495936
task_duration 1567697704.478442 1567697707.214621 1567697138-tmpfsAD_1it_96cpus_0delay_npc-0 139840024495936
read_file 1567697704.4787436 1567697704.4821968 bigbrain_2307_2412_2082.nii 140606299301696
increment_file 1567697704.4827478 1567697705.872511 bigbrain_2307_2412_2082.nii 140606299301696
write_file 1567697705.901619 1567697707.237521 inc-bigbrain_2307_2412_2082.nii 140606299301696
task_duration 1567697704.4735925 1567697707.2413163 1567697138-tmpfsAD_1it_96cpus_0delay_npc-0 140606299301696
read_file 1567697704.470418 1567697704.4746704 bigbrain_769_2412_0.nii 140476735387456
increment_file 1567697704.4753926 1567697706.3531063 bigbrain_769_2412_0.nii 140476735387456
write_file 1567697706.3805366 1567697707.941382 inc-bigbrain_769_2412_0.nii 140476735387456
task_duration 1567697704.4661913 1567697707.9488838 1567697138-tmpfsAD_1it_96cpus_0delay_npc-0 140476735387456
read_file 1567697704.4605858 1567697704.4653394 bigbrain_769_603_2082.nii 139650244560704
increment_file 1567697704.4660704 1567697706.3636763 bigbrain_769_603_2082.nii 139650244560704
write_file 1567697706.3902671 1567697707.9444687 inc-bigbrain_769_603_2082.nii 139650244560704
task_duration 1567697704.4546728 1567697707.9519103 1567697138-tmpfsAD_1it_96cpus_0delay_npc-0 139650244560704
read_file 1567697704.4570358 1567697704.4621575 bigbrain_3076_0_694.nii 140066556528448
increment_file 1567697704.463015 1567697706.3723788 bigbrain_3076_0_694.nii 140066556528448
write_file 1567697706.3986764 1567697708.013883 inc-bigbrain_3076_0_694.nii 140066556528448
task_duration 1567697704.4520233 1567697708.018384 1567697138-tmpfsAD_1it_96cpus_0delay_npc-0 140066556528448
read_file 1567697704.4534397 1567697704.4588625 bigbrain_2307_1809_0.nii 140114135078720
increment_file 1567697704.4595885 1567697706.3537621 bigbrain_2307_1809_0.nii 140114135078720
write_file 1567697706.3796766 1567697707.9660978 inc-bigbrain_2307_1809_0.nii 140114135078720
task_duration 1567697704.4484148 1567697707.9721067 1567697138-tmpfsAD_1it_96cpus_0delay_npc-0 140114135078720
read_file 1567697704.438854 1567697704.44474 bigbrain_3076_2412_0.nii 140659687216960
increment_file 1567697704.4456158 1567697706.378644 bigbrain_3076_2412_0.nii 140659687216960
write_file 1567697706.4026458 1567697707.9890518 inc-bigbrain_3076_2412_0.nii 140659687216960
task_duration 1567697704.432715 1567697707.9941373 1567697138-tmpfsAD_1it_96cpus_0delay_npc-0 140659687216960
read_file 1567697704.4281218 1567697704.433481 bigbrain_3076_1206_1388.nii 140202416236352
increment_file 1567697704.4343529 1567697705.8701775 bigbrain_3076_1206_1388.nii 140202416236352
write_file 1567697705.9040647 1567697707.2632189 inc-bigbrain_3076_1206_1388.nii 140202416236352
task_duration 1567697704.4227715 1567697707.2673972 1567697138-tmpfsAD_1it_96cpus_0delay_npc-0 140202416236352
read_file 1567697704.4143672 1567697704.4194567 bigbrain_3076_1206_694.nii 140370116200256
increment_file 1567697704.4201367 1567697706.3332562 bigbrain_3076_1206_694.nii 140370116200256
write_file 1567697706.3588178 1567697707.7644265 inc-bigbrain_3076_1206_694.nii 140370116200256
task_duration 1567697704.406387 1567697707.777954 1567697138-tmpfsAD_1it_96cpus_0delay_npc-0 140370116200256
read_file 1567697704.4169872 1567697704.4190114 bigbrain_769_1206_2082.nii 140718978328384
increment_file 1567697704.419307 1567697705.8182034 bigbrain_769_1206_2082.nii 140718978328384
write_file 1567697705.8445928 1567697707.1945496 inc-bigbrain_769_1206_2082.nii 140718978328384
task_duration 1567697704.4143245 1567697707.1996694 1567697138-tmpfsAD_1it_96cpus_0delay_npc-0 140718978328384
read_file 1567697704.4139662 1567697704.4179254 bigbrain_3076_0_2082.nii 139720315410240
increment_file 1567697704.4184825 1567697705.8678918 bigbrain_3076_0_2082.nii 139720315410240
write_file 1567697705.9015706 1567697707.1255097 inc-bigbrain_3076_0_2082.nii 139720315410240
task_duration 1567697704.4093397 1567697707.1310096 1567697138-tmpfsAD_1it_96cpus_0delay_npc-0 139720315410240
read_file 1567697704.404453 1567697704.4080145 bigbrain_3076_1809_2776.nii 140202173466432
increment_file 1567697704.408633 1567697706.329253 bigbrain_3076_1809_2776.nii 140202173466432
write_file 1567697706.356474 1567697708.0266058 inc-bigbrain_3076_1809_2776.nii 140202173466432
task_duration 1567697704.4012406 1567697708.031653 1567697138-tmpfsAD_1it_96cpus_0delay_npc-0 140202173466432
read_file 1567697704.3881645 1567697704.3915298 bigbrain_3076_1809_0.nii 140385989580608
increment_file 1567697704.391907 1567697705.743479 bigbrain_3076_1809_0.nii 140385989580608
write_file 1567697705.774648 1567697707.1609762 inc-bigbrain_3076_1809_0.nii 140385989580608
task_duration 1567697704.3853972 1567697707.1668756 1567697138-tmpfsAD_1it_96cpus_0delay_npc-0 140385989580608
read_file 1567697704.3851802 1567697704.3889043 bigbrain_2307_603_2082.nii 139794364471104
increment_file 1567697704.3893492 1567697706.3033586 bigbrain_2307_603_2082.nii 139794364471104
write_file 1567697706.3306322 1567697707.9582314 inc-bigbrain_2307_603_2082.nii 139794364471104
task_duration 1567697704.3805258 1567697707.9662142 1567697138-tmpfsAD_1it_96cpus_0delay_npc-0 139794364471104
read_file 1567697704.377184 1567697704.3821783 bigbrain_3076_0_1388.nii 139787313370944
increment_file 1567697704.382948 1567697706.3206964 bigbrain_3076_0_1388.nii 139787313370944
write_file 1567697706.3452559 1567697707.9930353 inc-bigbrain_3076_0_1388.nii 139787313370944
task_duration 1567697704.3719923 1567697707.998937 1567697138-tmpfsAD_1it_96cpus_0delay_npc-0 139787313370944
read_file 1567697704.3774862 1567697704.3813012 bigbrain_769_1809_0.nii 140194193581888
increment_file 1567697704.3817856 1567697706.3113241 bigbrain_769_1809_0.nii 140194193581888
write_file 1567697706.3386664 1567697707.897763 inc-bigbrain_769_1809_0.nii 140194193581888
task_duration 1567697704.373676 1567697707.9084651 1567697138-tmpfsAD_1it_96cpus_0delay_npc-0 140194193581888
read_file 1567697704.3732438 1567697704.3769233 bigbrain_3076_603_2082.nii 139754453690176
increment_file 1567697704.3773255 1567697706.3205128 bigbrain_3076_603_2082.nii 139754453690176
write_file 1567697706.348529 1567697708.0040784 inc-bigbrain_3076_603_2082.nii 139754453690176
task_duration 1567697704.3663452 1567697708.0099273 1567697138-tmpfsAD_1it_96cpus_0delay_npc-0 139754453690176
read_file 1567697704.3693347 1567697704.3733575 bigbrain_2307_2412_2776.nii 140502402189120
increment_file 1567697704.3737752 1567697706.322762 bigbrain_2307_2412_2776.nii 140502402189120
write_file 1567697706.3493667 1567697707.983509 inc-bigbrain_2307_2412_2776.nii 140502402189120
task_duration 1567697704.3656147 1567697707.9891796 1567697138-tmpfsAD_1it_96cpus_0delay_npc-0 140502402189120
read_file 1567697704.3650258 1567697704.3680968 bigbrain_3076_1206_2082.nii 139667269642048
increment_file 1567697704.368478 1567697706.2995384 bigbrain_3076_1206_2082.nii 139667269642048
write_file 1567697706.3249023 1567697707.8057752 inc-bigbrain_3076_1206_2082.nii 139667269642048
task_duration 1567697704.3604012 1567697707.8172286 1567697138-tmpfsAD_1it_96cpus_0delay_npc-0 139667269642048
read_file 1567697704.36251 1567697704.3663974 bigbrain_769_0_2776.nii 140305706415936
increment_file 1567697704.3670187 1567697706.29304 bigbrain_769_0_2776.nii 140305706415936
write_file 1567697706.3205009 1567697707.9317808 inc-bigbrain_769_0_2776.nii 140305706415936
task_duration 1567697704.3588877 1567697707.942205 1567697138-tmpfsAD_1it_96cpus_0delay_npc-0 140305706415936
read_file 1567697704.3526351 1567697704.354776 bigbrain_2307_1206_0.nii 139649149019968
increment_file 1567697704.355146 1567697705.6957924 bigbrain_2307_1206_0.nii 139649149019968
write_file 1567697705.7233195 1567697707.0310423 inc-bigbrain_2307_1206_0.nii 139649149019968
task_duration 1567697704.3501155 1567697707.0369792 1567697138-tmpfsAD_1it_96cpus_0delay_npc-0 139649149019968
read_file 1567697704.3448143 1567697704.3464162 bigbrain_3076_603_1388.nii 140247527110464
increment_file 1567697704.3467226 1567697706.2833502 bigbrain_3076_603_1388.nii 140247527110464
write_file 1567697706.3140233 1567697707.9360566 inc-bigbrain_3076_603_1388.nii 140247527110464
task_duration 1567697704.3417523 1567697707.9466844 1567697138-tmpfsAD_1it_96cpus_0delay_npc-0 140247527110464
read_file 1567697704.3373566 1567697704.3392327 bigbrain_2307_603_2776.nii 140658151495488
increment_file 1567697704.339462 1567697706.285946 bigbrain_2307_603_2776.nii 140658151495488
write_file 1567697706.314351 1567697707.9866772 inc-bigbrain_2307_603_2776.nii 140658151495488
task_duration 1567697704.3352828 1567697707.9942868 1567697138-tmpfsAD_1it_96cpus_0delay_npc-0 140658151495488
read_file 1567697704.335166 1567697704.3383286 bigbrain_3076_2412_694.nii 139698334828352
increment_file 1567697704.3386307 1567697706.279894 bigbrain_3076_2412_694.nii 139698334828352
write_file 1567697706.3073359 1567697707.9811423 inc-bigbrain_3076_2412_694.nii 139698334828352
task_duration 1567697704.3319938 1567697707.9882913 1567697138-tmpfsAD_1it_96cpus_0delay_npc-0 139698334828352
read_file 1567697704.335434 1567697704.3377538 bigbrain_3076_0_0.nii 139927938561856
increment_file 1567697704.3380892 1567697706.293939 bigbrain_3076_0_0.nii 139927938561856
write_file 1567697706.3215253 1567697708.0033307 inc-bigbrain_3076_0_0.nii 139927938561856
task_duration 1567697704.3329368 1567697708.0086472 1567697138-tmpfsAD_1it_96cpus_0delay_npc-0 139927938561856
read_file 1567697704.3138115 1567697704.3172643 bigbrain_2307_1206_2082.nii 139956606285632
increment_file 1567697704.317728 1567697705.7014472 bigbrain_2307_1206_2082.nii 139956606285632
write_file 1567697705.7351096 1567697707.172946 inc-bigbrain_2307_1206_2082.nii 139956606285632
task_duration 1567697704.309834 1567697707.1788967 1567697138-tmpfsAD_1it_96cpus_0delay_npc-0 139956606285632
read_file 1567697704.3138208 1567697704.3157647 bigbrain_2307_0_1388.nii 140145567958848
increment_file 1567697704.3160863 1567697705.6676755 bigbrain_2307_0_1388.nii 140145567958848
write_file 1567697705.695356 1567697707.1343732 inc-bigbrain_2307_0_1388.nii 140145567958848
task_duration 1567697704.3114276 1567697707.1401515 1567697138-tmpfsAD_1it_96cpus_0delay_npc-0 140145567958848
read_file 1567697704.3056362 1567697704.3074696 bigbrain_3076_1206_0.nii 140409491826496
increment_file 1567697704.307722 1567697706.2402208 bigbrain_3076_1206_0.nii 140409491826496
write_file 1567697706.281453 1567697707.9395306 inc-bigbrain_3076_1206_0.nii 140409491826496
task_duration 1567697704.3038661 1567697707.9469926 1567697138-tmpfsAD_1it_96cpus_0delay_npc-0 140409491826496
read_file 1567697704.3013647 1567697704.3039703 bigbrain_2307_1809_1388.nii 140196687058752
increment_file 1567697704.304241 1567697706.2417848 bigbrain_2307_1809_1388.nii 140196687058752
write_file 1567697706.275195 1567697707.959827 inc-bigbrain_2307_1809_1388.nii 140196687058752
task_duration 1567697704.298072 1567697707.965915 1567697138-tmpfsAD_1it_96cpus_0delay_npc-0 140196687058752
read_file 1567697704.298552 1567697704.3007967 bigbrain_2307_0_2776.nii 140628524836672
increment_file 1567697704.301155 1567697706.197188 bigbrain_2307_0_2776.nii 140628524836672
write_file 1567697706.2358475 1567697707.887442 inc-bigbrain_2307_0_2776.nii 140628524836672
task_duration 1567697704.2959905 1567697707.8951952 1567697138-tmpfsAD_1it_96cpus_0delay_npc-0 140628524836672
read_file 1567697704.2859461 1567697704.2884498 bigbrain_769_1206_2776.nii 140500359784256
increment_file 1567697704.2888544 1567697705.6235738 bigbrain_769_1206_2776.nii 140500359784256
write_file 1567697705.6559284 1567697707.1118803 inc-bigbrain_769_1206_2776.nii 140500359784256
task_duration 1567697704.2823815 1567697707.1189206 1567697138-tmpfsAD_1it_96cpus_0delay_npc-0 140500359784256
read_file 1567697704.2774074 1567697704.2793407 bigbrain_769_0_694.nii 140048855684928
increment_file 1567697704.2796226 1567697706.1908545 bigbrain_769_0_694.nii 140048855684928
write_file 1567697706.23759 1567697707.9478393 inc-bigbrain_769_0_694.nii 140048855684928
task_duration 1567697704.2752154 1567697707.9550486 1567697138-tmpfsAD_1it_96cpus_0delay_npc-0 140048855684928
read_file 1567697704.271731 1567697704.2737067 bigbrain_769_1809_694.nii 140489432889152
increment_file 1567697704.2740219 1567697705.6389458 bigbrain_769_1809_694.nii 140489432889152
write_file 1567697705.668072 1567697707.134439 inc-bigbrain_769_1809_694.nii 140489432889152
task_duration 1567697704.2692652 1567697707.1402676 1567697138-tmpfsAD_1it_96cpus_0delay_npc-0 140489432889152
read_file 1567697704.2654293 1567697704.2674537 bigbrain_2307_603_694.nii 140580400654144
increment_file 1567697704.26775 1567697705.6564867 bigbrain_2307_603_694.nii 140580400654144
write_file 1567697705.6845703 1567697707.1115415 inc-bigbrain_2307_603_694.nii 140580400654144
task_duration 1567697704.263101 1567697707.1189928 1567697138-tmpfsAD_1it_96cpus_0delay_npc-0 140580400654144
read_file 1567697704.2488477 1567697704.2512817 bigbrain_2307_0_694.nii 140374253840192
increment_file 1567697704.2516172 1567697706.1286654 bigbrain_2307_0_694.nii 140374253840192
write_file 1567697706.1694362 1567697707.5674353 inc-bigbrain_2307_0_694.nii 140374253840192
task_duration 1567697704.2462418 1567697707.5817616 1567697138-tmpfsAD_1it_96cpus_0delay_npc-0 140374253840192
read_file 1567697704.2396336 1567697704.2416565 bigbrain_2307_2412_1388.nii 139804230539072
increment_file 1567697704.2418895 1567697705.543243 bigbrain_2307_2412_1388.nii 139804230539072
write_file 1567697705.5723054 1567697707.0564573 inc-bigbrain_2307_2412_1388.nii 139804230539072
task_duration 1567697704.235771 1567697707.0632753 1567697138-tmpfsAD_1it_96cpus_0delay_npc-0 139804230539072
read_file 1567697704.2347658 1567697704.2365134 bigbrain_769_1809_2082.nii 139884772411200
increment_file 1567697704.2367742 1567697706.124979 bigbrain_769_1809_2082.nii 139884772411200
write_file 1567697706.1673567 1567697707.9030669 inc-bigbrain_769_1809_2082.nii 139884772411200
task_duration 1567697704.2325125 1567697707.9134488 1567697138-tmpfsAD_1it_96cpus_0delay_npc-0 139884772411200
read_file 1567697704.2319648 1567697704.2343853 bigbrain_3076_603_0.nii 139827201255232
increment_file 1567697704.2347257 1567697705.586576 bigbrain_3076_603_0.nii 139827201255232
write_file 1567697705.6176572 1567697707.1079998 inc-bigbrain_3076_603_0.nii 139827201255232
task_duration 1567697704.2296143 1567697707.1154702 1567697138-tmpfsAD_1it_96cpus_0delay_npc-0 139827201255232
read_file 1567697704.2303493 1567697704.23201 bigbrain_2307_1809_2776.nii 139966179448640
increment_file 1567697704.2322094 1567697705.579461 bigbrain_2307_1809_2776.nii 139966179448640
write_file 1567697705.608092 1567697707.1472015 inc-bigbrain_2307_1809_2776.nii 139966179448640
task_duration 1567697704.2283683 1567697707.1543822 1567697138-tmpfsAD_1it_96cpus_0delay_npc-0 139966179448640
read_file 1567697704.2264633 1567697704.2285235 bigbrain_769_0_2082.nii 139805457807168
increment_file 1567697704.2288108 1567697706.072645 bigbrain_769_0_2082.nii 139805457807168
write_file 1567697706.1061122 1567697707.8317916 inc-bigbrain_769_0_2082.nii 139805457807168
task_duration 1567697704.2241807 1567697707.8422196 1567697138-tmpfsAD_1it_96cpus_0delay_npc-0 139805457807168
read_file 1567697704.2144752 1567697704.216961 bigbrain_1538_1809_1388.nii 139784293111616
increment_file 1567697704.2172794 1567697705.4678943 bigbrain_1538_1809_1388.nii 139784293111616
write_file 1567697705.4979148 1567697707.0364134 inc-bigbrain_1538_1809_1388.nii 139784293111616
task_duration 1567697704.2116725 1567697707.046565 1567697138-tmpfsAD_1it_96cpus_0delay_npc-0 139784293111616
read_file 1567697704.206704 1567697704.208753 bigbrain_1538_603_2082.nii 140124448622400
increment_file 1567697704.209 1567697706.056983 bigbrain_1538_603_2082.nii 140124448622400
write_file 1567697706.0872178 1567697707.775986 inc-bigbrain_1538_603_2082.nii 140124448622400
task_duration 1567697704.2042432 1567697707.7855737 1567697138-tmpfsAD_1it_96cpus_0delay_npc-0 140124448622400
read_file 1567697704.205081 1567697704.2074468 bigbrain_2307_1206_1388.nii 140043330090816
increment_file 1567697704.207735 1567697705.4679122 bigbrain_2307_1206_1388.nii 140043330090816
write_file 1567697705.4983032 1567697707.0211568 inc-bigbrain_2307_1206_1388.nii 140043330090816
task_duration 1567697704.2025561 1567697707.0275168 1567697138-tmpfsAD_1it_96cpus_0delay_npc-0 140043330090816
read_file 1567697704.2009997 1567697704.2030156 bigbrain_2307_1206_694.nii 140345135834944
increment_file 1567697704.2032108 1567697705.5396903 bigbrain_2307_1206_694.nii 140345135834944
write_file 1567697705.5703132 1567697707.0709715 inc-bigbrain_2307_1206_694.nii 140345135834944
task_duration 1567697704.1986668 1567697707.0767546 1567697138-tmpfsAD_1it_96cpus_0delay_npc-0 140345135834944
read_file 1567697704.2011702 1567697704.2028577 bigbrain_769_0_1388.nii 140135459641152
increment_file 1567697704.2030745 1567697705.4815562 bigbrain_769_0_1388.nii 140135459641152
write_file 1567697705.5126865 1567697707.011541 inc-bigbrain_769_0_1388.nii 140135459641152
task_duration 1567697704.1993346 1567697707.0274208 1567697138-tmpfsAD_1it_96cpus_0delay_npc-0 140135459641152
read_file 1567697704.1955364 1567697704.197319 bigbrain_1538_2412_1388.nii 139867782059840
increment_file 1567697704.1975765 1567697706.0055523 bigbrain_1538_2412_1388.nii 139867782059840
write_file 1567697706.0373337 1567697707.8163478 inc-bigbrain_1538_2412_1388.nii 139867782059840
task_duration 1567697704.1934416 1567697707.8266828 1567697138-tmpfsAD_1it_96cpus_0delay_npc-0 139867782059840
read_file 1567697704.1936948 1567697704.1952214 bigbrain_769_1809_2776.nii 140409513785152
increment_file 1567697704.1954193 1567697706.029755 bigbrain_769_1809_2776.nii 140409513785152
write_file 1567697706.074893 1567697707.785458 inc-bigbrain_769_1809_2776.nii 140409513785152
task_duration 1567697704.1913161 1567697707.7960694 1567697138-tmpfsAD_1it_96cpus_0delay_npc-0 140409513785152
read_file 1567697704.1843498 1567697704.186541 bigbrain_1538_603_694.nii 140598682335040
increment_file 1567697704.1868563 1567697705.434931 bigbrain_1538_603_694.nii 140598682335040
write_file 1567697705.4674351 1567697706.9351904 inc-bigbrain_1538_603_694.nii 140598682335040
task_duration 1567697704.18172 1567697706.947157 1567697138-tmpfsAD_1it_96cpus_0delay_npc-0 140598682335040
read_file 1567697704.1841948 1567697704.1857402 bigbrain_769_1206_1388.nii 140430451005248
increment_file 1567697704.1859572 1567697705.9919677 bigbrain_769_1206_1388.nii 140430451005248
write_file 1567697706.0332735 1567697707.7418463 inc-bigbrain_769_1206_1388.nii 140430451005248
task_duration 1567697704.1823595 1567697707.7503989 1567697138-tmpfsAD_1it_96cpus_0delay_npc-0 140430451005248
read_file 1567697704.181976 1567697704.1837678 bigbrain_1538_603_2776.nii 140502128539456
increment_file 1567697704.1839955 1567697705.5400503 bigbrain_1538_603_2776.nii 140502128539456
write_file 1567697705.5721872 1567697707.0126038 inc-bigbrain_1538_603_2776.nii 140502128539456
task_duration 1567697704.179957 1567697707.0209494 1567697138-tmpfsAD_1it_96cpus_0delay_npc-0 140502128539456
read_file 1567697704.1755319 1567697704.177247 bigbrain_1538_0_694.nii 139830068897600
increment_file 1567697704.1774657 1567697705.9878223 bigbrain_1538_0_694.nii 139830068897600
write_file 1567697706.0283096 1567697707.8174055 inc-bigbrain_1538_0_694.nii 139830068897600
task_duration 1567697704.1734226 1567697707.8285737 1567697138-tmpfsAD_1it_96cpus_0delay_npc-0 139830068897600
read_file 1567697704.1737456 1567697704.1751335 bigbrain_2307_603_0.nii 139743847073600
increment_file 1567697704.1752982 1567697705.9581254 bigbrain_2307_603_0.nii 139743847073600
write_file 1567697705.9935668 1567697707.7299562 inc-bigbrain_2307_603_0.nii 139743847073600
task_duration 1567697704.1720617 1567697707.7418816 1567697138-tmpfsAD_1it_96cpus_0delay_npc-0 139743847073600
read_file 1567697704.1730952 1567697704.1744676 bigbrain_1538_1206_2082.nii 140213016057664
increment_file 1567697704.1746397 1567697706.0175185 bigbrain_1538_1206_2082.nii 140213016057664
write_file 1567697706.059411 1567697707.8356392 inc-bigbrain_1538_1206_2082.nii 140213016057664
task_duration 1567697704.1709282 1567697707.8460898 1567697138-tmpfsAD_1it_96cpus_0delay_npc-0 140213016057664
read_file 1567697704.17253 1567697704.1739469 bigbrain_2307_0_2082.nii 140355963578176
increment_file 1567697704.174139 1567697705.9401162 bigbrain_2307_0_2082.nii 140355963578176
write_file 1567697705.9729104 1567697707.731734 inc-bigbrain_2307_0_2082.nii 140355963578176
task_duration 1567697704.1697538 1567697707.7432299 1567697138-tmpfsAD_1it_96cpus_0delay_npc-0 140355963578176
read_file 1567697704.1587036 1567697704.160953 bigbrain_2307_2412_0.nii 140445776095040
increment_file 1567697704.1612418 1567697705.509653 bigbrain_2307_2412_0.nii 140445776095040
write_file 1567697705.539586 1567697707.1159875 inc-bigbrain_2307_2412_0.nii 140445776095040
task_duration 1567697704.1558065 1567697707.1220112 1567697138-tmpfsAD_1it_96cpus_0delay_npc-0 140445776095040
read_file 1567697704.1508074 1567697704.1523843 bigbrain_2307_1809_694.nii 140520617404224
increment_file 1567697704.152627 1567697705.3044746 bigbrain_2307_1809_694.nii 140520617404224
write_file 1567697705.3445735 1567697706.876915 inc-bigbrain_2307_1809_694.nii 140520617404224
task_duration 1567697704.1489124 1567697706.885141 1567697138-tmpfsAD_1it_96cpus_0delay_npc-0 140520617404224
read_file 1567697704.144325 1567697704.1460443 bigbrain_2307_1206_2776.nii 139833516218176
increment_file 1567697704.14626 1567697705.369332 bigbrain_2307_1206_2776.nii 139833516218176
write_file 1567697705.4000053 1567697706.9555564 inc-bigbrain_2307_1206_2776.nii 139833516218176
task_duration 1567697704.142079 1567697706.963863 1567697138-tmpfsAD_1it_96cpus_0delay_npc-0 139833516218176
read_file 1567697704.140536 1567697704.1423833 bigbrain_1538_1206_694.nii 140496955569984
increment_file 1567697704.1425207 1567697705.8334851 bigbrain_1538_1206_694.nii 140496955569984
write_file 1567697705.8700733 1567697707.6717207 inc-bigbrain_1538_1206_694.nii 140496955569984
task_duration 1567697704.137344 1567697707.6822405 1567697138-tmpfsAD_1it_96cpus_0delay_npc-0 140496955569984
read_file 1567697704.1390324 1567697704.14127 bigbrain_1538_603_1388.nii 140429982205760
increment_file 1567697704.14153 1567697705.877551 bigbrain_1538_603_1388.nii 140429982205760
write_file 1567697705.9229639 1567697707.6232028 inc-bigbrain_1538_603_1388.nii 140429982205760
task_duration 1567697704.1359987 1567697707.6355612 1567697138-tmpfsAD_1it_96cpus_0delay_npc-0 140429982205760
read_file 1567697704.139275 1567697704.1406896 bigbrain_1538_1809_2082.nii 140052588291904
increment_file 1567697704.1408775 1567697705.2833903 bigbrain_1538_1809_2082.nii 140052588291904
write_file 1567697705.3199172 1567697706.8524923 inc-bigbrain_1538_1809_2082.nii 140052588291904
task_duration 1567697704.136787 1567697706.8611996 1567697138-tmpfsAD_1it_96cpus_0delay_npc-0 140052588291904
read_file 1567697704.132387 1567697704.1340497 bigbrain_1538_1206_1388.nii 140277851756352
increment_file 1567697704.13426 1567697705.3031328 bigbrain_1538_1206_1388.nii 140277851756352
write_file 1567697705.382441 1567697706.932874 inc-bigbrain_1538_1206_1388.nii 140277851756352
task_duration 1567697704.1303334 1567697706.9416146 1567697138-tmpfsAD_1it_96cpus_0delay_npc-0 140277851756352
read_file 1567697704.131917 1567697704.1332586 bigbrain_1538_1809_0.nii 139751541983040
increment_file 1567697704.133437 1567697705.7884324 bigbrain_1538_1809_0.nii 139751541983040
write_file 1567697705.8305292 1567697707.580918 inc-bigbrain_1538_1809_0.nii 139751541983040
task_duration 1567697704.128792 1567697707.5940826 1567697138-tmpfsAD_1it_96cpus_0delay_npc-0 139751541983040
read_file 1567697704.128027 1567697704.1295378 bigbrain_1538_1206_0.nii 140712889734976
increment_file 1567697704.1297352 1567697705.2577856 bigbrain_1538_1206_0.nii 140712889734976
write_file 1567697705.2911413 1567697706.768513 inc-bigbrain_1538_1206_0.nii 140712889734976
task_duration 1567697704.1245322 1567697706.7808626 1567697138-tmpfsAD_1it_96cpus_0delay_npc-0 140712889734976
read_file 1567697704.1199164 1567697704.1214206 bigbrain_1538_1809_2776.nii 139869343078208
increment_file 1567697704.1216307 1567697705.251194 bigbrain_1538_1809_2776.nii 139869343078208
write_file 1567697705.2940848 1567697706.828245 inc-bigbrain_1538_1809_2776.nii 139869343078208
task_duration 1567697704.1180959 1567697706.837686 1567697138-tmpfsAD_1it_96cpus_0delay_npc-0 139869343078208
read_file 1567697704.1093214 1567697704.1106453 bigbrain_1538_1809_694.nii 140197215741760
increment_file 1567697704.1108243 1567697705.1603045 bigbrain_1538_1809_694.nii 140197215741760
write_file 1567697705.1925383 1567697706.692949 inc-bigbrain_1538_1809_694.nii 140197215741760
task_duration 1567697704.1073263 1567697706.7033515 1567697138-tmpfsAD_1it_96cpus_0delay_npc-0 140197215741760
read_file 1567697704.1022606 1567697704.1040132 bigbrain_2307_603_1388.nii 140577768773440
increment_file 1567697704.104226 1567697705.0771155 bigbrain_2307_603_1388.nii 140577768773440
write_file 1567697705.1157753 1567697706.669959 inc-bigbrain_2307_603_1388.nii 140577768773440
task_duration 1567697704.1000228 1567697706.6844275 1567697138-tmpfsAD_1it_96cpus_0delay_npc-0 140577768773440
read_file 1567697704.1006896 1567697704.10232 bigbrain_2307_0_0.nii 139644112385856
increment_file 1567697704.1025236 1567697705.1678286 bigbrain_2307_0_0.nii 139644112385856
write_file 1567697705.2070546 1567697706.7182555 inc-bigbrain_2307_0_0.nii 139644112385856
task_duration 1567697704.098692 1567697706.728035 1567697138-tmpfsAD_1it_96cpus_0delay_npc-0 139644112385856
read_file 1567697704.0945823 1567697704.0960956 bigbrain_1538_2412_2776.nii 139863326037824
increment_file 1567697704.0962799 1567697705.608308 bigbrain_1538_2412_2776.nii 139863326037824
write_file 1567697705.644776 1567697707.5369375 inc-bigbrain_1538_2412_2776.nii 139863326037824
task_duration 1567697704.0925426 1567697707.5470803 1567697138-tmpfsAD_1it_96cpus_0delay_npc-0 139863326037824
read_file 1567697704.0900435 1567697704.0915697 bigbrain_1538_603_0.nii 140381072893760
increment_file 1567697704.0917695 1567697705.1397474 bigbrain_1538_603_0.nii 140381072893760
write_file 1567697705.1801853 1567697706.6734836 inc-bigbrain_1538_603_0.nii 140381072893760
task_duration 1567697704.088085 1567697706.6847508 1567697138-tmpfsAD_1it_96cpus_0delay_npc-0 140381072893760
read_file 1567697704.0874395 1567697704.0886502 bigbrain_1538_1206_2776.nii 140596138399552
increment_file 1567697704.0887876 1567697705.0895495 bigbrain_1538_1206_2776.nii 140596138399552
write_file 1567697705.1254377 1567697706.6465716 inc-bigbrain_1538_1206_2776.nii 140596138399552
task_duration 1567697704.084506 1567697706.6576211 1567697138-tmpfsAD_1it_96cpus_0delay_npc-0 140596138399552
read_file 1567697704.0874188 1567697704.0885882 bigbrain_1538_2412_2082.nii 139689074345792
increment_file 1567697704.0887332 1567697705.1238332 bigbrain_1538_2412_2082.nii 139689074345792
write_file 1567697705.1628904 1567697706.6914887 inc-bigbrain_1538_2412_2082.nii 139689074345792
task_duration 1567697704.0844517 1567697706.701674 1567697138-tmpfsAD_1it_96cpus_0delay_npc-0 139689074345792
read_file 1567697704.0868077 1567697704.0881488 bigbrain_1538_0_2776.nii 140491620247360
increment_file 1567697704.0883083 1567697705.115498 bigbrain_1538_0_2776.nii 140491620247360
write_file 1567697705.1522179 1567697706.580364 inc-bigbrain_1538_0_2776.nii 140491620247360
task_duration 1567697704.0835202 1567697706.5918436 1567697138-tmpfsAD_1it_96cpus_0delay_npc-0 140491620247360
read_file 1567697704.0291507 1567697704.0304763 bigbrain_2307_1809_2082.nii 139690969732928
increment_file 1567697704.0306306 1567697704.9062877 bigbrain_2307_1809_2082.nii 139690969732928
write_file 1567697704.9493015 1567697706.42034 inc-bigbrain_2307_1809_2082.nii 139690969732928
task_duration 1567697704.0259838 1567697706.4327507 1567697138-tmpfsAD_1it_96cpus_0delay_npc-0 139690969732928
read_file 1567697704.0291128 1567697704.0304303 bigbrain_1538_2412_694.nii 140557236516672
increment_file 1567697704.030574 1567697704.8500593 bigbrain_1538_2412_694.nii 140557236516672
write_file 1567697704.8882046 1567697706.4148924 inc-bigbrain_1538_2412_694.nii 140557236516672
task_duration 1567697704.0258842 1567697706.4273732 1567697138-tmpfsAD_1it_96cpus_0delay_npc-0 140557236516672
read_file 1567697704.0291533 1567697704.030412 bigbrain_1538_2412_0.nii 139753615886144
increment_file 1567697704.0305667 1567697704.9725275 bigbrain_1538_2412_0.nii 139753615886144
write_file 1567697705.0069277 1567697706.4265094 inc-bigbrain_1538_2412_0.nii 139753615886144
task_duration 1567697704.0259535 1567697706.4382403 1567697138-tmpfsAD_1it_96cpus_0delay_npc-0 139753615886144
