read_file 1567701698.7122622 1567701698.82064 bigbrain_3076_1206_0.nii 139881457203008
increment_file 1567701699.0916562 1567701722.5183532 bigbrain_3076_1206_0.nii 139881457203008
write_file 1567701726.2700784 1567701754.3150651 inc-bigbrain_3076_1206_0.nii 139881457203008
task_duration 1567701818.710163 1567701994.4335897 1567701247-isilonAD_1it_25cpus_120delay_withpc-1 139881457203008
read_file 1567701783.8657696 1567701783.9085352 bigbrain_3076_1809_2082.nii 140553460688704
increment_file 1567701783.9201758 1567701789.4259365 bigbrain_3076_1809_2082.nii 140553460688704
write_file 1567701789.465591 1567701795.64812 inc-bigbrain_3076_1809_2082.nii 140553460688704
task_duration 1567701903.8642416 1567702035.7693439 1567701247-isilonAD_1it_25cpus_120delay_withpc-1 140553460688704
read_file 1567702140.1043184 1567702140.65673 bigbrain_769_603_694.nii 139995852957504
increment_file 1567702141.0385103 1567702146.9936354 bigbrain_769_603_694.nii 139995852957504
write_file 1567702147.3086333 1567702153.4975414 inc-bigbrain_769_603_694.nii 139995852957504
task_duration 1567702259.7086246 1567702393.6070867 1567701247-isilonAD_1it_25cpus_120delay_withpc-1 139995852957504
read_file 1567701134.9264262 1567701135.3284247 bigbrain_1538_1809_0.nii 140282088380224
increment_file 1567701169.2002332 1567701217.594846 bigbrain_1538_1809_0.nii 140282088380224
write_file 1567701269.546384 1567701383.8289344 inc-bigbrain_1538_1809_0.nii 140282088380224
task_duration 1567701254.9109044 1567701629.3745146 1567701247-isilonAD_1it_25cpus_120delay_withpc-1 140282088380224
read_file 1567701503.4901328 1567701503.5387068 bigbrain_2307_1206_1388.nii 140288720545600
increment_file 1567701503.547918 1567701514.4129426 bigbrain_2307_1206_1388.nii 140288720545600
write_file 1567701514.5523162 1567701526.20441 inc-bigbrain_2307_1206_1388.nii 140288720545600
task_duration 1567701623.4882169 1567701766.3416674 1567701247-isilonAD_1it_25cpus_120delay_withpc-1 140288720545600
read_file 1567701839.6967647 1567701842.6435106 bigbrain_3076_2412_2776.nii 140635685590848
increment_file 1567701842.6583948 1567701848.7052193 bigbrain_3076_2412_2776.nii 140635685590848
write_file 1567701850.0889874 1567701861.6261694 inc-bigbrain_3076_2412_2776.nii 140635685590848
task_duration 1567701959.4381137 1567702107.888815 1567701247-isilonAD_1it_25cpus_120delay_withpc-1 140635685590848
read_file 1567701134.8511074 1567701135.0847924 bigbrain_1538_603_1388.nii 140462287148864
increment_file 1567701135.3171468 1567701160.2047596 bigbrain_1538_603_1388.nii 140462287148864
write_file 1567701265.0244966 1567701322.0308876 inc-bigbrain_1538_603_1388.nii 140462287148864
task_duration 1567701254.8463552 1567701594.6924717 1567701247-isilonAD_1it_25cpus_120delay_withpc-1 140462287148864
read_file 1567701595.6136813 1567701595.7235713 bigbrain_2307_603_0.nii 140683642849088
increment_file 1567701595.7494278 1567701618.1202488 bigbrain_2307_603_0.nii 140683642849088
write_file 1567701624.772177 1567701648.9566865 inc-bigbrain_2307_603_0.nii 140683642849088
task_duration 1567701715.6102881 1567701890.4565096 1567701247-isilonAD_1it_25cpus_120delay_withpc-1 140683642849088
read_file 1567701726.1844604 1567701726.2770376 bigbrain_3076_1206_2776.nii 140647477065536
increment_file 1567701726.2904198 1567701751.1588476 bigbrain_3076_1206_2776.nii 140647477065536
write_file 1567701753.5134513 1567701760.9478443 inc-bigbrain_3076_1206_2776.nii 140647477065536
task_duration 1567701846.0052946 1567702001.0631018 1567701247-isilonAD_1it_25cpus_120delay_withpc-1 140647477065536
read_file 1567702052.1340146 1567702066.3954043 bigbrain_769_1809_2776.nii 139727364093760
increment_file 1567702066.7881472 1567702079.7393777 bigbrain_769_1809_2776.nii 139727364093760
write_file 1567702083.0886846 1567702102.5543883 inc-bigbrain_769_1809_2776.nii 139727364093760
task_duration 1567702171.7338834 1567702346.9925501 1567701247-isilonAD_1it_25cpus_120delay_withpc-1 139727364093760
read_file 1567701848.1544118 1567701849.8758943 bigbrain_3076_2412_2082.nii 139986430846784
increment_file 1567701850.6770043 1567701863.7517338 bigbrain_3076_2412_2082.nii 139986430846784
write_file 1567701868.428879 1567701883.812792 inc-bigbrain_3076_2412_2082.nii 139986430846784
task_duration 1567701968.0474696 1567702125.4926395 1567701247-isilonAD_1it_25cpus_120delay_withpc-1 139986430846784
read_file 1567701135.2032542 1567701135.3898647 bigbrain_2307_0_1388.nii 140089427662656
increment_file 1567701225.3481271 1567701257.3531625 bigbrain_2307_0_1388.nii 140089427662656
write_file 1567701271.9943936 1567701406.4393208 inc-bigbrain_2307_0_1388.nii 140089427662656
task_duration 1567701255.1701047 1567701646.800116 1567701247-isilonAD_1it_25cpus_120delay_withpc-1 140089427662656
read_file 1567701135.2845254 1567701136.735147 bigbrain_1538_1809_1388.nii 140258539583296
increment_file 1567701254.8517735 1567701273.1140385 bigbrain_1538_1809_1388.nii 140258539583296
write_file 1567701352.0216942 1567701407.8108673 inc-bigbrain_1538_1809_1388.nii 140258539583296
task_duration 1567701255.255216 1567701647.9213824 1567701247-isilonAD_1it_25cpus_120delay_withpc-1 140258539583296
read_file 1567701629.2221954 1567701633.4614341 bigbrain_2307_603_2776.nii 139861990737728
increment_file 1567701642.1063168 1567701657.5291054 bigbrain_2307_603_2776.nii 139861990737728
write_file 1567701658.3346813 1567701667.915559 inc-bigbrain_2307_603_2776.nii 139861990737728
task_duration 1567701748.759292 1567701910.3547802 1567701247-isilonAD_1it_25cpus_120delay_withpc-1 139861990737728
read_file 1567701698.7312667 1567701698.8253152 bigbrain_3076_0_2776.nii 139884737357632
increment_file 1567701701.529674 1567701725.053392 bigbrain_3076_0_2776.nii 139884737357632
write_file 1567701726.2707212 1567701754.3135226 inc-bigbrain_3076_0_2776.nii 139884737357632
task_duration 1567701818.7166457 1567701994.4345381 1567701247-isilonAD_1it_25cpus_120delay_withpc-1 139884737357632
read_file 1567701134.9625032 1567701135.3597713 bigbrain_1538_2412_0.nii 139972349470528
increment_file 1567701180.7150364 1567701228.5100963 bigbrain_1538_2412_0.nii 139972349470528
write_file 1567701270.0848057 1567701390.4828758 inc-bigbrain_1538_2412_0.nii 139972349470528
task_duration 1567701254.912861 1567701633.625186 1567701247-isilonAD_1it_25cpus_120delay_withpc-1 139972349470528
read_file 1567701135.1041546 1567701135.3883412 bigbrain_1538_2412_694.nii 139813128718144
increment_file 1567701221.3372412 1567701256.4407156 bigbrain_1538_2412_694.nii 139813128718144
write_file 1567701271.8330812 1567701404.596322 inc-bigbrain_1538_2412_694.nii 139813128718144
task_duration 1567701255.0943727 1567701645.0381663 1567701247-isilonAD_1it_25cpus_120delay_withpc-1 139813128718144
read_file 1567701796.3839016 1567701796.445772 bigbrain_3076_2412_0.nii 140117715785536
increment_file 1567701796.7833886 1567701812.9815142 bigbrain_3076_2412_0.nii 140117715785536
write_file 1567701814.0850246 1567701834.1389847 inc-bigbrain_3076_2412_0.nii 140117715785536
task_duration 1567701916.373487 1567702075.0446258 1567701247-isilonAD_1it_25cpus_120delay_withpc-1 140117715785536
read_file 1567701595.6302903 1567701595.7355335 bigbrain_2307_2412_694.nii 140641005401920
increment_file 1567701596.021485 1567701621.3172724 bigbrain_2307_2412_694.nii 140641005401920
write_file 1567701624.775724 1567701651.7771213 inc-bigbrain_2307_2412_694.nii 140641005401920
task_duration 1567701715.6194775 1567701893.4687822 1567701247-isilonAD_1it_25cpus_120delay_withpc-1 140641005401920
read_file 1567701863.6981168 1567701868.4339359 bigbrain_3076_603_0.nii 139956745172800
increment_file 1567701868.4440649 1567701881.4651341 bigbrain_3076_603_0.nii 139956745172800
write_file 1567701884.1773572 1567701891.1356862 inc-bigbrain_3076_603_0.nii 139956745172800
task_duration 1567701982.9813085 1567702131.2592824 1567701247-isilonAD_1it_25cpus_120delay_withpc-1 139956745172800
read_file 1567701134.9025564 1567701135.2893655 bigbrain_1538_2412_2082.nii 140031108081472
increment_file 1567701148.2602577 1567701199.4437113 bigbrain_1538_2412_2082.nii 140031108081472
write_file 1567701269.007846 1567701368.9601498 inc-bigbrain_1538_2412_2082.nii 140031108081472
task_duration 1567701254.8674486 1567701619.238773 1567701247-isilonAD_1it_25cpus_120delay_withpc-1 140031108081472
read_file 1567701666.4334636 1567701670.3126886 bigbrain_3076_0_1388.nii 139950886000448
increment_file 1567701670.324496 1567701680.4933312 bigbrain_3076_0_1388.nii 139950886000448
write_file 1567701684.3600054 1567701697.3999188 inc-bigbrain_3076_0_1388.nii 139950886000448
task_duration 1567701785.4993124 1567701937.5171185 1567701247-isilonAD_1it_25cpus_120delay_withpc-1 139950886000448
read_file 1567701134.8515785 1567701135.1173189 bigbrain_1538_2412_1388.nii 140089607591744
increment_file 1567701135.3832178 1567701160.310016 bigbrain_1538_2412_1388.nii 140089607591744
write_file 1567701267.4483154 1567701347.7818727 inc-bigbrain_1538_2412_1388.nii 140089607591744
task_duration 1567701254.84582 1567701600.99128 1567701247-isilonAD_1it_25cpus_120delay_withpc-1 140089607591744
read_file 1567701135.0794103 1567701135.3817716 bigbrain_1538_603_2776.nii 140513223558976
increment_file 1567701210.4277382 1567701252.18954 bigbrain_1538_603_2776.nii 140513223558976
write_file 1567701271.2718456 1567701401.2489603 inc-bigbrain_1538_603_2776.nii 140513223558976
task_duration 1567701255.0442417 1567701641.8083656 1567701247-isilonAD_1it_25cpus_120delay_withpc-1 140513223558976
read_file 1567701134.9038165 1567701135.2951915 bigbrain_1538_1206_2082.nii 139961770448704
increment_file 1567701165.15693 1567701214.2816396 bigbrain_1538_1206_2082.nii 139961770448704
write_file 1567701269.4124265 1567701380.1684308 inc-bigbrain_1538_1206_2082.nii 139961770448704
task_duration 1567701254.8723524 1567701625.115925 1567701247-isilonAD_1it_25cpus_120delay_withpc-1 139961770448704
read_file 1567701595.6579552 1567701595.7371314 bigbrain_2307_2412_2082.nii 140311280187200
increment_file 1567701603.0453382 1567701624.745465 bigbrain_2307_2412_2082.nii 140311280187200
write_file 1567701626.1348305 1567701655.9004478 inc-bigbrain_2307_2412_2082.nii 140311280187200
task_duration 1567701715.628629 1567701897.9767852 1567701247-isilonAD_1it_25cpus_120delay_withpc-1 140311280187200
read_file 1567701944.4403405 1567701944.5297682 bigbrain_769_0_2776.nii 139633148483392
increment_file 1567701944.5613515 1567701963.512415 bigbrain_769_0_2776.nii 139633148483392
write_file 1567701974.8179848 1567702000.128164 inc-bigbrain_769_0_2776.nii 139633148483392
task_duration 1567702064.4381769 1567702242.168261 1567701247-isilonAD_1it_25cpus_120delay_withpc-1 139633148483392
read_file 1567702040.536976 1567702041.2657335 bigbrain_769_1809_694.nii 140154420127552
increment_file 1567702049.2086864 1567702065.9935708 bigbrain_769_1809_694.nii 140154420127552
write_file 1567702067.8697886 1567702098.1482627 inc-bigbrain_769_1809_694.nii 140154420127552
task_duration 1567702160.5336845 1567702346.8832247 1567701247-isilonAD_1it_25cpus_120delay_withpc-1 140154420127552
read_file 1567701134.8636708 1567701135.2451856 bigbrain_2307_0_2082.nii 139897902823232
increment_file 1567701139.020944 1567701181.0910048 bigbrain_2307_0_2082.nii 139897902823232
write_file 1567701268.6039855 1567701363.518492 inc-bigbrain_2307_0_2082.nii 139897902823232
task_duration 1567701254.8611526 1567701614.9748273 1567701247-isilonAD_1it_25cpus_120delay_withpc-1 139897902823232
read_file 1567701134.903339 1567701135.2944202 bigbrain_2307_0_0.nii 140654290270016
increment_file 1567701158.2113364 1567701206.9299843 bigbrain_2307_0_0.nii 140654290270016
write_file 1567701269.1427207 1567701372.8978252 inc-bigbrain_2307_0_0.nii 140654290270016
task_duration 1567701254.8716044 1567701622.2507424 1567701247-isilonAD_1it_25cpus_120delay_withpc-1 140654290270016
read_file 1567701898.9452398 1567701901.3563328 bigbrain_3076_603_694.nii 140709052122944
increment_file 1567701907.6665688 1567701920.1518779 bigbrain_3076_603_694.nii 140709052122944
write_file 1567701924.5620809 1567701944.0212722 inc-bigbrain_3076_603_694.nii 140709052122944
task_duration 1567702018.8814592 1567702184.1507056 1567701247-isilonAD_1it_25cpus_120delay_withpc-1 140709052122944
read_file 1567701674.0295537 1567701676.1800435 bigbrain_3076_0_2082.nii 140701819291456
increment_file 1567701677.5070515 1567701685.6792629 bigbrain_3076_0_2082.nii 140701819291456
write_file 1567701685.7165565 1567701697.4005504 inc-bigbrain_3076_0_2082.nii 140701819291456
task_duration 1567701793.8872871 1567701937.5204382 1567701247-isilonAD_1it_25cpus_120delay_withpc-1 140701819291456
read_file 1567702040.4618156 1567702040.5209613 bigbrain_769_2412_2082.nii 140090489407296
increment_file 1567702040.5362322 1567702059.6053612 bigbrain_769_2412_2082.nii 140090489407296
write_file 1567702066.7986815 1567702085.470001 inc-bigbrain_769_2412_2082.nii 140090489407296
task_duration 1567702160.45883 1567702329.0576985 1567701247-isilonAD_1it_25cpus_120delay_withpc-1 140090489407296
read_file 1567701944.4604805 1567701944.5339367 bigbrain_769_1206_2082.nii 139833499801408
increment_file 1567701944.8502362 1567701967.6301506 bigbrain_769_1206_2082.nii 139833499801408
write_file 1567701975.8961523 1567702007.9922087 inc-bigbrain_769_1206_2082.nii 139833499801408
task_duration 1567702064.4440084 1567702249.7176538 1567701247-isilonAD_1it_25cpus_120delay_withpc-1 139833499801408
read_file 1567701581.2256505 1567701581.263894 bigbrain_2307_2412_0.nii 140177037440832
increment_file 1567701581.277152 1567701592.7986758 bigbrain_2307_2412_0.nii 140177037440832
write_file 1567701595.3564832 1567701615.1965454 inc-bigbrain_2307_2412_0.nii 140177037440832
task_duration 1567701701.2217612 1567701864.483213 1567701247-isilonAD_1it_25cpus_120delay_withpc-1 140177037440832
read_file 1567701796.357019 1567701796.4329312 bigbrain_3076_1809_2776.nii 139838302574400
increment_file 1567701796.451462 1567701810.0768046 bigbrain_3076_1809_2776.nii 139838302574400
write_file 1567701813.018162 1567701829.5798924 inc-bigbrain_3076_1809_2776.nii 139838302574400
task_duration 1567701916.3547926 1567702071.2845886 1567701247-isilonAD_1it_25cpus_120delay_withpc-1 139838302574400
read_file 1567701898.989635 1567701901.4988904 bigbrain_769_0_0.nii 140047977789248
increment_file 1567701911.9163535 1567701923.0264351 bigbrain_769_0_0.nii 140047977789248
write_file 1567701925.373076 1567701944.0297096 inc-bigbrain_769_0_0.nii 140047977789248
task_duration 1567702018.8894932 1567702184.1505392 1567701247-isilonAD_1it_25cpus_120delay_withpc-1 140047977789248
read_file 1567701539.9668858 1567701540.015378 bigbrain_2307_1809_1388.nii 140669159286592
increment_file 1567701542.8130903 1567701552.0526636 bigbrain_2307_1809_1388.nii 140669159286592
write_file 1567701552.1164842 1567701563.7712379 inc-bigbrain_2307_1809_1388.nii 140669159286592
task_duration 1567701659.9642642 1567701803.9027662 1567701247-isilonAD_1it_25cpus_120delay_withpc-1 140669159286592
read_file 1567701892.6395202 1567701892.6858966 bigbrain_3076_603_2776.nii 140449527002944
increment_file 1567701892.702095 1567701898.1696315 bigbrain_3076_603_2776.nii 140449527002944
write_file 1567701898.2125616 1567701908.870806 inc-bigbrain_3076_603_2776.nii 140449527002944
task_duration 1567702012.6368034 1567702155.6056585 1567701247-isilonAD_1it_25cpus_120delay_withpc-1 140449527002944
read_file 1567701796.383013 1567701796.4450138 bigbrain_3076_1809_694.nii 140280870758208
increment_file 1567701796.5124934 1567701811.5307348 bigbrain_3076_1809_694.nii 140280870758208
write_file 1567701813.8151455 1567701833.2404518 inc-bigbrain_3076_1809_694.nii 140280870758208
task_duration 1567701916.364966 1567702074.1556344 1567701247-isilonAD_1it_25cpus_120delay_withpc-1 140280870758208
read_file 1567701134.8612883 1567701135.2086716 bigbrain_1538_1809_2776.nii 140569089304384
increment_file 1567701135.5261335 1567701170.9238935 bigbrain_1538_1809_2776.nii 140569089304384
write_file 1567701268.0652056 1567701355.3424227 inc-bigbrain_1538_1809_2776.nii 140569089304384
task_duration 1567701254.8588867 1567701608.0137463 1567701247-isilonAD_1it_25cpus_120delay_withpc-1 140569089304384
read_file 1567701135.0226283 1567701135.370271 bigbrain_1538_1809_694.nii 139875907712832
increment_file 1567701192.0652716 1567701239.4856136 bigbrain_1538_1809_694.nii 139875907712832
write_file 1567701270.7568865 1567701396.2548878 inc-bigbrain_1538_1809_694.nii 139875907712832
task_duration 1567701254.9739947 1567701638.3649127 1567701247-isilonAD_1it_25cpus_120delay_withpc-1 139875907712832
read_file 1567701534.0247405 1567701534.0790226 bigbrain_2307_1206_694.nii 139829783017280
increment_file 1567701534.1005108 1567701539.6022089 bigbrain_2307_1206_694.nii 139829783017280
write_file 1567701539.6595912 1567701549.3881216 inc-bigbrain_2307_1206_694.nii 139829783017280
task_duration 1567701654.020987 1567701792.174857 1567701247-isilonAD_1it_25cpus_120delay_withpc-1 139829783017280
read_file 1567702106.9033651 1567702106.9350154 bigbrain_769_603_2082.nii 139965067974464
increment_file 1567702106.9436402 1567702126.745465 bigbrain_769_603_2082.nii 139965067974464
write_file 1567702127.778694 1567702134.996627 inc-bigbrain_769_603_2082.nii 139965067974464
task_duration 1567702226.9005895 1567702375.0546846 1567701247-isilonAD_1it_25cpus_120delay_withpc-1 139965067974464
read_file 1567701605.557631 1567701624.506306 bigbrain_2307_603_2082.nii 139890422003520
increment_file 1567701624.7592921 1567701645.2627964 bigbrain_2307_603_2082.nii 139890422003520
write_file 1567701647.9680247 1567701658.3166485 inc-bigbrain_2307_603_2082.nii 139890422003520
task_duration 1567701724.8095572 1567701898.434533 1567701247-isilonAD_1it_25cpus_120delay_withpc-1 139890422003520
read_file 1567701570.105169 1567701570.1693423 bigbrain_2307_1809_2776.nii 140689795368768
increment_file 1567701570.188168 1567701580.0071642 bigbrain_2307_1809_2776.nii 140689795368768
write_file 1567701581.2270129 1567701594.4281762 inc-bigbrain_2307_1809_2776.nii 140689795368768
task_duration 1567701690.1027632 1567701835.4487016 1567701247-isilonAD_1it_25cpus_120delay_withpc-1 140689795368768
read_file 1567701134.9444146 1567701135.3555868 bigbrain_1538_603_2082.nii 140333700663104
increment_file 1567701176.6790273 1567701225.4642663 bigbrain_1538_603_2082.nii 140333700663104
write_file 1567701269.815409 1567701387.0001523 inc-bigbrain_1538_603_2082.nii 140333700663104
task_duration 1567701254.912196 1567701631.9639938 1567701247-isilonAD_1it_25cpus_120delay_withpc-1 140333700663104
read_file 1567701754.442945 1567701754.4768507 bigbrain_3076_1206_694.nii 140192959366976
increment_file 1567701754.4853845 1567701760.944383 bigbrain_3076_1206_694.nii 140192959366976
write_file 1567701760.9788778 1567701768.7133002 inc-bigbrain_3076_1206_694.nii 140192959366976
task_duration 1567701874.4396036 1567702010.5618885 1567701247-isilonAD_1it_25cpus_120delay_withpc-1 140192959366976
read_file 1567701135.103713 1567701135.3878276 bigbrain_1538_603_694.nii 140381068871488
increment_file 1567701214.4135218 1567701253.6421885 bigbrain_1538_603_694.nii 140381068871488
write_file 1567701271.4759634 1567701403.145535 inc-bigbrain_1538_603_694.nii 140381068871488
task_duration 1567701255.0882454 1567701643.6395152 1567701247-isilonAD_1it_25cpus_120delay_withpc-1 140381068871488
read_file 1567701698.711268 1567701698.8198888 bigbrain_3076_0_694.nii 140709076252480
increment_file 1567701698.8339646 1567701717.2933931 bigbrain_3076_0_694.nii 140709076252480
write_file 1567701726.23683 1567701754.0293055 inc-bigbrain_3076_0_694.nii 140709076252480
task_duration 1567701818.708906 1567701994.424467 1567701247-isilonAD_1it_25cpus_120delay_withpc-1 140709076252480
read_file 1567701848.7152655 1567701850.1345165 bigbrain_3076_603_2082.nii 139855301281600
increment_file 1567701851.860658 1567701867.492379 bigbrain_3076_603_2082.nii 139855301281600
write_file 1567701868.453856 1567701885.5653968 inc-bigbrain_3076_603_2082.nii 139855301281600
task_duration 1567701968.6478863 1567702125.6874526 1567701247-isilonAD_1it_25cpus_120delay_withpc-1 139855301281600
read_file 1567701898.8205135 1567701898.87922 bigbrain_769_0_2082.nii 139665147754304
increment_file 1567701899.5071402 1567701910.046339 bigbrain_769_0_2082.nii 139665147754304
write_file 1567701920.1507144 1567701937.3767056 inc-bigbrain_769_0_2082.nii 139665147754304
task_duration 1567702018.8169703 1567702179.5956895 1567701247-isilonAD_1it_25cpus_120delay_withpc-1 139665147754304
read_file 1567701483.192143 1567701483.4004962 bigbrain_2307_0_694.nii 139718682400576
increment_file 1567701483.6382177 1567701489.695559 bigbrain_2307_0_694.nii 139718682400576
write_file 1567701489.7202685 1567701496.4815629 inc-bigbrain_2307_0_694.nii 139718682400576
task_duration 1567701603.1212268 1567701736.9715502 1567701247-isilonAD_1it_25cpus_120delay_withpc-1 139718682400576
read_file 1567701698.7328432 1567701698.826727 bigbrain_3076_1206_2082.nii 139639564252992
increment_file 1567701705.005588 1567701726.2384832 bigbrain_3076_1206_2082.nii 139639564252992
write_file 1567701726.2965229 1567701754.3181198 inc-bigbrain_3076_1206_2082.nii 139639564252992
task_duration 1567701818.7306647 1567701994.4369793 1567701247-isilonAD_1it_25cpus_120delay_withpc-1 139639564252992
read_file 1567701135.2444112 1567701136.3313594 bigbrain_1538_2412_2776.nii 140443233486656
increment_file 1567701236.3091235 1567701267.7960942 bigbrain_1538_2412_2776.nii 140443233486656
write_file 1567701273.1317358 1567701407.1845589 inc-bigbrain_1538_2412_2776.nii 140443233486656
task_duration 1567701255.215153 1567701647.4235535 1567701247-isilonAD_1it_25cpus_120delay_withpc-1 140443233486656
read_file 1567701570.1238344 1567701570.1850681 bigbrain_2307_1809_694.nii 140255053440832
increment_file 1567701570.2012572 1567701581.1891057 bigbrain_2307_1809_694.nii 140255053440832
write_file 1567701581.2532718 1567701594.2942302 inc-bigbrain_2307_1809_694.nii 140255053440832
task_duration 1567701690.113289 1567701835.4546688 1567701247-isilonAD_1it_25cpus_120delay_withpc-1 140255053440832
read_file 1567701944.555501 1567701951.4028432 bigbrain_769_1206_2776.nii 139874816345920
increment_file 1567701963.6444793 1567701977.5543113 bigbrain_769_1206_2776.nii 139874816345920
write_file 1567701983.9527054 1567702009.7501526 inc-bigbrain_769_1206_2776.nii 139874816345920
task_duration 1567702064.5513957 1567702249.8756733 1567701247-isilonAD_1it_25cpus_120delay_withpc-1 139874816345920
read_file 1567701944.4608526 1567701944.5345464 bigbrain_769_1206_1388.nii 139781591865152
increment_file 1567701947.2567403 1567701971.4823902 bigbrain_769_1206_1388.nii 139781591865152
write_file 1567701977.4150033 1567702008.766082 inc-bigbrain_769_1206_1388.nii 139781591865152
task_duration 1567702064.447971 1567702249.8508644 1567701247-isilonAD_1it_25cpus_120delay_withpc-1 139781591865152
read_file 1567701503.4916825 1567701503.5395508 bigbrain_2307_1206_2082.nii 140370415294272
increment_file 1567701503.5517395 1567701514.5182996 bigbrain_2307_1206_2082.nii 140370415294272
write_file 1567701514.5561812 1567701526.2095535 inc-bigbrain_2307_1206_2082.nii 140370415294272
task_duration 1567701623.4895875 1567701766.3364146 1567701247-isilonAD_1it_25cpus_120delay_withpc-1 140370415294272
read_file 1567701475.717324 1567701475.734535 bigbrain_2307_0_2776.nii 140217983665984
increment_file 1567701475.7447472 1567701481.2452953 bigbrain_2307_0_2776.nii 140217983665984
write_file 1567701481.2688434 1567701487.851994 inc-bigbrain_2307_0_2776.nii 140217983665984
task_duration 1567701595.7145092 1567701728.6236327 1567701247-isilonAD_1it_25cpus_120delay_withpc-1 140217983665984
read_file 1567702040.4573736 1567702040.517277 bigbrain_769_2412_0.nii 140031252793152
increment_file 1567702040.532148 1567702059.0988286 bigbrain_769_2412_0.nii 140031252793152
write_file 1567702066.7991502 1567702092.3932948 inc-bigbrain_769_2412_0.nii 140031252793152
task_duration 1567702160.4539313 1567702343.3312263 1567701247-isilonAD_1it_25cpus_120delay_withpc-1 140031252793152
read_file 1567701658.5159323 1567701658.5773263 bigbrain_3076_0_0.nii 140365501105984
increment_file 1567701658.5908399 1567701669.6334445 bigbrain_3076_0_0.nii 140365501105984
write_file 1567701670.3317552 1567701682.2744496 inc-bigbrain_3076_0_0.nii 140365501105984
task_duration 1567701778.5136373 1567701924.6500015 1567701247-isilonAD_1it_25cpus_120delay_withpc-1 140365501105984
read_file 1567701595.6154408 1567701595.7238908 bigbrain_2307_603_1388.nii 140642635036480
increment_file 1567701595.7412033 1567701615.5896266 bigbrain_2307_603_1388.nii 140642635036480
write_file 1567701624.7527683 1567701649.4524405 inc-bigbrain_2307_603_1388.nii 140642635036480
task_duration 1567701715.6128693 1567701891.0788589 1567701247-isilonAD_1it_25cpus_120delay_withpc-1 140642635036480
read_file 1567702041.6937726 1567702043.3558555 bigbrain_769_2412_1388.nii 139756290246464
increment_file 1567702050.3931658 1567702066.7681365 bigbrain_769_2412_1388.nii 139756290246464
write_file 1567702068.1372461 1567702099.0908246 inc-bigbrain_769_2412_1388.nii 139756290246464
task_duration 1567702161.2432568 1567702346.9873848 1567701247-isilonAD_1it_25cpus_120delay_withpc-1 139756290246464
read_file 1567702023.5037785 1567702023.5556383 bigbrain_769_1809_1388.nii 139641600272192
increment_file 1567702026.905195 1567702039.9856105 bigbrain_769_1809_1388.nii 139641600272192
write_file 1567702040.0328403 1567702062.9465773 inc-bigbrain_769_1809_1388.nii 139641600272192
task_duration 1567702143.4850135 1567702306.8891056 1567701247-isilonAD_1it_25cpus_120delay_withpc-1 139641600272192
read_file 1567702023.4720337 1567702023.5418596 bigbrain_769_1809_0.nii 140678700197696
increment_file 1567702023.5607588 1567702036.9163241 bigbrain_769_1809_0.nii 140678700197696
write_file 1567702040.0146484 1567702062.5452976 inc-bigbrain_769_1809_0.nii 140678700197696
task_duration 1567702143.4543076 1567702306.8884344 1567701247-isilonAD_1it_25cpus_120delay_withpc-1 140678700197696
read_file 1567702023.4427216 1567702023.5089586 bigbrain_769_1809_2082.nii 140286268835648
increment_file 1567702023.5455687 1567702033.849554 bigbrain_769_1809_2082.nii 140286268835648
write_file 1567702039.9905665 1567702062.1448917 inc-bigbrain_769_1809_2082.nii 140286268835648
task_duration 1567702143.4392703 1567702306.885366 1567701247-isilonAD_1it_25cpus_120delay_withpc-1 140286268835648
read_file 1567701760.9882061 1567701761.0231705 bigbrain_3076_1809_0.nii 140461117781824
increment_file 1567701761.0332122 1567701768.1791148 bigbrain_3076_1809_0.nii 140461117781824
write_file 1567701770.5844543 1567701780.9218247 inc-bigbrain_3076_1809_0.nii 140461117781824
task_duration 1567701880.9858112 1567702022.0350192 1567701247-isilonAD_1it_25cpus_120delay_withpc-1 140461117781824
read_file 1567701944.531243 1567701944.9855516 bigbrain_769_1206_0.nii 140710235662144
increment_file 1567701952.7385523 1567701974.2815871 bigbrain_769_1206_0.nii 140710235662144
write_file 1567701977.8567402 1567702009.1671104 inc-bigbrain_769_1206_0.nii 140710235662144
task_duration 1567702064.529249 1567702249.868888 1567701247-isilonAD_1it_25cpus_120delay_withpc-1 140710235662144
read_file 1567702135.4892316 1567702135.5140414 bigbrain_769_603_2776.nii 140591312021312
increment_file 1567702135.5177157 1567702141.0374649 bigbrain_769_603_2776.nii 140591312021312
write_file 1567702141.3138618 1567702147.8729339 inc-bigbrain_769_603_2776.nii 140591312021312
task_duration 1567702255.4870229 1567702387.9853606 1567701247-isilonAD_1it_25cpus_120delay_withpc-1 140591312021312
read_file 1567701849.4553635 1567701850.918663 bigbrain_3076_2412_694.nii 140385733855040
increment_file 1567701852.7318077 1567701868.4240885 bigbrain_3076_2412_694.nii 140385733855040
write_file 1567701869.129793 1567701885.57515 inc-bigbrain_3076_2412_694.nii 140385733855040
task_duration 1567701969.3935184 1567702125.6931448 1567701247-isilonAD_1it_25cpus_120delay_withpc-1 140385733855040
read_file 1567701837.0895367 1567701837.1303477 bigbrain_3076_603_1388.nii 140422306674496
increment_file 1567701837.145479 1567701842.6395886 bigbrain_3076_603_1388.nii 140422306674496
write_file 1567701843.7474215 1567701851.3698614 inc-bigbrain_3076_603_1388.nii 140422306674496
task_duration 1567701957.0868247 1567702096.300285 1567701247-isilonAD_1it_25cpus_120delay_withpc-1 140422306674496
read_file 1567701134.901845 1567701135.288681 bigbrain_1538_603_0.nii 140350239176512
increment_file 1567701144.3831959 1567701191.7972438 bigbrain_1538_603_0.nii 140350239176512
write_file 1567701268.8727787 1567701365.9409072 inc-bigbrain_1538_603_0.nii 140350239176512
task_duration 1567701254.864833 1567701616.937905 1567701247-isilonAD_1it_25cpus_120delay_withpc-1 140350239176512
read_file 1567702081.7239935 1567702084.116573 bigbrain_769_2412_694.nii 140525512570688
increment_file 1567702086.588712 1567702106.5091755 bigbrain_769_2412_694.nii 140525512570688
write_file 1567702106.9276192 1567702129.9229698 inc-bigbrain_769_2412_694.nii 140525512570688
task_duration 1567702201.5446784 1567702371.0002964 1567701247-isilonAD_1it_25cpus_120delay_withpc-1 140525512570688
read_file 1567701514.9078746 1567701514.943722 bigbrain_2307_1206_2776.nii 140435659917120
increment_file 1567701514.9561503 1567701526.1885495 bigbrain_2307_1206_2776.nii 140435659917120
write_file 1567701526.2477443 1567701532.5565171 inc-bigbrain_2307_1206_2776.nii 140435659917120
task_duration 1567701634.9050627 1567701772.6905487 1567701247-isilonAD_1it_25cpus_120delay_withpc-1 140435659917120
read_file 1567701595.6572056 1567701595.7366166 bigbrain_2307_2412_2776.nii 140025859237696
increment_file 1567701598.756147 1567701623.562269 bigbrain_2307_2412_2776.nii 140025859237696
write_file 1567701625.4776824 1567701655.122995 inc-bigbrain_2307_2412_2776.nii 140025859237696
task_duration 1567701715.6195152 1567701897.7995632 1567701247-isilonAD_1it_25cpus_120delay_withpc-1 140025859237696
read_file 1567702083.6096325 1567702084.594499 bigbrain_769_603_0.nii 139929361200960
increment_file 1567702087.929424 1567702106.8820198 bigbrain_769_603_0.nii 139929361200960
write_file 1567702106.9282906 1567702129.869687 inc-bigbrain_769_603_0.nii 139929361200960
task_duration 1567702203.4608855 1567702370.9406412 1567701247-isilonAD_1it_25cpus_120delay_withpc-1 139929361200960
read_file 1567702072.8271887 1567702074.3606434 bigbrain_769_603_1388.nii 140556201060160
increment_file 1567702079.7357929 1567702103.4620903 bigbrain_769_603_1388.nii 140556201060160
write_file 1567702106.9268363 1567702130.0120866 inc-bigbrain_769_603_1388.nii 140556201060160
task_duration 1567702191.862533 1567702371.066244 1567701247-isilonAD_1it_25cpus_120delay_withpc-1 140556201060160
read_file 1567701658.5233717 1567701658.5847478 bigbrain_2307_603_694.nii 140213611521856
increment_file 1567701658.5986874 1567701670.2979949 bigbrain_2307_603_694.nii 140213611521856
write_file 1567701671.0072947 1567701683.6737537 inc-bigbrain_2307_603_694.nii 140213611521856
task_duration 1567701778.5198443 1567701925.7875419 1567701247-isilonAD_1it_25cpus_120delay_withpc-1 140213611521856
read_file 1567701134.962922 1567701135.360716 bigbrain_1538_1206_2776.nii 140515489658688
increment_file 1567701188.0598245 1567701236.416903 bigbrain_1538_1206_2776.nii 140515489658688
write_file 1567701270.4880784 1567701392.9056134 inc-bigbrain_1538_1206_2776.nii 140515489658688
task_duration 1567701254.9156039 1567701635.5314867 1567701247-isilonAD_1it_25cpus_120delay_withpc-1 140515489658688
read_file 1567701761.5780444 1567701764.004023 bigbrain_3076_1809_1388.nii 140624141432640
increment_file 1567701765.3877044 1567701772.889191 bigbrain_3076_1809_1388.nii 140624141432640
write_file 1567701773.7398877 1567701783.139974 inc-bigbrain_3076_1809_1388.nii 140624141432640
task_duration 1567701881.3197215 1567702023.2617211 1567701247-isilonAD_1it_25cpus_120delay_withpc-1 140624141432640
read_file 1567702009.8181622 1567702009.8656223 bigbrain_769_1206_694.nii 140651104892736
increment_file 1567702009.8846288 1567702015.392821 bigbrain_769_1206_694.nii 140651104892736
write_file 1567702015.4329221 1567702021.6502395 inc-bigbrain_769_1206_694.nii 140651104892736
task_duration 1567702129.8149974 1567702261.7735107 1567701247-isilonAD_1it_25cpus_120delay_withpc-1 140651104892736
read_file 1567701552.0797193 1567701552.131877 bigbrain_2307_1809_2082.nii 140413757548352
increment_file 1567701552.1498241 1567701563.5809546 bigbrain_2307_1809_2082.nii 140413757548352
write_file 1567701563.8164485 1567701569.9792328 inc-bigbrain_2307_1809_2082.nii 140413757548352
task_duration 1567701672.076619 1567701810.1042473 1567701247-isilonAD_1it_25cpus_120delay_withpc-1 140413757548352
read_file 1567701135.0230792 1567701135.3792727 bigbrain_1538_1206_1388.nii 140310359955264
increment_file 1567701199.4421244 1567701247.135764 bigbrain_1538_1206_1388.nii 140310359955264
write_file 1567701270.8916466 1567701397.9370797 inc-bigbrain_1538_1206_1388.nii 140310359955264
task_duration 1567701254.9764786 1567701639.1404653 1567701247-isilonAD_1it_25cpus_120delay_withpc-1 140310359955264
read_file 1567701801.7347653 1567701812.9829 bigbrain_3076_2412_1388.nii 140228587743040
increment_file 1567701812.9970655 1567701823.7315464 bigbrain_3076_2412_1388.nii 140228587743040
write_file 1567701825.8107646 1567701836.93635 inc-bigbrain_3076_2412_1388.nii 140228587743040
task_duration 1567701920.937287 1567702076.979822 1567701247-isilonAD_1it_25cpus_120delay_withpc-1 140228587743040
read_file 1567702068.1906574 1567702072.214176 bigbrain_769_2412_2776.nii 140202269247296
increment_file 1567702077.6531994 1567702101.4852107 bigbrain_769_2412_2776.nii 140202269247296
write_file 1567702106.904538 1567702130.3509097 inc-bigbrain_769_2412_2776.nii 140202269247296
task_duration 1567702188.0129201 1567702371.2712224 1567701247-isilonAD_1it_25cpus_120delay_withpc-1 140202269247296
read_file 1567701134.8633177 1567701135.218168 bigbrain_1538_1809_2082.nii 140308346353472
increment_file 1567701137.5411243 1567701175.6045115 bigbrain_1538_1809_2082.nii 140308346353472
write_file 1567701268.1999013 1567701359.2515318 inc-bigbrain_1538_1809_2082.nii 140308346353472
task_duration 1567701254.86081 1567701615.5736854 1567701247-isilonAD_1it_25cpus_120delay_withpc-1 140308346353472
read_file 1567701581.2771523 1567701584.2974436 bigbrain_2307_2412_1388.nii 140477998114624
increment_file 1567701585.2882655 1567701595.3355165 bigbrain_2307_2412_1388.nii 140477998114624
write_file 1567701595.3791766 1567701616.2627602 inc-bigbrain_2307_2412_1388.nii 140477998114624
task_duration 1567701701.2744517 1567701864.858794 1567701247-isilonAD_1it_25cpus_120delay_withpc-1 140477998114624
read_file 1567701898.8211818 1567701898.880517 bigbrain_769_0_1388.nii 140320785377088
increment_file 1567701900.3003757 1567701912.8250914 bigbrain_769_0_1388.nii 140320785377088
write_file 1567701920.6855104 1567701942.3300605 inc-bigbrain_769_0_1388.nii 140320785377088
task_duration 1567702018.8189478 1567702183.9811656 1567701247-isilonAD_1it_25cpus_120delay_withpc-1 140320785377088
read_file 1567701539.9144375 1567701539.96742 bigbrain_2307_1809_0.nii 140516192106304
increment_file 1567701540.0072758 1567701547.7794857 bigbrain_2307_1809_0.nii 140516192106304
write_file 1567701552.0794709 1567701563.779166 inc-bigbrain_2307_1809_0.nii 140516192106304
task_duration 1567701659.9121227 1567701803.9158804 1567701247-isilonAD_1it_25cpus_120delay_withpc-1 140516192106304
read_file 1567701134.8748703 1567701135.2880447 bigbrain_1538_0_694.nii 140633274758976
increment_file 1567701141.308329 1567701186.0444543 bigbrain_1538_0_694.nii 140633274758976
write_file 1567701268.3344362 1567701364.2474978 inc-bigbrain_1538_0_694.nii 140633274758976
task_duration 1567701254.8631077 1567701617.3842306 1567701247-isilonAD_1it_25cpus_120delay_withpc-1 140633274758976
read_file 1567701135.2437654 1567701135.9292626 bigbrain_1538_1206_694.nii 140604064737088
increment_file 1567701232.2601147 1567701267.6901395 bigbrain_1538_1206_694.nii 140604064737088
write_file 1567701273.0529628 1567701406.927855 inc-bigbrain_1538_1206_694.nii 140604064737088
task_duration 1567701255.2134867 1567701647.2345471 1567701247-isilonAD_1it_25cpus_120delay_withpc-1 140604064737088
read_file 1567701698.7068703 1567701698.8160524 bigbrain_3076_1206_1388.nii 139928116078400
increment_file 1567701698.829762 1567701717.187638 bigbrain_3076_1206_1388.nii 139928116078400
write_file 1567701726.237557 1567701754.3120348 inc-bigbrain_3076_1206_1388.nii 139928116078400
task_duration 1567701818.702778 1567701994.3563406 1567701247-isilonAD_1it_25cpus_120delay_withpc-1 139928116078400
read_file 1567701944.43678 1567701944.5253673 bigbrain_769_0_694.nii 139896514271040
increment_file 1567701944.5555744 1567701960.7333732 bigbrain_769_0_694.nii 139896514271040
write_file 1567701975.0876389 1567702007.1836839 inc-bigbrain_769_0_694.nii 139896514271040
task_duration 1567702064.4328043 1567702249.1019838 1567701247-isilonAD_1it_25cpus_120delay_withpc-1 139896514271040
read_file 1567701490.333724 1567701490.3497062 bigbrain_2307_1206_0.nii 140132036564800
increment_file 1567701490.463819 1567701496.8572533 bigbrain_2307_1206_0.nii 140132036564800
write_file 1567701496.8835714 1567701503.0502357 inc-bigbrain_2307_1206_0.nii 140132036564800
task_duration 1567701610.33192 1567701743.1674607 1567701247-isilonAD_1it_25cpus_120delay_withpc-1 140132036564800
read_file 1567701134.9029064 1567701135.2901132 bigbrain_1538_0_2776.nii 139712082360128
increment_file 1567701152.956462 1567701205.476623 bigbrain_1538_0_2776.nii 139712082360128
write_file 1567701269.2774417 1567701375.9277847 inc-bigbrain_1538_0_2776.nii 139712082360128
task_duration 1567701254.8699048 1567701621.4825666 1567701247-isilonAD_1it_25cpus_120delay_withpc-1 139712082360128
read_file 1567701135.078946 1567701135.3800428 bigbrain_1538_1206_0.nii 139889364952896
increment_file 1567701203.6176543 1567701248.0496147 bigbrain_1538_1206_0.nii 139889364952896
write_file 1567701271.030368 1567701399.2992017 inc-bigbrain_1538_1206_0.nii 139889364952896
task_duration 1567701255.0428836 1567701639.9172204 1567701247-isilonAD_1it_25cpus_120delay_withpc-1 139889364952896
