read_file 1567686681.3490002 1567686681.3505497 bigbrain_1538_1206_2776.nii 140012524373824
increment_file 1567686681.3508348 1567686682.5982137 bigbrain_1538_1206_2776.nii 140012524373824
write_file 1567686682.611622 1567686685.014213 inc-bigbrain_1538_1206_2776.nii 140012524373824
task_duration 1567686681.3457515 1567686685.0169961 1567686140-optaneAD_1it_10cpus_0delay_withpc-0 140012524373824
read_file 1567686681.3489923 1567686681.3505535 bigbrain_1538_1206_2082.nii 139894280877888
increment_file 1567686681.3508563 1567686682.4803529 bigbrain_1538_1206_2082.nii 139894280877888
write_file 1567686682.4867737 1567686683.9868484 inc-bigbrain_1538_1206_2082.nii 139894280877888
task_duration 1567686681.3460503 1567686683.9899826 1567686140-optaneAD_1it_10cpus_0delay_withpc-0 139894280877888
read_file 1567686681.3490016 1567686681.3505704 bigbrain_1538_1809_0.nii 139954815866688
increment_file 1567686681.3508618 1567686682.4803495 bigbrain_1538_1809_0.nii 139954815866688
write_file 1567686682.4869392 1567686683.9886534 inc-bigbrain_1538_1809_0.nii 139954815866688
task_duration 1567686681.346175 1567686683.9914086 1567686140-optaneAD_1it_10cpus_0delay_withpc-0 139954815866688
read_file 1567686681.3490238 1567686681.3506138 bigbrain_1538_1206_0.nii 140573672920896
increment_file 1567686681.350968 1567686682.487137 bigbrain_1538_1206_0.nii 140573672920896
write_file 1567686682.5036273 1567686683.9771695 inc-bigbrain_1538_1206_0.nii 140573672920896
task_duration 1567686681.346197 1567686683.980004 1567686140-optaneAD_1it_10cpus_0delay_withpc-0 140573672920896
read_file 1567686681.3490252 1567686681.3506176 bigbrain_1538_0_2776.nii 140717621016384
increment_file 1567686681.3510008 1567686682.4799807 bigbrain_1538_0_2776.nii 140717621016384
write_file 1567686682.4861171 1567686683.9905872 inc-bigbrain_1538_0_2776.nii 140717621016384
task_duration 1567686681.3461607 1567686683.9934359 1567686140-optaneAD_1it_10cpus_0delay_withpc-0 140717621016384
read_file 1567686681.3490353 1567686681.3506296 bigbrain_1538_0_694.nii 139857515296576
increment_file 1567686681.3510375 1567686682.4876628 bigbrain_1538_0_694.nii 139857515296576
write_file 1567686682.5041406 1567686683.9966187 inc-bigbrain_1538_0_694.nii 139857515296576
task_duration 1567686681.3462162 1567686683.999823 1567686140-optaneAD_1it_10cpus_0delay_withpc-0 139857515296576
read_file 1567686681.3495665 1567686681.350935 bigbrain_1538_1809_1388.nii 139948114081600
increment_file 1567686681.3511426 1567686682.648461 bigbrain_1538_1809_1388.nii 139948114081600
write_file 1567686682.6521788 1567686685.0104258 inc-bigbrain_1538_1809_1388.nii 139948114081600
task_duration 1567686681.3465936 1567686685.013083 1567686140-optaneAD_1it_10cpus_0delay_withpc-0 139948114081600
read_file 1567686681.3503244 1567686681.3514469 bigbrain_1538_1206_694.nii 140333758347072
increment_file 1567686681.3516345 1567686682.6861556 bigbrain_1538_1206_694.nii 140333758347072
write_file 1567686682.6891665 1567686685.0166297 inc-bigbrain_1538_1206_694.nii 140333758347072
task_duration 1567686681.3471446 1567686685.0191941 1567686140-optaneAD_1it_10cpus_0delay_withpc-0 140333758347072
read_file 1567686681.3504033 1567686681.351531 bigbrain_1538_1809_2082.nii 139702352316224
increment_file 1567686681.3517268 1567686682.6912642 bigbrain_1538_1809_2082.nii 139702352316224
write_file 1567686682.6936655 1567686684.9700477 inc-bigbrain_1538_1809_2082.nii 139702352316224
task_duration 1567686681.347245 1567686684.9732409 1567686140-optaneAD_1it_10cpus_0delay_withpc-0 139702352316224
read_file 1567686681.3504105 1567686681.3515866 bigbrain_1538_1206_1388.nii 140194408572736
increment_file 1567686681.3517802 1567686682.6796358 bigbrain_1538_1206_1388.nii 140194408572736
write_file 1567686682.6829197 1567686685.0045094 inc-bigbrain_1538_1206_1388.nii 140194408572736
task_duration 1567686681.347309 1567686685.0071976 1567686140-optaneAD_1it_10cpus_0delay_withpc-0 140194408572736
read_file 1567686685.797656 1567686685.7987983 bigbrain_1538_2412_0.nii 139743988934464
increment_file 1567686685.79903 1567686686.3727286 bigbrain_1538_2412_0.nii 139743988934464
write_file 1567686686.3750632 1567686695.008435 inc-bigbrain_1538_2412_0.nii 139743988934464
task_duration 1567686685.7960448 1567686695.0827909 1567686140-optaneAD_1it_10cpus_0delay_withpc-0 139743988934464
read_file 1567686685.8005555 1567686685.8017406 bigbrain_1538_1809_694.nii 139979262310208
increment_file 1567686685.8019314 1567686686.374499 bigbrain_1538_1809_694.nii 139979262310208
write_file 1567686686.3767736 1567686695.0641906 inc-bigbrain_1538_1809_694.nii 139979262310208
task_duration 1567686685.798951 1567686695.1280346 1567686140-optaneAD_1it_10cpus_0delay_withpc-0 139979262310208
read_file 1567686685.8028224 1567686685.803988 bigbrain_1538_2412_1388.nii 139920572561216
increment_file 1567686685.8041775 1567686686.3763275 bigbrain_1538_2412_1388.nii 139920572561216
write_file 1567686686.3785698 1567686695.0211716 inc-bigbrain_1538_2412_1388.nii 139920572561216
task_duration 1567686685.8012135 1567686695.0961933 1567686140-optaneAD_1it_10cpus_0delay_withpc-0 139920572561216
read_file 1567686685.8155208 1567686685.8168058 bigbrain_1538_2412_2082.nii 139629612832576
increment_file 1567686685.8170035 1567686686.3899188 bigbrain_1538_2412_2082.nii 139629612832576
write_file 1567686686.3922412 1567686695.2614074 inc-bigbrain_1538_2412_2082.nii 139629612832576
task_duration 1567686685.8135722 1567686695.287773 1567686140-optaneAD_1it_10cpus_0delay_withpc-0 139629612832576
read_file 1567686685.8217645 1567686685.822985 bigbrain_1538_1809_2776.nii 139711438600000
increment_file 1567686685.8232687 1567686686.409171 bigbrain_1538_1809_2776.nii 139711438600000
write_file 1567686686.4115803 1567686695.4145825 inc-bigbrain_1538_1809_2776.nii 139711438600000
task_duration 1567686685.8201487 1567686695.4172397 1567686140-optaneAD_1it_10cpus_0delay_withpc-0 139711438600000
read_file 1567686686.81276 1567686686.8138049 bigbrain_1538_2412_2776.nii 140566848882496
increment_file 1567686686.8140264 1567686695.222809 bigbrain_1538_2412_2776.nii 140566848882496
write_file 1567686695.2277882 1567686697.4042497 inc-bigbrain_1538_2412_2776.nii 140566848882496
task_duration 1567686686.8097208 1567686697.4067361 1567686140-optaneAD_1it_10cpus_0delay_withpc-0 140566848882496
read_file 1567686686.850116 1567686686.852148 bigbrain_1538_2412_694.nii 140106311497536
increment_file 1567686686.8532588 1567686695.4129739 bigbrain_1538_2412_694.nii 140106311497536
write_file 1567686695.4156814 1567686696.8118396 inc-bigbrain_1538_2412_694.nii 140106311497536
task_duration 1567686686.8474495 1567686696.8145432 1567686140-optaneAD_1it_10cpus_0delay_withpc-0 140106311497536
read_file 1567686686.8501158 1567686686.8521478 bigbrain_1538_603_0.nii 139856127407936
increment_file 1567686686.8532953 1567686695.3916736 bigbrain_1538_603_0.nii 139856127407936
write_file 1567686695.3954284 1567686697.4607573 inc-bigbrain_1538_603_0.nii 139856127407936
task_duration 1567686686.847453 1567686697.4632788 1567686140-optaneAD_1it_10cpus_0delay_withpc-0 139856127407936
read_file 1567686686.857126 1567686686.8588452 bigbrain_1538_603_1388.nii 140580498175808
increment_file 1567686686.8591688 1567686695.412155 bigbrain_1538_603_1388.nii 140580498175808
write_file 1567686695.4148922 1567686697.4919574 inc-bigbrain_1538_603_1388.nii 140580498175808
task_duration 1567686686.8551474 1567686697.4943492 1567686140-optaneAD_1it_10cpus_0delay_withpc-0 140580498175808
read_file 1567686686.8819487 1567686686.8838701 bigbrain_1538_603_2082.nii 140252947744576
increment_file 1567686686.884838 1567686695.4141767 bigbrain_1538_603_2082.nii 140252947744576
write_file 1567686695.4168859 1567686697.5126028 inc-bigbrain_1538_603_2082.nii 140252947744576
task_duration 1567686686.8799 1567686697.5149949 1567686140-optaneAD_1it_10cpus_0delay_withpc-0 140252947744576
read_file 1567686696.714698 1567686696.7161636 bigbrain_1538_603_2776.nii 140616199620416
increment_file 1567686696.7164261 1567686697.339057 bigbrain_1538_603_2776.nii 140616199620416
write_file 1567686697.3414438 1567686698.1722274 inc-bigbrain_1538_603_2776.nii 140616199620416
task_duration 1567686696.7126808 1567686698.1750462 1567686140-optaneAD_1it_10cpus_0delay_withpc-0 140616199620416
read_file 1567686696.7196767 1567686696.7217383 bigbrain_1538_603_694.nii 140379335878464
increment_file 1567686696.7219152 1567686697.3448715 bigbrain_1538_603_694.nii 140379335878464
write_file 1567686697.3471565 1567686698.1791065 inc-bigbrain_1538_603_694.nii 140379335878464
task_duration 1567686696.7165573 1567686698.1825798 1567686140-optaneAD_1it_10cpus_0delay_withpc-0 140379335878464
read_file 1567686696.7207038 1567686696.722199 bigbrain_2307_0_2082.nii 139785501235008
increment_file 1567686696.7223783 1567686697.3448267 bigbrain_2307_0_2082.nii 139785501235008
write_file 1567686697.347113 1567686698.1766236 inc-bigbrain_2307_0_2082.nii 139785501235008
task_duration 1567686696.7175658 1567686698.1793227 1567686140-optaneAD_1it_10cpus_0delay_withpc-0 139785501235008
read_file 1567686696.7219663 1567686696.7229784 bigbrain_2307_0_1388.nii 140527369742144
increment_file 1567686696.723154 1567686697.3448107 bigbrain_2307_0_1388.nii 140527369742144
write_file 1567686697.347104 1567686698.1799235 inc-bigbrain_2307_0_1388.nii 140527369742144
task_duration 1567686696.7193506 1567686698.1827028 1567686140-optaneAD_1it_10cpus_0delay_withpc-0 140527369742144
read_file 1567686696.7242389 1567686696.7258134 bigbrain_2307_0_0.nii 140038826440512
increment_file 1567686696.726097 1567686697.3488955 bigbrain_2307_0_0.nii 140038826440512
write_file 1567686697.3512795 1567686698.182 inc-bigbrain_2307_0_0.nii 140038826440512
task_duration 1567686696.7221532 1567686698.184681 1567686140-optaneAD_1it_10cpus_0delay_withpc-0 140038826440512
read_file 1567686697.4084606 1567686697.4094703 bigbrain_2307_0_2776.nii 139639156680512
increment_file 1567686697.4099655 1567686698.064826 bigbrain_2307_0_2776.nii 139639156680512
write_file 1567686698.0673075 1567686698.6836574 inc-bigbrain_2307_0_2776.nii 139639156680512
task_duration 1567686697.4067855 1567686698.6862438 1567686140-optaneAD_1it_10cpus_0delay_withpc-0 139639156680512
read_file 1567686699.0276976 1567686699.0291936 bigbrain_2307_0_694.nii 140339870762816
increment_file 1567686699.0294118 1567686699.66064 bigbrain_2307_0_694.nii 140339870762816
write_file 1567686699.6632655 1567686705.4203815 inc-bigbrain_2307_0_694.nii 140339870762816
task_duration 1567686699.024405 1567686705.4230254 1567686140-optaneAD_1it_10cpus_0delay_withpc-0 140339870762816
read_file 1567686699.2081487 1567686699.2093947 bigbrain_2307_1206_1388.nii 140506622326592
increment_file 1567686699.209652 1567686699.835327 bigbrain_2307_1206_1388.nii 140506622326592
write_file 1567686699.837815 1567686703.3405585 inc-bigbrain_2307_1206_1388.nii 140506622326592
task_duration 1567686699.2063007 1567686703.3766766 1567686140-optaneAD_1it_10cpus_0delay_withpc-0 140506622326592
read_file 1567686699.2313929 1567686699.2331855 bigbrain_2307_1206_0.nii 140235364104000
increment_file 1567686699.2334971 1567686699.860265 bigbrain_2307_1206_0.nii 140235364104000
write_file 1567686699.8631473 1567686703.527726 inc-bigbrain_2307_1206_0.nii 140235364104000
task_duration 1567686699.2290125 1567686703.560386 1567686140-optaneAD_1it_10cpus_0delay_withpc-0 140235364104000
read_file 1567686699.3101282 1567686699.311984 bigbrain_2307_1206_2082.nii 140580844119872
increment_file 1567686699.3122256 1567686700.0263646 bigbrain_2307_1206_2082.nii 140580844119872
write_file 1567686700.0286663 1567686705.749374 inc-bigbrain_2307_1206_2082.nii 140580844119872
task_duration 1567686699.3069644 1567686705.7521415 1567686140-optaneAD_1it_10cpus_0delay_withpc-0 140580844119872
read_file 1567686700.2082796 1567686700.2102745 bigbrain_2307_1809_2082.nii 139737919838016
increment_file 1567686700.210628 1567686703.7251983 bigbrain_2307_1809_2082.nii 139737919838016
write_file 1567686703.730573 1567686706.3872085 inc-bigbrain_2307_1809_2082.nii 139737919838016
task_duration 1567686700.2055037 1567686706.390315 1567686140-optaneAD_1it_10cpus_0delay_withpc-0 139737919838016
read_file 1567686700.224546 1567686700.225967 bigbrain_2307_1206_694.nii 139720193058624
increment_file 1567686700.2263143 1567686703.7438185 bigbrain_2307_1206_694.nii 139720193058624
write_file 1567686703.7500014 1567686706.3943088 inc-bigbrain_2307_1206_694.nii 139720193058624
task_duration 1567686700.222278 1567686706.3968492 1567686140-optaneAD_1it_10cpus_0delay_withpc-0 139720193058624
read_file 1567686700.2365568 1567686700.2381184 bigbrain_2307_1809_1388.nii 140059204716352
increment_file 1567686700.2384133 1567686703.7625377 bigbrain_2307_1809_1388.nii 140059204716352
write_file 1567686703.7655096 1567686706.410573 inc-bigbrain_2307_1809_1388.nii 140059204716352
task_duration 1567686700.2345397 1567686706.4130526 1567686140-optaneAD_1it_10cpus_0delay_withpc-0 140059204716352
read_file 1567686700.2353036 1567686700.2386308 bigbrain_2307_1809_0.nii 139984561964864
increment_file 1567686700.2392058 1567686703.1940062 bigbrain_2307_1809_0.nii 139984561964864
write_file 1567686703.2058656 1567686705.204504 inc-bigbrain_2307_1809_0.nii 139984561964864
task_duration 1567686700.2318466 1567686705.207371 1567686140-optaneAD_1it_10cpus_0delay_withpc-0 139984561964864
read_file 1567686700.2487254 1567686700.251941 bigbrain_2307_1206_2776.nii 140600413800256
increment_file 1567686700.2528307 1567686703.212571 bigbrain_2307_1206_2776.nii 140600413800256
write_file 1567686703.2245934 1567686705.1995318 inc-bigbrain_2307_1206_2776.nii 140600413800256
task_duration 1567686700.2449293 1567686705.2023754 1567686140-optaneAD_1it_10cpus_0delay_withpc-0 140600413800256
read_file 1567686700.359506 1567686700.3631947 bigbrain_2307_1809_2776.nii 140581570201408
increment_file 1567686700.36381 1567686703.322682 bigbrain_2307_1809_2776.nii 140581570201408
write_file 1567686703.3378255 1567686705.2160466 inc-bigbrain_2307_1809_2776.nii 140581570201408
task_duration 1567686700.3580818 1567686705.2191598 1567686140-optaneAD_1it_10cpus_0delay_withpc-0 140581570201408
read_file 1567686704.3238904 1567686704.324983 bigbrain_2307_1809_694.nii 139740803979072
increment_file 1567686704.3254912 1567686705.3055737 bigbrain_2307_1809_694.nii 139740803979072
write_file 1567686705.3080032 1567686706.0960193 inc-bigbrain_2307_1809_694.nii 139740803979072
task_duration 1567686704.322403 1567686706.1000502 1567686140-optaneAD_1it_10cpus_0delay_withpc-0 139740803979072
read_file 1567686704.4329336 1567686704.4344532 bigbrain_2307_2412_0.nii 139788346677056
increment_file 1567686704.4348097 1567686705.5322897 bigbrain_2307_2412_0.nii 139788346677056
write_file 1567686705.5355577 1567686706.3022966 inc-bigbrain_2307_2412_0.nii 139788346677056
task_duration 1567686704.4308496 1567686706.3052232 1567686140-optaneAD_1it_10cpus_0delay_withpc-0 139788346677056
read_file 1567686706.614541 1567686706.6157799 bigbrain_2307_2412_1388.nii 140179327657792
increment_file 1567686706.616018 1567686707.2684076 bigbrain_2307_2412_1388.nii 140179327657792
write_file 1567686707.2708328 1567686713.1039052 inc-bigbrain_2307_2412_1388.nii 140179327657792
task_duration 1567686706.6128983 1567686713.1071222 1567686140-optaneAD_1it_10cpus_0delay_withpc-0 140179327657792
read_file 1567686706.7365735 1567686706.7387538 bigbrain_2307_2412_2082.nii 140164820469568
increment_file 1567686706.7391012 1567686707.353111 bigbrain_2307_2412_2082.nii 140164820469568
write_file 1567686707.3553948 1567686710.2478056 inc-bigbrain_2307_2412_2082.nii 140164820469568
task_duration 1567686706.733443 1567686710.2913504 1567686140-optaneAD_1it_10cpus_0delay_withpc-0 140164820469568
read_file 1567686706.7718966 1567686706.7734287 bigbrain_2307_2412_2776.nii 140220595111744
increment_file 1567686706.773714 1567686707.3892167 bigbrain_2307_2412_2776.nii 140220595111744
write_file 1567686707.3915577 1567686710.8383083 inc-bigbrain_2307_2412_2776.nii 140220595111744
task_duration 1567686706.769946 1567686710.8649547 1567686140-optaneAD_1it_10cpus_0delay_withpc-0 140220595111744
read_file 1567686707.1454697 1567686707.1464086 bigbrain_2307_2412_694.nii 140300807427904
increment_file 1567686707.1466138 1567686707.7979941 bigbrain_2307_2412_694.nii 140300807427904
write_file 1567686707.801423 1567686712.2374737 inc-bigbrain_2307_2412_694.nii 140300807427904
task_duration 1567686707.1444113 1567686712.2403219 1567686140-optaneAD_1it_10cpus_0delay_withpc-0 140300807427904
read_file 1567686707.6295238 1567686707.630625 bigbrain_2307_603_0.nii 139884746389312
increment_file 1567686707.6308331 1567686710.920298 bigbrain_2307_603_0.nii 139884746389312
write_file 1567686710.927578 1567686714.073412 inc-bigbrain_2307_603_0.nii 139884746389312
task_duration 1567686707.627203 1567686714.076161 1567686140-optaneAD_1it_10cpus_0delay_withpc-0 139884746389312
read_file 1567686708.0056949 1567686708.0076442 bigbrain_2307_603_1388.nii 140408834123584
increment_file 1567686708.0081089 1567686711.8160565 bigbrain_2307_603_1388.nii 140408834123584
write_file 1567686711.8244412 1567686714.2458105 inc-bigbrain_2307_603_1388.nii 140408834123584
task_duration 1567686708.0036519 1567686714.2486491 1567686140-optaneAD_1it_10cpus_0delay_withpc-0 140408834123584
read_file 1567686708.1444588 1567686708.1468132 bigbrain_2307_603_2082.nii 139902273849152
increment_file 1567686708.1471677 1567686711.4957461 bigbrain_2307_603_2082.nii 139902273849152
write_file 1567686711.4989698 1567686714.2075663 inc-bigbrain_2307_603_2082.nii 139902273849152
task_duration 1567686708.140903 1567686714.2105918 1567686140-optaneAD_1it_10cpus_0delay_withpc-0 139902273849152
read_file 1567686708.1534476 1567686708.155573 bigbrain_2307_603_694.nii 140381643245376
increment_file 1567686708.1559973 1567686711.683355 bigbrain_2307_603_694.nii 140381643245376
write_file 1567686711.6896107 1567686712.9993846 inc-bigbrain_2307_603_694.nii 140381643245376
task_duration 1567686708.15075 1567686713.002639 1567686140-optaneAD_1it_10cpus_0delay_withpc-0 140381643245376
read_file 1567686708.1654963 1567686708.1671212 bigbrain_2307_603_2776.nii 140355145062208
increment_file 1567686708.167548 1567686711.6929882 bigbrain_2307_603_2776.nii 140355145062208
write_file 1567686711.7050695 1567686713.0038083 inc-bigbrain_2307_603_2776.nii 140355145062208
task_duration 1567686708.162471 1567686713.0065906 1567686140-optaneAD_1it_10cpus_0delay_withpc-0 140355145062208
read_file 1567686708.2299647 1567686708.232884 bigbrain_3076_0_0.nii 140022880884544
increment_file 1567686708.2331338 1567686712.0738375 bigbrain_3076_0_0.nii 140022880884544
write_file 1567686712.0788672 1567686714.3493943 inc-bigbrain_3076_0_0.nii 140022880884544
task_duration 1567686708.2280545 1567686714.351874 1567686140-optaneAD_1it_10cpus_0delay_withpc-0 140022880884544
read_file 1567686711.808734 1567686711.8108563 bigbrain_3076_0_1388.nii 139889750726464
increment_file 1567686711.811712 1567686712.5791533 bigbrain_3076_0_1388.nii 139889750726464
write_file 1567686712.5815463 1567686713.5633895 inc-bigbrain_3076_0_1388.nii 139889750726464
task_duration 1567686711.8061779 1567686713.5665433 1567686140-optaneAD_1it_10cpus_0delay_withpc-0 139889750726464
read_file 1567686711.9724662 1567686711.9744112 bigbrain_3076_0_2082.nii 140011902068544
increment_file 1567686711.9746213 1567686712.6594203 bigbrain_3076_0_2082.nii 140011902068544
write_file 1567686712.6617436 1567686713.6148963 inc-bigbrain_3076_0_2082.nii 140011902068544
task_duration 1567686711.970348 1567686713.6174877 1567686140-optaneAD_1it_10cpus_0delay_withpc-0 140011902068544
read_file 1567686712.8693862 1567686712.8705044 bigbrain_3076_0_2776.nii 140311681124160
increment_file 1567686712.8707228 1567686713.4950066 bigbrain_3076_0_2776.nii 140311681124160
write_file 1567686713.4973783 1567686714.2372892 inc-bigbrain_3076_0_2776.nii 140311681124160
task_duration 1567686712.8679667 1567686714.2399523 1567686140-optaneAD_1it_10cpus_0delay_withpc-0 140311681124160
read_file 1567686714.1449547 1567686714.1463966 bigbrain_3076_0_694.nii 140696087177024
increment_file 1567686714.1466596 1567686714.6940966 bigbrain_3076_0_694.nii 140696087177024
write_file 1567686714.6970859 1567686715.3898566 inc-bigbrain_3076_0_694.nii 140696087177024
task_duration 1567686714.1429305 1567686715.3947742 1567686140-optaneAD_1it_10cpus_0delay_withpc-0 140696087177024
read_file 1567686714.1452088 1567686714.1466606 bigbrain_3076_1206_0.nii 139677438691136
increment_file 1567686714.146894 1567686714.7487917 bigbrain_3076_1206_0.nii 139677438691136
write_file 1567686714.751818 1567686715.4607325 inc-bigbrain_3076_1206_0.nii 139677438691136
task_duration 1567686714.1431177 1567686715.464056 1567686140-optaneAD_1it_10cpus_0delay_withpc-0 139677438691136
read_file 1567686714.2846956 1567686714.2862272 bigbrain_3076_1206_1388.nii 140172754425664
increment_file 1567686714.286482 1567686714.879313 bigbrain_3076_1206_1388.nii 140172754425664
write_file 1567686714.8818998 1567686715.6112616 inc-bigbrain_3076_1206_1388.nii 140172754425664
task_duration 1567686714.2829015 1567686715.6140087 1567686140-optaneAD_1it_10cpus_0delay_withpc-0 140172754425664
read_file 1567686715.1642568 1567686715.1654701 bigbrain_3076_1206_2082.nii 140022757816128
increment_file 1567686715.1656995 1567686715.7928827 bigbrain_3076_1206_2082.nii 140022757816128
write_file 1567686715.795302 1567686720.4624128 inc-bigbrain_3076_1206_2082.nii 140022757816128
task_duration 1567686715.161535 1567686720.4886246 1567686140-optaneAD_1it_10cpus_0delay_withpc-0 140022757816128
read_file 1567686715.3348656 1567686715.336177 bigbrain_3076_1206_2776.nii 140716607616832
increment_file 1567686715.336443 1567686716.0802147 bigbrain_3076_1206_2776.nii 140716607616832
write_file 1567686716.0826719 1567686721.7154305 inc-bigbrain_3076_1206_2776.nii 140716607616832
task_duration 1567686715.3330512 1567686721.7190464 1567686140-optaneAD_1it_10cpus_0delay_withpc-0 140716607616832
read_file 1567686715.8665547 1567686715.8686743 bigbrain_3076_1206_694.nii 140647057069888
increment_file 1567686715.8690746 1567686719.4866157 bigbrain_3076_1206_694.nii 140647057069888
write_file 1567686719.4915261 1567686723.2812917 inc-bigbrain_3076_1206_694.nii 140647057069888
task_duration 1567686715.863676 1567686723.2840724 1567686140-optaneAD_1it_10cpus_0delay_withpc-0 140647057069888
read_file 1567686716.100583 1567686716.1022573 bigbrain_3076_1809_0.nii 139900293461824
increment_file 1567686716.1026218 1567686720.8856606 bigbrain_3076_1809_0.nii 139900293461824
write_file 1567686720.9005196 1567686723.4885154 inc-bigbrain_3076_1809_0.nii 139900293461824
task_duration 1567686716.0975256 1567686723.49134 1567686140-optaneAD_1it_10cpus_0delay_withpc-0 139900293461824
read_file 1567686716.1023967 1567686716.1035573 bigbrain_3076_1809_1388.nii 139766560180032
increment_file 1567686716.1037643 1567686720.9076161 bigbrain_3076_1809_1388.nii 139766560180032
write_file 1567686720.9105077 1567686723.4944344 inc-bigbrain_3076_1809_1388.nii 139766560180032
task_duration 1567686716.1003194 1567686723.4970894 1567686140-optaneAD_1it_10cpus_0delay_withpc-0 139766560180032
read_file 1567686716.1054275 1567686716.1066787 bigbrain_3076_1809_2082.nii 139920804661056
increment_file 1567686716.106898 1567686720.9154875 bigbrain_3076_1809_2082.nii 139920804661056
write_file 1567686720.918286 1567686723.4819736 inc-bigbrain_3076_1809_2082.nii 139920804661056
task_duration 1567686716.1038754 1567686723.484561 1567686140-optaneAD_1it_10cpus_0delay_withpc-0 139920804661056
read_file 1567686716.2058375 1567686716.2094433 bigbrain_3076_1809_2776.nii 140082169026368
increment_file 1567686716.2100053 1567686720.6336966 bigbrain_3076_1809_2776.nii 140082169026368
write_file 1567686720.6515267 1567686722.2257855 inc-bigbrain_3076_1809_2776.nii 140082169026368
task_duration 1567686716.203886 1567686722.22862 1567686140-optaneAD_1it_10cpus_0delay_withpc-0 140082169026368
read_file 1567686716.7870803 1567686716.7902281 bigbrain_3076_1809_694.nii 140542410045248
increment_file 1567686716.7913911 1567686721.0872166 bigbrain_3076_1809_694.nii 140542410045248
write_file 1567686721.095312 1567686722.338666 inc-bigbrain_3076_1809_694.nii 140542410045248
task_duration 1567686716.785137 1567686722.3414443 1567686140-optaneAD_1it_10cpus_0delay_withpc-0 140542410045248
read_file 1567686716.9001236 1567686716.9046311 bigbrain_3076_2412_0.nii 139854461237056
increment_file 1567686716.9057877 1567686721.3540318 bigbrain_3076_2412_0.nii 139854461237056
write_file 1567686721.3591678 1567686723.7377348 inc-bigbrain_3076_2412_0.nii 139854461237056
task_duration 1567686716.8962219 1567686723.7402818 1567686140-optaneAD_1it_10cpus_0delay_withpc-0 139854461237056
read_file 1567686716.962394 1567686716.9669616 bigbrain_3076_2412_1388.nii 139981935945536
increment_file 1567686716.9683301 1567686721.1470425 bigbrain_3076_2412_1388.nii 139981935945536
write_file 1567686721.1527467 1567686722.3616579 inc-bigbrain_3076_2412_1388.nii 139981935945536
task_duration 1567686716.9586048 1567686722.3642724 1567686140-optaneAD_1it_10cpus_0delay_withpc-0 139981935945536
read_file 1567686721.5149179 1567686721.5160568 bigbrain_3076_2412_2082.nii 139803987093312
increment_file 1567686721.5164683 1567686722.1380584 bigbrain_3076_2412_2082.nii 139803987093312
write_file 1567686722.140396 1567686723.0035243 inc-bigbrain_3076_2412_2082.nii 139803987093312
task_duration 1567686721.513453 1567686723.006181 1567686140-optaneAD_1it_10cpus_0delay_withpc-0 139803987093312
read_file 1567686722.4022162 1567686722.4031606 bigbrain_3076_2412_2776.nii 139834461370176
increment_file 1567686722.4033332 1567686723.0196693 bigbrain_3076_2412_2776.nii 139834461370176
write_file 1567686723.021967 1567686723.892247 inc-bigbrain_3076_2412_2776.nii 139834461370176
task_duration 1567686722.4011931 1567686723.8955216 1567686140-optaneAD_1it_10cpus_0delay_withpc-0 139834461370176
read_file 1567686723.2208633 1567686723.2218778 bigbrain_3076_2412_694.nii 140357988755264
increment_file 1567686723.222075 1567686723.9552925 bigbrain_3076_2412_694.nii 140357988755264
write_file 1567686723.9582863 1567686724.934849 inc-bigbrain_3076_2412_694.nii 140357988755264
task_duration 1567686723.2180624 1567686724.9392378 1567686140-optaneAD_1it_10cpus_0delay_withpc-0 140357988755264
read_file 1567686723.348662 1567686723.3499472 bigbrain_3076_603_1388.nii 140435883849536
increment_file 1567686723.3501892 1567686724.1071787 bigbrain_3076_603_1388.nii 140435883849536
write_file 1567686724.1097553 1567686725.1142986 inc-bigbrain_3076_603_1388.nii 140435883849536
task_duration 1567686723.3469837 1567686725.117194 1567686140-optaneAD_1it_10cpus_0delay_withpc-0 140435883849536
read_file 1567686723.3583014 1567686723.3595078 bigbrain_3076_603_0.nii 140653373159232
increment_file 1567686723.3597546 1567686724.2357094 bigbrain_3076_603_0.nii 140653373159232
write_file 1567686724.2384045 1567686728.3388112 inc-bigbrain_3076_603_0.nii 140653373159232
task_duration 1567686723.3557115 1567686728.3422468 1567686140-optaneAD_1it_10cpus_0delay_withpc-0 140653373159232
read_file 1567686724.3183765 1567686724.3196204 bigbrain_3076_603_2082.nii 139821320566592
increment_file 1567686724.3198195 1567686725.2418168 bigbrain_3076_603_2082.nii 139821320566592
write_file 1567686725.2441974 1567686729.1497073 inc-bigbrain_3076_603_2082.nii 139821320566592
task_duration 1567686724.316667 1567686729.1528466 1567686140-optaneAD_1it_10cpus_0delay_withpc-0 139821320566592
read_file 1567686724.7294323 1567686724.7310195 bigbrain_3076_603_2776.nii 139996762826560
increment_file 1567686724.73134 1567686725.512381 bigbrain_3076_603_2776.nii 139996762826560
write_file 1567686725.5168262 1567686728.0824544 inc-bigbrain_3076_603_2776.nii 139996762826560
task_duration 1567686724.7271276 1567686728.0858917 1567686140-optaneAD_1it_10cpus_0delay_withpc-0 139996762826560
read_file 1567686725.1221354 1567686725.123353 bigbrain_3076_603_694.nii 139629899032384
increment_file 1567686725.1235883 1567686726.4852617 bigbrain_3076_603_694.nii 139629899032384
write_file 1567686726.4937928 1567686728.4525568 inc-bigbrain_3076_603_694.nii 139629899032384
task_duration 1567686725.11889 1567686728.455797 1567686140-optaneAD_1it_10cpus_0delay_withpc-0 139629899032384
read_file 1567686725.1595032 1567686725.160824 bigbrain_769_0_0.nii 140200787171136
increment_file 1567686725.161062 1567686727.0740354 bigbrain_769_0_0.nii 140200787171136
write_file 1567686727.0794013 1567686729.654276 inc-bigbrain_769_0_0.nii 140200787171136
task_duration 1567686725.1574767 1567686729.6573415 1567686140-optaneAD_1it_10cpus_0delay_withpc-0 140200787171136
read_file 1567686725.2359598 1567686725.2380946 bigbrain_769_0_1388.nii 139905873700672
increment_file 1567686725.2385662 1567686727.3107724 bigbrain_769_0_1388.nii 139905873700672
write_file 1567686727.3174312 1567686729.7240899 inc-bigbrain_769_0_1388.nii 139905873700672
task_duration 1567686725.2330894 1567686729.7267473 1567686140-optaneAD_1it_10cpus_0delay_withpc-0 139905873700672
read_file 1567686725.396171 1567686725.3982801 bigbrain_769_0_2082.nii 139742399551296
increment_file 1567686725.3986852 1567686727.6545599 bigbrain_769_0_2082.nii 139742399551296
write_file 1567686727.657152 1567686729.868931 inc-bigbrain_769_0_2082.nii 139742399551296
task_duration 1567686725.393649 1567686729.8716426 1567686140-optaneAD_1it_10cpus_0delay_withpc-0 139742399551296
read_file 1567686725.469281 1567686725.4709573 bigbrain_769_0_2776.nii 140491257063232
increment_file 1567686725.4712808 1567686727.462121 bigbrain_769_0_2776.nii 140491257063232
write_file 1567686727.4675577 1567686728.699845 inc-bigbrain_769_0_2776.nii 140491257063232
task_duration 1567686725.4674873 1567686728.70268 1567686140-optaneAD_1it_10cpus_0delay_withpc-0 140491257063232
read_file 1567686726.0118868 1567686726.014315 bigbrain_769_1206_0.nii 140378242803520
increment_file 1567686726.0152311 1567686727.7473128 bigbrain_769_1206_0.nii 140378242803520
write_file 1567686727.7501614 1567686728.8456407 inc-bigbrain_769_1206_0.nii 140378242803520
task_duration 1567686726.00942 1567686728.8481545 1567686140-optaneAD_1it_10cpus_0delay_withpc-0 140378242803520
read_file 1567686726.0157485 1567686726.0179017 bigbrain_769_0_694.nii 139633057072960
increment_file 1567686726.0181315 1567686727.7494526 bigbrain_769_0_694.nii 139633057072960
write_file 1567686727.7518604 1567686728.8333623 inc-bigbrain_769_0_694.nii 139633057072960
task_duration 1567686726.0130496 1567686728.8359945 1567686140-optaneAD_1it_10cpus_0delay_withpc-0 139633057072960
read_file 1567686728.888387 1567686728.889975 bigbrain_769_1206_1388.nii 139999159973696
increment_file 1567686728.8902473 1567686729.4291625 bigbrain_769_1206_1388.nii 139999159973696
write_file 1567686729.4314585 1567686730.2456505 inc-bigbrain_769_1206_1388.nii 139999159973696
task_duration 1567686728.8862484 1567686730.248715 1567686140-optaneAD_1it_10cpus_0delay_withpc-0 139999159973696
read_file 1567686729.6908674 1567686729.6920497 bigbrain_769_1206_2082.nii 139793303217984
increment_file 1567686729.692269 1567686730.4239898 bigbrain_769_1206_2082.nii 139793303217984
write_file 1567686730.4264705 1567686735.741256 inc-bigbrain_769_1206_2082.nii 139793303217984
task_duration 1567686729.6887279 1567686735.7439868 1567686140-optaneAD_1it_10cpus_0delay_withpc-0 139793303217984
read_file 1567686729.8809218 1567686729.8828075 bigbrain_769_1206_2776.nii 140719575607104
increment_file 1567686729.8830492 1567686730.5915556 bigbrain_769_1206_2776.nii 140719575607104
write_file 1567686730.5939062 1567686735.9202025 inc-bigbrain_769_1206_2776.nii 140719575607104
task_duration 1567686729.8777246 1567686735.922976 1567686140-optaneAD_1it_10cpus_0delay_withpc-0 140719575607104
read_file 1567686730.3853147 1567686730.386493 bigbrain_769_1206_694.nii 140177475036992
increment_file 1567686730.3867176 1567686730.9834538 bigbrain_769_1206_694.nii 140177475036992
write_file 1567686730.9858778 1567686735.0669255 inc-bigbrain_769_1206_694.nii 140177475036992
task_duration 1567686730.3836627 1567686735.0698981 1567686140-optaneAD_1it_10cpus_0delay_withpc-0 140177475036992
read_file 1567686730.5957932 1567686730.5973415 bigbrain_769_1809_0.nii 140650231879488
increment_file 1567686730.597638 1567686731.2640643 bigbrain_769_1809_0.nii 140650231879488
write_file 1567686731.268405 1567686735.3928201 inc-bigbrain_769_1809_0.nii 140650231879488
task_duration 1567686730.5937557 1567686735.395673 1567686140-optaneAD_1it_10cpus_0delay_withpc-0 140650231879488
read_file 1567686730.6278884 1567686730.6298661 bigbrain_769_1809_1388.nii 140390734411584
increment_file 1567686730.6302087 1567686731.364185 bigbrain_769_1809_1388.nii 140390734411584
write_file 1567686731.3699107 1567686735.4210496 inc-bigbrain_769_1809_1388.nii 140390734411584
task_duration 1567686730.6253407 1567686735.424428 1567686140-optaneAD_1it_10cpus_0delay_withpc-0 140390734411584
read_file 1567686730.9048603 1567686730.9061704 bigbrain_769_1809_2082.nii 140500864055104
increment_file 1567686730.9064243 1567686733.8050058 bigbrain_769_1809_2082.nii 140500864055104
write_file 1567686733.8161788 1567686736.6731591 inc-bigbrain_769_1809_2082.nii 140500864055104
task_duration 1567686730.9030852 1567686736.6758308 1567686140-optaneAD_1it_10cpus_0delay_withpc-0 140500864055104
read_file 1567686731.2607465 1567686731.2624671 bigbrain_769_1809_2776.nii 140143349585728
increment_file 1567686731.2628496 1567686734.7500985 bigbrain_769_1809_2776.nii 140143349585728
write_file 1567686734.7542157 1567686736.8649445 inc-bigbrain_769_1809_2776.nii 140143349585728
task_duration 1567686731.2585566 1567686736.8678548 1567686140-optaneAD_1it_10cpus_0delay_withpc-0 140143349585728
read_file 1567686731.2851906 1567686731.287226 bigbrain_769_1809_694.nii 139662721742656
increment_file 1567686731.2876356 1567686734.2993262 bigbrain_769_1809_694.nii 139662721742656
write_file 1567686734.3085282 1567686735.8101897 inc-bigbrain_769_1809_694.nii 139662721742656
task_duration 1567686731.2830412 1567686735.8139017 1567686140-optaneAD_1it_10cpus_0delay_withpc-0 139662721742656
read_file 1567686731.4154215 1567686731.417639 bigbrain_769_2412_0.nii 139859653064512
increment_file 1567686731.4186122 1567686734.8646762 bigbrain_769_2412_0.nii 139859653064512
write_file 1567686734.8677757 1567686736.9257169 inc-bigbrain_769_2412_0.nii 139859653064512
task_duration 1567686731.4122605 1567686736.9285681 1567686140-optaneAD_1it_10cpus_0delay_withpc-0 139859653064512
read_file 1567686731.51876 1567686731.5220163 bigbrain_769_2412_1388.nii 140593080825664
increment_file 1567686731.522984 1567686734.5141375 bigbrain_769_2412_1388.nii 140593080825664
write_file 1567686734.5248806 1567686735.8457665 inc-bigbrain_769_2412_1388.nii 140593080825664
task_duration 1567686731.5152912 1567686735.8484406 1567686140-optaneAD_1it_10cpus_0delay_withpc-0 140593080825664
read_file 1567686736.0871549 1567686736.0885339 bigbrain_769_2412_2082.nii 140313574086464
increment_file 1567686736.0887969 1567686736.64477 bigbrain_769_2412_2082.nii 140313574086464
write_file 1567686736.6470723 1567686737.3282032 inc-bigbrain_769_2412_2082.nii 140313574086464
task_duration 1567686736.0852587 1567686737.3308203 1567686140-optaneAD_1it_10cpus_0delay_withpc-0 140313574086464
read_file 1567686736.8033538 1567686736.80477 bigbrain_769_2412_2776.nii 140297256806208
increment_file 1567686736.805016 1567686737.4179888 bigbrain_769_2412_2776.nii 140297256806208
write_file 1567686737.4203196 1567686739.456567 inc-bigbrain_769_2412_2776.nii 140297256806208
task_duration 1567686736.8011894 1567686739.4639914 1567686140-optaneAD_1it_10cpus_0delay_withpc-0 140297256806208
read_file 1567686736.9548628 1567686736.9560137 bigbrain_769_2412_694.nii 140630809593664
increment_file 1567686736.9562347 1567686737.9447825 bigbrain_769_2412_694.nii 140630809593664
write_file 1567686737.9489062 1567686740.9394703 inc-bigbrain_769_2412_694.nii 140630809593664
task_duration 1567686736.9519475 1567686740.9427195 1567686140-optaneAD_1it_10cpus_0delay_withpc-0 140630809593664
read_file 1567686737.3644595 1567686737.3663065 bigbrain_769_603_0.nii 139788076808000
increment_file 1567686737.3666532 1567686738.8946009 bigbrain_769_603_0.nii 139788076808000
write_file 1567686738.8997836 1567686741.1892433 inc-bigbrain_769_603_0.nii 139788076808000
task_duration 1567686737.362056 1567686741.1922512 1567686140-optaneAD_1it_10cpus_0delay_withpc-0 139788076808000
read_file 1567686737.4385622 1567686737.4398518 bigbrain_769_603_1388.nii 140524351276864
increment_file 1567686737.4401147 1567686738.8256252 bigbrain_769_603_1388.nii 140524351276864
write_file 1567686738.8320282 1567686740.1018918 inc-bigbrain_769_603_1388.nii 140524351276864
task_duration 1567686737.4357738 1567686740.105216 1567686140-optaneAD_1it_10cpus_0delay_withpc-0 140524351276864
read_file 1567686737.4535196 1567686737.4552467 bigbrain_769_603_2082.nii 140232255457088
increment_file 1567686737.4555256 1567686739.144129 bigbrain_769_603_2082.nii 140232255457088
write_file 1567686739.147804 1567686740.620589 inc-bigbrain_769_603_2082.nii 140232255457088
task_duration 1567686737.451307 1567686740.6235054 1567686140-optaneAD_1it_10cpus_0delay_withpc-0 140232255457088
read_file 1567686737.4975424 1567686737.4992626 bigbrain_769_603_2776.nii 140441238918976
increment_file 1567686737.4994876 1567686738.9236777 bigbrain_769_603_2776.nii 140441238918976
write_file 1567686738.930275 1567686740.122176 inc-bigbrain_769_603_2776.nii 140441238918976
task_duration 1567686737.495738 1567686740.1248958 1567686140-optaneAD_1it_10cpus_0delay_withpc-0 140441238918976
read_file 1567686737.8068812 1567686737.8081043 bigbrain_769_603_694.nii 139813518427968
increment_file 1567686737.8085845 1567686739.5298116 bigbrain_769_603_694.nii 139813518427968
write_file 1567686739.5322514 1567686741.0430973 inc-bigbrain_769_603_694.nii 139813518427968
task_duration 1567686737.8054588 1567686741.046151 1567686140-optaneAD_1it_10cpus_0delay_withpc-0 139813518427968
