read_file 1567613167.4345224 1567613167.4353995 bigbrain_769_603_694.nii 140494846412608
increment_file 1567613167.435529 1567613168.2651074 bigbrain_769_603_694.nii 140494846412608
write_file 1567613168.2828662 1567613168.736095 inc-bigbrain_769_603_694.nii 140494846412608
task_duration 1567613167.4334223 1567613168.7389865 tmpfs_1it_96cpus_0delay_npc-0 140494846412608
read_file 1567613163.0735097 1567613163.0800397 bigbrain_769_603_1388.nii 139758882166592
increment_file 1567613163.081211 1567613166.7289248 bigbrain_769_603_1388.nii 139758882166592
write_file 1567613166.7890677 1567613169.1663857 inc-bigbrain_769_603_1388.nii 139758882166592
task_duration 1567613163.0663764 1567613169.1740391 tmpfs_1it_96cpus_0delay_npc-0 139758882166592
read_file 1567613163.2368398 1567613163.245203 bigbrain_769_603_2776.nii 140375674869568
increment_file 1567613163.2464638 1567613166.8474927 bigbrain_769_603_2776.nii 140375674869568
write_file 1567613166.9163733 1567613169.2933187 inc-bigbrain_769_603_2776.nii 140375674869568
task_duration 1567613163.2289789 1567613169.3020241 tmpfs_1it_96cpus_0delay_npc-0 140375674869568
read_file 1567613163.1851723 1567613163.1920788 bigbrain_769_1809_694.nii 140310693676864
increment_file 1567613163.1930013 1567613166.762225 bigbrain_769_1809_694.nii 140310693676864
write_file 1567613166.8238869 1567613169.4642677 inc-bigbrain_769_1809_694.nii 140310693676864
task_duration 1567613163.1794462 1567613169.4690356 tmpfs_1it_96cpus_0delay_npc-0 140310693676864
read_file 1567613163.0992093 1567613163.1062846 bigbrain_769_1206_2776.nii 140151182272320
increment_file 1567613163.107362 1567613165.41268 bigbrain_769_1206_2776.nii 140151182272320
write_file 1567613165.4577959 1567613167.1924844 inc-bigbrain_769_1206_2776.nii 140151182272320
task_duration 1567613163.0919623 1567613167.2038667 tmpfs_1it_96cpus_0delay_npc-0 140151182272320
read_file 1567613162.8732243 1567613162.8794394 bigbrain_3076_2412_2776.nii 139915069163328
increment_file 1567613162.8801205 1567613165.1194077 bigbrain_3076_2412_2776.nii 139915069163328
write_file 1567613165.1612966 1567613167.0278356 inc-bigbrain_3076_2412_2776.nii 139915069163328
task_duration 1567613162.8668096 1567613167.0412796 tmpfs_1it_96cpus_0delay_npc-0 139915069163328
read_file 1567613163.259309 1567613163.2678123 bigbrain_769_603_0.nii 140081934600000
increment_file 1567613163.269249 1567613166.8389368 bigbrain_769_603_0.nii 140081934600000
write_file 1567613166.8885567 1567613169.4387653 inc-bigbrain_769_603_0.nii 140081934600000
task_duration 1567613163.2499857 1567613169.4446516 tmpfs_1it_96cpus_0delay_npc-0 140081934600000
read_file 1567613162.5524209 1567613162.5544055 bigbrain_3076_1206_2082.nii 139715181840192
increment_file 1567613162.5546515 1567613164.3123002 bigbrain_3076_1206_2082.nii 139715181840192
write_file 1567613164.3629375 1567613166.4522796 inc-bigbrain_3076_1206_2082.nii 139715181840192
task_duration 1567613162.54965 1567613166.4658422 tmpfs_1it_96cpus_0delay_npc-0 139715181840192
read_file 1567613163.1578536 1567613163.1686635 bigbrain_3076_603_694.nii 140040705488704
increment_file 1567613163.1700675 1567613166.7291355 bigbrain_3076_603_694.nii 140040705488704
write_file 1567613166.765721 1567613169.4013796 inc-bigbrain_3076_603_694.nii 140040705488704
task_duration 1567613163.149506 1567613169.4075854 tmpfs_1it_96cpus_0delay_npc-0 140040705488704
read_file 1567613163.134328 1567613163.14279 bigbrain_769_1809_0.nii 139667234625344
increment_file 1567613163.1442273 1567613166.7846594 bigbrain_769_1809_0.nii 139667234625344
write_file 1567613166.8555024 1567613169.491838 inc-bigbrain_769_1809_0.nii 139667234625344
task_duration 1567613163.1256905 1567613169.4960845 tmpfs_1it_96cpus_0delay_npc-0 139667234625344
read_file 1567613163.2704446 1567613163.280187 bigbrain_769_2412_1388.nii 139690790528832
increment_file 1567613163.2817328 1567613166.857762 bigbrain_769_2412_1388.nii 139690790528832
write_file 1567613166.8973515 1567613168.555209 inc-bigbrain_769_2412_1388.nii 139690790528832
task_duration 1567613163.2599099 1567613168.5643501 tmpfs_1it_96cpus_0delay_npc-0 139690790528832
read_file 1567613162.7470496 1567613162.749577 bigbrain_769_2412_2776.nii 140714698757952
increment_file 1567613162.7498481 1567613164.9501822 bigbrain_769_2412_2776.nii 140714698757952
write_file 1567613164.9955723 1567613166.9727461 inc-bigbrain_769_2412_2776.nii 140714698757952
task_duration 1567613162.7439778 1567613166.9814234 tmpfs_1it_96cpus_0delay_npc-0 140714698757952
read_file 1567613162.8272896 1567613162.83275 bigbrain_3076_1206_694.nii 139859215808320
increment_file 1567613162.8337111 1567613165.118476 bigbrain_3076_1206_694.nii 139859215808320
write_file 1567613165.1659098 1567613167.0279388 inc-bigbrain_3076_1206_694.nii 139859215808320
task_duration 1567613162.8222625 1567613167.038084 tmpfs_1it_96cpus_0delay_npc-0 139859215808320
read_file 1567613163.213303 1567613163.2216566 bigbrain_769_2412_694.nii 140105151244096
increment_file 1567613163.2225564 1567613166.8315415 bigbrain_769_2412_694.nii 140105151244096
write_file 1567613166.8834937 1567613169.4466722 inc-bigbrain_769_2412_694.nii 140105151244096
task_duration 1567613163.206742 1567613169.4514034 tmpfs_1it_96cpus_0delay_npc-0 140105151244096
read_file 1567613163.0200577 1567613163.0238879 bigbrain_3076_603_2776.nii 140255472682816
increment_file 1567613163.0244172 1567613165.3109035 bigbrain_3076_603_2776.nii 140255472682816
write_file 1567613165.3480206 1567613167.132968 inc-bigbrain_3076_603_2776.nii 140255472682816
task_duration 1567613163.0150368 1567613167.1378748 tmpfs_1it_96cpus_0delay_npc-0 140255472682816
read_file 1567613162.8989568 1567613162.9016225 bigbrain_769_1206_1388.nii 139637102012224
increment_file 1567613162.902141 1567613165.1948433 bigbrain_769_1206_1388.nii 139637102012224
write_file 1567613165.2315857 1567613167.0699391 inc-bigbrain_769_1206_1388.nii 139637102012224
task_duration 1567613162.8956735 1567613167.0748484 tmpfs_1it_96cpus_0delay_npc-0 139637102012224
read_file 1567613163.163321 1567613163.167325 bigbrain_769_603_2082.nii 140463974889280
increment_file 1567613163.168007 1567613165.4344795 bigbrain_769_603_2082.nii 140463974889280
write_file 1567613165.4706154 1567613167.2092814 inc-bigbrain_769_603_2082.nii 140463974889280
task_duration 1567613163.1463778 1567613167.212768 tmpfs_1it_96cpus_0delay_npc-0 140463974889280
read_file 1567613163.201947 1567613163.2104332 bigbrain_769_1206_694.nii 140564883015488
increment_file 1567613163.2131436 1567613166.8326073 bigbrain_769_1206_694.nii 140564883015488
write_file 1567613166.8742483 1567613169.4743862 inc-bigbrain_769_1206_694.nii 140564883015488
task_duration 1567613163.1955435 1567613169.4798067 tmpfs_1it_96cpus_0delay_npc-0 140564883015488
read_file 1567613163.2215302 1567613163.226812 bigbrain_769_1809_1388.nii 140170413537088
increment_file 1567613163.2277737 1567613165.4918873 bigbrain_769_1809_1388.nii 140170413537088
write_file 1567613165.5338955 1567613167.1239817 inc-bigbrain_769_1809_1388.nii 140170413537088
task_duration 1567613163.2152715 1567613167.1346955 tmpfs_1it_96cpus_0delay_npc-0 140170413537088
read_file 1567613162.795904 1567613162.8009624 bigbrain_3076_603_1388.nii 140313286846272
increment_file 1567613162.801764 1567613165.0438712 bigbrain_3076_603_1388.nii 140313286846272
write_file 1567613165.0851219 1567613167.075363 inc-bigbrain_3076_603_1388.nii 140313286846272
task_duration 1567613162.7902954 1567613167.0878863 tmpfs_1it_96cpus_0delay_npc-0 140313286846272
read_file 1567613163.0543716 1567613163.060128 bigbrain_3076_2412_2082.nii 140367526369088
increment_file 1567613163.0611515 1567613165.3627665 bigbrain_3076_2412_2082.nii 140367526369088
write_file 1567613165.4038203 1567613167.1191542 inc-bigbrain_3076_2412_2082.nii 140367526369088
task_duration 1567613163.0484917 1567613167.1315334 tmpfs_1it_96cpus_0delay_npc-0 140367526369088
read_file 1567613163.0041645 1567613163.0124917 bigbrain_3076_0_694.nii 139791549343552
increment_file 1567613163.0135229 1567613166.6568086 bigbrain_3076_0_694.nii 139791549343552
write_file 1567613166.7014177 1567613169.338413 inc-bigbrain_3076_0_694.nii 139791549343552
task_duration 1567613162.9961095 1567613169.3459954 tmpfs_1it_96cpus_0delay_npc-0 139791549343552
read_file 1567613163.173169 1567613163.1793754 bigbrain_3076_1809_1388.nii 139769361381184
increment_file 1567613163.1803052 1567613166.7613983 bigbrain_3076_1809_1388.nii 139769361381184
write_file 1567613166.8168664 1567613168.9431078 inc-bigbrain_3076_1809_1388.nii 139769361381184
task_duration 1567613163.166698 1567613168.9526548 tmpfs_1it_96cpus_0delay_npc-0 139769361381184
read_file 1567613162.8133862 1567613162.8157241 bigbrain_769_1206_2082.nii 139968567080768
increment_file 1567613162.8160543 1567613166.4854708 bigbrain_769_1206_2082.nii 139968567080768
write_file 1567613166.552461 1567613169.3775585 inc-bigbrain_769_1206_2082.nii 139968567080768
task_duration 1567613162.811361 1567613169.3860977 tmpfs_1it_96cpus_0delay_npc-0 139968567080768
read_file 1567613162.7408493 1567613162.7431836 bigbrain_3076_1206_0.nii 139644392261440
increment_file 1567613162.7434402 1567613166.3183815 bigbrain_3076_1206_0.nii 139644392261440
write_file 1567613166.3755822 1567613169.2911174 inc-bigbrain_3076_1206_0.nii 139644392261440
task_duration 1567613162.7371254 1567613169.304937 tmpfs_1it_96cpus_0delay_npc-0 139644392261440
read_file 1567613162.5795226 1567613162.5811286 bigbrain_3076_1206_2776.nii 140162656618304
increment_file 1567613162.5813308 1567613164.410186 bigbrain_3076_1206_2776.nii 140162656618304
write_file 1567613164.468395 1567613166.5645893 inc-bigbrain_3076_1206_2776.nii 140162656618304
task_duration 1567613162.5774028 1567613166.5776987 tmpfs_1it_96cpus_0delay_npc-0 140162656618304
read_file 1567613162.8364103 1567613162.8388972 bigbrain_769_0_2082.nii 140387532855104
increment_file 1567613162.8393934 1567613166.5519521 bigbrain_769_0_2082.nii 140387532855104
write_file 1567613166.60308 1567613169.403034 inc-bigbrain_769_0_2082.nii 140387532855104
task_duration 1567613162.833371 1567613169.409903 tmpfs_1it_96cpus_0delay_npc-0 140387532855104
read_file 1567613162.712438 1567613162.715722 bigbrain_2307_1809_2776.nii 140228678592320
increment_file 1567613162.7161667 1567613164.9255757 bigbrain_2307_1809_2776.nii 140228678592320
write_file 1567613164.9769375 1567613166.9998128 inc-bigbrain_2307_1809_2776.nii 140228678592320
task_duration 1567613162.7088459 1567613167.0072827 tmpfs_1it_96cpus_0delay_npc-0 140228678592320
read_file 1567613163.2124753 1567613163.2209342 bigbrain_769_1206_0.nii 140178279081792
increment_file 1567613163.2220972 1567613166.791846 bigbrain_769_1206_0.nii 140178279081792
write_file 1567613166.8354366 1567613169.4550323 inc-bigbrain_769_1206_0.nii 140178279081792
task_duration 1567613163.2050068 1567613169.45962 tmpfs_1it_96cpus_0delay_npc-0 140178279081792
read_file 1567613162.9751475 1567613162.9801009 bigbrain_769_0_2776.nii 140595728246592
increment_file 1567613162.981273 1567613165.275352 bigbrain_769_0_2776.nii 140595728246592
write_file 1567613165.3199735 1567613167.1647692 inc-bigbrain_769_0_2776.nii 140595728246592
task_duration 1567613162.9693565 1567613167.177381 tmpfs_1it_96cpus_0delay_npc-0 140595728246592
read_file 1567613162.9917693 1567613162.999011 bigbrain_3076_603_0.nii 139947171415872
increment_file 1567613163.000002 1567613165.3280663 bigbrain_3076_603_0.nii 139947171415872
write_file 1567613165.3776226 1567613167.0490484 inc-bigbrain_3076_603_0.nii 139947171415872
task_duration 1567613162.9854147 1567613167.0570462 tmpfs_1it_96cpus_0delay_npc-0 139947171415872
read_file 1567613163.2081645 1567613163.2155218 bigbrain_769_0_0.nii 140475561932608
increment_file 1567613163.2165232 1567613166.7587812 bigbrain_769_0_0.nii 140475561932608
write_file 1567613166.808222 1567613169.436969 inc-bigbrain_769_0_0.nii 140475561932608
task_duration 1567613163.2017262 1567613169.442866 tmpfs_1it_96cpus_0delay_npc-0 140475561932608
read_file 1567613163.0545018 1567613163.0608382 bigbrain_769_0_1388.nii 140256145704768
increment_file 1567613163.0617173 1567613166.6825764 bigbrain_769_0_1388.nii 140256145704768
write_file 1567613166.744552 1567613169.388524 inc-bigbrain_769_0_1388.nii 140256145704768
task_duration 1567613163.0476832 1567613169.394781 tmpfs_1it_96cpus_0delay_npc-0 140256145704768
read_file 1567613163.1991773 1567613163.2070117 bigbrain_3076_0_0.nii 140660277155648
increment_file 1567613163.2082849 1567613166.8149827 bigbrain_3076_0_0.nii 140660277155648
write_file 1567613166.8492694 1567613169.4074736 inc-bigbrain_3076_0_0.nii 140660277155648
task_duration 1567613163.190882 1567613169.4134607 tmpfs_1it_96cpus_0delay_npc-0 140660277155648
read_file 1567613163.0621521 1567613163.065356 bigbrain_769_1809_2082.nii 139648205240128
increment_file 1567613163.0657585 1567613166.6646552 bigbrain_769_1809_2082.nii 139648205240128
write_file 1567613166.724047 1567613169.358234 inc-bigbrain_769_1809_2082.nii 139648205240128
task_duration 1567613163.0592048 1567613169.367031 tmpfs_1it_96cpus_0delay_npc-0 139648205240128
read_file 1567613162.95305 1567613162.963015 bigbrain_2307_2412_0.nii 140536434378560
increment_file 1567613162.9646096 1567613166.5863626 bigbrain_2307_2412_0.nii 140536434378560
write_file 1567613166.633032 1567613169.3456204 inc-bigbrain_2307_2412_0.nii 140536434378560
task_duration 1567613162.946266 1567613169.3545945 tmpfs_1it_96cpus_0delay_npc-0 140536434378560
read_file 1567613163.069894 1567613163.0752318 bigbrain_769_2412_2082.nii 140401022084928
increment_file 1567613163.075936 1567613165.3346472 bigbrain_769_2412_2082.nii 140401022084928
write_file 1567613165.3721275 1567613167.1238365 inc-bigbrain_769_2412_2082.nii 140401022084928
task_duration 1567613163.065458 1567613167.1293054 tmpfs_1it_96cpus_0delay_npc-0 140401022084928
read_file 1567613162.602794 1567613162.604977 bigbrain_3076_0_1388.nii 140713703364416
increment_file 1567613162.605318 1567613164.5218704 bigbrain_3076_0_1388.nii 140713703364416
write_file 1567613164.575247 1567613166.7155979 inc-bigbrain_3076_0_1388.nii 140713703364416
task_duration 1567613162.6001508 1567613166.7272975 tmpfs_1it_96cpus_0delay_npc-0 140713703364416
read_file 1567613162.8389661 1567613162.8436027 bigbrain_769_0_694.nii 140051454592832
increment_file 1567613162.8446443 1567613165.1488786 bigbrain_769_0_694.nii 140051454592832
write_file 1567613165.190703 1567613167.0166726 inc-bigbrain_769_0_694.nii 140051454592832
task_duration 1567613162.8339167 1567613167.0255413 tmpfs_1it_96cpus_0delay_npc-0 140051454592832
read_file 1567613162.6624508 1567613162.664322 bigbrain_2307_1206_2082.nii 140527897659200
increment_file 1567613162.6645548 1567613166.220623 bigbrain_2307_1206_2082.nii 140527897659200
write_file 1567613166.2910106 1567613169.187806 inc-bigbrain_2307_1206_2082.nii 140527897659200
task_duration 1567613162.6603916 1567613169.197354 tmpfs_1it_96cpus_0delay_npc-0 140527897659200
read_file 1567613162.9153636 1567613162.921573 bigbrain_3076_2412_1388.nii 139845699962688
increment_file 1567613162.9224532 1567613166.6162782 bigbrain_3076_2412_1388.nii 139845699962688
write_file 1567613166.6655316 1567613169.3692718 inc-bigbrain_3076_2412_1388.nii 139845699962688
task_duration 1567613162.9089017 1567613169.37611 tmpfs_1it_96cpus_0delay_npc-0 139845699962688
read_file 1567613163.1937912 1567613163.1997755 bigbrain_3076_2412_0.nii 139947665438528
increment_file 1567613163.2005417 1567613166.78505 bigbrain_3076_2412_0.nii 139947665438528
write_file 1567613166.8335054 1567613169.4525676 inc-bigbrain_3076_2412_0.nii 139947665438528
task_duration 1567613163.187459 1567613169.456754 tmpfs_1it_96cpus_0delay_npc-0 139947665438528
read_file 1567613162.962336 1567613162.9686468 bigbrain_3076_1809_694.nii 140028278503232
increment_file 1567613162.9696238 1567613165.1837924 bigbrain_3076_1809_694.nii 140028278503232
write_file 1567613165.222341 1567613167.1129487 inc-bigbrain_3076_1809_694.nii 140028278503232
task_duration 1567613162.9558668 1567613167.1296127 tmpfs_1it_96cpus_0delay_npc-0 140028278503232
read_file 1567613162.933671 1567613162.9367964 bigbrain_3076_1809_2776.nii 140024451921728
increment_file 1567613162.937287 1567613165.194207 bigbrain_3076_1809_2776.nii 140024451921728
write_file 1567613165.2307296 1567613167.1039972 inc-bigbrain_3076_1809_2776.nii 140024451921728
task_duration 1567613162.9303508 1567613167.1095316 tmpfs_1it_96cpus_0delay_npc-0 140024451921728
read_file 1567613162.572563 1567613162.5742946 bigbrain_2307_603_1388.nii 139719601063744
increment_file 1567613162.5745254 1567613164.5309124 bigbrain_2307_603_1388.nii 139719601063744
write_file 1567613164.583605 1567613166.6848724 inc-bigbrain_2307_603_1388.nii 139719601063744
task_duration 1567613162.5705364 1567613166.69634 tmpfs_1it_96cpus_0delay_npc-0 139719601063744
read_file 1567613162.9709654 1567613162.9740999 bigbrain_2307_603_2776.nii 140498784315200
increment_file 1567613162.97461 1567613165.2556355 bigbrain_2307_603_2776.nii 140498784315200
write_file 1567613165.2941978 1567613167.1129231 inc-bigbrain_2307_603_2776.nii 140498784315200
task_duration 1567613162.967493 1567613167.1169143 tmpfs_1it_96cpus_0delay_npc-0 140498784315200
read_file 1567613162.728431 1567613162.730802 bigbrain_3076_0_2776.nii 140648778929984
increment_file 1567613162.7310123 1567613166.3772364 bigbrain_3076_0_2776.nii 140648778929984
write_file 1567613166.4472716 1567613169.2930307 inc-bigbrain_3076_0_2776.nii 140648778929984
task_duration 1567613162.7251565 1567613169.3066921 tmpfs_1it_96cpus_0delay_npc-0 140648778929984
read_file 1567613162.749696 1567613162.752842 bigbrain_2307_2412_1388.nii 140241706854208
increment_file 1567613162.7533612 1567613164.98068 bigbrain_2307_2412_1388.nii 140241706854208
write_file 1567613165.0208724 1567613166.97405 inc-bigbrain_2307_2412_1388.nii 140241706854208
task_duration 1567613162.7467108 1567613166.986349 tmpfs_1it_96cpus_0delay_npc-0 140241706854208
read_file 1567613163.0181582 1567613163.0211403 bigbrain_3076_2412_694.nii 140246464116544
increment_file 1567613163.0216846 1567613166.6589186 bigbrain_3076_2412_694.nii 140246464116544
write_file 1567613166.7094357 1567613169.4260926 inc-bigbrain_3076_2412_694.nii 140246464116544
task_duration 1567613163.015327 1567613169.4316063 tmpfs_1it_96cpus_0delay_npc-0 140246464116544
read_file 1567613162.766022 1567613162.7682142 bigbrain_2307_603_0.nii 140133661595456
increment_file 1567613162.7684927 1567613166.3849547 bigbrain_2307_603_0.nii 140133661595456
write_file 1567613166.4564183 1567613169.2426336 inc-bigbrain_2307_603_0.nii 140133661595456
task_duration 1567613162.7634804 1567613169.2522573 tmpfs_1it_96cpus_0delay_npc-0 140133661595456
read_file 1567613162.725895 1567613162.7284644 bigbrain_769_2412_0.nii 140177289934656
increment_file 1567613162.7287335 1567613166.3077364 bigbrain_769_2412_0.nii 140177289934656
write_file 1567613166.3708084 1567613169.3312988 inc-bigbrain_769_2412_0.nii 140177289934656
task_duration 1567613162.723174 1567613169.3409302 tmpfs_1it_96cpus_0delay_npc-0 140177289934656
read_file 1567613162.8943148 1567613162.8993113 bigbrain_3076_603_2082.nii 140097875982144
increment_file 1567613162.8997712 1567613165.1087945 bigbrain_3076_603_2082.nii 140097875982144
write_file 1567613165.1482167 1567613167.1293201 inc-bigbrain_3076_603_2082.nii 140097875982144
task_duration 1567613162.8906293 1567613167.1359215 tmpfs_1it_96cpus_0delay_npc-0 140097875982144
read_file 1567613162.992783 1567613162.9980743 bigbrain_769_1809_2776.nii 140029638448960
increment_file 1567613162.9987655 1567613165.2839515 bigbrain_769_1809_2776.nii 140029638448960
write_file 1567613165.327022 1567613167.1093428 inc-bigbrain_769_1809_2776.nii 140029638448960
task_duration 1567613162.9889524 1567613167.1137905 tmpfs_1it_96cpus_0delay_npc-0 140029638448960
read_file 1567613162.8374298 1567613162.8439834 bigbrain_3076_1809_0.nii 140391435560768
increment_file 1567613162.8449256 1567613166.5257838 bigbrain_3076_1809_0.nii 140391435560768
write_file 1567613166.5739307 1567613169.3585627 inc-bigbrain_3076_1809_0.nii 140391435560768
task_duration 1567613162.8304894 1567613169.36863 tmpfs_1it_96cpus_0delay_npc-0 140391435560768
read_file 1567613162.7963588 1567613162.7987316 bigbrain_2307_603_694.nii 140624992433984
increment_file 1567613162.7992134 1567613165.0906863 bigbrain_2307_603_694.nii 140624992433984
write_file 1567613165.12933 1567613167.0251133 inc-bigbrain_2307_603_694.nii 140624992433984
task_duration 1567613162.793615 1567613167.032182 tmpfs_1it_96cpus_0delay_npc-0 140624992433984
read_file 1567613162.7746832 1567613162.7772262 bigbrain_2307_2412_2082.nii 140623050315584
increment_file 1567613162.7775657 1567613166.4087772 bigbrain_2307_2412_2082.nii 140623050315584
write_file 1567613166.4723701 1567613169.246171 inc-bigbrain_2307_2412_2082.nii 140623050315584
task_duration 1567613162.7724648 1567613169.2589965 tmpfs_1it_96cpus_0delay_npc-0 140623050315584
read_file 1567613163.0304174 1567613163.0340638 bigbrain_2307_1206_694.nii 140194958296896
increment_file 1567613163.034724 1567613166.6916435 bigbrain_2307_1206_694.nii 140194958296896
write_file 1567613166.7366886 1567613169.4350467 inc-bigbrain_2307_1206_694.nii 140194958296896
task_duration 1567613163.0273466 1567613169.4414644 tmpfs_1it_96cpus_0delay_npc-0 140194958296896
read_file 1567613162.8092256 1567613162.8116608 bigbrain_3076_1809_2082.nii 139792059471680
increment_file 1567613162.8119593 1567613166.515858 bigbrain_3076_1809_2082.nii 139792059471680
write_file 1567613166.5812354 1567613169.3160622 inc-bigbrain_3076_1809_2082.nii 139792059471680
task_duration 1567613162.8059735 1567613169.3259735 tmpfs_1it_96cpus_0delay_npc-0 139792059471680
read_file 1567613162.5947592 1567613162.5969913 bigbrain_2307_1206_0.nii 139877708326720
increment_file 1567613162.597255 1567613164.720215 bigbrain_2307_1206_0.nii 139877708326720
write_file 1567613164.76459 1567613166.8872986 inc-bigbrain_2307_1206_0.nii 139877708326720
task_duration 1567613162.592291 1567613166.895928 tmpfs_1it_96cpus_0delay_npc-0 139877708326720
read_file 1567613162.8744946 1567613162.878574 bigbrain_2307_2412_2776.nii 140570731558720
increment_file 1567613162.8792126 1567613165.1813104 bigbrain_2307_2412_2776.nii 140570731558720
write_file 1567613165.2189758 1567613167.0696108 inc-bigbrain_2307_2412_2776.nii 140570731558720
task_duration 1567613162.8709083 1567613167.0753431 tmpfs_1it_96cpus_0delay_npc-0 140570731558720
read_file 1567613162.6333783 1567613162.6359446 bigbrain_2307_0_2082.nii 140112504141632
increment_file 1567613162.6361947 1567613166.1868544 bigbrain_2307_0_2082.nii 140112504141632
write_file 1567613166.2462652 1567613169.3054621 inc-bigbrain_2307_0_2082.nii 140112504141632
task_duration 1567613162.6307669 1567613169.3170283 tmpfs_1it_96cpus_0delay_npc-0 140112504141632
read_file 1567613162.7463956 1567613162.74919 bigbrain_2307_1809_0.nii 140419666573120
increment_file 1567613162.7496994 1567613166.313206 bigbrain_2307_1809_0.nii 140419666573120
write_file 1567613166.356059 1567613169.1851444 inc-bigbrain_2307_1809_0.nii 140419666573120
task_duration 1567613162.7435956 1567613169.1984773 tmpfs_1it_96cpus_0delay_npc-0 140419666573120
read_file 1567613162.5138211 1567613162.5161507 bigbrain_2307_1809_2082.nii 140116008679232
increment_file 1567613162.5164158 1567613164.1116476 bigbrain_2307_1809_2082.nii 140116008679232
write_file 1567613164.1672208 1567613166.2297392 inc-bigbrain_2307_1809_2082.nii 140116008679232
task_duration 1567613162.510753 1567613166.2447324 tmpfs_1it_96cpus_0delay_npc-0 140116008679232
read_file 1567613162.9019094 1567613162.9085727 bigbrain_3076_0_2082.nii 140010152322880
increment_file 1567613162.9094636 1567613166.585974 bigbrain_3076_0_2082.nii 140010152322880
write_file 1567613166.6280875 1567613169.4132686 inc-bigbrain_3076_0_2082.nii 140010152322880
task_duration 1567613162.8949234 1567613169.4192617 tmpfs_1it_96cpus_0delay_npc-0 140010152322880
read_file 1567613162.5840862 1567613162.5862274 bigbrain_1538_1206_1388.nii 140638512547648
increment_file 1567613162.5864916 1567613164.6623547 bigbrain_1538_1206_1388.nii 140638512547648
write_file 1567613164.8398702 1567613166.9032717 inc-bigbrain_1538_1206_1388.nii 140638512547648
task_duration 1567613162.5814605 1567613166.9112332 tmpfs_1it_96cpus_0delay_npc-0 140638512547648
read_file 1567613162.436522 1567613162.437984 bigbrain_1538_603_0.nii 140204355376960
increment_file 1567613162.4381604 1567613163.7852511 bigbrain_1538_603_0.nii 140204355376960
write_file 1567613163.8487685 1567613166.072282 inc-bigbrain_1538_603_0.nii 140204355376960
task_duration 1567613162.4323306 1567613166.088595 tmpfs_1it_96cpus_0delay_npc-0 140204355376960
read_file 1567613162.673407 1567613162.6754053 bigbrain_2307_603_2082.nii 139894153934656
increment_file 1567613162.67561 1567613166.2471771 bigbrain_2307_603_2082.nii 139894153934656
write_file 1567613166.3096712 1567613169.2678435 inc-bigbrain_2307_603_2082.nii 139894153934656
task_duration 1567613162.6712005 1567613169.2766922 tmpfs_1it_96cpus_0delay_npc-0 139894153934656
read_file 1567613162.6409123 1567613162.6428003 bigbrain_1538_603_694.nii 139821742200640
increment_file 1567613162.6430838 1567613166.2210453 bigbrain_1538_603_694.nii 139821742200640
write_file 1567613166.2725291 1567613169.2909732 inc-bigbrain_1538_603_694.nii 139821742200640
task_duration 1567613162.6382835 1567613169.3047414 tmpfs_1it_96cpus_0delay_npc-0 139821742200640
read_file 1567613162.763711 1567613162.7656748 bigbrain_2307_2412_694.nii 139875615938368
increment_file 1567613162.76595 1567613166.3904967 bigbrain_2307_2412_694.nii 139875615938368
write_file 1567613166.4644885 1567613169.3270972 inc-bigbrain_2307_2412_694.nii 139875615938368
task_duration 1567613162.761694 1567613169.3364124 tmpfs_1it_96cpus_0delay_npc-0 139875615938368
read_file 1567613162.815232 1567613162.8192842 bigbrain_2307_1809_1388.nii 140230143358784
increment_file 1567613162.8197136 1567613165.0476956 bigbrain_2307_1809_1388.nii 140230143358784
write_file 1567613165.0920997 1567613167.0781908 inc-bigbrain_2307_1809_1388.nii 140230143358784
task_duration 1567613162.8122756 1567613167.083901 tmpfs_1it_96cpus_0delay_npc-0 140230143358784
read_file 1567613162.6469023 1567613162.6489697 bigbrain_2307_1206_1388.nii 140121717634880
increment_file 1567613162.6491911 1567613164.8038723 bigbrain_2307_1206_1388.nii 140121717634880
write_file 1567613164.8601618 1567613166.9550178 inc-bigbrain_2307_1206_1388.nii 140121717634880
task_duration 1567613162.6444085 1567613166.9633946 tmpfs_1it_96cpus_0delay_npc-0 140121717634880
read_file 1567613162.58841 1567613162.5899312 bigbrain_1538_603_1388.nii 139656083208000
increment_file 1567613162.5901213 1567613164.4566438 bigbrain_1538_603_1388.nii 139656083208000
write_file 1567613164.5113297 1567613166.6261601 inc-bigbrain_1538_603_1388.nii 139656083208000
task_duration 1567613162.585722 1567613166.6358519 tmpfs_1it_96cpus_0delay_npc-0 139656083208000
read_file 1567613162.490595 1567613162.492422 bigbrain_1538_1206_2776.nii 140280543450944
increment_file 1567613162.4926367 1567613164.0783005 bigbrain_1538_1206_2776.nii 140280543450944
write_file 1567613164.131752 1567613166.1878688 inc-bigbrain_1538_1206_2776.nii 140280543450944
task_duration 1567613162.488221 1567613166.2014134 tmpfs_1it_96cpus_0delay_npc-0 140280543450944
read_file 1567613162.520298 1567613162.5217397 bigbrain_1538_2412_0.nii 140231914469184
increment_file 1567613162.5219076 1567613165.7461596 bigbrain_1538_2412_0.nii 140231914469184
write_file 1567613165.7947507 1567613168.94408 inc-bigbrain_1538_2412_0.nii 140231914469184
task_duration 1567613162.5184388 1567613168.9621909 tmpfs_1it_96cpus_0delay_npc-0 140231914469184
read_file 1567613162.4365466 1567613162.438021 bigbrain_1538_1206_2082.nii 140700455651136
increment_file 1567613162.438195 1567613163.864132 bigbrain_1538_1206_2082.nii 140700455651136
write_file 1567613163.9301858 1567613165.9806087 inc-bigbrain_1538_1206_2082.nii 140700455651136
task_duration 1567613162.4320722 1567613165.9959037 tmpfs_1it_96cpus_0delay_npc-0 140700455651136
read_file 1567613162.9214087 1567613162.9262092 bigbrain_3076_1206_1388.nii 140584500946752
increment_file 1567613162.9268968 1567613166.5392175 bigbrain_3076_1206_1388.nii 140584500946752
write_file 1567613166.6082058 1567613169.3480418 inc-bigbrain_3076_1206_1388.nii 140584500946752
task_duration 1567613162.9164677 1567613169.3561723 tmpfs_1it_96cpus_0delay_npc-0 140584500946752
read_file 1567613162.7473502 1567613162.7504923 bigbrain_2307_0_2776.nii 140209557059392
increment_file 1567613162.7508993 1567613166.31853 bigbrain_2307_0_2776.nii 140209557059392
write_file 1567613166.3604782 1567613169.3451943 inc-bigbrain_2307_0_2776.nii 140209557059392
task_duration 1567613162.7441754 1567613169.355594 tmpfs_1it_96cpus_0delay_npc-0 140209557059392
read_file 1567613162.6502194 1567613162.6517382 bigbrain_1538_603_2776.nii 139729615529792
increment_file 1567613162.65204 1567613164.68428 bigbrain_1538_603_2776.nii 139729615529792
write_file 1567613164.7227771 1567613166.8839595 inc-bigbrain_1538_603_2776.nii 139729615529792
task_duration 1567613162.6479971 1567613166.8927343 tmpfs_1it_96cpus_0delay_npc-0 139729615529792
read_file 1567613162.821823 1567613162.824202 bigbrain_2307_1809_694.nii 139959575811904
increment_file 1567613162.8245518 1567613166.4871294 bigbrain_2307_1809_694.nii 139959575811904
write_file 1567613166.5489812 1567613169.2878892 inc-bigbrain_2307_1809_694.nii 139959575811904
task_duration 1567613162.8189428 1567613169.302791 tmpfs_1it_96cpus_0delay_npc-0 139959575811904
read_file 1567613162.604006 1567613162.6062372 bigbrain_2307_0_1388.nii 139803117004608
increment_file 1567613162.6064687 1567613165.9666493 bigbrain_2307_0_1388.nii 139803117004608
write_file 1567613166.0095537 1567613169.130782 inc-bigbrain_2307_0_1388.nii 139803117004608
task_duration 1567613162.6014924 1567613169.1455638 tmpfs_1it_96cpus_0delay_npc-0 139803117004608
read_file 1567613162.856126 1567613162.861296 bigbrain_1538_603_2082.nii 140405240256320
increment_file 1567613162.8623772 1567613165.0813448 bigbrain_1538_603_2082.nii 140405240256320
write_file 1567613165.12335 1567613167.1122556 inc-bigbrain_1538_603_2082.nii 140405240256320
task_duration 1567613162.850336 1567613167.1283667 tmpfs_1it_96cpus_0delay_npc-0 140405240256320
read_file 1567613162.5362077 1567613162.537839 bigbrain_1538_1206_694.nii 140145075894080
increment_file 1567613162.538022 1567613164.2916903 bigbrain_1538_1206_694.nii 140145075894080
write_file 1567613164.3607843 1567613166.4551084 inc-bigbrain_1538_1206_694.nii 140145075894080
task_duration 1567613162.5327933 1567613166.4688945 tmpfs_1it_96cpus_0delay_npc-0 140145075894080
read_file 1567613162.5552135 1567613162.5575452 bigbrain_1538_1809_1388.nii 140523812054848
increment_file 1567613162.5577445 1567613164.3782227 bigbrain_1538_1809_1388.nii 140523812054848
write_file 1567613164.4380713 1567613166.5333538 inc-bigbrain_1538_1809_1388.nii 140523812054848
task_duration 1567613162.5521743 1567613166.546849 tmpfs_1it_96cpus_0delay_npc-0 140523812054848
read_file 1567613162.5291867 1567613162.530755 bigbrain_1538_2412_694.nii 140708612642624
increment_file 1567613162.5309541 1567613164.2645788 bigbrain_1538_2412_694.nii 140708612642624
write_file 1567613164.323315 1567613166.4360743 inc-bigbrain_1538_2412_694.nii 140708612642624
task_duration 1567613162.5272863 1567613166.4501176 tmpfs_1it_96cpus_0delay_npc-0 140708612642624
read_file 1567613162.4364955 1567613162.4379292 bigbrain_1538_0_694.nii 140324666885952
increment_file 1567613162.4381044 1567613163.8672538 bigbrain_1538_0_694.nii 140324666885952
write_file 1567613163.939448 1567613166.1641157 inc-bigbrain_1538_0_694.nii 140324666885952
task_duration 1567613162.4320486 1567613166.1760914 tmpfs_1it_96cpus_0delay_npc-0 140324666885952
read_file 1567613162.578937 1567613162.580377 bigbrain_1538_1809_0.nii 139766418454336
increment_file 1567613162.580571 1567613166.0345507 bigbrain_1538_1809_0.nii 139766418454336
write_file 1567613166.0933065 1567613169.1599524 inc-bigbrain_1538_1809_0.nii 139766418454336
task_duration 1567613162.5761309 1567613169.175118 tmpfs_1it_96cpus_0delay_npc-0 139766418454336
read_file 1567613162.672565 1567613162.674311 bigbrain_2307_1206_2776.nii 139707869075264
increment_file 1567613162.674544 1567613166.2363214 bigbrain_2307_1206_2776.nii 139707869075264
write_file 1567613166.310637 1567613168.6760244 inc-bigbrain_2307_1206_2776.nii 139707869075264
task_duration 1567613162.6705012 1567613168.687008 tmpfs_1it_96cpus_0delay_npc-0 139707869075264
read_file 1567613162.5922565 1567613162.5941927 bigbrain_2307_0_0.nii 139843772806976
increment_file 1567613162.5944254 1567613164.502909 bigbrain_2307_0_0.nii 139843772806976
write_file 1567613164.550852 1567613166.7434685 inc-bigbrain_2307_0_0.nii 139843772806976
task_duration 1567613162.5900137 1567613166.7543104 tmpfs_1it_96cpus_0delay_npc-0 139843772806976
read_file 1567613162.6125865 1567613162.6145122 bigbrain_1538_2412_2776.nii 140089452226368
increment_file 1567613162.6147819 1567613164.5684965 bigbrain_1538_2412_2776.nii 140089452226368
write_file 1567613164.620199 1567613166.711304 inc-bigbrain_1538_2412_2776.nii 140089452226368
task_duration 1567613162.6103277 1567613166.7221644 tmpfs_1it_96cpus_0delay_npc-0 140089452226368
read_file 1567613162.5100675 1567613162.5115762 bigbrain_1538_1809_2776.nii 139712990160704
increment_file 1567613162.5117693 1567613164.2716181 bigbrain_1538_1809_2776.nii 139712990160704
write_file 1567613164.338926 1567613166.4644034 inc-bigbrain_1538_1809_2776.nii 139712990160704
task_duration 1567613162.5081518 1567613166.47697 tmpfs_1it_96cpus_0delay_npc-0 139712990160704
read_file 1567613162.4365017 1567613162.4379468 bigbrain_1538_1809_2082.nii 139735855179584
increment_file 1567613162.4381082 1567613163.9988165 bigbrain_1538_1809_2082.nii 139735855179584
write_file 1567613164.0493882 1567613166.116949 inc-bigbrain_1538_1809_2082.nii 139735855179584
task_duration 1567613162.4319367 1567613166.1310582 tmpfs_1it_96cpus_0delay_npc-0 139735855179584
read_file 1567613162.6189208 1567613162.6209621 bigbrain_1538_1809_694.nii 140598841009984
increment_file 1567613162.6211772 1567613166.131775 bigbrain_1538_1809_694.nii 140598841009984
write_file 1567613166.178279 1567613169.1931572 inc-bigbrain_1538_1809_694.nii 140598841009984
task_duration 1567613162.6152053 1567613169.2049575 tmpfs_1it_96cpus_0delay_npc-0 140598841009984
read_file 1567613162.5399072 1567613162.5413694 bigbrain_1538_2412_2082.nii 140009941870400
increment_file 1567613162.5415306 1567613165.8544085 bigbrain_1538_2412_2082.nii 140009941870400
write_file 1567613165.9195924 1567613169.0229275 inc-bigbrain_1538_2412_2082.nii 140009941870400
task_duration 1567613162.538009 1567613169.040172 tmpfs_1it_96cpus_0delay_npc-0 140009941870400
read_file 1567613162.6989067 1567613162.7009213 bigbrain_2307_0_694.nii 140373851027264
increment_file 1567613162.7011473 1567613166.2966645 bigbrain_2307_0_694.nii 140373851027264
write_file 1567613166.3691428 1567613169.3267388 inc-bigbrain_2307_0_694.nii 140373851027264
task_duration 1567613162.695395 1567613169.3376863 tmpfs_1it_96cpus_0delay_npc-0 140373851027264
read_file 1567613162.4914005 1567613162.4932983 bigbrain_1538_0_2776.nii 140344166799168
increment_file 1567613162.4935057 1567613164.1072128 bigbrain_1538_0_2776.nii 140344166799168
write_file 1567613164.1674123 1567613166.2797923 inc-bigbrain_1538_0_2776.nii 140344166799168
task_duration 1567613162.4889402 1567613166.2938128 tmpfs_1it_96cpus_0delay_npc-0 140344166799168
read_file 1567613162.5297241 1567613162.5310535 bigbrain_1538_2412_1388.nii 140313432524608
increment_file 1567613162.531201 1567613165.7147117 bigbrain_1538_2412_1388.nii 140313432524608
write_file 1567613165.7640736 1567613168.9518073 inc-bigbrain_1538_2412_1388.nii 140313432524608
task_duration 1567613162.5280561 1567613168.9683616 tmpfs_1it_96cpus_0delay_npc-0 140313432524608
read_file 1567613162.5417426 1567613162.5436254 bigbrain_1538_1206_0.nii 140622746138432
increment_file 1567613162.5438514 1567613164.4221845 bigbrain_1538_1206_0.nii 140622746138432
write_file 1567613164.485309 1567613166.6351314 inc-bigbrain_1538_1206_0.nii 140622746138432
task_duration 1567613162.5394778 1567613166.6461134 tmpfs_1it_96cpus_0delay_npc-0 140622746138432
