read_file 1567610965.3632312 1567610965.3650997 bigbrain_769_603_694.nii 140562688984896
increment_file 1567610965.3653855 1567610965.9522579 bigbrain_769_603_694.nii 140562688984896
write_file 1567610965.9627988 1567610966.4912612 inc-bigbrain_769_603_694.nii 140562688984896
task_duration 1567611085.3601573 1567611206.5953975 tmpfs_1it_25cpus_60delay_withpc-0 140562688984896
read_file 1567610965.3604906 1567610965.3622768 bigbrain_769_603_1388.nii 140431342524224
increment_file 1567610965.3625696 1567610966.034241 bigbrain_769_603_1388.nii 140431342524224
write_file 1567610966.0441651 1567610966.6592875 inc-bigbrain_769_603_1388.nii 140431342524224
task_duration 1567611085.3573992 1567611206.7649553 tmpfs_1it_25cpus_60delay_withpc-0 140431342524224
read_file 1567610965.3576972 1567610965.3592143 bigbrain_769_2412_2082.nii 140223607510848
increment_file 1567610965.3594592 1567610965.9446278 bigbrain_769_2412_2082.nii 140223607510848
write_file 1567610965.9553547 1567610966.4944754 inc-bigbrain_769_2412_2082.nii 140223607510848
task_duration 1567611085.355771 1567611206.5696115 tmpfs_1it_25cpus_60delay_withpc-0 140223607510848
read_file 1567610965.3572443 1567610965.358705 bigbrain_769_603_2776.nii 139940236437312
increment_file 1567610965.3589516 1567610965.9564908 bigbrain_769_603_2776.nii 139940236437312
write_file 1567610965.9668558 1567610966.494858 inc-bigbrain_769_603_2776.nii 139940236437312
task_duration 1567611085.3553 1567611206.5974898 tmpfs_1it_25cpus_60delay_withpc-0 139940236437312
read_file 1567610965.3552678 1567610965.3565886 bigbrain_769_603_2082.nii 140703409952576
increment_file 1567610965.3568165 1567610965.9458718 bigbrain_769_603_2082.nii 140703409952576
write_file 1567610965.9563677 1567610966.4842806 inc-bigbrain_769_603_2082.nii 140703409952576
task_duration 1567611085.3527372 1567611206.5077965 tmpfs_1it_25cpus_60delay_withpc-0 140703409952576
read_file 1567610965.351782 1567610965.3541465 bigbrain_769_2412_1388.nii 140710776432448
increment_file 1567610965.3545527 1567610965.9409497 bigbrain_769_2412_1388.nii 140710776432448
write_file 1567610965.9519103 1567610966.4897053 inc-bigbrain_769_2412_1388.nii 140710776432448
task_duration 1567611085.3484108 1567611206.5944242 tmpfs_1it_25cpus_60delay_withpc-0 140710776432448
read_file 1567610965.350737 1567610965.3522553 bigbrain_769_603_0.nii 139772168890176
increment_file 1567610965.3524997 1567610966.0343387 bigbrain_769_603_0.nii 139772168890176
write_file 1567610966.044142 1567610966.6476812 inc-bigbrain_769_603_0.nii 139772168890176
task_duration 1567611085.348042 1567611206.7527418 tmpfs_1it_25cpus_60delay_withpc-0 139772168890176
read_file 1567610965.3401232 1567610965.341997 bigbrain_769_2412_2776.nii 139657799124800
increment_file 1567610965.3422651 1567610966.0576284 bigbrain_769_2412_2776.nii 139657799124800
write_file 1567610966.0675385 1567610966.6761124 inc-bigbrain_769_2412_2776.nii 139657799124800
task_duration 1567611085.336703 1567611206.7808428 tmpfs_1it_25cpus_60delay_withpc-0 139657799124800
read_file 1567610965.3344831 1567610965.3355772 bigbrain_769_2412_0.nii 140531703846720
increment_file 1567610965.3358119 1567610965.907504 bigbrain_769_2412_0.nii 140531703846720
write_file 1567610965.9186168 1567610966.4447348 inc-bigbrain_769_2412_0.nii 140531703846720
task_duration 1567611085.3315742 1567611206.5493655 tmpfs_1it_25cpus_60delay_withpc-0 140531703846720
read_file 1567610965.3311553 1567610965.332497 bigbrain_769_2412_694.nii 140035032311616
increment_file 1567610965.332866 1567610966.0350614 bigbrain_769_2412_694.nii 140035032311616
write_file 1567610966.0447533 1567610966.6482074 inc-bigbrain_769_2412_694.nii 140035032311616
task_duration 1567611085.3287094 1567611206.7528408 tmpfs_1it_25cpus_60delay_withpc-0 140035032311616
read_file 1567610965.3242486 1567610965.3253677 bigbrain_769_1809_694.nii 140141681276736
increment_file 1567610965.3256128 1567610965.9200802 bigbrain_769_1809_694.nii 140141681276736
write_file 1567610965.9305768 1567610966.4587493 inc-bigbrain_769_1809_694.nii 140141681276736
task_duration 1567611085.3211634 1567611206.5331368 tmpfs_1it_25cpus_60delay_withpc-0 140141681276736
read_file 1567610965.3175197 1567610965.3197901 bigbrain_769_1809_2776.nii 139846846195520
increment_file 1567610965.3201804 1567610966.0417066 bigbrain_769_1809_2776.nii 139846846195520
write_file 1567610966.0516822 1567610966.6621778 inc-bigbrain_769_1809_2776.nii 139846846195520
task_duration 1567611085.3144455 1567611206.7125597 tmpfs_1it_25cpus_60delay_withpc-0 139846846195520
read_file 1567610965.288353 1567610965.290388 bigbrain_769_1809_2082.nii 139818518120256
increment_file 1567610965.2906182 1567610965.9977853 bigbrain_769_1809_2082.nii 139818518120256
write_file 1567610966.0078778 1567610966.6162658 inc-bigbrain_769_1809_2082.nii 139818518120256
task_duration 1567611085.28509 1567611206.7237506 tmpfs_1it_25cpus_60delay_withpc-0 139818518120256
read_file 1567610965.1948416 1567610965.19673 bigbrain_769_1809_1388.nii 140183835400000
increment_file 1567610965.1970103 1567610965.8608453 bigbrain_769_1809_1388.nii 140183835400000
write_file 1567610965.872009 1567610966.508522 inc-bigbrain_769_1809_1388.nii 140183835400000
task_duration 1567611085.1921122 1567611206.5827632 tmpfs_1it_25cpus_60delay_withpc-0 140183835400000
read_file 1567610965.1858594 1567610965.1880195 bigbrain_769_1809_0.nii 139819435579200
increment_file 1567610965.1883514 1567610965.8481948 bigbrain_769_1809_0.nii 139819435579200
write_file 1567610965.8590353 1567610966.4945145 inc-bigbrain_769_1809_0.nii 139819435579200
task_duration 1567611085.1828778 1567611206.6043682 tmpfs_1it_25cpus_60delay_withpc-0 139819435579200
read_file 1567610965.0014238 1567610965.0027068 bigbrain_769_1206_694.nii 140023422441280
increment_file 1567610965.0029635 1567610965.5146213 bigbrain_769_1206_694.nii 140023422441280
write_file 1567610965.5262506 1567610965.9968498 inc-bigbrain_769_1206_694.nii 140023422441280
task_duration 1567611084.9995005 1567611206.1096668 tmpfs_1it_25cpus_60delay_withpc-0 140023422441280
read_file 1567610964.744145 1567610964.745281 bigbrain_769_1206_2776.nii 140591842568000
increment_file 1567610964.7454908 1567610965.1855195 bigbrain_769_1206_2776.nii 140591842568000
write_file 1567610965.1949725 1567610965.8396566 inc-bigbrain_769_1206_2776.nii 140591842568000
task_duration 1567611084.7409904 1567611205.9539135 tmpfs_1it_25cpus_60delay_withpc-0 140591842568000
read_file 1567610964.1683984 1567610964.1707227 bigbrain_769_1206_2082.nii 140298180593472
increment_file 1567610964.1711383 1567610964.6197999 bigbrain_769_1206_2082.nii 140298180593472
write_file 1567610964.6295037 1567610965.071588 inc-bigbrain_769_1206_2082.nii 140298180593472
task_duration 1567611084.1651714 1567611205.1821036 tmpfs_1it_25cpus_60delay_withpc-0 140298180593472
read_file 1567610964.152778 1567610964.1542203 bigbrain_769_1206_1388.nii 139768458405696
increment_file 1567610964.1545026 1567610964.595309 bigbrain_769_1206_1388.nii 139768458405696
write_file 1567610964.604898 1567610965.0474272 inc-bigbrain_769_1206_1388.nii 139768458405696
task_duration 1567611084.1508641 1567611205.157846 tmpfs_1it_25cpus_60delay_withpc-0 139768458405696
read_file 1567610963.6374526 1567610963.6395192 bigbrain_769_1206_0.nii 140016266942272
increment_file 1567610963.639816 1567610964.0729346 bigbrain_769_1206_0.nii 140016266942272
write_file 1567610964.0823758 1567610964.5179496 inc-bigbrain_769_1206_0.nii 140016266942272
task_duration 1567611083.6347735 1567611204.6262498 tmpfs_1it_25cpus_60delay_withpc-0 140016266942272
read_file 1567610963.3872712 1567610963.3892126 bigbrain_769_0_694.nii 140689706166080
increment_file 1567610963.389547 1567610963.8632693 bigbrain_769_0_694.nii 140689706166080
write_file 1567610963.8731637 1567610964.3050163 inc-bigbrain_769_0_694.nii 140689706166080
task_duration 1567611083.3845916 1567611204.413661 tmpfs_1it_25cpus_60delay_withpc-0 140689706166080
read_file 1567610961.4272215 1567610961.4284766 bigbrain_769_0_2776.nii 140515401561920
increment_file 1567610961.4289904 1567610961.9517093 bigbrain_769_0_2776.nii 140515401561920
write_file 1567610961.9610183 1567610962.3962448 inc-bigbrain_769_0_2776.nii 140515401561920
task_duration 1567611081.4252183 1567611202.478584 tmpfs_1it_25cpus_60delay_withpc-0 140515401561920
read_file 1567610838.7267275 1567610838.7282555 bigbrain_769_0_2082.nii 140161712219968
increment_file 1567610838.7286606 1567610839.4914186 bigbrain_769_0_2082.nii 140161712219968
write_file 1567610839.5015268 1567610840.063656 inc-bigbrain_769_0_2082.nii 140161712219968
task_duration 1567610958.7249632 1567611080.166337 tmpfs_1it_25cpus_60delay_withpc-0 140161712219968
read_file 1567610838.6620808 1567610838.6636436 bigbrain_769_0_1388.nii 139966050985792
increment_file 1567610838.6639962 1567610839.3701246 bigbrain_769_0_1388.nii 139966050985792
write_file 1567610839.3809695 1567610839.9956043 inc-bigbrain_769_0_1388.nii 139966050985792
task_duration 1567610958.6588752 1567611080.1042593 tmpfs_1it_25cpus_60delay_withpc-0 139966050985792
read_file 1567610838.6569197 1567610838.6584868 bigbrain_3076_603_694.nii 140666044065600
increment_file 1567610838.6588154 1567610839.4297564 bigbrain_3076_603_694.nii 140666044065600
write_file 1567610839.4401734 1567610840.0169616 inc-bigbrain_3076_603_694.nii 140666044065600
task_duration 1567610958.654043 1567611080.1195598 tmpfs_1it_25cpus_60delay_withpc-0 140666044065600
read_file 1567610838.6551507 1567610838.6568067 bigbrain_769_0_0.nii 139701558241088
increment_file 1567610838.657175 1567610839.3327537 bigbrain_769_0_0.nii 139701558241088
write_file 1567610839.344015 1567610839.9683387 inc-bigbrain_769_0_0.nii 139701558241088
task_duration 1567610958.65336 1567611080.075544 tmpfs_1it_25cpus_60delay_withpc-0 139701558241088
read_file 1567610838.652216 1567610838.6536238 bigbrain_3076_603_2776.nii 140487719999296
increment_file 1567610838.6539807 1567610839.3489957 bigbrain_3076_603_2776.nii 140487719999296
write_file 1567610839.3602011 1567610839.984861 inc-bigbrain_3076_603_2776.nii 140487719999296
task_duration 1567610958.6488125 1567611080.0887227 tmpfs_1it_25cpus_60delay_withpc-0 140487719999296
read_file 1567610838.641471 1567610838.6435266 bigbrain_3076_603_0.nii 139859781023552
increment_file 1567610838.6439462 1567610839.4307084 bigbrain_3076_603_0.nii 139859781023552
write_file 1567610839.4408817 1567610840.01503 inc-bigbrain_3076_603_0.nii 139859781023552
task_duration 1567610958.6389003 1567611080.0522099 tmpfs_1it_25cpus_60delay_withpc-0 139859781023552
read_file 1567610838.6363924 1567610838.6383429 bigbrain_3076_603_1388.nii 140684269811520
increment_file 1567610838.6387384 1567610839.2914987 bigbrain_3076_603_1388.nii 140684269811520
write_file 1567610839.3029737 1567610839.9373925 inc-bigbrain_3076_603_1388.nii 140684269811520
task_duration 1567610958.6341023 1567611080.0421698 tmpfs_1it_25cpus_60delay_withpc-0 140684269811520
read_file 1567610838.633087 1567610838.634683 bigbrain_3076_2412_1388.nii 139825203304256
increment_file 1567610838.6351058 1567610839.330848 bigbrain_3076_2412_1388.nii 139825203304256
write_file 1567610839.3426125 1567610840.013603 inc-bigbrain_3076_2412_1388.nii 139825203304256
task_duration 1567610958.630576 1567611080.1182308 tmpfs_1it_25cpus_60delay_withpc-0 139825203304256
read_file 1567610838.627406 1567610838.629366 bigbrain_3076_603_2082.nii 140540993492800
increment_file 1567610838.6297266 1567610839.3032482 bigbrain_3076_603_2082.nii 140540993492800
write_file 1567610839.3144424 1567610839.952127 inc-bigbrain_3076_603_2082.nii 140540993492800
task_duration 1567610958.6248667 1567611080.0119598 tmpfs_1it_25cpus_60delay_withpc-0 140540993492800
read_file 1567610838.624927 1567610838.6266363 bigbrain_3076_2412_694.nii 140066228852544
increment_file 1567610838.6269855 1567610839.31652 bigbrain_3076_2412_694.nii 140066228852544
write_file 1567610839.3280091 1567610839.9668825 inc-bigbrain_3076_2412_694.nii 140066228852544
task_duration 1567610958.622962 1567611079.9727166 tmpfs_1it_25cpus_60delay_withpc-0 140066228852544
read_file 1567610838.6149797 1567610838.61657 bigbrain_3076_2412_0.nii 140292256020288
increment_file 1567610838.6168864 1567610839.2751083 bigbrain_3076_2412_0.nii 140292256020288
write_file 1567610839.2870033 1567610839.9140675 inc-bigbrain_3076_2412_0.nii 140292256020288
task_duration 1567610958.6130202 1567611080.0180051 tmpfs_1it_25cpus_60delay_withpc-0 140292256020288
read_file 1567610838.6122546 1567610838.6137903 bigbrain_3076_1809_2082.nii 140398774404928
increment_file 1567610838.6141076 1567610839.2844286 bigbrain_3076_1809_2082.nii 140398774404928
write_file 1567610839.2965236 1567610839.9308538 inc-bigbrain_3076_1809_2082.nii 140398774404928
task_duration 1567610958.60906 1567611080.0342877 tmpfs_1it_25cpus_60delay_withpc-0 140398774404928
read_file 1567610838.6045296 1567610838.6061575 bigbrain_3076_1809_694.nii 140347658843968
increment_file 1567610838.6064732 1567610839.2972503 bigbrain_3076_1809_694.nii 140347658843968
write_file 1567610839.3087964 1567610839.9877236 inc-bigbrain_3076_1809_694.nii 140347658843968
task_duration 1567610958.602677 1567611080.0928485 tmpfs_1it_25cpus_60delay_withpc-0 140347658843968
read_file 1567610838.597948 1567610838.5993805 bigbrain_3076_2412_2082.nii 140683646195520
increment_file 1567610838.5996583 1567610839.364129 bigbrain_3076_2412_2082.nii 140683646195520
write_file 1567610839.3749096 1567610839.9585752 inc-bigbrain_3076_2412_2082.nii 140683646195520
task_duration 1567610958.59607 1567611080.0631795 tmpfs_1it_25cpus_60delay_withpc-0 140683646195520
read_file 1567610838.5928202 1567610838.5940614 bigbrain_3076_2412_2776.nii 140058131814208
increment_file 1567610838.5943162 1567610839.2761793 bigbrain_3076_2412_2776.nii 140058131814208
write_file 1567610839.2879422 1567610839.928984 inc-bigbrain_3076_2412_2776.nii 140058131814208
task_duration 1567610958.590537 1567611080.0329194 tmpfs_1it_25cpus_60delay_withpc-0 140058131814208
read_file 1567610838.5832868 1567610838.585789 bigbrain_3076_1809_2776.nii 140108431075136
increment_file 1567610838.586185 1567610839.341194 bigbrain_3076_1809_2776.nii 140108431075136
write_file 1567610839.3525488 1567610839.942793 inc-bigbrain_3076_1809_2776.nii 140108431075136
task_duration 1567610958.579984 1567611080.0472145 tmpfs_1it_25cpus_60delay_withpc-0 140108431075136
read_file 1567610838.5314145 1567610838.5326002 bigbrain_3076_1809_1388.nii 140201930495808
increment_file 1567610838.5328958 1567610839.1825244 bigbrain_3076_1809_1388.nii 140201930495808
write_file 1567610839.194905 1567610839.8162394 inc-bigbrain_3076_1809_1388.nii 140201930495808
task_duration 1567610958.529344 1567611079.9208376 tmpfs_1it_25cpus_60delay_withpc-0 140201930495808
read_file 1567610838.4744923 1567610838.476272 bigbrain_3076_1206_694.nii 140332792244032
increment_file 1567610838.4765854 1567610839.107951 bigbrain_3076_1206_694.nii 140332792244032
write_file 1567610839.121902 1567610839.715898 inc-bigbrain_3076_1206_694.nii 140332792244032
task_duration 1567610958.4721704 1567611079.8224607 tmpfs_1it_25cpus_60delay_withpc-0 140332792244032
read_file 1567610838.4662354 1567610838.4675834 bigbrain_3076_1809_0.nii 140209977845568
increment_file 1567610838.4678535 1567610839.1934144 bigbrain_3076_1809_0.nii 140209977845568
write_file 1567610839.205409 1567610839.8272438 inc-bigbrain_3076_1809_0.nii 140209977845568
task_duration 1567610958.464354 1567611079.9307852 tmpfs_1it_25cpus_60delay_withpc-0 140209977845568
read_file 1567610838.2370722 1567610838.2389834 bigbrain_3076_1206_2776.nii 139955463440192
increment_file 1567610838.2392492 1567610838.7496874 bigbrain_3076_1206_2776.nii 139955463440192
write_file 1567610838.7622738 1567610839.2715027 inc-bigbrain_3076_1206_2776.nii 139955463440192
task_duration 1567610958.2337775 1567611079.3772612 tmpfs_1it_25cpus_60delay_withpc-0 139955463440192
read_file 1567610838.2146297 1567610838.2163985 bigbrain_3076_1206_2082.nii 140252363335488
increment_file 1567610838.216702 1567610838.7589161 bigbrain_3076_1206_2082.nii 140252363335488
write_file 1567610838.772416 1567610839.553129 inc-bigbrain_3076_1206_2082.nii 140252363335488
task_duration 1567610958.2123797 1567611079.6555502 tmpfs_1it_25cpus_60delay_withpc-0 140252363335488
read_file 1567610838.0884135 1567610838.0901577 bigbrain_3076_1206_1388.nii 140118529300288
increment_file 1567610838.0904331 1567610838.5837824 bigbrain_3076_1206_1388.nii 140118529300288
write_file 1567610838.594375 1567610839.4399042 inc-bigbrain_3076_1206_1388.nii 140118529300288
task_duration 1567610958.0848596 1567611079.4538755 tmpfs_1it_25cpus_60delay_withpc-0 140118529300288
read_file 1567610838.0378823 1567610838.0395415 bigbrain_3076_1206_0.nii 139697467008832
increment_file 1567610838.0397666 1567610838.5268087 bigbrain_3076_1206_0.nii 139697467008832
write_file 1567610838.5367808 1567610839.369901 inc-bigbrain_3076_1206_0.nii 139697467008832
task_duration 1567610958.0346055 1567611079.475964 tmpfs_1it_25cpus_60delay_withpc-0 139697467008832
read_file 1567610837.9264295 1567610837.9277382 bigbrain_3076_0_694.nii 140246697449280
increment_file 1567610837.9279845 1567610838.4074488 bigbrain_3076_0_694.nii 140246697449280
write_file 1567610838.4175014 1567610839.1972408 inc-bigbrain_3076_0_694.nii 140246697449280
task_duration 1567610957.9232402 1567611079.3015094 tmpfs_1it_25cpus_60delay_withpc-0 140246697449280
read_file 1567610837.9239662 1567610837.9255264 bigbrain_3076_0_2776.nii 140164859258688
increment_file 1567610837.9261017 1567610838.4023728 bigbrain_3076_0_2776.nii 140164859258688
write_file 1567610838.4126694 1567610838.8873005 inc-bigbrain_3076_0_2776.nii 140164859258688
task_duration 1567610957.9202526 1567611078.993252 tmpfs_1it_25cpus_60delay_withpc-0 140164859258688
read_file 1567610710.4661603 1567610710.4677963 bigbrain_3076_0_2082.nii 139780460791616
increment_file 1567610710.4682457 1567610711.1077156 bigbrain_3076_0_2082.nii 139780460791616
write_file 1567610711.1190143 1567610711.6943755 inc-bigbrain_3076_0_2082.nii 139780460791616
task_duration 1567610830.464481 1567610951.800218 tmpfs_1it_25cpus_60delay_withpc-0 139780460791616
read_file 1567610710.406636 1567610710.408849 bigbrain_3076_0_1388.nii 140291419670336
increment_file 1567610710.4093916 1567610711.1760411 bigbrain_3076_0_1388.nii 140291419670336
write_file 1567610711.1871693 1567610711.830371 inc-bigbrain_3076_0_1388.nii 140291419670336
task_duration 1567610830.4044423 1567610951.9388595 tmpfs_1it_25cpus_60delay_withpc-0 140291419670336
read_file 1567610710.404878 1567610710.4071734 bigbrain_2307_603_694.nii 140054057043776
increment_file 1567610710.4076653 1567610711.0675716 bigbrain_2307_603_694.nii 140054057043776
write_file 1567610711.079174 1567610711.6617355 inc-bigbrain_2307_603_694.nii 140054057043776
task_duration 1567610830.402401 1567610951.7662446 tmpfs_1it_25cpus_60delay_withpc-0 140054057043776
read_file 1567610710.402816 1567610710.4043646 bigbrain_3076_0_0.nii 140318358316864
increment_file 1567610710.4046621 1567610711.0568073 bigbrain_3076_0_0.nii 140318358316864
write_file 1567610711.0689647 1567610711.6584983 inc-bigbrain_3076_0_0.nii 140318358316864
task_duration 1567610830.4008002 1567610951.766034 tmpfs_1it_25cpus_60delay_withpc-0 140318358316864
read_file 1567610710.4009178 1567610710.4024768 bigbrain_2307_603_2776.nii 140281512499008
increment_file 1567610710.4028475 1567610711.0662599 bigbrain_2307_603_2776.nii 140281512499008
write_file 1567610711.078059 1567610711.6674936 inc-bigbrain_2307_603_2776.nii 140281512499008
task_duration 1567610830.3989367 1567610951.7751908 tmpfs_1it_25cpus_60delay_withpc-0 140281512499008
read_file 1567610710.3981507 1567610710.4000196 bigbrain_2307_2412_1388.nii 140370697602880
increment_file 1567610710.4004493 1567610711.0604346 bigbrain_2307_2412_1388.nii 140370697602880
write_file 1567610711.0725126 1567610711.6622272 inc-bigbrain_2307_2412_1388.nii 140370697602880
task_duration 1567610830.3947995 1567610951.7694795 tmpfs_1it_25cpus_60delay_withpc-0 140370697602880
read_file 1567610710.3939788 1567610710.3956287 bigbrain_2307_603_1388.nii 140382692628288
increment_file 1567610710.3959885 1567610711.127563 bigbrain_2307_603_1388.nii 140382692628288
write_file 1567610711.1380038 1567610711.7928066 inc-bigbrain_2307_603_1388.nii 140382692628288
task_duration 1567610830.3918548 1567610951.8994145 tmpfs_1it_25cpus_60delay_withpc-0 140382692628288
read_file 1567610710.3891394 1567610710.390638 bigbrain_2307_603_2082.nii 139761463908160
increment_file 1567610710.3909926 1567610711.0367596 bigbrain_2307_603_2082.nii 139761463908160
write_file 1567610711.0492406 1567610711.6477382 inc-bigbrain_2307_603_2082.nii 139761463908160
task_duration 1567610830.3859255 1567610951.7553384 tmpfs_1it_25cpus_60delay_withpc-0 139761463908160
read_file 1567610710.3841887 1567610710.3857708 bigbrain_2307_2412_2776.nii 139917775222592
increment_file 1567610710.386068 1567610711.1552346 bigbrain_2307_2412_2776.nii 139917775222592
write_file 1567610711.1659937 1567610711.8120205 inc-bigbrain_2307_2412_2776.nii 139917775222592
task_duration 1567610830.3824496 1567610951.9203966 tmpfs_1it_25cpus_60delay_withpc-0 139917775222592
read_file 1567610710.374571 1567610710.3762088 bigbrain_2307_2412_2082.nii 140482721515328
increment_file 1567610710.3765237 1567610711.1364973 bigbrain_2307_2412_2082.nii 140482721515328
write_file 1567610711.1475327 1567610711.801464 inc-bigbrain_2307_2412_2082.nii 140482721515328
task_duration 1567610830.372726 1567610951.904786 tmpfs_1it_25cpus_60delay_withpc-0 140482721515328
read_file 1567610710.3741124 1567610710.3756886 bigbrain_2307_2412_694.nii 139902631593792
increment_file 1567610710.376038 1567610711.051106 bigbrain_2307_2412_694.nii 139902631593792
write_file 1567610711.0627193 1567610711.6530716 inc-bigbrain_2307_2412_694.nii 139902631593792
task_duration 1567610830.3721273 1567610951.7606215 tmpfs_1it_25cpus_60delay_withpc-0 139902631593792
read_file 1567610710.3696785 1567610710.3712766 bigbrain_2307_603_0.nii 140360627607360
increment_file 1567610710.3716178 1567610711.0381355 bigbrain_2307_603_0.nii 140360627607360
write_file 1567610711.0505877 1567610711.6354246 inc-bigbrain_2307_603_0.nii 140360627607360
task_duration 1567610830.3669386 1567610951.7424314 tmpfs_1it_25cpus_60delay_withpc-0 140360627607360
read_file 1567610710.267089 1567610710.2692163 bigbrain_2307_2412_0.nii 140308098639680
increment_file 1567610710.2695878 1567610711.0365345 bigbrain_2307_2412_0.nii 140308098639680
write_file 1567610711.0492756 1567610711.7279093 inc-bigbrain_2307_2412_0.nii 140308098639680
task_duration 1567610830.264361 1567610951.836229 tmpfs_1it_25cpus_60delay_withpc-0 140308098639680
read_file 1567610710.2489078 1567610710.2503011 bigbrain_2307_1809_2082.nii 140167641507648
increment_file 1567610710.2505982 1567610710.8848238 bigbrain_2307_1809_2082.nii 140167641507648
write_file 1567610710.8972955 1567610711.4956365 inc-bigbrain_2307_1809_2082.nii 140167641507648
task_duration 1567610830.2471552 1567610951.60247 tmpfs_1it_25cpus_60delay_withpc-0 140167641507648
read_file 1567610710.2378726 1567610710.2392375 bigbrain_2307_1809_1388.nii 140105595430720
increment_file 1567610710.2394814 1567610710.844627 bigbrain_2307_1809_1388.nii 140105595430720
write_file 1567610710.8565326 1567610711.458251 inc-bigbrain_2307_1809_1388.nii 140105595430720
task_duration 1567610830.2358556 1567610951.564997 tmpfs_1it_25cpus_60delay_withpc-0 140105595430720
read_file 1567610710.233841 1567610710.235984 bigbrain_2307_1809_2776.nii 139910282438464
increment_file 1567610710.236348 1567610710.847763 bigbrain_2307_1809_2776.nii 139910282438464
write_file 1567610710.859712 1567610711.4546814 inc-bigbrain_2307_1809_2776.nii 139910282438464
task_duration 1567610830.2308984 1567610951.561206 tmpfs_1it_25cpus_60delay_withpc-0 139910282438464
read_file 1567610710.2173703 1567610710.2196078 bigbrain_2307_1809_694.nii 139707967199040
increment_file 1567610710.219982 1567610710.9486873 bigbrain_2307_1809_694.nii 139707967199040
write_file 1567610710.9609957 1567610711.6746013 inc-bigbrain_2307_1809_694.nii 139707967199040
task_duration 1567610830.2143214 1567610951.7788854 tmpfs_1it_25cpus_60delay_withpc-0 139707967199040
read_file 1567610710.2148182 1567610710.2166264 bigbrain_2307_1809_0.nii 140078815807296
increment_file 1567610710.2169654 1567610710.9524877 bigbrain_2307_1809_0.nii 140078815807296
write_file 1567610710.96506 1567610711.6758053 inc-bigbrain_2307_1809_0.nii 140078815807296
task_duration 1567610830.2126057 1567610951.7747357 tmpfs_1it_25cpus_60delay_withpc-0 140078815807296
read_file 1567610710.200336 1567610710.2020664 bigbrain_2307_1206_2776.nii 139719173732160
increment_file 1567610710.2023542 1567610710.8315501 bigbrain_2307_1206_2776.nii 139719173732160
write_file 1567610710.8439887 1567610711.67336 inc-bigbrain_2307_1206_2776.nii 139719173732160
task_duration 1567610830.1981509 1567610951.7798264 tmpfs_1it_25cpus_60delay_withpc-0 139719173732160
read_file 1567610710.1756966 1567610710.177718 bigbrain_2307_1206_694.nii 139959532767040
increment_file 1567610710.178006 1567610710.779238 bigbrain_2307_1206_694.nii 139959532767040
write_file 1567610710.7932858 1567610711.3798978 inc-bigbrain_2307_1206_694.nii 139959532767040
task_duration 1567610830.1724114 1567610951.4869566 tmpfs_1it_25cpus_60delay_withpc-0 139959532767040
read_file 1567610710.142704 1567610710.144964 bigbrain_2307_1206_1388.nii 139699518666560
increment_file 1567610710.1453493 1567610710.7747703 bigbrain_2307_1206_1388.nii 139699518666560
write_file 1567610710.78839 1567610711.3787355 inc-bigbrain_2307_1206_1388.nii 139699518666560
task_duration 1567610830.1396632 1567610951.4864666 tmpfs_1it_25cpus_60delay_withpc-0 139699518666560
read_file 1567610710.1238697 1567610710.1256597 bigbrain_2307_1206_0.nii 140021262518080
increment_file 1567610710.1259806 1567610710.8250384 bigbrain_2307_1206_0.nii 140021262518080
write_file 1567610710.837787 1567610711.6000164 inc-bigbrain_2307_1206_0.nii 140021262518080
task_duration 1567610830.12141 1567610951.7039933 tmpfs_1it_25cpus_60delay_withpc-0 140021262518080
read_file 1567610710.1191483 1567610710.1204412 bigbrain_2307_0_2776.nii 140379474282304
increment_file 1567610710.1206584 1567610710.8099859 bigbrain_2307_0_2776.nii 140379474282304
write_file 1567610710.8219547 1567610711.5890524 inc-bigbrain_2307_0_2776.nii 140379474282304
task_duration 1567610830.1159194 1567610951.6956956 tmpfs_1it_25cpus_60delay_withpc-0 140379474282304
read_file 1567610710.1099358 1567610710.1112318 bigbrain_2307_1206_2082.nii 140695548360512
increment_file 1567610710.1114547 1567610710.839303 bigbrain_2307_1206_2082.nii 140695548360512
write_file 1567610710.8521533 1567610711.6133864 inc-bigbrain_2307_1206_2082.nii 140695548360512
task_duration 1567610830.1071005 1567610951.6245873 tmpfs_1it_25cpus_60delay_withpc-0 140695548360512
read_file 1567610710.1053116 1567610710.1074119 bigbrain_2307_0_694.nii 140439584388928
increment_file 1567610710.1077468 1567610710.8281612 bigbrain_2307_0_694.nii 140439584388928
write_file 1567610710.841154 1567610711.5949543 inc-bigbrain_2307_0_694.nii 140439584388928
task_duration 1567610830.1022327 1567610951.6952274 tmpfs_1it_25cpus_60delay_withpc-0 140439584388928
read_file 1567610581.831192 1567610581.8328242 bigbrain_1538_2412_2776.nii 139935599155008
increment_file 1567610581.8331313 1567610582.557999 bigbrain_1538_2412_2776.nii 139935599155008
write_file 1567610582.569393 1567610583.238121 inc-bigbrain_1538_2412_2776.nii 139935599155008
task_duration 1567610701.8289614 1567610823.3451881 tmpfs_1it_25cpus_60delay_withpc-0 139935599155008
read_file 1567610581.8310483 1567610581.8327825 bigbrain_1538_1809_694.nii 139712924874560
increment_file 1567610581.8330774 1567610582.638507 bigbrain_1538_1809_694.nii 139712924874560
write_file 1567610582.6497424 1567610583.4695232 inc-bigbrain_1538_1809_694.nii 139712924874560
task_duration 1567610701.8289092 1567610823.5761895 tmpfs_1it_25cpus_60delay_withpc-0 139712924874560
read_file 1567610581.8302324 1567610581.8319848 bigbrain_1538_1206_0.nii 140678549165888
increment_file 1567610581.832271 1567610582.750633 bigbrain_1538_1206_0.nii 140678549165888
write_file 1567610582.7611253 1567610583.4643471 inc-bigbrain_1538_1206_0.nii 140678549165888
task_duration 1567610701.8280187 1567610823.5713367 tmpfs_1it_25cpus_60delay_withpc-0 140678549165888
read_file 1567610581.8297675 1567610581.831219 bigbrain_1538_1206_694.nii 140587607914304
increment_file 1567610581.8314462 1567610582.5145915 bigbrain_1538_1206_694.nii 140587607914304
write_file 1567610582.5282288 1567610583.205519 inc-bigbrain_1538_1206_694.nii 140587607914304
task_duration 1567610701.8276606 1567610823.3126864 tmpfs_1it_25cpus_60delay_withpc-0 140587607914304
read_file 1567610581.8289673 1567610581.830428 bigbrain_1538_1206_2776.nii 140404786878272
increment_file 1567610581.8306255 1567610582.501583 bigbrain_1538_1206_2776.nii 140404786878272
write_file 1567610582.515381 1567610583.2802296 inc-bigbrain_1538_1206_2776.nii 140404786878272
task_duration 1567610701.8265553 1567610823.3850815 tmpfs_1it_25cpus_60delay_withpc-0 140404786878272
read_file 1567610581.8285837 1567610581.830016 bigbrain_1538_2412_1388.nii 140502782428992
increment_file 1567610581.8302968 1567610582.550062 bigbrain_1538_2412_1388.nii 140502782428992
write_file 1567610582.5617301 1567610583.2388601 inc-bigbrain_1538_2412_1388.nii 140502782428992
task_duration 1567610701.8256218 1567610823.3462675 tmpfs_1it_25cpus_60delay_withpc-0 140502782428992
read_file 1567610581.8276129 1567610581.8291006 bigbrain_1538_2412_694.nii 139824388532032
increment_file 1567610581.829313 1567610582.4974155 bigbrain_1538_2412_694.nii 139824388532032
write_file 1567610582.5109808 1567610583.1899707 inc-bigbrain_1538_2412_694.nii 139824388532032
task_duration 1567610701.82443 1567610823.296034 tmpfs_1it_25cpus_60delay_withpc-0 139824388532032
read_file 1567610581.8272905 1567610581.8285565 bigbrain_1538_603_1388.nii 139851090978624
increment_file 1567610581.8287733 1567610582.7209723 bigbrain_1538_603_1388.nii 139851090978624
write_file 1567610582.7316768 1567610583.4457743 inc-bigbrain_1538_603_1388.nii 139851090978624
task_duration 1567610701.824605 1567610823.5526104 tmpfs_1it_25cpus_60delay_withpc-0 139851090978624
read_file 1567610581.8255134 1567610581.8279164 bigbrain_1538_2412_0.nii 140113977861952
increment_file 1567610581.8283398 1567610582.7437792 bigbrain_1538_2412_0.nii 140113977861952
write_file 1567610582.7552965 1567610583.4661665 inc-bigbrain_1538_2412_0.nii 140113977861952
task_duration 1567610701.820655 1567610823.5729809 tmpfs_1it_25cpus_60delay_withpc-0 140113977861952
read_file 1567610581.8251305 1567610581.8273146 bigbrain_2307_0_1388.nii 139940260923200
increment_file 1567610581.8277085 1567610582.5623329 bigbrain_2307_0_1388.nii 139940260923200
write_file 1567610582.5736933 1567610583.2415106 inc-bigbrain_2307_0_1388.nii 139940260923200
task_duration 1567610701.8210576 1567610823.3476748 tmpfs_1it_25cpus_60delay_withpc-0 139940260923200
read_file 1567610581.8250976 1567610581.8271325 bigbrain_1538_1809_0.nii 140225632831296
increment_file 1567610581.8275838 1567610582.7484841 bigbrain_1538_1809_0.nii 140225632831296
write_file 1567610582.7603796 1567610583.4690542 inc-bigbrain_1538_1809_0.nii 140225632831296
task_duration 1567610701.8204932 1567610823.5738473 tmpfs_1it_25cpus_60delay_withpc-0 140225632831296
read_file 1567610581.8250966 1567610581.8270507 bigbrain_1538_2412_2082.nii 140087711692608
increment_file 1567610581.8275378 1567610582.7085724 bigbrain_1538_2412_2082.nii 140087711692608
write_file 1567610582.7192352 1567610583.424142 inc-bigbrain_1538_2412_2082.nii 140087711692608
task_duration 1567610701.8206053 1567610823.5287375 tmpfs_1it_25cpus_60delay_withpc-0 140087711692608
read_file 1567610581.8250496 1567610581.8270464 bigbrain_1538_1206_2082.nii 140180233639744
increment_file 1567610581.827488 1567610582.7247312 bigbrain_1538_1206_2082.nii 140180233639744
write_file 1567610582.7355087 1567610583.442552 inc-bigbrain_1538_1206_2082.nii 140180233639744
task_duration 1567610701.8204927 1567610823.5430844 tmpfs_1it_25cpus_60delay_withpc-0 140180233639744
read_file 1567610581.8251123 1567610581.8270407 bigbrain_1538_0_2776.nii 140038345393984
increment_file 1567610581.8274477 1567610582.7260804 bigbrain_1538_0_2776.nii 140038345393984
write_file 1567610582.7370656 1567610583.44576 inc-bigbrain_1538_0_2776.nii 140038345393984
task_duration 1567610701.8204637 1567610823.5533502 tmpfs_1it_25cpus_60delay_withpc-0 140038345393984
read_file 1567610581.8250196 1567610581.827023 bigbrain_1538_603_2776.nii 140097699882816
increment_file 1567610581.8273816 1567610582.72999 bigbrain_1538_603_2776.nii 140097699882816
write_file 1567610582.7411828 1567610583.4460368 inc-bigbrain_1538_603_2776.nii 140097699882816
task_duration 1567610701.820529 1567610823.5502827 tmpfs_1it_25cpus_60delay_withpc-0 140097699882816
read_file 1567610581.8250237 1567610581.8270109 bigbrain_1538_1206_1388.nii 139710158993216
increment_file 1567610581.827334 1567610582.7614238 bigbrain_1538_1206_1388.nii 139710158993216
write_file 1567610582.776281 1567610583.4711604 inc-bigbrain_1538_1206_1388.nii 139710158993216
task_duration 1567610701.8203928 1567610823.5784879 tmpfs_1it_25cpus_60delay_withpc-0 139710158993216
read_file 1567610581.8250146 1567610581.8270078 bigbrain_1538_603_694.nii 139838716753728
increment_file 1567610581.8272831 1567610582.733316 bigbrain_1538_603_694.nii 139838716753728
write_file 1567610582.744261 1567610583.443589 inc-bigbrain_1538_603_694.nii 139838716753728
task_duration 1567610701.8204846 1567610823.5511143 tmpfs_1it_25cpus_60delay_withpc-0 139838716753728
read_file 1567610581.8249948 1567610581.826983 bigbrain_1538_0_694.nii 139813343516480
increment_file 1567610581.8272176 1567610582.7340076 bigbrain_1538_0_694.nii 139813343516480
write_file 1567610582.7447343 1567610583.4440045 inc-bigbrain_1538_0_694.nii 139813343516480
task_duration 1567610701.8204658 1567610823.5509756 tmpfs_1it_25cpus_60delay_withpc-0 139813343516480
read_file 1567610581.8245938 1567610581.8264112 bigbrain_2307_0_2082.nii 139704082442048
increment_file 1567610581.826941 1567610582.5060732 bigbrain_2307_0_2082.nii 139704082442048
write_file 1567610582.5195773 1567610583.1907253 inc-bigbrain_2307_0_2082.nii 139704082442048
task_duration 1567610701.8204117 1567610823.298035 tmpfs_1it_25cpus_60delay_withpc-0 139704082442048
read_file 1567610581.8245816 1567610581.826389 bigbrain_1538_603_2082.nii 140094946088768
increment_file 1567610581.8268726 1567610582.504942 bigbrain_1538_603_2082.nii 140094946088768
write_file 1567610582.518614 1567610583.1964064 inc-bigbrain_1538_603_2082.nii 140094946088768
task_duration 1567610701.8203874 1567610823.3034515 tmpfs_1it_25cpus_60delay_withpc-0 140094946088768
read_file 1567610581.824445 1567610581.826242 bigbrain_2307_0_0.nii 140063452559168
increment_file 1567610581.826799 1567610582.57206 bigbrain_2307_0_0.nii 140063452559168
write_file 1567610582.583314 1567610583.2470243 inc-bigbrain_2307_0_0.nii 140063452559168
task_duration 1567610701.8202736 1567610823.3542268 tmpfs_1it_25cpus_60delay_withpc-0 140063452559168
read_file 1567610581.8245 1567610581.8262212 bigbrain_1538_603_0.nii 140338177378112
increment_file 1567610581.8267176 1567610582.5088818 bigbrain_1538_603_0.nii 140338177378112
write_file 1567610582.521826 1567610583.1979418 inc-bigbrain_1538_603_0.nii 140338177378112
task_duration 1567610701.8205664 1567610823.3050008 tmpfs_1it_25cpus_60delay_withpc-0 140338177378112
read_file 1567610581.824352 1567610581.8262067 bigbrain_1538_1809_2082.nii 139882151708480
increment_file 1567610581.8266609 1567610582.5293674 bigbrain_1538_1809_2082.nii 139882151708480
write_file 1567610582.5410686 1567610583.2212498 inc-bigbrain_1538_1809_2082.nii 139882151708480
task_duration 1567610701.8202317 1567610823.3273315 tmpfs_1it_25cpus_60delay_withpc-0 139882151708480
read_file 1567610581.8243966 1567610581.8261752 bigbrain_1538_1809_1388.nii 140492152747840
increment_file 1567610581.8265936 1567610582.5221534 bigbrain_1538_1809_1388.nii 140492152747840
write_file 1567610582.5346773 1567610583.2149165 inc-bigbrain_1538_1809_1388.nii 140492152747840
task_duration 1567610701.8202522 1567610823.3217258 tmpfs_1it_25cpus_60delay_withpc-0 140492152747840
read_file 1567610581.8244004 1567610581.8261666 bigbrain_1538_1809_2776.nii 140555578410816
increment_file 1567610581.826497 1567610582.5578384 bigbrain_1538_1809_2776.nii 140555578410816
write_file 1567610582.5693016 1567610583.2449143 inc-bigbrain_1538_1809_2776.nii 140555578410816
task_duration 1567610701.820347 1567610823.3521147 tmpfs_1it_25cpus_60delay_withpc-0 140555578410816
read_file 1567608086.4534802 1567608086.4546695 bigbrain_1538_0_2082.nii 139798921635648
increment_file 1567608086.4549205 1567608086.8299274 bigbrain_1538_0_2082.nii 139798921635648
write_file 1567608086.8403182 1567608087.2692134 inc-bigbrain_1538_0_2082.nii 139798921635648
task_duration 1567608206.45171 1567608327.375665 tmpfs_1it_25cpus_60delay_withpc-0 139798921635648
read_file 1567608086.4058468 1567608086.4067347 bigbrain_1538_0_0.nii 140156870252352
increment_file 1567608086.4069 1567608086.8405037 bigbrain_1538_0_0.nii 140156870252352
write_file 1567608086.850088 1567608087.3637404 inc-bigbrain_1538_0_0.nii 140156870252352
task_duration 1567608206.404317 1567608327.4719 tmpfs_1it_25cpus_60delay_withpc-0 140156870252352
read_file 1567608086.4052513 1567608086.4060295 bigbrain_1538_0_1388.nii 139658708494144
increment_file 1567608086.4062004 1567608086.8295014 bigbrain_1538_0_1388.nii 139658708494144
write_file 1567608086.846091 1567608087.2861524 inc-bigbrain_1538_0_1388.nii 139658708494144
task_duration 1567608206.4032667 1567608327.3737292 tmpfs_1it_25cpus_60delay_withpc-0 139658708494144
read_file 1567607964.0404341 1567607964.0425704 bigbrain_0_2412_694.nii 140454952240960
increment_file 1567607964.0429718 1567607964.7068365 bigbrain_0_2412_694.nii 140454952240960
write_file 1567607964.7190077 1567607965.3832378 inc-bigbrain_0_2412_694.nii 140454952240960
task_duration 1567608084.0375443 1567608205.4882839 tmpfs_1it_25cpus_60delay_withpc-0 140454952240960
read_file 1567607964.0410295 1567607964.04256 bigbrain_0_2412_1388.nii 139694069880640
increment_file 1567607964.0428119 1567607964.847528 bigbrain_0_2412_1388.nii 139694069880640
write_file 1567607964.8589387 1567607965.5222416 inc-bigbrain_0_2412_1388.nii 139694069880640
task_duration 1567608084.0391397 1567608205.6319616 tmpfs_1it_25cpus_60delay_withpc-0 139694069880640
read_file 1567607964.0403776 1567607964.042492 bigbrain_0_603_0.nii 139841387349824
increment_file 1567607964.0428607 1567607964.7122862 bigbrain_0_603_0.nii 139841387349824
write_file 1567607964.7240202 1567607965.396138 inc-bigbrain_0_603_0.nii 139841387349824
task_duration 1567608084.037503 1567608205.506611 tmpfs_1it_25cpus_60delay_withpc-0 139841387349824
read_file 1567607964.039513 1567607964.0414853 bigbrain_0_1809_0.nii 139799451805504
increment_file 1567607964.0417526 1567607964.6918504 bigbrain_0_1809_0.nii 139799451805504
write_file 1567607964.705367 1567607965.3736725 inc-bigbrain_0_1809_0.nii 139799451805504
task_duration 1567608084.0369172 1567608205.4848216 tmpfs_1it_25cpus_60delay_withpc-0 139799451805504
read_file 1567607964.0399973 1567607964.041376 bigbrain_0_1809_2082.nii 140139402643264
increment_file 1567607964.0415897 1567607964.8489516 bigbrain_0_1809_2082.nii 140139402643264
write_file 1567607964.859376 1567607965.522719 inc-bigbrain_0_1809_2082.nii 140139402643264
task_duration 1567608084.0381782 1567608205.6277697 tmpfs_1it_25cpus_60delay_withpc-0 140139402643264
read_file 1567607964.0397034 1567607964.0411944 bigbrain_0_1206_694.nii 139721996314432
increment_file 1567607964.0414543 1567607964.8433 bigbrain_0_1206_694.nii 139721996314432
write_file 1567607964.8536072 1567607965.514902 inc-bigbrain_0_1206_694.nii 139721996314432
task_duration 1567608084.0375319 1567608205.6260018 tmpfs_1it_25cpus_60delay_withpc-0 139721996314432
read_file 1567607964.0396605 1567607964.041184 bigbrain_0_0_694.nii 140466329986880
increment_file 1567607964.0414097 1567607964.8544927 bigbrain_0_0_694.nii 140466329986880
write_file 1567607964.8764977 1567607965.54407 inc-bigbrain_0_0_694.nii 140466329986880
task_duration 1567608084.0374842 1567608205.6477098 tmpfs_1it_25cpus_60delay_withpc-0 140466329986880
read_file 1567607964.0395749 1567607964.0410717 bigbrain_0_0_2776.nii 140102972057408
increment_file 1567607964.0412972 1567607964.8351977 bigbrain_0_0_2776.nii 140102972057408
write_file 1567607964.8457015 1567607965.5104537 inc-bigbrain_0_0_2776.nii 140102972057408
task_duration 1567608084.037435 1567608205.6232708 tmpfs_1it_25cpus_60delay_withpc-0 140102972057408
read_file 1567607964.0395217 1567607964.0409033 bigbrain_0_1809_2776.nii 140348854830912
increment_file 1567607964.0411203 1567607964.869308 bigbrain_0_1809_2776.nii 140348854830912
write_file 1567607964.880766 1567607965.5389948 inc-bigbrain_0_1809_2776.nii 140348854830912
task_duration 1567608084.0374932 1567608205.6506093 tmpfs_1it_25cpus_60delay_withpc-0 140348854830912
read_file 1567607964.0386772 1567607964.0405076 bigbrain_0_603_694.nii 140369674278720
increment_file 1567607964.0408664 1567607964.711287 bigbrain_0_603_694.nii 140369674278720
write_file 1567607964.7227745 1567607965.387715 inc-bigbrain_0_603_694.nii 140369674278720
task_duration 1567608084.03614 1567608205.4984076 tmpfs_1it_25cpus_60delay_withpc-0 140369674278720
read_file 1567607964.0388489 1567607964.0405054 bigbrain_0_2412_0.nii 140060076476224
increment_file 1567607964.0407784 1567607964.7057545 bigbrain_0_2412_0.nii 140060076476224
write_file 1567607964.7175503 1567607965.38692 inc-bigbrain_0_2412_0.nii 140060076476224
task_duration 1567608084.0365834 1567608205.4975138 tmpfs_1it_25cpus_60delay_withpc-0 140060076476224
read_file 1567607964.038825 1567607964.0404735 bigbrain_0_603_2082.nii 140710199912256
increment_file 1567607964.0407348 1567607964.7225657 bigbrain_0_603_2082.nii 140710199912256
write_file 1567607964.733472 1567607965.3987737 inc-bigbrain_0_603_2082.nii 140710199912256
task_duration 1567608084.036553 1567608205.5094182 tmpfs_1it_25cpus_60delay_withpc-0 140710199912256
read_file 1567607964.0384462 1567607964.0402017 bigbrain_0_1206_2082.nii 139748759406400
increment_file 1567607964.0404587 1567607964.784219 bigbrain_0_1206_2082.nii 139748759406400
write_file 1567607964.7954607 1567607965.520633 inc-bigbrain_0_1206_2082.nii 139748759406400
task_duration 1567608084.0360622 1567608205.6335056 tmpfs_1it_25cpus_60delay_withpc-0 139748759406400
read_file 1567607964.0387554 1567607964.0398912 bigbrain_0_0_1388.nii 139697183496000
increment_file 1567607964.0400841 1567607964.8582206 bigbrain_0_0_1388.nii 139697183496000
write_file 1567607964.8685553 1567607965.5310357 inc-bigbrain_0_0_1388.nii 139697183496000
task_duration 1567608084.0363994 1567608205.6420233 tmpfs_1it_25cpus_60delay_withpc-0 139697183496000
read_file 1567607964.0375385 1567607964.0392003 bigbrain_0_2412_2082.nii 140425212024640
increment_file 1567607964.039465 1567607964.7097447 bigbrain_0_2412_2082.nii 140425212024640
write_file 1567607964.7212176 1567607965.389195 inc-bigbrain_0_2412_2082.nii 140425212024640
task_duration 1567608084.035303 1567608205.4997916 tmpfs_1it_25cpus_60delay_withpc-0 140425212024640
read_file 1567607964.0381453 1567607964.0391905 bigbrain_0_0_0.nii 140183111255872
increment_file 1567607964.0393705 1567607964.8442078 bigbrain_0_0_0.nii 140183111255872
write_file 1567607964.854332 1567607965.527144 inc-bigbrain_0_0_0.nii 140183111255872
task_duration 1567608084.0349348 1567608205.6380658 tmpfs_1it_25cpus_60delay_withpc-0 140183111255872
read_file 1567607964.035203 1567607964.0364945 bigbrain_0_1206_0.nii 140589988673344
increment_file 1567607964.0366914 1567607964.6966522 bigbrain_0_1206_0.nii 140589988673344
write_file 1567607964.7097185 1567607965.3720875 inc-bigbrain_0_1206_0.nii 140589988673344
task_duration 1567608084.033042 1567608205.4836254 tmpfs_1it_25cpus_60delay_withpc-0 140589988673344
read_file 1567607964.0340264 1567607964.036059 bigbrain_0_603_2776.nii 140378529539904
increment_file 1567607964.0363584 1567607964.8449156 bigbrain_0_603_2776.nii 140378529539904
write_file 1567607964.855274 1567607965.518616 inc-bigbrain_0_603_2776.nii 140378529539904
task_duration 1567608084.0311177 1567608205.6303883 tmpfs_1it_25cpus_60delay_withpc-0 140378529539904
read_file 1567607964.0346522 1567607964.0358832 bigbrain_0_1206_1388.nii 139793220925248
increment_file 1567607964.0360672 1567607964.6961694 bigbrain_0_1206_1388.nii 139793220925248
write_file 1567607964.7095993 1567607965.4416256 inc-bigbrain_0_1206_1388.nii 139793220925248
task_duration 1567608084.0317745 1567608205.5542898 tmpfs_1it_25cpus_60delay_withpc-0 139793220925248
read_file 1567607964.0344682 1567607964.0356736 bigbrain_0_0_2082.nii 140347799627584
increment_file 1567607964.0359235 1567607964.695105 bigbrain_0_0_2082.nii 140347799627584
write_file 1567607964.7082696 1567607965.380515 inc-bigbrain_0_0_2082.nii 140347799627584
task_duration 1567608084.0315413 1567608205.40095 tmpfs_1it_25cpus_60delay_withpc-0 140347799627584
read_file 1567607964.0343847 1567607964.0355408 bigbrain_0_1809_1388.nii 140709445945152
increment_file 1567607964.0358672 1567607964.6710887 bigbrain_0_1809_1388.nii 140709445945152
write_file 1567607964.6835527 1567607965.3365333 inc-bigbrain_0_1809_1388.nii 140709445945152
task_duration 1567608084.031337 1567608205.4477 tmpfs_1it_25cpus_60delay_withpc-0 140709445945152
read_file 1567607964.0335572 1567607964.0355034 bigbrain_0_1809_694.nii 139912608425792
increment_file 1567607964.0358427 1567607964.8366065 bigbrain_0_1809_694.nii 139912608425792
write_file 1567607964.8472762 1567607965.5150883 inc-bigbrain_0_1809_694.nii 139912608425792
task_duration 1567608084.030901 1567608205.6269844 tmpfs_1it_25cpus_60delay_withpc-0 139912608425792
read_file 1567607964.0207603 1567607964.0230196 bigbrain_0_603_1388.nii 140010789881664
increment_file 1567607964.023356 1567607964.6751177 bigbrain_0_603_1388.nii 140010789881664
write_file 1567607964.6872797 1567607965.3547337 inc-bigbrain_0_603_1388.nii 140010789881664
task_duration 1567608084.0174596 1567608205.465725 tmpfs_1it_25cpus_60delay_withpc-0 140010789881664
read_file 1567607964.0206068 1567607964.0226834 bigbrain_0_2412_2776.nii 140333117712192
increment_file 1567607964.023028 1567607964.6895304 bigbrain_0_2412_2776.nii 140333117712192
write_file 1567607964.7038467 1567607965.3681424 inc-bigbrain_0_2412_2776.nii 140333117712192
task_duration 1567608084.0169606 1567608205.3905299 tmpfs_1it_25cpus_60delay_withpc-0 140333117712192
read_file 1567607964.0205264 1567607964.0225158 bigbrain_0_1206_2776.nii 139732004906816
increment_file 1567607964.0228488 1567607964.684206 bigbrain_0_1206_2776.nii 139732004906816
write_file 1567607964.6968405 1567607965.369935 inc-bigbrain_0_1206_2776.nii 139732004906816
task_duration 1567608084.0167282 1567608205.4812088 tmpfs_1it_25cpus_60delay_withpc-0 139732004906816
