read_file 1567722461.63775 1567722461.6392467 bigbrain_2307_603_694.nii 140589599704896
increment_file 1567722461.639488 1567722506.8776305 bigbrain_2307_603_694.nii 140589599704896
write_file 1567722506.8913085 1567722513.327283 inc-bigbrain_2307_603_694.nii 140589599704896
task_duration 1567722461.6344683 1567722513.329944 1567722345-optaneAD_1it_96cpus_0delay_npc-4 140589599704896
read_file 1567722461.6378257 1567722461.639246 bigbrain_1538_603_0.nii 140625056974656
increment_file 1567722461.6395328 1567722506.8634517 bigbrain_1538_603_0.nii 140625056974656
write_file 1567722506.869044 1567722513.3073587 inc-bigbrain_1538_603_0.nii 140625056974656
task_duration 1567722461.6344879 1567722513.310167 1567722345-optaneAD_1it_96cpus_0delay_npc-4 140625056974656
read_file 1567722461.6377897 1567722461.6393094 bigbrain_1538_2412_0.nii 140352295458624
increment_file 1567722461.6395633 1567722506.7679348 bigbrain_1538_2412_0.nii 140352295458624
write_file 1567722506.7881927 1567722513.691179 inc-bigbrain_1538_2412_0.nii 140352295458624
task_duration 1567722461.634489 1567722513.693673 1567722345-optaneAD_1it_96cpus_0delay_npc-4 140352295458624
read_file 1567722461.637843 1567722461.6394246 bigbrain_1538_1809_2082.nii 140707297937216
increment_file 1567722461.6396832 1567722506.700496 bigbrain_1538_1809_2082.nii 140707297937216
write_file 1567722506.728746 1567722513.117521 inc-bigbrain_1538_1809_2082.nii 140707297937216
task_duration 1567722461.6345305 1567722513.1200824 1567722345-optaneAD_1it_96cpus_0delay_npc-4 140707297937216
read_file 1567722461.6378615 1567722461.639441 bigbrain_2307_1809_694.nii 140308641163072
increment_file 1567722461.639746 1567722507.1644752 bigbrain_2307_1809_694.nii 140308641163072
write_file 1567722507.1950696 1567722516.7244754 inc-bigbrain_2307_1809_694.nii 140308641163072
task_duration 1567722461.6345847 1567722516.7277143 1567722345-optaneAD_1it_96cpus_0delay_npc-4 140308641163072
read_file 1567722461.6379044 1567722461.6394694 bigbrain_1538_1206_2082.nii 140200082843456
increment_file 1567722461.6397843 1567722507.085225 bigbrain_1538_1206_2082.nii 140200082843456
write_file 1567722507.10453 1567722513.516193 inc-bigbrain_1538_1206_2082.nii 140200082843456
task_duration 1567722461.6345718 1567722513.5187194 1567722345-optaneAD_1it_96cpus_0delay_npc-4 140200082843456
read_file 1567722461.6378706 1567722461.6394863 bigbrain_1538_1206_694.nii 139679184303936
increment_file 1567722461.6398284 1567722506.9015763 bigbrain_1538_1206_694.nii 139679184303936
write_file 1567722506.9380991 1567722513.4655716 inc-bigbrain_1538_1206_694.nii 139679184303936
task_duration 1567722461.634551 1567722513.468175 1567722345-optaneAD_1it_96cpus_0delay_npc-4 139679184303936
read_file 1567722461.6379228 1567722461.639535 bigbrain_2307_2412_2082.nii 140110328403776
increment_file 1567722461.6398652 1567722506.7188854 bigbrain_2307_2412_2082.nii 140110328403776
write_file 1567722506.7362 1567722521.7173328 inc-bigbrain_2307_2412_2082.nii 140110328403776
task_duration 1567722461.634773 1567722521.724422 1567722345-optaneAD_1it_96cpus_0delay_npc-4 140110328403776
read_file 1567722461.6380134 1567722461.6396315 bigbrain_3076_2412_0.nii 140124921739072
increment_file 1567722461.6399043 1567722506.7413325 bigbrain_3076_2412_0.nii 140124921739072
write_file 1567722506.78157 1567722513.1304684 inc-bigbrain_3076_2412_0.nii 140124921739072
task_duration 1567722461.6346486 1567722513.1330132 1567722345-optaneAD_1it_96cpus_0delay_npc-4 140124921739072
read_file 1567722461.6708844 1567722461.677414 bigbrain_1538_1809_2776.nii 140484819240768
increment_file 1567722461.6786458 1567722509.3529673 bigbrain_1538_1809_2776.nii 140484819240768
write_file 1567722509.4043815 1567722526.4281445 inc-bigbrain_1538_1809_2776.nii 140484819240768
task_duration 1567722461.668952 1567722526.431152 1567722345-optaneAD_1it_96cpus_0delay_npc-4 140484819240768
read_file 1567722461.6876965 1567722461.6927624 bigbrain_1538_1206_1388.nii 139657680955200
increment_file 1567722461.6941879 1567722509.233492 bigbrain_1538_1206_1388.nii 139657680955200
write_file 1567722509.2612875 1567722519.0661573 inc-bigbrain_1538_1206_1388.nii 139657680955200
task_duration 1567722461.6810749 1567722519.0691757 1567722345-optaneAD_1it_96cpus_0delay_npc-4 139657680955200
read_file 1567722461.694042 1567722461.6968837 bigbrain_3076_0_0.nii 140506662913856
increment_file 1567722461.6974323 1567722507.683493 bigbrain_3076_0_0.nii 140506662913856
write_file 1567722507.693564 1567722525.2743995 inc-bigbrain_3076_0_0.nii 140506662913856
task_duration 1567722461.6919856 1567722525.2768779 1567722345-optaneAD_1it_96cpus_0delay_npc-4 140506662913856
read_file 1567722461.6990151 1567722461.7013402 bigbrain_2307_603_2776.nii 140110501357376
increment_file 1567722461.7022102 1567722509.3735483 bigbrain_2307_603_2776.nii 140110501357376
write_file 1567722509.4183323 1567722525.6067147 inc-bigbrain_2307_603_2776.nii 140110501357376
task_duration 1567722461.696385 1567722525.609705 1567722345-optaneAD_1it_96cpus_0delay_npc-4 140110501357376
read_file 1567722461.6990502 1567722461.7058375 bigbrain_3076_603_2776.nii 139763713980224
increment_file 1567722461.7063081 1567722509.171906 bigbrain_3076_603_2776.nii 139763713980224
write_file 1567722509.2104738 1567722518.306394 inc-bigbrain_3076_603_2776.nii 139763713980224
task_duration 1567722461.6961484 1567722518.3096023 1567722345-optaneAD_1it_96cpus_0delay_npc-4 139763713980224
read_file 1567722461.7099006 1567722461.715921 bigbrain_2307_0_2776.nii 140359038097216
increment_file 1567722461.7177436 1567722509.4393926 bigbrain_2307_0_2776.nii 140359038097216
write_file 1567722509.4498239 1567722527.4751863 inc-bigbrain_2307_0_2776.nii 140359038097216
task_duration 1567722461.70218 1567722527.4781876 1567722345-optaneAD_1it_96cpus_0delay_npc-4 140359038097216
read_file 1567722461.7144108 1567722461.7247105 bigbrain_1538_603_2082.nii 139953155544896
increment_file 1567722461.726395 1567722507.6399817 bigbrain_1538_603_2082.nii 139953155544896
write_file 1567722507.6785228 1567722512.9636319 inc-bigbrain_1538_603_2082.nii 139953155544896
task_duration 1567722461.7068405 1567722512.9679277 1567722345-optaneAD_1it_96cpus_0delay_npc-4 139953155544896
read_file 1567722461.7202814 1567722461.7268004 bigbrain_769_2412_0.nii 139996316723008
increment_file 1567722461.72872 1567722507.3345664 bigbrain_769_2412_0.nii 139996316723008
write_file 1567722507.3619277 1567722513.5757241 inc-bigbrain_769_2412_0.nii 139996316723008
task_duration 1567722461.7120357 1567722513.5783079 1567722345-optaneAD_1it_96cpus_0delay_npc-4 139996316723008
read_file 1567722461.7177687 1567722461.7276702 bigbrain_3076_1809_694.nii 139817688000320
increment_file 1567722461.7303493 1567722507.9507985 bigbrain_3076_1809_694.nii 139817688000320
write_file 1567722507.9806833 1567722519.9041634 inc-bigbrain_3076_1809_694.nii 139817688000320
task_duration 1567722461.708985 1567722519.906689 1567722345-optaneAD_1it_96cpus_0delay_npc-4 139817688000320
read_file 1567722461.7219667 1567722461.728072 bigbrain_3076_1809_2776.nii 140045405099840
increment_file 1567722461.7289882 1567722509.4341002 bigbrain_3076_1809_2776.nii 140045405099840
write_file 1567722509.4474297 1567722523.692385 inc-bigbrain_3076_1809_2776.nii 140045405099840
task_duration 1567722461.7198305 1567722523.695285 1567722345-optaneAD_1it_96cpus_0delay_npc-4 140045405099840
read_file 1567722461.7193775 1567722461.7282085 bigbrain_1538_2412_694.nii 140186453538624
increment_file 1567722461.7298148 1567722507.7773201 bigbrain_1538_2412_694.nii 140186453538624
write_file 1567722507.7876756 1567722514.2099407 inc-bigbrain_1538_2412_694.nii 140186453538624
task_duration 1567722461.7106435 1567722514.213535 1567722345-optaneAD_1it_96cpus_0delay_npc-4 140186453538624
read_file 1567722461.7268763 1567722461.7349267 bigbrain_1538_603_1388.nii 139973943535424
increment_file 1567722461.7362068 1567722509.4298604 bigbrain_1538_603_1388.nii 139973943535424
write_file 1567722509.4412408 1567722528.202918 inc-bigbrain_1538_603_1388.nii 139973943535424
task_duration 1567722461.724157 1567722528.2056305 1567722345-optaneAD_1it_96cpus_0delay_npc-4 139973943535424
read_file 1567722461.720967 1567722461.7348418 bigbrain_3076_0_2776.nii 140527488190272
increment_file 1567722461.7375004 1567722508.050399 bigbrain_3076_0_2776.nii 140527488190272
write_file 1567722508.0828278 1567722523.0924242 inc-bigbrain_3076_0_2776.nii 140527488190272
task_duration 1567722461.7110217 1567722523.0950143 1567722345-optaneAD_1it_96cpus_0delay_npc-4 140527488190272
read_file 1567722461.73531 1567722461.7386258 bigbrain_2307_2412_694.nii 140484463425344
increment_file 1567722461.7397184 1567722509.2558038 bigbrain_2307_2412_694.nii 140484463425344
write_file 1567722509.3007054 1567722524.882727 inc-bigbrain_2307_2412_694.nii 140484463425344
task_duration 1567722461.7329674 1567722524.8856914 1567722345-optaneAD_1it_96cpus_0delay_npc-4 140484463425344
read_file 1567722461.7338932 1567722461.7461452 bigbrain_1538_2412_2776.nii 140328575039296
increment_file 1567722461.7486575 1567722507.7918067 bigbrain_1538_2412_2776.nii 140328575039296
write_file 1567722507.813688 1567722528.5680234 inc-bigbrain_1538_2412_2776.nii 140328575039296
task_duration 1567722461.7247677 1567722528.570526 1567722345-optaneAD_1it_96cpus_0delay_npc-4 140328575039296
read_file 1567722461.745522 1567722461.7493212 bigbrain_3076_2412_694.nii 140654067046208
increment_file 1567722461.750701 1567722509.427811 bigbrain_3076_2412_694.nii 140654067046208
write_file 1567722509.4411979 1567722525.089936 inc-bigbrain_3076_2412_694.nii 140654067046208
task_duration 1567722461.7421489 1567722525.092777 1567722345-optaneAD_1it_96cpus_0delay_npc-4 140654067046208
read_file 1567722461.7278247 1567722461.7490752 bigbrain_2307_0_2082.nii 140610508814144
increment_file 1567722461.7548323 1567722509.4005404 bigbrain_2307_0_2082.nii 140610508814144
write_file 1567722509.4188561 1567722527.9225745 inc-bigbrain_2307_0_2082.nii 140610508814144
task_duration 1567722461.7154493 1567722527.9253232 1567722345-optaneAD_1it_96cpus_0delay_npc-4 140610508814144
read_file 1567722461.726353 1567722461.751509 bigbrain_2307_1809_2776.nii 139671505450816
increment_file 1567722461.756754 1567722509.3046095 bigbrain_2307_1809_2776.nii 139671505450816
write_file 1567722509.3397648 1567722515.8725476 inc-bigbrain_2307_1809_2776.nii 139671505450816
task_duration 1567722461.7128768 1567722515.875448 1567722345-optaneAD_1it_96cpus_0delay_npc-4 139671505450816
read_file 1567722461.742537 1567722461.754864 bigbrain_2307_2412_2776.nii 139871068391232
increment_file 1567722461.7557511 1567722507.7065933 bigbrain_2307_2412_2776.nii 139871068391232
write_file 1567722507.7218626 1567722528.4181263 inc-bigbrain_2307_2412_2776.nii 139871068391232
task_duration 1567722461.7402127 1567722528.4206462 1567722345-optaneAD_1it_96cpus_0delay_npc-4 139871068391232
read_file 1567722461.7468078 1567722461.7596068 bigbrain_2307_1206_0.nii 140272273213248
increment_file 1567722461.7622404 1567722509.4245074 bigbrain_2307_1206_0.nii 140272273213248
write_file 1567722509.43432 1567722520.838792 inc-bigbrain_2307_1206_0.nii 140272273213248
task_duration 1567722461.7435226 1567722520.8418036 1567722345-optaneAD_1it_96cpus_0delay_npc-4 140272273213248
read_file 1567722461.7493775 1567722461.7624202 bigbrain_2307_0_0.nii 140094511146816
increment_file 1567722461.7648811 1567722509.4179032 bigbrain_2307_0_0.nii 140094511146816
write_file 1567722509.427188 1567722516.1418777 inc-bigbrain_2307_0_0.nii 140094511146816
task_duration 1567722461.7371426 1567722516.144902 1567722345-optaneAD_1it_96cpus_0delay_npc-4 140094511146816
read_file 1567722461.7463553 1567722461.7641056 bigbrain_769_1809_2082.nii 140334109726528
increment_file 1567722461.766816 1567722509.4222298 bigbrain_769_1809_2082.nii 140334109726528
write_file 1567722509.42996 1567722521.6222172 inc-bigbrain_769_1809_2082.nii 140334109726528
task_duration 1567722461.735584 1567722521.6253045 1567722345-optaneAD_1it_96cpus_0delay_npc-4 140334109726528
read_file 1567722461.7608805 1567722461.7653186 bigbrain_3076_1206_1388.nii 140107074197312
increment_file 1567722461.766785 1567722507.8876529 bigbrain_3076_1206_1388.nii 140107074197312
write_file 1567722507.8925729 1567722526.9114816 inc-bigbrain_3076_1206_1388.nii 140107074197312
task_duration 1567722461.7558203 1567722526.914092 1567722345-optaneAD_1it_96cpus_0delay_npc-4 140107074197312
read_file 1567722461.74193 1567722461.76704 bigbrain_1538_1809_0.nii 140030226290496
increment_file 1567722461.7717621 1567722508.425334 bigbrain_1538_1809_0.nii 140030226290496
write_file 1567722508.4553597 1567722516.870749 inc-bigbrain_1538_1809_0.nii 140030226290496
task_duration 1567722461.726576 1567722516.8733141 1567722345-optaneAD_1it_96cpus_0delay_npc-4 140030226290496
read_file 1567722461.7525427 1567722461.771383 bigbrain_2307_603_2082.nii 139839882270528
increment_file 1567722461.7756252 1567722509.4053276 bigbrain_2307_603_2082.nii 139839882270528
write_file 1567722509.4186726 1567722523.2221956 inc-bigbrain_2307_603_2082.nii 139839882270528
task_duration 1567722461.740198 1567722523.2252173 1567722345-optaneAD_1it_96cpus_0delay_npc-4 139839882270528
read_file 1567722461.7668157 1567722461.7767594 bigbrain_1538_1809_1388.nii 139867628545856
increment_file 1567722461.777924 1567722508.176516 bigbrain_1538_1809_1388.nii 139867628545856
write_file 1567722508.265863 1567722517.177408 inc-bigbrain_1538_1809_1388.nii 139867628545856
task_duration 1567722461.7629058 1567722517.179962 1567722345-optaneAD_1it_96cpus_0delay_npc-4 139867628545856
read_file 1567722461.771418 1567722461.7822561 bigbrain_769_0_2082.nii 139974411863872
increment_file 1567722461.7847245 1567722508.1314523 bigbrain_769_0_2082.nii 139974411863872
write_file 1567722508.2713525 1567722524.5143075 inc-bigbrain_769_0_2082.nii 139974411863872
task_duration 1567722461.7587297 1567722524.5169733 1567722345-optaneAD_1it_96cpus_0delay_npc-4 139974411863872
read_file 1567722461.7698812 1567722461.7828135 bigbrain_1538_603_694.nii 140484532123456
increment_file 1567722461.7862887 1567722508.0454195 bigbrain_1538_603_694.nii 140484532123456
write_file 1567722508.0655603 1567722526.2741265 inc-bigbrain_1538_603_694.nii 140484532123456
task_duration 1567722461.754082 1567722526.2767444 1567722345-optaneAD_1it_96cpus_0delay_npc-4 140484532123456
read_file 1567722461.7778833 1567722461.7898705 bigbrain_2307_1206_2776.nii 140467520513856
increment_file 1567722461.7924523 1567722509.403405 bigbrain_2307_1206_2776.nii 140467520513856
write_file 1567722509.417182 1567722521.699707 inc-bigbrain_2307_1206_2776.nii 140467520513856
task_duration 1567722461.7733681 1567722521.7029762 1567722345-optaneAD_1it_96cpus_0delay_npc-4 140467520513856
read_file 1567722461.7740571 1567722461.79166 bigbrain_1538_0_2776.nii 139781933307712
increment_file 1567722461.7947927 1567722508.3067179 bigbrain_1538_0_2776.nii 139781933307712
write_file 1567722508.3356495 1567722517.6545057 inc-bigbrain_1538_0_2776.nii 139781933307712
task_duration 1567722461.7535307 1567722517.65709 1567722345-optaneAD_1it_96cpus_0delay_npc-4 139781933307712
read_file 1567722461.7787592 1567722461.7931173 bigbrain_2307_603_0.nii 140271248557888
increment_file 1567722461.7973645 1567722509.4294848 bigbrain_2307_603_0.nii 140271248557888
write_file 1567722509.4387496 1567722516.098146 inc-bigbrain_2307_603_0.nii 140271248557888
task_duration 1567722461.7658792 1567722516.1011167 1567722345-optaneAD_1it_96cpus_0delay_npc-4 140271248557888
read_file 1567722461.7769077 1567722461.798263 bigbrain_2307_2412_1388.nii 139637920208704
increment_file 1567722461.8041449 1567722509.3374531 bigbrain_2307_2412_1388.nii 139637920208704
write_file 1567722509.371422 1567722524.1475277 inc-bigbrain_2307_2412_1388.nii 139637920208704
task_duration 1567722461.7642696 1567722524.1503744 1567722345-optaneAD_1it_96cpus_0delay_npc-4 139637920208704
read_file 1567722461.796125 1567722461.8013532 bigbrain_2307_0_1388.nii 139914427582272
increment_file 1567722461.803451 1567722509.3237612 bigbrain_2307_0_1388.nii 139914427582272
write_file 1567722509.3627057 1567722521.9825215 inc-bigbrain_2307_0_1388.nii 139914427582272
task_duration 1567722461.7915256 1567722521.9856844 1567722345-optaneAD_1it_96cpus_0delay_npc-4 139914427582272
read_file 1567722461.7871437 1567722461.802752 bigbrain_769_1206_2082.nii 140075694540608
increment_file 1567722461.8055441 1567722509.3545752 bigbrain_769_1206_2082.nii 140075694540608
write_file 1567722509.4044888 1567722527.7746184 inc-bigbrain_769_1206_2082.nii 140075694540608
task_duration 1567722461.782359 1567722527.7775726 1567722345-optaneAD_1it_96cpus_0delay_npc-4 140075694540608
read_file 1567722461.7930331 1567722461.807006 bigbrain_3076_1206_0.nii 140136078354240
increment_file 1567722461.8121884 1567722509.4466572 bigbrain_3076_1206_0.nii 140136078354240
write_file 1567722509.4561036 1567722513.781385 inc-bigbrain_3076_1206_0.nii 140136078354240
task_duration 1567722461.7796805 1567722513.7841518 1567722345-optaneAD_1it_96cpus_0delay_npc-4 140136078354240
read_file 1567722461.7921605 1567722461.8142176 bigbrain_3076_603_1388.nii 140128481494848
increment_file 1567722461.8160937 1567722509.4285362 bigbrain_3076_603_1388.nii 140128481494848
write_file 1567722509.4380717 1567722527.9204285 inc-bigbrain_3076_603_1388.nii 140128481494848
task_duration 1567722461.7755635 1567722527.9233587 1567722345-optaneAD_1it_96cpus_0delay_npc-4 140128481494848
read_file 1567722461.7878718 1567722461.8229432 bigbrain_1538_1206_0.nii 140222759278400
increment_file 1567722461.8263557 1567722508.1094918 bigbrain_1538_1206_0.nii 140222759278400
write_file 1567722508.2900944 1567722522.0475051 inc-bigbrain_1538_1206_0.nii 140222759278400
task_duration 1567722461.7642655 1567722522.0501306 1567722345-optaneAD_1it_96cpus_0delay_npc-4 140222759278400
read_file 1567722461.8076425 1567722461.824226 bigbrain_3076_2412_1388.nii 140655754929984
increment_file 1567722461.8275244 1567722508.3338857 bigbrain_3076_2412_1388.nii 140655754929984
write_file 1567722508.3564951 1567722521.2055085 inc-bigbrain_3076_2412_1388.nii 140655754929984
task_duration 1567722461.7771885 1567722521.2080863 1567722345-optaneAD_1it_96cpus_0delay_npc-4 140655754929984
read_file 1567722461.8098896 1567722461.8289983 bigbrain_1538_603_2776.nii 140600940926784
increment_file 1567722461.8314135 1567722508.469862 bigbrain_1538_603_2776.nii 140600940926784
write_file 1567722508.4933052 1567722523.3186662 inc-bigbrain_1538_603_2776.nii 140600940926784
task_duration 1567722461.7779863 1567722523.3216994 1567722345-optaneAD_1it_96cpus_0delay_npc-4 140600940926784
read_file 1567722461.823196 1567722461.8336244 bigbrain_1538_1206_2776.nii 140438085445440
increment_file 1567722461.8351803 1567722507.955922 bigbrain_1538_1206_2776.nii 140438085445440
write_file 1567722507.9898117 1567722525.217523 inc-bigbrain_1538_1206_2776.nii 140438085445440
task_duration 1567722461.8096094 1567722525.2201533 1567722345-optaneAD_1it_96cpus_0delay_npc-4 140438085445440
read_file 1567722461.819525 1567722461.835001 bigbrain_1538_2412_1388.nii 139630299273024
increment_file 1567722461.8359795 1567722509.4380941 bigbrain_1538_2412_1388.nii 139630299273024
write_file 1567722509.4490917 1567722524.9801385 inc-bigbrain_1538_2412_1388.nii 139630299273024
task_duration 1567722461.7935226 1567722524.9830365 1567722345-optaneAD_1it_96cpus_0delay_npc-4 139630299273024
read_file 1567722461.832875 1567722461.835795 bigbrain_1538_1809_694.nii 139966892263232
increment_file 1567722461.8369336 1567722507.811283 bigbrain_1538_1809_694.nii 139966892263232
write_file 1567722507.8155332 1567722520.1300628 inc-bigbrain_1538_1809_694.nii 139966892263232
task_duration 1567722461.8274138 1567722520.132591 1567722345-optaneAD_1it_96cpus_0delay_npc-4 139966892263232
read_file 1567722461.8315372 1567722461.8406587 bigbrain_2307_1206_1388.nii 140330917652288
increment_file 1567722461.842912 1567722509.4307144 bigbrain_2307_1206_1388.nii 140330917652288
write_file 1567722509.444157 1567722526.5029142 inc-bigbrain_2307_1206_1388.nii 140330917652288
task_duration 1567722461.8258173 1567722526.5060644 1567722345-optaneAD_1it_96cpus_0delay_npc-4 140330917652288
read_file 1567722461.8303168 1567722461.845388 bigbrain_3076_0_1388.nii 139979925886784
increment_file 1567722461.84874 1567722508.0031028 bigbrain_3076_0_1388.nii 139979925886784
write_file 1567722508.0380034 1567722528.1444857 inc-bigbrain_3076_0_1388.nii 139979925886784
task_duration 1567722461.8021383 1567722528.1479075 1567722345-optaneAD_1it_96cpus_0delay_npc-4 139979925886784
read_file 1567722461.838327 1567722461.8513653 bigbrain_1538_2412_2082.nii 140701909665600
increment_file 1567722461.8526309 1567722507.9420617 bigbrain_1538_2412_2082.nii 140701909665600
write_file 1567722507.954772 1567722520.3990097 inc-bigbrain_1538_2412_2082.nii 140701909665600
task_duration 1567722461.8340945 1567722520.401501 1567722345-optaneAD_1it_96cpus_0delay_npc-4 140701909665600
read_file 1567722461.8439283 1567722461.8569026 bigbrain_2307_1809_2082.nii 139822517106496
increment_file 1567722461.8596833 1567722509.4351444 bigbrain_2307_1809_2082.nii 139822517106496
write_file 1567722509.4493625 1567722516.8503585 inc-bigbrain_2307_1809_2082.nii 139822517106496
task_duration 1567722461.837898 1567722516.8532252 1567722345-optaneAD_1it_96cpus_0delay_npc-4 139822517106496
read_file 1567722461.8357878 1567722461.8616138 bigbrain_3076_1206_694.nii 140321840289600
increment_file 1567722461.8647668 1567722508.1878927 bigbrain_3076_1206_694.nii 140321840289600
write_file 1567722508.3132164 1567722527.605673 inc-bigbrain_3076_1206_694.nii 140321840289600
task_duration 1567722461.813659 1567722527.6082287 1567722345-optaneAD_1it_96cpus_0delay_npc-4 140321840289600
read_file 1567722461.84394 1567722461.8651707 bigbrain_3076_1809_0.nii 140686049171264
increment_file 1567722461.8684926 1567722509.350976 bigbrain_3076_1809_0.nii 140686049171264
write_file 1567722509.3790753 1567722527.47038 inc-bigbrain_3076_1809_0.nii 140686049171264
task_duration 1567722461.826888 1567722527.4732175 1567722345-optaneAD_1it_96cpus_0delay_npc-4 140686049171264
read_file 1567722461.8569653 1567722461.8677745 bigbrain_3076_1809_2082.nii 140478573897536
increment_file 1567722461.8694384 1567722508.2138388 bigbrain_3076_1809_2082.nii 140478573897536
write_file 1567722508.2668722 1567722525.0419288 inc-bigbrain_3076_1809_2082.nii 140478573897536
task_duration 1567722461.8472188 1567722525.044943 1567722345-optaneAD_1it_96cpus_0delay_npc-4 140478573897536
read_file 1567722461.8483882 1567722461.8708 bigbrain_2307_1206_2082.nii 139697496409920
increment_file 1567722461.8742452 1567722508.1692266 bigbrain_2307_1206_2082.nii 139697496409920
write_file 1567722508.2868965 1567722528.1369038 inc-bigbrain_2307_1206_2082.nii 139697496409920
task_duration 1567722461.8336504 1567722528.1403596 1567722345-optaneAD_1it_96cpus_0delay_npc-4 139697496409920
read_file 1567722461.8554478 1567722461.8710325 bigbrain_2307_0_694.nii 140402180220736
increment_file 1567722461.8746283 1567722509.4159832 bigbrain_2307_0_694.nii 140402180220736
write_file 1567722509.4229302 1567722516.193149 inc-bigbrain_2307_0_694.nii 140402180220736
task_duration 1567722461.835189 1567722516.1969655 1567722345-optaneAD_1it_96cpus_0delay_npc-4 140402180220736
read_file 1567722461.8622355 1567722461.8722346 bigbrain_769_0_0.nii 139815961048896
increment_file 1567722461.8788435 1567722509.4342916 bigbrain_769_0_0.nii 139815961048896
write_file 1567722509.4489715 1567722526.490002 inc-bigbrain_769_0_0.nii 139815961048896
task_duration 1567722461.8514564 1567722526.4927852 1567722345-optaneAD_1it_96cpus_0delay_npc-4 139815961048896
read_file 1567722461.8710446 1567722461.882192 bigbrain_3076_0_2082.nii 140254721083200
increment_file 1567722461.8848433 1567722508.3501344 bigbrain_3076_0_2082.nii 140254721083200
write_file 1567722508.370471 1567722520.3640459 inc-bigbrain_3076_0_2082.nii 140254721083200
task_duration 1567722461.8579414 1567722520.366624 1567722345-optaneAD_1it_96cpus_0delay_npc-4 140254721083200
read_file 1567722461.8708165 1567722461.8898304 bigbrain_769_1206_2776.nii 140396178720576
increment_file 1567722461.892658 1567722508.338922 bigbrain_769_1206_2776.nii 140396178720576
write_file 1567722508.3672092 1567722528.537351 inc-bigbrain_769_1206_2776.nii 140396178720576
task_duration 1567722461.850713 1567722528.5405626 1567722345-optaneAD_1it_96cpus_0delay_npc-4 140396178720576
read_file 1567722461.8824704 1567722461.8944392 bigbrain_2307_2412_0.nii 139868949362496
increment_file 1567722461.8967245 1567722509.3689282 bigbrain_2307_2412_0.nii 139868949362496
write_file 1567722509.3973098 1567722523.0594304 inc-bigbrain_2307_2412_0.nii 139868949362496
task_duration 1567722461.8763742 1567722523.0628314 1567722345-optaneAD_1it_96cpus_0delay_npc-4 139868949362496
read_file 1567722461.8789103 1567722461.8944404 bigbrain_2307_603_1388.nii 140156723701568
increment_file 1567722461.8970137 1567722509.4375272 bigbrain_2307_603_1388.nii 140156723701568
write_file 1567722509.44908 1567722519.6203206 inc-bigbrain_2307_603_1388.nii 140156723701568
task_duration 1567722461.8705587 1567722519.623451 1567722345-optaneAD_1it_96cpus_0delay_npc-4 140156723701568
read_file 1567722461.8752277 1567722461.8951197 bigbrain_3076_1809_1388.nii 140342236313408
increment_file 1567722461.8992293 1567722508.0522258 bigbrain_3076_1809_1388.nii 140342236313408
write_file 1567722508.08787 1567722527.5035124 inc-bigbrain_3076_1809_1388.nii 140342236313408
task_duration 1567722461.8578053 1567722527.5062213 1567722345-optaneAD_1it_96cpus_0delay_npc-4 140342236313408
read_file 1567722461.9100764 1567722461.9200284 bigbrain_3076_1206_2776.nii 140552507172672
increment_file 1567722461.9214215 1567722509.4428022 bigbrain_3076_1206_2776.nii 140552507172672
write_file 1567722509.456446 1567722517.7357173 inc-bigbrain_3076_1206_2776.nii 140552507172672
task_duration 1567722461.9009788 1567722517.7386053 1567722345-optaneAD_1it_96cpus_0delay_npc-4 140552507172672
read_file 1567722461.9116857 1567722461.9237828 bigbrain_2307_1206_694.nii 140174866388800
increment_file 1567722461.9266286 1567722508.1545825 bigbrain_2307_1206_694.nii 140174866388800
write_file 1567722508.2997167 1567722520.1547275 inc-bigbrain_2307_1206_694.nii 140174866388800
task_duration 1567722461.8999672 1567722520.157475 1567722345-optaneAD_1it_96cpus_0delay_npc-4 140174866388800
read_file 1567722461.9165096 1567722461.9280112 bigbrain_2307_1809_1388.nii 139962997921600
increment_file 1567722461.9303935 1567722509.4264648 bigbrain_2307_1809_1388.nii 139962997921600
write_file 1567722509.4381442 1567722525.5272424 inc-bigbrain_2307_1809_1388.nii 139962997921600
task_duration 1567722461.8989828 1567722525.5302942 1567722345-optaneAD_1it_96cpus_0delay_npc-4 139962997921600
read_file 1567722461.9242017 1567722461.9354079 bigbrain_3076_0_694.nii 139796517472064
increment_file 1567722461.9371781 1567722509.4278233 bigbrain_3076_0_694.nii 139796517472064
write_file 1567722509.4355593 1567722526.2169583 inc-bigbrain_3076_0_694.nii 139796517472064
task_duration 1567722461.916876 1567722526.2198954 1567722345-optaneAD_1it_96cpus_0delay_npc-4 139796517472064
read_file 1567722461.9271564 1567722461.942562 bigbrain_769_0_1388.nii 140711412635456
increment_file 1567722461.9449372 1567722509.453467 bigbrain_769_0_1388.nii 140711412635456
write_file 1567722509.5364373 1567722526.6622744 inc-bigbrain_769_0_1388.nii 140711412635456
task_duration 1567722461.9147637 1567722526.6653523 1567722345-optaneAD_1it_96cpus_0delay_npc-4 140711412635456
read_file 1567722461.9454477 1567722461.9627936 bigbrain_3076_603_0.nii 139786503726912
increment_file 1567722461.96485 1567722508.4611712 bigbrain_3076_603_0.nii 139786503726912
write_file 1567722508.4846025 1567722528.2196207 inc-bigbrain_3076_603_0.nii 139786503726912
task_duration 1567722461.9327543 1567722528.2222497 1567722345-optaneAD_1it_96cpus_0delay_npc-4 139786503726912
read_file 1567722461.974347 1567722461.9764433 bigbrain_769_603_0.nii 139687017326400
increment_file 1567722461.9776485 1567722509.410001 bigbrain_769_603_0.nii 139687017326400
write_file 1567722509.4306264 1567722523.9699757 inc-bigbrain_769_603_0.nii 139687017326400
task_duration 1567722461.9720256 1567722523.9733858 1567722345-optaneAD_1it_96cpus_0delay_npc-4 139687017326400
read_file 1567722461.9658678 1567722461.9769144 bigbrain_769_603_2776.nii 140357535147840
increment_file 1567722461.978627 1567722509.3748784 bigbrain_769_603_2776.nii 140357535147840
write_file 1567722509.4042408 1567722524.3786674 inc-bigbrain_769_603_2776.nii 140357535147840
task_duration 1567722461.9535894 1567722524.3815513 1567722345-optaneAD_1it_96cpus_0delay_npc-4 140357535147840
read_file 1567722461.9758594 1567722461.978494 bigbrain_769_2412_2776.nii 140270109075264
increment_file 1567722461.9795775 1567722508.2022264 bigbrain_769_2412_2776.nii 140270109075264
write_file 1567722508.2430606 1567722516.9775665 inc-bigbrain_769_2412_2776.nii 140270109075264
task_duration 1567722461.9734895 1567722516.980056 1567722345-optaneAD_1it_96cpus_0delay_npc-4 140270109075264
read_file 1567722461.975193 1567722461.9793901 bigbrain_769_1809_694.nii 139966592984896
increment_file 1567722461.9807284 1567722509.348093 bigbrain_769_1809_694.nii 139966592984896
write_file 1567722509.3932095 1567722525.0085888 inc-bigbrain_769_1809_694.nii 139966592984896
task_duration 1567722461.969814 1567722525.0115268 1567722345-optaneAD_1it_96cpus_0delay_npc-4 139966592984896
read_file 1567722461.978105 1567722461.989284 bigbrain_769_0_694.nii 140506455013184
increment_file 1567722461.9913304 1567722509.433836 bigbrain_769_0_694.nii 140506455013184
write_file 1567722509.4441864 1567722525.1421955 inc-bigbrain_769_0_694.nii 140506455013184
task_duration 1567722461.9656973 1567722525.1450677 1567722345-optaneAD_1it_96cpus_0delay_npc-4 140506455013184
read_file 1567722461.9891472 1567722462.0063722 bigbrain_1538_0_694.nii 140283808245568
increment_file 1567722462.008885 1567722508.4266884 bigbrain_1538_0_694.nii 140283808245568
write_file 1567722508.4679077 1567722528.1353526 inc-bigbrain_1538_0_694.nii 140283808245568
task_duration 1567722461.9727015 1567722528.1381493 1567722345-optaneAD_1it_96cpus_0delay_npc-4 140283808245568
read_file 1567722462.0487487 1567722462.0568523 bigbrain_3076_1206_2082.nii 140188281087808
increment_file 1567722462.059329 1567722508.432708 bigbrain_3076_1206_2082.nii 140188281087808
write_file 1567722508.453342 1567722519.5860538 inc-bigbrain_3076_1206_2082.nii 140188281087808
task_duration 1567722462.0380752 1567722519.5887148 1567722345-optaneAD_1it_96cpus_0delay_npc-4 140188281087808
read_file 1567722462.0630443 1567722462.07083 bigbrain_769_0_2776.nii 140280763377472
increment_file 1567722462.0715919 1567722508.4010518 bigbrain_769_0_2776.nii 140280763377472
write_file 1567722508.4171228 1567722526.461633 inc-bigbrain_769_0_2776.nii 140280763377472
task_duration 1567722462.0602975 1567722526.4642205 1567722345-optaneAD_1it_96cpus_0delay_npc-4 140280763377472
read_file 1567722462.0628734 1567722462.0714822 bigbrain_3076_603_2082.nii 140626683946816
increment_file 1567722462.073893 1567722508.4555082 bigbrain_3076_603_2082.nii 140626683946816
write_file 1567722508.4741032 1567722528.2272255 inc-bigbrain_3076_603_2082.nii 140626683946816
task_duration 1567722462.0525265 1567722528.2300415 1567722345-optaneAD_1it_96cpus_0delay_npc-4 140626683946816
read_file 1567722462.0836914 1567722462.0944462 bigbrain_769_2412_2082.nii 139776066172736
increment_file 1567722462.0955796 1567722508.2744308 bigbrain_769_2412_2082.nii 139776066172736
write_file 1567722508.2873724 1567722528.2465453 inc-bigbrain_769_2412_2082.nii 139776066172736
task_duration 1567722462.0806043 1567722528.2491617 1567722345-optaneAD_1it_96cpus_0delay_npc-4 139776066172736
read_file 1567722462.108633 1567722462.1229706 bigbrain_3076_2412_2776.nii 139764955445056
increment_file 1567722462.1264474 1567722508.5012686 bigbrain_3076_2412_2776.nii 139764955445056
write_file 1567722508.5193706 1567722515.429823 inc-bigbrain_3076_2412_2776.nii 139764955445056
task_duration 1567722462.096315 1567722515.4324393 1567722345-optaneAD_1it_96cpus_0delay_npc-4 139764955445056
read_file 1567722462.104136 1567722462.1239939 bigbrain_769_1206_1388.nii 139691368666944
increment_file 1567722462.1246789 1567722508.490835 bigbrain_769_1206_1388.nii 139691368666944
write_file 1567722508.4988832 1567722525.4386055 inc-bigbrain_769_1206_1388.nii 139691368666944
task_duration 1567722462.1016057 1567722525.4410682 1567722345-optaneAD_1it_96cpus_0delay_npc-4 139691368666944
read_file 1567722462.114898 1567722462.1286447 bigbrain_769_1809_0.nii 140572574795584
increment_file 1567722462.1342914 1567722509.4324653 bigbrain_769_1809_0.nii 140572574795584
write_file 1567722509.4437103 1567722527.2709131 inc-bigbrain_769_1809_0.nii 140572574795584
task_duration 1567722462.1008887 1567722527.2737951 1567722345-optaneAD_1it_96cpus_0delay_npc-4 140572574795584
read_file 1567722462.1397102 1567722462.145899 bigbrain_769_1809_1388.nii 140449136404288
increment_file 1567722462.1469333 1567722509.4341943 bigbrain_769_1809_1388.nii 140449136404288
write_file 1567722509.449708 1567722513.0670276 inc-bigbrain_769_1809_1388.nii 140449136404288
task_duration 1567722462.1360362 1567722513.0699048 1567722345-optaneAD_1it_96cpus_0delay_npc-4 140449136404288
read_file 1567722462.1412332 1567722462.1540172 bigbrain_769_603_2082.nii 140012146435904
increment_file 1567722462.1564362 1567722508.502645 bigbrain_769_603_2082.nii 140012146435904
write_file 1567722508.5191326 1567722523.1658895 inc-bigbrain_769_603_2082.nii 140012146435904
task_duration 1567722462.1270676 1567722523.168386 1567722345-optaneAD_1it_96cpus_0delay_npc-4 140012146435904
read_file 1567722462.1559677 1567722462.1583312 bigbrain_769_1206_694.nii 139715935913792
increment_file 1567722462.1599238 1567722508.5083063 bigbrain_769_1206_694.nii 139715935913792
write_file 1567722508.512401 1567722519.8497403 inc-bigbrain_769_1206_694.nii 139715935913792
task_duration 1567722462.1537478 1567722519.8522673 1567722345-optaneAD_1it_96cpus_0delay_npc-4 139715935913792
read_file 1567722462.164977 1567722462.1752992 bigbrain_2307_1809_0.nii 140386728687424
increment_file 1567722462.1793253 1567722509.427188 bigbrain_2307_1809_0.nii 140386728687424
write_file 1567722509.4365418 1567722525.8144634 inc-bigbrain_2307_1809_0.nii 140386728687424
task_duration 1567722462.1537817 1567722525.8174384 1567722345-optaneAD_1it_96cpus_0delay_npc-4 140386728687424
read_file 1567722462.1664107 1567722462.180048 bigbrain_769_1206_0.nii 140331112085312
increment_file 1567722462.181343 1567722509.4370167 bigbrain_769_1206_0.nii 140331112085312
write_file 1567722509.4458752 1567722522.1163988 inc-bigbrain_769_1206_0.nii 140331112085312
task_duration 1567722462.1624029 1567722522.1193013 1567722345-optaneAD_1it_96cpus_0delay_npc-4 140331112085312
read_file 1567722462.1673741 1567722462.1808 bigbrain_769_1809_2776.nii 139809158784832
increment_file 1567722462.182867 1567722509.44413 bigbrain_769_1809_2776.nii 139809158784832
write_file 1567722509.4551458 1567722517.8205485 inc-bigbrain_769_1809_2776.nii 139809158784832
task_duration 1567722462.1624014 1567722517.823529 1567722345-optaneAD_1it_96cpus_0delay_npc-4 139809158784832
read_file 1567722462.163933 1567722462.1808023 bigbrain_769_603_1388.nii 140185691387712
increment_file 1567722462.1836233 1567722509.4248338 bigbrain_769_603_1388.nii 140185691387712
write_file 1567722509.4301693 1567722526.553095 inc-bigbrain_769_603_1388.nii 140185691387712
task_duration 1567722462.1528902 1567722526.5570445 1567722345-optaneAD_1it_96cpus_0delay_npc-4 140185691387712
read_file 1567722462.1823723 1567722462.1953259 bigbrain_769_2412_1388.nii 139632053561152
increment_file 1567722462.197237 1567722509.4271512 bigbrain_769_2412_1388.nii 139632053561152
write_file 1567722509.434436 1567722521.6802328 inc-bigbrain_769_2412_1388.nii 139632053561152
task_duration 1567722462.1695812 1567722521.683006 1567722345-optaneAD_1it_96cpus_0delay_npc-4 139632053561152
read_file 1567722462.200527 1567722462.2096322 bigbrain_3076_603_694.nii 139791189059392
increment_file 1567722462.211466 1567722509.3908658 bigbrain_3076_603_694.nii 139791189059392
write_file 1567722509.4112124 1567722524.0834124 inc-bigbrain_3076_603_694.nii 139791189059392
task_duration 1567722462.190151 1567722524.0873263 1567722345-optaneAD_1it_96cpus_0delay_npc-4 139791189059392
read_file 1567722462.2003317 1567722462.2132735 bigbrain_769_2412_694.nii 140285635622720
increment_file 1567722462.2160976 1567722509.4331088 bigbrain_769_2412_694.nii 140285635622720
write_file 1567722509.4394767 1567722522.1730475 inc-bigbrain_769_2412_694.nii 140285635622720
task_duration 1567722462.1887715 1567722522.175944 1567722345-optaneAD_1it_96cpus_0delay_npc-4 140285635622720
read_file 1567722462.2062423 1567722462.2149284 bigbrain_3076_2412_2082.nii 140635000129344
increment_file 1567722462.2176402 1567722509.3589132 bigbrain_3076_2412_2082.nii 140635000129344
write_file 1567722509.3862092 1567722519.7628672 inc-bigbrain_3076_2412_2082.nii 140635000129344
task_duration 1567722462.1796727 1567722519.766118 1567722345-optaneAD_1it_96cpus_0delay_npc-4 140635000129344
read_file 1567722513.8242066 1567722513.8252285 bigbrain_769_603_694.nii 139685257963328
increment_file 1567722513.908533 1567722515.0491753 bigbrain_769_603_694.nii 139685257963328
write_file 1567722515.0516531 1567722528.2470858 inc-bigbrain_769_603_694.nii 139685257963328
task_duration 1567722513.8222246 1567722528.249923 1567722345-optaneAD_1it_96cpus_0delay_npc-4 139685257963328
