read_file 1567699281.172564 1567699281.173988 bigbrain_1538_1206_1388.nii 140384703387456
increment_file 1567699281.1742384 1567699289.6503167 bigbrain_1538_1206_1388.nii 140384703387456
write_file 1567699289.66116 1567699295.007881 inc-bigbrain_1538_1206_1388.nii 140384703387456
task_duration 1567699401.1704245 1567699535.1110876 1567698856-optaneAD_1it_25cpus_120delay_withpc-1 140384703387456
read_file 1567699281.173214 1567699281.1746874 bigbrain_1538_603_694.nii 140332763346752
increment_file 1567699281.1749318 1567699289.735658 bigbrain_1538_603_694.nii 140332763346752
write_file 1567699289.742695 1567699293.5347805 inc-bigbrain_1538_603_694.nii 140332763346752
task_duration 1567699401.1713285 1567699533.638695 1567698856-optaneAD_1it_25cpus_120delay_withpc-1 140332763346752
read_file 1567699281.173315 1567699281.174799 bigbrain_1538_1809_694.nii 140583620364096
increment_file 1567699281.1750581 1567699289.723652 bigbrain_1538_1809_694.nii 140583620364096
write_file 1567699289.7433932 1567699292.7720768 inc-bigbrain_1538_1809_694.nii 140583620364096
task_duration 1567699401.1713352 1567699532.8862395 1567698856-optaneAD_1it_25cpus_120delay_withpc-1 140583620364096
read_file 1567699281.1732724 1567699281.1748257 bigbrain_1538_1809_2776.nii 139655982450496
increment_file 1567699281.175117 1567699289.762658 bigbrain_1538_1809_2776.nii 139655982450496
write_file 1567699289.7894943 1567699292.787606 inc-bigbrain_1538_1809_2776.nii 139655982450496
task_duration 1567699401.1713438 1567699532.90165 1567698856-optaneAD_1it_25cpus_120delay_withpc-1 139655982450496
read_file 1567699281.1732247 1567699281.1751978 bigbrain_1538_2412_2776.nii 139976408237888
increment_file 1567699281.1755464 1567699289.8824897 bigbrain_1538_2412_2776.nii 139976408237888
write_file 1567699289.8906589 1567699293.3935258 inc-bigbrain_1538_2412_2776.nii 139976408237888
task_duration 1567699401.1695027 1567699533.497647 1567698856-optaneAD_1it_25cpus_120delay_withpc-1 139976408237888
read_file 1567699281.1748762 1567699281.1772594 bigbrain_2307_0_2082.nii 140524218246976
increment_file 1567699281.1775444 1567699290.3221335 bigbrain_2307_0_2082.nii 140524218246976
write_file 1567699290.326697 1567699294.6174777 inc-bigbrain_2307_0_2082.nii 140524218246976
task_duration 1567699401.171682 1567699534.7208729 1567698856-optaneAD_1it_25cpus_120delay_withpc-1 140524218246976
read_file 1567699281.1812196 1567699281.1832917 bigbrain_1538_603_0.nii 140358944958272
increment_file 1567699281.1835418 1567699290.3054783 bigbrain_1538_603_0.nii 140358944958272
write_file 1567699290.316608 1567699294.6222076 inc-bigbrain_1538_603_0.nii 140358944958272
task_duration 1567699401.17888 1567699534.7265031 1567698856-optaneAD_1it_25cpus_120delay_withpc-1 140358944958272
read_file 1567699281.1812756 1567699281.1833663 bigbrain_1538_0_694.nii 139866306598720
increment_file 1567699281.183627 1567699290.2980504 bigbrain_1538_0_694.nii 139866306598720
write_file 1567699290.3106742 1567699294.53688 inc-bigbrain_1538_0_694.nii 139866306598720
task_duration 1567699401.1789773 1567699534.6399395 1567698856-optaneAD_1it_25cpus_120delay_withpc-1 139866306598720
read_file 1567699281.1815662 1567699281.1836126 bigbrain_1538_1809_0.nii 140278914578240
increment_file 1567699281.1838853 1567699290.29816 bigbrain_1538_1809_0.nii 140278914578240
write_file 1567699290.313319 1567699293.6309872 inc-bigbrain_1538_1809_0.nii 140278914578240
task_duration 1567699401.1790934 1567699533.734531 1567698856-optaneAD_1it_25cpus_120delay_withpc-1 140278914578240
read_file 1567699281.1825314 1567699281.183834 bigbrain_1538_1809_1388.nii 139910280988480
increment_file 1567699281.1840591 1567699289.73925 bigbrain_1538_1809_1388.nii 139910280988480
write_file 1567699289.7427561 1567699294.9101286 inc-bigbrain_1538_1809_1388.nii 139910280988480
task_duration 1567699401.180778 1567699534.917445 1567698856-optaneAD_1it_25cpus_120delay_withpc-1 139910280988480
read_file 1567699281.1830933 1567699281.1847126 bigbrain_1538_603_1388.nii 140436857984832
increment_file 1567699281.185041 1567699290.0109499 bigbrain_1538_603_1388.nii 140436857984832
write_file 1567699290.0169654 1567699294.7441692 inc-bigbrain_1538_603_1388.nii 140436857984832
task_duration 1567699401.1809425 1567699534.8473196 1567698856-optaneAD_1it_25cpus_120delay_withpc-1 140436857984832
read_file 1567699281.1833098 1567699281.1861157 bigbrain_1538_603_2776.nii 139660120950592
increment_file 1567699281.1869557 1567699290.2905917 bigbrain_1538_603_2776.nii 139660120950592
write_file 1567699290.298325 1567699294.6085792 inc-bigbrain_1538_603_2776.nii 139660120950592
task_duration 1567699401.1802967 1567699534.6986947 1567698856-optaneAD_1it_25cpus_120delay_withpc-1 139660120950592
read_file 1567699281.1845233 1567699281.186232 bigbrain_1538_1206_2776.nii 139993187104576
increment_file 1567699281.1865652 1567699289.767473 bigbrain_1538_1206_2776.nii 139993187104576
write_file 1567699289.7705374 1567699293.1615462 inc-bigbrain_1538_1206_2776.nii 139993187104576
task_duration 1567699401.1823523 1567699533.26429 1567698856-optaneAD_1it_25cpus_120delay_withpc-1 139993187104576
read_file 1567699281.1839345 1567699281.1867461 bigbrain_1538_1206_2082.nii 139787737900864
increment_file 1567699281.187185 1567699289.7673707 bigbrain_1538_1206_2082.nii 139787737900864
write_file 1567699289.7862601 1567699293.2488697 inc-bigbrain_1538_1206_2082.nii 139787737900864
task_duration 1567699401.181708 1567699533.3518667 1567698856-optaneAD_1it_25cpus_120delay_withpc-1 139787737900864
read_file 1567699281.1873345 1567699281.189071 bigbrain_1538_0_2776.nii 139639692846912
increment_file 1567699281.1894717 1567699290.2911422 bigbrain_1538_0_2776.nii 139639692846912
write_file 1567699290.3049576 1567699294.6063702 inc-bigbrain_1538_0_2776.nii 139639692846912
task_duration 1567699401.1840491 1567699534.709188 1567698856-optaneAD_1it_25cpus_120delay_withpc-1 139639692846912
read_file 1567699281.187406 1567699281.190274 bigbrain_1538_2412_0.nii 140159057876800
increment_file 1567699281.1908143 1567699290.314228 bigbrain_1538_2412_0.nii 140159057876800
write_file 1567699290.3244734 1567699294.6540413 inc-bigbrain_1538_2412_0.nii 140159057876800
task_duration 1567699401.1841202 1567699534.7583687 1567698856-optaneAD_1it_25cpus_120delay_withpc-1 140159057876800
read_file 1567699281.1873546 1567699281.1908872 bigbrain_1538_603_2082.nii 140612847867712
increment_file 1567699281.191454 1567699290.3056984 bigbrain_1538_603_2082.nii 140612847867712
write_file 1567699290.3177114 1567699294.4507945 inc-bigbrain_1538_603_2082.nii 140612847867712
task_duration 1567699401.1840599 1567699534.5544002 1567698856-optaneAD_1it_25cpus_120delay_withpc-1 140612847867712
read_file 1567699281.1883166 1567699281.1920419 bigbrain_1538_1809_2082.nii 140656007612224
increment_file 1567699281.1925788 1567699290.3057883 bigbrain_1538_1809_2082.nii 140656007612224
write_file 1567699290.3187191 1567699294.7683465 inc-bigbrain_1538_1809_2082.nii 140656007612224
task_duration 1567699401.1858373 1567699534.8716743 1567698856-optaneAD_1it_25cpus_120delay_withpc-1 140656007612224
read_file 1567699281.1896358 1567699281.1955187 bigbrain_2307_0_1388.nii 140191567054656
increment_file 1567699281.196234 1567699290.3132968 bigbrain_2307_0_1388.nii 140191567054656
write_file 1567699290.3199332 1567699294.5488064 inc-bigbrain_2307_0_1388.nii 140191567054656
task_duration 1567699401.1860993 1567699534.651881 1567698856-optaneAD_1it_25cpus_120delay_withpc-1 140191567054656
read_file 1567699281.1920586 1567699281.1957943 bigbrain_1538_2412_1388.nii 140591030773568
increment_file 1567699281.1966443 1567699289.8071377 bigbrain_1538_2412_1388.nii 140591030773568
write_file 1567699289.8250182 1567699293.5226862 inc-bigbrain_1538_2412_1388.nii 140591030773568
task_duration 1567699401.1862407 1567699533.625809 1567698856-optaneAD_1it_25cpus_120delay_withpc-1 140591030773568
read_file 1567699281.1917324 1567699281.1959453 bigbrain_1538_1206_0.nii 140578244659008
increment_file 1567699281.1970463 1567699290.3052385 bigbrain_1538_1206_0.nii 140578244659008
write_file 1567699290.3172925 1567699294.5709457 inc-bigbrain_1538_1206_0.nii 140578244659008
task_duration 1567699401.1876109 1567699534.6741009 1567698856-optaneAD_1it_25cpus_120delay_withpc-1 140578244659008
read_file 1567699281.1937473 1567699281.1960764 bigbrain_2307_0_0.nii 139640513316672
increment_file 1567699281.1968112 1567699290.3059578 bigbrain_2307_0_0.nii 139640513316672
write_file 1567699290.3202522 1567699292.6205359 inc-bigbrain_2307_0_0.nii 139640513316672
task_duration 1567699401.1911016 1567699532.7269735 1567698856-optaneAD_1it_25cpus_120delay_withpc-1 139640513316672
read_file 1567699281.1929896 1567699281.1973672 bigbrain_1538_2412_2082.nii 140699008468800
increment_file 1567699281.1979904 1567699290.3054767 bigbrain_1538_2412_2082.nii 140699008468800
write_file 1567699290.31865 1567699294.5948198 inc-bigbrain_1538_2412_2082.nii 140699008468800
task_duration 1567699401.1898658 1567699534.647845 1567698856-optaneAD_1it_25cpus_120delay_withpc-1 140699008468800
read_file 1567699281.196605 1567699281.2018704 bigbrain_1538_2412_694.nii 140607619368768
increment_file 1567699281.202439 1567699289.7904477 bigbrain_1538_2412_694.nii 140607619368768
write_file 1567699289.8119702 1567699293.3722858 inc-bigbrain_1538_2412_694.nii 140607619368768
task_duration 1567699401.1921284 1567699533.4761631 1567698856-optaneAD_1it_25cpus_120delay_withpc-1 140607619368768
read_file 1567699281.1994982 1567699281.2078924 bigbrain_1538_1206_694.nii 139764516640576
increment_file 1567699281.2101176 1567699289.8437612 bigbrain_1538_1206_694.nii 139764516640576
write_file 1567699289.8671494 1567699293.4196727 inc-bigbrain_1538_1206_694.nii 139764516640576
task_duration 1567699401.189958 1567699533.5238857 1567698856-optaneAD_1it_25cpus_120delay_withpc-1 139764516640576
read_file 1567699414.6592028 1567699414.6614053 bigbrain_2307_0_2776.nii 140488065029952
increment_file 1567699414.6617322 1567699415.2259076 bigbrain_2307_0_2776.nii 140488065029952
write_file 1567699415.2282076 1567699416.0453513 inc-bigbrain_2307_0_2776.nii 140488065029952
task_duration 1567699534.6558175 1567699656.1568558 1567698856-optaneAD_1it_25cpus_120delay_withpc-1 140488065029952
read_file 1567699414.9454453 1567699414.9469812 bigbrain_2307_0_694.nii 140554834659136
increment_file 1567699414.9472606 1567699415.6490555 bigbrain_2307_0_694.nii 140554834659136
write_file 1567699415.6515446 1567699417.3502593 inc-bigbrain_2307_0_694.nii 140554834659136
task_duration 1567699534.9434574 1567699657.3826568 1567698856-optaneAD_1it_25cpus_120delay_withpc-1 140554834659136
read_file 1567699415.0338333 1567699415.0350447 bigbrain_2307_1206_0.nii 140558521284416
increment_file 1567699415.0352685 1567699415.748214 bigbrain_2307_1206_0.nii 140558521284416
write_file 1567699415.750478 1567699417.483488 inc-bigbrain_2307_1206_0.nii 140558521284416
task_duration 1567699535.03082 1567699657.5887153 1567698856-optaneAD_1it_25cpus_120delay_withpc-1 140558521284416
read_file 1567699417.3403583 1567699417.3415709 bigbrain_2307_1206_1388.nii 140163743586112
increment_file 1567699417.341791 1567699417.9128706 bigbrain_2307_1206_1388.nii 140163743586112
write_file 1567699417.9152813 1567699436.115842 inc-bigbrain_2307_1206_1388.nii 140163743586112
task_duration 1567699537.337641 1567699676.222954 1567698856-optaneAD_1it_25cpus_120delay_withpc-1 140163743586112
read_file 1567699417.787527 1567699417.7895396 bigbrain_2307_1206_2082.nii 140265939916608
increment_file 1567699417.7899249 1567699418.3359885 bigbrain_2307_1206_2082.nii 140265939916608
write_file 1567699418.3387105 1567699430.456321 inc-bigbrain_2307_1206_2082.nii 140265939916608
task_duration 1567699537.7848053 1567699670.5758498 1567698856-optaneAD_1it_25cpus_120delay_withpc-1 140265939916608
read_file 1567699418.1574242 1567699418.1586528 bigbrain_2307_1206_694.nii 139925016127296
increment_file 1567699418.1588857 1567699419.0947597 bigbrain_2307_1206_694.nii 139925016127296
write_file 1567699419.102293 1567699434.9547417 inc-bigbrain_2307_1206_694.nii 139925016127296
task_duration 1567699538.1552196 1567699674.9643562 1567698856-optaneAD_1it_25cpus_120delay_withpc-1 139925016127296
read_file 1567699418.1675534 1567699418.1687782 bigbrain_2307_1206_2776.nii 140583953880896
increment_file 1567699418.1690037 1567699419.131492 bigbrain_2307_1206_2776.nii 140583953880896
write_file 1567699419.1413376 1567699434.618103 inc-bigbrain_2307_1206_2776.nii 140583953880896
task_duration 1567699538.1655183 1567699674.7273638 1567698856-optaneAD_1it_25cpus_120delay_withpc-1 140583953880896
read_file 1567699418.2880163 1567699418.2891686 bigbrain_2307_1809_0.nii 139848101881664
increment_file 1567699418.2893822 1567699420.588166 bigbrain_2307_1809_0.nii 139848101881664
write_file 1567699420.6639826 1567699435.1902127 inc-bigbrain_2307_1809_0.nii 139848101881664
task_duration 1567699538.2850156 1567699675.2989645 1567698856-optaneAD_1it_25cpus_120delay_withpc-1 139848101881664
read_file 1567699418.4849951 1567699418.4863915 bigbrain_2307_1809_1388.nii 140551717111616
increment_file 1567699418.4866471 1567699427.2450192 bigbrain_2307_1809_1388.nii 140551717111616
write_file 1567699427.2660406 1567699436.7151566 inc-bigbrain_2307_1809_1388.nii 140551717111616
task_duration 1567699538.4831626 1567699676.819127 1567698856-optaneAD_1it_25cpus_120delay_withpc-1 140551717111616
read_file 1567699418.519211 1567699418.521457 bigbrain_2307_1809_2082.nii 139677824292672
increment_file 1567699418.5220866 1567699427.8168824 bigbrain_2307_1809_2082.nii 139677824292672
write_file 1567699427.8843737 1567699436.698927 inc-bigbrain_2307_1809_2082.nii 139677824292672
task_duration 1567699538.5163066 1567699676.8082237 1567698856-optaneAD_1it_25cpus_120delay_withpc-1 139677824292672
read_file 1567699418.627731 1567699418.6299226 bigbrain_2307_1809_2776.nii 140415403493184
increment_file 1567699418.6303566 1567699429.0636709 bigbrain_2307_1809_2776.nii 140415403493184
write_file 1567699429.1559153 1567699436.9727728 inc-bigbrain_2307_1809_2776.nii 140415403493184
task_duration 1567699538.6252174 1567699677.086804 1567698856-optaneAD_1it_25cpus_120delay_withpc-1 140415403493184
read_file 1567699419.5545526 1567699419.5565875 bigbrain_2307_2412_2082.nii 139753184012096
increment_file 1567699419.557663 1567699433.4289355 bigbrain_2307_2412_2082.nii 139753184012096
write_file 1567699433.4382124 1567699437.1041145 inc-bigbrain_2307_2412_2082.nii 139753184012096
task_duration 1567699539.5513406 1567699677.2066624 1567698856-optaneAD_1it_25cpus_120delay_withpc-1 139753184012096
read_file 1567699419.5742717 1567699419.5782583 bigbrain_2307_2412_1388.nii 139630797530944
increment_file 1567699419.5791326 1567699434.010164 bigbrain_2307_2412_1388.nii 139630797530944
write_file 1567699434.01588 1567699436.0686772 inc-bigbrain_2307_2412_1388.nii 139630797530944
task_duration 1567699539.5714054 1567699676.1747115 1567698856-optaneAD_1it_25cpus_120delay_withpc-1 139630797530944
read_file 1567699419.5765905 1567699419.5788414 bigbrain_2307_2412_0.nii 139706048227136
increment_file 1567699419.5795503 1567699434.010108 bigbrain_2307_2412_0.nii 139706048227136
write_file 1567699434.0158904 1567699437.3601453 inc-bigbrain_2307_2412_0.nii 139706048227136
task_duration 1567699539.5746846 1567699677.4643955 1567698856-optaneAD_1it_25cpus_120delay_withpc-1 139706048227136
read_file 1567699419.6132884 1567699419.6164727 bigbrain_2307_603_0.nii 140544491374400
increment_file 1567699419.6176937 1567699433.5557513 bigbrain_2307_603_0.nii 140544491374400
write_file 1567699433.5620852 1567699436.973423 inc-bigbrain_2307_603_0.nii 140544491374400
task_duration 1567699539.610081 1567699677.0791428 1567698856-optaneAD_1it_25cpus_120delay_withpc-1 140544491374400
read_file 1567699419.6203973 1567699419.6238585 bigbrain_2307_2412_2776.nii 139790137538368
increment_file 1567699419.624731 1567699434.015111 bigbrain_2307_2412_2776.nii 139790137538368
write_file 1567699434.0207114 1567699437.3706472 inc-bigbrain_2307_2412_2776.nii 139790137538368
task_duration 1567699539.617744 1567699677.4762712 1567698856-optaneAD_1it_25cpus_120delay_withpc-1 139790137538368
read_file 1567699419.63841 1567699419.642167 bigbrain_2307_2412_694.nii 139894668445504
increment_file 1567699419.6432679 1567699434.0176167 bigbrain_2307_2412_694.nii 139894668445504
write_file 1567699434.0227818 1567699437.3613343 inc-bigbrain_2307_2412_694.nii 139894668445504
task_duration 1567699539.6351647 1567699677.4658558 1567698856-optaneAD_1it_25cpus_120delay_withpc-1 139894668445504
read_file 1567699419.6462126 1567699419.647984 bigbrain_2307_603_1388.nii 140210327906112
increment_file 1567699419.648846 1567699434.0178013 bigbrain_2307_603_1388.nii 140210327906112
write_file 1567699434.0231729 1567699437.3708327 inc-bigbrain_2307_603_1388.nii 140210327906112
task_duration 1567699539.6434102 1567699677.4754763 1567698856-optaneAD_1it_25cpus_120delay_withpc-1 140210327906112
read_file 1567699419.6501148 1567699419.662028 bigbrain_2307_1809_694.nii 140289242453824
increment_file 1567699419.663695 1567699433.657308 bigbrain_2307_1809_694.nii 140289242453824
write_file 1567699433.707886 1567699437.8231895 inc-bigbrain_2307_1809_694.nii 140289242453824
task_duration 1567699539.6441789 1567699677.9273999 1567698856-optaneAD_1it_25cpus_120delay_withpc-1 140289242453824
read_file 1567699419.6744235 1567699419.6765776 bigbrain_3076_0_1388.nii 140599647008576
increment_file 1567699419.677328 1567699434.020043 bigbrain_3076_0_1388.nii 140599647008576
write_file 1567699434.0256412 1567699436.7103453 inc-bigbrain_3076_0_1388.nii 140599647008576
task_duration 1567699539.6716642 1567699676.8145704 1567698856-optaneAD_1it_25cpus_120delay_withpc-1 140599647008576
read_file 1567699419.6909766 1567699419.6981688 bigbrain_2307_603_2776.nii 140167972517696
increment_file 1567699419.7008526 1567699434.0220675 bigbrain_2307_603_2776.nii 140167972517696
write_file 1567699434.0266187 1567699437.3119287 inc-bigbrain_2307_603_2776.nii 140167972517696
task_duration 1567699539.680164 1567699677.418233 1567698856-optaneAD_1it_25cpus_120delay_withpc-1 140167972517696
read_file 1567699419.732395 1567699419.7433178 bigbrain_2307_603_2082.nii 140129454700352
increment_file 1567699419.7459188 1567699433.7696588 bigbrain_2307_603_2082.nii 140129454700352
write_file 1567699433.7974617 1567699437.1393805 inc-bigbrain_2307_603_2082.nii 140129454700352
task_duration 1567699539.7242956 1567699677.2416534 1567698856-optaneAD_1it_25cpus_120delay_withpc-1 140129454700352
read_file 1567699419.7539258 1567699419.764399 bigbrain_2307_603_694.nii 140147450808128
increment_file 1567699419.7678487 1567699433.768857 bigbrain_2307_603_694.nii 140147450808128
write_file 1567699433.7969449 1567699437.1481564 inc-bigbrain_2307_603_694.nii 140147450808128
task_duration 1567699539.7452784 1567699677.2509174 1567698856-optaneAD_1it_25cpus_120delay_withpc-1 140147450808128
read_file 1567699419.8221717 1567699419.8387551 bigbrain_3076_0_0.nii 140297687910208
increment_file 1567699419.8425217 1567699433.8002343 bigbrain_3076_0_0.nii 140297687910208
write_file 1567699433.8103993 1567699437.105618 inc-bigbrain_3076_0_0.nii 140297687910208
task_duration 1567699539.8136332 1567699677.2085667 1567698856-optaneAD_1it_25cpus_120delay_withpc-1 140297687910208
read_file 1567699420.016361 1567699420.042767 bigbrain_3076_0_2082.nii 139737589339968
increment_file 1567699420.0467691 1567699433.8693442 bigbrain_3076_0_2082.nii 139737589339968
write_file 1567699433.8748693 1567699437.8429801 inc-bigbrain_3076_0_2082.nii 139737589339968
task_duration 1567699540.0054626 1567699677.9466877 1567698856-optaneAD_1it_25cpus_120delay_withpc-1 139737589339968
read_file 1567699537.0989823 1567699537.1000516 bigbrain_3076_0_2776.nii 140039742539584
increment_file 1567699537.1002748 1567699537.6578567 bigbrain_3076_0_2776.nii 140039742539584
write_file 1567699537.6603122 1567699539.3178065 inc-bigbrain_3076_0_2776.nii 140039742539584
task_duration 1567699657.096121 1567699779.428496 1567698856-optaneAD_1it_25cpus_120delay_withpc-1 140039742539584
read_file 1567699538.2352674 1567699538.236932 bigbrain_3076_0_694.nii 140477302658880
increment_file 1567699538.2372239 1567699538.852795 bigbrain_3076_0_694.nii 140477302658880
write_file 1567699538.8552923 1567699540.4860003 inc-bigbrain_3076_0_694.nii 140477302658880
task_duration 1567699658.23294 1567699780.5909033 1567698856-optaneAD_1it_25cpus_120delay_withpc-1 140477302658880
read_file 1567699538.3530724 1567699538.35409 bigbrain_3076_1206_0.nii 139962991220544
increment_file 1567699538.3542984 1567699538.914436 bigbrain_3076_1206_0.nii 139962991220544
write_file 1567699538.9167304 1567699539.5334883 inc-bigbrain_3076_1206_0.nii 139962991220544
task_duration 1567699658.3499424 1567699779.6384258 1567698856-optaneAD_1it_25cpus_120delay_withpc-1 139962991220544
read_file 1567699551.4221497 1567699551.4236798 bigbrain_3076_1206_1388.nii 140690379511616
increment_file 1567699551.4239733 1567699551.9745772 bigbrain_3076_1206_1388.nii 140690379511616
write_file 1567699551.9767888 1567699553.510816 inc-bigbrain_3076_1206_1388.nii 140690379511616
task_duration 1567699671.420007 1567699793.5373726 1567698856-optaneAD_1it_25cpus_120delay_withpc-1 140690379511616
read_file 1567699555.6094644 1567699555.610613 bigbrain_3076_1206_2082.nii 139851564771136
increment_file 1567699555.6108541 1567699556.206004 bigbrain_3076_1206_2082.nii 139851564771136
write_file 1567699556.2083223 1567699558.2060032 inc-bigbrain_3076_1206_2082.nii 139851564771136
task_duration 1567699675.607857 1567699798.213049 1567698856-optaneAD_1it_25cpus_120delay_withpc-1 139851564771136
read_file 1567699555.9089236 1567699555.9099507 bigbrain_3076_1206_2776.nii 140686324868928
increment_file 1567699555.9101562 1567699556.4692702 bigbrain_3076_1206_2776.nii 140686324868928
write_file 1567699556.4718602 1567699557.1999788 inc-bigbrain_3076_1206_2776.nii 140686324868928
task_duration 1567699675.9069986 1567699797.2111394 1567698856-optaneAD_1it_25cpus_120delay_withpc-1 140686324868928
read_file 1567699556.0653694 1567699556.0667274 bigbrain_3076_1206_694.nii 140088767305536
increment_file 1567699556.0669858 1567699556.6158414 bigbrain_3076_1206_694.nii 140088767305536
write_file 1567699556.6182337 1567699557.4439764 inc-bigbrain_3076_1206_694.nii 140088767305536
task_duration 1567699676.0636508 1567699797.5485353 1567698856-optaneAD_1it_25cpus_120delay_withpc-1 140088767305536
read_file 1567699557.0881157 1567699557.0898383 bigbrain_3076_1809_0.nii 139894668457792
increment_file 1567699557.0901637 1567699557.8692496 bigbrain_3076_1809_0.nii 139894668457792
write_file 1567699557.8718631 1567699559.5870233 inc-bigbrain_3076_1809_0.nii 139894668457792
task_duration 1567699677.0857854 1567699799.69402 1567698856-optaneAD_1it_25cpus_120delay_withpc-1 139894668457792
read_file 1567699557.1247652 1567699557.1261497 bigbrain_3076_1809_1388.nii 139712350558016
increment_file 1567699557.1264217 1567699557.8807502 bigbrain_3076_1809_1388.nii 139712350558016
write_file 1567699557.8830366 1567699559.5618122 inc-bigbrain_3076_1809_1388.nii 139712350558016
task_duration 1567699677.1226974 1567699799.6719584 1567698856-optaneAD_1it_25cpus_120delay_withpc-1 139712350558016
read_file 1567699560.0693505 1567699560.0706923 bigbrain_3076_1809_694.nii 140422354941760
increment_file 1567699560.0709412 1567699560.7006018 bigbrain_3076_1809_694.nii 140422354941760
write_file 1567699560.702906 1567699573.6948476 inc-bigbrain_3076_1809_694.nii 140422354941760
task_duration 1567699680.0675747 1567699813.801409 1567698856-optaneAD_1it_25cpus_120delay_withpc-1 140422354941760
read_file 1567699560.154375 1567699560.1564233 bigbrain_3076_1809_2082.nii 139715005224768
increment_file 1567699560.1567867 1567699560.7465878 bigbrain_3076_1809_2082.nii 139715005224768
write_file 1567699560.7488697 1567699573.0046027 inc-bigbrain_3076_1809_2082.nii 139715005224768
task_duration 1567699680.1514935 1567699813.009221 1567698856-optaneAD_1it_25cpus_120delay_withpc-1 139715005224768
read_file 1567699560.1628551 1567699560.164555 bigbrain_3076_1809_2776.nii 140536466323264
increment_file 1567699560.1648414 1567699560.7551594 bigbrain_3076_1809_2776.nii 140536466323264
write_file 1567699560.7574947 1567699573.0261314 inc-bigbrain_3076_1809_2776.nii 140536466323264
task_duration 1567699680.1604989 1567699813.1312594 1567698856-optaneAD_1it_25cpus_120delay_withpc-1 140536466323264
read_file 1567699560.8938372 1567699560.8959856 bigbrain_3076_2412_0.nii 140256687957824
increment_file 1567699560.8963444 1567699571.0615983 bigbrain_3076_2412_0.nii 140256687957824
write_file 1567699571.1181095 1567699574.4138994 inc-bigbrain_3076_2412_0.nii 140256687957824
task_duration 1567699680.8909235 1567699814.5180473 1567698856-optaneAD_1it_25cpus_120delay_withpc-1 140256687957824
read_file 1567699560.8995793 1567699560.9012017 bigbrain_3076_2412_1388.nii 140662154463040
increment_file 1567699560.901488 1567699570.628793 bigbrain_3076_2412_1388.nii 140662154463040
write_file 1567699570.653642 1567699575.368275 inc-bigbrain_3076_2412_1388.nii 140662154463040
task_duration 1567699680.8974361 1567699815.4714274 1567698856-optaneAD_1it_25cpus_120delay_withpc-1 140662154463040
read_file 1567699561.0244856 1567699561.0270133 bigbrain_3076_2412_2082.nii 139623451686720
increment_file 1567699561.0273917 1567699572.9224262 bigbrain_3076_2412_2082.nii 139623451686720
write_file 1567699572.9326367 1567699574.807532 inc-bigbrain_3076_2412_2082.nii 139623451686720
task_duration 1567699681.0215926 1567699814.9103544 1567698856-optaneAD_1it_25cpus_120delay_withpc-1 139623451686720
read_file 1567699561.0637655 1567699561.065859 bigbrain_3076_2412_2776.nii 139950269056832
increment_file 1567699561.0662603 1567699572.9738443 bigbrain_3076_2412_2776.nii 139950269056832
write_file 1567699572.9772186 1567699574.895021 inc-bigbrain_3076_2412_2776.nii 139950269056832
task_duration 1567699681.061256 1567699814.9999578 1567698856-optaneAD_1it_25cpus_120delay_withpc-1 139950269056832
read_file 1567699561.0880673 1567699561.0898461 bigbrain_3076_2412_694.nii 140236121446208
increment_file 1567699561.0901837 1567699572.416437 bigbrain_3076_2412_694.nii 140236121446208
write_file 1567699572.4398386 1567699575.5864382 inc-bigbrain_3076_2412_694.nii 140236121446208
task_duration 1567699681.0848188 1567699815.6895282 1567698856-optaneAD_1it_25cpus_120delay_withpc-1 140236121446208
read_file 1567699561.0894945 1567699561.0907466 bigbrain_3076_603_0.nii 140689359890240
increment_file 1567699561.0910406 1567699572.4576836 bigbrain_3076_603_0.nii 140689359890240
write_file 1567699572.4619823 1567699575.3361797 inc-bigbrain_3076_603_0.nii 140689359890240
task_duration 1567699681.087257 1567699815.4390512 1567698856-optaneAD_1it_25cpus_120delay_withpc-1 140689359890240
read_file 1567699561.1911006 1567699561.1944604 bigbrain_3076_603_1388.nii 139858557749056
increment_file 1567699561.1953104 1567699572.808059 bigbrain_3076_603_1388.nii 139858557749056
write_file 1567699572.8420155 1567699575.5758777 inc-bigbrain_3076_603_1388.nii 139858557749056
task_duration 1567699681.1869998 1567699815.6787648 1567698856-optaneAD_1it_25cpus_120delay_withpc-1 139858557749056
read_file 1567699561.2379065 1567699561.2424731 bigbrain_3076_603_694.nii 140516260181824
increment_file 1567699561.243141 1567699572.8684437 bigbrain_3076_603_694.nii 140516260181824
write_file 1567699572.881473 1567699575.4269922 inc-bigbrain_3076_603_694.nii 140516260181824
task_duration 1567699681.2348685 1567699815.5414255 1567698856-optaneAD_1it_25cpus_120delay_withpc-1 140516260181824
read_file 1567699561.2504241 1567699561.258213 bigbrain_3076_603_2082.nii 140479055648576
increment_file 1567699561.259572 1567699572.909748 bigbrain_3076_603_2082.nii 140479055648576
write_file 1567699572.927092 1567699575.6142404 inc-bigbrain_3076_603_2082.nii 140479055648576
task_duration 1567699681.2438428 1567699815.7175698 1567698856-optaneAD_1it_25cpus_120delay_withpc-1 140479055648576
read_file 1567699561.257512 1567699561.264115 bigbrain_769_0_0.nii 139943177865024
increment_file 1567699561.265574 1567699572.923753 bigbrain_769_0_0.nii 139943177865024
write_file 1567699572.9338439 1567699575.5588393 inc-bigbrain_769_0_0.nii 139943177865024
task_duration 1567699681.2508721 1567699815.668207 1567698856-optaneAD_1it_25cpus_120delay_withpc-1 139943177865024
read_file 1567699561.2637765 1567699561.27471 bigbrain_3076_603_2776.nii 140520920958784
increment_file 1567699561.2777033 1567699573.0275896 bigbrain_3076_603_2776.nii 140520920958784
write_file 1567699573.030999 1567699574.7043462 inc-bigbrain_3076_603_2776.nii 140520920958784
task_duration 1567699681.257432 1567699814.8085773 1567698856-optaneAD_1it_25cpus_120delay_withpc-1 140520920958784
read_file 1567699561.33329 1567699561.336971 bigbrain_769_0_1388.nii 140646317569856
increment_file 1567699561.3382297 1567699573.030113 bigbrain_769_0_1388.nii 140646317569856
write_file 1567699573.035046 1567699574.872701 inc-bigbrain_769_0_1388.nii 140646317569856
task_duration 1567699681.3320184 1567699814.9810095 1567698856-optaneAD_1it_25cpus_120delay_withpc-1 140646317569856
read_file 1567699561.4399781 1567699561.4510646 bigbrain_769_0_2082.nii 140495313344320
increment_file 1567699561.4541821 1567699572.9568784 bigbrain_769_0_2082.nii 140495313344320
write_file 1567699572.9609244 1567699575.11475 inc-bigbrain_769_0_2082.nii 140495313344320
task_duration 1567699681.4321043 1567699815.2238119 1567698856-optaneAD_1it_25cpus_120delay_withpc-1 140495313344320
read_file 1567699660.4522614 1567699660.4536297 bigbrain_769_0_2776.nii 140056350578496
increment_file 1567699660.453895 1567699661.0320654 bigbrain_769_0_2776.nii 140056350578496
write_file 1567699661.0346568 1567699661.6601806 inc-bigbrain_769_0_2776.nii 140056350578496
task_duration 1567699780.450063 1567699901.7679343 1567698856-optaneAD_1it_25cpus_120delay_withpc-1 140056350578496
read_file 1567699660.4951596 1567699660.496918 bigbrain_769_0_694.nii 140682928518976
increment_file 1567699660.4972641 1567699661.1200333 bigbrain_769_0_694.nii 140682928518976
write_file 1567699661.122488 1567699662.827029 inc-bigbrain_769_0_694.nii 140682928518976
task_duration 1567699780.4926562 1567699902.9369795 1567698856-optaneAD_1it_25cpus_120delay_withpc-1 140682928518976
read_file 1567699661.2190566 1567699661.2199519 bigbrain_769_1206_0.nii 140614289372992
increment_file 1567699661.2201312 1567699661.7342787 bigbrain_769_1206_0.nii 140614289372992
write_file 1567699661.7364898 1567699662.3475733 inc-bigbrain_769_1206_0.nii 140614289372992
task_duration 1567699781.2167358 1567699902.3963766 1567698856-optaneAD_1it_25cpus_120delay_withpc-1 140614289372992
read_file 1567699674.3917952 1567699674.393041 bigbrain_769_1206_1388.nii 140594735605568
increment_file 1567699674.3932896 1567699674.8861687 bigbrain_769_1206_1388.nii 140594735605568
write_file 1567699674.8883438 1567699675.4710135 inc-bigbrain_769_1206_1388.nii 140594735605568
task_duration 1567699794.390069 1567699915.5810308 1567698856-optaneAD_1it_25cpus_120delay_withpc-1 140594735605568
read_file 1567699678.0531404 1567699678.0541918 bigbrain_769_1206_2082.nii 139966360307520
increment_file 1567699678.0543933 1567699678.5771468 bigbrain_769_1206_2082.nii 139966360307520
write_file 1567699678.5794072 1567699679.3398743 inc-bigbrain_769_1206_2082.nii 139966360307520
task_duration 1567699798.0509906 1567699919.449974 1567698856-optaneAD_1it_25cpus_120delay_withpc-1 139966360307520
read_file 1567699678.3866582 1567699678.3879788 bigbrain_769_1206_2776.nii 140020458035008
increment_file 1567699678.3882372 1567699679.045126 bigbrain_769_1206_2776.nii 140020458035008
write_file 1567699679.0474365 1567699680.7553425 inc-bigbrain_769_1206_2776.nii 140020458035008
task_duration 1567699798.384789 1567699920.8692958 1567698856-optaneAD_1it_25cpus_120delay_withpc-1 140020458035008
read_file 1567699678.8397577 1567699678.8408816 bigbrain_769_1206_694.nii 140477202405184
increment_file 1567699678.8410895 1567699679.5074315 bigbrain_769_1206_694.nii 140477202405184
write_file 1567699679.509812 1567699681.2282658 inc-bigbrain_769_1206_694.nii 140477202405184
task_duration 1567699798.8385024 1567699921.3339965 1567698856-optaneAD_1it_25cpus_120delay_withpc-1 140477202405184
read_file 1567699680.4796152 1567699680.4808614 bigbrain_769_1809_0.nii 140645216388928
increment_file 1567699680.4810967 1567699681.0173237 bigbrain_769_1809_0.nii 140645216388928
write_file 1567699681.0195658 1567699681.6450722 inc-bigbrain_769_1809_0.nii 140645216388928
task_duration 1567699800.4778166 1567699921.7502735 1567698856-optaneAD_1it_25cpus_120delay_withpc-1 140645216388928
read_file 1567699680.5058017 1567699680.5072937 bigbrain_769_1809_1388.nii 140574542014272
increment_file 1567699680.507516 1567699681.0433674 bigbrain_769_1809_1388.nii 140574542014272
write_file 1567699681.0456398 1567699681.6702344 inc-bigbrain_769_1809_1388.nii 140574542014272
task_duration 1567699800.5037625 1567699921.775048 1567698856-optaneAD_1it_25cpus_120delay_withpc-1 140574542014272
read_file 1567699693.8662403 1567699693.867963 bigbrain_769_1809_2082.nii 140179709232960
increment_file 1567699693.8681607 1567699694.4694223 bigbrain_769_1809_2082.nii 140179709232960
write_file 1567699694.471865 1567699695.9330237 inc-bigbrain_769_1809_2082.nii 140179709232960
task_duration 1567699813.863193 1567699936.045925 1567698856-optaneAD_1it_25cpus_120delay_withpc-1 140179709232960
read_file 1567699694.0089848 1567699694.0106122 bigbrain_769_1809_2776.nii 139842044815168
increment_file 1567699694.010976 1567699694.5755424 bigbrain_769_1809_2776.nii 139842044815168
write_file 1567699694.5779023 1567699695.2209089 inc-bigbrain_769_1809_2776.nii 139842044815168
task_duration 1567699814.0066798 1567699935.3306072 1567698856-optaneAD_1it_25cpus_120delay_withpc-1 139842044815168
read_file 1567699694.4549067 1567699694.4561791 bigbrain_769_1809_694.nii 139981619537728
increment_file 1567699694.4564245 1567699694.9859776 bigbrain_769_1809_694.nii 139981619537728
write_file 1567699694.9882572 1567699695.632551 inc-bigbrain_769_1809_694.nii 139981619537728
task_duration 1567699814.453263 1567699935.6714215 1567698856-optaneAD_1it_25cpus_120delay_withpc-1 139981619537728
read_file 1567699695.4207911 1567699695.4223342 bigbrain_769_2412_0.nii 140590135019328
increment_file 1567699695.4226086 1567699695.9606645 bigbrain_769_2412_0.nii 140590135019328
write_file 1567699695.963096 1567699696.559051 inc-bigbrain_769_2412_0.nii 140590135019328
task_duration 1567699815.4191422 1567699936.671983 1567698856-optaneAD_1it_25cpus_120delay_withpc-1 140590135019328
read_file 1567699696.6712635 1567699696.6735127 bigbrain_769_2412_1388.nii 139832936134464
increment_file 1567699696.6738968 1567699697.1875696 bigbrain_769_2412_1388.nii 139832936134464
write_file 1567699697.1898513 1567699702.3149989 inc-bigbrain_769_2412_1388.nii 139832936134464
task_duration 1567699816.6681025 1567699942.423253 1567698856-optaneAD_1it_25cpus_120delay_withpc-1 139832936134464
read_file 1567699696.9909337 1567699696.9926572 bigbrain_769_2412_2082.nii 140645159229248
increment_file 1567699696.9929655 1567699698.2094724 bigbrain_769_2412_2082.nii 140645159229248
write_file 1567699698.222485 1567699702.908249 inc-bigbrain_769_2412_2082.nii 140645159229248
task_duration 1567699816.9887066 1567699943.014135 1567698856-optaneAD_1it_25cpus_120delay_withpc-1 140645159229248
read_file 1567699697.1654038 1567699697.1667392 bigbrain_769_2412_694.nii 139656157964096
increment_file 1567699697.1669595 1567699700.6833537 bigbrain_769_2412_694.nii 139656157964096
write_file 1567699700.6874564 1567699703.9087427 inc-bigbrain_769_2412_694.nii 139656157964096
task_duration 1567699817.1623025 1567699944.0202026 1567698856-optaneAD_1it_25cpus_120delay_withpc-1 139656157964096
read_file 1567699697.194396 1567699697.196626 bigbrain_769_2412_2776.nii 140594901747520
increment_file 1567699697.1970212 1567699700.8831909 bigbrain_769_2412_2776.nii 140594901747520
write_file 1567699700.8983698 1567699704.2130547 inc-bigbrain_769_2412_2776.nii 140594901747520
task_duration 1567699817.1913238 1567699944.3252301 1567698856-optaneAD_1it_25cpus_120delay_withpc-1 140594901747520
read_file 1567699697.424076 1567699697.4258666 bigbrain_769_603_0.nii 139732086679360
increment_file 1567699697.4264965 1567699701.326865 bigbrain_769_603_0.nii 139732086679360
write_file 1567699701.340141 1567699703.2413635 inc-bigbrain_769_603_0.nii 139732086679360
task_duration 1567699817.4222202 1567699943.351058 1567698856-optaneAD_1it_25cpus_120delay_withpc-1 139732086679360
read_file 1567699697.561552 1567699697.5633557 bigbrain_769_603_1388.nii 139729048864576
increment_file 1567699697.5637767 1567699702.3674598 bigbrain_769_603_1388.nii 139729048864576
write_file 1567699702.3735132 1567699704.2552197 inc-bigbrain_769_603_1388.nii 139729048864576
task_duration 1567699817.5597756 1567699944.3588724 1567698856-optaneAD_1it_25cpus_120delay_withpc-1 139729048864576
read_file 1567699697.5655913 1567699697.5685258 bigbrain_769_603_2082.nii 140655200794432
increment_file 1567699697.568797 1567699702.3828845 bigbrain_769_603_2082.nii 140655200794432
write_file 1567699702.3922727 1567699704.0346453 inc-bigbrain_769_603_2082.nii 140655200794432
task_duration 1567699817.5630147 1567699944.1470032 1567698856-optaneAD_1it_25cpus_120delay_withpc-1 140655200794432
read_file 1567699697.5920055 1567699697.5947018 bigbrain_769_603_2776.nii 139665102591808
increment_file 1567699697.5949073 1567699702.3959584 bigbrain_769_603_2776.nii 139665102591808
write_file 1567699702.399232 1567699703.8120325 inc-bigbrain_769_603_2776.nii 139665102591808
task_duration 1567699817.5899944 1567699943.922712 1567698856-optaneAD_1it_25cpus_120delay_withpc-1 139665102591808
read_file 1567699697.693661 1567699697.699879 bigbrain_769_603_694.nii 140368240998208
increment_file 1567699697.7008042 1567699701.9606953 bigbrain_769_603_694.nii 140368240998208
write_file 1567699701.9770865 1567699703.312744 inc-bigbrain_769_603_694.nii 140368240998208
task_duration 1567699817.6908724 1567699943.4231155 1567698856-optaneAD_1it_25cpus_120delay_withpc-1 140368240998208
