read_file 1567717621.317887 1567717621.319169 bigbrain_769_603_694.nii 139660423780160
increment_file 1567717621.3193295 1567717621.7701793 bigbrain_769_603_694.nii 139660423780160
write_file 1567717621.779169 1567717622.2198586 inc-bigbrain_769_603_694.nii 139660423780160
task_duration 1567717621.3161986 1567717622.2223506 1567717051-tmpfsAD_1it_96cpus_0delay_npc-3 139660423780160
read_file 1567717618.1918807 1567717618.1973581 bigbrain_769_1809_694.nii 140607843542848
increment_file 1567717618.198378 1567717619.9846666 bigbrain_769_1809_694.nii 140607843542848
write_file 1567717620.010739 1567717621.6144125 inc-bigbrain_769_1809_694.nii 140607843542848
task_duration 1567717618.185805 1567717621.6181273 1567717051-tmpfsAD_1it_96cpus_0delay_npc-3 140607843542848
read_file 1567717618.169988 1567717618.1879077 bigbrain_769_2412_2082.nii 140259508033344
increment_file 1567717618.1887813 1567717620.012592 bigbrain_769_2412_2082.nii 140259508033344
write_file 1567717620.0389307 1567717621.6433692 inc-bigbrain_769_2412_2082.nii 140259508033344
task_duration 1567717618.1649024 1567717621.6472287 1567717051-tmpfsAD_1it_96cpus_0delay_npc-3 140259508033344
read_file 1567717618.1394644 1567717618.1453023 bigbrain_769_1809_2776.nii 139876317755200
increment_file 1567717618.1459768 1567717619.9779072 bigbrain_769_1809_2776.nii 139876317755200
write_file 1567717620.0036676 1567717621.6199992 inc-bigbrain_769_1809_2776.nii 139876317755200
task_duration 1567717618.1341496 1567717621.6251712 1567717051-tmpfsAD_1it_96cpus_0delay_npc-3 139876317755200
read_file 1567717618.1219351 1567717618.1407454 bigbrain_3076_0_2776.nii 140583887808320
increment_file 1567717618.1417456 1567717619.9830942 bigbrain_3076_0_2776.nii 140583887808320
write_file 1567717620.0093858 1567717621.4087815 inc-bigbrain_3076_0_2776.nii 140583887808320
task_duration 1567717618.1164334 1567717621.4209702 1567717051-tmpfsAD_1it_96cpus_0delay_npc-3 140583887808320
read_file 1567717618.119036 1567717618.1244016 bigbrain_769_0_694.nii 139866216441664
increment_file 1567717618.1252613 1567717619.965189 bigbrain_769_0_694.nii 139866216441664
write_file 1567717619.9918544 1567717621.611285 inc-bigbrain_769_0_694.nii 139866216441664
task_duration 1567717618.1097953 1567717621.6159043 1567717051-tmpfsAD_1it_96cpus_0delay_npc-3 139866216441664
read_file 1567717618.0939455 1567717618.0994399 bigbrain_769_2412_1388.nii 139717336418112
increment_file 1567717618.1001763 1567717619.9680858 bigbrain_769_2412_1388.nii 139717336418112
write_file 1567717619.9923587 1567717621.6305034 inc-bigbrain_769_2412_1388.nii 139717336418112
task_duration 1567717618.0888026 1567717621.6350265 1567717051-tmpfsAD_1it_96cpus_0delay_npc-3 139717336418112
read_file 1567717618.0856829 1567717618.0916386 bigbrain_769_1206_2082.nii 140329909819200
increment_file 1567717618.0925648 1567717619.9532588 bigbrain_769_1206_2082.nii 140329909819200
write_file 1567717619.9776876 1567717621.6217897 inc-bigbrain_769_1206_2082.nii 140329909819200
task_duration 1567717618.0792072 1567717621.6264794 1567717051-tmpfsAD_1it_96cpus_0delay_npc-3 140329909819200
read_file 1567717618.0586736 1567717618.062901 bigbrain_769_1206_0.nii 139754066732864
increment_file 1567717618.063382 1567717619.5472898 bigbrain_769_1206_0.nii 139754066732864
write_file 1567717619.574764 1567717620.9446998 inc-bigbrain_769_1206_0.nii 139754066732864
task_duration 1567717618.0552168 1567717620.9480479 1567717051-tmpfsAD_1it_96cpus_0delay_npc-3 139754066732864
read_file 1567717618.0573015 1567717618.0601504 bigbrain_769_1809_1388.nii 140264840267584
increment_file 1567717618.060622 1567717619.942816 bigbrain_769_1809_1388.nii 140264840267584
write_file 1567717619.970361 1567717621.6182878 inc-bigbrain_769_1809_1388.nii 140264840267584
task_duration 1567717618.0545802 1567717621.6235056 1567717051-tmpfsAD_1it_96cpus_0delay_npc-3 140264840267584
read_file 1567717617.971666 1567717617.9769754 bigbrain_769_603_0.nii 139786281191232
increment_file 1567717617.9776967 1567717619.8879502 bigbrain_769_603_0.nii 139786281191232
write_file 1567717619.9137716 1567717621.3786001 inc-bigbrain_769_603_0.nii 139786281191232
task_duration 1567717617.9665346 1567717621.390758 1567717051-tmpfsAD_1it_96cpus_0delay_npc-3 139786281191232
read_file 1567717617.9697022 1567717617.975002 bigbrain_769_603_2082.nii 140390957561664
increment_file 1567717617.975733 1567717619.8874104 bigbrain_769_603_2082.nii 140390957561664
write_file 1567717619.9144487 1567717621.5943217 inc-bigbrain_769_603_2082.nii 140390957561664
task_duration 1567717617.964384 1567717621.5991063 1567717051-tmpfsAD_1it_96cpus_0delay_npc-3 140390957561664
read_file 1567717617.9645817 1567717617.9695106 bigbrain_3076_1206_1388.nii 140641596868416
increment_file 1567717617.9700966 1567717619.8826756 bigbrain_3076_1206_1388.nii 140641596868416
write_file 1567717619.9101791 1567717621.6267512 inc-bigbrain_3076_1206_1388.nii 140641596868416
task_duration 1567717617.960175 1567717621.6320932 1567717051-tmpfsAD_1it_96cpus_0delay_npc-3 140641596868416
read_file 1567717617.9624553 1567717617.9668176 bigbrain_769_603_1388.nii 140469904041792
increment_file 1567717617.9672623 1567717619.4705536 bigbrain_769_603_1388.nii 140469904041792
write_file 1567717619.4969041 1567717620.9296186 inc-bigbrain_769_603_1388.nii 140469904041792
task_duration 1567717617.959196 1567717620.9333272 1567717051-tmpfsAD_1it_96cpus_0delay_npc-3 140469904041792
read_file 1567717617.9583385 1567717617.9637847 bigbrain_3076_603_2082.nii 140406908659520
increment_file 1567717617.9645026 1567717619.4208827 bigbrain_3076_603_2082.nii 140406908659520
write_file 1567717619.450818 1567717620.9409895 inc-bigbrain_3076_603_2082.nii 140406908659520
task_duration 1567717617.9526064 1567717620.9451401 1567717051-tmpfsAD_1it_96cpus_0delay_npc-3 140406908659520
read_file 1567717617.9543383 1567717617.9574041 bigbrain_769_2412_694.nii 140284400461632
increment_file 1567717617.9580202 1567717619.4046059 bigbrain_769_2412_694.nii 140284400461632
write_file 1567717619.4368432 1567717620.907444 inc-bigbrain_769_2412_694.nii 140284400461632
task_duration 1567717617.950974 1567717620.912254 1567717051-tmpfsAD_1it_96cpus_0delay_npc-3 140284400461632
read_file 1567717617.9282222 1567717617.9321337 bigbrain_769_1206_1388.nii 140094656960320
increment_file 1567717617.93259 1567717619.392052 bigbrain_769_1206_1388.nii 140094656960320
write_file 1567717619.418163 1567717620.849226 inc-bigbrain_769_1206_1388.nii 140094656960320
task_duration 1567717617.9249334 1567717620.8536236 1567717051-tmpfsAD_1it_96cpus_0delay_npc-3 140094656960320
read_file 1567717617.9237497 1567717617.9283583 bigbrain_3076_2412_694.nii 140687580469056
increment_file 1567717617.929161 1567717619.383991 bigbrain_3076_2412_694.nii 140687580469056
write_file 1567717619.4134352 1567717620.8874571 inc-bigbrain_3076_2412_694.nii 140687580469056
task_duration 1567717617.91911 1567717620.8920374 1567717051-tmpfsAD_1it_96cpus_0delay_npc-3 140687580469056
read_file 1567717617.9237432 1567717617.92824 bigbrain_3076_1809_0.nii 140480938071872
increment_file 1567717617.9290123 1567717619.382323 bigbrain_3076_1809_0.nii 140480938071872
write_file 1567717619.4139469 1567717620.8747482 inc-bigbrain_3076_1809_0.nii 140480938071872
task_duration 1567717617.9190369 1567717620.8801823 1567717051-tmpfsAD_1it_96cpus_0delay_npc-3 140480938071872
read_file 1567717617.912407 1567717617.9172096 bigbrain_769_2412_0.nii 140597938165568
increment_file 1567717617.9179583 1567717619.8160896 bigbrain_769_2412_0.nii 140597938165568
write_file 1567717619.8449516 1567717621.482391 inc-bigbrain_769_2412_0.nii 140597938165568
task_duration 1567717617.9066763 1567717621.491183 1567717051-tmpfsAD_1it_96cpus_0delay_npc-3 140597938165568
read_file 1567717617.9102192 1567717617.9129205 bigbrain_3076_603_694.nii 140248863766336
increment_file 1567717617.9132452 1567717619.4804268 bigbrain_3076_603_694.nii 140248863766336
write_file 1567717619.509025 1567717620.9365191 inc-bigbrain_3076_603_694.nii 140248863766336
task_duration 1567717617.9079316 1567717620.9400256 1567717051-tmpfsAD_1it_96cpus_0delay_npc-3 140248863766336
read_file 1567717617.905521 1567717617.9096212 bigbrain_3076_1809_1388.nii 140638193387328
increment_file 1567717617.9101975 1567717619.369164 bigbrain_3076_1809_1388.nii 140638193387328
write_file 1567717619.401758 1567717620.8840399 inc-bigbrain_3076_1809_1388.nii 140638193387328
task_duration 1567717617.9017985 1567717620.8886015 1567717051-tmpfsAD_1it_96cpus_0delay_npc-3 140638193387328
read_file 1567717617.8972287 1567717617.899858 bigbrain_3076_2412_0.nii 140191719720768
increment_file 1567717617.900242 1567717619.3722074 bigbrain_3076_2412_0.nii 140191719720768
write_file 1567717619.3959088 1567717620.8024652 inc-bigbrain_3076_2412_0.nii 140191719720768
task_duration 1567717617.8940866 1567717620.80867 1567717051-tmpfsAD_1it_96cpus_0delay_npc-3 140191719720768
read_file 1567717617.886796 1567717617.890365 bigbrain_3076_1809_694.nii 140454966945600
increment_file 1567717617.8909476 1567717619.3734653 bigbrain_3076_1809_694.nii 140454966945600
write_file 1567717619.401938 1567717620.825995 inc-bigbrain_3076_1809_694.nii 140454966945600
task_duration 1567717617.882352 1567717620.8354728 1567717051-tmpfsAD_1it_96cpus_0delay_npc-3 140454966945600
read_file 1567717617.8812292 1567717617.8853362 bigbrain_2307_603_0.nii 140624068302656
increment_file 1567717617.8859532 1567717619.3525636 bigbrain_2307_603_0.nii 140624068302656
write_file 1567717619.3832002 1567717620.8251023 inc-bigbrain_2307_603_0.nii 140624068302656
task_duration 1567717617.8766863 1567717620.8312025 1567717051-tmpfsAD_1it_96cpus_0delay_npc-3 140624068302656
read_file 1567717617.8800108 1567717617.8833995 bigbrain_3076_1206_694.nii 140263064926016
increment_file 1567717617.884011 1567717619.3523335 bigbrain_3076_1206_694.nii 140263064926016
write_file 1567717619.380797 1567717620.8659654 inc-bigbrain_3076_1206_694.nii 140263064926016
task_duration 1567717617.875713 1567717620.8706362 1567717051-tmpfsAD_1it_96cpus_0delay_npc-3 140263064926016
read_file 1567717617.863846 1567717617.8677666 bigbrain_3076_1206_0.nii 139843145004864
increment_file 1567717617.8684208 1567717619.3360298 bigbrain_3076_1206_0.nii 139843145004864
write_file 1567717619.3679318 1567717620.8269832 inc-bigbrain_3076_1206_0.nii 139843145004864
task_duration 1567717617.8595374 1567717620.8325412 1567717051-tmpfsAD_1it_96cpus_0delay_npc-3 139843145004864
read_file 1567717617.8467703 1567717617.8489277 bigbrain_769_1809_0.nii 140089978570560
increment_file 1567717617.8492389 1567717619.3193638 bigbrain_769_1809_0.nii 140089978570560
write_file 1567717619.3455362 1567717620.8201747 inc-bigbrain_769_1809_0.nii 140089978570560
task_duration 1567717617.8440335 1567717620.8255374 1567717051-tmpfsAD_1it_96cpus_0delay_npc-3 140089978570560
read_file 1567717617.8424258 1567717617.8472643 bigbrain_2307_2412_1388.nii 140424407807808
increment_file 1567717617.847883 1567717619.8266172 bigbrain_2307_2412_1388.nii 140424407807808
write_file 1567717619.8550344 1567717621.588873 inc-bigbrain_2307_2412_1388.nii 140424407807808
task_duration 1567717617.837558 1567717621.5933318 1567717051-tmpfsAD_1it_96cpus_0delay_npc-3 140424407807808
read_file 1567717617.832038 1567717617.8369286 bigbrain_769_603_2776.nii 140445159126848
increment_file 1567717617.8376567 1567717619.8021626 bigbrain_769_603_2776.nii 140445159126848
write_file 1567717619.829875 1567717621.5793304 inc-bigbrain_769_603_2776.nii 140445159126848
task_duration 1567717617.8278127 1567717621.5841892 1567717051-tmpfsAD_1it_96cpus_0delay_npc-3 140445159126848
read_file 1567717617.8309393 1567717617.8334165 bigbrain_769_2412_2776.nii 140457847498560
increment_file 1567717617.8337615 1567717619.3033357 bigbrain_769_2412_2776.nii 140457847498560
write_file 1567717619.3299823 1567717620.8462362 inc-bigbrain_769_2412_2776.nii 140457847498560
task_duration 1567717617.8282175 1567717620.8506234 1567717051-tmpfsAD_1it_96cpus_0delay_npc-3 140457847498560
read_file 1567717617.818677 1567717617.82507 bigbrain_769_1809_2082.nii 140714354841408
increment_file 1567717617.8256848 1567717619.781339 bigbrain_769_1809_2082.nii 140714354841408
write_file 1567717619.8226943 1567717621.5111647 inc-bigbrain_769_1809_2082.nii 140714354841408
task_duration 1567717617.8145094 1567717621.518534 1567717051-tmpfsAD_1it_96cpus_0delay_npc-3 140714354841408
read_file 1567717617.814067 1567717617.8174012 bigbrain_3076_1206_2776.nii 139677925779264
increment_file 1567717617.8177965 1567717619.2951472 bigbrain_3076_1206_2776.nii 139677925779264
write_file 1567717619.3230157 1567717620.8619285 inc-bigbrain_3076_1206_2776.nii 139677925779264
task_duration 1567717617.8112195 1567717620.8656645 1567717051-tmpfsAD_1it_96cpus_0delay_npc-3 139677925779264
read_file 1567717617.810337 1567717617.8152776 bigbrain_769_1206_2776.nii 140233408276288
increment_file 1567717617.8165634 1567717619.7551954 bigbrain_769_1206_2776.nii 140233408276288
write_file 1567717619.7893403 1567717621.5274568 inc-bigbrain_769_1206_2776.nii 140233408276288
task_duration 1567717617.8052473 1567717621.53363 1567717051-tmpfsAD_1it_96cpus_0delay_npc-3 140233408276288
read_file 1567717617.8081505 1567717617.811408 bigbrain_2307_1809_1388.nii 139803494876992
increment_file 1567717617.8117676 1567717619.2783675 bigbrain_2307_1809_1388.nii 139803494876992
write_file 1567717619.3073235 1567717620.8225791 inc-bigbrain_2307_1809_1388.nii 139803494876992
task_duration 1567717617.8054783 1567717620.8279245 1567717051-tmpfsAD_1it_96cpus_0delay_npc-3 139803494876992
read_file 1567717617.803021 1567717617.8059146 bigbrain_2307_603_694.nii 139651424737088
increment_file 1567717617.8065314 1567717619.2908678 bigbrain_2307_603_694.nii 139651424737088
write_file 1567717619.3215833 1567717620.806949 inc-bigbrain_2307_603_694.nii 139651424737088
task_duration 1567717617.799141 1567717620.81358 1567717051-tmpfsAD_1it_96cpus_0delay_npc-3 139651424737088
read_file 1567717617.799243 1567717617.804648 bigbrain_2307_2412_2776.nii 140216659220288
increment_file 1567717617.8052895 1567717619.733217 bigbrain_2307_2412_2776.nii 140216659220288
write_file 1567717619.7575424 1567717621.5322003 inc-bigbrain_2307_2412_2776.nii 140216659220288
task_duration 1567717617.7940242 1567717621.5382357 1567717051-tmpfsAD_1it_96cpus_0delay_npc-3 140216659220288
read_file 1567717617.7884629 1567717617.7926557 bigbrain_2307_2412_694.nii 140197916010304
increment_file 1567717617.7931466 1567717619.7409103 bigbrain_2307_2412_694.nii 140197916010304
write_file 1567717619.7838132 1567717621.5170114 inc-bigbrain_2307_2412_694.nii 140197916010304
task_duration 1567717617.784853 1567717621.5244215 1567717051-tmpfsAD_1it_96cpus_0delay_npc-3 140197916010304
read_file 1567717617.7684767 1567717617.7722123 bigbrain_769_0_2082.nii 139877020919616
increment_file 1567717617.7726617 1567717619.7592394 bigbrain_769_0_2082.nii 139877020919616
write_file 1567717619.7874155 1567717621.4945006 inc-bigbrain_769_0_2082.nii 139877020919616
task_duration 1567717617.7643735 1567717621.5062544 1567717051-tmpfsAD_1it_96cpus_0delay_npc-3 139877020919616
read_file 1567717617.7643137 1567717617.769195 bigbrain_2307_2412_0.nii 140486025836352
increment_file 1567717617.7698328 1567717619.2398744 bigbrain_2307_2412_0.nii 140486025836352
write_file 1567717619.2770517 1567717620.8076658 inc-bigbrain_2307_2412_0.nii 140486025836352
task_duration 1567717617.7599475 1567717620.814423 1567717051-tmpfsAD_1it_96cpus_0delay_npc-3 140486025836352
read_file 1567717617.7644491 1567717617.7689161 bigbrain_2307_1206_2776.nii 139940555495232
increment_file 1567717617.7695532 1567717619.754698 bigbrain_2307_1206_2776.nii 139940555495232
write_file 1567717619.784216 1567717621.5324671 inc-bigbrain_2307_1206_2776.nii 139940555495232
task_duration 1567717617.760864 1567717621.5398815 1567717051-tmpfsAD_1it_96cpus_0delay_npc-3 139940555495232
read_file 1567717617.7560549 1567717617.759358 bigbrain_2307_1206_2082.nii 140456681883456
increment_file 1567717617.7597613 1567717619.7551649 bigbrain_2307_1206_2082.nii 140456681883456
write_file 1567717619.782809 1567717621.487749 inc-bigbrain_2307_1206_2082.nii 140456681883456
task_duration 1567717617.7527475 1567717621.4979317 1567717051-tmpfsAD_1it_96cpus_0delay_npc-3 140456681883456
read_file 1567717617.7555766 1567717617.7577379 bigbrain_2307_1809_2082.nii 140613206619968
increment_file 1567717617.7580955 1567717619.6981926 bigbrain_2307_1809_2082.nii 140613206619968
write_file 1567717619.7518458 1567717621.5158336 inc-bigbrain_2307_1809_2082.nii 140613206619968
task_duration 1567717617.7530532 1567717621.5233305 1567717051-tmpfsAD_1it_96cpus_0delay_npc-3 140613206619968
read_file 1567717617.752239 1567717617.754496 bigbrain_2307_603_2082.nii 140060923524928
increment_file 1567717617.754894 1567717619.7168758 bigbrain_2307_603_2082.nii 140060923524928
write_file 1567717619.7517214 1567717621.5152485 inc-bigbrain_2307_603_2082.nii 140060923524928
task_duration 1567717617.7495615 1567717621.5227518 1567717051-tmpfsAD_1it_96cpus_0delay_npc-3 140060923524928
read_file 1567717617.7487276 1567717617.7513754 bigbrain_2307_603_2776.nii 139855454242624
increment_file 1567717617.7517223 1567717619.7371187 bigbrain_2307_603_2776.nii 139855454242624
write_file 1567717619.7683012 1567717621.5425234 inc-bigbrain_2307_603_2776.nii 139855454242624
task_duration 1567717617.7451456 1567717621.551196 1567717051-tmpfsAD_1it_96cpus_0delay_npc-3 139855454242624
read_file 1567717617.7410212 1567717617.7440906 bigbrain_2307_0_2082.nii 140423687092032
increment_file 1567717617.744622 1567717619.24624 bigbrain_2307_0_2082.nii 140423687092032
write_file 1567717619.2792504 1567717620.794179 inc-bigbrain_2307_0_2082.nii 140423687092032
task_duration 1567717617.7372797 1567717620.8012047 1567717051-tmpfsAD_1it_96cpus_0delay_npc-3 140423687092032
read_file 1567717617.733468 1567717617.7359266 bigbrain_2307_1809_694.nii 140583118313280
increment_file 1567717617.7363546 1567717619.7030778 bigbrain_2307_1809_694.nii 140583118313280
write_file 1567717619.7257037 1567717621.5221767 inc-bigbrain_2307_1809_694.nii 140583118313280
task_duration 1567717617.7310646 1567717621.5285494 1567717051-tmpfsAD_1it_96cpus_0delay_npc-3 140583118313280
read_file 1567717617.7243307 1567717617.726857 bigbrain_3076_1809_2776.nii 140255513749312
increment_file 1567717617.7270758 1567717619.198583 bigbrain_3076_1809_2776.nii 140255513749312
write_file 1567717619.2267838 1567717620.8115652 inc-bigbrain_3076_1809_2776.nii 140255513749312
task_duration 1567717617.7220342 1567717620.8176208 1567717051-tmpfsAD_1it_96cpus_0delay_npc-3 140255513749312
read_file 1567717617.7230272 1567717617.725607 bigbrain_1538_1809_694.nii 140266174543680
increment_file 1567717617.7259874 1567717619.2034242 bigbrain_1538_1809_694.nii 140266174543680
write_file 1567717619.236237 1567717620.806392 inc-bigbrain_1538_1809_694.nii 140266174543680
task_duration 1567717617.7198994 1567717620.8130558 1567717051-tmpfsAD_1it_96cpus_0delay_npc-3 140266174543680
read_file 1567717617.7221656 1567717617.7251897 bigbrain_1538_1206_0.nii 139780444133184
increment_file 1567717617.7255652 1567717619.1662638 bigbrain_1538_1206_0.nii 139780444133184
write_file 1567717619.2070847 1567717620.7617812 inc-bigbrain_1538_1206_0.nii 139780444133184
task_duration 1567717617.7198741 1567717620.7694886 1567717051-tmpfsAD_1it_96cpus_0delay_npc-3 139780444133184
read_file 1567717617.7227523 1567717617.7245455 bigbrain_3076_0_1388.nii 140257809696576
increment_file 1567717617.7248852 1567717619.1593378 bigbrain_3076_0_1388.nii 140257809696576
write_file 1567717619.1924229 1567717620.7387378 inc-bigbrain_3076_0_1388.nii 140257809696576
task_duration 1567717617.7203095 1567717620.7470624 1567717051-tmpfsAD_1it_96cpus_0delay_npc-3 140257809696576
read_file 1567717617.7209527 1567717617.7235603 bigbrain_2307_1206_694.nii 139748553967424
increment_file 1567717617.7239535 1567717619.1832442 bigbrain_2307_1206_694.nii 139748553967424
write_file 1567717619.2191093 1567717620.8089712 inc-bigbrain_2307_1206_694.nii 139748553967424
task_duration 1567717617.7185543 1567717620.815733 1567717051-tmpfsAD_1it_96cpus_0delay_npc-3 139748553967424
read_file 1567717617.7210135 1567717617.7230139 bigbrain_1538_603_2776.nii 140695374366528
increment_file 1567717617.7232876 1567717619.7045856 bigbrain_1538_603_2776.nii 140695374366528
write_file 1567717619.7394729 1567717621.504412 inc-bigbrain_1538_603_2776.nii 140695374366528
task_duration 1567717617.718306 1567717621.5136702 1567717051-tmpfsAD_1it_96cpus_0delay_npc-3 140695374366528
read_file 1567717617.7190118 1567717617.7210948 bigbrain_2307_0_2776.nii 139641281992512
increment_file 1567717617.7214224 1567717619.120856 bigbrain_2307_0_2776.nii 139641281992512
write_file 1567717619.1553698 1567717620.7006435 inc-bigbrain_2307_0_2776.nii 139641281992512
task_duration 1567717617.716027 1567717620.709546 1567717051-tmpfsAD_1it_96cpus_0delay_npc-3 139641281992512
read_file 1567717617.717606 1567717617.7193236 bigbrain_2307_0_0.nii 140633081550656
increment_file 1567717617.719487 1567717619.1244829 bigbrain_2307_0_0.nii 140633081550656
write_file 1567717619.1552985 1567717620.7055492 inc-bigbrain_2307_0_0.nii 140633081550656
task_duration 1567717617.7148163 1567717620.714655 1567717051-tmpfsAD_1it_96cpus_0delay_npc-3 140633081550656
read_file 1567717617.7165008 1567717617.7192073 bigbrain_1538_1206_2776.nii 140539675502400
increment_file 1567717617.719586 1567717619.6754656 bigbrain_1538_1206_2776.nii 140539675502400
write_file 1567717619.7053652 1567717621.4309185 inc-bigbrain_1538_1206_2776.nii 140539675502400
task_duration 1567717617.7138677 1567717621.442996 1567717051-tmpfsAD_1it_96cpus_0delay_npc-3 140539675502400
read_file 1567717617.713621 1567717617.7154639 bigbrain_1538_1809_2082.nii 140264716998464
increment_file 1567717617.7157154 1567717619.6667464 bigbrain_1538_1809_2082.nii 140264716998464
write_file 1567717619.711622 1567717621.5298574 inc-bigbrain_1538_1809_2082.nii 140264716998464
task_duration 1567717617.7114546 1567717621.5358949 1567717051-tmpfsAD_1it_96cpus_0delay_npc-3 140264716998464
read_file 1567717617.7116747 1567717617.7142513 bigbrain_1538_603_2082.nii 140476750493504
increment_file 1567717617.7145326 1567717619.6900964 bigbrain_1538_603_2082.nii 140476750493504
write_file 1567717619.7310395 1567717621.4841924 inc-bigbrain_1538_603_2082.nii 140476750493504
task_duration 1567717617.7089674 1567717621.4934175 1567717051-tmpfsAD_1it_96cpus_0delay_npc-3 140476750493504
read_file 1567717617.7111073 1567717617.7126417 bigbrain_3076_603_0.nii 140132936230720
increment_file 1567717617.712838 1567717619.1790845 bigbrain_3076_603_0.nii 140132936230720
write_file 1567717619.2076168 1567717620.76898 inc-bigbrain_3076_603_0.nii 140132936230720
task_duration 1567717617.7092528 1567717620.7764065 1567717051-tmpfsAD_1it_96cpus_0delay_npc-3 140132936230720
read_file 1567717617.7030034 1567717617.704797 bigbrain_769_0_1388.nii 140376722573120
increment_file 1567717617.7050438 1567717619.1617675 bigbrain_769_0_1388.nii 140376722573120
write_file 1567717619.190937 1567717620.7421536 inc-bigbrain_769_0_1388.nii 140376722573120
task_duration 1567717617.7006865 1567717620.7501812 1567717051-tmpfsAD_1it_96cpus_0delay_npc-3 140376722573120
read_file 1567717617.7010536 1567717617.7026463 bigbrain_1538_603_1388.nii 140380215363392
increment_file 1567717617.7028532 1567717619.6450956 bigbrain_1538_603_1388.nii 140380215363392
write_file 1567717619.6881413 1567717621.491086 inc-bigbrain_1538_603_1388.nii 140380215363392
task_duration 1567717617.6987288 1567717621.499822 1567717051-tmpfsAD_1it_96cpus_0delay_npc-3 140380215363392
read_file 1567717617.699316 1567717617.7010026 bigbrain_3076_1206_2082.nii 139823045076800
increment_file 1567717617.7011955 1567717619.1332018 bigbrain_3076_1206_2082.nii 139823045076800
write_file 1567717619.1662154 1567717620.7653832 inc-bigbrain_3076_1206_2082.nii 139823045076800
task_duration 1567717617.697365 1567717620.772768 1567717051-tmpfsAD_1it_96cpus_0delay_npc-3 139823045076800
read_file 1567717617.6980999 1567717617.7004519 bigbrain_2307_603_1388.nii 140264004613952
increment_file 1567717617.700642 1567717619.7147849 bigbrain_2307_603_1388.nii 140264004613952
write_file 1567717619.7522278 1567717621.51313 inc-bigbrain_2307_603_1388.nii 140264004613952
task_duration 1567717617.6947007 1567717621.5211885 1567717051-tmpfsAD_1it_96cpus_0delay_npc-3 140264004613952
read_file 1567717617.6965215 1567717617.6989455 bigbrain_3076_2412_2776.nii 140217811715904
increment_file 1567717617.6992426 1567717619.68108 bigbrain_3076_2412_2776.nii 140217811715904
write_file 1567717619.7371185 1567717621.564746 inc-bigbrain_3076_2412_2776.nii 140217811715904
task_duration 1567717617.693541 1567717621.5704103 1567717051-tmpfsAD_1it_96cpus_0delay_npc-3 140217811715904
read_file 1567717617.6966157 1567717617.6987991 bigbrain_3076_0_694.nii 140195597170496
increment_file 1567717617.6990402 1567717619.0920625 bigbrain_3076_0_694.nii 140195597170496
write_file 1567717619.1268213 1567717620.6550694 inc-bigbrain_3076_0_694.nii 140195597170496
task_duration 1567717617.6932645 1567717620.663277 1567717051-tmpfsAD_1it_96cpus_0delay_npc-3 140195597170496
read_file 1567717617.6918066 1567717617.6933868 bigbrain_1538_2412_2776.nii 140616865306432
increment_file 1567717617.6935725 1567717619.641527 bigbrain_1538_2412_2776.nii 140616865306432
write_file 1567717619.6833515 1567717621.4900932 inc-bigbrain_1538_2412_2776.nii 140616865306432
task_duration 1567717617.6899157 1567717621.4996064 1567717051-tmpfsAD_1it_96cpus_0delay_npc-3 140616865306432
read_file 1567717617.691581 1567717617.6932223 bigbrain_3076_2412_1388.nii 140064101758784
increment_file 1567717617.6934175 1567717619.0619457 bigbrain_3076_2412_1388.nii 140064101758784
write_file 1567717619.0951357 1567717620.6930215 inc-bigbrain_3076_2412_1388.nii 140064101758784
task_duration 1567717617.689711 1567717620.701194 1567717051-tmpfsAD_1it_96cpus_0delay_npc-3 140064101758784
read_file 1567717617.6916854 1567717617.6932185 bigbrain_2307_2412_2082.nii 139683393132352
increment_file 1567717617.6934114 1567717619.617305 bigbrain_2307_2412_2082.nii 139683393132352
write_file 1567717619.6571062 1567717621.4649518 inc-bigbrain_2307_2412_2082.nii 139683393132352
task_duration 1567717617.6899307 1567717621.4755642 1567717051-tmpfsAD_1it_96cpus_0delay_npc-3 139683393132352
read_file 1567717617.6902585 1567717617.6917112 bigbrain_1538_1809_2776.nii 139818280314688
increment_file 1567717617.6918802 1567717619.6579578 bigbrain_1538_1809_2776.nii 139818280314688
write_file 1567717619.6981564 1567717621.47129 inc-bigbrain_1538_1809_2776.nii 139818280314688
task_duration 1567717617.6874774 1567717621.480229 1567717051-tmpfsAD_1it_96cpus_0delay_npc-3 139818280314688
read_file 1567717617.6900475 1567717617.6916668 bigbrain_2307_0_694.nii 140710247556928
increment_file 1567717617.6918693 1567717619.083317 bigbrain_2307_0_694.nii 140710247556928
write_file 1567717619.1124997 1567717620.6379952 inc-bigbrain_2307_0_694.nii 140710247556928
task_duration 1567717617.688241 1567717620.647081 1567717051-tmpfsAD_1it_96cpus_0delay_npc-3 140710247556928
read_file 1567717617.6899807 1567717617.6914785 bigbrain_2307_1809_2776.nii 139738666948416
increment_file 1567717617.691683 1567717619.620262 bigbrain_2307_1809_2776.nii 139738666948416
write_file 1567717619.660185 1567717621.4535544 inc-bigbrain_2307_1809_2776.nii 139738666948416
task_duration 1567717617.6868436 1567717621.4633048 1567717051-tmpfsAD_1it_96cpus_0delay_npc-3 139738666948416
read_file 1567717617.6828825 1567717617.6845446 bigbrain_1538_2412_694.nii 139799034771264
increment_file 1567717617.6847453 1567717619.621417 bigbrain_1538_2412_694.nii 139799034771264
write_file 1567717619.6622522 1567717621.4542766 inc-bigbrain_1538_2412_694.nii 139799034771264
task_duration 1567717617.6807625 1567717621.4637063 1567717051-tmpfsAD_1it_96cpus_0delay_npc-3 139799034771264
read_file 1567717617.6822183 1567717617.6837986 bigbrain_3076_2412_2082.nii 140225594128192
increment_file 1567717617.6839886 1567717619.6109278 bigbrain_3076_2412_2082.nii 140225594128192
write_file 1567717619.6619663 1567717621.4824493 inc-bigbrain_3076_2412_2082.nii 140225594128192
task_duration 1567717617.680293 1567717621.491552 1567717051-tmpfsAD_1it_96cpus_0delay_npc-3 140225594128192
read_file 1567717617.6817687 1567717617.683317 bigbrain_1538_2412_0.nii 140438182864704
increment_file 1567717617.6835175 1567717619.6451085 bigbrain_1538_2412_0.nii 140438182864704
write_file 1567717619.685369 1567717621.405714 inc-bigbrain_1538_2412_0.nii 140438182864704
task_duration 1567717617.6800163 1567717621.4185042 1567717051-tmpfsAD_1it_96cpus_0delay_npc-3 140438182864704
read_file 1567717617.6643786 1567717617.666428 bigbrain_3076_1809_2082.nii 140209738659648
increment_file 1567717617.6666837 1567717619.604095 bigbrain_3076_1809_2082.nii 140209738659648
write_file 1567717619.6586936 1567717621.4531448 inc-bigbrain_3076_1809_2082.nii 140209738659648
task_duration 1567717617.6618896 1567717621.4621313 1567717051-tmpfsAD_1it_96cpus_0delay_npc-3 140209738659648
read_file 1567717617.662442 1567717617.6644447 bigbrain_1538_1809_0.nii 139735843206976
increment_file 1567717617.6647158 1567717619.0131328 bigbrain_1538_1809_0.nii 139735843206976
write_file 1567717619.0522969 1567717620.5922189 inc-bigbrain_1538_1809_0.nii 139735843206976
task_duration 1567717617.6600077 1567717620.6017044 1567717051-tmpfsAD_1it_96cpus_0delay_npc-3 139735843206976
read_file 1567717617.6599894 1567717617.6614218 bigbrain_1538_0_2776.nii 140277288404800
increment_file 1567717617.6616218 1567717619.5432997 bigbrain_1538_0_2776.nii 140277288404800
write_file 1567717619.581866 1567717621.3343942 inc-bigbrain_1538_0_2776.nii 140277288404800
task_duration 1567717617.6568096 1567717621.3465207 1567717051-tmpfsAD_1it_96cpus_0delay_npc-3 140277288404800
read_file 1567717617.6572626 1567717617.658867 bigbrain_769_0_2776.nii 140303525431104
increment_file 1567717617.6590502 1567717618.9687302 bigbrain_769_0_2776.nii 140303525431104
write_file 1567717619.0000136 1567717620.5486784 inc-bigbrain_769_0_2776.nii 140303525431104
task_duration 1567717617.6538634 1567717620.5592358 1567717051-tmpfsAD_1it_96cpus_0delay_npc-3 140303525431104
read_file 1567717617.6510715 1567717617.6524363 bigbrain_3076_603_2776.nii 139764830005056
increment_file 1567717617.6525888 1567717619.4970675 bigbrain_3076_603_2776.nii 139764830005056
write_file 1567717619.5311792 1567717621.331959 inc-bigbrain_3076_603_2776.nii 139764830005056
task_duration 1567717617.6493292 1567717621.3448043 1567717051-tmpfsAD_1it_96cpus_0delay_npc-3 139764830005056
read_file 1567717617.649615 1567717617.651013 bigbrain_3076_0_2082.nii 139701597386560
increment_file 1567717617.6511745 1567717618.9504755 bigbrain_3076_0_2082.nii 139701597386560
write_file 1567717618.9865832 1567717620.5137746 inc-bigbrain_3076_0_2082.nii 139701597386560
task_duration 1567717617.6479163 1567717620.524626 1567717051-tmpfsAD_1it_96cpus_0delay_npc-3 139701597386560
read_file 1567717617.649711 1567717617.6508904 bigbrain_1538_0_694.nii 139940315211584
increment_file 1567717617.6510363 1567717619.4869752 bigbrain_1538_0_694.nii 139940315211584
write_file 1567717619.5280912 1567717621.2928083 inc-bigbrain_1538_0_694.nii 139940315211584
task_duration 1567717617.6471293 1567717621.3057165 1567717051-tmpfsAD_1it_96cpus_0delay_npc-3 139940315211584
read_file 1567717617.6492233 1567717617.6507902 bigbrain_1538_2412_2082.nii 140300187871040
increment_file 1567717617.650978 1567717619.06356 bigbrain_1538_2412_2082.nii 140300187871040
write_file 1567717619.094913 1567717620.7134116 inc-bigbrain_1538_2412_2082.nii 140300187871040
task_duration 1567717617.6468484 1567717620.721292 1567717051-tmpfsAD_1it_96cpus_0delay_npc-3 140300187871040
read_file 1567717617.6488652 1567717617.650225 bigbrain_2307_1206_1388.nii 140474719717184
increment_file 1567717617.6503856 1567717619.0631866 bigbrain_2307_1206_1388.nii 140474719717184
write_file 1567717619.0930517 1567717620.7132974 inc-bigbrain_2307_1206_1388.nii 140474719717184
task_duration 1567717617.6464264 1567717620.7208257 1567717051-tmpfsAD_1it_96cpus_0delay_npc-3 140474719717184
read_file 1567717617.6480863 1567717617.6497731 bigbrain_1538_1206_694.nii 139916488628032
increment_file 1567717617.6499062 1567717619.524251 bigbrain_1538_1206_694.nii 139916488628032
write_file 1567717619.5580847 1567717621.3345664 inc-bigbrain_1538_1206_694.nii 139916488628032
task_duration 1567717617.6448233 1567717621.3445501 1567717051-tmpfsAD_1it_96cpus_0delay_npc-3 139916488628032
read_file 1567717617.6469564 1567717617.6492236 bigbrain_1538_1206_1388.nii 139863259326272
increment_file 1567717617.649347 1567717619.499983 bigbrain_1538_1206_1388.nii 139863259326272
write_file 1567717619.5862203 1567717621.3954506 inc-bigbrain_1538_1206_1388.nii 139863259326272
task_duration 1567717617.6437564 1567717621.4079826 1567717051-tmpfsAD_1it_96cpus_0delay_npc-3 139863259326272
read_file 1567717617.646894 1567717617.6491709 bigbrain_2307_1206_0.nii 140643049129792
increment_file 1567717617.649334 1567717619.534991 bigbrain_2307_1206_0.nii 140643049129792
write_file 1567717619.5732698 1567717621.3647587 inc-bigbrain_2307_1206_0.nii 140643049129792
task_duration 1567717617.6436317 1567717621.376508 1567717051-tmpfsAD_1it_96cpus_0delay_npc-3 140643049129792
read_file 1567717617.6477237 1567717617.6490493 bigbrain_769_1206_694.nii 140574446233408
increment_file 1567717617.6492128 1567717618.9228146 bigbrain_769_1206_694.nii 140574446233408
write_file 1567717618.9715345 1567717620.5768237 inc-bigbrain_769_1206_694.nii 140574446233408
task_duration 1567717617.6443307 1567717620.586472 1567717051-tmpfsAD_1it_96cpus_0delay_npc-3 140574446233408
read_file 1567717617.646563 1567717617.648831 bigbrain_1538_1206_2082.nii 140221984839488
increment_file 1567717617.6490796 1567717619.4467506 bigbrain_1538_1206_2082.nii 140221984839488
write_file 1567717619.4765139 1567717621.2939165 inc-bigbrain_1538_1206_2082.nii 140221984839488
task_duration 1567717617.6433933 1567717621.3059983 1567717051-tmpfsAD_1it_96cpus_0delay_npc-3 140221984839488
read_file 1567717617.6472561 1567717617.648786 bigbrain_2307_0_1388.nii 139624309868352
increment_file 1567717617.6489513 1567717618.9106448 bigbrain_2307_0_1388.nii 139624309868352
write_file 1567717618.9462008 1567717620.4718196 inc-bigbrain_2307_0_1388.nii 139624309868352
task_duration 1567717617.6440098 1567717620.4831603 1567717051-tmpfsAD_1it_96cpus_0delay_npc-3 139624309868352
read_file 1567717617.604434 1567717617.6066668 bigbrain_3076_0_0.nii 140583879706432
increment_file 1567717617.6068952 1567717618.9374437 bigbrain_3076_0_0.nii 140583879706432
write_file 1567717618.9726286 1567717620.526151 inc-bigbrain_3076_0_0.nii 140583879706432
task_duration 1567717617.601359 1567717620.535152 1567717051-tmpfsAD_1it_96cpus_0delay_npc-3 140583879706432
read_file 1567717617.6044343 1567717617.6065936 bigbrain_1538_603_0.nii 139769067661120
increment_file 1567717617.606866 1567717618.9361773 bigbrain_1538_603_0.nii 139769067661120
write_file 1567717618.9684424 1567717620.5178626 inc-bigbrain_1538_603_0.nii 139769067661120
task_duration 1567717617.6014009 1567717620.5281885 1567717051-tmpfsAD_1it_96cpus_0delay_npc-3 139769067661120
read_file 1567717617.6014428 1567717617.603034 bigbrain_1538_2412_1388.nii 139703927129920
increment_file 1567717617.603217 1567717618.8168235 bigbrain_1538_2412_1388.nii 139703927129920
write_file 1567717618.8623292 1567717620.4508889 inc-bigbrain_1538_2412_1388.nii 139703927129920
task_duration 1567717617.598083 1567717620.462256 1567717051-tmpfsAD_1it_96cpus_0delay_npc-3 139703927129920
read_file 1567717617.601302 1567717617.602962 bigbrain_769_0_0.nii 140181843871552
increment_file 1567717617.603165 1567717618.7701113 bigbrain_769_0_0.nii 140181843871552
write_file 1567717618.8110151 1567717620.319302 inc-bigbrain_769_0_0.nii 140181843871552
task_duration 1567717617.5982213 1567717620.3315742 1567717051-tmpfsAD_1it_96cpus_0delay_npc-3 140181843871552
read_file 1567717617.6012452 1567717617.6028497 bigbrain_1538_603_694.nii 140630739605312
increment_file 1567717617.6030426 1567717618.819454 bigbrain_1538_603_694.nii 140630739605312
write_file 1567717618.8593655 1567717620.435369 inc-bigbrain_1538_603_694.nii 140630739605312
task_duration 1567717617.5983872 1567717620.4470067 1567717051-tmpfsAD_1it_96cpus_0delay_npc-3 140630739605312
read_file 1567717617.6011314 1567717617.6027184 bigbrain_1538_1809_1388.nii 140602470168384
increment_file 1567717617.6029036 1567717618.7468307 bigbrain_1538_1809_1388.nii 140602470168384
write_file 1567717618.7855551 1567717620.3909783 inc-bigbrain_1538_1809_1388.nii 140602470168384
task_duration 1567717617.5980399 1567717620.4031835 1567717051-tmpfsAD_1it_96cpus_0delay_npc-3 140602470168384
read_file 1567717617.6011088 1567717617.6027167 bigbrain_3076_603_1388.nii 140025509488448
increment_file 1567717617.602894 1567717619.0923018 bigbrain_3076_603_1388.nii 140025509488448
write_file 1567717619.1444592 1567717621.4619684 inc-bigbrain_3076_603_1388.nii 140025509488448
task_duration 1567717617.5980573 1567717621.473173 1567717051-tmpfsAD_1it_96cpus_0delay_npc-3 140025509488448
read_file 1567717617.6011393 1567717617.602707 bigbrain_2307_1809_0.nii 140546976499520
increment_file 1567717617.6028984 1567717618.7559175 bigbrain_2307_1809_0.nii 140546976499520
write_file 1567717618.7974052 1567717620.2634146 inc-bigbrain_2307_1809_0.nii 140546976499520
task_duration 1567717617.5981333 1567717620.2763162 1567717051-tmpfsAD_1it_96cpus_0delay_npc-3 140546976499520
