read_file 1567719886.5255554 1567719890.7190087 bigbrain_2307_1809_1388.nii 140155910338368
increment_file 1567720218.1908376 1567720264.4269524 bigbrain_2307_1809_1388.nii 140155910338368
write_file 1567720415.6984625 1567720932.5397785 inc-bigbrain_2307_1809_1388.nii 140155910338368
task_duration 1567719886.5141928 1567720932.6738625 1567719858-isilonAD_1it_96cpus_0delay_npc-4 140155910338368
read_file 1567719886.0855713 1567719887.336954 bigbrain_1538_603_0.nii 139730400679744
increment_file 1567720141.7323663 1567720188.7456722 bigbrain_1538_603_0.nii 139730400679744
write_file 1567720414.7455688 1567720929.224837 inc-bigbrain_1538_603_0.nii 139730400679744
task_duration 1567719886.0670648 1567720932.5790582 1567719858-isilonAD_1it_96cpus_0delay_npc-4 139730400679744
read_file 1567719891.7409863 1567719902.0521739 bigbrain_769_603_2776.nii 139685908531008
increment_file 1567720375.8833964 1567720402.5767431 bigbrain_769_603_2776.nii 139685908531008
write_file 1567720415.7182255 1567720932.5473795 inc-bigbrain_769_603_2776.nii 139685908531008
task_duration 1567719891.5533824 1567720932.6796753 1567719858-isilonAD_1it_96cpus_0delay_npc-4 139685908531008
read_file 1567719886.398968 1567719888.1237001 bigbrain_769_1809_2082.nii 139862952720192
increment_file 1567720174.5937977 1567720221.377022 bigbrain_769_1809_2082.nii 139862952720192
write_file 1567720415.6791701 1567720932.5325422 inc-bigbrain_769_1809_2082.nii 139862952720192
task_duration 1567719886.3878875 1567720932.6679933 1567719858-isilonAD_1it_96cpus_0delay_npc-4 139862952720192
read_file 1567719887.1256607 1567719898.5720453 bigbrain_2307_2412_694.nii 140460141967168
increment_file 1567720346.1097913 1567720391.0667121 bigbrain_2307_2412_694.nii 140460141967168
write_file 1567720415.724263 1567720932.5534804 inc-bigbrain_2307_2412_694.nii 140460141967168
task_duration 1567719887.1149492 1567720932.6825516 1567719858-isilonAD_1it_96cpus_0delay_npc-4 140460141967168
read_file 1567719886.6448014 1567719891.9495194 bigbrain_2307_2412_2776.nii 140475439118144
increment_file 1567720236.0867116 1567720280.357468 bigbrain_2307_2412_2776.nii 140475439118144
write_file 1567720415.7020206 1567720932.5387154 inc-bigbrain_2307_2412_2776.nii 140475439118144
task_duration 1567719886.593823 1567720932.6726425 1567719858-isilonAD_1it_96cpus_0delay_npc-4 140475439118144
read_file 1567719885.765148 1567719886.9823492 bigbrain_1538_2412_2082.nii 140347364640576
increment_file 1567719984.383397 1567720033.5368369 bigbrain_1538_2412_2082.nii 140347364640576
write_file 1567720411.4304016 1567720932.52383 inc-bigbrain_1538_2412_2082.nii 140347364640576
task_duration 1567719885.7627192 1567720932.6634758 1567719858-isilonAD_1it_96cpus_0delay_npc-4 140347364640576
read_file 1567719886.5008826 1567719889.892557 bigbrain_769_0_694.nii 140542417409856
increment_file 1567720207.289101 1567720254.525272 bigbrain_769_0_694.nii 140542417409856
write_file 1567720415.6862965 1567720932.5381458 inc-bigbrain_769_0_694.nii 140542417409856
task_duration 1567719886.4837039 1567720932.6721268 1567719858-isilonAD_1it_96cpus_0delay_npc-4 140542417409856
read_file 1567719885.793618 1567719887.079246 bigbrain_2307_603_694.nii 139959993005888
increment_file 1567720033.669371 1567720081.5838208 bigbrain_2307_603_694.nii 139959993005888
write_file 1567720412.7429993 1567720928.1795716 inc-bigbrain_2307_603_694.nii 139959993005888
task_duration 1567719885.775534 1567720932.5690563 1567719858-isilonAD_1it_96cpus_0delay_npc-4 139959993005888
read_file 1567719885.5257037 1567719886.3603232 bigbrain_769_1206_694.nii 140709338089280
increment_file 1567719905.946084 1567719942.508511 bigbrain_769_1206_694.nii 140709338089280
write_file 1567720409.2022293 1567720932.5083218 inc-bigbrain_769_1206_694.nii 140709338089280
task_duration 1567719885.5179641 1567720932.6464634 1567719858-isilonAD_1it_96cpus_0delay_npc-4 140709338089280
read_file 1567719886.0847805 1567719887.3269584 bigbrain_1538_1809_2082.nii 139806886795072
increment_file 1567720130.7668438 1567720178.0396352 bigbrain_1538_1809_2082.nii 139806886795072
write_file 1567720414.4683926 1567720932.5005124 inc-bigbrain_1538_1809_2082.nii 139806886795072
task_duration 1567719886.0560963 1567720932.638824 1567719858-isilonAD_1it_96cpus_0delay_npc-4 139806886795072
read_file 1567719886.8017454 1567719894.1100137 bigbrain_769_1206_0.nii 140407320643392
increment_file 1567720266.177151 1567720309.6278238 bigbrain_769_1206_0.nii 140407320643392
write_file 1567720415.707898 1567720932.5391893 inc-bigbrain_769_1206_0.nii 140407320643392
task_duration 1567719886.7896688 1567720932.6731546 1567719858-isilonAD_1it_96cpus_0delay_npc-4 140407320643392
read_file 1567719885.6053047 1567719886.780302 bigbrain_3076_2412_2082.nii 140625405892416
increment_file 1567719933.4715874 1567719984.2509646 bigbrain_3076_2412_2082.nii 140625405892416
write_file 1567720409.6059995 1567720932.5198781 inc-bigbrain_3076_2412_2082.nii 140625405892416
task_duration 1567719885.585408 1567720932.6585724 1567719858-isilonAD_1it_96cpus_0delay_npc-4 140625405892416
read_file 1567719886.7770844 1567719893.3025172 bigbrain_3076_0_0.nii 139659339999040
increment_file 1567720261.49479 1567720308.1770892 bigbrain_3076_0_0.nii 139659339999040
write_file 1567720415.7042649 1567720932.5453122 inc-bigbrain_3076_0_0.nii 139659339999040
task_duration 1567719886.7640185 1567720932.677884 1567719858-isilonAD_1it_96cpus_0delay_npc-4 139659339999040
read_file 1567719886.0437744 1567719887.3046765 bigbrain_1538_2412_694.nii 140578820962112
increment_file 1567720116.0293975 1567720165.6003914 bigbrain_1538_2412_694.nii 140578820962112
write_file 1567720415.6700945 1567720932.530915 inc-bigbrain_1538_2412_694.nii 140578820962112
task_duration 1567719886.014861 1567720932.6661973 1567719858-isilonAD_1it_96cpus_0delay_npc-4 140578820962112
read_file 1567719886.0432742 1567719887.3038113 bigbrain_3076_603_0.nii 139997431236416
increment_file 1567720108.816053 1567720155.7867758 bigbrain_3076_603_0.nii 139997431236416
write_file 1567720414.1809866 1567720932.5212853 inc-bigbrain_3076_603_0.nii 139997431236416
task_duration 1567719886.0134058 1567720932.6607537 1567719858-isilonAD_1it_96cpus_0delay_npc-4 139997431236416
read_file 1567719886.4439418 1567719889.354054 bigbrain_1538_2412_0.nii 140372443608896
increment_file 1567720185.6762595 1567720232.6099699 bigbrain_1538_2412_0.nii 140372443608896
write_file 1567720415.3853872 1567720932.5255847 inc-bigbrain_1538_2412_0.nii 140372443608896
task_duration 1567719886.3903515 1567720932.6630342 1567719858-isilonAD_1it_96cpus_0delay_npc-4 140372443608896
read_file 1567719886.1629221 1567719887.3706136 bigbrain_3076_603_2082.nii 139775668946752
increment_file 1567720159.4194071 1567720209.2806926 bigbrain_3076_603_2082.nii 139775668946752
write_file 1567720415.0095906 1567720932.5425565 inc-bigbrain_3076_603_2082.nii 139775668946752
task_duration 1567719886.1359465 1567720932.676616 1567719858-isilonAD_1it_96cpus_0delay_npc-4 139775668946752
read_file 1567719885.5236638 1567719886.353489 bigbrain_3076_1809_694.nii 140697084303168
increment_file 1567719887.3748019 1567719900.4277358 bigbrain_3076_1809_694.nii 140697084303168
write_file 1567720372.837091 1567720415.69728 inc-bigbrain_3076_1809_694.nii 140697084303168
task_duration 1567719885.517733 1567720415.8967113 1567719858-isilonAD_1it_96cpus_0delay_npc-4 140697084303168
read_file 1567719885.5250936 1567719886.3596818 bigbrain_3076_0_1388.nii 140526375716672
increment_file 1567719903.2542849 1567719934.9149966 bigbrain_3076_0_1388.nii 140526375716672
write_file 1567720409.2015793 1567720932.5057578 inc-bigbrain_3076_0_1388.nii 140526375716672
task_duration 1567719885.5178132 1567720932.6431885 1567719858-isilonAD_1it_96cpus_0delay_npc-4 140526375716672
read_file 1567719885.9112427 1567719887.1063175 bigbrain_2307_603_0.nii 140139948894016
increment_file 1567720065.245253 1567720112.398251 bigbrain_2307_603_0.nii 140139948894016
write_file 1567720413.2831352 1567720932.4997854 inc-bigbrain_2307_603_0.nii 140139948894016
task_duration 1567719885.8793411 1567720932.6385446 1567719858-isilonAD_1it_96cpus_0delay_npc-4 140139948894016
read_file 1567719886.9262211 1567719895.3242195 bigbrain_769_1809_0.nii 140365948032832
increment_file 1567720306.3235836 1567720353.5632517 bigbrain_769_1809_0.nii 140365948032832
write_file 1567720415.7133515 1567720932.5504858 inc-bigbrain_769_1809_0.nii 140365948032832
task_duration 1567719886.9166505 1567720932.6806467 1567719858-isilonAD_1it_96cpus_0delay_npc-4 140365948032832
read_file 1567719885.7712693 1567719887.0538485 bigbrain_769_1809_2776.nii 139983070246720
increment_file 1567719998.9212017 1567720046.152536 bigbrain_769_1809_2776.nii 139983070246720
write_file 1567720411.930875 1567720932.5190709 inc-bigbrain_769_1809_2776.nii 139983070246720
task_duration 1567719885.7672708 1567720932.6573315 1567719858-isilonAD_1it_96cpus_0delay_npc-4 139983070246720
read_file 1567719886.9049885 1567719895.0543902 bigbrain_2307_1809_2082.nii 139879531001664
increment_file 1567720295.1779397 1567720342.3681102 bigbrain_2307_1809_2082.nii 139879531001664
write_file 1567720415.7121975 1567720932.52747 inc-bigbrain_2307_1809_2082.nii 139879531001664
task_duration 1567719886.8938243 1567720932.6642532 1567719858-isilonAD_1it_96cpus_0delay_npc-4 139879531001664
read_file 1567719886.5842323 1567719891.123353 bigbrain_3076_603_1388.nii 140353876870976
increment_file 1567720225.1405125 1567720272.8807175 bigbrain_3076_603_1388.nii 140353876870976
write_file 1567720415.7014337 1567720932.5215 inc-bigbrain_3076_603_1388.nii 140353876870976
task_duration 1567719886.5353167 1567720932.6592534 1567719858-isilonAD_1it_96cpus_0delay_npc-4 140353876870976
read_file 1567719885.7737234 1567719887.056791 bigbrain_1538_1206_2776.nii 140657399433024
increment_file 1567720005.7134633 1567720053.506816 bigbrain_1538_1206_2776.nii 140657399433024
write_file 1567720412.4860795 1567720932.5085077 inc-bigbrain_1538_1206_2776.nii 140657399433024
task_duration 1567719885.770947 1567720932.6464736 1567719858-isilonAD_1it_96cpus_0delay_npc-4 140657399433024
read_file 1567719886.2749875 1567719887.3711455 bigbrain_769_0_0.nii 139996073305920
increment_file 1567720163.4765592 1567720210.7325635 bigbrain_769_0_0.nii 139996073305920
write_file 1567720415.1446924 1567720932.542115 inc-bigbrain_769_0_0.nii 139996073305920
task_duration 1567719886.2467904 1567720932.6755693 1567719858-isilonAD_1it_96cpus_0delay_npc-4 139996073305920
read_file 1567720932.9208798 1567720932.9387057 bigbrain_769_603_694.nii 140350666049344
increment_file 1567720932.9464939 1567720938.408688 bigbrain_769_603_694.nii 140350666049344
write_file 1567720938.4505749 1567720944.6323602 inc-bigbrain_769_603_694.nii 140350666049344
task_duration 1567720932.9095614 1567720944.6401424 1567719858-isilonAD_1it_96cpus_0delay_npc-4 140350666049344
read_file 1567719885.57977 1567719886.6782637 bigbrain_769_2412_2776.nii 139794861102912
increment_file 1567719914.0740693 1567719954.4937804 bigbrain_769_2412_2776.nii 139794861102912
write_file 1567720409.2027712 1567720823.864734 inc-bigbrain_769_2412_2776.nii 139794861102912
task_duration 1567719885.5774388 1567720931.9633372 1567719858-isilonAD_1it_96cpus_0delay_npc-4 139794861102912
read_file 1567719885.5260615 1567719886.3792217 bigbrain_2307_603_2776.nii 140207792125760
increment_file 1567719909.929387 1567719947.9616902 bigbrain_2307_603_2776.nii 140207792125760
write_file 1567720409.2032814 1567720932.5068944 inc-bigbrain_2307_603_2776.nii 140207792125760
task_duration 1567719885.5180843 1567720932.6453276 1567719858-isilonAD_1it_96cpus_0delay_npc-4 140207792125760
read_file 1567719886.5250993 1567719890.5834336 bigbrain_1538_2412_1388.nii 140227451676480
increment_file 1567720214.2084737 1567720261.360792 bigbrain_1538_2412_1388.nii 140227451676480
write_file 1567720415.6814523 1567720932.530109 inc-bigbrain_1538_2412_1388.nii 140227451676480
task_duration 1567719886.5114777 1567720932.6655846 1567719858-isilonAD_1it_96cpus_0delay_npc-4 140227451676480
read_file 1567719886.8294358 1567719894.5145123 bigbrain_3076_1206_694.nii 140533459650368
increment_file 1567720281.9626572 1567720328.3356633 bigbrain_3076_1206_694.nii 140533459650368
write_file 1567720415.7074325 1567720932.5233023 inc-bigbrain_3076_1206_694.nii 140533459650368
task_duration 1567719886.7938256 1567720932.661128 1567719858-isilonAD_1it_96cpus_0delay_npc-4 140533459650368
read_file 1567719885.79267 1567719887.078195 bigbrain_3076_1206_0.nii 139924078782272
increment_file 1567720020.9784193 1567720070.938644 bigbrain_3076_1206_0.nii 139924078782272
write_file 1567720412.3659666 1567720932.5013824 inc-bigbrain_3076_1206_0.nii 139924078782272
task_duration 1567719885.775782 1567720932.6402771 1567719858-isilonAD_1it_96cpus_0delay_npc-4 139924078782272
read_file 1567719887.344685 1567719900.562368 bigbrain_769_2412_694.nii 139651845625664
increment_file 1567720370.9936671 1567720401.9369018 bigbrain_769_2412_694.nii 139651845625664
write_file 1567720415.7289374 1567720932.557834 inc-bigbrain_769_2412_694.nii 139651845625664
task_duration 1567719887.3323147 1567720932.6859112 1567719858-isilonAD_1it_96cpus_0delay_npc-4 139651845625664
read_file 1567719886.0851786 1567719887.327771 bigbrain_1538_0_2776.nii 140492040738624
increment_file 1567720137.7225444 1567720185.6771915 bigbrain_1538_0_2776.nii 140492040738624
write_file 1567720414.6080036 1567720932.5336988 inc-bigbrain_1538_0_2776.nii 140492040738624
task_duration 1567719886.0577679 1567720932.668148 1567719858-isilonAD_1it_96cpus_0delay_npc-4 140492040738624
read_file 1567719885.582578 1567719886.7301722 bigbrain_1538_1206_0.nii 140006366979904
increment_file 1567719916.480746 1567719959.9468741 bigbrain_1538_1206_0.nii 140006366979904
write_file 1567720409.2039874 1567720819.4624896 inc-bigbrain_1538_1206_0.nii 140006366979904
task_duration 1567719885.579203 1567720930.9195485 1567719858-isilonAD_1it_96cpus_0delay_npc-4 140006366979904
read_file 1567719885.7464316 1567719886.7877018 bigbrain_3076_2412_1388.nii 140537221150528
increment_file 1567719944.9134014 1567719993.0686803 bigbrain_3076_2412_1388.nii 140537221150528
write_file 1567720409.891505 1567720932.5124168 inc-bigbrain_3076_2412_1388.nii 140537221150528
task_duration 1567719885.7427251 1567720932.6492555 1567719858-isilonAD_1it_96cpus_0delay_npc-4 140537221150528
read_file 1567719885.7472486 1567719886.7884412 bigbrain_2307_1206_2776.nii 139984677222208
increment_file 1567719948.7620997 1567719998.7888327 bigbrain_2307_1206_2776.nii 139984677222208
write_file 1567720410.1595156 1567720932.5104594 inc-bigbrain_2307_1206_2776.nii 139984677222208
task_duration 1567719885.744845 1567720932.6484063 1567719858-isilonAD_1it_96cpus_0delay_npc-4 139984677222208
read_file 1567719886.3500798 1567719887.3722441 bigbrain_3076_0_694.nii 140719336695616
increment_file 1567720170.5542364 1567720218.0585551 bigbrain_3076_0_694.nii 140719336695616
write_file 1567720415.6839106 1567720932.5334275 inc-bigbrain_3076_0_694.nii 140719336695616
task_duration 1567719886.2969434 1567720932.6685588 1567719858-isilonAD_1it_96cpus_0delay_npc-4 140719336695616
read_file 1567719886.1238286 1567719887.350211 bigbrain_3076_1809_2776.nii 139830754457408
increment_file 1567720148.575773 1567720196.1219985 bigbrain_3076_1809_2776.nii 139830754457408
write_file 1567720415.6850893 1567720932.5363472 inc-bigbrain_3076_1809_2776.nii 139830754457408
task_duration 1567719886.0940464 1567720932.6717002 1567719858-isilonAD_1it_96cpus_0delay_npc-4 139830754457408
read_file 1567719885.5248306 1567719886.355071 bigbrain_769_0_2776.nii 140681553745728
increment_file 1567719896.5517626 1567719921.2713296 bigbrain_769_0_2776.nii 140681553745728
write_file 1567720409.2009223 1567720932.5165584 inc-bigbrain_769_0_2776.nii 140681553745728
task_duration 1567719885.5186846 1567720932.655422 1567719858-isilonAD_1it_96cpus_0delay_npc-4 140681553745728
read_file 1567719897.403493 1567719907.284104 bigbrain_769_1206_2776.nii 139732765857600
increment_file 1567720383.592779 1567720409.172006 bigbrain_769_1206_2776.nii 139732765857600
write_file 1567720415.7385063 1567720932.5501165 inc-bigbrain_769_1206_2776.nii 139732765857600
task_duration 1567719896.964435 1567720932.6812167 1567719858-isilonAD_1it_96cpus_0delay_npc-4 139732765857600
read_file 1567719885.7633805 1567719886.9726605 bigbrain_2307_1809_694.nii 139644155348800
increment_file 1567719977.03971 1567720024.5624967 bigbrain_2307_1809_694.nii 139644155348800
write_file 1567720411.2357776 1567720925.4634295 inc-bigbrain_2307_1809_694.nii 139644155348800
task_duration 1567719885.7606926 1567720932.5596435 1567719858-isilonAD_1it_96cpus_0delay_npc-4 139644155348800
read_file 1567719887.3218107 1567719900.1879227 bigbrain_2307_2412_2082.nii 140144528635712
increment_file 1567720362.9579492 1567720399.4195013 bigbrain_2307_2412_2082.nii 140144528635712
write_file 1567720415.7249162 1567720932.5466237 inc-bigbrain_2307_2412_2082.nii 140144528635712
task_duration 1567719887.3128197 1567720932.6791296 1567719858-isilonAD_1it_96cpus_0delay_npc-4 140144528635712
read_file 1567719885.5857415 1567719886.7784667 bigbrain_1538_2412_2776.nii 140529669134144
increment_file 1567719928.77806 1567719978.7608852 bigbrain_1538_2412_2776.nii 140529669134144
write_file 1567720409.4723082 1567720930.177514 inc-bigbrain_1538_2412_2776.nii 140529669134144
task_duration 1567719885.5832746 1567720932.5860174 1567719858-isilonAD_1it_96cpus_0delay_npc-4 140529669134144
read_file 1567719887.0523512 1567719896.1494784 bigbrain_3076_2412_0.nii 140453368903488
increment_file 1567720324.1807094 1567720371.1718516 bigbrain_3076_2412_0.nii 140453368903488
write_file 1567720415.7144656 1567720932.5602973 inc-bigbrain_3076_2412_0.nii 140453368903488
task_duration 1567719887.0216553 1567720932.688318 1567719858-isilonAD_1it_96cpus_0delay_npc-4 140453368903488
read_file 1567719885.7685401 1567719887.017903 bigbrain_769_603_1388.nii 140426445776704
increment_file 1567719994.938706 1567720042.5714116 bigbrain_769_603_1388.nii 140426445776704
write_file 1567720411.7737937 1567720932.5161397 inc-bigbrain_769_603_1388.nii 140426445776704
task_duration 1567719885.7663648 1567720932.6546469 1567719858-isilonAD_1it_96cpus_0delay_npc-4 140426445776704
read_file 1567719885.7530956 1567719886.9083507 bigbrain_1538_603_2776.nii 139863848625984
increment_file 1567719961.6834 1567720009.964894 bigbrain_1538_603_2776.nii 139863848625984
write_file 1567720410.5667996 1567720932.5044155 inc-bigbrain_1538_603_2776.nii 139863848625984
task_duration 1567719885.749518 1567720932.6425614 1567719858-isilonAD_1it_96cpus_0delay_npc-4 139863848625984
read_file 1567719885.831215 1567719887.0844865 bigbrain_769_2412_2082.nii 139922157180736
increment_file 1567720061.231163 1567720109.0590432 bigbrain_769_2412_2082.nii 139922157180736
write_file 1567720413.2204807 1567720932.5089467 inc-bigbrain_769_2412_2082.nii 139922157180736
task_duration 1567719885.7810676 1567720932.6466408 1567719858-isilonAD_1it_96cpus_0delay_npc-4 139922157180736
read_file 1567719887.12432 1567719897.7645671 bigbrain_2307_1206_0.nii 139666346592064
increment_file 1567720335.1664252 1567720380.6814501 bigbrain_2307_1206_0.nii 139666346592064
write_file 1567720415.7203257 1567720932.553999 inc-bigbrain_2307_1206_0.nii 139666346592064
task_duration 1567719887.1135604 1567720932.6827896 1567719858-isilonAD_1it_96cpus_0delay_npc-4 139666346592064
read_file 1567719886.7526548 1567719892.3718429 bigbrain_1538_1809_2776.nii 140270459197248
increment_file 1567720253.0824976 1567720298.6519852 bigbrain_1538_1809_2776.nii 140270459197248
write_file 1567720415.7048228 1567720932.5552907 inc-bigbrain_1538_1809_2776.nii 140270459197248
task_duration 1567719886.7357638 1567720932.6827648 1567719858-isilonAD_1it_96cpus_0delay_npc-4 140270459197248
read_file 1567719886.8301883 1567719894.9191134 bigbrain_3076_1206_2776.nii 140179157096256
increment_file 1567720291.5416534 1567720339.0424552 bigbrain_3076_1206_2776.nii 140179157096256
write_file 1567720415.71162 1567720932.5348842 inc-bigbrain_3076_1206_2776.nii 140179157096256
task_duration 1567719886.801699 1567720932.6700175 1567719858-isilonAD_1it_96cpus_0delay_npc-4 140179157096256
read_file 1567719885.5243263 1567719886.35419 bigbrain_3076_2412_2776.nii 140563808470848
increment_file 1567719892.655986 1567719909.1290858 bigbrain_3076_2412_2776.nii 140563808470848
write_file 1567720402.6931312 1567720932.505397 inc-bigbrain_3076_2412_2776.nii 140563808470848
task_duration 1567719885.5177863 1567720932.6449666 1567719858-isilonAD_1it_96cpus_0delay_npc-4 140563808470848
read_file 1567719885.5253968 1567719886.3589842 bigbrain_1538_1206_2082.nii 140055297386304
increment_file 1567719900.9633784 1567719926.7625375 bigbrain_1538_1206_2082.nii 140055297386304
write_file 1567720409.2003195 1567720855.0921772 inc-bigbrain_1538_1206_2082.nii 140055297386304
task_duration 1567719885.5179205 1567720932.5013428 1567719858-isilonAD_1it_96cpus_0delay_npc-4 140055297386304
read_file 1567719885.7576768 1567719886.918264 bigbrain_769_2412_0.nii 140584426633024
increment_file 1567719965.6658096 1567720013.2947905 bigbrain_769_2412_0.nii 140584426633024
write_file 1567720410.7433417 1567720932.5026739 inc-bigbrain_769_2412_0.nii 140584426633024
task_duration 1567719885.7540395 1567720932.6416657 1567719858-isilonAD_1it_96cpus_0delay_npc-4 140584426633024
read_file 1567719885.8308072 1567719887.0840425 bigbrain_2307_1809_2776.nii 140203182044992
increment_file 1567720055.644541 1567720101.1511564 bigbrain_2307_1809_2776.nii 140203182044992
write_file 1567720413.139851 1567720932.529723 inc-bigbrain_2307_1809_2776.nii 140203182044992
task_duration 1567719885.7799647 1567720932.6655617 1567719858-isilonAD_1it_96cpus_0delay_npc-4 140203182044992
read_file 1567719886.8298104 1567719894.6491501 bigbrain_2307_1206_2082.nii 139898215417664
increment_file 1567720285.2764924 1567720331.4054742 bigbrain_2307_1206_2082.nii 139898215417664
write_file 1567720415.7110999 1567720932.5445478 inc-bigbrain_2307_1206_2082.nii 139898215417664
task_duration 1567719886.793645 1567720932.676681 1567719858-isilonAD_1it_96cpus_0delay_npc-4 139898215417664
read_file 1567719885.7682612 1567719887.0171921 bigbrain_2307_1206_1388.nii 139921359304512
increment_file 1567719987.9935155 1567720035.2462041 bigbrain_2307_1206_1388.nii 139921359304512
write_file 1567720411.6078854 1567720839.1469328 inc-bigbrain_2307_1206_1388.nii 139921359304512
task_duration 1567719885.7646682 1567720931.5471308 1567719858-isilonAD_1it_96cpus_0delay_npc-4 139921359304512
read_file 1567719885.75243 1567719886.9071994 bigbrain_1538_603_694.nii 140315772168000
increment_file 1567719954.253092 1567720002.1029472 bigbrain_1538_603_694.nii 140315772168000
write_file 1567720410.3750436 1567720932.5040665 inc-bigbrain_1538_603_694.nii 140315772168000
task_duration 1567719885.749864 1567720932.642061 1567719858-isilonAD_1it_96cpus_0delay_npc-4 140315772168000
read_file 1567719885.759471 1567719886.9299388 bigbrain_1538_603_2082.nii 140719043135296
increment_file 1567719973.0049822 1567720023.1126585 bigbrain_1538_603_2082.nii 140719043135296
write_file 1567720411.0122502 1567720926.9343905 inc-bigbrain_1538_603_2082.nii 140719043135296
task_duration 1567719885.7567635 1567720932.5583785 1567719858-isilonAD_1it_96cpus_0delay_npc-4 140719043135296
read_file 1567719885.7931075 1567719887.0787997 bigbrain_2307_0_2082.nii 140266818312000
increment_file 1567720026.176481 1567720074.2535858 bigbrain_2307_0_2082.nii 140266818312000
write_file 1567720412.6240728 1567720932.5076687 inc-bigbrain_2307_0_2082.nii 140266818312000
task_duration 1567719885.7746437 1567720932.6457012 1567719858-isilonAD_1it_96cpus_0delay_npc-4 140266818312000
read_file 1567719886.5846379 1567719891.2760868 bigbrain_2307_2412_0.nii 140500072961856
increment_file 1567720229.1792245 1567720274.061779 bigbrain_2307_2412_0.nii 140500072961856
write_file 1567720415.7002604 1567720932.5284302 inc-bigbrain_2307_2412_0.nii 140500072961856
task_duration 1567719886.548783 1567720932.6645868 1567719858-isilonAD_1it_96cpus_0delay_npc-4 140500072961856
read_file 1567719886.6859343 1567719892.1023817 bigbrain_3076_603_2776.nii 140536233547584
increment_file 1567720247.0248208 1567720291.5431333 bigbrain_3076_603_2776.nii 140536233547584
write_file 1567720415.703147 1567720932.5438132 inc-bigbrain_3076_603_2776.nii 140536233547584
task_duration 1567719886.6740313 1567720932.6773853 1567719858-isilonAD_1it_96cpus_0delay_npc-4 140536233547584
read_file 1567719885.9849072 1567719887.2826278 bigbrain_2307_603_2082.nii 139748673623872
increment_file 1567720104.7799375 1567720152.4526641 bigbrain_2307_603_2082.nii 139748673623872
write_file 1567720414.0298042 1567720932.5140104 inc-bigbrain_2307_603_2082.nii 139748673623872
task_duration 1567719885.9745429 1567720932.6527948 1567719858-isilonAD_1it_96cpus_0delay_npc-4 139748673623872
read_file 1567719887.1018898 1567719897.360116 bigbrain_3076_603_694.nii 139680305854272
increment_file 1567720328.2285206 1567720374.1471536 bigbrain_3076_603_694.nii 139680305854272
write_file 1567720415.7150445 1567720932.5432637 inc-bigbrain_3076_603_694.nii 139680305854272
task_duration 1567719887.0875359 1567720932.676133 1567719858-isilonAD_1it_96cpus_0delay_npc-4 139680305854272
read_file 1567719885.943779 1567719887.1167748 bigbrain_2307_2412_1388.nii 140597199234880
increment_file 1567720072.808775 1567720120.0393124 bigbrain_2307_2412_1388.nii 140597199234880
write_file 1567720413.345688 1567720932.5219991 inc-bigbrain_2307_2412_1388.nii 140597199234880
task_duration 1567719885.9264286 1567720932.6607268 1567719858-isilonAD_1it_96cpus_0delay_npc-4 140597199234880
read_file 1567719886.4624147 1567719889.623122 bigbrain_2307_0_0.nii 140507774392128
increment_file 1567720196.3904643 1567720243.2651954 bigbrain_2307_0_0.nii 140507774392128
write_file 1567720415.668772 1567720932.5314927 inc-bigbrain_2307_0_0.nii 140507774392128
task_duration 1567719886.3935387 1567720932.6663005 1567719858-isilonAD_1it_96cpus_0delay_npc-4 140507774392128
read_file 1567719902.0954266 1567719911.2679784 bigbrain_769_603_2082.nii 139996627601216
increment_file 1567720402.6907039 1567720415.6705277 bigbrain_769_603_2082.nii 139996627601216
write_file 1567720415.885177 1567720932.5585618 inc-bigbrain_769_603_2082.nii 139996627601216
task_duration 1567719901.6406813 1567720932.6856685 1567719858-isilonAD_1it_96cpus_0delay_npc-4 139996627601216
read_file 1567719885.803482 1567719887.0807648 bigbrain_2307_1809_0.nii 140200678901568
increment_file 1567720044.4419696 1567720092.5989175 bigbrain_2307_1809_0.nii 140200678901568
write_file 1567720412.9604092 1567720932.5263555 inc-bigbrain_2307_1809_0.nii 140200678901568
task_duration 1567719885.7786121 1567720932.664206 1567719858-isilonAD_1it_96cpus_0delay_npc-4 140200678901568
read_file 1567719885.9616315 1567719887.1258452 bigbrain_1538_1809_1388.nii 139764236597056
increment_file 1567720076.3908448 1567720123.3798165 bigbrain_1538_1809_1388.nii 139764236597056
write_file 1567720413.4324157 1567720932.5134563 inc-bigbrain_1538_1809_1388.nii 139764236597056
task_duration 1567719885.9284344 1567720932.6498957 1567719858-isilonAD_1it_96cpus_0delay_npc-4 139764236597056
read_file 1567719886.662571 1567719892.1023514 bigbrain_769_1206_2082.nii 139810349217600
increment_file 1567720240.0973635 1567720283.6736486 bigbrain_769_1206_2082.nii 139810349217600
write_file 1567720415.7008407 1567720932.5404968 inc-bigbrain_769_1206_2082.nii 139810349217600
task_duration 1567719886.6086888 1567720932.6745424 1567719858-isilonAD_1it_96cpus_0delay_npc-4 139810349217600
read_file 1567719887.126031 1567719898.9753416 bigbrain_2307_1206_694.nii 140281370236736
increment_file 1567720350.1266844 1567720392.2417865 bigbrain_2307_1206_694.nii 140281370236736
write_file 1567720415.7215462 1567720932.551279 inc-bigbrain_2307_1206_694.nii 140281370236736
task_duration 1567719887.1157553 1567720932.6815462 1567719858-isilonAD_1it_96cpus_0delay_npc-4 140281370236736
read_file 1567719885.7940598 1567719887.0801215 bigbrain_1538_1809_694.nii 139904199460672
increment_file 1567720037.2508652 1567720085.1924932 bigbrain_1538_1809_694.nii 139904199460672
write_file 1567720412.8608942 1567720932.5019436 inc-bigbrain_1538_1809_694.nii 139904199460672
task_duration 1567719885.7764108 1567720932.6412346 1567719858-isilonAD_1it_96cpus_0delay_npc-4 139904199460672
read_file 1567719885.792295 1567719887.077381 bigbrain_769_2412_1388.nii 140467269314368
increment_file 1567720016.9301214 1567720067.0894072 bigbrain_769_2412_1388.nii 140467269314368
write_file 1567720412.225235 1567720932.5141811 inc-bigbrain_769_2412_1388.nii 140467269314368
task_duration 1567719885.77566 1567720932.6494603 1567719858-isilonAD_1it_96cpus_0delay_npc-4 140467269314368
read_file 1567719886.8106425 1567719894.245078 bigbrain_1538_1809_0.nii 140023166482240
increment_file 1567720272.3698323 1567720317.274783 bigbrain_1538_1809_0.nii 140023166482240
write_file 1567720415.7099354 1567720932.5252445 inc-bigbrain_1538_1809_0.nii 140023166482240
task_duration 1567719886.7909133 1567720932.6628873 1567719858-isilonAD_1it_96cpus_0delay_npc-4 140023166482240
read_file 1567719887.0078154 1567719895.7279344 bigbrain_769_603_0.nii 140127303886656
increment_file 1567720317.1607282 1567720364.277937 bigbrain_769_603_0.nii 140127303886656
write_file 1567720415.7177196 1567720932.5409758 inc-bigbrain_769_603_0.nii 140127303886656
task_duration 1567719886.9764166 1567720932.6745775 1567719858-isilonAD_1it_96cpus_0delay_npc-4 140127303886656
read_file 1567719886.4619322 1567719889.4885077 bigbrain_3076_0_2082.nii 140082515945280
increment_file 1567720192.37762 1567720240.2041223 bigbrain_3076_0_2082.nii 140082515945280
write_file 1567720415.5635865 1567720932.548969 inc-bigbrain_3076_0_2082.nii 140082515945280
task_duration 1567719886.3905706 1567720932.6809373 1567719858-isilonAD_1it_96cpus_0delay_npc-4 140082515945280
read_file 1567719885.9624474 1567719887.1292574 bigbrain_1538_1206_694.nii 140081995933504
increment_file 1567720087.2411397 1567720133.8295918 bigbrain_1538_1206_694.nii 140081995933504
write_file 1567720413.680036 1567720932.515127 inc-bigbrain_1538_1206_694.nii 140081995933504
task_duration 1567719885.9291692 1567720932.6523027 1567719858-isilonAD_1it_96cpus_0delay_npc-4 140081995933504
read_file 1567719887.2631953 1567719899.7828684 bigbrain_2307_0_2776.nii 139969181865792
increment_file 1567720359.0835085 1567720397.9777124 bigbrain_2307_0_2776.nii 139969181865792
write_file 1567720415.7221036 1567720932.559437 inc-bigbrain_2307_0_2776.nii 139969181865792
task_duration 1567719887.2527366 1567720932.687848 1567719858-isilonAD_1it_96cpus_0delay_npc-4 139969181865792
read_file 1567719885.5844634 1567719886.7590725 bigbrain_769_0_1388.nii 140187275024192
increment_file 1567719924.3654716 1567719971.1225228 bigbrain_769_0_1388.nii 140187275024192
write_file 1567720409.2138038 1567720932.5112736 inc-bigbrain_769_0_1388.nii 140187275024192
task_duration 1567719885.58234 1567720932.6491354 1567719858-isilonAD_1it_96cpus_0delay_npc-4 140187275024192
read_file 1567719886.4628124 1567719889.758007 bigbrain_2307_603_1388.nii 139939447879488
increment_file 1567720203.235314 1567720253.3246844 bigbrain_2307_603_1388.nii 139939447879488
write_file 1567720415.6803699 1567720932.5322437 inc-bigbrain_2307_603_1388.nii 139939447879488
task_duration 1567719886.3979342 1567720932.6663165 1567719858-isilonAD_1it_96cpus_0delay_npc-4 139939447879488
read_file 1567719886.0442698 1567719887.3143623 bigbrain_3076_1206_1388.nii 139856951433024
increment_file 1567720120.0376933 1567720167.0544775 bigbrain_3076_1206_1388.nii 139856951433024
write_file 1567720415.6827328 1567720932.5354507 inc-bigbrain_3076_1206_1388.nii 139856951433024
task_duration 1567719886.0252392 1567720932.6710203 1567719858-isilonAD_1it_96cpus_0delay_npc-4 139856951433024
read_file 1567719886.9650488 1567719895.5930963 bigbrain_769_1206_1388.nii 139835178075968
increment_file 1567720313.1248677 1567720361.2111483 bigbrain_769_1206_1388.nii 139835178075968
write_file 1567720415.7138336 1567720932.545752 inc-bigbrain_769_1206_1388.nii 139835178075968
task_duration 1567719886.9469717 1567720932.6783648 1567719858-isilonAD_1it_96cpus_0delay_npc-4 139835178075968
read_file 1567719887.1252966 1567719898.1683774 bigbrain_3076_1809_2082.nii 140394158397248
increment_file 1567720339.1751974 1567720383.460277 bigbrain_3076_1809_2082.nii 140394158397248
write_file 1567720415.7209122 1567720932.548044 inc-bigbrain_3076_1809_2082.nii 140394158397248
task_duration 1567719887.1153042 1567720932.6797848 1567719858-isilonAD_1it_96cpus_0delay_npc-4 140394158397248
read_file 1567719885.6411688 1567719886.7808862 bigbrain_1538_1206_1388.nii 140520108857152
increment_file 1567719938.12232 1567719985.9738255 bigbrain_1538_1206_1388.nii 140520108857152
write_file 1567720409.7395725 1567720900.7668989 inc-bigbrain_1538_1206_1388.nii 140520108857152
task_duration 1567719885.588147 1567720932.5554512 1567719858-isilonAD_1it_96cpus_0delay_npc-4 140520108857152
read_file 1567719886.4260786 1567719888.2760842 bigbrain_769_1809_694.nii 140112473708352
increment_file 1567720181.6724088 1567720231.4352355 bigbrain_769_1809_694.nii 140112473708352
write_file 1567720415.261457 1567720932.5366933 inc-bigbrain_769_1809_694.nii 140112473708352
task_duration 1567719886.3896246 1567720932.6707716 1567719858-isilonAD_1it_96cpus_0delay_npc-4 140112473708352
read_file 1567719886.0843868 1567719887.3263667 bigbrain_3076_0_2776.nii 140088837261120
increment_file 1567720126.756903 1567720174.7014132 bigbrain_3076_0_2776.nii 140088837261120
write_file 1567720414.32715 1567720932.5185676 inc-bigbrain_3076_0_2776.nii 140088837261120
task_duration 1567719886.0536945 1567720932.6553671 1567719858-isilonAD_1it_96cpus_0delay_npc-4 140088837261120
read_file 1567719885.9621356 1567719887.1264322 bigbrain_3076_1206_2082.nii 140669718988608
increment_file 1567720083.4680967 1567720130.7686296 bigbrain_3076_1206_2082.nii 140669718988608
write_file 1567720413.548217 1567720922.4709668 inc-bigbrain_3076_1206_2082.nii 140669718988608
task_duration 1567719885.9278514 1567720932.5561745 1567719858-isilonAD_1it_96cpus_0delay_npc-4 140669718988608
read_file 1567719885.7918758 1567719887.0577428 bigbrain_2307_0_694.nii 140599072749376
increment_file 1567720009.724394 1567720057.6230302 bigbrain_2307_0_694.nii 140599072749376
write_file 1567720412.080811 1567720932.5180902 inc-bigbrain_2307_0_694.nii 140599072749376
task_duration 1567719885.7734928 1567720932.6558738 1567719858-isilonAD_1it_96cpus_0delay_npc-4 140599072749376
read_file 1567719886.9257786 1567719895.1899028 bigbrain_3076_1809_1388.nii 140685412300608
increment_file 1567720302.2871256 1567720352.1131604 bigbrain_3076_1809_1388.nii 140685412300608
write_file 1567720415.7127116 1567720932.5571253 inc-bigbrain_3076_1809_1388.nii 140685412300608
task_duration 1567719886.905702 1567720932.6847184 1567719858-isilonAD_1it_96cpus_0delay_npc-4 140685412300608
read_file 1567719885.5240095 1567719886.3517458 bigbrain_1538_0_694.nii 139732338448192
increment_file 1567719887.1034262 1567719893.0506887 bigbrain_1538_0_694.nii 139732338448192
write_file 1567720262.975051 1567720415.671438 inc-bigbrain_1538_0_694.nii 139732338448192
task_duration 1567719885.5184972 1567720415.8797855 1567719858-isilonAD_1it_96cpus_0delay_npc-4 139732338448192
read_file 1567719885.9631982 1567719887.2423017 bigbrain_1538_603_1388.nii 139839909619520
increment_file 1567720097.8171623 1567720144.8076963 bigbrain_1538_603_1388.nii 139839909619520
write_file 1567720415.6694055 1567720932.5225835 inc-bigbrain_1538_603_1388.nii 139839909619520
task_duration 1567719885.9523935 1567720932.6606889 1567719858-isilonAD_1it_96cpus_0delay_npc-4 139839909619520
read_file 1567719886.8286629 1567719894.379569 bigbrain_769_1809_1388.nii 140343351732032
increment_file 1567720275.6730514 1567720320.343829 bigbrain_769_1809_1388.nii 140343351732032
write_file 1567720415.710503 1567720932.5151768 inc-bigbrain_769_1809_1388.nii 140343351732032
task_duration 1567719886.7924414 1567720932.653944 1567719858-isilonAD_1it_96cpus_0delay_npc-4 140343351732032
read_file 1567719885.8303769 1567719887.0834436 bigbrain_3076_2412_694.nii 140632848770880
increment_file 1567720048.1622937 1567720094.053054 bigbrain_3076_2412_694.nii 140632848770880
write_file 1567720413.0591483 1567720932.5343096 inc-bigbrain_3076_2412_694.nii 140632848770880
task_duration 1567719885.7795105 1567720932.6690311 1567719858-isilonAD_1it_96cpus_0delay_npc-4 140632848770880
read_file 1567719885.96285 1567719887.2416205 bigbrain_769_0_2082.nii 140655441602368
increment_file 1567720094.320135 1567720141.4647748 bigbrain_769_0_2082.nii 140655441602368
write_file 1567720413.8497295 1567720932.5202994 inc-bigbrain_769_0_2082.nii 140655441602368
task_duration 1567719885.931906 1567720932.6572087 1567719858-isilonAD_1it_96cpus_0delay_npc-4 140655441602368
read_file 1567719885.5828834 1567719886.7343094 bigbrain_3076_1809_0.nii 139914699167552
increment_file 1567719920.3579698 1567719965.3994598 bigbrain_3076_1809_0.nii 139914699167552
write_file 1567720409.2045708 1567720932.5094988 inc-bigbrain_3076_1809_0.nii 139914699167552
task_duration 1567719885.5798244 1567720932.6478186 1567719858-isilonAD_1it_96cpus_0delay_npc-4 139914699167552
read_file 1567719886.1448016 1567719887.3608768 bigbrain_2307_0_1388.nii 140689984042816
increment_file 1567720152.4518049 1567720199.4680123 bigbrain_2307_0_1388.nii 140689984042816
write_file 1567720414.882681 1567720932.5270631 inc-bigbrain_2307_0_1388.nii 140689984042816
task_duration 1567719886.1332607 1567720932.6641312 1567719858-isilonAD_1it_96cpus_0delay_npc-4 140689984042816
