read_file 1567704752.4449239 1567704752.446652 bigbrain_1538_603_2776.nii 139991205652288
increment_file 1567704752.4468513 1567704784.9303699 bigbrain_1538_603_2776.nii 139991205652288
write_file 1567704784.9502442 1567704785.4154692 inc-bigbrain_1538_603_2776.nii 139991205652288
task_duration 1567704872.4411674 1567705025.5210521 1567704324-localAD_1it_25cpus_120delay_withpc-2 139991205652288
read_file 1567704752.4449303 1567704752.4466994 bigbrain_1538_603_1388.nii 140443432679232
increment_file 1567704752.4468813 1567704784.4803853 bigbrain_1538_603_1388.nii 140443432679232
write_file 1567704784.498275 1567704784.9846373 inc-bigbrain_1538_603_1388.nii 140443432679232
task_duration 1567704872.440998 1567705025.0482423 1567704324-localAD_1it_25cpus_120delay_withpc-2 140443432679232
read_file 1567704752.4449396 1567704752.4473646 bigbrain_1538_603_2082.nii 140372445423424
increment_file 1567704752.4476888 1567704752.8157408 bigbrain_1538_603_2082.nii 140372445423424
write_file 1567704752.8250046 1567704753.2985473 inc-bigbrain_1538_603_2082.nii 140372445423424
task_duration 1567704872.4411383 1567704993.4037237 1567704324-localAD_1it_25cpus_120delay_withpc-2 140372445423424
read_file 1567704752.4458685 1567704752.447419 bigbrain_2307_0_2082.nii 140092939122496
increment_file 1567704752.4476562 1567704786.726952 bigbrain_2307_0_2082.nii 140092939122496
write_file 1567704786.7464523 1567704787.2172086 inc-bigbrain_2307_0_2082.nii 140092939122496
task_duration 1567704872.4432037 1567705027.3198137 1567704324-localAD_1it_25cpus_120delay_withpc-2 140092939122496
read_file 1567704752.4459226 1567704752.4474235 bigbrain_1538_2412_1388.nii 140380426327872
increment_file 1567704752.4476943 1567704788.3033009 bigbrain_1538_2412_1388.nii 140380426327872
write_file 1567704788.3204136 1567704788.7924345 inc-bigbrain_1538_2412_1388.nii 140380426327872
task_duration 1567704872.4432337 1567705028.895543 1567704324-localAD_1it_25cpus_120delay_withpc-2 140380426327872
read_file 1567704752.4462936 1567704752.447494 bigbrain_1538_2412_694.nii 139648357189440
increment_file 1567704752.4477067 1567704752.8305788 bigbrain_1538_2412_694.nii 139648357189440
write_file 1567704752.840289 1567704753.3123143 inc-bigbrain_1538_2412_694.nii 139648357189440
task_duration 1567704872.4440048 1567704993.4175534 1567704324-localAD_1it_25cpus_120delay_withpc-2 139648357189440
read_file 1567704752.4458637 1567704752.4485002 bigbrain_1538_1809_694.nii 140179321902912
increment_file 1567704752.4488313 1567704785.7848644 bigbrain_1538_1809_694.nii 140179321902912
write_file 1567704785.805804 1567704786.2864883 inc-bigbrain_1538_1809_694.nii 140179321902912
task_duration 1567704872.4431174 1567705026.391103 1567704324-localAD_1it_25cpus_120delay_withpc-2 140179321902912
read_file 1567704752.4577718 1567704752.4592621 bigbrain_1538_2412_2082.nii 139777381746496
increment_file 1567704752.4594738 1567704752.8886151 bigbrain_1538_2412_2082.nii 139777381746496
write_file 1567704752.8983822 1567704753.3633137 inc-bigbrain_1538_2412_2082.nii 139777381746496
task_duration 1567704872.4558325 1567704993.4679527 1567704324-localAD_1it_25cpus_120delay_withpc-2 139777381746496
read_file 1567704752.4619796 1567704752.5012465 bigbrain_2307_0_1388.nii 139949978556224
increment_file 1567704752.5016487 1567704788.3174138 bigbrain_2307_0_1388.nii 139949978556224
write_file 1567704788.3354843 1567704788.8962665 inc-bigbrain_2307_0_1388.nii 139949978556224
task_duration 1567704872.4587533 1567705029.001431 1567704324-localAD_1it_25cpus_120delay_withpc-2 139949978556224
read_file 1567704752.4534564 1567704752.5012705 bigbrain_1538_1809_0.nii 140276921173824
increment_file 1567704752.5016935 1567704787.9141555 bigbrain_1538_1809_0.nii 140276921173824
write_file 1567704787.9320176 1567704788.4104862 inc-bigbrain_1538_1809_0.nii 140276921173824
task_duration 1567704872.4504519 1567705028.4982202 1567704324-localAD_1it_25cpus_120delay_withpc-2 140276921173824
read_file 1567704752.4574783 1567704752.501289 bigbrain_1538_2412_0.nii 139835178284864
increment_file 1567704752.5017488 1567704787.4024076 bigbrain_1538_2412_0.nii 139835178284864
write_file 1567704787.4224293 1567704787.9127002 inc-bigbrain_1538_2412_0.nii 139835178284864
task_duration 1567704872.4550896 1567705028.0221372 1567704324-localAD_1it_25cpus_120delay_withpc-2 139835178284864
read_file 1567704752.4569213 1567704752.5013225 bigbrain_1538_2412_2776.nii 140473444001600
increment_file 1567704752.5018215 1567704788.329486 bigbrain_1538_2412_2776.nii 140473444001600
write_file 1567704788.3495204 1567704788.8173566 inc-bigbrain_1538_2412_2776.nii 140473444001600
task_duration 1567704872.454753 1567705028.9211645 1567704324-localAD_1it_25cpus_120delay_withpc-2 140473444001600
read_file 1567704752.4556997 1567704752.509608 bigbrain_1538_1809_2082.nii 140620571539264
increment_file 1567704752.5099106 1567704785.9142551 bigbrain_1538_1809_2082.nii 140620571539264
write_file 1567704785.935197 1567704786.4008262 inc-bigbrain_1538_1809_2082.nii 140620571539264
task_duration 1567704872.452448 1567705026.460508 1567704324-localAD_1it_25cpus_120delay_withpc-2 140620571539264
read_file 1567704752.453933 1567704752.5097609 bigbrain_1538_603_694.nii 140228418479936
increment_file 1567704752.5100946 1567704786.4146628 bigbrain_1538_603_694.nii 140228418479936
write_file 1567704786.4342422 1567704786.9162757 inc-bigbrain_1538_603_694.nii 140228418479936
task_duration 1567704872.4513953 1567705027.0198658 1567704324-localAD_1it_25cpus_120delay_withpc-2 140228418479936
read_file 1567704752.450618 1567704752.5190501 bigbrain_1538_1206_2082.nii 139693152716608
increment_file 1567704752.5193193 1567704787.412199 bigbrain_1538_1206_2082.nii 139693152716608
write_file 1567704787.4332879 1567704787.9127624 inc-bigbrain_1538_1206_2082.nii 139693152716608
task_duration 1567704872.447938 1567705028.0178304 1567704324-localAD_1it_25cpus_120delay_withpc-2 139693152716608
read_file 1567704752.4591677 1567704752.5215507 bigbrain_1538_0_2776.nii 140137283843904
increment_file 1567704752.5218546 1567704784.6172452 bigbrain_1538_0_2776.nii 140137283843904
write_file 1567704784.6372967 1567704785.1735573 inc-bigbrain_1538_0_2776.nii 140137283843904
task_duration 1567704872.4569182 1567705025.287027 1567704324-localAD_1it_25cpus_120delay_withpc-2 140137283843904
read_file 1567704752.4575682 1567704752.521571 bigbrain_2307_0_0.nii 140203176023872
increment_file 1567704752.5218995 1567704787.8441904 bigbrain_2307_0_0.nii 140203176023872
write_file 1567704787.8614993 1567704788.323849 inc-bigbrain_2307_0_0.nii 140203176023872
task_duration 1567704872.4557858 1567705028.427634 1567704324-localAD_1it_25cpus_120delay_withpc-2 140203176023872
read_file 1567704752.456246 1567704752.5216134 bigbrain_1538_1809_1388.nii 140139118843712
increment_file 1567704752.5219636 1567704787.4960728 bigbrain_1538_1809_1388.nii 140139118843712
write_file 1567704787.5151937 1567704788.087381 inc-bigbrain_1538_1809_1388.nii 140139118843712
task_duration 1567704872.453581 1567705028.191876 1567704324-localAD_1it_25cpus_120delay_withpc-2 140139118843712
read_file 1567704752.4627964 1567704752.5216253 bigbrain_1538_1206_0.nii 140543803131712
increment_file 1567704752.5220265 1567704787.0597525 bigbrain_1538_1206_0.nii 140543803131712
write_file 1567704787.0762656 1567704787.5594823 inc-bigbrain_1538_1206_0.nii 140543803131712
task_duration 1567704872.4595234 1567705027.6631076 1567704324-localAD_1it_25cpus_120delay_withpc-2 140543803131712
read_file 1567704752.4560623 1567704752.5216339 bigbrain_1538_603_0.nii 139621187336000
increment_file 1567704752.522082 1567704786.616796 bigbrain_1538_603_0.nii 139621187336000
write_file 1567704786.6354053 1567704787.0965443 inc-bigbrain_1538_603_0.nii 139621187336000
task_duration 1567704872.4541247 1567705027.200796 1567704324-localAD_1it_25cpus_120delay_withpc-2 139621187336000
read_file 1567704752.4586926 1567704752.5216577 bigbrain_1538_1206_1388.nii 140573255210816
increment_file 1567704752.5221376 1567704787.662783 bigbrain_1538_1206_1388.nii 140573255210816
write_file 1567704787.6838453 1567704788.1751394 inc-bigbrain_1538_1206_1388.nii 140573255210816
task_duration 1567704872.4560165 1567705028.2798524 1567704324-localAD_1it_25cpus_120delay_withpc-2 140573255210816
read_file 1567704752.461131 1567704752.5216675 bigbrain_1538_1809_2776.nii 140426933393216
increment_file 1567704752.5221915 1567704787.47326 bigbrain_1538_1809_2776.nii 140426933393216
write_file 1567704787.4932792 1567704787.9826927 inc-bigbrain_1538_1809_2776.nii 140426933393216
task_duration 1567704872.457848 1567705027.9885244 1567704324-localAD_1it_25cpus_120delay_withpc-2 140426933393216
read_file 1567704752.4611905 1567704752.521672 bigbrain_1538_0_694.nii 140572543620928
increment_file 1567704752.5222368 1567704786.5374763 bigbrain_1538_0_694.nii 140572543620928
write_file 1567704786.555538 1567704787.0240812 inc-bigbrain_1538_0_694.nii 140572543620928
task_duration 1567704872.4579458 1567705027.1282156 1567704324-localAD_1it_25cpus_120delay_withpc-2 140572543620928
read_file 1567704752.4599414 1567704752.5217383 bigbrain_1538_1206_2776.nii 139899133376320
increment_file 1567704752.5222826 1567704787.1028447 bigbrain_1538_1206_2776.nii 139899133376320
write_file 1567704787.121505 1567704787.6818666 inc-bigbrain_1538_1206_2776.nii 139899133376320
task_duration 1567704872.4574552 1567705027.7883472 1567704324-localAD_1it_25cpus_120delay_withpc-2 139899133376320
read_file 1567704752.4610584 1567704752.5524356 bigbrain_1538_1206_694.nii 140261295654720
increment_file 1567704752.5528173 1567704787.6025476 bigbrain_1538_1206_694.nii 140261295654720
write_file 1567704787.6205063 1567704788.1691573 inc-bigbrain_1538_1206_694.nii 140261295654720
task_duration 1567704872.4578547 1567705028.2736516 1567704324-localAD_1it_25cpus_120delay_withpc-2 140261295654720
read_file 1567704874.4354932 1567704874.438155 bigbrain_2307_1206_0.nii 140157956024128
increment_file 1567704874.4384882 1567704877.9589229 bigbrain_2307_1206_0.nii 140157956024128
write_file 1567704877.9794395 1567704878.458444 inc-bigbrain_2307_1206_0.nii 140157956024128
task_duration 1567704994.4330473 1567705118.5632906 1567704324-localAD_1it_25cpus_120delay_withpc-2 140157956024128
read_file 1567704874.4463744 1567704874.4582572 bigbrain_2307_0_694.nii 140439885924160
increment_file 1567704874.458636 1567704877.972718 bigbrain_2307_0_694.nii 140439885924160
write_file 1567704877.9897337 1567704878.4613538 inc-bigbrain_2307_0_694.nii 140439885924160
task_duration 1567704994.4446032 1567705118.569514 1567704324-localAD_1it_25cpus_120delay_withpc-2 140439885924160
read_file 1567704874.4449396 1567704874.4585514 bigbrain_2307_0_2776.nii 140084833056576
increment_file 1567704874.4589155 1567704877.975162 bigbrain_2307_0_2776.nii 140084833056576
write_file 1567704877.9914017 1567704878.4662688 inc-bigbrain_2307_0_2776.nii 140084833056576
task_duration 1567704994.443174 1567705118.5721045 1567704324-localAD_1it_25cpus_120delay_withpc-2 140084833056576
read_file 1567704906.0287836 1567704906.0305047 bigbrain_2307_1206_1388.nii 139719321372480
increment_file 1567704906.0307367 1567704917.7702858 bigbrain_2307_1206_1388.nii 139719321372480
write_file 1567704917.791189 1567704918.2626555 inc-bigbrain_2307_1206_1388.nii 139719321372480
task_duration 1567705026.0263362 1567705158.3676715 1567704324-localAD_1it_25cpus_120delay_withpc-2 139719321372480
read_file 1567704906.234346 1567704906.237863 bigbrain_2307_1206_2082.nii 140487124465472
increment_file 1567704906.2380254 1567704926.4512534 bigbrain_2307_1206_2082.nii 140487124465472
write_file 1567704926.4704976 1567704926.9463127 inc-bigbrain_2307_1206_2082.nii 140487124465472
task_duration 1567705026.2319105 1567705167.0552773 1567704324-localAD_1it_25cpus_120delay_withpc-2 140487124465472
read_file 1567704906.4207616 1567704906.5512455 bigbrain_2307_1206_2776.nii 140424786786112
increment_file 1567704906.551609 1567704928.9596944 bigbrain_2307_1206_2776.nii 140424786786112
write_file 1567704928.9807775 1567704929.5173235 inc-bigbrain_2307_1206_2776.nii 140424786786112
task_duration 1567705026.4192681 1567705169.6228478 1567704324-localAD_1it_25cpus_120delay_withpc-2 140424786786112
read_file 1567704907.344859 1567704907.4928596 bigbrain_2307_1206_694.nii 139718303221568
increment_file 1567704907.493049 1567704929.060557 bigbrain_2307_1206_694.nii 139718303221568
write_file 1567704929.0814211 1567704929.5476258 inc-bigbrain_2307_1206_694.nii 139718303221568
task_duration 1567705027.3427022 1567705169.6315634 1567704324-localAD_1it_25cpus_120delay_withpc-2 139718303221568
read_file 1567704907.4523704 1567704907.598773 bigbrain_2307_1809_0.nii 140563334489920
increment_file 1567704907.599017 1567704931.4883127 bigbrain_2307_1809_0.nii 140563334489920
write_file 1567704931.5068972 1567704931.9854784 inc-bigbrain_2307_1809_0.nii 140563334489920
task_duration 1567705027.4493484 1567705172.0974228 1567704324-localAD_1it_25cpus_120delay_withpc-2 140563334489920
read_file 1567704908.9205034 1567704908.9856207 bigbrain_2307_1809_1388.nii 139963659233088
increment_file 1567704908.9859424 1567704934.457825 bigbrain_2307_1809_1388.nii 139963659233088
write_file 1567704934.4761376 1567704934.9368224 inc-bigbrain_2307_1809_1388.nii 139963659233088
task_duration 1567705028.918709 1567705175.0419447 1567704324-localAD_1it_25cpus_120delay_withpc-2 139963659233088
read_file 1567704909.305242 1567704909.4265287 bigbrain_2307_1809_2082.nii 140165700917056
increment_file 1567704909.4267735 1567704933.3923075 bigbrain_2307_1809_2082.nii 140165700917056
write_file 1567704933.4128268 1567704933.8905406 inc-bigbrain_2307_1809_2082.nii 140165700917056
task_duration 1567705029.3020191 1567705173.9216754 1567704324-localAD_1it_25cpus_120delay_withpc-2 140165700917056
read_file 1567704909.6482477 1567704909.7535033 bigbrain_2307_1809_2776.nii 139687636395840
increment_file 1567704909.7539325 1567704934.1194527 bigbrain_2307_1809_2776.nii 139687636395840
write_file 1567704934.140783 1567704934.6131916 inc-bigbrain_2307_1809_2776.nii 139687636395840
task_duration 1567705029.6460822 1567705174.7214737 1567704324-localAD_1it_25cpus_120delay_withpc-2 139687636395840
read_file 1567704910.1189144 1567704910.2475226 bigbrain_2307_1809_694.nii 140258002286400
increment_file 1567704910.2478843 1567704935.2576268 bigbrain_2307_1809_694.nii 140258002286400
write_file 1567704935.278863 1567704935.7435906 inc-bigbrain_2307_1809_694.nii 140258002286400
task_duration 1567705030.1170504 1567705175.848157 1567704324-localAD_1it_25cpus_120delay_withpc-2 140258002286400
read_file 1567704911.2484658 1567704911.3635464 bigbrain_2307_2412_0.nii 140396335728448
increment_file 1567704911.363931 1567704937.2877927 bigbrain_2307_2412_0.nii 140396335728448
write_file 1567704937.3022258 1567704937.7795322 inc-bigbrain_2307_2412_0.nii 140396335728448
task_duration 1567705031.245526 1567705177.883102 1567704324-localAD_1it_25cpus_120delay_withpc-2 140396335728448
read_file 1567704911.4807627 1567704911.5844514 bigbrain_2307_2412_1388.nii 140379908142912
increment_file 1567704911.5848804 1567704936.276467 bigbrain_2307_2412_1388.nii 140379908142912
write_file 1567704936.294056 1567704936.7630365 inc-bigbrain_2307_2412_1388.nii 140379908142912
task_duration 1567705031.4774785 1567705176.8661165 1567704324-localAD_1it_25cpus_120delay_withpc-2 140379908142912
read_file 1567704911.880807 1567704911.882459 bigbrain_2307_2412_694.nii 139707332572992
increment_file 1567704911.882752 1567704912.2697375 bigbrain_2307_2412_694.nii 139707332572992
write_file 1567704912.2795334 1567704912.741041 inc-bigbrain_2307_2412_694.nii 139707332572992
task_duration 1567705031.878893 1567705152.8453972 1567704324-localAD_1it_25cpus_120delay_withpc-2 139707332572992
read_file 1567704911.8598235 1567704911.908367 bigbrain_2307_2412_2776.nii 140663223437120
increment_file 1567704911.9086628 1567704936.477737 bigbrain_2307_2412_2776.nii 140663223437120
write_file 1567704936.496333 1567704936.9800315 inc-bigbrain_2307_2412_2776.nii 140663223437120
task_duration 1567705031.856624 1567705177.0274065 1567704324-localAD_1it_25cpus_120delay_withpc-2 140663223437120
read_file 1567704911.8643968 1567704911.9087381 bigbrain_2307_2412_2082.nii 139928822355776
increment_file 1567704911.9090781 1567704936.289954 bigbrain_2307_2412_2082.nii 139928822355776
write_file 1567704936.3078632 1567704936.786427 inc-bigbrain_2307_2412_2082.nii 139928822355776
task_duration 1567705031.8618996 1567705176.8903332 1567704324-localAD_1it_25cpus_120delay_withpc-2 139928822355776
read_file 1567704912.0567713 1567704912.058805 bigbrain_2307_603_1388.nii 140346878203712
increment_file 1567704912.0591092 1567704912.4073484 bigbrain_2307_603_1388.nii 140346878203712
write_file 1567704912.416527 1567704912.875954 inc-bigbrain_2307_603_1388.nii 140346878203712
task_duration 1567705032.054057 1567705152.9895902 1567704324-localAD_1it_25cpus_120delay_withpc-2 140346878203712
read_file 1567704912.0089061 1567704912.1396728 bigbrain_2307_603_0.nii 139687750600512
increment_file 1567704912.140041 1567704936.887692 bigbrain_2307_603_0.nii 139687750600512
write_file 1567704936.9071686 1567704937.3709228 inc-bigbrain_2307_603_0.nii 139687750600512
task_duration 1567705032.0057063 1567705177.409527 1567704324-localAD_1it_25cpus_120delay_withpc-2 139687750600512
read_file 1567704912.132066 1567704912.168775 bigbrain_2307_603_2776.nii 140458914735936
increment_file 1567704912.1690207 1567704937.129162 bigbrain_2307_603_2776.nii 140458914735936
write_file 1567704937.1477134 1567704937.6225443 inc-bigbrain_2307_603_2776.nii 140458914735936
task_duration 1567705032.128887 1567705177.7274017 1567704324-localAD_1it_25cpus_120delay_withpc-2 140458914735936
read_file 1567704912.1128619 1567704912.169281 bigbrain_2307_603_2082.nii 140235119937344
increment_file 1567704912.169613 1567704937.2884734 bigbrain_2307_603_2082.nii 140235119937344
write_file 1567704937.3033574 1567704937.8718264 inc-bigbrain_2307_603_2082.nii 140235119937344
task_duration 1567705032.1105108 1567705177.974533 1567704324-localAD_1it_25cpus_120delay_withpc-2 140235119937344
read_file 1567704912.1442754 1567704912.2422326 bigbrain_2307_603_694.nii 140225093474112
increment_file 1567704912.2426147 1567704936.7950933 bigbrain_2307_603_694.nii 140225093474112
write_file 1567704936.8108504 1567704937.288999 inc-bigbrain_2307_603_694.nii 140225093474112
task_duration 1567705032.1426613 1567705177.392539 1567704324-localAD_1it_25cpus_120delay_withpc-2 140225093474112
read_file 1567704912.219184 1567704912.2941353 bigbrain_3076_0_0.nii 140670755915584
increment_file 1567704912.2945108 1567704936.7604096 bigbrain_3076_0_0.nii 140670755915584
write_file 1567704936.7729673 1567704937.2489457 inc-bigbrain_3076_0_0.nii 140670755915584
task_duration 1567705032.216934 1567705177.3534498 1567704324-localAD_1it_25cpus_120delay_withpc-2 140670755915584
read_file 1567704912.2648046 1567704912.3033133 bigbrain_3076_0_2082.nii 139912776337216
increment_file 1567704912.3036664 1567704937.2546594 bigbrain_3076_0_2082.nii 139912776337216
write_file 1567704937.2719343 1567704937.750838 inc-bigbrain_3076_0_2082.nii 139912776337216
task_duration 1567705032.2635138 1567705177.8548603 1567704324-localAD_1it_25cpus_120delay_withpc-2 139912776337216
read_file 1567704912.2370644 1567704912.355313 bigbrain_3076_0_1388.nii 139638161311552
increment_file 1567704912.3556921 1567704936.2066143 bigbrain_3076_0_1388.nii 139638161311552
write_file 1567704936.2243652 1567704936.7126665 inc-bigbrain_3076_0_1388.nii 139638161311552
task_duration 1567705032.2352371 1567705176.816246 1567704324-localAD_1it_25cpus_120delay_withpc-2 139638161311552
read_file 1567704999.565358 1567704999.632353 bigbrain_3076_1206_0.nii 140087650244416
increment_file 1567704999.6327114 1567705007.1286762 bigbrain_3076_1206_0.nii 140087650244416
write_file 1567705007.1458313 1567705007.6235588 inc-bigbrain_3076_1206_0.nii 140087650244416
task_duration 1567705119.562934 1567705247.729297 1567704324-localAD_1it_25cpus_120delay_withpc-2 140087650244416
read_file 1567704999.5616605 1567704999.6330056 bigbrain_3076_0_2776.nii 139645111535424
increment_file 1567704999.6333566 1567705007.1680782 bigbrain_3076_0_2776.nii 139645111535424
write_file 1567705007.1856668 1567705007.6656713 inc-bigbrain_3076_0_2776.nii 139645111535424
task_duration 1567705119.5590684 1567705247.76972 1567704324-localAD_1it_25cpus_120delay_withpc-2 139645111535424
read_file 1567704999.5621934 1567704999.6330967 bigbrain_3076_0_694.nii 140333787289408
increment_file 1567704999.6334538 1567705007.1793423 bigbrain_3076_0_694.nii 140333787289408
write_file 1567705007.1967416 1567705007.6567955 inc-bigbrain_3076_0_694.nii 140333787289408
task_duration 1567705119.5601852 1567705247.7655432 1567704324-localAD_1it_25cpus_120delay_withpc-2 140333787289408
read_file 1567705033.7704315 1567705033.7726328 bigbrain_3076_1206_1388.nii 139811233740608
increment_file 1567705033.772913 1567705036.0569766 bigbrain_3076_1206_1388.nii 139811233740608
write_file 1567705036.0762715 1567705036.5531104 inc-bigbrain_3076_1206_1388.nii 139811233740608
task_duration 1567705153.7673357 1567705276.665904 1567704324-localAD_1it_25cpus_120delay_withpc-2 139811233740608
read_file 1567705033.8608801 1567705033.8714445 bigbrain_3076_1206_2082.nii 139955651004224
increment_file 1567705033.8718274 1567705036.1470463 bigbrain_3076_1206_2082.nii 139955651004224
write_file 1567705036.158144 1567705036.6156802 inc-bigbrain_3076_1206_2082.nii 139955651004224
task_duration 1567705153.8584938 1567705276.7209945 1567704324-localAD_1it_25cpus_120delay_withpc-2 139955651004224
read_file 1567705039.1701589 1567705039.1719515 bigbrain_3076_1206_2776.nii 140236402394944
increment_file 1567705039.17216 1567705040.4068244 bigbrain_3076_1206_2776.nii 140236402394944
write_file 1567705040.4165652 1567705040.8897781 inc-bigbrain_3076_1206_2776.nii 140236402394944
task_duration 1567705159.168513 1567705280.981 1567704324-localAD_1it_25cpus_120delay_withpc-2 140236402394944
read_file 1567705047.8800473 1567705047.9749942 bigbrain_3076_1206_694.nii 140079835723584
increment_file 1567705047.9753284 1567705049.6938434 bigbrain_3076_1206_694.nii 140079835723584
write_file 1567705049.703248 1567705050.162129 inc-bigbrain_3076_1206_694.nii 140079835723584
task_duration 1567705167.877632 1567705290.2693095 1567704324-localAD_1it_25cpus_120delay_withpc-2 140079835723584
read_file 1567705050.4899905 1567705050.4919484 bigbrain_3076_1809_1388.nii 140216679114560
increment_file 1567705050.4921956 1567705052.8345435 bigbrain_3076_1809_1388.nii 140216679114560
write_file 1567705052.8545396 1567705053.3229046 inc-bigbrain_3076_1809_1388.nii 140216679114560
task_duration 1567705170.4877913 1567705293.4284704 1567704324-localAD_1it_25cpus_120delay_withpc-2 140216679114560
read_file 1567705050.5138001 1567705050.5237672 bigbrain_3076_1809_0.nii 140425839089472
increment_file 1567705050.524145 1567705052.8586843 bigbrain_3076_1809_0.nii 140425839089472
write_file 1567705052.8731675 1567705053.3435605 inc-bigbrain_3076_1809_0.nii 140425839089472
task_duration 1567705170.5115042 1567705293.4489899 1567704324-localAD_1it_25cpus_120delay_withpc-2 140425839089472
read_file 1567705052.881952 1567705052.883323 bigbrain_3076_1809_2082.nii 140083061970752
increment_file 1567705052.8835044 1567705054.1053436 bigbrain_3076_1809_2082.nii 140083061970752
write_file 1567705054.117111 1567705054.5886488 inc-bigbrain_3076_1809_2082.nii 140083061970752
task_duration 1567705172.8804865 1567705294.6926293 1567704324-localAD_1it_25cpus_120delay_withpc-2 140083061970752
read_file 1567705054.717419 1567705054.7192085 bigbrain_3076_1809_2776.nii 140496570120000
increment_file 1567705054.7193654 1567705056.571129 bigbrain_3076_1809_2776.nii 140496570120000
write_file 1567705056.5924714 1567705057.0919974 inc-bigbrain_3076_1809_2776.nii 140496570120000
task_duration 1567705174.7146928 1567705297.1812403 1567704324-localAD_1it_25cpus_120delay_withpc-2 140496570120000
read_file 1567705055.508007 1567705055.5233371 bigbrain_3076_1809_694.nii 140406483474240
increment_file 1567705055.5237024 1567705058.8545666 bigbrain_3076_1809_694.nii 140406483474240
write_file 1567705058.8725028 1567705059.3576202 inc-bigbrain_3076_1809_694.nii 140406483474240
task_duration 1567705175.5053465 1567705299.466705 1567704324-localAD_1it_25cpus_120delay_withpc-2 140406483474240
read_file 1567705055.882676 1567705055.904817 bigbrain_3076_2412_0.nii 139889223051072
increment_file 1567705055.9050193 1567705059.865177 bigbrain_3076_2412_0.nii 139889223051072
write_file 1567705059.8836195 1567705060.3611393 inc-bigbrain_3076_2412_0.nii 139889223051072
task_duration 1567705175.8812435 1567705300.4731088 1567704324-localAD_1it_25cpus_120delay_withpc-2 139889223051072
read_file 1567705056.5768251 1567705056.6004004 bigbrain_3076_2412_1388.nii 139881157580608
increment_file 1567705056.6007683 1567705062.4936085 bigbrain_3076_2412_1388.nii 139881157580608
write_file 1567705062.5098336 1567705062.9891984 inc-bigbrain_3076_2412_1388.nii 139881157580608
task_duration 1567705176.5743887 1567705303.0977733 1567704324-localAD_1it_25cpus_120delay_withpc-2 139881157580608
read_file 1567705058.6569211 1567705058.7075102 bigbrain_3076_2412_2082.nii 139729924351808
increment_file 1567705058.707748 1567705070.1021404 bigbrain_3076_2412_2082.nii 139729924351808
write_file 1567705070.1178977 1567705070.7133691 inc-bigbrain_3076_2412_2082.nii 139729924351808
task_duration 1567705178.6551929 1567705310.8220887 1567704324-localAD_1it_25cpus_120delay_withpc-2 139729924351808
read_file 1567705058.865492 1567705058.9177518 bigbrain_3076_2412_2776.nii 140518306404160
increment_file 1567705058.918109 1567705074.36625 bigbrain_3076_2412_2776.nii 140518306404160
write_file 1567705074.3851557 1567705074.8578045 inc-bigbrain_3076_2412_2776.nii 140518306404160
task_duration 1567705178.8628495 1567705314.9622045 1567704324-localAD_1it_25cpus_120delay_withpc-2 140518306404160
read_file 1567705058.9481103 1567705059.0343275 bigbrain_3076_2412_694.nii 139959072249664
increment_file 1567705059.0345883 1567705073.2889557 bigbrain_3076_2412_694.nii 139959072249664
write_file 1567705073.3081656 1567705073.7873352 inc-bigbrain_3076_2412_694.nii 139959072249664
task_duration 1567705178.9455411 1567705313.89337 1567704324-localAD_1it_25cpus_120delay_withpc-2 139959072249664
read_file 1567705059.224966 1567705059.2976193 bigbrain_3076_603_0.nii 139986781833024
increment_file 1567705059.2979927 1567705075.9119542 bigbrain_3076_603_0.nii 139986781833024
write_file 1567705075.932863 1567705076.4037175 inc-bigbrain_3076_603_0.nii 139986781833024
task_duration 1567705179.2225802 1567705316.4500098 1567704324-localAD_1it_25cpus_120delay_withpc-2 139986781833024
read_file 1567705059.8348775 1567705059.87602 bigbrain_3076_603_1388.nii 139874250098496
increment_file 1567705059.8764148 1567705076.1629007 bigbrain_3076_603_1388.nii 139874250098496
write_file 1567705076.1797125 1567705076.6425345 inc-bigbrain_3076_603_1388.nii 139874250098496
task_duration 1567705179.8328848 1567705316.7470322 1567704324-localAD_1it_25cpus_120delay_withpc-2 139874250098496
read_file 1567705059.8579388 1567705059.926847 bigbrain_3076_603_2082.nii 139744413128512
increment_file 1567705059.9271019 1567705076.3015306 bigbrain_3076_603_2082.nii 139744413128512
write_file 1567705076.3193276 1567705076.7853034 inc-bigbrain_3076_603_2082.nii 139744413128512
task_duration 1567705179.8547027 1567705316.8890722 1567704324-localAD_1it_25cpus_120delay_withpc-2 139744413128512
read_file 1567705059.8935375 1567705060.0002677 bigbrain_3076_603_2776.nii 140392116553536
increment_file 1567705060.0006442 1567705076.9488595 bigbrain_3076_603_2776.nii 140392116553536
write_file 1567705076.9656065 1567705077.4456904 inc-bigbrain_3076_603_2776.nii 140392116553536
task_duration 1567705179.8913953 1567705317.5453267 1567704324-localAD_1it_25cpus_120delay_withpc-2 140392116553536
read_file 1567705060.0499525 1567705060.1468554 bigbrain_3076_603_694.nii 139685956376384
increment_file 1567705060.147171 1567705076.8137248 bigbrain_3076_603_694.nii 139685956376384
write_file 1567705076.8331938 1567705077.4350142 inc-bigbrain_3076_603_694.nii 139685956376384
task_duration 1567705180.0478692 1567705317.5393221 1567704324-localAD_1it_25cpus_120delay_withpc-2 139685956376384
read_file 1567705060.1125717 1567705060.1777072 bigbrain_769_0_0.nii 139669949425472
increment_file 1567705060.178047 1567705077.0507617 bigbrain_769_0_0.nii 139669949425472
write_file 1567705077.0685713 1567705077.538941 inc-bigbrain_769_0_0.nii 139669949425472
task_duration 1567705180.110448 1567705317.6430323 1567704324-localAD_1it_25cpus_120delay_withpc-2 139669949425472
read_file 1567705060.0906355 1567705060.1979318 bigbrain_769_0_1388.nii 139986096564032
increment_file 1567705060.198257 1567705076.9272664 bigbrain_769_0_1388.nii 139986096564032
write_file 1567705076.9450276 1567705077.4215767 inc-bigbrain_769_0_1388.nii 139986096564032
task_duration 1567705180.088623 1567705317.5266237 1567704324-localAD_1it_25cpus_120delay_withpc-2 139986096564032
read_file 1567705060.1104882 1567705060.302306 bigbrain_769_0_2082.nii 140494452660032
increment_file 1567705060.302654 1567705077.0896518 bigbrain_769_0_2082.nii 140494452660032
write_file 1567705077.1085243 1567705077.5773852 inc-bigbrain_769_0_2082.nii 140494452660032
task_duration 1567705180.1085858 1567705317.6811671 1567704324-localAD_1it_25cpus_120delay_withpc-2 140494452660032
read_file 1567705128.7181451 1567705128.7778957 bigbrain_769_0_2776.nii 140325804431168
increment_file 1567705128.778139 1567705133.978138 bigbrain_769_0_2776.nii 140325804431168
write_file 1567705133.9947467 1567705134.4691064 inc-bigbrain_769_0_2776.nii 140325804431168
task_duration 1567705248.715414 1567705374.573891 1567704324-localAD_1it_25cpus_120delay_withpc-2 140325804431168
read_file 1567705128.716016 1567705128.7787182 bigbrain_769_1206_0.nii 140052545496896
increment_file 1567705128.7790616 1567705133.988416 bigbrain_769_1206_0.nii 140052545496896
write_file 1567705134.006091 1567705134.485375 inc-bigbrain_769_1206_0.nii 140052545496896
task_duration 1567705248.7130494 1567705374.5909057 1567704324-localAD_1it_25cpus_120delay_withpc-2 140052545496896
read_file 1567705128.7162695 1567705128.7787206 bigbrain_769_0_694.nii 140010528532288
increment_file 1567705128.7791386 1567705133.9992454 bigbrain_769_0_694.nii 140010528532288
write_file 1567705134.0165763 1567705134.4941447 inc-bigbrain_769_0_694.nii 140010528532288
task_duration 1567705248.7138522 1567705374.6022694 1567704324-localAD_1it_25cpus_120delay_withpc-2 140010528532288
read_file 1567705157.599147 1567705157.601003 bigbrain_769_1206_1388.nii 139751801431872
increment_file 1567705157.6012046 1567705159.9109836 bigbrain_769_1206_1388.nii 139751801431872
write_file 1567705159.9304433 1567705160.4062526 inc-bigbrain_769_1206_1388.nii 139751801431872
task_duration 1567705277.5962787 1567705400.5189934 1567704324-localAD_1it_25cpus_120delay_withpc-2 139751801431872
read_file 1567705157.6522593 1567705157.666127 bigbrain_769_1206_2082.nii 140514323683136
increment_file 1567705157.6664627 1567705159.9647074 bigbrain_769_1206_2082.nii 140514323683136
write_file 1567705159.9781647 1567705160.447563 inc-bigbrain_769_1206_2082.nii 140514323683136
task_duration 1567705277.6498265 1567705400.5527282 1567704324-localAD_1it_25cpus_120delay_withpc-2 140514323683136
read_file 1567705161.748699 1567705161.7514472 bigbrain_769_1206_2776.nii 139623738451776
increment_file 1567705161.7518055 1567705162.9863625 bigbrain_769_1206_2776.nii 139623738451776
write_file 1567705162.997009 1567705163.4616735 inc-bigbrain_769_1206_2776.nii 139623738451776
task_duration 1567705281.7453427 1567705403.5711844 1567704324-localAD_1it_25cpus_120delay_withpc-2 139623738451776
read_file 1567705171.058351 1567705171.1434062 bigbrain_769_1206_694.nii 139746205439808
increment_file 1567705171.1437757 1567705176.2878358 bigbrain_769_1206_694.nii 139746205439808
write_file 1567705176.3076036 1567705176.7938058 inc-bigbrain_769_1206_694.nii 139746205439808
task_duration 1567705291.0565383 1567705416.9079564 1567704324-localAD_1it_25cpus_120delay_withpc-2 139746205439808
read_file 1567705174.365323 1567705174.378663 bigbrain_769_1809_0.nii 140339967231808
increment_file 1567705174.3789923 1567705178.091639 bigbrain_769_1809_0.nii 140339967231808
write_file 1567705178.1105733 1567705178.5737717 inc-bigbrain_769_1809_0.nii 140339967231808
task_duration 1567705294.3635216 1567705418.6793718 1567704324-localAD_1it_25cpus_120delay_withpc-2 140339967231808
read_file 1567705174.3860865 1567705174.4139218 bigbrain_769_1809_1388.nii 140274911430464
increment_file 1567705174.4142823 1567705178.164347 bigbrain_769_1809_1388.nii 140274911430464
write_file 1567705178.1824245 1567705178.6554532 inc-bigbrain_769_1809_1388.nii 140274911430464
task_duration 1567705294.3843322 1567705418.7640786 1567704324-localAD_1it_25cpus_120delay_withpc-2 140274911430464
read_file 1567705175.4278088 1567705175.4671042 bigbrain_769_1809_2082.nii 139900502533952
increment_file 1567705175.4674685 1567705178.880572 bigbrain_769_1809_2082.nii 139900502533952
write_file 1567705178.8980396 1567705179.3783255 inc-bigbrain_769_1809_2082.nii 139900502533952
task_duration 1567705295.4258642 1567705419.4884064 1567704324-localAD_1it_25cpus_120delay_withpc-2 139900502533952
read_file 1567705177.9456136 1567705177.9848025 bigbrain_769_1809_2776.nii 139739369846592
increment_file 1567705177.985208 1567705179.6806753 bigbrain_769_1809_2776.nii 139739369846592
write_file 1567705179.6939895 1567705180.220355 inc-bigbrain_769_1809_2776.nii 139739369846592
task_duration 1567705297.9433138 1567705420.3251185 1567704324-localAD_1it_25cpus_120delay_withpc-2 139739369846592
read_file 1567705180.2554939 1567705180.2571912 bigbrain_769_1809_694.nii 140459826550592
increment_file 1567705180.2573533 1567705181.7228496 bigbrain_769_1809_694.nii 140459826550592
write_file 1567705181.7410653 1567705182.2146637 inc-bigbrain_769_1809_694.nii 140459826550592
task_duration 1567705300.2527032 1567705422.3219965 1567704324-localAD_1it_25cpus_120delay_withpc-2 140459826550592
read_file 1567705181.2070765 1567705181.216931 bigbrain_769_2412_0.nii 140589658019648
increment_file 1567705181.2173007 1567705182.6837049 bigbrain_769_2412_0.nii 140589658019648
write_file 1567705182.6955123 1567705183.1667671 inc-bigbrain_769_2412_0.nii 140589658019648
task_duration 1567705301.2056499 1567705423.2757258 1567704324-localAD_1it_25cpus_120delay_withpc-2 140589658019648
read_file 1567705183.9082022 1567705183.9099483 bigbrain_769_2412_1388.nii 140660706957120
increment_file 1567705183.910149 1567705185.142685 bigbrain_769_2412_1388.nii 140660706957120
write_file 1567705185.1517792 1567705185.629934 inc-bigbrain_769_2412_1388.nii 140660706957120
task_duration 1567705303.9065814 1567705425.7362382 1567704324-localAD_1it_25cpus_120delay_withpc-2 140660706957120
read_file 1567705191.8254507 1567705191.8282871 bigbrain_769_2412_2082.nii 139797272082240
increment_file 1567705191.8286436 1567705193.0655737 bigbrain_769_2412_2082.nii 139797272082240
write_file 1567705193.077825 1567705193.546757 inc-bigbrain_769_2412_2082.nii 139797272082240
task_duration 1567705311.8228807 1567705433.6519482 1567704324-localAD_1it_25cpus_120delay_withpc-2 139797272082240
read_file 1567705194.6882453 1567705194.7917864 bigbrain_769_2412_2776.nii 139659903592256
increment_file 1567705194.7921228 1567705206.0989258 bigbrain_769_2412_2776.nii 139659903592256
write_file 1567705206.1173208 1567705206.6120515 inc-bigbrain_769_2412_2776.nii 139659903592256
task_duration 1567705314.6864395 1567705446.7202196 1567704324-localAD_1it_25cpus_120delay_withpc-2 139659903592256
read_file 1567705195.7755547 1567705195.8551576 bigbrain_769_2412_694.nii 139957181499200
increment_file 1567705195.8555117 1567705207.2523024 bigbrain_769_2412_694.nii 139957181499200
write_file 1567705207.2686725 1567705207.7514918 inc-bigbrain_769_2412_694.nii 139957181499200
task_duration 1567705315.772876 1567705447.8624618 1567704324-localAD_1it_25cpus_120delay_withpc-2 139957181499200
read_file 1567705197.3512652 1567705197.4061685 bigbrain_769_603_0.nii 139752087684928
increment_file 1567705197.4064813 1567705208.3898277 bigbrain_769_603_0.nii 139752087684928
write_file 1567705208.4081798 1567705208.894229 inc-bigbrain_769_603_0.nii 139752087684928
task_duration 1567705317.348635 1567705448.971012 1567704324-localAD_1it_25cpus_120delay_withpc-2 139752087684928
read_file 1567705197.7399547 1567705197.8321638 bigbrain_769_603_1388.nii 139717215647552
increment_file 1567705197.8325784 1567705208.529613 bigbrain_769_603_1388.nii 139717215647552
write_file 1567705208.545442 1567705209.0940394 inc-bigbrain_769_603_1388.nii 139717215647552
task_duration 1567705317.737925 1567705449.199074 1567704324-localAD_1it_25cpus_120delay_withpc-2 139717215647552
read_file 1567705197.8779392 1567705197.8791122 bigbrain_769_603_2082.nii 139841159014208
increment_file 1567705197.8793054 1567705198.2626843 bigbrain_769_603_2082.nii 139841159014208
write_file 1567705198.272235 1567705198.7245262 inc-bigbrain_769_603_2082.nii 139841159014208
task_duration 1567705317.8763297 1567705438.832968 1567704324-localAD_1it_25cpus_120delay_withpc-2 139841159014208
read_file 1567705198.3495755 1567705198.47922 bigbrain_769_603_2776.nii 139630567831360
increment_file 1567705198.4796112 1567705208.7164636 bigbrain_769_603_2776.nii 139630567831360
write_file 1567705208.7305872 1567705209.252586 inc-bigbrain_769_603_2776.nii 139630567831360
task_duration 1567705318.347725 1567705449.3020792 1567704324-localAD_1it_25cpus_120delay_withpc-2 139630567831360
read_file 1567705198.3734684 1567705198.536927 bigbrain_769_603_694.nii 139674984331072
increment_file 1567705198.5373 1567705208.7077742 bigbrain_769_603_694.nii 139674984331072
write_file 1567705208.724632 1567705209.184185 inc-bigbrain_769_603_694.nii 139674984331072
task_duration 1567705318.3714366 1567705449.2538753 1567704324-localAD_1it_25cpus_120delay_withpc-2 139674984331072
