read_file 1567619592.9499152 1567619592.992461 bigbrain_769_603_694.nii 139981084960576
increment_file 1567619592.9965746 1567619605.0641406 bigbrain_769_603_694.nii 139981084960576
write_file 1567619605.0916882 1567619616.6914408 inc-bigbrain_769_603_694.nii 139981084960576
task_duration 1567619712.9477837 1567619856.806171 1567618680-isilon_1it_25cpus_60sdelay_withpc-1 139981084960576
read_file 1567619052.6272824 1567619060.790238 bigbrain_2307_2412_694.nii 139701819516736
increment_file 1567619065.0093377 1567619079.5802543 bigbrain_2307_2412_694.nii 139701819516736
write_file 1567619111.714448 1567619144.3571265 inc-bigbrain_2307_2412_694.nii 139701819516736
task_duration 1567619172.503087 1567619394.0834157 1567618680-isilon_1it_25cpus_60sdelay_withpc-1 139701819516736
read_file 1567619521.4337895 1567619533.962572 bigbrain_769_603_0.nii 140339552286528
increment_file 1567619544.989741 1567619557.1026447 bigbrain_769_603_0.nii 140339552286528
write_file 1567619563.1896482 1567619589.5225537 inc-bigbrain_769_603_0.nii 140339552286528
task_duration 1567619641.4315083 1567619831.3026385 1567618680-isilon_1it_25cpus_60sdelay_withpc-1 140339552286528
read_file 1567619328.5987966 1567619339.5671723 bigbrain_3076_603_2082.nii 139930442999616
increment_file 1567619346.6298945 1567619368.0491793 bigbrain_3076_603_2082.nii 139930442999616
write_file 1567619371.338661 1567619401.1122606 inc-bigbrain_3076_603_2082.nii 139930442999616
task_duration 1567619448.134707 1567619641.496025 1567618680-isilon_1it_25cpus_60sdelay_withpc-1 139930442999616
read_file 1567619022.664021 1567619026.194591 bigbrain_2307_1809_694.nii 139803363276608
increment_file 1567619028.191638 1567619034.1843245 bigbrain_2307_1809_694.nii 139803363276608
write_file 1567619035.9065716 1567619047.720038 inc-bigbrain_2307_1809_694.nii 139803363276608
task_duration 1567619142.6618156 1567619292.5157595 1567618680-isilon_1it_25cpus_60sdelay_withpc-1 139803363276608
read_file 1567619165.8607628 1567619165.9552677 bigbrain_3076_1206_1388.nii 140636051216192
increment_file 1567619165.979645 1567619183.9036903 bigbrain_3076_1206_1388.nii 140636051216192
write_file 1567619189.0690665 1567619218.2911704 inc-bigbrain_3076_1206_1388.nii 140636051216192
task_duration 1567619285.8589094 1567619469.9882286 1567618680-isilon_1it_25cpus_60sdelay_withpc-1 140636051216192
read_file 1567619409.6853735 1567619409.7965229 bigbrain_769_0_2776.nii 140042907600704
increment_file 1567619409.8487513 1567619426.9451115 bigbrain_769_0_2776.nii 140042907600704
write_file 1567619445.8100588 1567619465.193045 inc-bigbrain_769_0_2776.nii 140042907600704
task_duration 1567619529.6818433 1567619708.8745716 1567618680-isilon_1it_25cpus_60sdelay_withpc-1 140042907600704
read_file 1567619561.350716 1567619564.3281136 bigbrain_769_603_1388.nii 139657392191296
increment_file 1567619566.5857308 1567619590.0906308 bigbrain_769_603_1388.nii 139657392191296
write_file 1567619591.9986248 1567619604.9581313 inc-bigbrain_769_603_1388.nii 139657392191296
task_duration 1567619680.4588022 1567619845.174204 1567618680-isilon_1it_25cpus_60sdelay_withpc-1 139657392191296
read_file 1567618566.734559 1567618567.2334514 bigbrain_1538_1206_694.nii 140353091835712
increment_file 1567618647.8510842 1567618689.3117986 bigbrain_1538_1206_694.nii 140353091835712
write_file 1567618704.112699 1567618835.2280767 inc-bigbrain_1538_1206_694.nii 140353091835712
task_duration 1567618686.7263265 1567619075.7350488 1567618680-isilon_1it_25cpus_60sdelay_withpc-1 140353091835712
read_file 1567619053.2153575 1567619061.9942951 bigbrain_2307_2412_0.nii 140027873937216
increment_file 1567619065.5266821 1567619082.6688375 bigbrain_2307_2412_0.nii 140027873937216
write_file 1567619111.8480744 1567619152.501015 inc-bigbrain_2307_2412_0.nii 140027873937216
task_duration 1567619173.0288978 1567619396.492629 1567618680-isilon_1it_25cpus_60sdelay_withpc-1 140027873937216
read_file 1567619409.6901789 1567619409.8424609 bigbrain_769_1206_0.nii 139830820968256
increment_file 1567619409.8571966 1567619428.3872876 bigbrain_769_1206_0.nii 139830820968256
write_file 1567619450.1932693 1567619483.4074373 inc-bigbrain_769_1206_0.nii 139830820968256
task_duration 1567619529.6878824 1567619738.5008478 1567618680-isilon_1it_25cpus_60sdelay_withpc-1 139830820968256
read_file 1567619204.0144346 1567619208.743285 bigbrain_3076_1809_2776.nii 140030483408704
increment_file 1567619214.5387015 1567619231.7382119 bigbrain_3076_1809_2776.nii 140030483408704
write_file 1567619234.5770733 1567619265.4672928 inc-bigbrain_3076_1809_2776.nii 140030483408704
task_duration 1567619323.7088213 1567619506.0977952 1567618680-isilon_1it_25cpus_60sdelay_withpc-1 140030483408704
read_file 1567619325.8120186 1567619333.8090684 bigbrain_3076_603_2776.nii 139688581957440
increment_file 1567619342.5114517 1567619361.3594737 bigbrain_3076_603_2776.nii 139688581957440
write_file 1567619370.9327774 1567619399.0327919 inc-bigbrain_3076_603_2776.nii 139688581957440
task_duration 1567619445.799644 1567619641.2768402 1567618680-isilon_1it_25cpus_60sdelay_withpc-1 139688581957440
read_file 1567619165.865856 1567619165.9649212 bigbrain_3076_1206_0.nii 139718181222208
increment_file 1567619168.810909 1567619187.8588173 bigbrain_3076_1206_0.nii 139718181222208
write_file 1567619190.406073 1567619223.7794378 inc-bigbrain_3076_1206_0.nii 139718181222208
task_duration 1567619285.8625503 1567619470.3433022 1567618680-isilon_1it_25cpus_60sdelay_withpc-1 139718181222208
read_file 1567619197.9784162 1567619203.354941 bigbrain_3076_1809_1388.nii 140271705036608
increment_file 1567619206.4652781 1567619228.6726758 bigbrain_3076_1809_1388.nii 140271705036608
write_file 1567619233.3643408 1567619265.0141869 inc-bigbrain_3076_1809_1388.nii 140271705036608
task_duration 1567619317.6583154 1567619505.763096 1567618680-isilon_1it_25cpus_60sdelay_withpc-1 140271705036608
read_file 1567619268.2842731 1567619268.299679 bigbrain_3076_2412_1388.nii 140086527113024
increment_file 1567619268.3379638 1567619287.3370142 bigbrain_3076_2412_1388.nii 140086527113024
write_file 1567619295.839113 1567619323.895663 inc-bigbrain_3076_2412_1388.nii 140086527113024
task_duration 1567619388.2812345 1567619564.0198941 1567618680-isilon_1it_25cpus_60sdelay_withpc-1 140086527113024
read_file 1567619521.3296773 1567619521.4231846 bigbrain_769_2412_1388.nii 139864607369024
increment_file 1567619530.0698082 1567619549.8816607 bigbrain_769_2412_1388.nii 139864607369024
write_file 1567619557.1819305 1567619587.1410646 inc-bigbrain_769_2412_1388.nii 139864607369024
task_duration 1567619641.3168957 1567619829.2154825 1567618680-isilon_1it_25cpus_60sdelay_withpc-1 139864607369024
read_file 1567619409.858871 1567619418.9274776 bigbrain_769_1809_0.nii 139797603129152
increment_file 1567619431.8616168 1567619461.315942 bigbrain_769_1809_0.nii 139797603129152
write_file 1567619467.6143947 1567619512.7758706 inc-bigbrain_769_1809_0.nii 139797603129152
task_duration 1567619529.8552485 1567619754.0883129 1567618680-isilon_1it_25cpus_60sdelay_withpc-1 139797603129152
read_file 1567619325.8569434 1567619335.1562977 bigbrain_769_0_0.nii 139771653736256
increment_file 1567619344.7561252 1567619365.1596005 bigbrain_769_0_0.nii 139771653736256
write_file 1567619371.0150323 1567619400.931722 inc-bigbrain_769_0_0.nii 139771653736256
task_duration 1567619445.8061576 1567619641.4938428 1567618680-isilon_1it_25cpus_60sdelay_withpc-1 139771653736256
read_file 1567618566.756868 1567618567.2366924 bigbrain_1538_1809_2082.nii 140542586464064
increment_file 1567618690.5146835 1567618704.4860675 bigbrain_1538_1809_2082.nii 140542586464064
write_file 1567618770.8087919 1567618840.5894 inc-bigbrain_1538_1809_2082.nii 140542586464064
task_duration 1567618686.7373168 1567619080.7013206 1567618680-isilon_1it_25cpus_60sdelay_withpc-1 140542586464064
read_file 1567618566.7309563 1567618567.183716 bigbrain_1538_603_694.nii 140038147221312
increment_file 1567618567.2415326 1567618601.9234588 bigbrain_1538_603_694.nii 140038147221312
write_file 1567618698.5025926 1567618797.1682127 inc-bigbrain_1538_603_694.nii 140038147221312
task_duration 1567618686.7259297 1567619057.0083942 1567618680-isilon_1it_25cpus_60sdelay_withpc-1 140038147221312
read_file 1567618566.733354 1567618567.2293367 bigbrain_1538_2412_1388.nii 140681280997184
increment_file 1567618624.8276632 1567618673.5939858 bigbrain_1538_2412_1388.nii 140681280997184
write_file 1567618703.0524158 1567618827.9303327 inc-bigbrain_1538_2412_1388.nii 140681280997184
task_duration 1567618686.7306898 1567619071.2544885 1567618680-isilon_1it_25cpus_60sdelay_withpc-1 140681280997184
read_file 1567618566.735661 1567618567.2054377 bigbrain_1538_603_2776.nii 140310417762112
increment_file 1567618570.7229838 1567618617.584868 bigbrain_1538_603_2776.nii 140310417762112
write_file 1567618700.5232575 1567618801.4298828 inc-bigbrain_1538_603_2776.nii 140310417762112
task_duration 1567618686.727618 1567619058.4887109 1567618680-isilon_1it_25cpus_60sdelay_withpc-1 140310417762112
read_file 1567618566.7370145 1567618567.234078 bigbrain_1538_1206_1388.nii 140257788831552
increment_file 1567618651.9670873 1567618690.7550375 bigbrain_1538_1206_1388.nii 140257788831552
write_file 1567618704.3313975 1567618837.668518 inc-bigbrain_1538_1206_1388.nii 140257788831552
task_duration 1567618686.7305782 1567619078.0934832 1567618680-isilon_1it_25cpus_60sdelay_withpc-1 140257788831552
read_file 1567619063.3531222 1567619066.3880298 bigbrain_3076_0_1388.nii 140518798636864
increment_file 1567619087.5124314 1567619110.139901 bigbrain_3076_0_1388.nii 140518798636864
write_file 1567619114.7795002 1567619159.9143023 inc-bigbrain_3076_0_1388.nii 140518798636864
task_duration 1567619183.0715747 1567619401.2765589 1567618680-isilon_1it_25cpus_60sdelay_withpc-1 140518798636864
read_file 1567619325.7173207 1567619325.7925882 bigbrain_3076_603_694.nii 139707627697984
increment_file 1567619325.8569543 1567619341.7097251 bigbrain_3076_603_694.nii 139707627697984
write_file 1567619354.5295572 1567619370.1412346 inc-bigbrain_3076_603_694.nii 139707627697984
task_duration 1567619445.71439 1567619612.1091118 1567618680-isilon_1it_25cpus_60sdelay_withpc-1 139707627697984
read_file 1567619039.817642 1567619042.7117636 bigbrain_2307_2412_2776.nii 140512197896000
increment_file 1567619051.1663232 1567619060.7340615 bigbrain_2307_2412_2776.nii 140512197896000
write_file 1567619065.4284408 1567619086.1679804 inc-bigbrain_2307_2412_2776.nii 140512197896000
task_duration 1567619159.7562807 1567619349.8718395 1567618680-isilon_1it_25cpus_60sdelay_withpc-1 140512197896000
read_file 1567619057.31841 1567619064.7430656 bigbrain_2307_603_1388.nii 140179945170752
increment_file 1567619071.6062508 1567619096.684194 bigbrain_2307_603_1388.nii 140179945170752
write_file 1567619112.7840207 1567619156.7378721 inc-bigbrain_2307_603_1388.nii 140179945170752
task_duration 1567619176.674057 1567619399.1999097 1567618680-isilon_1it_25cpus_60sdelay_withpc-1 140179945170752
read_file 1567618566.7305853 1567618567.1036396 bigbrain_1538_0_2776.nii 140261073364800
increment_file 1567618567.239107 1567618600.7482216 bigbrain_1538_0_2776.nii 140261073364800
write_file 1567618697.2901683 1567618794.7475934 inc-bigbrain_1538_0_2776.nii 140261073364800
task_duration 1567618686.7259235 1567619053.7974818 1567618680-isilon_1it_25cpus_60sdelay_withpc-1 140261073364800
read_file 1567619268.324892 1567619268.9277358 bigbrain_3076_2412_2082.nii 140062143248192
increment_file 1567619271.4808702 1567619295.8139162 bigbrain_3076_2412_2082.nii 140062143248192
write_file 1567619295.8492951 1567619323.8932962 inc-bigbrain_3076_2412_2082.nii 140062143248192
task_duration 1567619388.296064 1567619564.0138648 1567618680-isilon_1it_25cpus_60sdelay_withpc-1 140062143248192
read_file 1567619521.329325 1567619521.421717 bigbrain_769_2412_2776.nii 139862314456896
increment_file 1567619524.1445694 1567619547.1015468 bigbrain_769_2412_2776.nii 139862314456896
write_file 1567619552.0191298 1567619584.5111647 inc-bigbrain_769_2412_2776.nii 139862314456896
task_duration 1567619641.313565 1567619825.645967 1567618680-isilon_1it_25cpus_60sdelay_withpc-1 139862314456896
read_file 1567618947.879629 1567618947.913992 bigbrain_2307_1206_1388.nii 139749879715648
increment_file 1567618947.9220438 1567618954.1325595 bigbrain_2307_1206_1388.nii 139749879715648
write_file 1567618956.9722846 1567618966.422227 inc-bigbrain_2307_1206_1388.nii 139749879715648
task_duration 1567619067.8769062 1567619208.3570402 1567618680-isilon_1it_25cpus_60sdelay_withpc-1 139749879715648
read_file 1567618566.7330525 1567618567.2285821 bigbrain_1538_2412_0.nii 140559958628160
increment_file 1567618617.583028 1567618666.2187457 bigbrain_1538_2412_0.nii 140559958628160
write_file 1567618702.7834249 1567618826.5848773 inc-bigbrain_1538_2412_0.nii 140559958628160
task_duration 1567618686.7263815 1567619070.5153055 1567618680-isilon_1it_25cpus_60sdelay_withpc-1 140559958628160
read_file 1567619409.7143178 1567619409.8432367 bigbrain_769_1206_1388.nii 140629933795136
increment_file 1567619410.6624858 1567619434.6623418 bigbrain_769_1206_1388.nii 140629933795136
write_file 1567619458.0717206 1567619503.2409081 inc-bigbrain_769_1206_1388.nii 140629933795136
task_duration 1567619529.6902938 1567619746.1994655 1567618680-isilon_1it_25cpus_60sdelay_withpc-1 140629933795136
read_file 1567618566.7373507 1567618567.2348175 bigbrain_1538_1809_694.nii 140219990935360
increment_file 1567618658.8913224 1567618693.2778935 bigbrain_1538_1809_694.nii 140219990935360
write_file 1567618704.5475159 1567618838.8165355 inc-bigbrain_1538_1809_694.nii 140219990935360
task_duration 1567618686.7324831 1567619079.2896502 1567618680-isilon_1it_25cpus_60sdelay_withpc-1 140219990935360
read_file 1567619189.7821047 1567619193.4612434 bigbrain_3076_1206_2776.nii 139906045314880
increment_file 1567619198.2462332 1567619224.8265738 bigbrain_3076_1206_2776.nii 139906045314880
write_file 1567619232.4086328 1567619261.39925 inc-bigbrain_3076_1206_2776.nii 139906045314880
task_duration 1567619309.613038 1567619502.8662055 1567618680-isilon_1it_25cpus_60sdelay_withpc-1 139906045314880
read_file 1567619061.189768 1567619065.099904 bigbrain_2307_603_2776.nii 140525876049728
increment_file 1567619076.2887917 1567619101.102794 bigbrain_2307_603_2776.nii 140525876049728
write_file 1567619113.1850748 1567619157.9233818 inc-bigbrain_2307_603_2776.nii 140525876049728
task_duration 1567619181.0360136 1567619400.0770926 1567618680-isilon_1it_25cpus_60sdelay_withpc-1 140525876049728
read_file 1567619066.4061365 1567619078.868275 bigbrain_3076_0_0.nii 140113896023872
increment_file 1567619106.5854456 1567619121.5490754 bigbrain_3076_0_0.nii 140113896023872
write_file 1567619138.4465587 1567619162.935678 inc-bigbrain_3076_0_0.nii 140113896023872
task_duration 1567619186.2186346 1567619403.0585942 1567618680-isilon_1it_25cpus_60sdelay_withpc-1 140113896023872
read_file 1567619533.0787692 1567619547.5032716 bigbrain_769_2412_694.nii 139625093490496
increment_file 1567619551.2170494 1567619573.9100122 bigbrain_769_2412_694.nii 139625093490496
write_file 1567619576.5159175 1567619591.3308868 inc-bigbrain_769_2412_694.nii 139625093490496
task_duration 1567619652.0993514 1567619832.3752813 1567618680-isilon_1it_25cpus_60sdelay_withpc-1 139625093490496
read_file 1567618566.7366824 1567618567.2272422 bigbrain_1538_0_694.nii 139730673080128
increment_file 1567618606.234682 1567618655.2835681 bigbrain_1538_0_694.nii 139730673080128
write_file 1567618702.2451117 1567618820.0456116 inc-bigbrain_1538_0_694.nii 139730673080128
task_duration 1567618686.7294781 1567619063.9378598 1567618680-isilon_1it_25cpus_60sdelay_withpc-1 139730673080128
read_file 1567618566.7321472 1567618567.206232 bigbrain_1538_1206_0.nii 140368611940160
increment_file 1567618573.8101697 1567618622.8242352 bigbrain_1538_1206_0.nii 140368611940160
write_file 1567618700.9262757 1567618802.6317012 inc-bigbrain_1538_1206_0.nii 140368611940160
task_duration 1567618686.726331 1567619049.2535186 1567618680-isilon_1it_25cpus_60sdelay_withpc-1 140368611940160
read_file 1567619165.9930818 1567619181.687642 bigbrain_3076_1206_2082.nii 139957940979520
increment_file 1567619186.8146079 1567619195.638309 bigbrain_3076_1206_2082.nii 139957940979520
write_file 1567619204.6033497 1567619226.2757874 inc-bigbrain_3076_1206_2082.nii 139957940979520
task_duration 1567619285.9813392 1567619470.9305396 1567618680-isilon_1it_25cpus_60sdelay_withpc-1 139957940979520
read_file 1567619205.5300658 1567619217.3657727 bigbrain_3076_1809_0.nii 140536056108864
increment_file 1567619229.4785755 1567619242.9136472 bigbrain_3076_1809_0.nii 140536056108864
write_file 1567619246.4743307 1567619267.047701 inc-bigbrain_3076_1809_0.nii 140536056108864
task_duration 1567619325.3598516 1567619507.0788875 1567618680-isilon_1it_25cpus_60sdelay_withpc-1 140536056108864
read_file 1567619592.9496076 1567619592.9645522 bigbrain_769_603_2776.nii 139901176559424
increment_file 1567619592.9931533 1567619604.9583836 bigbrain_769_603_2776.nii 139901176559424
write_file 1567619605.088392 1567619616.6951647 inc-bigbrain_769_603_2776.nii 139901176559424
task_duration 1567619712.947335 1567619856.8100448 1567618680-isilon_1it_25cpus_60sdelay_withpc-1 139901176559424
read_file 1567619268.2971606 1567619268.6587734 bigbrain_3076_2412_0.nii 139773859018560
increment_file 1567619269.866629 1567619294.802448 bigbrain_3076_2412_0.nii 139773859018560
write_file 1567619295.8447397 1567619323.8980296 inc-bigbrain_3076_2412_0.nii 139773859018560
task_duration 1567619388.2852683 1567619564.023144 1567618680-isilon_1it_25cpus_60sdelay_withpc-1 139773859018560
read_file 1567619434.8492584 1567619457.3949828 bigbrain_769_1809_1388.nii 140552160347968
increment_file 1567619465.6609406 1567619497.3984032 bigbrain_769_1809_1388.nii 140552160347968
write_file 1567619504.1405034 1567619518.9325001 inc-bigbrain_769_1809_1388.nii 140552160347968
task_duration 1567619553.7559545 1567619759.0519 1567618680-isilon_1it_25cpus_60sdelay_withpc-1 140552160347968
read_file 1567618566.7342591 1567618567.2329986 bigbrain_1538_603_2082.nii 140013817136960
increment_file 1567618640.391191 1567618685.1895688 bigbrain_1538_603_2082.nii 140013817136960
write_file 1567618703.8377626 1567618833.6259694 inc-bigbrain_1538_603_2082.nii 140013817136960
task_duration 1567618686.726416 1567619074.2901206 1567618680-isilon_1it_25cpus_60sdelay_withpc-1 140013817136960
read_file 1567618566.7360275 1567618567.2099664 bigbrain_1538_1206_2082.nii 139777420609344
increment_file 1567618582.4241066 1567618636.405389 bigbrain_1538_1206_2082.nii 139777420609344
write_file 1567618701.8412793 1567618808.8485827 inc-bigbrain_1538_1206_2082.nii 139777420609344
task_duration 1567618686.7292163 1567619054.7030153 1567618680-isilon_1it_25cpus_60sdelay_withpc-1 139777420609344
read_file 1567619521.3289182 1567619521.421121 bigbrain_769_2412_0.nii 140343493113664
increment_file 1567619521.838774 1567619542.4505825 bigbrain_769_2412_0.nii 140343493113664
write_file 1567619550.5483177 1567619582.0703812 inc-bigbrain_769_2412_0.nii 140343493113664
task_duration 1567619641.3105109 1567619822.7935274 1567618680-isilon_1it_25cpus_60sdelay_withpc-1 140343493113664
read_file 1567619004.2556803 1567619007.3233933 bigbrain_2307_1809_2082.nii 140254947694400
increment_file 1567619009.496947 1567619016.434181 bigbrain_2307_1809_2082.nii 140254947694400
write_file 1567619016.4897714 1567619022.6249638 inc-bigbrain_2307_1809_2082.nii 140254947694400
task_duration 1567619124.0960014 1567619262.7516644 1567618680-isilon_1it_25cpus_60sdelay_withpc-1 140254947694400
read_file 1567618566.738393 1567618567.2131553 bigbrain_2307_0_0.nii 140613644093248
increment_file 1567618587.6729174 1567618640.2584171 bigbrain_2307_0_0.nii 140613644093248
write_file 1567618701.70636 1567618807.9413111 inc-bigbrain_2307_0_0.nii 140613644093248
task_duration 1567618686.732292 1567619061.2244775 1567618680-isilon_1it_25cpus_60sdelay_withpc-1 140613644093248
read_file 1567619022.0975986 1567619022.6400487 bigbrain_2307_1809_2776.nii 139667643234112
increment_file 1567619022.659788 1567619028.1866739 bigbrain_2307_1809_2776.nii 139667643234112
write_file 1567619029.8167403 1567619038.7228947 inc-bigbrain_2307_1809_2776.nii 139667643234112
task_duration 1567619142.0354075 1567619280.1398745 1567618680-isilon_1it_25cpus_60sdelay_withpc-1 139667643234112
read_file 1567618942.2303145 1567618942.26512 bigbrain_2307_1206_0.nii 140280191674176
increment_file 1567618942.2736735 1567618947.7755878 bigbrain_2307_1206_0.nii 140280191674176
write_file 1567618947.8175724 1567618954.1424003 inc-bigbrain_2307_1206_0.nii 140280191674176
task_duration 1567619062.228616 1567619196.6772277 1567618680-isilon_1it_25cpus_60sdelay_withpc-1 140280191674176
read_file 1567618566.7318583 1567618567.2023847 bigbrain_2307_0_1388.nii 140539661272896
increment_file 1567618568.4486392 1567618612.0976577 bigbrain_2307_0_1388.nii 140539661272896
write_file 1567618700.1192062 1567618803.6916714 inc-bigbrain_2307_0_1388.nii 140539661272896
task_duration 1567618686.7268066 1567619050.2969956 1567618680-isilon_1it_25cpus_60sdelay_withpc-1 140539661272896
read_file 1567619165.8589616 1567619165.9533913 bigbrain_3076_0_2776.nii 140660862699328
increment_file 1567619165.9707549 1567619182.728728 bigbrain_3076_0_2776.nii 140660862699328
write_file 1567619188.9353964 1567619208.36198 inc-bigbrain_3076_0_2776.nii 140660862699328
task_duration 1567619285.8558092 1567619453.865001 1567618680-isilon_1it_25cpus_60sdelay_withpc-1 140660862699328
read_file 1567618973.5675735 1567618973.6467397 bigbrain_2307_1206_694.nii 139836909418304
increment_file 1567618973.6758583 1567618983.2399209 bigbrain_2307_1206_694.nii 139836909418304
write_file 1567618984.7315116 1567618997.037679 inc-bigbrain_2307_1206_694.nii 139836909418304
task_duration 1567619093.5633078 1567619238.674488 1567618680-isilon_1it_25cpus_60sdelay_withpc-1 139836909418304
read_file 1567619055.6484828 1567619064.1557984 bigbrain_2307_603_2082.nii 139792636725056
increment_file 1567619067.318779 1567619088.4361184 bigbrain_2307_603_2082.nii 139792636725056
write_file 1567619112.2491386 1567619155.625814 inc-bigbrain_2307_603_2082.nii 139792636725056
task_duration 1567619175.4703798 1567619398.586594 1567618680-isilon_1it_25cpus_60sdelay_withpc-1 139792636725056
read_file 1567618566.7327456 1567618567.2265708 bigbrain_1538_1809_1388.nii 140191872784192
increment_file 1567618600.7467048 1567618651.9689739 bigbrain_1538_1809_1388.nii 140191872784192
write_file 1567618702.1106887 1567618822.3447955 inc-bigbrain_1538_1809_1388.nii 140191872784192
task_duration 1567618686.7292159 1567619068.501283 1567618680-isilon_1it_25cpus_60sdelay_withpc-1 140191872784192
read_file 1567618973.5766442 1567618973.6537664 bigbrain_2307_1206_2776.nii 139793584416576
increment_file 1567618973.686276 1567618984.6822655 bigbrain_2307_1206_2776.nii 139793584416576
write_file 1567618986.3417482 1567619000.3123846 inc-bigbrain_2307_1206_2776.nii 139793584416576
task_duration 1567619093.5731068 1567619240.4392705 1567618680-isilon_1it_25cpus_60sdelay_withpc-1 139793584416576
read_file 1567619521.304642 1567619521.4102445 bigbrain_769_2412_2082.nii 139662531700544
increment_file 1567619521.4249432 1567619536.0740666 bigbrain_769_2412_2082.nii 139662531700544
write_file 1567619549.373369 1567619567.4311614 inc-bigbrain_769_2412_2082.nii 139662531700544
task_duration 1567619641.3017817 1567619812.9030807 1567618680-isilon_1it_25cpus_60sdelay_withpc-1 139662531700544
read_file 1567618566.7339585 1567618567.2299056 bigbrain_1538_603_0.nii 139929411618624
increment_file 1567618628.8403544 1567618676.924716 bigbrain_1538_603_0.nii 139929411618624
write_file 1567618703.4560812 1567618830.0820818 inc-bigbrain_1538_603_0.nii 139929411618624
task_duration 1567618686.726264 1567619071.5651176 1567618680-isilon_1it_25cpus_60sdelay_withpc-1 139929411618624
read_file 1567618566.81022 1567618567.2277699 bigbrain_1538_2412_694.nii 139653499848512
increment_file 1567618613.7094367 1567618662.8810577 bigbrain_1538_2412_694.nii 139653499848512
write_file 1567618702.5140858 1567618824.6074097 inc-bigbrain_1538_2412_694.nii 139653499848512
task_duration 1567618686.7373476 1567619069.9006948 1567618680-isilon_1it_25cpus_60sdelay_withpc-1 139653499848512
read_file 1567619268.3240464 1567619268.7930071 bigbrain_3076_1809_694.nii 140562424416064
increment_file 1567619270.6737714 1567619295.7096808 bigbrain_3076_1809_694.nii 140562424416064
write_file 1567619295.8425028 1567619323.8882782 inc-bigbrain_3076_1809_694.nii 140562424416064
task_duration 1567619388.2926335 1567619564.0122302 1567618680-isilon_1it_25cpus_60sdelay_withpc-1 140562424416064
read_file 1567618973.7465951 1567618984.6926563 bigbrain_2307_1809_0.nii 140091524970304
increment_file 1567618984.7194932 1567618995.989897 bigbrain_2307_1809_0.nii 140091524970304
write_file 1567618998.9888136 1567619013.0901995 inc-bigbrain_2307_1809_0.nii 140091524970304
task_duration 1567619093.699237 1567619256.5532458 1567618680-isilon_1it_25cpus_60sdelay_withpc-1 140091524970304
read_file 1567618566.736332 1567618567.2176564 bigbrain_1538_1809_2776.nii 139696722310976
increment_file 1567618595.9903367 1567618647.8529541 bigbrain_1538_1809_2776.nii 139696722310976
write_file 1567618701.9760933 1567618812.627188 inc-bigbrain_1538_1809_2776.nii 139696722310976
task_duration 1567618686.72937 1567619057.5846827 1567618680-isilon_1it_25cpus_60sdelay_withpc-1 139696722310976
read_file 1567619410.7070043 1567619424.566684 bigbrain_769_1206_2776.nii 140119498868544
increment_file 1567619437.6243994 1567619463.9652143 bigbrain_769_1206_2776.nii 140119498868544
write_file 1567619470.0792706 1567619515.2966876 inc-bigbrain_769_1206_2776.nii 140119498868544
task_duration 1567619530.2703424 1567619756.2685647 1567618680-isilon_1it_25cpus_60sdelay_withpc-1 140119498868544
read_file 1567619368.4935174 1567619371.593863 bigbrain_769_0_2082.nii 139769693689664
increment_file 1567619375.9552698 1567619400.9322903 bigbrain_769_0_2082.nii 139769693689664
write_file 1567619401.4163086 1567619407.5916634 inc-bigbrain_769_0_2082.nii 139769693689664
task_duration 1567619488.0567424 1567619647.7081945 1567618680-isilon_1it_25cpus_60sdelay_withpc-1 139769693689664
read_file 1567619409.7148094 1567619409.8451693 bigbrain_769_0_694.nii 140659550054208
increment_file 1567619412.4221554 1567619440.8394341 bigbrain_769_0_694.nii 140659550054208
write_file 1567619463.8761702 1567619502.4702733 inc-bigbrain_769_0_694.nii 140659550054208
task_duration 1567619529.6913116 1567619743.4983387 1567618680-isilon_1it_25cpus_60sdelay_withpc-1 140659550054208
read_file 1567619325.7093806 1567619325.7820978 bigbrain_769_0_1388.nii 139810583861056
increment_file 1567619325.795471 1567619338.623143 bigbrain_769_0_1388.nii 139810583861056
write_file 1567619348.1004508 1567619366.3360803 inc-bigbrain_769_0_1388.nii 139810583861056
task_duration 1567619445.7055337 1567619610.083343 1567618680-isilon_1it_25cpus_60sdelay_withpc-1 139810583861056
read_file 1567618566.7348561 1567618567.065624 bigbrain_1538_1206_2776.nii 139882856871744
increment_file 1567618567.2311606 1567618600.375819 bigbrain_1538_1206_2776.nii 139882856871744
write_file 1567618696.8869295 1567618763.2056508 inc-bigbrain_1538_1206_2776.nii 139882856871744
task_duration 1567618686.7262723 1567619024.0790868 1567618680-isilon_1it_25cpus_60sdelay_withpc-1 139882856871744
read_file 1567618566.7314048 1567618567.2016222 bigbrain_1538_603_1388.nii 140693132478272
increment_file 1567618567.2542193 1567618606.8805814 bigbrain_1538_603_1388.nii 140693132478272
write_file 1567618699.7160678 1567618799.5531437 inc-bigbrain_1538_603_1388.nii 140693132478272
task_duration 1567618686.7259898 1567619059.8487265 1567618680-isilon_1it_25cpus_60sdelay_withpc-1 140693132478272
read_file 1567619037.3143811 1567619039.4807599 bigbrain_2307_2412_1388.nii 139935882483520
increment_file 1567619040.6292188 1567619050.7667153 bigbrain_2307_2412_1388.nii 139935882483520
write_file 1567619054.2405498 1567619064.3004189 inc-bigbrain_2307_2412_1388.nii 139935882483520
task_duration 1567619157.1726456 1567619309.8192804 1567618680-isilon_1it_25cpus_60sdelay_withpc-1 139935882483520
read_file 1567618566.733675 1567618567.2299833 bigbrain_1538_2412_2082.nii 140031982901056
increment_file 1567618636.4036348 1567618682.944955 bigbrain_1538_2412_2082.nii 140031982901056
write_file 1567618703.590138 1567618831.649114 inc-bigbrain_1538_2412_2082.nii 140031982901056
task_duration 1567618686.7264202 1567619072.443297 1567618680-isilon_1it_25cpus_60sdelay_withpc-1 140031982901056
read_file 1567619325.7964969 1567619328.9490042 bigbrain_3076_603_1388.nii 140578633041728
increment_file 1567619335.8269165 1567619352.3562305 bigbrain_3076_603_1388.nii 140578633041728
write_file 1567619368.372479 1567619394.349736 inc-bigbrain_3076_603_1388.nii 140578633041728
task_duration 1567619445.793939 1567619636.7785442 1567618680-isilon_1it_25cpus_60sdelay_withpc-1 140578633041728
read_file 1567618930.0711265 1567618930.0863721 bigbrain_2307_0_694.nii 140442610116416
increment_file 1567618930.0949333 1567618935.5841808 bigbrain_2307_0_694.nii 140442610116416
write_file 1567618935.6114814 1567618941.6959248 inc-bigbrain_2307_0_694.nii 140442610116416
task_duration 1567619050.068995 1567619181.818716 1567618680-isilon_1it_25cpus_60sdelay_withpc-1 140442610116416
read_file 1567619037.884723 1567619039.7925742 bigbrain_2307_2412_2082.nii 140171761940288
increment_file 1567619041.288549 1567619052.4766724 bigbrain_2307_2412_2082.nii 140171761940288
write_file 1567619060.0440829 1567619072.9467387 inc-bigbrain_2307_2412_2082.nii 140171761940288
task_duration 1567619157.7963986 1567619334.1943808 1567618680-isilon_1it_25cpus_60sdelay_withpc-1 140171761940288
read_file 1567619268.2847266 1567619268.3837783 bigbrain_3076_2412_2776.nii 140490955331392
increment_file 1567619269.0607276 1567619292.0202243 bigbrain_3076_2412_2776.nii 140490955331392
write_file 1567619295.8452637 1567619323.8950965 inc-bigbrain_3076_2412_2776.nii 140490955331392
task_duration 1567619388.281969 1567619564.0164526 1567618680-isilon_1it_25cpus_60sdelay_withpc-1 140490955331392
read_file 1567619042.599462 1567619052.2375436 bigbrain_2307_603_0.nii 140277777155904
increment_file 1567619054.0889797 1567619064.6908762 bigbrain_2307_603_0.nii 140277777155904
write_file 1567619074.951656 1567619105.2494698 inc-bigbrain_2307_603_0.nii 140277777155904
task_duration 1567619162.4216268 1567619352.497483 1567618680-isilon_1it_25cpus_60sdelay_withpc-1 140277777155904
read_file 1567618975.6259167 1567618984.700817 bigbrain_2307_1809_1388.nii 139640903698240
increment_file 1567618984.729194 1567618996.9317713 bigbrain_2307_1809_1388.nii 139640903698240
write_file 1567618999.3186657 1567619013.6287143 inc-bigbrain_2307_1809_1388.nii 139640903698240
task_duration 1567619095.1786962 1567619256.5477858 1567618680-isilon_1it_25cpus_60sdelay_withpc-1 139640903698240
read_file 1567618905.0866833 1567618905.1043992 bigbrain_2307_0_2776.nii 140600301672256
increment_file 1567618905.112246 1567618910.5743515 bigbrain_2307_0_2776.nii 140600301672256
write_file 1567618910.5990252 1567618916.684381 inc-bigbrain_2307_0_2776.nii 140600301672256
task_duration 1567619025.0831974 1567619156.7977672 1567618680-isilon_1it_25cpus_60sdelay_withpc-1 140600301672256
read_file 1567619064.4501731 1567619067.6635988 bigbrain_2307_603_694.nii 139727537309504
increment_file 1567619089.7787814 1567619111.109958 bigbrain_2307_603_694.nii 139727537309504
write_file 1567619115.091391 1567619160.369001 inc-bigbrain_2307_603_694.nii 139727537309504
task_duration 1567619184.3085332 1567619401.6903312 1567618680-isilon_1it_25cpus_60sdelay_withpc-1 139727537309504
read_file 1567619411.9374847 1567619429.9914446 bigbrain_769_1809_2082.nii 140362172630848
increment_file 1567619444.606863 1567619466.195819 bigbrain_769_1809_2082.nii 140362172630848
write_file 1567619482.652948 1567619517.01634 inc-bigbrain_769_1809_2082.nii 140362172630848
task_duration 1567619531.4736893 1567619758.0276272 1567618680-isilon_1it_25cpus_60sdelay_withpc-1 140362172630848
read_file 1567619325.7358062 1567619325.7931511 bigbrain_3076_2412_694.nii 139626337982272
increment_file 1567619326.6270652 1567619344.4903631 bigbrain_3076_2412_694.nii 139626337982272
write_file 1567619356.9949467 1567619388.8592215 inc-bigbrain_3076_2412_694.nii 139626337982272
task_duration 1567619445.721924 1567619633.8554463 1567618680-isilon_1it_25cpus_60sdelay_withpc-1 139626337982272
read_file 1567619062.8836472 1567619065.843872 bigbrain_3076_0_2082.nii 139843674457920
increment_file 1567619084.8209045 1567619108.430478 bigbrain_3076_0_2082.nii 139843674457920
write_file 1567619114.2573824 1567619159.5151365 inc-bigbrain_3076_0_2082.nii 139843674457920
task_duration 1567619182.6760144 1567619401.0294964 1567618680-isilon_1it_25cpus_60sdelay_withpc-1 139843674457920
read_file 1567619337.2252011 1567619345.4282527 bigbrain_3076_603_0.nii 140176177796928
increment_file 1567619353.836378 1567619375.6675692 bigbrain_3076_603_0.nii 140176177796928
write_file 1567619379.5657897 1567619401.3903413 inc-bigbrain_3076_603_0.nii 140176177796928
task_duration 1567619456.5085952 1567619641.511389 1567618680-isilon_1it_25cpus_60sdelay_withpc-1 140176177796928
read_file 1567618566.7377007 1567618567.2354727 bigbrain_2307_0_2082.nii 140657102354240
increment_file 1567618662.879347 1567618693.9224243 bigbrain_2307_0_2082.nii 140657102354240
write_file 1567618704.6009314 1567618839.921241 inc-bigbrain_2307_0_2082.nii 140657102354240
task_duration 1567618686.7330217 1567619080.313842 1567618680-isilon_1it_25cpus_60sdelay_withpc-1 140657102354240
read_file 1567618566.738045 1567618567.236065 bigbrain_1538_2412_2776.nii 140256429213504
increment_file 1567618669.8511314 1567618701.0337548 bigbrain_1538_2412_2776.nii 140256429213504
write_file 1567618707.185483 1567618840.4987376 inc-bigbrain_1538_2412_2776.nii 140256429213504
task_duration 1567618686.7320187 1567619080.6909122 1567618680-isilon_1it_25cpus_60sdelay_withpc-1 140256429213504
read_file 1567619409.7369113 1567619409.853305 bigbrain_769_1206_2082.nii 140353336530752
increment_file 1567619421.755192 1567619451.102272 bigbrain_769_1206_2082.nii 140353336530752
write_file 1567619466.0956914 1567619507.494654 inc-bigbrain_769_1206_2082.nii 140353336530752
task_duration 1567619529.7233748 1567619749.5554779 1567618680-isilon_1it_25cpus_60sdelay_withpc-1 140353336530752
read_file 1567618947.9240317 1567618950.3859801 bigbrain_2307_1206_2082.nii 139748945876800
increment_file 1567618953.5802495 1567618959.9555314 bigbrain_2307_1206_2082.nii 139748945876800
write_file 1567618962.4569778 1567618970.1493158 inc-bigbrain_2307_1206_2082.nii 139748945876800
task_duration 1567619067.9202654 1567619210.289644 1567618680-isilon_1it_25cpus_60sdelay_withpc-1 139748945876800
read_file 1567619409.7151926 1567619409.846744 bigbrain_769_1206_694.nii 140285852636992
increment_file 1567619416.6157727 1567619448.590791 bigbrain_769_1206_694.nii 140285852636992
write_file 1567619465.9473407 1567619505.0996103 inc-bigbrain_769_1206_694.nii 140285852636992
task_duration 1567619529.69578 1567619748.3697982 1567618680-isilon_1it_25cpus_60sdelay_withpc-1 140285852636992
read_file 1567619165.8632667 1567619165.9604979 bigbrain_3076_0_694.nii 140315418470208
increment_file 1567619165.993114 1567619186.147045 bigbrain_3076_0_694.nii 140315418470208
write_file 1567619189.2026634 1567619221.3873868 inc-bigbrain_3076_0_694.nii 140315418470208
task_duration 1567619285.8605251 1567619470.1294334 1567618680-isilon_1it_25cpus_60sdelay_withpc-1 140315418470208
read_file 1567619521.3200512 1567619521.420498 bigbrain_769_1809_694.nii 139727722198848
increment_file 1567619521.4327567 1567619538.3176556 bigbrain_769_1809_694.nii 139727722198848
write_file 1567619550.14709 1567619577.5363095 inc-bigbrain_769_1809_694.nii 139727722198848
task_duration 1567619641.3087244 1567619819.3854105 1567618680-isilon_1it_25cpus_60sdelay_withpc-1 139727722198848
read_file 1567619196.7751853 1567619197.8340414 bigbrain_3076_1809_2082.nii 140602595755840
increment_file 1567619199.6115708 1567619223.7807372 bigbrain_3076_1809_2082.nii 140602595755840
write_file 1567619232.2744966 1567619258.2553842 inc-bigbrain_3076_1809_2082.nii 140602595755840
task_duration 1567619316.1434717 1567619500.019772 1567618680-isilon_1it_25cpus_60sdelay_withpc-1 140602595755840
read_file 1567619192.962793 1567619194.0394654 bigbrain_3076_1206_694.nii 139971763369792
increment_file 1567619200.0659156 1567619226.2772088 bigbrain_3076_1206_694.nii 139971763369792
write_file 1567619232.5487359 1567619263.2247858 inc-bigbrain_3076_1206_694.nii 139971763369792
task_duration 1567619312.815911 1567619504.0712912 1567618680-isilon_1it_25cpus_60sdelay_withpc-1 139971763369792
read_file 1567619576.3055844 1567619577.7472303 bigbrain_769_603_2082.nii 139755805038400
increment_file 1567619579.6649196 1567619592.3730252 bigbrain_769_603_2082.nii 139755805038400
write_file 1567619592.3984938 1567619605.0632963 inc-bigbrain_769_603_2082.nii 139755805038400
task_duration 1567619696.1055372 1567619845.1777315 1567618680-isilon_1it_25cpus_60sdelay_withpc-1 139755805038400
read_file 1567618566.7324486 1567618567.2091942 bigbrain_1538_1809_0.nii 140554097825600
increment_file 1567618577.711724 1567618630.4175339 bigbrain_1538_1809_0.nii 140554097825600
write_file 1567618701.437183 1567618804.155235 inc-bigbrain_1538_1809_0.nii 140554097825600
task_duration 1567618686.7263775 1567619063.6253815 1567618680-isilon_1it_25cpus_60sdelay_withpc-1 140554097825600
read_file 1567619409.79435 1567619409.8558023 bigbrain_769_1809_2776.nii 140322351327040
increment_file 1567619428.0131018 1567619456.5871956 bigbrain_769_1809_2776.nii 140322351327040
write_file 1567619466.194622 1567619509.9978468 inc-bigbrain_769_1809_2776.nii 140322351327040
task_duration 1567619529.74606 1567619751.532245 1567618680-isilon_1it_25cpus_60sdelay_withpc-1 140322351327040
