read_file 1567637291.677532 1567637291.6796384 bigbrain_3076_1809_0.nii 139974491445056
increment_file 1567637291.6800046 1567637333.974723 bigbrain_3076_1809_0.nii 139974491445056
write_file 1567637334.0083823 1567637342.6934419 inc-bigbrain_3076_1809_0.nii 139974491445056
task_duration 1567637291.6735578 1567637342.69591 1567636728-optaneAD_1it_96cpus_0delay_npc-1 139974491445056
read_file 1567637291.684219 1567637291.6857672 bigbrain_2307_1206_2082.nii 140136022480704
increment_file 1567637291.6860392 1567637338.9240084 bigbrain_2307_1206_2082.nii 140136022480704
write_file 1567637338.9395192 1567637349.2279003 inc-bigbrain_2307_1206_2082.nii 140136022480704
task_duration 1567637291.6823382 1567637349.230779 1567636728-optaneAD_1it_96cpus_0delay_npc-1 140136022480704
read_file 1567637291.7286823 1567637291.730906 bigbrain_2307_0_0.nii 140507826169664
increment_file 1567637291.731284 1567637339.278304 bigbrain_2307_0_0.nii 140507826169664
write_file 1567637339.3053966 1567637352.4680345 inc-bigbrain_2307_0_0.nii 140507826169664
task_duration 1567637291.7257588 1567637352.4710913 1567636728-optaneAD_1it_96cpus_0delay_npc-1 140507826169664
read_file 1567637291.7287738 1567637291.730995 bigbrain_2307_603_1388.nii 140304824211264
increment_file 1567637291.7313457 1567637337.9846199 bigbrain_2307_603_1388.nii 140304824211264
write_file 1567637338.0004444 1567637343.766473 inc-bigbrain_2307_603_1388.nii 140304824211264
task_duration 1567637291.7258544 1567637343.7689345 1567636728-optaneAD_1it_96cpus_0delay_npc-1 140304824211264
read_file 1567637291.729414 1567637291.7317357 bigbrain_3076_2412_2776.nii 140292833326912
increment_file 1567637291.7321496 1567637339.2634742 bigbrain_3076_2412_2776.nii 140292833326912
write_file 1567637339.3017297 1567637357.4175775 inc-bigbrain_3076_2412_2776.nii 140292833326912
task_duration 1567637291.7262843 1567637357.420387 1567636728-optaneAD_1it_96cpus_0delay_npc-1 140292833326912
read_file 1567637291.7295222 1567637291.7318203 bigbrain_3076_2412_2082.nii 139926212572992
increment_file 1567637291.732219 1567637337.4483151 bigbrain_3076_2412_2082.nii 139926212572992
write_file 1567637337.4572217 1567637357.96699 inc-bigbrain_3076_2412_2082.nii 139926212572992
task_duration 1567637291.7263572 1567637357.96947 1567636728-optaneAD_1it_96cpus_0delay_npc-1 139926212572992
read_file 1567637291.729867 1567637291.7322037 bigbrain_2307_2412_2776.nii 139767181698880
increment_file 1567637291.7326083 1567637337.5714402 bigbrain_2307_2412_2776.nii 139767181698880
write_file 1567637337.599392 1567637352.738043 inc-bigbrain_2307_2412_2776.nii 139767181698880
task_duration 1567637291.726631 1567637352.7407193 1567636728-optaneAD_1it_96cpus_0delay_npc-1 139767181698880
read_file 1567637291.729884 1567637291.7322865 bigbrain_1538_1206_1388.nii 139627495778112
increment_file 1567637291.7326639 1567637337.6544333 bigbrain_1538_1206_1388.nii 139627495778112
write_file 1567637337.693295 1567637343.0935843 inc-bigbrain_1538_1206_1388.nii 139627495778112
task_duration 1567637291.726614 1567637343.096497 1567636728-optaneAD_1it_96cpus_0delay_npc-1 139627495778112
read_file 1567637291.7310255 1567637291.7331107 bigbrain_3076_0_694.nii 140531975976768
increment_file 1567637291.733337 1567637339.1394124 bigbrain_3076_0_694.nii 140531975976768
write_file 1567637339.1594136 1567637356.532834 inc-bigbrain_3076_0_694.nii 140531975976768
task_duration 1567637291.7277946 1567637356.5369327 1567636728-optaneAD_1it_96cpus_0delay_npc-1 140531975976768
read_file 1567637291.7322702 1567637291.7337582 bigbrain_3076_1809_2082.nii 139743339439936
increment_file 1567637291.7341125 1567637337.4849694 bigbrain_3076_1809_2082.nii 139743339439936
write_file 1567637337.4932864 1567637343.7193282 inc-bigbrain_3076_1809_2082.nii 139743339439936
task_duration 1567637291.7290463 1567637343.7219398 1567636728-optaneAD_1it_96cpus_0delay_npc-1 139743339439936
read_file 1567637291.7317443 1567637291.733878 bigbrain_3076_1206_1388.nii 140447883929408
increment_file 1567637291.7346423 1567637337.6697288 bigbrain_3076_1206_1388.nii 140447883929408
write_file 1567637337.7036674 1567637351.766446 inc-bigbrain_3076_1206_1388.nii 140447883929408
task_duration 1567637291.7284715 1567637351.7690952 1567636728-optaneAD_1it_96cpus_0delay_npc-1 140447883929408
read_file 1567637291.7332797 1567637291.7364044 bigbrain_3076_603_0.nii 140561620068160
increment_file 1567637291.7367437 1567637338.3002632 bigbrain_3076_603_0.nii 140561620068160
write_file 1567637338.3596575 1567637355.6781797 inc-bigbrain_3076_603_0.nii 140561620068160
task_duration 1567637291.7306828 1567637355.680937 1567636728-optaneAD_1it_96cpus_0delay_npc-1 140561620068160
read_file 1567637291.7354693 1567637291.7371721 bigbrain_2307_1809_694.nii 139647794353984
increment_file 1567637291.737497 1567637337.1147363 bigbrain_2307_1809_694.nii 139647794353984
write_file 1567637337.124151 1567637343.5204852 inc-bigbrain_2307_1809_694.nii 139647794353984
task_duration 1567637291.733477 1567637343.5230224 1567636728-optaneAD_1it_96cpus_0delay_npc-1 139647794353984
read_file 1567637291.742037 1567637291.7437472 bigbrain_769_2412_694.nii 139958732654400
increment_file 1567637291.7442718 1567637337.2671475 bigbrain_769_2412_694.nii 139958732654400
write_file 1567637337.27585 1567637342.6792765 inc-bigbrain_769_2412_694.nii 139958732654400
task_duration 1567637291.7385387 1567637342.6826484 1567636728-optaneAD_1it_96cpus_0delay_npc-1 139958732654400
read_file 1567637291.7377055 1567637291.7470949 bigbrain_2307_1206_1388.nii 140144925751104
increment_file 1567637291.7487772 1567637339.226751 bigbrain_2307_1206_1388.nii 140144925751104
write_file 1567637339.2393277 1567637357.111375 inc-bigbrain_2307_1206_1388.nii 140144925751104
task_duration 1567637291.7338378 1567637357.1143034 1567636728-optaneAD_1it_96cpus_0delay_npc-1 140144925751104
read_file 1567637291.7589307 1567637291.766368 bigbrain_1538_603_0.nii 140307399567168
increment_file 1567637291.7671177 1567637339.2530975 bigbrain_1538_603_0.nii 140307399567168
write_file 1567637339.2945735 1567637347.7266247 inc-bigbrain_1538_603_0.nii 140307399567168
task_duration 1567637291.7563603 1567637347.7294283 1567636728-optaneAD_1it_96cpus_0delay_npc-1 140307399567168
read_file 1567637291.7724319 1567637291.7753208 bigbrain_2307_1809_0.nii 140475267417920
increment_file 1567637291.7759972 1567637339.210565 bigbrain_2307_1809_0.nii 140475267417920
write_file 1567637339.2338374 1567637355.5947678 inc-bigbrain_2307_1809_0.nii 140475267417920
task_duration 1567637291.7700632 1567637355.5976772 1567636728-optaneAD_1it_96cpus_0delay_npc-1 140475267417920
read_file 1567637291.7681684 1567637291.7765257 bigbrain_2307_2412_2082.nii 139960971237184
increment_file 1567637291.7789328 1567637339.2302806 bigbrain_2307_2412_2082.nii 139960971237184
write_file 1567637339.258111 1567637351.103249 inc-bigbrain_2307_2412_2082.nii 139960971237184
task_duration 1567637291.7588735 1567637351.1061647 1567636728-optaneAD_1it_96cpus_0delay_npc-1 139960971237184
read_file 1567637291.783699 1567637291.785113 bigbrain_769_0_2776.nii 140496933631808
increment_file 1567637291.785699 1567637337.5228179 bigbrain_769_0_2776.nii 140496933631808
write_file 1567637337.5281608 1567637342.822858 inc-bigbrain_769_0_2776.nii 140496933631808
task_duration 1567637291.7815125 1567637342.8267264 1567636728-optaneAD_1it_96cpus_0delay_npc-1 140496933631808
read_file 1567637291.7778318 1567637291.785649 bigbrain_1538_1206_0.nii 139877834487616
increment_file 1567637291.7861414 1567637338.11896 bigbrain_1538_1206_0.nii 139877834487616
write_file 1567637338.1298223 1567637357.96378 inc-bigbrain_1538_1206_0.nii 139877834487616
task_duration 1567637291.7755485 1567637357.9663024 1567636728-optaneAD_1it_96cpus_0delay_npc-1 139877834487616
read_file 1567637291.774348 1567637291.789172 bigbrain_2307_603_2776.nii 140150408066880
increment_file 1567637291.7927577 1567637339.2439673 bigbrain_2307_603_2776.nii 140150408066880
write_file 1567637339.2766502 1567637349.1685634 inc-bigbrain_2307_603_2776.nii 140150408066880
task_duration 1567637291.7654061 1567637349.1713822 1567636728-optaneAD_1it_96cpus_0delay_npc-1 140150408066880
read_file 1567637291.7912028 1567637291.7948408 bigbrain_3076_603_694.nii 139678600656704
increment_file 1567637291.7960634 1567637339.2861247 bigbrain_3076_603_694.nii 139678600656704
write_file 1567637339.307804 1567637352.9739778 inc-bigbrain_3076_603_694.nii 139678600656704
task_duration 1567637291.7887483 1567637352.9770253 1567636728-optaneAD_1it_96cpus_0delay_npc-1 139678600656704
read_file 1567637291.7860167 1567637291.7954588 bigbrain_3076_1206_2082.nii 139767147771712
increment_file 1567637291.7962422 1567637337.9601254 bigbrain_3076_1206_2082.nii 139767147771712
write_file 1567637337.9751852 1567637346.6819613 inc-bigbrain_3076_1206_2082.nii 139767147771712
task_duration 1567637291.78381 1567637346.684519 1567636728-optaneAD_1it_96cpus_0delay_npc-1 139767147771712
read_file 1567637291.7847283 1567637291.7955637 bigbrain_3076_1206_2776.nii 140601620199232
increment_file 1567637291.7974582 1567637339.3079095 bigbrain_3076_1206_2776.nii 140601620199232
write_file 1567637339.4171243 1567637350.3696663 inc-bigbrain_3076_1206_2776.nii 140601620199232
task_duration 1567637291.7821455 1567637350.3726132 1567636728-optaneAD_1it_96cpus_0delay_npc-1 140601620199232
read_file 1567637291.771325 1567637291.7962568 bigbrain_1538_603_2082.nii 139670252902208
increment_file 1567637291.8009832 1567637339.3089132 bigbrain_1538_603_2082.nii 139670252902208
write_file 1567637339.4159384 1567637357.1011481 inc-bigbrain_1538_603_2082.nii 139670252902208
task_duration 1567637291.7622185 1567637357.1040916 1567636728-optaneAD_1it_96cpus_0delay_npc-1 139670252902208
read_file 1567637291.782134 1567637291.8016543 bigbrain_2307_603_2082.nii 140267120637760
increment_file 1567637291.8048677 1567637339.306539 bigbrain_2307_603_2082.nii 140267120637760
write_file 1567637339.4137938 1567637357.6417682 inc-bigbrain_2307_603_2082.nii 140267120637760
task_duration 1567637291.7712853 1567637357.6445346 1567636728-optaneAD_1it_96cpus_0delay_npc-1 140267120637760
read_file 1567637291.798633 1567637291.80246 bigbrain_3076_0_0.nii 140339684095808
increment_file 1567637291.8037074 1567637339.2366774 bigbrain_3076_0_0.nii 140339684095808
write_file 1567637339.277871 1567637344.8338625 inc-bigbrain_3076_0_0.nii 140339684095808
task_duration 1567637291.7963202 1567637344.8367243 1567636728-optaneAD_1it_96cpus_0delay_npc-1 140339684095808
read_file 1567637291.7906966 1567637291.8030832 bigbrain_1538_1809_2776.nii 140409707497280
increment_file 1567637291.805395 1567637339.3235013 bigbrain_1538_1809_2776.nii 140409707497280
write_file 1567637339.4175904 1567637353.8988986 inc-bigbrain_1538_1809_2776.nii 140409707497280
task_duration 1567637291.7864249 1567637353.902026 1567636728-optaneAD_1it_96cpus_0delay_npc-1 140409707497280
read_file 1567637291.789082 1567637291.8064132 bigbrain_3076_0_1388.nii 140607966091072
increment_file 1567637291.8095605 1567637339.2791505 bigbrain_3076_0_1388.nii 140607966091072
write_file 1567637339.2998421 1567637353.512803 inc-bigbrain_3076_0_1388.nii 140607966091072
task_duration 1567637291.777852 1567637353.5158484 1567636728-optaneAD_1it_96cpus_0delay_npc-1 140607966091072
read_file 1567637291.8113608 1567637291.8137615 bigbrain_3076_1809_1388.nii 140411921205056
increment_file 1567637291.8142335 1567637337.6770954 bigbrain_3076_1809_1388.nii 140411921205056
write_file 1567637337.6826842 1567637343.6780326 inc-bigbrain_3076_1809_1388.nii 140411921205056
task_duration 1567637291.8079185 1567637343.681384 1567636728-optaneAD_1it_96cpus_0delay_npc-1 140411921205056
read_file 1567637291.8133159 1567637291.8324492 bigbrain_2307_0_1388.nii 139956712580928
increment_file 1567637291.8351207 1567637339.279285 bigbrain_2307_0_1388.nii 139956712580928
write_file 1567637339.3061604 1567637344.2689397 inc-bigbrain_2307_0_1388.nii 139956712580928
task_duration 1567637291.8008275 1567637344.271906 1567636728-optaneAD_1it_96cpus_0delay_npc-1 139956712580928
read_file 1567637291.8265138 1567637291.8368819 bigbrain_3076_1809_694.nii 139973977057088
increment_file 1567637291.837762 1567637337.9178112 bigbrain_3076_1809_694.nii 139973977057088
write_file 1567637337.9344635 1567637343.0858774 inc-bigbrain_3076_1809_694.nii 139973977057088
task_duration 1567637291.824006 1567637343.0885339 1567636728-optaneAD_1it_96cpus_0delay_npc-1 139973977057088
read_file 1567637291.8191593 1567637291.8381267 bigbrain_1538_2412_2082.nii 140279088584512
increment_file 1567637291.8413606 1567637338.8003595 bigbrain_1538_2412_2082.nii 140279088584512
write_file 1567637338.824154 1567637348.5182216 inc-bigbrain_1538_2412_2082.nii 140279088584512
task_duration 1567637291.8068602 1567637348.5233855 1567636728-optaneAD_1it_96cpus_0delay_npc-1 140279088584512
read_file 1567637291.8268683 1567637291.8429677 bigbrain_3076_1206_694.nii 139824304785216
increment_file 1567637291.847884 1567637339.2383091 bigbrain_3076_1206_694.nii 139824304785216
write_file 1567637339.2543583 1567637348.6649404 inc-bigbrain_3076_1206_694.nii 139824304785216
task_duration 1567637291.815779 1567637348.6676984 1567636728-optaneAD_1it_96cpus_0delay_npc-1 139824304785216
read_file 1567637291.8247213 1567637291.850231 bigbrain_1538_2412_0.nii 139792076814144
increment_file 1567637291.8545353 1567637339.3009624 bigbrain_1538_2412_0.nii 139792076814144
write_file 1567637339.415579 1567637354.2774408 inc-bigbrain_1538_2412_0.nii 139792076814144
task_duration 1567637291.8113906 1567637354.2817101 1567636728-optaneAD_1it_96cpus_0delay_npc-1 139792076814144
read_file 1567637291.8503463 1567637291.8556368 bigbrain_2307_2412_0.nii 140150168905536
increment_file 1567637291.8572311 1567637339.320817 bigbrain_2307_2412_0.nii 140150168905536
write_file 1567637339.4206815 1567637357.5647073 inc-bigbrain_2307_2412_0.nii 140150168905536
task_duration 1567637291.8467362 1567637357.5675683 1567636728-optaneAD_1it_96cpus_0delay_npc-1 140150168905536
read_file 1567637291.8371964 1567637291.8581173 bigbrain_2307_1206_694.nii 139781271082816
increment_file 1567637291.860793 1567637338.2384727 bigbrain_2307_1206_694.nii 139781271082816
write_file 1567637338.2722783 1567637342.573958 inc-bigbrain_2307_1206_694.nii 139781271082816
task_duration 1567637291.8214564 1567637342.5780447 1567636728-optaneAD_1it_96cpus_0delay_npc-1 139781271082816
read_file 1567637291.8538473 1567637291.8627126 bigbrain_2307_603_0.nii 140474740426560
increment_file 1567637291.8639421 1567637337.9870548 bigbrain_2307_603_0.nii 140474740426560
write_file 1567637338.0016637 1567637355.4078515 inc-bigbrain_2307_603_0.nii 140474740426560
task_duration 1567637291.840613 1567637355.4103823 1567636728-optaneAD_1it_96cpus_0delay_npc-1 140474740426560
read_file 1567637291.8611019 1567637291.8663287 bigbrain_769_1809_694.nii 139752302163776
increment_file 1567637291.8685682 1567637339.304254 bigbrain_769_1809_694.nii 139752302163776
write_file 1567637339.4196992 1567637349.7796717 inc-bigbrain_769_1809_694.nii 139752302163776
task_duration 1567637291.857984 1567637349.7825408 1567636728-optaneAD_1it_96cpus_0delay_npc-1 139752302163776
read_file 1567637291.8329918 1567637291.8668277 bigbrain_1538_0_694.nii 139833805961024
increment_file 1567637291.8734562 1567637339.3147943 bigbrain_1538_0_694.nii 139833805961024
write_file 1567637339.4169385 1567637351.786714 inc-bigbrain_1538_0_694.nii 139833805961024
task_duration 1567637291.8096504 1567637351.7896483 1567636728-optaneAD_1it_96cpus_0delay_npc-1 139833805961024
read_file 1567637291.8543804 1567637291.8750439 bigbrain_2307_2412_1388.nii 140293336893248
increment_file 1567637291.8789153 1567637339.2706099 bigbrain_2307_2412_1388.nii 140293336893248
write_file 1567637339.304331 1567637351.061267 inc-bigbrain_2307_2412_1388.nii 140293336893248
task_duration 1567637291.8374057 1567637351.0641959 1567636728-optaneAD_1it_96cpus_0delay_npc-1 140293336893248
read_file 1567637291.8488128 1567637291.875453 bigbrain_2307_1809_1388.nii 139866455136064
increment_file 1567637291.880372 1567637339.3011928 bigbrain_2307_1809_1388.nii 139866455136064
write_file 1567637339.4151993 1567637357.3674178 inc-bigbrain_2307_1809_1388.nii 139866455136064
task_duration 1567637291.8281918 1567637357.3702922 1567636728-optaneAD_1it_96cpus_0delay_npc-1 139866455136064
read_file 1567637291.8650362 1567637291.8762822 bigbrain_3076_0_2776.nii 139861009909568
increment_file 1567637291.8819075 1567637339.2309387 bigbrain_3076_0_2776.nii 139861009909568
write_file 1567637339.2609246 1567637357.0406668 inc-bigbrain_3076_0_2776.nii 139861009909568
task_duration 1567637291.8535721 1567637357.04368 1567636728-optaneAD_1it_96cpus_0delay_npc-1 139861009909568
read_file 1567637291.8713493 1567637291.879319 bigbrain_3076_2412_1388.nii 140229287520064
increment_file 1567637291.8814359 1567637338.4980297 bigbrain_3076_2412_1388.nii 140229287520064
write_file 1567637338.5019674 1567637346.0671804 inc-bigbrain_3076_2412_1388.nii 140229287520064
task_duration 1567637291.8631735 1567637346.0696745 1567636728-optaneAD_1it_96cpus_0delay_npc-1 140229287520064
read_file 1567637291.8614326 1567637291.8808913 bigbrain_1538_2412_694.nii 139638810232640
increment_file 1567637291.88445 1567637338.7192123 bigbrain_1538_2412_694.nii 139638810232640
write_file 1567637338.740294 1567637351.449689 inc-bigbrain_1538_2412_694.nii 139638810232640
task_duration 1567637291.832962 1567637351.4524248 1567636728-optaneAD_1it_96cpus_0delay_npc-1 139638810232640
read_file 1567637291.844802 1567637291.8820984 bigbrain_2307_0_2082.nii 140670506534720
increment_file 1567637291.8856006 1567637339.3120253 bigbrain_2307_0_2082.nii 140670506534720
write_file 1567637339.4141684 1567637357.115674 inc-bigbrain_2307_0_2082.nii 140670506534720
task_duration 1567637291.8167715 1567637357.1185045 1567636728-optaneAD_1it_96cpus_0delay_npc-1 140670506534720
read_file 1567637291.8599703 1567637291.8850384 bigbrain_1538_603_1388.nii 139742073698112
increment_file 1567637291.8878074 1567637338.7957802 bigbrain_1538_603_1388.nii 139742073698112
write_file 1567637338.8307219 1567637350.3965156 inc-bigbrain_1538_603_1388.nii 139742073698112
task_duration 1567637291.8406065 1567637350.3991296 1567636728-optaneAD_1it_96cpus_0delay_npc-1 139742073698112
read_file 1567637291.8817375 1567637291.8940191 bigbrain_1538_1206_2082.nii 140216770295616
increment_file 1567637291.8947134 1567637338.4003065 bigbrain_1538_1206_2082.nii 140216770295616
write_file 1567637338.4115665 1567637351.6414256 inc-bigbrain_1538_1206_2082.nii 140216770295616
task_duration 1567637291.870952 1567637351.6439676 1567636728-optaneAD_1it_96cpus_0delay_npc-1 140216770295616
read_file 1567637291.8788435 1567637291.894272 bigbrain_1538_603_2776.nii 140597987157824
increment_file 1567637291.897255 1567637338.6756265 bigbrain_1538_603_2776.nii 140597987157824
write_file 1567637338.7036564 1567637347.2256916 inc-bigbrain_1538_603_2776.nii 140597987157824
task_duration 1567637291.8630383 1567637347.2289689 1567636728-optaneAD_1it_96cpus_0delay_npc-1 140597987157824
read_file 1567637291.8686538 1567637291.8968818 bigbrain_1538_1809_694.nii 140306318849856
increment_file 1567637291.8991556 1567637339.306786 bigbrain_1538_1809_694.nii 140306318849856
write_file 1567637339.4104297 1567637346.1713247 inc-bigbrain_1538_1809_694.nii 140306318849856
task_duration 1567637291.8425229 1567637346.1743064 1567636728-optaneAD_1it_96cpus_0delay_npc-1 140306318849856
read_file 1567637291.8864555 1567637291.899506 bigbrain_1538_1809_2082.nii 140393689134912
increment_file 1567637291.901759 1567637338.578418 bigbrain_1538_1809_2082.nii 140393689134912
write_file 1567637338.599745 1567637343.08163 inc-bigbrain_1538_1809_2082.nii 140393689134912
task_duration 1567637291.8632493 1567637343.084754 1567636728-optaneAD_1it_96cpus_0delay_npc-1 140393689134912
read_file 1567637291.8789756 1567637291.9001153 bigbrain_769_2412_2082.nii 139803089106752
increment_file 1567637291.9027014 1567637338.156947 bigbrain_769_2412_2082.nii 139803089106752
write_file 1567637338.2262576 1567637343.1589873 inc-bigbrain_769_2412_2082.nii 139803089106752
task_duration 1567637291.8496716 1567637343.161532 1567636728-optaneAD_1it_96cpus_0delay_npc-1 139803089106752
read_file 1567637291.893315 1567637291.900567 bigbrain_769_0_1388.nii 140137341998912
increment_file 1567637291.9025226 1567637339.3063369 bigbrain_769_0_1388.nii 140137341998912
write_file 1567637339.417369 1567637357.1858969 inc-bigbrain_769_0_1388.nii 140137341998912
task_duration 1567637291.8890665 1567637357.1888337 1567636728-optaneAD_1it_96cpus_0delay_npc-1 140137341998912
read_file 1567637291.885503 1567637291.9038272 bigbrain_2307_1809_2776.nii 140507233064768
increment_file 1567637291.9080958 1567637338.0823383 bigbrain_2307_1809_2776.nii 140507233064768
write_file 1567637338.1117015 1567637345.9458456 inc-bigbrain_2307_1809_2776.nii 140507233064768
task_duration 1567637291.8557355 1567637345.948497 1567636728-optaneAD_1it_96cpus_0delay_npc-1 140507233064768
read_file 1567637291.8937385 1567637291.9068499 bigbrain_1538_1809_0.nii 139727055415104
increment_file 1567637291.9099147 1567637339.2462685 bigbrain_1538_1809_0.nii 139727055415104
write_file 1567637339.271271 1567637348.641985 inc-bigbrain_1538_1809_0.nii 139727055415104
task_duration 1567637291.8844469 1567637348.6455457 1567636728-optaneAD_1it_96cpus_0delay_npc-1 139727055415104
read_file 1567637291.8986635 1567637291.9079335 bigbrain_1538_1206_694.nii 140166299461440
increment_file 1567637291.9093542 1567637339.3008058 bigbrain_1538_1206_694.nii 140166299461440
write_file 1567637339.3071852 1567637346.3286047 inc-bigbrain_1538_1206_694.nii 140166299461440
task_duration 1567637291.8948889 1567637346.3322175 1567636728-optaneAD_1it_96cpus_0delay_npc-1 140166299461440
read_file 1567637291.9008124 1567637291.9169803 bigbrain_1538_1206_2776.nii 140289302095680
increment_file 1567637291.918655 1567637339.304161 bigbrain_1538_1206_2776.nii 140289302095680
write_file 1567637339.4159427 1567637356.2418828 inc-bigbrain_1538_1206_2776.nii 140289302095680
task_duration 1567637291.8941731 1567637356.245941 1567636728-optaneAD_1it_96cpus_0delay_npc-1 140289302095680
read_file 1567637291.9000962 1567637291.9235318 bigbrain_1538_1809_1388.nii 140312865335104
increment_file 1567637291.9247324 1567637339.2305186 bigbrain_1538_1809_1388.nii 140312865335104
write_file 1567637339.2444682 1567637349.6232953 inc-bigbrain_1538_1809_1388.nii 140312865335104
task_duration 1567637291.880855 1567637349.626141 1567636728-optaneAD_1it_96cpus_0delay_npc-1 140312865335104
read_file 1567637291.9067373 1567637291.925794 bigbrain_2307_0_2776.nii 140175097661248
increment_file 1567637291.9276047 1567637338.2788012 bigbrain_2307_0_2776.nii 140175097661248
write_file 1567637338.3101752 1567637355.9230394 inc-bigbrain_2307_0_2776.nii 140175097661248
task_duration 1567637291.891893 1567637355.9255867 1567636728-optaneAD_1it_96cpus_0delay_npc-1 140175097661248
read_file 1567637291.91461 1567637291.9266143 bigbrain_1538_603_694.nii 140349920585536
increment_file 1567637291.9277842 1567637338.5392003 bigbrain_1538_603_694.nii 140349920585536
write_file 1567637338.5808725 1567637349.2567399 inc-bigbrain_1538_603_694.nii 140349920585536
task_duration 1567637291.8997128 1567637349.2596202 1567636728-optaneAD_1it_96cpus_0delay_npc-1 140349920585536
read_file 1567637291.9208143 1567637291.9316356 bigbrain_2307_2412_694.nii 140002686879552
increment_file 1567637291.9336991 1567637339.3343158 bigbrain_2307_2412_694.nii 140002686879552
write_file 1567637339.4116232 1567637352.7502851 inc-bigbrain_2307_2412_694.nii 140002686879552
task_duration 1567637291.902858 1567637352.7531536 1567636728-optaneAD_1it_96cpus_0delay_npc-1 140002686879552
read_file 1567637291.9194078 1567637291.9338815 bigbrain_3076_603_2776.nii 140432959813440
increment_file 1567637291.9362202 1567637338.8476167 bigbrain_3076_603_2776.nii 140432959813440
write_file 1567637338.8643756 1567637354.0519104 inc-bigbrain_3076_603_2776.nii 140432959813440
task_duration 1567637291.9022784 1567637354.0549347 1567636728-optaneAD_1it_96cpus_0delay_npc-1 140432959813440
read_file 1567637291.9249854 1567637291.9361033 bigbrain_2307_1809_2082.nii 140448298702656
increment_file 1567637291.9385223 1567637338.5663311 bigbrain_2307_1809_2082.nii 140448298702656
write_file 1567637338.5961092 1567637357.2956672 inc-bigbrain_2307_1809_2082.nii 140448298702656
task_duration 1567637291.9146268 1567637357.2985444 1567636728-optaneAD_1it_96cpus_0delay_npc-1 140448298702656
read_file 1567637291.928136 1567637291.9409158 bigbrain_2307_0_694.nii 140283519043392
increment_file 1567637291.9438028 1567637338.5517466 bigbrain_2307_0_694.nii 140283519043392
write_file 1567637338.5841603 1567637355.8818982 inc-bigbrain_2307_0_694.nii 140283519043392
task_duration 1567637291.9111934 1567637355.8844106 1567636728-optaneAD_1it_96cpus_0delay_npc-1 140283519043392
read_file 1567637291.9293869 1567637291.94265 bigbrain_1538_2412_2776.nii 139763776739136
increment_file 1567637291.9437208 1567637339.304908 bigbrain_1538_2412_2776.nii 139763776739136
write_file 1567637339.4170344 1567637356.383637 inc-bigbrain_1538_2412_2776.nii 139763776739136
task_duration 1567637291.92325 1567637356.3865519 1567636728-optaneAD_1it_96cpus_0delay_npc-1 139763776739136
read_file 1567637291.9335427 1567637291.9478197 bigbrain_1538_0_2776.nii 140719791675200
increment_file 1567637291.9503198 1567637338.441866 bigbrain_1538_0_2776.nii 140719791675200
write_file 1567637338.4772003 1567637353.5521462 inc-bigbrain_1538_0_2776.nii 140719791675200
task_duration 1567637291.9248443 1567637353.5548294 1567636728-optaneAD_1it_96cpus_0delay_npc-1 140719791675200
read_file 1567637291.9326365 1567637291.9488182 bigbrain_769_0_0.nii 139809491199808
increment_file 1567637291.9510999 1567637338.7711549 bigbrain_769_0_0.nii 139809491199808
write_file 1567637338.807434 1567637351.1661003 inc-bigbrain_769_0_0.nii 139809491199808
task_duration 1567637291.9243925 1567637351.169953 1567636728-optaneAD_1it_96cpus_0delay_npc-1 139809491199808
read_file 1567637291.9501472 1567637291.9520907 bigbrain_3076_603_1388.nii 140155202533184
increment_file 1567637291.9529858 1567637338.3991115 bigbrain_3076_603_1388.nii 140155202533184
write_file 1567637338.4036071 1567637355.838965 inc-bigbrain_3076_603_1388.nii 140155202533184
task_duration 1567637291.94741 1567637355.8420632 1567636728-optaneAD_1it_96cpus_0delay_npc-1 140155202533184
read_file 1567637291.9520383 1567637291.9656155 bigbrain_769_1206_694.nii 140261658531648
increment_file 1567637291.968302 1567637338.6376467 bigbrain_769_1206_694.nii 140261658531648
write_file 1567637338.6734576 1567637349.4087222 inc-bigbrain_769_1206_694.nii 140261658531648
task_duration 1567637291.9408998 1567637349.4118602 1567636728-optaneAD_1it_96cpus_0delay_npc-1 140261658531648
read_file 1567637291.957398 1567637291.9665234 bigbrain_3076_1809_2776.nii 140624397178688
increment_file 1567637291.9699852 1567637338.834152 bigbrain_3076_1809_2776.nii 140624397178688
write_file 1567637338.8475144 1567637353.3542724 inc-bigbrain_3076_1809_2776.nii 140624397178688
task_duration 1567637291.9471126 1567637353.3569057 1567636728-optaneAD_1it_96cpus_0delay_npc-1 140624397178688
read_file 1567637291.9536264 1567637291.968554 bigbrain_2307_1206_0.nii 139697013167936
increment_file 1567637291.9719763 1567637339.2392397 bigbrain_2307_1206_0.nii 139697013167936
write_file 1567637339.264978 1567637355.0489123 inc-bigbrain_2307_1206_0.nii 139697013167936
task_duration 1567637291.9404836 1567637355.0523927 1567636728-optaneAD_1it_96cpus_0delay_npc-1 139697013167936
read_file 1567637291.9541142 1567637291.9733274 bigbrain_1538_2412_1388.nii 140598150256448
increment_file 1567637291.9758763 1567637338.5796132 bigbrain_1538_2412_1388.nii 140598150256448
write_file 1567637338.6071012 1567637355.0901036 inc-bigbrain_1538_2412_1388.nii 140598150256448
task_duration 1567637291.943477 1567637355.0927494 1567636728-optaneAD_1it_96cpus_0delay_npc-1 140598150256448
read_file 1567637291.963928 1567637291.9752314 bigbrain_769_603_1388.nii 139824439650112
increment_file 1567637291.9776816 1567637339.3370438 bigbrain_769_603_1388.nii 139824439650112
write_file 1567637339.4193144 1567637345.571842 inc-bigbrain_769_603_1388.nii 139824439650112
task_duration 1567637291.9524937 1567637345.5749464 1567636728-optaneAD_1it_96cpus_0delay_npc-1 139824439650112
read_file 1567637291.9957197 1567637292.0019484 bigbrain_3076_2412_694.nii 139985407399744
increment_file 1567637292.0032 1567637338.6634123 bigbrain_3076_2412_694.nii 139985407399744
write_file 1567637338.6731336 1567637353.772119 inc-bigbrain_3076_2412_694.nii 139985407399744
task_duration 1567637291.9929886 1567637353.7748783 1567636728-optaneAD_1it_96cpus_0delay_npc-1 139985407399744
read_file 1567637292.0108256 1567637292.0228 bigbrain_769_1206_2082.nii 140368986302272
increment_file 1567637292.024887 1567637339.2689738 bigbrain_769_1206_2082.nii 140368986302272
write_file 1567637339.3023665 1567637357.2739701 inc-bigbrain_769_1206_2082.nii 140368986302272
task_duration 1567637292.005567 1567637357.27684 1567636728-optaneAD_1it_96cpus_0delay_npc-1 140368986302272
read_file 1567637292.0172894 1567637292.0314434 bigbrain_769_0_694.nii 139823299340096
increment_file 1567637292.0338886 1567637339.334105 bigbrain_769_0_694.nii 139823299340096
write_file 1567637339.418857 1567637357.0555701 inc-bigbrain_769_0_694.nii 139823299340096
task_duration 1567637291.9879923 1567637357.0585048 1567636728-optaneAD_1it_96cpus_0delay_npc-1 139823299340096
read_file 1567637292.0282645 1567637292.0324457 bigbrain_3076_1206_0.nii 140604129953600
increment_file 1567637292.0335402 1567637339.3087478 bigbrain_3076_1206_0.nii 140604129953600
write_file 1567637339.4186468 1567637357.6543858 inc-bigbrain_3076_1206_0.nii 140604129953600
task_duration 1567637292.013133 1567637357.6571226 1567636728-optaneAD_1it_96cpus_0delay_npc-1 140604129953600
read_file 1567637292.0486255 1567637292.057708 bigbrain_769_1206_0.nii 140152745330496
increment_file 1567637292.0585442 1567637338.8288426 bigbrain_769_1206_0.nii 140152745330496
write_file 1567637338.8390818 1567637356.0545144 inc-bigbrain_769_1206_0.nii 140152745330496
task_duration 1567637292.0454192 1567637356.0569897 1567636728-optaneAD_1it_96cpus_0delay_npc-1 140152745330496
read_file 1567637292.0508857 1567637292.0586195 bigbrain_2307_603_694.nii 140027317204800
increment_file 1567637292.059176 1567637338.9457502 bigbrain_2307_603_694.nii 140027317204800
write_file 1567637338.9494321 1567637357.4870815 inc-bigbrain_2307_603_694.nii 140027317204800
task_duration 1567637292.046574 1567637357.4896407 1567636728-optaneAD_1it_96cpus_0delay_npc-1 140027317204800
read_file 1567637292.070317 1567637292.0723197 bigbrain_769_1809_2082.nii 140626702776128
increment_file 1567637292.0727155 1567637338.8377988 bigbrain_769_1809_2082.nii 140626702776128
write_file 1567637338.8411193 1567637346.4304943 inc-bigbrain_769_1809_2082.nii 140626702776128
task_duration 1567637292.0683975 1567637346.4332447 1567636728-optaneAD_1it_96cpus_0delay_npc-1 140626702776128
read_file 1567637292.0752 1567637292.0882256 bigbrain_3076_0_2082.nii 139707434399552
increment_file 1567637292.0916634 1567637339.3047376 bigbrain_3076_0_2082.nii 139707434399552
write_file 1567637339.4155006 1567637349.6971552 inc-bigbrain_3076_0_2082.nii 139707434399552
task_duration 1567637292.059985 1567637349.7000792 1567636728-optaneAD_1it_96cpus_0delay_npc-1 139707434399552
read_file 1567637292.0978165 1567637292.1058877 bigbrain_769_2412_1388.nii 140191490455360
increment_file 1567637292.108882 1567637338.8396983 bigbrain_769_2412_1388.nii 140191490455360
write_file 1567637338.8510897 1567637355.4982843 inc-bigbrain_769_2412_1388.nii 140191490455360
task_duration 1567637292.0866168 1567637355.5008845 1567636728-optaneAD_1it_96cpus_0delay_npc-1 140191490455360
read_file 1567637292.1094384 1567637292.121014 bigbrain_769_1206_2776.nii 140530801350464
increment_file 1567637292.1231034 1567637339.3301375 bigbrain_769_1206_2776.nii 140530801350464
write_file 1567637339.419647 1567637346.4196153 inc-bigbrain_769_1206_2776.nii 140530801350464
task_duration 1567637292.1042826 1567637346.4225547 1567636728-optaneAD_1it_96cpus_0delay_npc-1 140530801350464
read_file 1567637292.1043308 1567637292.1238854 bigbrain_3076_2412_0.nii 140435137103680
increment_file 1567637292.126973 1567637339.3163345 bigbrain_3076_2412_0.nii 140435137103680
write_file 1567637339.4128535 1567637353.6527138 inc-bigbrain_3076_2412_0.nii 140435137103680
task_duration 1567637292.0936782 1567637353.655914 1567636728-optaneAD_1it_96cpus_0delay_npc-1 140435137103680
read_file 1567637292.1060483 1567637292.1246932 bigbrain_2307_1206_2776.nii 139872601933632
increment_file 1567637292.1278524 1567637339.3088877 bigbrain_2307_1206_2776.nii 139872601933632
write_file 1567637339.4109037 1567637354.538743 inc-bigbrain_2307_1206_2776.nii 139872601933632
task_duration 1567637292.0952065 1567637354.541748 1567636728-optaneAD_1it_96cpus_0delay_npc-1 139872601933632
read_file 1567637292.1216085 1567637292.130382 bigbrain_769_603_0.nii 140132793808704
increment_file 1567637292.1330593 1567637338.820206 bigbrain_769_603_0.nii 140132793808704
write_file 1567637338.840113 1567637349.0743806 inc-bigbrain_769_603_0.nii 140132793808704
task_duration 1567637292.1090865 1567637349.0769625 1567636728-optaneAD_1it_96cpus_0delay_npc-1 140132793808704
read_file 1567637292.1197 1567637292.1320312 bigbrain_769_0_2082.nii 140703748831040
increment_file 1567637292.1338222 1567637338.7484672 bigbrain_769_0_2082.nii 140703748831040
write_file 1567637338.7599418 1567637358.0129268 inc-bigbrain_769_0_2082.nii 140703748831040
task_duration 1567637292.096097 1567637358.0153818 1567636728-optaneAD_1it_96cpus_0delay_npc-1 140703748831040
read_file 1567637292.142902 1567637292.1539621 bigbrain_769_1809_1388.nii 140510163662656
increment_file 1567637292.1560984 1567637339.3416018 bigbrain_769_1809_1388.nii 140510163662656
write_file 1567637339.415799 1567637357.6534572 inc-bigbrain_769_1809_1388.nii 140510163662656
task_duration 1567637292.1196387 1567637357.6562505 1567636728-optaneAD_1it_96cpus_0delay_npc-1 140510163662656
read_file 1567637292.1673641 1567637292.1838229 bigbrain_3076_603_2082.nii 139962394658624
increment_file 1567637292.1869905 1567637339.3026192 bigbrain_3076_603_2082.nii 139962394658624
write_file 1567637339.4137383 1567637351.7062654 inc-bigbrain_3076_603_2082.nii 139962394658624
task_duration 1567637292.1545782 1567637351.7091765 1567636728-optaneAD_1it_96cpus_0delay_npc-1 139962394658624
read_file 1567637292.183631 1567637292.19269 bigbrain_769_1206_1388.nii 139960292763456
increment_file 1567637292.1961706 1567637338.7328253 bigbrain_769_1206_1388.nii 139960292763456
write_file 1567637338.75396 1567637355.2593014 inc-bigbrain_769_1206_1388.nii 139960292763456
task_duration 1567637292.1677797 1567637355.2618387 1567636728-optaneAD_1it_96cpus_0delay_npc-1 139960292763456
read_file 1567637292.1848843 1567637292.1976871 bigbrain_769_2412_2776.nii 140565492025152
increment_file 1567637292.1998074 1567637339.3056862 bigbrain_769_2412_2776.nii 140565492025152
write_file 1567637339.4129248 1567637348.4044132 inc-bigbrain_769_2412_2776.nii 140565492025152
task_duration 1567637292.1766474 1567637348.407276 1567636728-optaneAD_1it_96cpus_0delay_npc-1 140565492025152
read_file 1567637292.1998074 1567637292.2249026 bigbrain_769_2412_0.nii 140276999415616
increment_file 1567637292.2260737 1567637338.792813 bigbrain_769_2412_0.nii 140276999415616
write_file 1567637338.8197038 1567637358.0018592 inc-bigbrain_769_2412_0.nii 140276999415616
task_duration 1567637292.1753607 1567637358.0045137 1567636728-optaneAD_1it_96cpus_0delay_npc-1 140276999415616
read_file 1567637292.2031457 1567637292.232609 bigbrain_769_1809_2776.nii 140194707134272
increment_file 1567637292.236228 1567637338.842047 bigbrain_769_1809_2776.nii 140194707134272
write_file 1567637338.8554401 1567637357.477162 inc-bigbrain_769_1809_2776.nii 140194707134272
task_duration 1567637292.1765444 1567637357.4797018 1567636728-optaneAD_1it_96cpus_0delay_npc-1 140194707134272
read_file 1567637292.2388723 1567637292.249687 bigbrain_769_603_2776.nii 140616915339072
increment_file 1567637292.2522395 1567637338.8697696 bigbrain_769_603_2776.nii 140616915339072
write_file 1567637338.8812528 1567637347.9181094 inc-bigbrain_769_603_2776.nii 140616915339072
task_duration 1567637292.2272203 1567637347.9219682 1567636728-optaneAD_1it_96cpus_0delay_npc-1 140616915339072
read_file 1567637292.239563 1567637292.2517927 bigbrain_769_1809_0.nii 139791086835520
increment_file 1567637292.2545204 1567637339.3311925 bigbrain_769_1809_0.nii 139791086835520
write_file 1567637339.417493 1567637348.9223225 inc-bigbrain_769_1809_0.nii 139791086835520
task_duration 1567637292.229044 1567637348.925154 1567636728-optaneAD_1it_96cpus_0delay_npc-1 139791086835520
read_file 1567637292.258024 1567637292.2750008 bigbrain_769_603_2082.nii 140500315895616
increment_file 1567637292.278216 1567637339.3370197 bigbrain_769_603_2082.nii 140500315895616
write_file 1567637339.4120166 1567637351.2536607 inc-bigbrain_769_603_2082.nii 140500315895616
task_duration 1567637292.2473276 1567637351.2565706 1567636728-optaneAD_1it_96cpus_0delay_npc-1 140500315895616
read_file 1567637343.4628193 1567637343.4640532 bigbrain_769_603_694.nii 140558444455744
increment_file 1567637343.5442855 1567637344.1980538 bigbrain_769_603_694.nii 140558444455744
write_file 1567637344.2005467 1567637356.367356 inc-bigbrain_769_603_694.nii 140558444455744
task_duration 1567637343.4605703 1567637356.3703415 1567636728-optaneAD_1it_96cpus_0delay_npc-1 140558444455744
