read_file 1568136594.3386648 1568136595.1864882 bigbrain_2307_0_694.nii 140224030291776
increment_file 1568136751.147446 1568136798.7061539 bigbrain_2307_0_694.nii 140224030291776
write_file 1568137120.46987 1568137349.279323 inc-bigbrain_2307_0_694.nii 140224030291776
task_duration 1568136594.3277001 1568137637.6051443 1568136567-isilon_1it_96cpus_0delay_npc-0 140224030291776
read_file 1568136594.3157463 1568136595.179631 bigbrain_1538_1206_694.nii 139900050007872
increment_file 1568136740.2034361 1568136787.7445447 bigbrain_1538_1206_694.nii 139900050007872
write_file 1568137120.2993429 1568137339.080309 inc-bigbrain_1538_1206_694.nii 139900050007872
task_duration 1568136594.3038073 1568137637.6047504 1568136567-isilon_1it_96cpus_0delay_npc-0 139900050007872
read_file 1568136598.6649473 1568136614.362764 bigbrain_769_1809_1388.nii 140003405453120
increment_file 1568136900.7159748 1568136945.6001697 bigbrain_769_1809_1388.nii 140003405453120
write_file 1568137127.624524 1568137511.3389823 inc-bigbrain_769_1809_1388.nii 140003405453120
task_duration 1568136598.4860303 1568137637.5898213 1568136567-isilon_1it_96cpus_0delay_npc-0 140003405453120
read_file 1568136609.6376555 1568136625.8656 bigbrain_769_1809_0.nii 139793189611328
increment_file 1568136979.1861143 1568137021.4265697 bigbrain_769_1809_0.nii 139793189611328
write_file 1568137137.7973998 1568137598.195808 inc-bigbrain_769_1809_0.nii 139793189611328
task_duration 1568136609.4510133 1568137637.582783 1568136567-isilon_1it_96cpus_0delay_npc-0 139793189611328
read_file 1568136594.528957 1568136595.1903298 bigbrain_2307_603_2082.nii 140356884657984
increment_file 1568136762.3594012 1568136809.8780982 bigbrain_2307_603_2082.nii 140356884657984
write_file 1568137120.6541274 1568137359.4639504 inc-bigbrain_2307_603_2082.nii 140356884657984
task_duration 1568136594.4968398 1568137637.60561 1568136567-isilon_1it_96cpus_0delay_npc-0 140356884657984
read_file 1568136599.4192889 1568136615.3163793 bigbrain_3076_603_694.nii 140520269170496
increment_file 1568136921.3793004 1568136964.2730331 bigbrain_3076_603_694.nii 140520269170496
write_file 1568137128.2216706 1568137522.2956324 inc-bigbrain_3076_603_694.nii 140520269170496
task_duration 1568136599.0243778 1568137637.5786471 1568136567-isilon_1it_96cpus_0delay_npc-0 140520269170496
read_file 1568136594.1997845 1568136595.1358924 bigbrain_3076_0_2776.nii 140681774028608
increment_file 1568136696.0528414 1568136742.3187842 bigbrain_3076_0_2776.nii 140681774028608
write_file 1568137115.5161088 1568137259.12729 inc-bigbrain_3076_0_2776.nii 140681774028608
task_duration 1568136594.1971526 1568137623.861658 1568136567-isilon_1it_96cpus_0delay_npc-0 140681774028608
read_file 1568136594.1088622 1568136595.074005 bigbrain_1538_603_0.nii 139940353009472
increment_file 1568136669.1138668 1568136720.734151 bigbrain_1538_603_0.nii 139940353009472
write_file 1568137117.1419568 1568137283.4618347 inc-bigbrain_1538_603_0.nii 139940353009472
task_duration 1568136594.074426 1568137625.4811466 1568136567-isilon_1it_96cpus_0delay_npc-0 139940353009472
read_file 1568136594.0805762 1568136595.0672781 bigbrain_1538_1206_2776.nii 140630697477952
increment_file 1568136650.6539853 1568136690.3680458 bigbrain_1538_1206_2776.nii 140630697477952
write_file 1568137116.4737225 1568137270.2119672 inc-bigbrain_1538_1206_2776.nii 140630697477952
task_duration 1568136594.0690486 1568137624.5825648 1568136567-isilon_1it_96cpus_0delay_npc-0 140630697477952
read_file 1568136617.7840712 1568136633.5644286 bigbrain_3076_603_0.nii 140210597775168
increment_file 1568137032.6451676 1568137074.776125 bigbrain_3076_603_0.nii 140210597775168
write_file 1568137139.4959495 1568137622.937683 inc-bigbrain_3076_603_0.nii 140210597775168
task_duration 1568136617.347604 1568137637.5917325 1568136567-isilon_1it_96cpus_0delay_npc-0 140210597775168
read_file 1568136594.2847211 1568136595.170112 bigbrain_1538_1206_2082.nii 140077258397504
increment_file 1568136718.6095753 1568136765.9146333 bigbrain_1538_1206_2082.nii 140077258397504
write_file 1568137119.3795297 1568137318.7348695 inc-bigbrain_1538_1206_2082.nii 140077258397504
task_duration 1568136594.2586162 1568137628.3784313 1568136567-isilon_1it_96cpus_0delay_npc-0 140077258397504
read_file 1568136595.1410718 1568136608.6230748 bigbrain_2307_1809_694.nii 139769698113344
increment_file 1568136856.4334538 1568136895.6118028 bigbrain_2307_1809_694.nii 139769698113344
write_file 1568137124.2798874 1568137450.8179538 inc-bigbrain_2307_1809_694.nii 139769698113344
task_duration 1568136595.1376836 1568137637.0462203 1568136567-isilon_1it_96cpus_0delay_npc-0 139769698113344
read_file 1568136594.108168 1568136595.0719726 bigbrain_1538_0_694.nii 140272628328256
increment_file 1568136660.453098 1568136707.0711362 bigbrain_1538_0_694.nii 140272628328256
write_file 1568137114.2786498 1568137236.5940423 inc-bigbrain_1538_0_694.nii 140272628328256
task_duration 1568136594.0725834 1568137621.5583656 1568136567-isilon_1it_96cpus_0delay_npc-0 140272628328256
read_file 1568136595.1988587 1568136612.014684 bigbrain_3076_603_2776.nii 139823995131712
increment_file 1568136877.207181 1568136921.2469633 bigbrain_3076_603_2776.nii 139823995131712
write_file 1568137124.7251801 1568137472.6993704 inc-bigbrain_3076_603_2776.nii 139823995131712
task_duration 1568136595.1964474 1568137637.29235 1568136567-isilon_1it_96cpus_0delay_npc-0 139823995131712
read_file 1568136621.347282 1568136636.6496587 bigbrain_769_2412_694.nii 140589260052288
increment_file 1568137056.1049392 1568137097.3253183 bigbrain_769_2412_694.nii 140589260052288
write_file 1568137145.8754447 1568137637.5679023 inc-bigbrain_769_2412_694.nii 140589260052288
task_duration 1568136621.1703048 1568137637.673835 1568136567-isilon_1it_96cpus_0delay_npc-0 140589260052288
read_file 1568136604.8890972 1568136621.4304848 bigbrain_769_603_1388.nii 140095124932416
increment_file 1568136956.8419566 1568136998.4343574 bigbrain_769_603_1388.nii 140095124932416
write_file 1568137133.0635934 1568137554.2243392 inc-bigbrain_769_603_1388.nii 140095124932416
task_duration 1568136604.7011416 1568137637.577404 1568136567-isilon_1it_96cpus_0delay_npc-0 140095124932416
read_file 1568136594.6510508 1568136599.1511283 bigbrain_2307_1206_2776.nii 140314988005184
increment_file 1568136795.3848383 1568136840.8039255 bigbrain_2307_1206_2776.nii 140314988005184
write_file 1568137122.0504894 1568137386.6778965 inc-bigbrain_2307_1206_2776.nii 140314988005184
task_duration 1568136594.6248477 1568137636.2725382 1568136567-isilon_1it_96cpus_0delay_npc-0 140314988005184
read_file 1568136638.6046934 1568136648.768114 bigbrain_769_2412_2776.nii 139825501513536
increment_file 1568137110.4452498 1568137122.7551062 bigbrain_769_2412_2776.nii 139825501513536
write_file 1568137311.5529246 1568137637.6227684 inc-bigbrain_769_2412_2776.nii 139825501513536
task_duration 1568136638.1372654 1568137637.7123222 1568136567-isilon_1it_96cpus_0delay_npc-0 139825501513536
read_file 1568136620.9283483 1568136636.380393 bigbrain_769_603_2082.nii 140040969017152
increment_file 1568137050.7418034 1568137094.536187 bigbrain_769_603_2082.nii 140040969017152
write_file 1568137145.5724921 1568137637.5730417 inc-bigbrain_769_603_2082.nii 140040969017152
task_duration 1568136620.7675278 1568137637.6788123 1568136567-isilon_1it_96cpus_0delay_npc-0 140040969017152
read_file 1568136595.4847467 1568136612.285941 bigbrain_2307_1206_2082.nii 140506300467008
increment_file 1568136890.926472 1568136935.4873648 bigbrain_2307_1206_2082.nii 140506300467008
write_file 1568137125.0370977 1568137489.3063276 inc-bigbrain_2307_1206_2082.nii 140506300467008
task_duration 1568136595.279728 1568137637.4648645 1568136567-isilon_1it_96cpus_0delay_npc-0 140506300467008
read_file 1568136619.814409 1568136635.5880618 bigbrain_3076_2412_2082.nii 139881005664064
increment_file 1568137042.44527 1568137085.0169609 bigbrain_3076_2412_2082.nii 139881005664064
write_file 1568137143.2554188 1568137634.0287552 inc-bigbrain_3076_2412_2082.nii 139881005664064
task_duration 1568136619.6454923 1568137637.643648 1568136567-isilon_1it_96cpus_0delay_npc-0 139881005664064
read_file 1568136594.9097865 1568136602.621428 bigbrain_3076_2412_694.nii 139964773787456
increment_file 1568136845.079702 1568136884.6380718 bigbrain_3076_2412_694.nii 139964773787456
write_file 1568137124.0301936 1568137445.3298821 inc-bigbrain_3076_2412_694.nii 139964773787456
task_duration 1568136594.8770313 1568137636.9806418 1568136567-isilon_1it_96cpus_0delay_npc-0 139964773787456
read_file 1568136594.3154294 1568136595.1782405 bigbrain_1538_0_2776.nii 139630179067712
increment_file 1568136736.1931262 1568136786.0245948 bigbrain_1538_0_2776.nii 139630179067712
write_file 1568137120.1991308 1568137333.9187422 inc-bigbrain_1538_0_2776.nii 139630179067712
task_duration 1568136594.302582 1568137637.6040144 1568136567-isilon_1it_96cpus_0delay_npc-0 139630179067712
read_file 1568136594.713697 1568136599.9589128 bigbrain_1538_2412_2082.nii 140269736326976
increment_file 1568136806.3242552 1568136849.5968025 bigbrain_1538_2412_2082.nii 140269736326976
write_file 1568137122.2653978 1568137408.2807996 inc-bigbrain_1538_2412_2082.nii 140269736326976
task_duration 1568136594.6615648 1568137636.520323 1568136567-isilon_1it_96cpus_0delay_npc-0 140269736326976
read_file 1568136594.0205808 1568136594.8589694 bigbrain_1538_2412_2776.nii 139837103073088
increment_file 1568136612.0106921 1568136624.4933565 bigbrain_1538_2412_2776.nii 139837103073088
write_file 1568136971.5948715 1568137152.9249475 inc-bigbrain_1538_2412_2776.nii 139837103073088
task_duration 1568136594.0085413 1568137597.2652721 1568136567-isilon_1it_96cpus_0delay_npc-0 139837103073088
read_file 1568136594.1288397 1568136595.0802774 bigbrain_3076_1206_2082.nii 139929072015168
increment_file 1568136684.5005605 1568136732.5855958 bigbrain_3076_1206_2082.nii 139929072015168
write_file 1568137115.2122314 1568137249.8657231 inc-bigbrain_3076_1206_2082.nii 139929072015168
task_duration 1568136594.1160727 1568137622.4865575 1568136567-isilon_1it_96cpus_0delay_npc-0 139929072015168
read_file 1568136594.1091604 1568136595.0755844 bigbrain_1538_1809_694.nii 139665386407744
increment_file 1568136673.9072928 1568136721.9185472 bigbrain_1538_1809_694.nii 139665386407744
write_file 1568137117.4475093 1568137285.7345567 inc-bigbrain_1538_1809_694.nii 139665386407744
task_duration 1568136594.0769858 1568137625.7647896 1568136567-isilon_1it_96cpus_0delay_npc-0 139665386407744
read_file 1568137638.6623235 1568137638.680348 bigbrain_769_603_694.nii 140273429653312
increment_file 1568137638.6871529 1568137644.1483324 bigbrain_769_603_694.nii 140273429653312
write_file 1568137644.1831293 1568137650.2651134 inc-bigbrain_769_603_694.nii 140273429653312
task_duration 1568137638.6593077 1568137650.272599 1568136567-isilon_1it_96cpus_0delay_npc-0 140273429653312
read_file 1568136594.5647254 1568136596.5574274 bigbrain_2307_603_0.nii 140543255447360
increment_file 1568136784.4473243 1568136830.932838 bigbrain_2307_603_0.nii 140543255447360
write_file 1568137120.9745462 1568137381.1808975 inc-bigbrain_2307_603_0.nii 140543255447360
task_duration 1568136594.5515323 1568137636.207236 1568136567-isilon_1it_96cpus_0delay_npc-0 140543255447360
read_file 1568136594.2491856 1568136595.1692853 bigbrain_2307_0_2082.nii 139793571272512
increment_file 1568136714.5756533 1568136764.4724498 bigbrain_2307_0_2082.nii 139793571272512
write_file 1568137119.0461957 1568137313.699515 inc-bigbrain_2307_0_2082.nii 139793571272512
task_duration 1568136594.23456 1568137635.335027 1568136567-isilon_1it_96cpus_0delay_npc-0 139793571272512
read_file 1568136594.6958857 1568136599.8241363 bigbrain_3076_1809_694.nii 139945297250112
increment_file 1568136802.3134935 1568136846.5250242 bigbrain_3076_1809_694.nii 139945297250112
write_file 1568137122.1599345 1568137405.5291884 inc-bigbrain_3076_1809_694.nii 139945297250112
task_duration 1568136594.6623363 1568137636.463613 1568136567-isilon_1it_96cpus_0delay_npc-0 139945297250112
read_file 1568136595.1866586 1568136611.6173227 bigbrain_3076_603_1388.nii 140627971782464
increment_file 1568136863.6776497 1568136907.1117363 bigbrain_3076_603_1388.nii 140627971782464
write_file 1568137124.582841 1568137461.768233 inc-bigbrain_3076_603_1388.nii 140627971782464
task_duration 1568136595.183003 1568137637.1673849 1568136567-isilon_1it_96cpus_0delay_npc-0 140627971782464
read_file 1568136594.6142356 1568136598.6126764 bigbrain_3076_2412_1388.nii 140052445824832
increment_file 1568136791.37421 1568136837.7543368 bigbrain_3076_2412_1388.nii 140052445824832
write_file 1568137121.9348567 1568137398.100179 inc-bigbrain_3076_2412_1388.nii 140052445824832
task_duration 1568136594.6119208 1568137636.3296576 1568136567-isilon_1it_96cpus_0delay_npc-0 140052445824832
read_file 1568136594.0053053 1568136594.798249 bigbrain_2307_2412_2082.nii 139930191918912
increment_file 1568136606.0906353 1568136618.6667998 bigbrain_2307_2412_2082.nii 139930191918912
write_file 1568136944.2902436 1568137148.7621486 inc-bigbrain_2307_2412_2082.nii 139930191918912
task_duration 1568136594.0025182 1568137595.4381971 1568136567-isilon_1it_96cpus_0delay_npc-0 139930191918912
read_file 1568136630.488448 1568136642.966718 bigbrain_769_1809_694.nii 140068249913152
increment_file 1568137085.1483598 1568137110.438368 bigbrain_769_1809_694.nii 140068249913152
write_file 1568137145.42095 1568137636.745361 inc-bigbrain_769_1809_694.nii 140068249913152
task_duration 1568136630.30946 1568137637.66764 1568136567-isilon_1it_96cpus_0delay_npc-0 140068249913152
read_file 1568136625.1778896 1568136638.552135 bigbrain_3076_2412_2776.nii 139658070218560
increment_file 1568137063.7458787 1568137102.246522 bigbrain_3076_2412_2776.nii 139658070218560
write_file 1568137142.0521936 1568137618.0603871 inc-bigbrain_3076_2412_2776.nii 139658070218560
task_duration 1568136624.7859547 1568137637.5898309 1568136567-isilon_1it_96cpus_0delay_npc-0 139658070218560
read_file 1568136594.0512424 1568136594.9204535 bigbrain_1538_603_2776.nii 140379459766080
increment_file 1568136631.9589474 1568136651.9745781 bigbrain_1538_603_2776.nii 140379459766080
write_file 1568137113.924435 1568137230.381494 inc-bigbrain_1538_603_2776.nii 140379459766080
task_duration 1568136594.0478268 1568137597.5713115 1568136567-isilon_1it_96cpus_0delay_npc-0 140379459766080
read_file 1568136612.7568958 1568136629.6628993 bigbrain_769_1206_2082.nii 140578860595008
increment_file 1568137006.8811944 1568137050.7428133 bigbrain_769_1206_2082.nii 140578860595008
write_file 1568137135.6490936 1568137599.0955038 inc-bigbrain_769_1206_2082.nii 140578860595008
task_duration 1568136612.5787213 1568137637.5867786 1568136567-isilon_1it_96cpus_0delay_npc-0 140578860595008
read_file 1568136616.1794019 1568136632.361435 bigbrain_3076_1206_694.nii 140510134052672
increment_file 1568137029.4404202 1568137071.5960565 bigbrain_3076_1206_694.nii 140510134052672
write_file 1568137142.9701555 1568137626.0574412 inc-bigbrain_3076_1206_694.nii 140510134052672
task_duration 1568136616.010495 1568137637.5970163 1568136567-isilon_1it_96cpus_0delay_npc-0 140510134052672
read_file 1568136594.315122 1568136595.1776884 bigbrain_2307_1206_0.nii 140505519626048
increment_file 1568136729.4035149 1568136776.562395 bigbrain_2307_1206_0.nii 140505519626048
write_file 1568137120.012827 1568137329.2014298 inc-bigbrain_2307_1206_0.nii 140505519626048
task_duration 1568136594.3027534 1568137635.7949224 1568136567-isilon_1it_96cpus_0delay_npc-0 140505519626048
read_file 1568136594.732245 1568136600.3635132 bigbrain_2307_1809_2082.nii 140582641669952
increment_file 1568136824.4063542 1568136865.2625694 bigbrain_2307_1809_2082.nii 140582641669952
write_file 1568137122.7735584 1568137424.4089608 inc-bigbrain_2307_1809_2082.nii 140582641669952
task_duration 1568136594.7232702 1568137636.68982 1568136567-isilon_1it_96cpus_0delay_npc-0 140582641669952
read_file 1568136594.05338 1568136594.9212308 bigbrain_3076_2412_0.nii 140132228245312
increment_file 1568136637.0512898 1568136660.693036 bigbrain_3076_2412_0.nii 140132228245312
write_file 1568137116.796252 1568137274.8017712 inc-bigbrain_3076_2412_0.nii 140132228245312
task_duration 1568136594.051264 1568137624.8768237 1568136567-isilon_1it_96cpus_0delay_npc-0 140132228245312
read_file 1568136594.7319734 1568136600.2284062 bigbrain_2307_1206_1388.nii 139670960207680
increment_file 1568136817.4799116 1568136860.8510697 bigbrain_2307_1206_1388.nii 139670960207680
write_file 1568137122.7637255 1568137418.3041666 inc-bigbrain_2307_1206_1388.nii 139670960207680
task_duration 1568136594.7232084 1568137636.6274934 1568136567-isilon_1it_96cpus_0delay_npc-0 139670960207680
read_file 1568136594.0010645 1568136594.7357285 bigbrain_2307_0_2776.nii 140537334183744
increment_file 1568136600.775563 1568136612.0086246 bigbrain_2307_0_2776.nii 140537334183744
write_file 1568136878.7828324 1568137143.7462134 inc-bigbrain_2307_0_2776.nii 140537334183744
task_duration 1568136593.9974449 1568137546.9696307 1568136567-isilon_1it_96cpus_0delay_npc-0 140537334183744
read_file 1568136594.2125142 1568136595.141519 bigbrain_2307_603_2776.nii 140299163404096
increment_file 1568136703.0828795 1568136751.3888118 bigbrain_2307_603_2776.nii 140299163404096
write_file 1568137118.4047377 1568137302.609287 inc-bigbrain_2307_603_2776.nii 140299163404096
task_duration 1568136594.2031658 1568137626.8304708 1568136567-isilon_1it_96cpus_0delay_npc-0 140299163404096
read_file 1568136611.3931165 1568136626.5522594 bigbrain_3076_1206_0.nii 140157016749888
increment_file 1568136988.6373355 1568137031.028029 bigbrain_3076_1206_0.nii 140157016749888
write_file 1568137134.7567115 1568137570.6618378 inc-bigbrain_3076_1206_0.nii 140157016749888
task_duration 1568136611.2245753 1568137637.582579 1568136567-isilon_1it_96cpus_0delay_npc-0 140157016749888
read_file 1568136619.4314525 1568136634.3845224 bigbrain_769_0_694.nii 140118479611712
increment_file 1568137038.9412367 1568137080.6305654 bigbrain_769_0_694.nii 140118479611712
write_file 1568137139.941661 1568137615.308852 inc-bigbrain_769_0_694.nii 140118479611712
task_duration 1568136619.2491279 1568137637.588031 1568136567-isilon_1it_96cpus_0delay_npc-0 140118479611712
read_file 1568136612.3024073 1568136628.8605366 bigbrain_769_603_2776.nii 140575289321280
increment_file 1568136998.7007806 1568137042.5528173 bigbrain_769_603_2776.nii 140575289321280
write_file 1568137135.3449743 1568137579.9372318 inc-bigbrain_769_603_2776.nii 140575289321280
task_duration 1568136612.021768 1568137637.5845375 1568136567-isilon_1it_96cpus_0delay_npc-0 140575289321280
read_file 1568136613.5768385 1568136630.588163 bigbrain_2307_603_1388.nii 140329391834944
increment_file 1568137012.0962107 1568137055.9715364 bigbrain_2307_603_1388.nii 140329391834944
write_file 1568137137.4855452 1568137589.5148087 inc-bigbrain_2307_603_1388.nii 140329391834944
task_duration 1568136613.3990273 1568137637.5794644 1568136567-isilon_1it_96cpus_0delay_npc-0 140329391834944
read_file 1568136594.0301554 1568136594.8610826 bigbrain_1538_1809_0.nii 139773011736384
increment_file 1568136621.8284564 1568136636.3808727 bigbrain_1538_1809_0.nii 139773011736384
write_file 1568137057.582895 1568137187.151426 inc-bigbrain_1538_1809_0.nii 139773011736384
task_duration 1568136594.0186658 1568137589.9998446 1568136567-isilon_1it_96cpus_0delay_npc-0 139773011736384
read_file 1568136594.3964717 1568136595.1878827 bigbrain_1538_1809_1388.nii 140145784436544
increment_file 1568136758.3492806 1568136806.5644438 bigbrain_1538_1809_1388.nii 140145784436544
write_file 1568137120.5673723 1568137354.6117823 inc-bigbrain_1538_1809_1388.nii 140145784436544
task_duration 1568136594.3493352 1568137637.6091325 1568136567-isilon_1it_96cpus_0delay_npc-0 140145784436544
read_file 1568136612.0611255 1568136628.058425 bigbrain_769_1206_0.nii 140299057882944
increment_file 1568136995.0962796 1568137037.3262393 bigbrain_769_1206_0.nii 140299057882944
write_file 1568137135.0420167 1568137574.9023552 inc-bigbrain_769_1206_0.nii 140299057882944
task_duration 1568136612.0198247 1568137637.5785663 1568136567-isilon_1it_96cpus_0delay_npc-0 140299057882944
read_file 1568136604.2973816 1568136621.0278337 bigbrain_769_1206_2776.nii 139949060605760
increment_file 1568136953.6417825 1568136995.0971844 bigbrain_769_1206_2776.nii 139949060605760
write_file 1568137132.9209049 1568137544.191038 inc-bigbrain_769_1206_2776.nii 139949060605760
task_duration 1568136604.1088648 1568137637.5813394 1568136567-isilon_1it_96cpus_0delay_npc-0 139949060605760
read_file 1568136594.3381817 1568136595.185932 bigbrain_1538_2412_1388.nii 140162521233216
increment_file 1568136747.1075895 1568136795.3859873 bigbrain_1538_2412_1388.nii 140162521233216
write_file 1568137120.3892653 1568137344.2384963 inc-bigbrain_1538_2412_1388.nii 140162521233216
task_duration 1568136594.3237712 1568137637.6053977 1568136567-isilon_1it_96cpus_0delay_npc-0 140162521233216
read_file 1568136602.1185 1568136619.3706663 bigbrain_3076_0_0.nii 140314345920320
increment_file 1568136942.4470816 1568136983.8383677 bigbrain_3076_0_0.nii 140314345920320
write_file 1568137132.751599 1568137548.6206691 inc-bigbrain_3076_0_0.nii 140314345920320
task_duration 1568136601.9390552 1568137637.5749373 1568136567-isilon_1it_96cpus_0delay_npc-0 140314345920320
read_file 1568136594.731576 1568136600.093634 bigbrain_1538_1809_2082.nii 139936551892800
increment_file 1568136813.4898913 1568136855.3598251 bigbrain_1538_1809_2082.nii 139936551892800
write_file 1568137122.7630918 1568137413.1140318 inc-bigbrain_1538_1809_2082.nii 139936551892800
task_duration 1568136594.6641505 1568137636.5648239 1568136567-isilon_1it_96cpus_0delay_npc-0 139936551892800
read_file 1568136594.0004094 1568136594.7150888 bigbrain_2307_2412_0.nii 139971037648704
increment_file 1568136595.1925876 1568136606.5020552 bigbrain_2307_2412_0.nii 139971037648704
write_file 1568136852.1556785 1568137122.8811035 inc-bigbrain_2307_2412_0.nii 139971037648704
task_duration 1568136593.9968052 1568137321.9125407 1568136567-isilon_1it_96cpus_0delay_npc-0 139971037648704
read_file 1568136595.3242831 1568136612.0171278 bigbrain_2307_2412_1388.nii 140176813565760
increment_file 1568136887.7215345 1568136932.171821 bigbrain_2307_2412_1388.nii 140176813565760
write_file 1568137124.868047 1568137483.8243387 inc-bigbrain_2307_2412_1388.nii 140176813565760
task_duration 1568136595.2066483 1568137637.4026275 1568136567-isilon_1it_96cpus_0delay_npc-0 140176813565760
read_file 1568136594.2215633 1568136595.1523583 bigbrain_2307_1809_1388.nii 140678928942912
increment_file 1568136707.0697145 1568136754.729893 bigbrain_2307_1809_1388.nii 140678928942912
write_file 1568137118.7212062 1568137308.2580137 inc-bigbrain_2307_1809_1388.nii 140678928942912
task_duration 1568136594.2121465 1568137633.9520392 1568136567-isilon_1it_96cpus_0delay_npc-0 140678928942912
read_file 1568136610.0297604 1568136626.0171506 bigbrain_769_1809_2776.nii 140144787822400
increment_file 1568136985.4409847 1568137027.958534 bigbrain_769_1809_2776.nii 140144787822400
write_file 1568137137.9588337 1568137601.6799657 inc-bigbrain_769_1809_2776.nii 140144787822400
task_duration 1568136609.851818 1568137637.5883439 1568136567-isilon_1it_96cpus_0delay_npc-0 140144787822400
read_file 1568136594.8576086 1568136600.780106 bigbrain_2307_1809_0.nii 140043367343936
increment_file 1568136837.8861787 1568136877.3232756 bigbrain_2307_1809_0.nii 140043367343936
write_file 1568137123.9767685 1568137434.7181034 inc-bigbrain_2307_1809_0.nii 140043367343936
task_duration 1568136594.8102849 1568137636.8770409 1568136567-isilon_1it_96cpus_0delay_npc-0 140043367343936
read_file 1568136627.3452384 1568136641.6488006 bigbrain_3076_603_2082.nii 140175468226368
increment_file 1568137077.8491719 1568137109.259066 bigbrain_3076_603_2082.nii 140175468226368
write_file 1568137145.1179807 1568137635.8543262 inc-bigbrain_3076_603_2082.nii 140175468226368
task_duration 1568136627.1308687 1568137637.6533709 1568136567-isilon_1it_96cpus_0delay_npc-0 140175468226368
read_file 1568136595.2172067 1568136612.0164304 bigbrain_769_2412_2082.nii 140567929186112
increment_file 1568136881.7237215 1568136924.5817811 bigbrain_769_2412_2082.nii 140567929186112
write_file 1568137124.7876613 1568137477.4318576 inc-bigbrain_769_2412_2082.nii 140567929186112
task_duration 1568136595.1974728 1568137637.340089 1568136567-isilon_1it_96cpus_0delay_npc-0 140567929186112
read_file 1568136607.7213647 1568136623.4522786 bigbrain_769_1206_694.nii 140456127752000
increment_file 1568136964.2711241 1568137006.882922 bigbrain_769_1206_694.nii 140456127752000
write_file 1568137133.2150857 1568137559.7139125 inc-bigbrain_769_1206_694.nii 140456127752000
task_duration 1568136607.5437622 1568137637.5759532 1568136567-isilon_1it_96cpus_0delay_npc-0 140456127752000
read_file 1568136599.2844377 1568136615.1825447 bigbrain_769_2412_0.nii 140661960046400
increment_file 1568136917.3752236 1568136961.226275 bigbrain_769_2412_0.nii 140661960046400
write_file 1568137128.0878203 1568137516.3649035 inc-bigbrain_769_2412_0.nii 140661960046400
task_duration 1568136599.0247126 1568137637.5688508 1568136567-isilon_1it_96cpus_0delay_npc-0 140661960046400
read_file 1568136594.02965 1568136594.859576 bigbrain_1538_2412_0.nii 140651851638592
increment_file 1568136616.2691174 1568136630.035787 bigbrain_1538_2412_0.nii 140651851638592
write_file 1568137015.1918817 1568137165.5488906 inc-bigbrain_1538_2412_0.nii 140651851638592
task_duration 1568136594.0156693 1568137600.9115646 1568136567-isilon_1it_96cpus_0delay_npc-0 140651851638592
read_file 1568136594.10959 1568136595.0766218 bigbrain_1538_1206_1388.nii 140490103519040
increment_file 1568136680.4591272 1568136729.2713008 bigbrain_1538_1206_1388.nii 140490103519040
write_file 1568137118.099437 1568137296.9700549 inc-bigbrain_1538_1206_1388.nii 140490103519040
task_duration 1568136594.0898228 1568137626.5454032 1568136567-isilon_1it_96cpus_0delay_npc-0 140490103519040
read_file 1568136633.2062395 1568136645.1372604 bigbrain_769_0_2776.nii 140535165228864
increment_file 1568137089.5844257 1568137120.056041 bigbrain_769_0_2776.nii 140535165228864
write_file 1568137231.1293027 1568137637.5964453 inc-bigbrain_769_0_2776.nii 140535165228864
task_duration 1568136632.7709246 1568137637.7001276 1568136567-isilon_1it_96cpus_0delay_npc-0 140535165228864
read_file 1568136596.3409355 1568136612.9722736 bigbrain_2307_603_694.nii 140399338014528
increment_file 1568136897.2227497 1568136942.6242223 bigbrain_2307_603_694.nii 140399338014528
write_file 1568137127.4730988 1568137494.7874925 inc-bigbrain_2307_603_694.nii 140399338014528
task_duration 1568136596.1626394 1568137637.527209 1568136567-isilon_1it_96cpus_0delay_npc-0 140399338014528
read_file 1568136594.063734 1568136594.9681656 bigbrain_2307_2412_2776.nii 140514265888576
increment_file 1568136644.2312665 1568136676.9605894 bigbrain_2307_2412_2776.nii 140514265888576
write_file 1568137113.5969174 1568137233.4185107 inc-bigbrain_2307_2412_2776.nii 140514265888576
task_duration 1568136594.0603979 1568137621.2822468 1568136567-isilon_1it_96cpus_0delay_npc-0 140514265888576
read_file 1568136594.56419 1568136596.4229476 bigbrain_2307_1809_2776.nii 139955258050368
increment_file 1568136780.4368892 1568136827.866931 bigbrain_2307_1809_2776.nii 139955258050368
write_file 1568137120.8931704 1568137375.736214 inc-bigbrain_2307_1809_2776.nii 139955258050368
task_duration 1568136594.5449362 1568137636.1628213 1568136567-isilon_1it_96cpus_0delay_npc-0 139955258050368
read_file 1568136594.1073897 1568136595.0705028 bigbrain_2307_0_0.nii 140438715180864
increment_file 1568136653.4555376 1568136696.1603372 bigbrain_2307_0_0.nii 140438715180864
write_file 1568137117.78537 1568137291.0533788 inc-bigbrain_2307_0_0.nii 140438715180864
task_duration 1568136594.0714402 1568137626.2332377 1568136567-isilon_1it_96cpus_0delay_npc-0 140438715180864
read_file 1568136594.3143868 1568136595.1769326 bigbrain_1538_1206_0.nii 139798929192768
increment_file 1568136725.5506816 1568136773.505661 bigbrain_1538_1206_0.nii 139798929192768
write_file 1568137119.699512 1568137327.0642004 inc-bigbrain_1538_1206_0.nii 139798929192768
task_duration 1568136594.299514 1568137635.9117503 1568136567-isilon_1it_96cpus_0delay_npc-0 139798929192768
read_file 1568136594.5294034 1568136595.1912315 bigbrain_2307_0_1388.nii 140620542801728
increment_file 1568136773.503756 1568136820.7949579 bigbrain_2307_0_1388.nii 140620542801728
write_file 1568137120.8182912 1568137370.4082007 inc-bigbrain_2307_0_1388.nii 140620542801728
task_duration 1568136594.4978418 1568137636.0977197 1568136567-isilon_1it_96cpus_0delay_npc-0 140620542801728
read_file 1568136603.7497933 1568136620.6089635 bigbrain_769_0_2082.nii 140710768703296
increment_file 1568136947.3435428 1568136986.8882272 bigbrain_769_0_2082.nii 140710768703296
write_file 1568137129.611808 1568137532.6542237 inc-bigbrain_769_0_2082.nii 140710768703296
task_duration 1568136603.570803 1568137637.579168 1568136567-isilon_1it_96cpus_0delay_npc-0 140710768703296
read_file 1568136599.0686994 1568136614.9152744 bigbrain_2307_2412_694.nii 140547132843840
increment_file 1568136910.7196872 1568136955.2302616 bigbrain_2307_2412_694.nii 140547132843840
write_file 1568137127.9273283 1568137500.4071298 inc-bigbrain_2307_2412_694.nii 140547132843840
task_duration 1568136598.8896432 1568137637.5671499 1568136567-isilon_1it_96cpus_0delay_npc-0 140547132843840
read_file 1568136609.0938196 1568136625.4467928 bigbrain_3076_0_2082.nii 139833707140928
increment_file 1568136976.1402082 1568137018.3794775 bigbrain_3076_0_2082.nii 139833707140928
write_file 1568137137.6203532 1568137595.8979073 inc-bigbrain_3076_0_2082.nii 139833707140928
task_duration 1568136608.916445 1568137637.5850294 1568136567-isilon_1it_96cpus_0delay_npc-0 139833707140928
read_file 1568136601.2738354 1568136618.1422124 bigbrain_769_0_0.nii 140242591131456
increment_file 1568136934.0420928 1568136976.2648258 bigbrain_769_0_0.nii 140242591131456
write_file 1568137132.626816 1568137538.1344748 inc-bigbrain_769_0_0.nii 140242591131456
task_duration 1568136601.0777178 1568137637.5830288 1568136567-isilon_1it_96cpus_0delay_npc-0 140242591131456
read_file 1568136614.272148 1568136631.140497 bigbrain_3076_1206_2776.nii 140083680667456
increment_file 1568137023.1622007 1568137065.3344448 bigbrain_3076_1206_2776.nii 140083680667456
write_file 1568137138.563886 1568137609.403547 inc-bigbrain_3076_1206_2776.nii 140083680667456
task_duration 1568136614.0858834 1568137637.5893605 1568136567-isilon_1it_96cpus_0delay_npc-0 140083680667456
read_file 1568136594.0541048 1568136594.9240825 bigbrain_1538_603_2082.nii 139732872730432
increment_file 1568136640.9743898 1568136670.967891 bigbrain_1538_603_2082.nii 139732872730432
write_file 1568137113.3091166 1568137222.3283057 inc-bigbrain_1538_603_2082.nii 139732872730432
task_duration 1568136594.0511804 1568137593.951543 1568136567-isilon_1it_96cpus_0delay_npc-0 139732872730432
read_file 1568136608.1312838 1568136624.9119694 bigbrain_3076_1809_0.nii 140546685249344
increment_file 1568136968.815918 1568137012.0980935 bigbrain_3076_1809_0.nii 140546685249344
write_file 1568137133.3664522 1568137565.1935608 inc-bigbrain_3076_1809_0.nii 140546685249344
task_duration 1568136607.9439542 1568137637.5765378 1568136567-isilon_1it_96cpus_0delay_npc-0 140546685249344
read_file 1568136626.461358 1568136639.7640066 bigbrain_769_1206_1388.nii 139695212214080
increment_file 1568137073.1979373 1568137107.8171864 bigbrain_769_1206_1388.nii 139695212214080
write_file 1568137144.8149202 1568137635.2837837 inc-bigbrain_769_1206_1388.nii 139695212214080
task_duration 1568136626.293112 1568137637.647561 1568136567-isilon_1it_96cpus_0delay_npc-0 139695212214080
read_file 1568136594.830953 1568136600.7781591 bigbrain_1538_1809_2776.nii 140456421463872
increment_file 1568136832.8142042 1568136874.257317 bigbrain_1538_1809_2776.nii 140456421463872
write_file 1568137123.923407 1568137429.237354 inc-bigbrain_1538_1809_2776.nii 140456421463872
task_duration 1568136594.8032184 1568137636.8107276 1568136567-isilon_1it_96cpus_0delay_npc-0 140456421463872
read_file 1568136595.1871426 1568136611.902801 bigbrain_769_603_0.nii 140370332321600
increment_file 1568136869.4349833 1568136912.2962546 bigbrain_769_603_0.nii 140370332321600
write_file 1568137124.6629126 1568137467.238284 inc-bigbrain_769_603_0.nii 140370332321600
task_duration 1568136595.1845448 1568137637.2327123 1568136567-isilon_1it_96cpus_0delay_npc-0 140370332321600
read_file 1568136594.0705187 1568136595.0494235 bigbrain_3076_1809_2082.nii 140214546216768
increment_file 1568136647.8235953 1568136685.6837525 bigbrain_3076_1809_2082.nii 140214546216768
write_file 1568137116.1577296 1568137264.306974 inc-bigbrain_3076_1809_2082.nii 140214546216768
task_duration 1568136594.067859 1568137624.2887313 1568136567-isilon_1it_96cpus_0delay_npc-0 140214546216768
read_file 1568136595.1266017 1568136606.8676336 bigbrain_3076_0_1388.nii 140175692322624
increment_file 1568136849.5956404 1568136889.3105907 bigbrain_3076_0_1388.nii 140175692322624
write_file 1568137124.1014478 1568137440.3317864 inc-bigbrain_3076_0_1388.nii 140175692322624
task_duration 1568136595.099842 1568137636.9213502 1568136567-isilon_1it_96cpus_0delay_npc-0 140175692322624
read_file 1568136625.6502507 1568136639.3597927 bigbrain_769_0_1388.nii 139695309313856
increment_file 1568137066.943577 1568137104.2253356 bigbrain_769_0_1388.nii 139695309313856
write_file 1568137144.5119097 1568137624.0412126 inc-bigbrain_769_0_1388.nii 139695309313856
task_duration 1568136625.4549031 1568137637.596973 1568136567-isilon_1it_96cpus_0delay_npc-0 139695309313856
read_file 1568136594.1078274 1568136595.071369 bigbrain_2307_1206_694.nii 140115119908672
increment_file 1568136656.5760994 1568136701.0792613 bigbrain_2307_1206_694.nii 140115119908672
write_file 1568137114.5753524 1568137240.0973032 inc-bigbrain_2307_1206_694.nii 140115119908672
task_duration 1568136594.071518 1568137621.7388039 1568136567-isilon_1it_96cpus_0delay_npc-0 140115119908672
read_file 1568136594.041755 1568136594.8712509 bigbrain_1538_2412_694.nii 140055127480128
increment_file 1568136626.9873102 1568136642.6976464 bigbrain_1538_2412_694.nii 140055127480128
write_file 1568137086.6226213 1568137203.4266536 inc-bigbrain_1538_2412_694.nii 140055127480128
task_duration 1568136594.0389457 1568137592.1189709 1568136567-isilon_1it_96cpus_0delay_npc-0 140055127480128
read_file 1568136594.1293383 1568136595.0810847 bigbrain_1538_603_1388.nii 139719504176960
increment_file 1568136692.013432 1568136743.7618752 bigbrain_1538_603_1388.nii 139719504176960
write_file 1568137115.8465774 1568137255.1904662 inc-bigbrain_1538_603_1388.nii 139719504176960
task_duration 1568136594.1190655 1568137623.376427 1568136567-isilon_1it_96cpus_0delay_npc-0 139719504176960
read_file 1568136600.6931434 1568136615.8690264 bigbrain_3076_1809_2776.nii 140642645583680
increment_file 1568136928.3222897 1568136971.5959437 bigbrain_3076_1809_2776.nii 140642645583680
write_file 1568137128.3908339 1568137527.3026354 inc-bigbrain_3076_1809_2776.nii 140642645583680
task_duration 1568136600.5058465 1568137637.5804467 1568136567-isilon_1it_96cpus_0delay_npc-0 140642645583680
read_file 1568136613.98695 1568136631.0069878 bigbrain_769_2412_1388.nii 139862086793024
increment_file 1568137020.116141 1568137061.9983103 bigbrain_769_2412_1388.nii 139862086793024
write_file 1568137138.3945205 1568137606.3843067 inc-bigbrain_769_2412_1388.nii 139862086793024
task_duration 1568136613.8177195 1568137637.5860796 1568136567-isilon_1it_96cpus_0delay_npc-0 139862086793024
read_file 1568136594.5298839 1568136595.1910157 bigbrain_3076_1809_1388.nii 139923679881024
increment_file 1568136769.655385 1568136817.4817615 bigbrain_3076_1809_1388.nii 139923679881024
write_file 1568137120.737041 1568137364.8061013 inc-bigbrain_3076_1809_1388.nii 139923679881024
task_duration 1568136594.500665 1568137636.0353117 1568136567-isilon_1it_96cpus_0delay_npc-0 139923679881024
read_file 1568136598.8804297 1568136614.5141597 bigbrain_3076_1206_1388.nii 140643603564352
increment_file 1568136907.1103652 1568136952.1627138 bigbrain_3076_1206_1388.nii 140643603564352
write_file 1568137127.7849169 1568137505.8686523 inc-bigbrain_3076_1206_1388.nii 140643603564352
task_duration 1568136598.6206098 1568137637.5683634 1568136567-isilon_1it_96cpus_0delay_npc-0 140643603564352
read_file 1568136594.1085017 1568136595.0733266 bigbrain_1538_603_694.nii 139954109237056
increment_file 1568136664.4348757 1568136714.4429996 bigbrain_1538_603_694.nii 139954109237056
write_file 1568137114.9099715 1568137245.4649155 inc-bigbrain_1538_603_694.nii 139954109237056
task_duration 1568136594.0726383 1568137622.0233464 1568136567-isilon_1it_96cpus_0delay_npc-0 139954109237056
read_file 1568136593.9404523 1568136594.5311453 bigbrain_769_1809_2082.nii 140238983866176
increment_file 1568136595.0879602 1568136600.737109 bigbrain_769_1809_2082.nii 140238983866176
write_file 1568136834.5637257 1568137121.822155 inc-bigbrain_769_1809_2082.nii 140238983866176
task_duration 1568136593.934911 1568137280.7146826 1568136567-isilon_1it_96cpus_0delay_npc-0 140238983866176
read_file 1568136595.159813 1568136609.0430322 bigbrain_3076_0_694.nii 139999275382592
increment_file 1568136859.39619 1568136900.823066 bigbrain_3076_0_694.nii 139999275382592
write_file 1568137124.413509 1568137456.315659 inc-bigbrain_3076_0_694.nii 139999275382592
task_duration 1568136595.1414816 1568137637.104931 1568136567-isilon_1it_96cpus_0delay_npc-0 139999275382592
