read_file 1568134689.8721046 1568134689.8736773 bigbrain_1538_2412_694.nii 140275005695808
increment_file 1568134689.8738918 1568134690.3204641 bigbrain_1538_2412_694.nii 140275005695808
write_file 1568134690.331512 1568134690.833445 inc-bigbrain_1538_2412_694.nii 140275005695808
task_duration 1568134689.868292 1568134690.8360333 1568134125-local_1it_96cpus_0delay_npc-0 140275005695808
read_file 1568134689.8721383 1568134689.8744364 bigbrain_769_1809_2082.nii 140243847219008
increment_file 1568134689.8746247 1568134808.7458825 bigbrain_769_1809_2082.nii 140243847219008
write_file 1568134808.7652354 1568134809.561871 inc-bigbrain_769_1809_2082.nii 140243847219008
task_duration 1568134689.8684356 1568134809.564763 1568134125-local_1it_96cpus_0delay_npc-0 140243847219008
read_file 1568134689.872159 1568134689.8745346 bigbrain_2307_1206_2776.nii 140229645051712
increment_file 1568134689.8747258 1568134807.7428436 bigbrain_2307_1206_2776.nii 140229645051712
write_file 1568134807.762798 1568134808.3492324 inc-bigbrain_2307_1206_2776.nii 140229645051712
task_duration 1568134689.8680527 1568134808.3519828 1568134125-local_1it_96cpus_0delay_npc-0 140229645051712
read_file 1568134689.8721635 1568134689.8746014 bigbrain_769_1206_694.nii 140599500928832
increment_file 1568134689.8748147 1568134808.776732 bigbrain_769_1206_694.nii 140599500928832
write_file 1568134808.7972763 1568134809.7297184 inc-bigbrain_769_1206_694.nii 140599500928832
task_duration 1568134689.868315 1568134809.7333837 1568134125-local_1it_96cpus_0delay_npc-0 140599500928832
read_file 1568134689.8721485 1568134689.8747463 bigbrain_1538_2412_2776.nii 140417956194112
increment_file 1568134689.874986 1568134808.7998035 bigbrain_1538_2412_2776.nii 140417956194112
write_file 1568134808.8195996 1568134809.6260662 inc-bigbrain_1538_2412_2776.nii 140417956194112
task_duration 1568134689.8684156 1568134809.629104 1568134125-local_1it_96cpus_0delay_npc-0 140417956194112
read_file 1568134689.8721313 1568134689.8755934 bigbrain_1538_603_1388.nii 140025570350912
increment_file 1568134689.8759482 1568134810.6528645 bigbrain_1538_603_1388.nii 140025570350912
write_file 1568134810.6729982 1568134812.0051212 inc-bigbrain_1538_603_1388.nii 140025570350912
task_duration 1568134689.8689039 1568134812.0179825 1568134125-local_1it_96cpus_0delay_npc-0 140025570350912
read_file 1568134689.9239783 1568134689.9255576 bigbrain_1538_2412_2082.nii 139779262752576
increment_file 1568134689.925817 1568134690.3709075 bigbrain_1538_2412_2082.nii 139779262752576
write_file 1568134690.382339 1568134690.8814573 inc-bigbrain_1538_2412_2082.nii 139779262752576
task_duration 1568134689.9221103 1568134690.883876 1568134125-local_1it_96cpus_0delay_npc-0 139779262752576
read_file 1568134689.9318142 1568134689.9328957 bigbrain_2307_2412_694.nii 140209607563072
increment_file 1568134689.9331317 1568134690.371997 bigbrain_2307_2412_694.nii 140209607563072
write_file 1568134690.3831637 1568134690.8808324 inc-bigbrain_2307_2412_694.nii 140209607563072
task_duration 1568134689.9286005 1568134690.8833332 1568134125-local_1it_96cpus_0delay_npc-0 140209607563072
read_file 1568134689.9630425 1568134689.9643607 bigbrain_1538_603_2082.nii 139886541408064
increment_file 1568134689.964589 1568134690.4120662 bigbrain_1538_603_2082.nii 139886541408064
write_file 1568134690.4237053 1568134690.9215786 inc-bigbrain_1538_603_2082.nii 139886541408064
task_duration 1568134689.9603899 1568134690.9240026 1568134125-local_1it_96cpus_0delay_npc-0 139886541408064
read_file 1568134689.972713 1568134689.973873 bigbrain_769_603_2082.nii 139708579845952
increment_file 1568134689.9740777 1568134690.4225776 bigbrain_769_603_2082.nii 139708579845952
write_file 1568134690.4338992 1568134690.9226096 inc-bigbrain_769_603_2082.nii 139708579845952
task_duration 1568134689.9710443 1568134690.9248784 1568134125-local_1it_96cpus_0delay_npc-0 139708579845952
read_file 1568134689.973568 1568134689.974731 bigbrain_2307_603_1388.nii 140300483389248
increment_file 1568134689.9749086 1568134690.4215136 bigbrain_2307_603_1388.nii 140300483389248
write_file 1568134690.4330323 1568134690.912043 inc-bigbrain_2307_603_1388.nii 140300483389248
task_duration 1568134689.9712975 1568134690.914461 1568134125-local_1it_96cpus_0delay_npc-0 140300483389248
read_file 1568134689.9412832 1568134689.9842186 bigbrain_2307_1206_0.nii 140569114040128
increment_file 1568134689.9845943 1568134810.4429028 bigbrain_2307_1206_0.nii 140569114040128
write_file 1568134810.4645398 1568134811.474075 inc-bigbrain_2307_1206_0.nii 140569114040128
task_duration 1568134689.9380755 1568134811.4800942 1568134125-local_1it_96cpus_0delay_npc-0 140569114040128
read_file 1568134689.965615 1568134689.9939566 bigbrain_3076_1809_0.nii 139863795689280
increment_file 1568134689.994204 1568134811.6564622 bigbrain_3076_1809_0.nii 139863795689280
write_file 1568134811.6838782 1568134815.0177565 inc-bigbrain_3076_1809_0.nii 139863795689280
task_duration 1568134689.96354 1568134815.0231009 1568134125-local_1it_96cpus_0delay_npc-0 139863795689280
read_file 1568134689.9262774 1568134689.9940016 bigbrain_2307_2412_2082.nii 140126959544128
increment_file 1568134689.9942305 1568134811.4601538 bigbrain_2307_2412_2082.nii 140126959544128
write_file 1568134811.4943244 1568134814.8414936 inc-bigbrain_2307_2412_2082.nii 140126959544128
task_duration 1568134689.923923 1568134814.8484306 1568134125-local_1it_96cpus_0delay_npc-0 140126959544128
read_file 1568134689.965339 1568134689.9940674 bigbrain_769_603_2776.nii 140387505407808
increment_file 1568134689.994308 1568134811.1366055 bigbrain_769_603_2776.nii 140387505407808
write_file 1568134811.155157 1568134813.9169528 inc-bigbrain_769_603_2776.nii 140387505407808
task_duration 1568134689.9632535 1568134813.9470124 1568134125-local_1it_96cpus_0delay_npc-0 140387505407808
read_file 1568134689.9302468 1568134689.9940734 bigbrain_3076_603_2776.nii 139640518739776
increment_file 1568134689.9943511 1568134811.142583 bigbrain_3076_603_2776.nii 139640518739776
write_file 1568134811.1626437 1568134814.1936579 inc-bigbrain_3076_603_2776.nii 139640518739776
task_duration 1568134689.9270368 1568134814.2162027 1568134125-local_1it_96cpus_0delay_npc-0 139640518739776
read_file 1568134689.9343169 1568134689.9940848 bigbrain_769_2412_2776.nii 139921140418368
increment_file 1568134689.9943833 1568134811.1460183 bigbrain_769_2412_2776.nii 139921140418368
write_file 1568134811.1640365 1568134814.0876896 inc-bigbrain_769_2412_2776.nii 139921140418368
task_duration 1568134689.932339 1568134814.1123233 1568134125-local_1it_96cpus_0delay_npc-0 139921140418368
read_file 1568134689.978074 1568134689.9940994 bigbrain_3076_0_1388.nii 140472169584448
increment_file 1568134689.9944003 1568134811.6870344 bigbrain_3076_0_1388.nii 140472169584448
write_file 1568134811.7160592 1568134814.1018322 inc-bigbrain_3076_0_1388.nii 140472169584448
task_duration 1568134689.9763994 1568134814.1266418 1568134125-local_1it_96cpus_0delay_npc-0 140472169584448
read_file 1568134689.9525745 1568134689.9941146 bigbrain_3076_603_2082.nii 140313260353344
increment_file 1568134689.994438 1568134811.43886 bigbrain_3076_603_2082.nii 140313260353344
write_file 1568134811.4575446 1568134814.7226155 inc-bigbrain_3076_603_2082.nii 140313260353344
task_duration 1568134689.9504638 1568134814.739656 1568134125-local_1it_96cpus_0delay_npc-0 140313260353344
read_file 1568134689.9325783 1568134689.9941332 bigbrain_1538_0_694.nii 140349942155072
increment_file 1568134689.9944518 1568134811.876033 bigbrain_1538_0_694.nii 140349942155072
write_file 1568134811.936867 1568134814.633028 inc-bigbrain_1538_0_694.nii 140349942155072
task_duration 1568134689.9303374 1568134814.652012 1568134125-local_1it_96cpus_0delay_npc-0 140349942155072
read_file 1568134689.9610648 1568134689.9942071 bigbrain_3076_1206_2082.nii 140165415065408
increment_file 1568134689.9944918 1568134811.4692698 bigbrain_3076_1206_2082.nii 140165415065408
write_file 1568134811.4935493 1568134814.7894344 inc-bigbrain_3076_1206_2082.nii 140165415065408
task_duration 1568134689.9577742 1568134814.806865 1568134125-local_1it_96cpus_0delay_npc-0 140165415065408
read_file 1568134689.9433517 1568134689.9942133 bigbrain_769_1809_694.nii 140365132142400
increment_file 1568134689.9945593 1568134811.1137006 bigbrain_769_1809_694.nii 140365132142400
write_file 1568134811.1360807 1568134814.2643468 inc-bigbrain_769_1809_694.nii 140365132142400
task_duration 1568134689.9413557 1568134814.2804995 1568134125-local_1it_96cpus_0delay_npc-0 140365132142400
read_file 1568134689.9622583 1568134689.9942794 bigbrain_3076_2412_1388.nii 140281055639360
increment_file 1568134689.9946187 1568134811.857216 bigbrain_3076_2412_1388.nii 140281055639360
write_file 1568134811.920165 1568134814.6998801 inc-bigbrain_3076_2412_1388.nii 140281055639360
task_duration 1568134689.9589756 1568134814.720876 1568134125-local_1it_96cpus_0delay_npc-0 140281055639360
read_file 1568134689.9687324 1568134689.9944549 bigbrain_769_2412_0.nii 140134637549376
increment_file 1568134689.9946992 1568134811.4446235 bigbrain_769_2412_0.nii 140134637549376
write_file 1568134811.477137 1568134814.894851 inc-bigbrain_769_2412_0.nii 140134637549376
task_duration 1568134689.9671044 1568134814.9007535 1568134125-local_1it_96cpus_0delay_npc-0 140134637549376
read_file 1568134689.9767308 1568134689.994528 bigbrain_3076_1809_1388.nii 140288115046208
increment_file 1568134689.9947832 1568134811.6952133 bigbrain_3076_1809_1388.nii 140288115046208
write_file 1568134811.747036 1568134815.0313022 inc-bigbrain_3076_1809_1388.nii 140288115046208
task_duration 1568134689.9743876 1568134815.0371795 1568134125-local_1it_96cpus_0delay_npc-0 140288115046208
read_file 1568134689.9607506 1568134689.994669 bigbrain_769_2412_2082.nii 140701831829312
increment_file 1568134689.9949389 1568134811.876263 bigbrain_769_2412_2082.nii 140701831829312
write_file 1568134811.93594 1568134815.0535748 inc-bigbrain_769_2412_2082.nii 140701831829312
task_duration 1568134689.9575021 1568134815.058217 1568134125-local_1it_96cpus_0delay_npc-0 140701831829312
read_file 1568134689.9307644 1568134689.9948173 bigbrain_1538_1206_2082.nii 140660086540096
increment_file 1568134689.9950545 1568134811.696694 bigbrain_1538_1206_2082.nii 140660086540096
write_file 1568134811.7339013 1568134815.0385785 inc-bigbrain_1538_1206_2082.nii 140660086540096
task_duration 1568134689.9272327 1568134815.044749 1568134125-local_1it_96cpus_0delay_npc-0 140660086540096
read_file 1568134689.9340756 1568134689.9949565 bigbrain_3076_1206_0.nii 140233489344320
increment_file 1568134689.9952924 1568134811.3930988 bigbrain_3076_1206_0.nii 140233489344320
write_file 1568134811.4190466 1568134814.7200966 inc-bigbrain_3076_1206_0.nii 140233489344320
task_duration 1568134689.9328456 1568134814.733026 1568134125-local_1it_96cpus_0delay_npc-0 140233489344320
read_file 1568134689.962503 1568134689.9949775 bigbrain_769_1809_1388.nii 139834695935808
increment_file 1568134689.995359 1568134811.6593611 bigbrain_769_1809_1388.nii 139834695935808
write_file 1568134811.7028 1568134813.8791313 inc-bigbrain_769_1809_1388.nii 139834695935808
task_duration 1568134689.959196 1568134813.9102206 1568134125-local_1it_96cpus_0delay_npc-0 139834695935808
read_file 1568134689.9722626 1568134689.995076 bigbrain_2307_603_0.nii 140235064268608
increment_file 1568134689.9953625 1568134811.6935184 bigbrain_2307_603_0.nii 140235064268608
write_file 1568134811.7237115 1568134814.0691082 inc-bigbrain_2307_603_0.nii 140235064268608
task_duration 1568134689.97076 1568134814.093043 1568134125-local_1it_96cpus_0delay_npc-0 140235064268608
read_file 1568134689.9457004 1568134689.9950857 bigbrain_769_1206_0.nii 140566112008000
increment_file 1568134689.995418 1568134811.70721 bigbrain_769_1206_0.nii 140566112008000
write_file 1568134811.7548544 1568134815.0281997 inc-bigbrain_769_1206_0.nii 140566112008000
task_duration 1568134689.943574 1568134815.0337794 1568134125-local_1it_96cpus_0delay_npc-0 140566112008000
read_file 1568134689.9266546 1568134689.9951549 bigbrain_769_0_2776.nii 140375114135360
increment_file 1568134689.9954526 1568134811.6756387 bigbrain_769_0_2776.nii 140375114135360
write_file 1568134811.720063 1568134815.0236733 inc-bigbrain_769_0_2776.nii 140375114135360
task_duration 1568134689.9241552 1568134815.029301 1568134125-local_1it_96cpus_0delay_npc-0 140375114135360
read_file 1568134689.958848 1568134689.995166 bigbrain_3076_1206_694.nii 139672750942016
increment_file 1568134689.9955697 1568134811.6455653 bigbrain_3076_1206_694.nii 139672750942016
write_file 1568134811.6658275 1568134814.5110757 inc-bigbrain_3076_1206_694.nii 139672750942016
task_duration 1568134689.9559498 1568134814.5289013 1568134125-local_1it_96cpus_0delay_npc-0 139672750942016
read_file 1568134689.97282 1568134689.995557 bigbrain_3076_2412_2082.nii 140004266825536
increment_file 1568134689.9958866 1568134812.02647 bigbrain_3076_2412_2082.nii 140004266825536
write_file 1568134812.0662014 1568134814.5071735 inc-bigbrain_3076_2412_2082.nii 140004266825536
task_duration 1568134689.9711792 1568134814.5238004 1568134125-local_1it_96cpus_0delay_npc-0 140004266825536
read_file 1568134689.976815 1568134689.9977267 bigbrain_769_603_1388.nii 140323866883904
increment_file 1568134689.9979062 1568134812.1552877 bigbrain_769_603_1388.nii 140323866883904
write_file 1568134812.2169108 1568134814.5976157 inc-bigbrain_769_603_1388.nii 140323866883904
task_duration 1568134689.9751337 1568134814.6143122 1568134125-local_1it_96cpus_0delay_npc-0 140323866883904
read_file 1568134689.958793 1568134689.9979053 bigbrain_3076_1206_2776.nii 140446476527424
increment_file 1568134689.9981048 1568134812.0429213 bigbrain_3076_1206_2776.nii 140446476527424
write_file 1568134812.127558 1568134815.0163972 inc-bigbrain_3076_1206_2776.nii 140446476527424
task_duration 1568134689.9559002 1568134815.021999 1568134125-local_1it_96cpus_0delay_npc-0 140446476527424
read_file 1568134689.950181 1568134689.9981647 bigbrain_3076_1809_2776.nii 139656181561152
increment_file 1568134689.9983816 1568134812.0554593 bigbrain_3076_1809_2776.nii 139656181561152
write_file 1568134812.1357768 1568134814.5818408 inc-bigbrain_3076_1809_2776.nii 139656181561152
task_duration 1568134689.9468975 1568134814.6049323 1568134125-local_1it_96cpus_0delay_npc-0 139656181561152
read_file 1568134689.9335258 1568134689.9983535 bigbrain_1538_603_0.nii 140032074524480
increment_file 1568134689.998599 1568134811.8932705 bigbrain_1538_603_0.nii 140032074524480
write_file 1568134811.9235425 1568134814.294857 inc-bigbrain_1538_603_0.nii 140032074524480
task_duration 1568134689.9318311 1568134814.3084424 1568134125-local_1it_96cpus_0delay_npc-0 140032074524480
read_file 1568134689.9234033 1568134689.9984038 bigbrain_3076_0_2082.nii 139836277118784
increment_file 1568134689.998643 1568134812.162105 bigbrain_3076_0_2082.nii 139836277118784
write_file 1568134812.2549953 1568134815.066015 inc-bigbrain_3076_0_2082.nii 139836277118784
task_duration 1568134689.9204223 1568134815.0708408 1568134125-local_1it_96cpus_0delay_npc-0 139836277118784
read_file 1568134689.9568973 1568134689.99843 bigbrain_769_603_0.nii 140236143556416
increment_file 1568134689.9986534 1568134811.8900192 bigbrain_769_603_0.nii 140236143556416
write_file 1568134811.9195468 1568134814.1056004 inc-bigbrain_769_603_0.nii 140236143556416
task_duration 1568134689.9544055 1568134814.1270032 1568134125-local_1it_96cpus_0delay_npc-0 140236143556416
read_file 1568134689.939568 1568134689.9984584 bigbrain_2307_1206_694.nii 140310358984512
increment_file 1568134689.998737 1568134812.0383193 bigbrain_2307_1206_694.nii 140310358984512
write_file 1568134812.0740616 1568134814.4274163 inc-bigbrain_2307_1206_694.nii 140310358984512
task_duration 1568134689.9362998 1568134814.4405837 1568134125-local_1it_96cpus_0delay_npc-0 140310358984512
read_file 1568134689.9224985 1568134689.998857 bigbrain_769_1206_2082.nii 139978414278464
increment_file 1568134689.9991972 1568134812.0371702 bigbrain_769_1206_2082.nii 139978414278464
write_file 1568134812.120018 1568134815.0685217 inc-bigbrain_769_1206_2082.nii 139978414278464
task_duration 1568134689.9207907 1568134815.0730522 1568134125-local_1it_96cpus_0delay_npc-0 139978414278464
read_file 1568134689.9898696 1568134690.0107641 bigbrain_2307_603_2082.nii 140430884222784
increment_file 1568134690.0110393 1568134812.20741 bigbrain_2307_603_2082.nii 140430884222784
write_file 1568134812.2858963 1568134815.042227 inc-bigbrain_2307_603_2082.nii 140430884222784
task_duration 1568134689.986929 1568134815.0467277 1568134125-local_1it_96cpus_0delay_npc-0 140430884222784
read_file 1568134689.9757066 1568134690.0110261 bigbrain_2307_1809_1388.nii 140076742367040
increment_file 1568134690.0112638 1568134812.1888754 bigbrain_2307_1809_1388.nii 140076742367040
write_file 1568134812.2456515 1568134814.5525987 inc-bigbrain_2307_1809_1388.nii 140076742367040
task_duration 1568134689.9735255 1568134814.5794818 1568134125-local_1it_96cpus_0delay_npc-0 140076742367040
read_file 1568134689.9772708 1568134690.0110347 bigbrain_1538_1809_1388.nii 140645340886848
increment_file 1568134690.0113668 1568134812.0576065 bigbrain_1538_1809_1388.nii 140645340886848
write_file 1568134812.0953906 1568134814.441796 inc-bigbrain_1538_1809_1388.nii 140645340886848
task_duration 1568134689.9757977 1568134814.4603868 1568134125-local_1it_96cpus_0delay_npc-0 140645340886848
read_file 1568134689.9768543 1568134690.0110455 bigbrain_1538_1206_694.nii 140401399883584
increment_file 1568134690.0113378 1568134812.1663926 bigbrain_1538_1206_694.nii 140401399883584
write_file 1568134812.2714977 1568134815.0853887 inc-bigbrain_1538_1206_694.nii 140401399883584
task_duration 1568134689.9755929 1568134815.088971 1568134125-local_1it_96cpus_0delay_npc-0 140401399883584
read_file 1568134689.98876 1568134690.0111318 bigbrain_3076_2412_0.nii 140673992103744
increment_file 1568134690.0114622 1568134812.1777558 bigbrain_3076_2412_0.nii 140673992103744
write_file 1568134812.2788236 1568134815.1142006 inc-bigbrain_3076_2412_0.nii 140673992103744
task_duration 1568134689.9857793 1568134815.11754 1568134125-local_1it_96cpus_0delay_npc-0 140673992103744
read_file 1568134689.9873602 1568134690.011236 bigbrain_2307_1809_694.nii 140633749063488
increment_file 1568134690.0115106 1568134812.0615819 bigbrain_2307_1809_694.nii 140633749063488
write_file 1568134812.0988238 1568134814.3699021 inc-bigbrain_2307_1809_694.nii 140633749063488
task_duration 1568134689.984919 1568134814.3844903 1568134125-local_1it_96cpus_0delay_npc-0 140633749063488
read_file 1568134689.9590065 1568134690.0113857 bigbrain_2307_603_2776.nii 139996957910848
increment_file 1568134690.0116963 1568134812.1796231 bigbrain_2307_603_2776.nii 139996957910848
write_file 1568134812.242025 1568134814.6446671 inc-bigbrain_2307_603_2776.nii 139996957910848
task_duration 1568134689.9560463 1568134814.6644926 1568134125-local_1it_96cpus_0delay_npc-0 139996957910848
read_file 1568134689.9352455 1568134690.0117853 bigbrain_2307_1809_2082.nii 140654700570432
increment_file 1568134690.0121472 1568134812.1691754 bigbrain_2307_1809_2082.nii 140654700570432
write_file 1568134812.2657592 1568134814.5659292 inc-bigbrain_2307_1809_2082.nii 140654700570432
task_duration 1568134689.9330542 1568134814.5938032 1568134125-local_1it_96cpus_0delay_npc-0 140654700570432
read_file 1568134689.9239988 1568134690.011864 bigbrain_2307_1809_2776.nii 140361226700608
increment_file 1568134690.012241 1568134812.1722407 bigbrain_2307_1809_2776.nii 140361226700608
write_file 1568134812.225098 1568134814.5451746 inc-bigbrain_2307_1809_2776.nii 140361226700608
task_duration 1568134689.9221003 1568134814.566182 1568134125-local_1it_96cpus_0delay_npc-0 140361226700608
read_file 1568134689.9859152 1568134690.0122063 bigbrain_3076_603_1388.nii 140528881239872
increment_file 1568134690.012386 1568134812.3219576 bigbrain_3076_603_1388.nii 140528881239872
write_file 1568134812.416548 1568134815.0128732 inc-bigbrain_3076_603_1388.nii 140528881239872
task_duration 1568134689.9836977 1568134815.0199947 1568134125-local_1it_96cpus_0delay_npc-0 140528881239872
read_file 1568134689.9744136 1568134690.012601 bigbrain_3076_0_0.nii 140111547103040
increment_file 1568134690.0128224 1568134812.426412 bigbrain_3076_0_0.nii 140111547103040
write_file 1568134812.5100532 1568134815.1523302 inc-bigbrain_3076_0_0.nii 140111547103040
task_duration 1568134689.971661 1568134815.1550543 1568134125-local_1it_96cpus_0delay_npc-0 140111547103040
read_file 1568134689.9641109 1568134690.0126874 bigbrain_769_0_694.nii 140546306840384
increment_file 1568134690.0129566 1568134812.3033297 bigbrain_769_0_694.nii 140546306840384
write_file 1568134812.3666465 1568134814.6326182 inc-bigbrain_769_0_694.nii 140546306840384
task_duration 1568134689.962292 1568134814.6499321 1568134125-local_1it_96cpus_0delay_npc-0 140546306840384
read_file 1568134689.927903 1568134690.012708 bigbrain_1538_1809_0.nii 139662185043776
increment_file 1568134690.0130177 1568134810.7680886 bigbrain_1538_1809_0.nii 139662185043776
write_file 1568134810.787208 1568134812.5674877 inc-bigbrain_1538_1809_0.nii 139662185043776
task_duration 1568134689.925214 1568134812.5931444 1568134125-local_1it_96cpus_0delay_npc-0 139662185043776
read_file 1568134689.9214094 1568134690.0129237 bigbrain_1538_0_2776.nii 139952680716096
increment_file 1568134690.0131724 1568134812.3084774 bigbrain_1538_0_2776.nii 139952680716096
write_file 1568134812.3948803 1568134815.128879 inc-bigbrain_1538_0_2776.nii 139952680716096
task_duration 1568134689.919234 1568134815.1318028 1568134125-local_1it_96cpus_0delay_npc-0 139952680716096
read_file 1568134689.9842308 1568134690.0129206 bigbrain_3076_1809_2082.nii 139978706380608
increment_file 1568134690.0133374 1568134812.3902416 bigbrain_3076_1809_2082.nii 139978706380608
write_file 1568134812.4572573 1568134814.7031822 inc-bigbrain_3076_1809_2082.nii 139978706380608
task_duration 1568134689.982214 1568134814.7219286 1568134125-local_1it_96cpus_0delay_npc-0 139978706380608
read_file 1568134689.977625 1568134690.0131185 bigbrain_1538_1206_2776.nii 140246424520512
increment_file 1568134690.0134535 1568134812.3897386 bigbrain_1538_1206_2776.nii 140246424520512
write_file 1568134812.44732 1568134814.6984622 inc-bigbrain_1538_1206_2776.nii 140246424520512
task_duration 1568134689.975042 1568134814.7226658 1568134125-local_1it_96cpus_0delay_npc-0 140246424520512
read_file 1568134689.9733162 1568134690.0132291 bigbrain_1538_603_2776.nii 140459389536064
increment_file 1568134690.0135415 1568134812.3445745 bigbrain_1538_603_2776.nii 140459389536064
write_file 1568134812.4072783 1568134814.577639 inc-bigbrain_1538_603_2776.nii 140459389536064
task_duration 1568134689.9689713 1568134814.600253 1568134125-local_1it_96cpus_0delay_npc-0 140459389536064
read_file 1568134689.9677885 1568134690.0132303 bigbrain_769_0_0.nii 140625515272000
increment_file 1568134690.013628 1568134812.4054878 bigbrain_769_0_0.nii 140625515272000
write_file 1568134812.4713087 1568134814.6151195 inc-bigbrain_769_0_0.nii 140625515272000
task_duration 1568134689.9649708 1568134814.6280303 1568134125-local_1it_96cpus_0delay_npc-0 140625515272000
read_file 1568134689.9662693 1568134690.0133877 bigbrain_3076_1206_1388.nii 140120819320640
increment_file 1568134690.013723 1568134812.3298094 bigbrain_3076_1206_1388.nii 140120819320640
write_file 1568134812.3869193 1568134814.671216 inc-bigbrain_3076_1206_1388.nii 140120819320640
task_duration 1568134689.963767 1568134814.6866617 1568134125-local_1it_96cpus_0delay_npc-0 140120819320640
read_file 1568134689.9614584 1568134690.0327086 bigbrain_3076_2412_694.nii 140542301919040
increment_file 1568134690.0331283 1568134810.7783816 bigbrain_3076_2412_694.nii 140542301919040
write_file 1568134810.7977605 1568134812.687486 inc-bigbrain_3076_2412_694.nii 140542301919040
task_duration 1568134689.9582667 1568134812.7041004 1568134125-local_1it_96cpus_0delay_npc-0 140542301919040
read_file 1568134689.9541192 1568134690.0327876 bigbrain_769_1206_1388.nii 140701190772544
increment_file 1568134690.033214 1568134810.769787 bigbrain_769_1206_1388.nii 140701190772544
write_file 1568134810.7876475 1568134812.6484907 inc-bigbrain_769_1206_1388.nii 140701190772544
task_duration 1568134689.9519875 1568134812.6731641 1568134125-local_1it_96cpus_0delay_npc-0 140701190772544
read_file 1568134689.9944994 1568134690.0381947 bigbrain_769_0_1388.nii 140614599124800
increment_file 1568134690.0383997 1568134811.101715 bigbrain_769_0_1388.nii 140614599124800
write_file 1568134811.121971 1568134813.9167786 inc-bigbrain_769_0_1388.nii 140614599124800
task_duration 1568134689.99284 1568134813.9429955 1568134125-local_1it_96cpus_0delay_npc-0 140614599124800
read_file 1568134689.9626102 1568134690.0393405 bigbrain_2307_0_1388.nii 139681218737984
increment_file 1568134690.039705 1568134811.0924978 bigbrain_2307_0_1388.nii 139681218737984
write_file 1568134811.112537 1568134814.1874225 inc-bigbrain_2307_0_1388.nii 139681218737984
task_duration 1568134689.9593813 1568134814.2067907 1568134125-local_1it_96cpus_0delay_npc-0 139681218737984
read_file 1568134689.993729 1568134690.0393803 bigbrain_3076_2412_2776.nii 140366536189760
increment_file 1568134690.0397654 1568134811.38662 bigbrain_3076_2412_2776.nii 140366536189760
write_file 1568134811.407847 1568134813.108933 inc-bigbrain_3076_2412_2776.nii 140366536189760
task_duration 1568134689.9906409 1568134813.1380088 1568134125-local_1it_96cpus_0delay_npc-0 140366536189760
read_file 1568134689.96968 1568134690.0394156 bigbrain_3076_0_694.nii 140402454779712
increment_file 1568134690.039835 1568134811.3750367 bigbrain_3076_0_694.nii 140402454779712
write_file 1568134811.3937004 1568134814.8576334 inc-bigbrain_3076_0_694.nii 140402454779712
task_duration 1568134689.9665236 1568134814.8657048 1568134125-local_1it_96cpus_0delay_npc-0 140402454779712
read_file 1568134689.9848733 1568134690.0470448 bigbrain_2307_2412_0.nii 140101821990720
increment_file 1568134690.0474157 1568134811.3951964 bigbrain_2307_2412_0.nii 140101821990720
write_file 1568134811.4199173 1568134814.7600286 inc-bigbrain_2307_2412_0.nii 140101821990720
task_duration 1568134689.9837193 1568134814.7714398 1568134125-local_1it_96cpus_0delay_npc-0 140101821990720
read_file 1568134689.9815617 1568134690.0470822 bigbrain_2307_1206_2082.nii 139712633272128
increment_file 1568134690.0474784 1568134811.3871875 bigbrain_2307_1206_2082.nii 139712633272128
write_file 1568134811.4091477 1568134814.6646001 inc-bigbrain_2307_1206_2082.nii 139712633272128
task_duration 1568134689.978396 1568134814.6840606 1568134125-local_1it_96cpus_0delay_npc-0 139712633272128
read_file 1568134689.983948 1568134690.0471315 bigbrain_1538_2412_0.nii 140466331141952
increment_file 1568134690.0475357 1568134811.377735 bigbrain_1538_2412_0.nii 140466331141952
write_file 1568134811.397392 1568134814.7976859 inc-bigbrain_1538_2412_0.nii 140466331141952
task_duration 1568134689.9798496 1568134814.8118813 1568134125-local_1it_96cpus_0delay_npc-0 140466331141952
read_file 1568134689.9936073 1568134690.0540917 bigbrain_2307_1809_0.nii 140323357570880
increment_file 1568134690.0543325 1568134811.404864 bigbrain_2307_1809_0.nii 140323357570880
write_file 1568134811.430632 1568134814.6885712 inc-bigbrain_2307_1809_0.nii 140323357570880
task_duration 1568134689.990361 1568134814.7046077 1568134125-local_1it_96cpus_0delay_npc-0 140323357570880
read_file 1568134689.9757965 1568134690.0544808 bigbrain_2307_2412_1388.nii 139987674810176
increment_file 1568134690.054778 1568134811.4051363 bigbrain_2307_2412_1388.nii 139987674810176
write_file 1568134811.428344 1568134813.2488756 inc-bigbrain_2307_2412_1388.nii 139987674810176
task_duration 1568134689.973572 1568134813.2697582 1568134125-local_1it_96cpus_0delay_npc-0 139987674810176
read_file 1568134689.9745429 1568134690.0548277 bigbrain_1538_1809_694.nii 139688068265792
increment_file 1568134690.055175 1568134811.3946059 bigbrain_1538_1809_694.nii 139688068265792
write_file 1568134811.427709 1568134813.9004464 inc-bigbrain_1538_1809_694.nii 139688068265792
task_duration 1568134689.97265 1568134813.9260726 1568134125-local_1it_96cpus_0delay_npc-0 139688068265792
read_file 1568134689.9866607 1568134690.07515 bigbrain_769_2412_694.nii 139715463853888
increment_file 1568134690.075569 1568134811.6439204 bigbrain_769_2412_694.nii 139715463853888
write_file 1568134811.6912754 1568134814.9451728 inc-bigbrain_769_2412_694.nii 139715463853888
task_duration 1568134689.9851997 1568134814.9510124 1568134125-local_1it_96cpus_0delay_npc-0 139715463853888
read_file 1568134689.9859982 1568134690.084357 bigbrain_2307_2412_2776.nii 140612812871488
increment_file 1568134690.0848167 1568134811.858308 bigbrain_2307_2412_2776.nii 140612812871488
write_file 1568134811.9184747 1568134814.9735084 inc-bigbrain_2307_2412_2776.nii 140612812871488
task_duration 1568134689.9836884 1568134814.9801397 1568134125-local_1it_96cpus_0delay_npc-0 140612812871488
read_file 1568134689.9849796 1568134690.0927598 bigbrain_3076_0_2776.nii 139905820415808
increment_file 1568134690.0930715 1568134811.66717 bigbrain_3076_0_2776.nii 139905820415808
write_file 1568134811.70309 1568134814.3969576 inc-bigbrain_3076_0_2776.nii 139905820415808
task_duration 1568134689.9829578 1568134814.4124389 1568134125-local_1it_96cpus_0delay_npc-0 139905820415808
read_file 1568134689.9770498 1568134690.0933666 bigbrain_1538_1809_2082.nii 140246173022016
increment_file 1568134690.093738 1568134811.6656287 bigbrain_1538_1809_2082.nii 140246173022016
write_file 1568134811.7053335 1568134814.9038236 inc-bigbrain_1538_1809_2082.nii 140246173022016
task_duration 1568134689.975833 1568134814.9101617 1568134125-local_1it_96cpus_0delay_npc-0 140246173022016
read_file 1568134689.9846292 1568134690.103668 bigbrain_1538_603_694.nii 140036550326080
increment_file 1568134690.104094 1568134811.677376 bigbrain_1538_603_694.nii 140036550326080
write_file 1568134811.7325642 1568134814.552156 inc-bigbrain_1538_603_694.nii 140036550326080
task_duration 1568134689.9828188 1568134814.5777085 1568134125-local_1it_96cpus_0delay_npc-0 140036550326080
read_file 1568134689.9902267 1568134690.1128843 bigbrain_2307_603_694.nii 139627613329216
increment_file 1568134690.113321 1568134811.6819105 bigbrain_2307_603_694.nii 139627613329216
write_file 1568134811.7122989 1568134814.0054433 inc-bigbrain_2307_603_694.nii 139627613329216
task_duration 1568134689.987134 1568134814.0225394 1568134125-local_1it_96cpus_0delay_npc-0 139627613329216
read_file 1568134689.988029 1568134690.1331422 bigbrain_2307_0_2776.nii 140484543940416
increment_file 1568134690.1335363 1568134812.017928 bigbrain_2307_0_2776.nii 140484543940416
write_file 1568134812.0552745 1568134814.336975 inc-bigbrain_2307_0_2776.nii 140484543940416
task_duration 1568134689.986638 1568134814.3535519 1568134125-local_1it_96cpus_0delay_npc-0 140484543940416
read_file 1568134689.9851873 1568134690.1524458 bigbrain_3076_1809_694.nii 140389255624512
increment_file 1568134690.1528845 1568134811.8638802 bigbrain_3076_1809_694.nii 140389255624512
write_file 1568134811.893896 1568134815.0407434 inc-bigbrain_3076_1809_694.nii 140389255624512
task_duration 1568134689.9832299 1568134815.0460656 1568134125-local_1it_96cpus_0delay_npc-0 140389255624512
read_file 1568134689.9852135 1568134690.1526372 bigbrain_2307_0_2082.nii 140345416468288
increment_file 1568134690.153072 1568134811.8766482 bigbrain_2307_0_2082.nii 140345416468288
write_file 1568134811.9408991 1568134815.0137537 inc-bigbrain_2307_0_2082.nii 140345416468288
task_duration 1568134689.983144 1568134815.0202866 1568134125-local_1it_96cpus_0delay_npc-0 140345416468288
read_file 1568134689.9936063 1568134690.1725085 bigbrain_3076_603_694.nii 140460974077760
increment_file 1568134690.1729274 1568134812.022273 bigbrain_3076_603_694.nii 140460974077760
write_file 1568134812.1026053 1568134814.5946643 inc-bigbrain_3076_603_694.nii 140460974077760
task_duration 1568134689.9904113 1568134814.6119118 1568134125-local_1it_96cpus_0delay_npc-0 140460974077760
read_file 1568134689.9927263 1568134690.203086 bigbrain_769_2412_1388.nii 139908488603456
increment_file 1568134690.2034957 1568134812.151971 bigbrain_769_2412_1388.nii 139908488603456
write_file 1568134812.2214413 1568134814.6442297 inc-bigbrain_769_2412_1388.nii 139908488603456
task_duration 1568134689.9895227 1568134814.664142 1568134125-local_1it_96cpus_0delay_npc-0 139908488603456
read_file 1568134689.9433024 1568134690.3007526 bigbrain_3076_603_0.nii 140210897913664
increment_file 1568134690.3011885 1568134812.3904762 bigbrain_3076_603_0.nii 140210897913664
write_file 1568134812.4718282 1568134815.1125054 inc-bigbrain_3076_603_0.nii 140210897913664
task_duration 1568134689.9415946 1568134815.1157408 1568134125-local_1it_96cpus_0delay_npc-0 140210897913664
read_file 1568134689.9868748 1568134690.3067055 bigbrain_769_1809_0.nii 139933384529728
increment_file 1568134690.3070776 1568134811.072934 bigbrain_769_1809_0.nii 139933384529728
write_file 1568134811.092629 1568134813.4967575 inc-bigbrain_769_1809_0.nii 139933384529728
task_duration 1568134689.984796 1568134813.5260065 1568134125-local_1it_96cpus_0delay_npc-0 139933384529728
read_file 1568134689.9835362 1568134690.3072333 bigbrain_1538_2412_1388.nii 140536747382592
increment_file 1568134690.3075807 1568134811.08381 bigbrain_1538_2412_1388.nii 140536747382592
write_file 1568134811.1026382 1568134814.167406 inc-bigbrain_1538_2412_1388.nii 140536747382592
task_duration 1568134689.9818623 1568134814.179466 1568134125-local_1it_96cpus_0delay_npc-0 140536747382592
read_file 1568134689.9883542 1568134690.3072395 bigbrain_2307_0_694.nii 139930100590400
increment_file 1568134690.3076704 1568134811.374659 bigbrain_2307_0_694.nii 139930100590400
write_file 1568134811.3961442 1568134814.7014546 inc-bigbrain_2307_0_694.nii 139930100590400
task_duration 1568134689.9862504 1568134814.7232504 1568134125-local_1it_96cpus_0delay_npc-0 139930100590400
read_file 1568134689.9885757 1568134690.3075216 bigbrain_2307_0_0.nii 140390448367424
increment_file 1568134690.307899 1568134811.0721507 bigbrain_2307_0_0.nii 140390448367424
write_file 1568134811.0926518 1568134814.0857904 inc-bigbrain_2307_0_0.nii 140390448367424
task_duration 1568134689.9857543 1568134814.1027315 1568134125-local_1it_96cpus_0delay_npc-0 140390448367424
read_file 1568134689.9779308 1568134690.3157935 bigbrain_769_1809_2776.nii 139908898940736
increment_file 1568134690.3161836 1568134811.0835981 bigbrain_769_1809_2776.nii 139908898940736
write_file 1568134811.1025808 1568134814.106598 inc-bigbrain_769_1809_2776.nii 139908898940736
task_duration 1568134689.9749117 1568134814.1296287 1568134125-local_1it_96cpus_0delay_npc-0 139908898940736
read_file 1568134689.9779832 1568134690.3157997 bigbrain_769_0_2082.nii 139703302428480
increment_file 1568134690.3162413 1568134811.0834231 bigbrain_769_0_2082.nii 139703302428480
write_file 1568134811.1026142 1568134814.0911572 inc-bigbrain_769_0_2082.nii 139703302428480
task_duration 1568134689.9765775 1568134814.1157804 1568134125-local_1it_96cpus_0delay_npc-0 139703302428480
read_file 1568134689.9634159 1568134690.4526176 bigbrain_2307_1206_1388.nii 139729466918720
increment_file 1568134690.4530344 1568134812.5263243 bigbrain_2307_1206_1388.nii 139729466918720
write_file 1568134812.5702782 1568134814.6441948 inc-bigbrain_2307_1206_1388.nii 139729466918720
task_duration 1568134689.960446 1568134814.662981 1568134125-local_1it_96cpus_0delay_npc-0 139729466918720
read_file 1568134689.9819846 1568134690.452634 bigbrain_769_1206_2776.nii 140170375444288
increment_file 1568134690.4530935 1568134812.5242898 bigbrain_769_1206_2776.nii 140170375444288
write_file 1568134812.5629618 1568134814.7242832 inc-bigbrain_769_1206_2776.nii 140170375444288
task_duration 1568134689.9800396 1568134814.7334294 1568134125-local_1it_96cpus_0delay_npc-0 140170375444288
read_file 1568134689.9769702 1568134690.5252676 bigbrain_1538_1206_0.nii 140366042400576
increment_file 1568134690.5256584 1568134812.676122 bigbrain_1538_1206_0.nii 140366042400576
write_file 1568134812.732316 1568134815.1761408 inc-bigbrain_1538_1206_0.nii 140366042400576
task_duration 1568134689.9749217 1568134815.1788042 1568134125-local_1it_96cpus_0delay_npc-0 140366042400576
read_file 1568134689.9769711 1568134690.5337884 bigbrain_1538_1206_1388.nii 140089898297152
increment_file 1568134690.534159 1568134812.9988132 bigbrain_1538_1206_1388.nii 140089898297152
write_file 1568134813.0493457 1568134814.7784407 inc-bigbrain_1538_1206_1388.nii 140089898297152
task_duration 1568134689.974476 1568134814.7868052 1568134125-local_1it_96cpus_0delay_npc-0 140089898297152
read_file 1568134689.9810336 1568134690.5338385 bigbrain_1538_1809_2776.nii 139946467428160
increment_file 1568134690.5342543 1568134812.7816541 bigbrain_1538_1809_2776.nii 139946467428160
write_file 1568134812.8149006 1568134814.7194235 inc-bigbrain_1538_1809_2776.nii 139946467428160
task_duration 1568134689.9790962 1568134814.7302227 1568134125-local_1it_96cpus_0delay_npc-0 139946467428160
read_file 1568134692.0798924 1568134692.6022155 bigbrain_769_603_694.nii 140676665407296
increment_file 1568134692.602628 1568134812.4671783 bigbrain_769_603_694.nii 140676665407296
write_file 1568134812.546091 1568134815.15562 inc-bigbrain_769_603_694.nii 140676665407296
task_duration 1568134692.0781207 1568134815.1592405 1568134125-local_1it_96cpus_0delay_npc-0 140676665407296
