read_file 1568136554.9584746 1568136554.9599116 bigbrain_769_603_694.nii 140585784039232
increment_file 1568136554.9601529 1568136555.8320577 bigbrain_769_603_694.nii 140585784039232
write_file 1568136555.853076 1568136556.3330941 inc-bigbrain_769_603_694.nii 140585784039232
task_duration 1568136554.957117 1568136556.3364725 1568135984-tmpfs_1it_96cpus_0delay_npc-0 140585784039232
read_file 1568136550.7766817 1568136550.7820854 bigbrain_769_603_2776.nii 140583846836032
increment_file 1568136550.7962422 1568136553.5873408 bigbrain_769_603_2776.nii 140583846836032
write_file 1568136553.6388109 1568136555.0867977 inc-bigbrain_769_603_2776.nii 140583846836032
task_duration 1568136550.7711306 1568136555.090156 1568135984-tmpfs_1it_96cpus_0delay_npc-0 140583846836032
read_file 1568136550.7471473 1568136550.7553692 bigbrain_3076_603_2776.nii 140598757726016
increment_file 1568136550.7709768 1568136553.741099 bigbrain_3076_603_2776.nii 140598757726016
write_file 1568136553.8085532 1568136555.114652 inc-bigbrain_3076_603_2776.nii 140598757726016
task_duration 1568136550.727694 1568136555.1184125 1568135984-tmpfs_1it_96cpus_0delay_npc-0 140598757726016
read_file 1568136550.7372706 1568136550.7482142 bigbrain_769_2412_2776.nii 140033591002944
increment_file 1568136550.7499268 1568136555.5482078 bigbrain_769_2412_2776.nii 140033591002944
write_file 1568136555.5962412 1568136557.954068 inc-bigbrain_769_2412_2776.nii 140033591002944
task_duration 1568136550.7265232 1568136557.9594517 1568135984-tmpfs_1it_96cpus_0delay_npc-0 140033591002944
read_file 1568136550.7412736 1568136550.7448776 bigbrain_769_1809_2082.nii 139984996415296
increment_file 1568136550.7455692 1568136555.3951943 bigbrain_769_1809_2082.nii 139984996415296
write_file 1568136555.441791 1568136557.8904934 inc-bigbrain_769_1809_2082.nii 139984996415296
task_duration 1568136550.7387435 1568136557.8989608 1568135984-tmpfs_1it_96cpus_0delay_npc-0 139984996415296
read_file 1568136550.71584 1568136550.724778 bigbrain_769_603_2082.nii 140406316185408
increment_file 1568136550.7260845 1568136555.4106407 bigbrain_769_603_2082.nii 140406316185408
write_file 1568136555.4544082 1568136557.8548226 inc-bigbrain_769_603_2082.nii 140406316185408
task_duration 1568136550.707795 1568136557.8619184 1568135984-tmpfs_1it_96cpus_0delay_npc-0 140406316185408
read_file 1568136550.711 1568136550.7230148 bigbrain_769_2412_694.nii 139623174276928
increment_file 1568136550.7246318 1568136555.5218823 bigbrain_769_2412_694.nii 139623174276928
write_file 1568136555.563569 1568136557.148139 inc-bigbrain_769_2412_694.nii 139623174276928
task_duration 1568136550.701035 1568136557.1577966 1568135984-tmpfs_1it_96cpus_0delay_npc-0 139623174276928
read_file 1568136550.671953 1568136550.6954794 bigbrain_769_2412_1388.nii 140372399724352
increment_file 1568136550.696911 1568136555.4765866 bigbrain_769_2412_1388.nii 140372399724352
write_file 1568136555.5177448 1568136557.1514564 inc-bigbrain_769_2412_1388.nii 140372399724352
task_duration 1568136550.6667776 1568136557.159609 1568135984-tmpfs_1it_96cpus_0delay_npc-0 140372399724352
read_file 1568136550.6358798 1568136550.6470265 bigbrain_769_0_2082.nii 139689244727104
increment_file 1568136550.6482549 1568136555.3403192 bigbrain_769_0_2082.nii 139689244727104
write_file 1568136555.3845544 1568136557.8819017 inc-bigbrain_769_0_2082.nii 139689244727104
task_duration 1568136550.6281521 1568136557.8892996 1568135984-tmpfs_1it_96cpus_0delay_npc-0 139689244727104
read_file 1568136550.6165032 1568136550.6241672 bigbrain_769_2412_2082.nii 140434949400384
increment_file 1568136550.625299 1568136554.9764822 bigbrain_769_2412_2082.nii 140434949400384
write_file 1568136555.005576 1568136555.7679317 inc-bigbrain_769_2412_2082.nii 140434949400384
task_duration 1568136550.611726 1568136555.7770736 1568135984-tmpfs_1it_96cpus_0delay_npc-0 140434949400384
read_file 1568136550.5968876 1568136550.6071358 bigbrain_769_0_694.nii 140630665176896
increment_file 1568136550.6089354 1568136553.4133072 bigbrain_769_0_694.nii 140630665176896
write_file 1568136553.4719694 1568136555.0073986 inc-bigbrain_769_0_694.nii 140630665176896
task_duration 1568136550.587618 1568136555.0114722 1568135984-tmpfs_1it_96cpus_0delay_npc-0 140630665176896
read_file 1568136550.5578475 1568136550.5626824 bigbrain_769_603_0.nii 139756335535936
increment_file 1568136550.5633097 1568136555.3846292 bigbrain_769_603_0.nii 139756335535936
write_file 1568136555.4266653 1568136557.8358448 inc-bigbrain_769_603_0.nii 139756335535936
task_duration 1568136550.554287 1568136557.8434029 1568135984-tmpfs_1it_96cpus_0delay_npc-0 139756335535936
read_file 1568136550.5563157 1568136550.561107 bigbrain_769_0_2776.nii 139902451586880
increment_file 1568136550.561725 1568136553.35926 bigbrain_769_0_2776.nii 139902451586880
write_file 1568136553.4065237 1568136555.0113976 inc-bigbrain_769_0_2776.nii 139902451586880
task_duration 1568136550.551538 1568136555.0160358 1568135984-tmpfs_1it_96cpus_0delay_npc-0 139902451586880
read_file 1568136550.55636 1568136550.5605857 bigbrain_769_1809_1388.nii 140373904717632
increment_file 1568136550.5611393 1568136555.087365 bigbrain_769_1809_1388.nii 140373904717632
write_file 1568136555.115005 1568136555.9676063 inc-bigbrain_769_1809_1388.nii 140373904717632
task_duration 1568136550.5522797 1568136555.9767559 1568135984-tmpfs_1it_96cpus_0delay_npc-0 140373904717632
read_file 1568136550.5475435 1568136550.558203 bigbrain_769_1809_0.nii 139761869227840
increment_file 1568136550.5597894 1568136555.3896785 bigbrain_769_1809_0.nii 139761869227840
write_file 1568136555.4105074 1568136557.8382654 inc-bigbrain_769_1809_0.nii 139761869227840
task_duration 1568136550.5388913 1568136557.8475533 1568135984-tmpfs_1it_96cpus_0delay_npc-0 139761869227840
read_file 1568136550.525228 1568136550.5307097 bigbrain_769_603_1388.nii 139694338373440
increment_file 1568136550.5314252 1568136553.4469824 bigbrain_769_603_1388.nii 139694338373440
write_file 1568136553.507698 1568136555.0468757 inc-bigbrain_769_603_1388.nii 139694338373440
task_duration 1568136550.519435 1568136555.0512874 1568135984-tmpfs_1it_96cpus_0delay_npc-0 139694338373440
read_file 1568136550.5243442 1568136550.529095 bigbrain_769_1206_0.nii 139882237216576
increment_file 1568136550.530181 1568136553.3093984 bigbrain_769_1206_0.nii 139882237216576
write_file 1568136553.3659673 1568136555.011931 inc-bigbrain_769_1206_0.nii 139882237216576
task_duration 1568136550.5185752 1568136555.0162148 1568135984-tmpfs_1it_96cpus_0delay_npc-0 139882237216576
read_file 1568136550.516964 1568136550.5227847 bigbrain_769_1206_2082.nii 139828716111680
increment_file 1568136550.5233324 1568136553.379072 bigbrain_769_1206_2082.nii 139828716111680
write_file 1568136553.4292474 1568136554.9800556 inc-bigbrain_769_1206_2082.nii 139828716111680
task_duration 1568136550.5130947 1568136554.984021 1568135984-tmpfs_1it_96cpus_0delay_npc-0 139828716111680
read_file 1568136550.51833 1568136550.5226061 bigbrain_769_1206_2776.nii 140531624159040
increment_file 1568136550.523529 1568136554.7800865 bigbrain_769_1206_2776.nii 140531624159040
write_file 1568136554.822494 1568136555.668305 inc-bigbrain_769_1206_2776.nii 140531624159040
task_duration 1568136550.5126674 1568136555.676362 1568135984-tmpfs_1it_96cpus_0delay_npc-0 140531624159040
read_file 1568136550.5051508 1568136550.5081859 bigbrain_769_1809_2776.nii 140647032088384
increment_file 1568136550.5087438 1568136554.983611 bigbrain_769_1809_2776.nii 140647032088384
write_file 1568136555.0211737 1568136555.8772225 inc-bigbrain_769_1809_2776.nii 140647032088384
task_duration 1568136550.5022228 1568136555.8866918 1568135984-tmpfs_1it_96cpus_0delay_npc-0 140647032088384
read_file 1568136550.500517 1568136550.5035717 bigbrain_3076_603_2082.nii 140001948952384
increment_file 1568136550.5040715 1568136555.2310722 bigbrain_3076_603_2082.nii 140001948952384
write_file 1568136555.2791784 1568136557.863176 inc-bigbrain_3076_603_2082.nii 140001948952384
task_duration 1568136550.4985552 1568136557.872229 1568135984-tmpfs_1it_96cpus_0delay_npc-0 140001948952384
read_file 1568136550.4984295 1568136550.5017176 bigbrain_769_1809_694.nii 140239277922112
increment_file 1568136550.5023754 1568136553.277577 bigbrain_769_1809_694.nii 140239277922112
write_file 1568136553.3451183 1568136554.9948506 inc-bigbrain_769_1809_694.nii 140239277922112
task_duration 1568136550.4955182 1568136554.9993236 1568135984-tmpfs_1it_96cpus_0delay_npc-0 140239277922112
read_file 1568136550.4677312 1568136550.475361 bigbrain_3076_603_0.nii 140307515451200
increment_file 1568136550.4766939 1568136555.3857565 bigbrain_3076_603_0.nii 140307515451200
write_file 1568136555.4103925 1568136557.92297 inc-bigbrain_3076_603_0.nii 140307515451200
task_duration 1568136550.4596555 1568136557.9288929 1568135984-tmpfs_1it_96cpus_0delay_npc-0 140307515451200
read_file 1568136550.4623065 1568136550.4673939 bigbrain_769_0_1388.nii 140378766493504
increment_file 1568136550.4682877 1568136553.2326477 bigbrain_769_0_1388.nii 140378766493504
write_file 1568136553.2917008 1568136554.9510865 inc-bigbrain_769_0_1388.nii 140378766493504
task_duration 1568136550.4567735 1568136554.95649 1568135984-tmpfs_1it_96cpus_0delay_npc-0 140378766493504
read_file 1568136550.4555607 1568136550.4625165 bigbrain_3076_1809_0.nii 139997973493568
increment_file 1568136550.4635723 1568136553.194491 bigbrain_3076_1809_0.nii 139997973493568
write_file 1568136553.2575357 1568136554.954143 inc-bigbrain_3076_1809_0.nii 139997973493568
task_duration 1568136550.4493647 1568136554.9602056 1568135984-tmpfs_1it_96cpus_0delay_npc-0 139997973493568
read_file 1568136550.4341888 1568136550.4402483 bigbrain_3076_2412_2082.nii 139827557840704
increment_file 1568136550.4413683 1568136553.2019155 bigbrain_3076_2412_2082.nii 139827557840704
write_file 1568136553.2626107 1568136554.945115 inc-bigbrain_3076_2412_2082.nii 139827557840704
task_duration 1568136550.4281461 1568136554.9503386 1568135984-tmpfs_1it_96cpus_0delay_npc-0 139827557840704
read_file 1568136550.421915 1568136550.4295065 bigbrain_3076_2412_1388.nii 140062638909248
increment_file 1568136550.430943 1568136555.311598 bigbrain_3076_2412_1388.nii 140062638909248
write_file 1568136555.3370595 1568136557.901834 inc-bigbrain_3076_2412_1388.nii 140062638909248
task_duration 1568136550.414378 1568136557.90871 1568135984-tmpfs_1it_96cpus_0delay_npc-0 140062638909248
read_file 1568136550.4251633 1568136550.4279234 bigbrain_3076_603_1388.nii 140038654097216
increment_file 1568136550.4287932 1568136553.1536102 bigbrain_3076_603_1388.nii 140038654097216
write_file 1568136553.1988955 1568136554.9343538 inc-bigbrain_3076_603_1388.nii 140038654097216
task_duration 1568136550.4219246 1568136554.9402199 1568135984-tmpfs_1it_96cpus_0delay_npc-0 140038654097216
read_file 1568136550.4178014 1568136550.4230878 bigbrain_769_1206_1388.nii 140441971959616
increment_file 1568136550.4240491 1568136553.297282 bigbrain_769_1206_1388.nii 140441971959616
write_file 1568136553.3635108 1568136555.023002 inc-bigbrain_769_1206_1388.nii 140441971959616
task_duration 1568136550.4128187 1568136555.0273519 1568135984-tmpfs_1it_96cpus_0delay_npc-0 140441971959616
read_file 1568136550.4122422 1568136550.4166274 bigbrain_3076_1809_2082.nii 139698454640448
increment_file 1568136550.4174004 1568136553.3260808 bigbrain_3076_1809_2082.nii 139698454640448
write_file 1568136553.388226 1568136554.9375885 inc-bigbrain_3076_1809_2082.nii 139698454640448
task_duration 1568136550.4087956 1568136554.9427779 1568135984-tmpfs_1it_96cpus_0delay_npc-0 139698454640448
read_file 1568136550.4117897 1568136550.4142065 bigbrain_3076_2412_2776.nii 140277966120768
increment_file 1568136550.414593 1568136553.137731 bigbrain_3076_2412_2776.nii 140277966120768
write_file 1568136553.1860974 1568136554.9409454 inc-bigbrain_3076_2412_2776.nii 140277966120768
task_duration 1568136550.4088905 1568136554.945639 1568135984-tmpfs_1it_96cpus_0delay_npc-0 140277966120768
read_file 1568136550.397586 1568136550.4035664 bigbrain_3076_1206_2082.nii 139951305238336
increment_file 1568136550.4044247 1568136555.291545 bigbrain_3076_1206_2082.nii 139951305238336
write_file 1568136555.3308823 1568136557.906999 inc-bigbrain_3076_1206_2082.nii 139951305238336
task_duration 1568136550.3916502 1568136557.9132988 1568135984-tmpfs_1it_96cpus_0delay_npc-0 139951305238336
read_file 1568136550.3966517 1568136550.4029129 bigbrain_3076_0_1388.nii 139621929383744
increment_file 1568136550.4040859 1568136555.2270057 bigbrain_3076_0_1388.nii 139621929383744
write_file 1568136555.2621322 1568136557.7721398 inc-bigbrain_3076_0_1388.nii 139621929383744
task_duration 1568136550.3903112 1568136557.7811654 1568135984-tmpfs_1it_96cpus_0delay_npc-0 139621929383744
read_file 1568136550.3899255 1568136550.396949 bigbrain_3076_0_694.nii 139934785029952
increment_file 1568136550.3979475 1568136555.4005625 bigbrain_3076_0_694.nii 139934785029952
write_file 1568136555.4422767 1568136557.998125 inc-bigbrain_3076_0_694.nii 139934785029952
task_duration 1568136550.383878 1568136558.0026948 1568135984-tmpfs_1it_96cpus_0delay_npc-0 139934785029952
read_file 1568136550.3746758 1568136550.3802652 bigbrain_3076_1206_0.nii 139693455492928
increment_file 1568136550.3810835 1568136555.284607 bigbrain_3076_1206_0.nii 139693455492928
write_file 1568136555.3283875 1568136557.980809 inc-bigbrain_3076_1206_0.nii 139693455492928
task_duration 1568136550.3699057 1568136557.9861355 1568135984-tmpfs_1it_96cpus_0delay_npc-0 139693455492928
read_file 1568136550.3720844 1568136550.3772993 bigbrain_3076_1809_2776.nii 140473938564928
increment_file 1568136550.3782964 1568136555.1650748 bigbrain_3076_1809_2776.nii 140473938564928
write_file 1568136555.1891227 1568136556.1718717 inc-bigbrain_3076_1809_2776.nii 140473938564928
task_duration 1568136550.3660119 1568136556.1824718 1568135984-tmpfs_1it_96cpus_0delay_npc-0 140473938564928
read_file 1568136550.3684955 1568136550.37449 bigbrain_2307_2412_694.nii 140614586660672
increment_file 1568136550.3752701 1568136553.1833124 bigbrain_2307_2412_694.nii 140614586660672
write_file 1568136553.2515152 1568136554.877369 inc-bigbrain_2307_2412_694.nii 140614586660672
task_duration 1568136550.3634295 1568136554.882773 1568135984-tmpfs_1it_96cpus_0delay_npc-0 140614586660672
read_file 1568136550.362457 1568136550.368472 bigbrain_2307_2412_2776.nii 140341252106048
increment_file 1568136550.3693392 1568136555.3287673 bigbrain_2307_2412_2776.nii 140341252106048
write_file 1568136555.3698528 1568136557.9932613 inc-bigbrain_2307_2412_2776.nii 140341252106048
task_duration 1568136550.3564172 1568136557.9981658 1568135984-tmpfs_1it_96cpus_0delay_npc-0 140341252106048
read_file 1568136550.3401341 1568136550.3449125 bigbrain_3076_2412_694.nii 139933950297920
increment_file 1568136550.3454463 1568136553.1655638 bigbrain_3076_2412_694.nii 139933950297920
write_file 1568136553.2162602 1568136554.8248096 inc-bigbrain_3076_2412_694.nii 139933950297920
task_duration 1568136550.336623 1568136554.8312285 1568135984-tmpfs_1it_96cpus_0delay_npc-0 139933950297920
read_file 1568136550.3310435 1568136550.3353856 bigbrain_3076_1206_2776.nii 140055280998208
increment_file 1568136550.336173 1568136555.2491832 bigbrain_3076_1206_2776.nii 140055280998208
write_file 1568136555.3015406 1568136557.9597702 inc-bigbrain_3076_1206_2776.nii 140055280998208
task_duration 1568136550.3263993 1568136557.9657505 1568135984-tmpfs_1it_96cpus_0delay_npc-0 140055280998208
read_file 1568136550.3310552 1568136550.3333006 bigbrain_769_0_0.nii 140596713330496
increment_file 1568136550.3337367 1568136555.1313262 bigbrain_769_0_0.nii 140596713330496
write_file 1568136555.1872456 1568136557.8229423 inc-bigbrain_769_0_0.nii 140596713330496
task_duration 1568136550.3292904 1568136557.831264 1568135984-tmpfs_1it_96cpus_0delay_npc-0 140596713330496
read_file 1568136550.3126245 1568136550.3158972 bigbrain_3076_603_694.nii 140391317751616
increment_file 1568136550.3163722 1568136552.9289136 bigbrain_3076_603_694.nii 140391317751616
write_file 1568136552.9810195 1568136554.8719282 inc-bigbrain_3076_603_694.nii 140391317751616
task_duration 1568136550.3095667 1568136554.877308 1568135984-tmpfs_1it_96cpus_0delay_npc-0 140391317751616
read_file 1568136550.2937357 1568136550.2987838 bigbrain_3076_0_2776.nii 140593641264960
increment_file 1568136550.2994757 1568136552.8847272 bigbrain_3076_0_2776.nii 140593641264960
write_file 1568136552.9524136 1568136554.950325 inc-bigbrain_3076_0_2776.nii 140593641264960
task_duration 1568136550.2887716 1568136554.9570773 1568135984-tmpfs_1it_96cpus_0delay_npc-0 140593641264960
read_file 1568136550.2921436 1568136550.2949088 bigbrain_3076_2412_0.nii 140328131520320
increment_file 1568136550.2954204 1568136555.283083 bigbrain_3076_2412_0.nii 140328131520320
write_file 1568136555.3323762 1568136558.0068593 inc-bigbrain_3076_2412_0.nii 140328131520320
task_duration 1568136550.2898722 1568136558.0111725 1568135984-tmpfs_1it_96cpus_0delay_npc-0 140328131520320
read_file 1568136550.2811847 1568136550.2838953 bigbrain_2307_603_2776.nii 139961672992576
increment_file 1568136550.284381 1568136555.2560809 bigbrain_2307_603_2776.nii 139961672992576
write_file 1568136555.3064854 1568136558.0029747 inc-bigbrain_2307_603_2776.nii 139961672992576
task_duration 1568136550.278452 1568136558.0075102 1568135984-tmpfs_1it_96cpus_0delay_npc-0 139961672992576
read_file 1568136550.2758932 1568136550.2786183 bigbrain_769_2412_0.nii 140133330560832
increment_file 1568136550.2790332 1568136555.0341015 bigbrain_769_2412_0.nii 140133330560832
write_file 1568136555.1078541 1568136557.8851554 inc-bigbrain_769_2412_0.nii 140133330560832
task_duration 1568136550.2733238 1568136557.8931854 1568135984-tmpfs_1it_96cpus_0delay_npc-0 140133330560832
read_file 1568136550.2676694 1568136550.2705858 bigbrain_3076_1206_694.nii 139838397581120
increment_file 1568136550.2709472 1568136555.1570363 bigbrain_3076_1206_694.nii 139838397581120
write_file 1568136555.1901474 1568136557.7739182 inc-bigbrain_3076_1206_694.nii 139838397581120
task_duration 1568136550.2645814 1568136557.7827358 1568135984-tmpfs_1it_96cpus_0delay_npc-0 139838397581120
read_file 1568136550.2611165 1568136550.2659132 bigbrain_2307_1809_694.nii 139669026039616
increment_file 1568136550.266388 1568136555.166743 bigbrain_2307_1809_694.nii 139669026039616
write_file 1568136555.1993136 1568136557.7390115 inc-bigbrain_2307_1809_694.nii 139669026039616
task_duration 1568136550.25697 1568136557.7477915 1568135984-tmpfs_1it_96cpus_0delay_npc-0 139669026039616
read_file 1568136550.246635 1568136550.2496624 bigbrain_2307_1206_2776.nii 140106733246272
increment_file 1568136550.2501097 1568136555.130221 bigbrain_2307_1206_2776.nii 140106733246272
write_file 1568136555.1835673 1568136557.9917462 inc-bigbrain_2307_1206_2776.nii 140106733246272
task_duration 1568136550.2433014 1568136557.9967897 1568135984-tmpfs_1it_96cpus_0delay_npc-0 140106733246272
read_file 1568136550.2308583 1568136550.2329435 bigbrain_2307_1809_2776.nii 140642158630720
increment_file 1568136550.233254 1568136555.0487452 bigbrain_2307_1809_2776.nii 140642158630720
write_file 1568136555.1272466 1568136557.9302983 inc-bigbrain_2307_1809_2776.nii 140642158630720
task_duration 1568136550.228457 1568136557.9370916 1568135984-tmpfs_1it_96cpus_0delay_npc-0 140642158630720
read_file 1568136550.226904 1568136550.2303677 bigbrain_2307_1206_1388.nii 139899499706176
increment_file 1568136550.2310658 1568136555.0618002 bigbrain_2307_1206_1388.nii 139899499706176
write_file 1568136555.1304283 1568136557.9639978 inc-bigbrain_2307_1206_1388.nii 139899499706176
task_duration 1568136550.2228346 1568136557.9705217 1568135984-tmpfs_1it_96cpus_0delay_npc-0 139899499706176
read_file 1568136550.2197747 1568136550.222872 bigbrain_769_1206_694.nii 140072987211584
increment_file 1568136550.2232556 1568136552.5750542 bigbrain_769_1206_694.nii 140072987211584
write_file 1568136552.6442783 1568136554.810076 inc-bigbrain_769_1206_694.nii 140072987211584
task_duration 1568136550.2170057 1568136554.8166957 1568135984-tmpfs_1it_96cpus_0delay_npc-0 140072987211584
read_file 1568136550.2152762 1568136550.21931 bigbrain_2307_1809_2082.nii 140685916137280
increment_file 1568136550.2199872 1568136552.6669855 bigbrain_2307_1809_2082.nii 140685916137280
write_file 1568136552.739906 1568136554.8805356 inc-bigbrain_2307_1809_2082.nii 140685916137280
task_duration 1568136550.2112536 1568136554.887159 1568135984-tmpfs_1it_96cpus_0delay_npc-0 140685916137280
read_file 1568136550.2056007 1568136550.2087386 bigbrain_3076_1206_1388.nii 140280327309120
increment_file 1568136550.2092767 1568136554.9410133 bigbrain_3076_1206_1388.nii 140280327309120
write_file 1568136554.9922338 1568136557.4484322 inc-bigbrain_3076_1206_1388.nii 140280327309120
task_duration 1568136550.202494 1568136557.4592838 1568135984-tmpfs_1it_96cpus_0delay_npc-0 140280327309120
read_file 1568136550.1882482 1568136550.1935022 bigbrain_2307_603_1388.nii 140268999169856
increment_file 1568136550.1942928 1568136552.4729133 bigbrain_2307_603_1388.nii 140268999169856
write_file 1568136552.5746577 1568136554.8356721 inc-bigbrain_2307_603_1388.nii 140268999169856
task_duration 1568136550.183865 1568136554.8431919 1568135984-tmpfs_1it_96cpus_0delay_npc-0 140268999169856
read_file 1568136550.180056 1568136550.1825082 bigbrain_2307_603_2082.nii 139735755114304
increment_file 1568136550.182821 1568136555.0236452 bigbrain_2307_603_2082.nii 139735755114304
write_file 1568136555.100935 1568136557.8765817 inc-bigbrain_2307_603_2082.nii 139735755114304
task_duration 1568136550.177525 1568136557.8847418 1568135984-tmpfs_1it_96cpus_0delay_npc-0 139735755114304
read_file 1568136550.1771505 1568136550.1799233 bigbrain_2307_603_694.nii 140488556414784
increment_file 1568136550.1802218 1568136552.610583 bigbrain_2307_603_694.nii 140488556414784
write_file 1568136552.6747768 1568136554.6821215 inc-bigbrain_2307_603_694.nii 140488556414784
task_duration 1568136550.1744993 1568136554.6883078 1568135984-tmpfs_1it_96cpus_0delay_npc-0 140488556414784
read_file 1568136550.1743143 1568136550.1789198 bigbrain_3076_0_2082.nii 139797876549440
increment_file 1568136550.1796083 1568136552.760297 bigbrain_3076_0_2082.nii 139797876549440
write_file 1568136552.8389444 1568136554.8479664 inc-bigbrain_3076_0_2082.nii 139797876549440
task_duration 1568136550.1702769 1568136554.8542745 1568135984-tmpfs_1it_96cpus_0delay_npc-0 139797876549440
read_file 1568136550.1581304 1568136550.159712 bigbrain_3076_1809_694.nii 140324690368320
increment_file 1568136550.1599796 1568136552.5807946 bigbrain_3076_1809_694.nii 140324690368320
write_file 1568136552.6442971 1568136554.8479252 inc-bigbrain_3076_1809_694.nii 140324690368320
task_duration 1568136550.156229 1568136554.8550093 1568135984-tmpfs_1it_96cpus_0delay_npc-0 140324690368320
read_file 1568136550.149902 1568136550.15222 bigbrain_2307_1809_1388.nii 140306843121472
increment_file 1568136550.1526446 1568136552.1297026 bigbrain_2307_1809_1388.nii 140306843121472
write_file 1568136552.1975553 1568136554.5803454 inc-bigbrain_2307_1809_1388.nii 140306843121472
task_duration 1568136550.1472886 1568136554.5890586 1568135984-tmpfs_1it_96cpus_0delay_npc-0 140306843121472
read_file 1568136550.1482782 1568136550.150183 bigbrain_1538_603_2776.nii 139630889367360
increment_file 1568136550.150457 1568136555.1196012 bigbrain_1538_603_2776.nii 139630889367360
write_file 1568136555.1855001 1568136557.9672167 inc-bigbrain_1538_603_2776.nii 139630889367360
task_duration 1568136550.1452255 1568136557.9730375 1568135984-tmpfs_1it_96cpus_0delay_npc-0 139630889367360
read_file 1568136550.1469631 1568136550.1497278 bigbrain_2307_603_0.nii 140492665587520
increment_file 1568136550.1500702 1568136552.5203388 bigbrain_2307_603_0.nii 140492665587520
write_file 1568136552.5964978 1568136554.6367223 inc-bigbrain_2307_603_0.nii 140492665587520
task_duration 1568136550.1445131 1568136554.6448932 1568135984-tmpfs_1it_96cpus_0delay_npc-0 140492665587520
read_file 1568136550.1403556 1568136550.1427276 bigbrain_2307_2412_2082.nii 140223837378368
increment_file 1568136550.1429126 1568136552.368172 bigbrain_2307_2412_2082.nii 140223837378368
write_file 1568136552.4337935 1568136554.7293434 inc-bigbrain_2307_2412_2082.nii 140223837378368
task_duration 1568136550.1374838 1568136554.735601 1568135984-tmpfs_1it_96cpus_0delay_npc-0 140223837378368
read_file 1568136550.1394477 1568136550.1411324 bigbrain_3076_0_0.nii 140451803842368
increment_file 1568136550.1414547 1568136555.010652 bigbrain_3076_0_0.nii 140451803842368
write_file 1568136555.0764637 1568136557.8701541 inc-bigbrain_3076_0_0.nii 140451803842368
task_duration 1568136550.1373467 1568136557.877862 1568135984-tmpfs_1it_96cpus_0delay_npc-0 140451803842368
read_file 1568136550.137923 1568136550.1396883 bigbrain_3076_1809_1388.nii 140469288486720
increment_file 1568136550.1399221 1568136554.6906967 bigbrain_3076_1809_1388.nii 140469288486720
write_file 1568136554.7652311 1568136557.1720452 inc-bigbrain_3076_1809_1388.nii 140469288486720
task_duration 1568136550.1342778 1568136557.1825557 1568135984-tmpfs_1it_96cpus_0delay_npc-0 140469288486720
read_file 1568136550.1259809 1568136550.127956 bigbrain_2307_0_1388.nii 140288718972736
increment_file 1568136550.1282947 1568136552.4733076 bigbrain_2307_0_1388.nii 140288718972736
write_file 1568136552.5717309 1568136554.6924944 inc-bigbrain_2307_0_1388.nii 140288718972736
task_duration 1568136550.1240447 1568136554.699918 1568135984-tmpfs_1it_96cpus_0delay_npc-0 140288718972736
read_file 1568136550.109809 1568136550.111681 bigbrain_1538_2412_694.nii 140637237991232
increment_file 1568136550.1118953 1568136554.519819 bigbrain_1538_2412_694.nii 140637237991232
write_file 1568136554.583332 1568136557.508603 inc-bigbrain_1538_2412_694.nii 140637237991232
task_duration 1568136550.1079588 1568136557.518137 1568135984-tmpfs_1it_96cpus_0delay_npc-0 140637237991232
read_file 1568136550.1072605 1568136550.1093948 bigbrain_2307_2412_1388.nii 140637889443648
increment_file 1568136550.109665 1568136554.7233849 bigbrain_2307_2412_1388.nii 140637889443648
write_file 1568136554.7833955 1568136557.8868966 inc-bigbrain_2307_2412_1388.nii 140637889443648
task_duration 1568136550.1035354 1568136557.8950176 1568135984-tmpfs_1it_96cpus_0delay_npc-0 140637889443648
read_file 1568136550.106012 1568136550.1079223 bigbrain_2307_0_0.nii 140561739433792
increment_file 1568136550.108177 1568136552.1047535 bigbrain_2307_0_0.nii 140561739433792
write_file 1568136552.1685324 1568136554.5181901 inc-bigbrain_2307_0_0.nii 140561739433792
task_duration 1568136550.1037307 1568136554.5250833 1568135984-tmpfs_1it_96cpus_0delay_npc-0 140561739433792
read_file 1568136550.1056406 1568136550.107854 bigbrain_2307_0_2776.nii 140541222876992
increment_file 1568136550.1081786 1568136552.0070465 bigbrain_2307_0_2776.nii 140541222876992
write_file 1568136552.0716581 1568136554.5416806 inc-bigbrain_2307_0_2776.nii 140541222876992
task_duration 1568136550.1033924 1568136554.5523136 1568135984-tmpfs_1it_96cpus_0delay_npc-0 140541222876992
read_file 1568136550.0985327 1568136550.1011229 bigbrain_1538_603_1388.nii 140151402817344
increment_file 1568136550.1015038 1568136552.2849772 bigbrain_1538_603_1388.nii 140151402817344
write_file 1568136552.359458 1568136554.628943 inc-bigbrain_1538_603_1388.nii 140151402817344
task_duration 1568136550.0957031 1568136554.635825 1568135984-tmpfs_1it_96cpus_0delay_npc-0 140151402817344
read_file 1568136550.0826309 1568136550.084792 bigbrain_2307_1809_0.nii 140449343502144
increment_file 1568136550.0850728 1568136554.5944552 bigbrain_2307_1809_0.nii 140449343502144
write_file 1568136554.6713872 1568136557.5648248 inc-bigbrain_2307_1809_0.nii 140449343502144
task_duration 1568136550.08013 1568136557.5738432 1568135984-tmpfs_1it_96cpus_0delay_npc-0 140449343502144
read_file 1568136550.0817976 1568136550.0838304 bigbrain_1538_2412_2082.nii 140170250114880
increment_file 1568136550.0841525 1568136551.9853349 bigbrain_1538_2412_2082.nii 140170250114880
write_file 1568136552.0576494 1568136554.5471478 inc-bigbrain_1538_2412_2082.nii 140170250114880
task_duration 1568136550.0779738 1568136554.5563502 1568135984-tmpfs_1it_96cpus_0delay_npc-0 140170250114880
read_file 1568136550.073474 1568136550.075705 bigbrain_2307_0_694.nii 140298891044672
increment_file 1568136550.0760274 1568136554.547543 bigbrain_2307_0_694.nii 140298891044672
write_file 1568136554.6220152 1568136557.1311715 inc-bigbrain_2307_0_694.nii 140298891044672
task_duration 1568136550.0706582 1568136557.1421878 1568135984-tmpfs_1it_96cpus_0delay_npc-0 140298891044672
read_file 1568136550.066201 1568136550.0682473 bigbrain_2307_0_2082.nii 140039941343040
increment_file 1568136550.068453 1568136554.541036 bigbrain_2307_0_2082.nii 140039941343040
write_file 1568136554.6201708 1568136557.7483816 inc-bigbrain_2307_0_2082.nii 140039941343040
task_duration 1568136550.0627525 1568136557.7594452 1568135984-tmpfs_1it_96cpus_0delay_npc-0 140039941343040
read_file 1568136550.0631654 1568136550.0647857 bigbrain_2307_1206_2082.nii 140274083817280
increment_file 1568136550.065094 1568136551.889081 bigbrain_2307_1206_2082.nii 140274083817280
write_file 1568136551.9508212 1568136554.4783568 inc-bigbrain_2307_1206_2082.nii 140274083817280
task_duration 1568136550.0605707 1568136554.4863775 1568135984-tmpfs_1it_96cpus_0delay_npc-0 140274083817280
read_file 1568136550.0275645 1568136550.0290887 bigbrain_1538_603_2082.nii 140438456330048
increment_file 1568136550.0292978 1568136554.435935 bigbrain_1538_603_2082.nii 140438456330048
write_file 1568136554.5160956 1568136557.483961 inc-bigbrain_1538_603_2082.nii 140438456330048
task_duration 1568136550.024951 1568136557.4938269 1568135984-tmpfs_1it_96cpus_0delay_npc-0 140438456330048
read_file 1568136550.0166547 1568136550.0188653 bigbrain_2307_1206_0.nii 140167134459712
increment_file 1568136550.0191975 1568136551.7797773 bigbrain_2307_1206_0.nii 140167134459712
write_file 1568136551.850646 1568136554.258906 inc-bigbrain_2307_1206_0.nii 140167134459712
task_duration 1568136550.0139103 1568136554.2701824 1568135984-tmpfs_1it_96cpus_0delay_npc-0 140167134459712
read_file 1568136550.005228 1568136550.007224 bigbrain_2307_1206_694.nii 140169343346496
increment_file 1568136550.0074196 1568136553.892566 bigbrain_2307_1206_694.nii 140169343346496
write_file 1568136553.9701967 1568136557.4103706 inc-bigbrain_2307_1206_694.nii 140169343346496
task_duration 1568136550.0017645 1568136557.4229376 1568135984-tmpfs_1it_96cpus_0delay_npc-0 140169343346496
read_file 1568136549.9905386 1568136549.9924676 bigbrain_1538_603_0.nii 140218121353024
increment_file 1568136549.9926949 1568136553.9221628 bigbrain_1538_603_0.nii 140218121353024
write_file 1568136554.016769 1568136557.4330766 inc-bigbrain_1538_603_0.nii 140218121353024
task_duration 1568136549.9882069 1568136557.447041 1568135984-tmpfs_1it_96cpus_0delay_npc-0 140218121353024
read_file 1568136549.9752333 1568136549.9772458 bigbrain_1538_603_694.nii 140245620971328
increment_file 1568136549.977529 1568136551.5494502 bigbrain_1538_603_694.nii 140245620971328
write_file 1568136551.615144 1568136554.1198888 inc-bigbrain_1538_603_694.nii 140245620971328
task_duration 1568136549.9728537 1568136554.1297395 1568135984-tmpfs_1it_96cpus_0delay_npc-0 140245620971328
read_file 1568136549.9543502 1568136549.956098 bigbrain_1538_0_694.nii 140472734574400
increment_file 1568136549.9563072 1568136551.5687795 bigbrain_1538_0_694.nii 140472734574400
write_file 1568136551.6392276 1568136553.983824 inc-bigbrain_1538_0_694.nii 140472734574400
task_duration 1568136549.9523048 1568136553.9939973 1568135984-tmpfs_1it_96cpus_0delay_npc-0 140472734574400
read_file 1568136549.9518416 1568136549.9540236 bigbrain_1538_1809_0.nii 139955034371904
increment_file 1568136549.9542868 1568136553.478936 bigbrain_1538_1809_0.nii 139955034371904
write_file 1568136553.5738652 1568136556.2115443 inc-bigbrain_1538_1809_0.nii 139955034371904
task_duration 1568136549.9490185 1568136556.2234745 1568135984-tmpfs_1it_96cpus_0delay_npc-0 139955034371904
read_file 1568136549.9401739 1568136549.9416265 bigbrain_2307_2412_0.nii 139684246185792
increment_file 1568136549.9418447 1568136551.3862617 bigbrain_2307_2412_0.nii 139684246185792
write_file 1568136551.4440014 1568136553.9124424 inc-bigbrain_2307_2412_0.nii 139684246185792
task_duration 1568136549.9366403 1568136553.9239297 1568135984-tmpfs_1it_96cpus_0delay_npc-0 139684246185792
read_file 1568136549.9365315 1568136549.938551 bigbrain_1538_1809_1388.nii 139940449478464
increment_file 1568136549.9388094 1568136551.397361 bigbrain_1538_1809_1388.nii 139940449478464
write_file 1568136551.4526825 1568136553.9157696 inc-bigbrain_1538_1809_1388.nii 139940449478464
task_duration 1568136549.9338958 1568136553.9271743 1568135984-tmpfs_1it_96cpus_0delay_npc-0 139940449478464
read_file 1568136549.9100115 1568136549.9117067 bigbrain_1538_1206_2082.nii 140158620510016
increment_file 1568136549.9119062 1568136552.880462 bigbrain_1538_1206_2082.nii 140158620510016
write_file 1568136552.964653 1568136557.2507 inc-bigbrain_1538_1206_2082.nii 140158620510016
task_duration 1568136549.9077916 1568136557.2712388 1568135984-tmpfs_1it_96cpus_0delay_npc-0 140158620510016
read_file 1568136549.9000497 1568136549.9019163 bigbrain_1538_1206_0.nii 139860378924864
increment_file 1568136549.902153 1568136552.9875307 bigbrain_1538_1206_0.nii 139860378924864
write_file 1568136553.069359 1568136556.7559726 inc-bigbrain_1538_1206_0.nii 139860378924864
task_duration 1568136549.8975759 1568136556.7709591 1568135984-tmpfs_1it_96cpus_0delay_npc-0 139860378924864
read_file 1568136549.8960502 1568136549.8979254 bigbrain_1538_2412_1388.nii 140490797332288
increment_file 1568136549.89818 1568136551.1730995 bigbrain_1538_2412_1388.nii 140490797332288
write_file 1568136551.2336297 1568136553.6403909 inc-bigbrain_1538_2412_1388.nii 140490797332288
task_duration 1568136549.8936124 1568136553.651907 1568135984-tmpfs_1it_96cpus_0delay_npc-0 140490797332288
read_file 1568136549.8868434 1568136549.889127 bigbrain_1538_1809_2082.nii 140093791602496
increment_file 1568136549.889414 1568136551.059958 bigbrain_1538_1809_2082.nii 140093791602496
write_file 1568136551.1265135 1568136553.5412729 inc-bigbrain_1538_1809_2082.nii 140093791602496
task_duration 1568136549.8836987 1568136553.5528438 1568135984-tmpfs_1it_96cpus_0delay_npc-0 140093791602496
read_file 1568136549.8783846 1568136549.8800855 bigbrain_1538_0_2776.nii 140393664206656
increment_file 1568136549.880281 1568136552.4296868 bigbrain_1538_0_2776.nii 140393664206656
write_file 1568136552.5430336 1568136557.139137 inc-bigbrain_1538_0_2776.nii 140393664206656
task_duration 1568136549.8762197 1568136557.1535127 1568135984-tmpfs_1it_96cpus_0delay_npc-0 140393664206656
read_file 1568136549.8733215 1568136549.8750656 bigbrain_1538_2412_0.nii 140428892460864
increment_file 1568136549.8752773 1568136551.1782002 bigbrain_1538_2412_0.nii 140428892460864
write_file 1568136551.2448492 1568136553.653383 inc-bigbrain_1538_2412_0.nii 140428892460864
task_duration 1568136549.8711605 1568136553.6641822 1568135984-tmpfs_1it_96cpus_0delay_npc-0 140428892460864
read_file 1568136549.8713298 1568136549.8727577 bigbrain_1538_1809_694.nii 140360582309696
increment_file 1568136549.8729467 1568136551.003774 bigbrain_1538_1809_694.nii 140360582309696
write_file 1568136551.0742948 1568136553.4948244 inc-bigbrain_1538_1809_694.nii 140360582309696
task_duration 1568136549.8695974 1568136553.5069537 1568135984-tmpfs_1it_96cpus_0delay_npc-0 140360582309696
read_file 1568136549.8622108 1568136549.863658 bigbrain_1538_1206_2776.nii 139739166713664
increment_file 1568136549.863832 1568136550.9151564 bigbrain_1538_1206_2776.nii 139739166713664
write_file 1568136550.9714518 1568136553.376367 inc-bigbrain_1538_1206_2776.nii 139739166713664
task_duration 1568136549.860241 1568136553.386334 1568135984-tmpfs_1it_96cpus_0delay_npc-0 139739166713664
read_file 1568136549.8609693 1568136549.862442 bigbrain_1538_2412_2776.nii 140026715543360
increment_file 1568136549.862613 1568136551.02256 bigbrain_1538_2412_2776.nii 140026715543360
write_file 1568136551.0907342 1568136553.4929779 inc-bigbrain_1538_2412_2776.nii 140026715543360
task_duration 1568136549.8592598 1568136553.5053692 1568135984-tmpfs_1it_96cpus_0delay_npc-0 140026715543360
read_file 1568136549.8053527 1568136549.8078237 bigbrain_1538_1206_694.nii 140224741574464
increment_file 1568136549.808113 1568136550.7024035 bigbrain_1538_1206_694.nii 140224741574464
write_file 1568136550.7712042 1568136553.1713154 inc-bigbrain_1538_1206_694.nii 140224741574464
task_duration 1568136549.800815 1568136553.1851046 1568135984-tmpfs_1it_96cpus_0delay_npc-0 140224741574464
read_file 1568136549.8045478 1568136549.8065383 bigbrain_1538_1206_1388.nii 139819058440000
increment_file 1568136549.8067713 1568136551.014605 bigbrain_1538_1206_1388.nii 139819058440000
write_file 1568136551.1554554 1568136553.583358 inc-bigbrain_1538_1206_1388.nii 139819058440000
task_duration 1568136549.8012938 1568136553.595474 1568135984-tmpfs_1it_96cpus_0delay_npc-0 139819058440000
read_file 1568136549.804473 1568136549.806386 bigbrain_1538_1809_2776.nii 139909225658176
increment_file 1568136549.8066304 1568136550.8149118 bigbrain_1538_1809_2776.nii 139909225658176
write_file 1568136550.892212 1568136553.3742814 inc-bigbrain_1538_1809_2776.nii 139909225658176
task_duration 1568136549.800832 1568136553.386822 1568135984-tmpfs_1it_96cpus_0delay_npc-0 139909225658176
