read_file 1568157822.6596093 1568157822.6613314 bigbrain_769_603_694.nii 139785536624448
increment_file 1568157822.6615868 1568157823.2843332 bigbrain_769_603_694.nii 139785536624448
write_file 1568157823.2978127 1568157823.7533438 inc-bigbrain_769_603_694.nii 139785536624448
task_duration 1568157822.6576939 1568157823.7558355 1568157251-tmpfs_1it_96cpus_0delay_npc-4 139785536624448
read_file 1568157819.145876 1568157819.154199 bigbrain_769_603_2776.nii 140535356905280
increment_file 1568157819.1553042 1568157820.920817 bigbrain_769_603_2776.nii 140535356905280
write_file 1568157820.9509842 1568157822.273614 inc-bigbrain_769_603_2776.nii 140535356905280
task_duration 1568157819.1240518 1568157822.2829707 1568157251-tmpfs_1it_96cpus_0delay_npc-4 140535356905280
read_file 1568157819.1094894 1568157819.1168668 bigbrain_769_1809_694.nii 140203860330304
increment_file 1568157819.1180706 1568157821.4799237 bigbrain_769_1809_694.nii 140203860330304
write_file 1568157821.506143 1568157823.388169 inc-bigbrain_769_1809_694.nii 140203860330304
task_duration 1568157819.1014898 1568157823.3931737 1568157251-tmpfs_1it_96cpus_0delay_npc-4 140203860330304
read_file 1568157819.1088781 1568157819.1134064 bigbrain_3076_603_2082.nii 140128264529728
increment_file 1568157819.1139367 1568157820.7833061 bigbrain_3076_603_2082.nii 140128264529728
write_file 1568157820.8154354 1568157822.2291346 inc-bigbrain_3076_603_2082.nii 140128264529728
task_duration 1568157819.1051366 1568157822.2322357 1568157251-tmpfs_1it_96cpus_0delay_npc-4 140128264529728
read_file 1568157819.0873716 1568157819.0948942 bigbrain_769_603_2082.nii 140367056213824
increment_file 1568157819.0959957 1568157821.517185 bigbrain_769_603_2082.nii 140367056213824
write_file 1568157821.550646 1568157823.394623 inc-bigbrain_769_603_2082.nii 140367056213824
task_duration 1568157819.0802343 1568157823.398373 1568157251-tmpfs_1it_96cpus_0delay_npc-4 140367056213824
read_file 1568157819.082008 1568157819.0891242 bigbrain_769_0_0.nii 139748265559872
increment_file 1568157819.0900571 1568157821.4184775 bigbrain_769_0_0.nii 139748265559872
write_file 1568157821.4538531 1568157823.3621023 inc-bigbrain_769_0_0.nii 139748265559872
task_duration 1568157819.0765784 1568157823.367545 1568157251-tmpfs_1it_96cpus_0delay_npc-4 139748265559872
read_file 1568157819.0528104 1568157819.0589647 bigbrain_3076_1206_694.nii 140528441456448
increment_file 1568157819.059759 1568157820.740903 bigbrain_3076_1206_694.nii 140528441456448
write_file 1568157820.7825933 1568157822.2065628 inc-bigbrain_3076_1206_694.nii 140528441456448
task_duration 1568157819.0306833 1568157822.2099183 1568157251-tmpfs_1it_96cpus_0delay_npc-4 140528441456448
read_file 1568157819.0342252 1568157819.0560796 bigbrain_2307_603_694.nii 140029646133056
increment_file 1568157819.0573306 1568157820.9889982 bigbrain_2307_603_694.nii 140029646133056
write_file 1568157821.0173123 1568157822.2867703 inc-bigbrain_2307_603_694.nii 140029646133056
task_duration 1568157819.0303383 1568157822.289747 1568157251-tmpfs_1it_96cpus_0delay_npc-4 140029646133056
read_file 1568157819.0006332 1568157819.0088096 bigbrain_3076_1206_0.nii 140218491881280
increment_file 1568157819.0098395 1568157820.7132874 bigbrain_3076_1206_0.nii 140218491881280
write_file 1568157820.74307 1568157822.2410872 inc-bigbrain_3076_1206_0.nii 140218491881280
task_duration 1568157818.9915283 1568157822.2464828 1568157251-tmpfs_1it_96cpus_0delay_npc-4 140218491881280
read_file 1568157818.9642413 1568157818.971342 bigbrain_769_1809_0.nii 139733444167488
increment_file 1568157818.9933429 1568157820.715821 bigbrain_769_1809_0.nii 139733444167488
write_file 1568157820.7448335 1568157822.1895382 inc-bigbrain_769_1809_0.nii 139733444167488
task_duration 1568157818.9563975 1568157822.1932597 1568157251-tmpfs_1it_96cpus_0delay_npc-4 139733444167488
read_file 1568157818.9474356 1568157818.9514396 bigbrain_769_603_0.nii 140666543269696
increment_file 1568157818.9518676 1568157820.5378728 bigbrain_769_603_0.nii 140666543269696
write_file 1568157820.5721455 1568157822.1233475 inc-bigbrain_769_603_0.nii 140666543269696
task_duration 1568157818.944045 1568157822.1273453 1568157251-tmpfs_1it_96cpus_0delay_npc-4 140666543269696
read_file 1568157818.9437785 1568157818.949022 bigbrain_2307_2412_694.nii 140613488174912
increment_file 1568157818.9498196 1568157820.560143 bigbrain_2307_2412_694.nii 140613488174912
write_file 1568157820.598014 1568157822.098738 inc-bigbrain_2307_2412_694.nii 140613488174912
task_duration 1568157818.9386406 1568157822.1045668 1568157251-tmpfs_1it_96cpus_0delay_npc-4 140613488174912
read_file 1568157818.9413846 1568157818.9479873 bigbrain_3076_603_2776.nii 140258285979456
increment_file 1568157818.9487345 1568157821.3747602 bigbrain_3076_603_2776.nii 140258285979456
write_file 1568157821.4229348 1568157822.7481868 inc-bigbrain_3076_603_2776.nii 140258285979456
task_duration 1568157818.935949 1568157822.7678628 1568157251-tmpfs_1it_96cpus_0delay_npc-4 140258285979456
read_file 1568157818.9371128 1568157818.9454603 bigbrain_769_2412_2776.nii 140307041482560
increment_file 1568157818.9465172 1568157821.356931 bigbrain_769_2412_2776.nii 140307041482560
write_file 1568157821.3854368 1568157823.4176493 inc-bigbrain_769_2412_2776.nii 140307041482560
task_duration 1568157818.930292 1568157823.4212716 1568157251-tmpfs_1it_96cpus_0delay_npc-4 140307041482560
read_file 1568157818.9391513 1568157818.9432328 bigbrain_769_1809_1388.nii 140074218878784
increment_file 1568157818.9437113 1568157820.6373174 bigbrain_769_1809_1388.nii 140074218878784
write_file 1568157820.669979 1568157822.114629 inc-bigbrain_769_1809_1388.nii 140074218878784
task_duration 1568157818.9356709 1568157822.1193585 1568157251-tmpfs_1it_96cpus_0delay_npc-4 140074218878784
read_file 1568157818.9190047 1568157818.9247177 bigbrain_769_1809_2776.nii 139773025855296
increment_file 1568157818.9257052 1568157821.3590162 bigbrain_769_1809_2776.nii 139773025855296
write_file 1568157821.4256666 1568157823.3431542 inc-bigbrain_769_1809_2776.nii 139773025855296
task_duration 1568157818.9126623 1568157823.3498054 1568157251-tmpfs_1it_96cpus_0delay_npc-4 139773025855296
read_file 1568157818.8936021 1568157818.8993838 bigbrain_769_0_694.nii 140174303635264
increment_file 1568157818.9002569 1568157821.3470862 bigbrain_769_0_694.nii 140174303635264
write_file 1568157821.408533 1568157823.3846533 inc-bigbrain_769_0_694.nii 140174303635264
task_duration 1568157818.887324 1568157823.3905404 1568157251-tmpfs_1it_96cpus_0delay_npc-4 140174303635264
read_file 1568157818.8876147 1568157818.8942235 bigbrain_3076_1206_2082.nii 139865088313152
increment_file 1568157818.8951554 1568157821.3349442 bigbrain_3076_1206_2082.nii 139865088313152
write_file 1568157821.3938782 1568157823.4330006 inc-bigbrain_3076_1206_2082.nii 139865088313152
task_duration 1568157818.88177 1568157823.4368777 1568157251-tmpfs_1it_96cpus_0delay_npc-4 139865088313152
read_file 1568157818.88717 1568157818.8937912 bigbrain_3076_1809_694.nii 140442882062144
increment_file 1568157818.894767 1568157821.3665097 bigbrain_3076_1809_694.nii 140442882062144
write_file 1568157821.422552 1568157823.427933 inc-bigbrain_3076_1809_694.nii 140442882062144
task_duration 1568157818.881383 1568157823.430927 1568157251-tmpfs_1it_96cpus_0delay_npc-4 140442882062144
read_file 1568157818.8690214 1568157818.873188 bigbrain_3076_603_0.nii 140455095097152
increment_file 1568157818.8738606 1568157820.5739124 bigbrain_3076_603_0.nii 140455095097152
write_file 1568157820.6085453 1568157822.121717 inc-bigbrain_3076_603_0.nii 140455095097152
task_duration 1568157818.8643818 1568157822.1268296 1568157251-tmpfs_1it_96cpus_0delay_npc-4 140455095097152
read_file 1568157818.8569455 1568157818.8632953 bigbrain_3076_2412_0.nii 139715288975168
increment_file 1568157818.8641152 1568157820.5604653 bigbrain_3076_2412_0.nii 139715288975168
write_file 1568157820.5950067 1568157822.1570015 inc-bigbrain_3076_2412_0.nii 139715288975168
task_duration 1568157818.8511822 1568157822.1612377 1568157251-tmpfs_1it_96cpus_0delay_npc-4 139715288975168
read_file 1568157818.85063 1568157818.8568945 bigbrain_769_1206_1388.nii 140456788162368
increment_file 1568157818.8579154 1568157820.8116097 bigbrain_769_1206_1388.nii 140456788162368
write_file 1568157820.8421283 1568157822.277087 inc-bigbrain_769_1206_1388.nii 140456788162368
task_duration 1568157818.844505 1568157822.286177 1568157251-tmpfs_1it_96cpus_0delay_npc-4 140456788162368
read_file 1568157818.8450325 1568157818.8513818 bigbrain_769_1206_694.nii 140631683073856
increment_file 1568157818.8522089 1568157821.334785 bigbrain_769_1206_694.nii 140631683073856
write_file 1568157821.3793864 1568157823.4080448 inc-bigbrain_769_1206_694.nii 140631683073856
task_duration 1568157818.8392947 1568157823.4125264 1568157251-tmpfs_1it_96cpus_0delay_npc-4 140631683073856
read_file 1568157818.8373654 1568157818.8432703 bigbrain_3076_1809_2082.nii 140223495542592
increment_file 1568157818.8441153 1568157821.3209646 bigbrain_3076_1809_2082.nii 140223495542592
write_file 1568157821.3927004 1568157823.351807 inc-bigbrain_3076_1809_2082.nii 140223495542592
task_duration 1568157818.8318484 1568157823.3593771 1568157251-tmpfs_1it_96cpus_0delay_npc-4 140223495542592
read_file 1568157818.8373995 1568157818.84194 bigbrain_3076_2412_694.nii 139648162608960
increment_file 1568157818.8426137 1568157820.5800464 bigbrain_3076_2412_694.nii 139648162608960
write_file 1568157820.6172907 1568157822.1432848 inc-bigbrain_3076_2412_694.nii 139648162608960
task_duration 1568157818.8327546 1568157822.1478765 1568157251-tmpfs_1it_96cpus_0delay_npc-4 139648162608960
read_file 1568157818.8243027 1568157818.8298233 bigbrain_769_1809_2082.nii 139941807339328
increment_file 1568157818.8305516 1568157821.2989504 bigbrain_769_1809_2082.nii 139941807339328
write_file 1568157821.3558931 1568157823.3077908 inc-bigbrain_769_1809_2082.nii 139941807339328
task_duration 1568157818.8192852 1568157823.3136082 1568157251-tmpfs_1it_96cpus_0delay_npc-4 139941807339328
read_file 1568157818.8209136 1568157818.8280227 bigbrain_769_2412_0.nii 139739016693568
increment_file 1568157818.8290734 1568157821.3186882 bigbrain_769_2412_0.nii 139739016693568
write_file 1568157821.347643 1568157823.0949602 inc-bigbrain_769_2412_0.nii 139739016693568
task_duration 1568157818.8148239 1568157823.1068263 1568157251-tmpfs_1it_96cpus_0delay_npc-4 139739016693568
read_file 1568157818.8093853 1568157818.811437 bigbrain_3076_2412_2082.nii 140046737098560
increment_file 1568157818.811706 1568157820.497225 bigbrain_3076_2412_2082.nii 140046737098560
write_file 1568157820.5309422 1568157822.0274174 inc-bigbrain_3076_2412_2082.nii 140046737098560
task_duration 1568157818.8078387 1568157822.0334563 1568157251-tmpfs_1it_96cpus_0delay_npc-4 140046737098560
read_file 1568157818.799568 1568157818.8056037 bigbrain_769_2412_2082.nii 140009503811392
increment_file 1568157818.8064003 1568157821.3006563 bigbrain_769_2412_2082.nii 140009503811392
write_file 1568157821.35778 1568157823.3936114 inc-bigbrain_769_2412_2082.nii 140009503811392
task_duration 1568157818.794206 1568157823.3974876 1568157251-tmpfs_1it_96cpus_0delay_npc-4 140009503811392
read_file 1568157818.7715082 1568157818.7784119 bigbrain_3076_0_694.nii 140632319092544
increment_file 1568157818.7793334 1568157821.339381 bigbrain_3076_0_694.nii 140632319092544
write_file 1568157821.3704224 1568157823.2722971 inc-bigbrain_3076_0_694.nii 140632319092544
task_duration 1568157818.7653627 1568157823.2790716 1568157251-tmpfs_1it_96cpus_0delay_npc-4 140632319092544
read_file 1568157818.7578993 1568157818.7641861 bigbrain_3076_1809_1388.nii 139852251326272
increment_file 1568157818.764946 1568157821.263656 bigbrain_3076_1809_1388.nii 139852251326272
write_file 1568157821.3129413 1568157823.3903208 inc-bigbrain_3076_1809_1388.nii 139852251326272
task_duration 1568157818.7528608 1568157823.3952882 1568157251-tmpfs_1it_96cpus_0delay_npc-4 139852251326272
read_file 1568157818.7502546 1568157818.7533107 bigbrain_769_603_1388.nii 140015349487424
increment_file 1568157818.7536933 1568157820.4488173 bigbrain_769_603_1388.nii 140015349487424
write_file 1568157820.4824188 1568157822.0193849 inc-bigbrain_769_603_1388.nii 140015349487424
task_duration 1568157818.7474933 1568157822.0250294 1568157251-tmpfs_1it_96cpus_0delay_npc-4 140015349487424
read_file 1568157818.745166 1568157818.751262 bigbrain_769_2412_694.nii 140406672648000
increment_file 1568157818.7522488 1568157821.2403228 bigbrain_769_2412_694.nii 140406672648000
write_file 1568157821.2800155 1568157823.2397175 inc-bigbrain_769_2412_694.nii 140406672648000
task_duration 1568157818.7391517 1568157823.247576 1568157251-tmpfs_1it_96cpus_0delay_npc-4 140406672648000
read_file 1568157818.7447035 1568157818.7477612 bigbrain_769_0_1388.nii 140166200215360
increment_file 1568157818.7481472 1568157820.3997028 bigbrain_769_0_1388.nii 140166200215360
write_file 1568157820.4304252 1568157822.0854135 inc-bigbrain_769_0_1388.nii 140166200215360
task_duration 1568157818.7415726 1568157822.091371 1568157251-tmpfs_1it_96cpus_0delay_npc-4 140166200215360
read_file 1568157818.728479 1568157818.7323985 bigbrain_769_2412_1388.nii 140239244285760
increment_file 1568157818.732858 1568157821.2481513 bigbrain_769_2412_1388.nii 140239244285760
write_file 1568157821.2840614 1568157823.3998854 inc-bigbrain_769_2412_1388.nii 140239244285760
task_duration 1568157818.7231803 1568157823.4039466 1568157251-tmpfs_1it_96cpus_0delay_npc-4 140239244285760
read_file 1568157818.7285702 1568157818.7315154 bigbrain_3076_2412_2776.nii 140052953171776
increment_file 1568157818.731901 1568157820.3965466 bigbrain_3076_2412_2776.nii 140052953171776
write_file 1568157820.4301827 1568157822.1111 inc-bigbrain_3076_2412_2776.nii 140052953171776
task_duration 1568157818.7256482 1568157822.1160352 1568157251-tmpfs_1it_96cpus_0delay_npc-4 140052953171776
read_file 1568157818.7207105 1568157818.7262075 bigbrain_3076_1809_2776.nii 140135292434240
increment_file 1568157818.726887 1568157821.2369554 bigbrain_3076_1809_2776.nii 140135292434240
write_file 1568157821.2831686 1568157823.3906434 inc-bigbrain_3076_1809_2776.nii 140135292434240
task_duration 1568157818.7159338 1568157823.3953605 1568157251-tmpfs_1it_96cpus_0delay_npc-4 140135292434240
read_file 1568157818.7048013 1568157818.7094958 bigbrain_769_0_2776.nii 140710045497152
increment_file 1568157818.7102542 1568157821.220717 bigbrain_769_0_2776.nii 140710045497152
write_file 1568157821.2770154 1568157823.1551318 inc-bigbrain_769_0_2776.nii 140710045497152
task_duration 1568157818.6995902 1568157823.164279 1568157251-tmpfs_1it_96cpus_0delay_npc-4 140710045497152
read_file 1568157818.700232 1568157818.7055094 bigbrain_3076_603_694.nii 139935191979840
increment_file 1568157818.7063603 1568157821.2081113 bigbrain_3076_603_694.nii 139935191979840
write_file 1568157821.2587357 1568157823.2706304 inc-bigbrain_3076_603_694.nii 139935191979840
task_duration 1568157818.6958425 1568157823.2802238 1568157251-tmpfs_1it_96cpus_0delay_npc-4 139935191979840
read_file 1568157818.6961434 1568157818.6985328 bigbrain_769_0_2082.nii 140279688636224
increment_file 1568157818.6989477 1568157821.2130585 bigbrain_769_0_2082.nii 140279688636224
write_file 1568157821.2784941 1568157823.161229 inc-bigbrain_769_0_2082.nii 140279688636224
task_duration 1568157818.6943398 1568157823.1701417 1568157251-tmpfs_1it_96cpus_0delay_npc-4 140279688636224
read_file 1568157818.6879206 1568157818.692178 bigbrain_3076_2412_1388.nii 139631445948224
increment_file 1568157818.6925704 1568157820.2124176 bigbrain_3076_2412_1388.nii 139631445948224
write_file 1568157820.2490737 1568157822.0302334 inc-bigbrain_3076_2412_1388.nii 139631445948224
task_duration 1568157818.684775 1568157822.036742 1568157251-tmpfs_1it_96cpus_0delay_npc-4 139631445948224
read_file 1568157818.686308 1568157818.691041 bigbrain_2307_1206_694.nii 140156567304000
increment_file 1568157818.6915097 1568157821.2383964 bigbrain_2307_1206_694.nii 140156567304000
write_file 1568157821.279816 1568157823.3772168 inc-bigbrain_2307_1206_694.nii 140156567304000
task_duration 1568157818.6824713 1568157823.3826315 1568157251-tmpfs_1it_96cpus_0delay_npc-4 140156567304000
read_file 1568157818.682232 1568157818.6845968 bigbrain_3076_0_2082.nii 140357441906496
increment_file 1568157818.6849 1568157821.1700525 bigbrain_3076_0_2082.nii 140357441906496
write_file 1568157821.2154167 1568157823.3084345 inc-bigbrain_3076_0_2082.nii 140357441906496
task_duration 1568157818.6792006 1568157823.3156018 1568157251-tmpfs_1it_96cpus_0delay_npc-4 140357441906496
read_file 1568157818.6769876 1568157818.6804621 bigbrain_2307_1809_2776.nii 139956391970624
increment_file 1568157818.6808197 1568157821.226434 bigbrain_2307_1809_2776.nii 139956391970624
write_file 1568157821.2655623 1568157823.3574655 inc-bigbrain_2307_1809_2776.nii 139956391970624
task_duration 1568157818.6742625 1568157823.3624656 1568157251-tmpfs_1it_96cpus_0delay_npc-4 139956391970624
read_file 1568157818.666126 1568157818.6682677 bigbrain_3076_1206_2776.nii 139620831561536
increment_file 1568157818.6686044 1568157821.1861267 bigbrain_3076_1206_2776.nii 139620831561536
write_file 1568157821.2284036 1568157823.3607004 inc-bigbrain_3076_1206_2776.nii 139620831561536
task_duration 1568157818.6641972 1568157823.365393 1568157251-tmpfs_1it_96cpus_0delay_npc-4 139620831561536
read_file 1568157818.6609793 1568157818.6647372 bigbrain_2307_603_2776.nii 140125189211968
increment_file 1568157818.665307 1568157820.1935704 bigbrain_2307_603_2776.nii 140125189211968
write_file 1568157820.2307742 1568157821.9743109 inc-bigbrain_2307_603_2776.nii 140125189211968
task_duration 1568157818.6562688 1568157821.9806118 1568157251-tmpfs_1it_96cpus_0delay_npc-4 140125189211968
read_file 1568157818.6603725 1568157818.6629255 bigbrain_2307_2412_2776.nii 140636994012992
increment_file 1568157818.6632738 1568157820.1943786 bigbrain_2307_2412_2776.nii 140636994012992
write_file 1568157820.224252 1568157821.9835937 inc-bigbrain_2307_2412_2776.nii 140636994012992
task_duration 1568157818.6577992 1568157821.9890149 1568157251-tmpfs_1it_96cpus_0delay_npc-4 140636994012992
read_file 1568157818.6584966 1568157818.6614597 bigbrain_3076_0_2776.nii 140580225546048
increment_file 1568157818.6618633 1568157821.1851578 bigbrain_3076_0_2776.nii 140580225546048
write_file 1568157821.2155387 1568157823.3558035 inc-bigbrain_3076_0_2776.nii 140580225546048
task_duration 1568157818.6558936 1568157823.362896 1568157251-tmpfs_1it_96cpus_0delay_npc-4 140580225546048
read_file 1568157818.6361926 1568157818.6384294 bigbrain_2307_1809_0.nii 140301242566464
increment_file 1568157818.6386988 1568157821.131923 bigbrain_2307_1809_0.nii 140301242566464
write_file 1568157821.1746073 1568157823.2555661 inc-bigbrain_2307_1809_0.nii 140301242566464
task_duration 1568157818.6342232 1568157823.2623441 1568157251-tmpfs_1it_96cpus_0delay_npc-4 140301242566464
read_file 1568157818.6305401 1568157818.633187 bigbrain_3076_1206_1388.nii 140303947204416
increment_file 1568157818.6335318 1568157821.1071618 bigbrain_3076_1206_1388.nii 140303947204416
write_file 1568157821.1526842 1568157823.3314266 inc-bigbrain_3076_1206_1388.nii 140303947204416
task_duration 1568157818.6277761 1568157823.3374512 1568157251-tmpfs_1it_96cpus_0delay_npc-4 140303947204416
read_file 1568157818.623476 1568157818.626705 bigbrain_1538_603_694.nii 139662172555072
increment_file 1568157818.6269717 1568157820.1794024 bigbrain_1538_603_694.nii 139662172555072
write_file 1568157820.2156918 1568157821.9938145 inc-bigbrain_1538_603_694.nii 139662172555072
task_duration 1568157818.6205468 1568157821.9995704 1568157251-tmpfs_1it_96cpus_0delay_npc-4 139662172555072
read_file 1568157818.6244988 1568157818.6265552 bigbrain_1538_603_2776.nii 140257251247936
increment_file 1568157818.6268532 1568157820.0796883 bigbrain_1538_603_2776.nii 140257251247936
write_file 1568157820.1104388 1568157821.9268243 inc-bigbrain_1538_603_2776.nii 140257251247936
task_duration 1568157818.6219432 1568157821.9347472 1568157251-tmpfs_1it_96cpus_0delay_npc-4 140257251247936
read_file 1568157818.6134608 1568157818.61559 bigbrain_2307_1206_0.nii 140224847988544
increment_file 1568157818.6158574 1568157821.0963905 bigbrain_2307_1206_0.nii 140224847988544
write_file 1568157821.1377628 1568157823.2668319 inc-bigbrain_2307_1206_0.nii 140224847988544
task_duration 1568157818.6102285 1568157823.2750707 1568157251-tmpfs_1it_96cpus_0delay_npc-4 140224847988544
read_file 1568157818.6077027 1568157818.611638 bigbrain_3076_0_1388.nii 140129700894528
increment_file 1568157818.6121292 1568157820.1113372 bigbrain_3076_0_1388.nii 140129700894528
write_file 1568157820.1504812 1568157821.9609065 inc-bigbrain_3076_0_1388.nii 140129700894528
task_duration 1568157818.603928 1568157821.9697287 1568157251-tmpfs_1it_96cpus_0delay_npc-4 140129700894528
read_file 1568157818.5926993 1568157818.5959852 bigbrain_2307_603_2082.nii 140010304522048
increment_file 1568157818.5963535 1568157821.124327 bigbrain_2307_603_2082.nii 140010304522048
write_file 1568157821.1648505 1568157823.232221 inc-bigbrain_2307_603_2082.nii 140010304522048
task_duration 1568157818.5896246 1568157823.2402437 1568157251-tmpfs_1it_96cpus_0delay_npc-4 140010304522048
read_file 1568157818.5877824 1568157818.5905118 bigbrain_2307_0_2776.nii 139785386850112
increment_file 1568157818.5908675 1568157820.999902 bigbrain_2307_0_2776.nii 139785386850112
write_file 1568157821.04924 1568157823.3201616 inc-bigbrain_2307_0_2776.nii 139785386850112
task_duration 1568157818.5846686 1568157823.3277564 1568157251-tmpfs_1it_96cpus_0delay_npc-4 139785386850112
read_file 1568157818.5860868 1568157818.5880115 bigbrain_769_1206_0.nii 140244680644416
increment_file 1568157818.5883284 1568157821.0068147 bigbrain_769_1206_0.nii 140244680644416
write_file 1568157821.0399463 1568157822.613942 inc-bigbrain_769_1206_0.nii 140244680644416
task_duration 1568157818.5838344 1568157822.6264489 1568157251-tmpfs_1it_96cpus_0delay_npc-4 140244680644416
read_file 1568157818.583458 1568157818.5856671 bigbrain_3076_1809_0.nii 139926713108288
increment_file 1568157818.5859754 1568157821.0357075 bigbrain_3076_1809_0.nii 139926713108288
write_file 1568157821.0690343 1568157823.331923 inc-bigbrain_3076_1809_0.nii 139926713108288
task_duration 1568157818.5801814 1568157823.3390577 1568157251-tmpfs_1it_96cpus_0delay_npc-4 139926713108288
read_file 1568157818.5527935 1568157818.5555718 bigbrain_2307_0_1388.nii 140042738333504
increment_file 1568157818.5559072 1568157820.018103 bigbrain_2307_0_1388.nii 140042738333504
write_file 1568157820.0627391 1568157821.877109 inc-bigbrain_2307_0_1388.nii 140042738333504
task_duration 1568157818.5499666 1568157821.8860445 1568157251-tmpfs_1it_96cpus_0delay_npc-4 140042738333504
read_file 1568157818.5522373 1568157818.5550718 bigbrain_2307_0_694.nii 139789685831488
increment_file 1568157818.55548 1568157820.1665695 bigbrain_2307_0_694.nii 139789685831488
write_file 1568157820.2047873 1568157821.9251792 inc-bigbrain_2307_0_694.nii 139789685831488
task_duration 1568157818.5494025 1568157821.9326813 1568157251-tmpfs_1it_96cpus_0delay_npc-4 139789685831488
read_file 1568157818.538181 1568157818.5407882 bigbrain_2307_2412_2082.nii 140593252837184
increment_file 1568157818.5411127 1568157820.988238 bigbrain_2307_2412_2082.nii 140593252837184
write_file 1568157821.0358016 1568157823.2617748 inc-bigbrain_2307_2412_2082.nii 140593252837184
task_duration 1568157818.535414 1568157823.2688386 1568157251-tmpfs_1it_96cpus_0delay_npc-4 140593252837184
read_file 1568157818.5325146 1568157818.5347714 bigbrain_2307_1809_2082.nii 140392132302656
increment_file 1568157818.5351331 1568157820.1080115 bigbrain_2307_1809_2082.nii 140392132302656
write_file 1568157820.145631 1568157821.9214582 inc-bigbrain_2307_1809_2082.nii 140392132302656
task_duration 1568157818.5303593 1568157821.9296098 1568157251-tmpfs_1it_96cpus_0delay_npc-4 140392132302656
read_file 1568157818.5312502 1568157818.5332448 bigbrain_2307_603_1388.nii 140111927908160
increment_file 1568157818.5334704 1568157820.9540005 bigbrain_2307_603_1388.nii 140111927908160
write_file 1568157820.9926856 1568157823.2906623 inc-bigbrain_2307_603_1388.nii 140111927908160
task_duration 1568157818.5282204 1568157823.298388 1568157251-tmpfs_1it_96cpus_0delay_npc-4 140111927908160
read_file 1568157818.5311444 1568157818.5331326 bigbrain_2307_1809_694.nii 140415899858752
increment_file 1568157818.533363 1568157820.084988 bigbrain_2307_1809_694.nii 140415899858752
write_file 1568157820.1190114 1568157821.9584446 inc-bigbrain_2307_1809_694.nii 140415899858752
task_duration 1568157818.5285275 1568157821.966681 1568157251-tmpfs_1it_96cpus_0delay_npc-4 140415899858752
read_file 1568157818.5203805 1568157818.5223265 bigbrain_3076_0_0.nii 140342277125952
increment_file 1568157818.5225985 1568157820.0377245 bigbrain_3076_0_0.nii 140342277125952
write_file 1568157820.073703 1568157821.7773676 inc-bigbrain_3076_0_0.nii 140342277125952
task_duration 1568157818.5183542 1568157821.7846746 1568157251-tmpfs_1it_96cpus_0delay_npc-4 140342277125952
read_file 1568157818.5097392 1568157818.5115368 bigbrain_769_1206_2776.nii 139773533517632
increment_file 1568157818.5117576 1568157820.026282 bigbrain_769_1206_2776.nii 139773533517632
write_file 1568157820.0638425 1568157821.913336 inc-bigbrain_769_1206_2776.nii 139773533517632
task_duration 1568157818.5078921 1568157821.9204392 1568157251-tmpfs_1it_96cpus_0delay_npc-4 139773533517632
read_file 1568157818.5004888 1568157818.5024118 bigbrain_3076_603_1388.nii 140541875414848
increment_file 1568157818.5026734 1568157819.9153883 bigbrain_3076_603_1388.nii 140541875414848
write_file 1568157819.96006 1568157821.7560465 inc-bigbrain_3076_603_1388.nii 140541875414848
task_duration 1568157818.4982393 1568157821.7653816 1568157251-tmpfs_1it_96cpus_0delay_npc-4 140541875414848
read_file 1568157818.4966104 1568157818.4986465 bigbrain_2307_2412_1388.nii 140004289279808
increment_file 1568157818.4988973 1568157820.8751836 bigbrain_2307_2412_1388.nii 140004289279808
write_file 1568157820.9161 1568157823.195835 inc-bigbrain_2307_2412_1388.nii 140004289279808
task_duration 1568157818.4944136 1568157823.2062786 1568157251-tmpfs_1it_96cpus_0delay_npc-4 140004289279808
read_file 1568157818.4889064 1568157818.491311 bigbrain_2307_1206_2082.nii 140596093237056
increment_file 1568157818.4916263 1568157820.9513283 bigbrain_2307_1206_2082.nii 140596093237056
write_file 1568157820.9888217 1568157823.2108397 inc-bigbrain_2307_1206_2082.nii 140596093237056
task_duration 1568157818.4858427 1568157823.2233584 1568157251-tmpfs_1it_96cpus_0delay_npc-4 140596093237056
read_file 1568157818.4789078 1568157818.481363 bigbrain_2307_0_0.nii 139774804838208
increment_file 1568157818.481674 1568157820.8434467 bigbrain_2307_0_0.nii 139774804838208
write_file 1568157820.8949428 1568157822.6911144 inc-bigbrain_2307_0_0.nii 139774804838208
task_duration 1568157818.475956 1568157822.6998224 1568157251-tmpfs_1it_96cpus_0delay_npc-4 139774804838208
read_file 1568157818.4691045 1568157818.4708297 bigbrain_1538_603_2082.nii 140228867376960
increment_file 1568157818.4710603 1568157819.9229188 bigbrain_1538_603_2082.nii 140228867376960
write_file 1568157819.9613984 1568157821.8357008 inc-bigbrain_1538_603_2082.nii 140228867376960
task_duration 1568157818.467198 1568157821.84371 1568157251-tmpfs_1it_96cpus_0delay_npc-4 140228867376960
read_file 1568157818.4634829 1568157818.4652128 bigbrain_2307_1809_1388.nii 139635782068032
increment_file 1568157818.4654176 1568157820.8168666 bigbrain_2307_1809_1388.nii 139635782068032
write_file 1568157820.8540654 1568157823.1508715 inc-bigbrain_2307_1809_1388.nii 139635782068032
task_duration 1568157818.4616716 1568157823.1622767 1568157251-tmpfs_1it_96cpus_0delay_npc-4 139635782068032
read_file 1568157818.45764 1568157818.4592252 bigbrain_2307_1206_2776.nii 140281645504320
increment_file 1568157818.4594352 1568157819.8603454 bigbrain_2307_1206_2776.nii 140281645504320
write_file 1568157819.9022164 1568157821.7801843 inc-bigbrain_2307_1206_2776.nii 140281645504320
task_duration 1568157818.454799 1568157821.7893531 1568157251-tmpfs_1it_96cpus_0delay_npc-4 140281645504320
read_file 1568157818.4531093 1568157818.455355 bigbrain_769_1206_2082.nii 140413791696704
increment_file 1568157818.4556437 1568157819.878936 bigbrain_769_1206_2082.nii 140413791696704
write_file 1568157819.9242532 1568157821.7281935 inc-bigbrain_769_1206_2082.nii 140413791696704
task_duration 1568157818.4502063 1568157821.735951 1568157251-tmpfs_1it_96cpus_0delay_npc-4 140413791696704
read_file 1568157818.4505486 1568157818.4525983 bigbrain_2307_0_2082.nii 140584965642048
increment_file 1568157818.452872 1568157819.8788571 bigbrain_2307_0_2082.nii 140584965642048
write_file 1568157819.9239035 1568157821.724341 inc-bigbrain_2307_0_2082.nii 140584965642048
task_duration 1568157818.4482706 1568157821.732094 1568157251-tmpfs_1it_96cpus_0delay_npc-4 140584965642048
read_file 1568157818.4328072 1568157818.4344242 bigbrain_1538_2412_1388.nii 139628668626752
increment_file 1568157818.4346337 1568157820.6914854 bigbrain_1538_2412_1388.nii 139628668626752
write_file 1568157820.7419188 1568157822.5796227 inc-bigbrain_1538_2412_1388.nii 139628668626752
task_duration 1568157818.4310198 1568157822.5902658 1568157251-tmpfs_1it_96cpus_0delay_npc-4 139628668626752
read_file 1568157818.4263546 1568157818.4279318 bigbrain_2307_2412_0.nii 139769082951488
increment_file 1568157818.4281642 1568157819.793088 bigbrain_2307_2412_0.nii 139769082951488
write_file 1568157819.8379097 1568157821.659587 inc-bigbrain_2307_2412_0.nii 139769082951488
task_duration 1568157818.4230332 1568157821.6695583 1568157251-tmpfs_1it_96cpus_0delay_npc-4 139769082951488
read_file 1568157818.4147913 1568157818.4163883 bigbrain_1538_603_0.nii 139968224773952
increment_file 1568157818.4165924 1568157820.6440723 bigbrain_1538_603_0.nii 139968224773952
write_file 1568157820.691533 1568157822.5179029 inc-bigbrain_1538_603_0.nii 139968224773952
task_duration 1568157818.4130204 1568157822.5290687 1568157251-tmpfs_1it_96cpus_0delay_npc-4 139968224773952
read_file 1568157818.4136176 1568157818.4159622 bigbrain_2307_603_0.nii 140695321880384
increment_file 1568157818.4161627 1568157819.7072637 bigbrain_2307_603_0.nii 140695321880384
write_file 1568157819.7438283 1568157821.5316489 inc-bigbrain_2307_603_0.nii 140695321880384
task_duration 1568157818.410432 1568157821.5418265 1568157251-tmpfs_1it_96cpus_0delay_npc-4 140695321880384
read_file 1568157818.3820548 1568157818.3840146 bigbrain_1538_2412_2082.nii 139999684069184
increment_file 1568157818.384274 1568157819.6592338 bigbrain_1538_2412_2082.nii 139999684069184
write_file 1568157819.701039 1568157821.5503914 inc-bigbrain_1538_2412_2082.nii 139999684069184
task_duration 1568157818.3795648 1568157821.561467 1568157251-tmpfs_1it_96cpus_0delay_npc-4 139999684069184
read_file 1568157818.3682396 1568157818.3698735 bigbrain_1538_1206_1388.nii 139711441688384
increment_file 1568157818.3700838 1568157819.6766086 bigbrain_1538_1206_1388.nii 139711441688384
write_file 1568157819.7802448 1568157821.6926813 inc-bigbrain_1538_1206_1388.nii 139711441688384
task_duration 1568157818.3662515 1568157821.7010593 1568157251-tmpfs_1it_96cpus_0delay_npc-4 139711441688384
read_file 1568157818.3669972 1568157818.3684795 bigbrain_1538_0_694.nii 140690432550720
increment_file 1568157818.3686898 1568157819.6004202 bigbrain_1538_0_694.nii 140690432550720
write_file 1568157819.6429243 1568157821.4348505 inc-bigbrain_1538_0_694.nii 140690432550720
task_duration 1568157818.3650095 1568157821.446019 1568157251-tmpfs_1it_96cpus_0delay_npc-4 140690432550720
read_file 1568157818.3618767 1568157818.3633776 bigbrain_1538_603_1388.nii 140669535446848
increment_file 1568157818.3635798 1568157820.3595421 bigbrain_1538_603_1388.nii 140669535446848
write_file 1568157820.4041178 1568157822.8483372 inc-bigbrain_1538_603_1388.nii 140669535446848
task_duration 1568157818.3600485 1568157822.8604128 1568157251-tmpfs_1it_96cpus_0delay_npc-4 140669535446848
read_file 1568157818.3522341 1568157818.3538303 bigbrain_1538_1206_2776.nii 140441415558976
increment_file 1568157818.3540404 1568157820.3443525 bigbrain_1538_1206_2776.nii 140441415558976
write_file 1568157820.3940032 1568157822.8320425 inc-bigbrain_1538_1206_2776.nii 140441415558976
task_duration 1568157818.3502467 1568157822.8442283 1568157251-tmpfs_1it_96cpus_0delay_npc-4 140441415558976
read_file 1568157818.3455904 1568157818.3467739 bigbrain_2307_1206_1388.nii 140597397399360
increment_file 1568157818.34693 1568157819.555001 bigbrain_2307_1206_1388.nii 140597397399360
write_file 1568157819.5928285 1568157821.5000687 inc-bigbrain_2307_1206_1388.nii 140597397399360
task_duration 1568157818.3426645 1568157821.5100744 1568157251-tmpfs_1it_96cpus_0delay_npc-4 140597397399360
read_file 1568157818.343208 1568157818.344879 bigbrain_1538_2412_0.nii 140641539307328
increment_file 1568157818.3451068 1568157820.3074403 bigbrain_1538_2412_0.nii 140641539307328
write_file 1568157820.3492532 1568157822.7415855 inc-bigbrain_1538_2412_0.nii 140641539307328
task_duration 1568157818.341085 1568157822.7606156 1568157251-tmpfs_1it_96cpus_0delay_npc-4 140641539307328
read_file 1568157818.3196795 1568157818.3208735 bigbrain_1538_1206_694.nii 140299141195584
increment_file 1568157818.3210192 1568157820.2394724 bigbrain_1538_1206_694.nii 140299141195584
write_file 1568157820.2797058 1568157822.8162706 inc-bigbrain_1538_1206_694.nii 140299141195584
task_duration 1568157818.3170056 1568157822.8302355 1568157251-tmpfs_1it_96cpus_0delay_npc-4 140299141195584
read_file 1568157818.3172703 1568157818.3194363 bigbrain_1538_1206_0.nii 140004190480192
increment_file 1568157818.3195858 1568157820.2387989 bigbrain_1538_1206_0.nii 140004190480192
write_file 1568157820.2876062 1568157822.757162 inc-bigbrain_1538_1206_0.nii 140004190480192
task_duration 1568157818.314057 1568157822.7744374 1568157251-tmpfs_1it_96cpus_0delay_npc-4 140004190480192
read_file 1568157818.3168292 1568157818.3182402 bigbrain_1538_1809_2082.nii 140684581304128
increment_file 1568157818.3184135 1568157819.3497365 bigbrain_1538_1809_2082.nii 140684581304128
write_file 1568157819.398963 1568157821.3056996 inc-bigbrain_1538_1809_2082.nii 140684581304128
task_duration 1568157818.3148766 1568157821.3188992 1568157251-tmpfs_1it_96cpus_0delay_npc-4 140684581304128
read_file 1568157818.3156862 1568157818.316922 bigbrain_1538_1809_0.nii 140655982102336
increment_file 1568157818.3170834 1568157819.2871273 bigbrain_1538_1809_0.nii 140655982102336
write_file 1568157819.3247547 1568157821.1715255 inc-bigbrain_1538_1809_0.nii 140655982102336
task_duration 1568157818.312772 1568157821.1854908 1568157251-tmpfs_1it_96cpus_0delay_npc-4 140655982102336
read_file 1568157818.3154225 1568157818.3168297 bigbrain_1538_1809_1388.nii 140573457708864
increment_file 1568157818.3170116 1568157819.4204946 bigbrain_1538_1809_1388.nii 140573457708864
write_file 1568157819.470473 1568157821.3708289 inc-bigbrain_1538_1809_1388.nii 140573457708864
task_duration 1568157818.3120525 1568157821.3829103 1568157251-tmpfs_1it_96cpus_0delay_npc-4 140573457708864
read_file 1568157818.311166 1568157818.3126023 bigbrain_1538_2412_2776.nii 140077488502592
increment_file 1568157818.3127754 1568157820.1101418 bigbrain_1538_2412_2776.nii 140077488502592
write_file 1568157820.1565578 1568157822.6381235 inc-bigbrain_1538_2412_2776.nii 140077488502592
task_duration 1568157818.3092787 1568157822.6495018 1568157251-tmpfs_1it_96cpus_0delay_npc-4 140077488502592
read_file 1568157818.3034294 1568157818.3055012 bigbrain_1538_0_2776.nii 140355523389248
increment_file 1568157818.3056746 1568157819.417289 bigbrain_1538_0_2776.nii 140355523389248
write_file 1568157819.4618301 1568157821.3431406 inc-bigbrain_1538_0_2776.nii 140355523389248
task_duration 1568157818.3001091 1568157821.3555992 1568157251-tmpfs_1it_96cpus_0delay_npc-4 140355523389248
read_file 1568157818.2957535 1568157818.2970178 bigbrain_1538_1206_2082.nii 139759075039040
increment_file 1568157818.2971685 1568157819.3478894 bigbrain_1538_1206_2082.nii 139759075039040
write_file 1568157819.3899457 1568157821.296325 inc-bigbrain_1538_1206_2082.nii 139759075039040
task_duration 1568157818.2927625 1568157821.3096805 1568157251-tmpfs_1it_96cpus_0delay_npc-4 139759075039040
read_file 1568157818.2818043 1568157818.2840915 bigbrain_1538_1809_2776.nii 140494941366080
increment_file 1568157818.28437 1568157819.3420825 bigbrain_1538_1809_2776.nii 140494941366080
write_file 1568157819.3935678 1568157821.293796 inc-bigbrain_1538_1809_2776.nii 140494941366080
task_duration 1568157818.2787776 1568157821.3071334 1568157251-tmpfs_1it_96cpus_0delay_npc-4 140494941366080
read_file 1568157818.2626634 1568157818.2650704 bigbrain_1538_1809_694.nii 139654496462656
increment_file 1568157818.265235 1568157819.1407478 bigbrain_1538_1809_694.nii 139654496462656
write_file 1568157819.1768615 1568157821.0020452 inc-bigbrain_1538_1809_694.nii 139654496462656
task_duration 1568157818.2594552 1568157821.016048 1568157251-tmpfs_1it_96cpus_0delay_npc-4 139654496462656
read_file 1568157818.204 1568157818.2054565 bigbrain_1538_2412_694.nii 140039973640000
increment_file 1568157818.2056396 1568157818.9624736 bigbrain_1538_2412_694.nii 140039973640000
write_file 1568157818.9848647 1568157820.6062095 inc-bigbrain_1538_2412_694.nii 140039973640000
task_duration 1568157818.1994684 1568157820.6206057 1568157251-tmpfs_1it_96cpus_0delay_npc-4 140039973640000
