read_file 1568132683.5270739 1568132688.6401188 bigbrain_2307_2412_2776.nii 140377987413824
increment_file 1568132700.2831616 1568132721.107668 bigbrain_2307_2412_2776.nii 140377987413824
write_file 1568132755.0161512 1568132807.1133015 inc-bigbrain_2307_2412_2776.nii 140377987413824
task_duration 1568132803.4566052 1568133052.5293732 1568132339-isilon_1it_25cpus_60sdelay_withpc-0 140377987413824
read_file 1568133252.6700766 1568133252.7431643 bigbrain_769_603_694.nii 140309925730112
increment_file 1568133252.7517307 1568133274.1140268 bigbrain_769_603_694.nii 140309925730112
write_file 1568133274.7131207 1568133286.4707892 inc-bigbrain_769_603_694.nii 140309925730112
task_duration 1568133372.667676 1568133526.5788918 1568132339-isilon_1it_25cpus_60sdelay_withpc-0 140309925730112
read_file 1568132987.273594 1568132989.889194 bigbrain_3076_603_694.nii 139956327458624
increment_file 1568132996.2131708 1568133013.8179703 bigbrain_3076_603_694.nii 139956327458624
write_file 1568133017.1943092 1568133043.346514 inc-bigbrain_3076_603_694.nii 139956327458624
task_duration 1568133107.2629647 1568133287.0385923 1568132339-isilon_1it_25cpus_60sdelay_withpc-0 139956327458624
read_file 1568132682.8409226 1568132687.7043138 bigbrain_2307_2412_0.nii 140056414705472
increment_file 1568132695.2136426 1568132714.5658147 bigbrain_2307_2412_0.nii 140056414705472
write_file 1568132737.4754744 1568132785.5269852 inc-bigbrain_2307_2412_0.nii 140056414705472
task_duration 1568132802.647515 1568133045.2685654 1568132339-isilon_1it_25cpus_60sdelay_withpc-0 140056414705472
read_file 1568132225.3231351 1568132225.834479 bigbrain_1538_2412_1388.nii 140059719563072
increment_file 1568132326.9934015 1568132359.371251 bigbrain_1538_2412_1388.nii 140059719563072
write_file 1568132363.7366343 1568132498.1038098 inc-bigbrain_1538_2412_1388.nii 140059719563072
task_duration 1568132345.3172348 1568132738.385534 1568132339-isilon_1it_25cpus_60sdelay_withpc-0 140059719563072
read_file 1568132929.6928828 1568132929.7968369 bigbrain_3076_1809_2776.nii 140455193970496
increment_file 1568132929.8075016 1568132957.108338 bigbrain_3076_1809_2776.nii 140455193970496
write_file 1568132957.1488323 1568132985.2656147 inc-bigbrain_3076_1809_2776.nii 140455193970496
task_duration 1568133049.6894884 1568133225.3866477 1568132339-isilon_1it_25cpus_60sdelay_withpc-0 140455193970496
read_file 1568132828.194504 1568132828.238366 bigbrain_3076_1206_2776.nii 140617127905088
increment_file 1568132828.3763058 1568132849.2506032 bigbrain_3076_1206_2776.nii 140617127905088
write_file 1568132865.6343935 1568132887.5943735 inc-bigbrain_3076_1206_2776.nii 140617127905088
task_duration 1568132948.1918328 1568133134.52276 1568132339-isilon_1it_25cpus_60sdelay_withpc-0 140617127905088
read_file 1568132604.307014 1568132618.6459267 bigbrain_2307_1206_2082.nii 140534066501440
increment_file 1568132620.791406 1568132631.8845947 bigbrain_2307_1206_2082.nii 140534066501440
write_file 1568132638.5808516 1568132658.7317567 inc-bigbrain_2307_1206_2082.nii 140534066501440
task_duration 1568132724.2834463 1568132898.8611581 1568132339-isilon_1it_25cpus_60sdelay_withpc-0 140534066501440
read_file 1568132666.8692925 1568132666.9364192 bigbrain_2307_1809_1388.nii 139678859126592
increment_file 1568132666.9544108 1568132673.0967484 bigbrain_2307_1809_1388.nii 139678859126592
write_file 1568132673.4193766 1568132679.8896997 inc-bigbrain_2307_1809_1388.nii 139678859126592
task_duration 1568132786.8664527 1568132920.0291138 1568132339-isilon_1it_25cpus_60sdelay_withpc-0 139678859126592
read_file 1568133230.0690804 1568133230.157322 bigbrain_769_603_0.nii 140267603765056
increment_file 1568133230.932444 1568133251.9787784 bigbrain_769_603_0.nii 140267603765056
write_file 1568133252.6514883 1568133275.8125162 inc-bigbrain_769_603_0.nii 140267603765056
task_duration 1568133350.0662904 1568133516.8401713 1568132339-isilon_1it_25cpus_60sdelay_withpc-0 140267603765056
read_file 1568133144.2326312 1568133144.2878566 bigbrain_769_1809_0.nii 140110089447232
increment_file 1568133144.2977076 1568133155.24552 bigbrain_769_1809_0.nii 140110089447232
write_file 1568133155.2822294 1568133167.5568898 inc-bigbrain_769_1809_0.nii 140110089447232
task_duration 1568133264.229106 1568133407.6763813 1568132339-isilon_1it_25cpus_60sdelay_withpc-0 140110089447232
read_file 1568132225.324736 1568132225.8216999 bigbrain_1538_1809_0.nii 140639383447360
increment_file 1568132225.8595994 1568132275.9609249 bigbrain_1538_1809_0.nii 140639383447360
write_file 1568132359.6370847 1568132466.2917633 inc-bigbrain_1538_1809_0.nii 140639383447360
task_duration 1568132345.317569 1568132713.5238457 1568132339-isilon_1it_25cpus_60sdelay_withpc-0 140639383447360
read_file 1568132225.325048 1568132225.8225083 bigbrain_1538_1809_1388.nii 140593368725312
increment_file 1568132227.470485 1568132281.7249115 bigbrain_1538_1809_1388.nii 140593368725312
write_file 1568132359.9042473 1568132468.8655865 inc-bigbrain_1538_1809_1388.nii 140593368725312
task_duration 1568132345.317572 1568132723.0191414 1568132339-isilon_1it_25cpus_60sdelay_withpc-0 140593368725312
read_file 1568132987.223396 1568132987.2757993 bigbrain_3076_603_0.nii 140287171274560
increment_file 1568132988.4086401 1568133001.2384424 bigbrain_3076_603_0.nii 140287171274560
write_file 1568133012.8888946 1568133039.2621143 inc-bigbrain_3076_603_0.nii 140287171274560
task_duration 1568133107.218878 1568133286.627312 1568132339-isilon_1it_25cpus_60sdelay_withpc-0 140287171274560
read_file 1568132560.0913446 1568132560.159419 bigbrain_2307_0_2776.nii 140457290266432
increment_file 1568132560.1732492 1568132565.6751544 bigbrain_2307_0_2776.nii 140457290266432
write_file 1568132565.6997614 1568132572.070854 inc-bigbrain_2307_0_2776.nii 140457290266432
task_duration 1568132680.0886343 1568132812.1787827 1568132339-isilon_1it_25cpus_60sdelay_withpc-0 140457290266432
read_file 1568133167.7371247 1568133167.7665844 bigbrain_769_2412_0.nii 139744278050624
increment_file 1568133167.7808814 1568133176.8299541 bigbrain_769_2412_0.nii 139744278050624
write_file 1568133192.2911353 1568133213.312442 inc-bigbrain_769_2412_0.nii 139744278050624
task_duration 1568133287.7348826 1568133455.377154 1568132339-isilon_1it_25cpus_60sdelay_withpc-0 139744278050624
read_file 1568132225.330447 1568132225.8325326 bigbrain_1538_0_2776.nii 139885956478784
increment_file 1568132311.885939 1568132350.133727 bigbrain_1538_0_2776.nii 139885956478784
write_file 1568132362.6266546 1568132495.4618545 inc-bigbrain_1538_0_2776.nii 139885956478784
task_duration 1568132345.3177187 1568132736.005547 1568132339-isilon_1it_25cpus_60sdelay_withpc-0 139885956478784
read_file 1568132661.2379403 1568132661.326597 bigbrain_2307_1809_0.nii 140135383660352
increment_file 1568132661.340184 1568132666.8255007 bigbrain_2307_1809_0.nii 140135383660352
write_file 1568132666.875158 1568132673.3806918 inc-bigbrain_2307_1809_0.nii 140135383660352
task_duration 1568132781.235131 1568132913.456674 1568132339-isilon_1it_25cpus_60sdelay_withpc-0 140135383660352
read_file 1568132225.3243876 1568132225.812167 bigbrain_1538_1206_0.nii 140349394974528
increment_file 1568132225.8364189 1568132268.8828125 bigbrain_1538_1206_0.nii 140349394974528
write_file 1568132355.8033147 1568132417.184364 inc-bigbrain_1538_1206_0.nii 140349394974528
task_duration 1568132345.3173544 1568132679.1057212 1568132339-isilon_1it_25cpus_60sdelay_withpc-0 140349394974528
read_file 1568132828.1834977 1568132828.3796394 bigbrain_3076_1206_694.nii 140688190670656
increment_file 1568132836.4440978 1568132877.484962 bigbrain_3076_1206_694.nii 140688190670656
write_file 1568132883.073144 1568132924.7134519 inc-bigbrain_3076_1206_694.nii 140688190670656
task_duration 1568132948.1802788 1568133165.5867724 1568132339-isilon_1it_25cpus_60sdelay_withpc-0 140688190670656
read_file 1568132225.3240943 1568132225.8210235 bigbrain_1538_0_694.nii 140196327790400
increment_file 1568132225.8470986 1568132270.429845 bigbrain_1538_0_694.nii 140196327790400
write_file 1568132357.9272554 1568132462.120609 inc-bigbrain_1538_0_694.nii 140196327790400
task_duration 1568132345.317256 1568132718.306848 1568132339-isilon_1it_25cpus_60sdelay_withpc-0 140196327790400
read_file 1568132987.251866 1568132988.409851 bigbrain_3076_2412_694.nii 139642411337536
increment_file 1568132992.3103275 1568133009.4063933 bigbrain_3076_2412_694.nii 139642411337536
write_file 1568133015.4044983 1568133041.7261822 inc-bigbrain_3076_2412_694.nii 139642411337536
task_duration 1568133107.2392352 1568133287.0345407 1568132339-isilon_1it_25cpus_60sdelay_withpc-0 139642411337536
read_file 1568132225.328868 1568132225.8281648 bigbrain_1538_1206_2776.nii 140180782655296
increment_file 1568132293.558117 1568132340.1749747 bigbrain_1538_1206_2776.nii 140180782655296
write_file 1568132362.28982 1568132490.0485995 inc-bigbrain_1538_1206_2776.nii 140180782655296
task_duration 1568132345.3177037 1568132730.8205 1568132339-isilon_1it_25cpus_60sdelay_withpc-0 140180782655296
read_file 1568133016.1886022 1568133020.6311967 bigbrain_769_0_2082.nii 139860143933248
increment_file 1568133026.6985927 1568133046.2793455 bigbrain_769_0_2082.nii 139860143933248
write_file 1568133046.9661946 1568133075.3395452 inc-bigbrain_769_0_2082.nii 139860143933248
task_duration 1568133136.0342202 1568133315.3718488 1568132339-isilon_1it_25cpus_60sdelay_withpc-0 139860143933248
read_file 1568132686.802757 1568132691.9713438 bigbrain_2307_603_1388.nii 140262681151296
increment_file 1568132712.1855946 1568132736.199766 bigbrain_2307_603_1388.nii 140262681151296
write_file 1568132764.7362852 1568132809.2324986 inc-bigbrain_2307_603_1388.nii 140262681151296
task_duration 1568132806.6429245 1568133053.414066 1568132339-isilon_1it_25cpus_60sdelay_withpc-0 140262681151296
read_file 1568132682.6899126 1568132686.9022634 bigbrain_2307_1809_2776.nii 140705439729472
increment_file 1568132691.301593 1568132710.043229 bigbrain_2307_1809_2776.nii 140705439729472
write_file 1568132732.5750718 1568132768.8125207 inc-bigbrain_2307_1809_2776.nii 140705439729472
task_duration 1568132802.5940313 1568133024.5694814 1568132339-isilon_1it_25cpus_60sdelay_withpc-0 140705439729472
read_file 1568132987.187229 1568132987.2324972 bigbrain_3076_2412_2776.nii 140034520774464
increment_file 1568132987.2628396 1568132996.3205836 bigbrain_3076_2412_2776.nii 140034520774464
write_file 1568133007.5481012 1568133020.061417 inc-bigbrain_3076_2412_2776.nii 140034520774464
task_duration 1568133107.1834323 1568133265.2193983 1568132339-isilon_1it_25cpus_60sdelay_withpc-0 140034520774464
read_file 1568133230.0571878 1568133230.1565733 bigbrain_769_603_1388.nii 140354560800576
increment_file 1568133230.4313214 1568133251.4695897 bigbrain_769_603_1388.nii 140354560800576
write_file 1568133252.646755 1568133275.0596435 inc-bigbrain_769_603_1388.nii 140354560800576
task_duration 1568133350.0548635 1568133515.6231654 1568132339-isilon_1it_25cpus_60sdelay_withpc-0 140354560800576
read_file 1568132691.0341804 1568132704.179492 bigbrain_2307_603_2776.nii 140038275266368
increment_file 1568132721.373517 1568132749.1007638 bigbrain_2307_603_2776.nii 140038275266368
write_file 1568132767.2923496 1568132816.091286 inc-bigbrain_2307_603_2776.nii 140038275266368
task_duration 1568132810.776112 1568133058.1893346 1568132339-isilon_1it_25cpus_60sdelay_withpc-0 140038275266368
read_file 1568132225.325431 1568132225.8231914 bigbrain_1538_1809_2082.nii 140311845267264
increment_file 1568132231.37488 1568132289.3793151 bigbrain_1538_1809_2082.nii 140311845267264
write_file 1568132360.0381374 1568132467.3415692 inc-bigbrain_1538_1809_2082.nii 140311845267264
task_duration 1568132345.317614 1568132714.1430266 1568132339-isilon_1it_25cpus_60sdelay_withpc-0 140311845267264
read_file 1568132225.326487 1568132225.8274033 bigbrain_1538_603_2776.nii 140662730520384
increment_file 1568132289.3776028 1568132339.2608662 bigbrain_1538_603_2776.nii 140662730520384
write_file 1568132362.1485317 1568132488.7132833 inc-bigbrain_1538_603_2776.nii 140662730520384
task_duration 1568132345.317707 1568132730.308826 1568132339-isilon_1it_25cpus_60sdelay_withpc-0 140662730520384
read_file 1568132680.8036258 1568132680.8671227 bigbrain_2307_1809_694.nii 140492442351424
increment_file 1568132681.8177834 1568132689.4320605 bigbrain_2307_1809_694.nii 140492442351424
write_file 1568132716.0544238 1568132747.7397225 inc-bigbrain_2307_1809_694.nii 140492442351424
task_duration 1568132800.801235 1568133006.1085515 1568132339-isilon_1it_25cpus_60sdelay_withpc-0 140492442351424
read_file 1568133076.6923022 1568133079.0812306 bigbrain_769_0_694.nii 140177545512768
increment_file 1568133084.6939054 1568133093.3405297 bigbrain_769_0_694.nii 140177545512768
write_file 1568133095.1401124 1568133116.855403 inc-bigbrain_769_0_694.nii 140177545512768
task_duration 1568133196.6888278 1568133358.8720045 1568132339-isilon_1it_25cpus_60sdelay_withpc-0 140177545512768
read_file 1568132683.5923972 1568132689.2638817 bigbrain_2307_2412_1388.nii 139997593544512
increment_file 1568132706.1751175 1568132727.2293422 bigbrain_2307_2412_1388.nii 139997593544512
write_file 1568132761.731843 1568132806.8193877 inc-bigbrain_2307_2412_1388.nii 139997593544512
task_duration 1568132803.4568076 1568133052.3117788 1568132339-isilon_1it_25cpus_60sdelay_withpc-0 139997593544512
read_file 1568133167.8286278 1568133170.1414459 bigbrain_769_2412_1388.nii 140093478340416
increment_file 1568133172.1531963 1568133185.5824711 bigbrain_769_2412_1388.nii 140093478340416
write_file 1568133195.3322217 1568133219.4335418 inc-bigbrain_769_2412_1388.nii 140093478340416
task_duration 1568133287.813233 1568133460.7634468 1568132339-isilon_1it_25cpus_60sdelay_withpc-0 140093478340416
read_file 1568132225.3296545 1568132225.828868 bigbrain_1538_2412_2082.nii 139803667666752
increment_file 1568132300.6684566 1568132345.1273046 bigbrain_1538_2412_2082.nii 139803667666752
write_file 1568132362.4080534 1568132491.330072 inc-bigbrain_1538_2412_2082.nii 139803667666752
task_duration 1568132345.3178225 1568132731.8555074 1568132339-isilon_1it_25cpus_60sdelay_withpc-0 139803667666752
read_file 1568132604.2763233 1568132614.1288724 bigbrain_2307_1206_2776.nii 140640568248128
increment_file 1568132620.7772317 1568132631.7779317 bigbrain_2307_1206_2776.nii 140640568248128
write_file 1568132638.5007033 1568132658.724663 inc-bigbrain_2307_1206_2776.nii 140640568248128
task_duration 1568132724.2739725 1568132898.8552785 1568132339-isilon_1it_25cpus_60sdelay_withpc-0 140640568248128
read_file 1568132828.2070763 1568132828.376689 bigbrain_3076_0_2776.nii 140486076454720
increment_file 1568132828.386451 1568132851.360449 bigbrain_3076_0_2776.nii 140486076454720
write_file 1568132867.343928 1568132899.1226103 inc-bigbrain_3076_0_2776.nii 140486076454720
task_duration 1568132948.2045395 1568133144.539828 1568132339-isilon_1it_25cpus_60sdelay_withpc-0 140486076454720
read_file 1568132591.4655352 1568132591.496821 bigbrain_2307_0_694.nii 139641282537280
increment_file 1568132591.5037863 1568132597.0225308 bigbrain_2307_0_694.nii 139641282537280
write_file 1568132597.0527987 1568132603.2481468 inc-bigbrain_2307_0_694.nii 139641282537280
task_duration 1568132711.4628947 1568132843.3628128 1568132339-isilon_1it_25cpus_60sdelay_withpc-0 139641282537280
read_file 1568132829.6091902 1568132838.3170762 bigbrain_3076_1809_2082.nii 140630900234048
increment_file 1568132853.6322527 1568132889.0527203 bigbrain_3076_1809_2082.nii 140630900234048
write_file 1568132896.2454493 1568132928.4509213 inc-bigbrain_3076_1809_2082.nii 140630900234048
task_duration 1568132949.208048 1568133168.5647771 1568132339-isilon_1it_25cpus_60sdelay_withpc-0 140630900234048
read_file 1568133144.2237825 1568133150.4888058 bigbrain_769_1809_1388.nii 140238699214656
increment_file 1568133155.2431507 1568133167.5509286 bigbrain_769_1809_1388.nii 140238699214656
write_file 1568133167.5902352 1568133177.7089415 inc-bigbrain_769_1809_1388.nii 140238699214656
task_duration 1568133264.22103 1568133428.358171 1568132339-isilon_1it_25cpus_60sdelay_withpc-0 140238699214656
read_file 1568132828.2358897 1568132831.2147632 bigbrain_3076_1809_1388.nii 140675960473408
increment_file 1568132849.3823755 1568132883.4367151 bigbrain_3076_1809_1388.nii 140675960473408
write_file 1568132886.8183281 1568132927.7868278 inc-bigbrain_3076_1809_1388.nii 140675960473408
task_duration 1568132948.2241373 1568133168.3536816 1568132339-isilon_1it_25cpus_60sdelay_withpc-0 140675960473408
read_file 1568132225.3281057 1568132225.824731 bigbrain_1538_2412_2776.nii 139818566625088
increment_file 1568132254.5228124 1568132309.8821006 bigbrain_1538_2412_2776.nii 139818566625088
write_file 1568132360.7067978 1568132480.644248 inc-bigbrain_1538_2412_2776.nii 139818566625088
task_duration 1568132345.3177245 1568132727.89361 1568132339-isilon_1it_25cpus_60sdelay_withpc-0 139818566625088
read_file 1568132696.7201586 1568132712.8567793 bigbrain_3076_0_2082.nii 140406494779200
increment_file 1568132729.7676265 1568132758.953344 bigbrain_3076_0_2082.nii 140406494779200
write_file 1568132768.7106419 1568132819.6062503 inc-bigbrain_3076_0_2082.nii 140406494779200
task_duration 1568132816.0254118 1568133061.24576 1568132339-isilon_1it_25cpus_60sdelay_withpc-0 140406494779200
read_file 1568132828.1818337 1568132828.3782513 bigbrain_3076_1206_2082.nii 140719874430784
increment_file 1568132830.4114342 1568132866.944842 bigbrain_3076_1206_2082.nii 140719874430784
write_file 1568132879.395018 1568132921.1345031 inc-bigbrain_3076_1206_2082.nii 140719874430784
task_duration 1568132948.1786532 1568133162.3516567 1568132339-isilon_1it_25cpus_60sdelay_withpc-0 140719874430784
read_file 1568132604.175927 1568132604.2640457 bigbrain_2307_1206_0.nii 139971232823104
increment_file 1568132604.275238 1568132618.51123 bigbrain_2307_1206_0.nii 139971232823104
write_file 1568132625.647833 1568132654.0756383 inc-bigbrain_2307_1206_0.nii 139971232823104
task_duration 1568132724.173765 1568132896.4777272 1568132339-isilon_1it_25cpus_60sdelay_withpc-0 139971232823104
read_file 1568133076.7193513 1568133076.7726982 bigbrain_769_0_2776.nii 139923950499648
increment_file 1568133077.8767421 1568133089.1850038 bigbrain_769_0_2776.nii 139923950499648
write_file 1568133092.3911462 1568133116.050351 inc-bigbrain_769_0_2776.nii 139923950499648
task_duration 1568133196.7146184 1568133358.8363883 1568132339-isilon_1it_25cpus_60sdelay_withpc-0 139923950499648
read_file 1568132604.1844072 1568132604.23683 bigbrain_2307_1206_1388.nii 140173653415744
increment_file 1568132604.2681978 1568132617.5986419 bigbrain_2307_1206_1388.nii 140173653415744
write_file 1568132625.2454076 1568132645.0590713 inc-bigbrain_2307_1206_1388.nii 140173653415744
task_duration 1568132724.180909 1568132890.1788452 1568132339-isilon_1it_25cpus_60sdelay_withpc-0 140173653415744
read_file 1568132225.3308492 1568132225.833152 bigbrain_1538_603_2082.nii 139942116759360
increment_file 1568132315.8690271 1568132351.6395495 bigbrain_1538_603_2082.nii 139942116759360
write_file 1568132362.8222756 1568132496.5919263 inc-bigbrain_1538_603_2082.nii 139942116759360
task_duration 1568132345.3177252 1568132736.9419985 1568132339-isilon_1it_25cpus_60sdelay_withpc-0 139942116759360
read_file 1568132690.8200636 1568132702.1565428 bigbrain_2307_603_0.nii 140530412132160
increment_file 1568132716.8568223 1568132742.3731172 bigbrain_2307_603_0.nii 140530412132160
write_file 1568132767.2003064 1568132813.6069472 inc-bigbrain_2307_603_0.nii 140530412132160
task_duration 1568132810.6421633 1568133054.92145 1568132339-isilon_1it_25cpus_60sdelay_withpc-0 140530412132160
read_file 1568132694.126428 1568132709.4024081 bigbrain_3076_0_0.nii 140029736838976
increment_file 1568132724.7151372 1568132753.5593908 bigbrain_3076_0_0.nii 140029736838976
write_file 1568132767.7048438 1568132818.2999723 inc-bigbrain_3076_0_0.nii 140029736838976
task_duration 1568132813.1828172 1568133060.3019762 1568132339-isilon_1it_25cpus_60sdelay_withpc-0 140029736838976
read_file 1568132697.477724 1568132714.8323755 bigbrain_2307_603_694.nii 140046228047680
increment_file 1568132734.446614 1568132761.714807 bigbrain_2307_603_694.nii 140046228047680
write_file 1568132768.9197798 1568132821.4139712 inc-bigbrain_2307_603_694.nii 140046228047680
task_duration 1568132816.0258875 1568133063.314052 1568132339-isilon_1it_25cpus_60sdelay_withpc-0 140046228047680
read_file 1568132828.2150576 1568132828.3774989 bigbrain_3076_1206_1388.nii 139933961811776
increment_file 1568132828.8071609 1568132858.8188186 bigbrain_3076_1206_1388.nii 139933961811776
write_file 1568132871.8397841 1568132909.5884168 inc-bigbrain_3076_1206_1388.nii 139933961811776
task_duration 1568132948.2112975 1568133153.7998862 1568132339-isilon_1it_25cpus_60sdelay_withpc-0 139933961811776
read_file 1568132604.2331061 1568132604.2733643 bigbrain_2307_1206_694.nii 140355081303872
increment_file 1568132605.7685328 1568132620.7723885 bigbrain_2307_1206_694.nii 140355081303872
write_file 1568132626.8559153 1568132654.9135349 inc-bigbrain_2307_1206_694.nii 140355081303872
task_duration 1568132724.2198248 1568132897.3619828 1568132339-isilon_1it_25cpus_60sdelay_withpc-0 140355081303872
read_file 1568132225.3268888 1568132225.8255122 bigbrain_1538_2412_694.nii 140346822821696
increment_file 1568132270.8011045 1568132319.338184 bigbrain_1538_2412_694.nii 140346822821696
write_file 1568132361.108145 1568132480.0473895 inc-bigbrain_1538_2412_694.nii 140346822821696
task_duration 1568132345.317629 1568132724.3981721 1568132339-isilon_1it_25cpus_60sdelay_withpc-0 140346822821696
read_file 1568133009.0293705 1568133015.2809258 bigbrain_769_0_1388.nii 140406857504576
increment_file 1568133017.8545492 1568133041.3227882 bigbrain_769_0_1388.nii 140406857504576
write_file 1568133046.9521255 1568133075.3364444 inc-bigbrain_769_0_1388.nii 140406857504576
task_duration 1568133127.5575435 1568133315.4632306 1568132339-isilon_1it_25cpus_60sdelay_withpc-0 140406857504576
read_file 1568132225.326084 1568132225.8246057 bigbrain_1538_1809_694.nii 140444430780224
increment_file 1568132241.3403237 1568132298.7645788 bigbrain_1538_1809_694.nii 140444430780224
write_file 1568132360.1718938 1568132473.7035887 inc-bigbrain_1538_1809_694.nii 140444430780224
task_duration 1568132345.3176754 1568132726.5102437 1568132339-isilon_1it_25cpus_60sdelay_withpc-0 140444430780224
read_file 1568132828.1859734 1568132828.3789494 bigbrain_3076_0_694.nii 139935745533760
increment_file 1568132833.2360954 1568132872.2916913 bigbrain_3076_0_694.nii 139935745533760
write_file 1568132880.0615697 1568132923.405297 inc-bigbrain_3076_0_694.nii 139935745533760
task_duration 1568132948.1837916 1568133164.4984643 1568132339-isilon_1it_25cpus_60sdelay_withpc-0 139935745533760
read_file 1568133167.794306 1568133171.0754166 bigbrain_769_1809_694.nii 140122479200064
increment_file 1568133180.0610788 1568133197.1299512 bigbrain_769_1809_694.nii 140122479200064
write_file 1568133199.4966974 1568133223.0977693 inc-bigbrain_769_1809_694.nii 140122479200064
task_duration 1568133287.7907891 1568133463.2130153 1568132339-isilon_1it_25cpus_60sdelay_withpc-0 140122479200064
read_file 1568133096.4230168 1568133100.1728947 bigbrain_769_1206_2082.nii 139706185811776
increment_file 1568133101.5846944 1568133118.1741676 bigbrain_769_1206_2082.nii 139706185811776
write_file 1568133119.772868 1568133139.9974968 inc-bigbrain_769_1206_2082.nii 139706185811776
task_duration 1568133216.3427033 1568133381.0881844 1568132339-isilon_1it_25cpus_60sdelay_withpc-0 139706185811776
read_file 1568132225.3300416 1568132225.831953 bigbrain_2307_0_1388.nii 140073050376000
increment_file 1568132304.6845083 1568132347.1179085 bigbrain_2307_0_1388.nii 140073050376000
write_file 1568132362.5245283 1568132492.9771087 inc-bigbrain_2307_0_1388.nii 140073050376000
task_duration 1568132345.3177927 1568132733.4521992 1568132339-isilon_1it_25cpus_60sdelay_withpc-0 140073050376000
read_file 1568132225.323769 1568132225.8196926 bigbrain_1538_603_0.nii 140295049107264
increment_file 1568132225.8421211 1568132269.3885791 bigbrain_1538_603_0.nii 140295049107264
write_file 1568132357.1251295 1568132457.9087677 inc-bigbrain_1538_603_0.nii 140295049107264
task_duration 1568132345.317277 1568132710.4830904 1568132339-isilon_1it_25cpus_60sdelay_withpc-0 140295049107264
read_file 1568133099.4071202 1568133101.8855295 bigbrain_769_1206_1388.nii 140407306454848
increment_file 1568133103.220967 1568133118.687092 bigbrain_769_1206_1388.nii 140407306454848
write_file 1568133120.1769428 1568133140.8156867 inc-bigbrain_769_1206_1388.nii 140407306454848
task_duration 1568133219.0628688 1568133381.8543966 1568132339-isilon_1it_25cpus_60sdelay_withpc-0 140407306454848
read_file 1568133102.4683666 1568133105.1001723 bigbrain_769_1206_694.nii 140314906158912
increment_file 1568133115.0086226 1568133128.2190187 bigbrain_769_1206_694.nii 140314906158912
write_file 1568133130.957216 1568133143.5326674 inc-bigbrain_769_1206_694.nii 140314906158912
task_duration 1568133222.357424 1568133383.6525073 1568132339-isilon_1it_25cpus_60sdelay_withpc-0 140314906158912
read_file 1568132225.3223913 1568132225.8179617 bigbrain_1538_1206_694.nii 140071256115008
increment_file 1568132225.839769 1568132271.844237 bigbrain_1538_1206_694.nii 140071256115008
write_file 1568132358.7292836 1568132465.090431 inc-bigbrain_1538_1206_694.nii 140071256115008
task_duration 1568132345.3171866 1568132715.3328557 1568132339-isilon_1it_25cpus_60sdelay_withpc-0 140071256115008
read_file 1568132707.4136288 1568132722.0434153 bigbrain_3076_0_1388.nii 140279894800192
increment_file 1568132753.394598 1568132777.533644 bigbrain_3076_0_1388.nii 140279894800192
write_file 1568132808.3424554 1568132825.6155906 inc-bigbrain_3076_0_1388.nii 140279894800192
task_duration 1568132826.9868665 1568133065.7381961 1568132339-isilon_1it_25cpus_60sdelay_withpc-0 140279894800192
read_file 1568132225.3227942 1568132225.8203676 bigbrain_1538_2412_0.nii 140666618709824
increment_file 1568132225.844905 1568132270.669379 bigbrain_1538_2412_0.nii 140666618709824
write_file 1568132358.3282073 1568132464.2008333 inc-bigbrain_1538_2412_0.nii 140666618709824
task_duration 1568132345.3172073 1568132711.8397174 1568132339-isilon_1it_25cpus_60sdelay_withpc-0 140666618709824
read_file 1568133230.0669096 1568133230.0957365 bigbrain_769_603_2082.nii 139623856609088
increment_file 1568133230.1542323 1568133247.9963512 bigbrain_769_603_2082.nii 139623856609088
write_file 1568133252.6463513 1568133276.1327846 inc-bigbrain_769_603_2082.nii 139623856609088
task_duration 1568133350.0645235 1568133516.9875472 1568132339-isilon_1it_25cpus_60sdelay_withpc-0 139623856609088
read_file 1568133223.762688 1568133223.8160357 bigbrain_769_2412_2776.nii 139713995302720
increment_file 1568133223.8251252 1568133229.4752698 bigbrain_769_2412_2776.nii 139713995302720
write_file 1568133229.5061593 1568133239.0551186 inc-bigbrain_769_2412_2776.nii 139713995302720
task_duration 1568133343.758943 1568133490.532608 1568132339-isilon_1it_25cpus_60sdelay_withpc-0 139713995302720
read_file 1568132225.3273404 1568132225.8262112 bigbrain_1538_1206_1388.nii 140364361127744
increment_file 1568132277.9834256 1568132326.7281318 bigbrain_1538_1206_1388.nii 140364361127744
write_file 1568132361.5092053 1568132485.6493719 inc-bigbrain_1538_1206_1388.nii 140364361127744
task_duration 1568132345.3177056 1568132729.4275763 1568132339-isilon_1it_25cpus_60sdelay_withpc-0 140364361127744
read_file 1568132681.398692 1568132683.5643032 bigbrain_2307_2412_2082.nii 140671007418176
increment_file 1568132687.1679773 1568132698.3950393 bigbrain_2307_2412_2082.nii 140671007418176
write_file 1568132718.8621614 1568132755.763753 inc-bigbrain_2307_2412_2082.nii 140671007418176
task_duration 1568132801.3268147 1568133007.5378082 1568132339-isilon_1it_25cpus_60sdelay_withpc-0 140671007418176
read_file 1568132225.331284 1568132225.8338776 bigbrain_1538_603_1388.nii 140130230777664
increment_file 1568132322.9820855 1568132353.6323674 bigbrain_1538_603_1388.nii 140130230777664
write_file 1568132362.9077528 1568132497.6153114 inc-bigbrain_1538_603_1388.nii 140130230777664
task_duration 1568132345.3178344 1568132737.967375 1568132339-isilon_1it_25cpus_60sdelay_withpc-0 140130230777664
read_file 1568133001.00617 1568133012.1329234 bigbrain_3076_603_1388.nii 140189125654336
increment_file 1568133015.219684 1568133034.2107897 bigbrain_3076_603_1388.nii 140189125654336
write_file 1568133044.5576982 1568133075.335205 inc-bigbrain_3076_603_1388.nii 140189125654336
task_duration 1568133120.3380454 1568133315.3879733 1568132339-isilon_1it_25cpus_60sdelay_withpc-0 140189125654336
read_file 1568133167.806014 1568133170.6552777 bigbrain_769_2412_2082.nii 140484430464832
increment_file 1568133174.9834707 1568133193.0722666 bigbrain_769_2412_2082.nii 140484430464832
write_file 1568133198.038206 1568133222.4180307 inc-bigbrain_769_2412_2082.nii 140484430464832
task_duration 1568133287.8031764 1568133463.198753 1568132339-isilon_1it_25cpus_60sdelay_withpc-0 140484430464832
read_file 1568133019.1093996 1568133026.237613 bigbrain_769_0_0.nii 140658633451328
increment_file 1568133029.604907 1568133046.9254167 bigbrain_769_0_0.nii 140658633451328
write_file 1568133046.9673922 1568133075.3458023 inc-bigbrain_769_0_0.nii 140658633451328
task_duration 1568133138.3397865 1568133315.4693089 1568132339-isilon_1it_25cpus_60sdelay_withpc-0 140658633451328
read_file 1568132929.6820784 1568132929.7941 bigbrain_3076_1809_694.nii 139640314394432
increment_file 1568132929.8004093 1568132956.7918386 bigbrain_3076_1809_694.nii 139640314394432
write_file 1568132957.1526697 1568132985.2725022 inc-bigbrain_3076_1809_694.nii 139640314394432
task_duration 1568133049.679917 1568133225.393616 1568132339-isilon_1it_25cpus_60sdelay_withpc-0 139640314394432
read_file 1568133093.8278456 1568133095.6670692 bigbrain_769_1206_2776.nii 139682609645376
increment_file 1568133097.3573136 1568133115.5166447 bigbrain_769_1206_2776.nii 139682609645376
write_file 1568133119.3688967 1568133137.1562335 inc-bigbrain_769_1206_2776.nii 139682609645376
task_duration 1568133213.7573235 1568133378.8732405 1568132339-isilon_1it_25cpus_60sdelay_withpc-0 139682609645376
read_file 1568132225.3292506 1568132225.8248134 bigbrain_2307_0_0.nii 139675656869696
increment_file 1568132265.2930875 1568132315.7376451 bigbrain_2307_0_0.nii 139675656869696
write_file 1568132360.974282 1568132477.4987924 inc-bigbrain_2307_0_0.nii 139675656869696
task_duration 1568132345.3177454 1568132723.4819999 1568132339-isilon_1it_25cpus_60sdelay_withpc-0 139675656869696
read_file 1568132225.3277276 1568132225.826916 bigbrain_1538_1206_2082.nii 140205746521920
increment_file 1568132281.993331 1568132329.9089155 bigbrain_1538_1206_2082.nii 140205746521920
write_file 1568132361.8004713 1568132487.1717591 inc-bigbrain_1538_1206_2082.nii 140205746521920
task_duration 1568132345.3176951 1568132729.999919 1568132339-isilon_1it_25cpus_60sdelay_withpc-0 140205746521920
read_file 1568132828.1992638 1568132828.3810673 bigbrain_3076_1809_0.nii 140566481368896
increment_file 1568132846.0689504 1568132882.7635303 bigbrain_3076_1809_0.nii 140566481368896
write_file 1568132886.0766103 1568132927.1467788 inc-bigbrain_3076_1809_0.nii 140566481368896
task_duration 1568132948.1969855 1568133167.7206588 1568132339-isilon_1it_25cpus_60sdelay_withpc-0 140566481368896
read_file 1568133252.6772957 1568133252.6941013 bigbrain_769_603_2776.nii 139988022159168
increment_file 1568133252.7045126 1568133273.3493989 bigbrain_769_603_2776.nii 139988022159168
write_file 1568133273.9369662 1568133286.2907782 inc-bigbrain_769_603_2776.nii 139988022159168
task_duration 1568133372.6751704 1568133526.5639422 1568132339-isilon_1it_25cpus_60sdelay_withpc-0 139988022159168
read_file 1568132929.680898 1568132929.7097225 bigbrain_3076_2412_1388.nii 139741063706432
increment_file 1568132929.7930121 1568132956.4165473 bigbrain_3076_2412_1388.nii 139741063706432
write_file 1568132957.1427584 1568132985.2686322 inc-bigbrain_3076_2412_1388.nii 139741063706432
task_duration 1568133049.6773508 1568133225.3934543 1568132339-isilon_1it_25cpus_60sdelay_withpc-0 139741063706432
read_file 1568133167.8290367 1568133170.797041 bigbrain_769_1809_2776.nii 140396057401152
increment_file 1568133176.186474 1568133194.9306405 bigbrain_769_1809_2776.nii 140396057401152
write_file 1568133198.1719687 1568133223.0917919 inc-bigbrain_769_1809_2776.nii 140396057401152
task_duration 1568133287.817581 1568133463.2055435 1568132339-isilon_1it_25cpus_60sdelay_withpc-0 140396057401152
read_file 1568132673.7058697 1568132673.779222 bigbrain_2307_1809_2082.nii 140019634059072
increment_file 1568132673.8018157 1568132679.882063 bigbrain_2307_1809_2082.nii 140019634059072
write_file 1568132679.938455 1568132688.3718934 inc-bigbrain_2307_1809_2082.nii 140019634059072
task_duration 1568132793.7027905 1568132938.1341636 1568132339-isilon_1it_25cpus_60sdelay_withpc-0 140019634059072
read_file 1568132929.6910336 1568132929.7951815 bigbrain_3076_2412_0.nii 140619548899136
increment_file 1568132929.8054242 1568132957.0033824 bigbrain_3076_2412_0.nii 140619548899136
write_file 1568132957.1454475 1568132985.2680707 inc-bigbrain_3076_2412_0.nii 140619548899136
task_duration 1568133049.688139 1568133225.3218985 1568132339-isilon_1it_25cpus_60sdelay_withpc-0 140619548899136
read_file 1568132987.2742314 1568132990.293115 bigbrain_3076_603_2776.nii 139848518747968
increment_file 1568132998.8585277 1568133015.260666 bigbrain_3076_603_2776.nii 139848518747968
write_file 1568133018.1498823 1568133044.15333 inc-bigbrain_3076_603_2776.nii 139848518747968
task_duration 1568133107.266277 1568133287.040683 1568132339-isilon_1it_25cpus_60sdelay_withpc-0 139848518747968
read_file 1568133008.2674155 1568133015.065756 bigbrain_3076_603_2082.nii 139711701145408
increment_file 1568133017.0031044 1568133039.1990745 bigbrain_3076_603_2082.nii 139711701145408
write_file 1568133046.9319098 1568133075.3388505 inc-bigbrain_3076_603_2082.nii 139711701145408
task_duration 1568133127.5574536 1568133315.4662802 1568132339-isilon_1it_25cpus_60sdelay_withpc-0 139711701145408
read_file 1568133076.6956117 1568133076.739792 bigbrain_769_1206_0.nii 140255896094528
increment_file 1568133076.768116 1568133085.3363025 bigbrain_769_1206_0.nii 140255896094528
write_file 1568133090.5199664 1568133107.7721076 inc-bigbrain_769_1206_0.nii 140255896094528
task_duration 1568133196.6921644 1568133358.7924078 1568132339-isilon_1it_25cpus_60sdelay_withpc-0 140255896094528
read_file 1568132225.331689 1568132225.835309 bigbrain_2307_0_2082.nii 140222677022528
increment_file 1568132349.271871 1568132363.5658593 bigbrain_2307_0_2082.nii 140222677022528
write_file 1568132442.6277215 1568132498.8900104 inc-bigbrain_2307_0_2082.nii 140222677022528
task_duration 1568132345.3178096 1568132738.9995914 1568132339-isilon_1it_25cpus_60sdelay_withpc-0 140222677022528
read_file 1568133144.2270658 1568133144.2863486 bigbrain_769_1809_2082.nii 139882508396352
increment_file 1568133144.2960136 1568133155.1400857 bigbrain_769_1809_2082.nii 139882508396352
write_file 1568133155.2818885 1568133167.5526295 inc-bigbrain_769_1809_2082.nii 139882508396352
task_duration 1568133264.2242632 1568133407.673977 1568132339-isilon_1it_25cpus_60sdelay_withpc-0 139882508396352
read_file 1568132225.3284657 1568132225.8246522 bigbrain_1538_1809_2776.nii 140038234371904
increment_file 1568132249.6751142 1568132304.5520806 bigbrain_1538_1809_2776.nii 140038234371904
write_file 1568132360.5732133 1568132472.0372438 inc-bigbrain_1538_1809_2776.nii 140038234371904
task_duration 1568132345.3177097 1568132724.8447702 1568132339-isilon_1it_25cpus_60sdelay_withpc-0 140038234371904
read_file 1568132701.5221076 1568132717.6605358 bigbrain_2307_603_2082.nii 139835390052160
increment_file 1568132744.134434 1568132766.059746 bigbrain_2307_603_2082.nii 139835390052160
write_file 1568132773.5803177 1568132823.663543 inc-bigbrain_2307_603_2082.nii 139835390052160
task_duration 1568132820.899213 1568133064.8687046 1568132339-isilon_1it_25cpus_60sdelay_withpc-0 139835390052160
read_file 1568132828.194193 1568132828.3802135 bigbrain_3076_1206_0.nii 140265715578688
increment_file 1568132840.7213867 1568132879.5796425 bigbrain_3076_1206_0.nii 140265715578688
write_file 1568132883.2654302 1568132925.4908123 inc-bigbrain_3076_1206_0.nii 140265715578688
task_duration 1568132948.1906002 1568133166.519496 1568132339-isilon_1it_25cpus_60sdelay_withpc-0 140265715578688
read_file 1568132225.3257163 1568132225.8238509 bigbrain_1538_603_694.nii 139668286805824
increment_file 1568132236.087621 1568132295.2930357 bigbrain_1538_603_694.nii 139668286805824
write_file 1568132360.439342 1568132469.1685612 inc-bigbrain_1538_603_694.nii 139668286805824
task_duration 1568132345.3176668 1568132715.6276112 1568132339-isilon_1it_25cpus_60sdelay_withpc-0 139668286805824
read_file 1568133230.0623257 1568133230.1589484 bigbrain_769_2412_694.nii 140454092875584
increment_file 1568133231.963783 1568133252.6234167 bigbrain_769_2412_694.nii 140454092875584
write_file 1568133252.6526134 1568133275.9816036 inc-bigbrain_769_2412_694.nii 140454092875584
task_duration 1568133350.058794 1568133517.1526177 1568132339-isilon_1it_25cpus_60sdelay_withpc-0 140454092875584
read_file 1568132682.2366025 1568132686.4565744 bigbrain_2307_2412_694.nii 140273491113792
increment_file 1568132690.2319658 1568132704.8385272 bigbrain_2307_2412_694.nii 140273491113792
write_file 1568132726.0529165 1568132762.776272 inc-bigbrain_2307_2412_694.nii 140273491113792
task_duration 1568132802.165418 1568133009.3832629 1568132339-isilon_1it_25cpus_60sdelay_withpc-0 140273491113792
read_file 1568132929.684792 1568132929.7947598 bigbrain_3076_2412_2082.nii 140110475687744
increment_file 1568132929.8032858 1568132956.8974721 bigbrain_3076_2412_2082.nii 140110475687744
write_file 1568132957.1448858 1568132985.2626414 inc-bigbrain_3076_2412_2082.nii 140110475687744
task_duration 1568133049.6823938 1568133225.3896368 1568132339-isilon_1it_25cpus_60sdelay_withpc-0 140110475687744
