read_file 1568138378.7358475 1568138378.789781 bigbrain_769_1206_2776.nii 140196521072448
increment_file 1568138381.8275805 1568138405.0975194 bigbrain_769_1206_2776.nii 140196521072448
write_file 1568138408.4003575 1568138432.5499673 inc-bigbrain_769_1206_2776.nii 140196521072448
task_duration 1568138498.7333262 1568138674.6368287 1568137656-isilon_1it_25cpus_60sdelay_withpc-1 140196521072448
read_file 1568138226.8437002 1568138229.4484265 bigbrain_3076_2412_1388.nii 140691056654144
increment_file 1568138231.242822 1568138241.7119381 bigbrain_3076_2412_1388.nii 140691056654144
write_file 1568138243.4476423 1568138262.4801278 inc-bigbrain_3076_2412_1388.nii 140691056654144
task_duration 1568138346.7043908 1568138512.607657 1568137656-isilon_1it_25cpus_60sdelay_withpc-1 140691056654144
read_file 1568137546.242058 1568137546.712935 bigbrain_1538_1809_2776.nii 139861046048576
increment_file 1568137553.5709107 1568137602.3605008 bigbrain_1538_1809_2776.nii 139861046048576
write_file 1568137680.2682006 1568137779.2154884 inc-bigbrain_1538_1809_2776.nii 139861046048576
task_duration 1568137666.2359335 1568138032.7461479 1568137656-isilon_1it_25cpus_60sdelay_withpc-1 139861046048576
read_file 1568138267.0952084 1568138275.057267 bigbrain_3076_603_1388.nii 140327196743488
increment_file 1568138276.8628237 1568138294.6957562 bigbrain_3076_603_1388.nii 140327196743488
write_file 1568138296.8122041 1568138304.049234 inc-bigbrain_3076_603_1388.nii 140327196743488
task_duration 1568138386.3917346 1568138544.1739464 1568137656-isilon_1it_25cpus_60sdelay_withpc-1 140327196743488
read_file 1568138006.8952665 1568138008.1168506 bigbrain_2307_2412_2776.nii 139752308672320
increment_file 1568138013.237629 1568138033.9566193 bigbrain_2307_2412_2776.nii 139752308672320
write_file 1568138038.174916 1568138068.4548404 inc-bigbrain_2307_2412_2776.nii 139752308672320
task_duration 1568138126.8826067 1568138318.2005641 1568137656-isilon_1it_25cpus_60sdelay_withpc-1 139752308672320
read_file 1568138451.8854675 1568138451.93691 bigbrain_769_2412_0.nii 140615087859520
increment_file 1568138451.942436 1568138462.7575257 bigbrain_769_2412_0.nii 140615087859520
write_file 1568138462.8966956 1568138476.1536067 inc-bigbrain_769_2412_0.nii 140615087859520
task_duration 1568138571.8827572 1568138716.3301108 1568137656-isilon_1it_25cpus_60sdelay_withpc-1 140615087859520
read_file 1568137970.7727659 1568137970.828686 bigbrain_2307_1809_1388.nii 140411516340032
increment_file 1568137970.8505619 1568137976.3722572 bigbrain_2307_1809_1388.nii 140411516340032
write_file 1568137977.9083085 1568137987.3595812 inc-bigbrain_2307_1809_1388.nii 140411516340032
task_duration 1568138090.769693 1568138228.1220348 1568137656-isilon_1it_25cpus_60sdelay_withpc-1 140411516340032
read_file 1568138169.2620258 1568138174.1845355 bigbrain_3076_1809_1388.nii 140305520150336
increment_file 1568138180.6019278 1568138189.76325 bigbrain_3076_1809_1388.nii 140305520150336
write_file 1568138192.333936 1568138207.0642462 inc-bigbrain_3076_1809_1388.nii 140305520150336
task_duration 1568138289.081689 1568138447.1874242 1568137656-isilon_1it_25cpus_60sdelay_withpc-1 140305520150336
read_file 1568137546.3332524 1568137546.7361016 bigbrain_1538_2412_2082.nii 140533160761152
increment_file 1568137598.7524357 1568137647.6973922 bigbrain_1538_2412_2082.nii 140533160761152
write_file 1568137681.872279 1568137805.1377046 inc-bigbrain_1538_2412_2082.nii 140533160761152
task_duration 1568137666.2362328 1568138048.6986701 1568137656-isilon_1it_25cpus_60sdelay_withpc-1 140533160761152
read_file 1568137546.2427142 1568137546.716523 bigbrain_1538_1809_0.nii 139627368687424
increment_file 1568137562.1265168 1568137615.9680138 bigbrain_1538_1809_0.nii 139627368687424
write_file 1568137680.4017289 1568137782.85206 inc-bigbrain_1538_1809_0.nii 139627368687424
task_duration 1568137666.2360497 1568138028.871263 1568137656-isilon_1it_25cpus_60sdelay_withpc-1 139627368687424
read_file 1568137546.4416647 1568137546.7443538 bigbrain_1538_603_1388.nii 139927764297536
increment_file 1568137669.6799586 1568137683.4508665 bigbrain_1538_603_1388.nii 139927764297536
write_file 1568137768.4345033 1568137819.2868714 inc-bigbrain_1538_603_1388.nii 139927764297536
task_duration 1568137666.2399786 1568138059.3968184 1568137656-isilon_1it_25cpus_60sdelay_withpc-1 139927764297536
read_file 1568138075.4269 1568138081.3207963 bigbrain_3076_0_1388.nii 140195122390848
increment_file 1568138088.3432105 1568138105.0022395 bigbrain_3076_0_1388.nii 140195122390848
write_file 1568138107.0096774 1568138117.2995412 inc-bigbrain_3076_0_1388.nii 140195122390848
task_duration 1568138194.6993523 1568138357.4224088 1568137656-isilon_1it_25cpus_60sdelay_withpc-1 140195122390848
read_file 1568137923.0045598 1568137923.0461862 bigbrain_2307_1206_2082.nii 140698175485760
increment_file 1568137923.0561154 1568137934.0197186 bigbrain_2307_1206_2082.nii 140698175485760
write_file 1568137934.0646029 1568137952.1357803 inc-bigbrain_2307_1206_2082.nii 140698175485760
task_duration 1568138042.9885259 1568138192.2694142 1568137656-isilon_1it_25cpus_60sdelay_withpc-1 140698175485760
read_file 1568138050.2126365 1568138053.767713 bigbrain_2307_603_694.nii 140401292232512
increment_file 1568138057.4914029 1568138075.319034 bigbrain_2307_603_694.nii 140401292232512
write_file 1568138081.1857955 1568138092.2658856 inc-bigbrain_2307_603_694.nii 140401292232512
task_duration 1568138169.2820852 1568138334.5141428 1568137656-isilon_1it_25cpus_60sdelay_withpc-1 140401292232512
read_file 1568138006.84864 1568138007.1629102 bigbrain_2307_2412_1388.nii 139930084255552
increment_file 1568138009.9400444 1568138028.5014079 bigbrain_2307_2412_1388.nii 139930084255552
write_file 1568138036.2064052 1568138065.469463 inc-bigbrain_2307_2412_1388.nii 139930084255552
task_duration 1568138126.8394153 1568138317.0398066 1568137656-isilon_1it_25cpus_60sdelay_withpc-1 139930084255552
read_file 1568138504.1880436 1568138504.2120433 bigbrain_769_603_694.nii 140030562023232
increment_file 1568138505.345672 1568138533.1181858 bigbrain_769_603_694.nii 140030562023232
write_file 1568138534.015529 1568138549.8841426 inc-bigbrain_769_603_694.nii 140030562023232
task_duration 1568138624.1777472 1568138790.000574 1568137656-isilon_1it_25cpus_60sdelay_withpc-1 140030562023232
read_file 1568138251.0869267 1568138253.8898597 bigbrain_3076_2412_2776.nii 139869928306496
increment_file 1568138255.9291523 1568138270.3666952 bigbrain_3076_2412_2776.nii 139869928306496
write_file 1568138275.8733387 1568138297.321016 inc-bigbrain_3076_2412_2776.nii 139869928306496
task_duration 1568138370.9905586 1568138537.8937054 1568137656-isilon_1it_25cpus_60sdelay_withpc-1 139869928306496
read_file 1568137922.9808006 1568137923.034277 bigbrain_2307_1206_1388.nii 140353284659008
increment_file 1568137923.0478213 1568137933.9124043 bigbrain_2307_1206_1388.nii 140353284659008
write_file 1568137934.0582306 1568137952.1349466 inc-bigbrain_2307_1206_1388.nii 140353284659008
task_duration 1568138042.9772127 1568138192.266107 1568137656-isilon_1it_25cpus_60sdelay_withpc-1 140353284659008
read_file 1568138000.6926925 1568138000.740964 bigbrain_2307_1809_694.nii 139925688084288
increment_file 1568138000.7608862 1568138006.2300262 bigbrain_2307_1809_694.nii 139925688084288
write_file 1568138006.279171 1568138019.277628 inc-bigbrain_2307_1809_694.nii 139925688084288
task_duration 1568138120.689952 1568138272.2186596 1568137656-isilon_1it_25cpus_60sdelay_withpc-1 139925688084288
read_file 1568137546.3153746 1568137546.7354856 bigbrain_1538_2412_0.nii 139643719546688
increment_file 1568137591.4320471 1568137639.8385174 bigbrain_1538_2412_0.nii 139643719546688
write_file 1568137681.3373644 1568137802.1179643 inc-bigbrain_1538_2412_0.nii 139643719546688
task_duration 1568137666.236178 1568138046.9334588 1568137656-isilon_1it_25cpus_60sdelay_withpc-1 139643719546688
read_file 1568138060.3175383 1568138066.8092034 bigbrain_3076_0_0.nii 139942861576000
increment_file 1568138077.1951945 1568138087.9008763 bigbrain_3076_0_0.nii 139942861576000
write_file 1568138094.3236117 1568138113.7443283 inc-bigbrain_3076_0_0.nii 139942861576000
task_duration 1568138180.1938615 1568138354.972998 1568137656-isilon_1it_25cpus_60sdelay_withpc-1 139942861576000
read_file 1568138006.820451 1568138006.9011145 bigbrain_2307_2412_0.nii 140244432320320
increment_file 1568138007.6877496 1568138022.0784976 bigbrain_2307_2412_0.nii 140244432320320
write_file 1568138034.890954 1568138058.8945365 inc-bigbrain_2307_2412_0.nii 140244432320320
task_duration 1568138126.8162165 1568138301.742676 1568137656-isilon_1it_25cpus_60sdelay_withpc-1 140244432320320
read_file 1568137546.368828 1568137546.7372699 bigbrain_1538_603_2776.nii 140184795240256
increment_file 1568137609.9774084 1568137657.8095524 bigbrain_1538_603_2776.nii 140184795240256
write_file 1568137682.1391718 1568137808.3439643 inc-bigbrain_1538_603_2776.nii 140184795240256
task_duration 1568137666.2363982 1568138049.5425842 1568137656-isilon_1it_25cpus_60sdelay_withpc-1 140184795240256
read_file 1568138119.9251606 1568138131.9755652 bigbrain_3076_1206_1388.nii 140575656245056
increment_file 1568138136.5696352 1568138147.2211068 bigbrain_3076_1206_1388.nii 140575656245056
write_file 1568138149.9294465 1568138178.9091828 inc-bigbrain_3076_1206_1388.nii 140575656245056
task_duration 1568138239.773784 1568138422.3100233 1568137656-isilon_1it_25cpus_60sdelay_withpc-1 140575656245056
read_file 1568138358.9163487 1568138360.9440448 bigbrain_769_1206_2082.nii 139636657190720
increment_file 1568138362.5871193 1568138377.83232 bigbrain_769_1206_2082.nii 139636657190720
write_file 1568138377.8718817 1568138401.7828147 inc-bigbrain_769_1206_2082.nii 139636657190720
task_duration 1568138478.9131944 1568138648.4811647 1568137656-isilon_1it_25cpus_60sdelay_withpc-1 139636657190720
read_file 1568138340.747357 1568138340.7975945 bigbrain_769_0_694.nii 139796907718464
increment_file 1568138340.8110523 1568138357.4303448 bigbrain_769_0_694.nii 139796907718464
write_file 1568138358.2931576 1568138373.8657756 inc-bigbrain_769_0_694.nii 139796907718464
task_duration 1568138460.7450092 1568138617.9385664 1568137656-isilon_1it_25cpus_60sdelay_withpc-1 139796907718464
read_file 1568138451.8876693 1568138451.9381235 bigbrain_769_2412_1388.nii 139717935372096
increment_file 1568138451.944301 1568138462.8628836 bigbrain_769_2412_1388.nii 139717935372096
write_file 1568138462.8972504 1568138476.193224 inc-bigbrain_769_2412_1388.nii 139717935372096
task_duration 1568138571.8841283 1568138716.3338695 1568137656-isilon_1it_25cpus_60sdelay_withpc-1 139717935372096
read_file 1568138242.89467 1568138244.670474 bigbrain_3076_2412_2082.nii 140622606952256
increment_file 1568138247.7261682 1568138261.806384 bigbrain_3076_2412_2082.nii 140622606952256
write_file 1568138273.8305657 1568138290.4632947 inc-bigbrain_3076_2412_2082.nii 140622606952256
task_duration 1568138362.7612503 1568138532.0587294 1568137656-isilon_1it_25cpus_60sdelay_withpc-1 140622606952256
read_file 1568138224.794185 1568138227.2218764 bigbrain_3076_2412_0.nii 140388350990144
increment_file 1568138228.9074492 1568138239.9303634 bigbrain_3076_2412_0.nii 140388350990144
write_file 1568138242.9753203 1568138260.8929467 inc-bigbrain_3076_2412_0.nii 140388350990144
task_duration 1568138344.6786804 1568138511.4075596 1568137656-isilon_1it_25cpus_60sdelay_withpc-1 140388350990144
read_file 1568137546.24343 1568137546.7202969 bigbrain_1538_1206_0.nii 140360502703936
increment_file 1568137575.6278636 1568137627.42707 bigbrain_1538_1206_0.nii 140360502703936
write_file 1568137680.8028996 1568137791.0389113 inc-bigbrain_1538_1206_0.nii 140360502703936
task_duration 1568137666.236219 1568138038.7130268 1568137656-isilon_1it_25cpus_60sdelay_withpc-1 140360502703936
read_file 1568138307.2848907 1568138320.2601528 bigbrain_769_0_2082.nii 139900386142016
increment_file 1568138322.1115072 1568138340.450575 bigbrain_769_0_2082.nii 139900386142016
write_file 1568138340.645028 1568138358.2673917 inc-bigbrain_769_0_2082.nii 139900386142016
task_duration 1568138426.845537 1568138598.3689208 1568137656-isilon_1it_25cpus_60sdelay_withpc-1 139900386142016
read_file 1568137546.243111 1568137546.7194786 bigbrain_1538_1206_2776.nii 140376158086976
increment_file 1568137567.3401167 1568137619.5591867 bigbrain_1538_1206_2776.nii 140376158086976
write_file 1568137680.5353208 1568137787.7053595 inc-bigbrain_1538_1206_2776.nii 140376158086976
task_duration 1568137666.2361426 1568138039.9469438 1568137656-isilon_1it_25cpus_60sdelay_withpc-1 140376158086976
read_file 1568138358.9491181 1568138360.2502067 bigbrain_769_1206_0.nii 140454955398976
increment_file 1568138362.0180938 1568138377.457364 bigbrain_769_1206_0.nii 140454955398976
write_file 1568138377.863455 1568138402.7184665 inc-bigbrain_769_1206_0.nii 140454955398976
task_duration 1568138478.9250047 1568138648.4826643 1568137656-isilon_1it_25cpus_60sdelay_withpc-1 140454955398976
read_file 1568137546.2405665 1568137546.6530724 bigbrain_1538_2412_2776.nii 140558452832064
increment_file 1568137546.7474804 1568137580.3848906 bigbrain_1538_2412_2776.nii 140558452832064
write_file 1568137678.0202672 1568137767.385374 inc-bigbrain_1538_2412_2776.nii 140558452832064
task_duration 1568137666.235756 1568138017.2063572 1568137656-isilon_1it_25cpus_60sdelay_withpc-1 140558452832064
read_file 1568138305.5325325 1568138305.6105654 bigbrain_3076_603_2776.nii 139681817327424
increment_file 1568138305.6268444 1568138319.3248155 bigbrain_3076_603_2776.nii 139681817327424
write_file 1568138324.8686962 1568138340.5987048 inc-bigbrain_3076_603_2776.nii 139681817327424
task_duration 1568138425.5301123 1568138580.740955 1568137656-isilon_1it_25cpus_60sdelay_withpc-1 139681817327424
read_file 1568138149.9646933 1568138151.3259733 bigbrain_3076_1809_0.nii 140513661658944
increment_file 1568138156.9081736 1568138179.6905417 bigbrain_3076_1809_0.nii 140513661658944
write_file 1568138183.4095647 1568138201.435852 inc-bigbrain_3076_1809_0.nii 140513661658944
task_duration 1568138269.6263137 1568138443.22361 1568137656-isilon_1it_25cpus_60sdelay_withpc-1 140513661658944
read_file 1568137546.4412029 1568137546.743899 bigbrain_2307_0_0.nii 140563174000448
increment_file 1568137647.5905375 1568137679.7345665 bigbrain_2307_0_0.nii 140563174000448
write_file 1568137684.8428733 1568137818.1534195 inc-bigbrain_2307_0_0.nii 140563174000448
task_duration 1568137666.2389448 1568138058.4792402 1568137656-isilon_1it_25cpus_60sdelay_withpc-1 140563174000448
read_file 1568137975.6459334 1568137976.4220533 bigbrain_2307_1809_2776.nii 140116383352640
increment_file 1568137978.3120358 1568137988.0003076 bigbrain_2307_1809_2776.nii 140116383352640
write_file 1568137988.0482225 1568138000.529259 inc-bigbrain_2307_1809_2776.nii 140116383352640
task_duration 1568138095.4666948 1568138240.6575072 1568137656-isilon_1it_25cpus_60sdelay_withpc-1 140116383352640
read_file 1568138378.757364 1568138381.2140536 bigbrain_769_1809_1388.nii 139651484043072
increment_file 1568138385.2540803 1568138407.860781 bigbrain_769_1809_1388.nii 139651484043072
write_file 1568138408.4026809 1568138433.3518753 inc-bigbrain_769_1809_1388.nii 139651484043072
task_duration 1568138498.7382517 1568138674.6451545 1568137656-isilon_1it_25cpus_60sdelay_withpc-1 139651484043072
read_file 1568137546.2529435 1568137546.733967 bigbrain_2307_0_1388.nii 140216144369472
increment_file 1568137580.3830373 1568137628.8821645 bigbrain_2307_0_1388.nii 140216144369472
write_file 1568137680.9364598 1568137797.2738917 inc-bigbrain_2307_0_1388.nii 140216144369472
task_duration 1568137666.2361965 1568138043.27511 1568137656-isilon_1it_25cpus_60sdelay_withpc-1 140216144369472
read_file 1568138408.9695501 1568138409.0095754 bigbrain_769_1809_2776.nii 140676569474880
increment_file 1568138409.014273 1568138430.9762537 bigbrain_769_1809_2776.nii 140676569474880
write_file 1568138434.530293 1568138451.7470303 inc-bigbrain_769_1809_2776.nii 140676569474880
task_duration 1568138528.9593723 1568138691.862716 1568137656-isilon_1it_25cpus_60sdelay_withpc-1 140676569474880
read_file 1568137546.2414486 1568137546.7091541 bigbrain_1538_0_2776.nii 140277065815872
increment_file 1568137548.6250675 1568137591.6717968 bigbrain_1538_0_2776.nii 140277065815872
write_file 1568137679.628194 1568137773.3105772 inc-bigbrain_1538_0_2776.nii 140277065815872
task_duration 1568137666.2359836 1568138026.610265 1568137656-isilon_1it_25cpus_60sdelay_withpc-1 140277065815872
read_file 1568138475.9907136 1568138476.2246475 bigbrain_769_2412_2776.nii 140295946712896
increment_file 1568138476.959276 1568138501.9058924 bigbrain_769_2412_2776.nii 140295946712896
write_file 1568138503.640585 1568138531.404742 inc-bigbrain_769_2412_2776.nii 140295946712896
task_duration 1568138595.921119 1568138772.052823 1568137656-isilon_1it_25cpus_60sdelay_withpc-1 140295946712896
read_file 1568138504.2091405 1568138504.2254026 bigbrain_769_603_2776.nii 139680195155776
increment_file 1568138506.4375162 1568138533.3884268 bigbrain_769_603_2776.nii 139680195155776
write_file 1568138534.0601673 1568138549.8881645 inc-bigbrain_769_603_2776.nii 139680195155776
task_duration 1568138624.1968594 1568138790.0052843 1568137656-isilon_1it_25cpus_60sdelay_withpc-1 139680195155776
read_file 1568138217.297543 1568138220.5706716 bigbrain_3076_1809_694.nii 140548570445632
increment_file 1568138220.5834348 1568138229.448943 bigbrain_3076_1809_694.nii 140548570445632
write_file 1568138235.2712333 1568138251.989475 inc-bigbrain_3076_1809_694.nii 140548570445632
task_duration 1568138336.8609397 1568138493.9108267 1568137656-isilon_1it_25cpus_60sdelay_withpc-1 140548570445632
read_file 1568137546.4224691 1568137546.74176 bigbrain_1538_1809_694.nii 139832164611904
increment_file 1568137632.6512792 1568137670.8564873 bigbrain_1538_1809_694.nii 139832164611904
write_file 1568137683.003384 1568137816.1884553 inc-bigbrain_1538_1809_694.nii 139832164611904
task_duration 1568137666.2381861 1568138056.6418045 1568137656-isilon_1it_25cpus_60sdelay_withpc-1 139832164611904
read_file 1568138378.7388823 1568138380.3140104 bigbrain_769_1809_0.nii 140107335309120
increment_file 1568138384.5644975 1568138406.9463255 bigbrain_769_1809_0.nii 140107335309120
write_file 1568138408.402112 1568138432.817294 inc-bigbrain_769_1809_0.nii 140107335309120
task_duration 1568138498.7366743 1568138674.6401172 1568137656-isilon_1it_25cpus_60sdelay_withpc-1 140107335309120
read_file 1568138504.1658015 1568138504.190734 bigbrain_769_603_2082.nii 140207098275648
increment_file 1568138504.2119334 1568138530.1790974 bigbrain_769_603_2082.nii 140207098275648
write_file 1568138530.9394147 1568138543.4414136 inc-bigbrain_769_603_2082.nii 140207098275648
task_duration 1568138624.1625044 1568138783.9490798 1568137656-isilon_1it_25cpus_60sdelay_withpc-1 140207098275648
read_file 1568137546.24084 1568137546.6734436 bigbrain_1538_1206_1388.nii 140092289787712
increment_file 1568137546.7498384 1568137580.4892335 bigbrain_1538_1206_1388.nii 140092289787712
write_file 1568137677.2182238 1568137763.30751 inc-bigbrain_1538_1206_1388.nii 140092289787712
task_duration 1568137666.2346778 1568138017.9518836 1568137656-isilon_1it_25cpus_60sdelay_withpc-1 140092289787712
read_file 1568138064.6298344 1568138077.336137 bigbrain_3076_0_2082.nii 139992224425792
increment_file 1568138080.7844336 1568138092.6564856 bigbrain_3076_0_2082.nii 139992224425792
write_file 1568138095.2524607 1568138113.9853082 inc-bigbrain_3076_0_2082.nii 139992224425792
task_duration 1568138184.38664 1568138355.1598306 1568137656-isilon_1it_25cpus_60sdelay_withpc-1 139992224425792
read_file 1568138053.0712993 1568138055.7707663 bigbrain_2307_603_2776.nii 140712335169344
increment_file 1568138058.6263208 1568138076.3486474 bigbrain_2307_603_2776.nii 140712335169344
write_file 1568138081.5868735 1568138104.6472259 inc-bigbrain_2307_603_2776.nii 140712335169344
task_duration 1568138172.6200252 1568138346.355893 1568137656-isilon_1it_25cpus_60sdelay_withpc-1 140712335169344
read_file 1568138209.505425 1568138209.5592391 bigbrain_3076_1809_2082.nii 140335957686080
increment_file 1568138209.572965 1568138219.632364 bigbrain_3076_1809_2082.nii 140335957686080
write_file 1568138220.5925303 1568138232.4512286 inc-bigbrain_3076_1809_2082.nii 140335957686080
task_duration 1568138329.5029345 1568138480.8063486 1568137656-isilon_1it_25cpus_60sdelay_withpc-1 140335957686080
read_file 1568137546.2396321 1568137546.7374058 bigbrain_1538_0_694.nii 139754502776640
increment_file 1568137614.1230826 1568137660.609218 bigbrain_1538_0_694.nii 139754502776640
write_file 1568137682.455231 1568137810.1246204 inc-bigbrain_1538_0_694.nii 139754502776640
task_duration 1568137666.2358038 1568138050.9510736 1568137656-isilon_1it_25cpus_60sdelay_withpc-1 139754502776640
read_file 1568138476.1917422 1568138476.2322283 bigbrain_769_603_1388.nii 139623609321280
increment_file 1568138479.875502 1568138503.6163142 bigbrain_769_603_1388.nii 139623609321280
write_file 1568138503.6526437 1568138532.90122 inc-bigbrain_769_603_1388.nii 139623609321280
task_duration 1568138596.180935 1568138773.9324803 1568137656-isilon_1it_25cpus_60sdelay_withpc-1 139623609321280
read_file 1568138340.746782 1568138340.7964294 bigbrain_769_0_2776.nii 140003488565056
increment_file 1568138340.8076124 1568138357.0733979 bigbrain_769_0_2776.nii 140003488565056
write_file 1568138358.289286 1568138374.2670486 inc-bigbrain_769_0_2776.nii 140003488565056
task_duration 1568138460.7441325 1568138617.9462733 1568137656-isilon_1it_25cpus_60sdelay_withpc-1 140003488565056
read_file 1568137546.2417333 1568137546.7121582 bigbrain_1538_603_2082.nii 139987931633472
increment_file 1568137550.4964345 1568137596.8686378 bigbrain_1538_603_2082.nii 139987931633472
write_file 1568137680.000657 1568137774.796803 inc-bigbrain_1538_603_2082.nii 139987931633472
task_duration 1568137666.2359831 1568138029.6382837 1568137656-isilon_1it_25cpus_60sdelay_withpc-1 139987931633472
read_file 1568138007.0010104 1568138009.2356417 bigbrain_2307_603_1388.nii 140338477729600
increment_file 1568138021.298364 1568138036.2061489 bigbrain_2307_603_1388.nii 140338477729600
write_file 1568138044.2552032 1568138071.6959221 inc-bigbrain_2307_603_1388.nii 140338477729600
task_duration 1568138126.9106038 1568138318.3895867 1568137656-isilon_1it_25cpus_60sdelay_withpc-1 140338477729600
read_file 1568138119.5507295 1568138119.622277 bigbrain_3076_0_2776.nii 140430054688576
increment_file 1568138119.657783 1568138134.8600843 bigbrain_3076_0_2776.nii 140430054688576
write_file 1568138141.9535835 1568138169.9298744 inc-bigbrain_3076_0_2776.nii 140430054688576
task_duration 1568138239.5483534 1568138413.0395389 1568137656-isilon_1it_25cpus_60sdelay_withpc-1 140430054688576
read_file 1568138305.5768487 1568138305.6239643 bigbrain_3076_603_694.nii 139784672008000
increment_file 1568138308.4521787 1568138322.1043015 bigbrain_3076_603_694.nii 139784672008000
write_file 1568138326.3651626 1568138340.625834 inc-bigbrain_3076_603_694.nii 139784672008000
task_duration 1568138425.5620677 1568138580.7523906 1568137656-isilon_1it_25cpus_60sdelay_withpc-1 139784672008000
read_file 1568137546.4046385 1568137546.74116 bigbrain_1538_603_0.nii 140695314593600
increment_file 1568137625.439762 1568137667.542939 bigbrain_1538_603_0.nii 140695314593600
write_file 1568137682.7348027 1568137813.8998582 inc-bigbrain_1538_603_0.nii 140695314593600
task_duration 1568137666.2376182 1568138054.2515106 1568137656-isilon_1it_25cpus_60sdelay_withpc-1 140695314593600
read_file 1568138151.9168832 1568138153.1610694 bigbrain_3076_1206_2776.nii 140323071891264
increment_file 1568138158.7172432 1568138180.066636 bigbrain_3076_1206_2776.nii 140323071891264
write_file 1568138183.5446007 1568138204.3479042 inc-bigbrain_3076_1206_2776.nii 140323071891264
task_duration 1568138271.74775 1568138445.6428843 1568137656-isilon_1it_25cpus_60sdelay_withpc-1 140323071891264
read_file 1568138209.5296898 1568138209.5698447 bigbrain_3076_1809_2776.nii 140049026242368
increment_file 1568138209.5823495 1568138220.5571635 bigbrain_3076_1809_2776.nii 140049026242368
write_file 1568138220.5946226 1568138238.0848973 inc-bigbrain_3076_1809_2776.nii 140049026242368
task_duration 1568138329.5174878 1568138482.5177321 1568137656-isilon_1it_25cpus_60sdelay_withpc-1 140049026242368
read_file 1568137546.4402814 1568137546.7425416 bigbrain_1538_603_694.nii 140538174641984
increment_file 1568137636.6859396 1568137672.0313127 bigbrain_1538_603_694.nii 140538174641984
write_file 1568137683.151506 1568137816.783777 inc-bigbrain_1538_603_694.nii 140538174641984
task_duration 1568137666.2381926 1568138057.169582 1568137656-isilon_1it_25cpus_60sdelay_withpc-1 140538174641984
read_file 1568137546.440828 1568137546.7432194 bigbrain_1538_1206_694.nii 140142812763968
increment_file 1568137643.5804143 1568137674.0109053 bigbrain_1538_1206_694.nii 140142812763968
write_file 1568137683.2950315 1568137818.038706 inc-bigbrain_1538_1206_694.nii 140142812763968
task_duration 1568137666.2386684 1568138058.310818 1568137656-isilon_1it_25cpus_60sdelay_withpc-1 140142812763968
read_file 1568138305.5243845 1568138305.582022 bigbrain_3076_603_2082.nii 139692857415488
increment_file 1568138305.6165338 1568138317.6151514 bigbrain_3076_603_2082.nii 139692857415488
write_file 1568138322.1067278 1568138332.7317724 inc-bigbrain_3076_603_2082.nii 139692857415488
task_duration 1568138425.5217702 1568138580.723753 1568137656-isilon_1it_25cpus_60sdelay_withpc-1 139692857415488
read_file 1568137934.221178 1568137934.2718759 bigbrain_2307_1206_2776.nii 139864703473472
increment_file 1568137934.7026029 1568137952.1358516 bigbrain_2307_1206_2776.nii 139864703473472
write_file 1568137952.1898997 1568137969.2541468 inc-bigbrain_2307_1206_2776.nii 139864703473472
task_duration 1568138054.1995273 1568138209.3821099 1568137656-isilon_1it_25cpus_60sdelay_withpc-1 139864703473472
read_file 1568138306.3435447 1568138319.5915012 bigbrain_769_0_1388.nii 140124247582528
increment_file 1568138322.105279 1568138339.8210306 bigbrain_769_0_1388.nii 140124247582528
write_file 1568138340.6546133 1568138358.2678895 inc-bigbrain_769_0_1388.nii 140124247582528
task_duration 1568138426.1738143 1568138598.396612 1568137656-isilon_1it_25cpus_60sdelay_withpc-1 140124247582528
read_file 1568137970.8747005 1568137976.374582 bigbrain_2307_1809_2082.nii 139851769259840
increment_file 1568137976.4147284 1568137984.5825102 bigbrain_2307_1809_2082.nii 139851769259840
write_file 1568137988.029474 1568138000.5358653 inc-bigbrain_2307_1809_2082.nii 139851769259840
task_duration 1568138090.8635764 1568138240.6287227 1568137656-isilon_1it_25cpus_60sdelay_withpc-1 139851769259840
read_file 1568137546.2411437 1568137546.6825557 bigbrain_1538_2412_1388.nii 139680481785664
increment_file 1568137546.762105 1568137584.3421106 bigbrain_1538_2412_1388.nii 139680481785664
write_file 1568137678.4212012 1568137767.8380742 inc-bigbrain_1538_2412_1388.nii 139680481785664
task_duration 1568137666.2359288 1568138021.6082397 1568137656-isilon_1it_25cpus_60sdelay_withpc-1 139680481785664
read_file 1568138409.0148864 1568138412.9510093 bigbrain_769_1809_694.nii 140488983312192
increment_file 1568138417.9186761 1568138434.5273352 bigbrain_769_1809_694.nii 140488983312192
write_file 1568138434.5712335 1568138451.5834255 inc-bigbrain_769_1809_694.nii 140488983312192
task_duration 1568138529.0124412 1568138691.8570287 1568137656-isilon_1it_25cpus_60sdelay_withpc-1 140488983312192
read_file 1568138119.5701234 1568138119.6285658 bigbrain_3076_1206_0.nii 140052658071360
increment_file 1568138120.460324 1568138136.5710983 bigbrain_3076_1206_0.nii 140052658071360
write_file 1568138144.7792428 1568138175.5473878 inc-bigbrain_3076_1206_0.nii 140052658071360
task_duration 1568138239.5558066 1568138421.4818223 1568137656-isilon_1it_25cpus_60sdelay_withpc-1 140052658071360
read_file 1568138358.8755937 1568138358.9085653 bigbrain_769_1206_1388.nii 140342730061632
increment_file 1568138358.9167702 1568138373.5996134 bigbrain_769_1206_1388.nii 140342730061632
write_file 1568138377.8563046 1568138403.6544805 inc-bigbrain_769_1206_1388.nii 140342730061632
task_duration 1568138478.872114 1568138648.4838078 1568137656-isilon_1it_25cpus_60sdelay_withpc-1 140342730061632
read_file 1568137546.2975204 1568137546.7346437 bigbrain_1538_1809_2082.nii 139770362308416
increment_file 1568137587.4218366 1568137636.792009 bigbrain_1538_1809_2082.nii 139770362308416
write_file 1568137681.2037272 1568137797.5676978 inc-bigbrain_1538_1809_2082.nii 139770362308416
task_duration 1568137666.2362118 1568138042.514508 1568137656-isilon_1it_25cpus_60sdelay_withpc-1 139770362308416
read_file 1568137934.1617694 1568137934.253309 bigbrain_2307_1809_0.nii 140572865148736
increment_file 1568137934.2756717 1568137949.7865171 bigbrain_2307_1809_0.nii 140572865148736
write_file 1568137952.1813402 1568137969.258922 inc-bigbrain_2307_1809_0.nii 140572865148736
task_duration 1568138054.1584277 1568138209.3836982 1568137656-isilon_1it_25cpus_60sdelay_withpc-1 140572865148736
read_file 1568138018.0637357 1568138034.626302 bigbrain_2307_603_0.nii 139953048667968
increment_file 1568138036.2181036 1568138058.280789 bigbrain_2307_603_0.nii 139953048667968
write_file 1568138063.3293417 1568138080.1172423 inc-bigbrain_2307_603_0.nii 139953048667968
task_duration 1568138136.5919235 1568138323.4769075 1568137656-isilon_1it_25cpus_60sdelay_withpc-1 139953048667968
read_file 1568138017.3009663 1568138034.2239218 bigbrain_2307_2412_694.nii 139986686072640
increment_file 1568138036.211609 1568138055.8362179 bigbrain_2307_2412_694.nii 139986686072640
write_file 1568138061.0252454 1568138077.0529008 inc-bigbrain_2307_2412_694.nii 139986686072640
task_duration 1568138136.5913117 1568138320.623972 1568137656-isilon_1it_25cpus_60sdelay_withpc-1 139986686072640
read_file 1568137546.3510833 1568137546.7367294 bigbrain_2307_0_2082.nii 140064641836864
increment_file 1568137602.6278036 1568137650.7436032 bigbrain_2307_0_2082.nii 140064641836864
write_file 1568137682.0055943 1568137806.0463705 inc-bigbrain_2307_0_2082.nii 140064641836864
task_duration 1568137666.2364125 1568138049.2389572 1568137656-isilon_1it_25cpus_60sdelay_withpc-1 140064641836864
read_file 1568137899.3712075 1568137899.3958437 bigbrain_2307_1206_0.nii 140606369171264
increment_file 1568137899.4159858 1568137910.2478437 bigbrain_2307_1206_0.nii 140606369171264
write_file 1568137910.3819444 1568137921.9884365 inc-bigbrain_2307_1206_0.nii 140606369171264
task_duration 1568138019.3690438 1568138162.106011 1568137656-isilon_1it_25cpus_60sdelay_withpc-1 140606369171264
read_file 1568138475.9383898 1568138476.2229831 bigbrain_769_2412_694.nii 140609139021632
increment_file 1568138476.2392132 1568138499.3951292 bigbrain_769_2412_694.nii 140609139021632
write_file 1568138503.6141896 1568138533.224356 inc-bigbrain_769_2412_694.nii 140609139021632
task_duration 1568138595.8587337 1568138774.0321321 1568137656-isilon_1it_25cpus_60sdelay_withpc-1 140609139021632
read_file 1568138119.6315398 1568138123.2870357 bigbrain_3076_1206_2082.nii 140530671470400
increment_file 1568138133.5498025 1568138145.1540554 bigbrain_3076_1206_2082.nii 140530671470400
write_file 1568138149.7691114 1568138178.2356834 inc-bigbrain_3076_1206_2082.nii 140530671470400
task_duration 1568138239.62775 1568138421.7860303 1568137656-isilon_1it_25cpus_60sdelay_withpc-1 140530671470400
read_file 1568138475.5284147 1568138476.1981027 bigbrain_769_603_0.nii 139677361612608
increment_file 1568138476.234426 1568138497.6858034 bigbrain_769_603_0.nii 139677361612608
write_file 1568138502.974364 1568138532.5184307 inc-bigbrain_769_603_0.nii 139677361612608
task_duration 1568138595.4309015 1568138773.830622 1568137656-isilon_1it_25cpus_60sdelay_withpc-1 139677361612608
read_file 1568137546.242364 1568137546.715874 bigbrain_1538_1206_2082.nii 140064393697088
increment_file 1568137557.447579 1568137609.9785604 bigbrain_1538_1206_2082.nii 140064393697088
write_file 1568137680.134252 1568137779.9643936 inc-bigbrain_1538_1206_2082.nii 140064393697088
task_duration 1568137666.2360203 1568138028.578534 1568137656-isilon_1it_25cpus_60sdelay_withpc-1 140064393697088
read_file 1568137934.16581 1568137934.258187 bigbrain_2307_1206_694.nii 140714896983872
increment_file 1568137934.2883875 1568137951.094906 bigbrain_2307_1206_694.nii 140714896983872
write_file 1568137952.1842988 1568137969.2612727 inc-bigbrain_2307_1206_694.nii 140714896983872
task_duration 1568138054.163614 1568138209.3921456 1568137656-isilon_1it_25cpus_60sdelay_withpc-1 140714896983872
read_file 1568138057.007251 1568138060.814192 bigbrain_2307_603_2082.nii 140397299582784
increment_file 1568138064.6299047 1568138079.581887 bigbrain_2307_603_2082.nii 140397299582784
write_file 1568138085.7262115 1568138106.858921 inc-bigbrain_2307_603_2082.nii 140397299582784
task_duration 1568138176.8546999 1568138348.0529351 1568137656-isilon_1it_25cpus_60sdelay_withpc-1 140397299582784
read_file 1568138253.2923138 1568138256.117888 bigbrain_3076_603_0.nii 140186946205504
increment_file 1568138261.5645368 1568138275.7078693 bigbrain_3076_603_0.nii 140186946205504
write_file 1568138278.049231 1568138297.78239 inc-bigbrain_3076_603_0.nii 140186946205504
task_duration 1568138373.2083395 1568138537.909568 1568137656-isilon_1it_25cpus_60sdelay_withpc-1 140186946205504
read_file 1568137546.2392635 1568137546.5613546 bigbrain_1538_1809_1388.nii 140242417157952
increment_file 1568137546.7387936 1568137580.0121253 bigbrain_1538_1809_1388.nii 140242417157952
write_file 1568137675.8812292 1568137736.194964 inc-bigbrain_1538_1809_1388.nii 140242417157952
task_duration 1568137666.2357535 1568138006.0115142 1568137656-isilon_1it_25cpus_60sdelay_withpc-1 140242417157952
read_file 1568137546.3868024 1568137546.7406092 bigbrain_1538_2412_694.nii 139770727876416
increment_file 1568137621.4294198 1568137665.5589833 bigbrain_1538_2412_694.nii 139770727876416
write_file 1568137682.5996852 1568137811.87837 inc-bigbrain_1538_2412_694.nii 139770727876416
task_duration 1568137666.2364132 1568138052.405381 1568137656-isilon_1it_25cpus_60sdelay_withpc-1 139770727876416
read_file 1568138162.5120454 1568138165.9620447 bigbrain_3076_1206_694.nii 139759844857664
increment_file 1568138167.491554 1568138181.9297693 bigbrain_3076_1206_694.nii 139759844857664
write_file 1568138185.0344892 1568138205.442545 inc-bigbrain_3076_1206_694.nii 139759844857664
task_duration 1568138281.8007002 1568138446.5805378 1568137656-isilon_1it_25cpus_60sdelay_withpc-1 139759844857664
read_file 1568138305.692707 1568138317.509562 bigbrain_769_0_0.nii 140143106848576
increment_file 1568138321.3280885 1568138339.6236327 bigbrain_769_0_0.nii 140143106848576
write_file 1568138340.651073 1568138358.270723 inc-bigbrain_769_0_0.nii 140143106848576
task_duration 1568138425.6377685 1568138598.3914435 1568137656-isilon_1it_25cpus_60sdelay_withpc-1 140143106848576
read_file 1568138119.5468278 1568138119.618128 bigbrain_3076_0_694.nii 140700719109952
increment_file 1568138119.6327562 1568138132.615765 bigbrain_3076_0_694.nii 140700719109952
write_file 1568138141.146299 1568138164.5837924 inc-bigbrain_3076_0_694.nii 140700719109952
task_duration 1568138239.542878 1568138406.4501064 1568137656-isilon_1it_25cpus_60sdelay_withpc-1 140700719109952
read_file 1568138006.8291197 1568138006.9194555 bigbrain_2307_2412_2082.nii 140283442554688
increment_file 1568138008.4748914 1568138024.6241007 bigbrain_2307_2412_2082.nii 140283442554688
write_file 1568138035.9654536 1568138059.2173316 inc-bigbrain_2307_2412_2082.nii 140283442554688
task_duration 1568138126.8268893 1568138301.8692067 1568137656-isilon_1it_25cpus_60sdelay_withpc-1 140283442554688
read_file 1568137886.9915698 1568137887.0128388 bigbrain_2307_0_2776.nii 140018770089792
increment_file 1568137887.020111 1568137892.4803371 bigbrain_2307_0_2776.nii 140018770089792
write_file 1568137892.5041773 1568137898.5876296 inc-bigbrain_2307_0_2776.nii 140018770089792
task_duration 1568138006.988315 1568138138.6965802 1568137656-isilon_1it_25cpus_60sdelay_withpc-1 140018770089792
read_file 1568138252.3393204 1568138255.2015948 bigbrain_3076_2412_694.nii 140141706544960
increment_file 1568138256.9286425 1568138272.6290689 bigbrain_3076_2412_694.nii 140141706544960
write_file 1568138275.929538 1568138297.773611 inc-bigbrain_3076_2412_694.nii 140141706544960
task_duration 1568138372.2438464 1568138537.8945742 1568137656-isilon_1it_25cpus_60sdelay_withpc-1 140141706544960
read_file 1568138408.9562414 1568138408.9949343 bigbrain_769_1809_2082.nii 140350432393024
increment_file 1568138409.009179 1568138430.9669745 bigbrain_769_1809_2082.nii 140350432393024
write_file 1568138434.5280697 1568138451.748322 inc-bigbrain_769_1809_2082.nii 140350432393024
task_duration 1568138528.9528143 1568138691.864259 1568137656-isilon_1it_25cpus_60sdelay_withpc-1 140350432393024
read_file 1568138378.7577202 1568138381.5259166 bigbrain_769_1206_694.nii 139745386125120
increment_file 1568138386.775386 1568138408.370142 bigbrain_769_1206_694.nii 139745386125120
write_file 1568138408.4091053 1568138433.0847647 inc-bigbrain_769_1206_694.nii 139745386125120
task_duration 1568138498.7410529 1568138674.6439507 1568137656-isilon_1it_25cpus_60sdelay_withpc-1 139745386125120
read_file 1568138475.3679824 1568138476.1943393 bigbrain_769_2412_2082.nii 139808402511680
increment_file 1568138476.2297165 1568138496.7772024 bigbrain_769_2412_2082.nii 139808402511680
write_file 1568138502.8406389 1568138532.3097186 inc-bigbrain_769_2412_2082.nii 139808402511680
task_duration 1568138595.279305 1568138773.8166914 1568137656-isilon_1it_25cpus_60sdelay_withpc-1 139808402511680
read_file 1568137899.374799 1568137899.416262 bigbrain_2307_0_694.nii 139737573549888
increment_file 1568137899.4212222 1568137910.3536947 bigbrain_2307_0_694.nii 139737573549888
write_file 1568137910.3836226 1568137921.9971468 inc-bigbrain_2307_0_694.nii 139737573549888
task_duration 1568138019.372068 1568138162.1189044 1568137656-isilon_1it_25cpus_60sdelay_withpc-1 139737573549888
