read_file 1568133875.4003682 1568133875.4020321 bigbrain_769_603_694.nii 140154007705408
increment_file 1568133875.402181 1568133876.2671483 bigbrain_769_603_694.nii 140154007705408
write_file 1568133876.2768939 1568133877.1183662 inc-bigbrain_769_603_694.nii 140154007705408
task_duration 1568133995.397574 1568134117.2249994 1568133533-tmpfs_1it_25cpus_60delay_withpc-0 140154007705408
read_file 1568133875.3939788 1568133875.3954096 bigbrain_769_603_1388.nii 140718695233344
increment_file 1568133875.3955739 1568133876.2514324 bigbrain_769_603_1388.nii 140718695233344
write_file 1568133876.261461 1568133877.1715164 inc-bigbrain_769_603_1388.nii 140718695233344
task_duration 1568133995.3922322 1568134117.2840786 1568133533-tmpfs_1it_25cpus_60delay_withpc-0 140718695233344
read_file 1568133875.392497 1568133875.3937726 bigbrain_769_603_2082.nii 140453453854528
increment_file 1568133875.3939168 1568133876.2623894 bigbrain_769_603_2082.nii 140453453854528
write_file 1568133876.272088 1568133877.118082 inc-bigbrain_769_603_2082.nii 140453453854528
task_duration 1568133995.3903759 1568134117.2295272 1568133533-tmpfs_1it_25cpus_60delay_withpc-0 140453453854528
read_file 1568133875.3904796 1568133875.392176 bigbrain_769_603_0.nii 140068344559424
increment_file 1568133875.3923352 1568133876.2572393 bigbrain_769_603_0.nii 140068344559424
write_file 1568133876.2669618 1568133877.106045 inc-bigbrain_769_603_0.nii 140068344559424
task_duration 1568133995.38725 1568134117.21084 1568133533-tmpfs_1it_25cpus_60delay_withpc-0 140068344559424
read_file 1568133875.3727908 1568133875.3740551 bigbrain_769_2412_694.nii 139827159603008
increment_file 1568133875.374197 1568133876.1599367 bigbrain_769_2412_694.nii 139827159603008
write_file 1568133876.1698182 1568133877.0118148 inc-bigbrain_769_2412_694.nii 139827159603008
task_duration 1568133995.3706012 1568134117.120587 1568133533-tmpfs_1it_25cpus_60delay_withpc-0 139827159603008
read_file 1568133875.3725398 1568133875.3738117 bigbrain_769_2412_2776.nii 139996331579200
increment_file 1568133875.3739777 1568133876.1568086 bigbrain_769_2412_2776.nii 139996331579200
write_file 1568133876.1666682 1568133877.0081604 inc-bigbrain_769_2412_2776.nii 139996331579200
task_duration 1568133995.3699522 1568134117.1186938 1568133533-tmpfs_1it_25cpus_60delay_withpc-0 139996331579200
read_file 1568133875.3673434 1568133875.3694243 bigbrain_769_603_2776.nii 140596737709888
increment_file 1568133875.369673 1568133876.2364552 bigbrain_769_603_2776.nii 140596737709888
write_file 1568133876.2462435 1568133877.0932395 inc-bigbrain_769_603_2776.nii 140596737709888
task_duration 1568133995.3644118 1568134117.2025635 1568133533-tmpfs_1it_25cpus_60delay_withpc-0 140596737709888
read_file 1568133875.311006 1568133875.3122187 bigbrain_769_2412_2082.nii 140586083034944
increment_file 1568133875.3123653 1568133876.1581123 bigbrain_769_2412_2082.nii 140586083034944
write_file 1568133876.16802 1568133877.018239 inc-bigbrain_769_2412_2082.nii 140586083034944
task_duration 1568133995.308723 1568134117.1291797 1568133533-tmpfs_1it_25cpus_60delay_withpc-0 140586083034944
read_file 1568133875.274387 1568133875.2760186 bigbrain_769_2412_1388.nii 139904457566016
increment_file 1568133875.276208 1568133876.0513005 bigbrain_769_2412_1388.nii 139904457566016
write_file 1568133876.0611281 1568133876.9041271 inc-bigbrain_769_2412_1388.nii 139904457566016
task_duration 1568133995.272231 1568134117.015002 1568133533-tmpfs_1it_25cpus_60delay_withpc-0 139904457566016
read_file 1568133875.1913679 1568133875.1929276 bigbrain_769_2412_0.nii 140043618465600
increment_file 1568133875.193113 1568133876.0235393 bigbrain_769_2412_0.nii 140043618465600
write_file 1568133876.033336 1568133877.0309002 inc-bigbrain_769_2412_0.nii 140043618465600
task_duration 1568133995.1893325 1568134117.1437557 1568133533-tmpfs_1it_25cpus_60delay_withpc-0 140043618465600
read_file 1568133875.0463235 1568133875.0485976 bigbrain_769_1809_694.nii 139764552456000
increment_file 1568133875.0488257 1568133875.7882519 bigbrain_769_1809_694.nii 139764552456000
write_file 1568133875.7978945 1568133876.625132 inc-bigbrain_769_1809_694.nii 139764552456000
task_duration 1568133995.0431209 1568134116.7356765 1568133533-tmpfs_1it_25cpus_60delay_withpc-0 139764552456000
read_file 1568133874.0500083 1568133874.0515802 bigbrain_769_1809_2776.nii 139934365923136
increment_file 1568133874.051744 1568133874.470013 bigbrain_769_1809_2776.nii 139934365923136
write_file 1568133874.4811723 1568133874.922549 inc-bigbrain_769_1809_2776.nii 139934365923136
task_duration 1568133994.0482128 1568134115.0280652 1568133533-tmpfs_1it_25cpus_60delay_withpc-0 139934365923136
read_file 1568133873.8003955 1568133873.8027315 bigbrain_769_1809_2082.nii 139889396520768
increment_file 1568133873.8029118 1568133874.497094 bigbrain_769_1809_2082.nii 139889396520768
write_file 1568133874.5064528 1568133875.2482662 inc-bigbrain_769_1809_2082.nii 139889396520768
task_duration 1568133993.797214 1568134115.355906 1568133533-tmpfs_1it_25cpus_60delay_withpc-0 139889396520768
read_file 1568133873.4188251 1568133873.4202476 bigbrain_769_1809_1388.nii 140049791330112
increment_file 1568133873.4203954 1568133873.8024676 bigbrain_769_1809_1388.nii 140049791330112
write_file 1568133873.8120942 1568133874.5704916 inc-bigbrain_769_1809_1388.nii 140049791330112
task_duration 1568133993.4156482 1568134114.6355188 1568133533-tmpfs_1it_25cpus_60delay_withpc-0 140049791330112
read_file 1568133873.0912378 1568133873.0923896 bigbrain_769_1809_0.nii 139900178741056
increment_file 1568133873.092523 1568133873.5318458 bigbrain_769_1809_0.nii 139900178741056
write_file 1568133873.541495 1568133873.966769 inc-bigbrain_769_1809_0.nii 139900178741056
task_duration 1568133993.0897632 1568134114.0799377 1568133533-tmpfs_1it_25cpus_60delay_withpc-0 139900178741056
read_file 1568133871.7051833 1568133871.7063322 bigbrain_769_1206_694.nii 139835054851904
increment_file 1568133871.7064617 1568133872.1798124 bigbrain_769_1206_694.nii 139835054851904
write_file 1568133872.18943 1568133872.6337764 inc-bigbrain_769_1206_694.nii 139835054851904
task_duration 1568133991.7035449 1568134112.743669 1568133533-tmpfs_1it_25cpus_60delay_withpc-0 139835054851904
read_file 1568133871.5928948 1568133871.5957017 bigbrain_769_1206_2776.nii 139924725831488
increment_file 1568133871.5960162 1568133872.0109558 bigbrain_769_1206_2776.nii 139924725831488
write_file 1568133872.021023 1568133872.4677446 inc-bigbrain_769_1206_2776.nii 139924725831488
task_duration 1568133991.5903256 1568134112.5770416 1568133533-tmpfs_1it_25cpus_60delay_withpc-0 139924725831488
read_file 1568133871.0019417 1568133871.0031424 bigbrain_769_1206_2082.nii 140258432579392
increment_file 1568133871.0032835 1568133871.3971746 bigbrain_769_1206_2082.nii 140258432579392
write_file 1568133871.4070907 1568133871.8710058 inc-bigbrain_769_1206_2082.nii 140258432579392
task_duration 1568133991.0001123 1568134111.9787858 1568133533-tmpfs_1it_25cpus_60delay_withpc-0 140258432579392
read_file 1568133870.4953609 1568133870.4962459 bigbrain_769_1206_1388.nii 140064870307648
increment_file 1568133870.4963539 1568133870.8753462 bigbrain_769_1206_1388.nii 140064870307648
write_file 1568133870.8847384 1568133871.32615 inc-bigbrain_769_1206_1388.nii 140064870307648
task_duration 1568133990.494138 1568134111.432263 1568133533-tmpfs_1it_25cpus_60delay_withpc-0 140064870307648
read_file 1568133869.700502 1568133869.7014246 bigbrain_769_1206_0.nii 140376845449024
increment_file 1568133869.701535 1568133870.1296875 bigbrain_769_1206_0.nii 140376845449024
write_file 1568133870.138626 1568133870.707235 inc-bigbrain_769_1206_0.nii 140376845449024
task_duration 1568133989.698228 1568134110.812274 1568133533-tmpfs_1it_25cpus_60delay_withpc-0 140376845449024
read_file 1568133866.3605943 1568133866.3618042 bigbrain_769_0_2776.nii 140169886910272
increment_file 1568133866.3619225 1568133866.7576551 bigbrain_769_0_2776.nii 140169886910272
write_file 1568133866.766687 1568133867.1992707 inc-bigbrain_769_0_2776.nii 140169886910272
task_duration 1568133986.357729 1568134107.3062718 1568133533-tmpfs_1it_25cpus_60delay_withpc-0 140169886910272
read_file 1568133866.3584952 1568133866.359529 bigbrain_769_0_694.nii 140133424801600
increment_file 1568133866.3596714 1568133866.921742 bigbrain_769_0_694.nii 140133424801600
write_file 1568133866.930702 1568133867.650395 inc-bigbrain_769_0_694.nii 140133424801600
task_duration 1568133986.3562152 1568134107.7587738 1568133533-tmpfs_1it_25cpus_60delay_withpc-0 140133424801600
read_file 1568133750.1766684 1568133750.1783457 bigbrain_769_0_2082.nii 139759563376448
increment_file 1568133750.1785579 1568133751.070094 bigbrain_769_0_2082.nii 139759563376448
write_file 1568133751.080125 1568133751.9151883 inc-bigbrain_769_0_2082.nii 139759563376448
task_duration 1568133870.1744869 1568133992.0191166 1568133533-tmpfs_1it_25cpus_60delay_withpc-0 139759563376448
read_file 1568133750.1608438 1568133750.1627991 bigbrain_769_0_1388.nii 139810789742400
increment_file 1568133750.1630452 1568133751.1387613 bigbrain_769_0_1388.nii 139810789742400
write_file 1568133751.148825 1568133752.1217778 inc-bigbrain_769_0_1388.nii 139810789742400
task_duration 1568133870.158378 1568133992.2180877 1568133533-tmpfs_1it_25cpus_60delay_withpc-0 139810789742400
read_file 1568133750.1586347 1568133750.1602337 bigbrain_769_0_0.nii 140543841752896
increment_file 1568133750.1604393 1568133751.1289074 bigbrain_769_0_0.nii 140543841752896
write_file 1568133751.1388824 1568133752.0294597 inc-bigbrain_769_0_0.nii 140543841752896
task_duration 1568133870.1566396 1568133992.1342866 1568133533-tmpfs_1it_25cpus_60delay_withpc-0 140543841752896
read_file 1568133750.1476698 1568133750.1491983 bigbrain_3076_603_694.nii 139758389995328
increment_file 1568133750.1493788 1568133751.1312122 bigbrain_3076_603_694.nii 139758389995328
write_file 1568133751.141509 1568133752.464344 inc-bigbrain_3076_603_694.nii 139758389995328
task_duration 1568133870.1458137 1568133992.5684257 1568133533-tmpfs_1it_25cpus_60delay_withpc-0 139758389995328
read_file 1568133750.1264174 1568133750.1280103 bigbrain_3076_603_2776.nii 140533616510784
increment_file 1568133750.1282134 1568133751.108167 bigbrain_3076_603_2776.nii 140533616510784
write_file 1568133751.1183228 1568133752.0292516 inc-bigbrain_3076_603_2776.nii 140533616510784
task_duration 1568133870.1245682 1568133992.136629 1568133533-tmpfs_1it_25cpus_60delay_withpc-0 140533616510784
read_file 1568133750.114999 1568133750.1161666 bigbrain_3076_2412_694.nii 140680738543424
increment_file 1568133750.1163194 1568133751.0900104 bigbrain_3076_2412_694.nii 140680738543424
write_file 1568133751.0999231 1568133752.0128958 inc-bigbrain_3076_2412_694.nii 140680738543424
task_duration 1568133870.1127152 1568133992.1189167 1568133533-tmpfs_1it_25cpus_60delay_withpc-0 140680738543424
read_file 1568133750.111081 1568133750.1125078 bigbrain_3076_603_0.nii 140084866139968
increment_file 1568133750.1126952 1568133751.0085294 bigbrain_3076_603_0.nii 140084866139968
write_file 1568133751.01841 1568133751.859529 inc-bigbrain_3076_603_0.nii 140084866139968
task_duration 1568133870.1092703 1568133991.964385 1568133533-tmpfs_1it_25cpus_60delay_withpc-0 140084866139968
read_file 1568133750.104956 1568133750.1061468 bigbrain_3076_603_1388.nii 139639078750016
increment_file 1568133750.1062946 1568133751.0820832 bigbrain_3076_603_1388.nii 139639078750016
write_file 1568133751.0920727 1568133752.0067334 inc-bigbrain_3076_603_1388.nii 139639078750016
task_duration 1568133870.1024342 1568133992.110673 1568133533-tmpfs_1it_25cpus_60delay_withpc-0 139639078750016
read_file 1568133750.1043646 1568133750.1056435 bigbrain_3076_603_2082.nii 140017572984640
increment_file 1568133750.1057994 1568133751.0809486 bigbrain_3076_603_2082.nii 140017572984640
write_file 1568133751.0909915 1568133752.0054884 inc-bigbrain_3076_603_2082.nii 140017572984640
task_duration 1568133870.1011379 1568133992.1116881 1568133533-tmpfs_1it_25cpus_60delay_withpc-0 140017572984640
read_file 1568133750.096262 1568133750.0977325 bigbrain_3076_2412_2776.nii 140461091727168
increment_file 1568133750.0979116 1568133751.0741968 bigbrain_3076_2412_2776.nii 140461091727168
write_file 1568133751.084336 1568133752.4283736 inc-bigbrain_3076_2412_2776.nii 140461091727168
task_duration 1568133870.0944588 1568133992.5326605 1568133533-tmpfs_1it_25cpus_60delay_withpc-0 140461091727168
read_file 1568133750.0742283 1568133750.0755086 bigbrain_3076_2412_2082.nii 140602037892928
increment_file 1568133750.07566 1568133751.0391104 bigbrain_3076_2412_2082.nii 140602037892928
write_file 1568133751.0491855 1568133751.9700756 inc-bigbrain_3076_2412_2082.nii 140602037892928
task_duration 1568133870.0710356 1568133992.074956 1568133533-tmpfs_1it_25cpus_60delay_withpc-0 140602037892928
read_file 1568133750.0516129 1568133750.0538192 bigbrain_3076_2412_1388.nii 140349150709568
increment_file 1568133750.0540574 1568133751.0154347 bigbrain_3076_2412_1388.nii 140349150709568
write_file 1568133751.0256138 1568133751.9510581 inc-bigbrain_3076_2412_1388.nii 140349150709568
task_duration 1568133870.048626 1568133992.0567193 1568133533-tmpfs_1it_25cpus_60delay_withpc-0 140349150709568
read_file 1568133750.0312397 1568133750.0327394 bigbrain_3076_2412_0.nii 139998174353216
increment_file 1568133750.0329235 1568133750.9243336 bigbrain_3076_2412_0.nii 139998174353216
write_file 1568133750.9341874 1568133751.7876368 inc-bigbrain_3076_2412_0.nii 139998174353216
task_duration 1568133870.0292773 1568133991.8934019 1568133533-tmpfs_1it_25cpus_60delay_withpc-0 139998174353216
read_file 1568133749.5582848 1568133749.5603573 bigbrain_3076_1809_694.nii 140089772635968
increment_file 1568133749.5606093 1568133750.3188748 bigbrain_3076_1809_694.nii 140089772635968
write_file 1568133750.3293753 1568133751.656569 inc-bigbrain_3076_1809_694.nii 140089772635968
task_duration 1568133869.55557 1568133991.7601707 1568133533-tmpfs_1it_25cpus_60delay_withpc-0 140089772635968
read_file 1568133749.4940937 1568133749.4954152 bigbrain_3076_1809_2776.nii 140675233298240
increment_file 1568133749.4955866 1568133750.177254 bigbrain_3076_1809_2776.nii 140675233298240
write_file 1568133750.1870012 1568133751.1224568 inc-bigbrain_3076_1809_2776.nii 140675233298240
task_duration 1568133869.4920897 1568133991.2266545 1568133533-tmpfs_1it_25cpus_60delay_withpc-0 140675233298240
read_file 1568133749.4521596 1568133749.4539337 bigbrain_3076_1809_2082.nii 140381603809088
increment_file 1568133749.4541404 1568133750.2366695 bigbrain_3076_1809_2082.nii 140381603809088
write_file 1568133750.2473319 1568133751.1991162 inc-bigbrain_3076_1809_2082.nii 140381603809088
task_duration 1568133869.4498518 1568133991.3029778 1568133533-tmpfs_1it_25cpus_60delay_withpc-0 140381603809088
read_file 1568133749.4319031 1568133749.4331763 bigbrain_3076_1809_1388.nii 139880425592640
increment_file 1568133749.4333396 1568133750.039349 bigbrain_3076_1809_1388.nii 139880425592640
write_file 1568133750.0489395 1568133750.9859345 inc-bigbrain_3076_1809_1388.nii 139880425592640
task_duration 1568133869.4291837 1568133991.0892699 1568133533-tmpfs_1it_25cpus_60delay_withpc-0 139880425592640
read_file 1568133749.4134521 1568133749.4148388 bigbrain_3076_1809_0.nii 140377970628416
increment_file 1568133749.4150136 1568133750.0075161 bigbrain_3076_1809_0.nii 140377970628416
write_file 1568133750.0171545 1568133750.9506323 inc-bigbrain_3076_1809_0.nii 140377970628416
task_duration 1568133869.411748 1568133991.0022855 1568133533-tmpfs_1it_25cpus_60delay_withpc-0 140377970628416
read_file 1568133749.176946 1568133749.1792738 bigbrain_3076_1206_694.nii 139933486413632
increment_file 1568133749.1795228 1568133749.5869358 bigbrain_3076_1206_694.nii 139933486413632
write_file 1568133749.5967047 1568133750.433133 inc-bigbrain_3076_1206_694.nii 139933486413632
task_duration 1568133869.1737497 1568133990.5115798 1568133533-tmpfs_1it_25cpus_60delay_withpc-0 139933486413632
read_file 1568133749.1483178 1568133749.149462 bigbrain_3076_1206_2776.nii 140253040006976
increment_file 1568133749.149586 1568133749.5517693 bigbrain_3076_1206_2776.nii 140253040006976
write_file 1568133749.5613694 1568133750.3614123 inc-bigbrain_3076_1206_2776.nii 140253040006976
task_duration 1568133869.1451786 1568133990.47359 1568133533-tmpfs_1it_25cpus_60delay_withpc-0 140253040006976
read_file 1568133748.917133 1568133748.9188292 bigbrain_3076_1206_2082.nii 140519878674240
increment_file 1568133748.919038 1568133749.3443015 bigbrain_3076_1206_2082.nii 140519878674240
write_file 1568133749.3537838 1568133750.0416145 inc-bigbrain_3076_1206_2082.nii 140519878674240
task_duration 1568133868.9148202 1568133990.1443315 1568133533-tmpfs_1it_25cpus_60delay_withpc-0 140519878674240
read_file 1568133748.6845474 1568133748.6861773 bigbrain_3076_1206_1388.nii 140318081763136
increment_file 1568133748.6863647 1568133749.1035838 bigbrain_3076_1206_1388.nii 140318081763136
write_file 1568133749.113232 1568133749.6150296 inc-bigbrain_3076_1206_1388.nii 140318081763136
task_duration 1568133868.6823487 1568133989.7299469 1568133533-tmpfs_1it_25cpus_60delay_withpc-0 140318081763136
read_file 1568133747.9925811 1568133747.994011 bigbrain_3076_1206_0.nii 140264109029184
increment_file 1568133747.9941995 1568133748.3865664 bigbrain_3076_1206_0.nii 140264109029184
write_file 1568133748.395934 1568133748.8382049 inc-bigbrain_3076_1206_0.nii 140264109029184
task_duration 1568133867.989311 1568133988.947898 1568133533-tmpfs_1it_25cpus_60delay_withpc-0 140264109029184
read_file 1568133744.484021 1568133744.4853818 bigbrain_3076_0_2776.nii 140139432986432
increment_file 1568133744.4855435 1568133744.8994896 bigbrain_3076_0_2776.nii 140139432986432
write_file 1568133744.9090996 1568133745.3666856 inc-bigbrain_3076_0_2776.nii 140139432986432
task_duration 1568133864.4822598 1568133985.478456 1568133533-tmpfs_1it_25cpus_60delay_withpc-0 140139432986432
read_file 1568133744.4721658 1568133744.4731412 bigbrain_3076_0_694.nii 139677848794944
increment_file 1568133744.4732654 1568133744.9041984 bigbrain_3076_0_694.nii 139677848794944
write_file 1568133744.913848 1568133745.3473196 inc-bigbrain_3076_0_694.nii 139677848794944
task_duration 1568133864.470654 1568133985.4583814 1568133533-tmpfs_1it_25cpus_60delay_withpc-0 139677848794944
read_file 1568133622.493226 1568133622.4953127 bigbrain_3076_0_2082.nii 139738598881088
increment_file 1568133622.495591 1568133623.4805655 bigbrain_3076_0_2082.nii 139738598881088
write_file 1568133623.4908535 1568133624.3068135 inc-bigbrain_3076_0_2082.nii 139738598881088
task_duration 1568133742.4905722 1568133864.4096184 1568133533-tmpfs_1it_25cpus_60delay_withpc-0 139738598881088
read_file 1568133622.393817 1568133622.3952484 bigbrain_3076_0_1388.nii 140164136810304
increment_file 1568133622.395429 1568133623.3987787 bigbrain_3076_0_1388.nii 140164136810304
write_file 1568133623.4094703 1568133624.455556 inc-bigbrain_3076_0_1388.nii 140164136810304
task_duration 1568133742.3905656 1568133864.5598118 1568133533-tmpfs_1it_25cpus_60delay_withpc-0 140164136810304
read_file 1568133622.3916633 1568133622.3937824 bigbrain_2307_603_694.nii 139745276950336
increment_file 1568133622.3940418 1568133623.3930295 bigbrain_2307_603_694.nii 139745276950336
write_file 1568133623.403165 1568133624.3386025 inc-bigbrain_2307_603_694.nii 139745276950336
task_duration 1568133742.3889394 1568133864.44071 1568133533-tmpfs_1it_25cpus_60delay_withpc-0 139745276950336
read_file 1568133622.3901887 1568133622.3916473 bigbrain_2307_603_2776.nii 139942283970368
increment_file 1568133622.3918457 1568133623.377114 bigbrain_2307_603_2776.nii 139942283970368
write_file 1568133623.3874972 1568133624.2225935 inc-bigbrain_2307_603_2776.nii 139942283970368
task_duration 1568133742.3876967 1568133864.3265345 1568133533-tmpfs_1it_25cpus_60delay_withpc-0 139942283970368
read_file 1568133622.3860402 1568133622.3875995 bigbrain_2307_603_0.nii 139895644985152
increment_file 1568133622.387807 1568133623.3854465 bigbrain_2307_603_0.nii 139895644985152
write_file 1568133623.3955166 1568133624.4060113 inc-bigbrain_2307_603_0.nii 139895644985152
task_duration 1568133742.3841572 1568133864.5106404 1568133533-tmpfs_1it_25cpus_60delay_withpc-0 139895644985152
read_file 1568133622.3829415 1568133622.3845184 bigbrain_2307_603_1388.nii 140425894934336
increment_file 1568133622.3846667 1568133623.3763227 bigbrain_2307_603_1388.nii 140425894934336
write_file 1568133623.3866107 1568133624.5258038 inc-bigbrain_2307_603_1388.nii 140425894934336
task_duration 1568133742.3796682 1568133864.6299493 1568133533-tmpfs_1it_25cpus_60delay_withpc-0 140425894934336
read_file 1568133622.3824282 1568133622.3843098 bigbrain_2307_2412_2776.nii 139775003912000
increment_file 1568133622.384473 1568133623.3744242 bigbrain_2307_2412_2776.nii 139775003912000
write_file 1568133623.3847082 1568133624.3213923 inc-bigbrain_2307_2412_2776.nii 139775003912000
task_duration 1568133742.3791268 1568133864.4247837 1568133533-tmpfs_1it_25cpus_60delay_withpc-0 139775003912000
read_file 1568133622.381737 1568133622.383942 bigbrain_3076_0_0.nii 139650748528448
increment_file 1568133622.3841217 1568133623.3772447 bigbrain_3076_0_0.nii 139650748528448
write_file 1568133623.3873966 1568133624.3271253 inc-bigbrain_3076_0_0.nii 139650748528448
task_duration 1568133742.3784719 1568133864.4296923 1568133533-tmpfs_1it_25cpus_60delay_withpc-0 139650748528448
read_file 1568133622.3752174 1568133622.3766074 bigbrain_2307_2412_694.nii 140344584300352
increment_file 1568133622.3767896 1568133623.3597403 bigbrain_2307_2412_694.nii 140344584300352
write_file 1568133623.369743 1568133624.6306767 inc-bigbrain_2307_2412_694.nii 140344584300352
task_duration 1568133742.373439 1568133864.7350752 1568133533-tmpfs_1it_25cpus_60delay_withpc-0 140344584300352
read_file 1568133622.3717678 1568133622.373843 bigbrain_2307_603_2082.nii 140081898985280
increment_file 1568133622.3740144 1568133623.358222 bigbrain_2307_603_2082.nii 140081898985280
write_file 1568133623.3682077 1568133624.306664 inc-bigbrain_2307_603_2082.nii 140081898985280
task_duration 1568133742.3685007 1568133864.4087017 1568133533-tmpfs_1it_25cpus_60delay_withpc-0 140081898985280
read_file 1568133622.3340402 1568133622.3353865 bigbrain_2307_2412_0.nii 140419467917120
increment_file 1568133622.3355389 1568133623.2755947 bigbrain_2307_2412_0.nii 140419467917120
write_file 1568133623.2855546 1568133624.236008 inc-bigbrain_2307_2412_0.nii 140419467917120
task_duration 1568133742.331496 1568133864.3420377 1568133533-tmpfs_1it_25cpus_60delay_withpc-0 140419467917120
read_file 1568133622.3334105 1568133622.3346832 bigbrain_2307_2412_2082.nii 139940525631296
increment_file 1568133622.3348463 1568133623.2659724 bigbrain_2307_2412_2082.nii 139940525631296
write_file 1568133623.275751 1568133624.2324302 inc-bigbrain_2307_2412_2082.nii 139940525631296
task_duration 1568133742.3301497 1568133864.337543 1568133533-tmpfs_1it_25cpus_60delay_withpc-0 139940525631296
read_file 1568133622.325496 1568133622.327037 bigbrain_2307_2412_1388.nii 139667839620928
increment_file 1568133622.3272314 1568133623.255016 bigbrain_2307_2412_1388.nii 139667839620928
write_file 1568133623.265017 1568133624.219336 inc-bigbrain_2307_2412_1388.nii 139667839620928
task_duration 1568133742.3236349 1568133864.324209 1568133533-tmpfs_1it_25cpus_60delay_withpc-0 139667839620928
read_file 1568133622.0266683 1568133622.0281224 bigbrain_2307_1809_694.nii 140662805546816
increment_file 1568133622.0283031 1568133622.674408 bigbrain_2307_1809_694.nii 140662805546816
write_file 1568133622.6849086 1568133623.637369 inc-bigbrain_2307_1809_694.nii 140662805546816
task_duration 1568133742.024935 1568133863.7433758 1568133533-tmpfs_1it_25cpus_60delay_withpc-0 140662805546816
read_file 1568133622.0069132 1568133622.0084953 bigbrain_2307_1809_2776.nii 140133512570688
increment_file 1568133622.0086877 1568133622.6316078 bigbrain_2307_1809_2776.nii 140133512570688
write_file 1568133622.6423786 1568133623.601937 inc-bigbrain_2307_1809_2776.nii 140133512570688
task_duration 1568133742.0050864 1568133863.7059367 1568133533-tmpfs_1it_25cpus_60delay_withpc-0 140133512570688
read_file 1568133621.969351 1568133621.971336 bigbrain_2307_1809_0.nii 140009238181696
increment_file 1568133621.9715867 1568133622.5533643 bigbrain_2307_1809_0.nii 140009238181696
write_file 1568133622.5643914 1568133623.5280912 inc-bigbrain_2307_1809_0.nii 140009238181696
task_duration 1568133741.9667513 1568133863.6324043 1568133533-tmpfs_1it_25cpus_60delay_withpc-0 140009238181696
read_file 1568133621.9656932 1568133621.966969 bigbrain_2307_1809_2082.nii 139802221213504
increment_file 1568133621.96712 1568133622.551917 bigbrain_2307_1809_2082.nii 139802221213504
write_file 1568133622.5629773 1568133623.527904 inc-bigbrain_2307_1809_2082.nii 139802221213504
task_duration 1568133741.9640791 1568133863.6312988 1568133533-tmpfs_1it_25cpus_60delay_withpc-0 139802221213504
read_file 1568133621.965332 1568133621.9667428 bigbrain_2307_1809_1388.nii 139744137488192
increment_file 1568133621.9669182 1568133622.545679 bigbrain_2307_1809_1388.nii 139744137488192
write_file 1568133622.556844 1568133623.5212047 inc-bigbrain_2307_1809_1388.nii 139744137488192
task_duration 1568133741.9633746 1568133863.626563 1568133533-tmpfs_1it_25cpus_60delay_withpc-0 139744137488192
read_file 1568133621.9519687 1568133621.9535553 bigbrain_2307_1206_694.nii 139785461897024
increment_file 1568133621.9537563 1568133622.3974137 bigbrain_2307_1206_694.nii 139785461897024
write_file 1568133622.40896 1568133623.429094 inc-bigbrain_2307_1206_694.nii 139785461897024
task_duration 1568133741.9499543 1568133863.5334244 1568133533-tmpfs_1it_25cpus_60delay_withpc-0 139785461897024
read_file 1568133621.9351084 1568133621.9364336 bigbrain_2307_1206_2776.nii 139732947769152
increment_file 1568133621.9365876 1568133622.4714 bigbrain_2307_1206_2776.nii 139732947769152
write_file 1568133622.4819624 1568133623.4428606 inc-bigbrain_2307_1206_2776.nii 139732947769152
task_duration 1568133741.9332764 1568133863.546541 1568133533-tmpfs_1it_25cpus_60delay_withpc-0 139732947769152
read_file 1568133621.9016914 1568133621.903735 bigbrain_2307_1206_1388.nii 140214485899072
increment_file 1568133621.9038582 1568133622.418849 bigbrain_2307_1206_1388.nii 140214485899072
write_file 1568133622.4316487 1568133623.3982556 inc-bigbrain_2307_1206_1388.nii 140214485899072
task_duration 1568133741.89853 1568133863.5013454 1568133533-tmpfs_1it_25cpus_60delay_withpc-0 140214485899072
read_file 1568133621.8854525 1568133621.8867786 bigbrain_2307_1206_2082.nii 139815799584576
increment_file 1568133621.8869348 1568133622.3592513 bigbrain_2307_1206_2082.nii 139815799584576
write_file 1568133622.369398 1568133623.322374 inc-bigbrain_2307_1206_2082.nii 139815799584576
task_duration 1568133741.8836646 1568133863.4264402 1568133533-tmpfs_1it_25cpus_60delay_withpc-0 139815799584576
read_file 1568133621.8395038 1568133621.8409429 bigbrain_2307_1206_0.nii 139693515786048
increment_file 1568133621.8411267 1568133622.26773 bigbrain_2307_1206_0.nii 139693515786048
write_file 1568133622.2782466 1568133623.1917112 inc-bigbrain_2307_1206_0.nii 139693515786048
task_duration 1568133741.837713 1568133863.2958517 1568133533-tmpfs_1it_25cpus_60delay_withpc-0 139693515786048
read_file 1568133621.637633 1568133621.6385946 bigbrain_2307_0_694.nii 140150706489152
increment_file 1568133621.638708 1568133622.0442367 bigbrain_2307_0_694.nii 140150706489152
write_file 1568133622.0537848 1568133622.7323735 inc-bigbrain_2307_0_694.nii 140150706489152
task_duration 1568133741.6363552 1568133862.8387973 1568133533-tmpfs_1it_25cpus_60delay_withpc-0 140150706489152
read_file 1568133621.6324568 1568133621.6347146 bigbrain_2307_0_2776.nii 140510358382400
increment_file 1568133621.6349638 1568133622.049066 bigbrain_2307_0_2776.nii 140510358382400
write_file 1568133622.058761 1568133622.7568974 inc-bigbrain_2307_0_2776.nii 140510358382400
task_duration 1568133741.6288073 1568133862.863027 1568133533-tmpfs_1it_25cpus_60delay_withpc-0 140510358382400
read_file 1568133493.9279222 1568133493.9301617 bigbrain_1538_603_694.nii 140426476062528
increment_file 1568133493.930315 1568133494.4973354 bigbrain_1538_603_694.nii 140426476062528
write_file 1568133494.5104935 1568133495.1972775 inc-bigbrain_1538_603_694.nii 140426476062528
task_duration 1568133613.9246383 1568133735.303156 1568133533-tmpfs_1it_25cpus_60delay_withpc-0 140426476062528
read_file 1568133493.9260304 1568133493.9274225 bigbrain_1538_1206_0.nii 139970744469312
increment_file 1568133493.9275923 1568133494.8657079 bigbrain_1538_1206_0.nii 139970744469312
write_file 1568133494.8761616 1568133495.855108 inc-bigbrain_1538_1206_0.nii 139970744469312
task_duration 1568133613.9240189 1568133735.963518 1568133533-tmpfs_1it_25cpus_60delay_withpc-0 139970744469312
read_file 1568133493.9259732 1568133493.9273965 bigbrain_1538_2412_2776.nii 139890902980416
increment_file 1568133493.9275706 1568133494.8759844 bigbrain_1538_2412_2776.nii 139890902980416
write_file 1568133494.8863332 1568133495.8710172 inc-bigbrain_1538_2412_2776.nii 139890902980416
task_duration 1568133613.9240067 1568133735.9746912 1568133533-tmpfs_1it_25cpus_60delay_withpc-0 139890902980416
read_file 1568133493.9259524 1568133493.9273098 bigbrain_1538_1206_694.nii 140499100313408
increment_file 1568133493.9274716 1568133494.869314 bigbrain_1538_1206_694.nii 140499100313408
write_file 1568133494.8794534 1568133495.863962 inc-bigbrain_1538_1206_694.nii 140499100313408
task_duration 1568133613.9239984 1568133735.970979 1568133533-tmpfs_1it_25cpus_60delay_withpc-0 140499100313408
read_file 1568133493.9251704 1568133493.927283 bigbrain_1538_1809_2082.nii 140353639737152
increment_file 1568133493.9275208 1568133494.496454 bigbrain_1538_1809_2082.nii 140353639737152
write_file 1568133494.5097113 1568133495.2033165 inc-bigbrain_1538_1809_2082.nii 140353639737152
task_duration 1568133613.9224045 1568133735.3099797 1568133533-tmpfs_1it_25cpus_60delay_withpc-0 140353639737152
read_file 1568133493.925924 1568133493.9272869 bigbrain_1538_603_0.nii 140233029457728
increment_file 1568133493.9274545 1568133494.8681345 bigbrain_1538_603_0.nii 140233029457728
write_file 1568133494.8781612 1568133495.8930216 inc-bigbrain_1538_603_0.nii 140233029457728
task_duration 1568133613.9238935 1568133735.998054 1568133533-tmpfs_1it_25cpus_60delay_withpc-0 140233029457728
read_file 1568133493.9253473 1568133493.9272397 bigbrain_1538_0_694.nii 140388160018240
increment_file 1568133493.927451 1568133494.4966366 bigbrain_1538_0_694.nii 140388160018240
write_file 1568133494.5098245 1568133495.189213 inc-bigbrain_1538_0_694.nii 140388160018240
task_duration 1568133613.9228098 1568133735.2955003 1568133533-tmpfs_1it_25cpus_60delay_withpc-0 140388160018240
read_file 1568133493.9251122 1568133493.9271884 bigbrain_1538_2412_694.nii 140686018119488
increment_file 1568133493.927408 1568133494.4971259 bigbrain_1538_2412_694.nii 140686018119488
write_file 1568133494.5101032 1568133495.2115693 inc-bigbrain_1538_2412_694.nii 140686018119488
task_duration 1568133613.9224355 1568133735.3178606 1568133533-tmpfs_1it_25cpus_60delay_withpc-0 140686018119488
read_file 1568133493.925176 1568133493.9265263 bigbrain_2307_0_2082.nii 140550703257408
increment_file 1568133493.9266837 1568133494.8688133 bigbrain_2307_0_2082.nii 140550703257408
write_file 1568133494.879136 1568133495.8587248 inc-bigbrain_2307_0_2082.nii 140550703257408
task_duration 1568133613.922603 1568133735.9643161 1568133533-tmpfs_1it_25cpus_60delay_withpc-0 140550703257408
read_file 1568133493.924821 1568133493.926186 bigbrain_2307_0_0.nii 140269071562560
increment_file 1568133493.9263406 1568133494.8693671 bigbrain_2307_0_0.nii 140269071562560
write_file 1568133494.879653 1568133495.8507981 inc-bigbrain_2307_0_0.nii 140269071562560
task_duration 1568133613.9218524 1568133735.9549348 1568133533-tmpfs_1it_25cpus_60delay_withpc-0 140269071562560
read_file 1568133493.9247136 1568133493.926011 bigbrain_1538_1809_2776.nii 139858598111040
increment_file 1568133493.9261706 1568133494.8646636 bigbrain_1538_1809_2776.nii 139858598111040
write_file 1568133494.8760679 1568133495.8601506 inc-bigbrain_1538_1809_2776.nii 139858598111040
task_duration 1568133613.9216132 1568133735.967249 1568133533-tmpfs_1it_25cpus_60delay_withpc-0 139858598111040
read_file 1568133493.9243274 1568133493.92573 bigbrain_1538_1809_1388.nii 140090519664448
increment_file 1568133493.9258842 1568133494.8672793 bigbrain_1538_1809_1388.nii 140090519664448
write_file 1568133494.8774366 1568133495.8582916 inc-bigbrain_1538_1809_1388.nii 140090519664448
task_duration 1568133613.9210541 1568133735.9610624 1568133533-tmpfs_1it_25cpus_60delay_withpc-0 140090519664448
read_file 1568133493.923751 1568133493.9255385 bigbrain_2307_0_1388.nii 140112034334528
increment_file 1568133493.9257398 1568133494.4953713 bigbrain_2307_0_1388.nii 140112034334528
write_file 1568133494.5085301 1568133495.2013316 inc-bigbrain_2307_0_1388.nii 140112034334528
task_duration 1568133613.9214408 1568133735.3080707 1568133533-tmpfs_1it_25cpus_60delay_withpc-0 140112034334528
read_file 1568133493.9231832 1568133493.924909 bigbrain_1538_603_2776.nii 139969787021120
increment_file 1568133493.9251363 1568133494.496293 bigbrain_1538_603_2776.nii 139969787021120
write_file 1568133494.5096152 1568133495.2091355 inc-bigbrain_1538_603_2776.nii 139969787021120
task_duration 1568133613.9209406 1568133735.316126 1568133533-tmpfs_1it_25cpus_60delay_withpc-0 139969787021120
read_file 1568133493.9231322 1568133493.924791 bigbrain_1538_1206_1388.nii 140031297836864
increment_file 1568133493.9249966 1568133494.5323834 bigbrain_1538_1206_1388.nii 140031297836864
write_file 1568133494.5666502 1568133495.2896085 inc-bigbrain_1538_1206_1388.nii 140031297836864
task_duration 1568133613.9209025 1568133735.396241 1568133533-tmpfs_1it_25cpus_60delay_withpc-0 140031297836864
read_file 1568133493.9231286 1568133493.9247887 bigbrain_1538_2412_2082.nii 140554149992256
increment_file 1568133493.9249868 1568133494.498115 bigbrain_1538_2412_2082.nii 140554149992256
write_file 1568133494.511263 1568133495.2106154 inc-bigbrain_1538_2412_2082.nii 140554149992256
task_duration 1568133613.9208884 1568133735.3173025 1568133533-tmpfs_1it_25cpus_60delay_withpc-0 140554149992256
read_file 1568133493.923135 1568133493.9247885 bigbrain_1538_0_2776.nii 139709534848832
increment_file 1568133493.9249642 1568133494.4947722 bigbrain_1538_0_2776.nii 139709534848832
write_file 1568133494.507604 1568133495.1932936 inc-bigbrain_1538_0_2776.nii 139709534848832
task_duration 1568133613.9209485 1568133735.2994483 1568133533-tmpfs_1it_25cpus_60delay_withpc-0 139709534848832
read_file 1568133493.921715 1568133493.923148 bigbrain_1538_1206_2776.nii 140490296936256
increment_file 1568133493.9233317 1568133494.4936254 bigbrain_1538_1206_2776.nii 140490296936256
write_file 1568133494.506596 1568133495.2031531 inc-bigbrain_1538_1206_2776.nii 140490296936256
task_duration 1568133613.9198005 1568133735.3097386 1568133533-tmpfs_1it_25cpus_60delay_withpc-0 140490296936256
read_file 1568133493.9206913 1568133493.9228232 bigbrain_1538_2412_0.nii 139939522279232
increment_file 1568133493.9230962 1568133494.8575656 bigbrain_1538_2412_0.nii 139939522279232
write_file 1568133494.8676367 1568133495.8408034 inc-bigbrain_1538_2412_0.nii 139939522279232
task_duration 1568133613.9176853 1568133735.9437885 1568133533-tmpfs_1it_25cpus_60delay_withpc-0 139939522279232
read_file 1568133493.9178293 1568133493.9194975 bigbrain_1538_603_2082.nii 139986608097088
increment_file 1568133493.9196966 1568133494.5863454 bigbrain_1538_603_2082.nii 139986608097088
write_file 1568133494.5966096 1568133495.3518577 inc-bigbrain_1538_603_2082.nii 139986608097088
task_duration 1568133613.9155307 1568133735.4606915 1568133533-tmpfs_1it_25cpus_60delay_withpc-0 139986608097088
read_file 1568133493.9163063 1568133493.9176686 bigbrain_1538_1809_0.nii 140050418190144
increment_file 1568133493.9178202 1568133494.845296 bigbrain_1538_1809_0.nii 140050418190144
write_file 1568133494.8553286 1568133496.0361726 inc-bigbrain_1538_1809_0.nii 140050418190144
task_duration 1568133613.914468 1568133736.140334 1568133533-tmpfs_1it_25cpus_60delay_withpc-0 140050418190144
read_file 1568133493.9156177 1568133493.9169693 bigbrain_1538_1809_694.nii 139820716037952
increment_file 1568133493.9171472 1568133494.847215 bigbrain_1538_1809_694.nii 139820716037952
write_file 1568133494.857154 1568133495.8252556 inc-bigbrain_1538_1809_694.nii 139820716037952
task_duration 1568133613.913558 1568133735.8579807 1568133533-tmpfs_1it_25cpus_60delay_withpc-0 139820716037952
read_file 1568133493.9049797 1568133493.9061818 bigbrain_1538_1206_2082.nii 140185328768832
increment_file 1568133493.9063153 1568133494.8255212 bigbrain_1538_1206_2082.nii 140185328768832
write_file 1568133494.8353627 1568133495.7900305 inc-bigbrain_1538_1206_2082.nii 140185328768832
task_duration 1568133613.9026499 1568133735.8933537 1568133533-tmpfs_1it_25cpus_60delay_withpc-0 140185328768832
read_file 1568133493.9039686 1568133493.905572 bigbrain_1538_2412_1388.nii 139968402753344
increment_file 1568133493.9057512 1568133494.4712763 bigbrain_1538_2412_1388.nii 139968402753344
write_file 1568133494.483027 1568133495.1491938 inc-bigbrain_1538_2412_1388.nii 139968402753344
task_duration 1568133613.9005997 1568133735.254439 1568133533-tmpfs_1it_25cpus_60delay_withpc-0 139968402753344
read_file 1568133493.904364 1568133493.9054139 bigbrain_1538_603_1388.nii 139722187282240
increment_file 1568133493.905553 1568133494.8196135 bigbrain_1538_603_1388.nii 139722187282240
write_file 1568133494.829483 1568133495.7792938 inc-bigbrain_1538_603_1388.nii 139722187282240
task_duration 1568133613.9014637 1568133735.8861742 1568133533-tmpfs_1it_25cpus_60delay_withpc-0 139722187282240
