read_file 1568155940.143292 1568155940.145197 bigbrain_2307_2412_694.nii 140520908085056
increment_file 1568155940.1455402 1568155940.6080241 bigbrain_2307_2412_694.nii 140520908085056
write_file 1568155940.6192327 1568155941.131995 inc-bigbrain_2307_2412_694.nii 140520908085056
task_duration 1568155940.0448596 1568155941.134694 1568155374-local_1it_96cpus_0delay_npc-4 140520908085056
read_file 1568155940.144155 1568155940.1456497 bigbrain_2307_603_1388.nii 140360535742272
increment_file 1568155940.1458673 1568155940.606353 bigbrain_2307_603_1388.nii 140360535742272
write_file 1568155940.6170037 1568155941.1261861 inc-bigbrain_2307_603_1388.nii 140360535742272
task_duration 1568155940.0538607 1568155941.1287382 1568155374-local_1it_96cpus_0delay_npc-4 140360535742272
read_file 1568155940.143889 1568155940.146262 bigbrain_1538_2412_694.nii 140440904976192
increment_file 1568155940.1465514 1568155940.61392 bigbrain_1538_2412_694.nii 140440904976192
write_file 1568155940.625602 1568155941.1448755 inc-bigbrain_1538_2412_694.nii 140440904976192
task_duration 1568155940.0479708 1568155941.1479583 1568155374-local_1it_96cpus_0delay_npc-4 140440904976192
read_file 1568155940.1451554 1568155940.1462986 bigbrain_1538_2412_2082.nii 140238948161344
increment_file 1568155940.146486 1568155940.607133 bigbrain_1538_2412_2082.nii 140238948161344
write_file 1568155940.6180856 1568155941.1298902 inc-bigbrain_1538_2412_2082.nii 140238948161344
task_duration 1568155940.0888345 1568155941.132771 1568155374-local_1it_96cpus_0delay_npc-4 140238948161344
read_file 1568155940.1452599 1568155940.146733 bigbrain_769_603_2082.nii 140275524491072
increment_file 1568155940.1469798 1568155940.6151333 bigbrain_769_603_2082.nii 140275524491072
write_file 1568155940.625798 1568155941.1446345 inc-bigbrain_769_603_2082.nii 140275524491072
task_duration 1568155940.0920985 1568155941.1472208 1568155374-local_1it_96cpus_0delay_npc-4 140275524491072
read_file 1568155940.1449065 1568155940.225099 bigbrain_1538_1206_2776.nii 140019616376640
increment_file 1568155940.225494 1568156061.030039 bigbrain_1538_1206_2776.nii 140019616376640
write_file 1568156061.0992815 1568156063.3191507 inc-bigbrain_1538_1206_2776.nii 140019616376640
task_duration 1568155940.0751953 1568156063.359315 1568155374-local_1it_96cpus_0delay_npc-4 140019616376640
read_file 1568155940.1459177 1568155940.2250993 bigbrain_2307_603_2082.nii 140182138853184
increment_file 1568155940.2255433 1568156061.0303037 bigbrain_2307_603_2082.nii 140182138853184
write_file 1568156061.125982 1568156063.183768 inc-bigbrain_2307_603_2082.nii 140182138853184
task_duration 1568155940.0999625 1568156063.2024436 1568155374-local_1it_96cpus_0delay_npc-4 140182138853184
read_file 1568155940.1449707 1568155940.22518 bigbrain_2307_1809_2776.nii 139926668580672
increment_file 1568155940.2256317 1568156061.009756 bigbrain_2307_1809_2776.nii 139926668580672
write_file 1568156061.0771854 1568156063.0838728 inc-bigbrain_2307_1809_2776.nii 139926668580672
task_duration 1568155940.0839624 1568156063.1185367 1568155374-local_1it_96cpus_0delay_npc-4 139926668580672
read_file 1568155940.1430871 1568155940.2252052 bigbrain_2307_603_2776.nii 139726457300800
increment_file 1568155940.225687 1568156061.0190876 bigbrain_2307_603_2776.nii 139726457300800
write_file 1568156061.0893283 1568156063.2906792 inc-bigbrain_2307_603_2776.nii 139726457300800
task_duration 1568155940.0455685 1568156063.3475692 1568155374-local_1it_96cpus_0delay_npc-4 139726457300800
read_file 1568155940.1442974 1568155940.2296855 bigbrain_769_0_694.nii 139693777356608
increment_file 1568155940.2299721 1568156061.046823 bigbrain_769_0_694.nii 139693777356608
write_file 1568156061.141606 1568156064.0328605 inc-bigbrain_769_0_694.nii 139693777356608
task_duration 1568155940.0625858 1568156064.0356102 1568155374-local_1it_96cpus_0delay_npc-4 139693777356608
read_file 1568155940.1458683 1568155940.2300572 bigbrain_3076_2412_0.nii 139765846751040
increment_file 1568155940.2303843 1568156061.0186853 bigbrain_3076_2412_0.nii 139765846751040
write_file 1568156061.1009784 1568156063.9591327 inc-bigbrain_3076_2412_0.nii 139765846751040
task_duration 1568155940.1001475 1568156063.963535 1568155374-local_1it_96cpus_0delay_npc-4 139765846751040
read_file 1568155940.1445594 1568155940.2300909 bigbrain_769_0_0.nii 139669789042496
increment_file 1568155940.2304807 1568156061.0508778 bigbrain_769_0_0.nii 139669789042496
write_file 1568156061.1136312 1568156063.1634407 inc-bigbrain_769_0_0.nii 139669789042496
task_duration 1568155940.066803 1568156063.1831667 1568155374-local_1it_96cpus_0delay_npc-4 139669789042496
read_file 1568155940.145774 1568155940.2301416 bigbrain_3076_0_0.nii 139711209830208
increment_file 1568155940.2305307 1568156061.0780804 bigbrain_3076_0_0.nii 139711209830208
write_file 1568156061.163834 1568156064.0132742 inc-bigbrain_3076_0_0.nii 139711209830208
task_duration 1568155940.097644 1568156064.0166473 1568155374-local_1it_96cpus_0delay_npc-4 139711209830208
read_file 1568155940.1439772 1568155940.230169 bigbrain_3076_1206_1388.nii 139755057071936
increment_file 1568155940.2306094 1568156061.0493386 bigbrain_3076_1206_1388.nii 139755057071936
write_file 1568156061.1169305 1568156063.2162967 inc-bigbrain_3076_1206_1388.nii 139755057071936
task_duration 1568155940.0486615 1568156063.2435155 1568155374-local_1it_96cpus_0delay_npc-4 139755057071936
read_file 1568155940.1452394 1568155940.2301872 bigbrain_1538_603_2776.nii 140453070419776
increment_file 1568155940.2305896 1568156061.0590303 bigbrain_1538_603_2776.nii 140453070419776
write_file 1568156061.1589794 1568156063.342704 inc-bigbrain_1538_603_2776.nii 140453070419776
task_duration 1568155940.089951 1568156063.3720927 1568155374-local_1it_96cpus_0delay_npc-4 140453070419776
read_file 1568155940.1432111 1568155940.2301853 bigbrain_2307_1809_694.nii 140269001545536
increment_file 1568155940.2307005 1568156061.0087492 bigbrain_2307_1809_694.nii 140269001545536
write_file 1568156061.1066582 1568156063.9045432 inc-bigbrain_2307_1809_694.nii 140269001545536
task_duration 1568155940.0454564 1568156063.910294 1568155374-local_1it_96cpus_0delay_npc-4 140269001545536
read_file 1568155940.1458075 1568155940.2301872 bigbrain_2307_1809_1388.nii 140703132342080
increment_file 1568155940.2307527 1568156061.0198305 bigbrain_2307_1809_1388.nii 140703132342080
write_file 1568156061.111856 1568156063.2601936 inc-bigbrain_2307_1809_1388.nii 140703132342080
task_duration 1568155940.097067 1568156063.2913878 1568155374-local_1it_96cpus_0delay_npc-4 140703132342080
read_file 1568155940.1450915 1568155940.2302587 bigbrain_1538_0_2776.nii 140462923700032
increment_file 1568155940.2307594 1568156061.0330362 bigbrain_1538_0_2776.nii 140462923700032
write_file 1568156061.116691 1568156063.1474385 inc-bigbrain_1538_0_2776.nii 140462923700032
task_duration 1568155940.087496 1568156063.1698806 1568155374-local_1it_96cpus_0delay_npc-4 140462923700032
read_file 1568155940.1444416 1568155940.243832 bigbrain_2307_1809_2082.nii 139801830147904
increment_file 1568155940.244221 1568156061.0091317 bigbrain_2307_1809_2082.nii 139801830147904
write_file 1568156061.055193 1568156063.0907757 inc-bigbrain_2307_1809_2082.nii 139801830147904
task_duration 1568155940.0647717 1568156063.121921 1568155374-local_1it_96cpus_0delay_npc-4 139801830147904
read_file 1568155940.1456444 1568155940.243846 bigbrain_3076_603_1388.nii 140326422886208
increment_file 1568155940.2442622 1568156061.0380862 bigbrain_3076_603_1388.nii 140326422886208
write_file 1568156061.1018524 1568156063.2265127 inc-bigbrain_3076_603_1388.nii 140326422886208
task_duration 1568155940.0954 1568156063.2524235 1568155374-local_1it_96cpus_0delay_npc-4 140326422886208
read_file 1568155940.145029 1568155940.2438939 bigbrain_3076_1809_2082.nii 139976645248832
increment_file 1568155940.244316 1568156061.04002 bigbrain_3076_1809_2082.nii 139976645248832
write_file 1568156061.110228 1568156063.3323777 inc-bigbrain_3076_1809_2082.nii 139976645248832
task_duration 1568155940.084568 1568156063.3672876 1568155374-local_1it_96cpus_0delay_npc-4 139976645248832
read_file 1568155940.1447587 1568155940.2595978 bigbrain_1538_1809_2082.nii 140166889363264
increment_file 1568155940.2599232 1568156060.2777054 bigbrain_1538_1809_2082.nii 140166889363264
write_file 1568156060.2993567 1568156063.1350844 inc-bigbrain_1538_1809_2082.nii 140166889363264
task_duration 1568155940.0725467 1568156063.1684518 1568155374-local_1it_96cpus_0delay_npc-4 140166889363264
read_file 1568155940.14501 1568155940.2600036 bigbrain_769_0_1388.nii 140493981267776
increment_file 1568155940.2603312 1568156060.1998992 bigbrain_769_0_1388.nii 140493981267776
write_file 1568156060.2197864 1568156062.69639 inc-bigbrain_769_0_1388.nii 140493981267776
task_duration 1568155940.0846648 1568156062.731153 1568155374-local_1it_96cpus_0delay_npc-4 140493981267776
read_file 1568155940.1455238 1568155940.2600238 bigbrain_3076_0_2776.nii 140149458921280
increment_file 1568155940.2603986 1568156060.269743 bigbrain_3076_0_2776.nii 140149458921280
write_file 1568156060.2900143 1568156063.2878213 inc-bigbrain_3076_0_2776.nii 140149458921280
task_duration 1568155940.0946612 1568156063.349911 1568155374-local_1it_96cpus_0delay_npc-4 140149458921280
read_file 1568155940.1442604 1568155940.2601385 bigbrain_3076_2412_2776.nii 140218665768768
increment_file 1568155940.2605064 1568156060.2107031 bigbrain_3076_2412_2776.nii 140218665768768
write_file 1568156060.2296038 1568156062.4980886 inc-bigbrain_3076_2412_2776.nii 140218665768768
task_duration 1568155940.0565364 1568156062.5334046 1568155374-local_1it_96cpus_0delay_npc-4 140218665768768
read_file 1568155940.145082 1568155940.2602592 bigbrain_2307_1809_0.nii 140518270256960
increment_file 1568155940.2606337 1568156060.2299366 bigbrain_2307_1809_0.nii 140518270256960
write_file 1568156060.2497096 1568156063.0839317 inc-bigbrain_2307_1809_0.nii 140518270256960
task_duration 1568155940.085122 1568156063.1315143 1568155374-local_1it_96cpus_0delay_npc-4 140518270256960
read_file 1568155940.1433268 1568155940.2602854 bigbrain_2307_2412_2776.nii 139923088398144
increment_file 1568155940.2606606 1568156060.2598305 bigbrain_2307_2412_2776.nii 139923088398144
write_file 1568156060.2806275 1568156062.8887024 inc-bigbrain_2307_2412_2776.nii 139923088398144
task_duration 1568155940.0446265 1568156062.9222145 1568155374-local_1it_96cpus_0delay_npc-4 139923088398144
read_file 1568155940.1451108 1568155940.2602763 bigbrain_1538_2412_2776.nii 140491213551424
increment_file 1568155940.2608285 1568156060.5402007 bigbrain_1538_2412_2776.nii 140491213551424
write_file 1568156060.563452 1568156063.693518 inc-bigbrain_1538_2412_2776.nii 140491213551424
task_duration 1568155940.0878148 1568156063.7020493 1568155374-local_1it_96cpus_0delay_npc-4 140491213551424
read_file 1568155940.144732 1568155940.260354 bigbrain_769_603_2776.nii 139911768815424
increment_file 1568155940.2608047 1568156060.2311344 bigbrain_769_603_2776.nii 139911768815424
write_file 1568156060.2504125 1568156063.002281 inc-bigbrain_769_603_2776.nii 139911768815424
task_duration 1568155940.0680017 1568156063.05494 1568155374-local_1it_96cpus_0delay_npc-4 139911768815424
read_file 1568155940.1440935 1568155940.2603757 bigbrain_2307_2412_1388.nii 140234309519168
increment_file 1568155940.2608461 1568156060.2378983 bigbrain_2307_2412_1388.nii 140234309519168
write_file 1568156060.2597713 1568156061.0724921 inc-bigbrain_2307_2412_1388.nii 140234309519168
task_duration 1568155940.0494792 1568156061.1201172 1568155374-local_1it_96cpus_0delay_npc-4 140234309519168
read_file 1568155940.1446352 1568155940.2604082 bigbrain_769_2412_0.nii 140241687684928
increment_file 1568155940.26092 1568156060.2799046 bigbrain_769_2412_0.nii 140241687684928
write_file 1568156060.3004243 1568156063.1781888 inc-bigbrain_769_2412_0.nii 140241687684928
task_duration 1568155940.066023 1568156063.2102017 1568155374-local_1it_96cpus_0delay_npc-4 140241687684928
read_file 1568155940.1447139 1568155940.260415 bigbrain_769_2412_2776.nii 140089635874624
increment_file 1568155940.2609866 1568156060.5663135 bigbrain_769_2412_2776.nii 140089635874624
write_file 1568156060.593383 1568156063.0996206 inc-bigbrain_769_2412_2776.nii 140089635874624
task_duration 1568155940.0667033 1568156063.1295135 1568155374-local_1it_96cpus_0delay_npc-4 140089635874624
read_file 1568155940.1458685 1568155940.2604275 bigbrain_3076_1206_0.nii 139766414538560
increment_file 1568155940.2610424 1568156060.5519075 bigbrain_3076_1206_0.nii 139766414538560
write_file 1568156060.5796142 1568156062.91479 inc-bigbrain_3076_1206_0.nii 139766414538560
task_duration 1568155940.0978131 1568156062.9471903 1568155374-local_1it_96cpus_0delay_npc-4 139766414538560
read_file 1568155940.1449761 1568155940.2604191 bigbrain_2307_2412_0.nii 139720710260544
increment_file 1568155940.2612119 1568156060.558586 bigbrain_2307_2412_0.nii 139720710260544
write_file 1568156060.5904703 1568156063.8658926 inc-bigbrain_2307_2412_0.nii 139720710260544
task_duration 1568155940.0843837 1568156063.8737912 1568155374-local_1it_96cpus_0delay_npc-4 139720710260544
read_file 1568155940.1436357 1568155940.2604556 bigbrain_1538_1809_694.nii 139792630228800
increment_file 1568155940.261187 1568156060.219819 bigbrain_1538_1809_694.nii 139792630228800
write_file 1568156060.2391984 1568156062.8540926 inc-bigbrain_1538_1809_694.nii 139792630228800
task_duration 1568155940.0449994 1568156062.8851602 1568155374-local_1it_96cpus_0delay_npc-4 139792630228800
read_file 1568155940.1453786 1568155940.2605028 bigbrain_769_2412_694.nii 140292568307520
increment_file 1568155940.261225 1568156060.2485797 bigbrain_769_2412_694.nii 140292568307520
write_file 1568156060.2698634 1568156062.869901 inc-bigbrain_769_2412_694.nii 140292568307520
task_duration 1568155940.0925462 1568156062.9024384 1568155374-local_1it_96cpus_0delay_npc-4 140292568307520
read_file 1568155940.1431808 1568155940.2611861 bigbrain_3076_0_694.nii 140174377789248
increment_file 1568155940.261648 1568156060.5382218 bigbrain_3076_0_694.nii 140174377789248
write_file 1568156060.5622902 1568156063.235456 inc-bigbrain_3076_0_694.nii 140174377789248
task_duration 1568155940.0456104 1568156063.263996 1568155374-local_1it_96cpus_0delay_npc-4 140174377789248
read_file 1568155940.1448007 1568155940.2613218 bigbrain_2307_1206_2082.nii 139632474244928
increment_file 1568155940.2617164 1568156060.5496914 bigbrain_2307_1206_2082.nii 139632474244928
write_file 1568156060.57424 1568156063.0942714 inc-bigbrain_2307_1206_2082.nii 139632474244928
task_duration 1568155940.0722582 1568156063.1299052 1568155374-local_1it_96cpus_0delay_npc-4 139632474244928
read_file 1568155940.1449158 1568155940.2623858 bigbrain_2307_2412_2082.nii 139625773135680
increment_file 1568155940.2627237 1568156060.2895668 bigbrain_2307_2412_2082.nii 139625773135680
write_file 1568156060.3108675 1568156063.1793838 inc-bigbrain_2307_2412_2082.nii 139625773135680
task_duration 1568155940.0819576 1568156063.206255 1568155374-local_1it_96cpus_0delay_npc-4 139625773135680
read_file 1568155940.1433778 1568155940.262423 bigbrain_3076_1206_694.nii 140665511626560
increment_file 1568155940.2627766 1568156060.5696373 bigbrain_3076_1206_694.nii 140665511626560
write_file 1568156060.60682 1568156063.739416 inc-bigbrain_3076_1206_694.nii 140665511626560
task_duration 1568155940.0448742 1568156063.7470467 1568155374-local_1it_96cpus_0delay_npc-4 140665511626560
read_file 1568155940.1452444 1568155940.2624562 bigbrain_2307_603_694.nii 140115948357440
increment_file 1568155940.2628367 1568156060.298887 bigbrain_2307_603_694.nii 140115948357440
write_file 1568156060.3209972 1568156063.3469598 inc-bigbrain_2307_603_694.nii 140115948357440
task_duration 1568155940.0920367 1568156063.375512 1568155374-local_1it_96cpus_0delay_npc-4 140115948357440
read_file 1568155940.1446528 1568155940.2625616 bigbrain_3076_2412_1388.nii 140053056706368
increment_file 1568155940.2629783 1568156060.2494183 bigbrain_3076_2412_1388.nii 140053056706368
write_file 1568156060.270294 1568156062.729071 inc-bigbrain_3076_2412_1388.nii 140053056706368
task_duration 1568155940.0671768 1568156062.761582 1568155374-local_1it_96cpus_0delay_npc-4 140053056706368
read_file 1568155940.1452224 1568155940.2626727 bigbrain_769_1809_694.nii 139787634186048
increment_file 1568155940.2630243 1568156060.551549 bigbrain_769_1809_694.nii 139787634186048
write_file 1568156060.5792558 1568156063.8885674 inc-bigbrain_769_1809_694.nii 139787634186048
task_duration 1568155940.0899367 1568156063.896097 1568155374-local_1it_96cpus_0delay_npc-4 139787634186048
read_file 1568155940.144395 1568155940.262675 bigbrain_3076_603_2776.nii 139883943098176
increment_file 1568155940.2630897 1568156060.5624273 bigbrain_3076_603_2776.nii 139883943098176
write_file 1568156060.5920186 1568156062.9744108 inc-bigbrain_3076_603_2776.nii 139883943098176
task_duration 1568155940.0629122 1568156063.0365415 1568155374-local_1it_96cpus_0delay_npc-4 139883943098176
read_file 1568155940.143791 1568155940.262687 bigbrain_3076_1809_0.nii 140032202323776
increment_file 1568155940.2631633 1568156060.56756 bigbrain_3076_1809_0.nii 140032202323776
write_file 1568156060.6008108 1568156063.3436718 inc-bigbrain_3076_1809_0.nii 140032202323776
task_duration 1568155940.0451362 1568156063.3734052 1568155374-local_1it_96cpus_0delay_npc-4 140032202323776
read_file 1568155940.1448069 1568155940.2634463 bigbrain_1538_603_694.nii 139915828614976
increment_file 1568155940.2637815 1568156060.288159 bigbrain_1538_603_694.nii 139915828614976
write_file 1568156060.3098528 1568156063.101796 inc-bigbrain_1538_603_694.nii 139915828614976
task_duration 1568155940.0742521 1568156063.1328409 1568155374-local_1it_96cpus_0delay_npc-4 139915828614976
read_file 1568155940.1452432 1568155940.263463 bigbrain_1538_2412_0.nii 140710003476288
increment_file 1568155940.2638876 1568156060.540821 bigbrain_1538_2412_0.nii 140710003476288
write_file 1568156060.5633953 1568156063.7874672 inc-bigbrain_1538_2412_0.nii 140710003476288
task_duration 1568155940.090129 1568156063.7938852 1568155374-local_1it_96cpus_0delay_npc-4 140710003476288
read_file 1568155940.1451757 1568155940.2712574 bigbrain_769_0_2776.nii 140291384182592
increment_file 1568155940.2716167 1568156060.2895956 bigbrain_769_0_2776.nii 140291384182592
write_file 1568156060.3107383 1568156063.187686 inc-bigbrain_769_0_2776.nii 140291384182592
task_duration 1568155940.0891278 1568156063.2202797 1568155374-local_1it_96cpus_0delay_npc-4 140291384182592
read_file 1568155940.145186 1568155940.2712882 bigbrain_3076_1206_2082.nii 140536413361984
increment_file 1568155940.2716978 1568156060.2994766 bigbrain_3076_1206_2082.nii 140536413361984
write_file 1568156060.3211586 1568156063.258677 inc-bigbrain_3076_1206_2082.nii 140536413361984
task_duration 1568155940.0881667 1568156063.2992864 1568155374-local_1it_96cpus_0delay_npc-4 140536413361984
read_file 1568155940.1460528 1568155940.2713122 bigbrain_3076_0_1388.nii 139685960824640
increment_file 1568155940.2717662 1568156060.578271 bigbrain_3076_0_1388.nii 139685960824640
write_file 1568156060.615491 1568156062.3525422 inc-bigbrain_3076_0_1388.nii 139685960824640
task_duration 1568155940.1005125 1568156062.3907437 1568155374-local_1it_96cpus_0delay_npc-4 139685960824640
read_file 1568155940.1437128 1568155940.27141 bigbrain_3076_603_2082.nii 139994516117312
increment_file 1568155940.2718277 1568156060.2707002 bigbrain_3076_603_2082.nii 139994516117312
write_file 1568156060.290539 1568156062.1485703 inc-bigbrain_3076_603_2082.nii 139994516117312
task_duration 1568155940.0464644 1568156062.1858084 1568155374-local_1it_96cpus_0delay_npc-4 139994516117312
read_file 1568155940.1440654 1568155940.2721775 bigbrain_769_1809_1388.nii 139827338389312
increment_file 1568155940.2726011 1568156060.5770156 bigbrain_769_1809_1388.nii 139827338389312
write_file 1568156060.6183286 1568156063.80841 inc-bigbrain_769_1809_1388.nii 139827338389312
task_duration 1568155940.0489836 1568156063.816665 1568155374-local_1it_96cpus_0delay_npc-4 139827338389312
read_file 1568155940.1435084 1568155940.2722182 bigbrain_2307_0_2776.nii 140257978705728
increment_file 1568155940.272627 1568156060.8100731 bigbrain_2307_0_2776.nii 140257978705728
write_file 1568156060.890232 1568156063.949381 inc-bigbrain_2307_0_2776.nii 140257978705728
task_duration 1568155940.044751 1568156063.953542 1568155374-local_1it_96cpus_0delay_npc-4 140257978705728
read_file 1568155940.1434362 1568155940.2913654 bigbrain_1538_2412_1388.nii 140342322943808
increment_file 1568155940.2917397 1568156060.7773216 bigbrain_1538_2412_1388.nii 140342322943808
write_file 1568156060.8021898 1568156063.2818487 inc-bigbrain_1538_2412_1388.nii 140342322943808
task_duration 1568155940.0448296 1568156063.336362 1568155374-local_1it_96cpus_0delay_npc-4 140342322943808
read_file 1568155940.1445644 1568155940.2914245 bigbrain_3076_1809_694.nii 140451541354304
increment_file 1568155940.2918432 1568156060.602274 bigbrain_3076_1809_694.nii 140451541354304
write_file 1568156060.6436853 1568156063.7686794 inc-bigbrain_3076_1809_694.nii 140451541354304
task_duration 1568155940.0651276 1568156063.7762597 1568155374-local_1it_96cpus_0delay_npc-4 140451541354304
read_file 1568155940.144628 1568155940.2920249 bigbrain_2307_0_2082.nii 139958849173312
increment_file 1568155940.2922666 1568156060.6084144 bigbrain_2307_0_2082.nii 139958849173312
write_file 1568156060.6372938 1568156062.4413042 inc-bigbrain_2307_0_2082.nii 139958849173312
task_duration 1568155940.0672476 1568156062.4766307 1568155374-local_1it_96cpus_0delay_npc-4 139958849173312
read_file 1568155940.1455574 1568155940.2922418 bigbrain_769_2412_1388.nii 140249473652544
increment_file 1568155940.292546 1568156060.8382719 bigbrain_769_2412_1388.nii 140249473652544
write_file 1568156060.8868911 1568156062.9765847 inc-bigbrain_769_2412_1388.nii 140249473652544
task_duration 1568155940.0946136 1568156063.0381181 1568155374-local_1it_96cpus_0delay_npc-4 140249473652544
read_file 1568155940.1448352 1568155940.2922823 bigbrain_769_603_0.nii 140463112578880
increment_file 1568155940.2925613 1568156060.8267896 bigbrain_769_603_0.nii 140463112578880
write_file 1568156060.8632717 1568156063.0530882 inc-bigbrain_769_603_0.nii 140463112578880
task_duration 1568155940.0735714 1568156063.1046755 1568155374-local_1it_96cpus_0delay_npc-4 140463112578880
read_file 1568155940.1453292 1568155940.2923274 bigbrain_769_2412_2082.nii 139748969424704
increment_file 1568155940.292637 1568156060.9778974 bigbrain_769_2412_2082.nii 139748969424704
write_file 1568156061.037357 1568156063.0730515 inc-bigbrain_769_2412_2082.nii 139748969424704
task_duration 1568155940.0924199 1568156063.1110394 1568155374-local_1it_96cpus_0delay_npc-4 139748969424704
read_file 1568155940.1448917 1568155940.2925403 bigbrain_1538_1206_2082.nii 140553484830528
increment_file 1568155940.2928748 1568156060.60137 bigbrain_1538_1206_2082.nii 140553484830528
write_file 1568156060.6471653 1568156063.9358878 inc-bigbrain_1538_1206_2082.nii 140553484830528
task_duration 1568155940.078891 1568156063.9432914 1568155374-local_1it_96cpus_0delay_npc-4 140553484830528
read_file 1568155940.1459796 1568155940.292582 bigbrain_1538_1809_0.nii 139967919159104
increment_file 1568155940.292941 1568156060.7894945 bigbrain_1538_1809_0.nii 139967919159104
write_file 1568156060.846223 1568156063.89893 inc-bigbrain_1538_1809_0.nii 139967919159104
task_duration 1568155940.1003673 1568156063.905584 1568155374-local_1it_96cpus_0delay_npc-4 139967919159104
read_file 1568155940.145292 1568155940.292648 bigbrain_769_1206_0.nii 140329902516032
increment_file 1568155940.2930312 1568156060.8140905 bigbrain_769_1206_0.nii 140329902516032
write_file 1568156060.8493862 1568156062.9831111 inc-bigbrain_769_1206_0.nii 140329902516032
task_duration 1568155940.0899808 1568156063.0388365 1568155374-local_1it_96cpus_0delay_npc-4 140329902516032
read_file 1568155940.143705 1568155940.2926567 bigbrain_769_1206_694.nii 139911561381696
increment_file 1568155940.2930582 1568156060.79841 bigbrain_769_1206_694.nii 139911561381696
write_file 1568156060.8541095 1568156063.9598505 inc-bigbrain_769_1206_694.nii 139911561381696
task_duration 1568155940.0446558 1568156063.9653437 1568155374-local_1it_96cpus_0delay_npc-4 139911561381696
read_file 1568155940.144964 1568155940.2927446 bigbrain_2307_0_1388.nii 140574222964544
increment_file 1568155940.2931347 1568156060.5303414 bigbrain_2307_0_1388.nii 140574222964544
write_file 1568156060.5526912 1568156063.7999983 inc-bigbrain_2307_0_1388.nii 140574222964544
task_duration 1568155940.0823977 1568156063.8073034 1568155374-local_1it_96cpus_0delay_npc-4 140574222964544
read_file 1568155940.145508 1568155940.2927551 bigbrain_2307_603_0.nii 140487233185600
increment_file 1568155940.2931917 1568156060.5908399 bigbrain_2307_603_0.nii 140487233185600
write_file 1568156060.6136484 1568156062.4095008 inc-bigbrain_2307_603_0.nii 140487233185600
task_duration 1568155940.0937173 1568156062.4494863 1568155374-local_1it_96cpus_0delay_npc-4 140487233185600
read_file 1568155940.1454268 1568155940.296443 bigbrain_2307_1206_694.nii 139705474705216
increment_file 1568155940.2968762 1568156060.980102 bigbrain_2307_1206_694.nii 139705474705216
write_file 1568156061.0190046 1568156063.3238995 inc-bigbrain_2307_1206_694.nii 139705474705216
task_duration 1568155940.0921266 1568156063.3639843 1568155374-local_1it_96cpus_0delay_npc-4 139705474705216
read_file 1568155940.1451592 1568155940.2964702 bigbrain_1538_1206_694.nii 140441532495680
increment_file 1568155940.2969623 1568156061.0063024 bigbrain_1538_1206_694.nii 140441532495680
write_file 1568156061.0898194 1568156064.0112376 inc-bigbrain_1538_1206_694.nii 140441532495680
task_duration 1568155940.0865903 1568156064.0144796 1568155374-local_1it_96cpus_0delay_npc-4 140441532495680
read_file 1568155940.1452124 1568155940.2965083 bigbrain_3076_603_694.nii 140184012134208
increment_file 1568155940.297024 1568156060.8243096 bigbrain_3076_603_694.nii 140184012134208
write_file 1568156060.8587787 1568156062.9871354 inc-bigbrain_3076_603_694.nii 140184012134208
task_duration 1568155940.0900557 1568156063.0397596 1568155374-local_1it_96cpus_0delay_npc-4 140184012134208
read_file 1568155940.1444552 1568155940.296602 bigbrain_1538_603_0.nii 139905764046656
increment_file 1568155940.2970405 1568156060.842561 bigbrain_1538_603_0.nii 139905764046656
write_file 1568156060.9175432 1568156063.9394116 inc-bigbrain_1538_603_0.nii 139905764046656
task_duration 1568155940.0645463 1568156063.9442532 1568155374-local_1it_96cpus_0delay_npc-4 139905764046656
read_file 1568155940.1457164 1568155940.2966113 bigbrain_1538_603_1388.nii 140391077717824
increment_file 1568155940.2971768 1568156060.9961271 bigbrain_1538_603_1388.nii 140391077717824
write_file 1568156061.0848222 1568156063.8857157 inc-bigbrain_1538_603_1388.nii 140391077717824
task_duration 1568155940.0963366 1568156063.8920045 1568155374-local_1it_96cpus_0delay_npc-4 140391077717824
read_file 1568155940.1442692 1568155940.2966173 bigbrain_769_1809_2776.nii 140086744659776
increment_file 1568155940.2972393 1568156060.977932 bigbrain_769_1809_2776.nii 140086744659776
write_file 1568156061.0440955 1568156063.2824125 inc-bigbrain_769_1809_2776.nii 140086744659776
task_duration 1568155940.0587757 1568156063.3387837 1568155374-local_1it_96cpus_0delay_npc-4 140086744659776
read_file 1568155940.1448112 1568155940.2966378 bigbrain_3076_0_2082.nii 140092169959232
increment_file 1568155940.2972896 1568156060.9927216 bigbrain_3076_0_2082.nii 140092169959232
write_file 1568156061.0793998 1568156064.0958645 inc-bigbrain_3076_0_2082.nii 140092169959232
task_duration 1568155940.0735517 1568156064.0993273 1568155374-local_1it_96cpus_0delay_npc-4 140092169959232
read_file 1568155940.1440935 1568155940.2966502 bigbrain_1538_603_2082.nii 139662246299456
increment_file 1568155940.2973325 1568156060.8547325 bigbrain_1538_603_2082.nii 139662246299456
write_file 1568156060.8927736 1568156062.9789348 inc-bigbrain_1538_603_2082.nii 139662246299456
task_duration 1568155940.0494804 1568156063.0387056 1568155374-local_1it_96cpus_0delay_npc-4 139662246299456
read_file 1568155940.144055 1568155940.2966917 bigbrain_769_1206_1388.nii 139901864744768
increment_file 1568155940.2974038 1568156060.7987175 bigbrain_769_1206_1388.nii 139901864744768
write_file 1568156060.8622031 1568156063.9908316 inc-bigbrain_769_1206_1388.nii 139901864744768
task_duration 1568155940.048897 1568156063.9945705 1568155374-local_1it_96cpus_0delay_npc-4 139901864744768
read_file 1568155940.144759 1568155940.298624 bigbrain_3076_2412_2082.nii 140255734560576
increment_file 1568155940.298919 1568156060.8278165 bigbrain_3076_2412_2082.nii 140255734560576
write_file 1568156060.8633308 1568156062.969978 inc-bigbrain_3076_2412_2082.nii 140255734560576
task_duration 1568155940.0683856 1568156063.0270956 1568155374-local_1it_96cpus_0delay_npc-4 140255734560576
read_file 1568155940.1452703 1568155940.298778 bigbrain_769_603_1388.nii 140296189069120
increment_file 1568155940.299141 1568156060.9891894 bigbrain_769_603_1388.nii 140296189069120
write_file 1568156061.0844045 1568156063.9250865 inc-bigbrain_769_603_1388.nii 140296189069120
task_duration 1568155940.092205 1568156063.93008 1568155374-local_1it_96cpus_0delay_npc-4 140296189069120
read_file 1568155940.144503 1568155940.298831 bigbrain_2307_1206_2776.nii 140138308495168
increment_file 1568155940.299201 1568156060.7890394 bigbrain_2307_1206_2776.nii 140138308495168
write_file 1568156060.8338108 1568156062.922056 inc-bigbrain_2307_1206_2776.nii 140138308495168
task_duration 1568155940.0644016 1568156062.9540105 1568155374-local_1it_96cpus_0delay_npc-4 140138308495168
read_file 1568155940.1460657 1568155940.2988324 bigbrain_1538_0_694.nii 140566142453568
increment_file 1568155940.299269 1568156060.8187547 bigbrain_1538_0_694.nii 140566142453568
write_file 1568156060.86307 1568156064.0248864 inc-bigbrain_1538_0_694.nii 140566142453568
task_duration 1568155940.0995543 1568156064.0278769 1568155374-local_1it_96cpus_0delay_npc-4 140566142453568
read_file 1568155940.1448753 1568155940.2988653 bigbrain_3076_1809_2776.nii 140496142284608
increment_file 1568155940.2993217 1568156060.99202 bigbrain_3076_1809_2776.nii 140496142284608
write_file 1568156061.0417688 1568156063.301527 inc-bigbrain_3076_1809_2776.nii 140496142284608
task_duration 1568155940.074592 1568156063.3529274 1568155374-local_1it_96cpus_0delay_npc-4 140496142284608
read_file 1568155940.143839 1568155940.298921 bigbrain_769_0_2082.nii 140660460816192
increment_file 1568155940.2993903 1568156060.7860157 bigbrain_769_0_2082.nii 140660460816192
write_file 1568156060.8307884 1568156063.9098938 inc-bigbrain_769_0_2082.nii 140660460816192
task_duration 1568155940.0465462 1568156063.914909 1568155374-local_1it_96cpus_0delay_npc-4 140660460816192
read_file 1568155940.144357 1568155940.2989397 bigbrain_3076_2412_694.nii 140139621214016
increment_file 1568155940.2994564 1568156060.5281258 bigbrain_3076_2412_694.nii 140139621214016
write_file 1568156060.5524194 1568156063.7182798 inc-bigbrain_3076_2412_694.nii 140139621214016
task_duration 1568155940.0637324 1568156063.7286062 1568155374-local_1it_96cpus_0delay_npc-4 140139621214016
read_file 1568155940.1451035 1568155940.2990336 bigbrain_2307_1206_0.nii 140309984184128
increment_file 1568155940.2995014 1568156060.5311544 bigbrain_2307_1206_0.nii 140309984184128
write_file 1568156060.553397 1568156063.7810578 inc-bigbrain_2307_1206_0.nii 140309984184128
task_duration 1568155940.0884414 1568156063.7878456 1568155374-local_1it_96cpus_0delay_npc-4 140309984184128
read_file 1568155940.1455684 1568155940.2996337 bigbrain_3076_1809_1388.nii 140435433547584
increment_file 1568155940.3000066 1568156060.8071024 bigbrain_3076_1809_1388.nii 140435433547584
write_file 1568156060.841459 1568156063.0095367 inc-bigbrain_3076_1809_1388.nii 140435433547584
task_duration 1568155940.0951908 1568156063.0485168 1568155374-local_1it_96cpus_0delay_npc-4 140435433547584
read_file 1568155940.1435194 1568155940.3176477 bigbrain_3076_1206_2776.nii 139816229062464
increment_file 1568155940.3180702 1568156060.8496933 bigbrain_3076_1206_2776.nii 139816229062464
write_file 1568156060.8930614 1568156062.9488728 inc-bigbrain_3076_1206_2776.nii 139816229062464
task_duration 1568155940.0449355 1568156062.9810793 1568155374-local_1it_96cpus_0delay_npc-4 139816229062464
read_file 1568155940.145873 1568155940.3179312 bigbrain_769_1206_2082.nii 139770098366272
increment_file 1568155940.3183565 1568156060.8360105 bigbrain_769_1206_2082.nii 139770098366272
write_file 1568156060.8732593 1568156062.8472517 inc-bigbrain_769_1206_2082.nii 139770098366272
task_duration 1568155940.100333 1568156062.8744683 1568155374-local_1it_96cpus_0delay_npc-4 139770098366272
read_file 1568155940.1456482 1568155940.333183 bigbrain_1538_1809_1388.nii 139652181522240
increment_file 1568155940.3336012 1568156061.098163 bigbrain_1538_1809_1388.nii 139652181522240
write_file 1568156061.17297 1568156063.9510453 inc-bigbrain_1538_1809_1388.nii 139652181522240
task_duration 1568155940.0964437 1568156063.9555554 1568155374-local_1it_96cpus_0delay_npc-4 139652181522240
read_file 1568155940.1435804 1568155940.333322 bigbrain_769_1809_0.nii 139721691805504
increment_file 1568155940.3337145 1568156060.961861 bigbrain_769_1809_0.nii 139721691805504
write_file 1568156061.000427 1568156063.2544467 inc-bigbrain_769_1809_0.nii 139721691805504
task_duration 1568155940.044965 1568156063.2965615 1568155374-local_1it_96cpus_0delay_npc-4 139721691805504
read_file 1568155940.1449032 1568155940.3333395 bigbrain_2307_0_694.nii 140365480941376
increment_file 1568155940.333802 1568156060.961525 bigbrain_2307_0_694.nii 140365480941376
write_file 1568156061.001474 1568156063.2171028 inc-bigbrain_2307_0_694.nii 140365480941376
task_duration 1568155940.0748308 1568156063.2462287 1568155374-local_1it_96cpus_0delay_npc-4 140365480941376
read_file 1568155940.1438856 1568155940.3900614 bigbrain_1538_1206_0.nii 140169331341120
increment_file 1568155940.3903775 1568156061.2634706 bigbrain_1538_1206_0.nii 140169331341120
write_file 1568156061.3066928 1568156063.2166812 inc-bigbrain_1538_1206_0.nii 140169331341120
task_duration 1568155940.0486343 1568156063.243997 1568155374-local_1it_96cpus_0delay_npc-4 140169331341120
read_file 1568155940.1442702 1568155940.3904757 bigbrain_769_1206_2776.nii 140054175070016
increment_file 1568155940.3908062 1568156061.2333012 bigbrain_769_1206_2776.nii 140054175070016
write_file 1568156061.2913158 1568156063.324685 inc-bigbrain_769_1206_2776.nii 140054175070016
task_duration 1568155940.0616946 1568156063.3584647 1568155374-local_1it_96cpus_0delay_npc-4 140054175070016
read_file 1568155940.1441486 1568155940.3906708 bigbrain_3076_603_0.nii 140158626973504
increment_file 1568155940.3910298 1568156061.2080753 bigbrain_3076_603_0.nii 140158626973504
write_file 1568156061.2820637 1568156064.0163057 inc-bigbrain_3076_603_0.nii 140158626973504
task_duration 1568155940.0532112 1568156064.0193393 1568155374-local_1it_96cpus_0delay_npc-4 140158626973504
read_file 1568155940.145508 1568155940.3907218 bigbrain_2307_1206_1388.nii 139900685428544
increment_file 1568155940.3911319 1568156061.2499576 bigbrain_2307_1206_1388.nii 139900685428544
write_file 1568156061.3239121 1568156063.9411209 inc-bigbrain_2307_1206_1388.nii 139900685428544
task_duration 1568155940.0925882 1568156063.9463801 1568155374-local_1it_96cpus_0delay_npc-4 139900685428544
read_file 1568155940.1459177 1568155940.3991964 bigbrain_2307_0_0.nii 140600935257920
increment_file 1568155940.3996348 1568156061.09055 bigbrain_2307_0_0.nii 140600935257920
write_file 1568156061.1648657 1568156063.367538 inc-bigbrain_2307_0_0.nii 140600935257920
task_duration 1568155940.1002681 1568156063.3896823 1568155374-local_1it_96cpus_0delay_npc-4 140600935257920
read_file 1568155940.1456463 1568155940.3992386 bigbrain_769_1809_2082.nii 140677471569728
increment_file 1568155940.3996842 1568156061.1834273 bigbrain_769_1809_2082.nii 140677471569728
write_file 1568156061.246044 1568156063.3491588 inc-bigbrain_769_1809_2082.nii 140677471569728
task_duration 1568155940.0963714 1568156063.3733034 1568155374-local_1it_96cpus_0delay_npc-4 140677471569728
read_file 1568155940.1442199 1568155940.447873 bigbrain_1538_1809_2776.nii 139737293182784
increment_file 1568155940.4482806 1568156061.4692738 bigbrain_1538_1809_2776.nii 139737293182784
write_file 1568156061.5307784 1568156064.0024848 inc-bigbrain_1538_1809_2776.nii 139737293182784
task_duration 1568155940.0550966 1568156064.005874 1568155374-local_1it_96cpus_0delay_npc-4 139737293182784
read_file 1568155940.145181 1568155940.5240376 bigbrain_1538_1206_1388.nii 139654602082112
increment_file 1568155940.5244477 1568156061.7046494 bigbrain_1538_1206_1388.nii 139654602082112
write_file 1568156061.7615879 1568156063.4844065 inc-bigbrain_1538_1206_1388.nii 139654602082112
task_duration 1568155940.0902328 1568156063.4949949 1568155374-local_1it_96cpus_0delay_npc-4 139654602082112
read_file 1568155941.893599 1568155942.2095807 bigbrain_769_603_694.nii 140571956356928
increment_file 1568155942.2100115 1568156061.1845949 bigbrain_769_603_694.nii 140571956356928
write_file 1568156061.2357175 1568156063.1749277 inc-bigbrain_769_603_694.nii 140571956356928
task_duration 1568155941.89096 1568156063.1939735 1568155374-local_1it_96cpus_0delay_npc-4 140571956356928
