read_file 1568155125.179444 1568155125.181123 bigbrain_769_603_2776.nii 140289847686976
increment_file 1568155125.1813433 1568155125.6676922 bigbrain_769_603_2776.nii 140289847686976
write_file 1568155125.6782193 1568155126.1829982 inc-bigbrain_769_603_2776.nii 140289847686976
task_duration 1568155245.1774306 1568155366.2874758 1568154807-tmpfs_1it_25cpus_60delay_withpc-4 140289847686976
read_file 1568155125.1742413 1568155125.1763248 bigbrain_769_603_694.nii 139912380360512
increment_file 1568155125.1765933 1568155125.6647954 bigbrain_769_603_694.nii 139912380360512
write_file 1568155125.6753964 1568155126.184754 inc-bigbrain_769_603_694.nii 139912380360512
task_duration 1568155245.1714184 1568155366.29248 1568154807-tmpfs_1it_25cpus_60delay_withpc-4 139912380360512
read_file 1568155125.1713507 1568155125.1731174 bigbrain_769_603_2082.nii 139730515449664
increment_file 1568155125.173357 1568155125.6483169 bigbrain_769_603_2082.nii 139730515449664
write_file 1568155125.6586812 1568155126.170987 inc-bigbrain_769_603_2082.nii 139730515449664
task_duration 1568155245.1691098 1568155366.2846985 1568154807-tmpfs_1it_25cpus_60delay_withpc-4 139730515449664
read_file 1568155125.1566133 1568155125.1579216 bigbrain_769_603_1388.nii 139812555028288
increment_file 1568155125.15811 1568155125.6535277 bigbrain_769_603_1388.nii 139812555028288
write_file 1568155125.6641474 1568155126.2177339 inc-bigbrain_769_603_1388.nii 139812555028288
task_duration 1568155245.1534631 1568155366.3314393 1568154807-tmpfs_1it_25cpus_60delay_withpc-4 139812555028288
read_file 1568155125.1523848 1568155125.1545086 bigbrain_769_2412_2082.nii 139648682358592
increment_file 1568155125.1547632 1568155125.638736 bigbrain_769_2412_2082.nii 139648682358592
write_file 1568155125.6488278 1568155126.167694 inc-bigbrain_769_2412_2082.nii 139648682358592
task_duration 1568155245.1495357 1568155366.280225 1568154807-tmpfs_1it_25cpus_60delay_withpc-4 139648682358592
read_file 1568155125.1479187 1568155125.1493537 bigbrain_769_603_0.nii 139773238507328
increment_file 1568155125.1495314 1568155125.619977 bigbrain_769_603_0.nii 139773238507328
write_file 1568155125.6301498 1568155126.1295514 inc-bigbrain_769_603_0.nii 139773238507328
task_duration 1568155245.145961 1568155366.2427423 1568154807-tmpfs_1it_25cpus_60delay_withpc-4 139773238507328
read_file 1568155125.1456857 1568155125.1469297 bigbrain_769_1809_694.nii 139664211261248
increment_file 1568155125.1470904 1568155125.6286807 bigbrain_769_1809_694.nii 139664211261248
write_file 1568155125.6390023 1568155126.1482298 inc-bigbrain_769_1809_694.nii 139664211261248
task_duration 1568155245.1428704 1568155366.2618778 1568154807-tmpfs_1it_25cpus_60delay_withpc-4 139664211261248
read_file 1568155125.1401541 1568155125.141927 bigbrain_769_2412_2776.nii 139634723379008
increment_file 1568155125.1421535 1568155125.6144576 bigbrain_769_2412_2776.nii 139634723379008
write_file 1568155125.6246266 1568155126.1488152 inc-bigbrain_769_2412_2776.nii 139634723379008
task_duration 1568155245.1378825 1568155366.258141 1568154807-tmpfs_1it_25cpus_60delay_withpc-4 139634723379008
read_file 1568155125.1344943 1568155125.1367133 bigbrain_769_2412_1388.nii 140672817260352
increment_file 1568155125.1368728 1568155125.6184752 bigbrain_769_2412_1388.nii 140672817260352
write_file 1568155125.6286674 1568155126.151997 inc-bigbrain_769_2412_1388.nii 140672817260352
task_duration 1568155245.1311998 1568155366.265551 1568154807-tmpfs_1it_25cpus_60delay_withpc-4 140672817260352
read_file 1568155125.125203 1568155125.1265135 bigbrain_769_2412_694.nii 140380714207040
increment_file 1568155125.1266718 1568155125.5988796 bigbrain_769_2412_694.nii 140380714207040
write_file 1568155125.6091948 1568155126.1198494 inc-bigbrain_769_2412_694.nii 140380714207040
task_duration 1568155245.1218944 1568155366.2314188 1568154807-tmpfs_1it_25cpus_60delay_withpc-4 140380714207040
read_file 1568155125.094664 1568155125.096277 bigbrain_769_2412_0.nii 139921140107072
increment_file 1568155125.0964236 1568155125.566549 bigbrain_769_2412_0.nii 139921140107072
write_file 1568155125.5764737 1568155126.0969124 inc-bigbrain_769_2412_0.nii 139921140107072
task_duration 1568155245.0914621 1568155366.210253 1568154807-tmpfs_1it_25cpus_60delay_withpc-4 139921140107072
read_file 1568155125.0767674 1568155125.0781686 bigbrain_769_1809_2776.nii 140704450115392
increment_file 1568155125.0783334 1568155125.5477479 bigbrain_769_1809_2776.nii 140704450115392
write_file 1568155125.5577047 1568155126.0696514 inc-bigbrain_769_1809_2776.nii 140704450115392
task_duration 1568155245.0748742 1568155366.1829772 1568154807-tmpfs_1it_25cpus_60delay_withpc-4 140704450115392
read_file 1568155125.0698419 1568155125.0716705 bigbrain_769_1809_2082.nii 140329240430400
increment_file 1568155125.071881 1568155125.547589 bigbrain_769_1809_2082.nii 140329240430400
write_file 1568155125.5577672 1568155126.0867035 inc-bigbrain_769_1809_2082.nii 140329240430400
task_duration 1568155245.0673513 1568155366.200112 1568154807-tmpfs_1it_25cpus_60delay_withpc-4 140329240430400
read_file 1568155124.7038724 1568155124.705635 bigbrain_769_1809_1388.nii 140280421820224
increment_file 1568155124.7058432 1568155125.1388512 bigbrain_769_1809_1388.nii 140280421820224
write_file 1568155125.1485546 1568155125.6057858 inc-bigbrain_769_1809_1388.nii 140280421820224
task_duration 1568155244.7015128 1568155365.7183025 1568154807-tmpfs_1it_25cpus_60delay_withpc-4 140280421820224
read_file 1568155123.901727 1568155123.9028268 bigbrain_769_1809_0.nii 140083881174848
increment_file 1568155123.9029672 1568155124.336851 bigbrain_769_1809_0.nii 140083881174848
write_file 1568155124.3466785 1568155124.7804444 inc-bigbrain_769_1809_0.nii 140083881174848
task_duration 1568155243.8986578 1568155364.8897758 1568154807-tmpfs_1it_25cpus_60delay_withpc-4 140083881174848
read_file 1568155123.6845021 1568155123.6866717 bigbrain_769_1206_694.nii 140694112212800
increment_file 1568155123.6869187 1568155124.1379573 bigbrain_769_1206_694.nii 140694112212800
write_file 1568155124.1477847 1568155124.5918677 inc-bigbrain_769_1206_694.nii 140694112212800
task_duration 1568155243.681569 1568155364.7011535 1568154807-tmpfs_1it_25cpus_60delay_withpc-4 140694112212800
read_file 1568155123.647077 1568155123.649408 bigbrain_769_1206_2776.nii 140578011232064
increment_file 1568155123.6495903 1568155124.066442 bigbrain_769_1206_2776.nii 140578011232064
write_file 1568155124.075976 1568155124.5175636 inc-bigbrain_769_1206_2776.nii 140578011232064
task_duration 1568155243.6438453 1568155364.6266813 1568154807-tmpfs_1it_25cpus_60delay_withpc-4 140578011232064
read_file 1568155123.355786 1568155123.3569539 bigbrain_769_1206_2082.nii 139982062991168
increment_file 1568155123.3571239 1568155123.8030238 bigbrain_769_1206_2082.nii 139982062991168
write_file 1568155123.8136249 1568155124.268465 inc-bigbrain_769_1206_2082.nii 139982062991168
task_duration 1568155243.3537593 1568155364.3764966 1568154807-tmpfs_1it_25cpus_60delay_withpc-4 139982062991168
read_file 1568155123.3145833 1568155123.3163855 bigbrain_769_1206_1388.nii 140666425423680
increment_file 1568155123.316529 1568155123.7295256 bigbrain_769_1206_1388.nii 140666425423680
write_file 1568155123.7390594 1568155124.1974094 inc-bigbrain_769_1206_1388.nii 140666425423680
task_duration 1568155243.3113706 1568155364.3059974 1568154807-tmpfs_1it_25cpus_60delay_withpc-4 140666425423680
read_file 1568155122.9806883 1568155122.9829938 bigbrain_769_1206_0.nii 140272668231488
increment_file 1568155122.9831429 1568155123.3803875 bigbrain_769_1206_0.nii 140272668231488
write_file 1568155123.3898177 1568155123.8402023 inc-bigbrain_769_1206_0.nii 140272668231488
task_duration 1568155242.9774914 1568155363.948344 1568154807-tmpfs_1it_25cpus_60delay_withpc-4 140272668231488
read_file 1568155122.861081 1568155122.8626502 bigbrain_769_0_2776.nii 140292939577152
increment_file 1568155122.8628383 1568155123.312493 bigbrain_769_0_2776.nii 140292939577152
write_file 1568155123.323209 1568155123.7814066 inc-bigbrain_769_0_2776.nii 140292939577152
task_duration 1568155242.8592474 1568155363.8864663 1568154807-tmpfs_1it_25cpus_60delay_withpc-4 140292939577152
read_file 1568155122.8549232 1568155122.8566544 bigbrain_769_0_694.nii 140197543356224
increment_file 1568155122.8568697 1568155123.2619348 bigbrain_769_0_694.nii 140197543356224
write_file 1568155123.2713616 1568155123.7216182 inc-bigbrain_769_0_694.nii 140197543356224
task_duration 1568155242.8522947 1568155363.8295054 1568154807-tmpfs_1it_25cpus_60delay_withpc-4 140197543356224
read_file 1568154999.4035873 1568154999.4046652 bigbrain_769_0_2082.nii 140360415676224
increment_file 1568154999.4048119 1568154999.8726952 bigbrain_769_0_2082.nii 140360415676224
write_file 1568154999.8835628 1568155000.3866274 inc-bigbrain_769_0_2082.nii 140360415676224
task_duration 1568155119.4024372 1568155240.4895139 1568154807-tmpfs_1it_25cpus_60delay_withpc-4 140360415676224
read_file 1568154999.3565686 1568154999.3585045 bigbrain_3076_603_2776.nii 139627680405312
increment_file 1568154999.3587048 1568154999.9092762 bigbrain_3076_603_2776.nii 139627680405312
write_file 1568154999.9199092 1568155000.5144885 inc-bigbrain_3076_603_2776.nii 139627680405312
task_duration 1568155119.3536506 1568155240.621601 1568154807-tmpfs_1it_25cpus_60delay_withpc-4 139627680405312
read_file 1568154999.3482368 1568154999.3495743 bigbrain_769_0_1388.nii 140569323104064
increment_file 1568154999.3497393 1568154999.8992784 bigbrain_769_0_1388.nii 140569323104064
write_file 1568154999.9099817 1568155000.4735792 inc-bigbrain_769_0_1388.nii 140569323104064
task_duration 1568155119.3447175 1568155240.577638 1568154807-tmpfs_1it_25cpus_60delay_withpc-4 140569323104064
read_file 1568154999.3478076 1568154999.3491275 bigbrain_769_0_0.nii 139657867577152
increment_file 1568154999.3493187 1568154999.9194455 bigbrain_769_0_0.nii 139657867577152
write_file 1568154999.9295726 1568155000.4768784 inc-bigbrain_769_0_0.nii 139657867577152
task_duration 1568155119.346362 1568155240.5814571 1568154807-tmpfs_1it_25cpus_60delay_withpc-4 139657867577152
read_file 1568154999.3424485 1568154999.34393 bigbrain_3076_2412_694.nii 140472243341120
increment_file 1568154999.3441253 1568154999.8112445 bigbrain_3076_2412_694.nii 140472243341120
write_file 1568154999.8213453 1568155000.347319 inc-bigbrain_3076_2412_694.nii 140472243341120
task_duration 1568155119.3402584 1568155240.4514816 1568154807-tmpfs_1it_25cpus_60delay_withpc-4 140472243341120
read_file 1568154999.3334665 1568154999.334881 bigbrain_3076_603_1388.nii 140108184987456
increment_file 1568154999.3350508 1568154999.801707 bigbrain_3076_603_1388.nii 140108184987456
write_file 1568154999.8116179 1568155000.3370829 inc-bigbrain_3076_603_1388.nii 140108184987456
task_duration 1568155119.3316073 1568155240.4410517 1568154807-tmpfs_1it_25cpus_60delay_withpc-4 140108184987456
read_file 1568154999.3332467 1568154999.334813 bigbrain_3076_603_2082.nii 140353854117696
increment_file 1568154999.3350098 1568154999.8773007 bigbrain_3076_603_2082.nii 140353854117696
write_file 1568154999.887732 1568155000.4622257 inc-bigbrain_3076_603_2082.nii 140353854117696
task_duration 1568155119.3313491 1568155240.5660782 1568154807-tmpfs_1it_25cpus_60delay_withpc-4 140353854117696
read_file 1568154999.332347 1568154999.3336246 bigbrain_3076_603_694.nii 139991432312640
increment_file 1568154999.333777 1568154999.7919495 bigbrain_3076_603_694.nii 139991432312640
write_file 1568154999.8021998 1568155000.3256176 inc-bigbrain_3076_603_694.nii 139991432312640
task_duration 1568155119.3303297 1568155240.430735 1568154807-tmpfs_1it_25cpus_60delay_withpc-4 139991432312640
read_file 1568154999.3309214 1568154999.3322868 bigbrain_3076_603_0.nii 140182714009408
increment_file 1568154999.3324316 1568154999.8050103 bigbrain_3076_603_0.nii 140182714009408
write_file 1568154999.814949 1568155000.3312907 inc-bigbrain_3076_603_0.nii 140182714009408
task_duration 1568155119.327708 1568155240.4351325 1568154807-tmpfs_1it_25cpus_60delay_withpc-4 140182714009408
read_file 1568154999.328062 1568154999.3294637 bigbrain_3076_2412_2776.nii 139943956145984
increment_file 1568154999.3296607 1568154999.869449 bigbrain_3076_2412_2776.nii 139943956145984
write_file 1568154999.880035 1568155000.4529822 inc-bigbrain_3076_2412_2776.nii 139943956145984
task_duration 1568155119.3247132 1568155240.5567791 1568154807-tmpfs_1it_25cpus_60delay_withpc-4 139943956145984
read_file 1568154999.3218663 1568154999.3236887 bigbrain_3076_2412_2082.nii 139687547934528
increment_file 1568154999.3239226 1568154999.8664 bigbrain_3076_2412_2082.nii 139687547934528
write_file 1568154999.8771615 1568155000.4509387 inc-bigbrain_3076_2412_2082.nii 139687547934528
task_duration 1568155119.3195028 1568155240.5545595 1568154807-tmpfs_1it_25cpus_60delay_withpc-4 139687547934528
read_file 1568154999.2714996 1568154999.2728736 bigbrain_3076_1809_694.nii 139768216381248
increment_file 1568154999.2730472 1568154999.7406907 bigbrain_3076_1809_694.nii 139768216381248
write_file 1568154999.7507875 1568155000.2824988 inc-bigbrain_3076_1809_694.nii 139768216381248
task_duration 1568155119.2695377 1568155240.3846505 1568154807-tmpfs_1it_25cpus_60delay_withpc-4 139768216381248
read_file 1568154999.260059 1568154999.2615886 bigbrain_3076_1809_2776.nii 140063795345216
increment_file 1568154999.2617743 1568154999.7893898 bigbrain_3076_1809_2776.nii 140063795345216
write_file 1568154999.7994928 1568155000.3798187 inc-bigbrain_3076_1809_2776.nii 140063795345216
task_duration 1568155119.257975 1568155240.4834647 1568154807-tmpfs_1it_25cpus_60delay_withpc-4 140063795345216
read_file 1568154999.255758 1568154999.2574563 bigbrain_3076_2412_0.nii 140345374648128
increment_file 1568154999.2576036 1568154999.7793002 bigbrain_3076_2412_0.nii 140345374648128
write_file 1568154999.7894678 1568155000.3704538 inc-bigbrain_3076_2412_0.nii 140345374648128
task_duration 1568155119.252547 1568155240.4741538 1568154807-tmpfs_1it_25cpus_60delay_withpc-4 140345374648128
read_file 1568154999.2488778 1568154999.2502682 bigbrain_3076_2412_1388.nii 140425299797824
increment_file 1568154999.2504363 1568154999.771103 bigbrain_3076_2412_1388.nii 140425299797824
write_file 1568154999.7814236 1568155000.3622768 inc-bigbrain_3076_2412_1388.nii 140425299797824
task_duration 1568155119.2471857 1568155240.4677143 1568154807-tmpfs_1it_25cpus_60delay_withpc-4 140425299797824
read_file 1568154999.180437 1568154999.1821575 bigbrain_3076_1809_2082.nii 140379811399488
increment_file 1568154999.1823628 1568154999.693149 bigbrain_3076_1809_2082.nii 140379811399488
write_file 1568154999.7033238 1568155000.286314 inc-bigbrain_3076_1809_2082.nii 140379811399488
task_duration 1568155119.1781185 1568155240.3910036 1568154807-tmpfs_1it_25cpus_60delay_withpc-4 140379811399488
read_file 1568154998.871265 1568154998.8732035 bigbrain_3076_1809_1388.nii 140293218494272
increment_file 1568154998.873366 1568154999.3364956 bigbrain_3076_1809_1388.nii 140293218494272
write_file 1568154999.34669 1568154999.8852851 inc-bigbrain_3076_1809_1388.nii 140293218494272
task_duration 1568155118.8680096 1568155239.9877102 1568154807-tmpfs_1it_25cpus_60delay_withpc-4 140293218494272
read_file 1568154998.5549607 1568154998.556562 bigbrain_3076_1809_0.nii 140310843504448
increment_file 1568154998.5567672 1568154998.972779 bigbrain_3076_1809_0.nii 140310843504448
write_file 1568154998.9825215 1568154999.4685795 inc-bigbrain_3076_1809_0.nii 140310843504448
task_duration 1568155118.552914 1568155239.5706904 1568154807-tmpfs_1it_25cpus_60delay_withpc-4 140310843504448
read_file 1568154998.4638689 1568154998.4653819 bigbrain_3076_1206_694.nii 140542102112064
increment_file 1568154998.4655643 1568154998.8785095 bigbrain_3076_1206_694.nii 140542102112064
write_file 1568154998.8880835 1568154999.361146 inc-bigbrain_3076_1206_694.nii 140542102112064
task_duration 1568155118.4619188 1568155239.468256 1568154807-tmpfs_1it_25cpus_60delay_withpc-4 140542102112064
read_file 1568154998.3678505 1568154998.3692455 bigbrain_3076_1206_2776.nii 140494747580224
increment_file 1568154998.3694263 1568154998.823141 bigbrain_3076_1206_2776.nii 140494747580224
write_file 1568154998.833117 1568154999.2975166 inc-bigbrain_3076_1206_2776.nii 140494747580224
task_duration 1568155118.3656921 1568155239.4016328 1568154807-tmpfs_1it_25cpus_60delay_withpc-4 140494747580224
read_file 1568154998.3263829 1568154998.3285897 bigbrain_3076_1206_2082.nii 139955866752832
increment_file 1568154998.3288405 1568154998.7379687 bigbrain_3076_1206_2082.nii 139955866752832
write_file 1568154998.747694 1568154999.2163928 inc-bigbrain_3076_1206_2082.nii 139955866752832
task_duration 1568155118.3234153 1568155239.3233461 1568154807-tmpfs_1it_25cpus_60delay_withpc-4 139955866752832
read_file 1568154998.2308974 1568154998.2326238 bigbrain_3076_1206_1388.nii 140221693589312
increment_file 1568154998.2328396 1568154998.682856 bigbrain_3076_1206_1388.nii 140221693589312
write_file 1568154998.6934013 1568154999.1681533 inc-bigbrain_3076_1206_1388.nii 140221693589312
task_duration 1568155118.2286313 1568155239.2801268 1568154807-tmpfs_1it_25cpus_60delay_withpc-4 140221693589312
read_file 1568154998.203266 1568154998.2050061 bigbrain_3076_1206_0.nii 140595436623680
increment_file 1568154998.2052023 1568154998.619757 bigbrain_3076_1206_0.nii 140595436623680
write_file 1568154998.6293032 1568154999.1040356 inc-bigbrain_3076_1206_0.nii 140595436623680
task_duration 1568155118.2008026 1568155239.2196803 1568154807-tmpfs_1it_25cpus_60delay_withpc-4 140595436623680
read_file 1568154998.1017702 1568154998.1036932 bigbrain_3076_0_2776.nii 140590826592064
increment_file 1568154998.1038368 1568154998.5450718 bigbrain_3076_0_2776.nii 140590826592064
write_file 1568154998.554958 1568154999.0247653 inc-bigbrain_3076_0_2776.nii 140590826592064
task_duration 1568155118.0991015 1568155239.131559 1568154807-tmpfs_1it_25cpus_60delay_withpc-4 140590826592064
read_file 1568154998.0870426 1568154998.0886765 bigbrain_3076_0_694.nii 139891775493952
increment_file 1568154998.08888 1568154998.537848 bigbrain_3076_0_694.nii 139891775493952
write_file 1568154998.547898 1568154999.0101557 inc-bigbrain_3076_0_694.nii 139891775493952
task_duration 1568155118.0845573 1568155239.1171834 1568154807-tmpfs_1it_25cpus_60delay_withpc-4 139891775493952
read_file 1568154871.8865402 1568154871.887954 bigbrain_3076_0_2082.nii 140596789565248
increment_file 1568154871.8881767 1568154872.4640298 bigbrain_3076_0_2082.nii 140596789565248
write_file 1568154872.4754364 1568154872.992222 inc-bigbrain_3076_0_2082.nii 140596789565248
task_duration 1568154991.8850558 1568155113.0950615 1568154807-tmpfs_1it_25cpus_60delay_withpc-4 140596789565248
read_file 1568154871.834466 1568154871.836187 bigbrain_2307_2412_2082.nii 140450109859648
increment_file 1568154871.8364093 1568154872.4432662 bigbrain_2307_2412_2082.nii 140450109859648
write_file 1568154872.4536927 1568154873.0997128 inc-bigbrain_2307_2412_2082.nii 140450109859648
task_duration 1568154991.8323987 1568155113.2040112 1568154807-tmpfs_1it_25cpus_60delay_withpc-4 140450109859648
read_file 1568154871.8321192 1568154871.8336015 bigbrain_3076_0_0.nii 140033358145344
increment_file 1568154871.833814 1568154872.4465303 bigbrain_3076_0_0.nii 140033358145344
write_file 1568154872.456909 1568154873.056816 inc-bigbrain_3076_0_0.nii 140033358145344
task_duration 1568154991.8290734 1568155113.1602764 1568154807-tmpfs_1it_25cpus_60delay_withpc-4 140033358145344
read_file 1568154871.82751 1568154871.829545 bigbrain_2307_603_2082.nii 140080223815488
increment_file 1568154871.8298018 1568154872.4453669 bigbrain_2307_603_2082.nii 140080223815488
write_file 1568154872.4557939 1568154873.0634024 inc-bigbrain_2307_603_2082.nii 140080223815488
task_duration 1568154991.8249743 1568155113.1664813 1568154807-tmpfs_1it_25cpus_60delay_withpc-4 140080223815488
read_file 1568154871.8239064 1568154871.8254545 bigbrain_2307_2412_2776.nii 140229377226560
increment_file 1568154871.82566 1568154872.4283845 bigbrain_2307_2412_2776.nii 140229377226560
write_file 1568154872.43867 1568154873.0473413 inc-bigbrain_2307_2412_2776.nii 140229377226560
task_duration 1568154991.822005 1568155113.149691 1568154807-tmpfs_1it_25cpus_60delay_withpc-4 140229377226560
read_file 1568154871.8229544 1568154871.8242576 bigbrain_2307_603_1388.nii 140621078214464
increment_file 1568154871.8244333 1568154872.394648 bigbrain_2307_603_1388.nii 140621078214464
write_file 1568154872.4052172 1568154872.926743 inc-bigbrain_2307_603_1388.nii 140621078214464
task_duration 1568154991.8204515 1568155113.0290468 1568154807-tmpfs_1it_25cpus_60delay_withpc-4 140621078214464
read_file 1568154871.8173506 1568154871.819461 bigbrain_2307_1809_694.nii 140342769035072
increment_file 1568154871.8197255 1568154872.437532 bigbrain_2307_1809_694.nii 140342769035072
write_file 1568154872.4480486 1568154873.0582428 inc-bigbrain_2307_1809_694.nii 140342769035072
task_duration 1568154991.8146913 1568155113.161298 1568154807-tmpfs_1it_25cpus_60delay_withpc-4 140342769035072
read_file 1568154871.812859 1568154871.8140712 bigbrain_3076_0_1388.nii 140487320348480
increment_file 1568154871.8142395 1568154872.3923907 bigbrain_3076_0_1388.nii 140487320348480
write_file 1568154872.4030113 1568154872.9261625 inc-bigbrain_3076_0_1388.nii 140487320348480
task_duration 1568154991.8102856 1568155113.0288215 1568154807-tmpfs_1it_25cpus_60delay_withpc-4 140487320348480
read_file 1568154871.8120604 1568154871.813351 bigbrain_2307_603_0.nii 140471826827072
increment_file 1568154871.8135042 1568154872.4265685 bigbrain_2307_603_0.nii 140471826827072
write_file 1568154872.4370065 1568154873.0390692 inc-bigbrain_2307_603_0.nii 140471826827072
task_duration 1568154991.8091419 1568155113.1416965 1568154807-tmpfs_1it_25cpus_60delay_withpc-4 140471826827072
read_file 1568154871.8103747 1568154871.8122752 bigbrain_2307_2412_694.nii 140558994618176
increment_file 1568154871.8124413 1568154872.4093394 bigbrain_2307_2412_694.nii 140558994618176
write_file 1568154872.419473 1568154873.0313249 inc-bigbrain_2307_2412_694.nii 140558994618176
task_duration 1568154991.8070457 1568155113.1346447 1568154807-tmpfs_1it_25cpus_60delay_withpc-4 140558994618176
read_file 1568154871.8056161 1568154871.8072505 bigbrain_2307_603_694.nii 140210535941952
increment_file 1568154871.807455 1568154872.3907216 bigbrain_2307_603_694.nii 140210535941952
write_file 1568154872.4015257 1568154872.9285102 inc-bigbrain_2307_603_694.nii 140210535941952
task_duration 1568154991.8034778 1568155113.0314648 1568154807-tmpfs_1it_25cpus_60delay_withpc-4 140210535941952
read_file 1568154871.7926464 1568154871.7939749 bigbrain_2307_2412_1388.nii 139892133934912
increment_file 1568154871.7941523 1568154872.397863 bigbrain_2307_2412_1388.nii 139892133934912
write_file 1568154872.4085853 1568154873.023866 inc-bigbrain_2307_2412_1388.nii 139892133934912
task_duration 1568154991.790447 1568155113.1272402 1568154807-tmpfs_1it_25cpus_60delay_withpc-4 139892133934912
read_file 1568154871.791688 1568154871.7931705 bigbrain_2307_603_2776.nii 140471778404160
increment_file 1568154871.7933283 1568154872.3703501 bigbrain_2307_603_2776.nii 140471778404160
write_file 1568154872.3811738 1568154872.9088144 inc-bigbrain_2307_603_2776.nii 140471778404160
task_duration 1568154991.7884264 1568155113.0116718 1568154807-tmpfs_1it_25cpus_60delay_withpc-4 140471778404160
read_file 1568154871.7840443 1568154871.7855155 bigbrain_2307_2412_0.nii 140155209111360
increment_file 1568154871.7857032 1568154872.3929522 bigbrain_2307_2412_0.nii 140155209111360
write_file 1568154872.404046 1568154873.0209427 inc-bigbrain_2307_2412_0.nii 140155209111360
task_duration 1568154991.782211 1568155113.1242988 1568154807-tmpfs_1it_25cpus_60delay_withpc-4 140155209111360
read_file 1568154871.7578707 1568154871.7601874 bigbrain_2307_1809_2776.nii 140696933635904
increment_file 1568154871.7604542 1568154872.3463278 bigbrain_2307_1809_2776.nii 140696933635904
write_file 1568154872.3571374 1568154872.9826844 inc-bigbrain_2307_1809_2776.nii 140696933635904
task_duration 1568154991.754837 1568155113.085721 1568154807-tmpfs_1it_25cpus_60delay_withpc-4 140696933635904
read_file 1568154871.7216473 1568154871.7229545 bigbrain_2307_1809_2082.nii 139965999748928
increment_file 1568154871.723117 1568154872.2888455 bigbrain_2307_1809_2082.nii 139965999748928
write_file 1568154872.2996528 1568154872.8216698 inc-bigbrain_2307_1809_2082.nii 139965999748928
task_duration 1568154991.7184403 1568155112.9236112 1568154807-tmpfs_1it_25cpus_60delay_withpc-4 139965999748928
read_file 1568154871.4218001 1568154871.4234993 bigbrain_2307_1809_1388.nii 140650374395712
increment_file 1568154871.4237046 1568154871.8763628 bigbrain_2307_1809_1388.nii 140650374395712
write_file 1568154871.887421 1568154872.572688 inc-bigbrain_2307_1809_1388.nii 140650374395712
task_duration 1568154991.4195974 1568155112.682758 1568154807-tmpfs_1it_25cpus_60delay_withpc-4 140650374395712
read_file 1568154871.3583899 1568154871.3598049 bigbrain_2307_1809_0.nii 139842511271744
increment_file 1568154871.3599746 1568154871.8388047 bigbrain_2307_1809_0.nii 139842511271744
write_file 1568154871.8505483 1568154872.3936448 inc-bigbrain_2307_1809_0.nii 139842511271744
task_duration 1568154991.3565347 1568155112.49658 1568154807-tmpfs_1it_25cpus_60delay_withpc-4 139842511271744
read_file 1568154871.2757897 1568154871.2772648 bigbrain_2307_1206_694.nii 140258976851776
increment_file 1568154871.2774665 1568154871.7485707 bigbrain_2307_1206_694.nii 140258976851776
write_file 1568154871.7587278 1568154872.2995064 inc-bigbrain_2307_1206_694.nii 140258976851776
task_duration 1568154991.2724512 1568155112.408059 1568154807-tmpfs_1it_25cpus_60delay_withpc-4 140258976851776
read_file 1568154871.2554479 1568154871.2567997 bigbrain_2307_1206_2082.nii 140545888606016
increment_file 1568154871.2569766 1568154871.724564 bigbrain_2307_1206_2082.nii 140545888606016
write_file 1568154871.7348964 1568154872.2733874 inc-bigbrain_2307_1206_2082.nii 140545888606016
task_duration 1568154991.252136 1568155112.3840578 1568154807-tmpfs_1it_25cpus_60delay_withpc-4 140545888606016
read_file 1568154871.247112 1568154871.2486515 bigbrain_2307_1206_1388.nii 139698366641984
increment_file 1568154871.2488499 1568154871.6763327 bigbrain_2307_1206_1388.nii 139698366641984
write_file 1568154871.6863613 1568154872.3508236 inc-bigbrain_2307_1206_1388.nii 139698366641984
task_duration 1568154991.2451515 1568155112.4564407 1568154807-tmpfs_1it_25cpus_60delay_withpc-4 139698366641984
read_file 1568154871.2438092 1568154871.2457132 bigbrain_2307_1206_2776.nii 140205911164736
increment_file 1568154871.2458832 1568154871.7180765 bigbrain_2307_1206_2776.nii 140205911164736
write_file 1568154871.7282696 1568154872.2677853 inc-bigbrain_2307_1206_2776.nii 140205911164736
task_duration 1568154991.2405322 1568155112.3765986 1568154807-tmpfs_1it_25cpus_60delay_withpc-4 140205911164736
read_file 1568154871.1999478 1568154871.2020664 bigbrain_2307_0_694.nii 139686505285440
increment_file 1568154871.2023175 1568154871.6315212 bigbrain_2307_0_694.nii 139686505285440
write_file 1568154871.6411693 1568154872.2663038 inc-bigbrain_2307_0_694.nii 139686505285440
task_duration 1568154991.1970518 1568155112.3706026 1568154807-tmpfs_1it_25cpus_60delay_withpc-4 139686505285440
read_file 1568154871.1871412 1568154871.1887531 bigbrain_2307_1206_0.nii 140464019064640
increment_file 1568154871.1889522 1568154871.6621976 bigbrain_2307_1206_0.nii 140464019064640
write_file 1568154871.6727705 1568154872.2010114 inc-bigbrain_2307_1206_0.nii 140464019064640
task_duration 1568154991.1851497 1568155112.3117414 1568154807-tmpfs_1it_25cpus_60delay_withpc-4 140464019064640
read_file 1568154871.1831458 1568154871.1845984 bigbrain_2307_0_2776.nii 139842335307584
increment_file 1568154871.1847522 1568154871.6077838 bigbrain_2307_0_2776.nii 139842335307584
write_file 1568154871.617264 1568154872.2431812 inc-bigbrain_2307_0_2776.nii 139842335307584
task_duration 1568154991.1795604 1568155112.3526766 1568154807-tmpfs_1it_25cpus_60delay_withpc-4 139842335307584
read_file 1568154743.745762 1568154743.7469163 bigbrain_1538_2412_2082.nii 139756649658176
increment_file 1568154743.7470844 1568154744.6238012 bigbrain_1538_2412_2082.nii 139756649658176
write_file 1568154744.6353393 1568154745.4678068 inc-bigbrain_1538_2412_2082.nii 139756649658176
task_duration 1568154863.7427006 1568154985.5725377 1568154807-tmpfs_1it_25cpus_60delay_withpc-4 139756649658176
read_file 1568154743.7442105 1568154743.7459211 bigbrain_1538_1809_694.nii 140515182221120
increment_file 1568154743.7460587 1568154744.6341977 bigbrain_1538_1809_694.nii 140515182221120
write_file 1568154744.645181 1568154745.4734683 inc-bigbrain_1538_1809_694.nii 140515182221120
task_duration 1568154863.7415287 1568154985.5874777 1568154807-tmpfs_1it_25cpus_60delay_withpc-4 140515182221120
read_file 1568154743.7441614 1568154743.745899 bigbrain_2307_0_2082.nii 140503413266240
increment_file 1568154743.7460303 1568154744.6323354 bigbrain_2307_0_2082.nii 140503413266240
write_file 1568154744.643228 1568154745.469493 inc-bigbrain_2307_0_2082.nii 140503413266240
task_duration 1568154863.7414577 1568154985.5815744 1568154807-tmpfs_1it_25cpus_60delay_withpc-4 140503413266240
read_file 1568154743.7441204 1568154743.7458744 bigbrain_2307_0_1388.nii 140631746066240
increment_file 1568154743.7460063 1568154744.6438065 bigbrain_2307_0_1388.nii 140631746066240
write_file 1568154744.6553774 1568154745.4749641 inc-bigbrain_2307_0_1388.nii 140631746066240
task_duration 1568154863.7414181 1568154985.5879378 1568154807-tmpfs_1it_25cpus_60delay_withpc-4 140631746066240
read_file 1568154743.7440634 1568154743.7458725 bigbrain_1538_1809_2082.nii 139886852421440
increment_file 1568154743.7460058 1568154744.6340728 bigbrain_1538_1809_2082.nii 139886852421440
write_file 1568154744.6450088 1568154745.4011948 inc-bigbrain_1538_1809_2082.nii 139886852421440
task_duration 1568154863.7413666 1568154985.50521 1568154807-tmpfs_1it_25cpus_60delay_withpc-4 139886852421440
read_file 1568154743.7440972 1568154743.7458608 bigbrain_1538_1809_1388.nii 139621367269184
increment_file 1568154743.7459962 1568154744.6371017 bigbrain_1538_1809_1388.nii 139621367269184
write_file 1568154744.6481538 1568154745.4778457 inc-bigbrain_1538_1809_1388.nii 139621367269184
task_duration 1568154863.7414193 1568154985.5904229 1568154807-tmpfs_1it_25cpus_60delay_withpc-4 139621367269184
read_file 1568154743.7439966 1568154743.7458475 bigbrain_1538_2412_694.nii 140619896510272
increment_file 1568154743.7459798 1568154744.533418 bigbrain_1538_2412_694.nii 140619896510272
write_file 1568154744.5449846 1568154745.1619232 inc-bigbrain_1538_2412_694.nii 140619896510272
task_duration 1568154863.7412605 1568154985.2728539 1568154807-tmpfs_1it_25cpus_60delay_withpc-4 140619896510272
read_file 1568154743.744007 1568154743.7458181 bigbrain_1538_603_2082.nii 139843349206848
increment_file 1568154743.7459671 1568154744.6477056 bigbrain_1538_603_2082.nii 139843349206848
write_file 1568154744.659346 1568154745.4800763 inc-bigbrain_1538_603_2082.nii 139843349206848
task_duration 1568154863.7415967 1568154985.5929365 1568154807-tmpfs_1it_25cpus_60delay_withpc-4 139843349206848
read_file 1568154743.7440467 1568154743.74581 bigbrain_1538_0_694.nii 140290236569408
increment_file 1568154743.745919 1568154744.6304111 bigbrain_1538_0_694.nii 140290236569408
write_file 1568154744.641406 1568154745.4592924 inc-bigbrain_1538_0_694.nii 140290236569408
task_duration 1568154863.7414165 1568154985.5641775 1568154807-tmpfs_1it_25cpus_60delay_withpc-4 140290236569408
read_file 1568154743.7440467 1568154743.7458012 bigbrain_1538_1809_2776.nii 140482023253824
increment_file 1568154743.7459157 1568154744.6341355 bigbrain_1538_1809_2776.nii 140482023253824
write_file 1568154744.646159 1568154745.485247 inc-bigbrain_1538_1809_2776.nii 140482023253824
task_duration 1568154863.741425 1568154985.5918028 1568154807-tmpfs_1it_25cpus_60delay_withpc-4 140482023253824
read_file 1568154743.7439709 1568154743.7457817 bigbrain_1538_0_2776.nii 140665891858240
increment_file 1568154743.7459066 1568154744.633851 bigbrain_1538_0_2776.nii 140665891858240
write_file 1568154744.644623 1568154745.471648 inc-bigbrain_1538_0_2776.nii 140665891858240
task_duration 1568154863.7413373 1568154985.584152 1568154807-tmpfs_1it_25cpus_60delay_withpc-4 140665891858240
read_file 1568154743.7438457 1568154743.7457623 bigbrain_1538_2412_2776.nii 140144121562944
increment_file 1568154743.7458885 1568154744.6315045 bigbrain_1538_2412_2776.nii 140144121562944
write_file 1568154744.6423285 1568154745.4715526 inc-bigbrain_1538_2412_2776.nii 140144121562944
task_duration 1568154863.7411723 1568154985.584194 1568154807-tmpfs_1it_25cpus_60delay_withpc-4 140144121562944
read_file 1568154743.7439551 1568154743.74576 bigbrain_1538_603_0.nii 140136431658816
increment_file 1568154743.7458637 1568154744.633588 bigbrain_1538_603_0.nii 140136431658816
write_file 1568154744.6443524 1568154745.457877 inc-bigbrain_1538_603_0.nii 140136431658816
task_duration 1568154863.741338 1568154985.4852874 1568154807-tmpfs_1it_25cpus_60delay_withpc-4 140136431658816
read_file 1568154743.7438216 1568154743.7457 bigbrain_1538_1206_694.nii 139853851977536
increment_file 1568154743.7458117 1568154744.6375878 bigbrain_1538_1206_694.nii 139853851977536
write_file 1568154744.6485918 1568154745.4754448 inc-bigbrain_1538_1206_694.nii 139853851977536
task_duration 1568154863.7411873 1568154985.5787435 1568154807-tmpfs_1it_25cpus_60delay_withpc-4 139853851977536
read_file 1568154743.743604 1568154743.745439 bigbrain_1538_603_2776.nii 140508714620736
increment_file 1568154743.7456512 1568154744.62833 bigbrain_1538_603_2776.nii 140508714620736
write_file 1568154744.639657 1568154745.4638295 inc-bigbrain_1538_603_2776.nii 140508714620736
task_duration 1568154863.740862 1568154985.5765297 1568154807-tmpfs_1it_25cpus_60delay_withpc-4 140508714620736
read_file 1568154743.7435699 1568154743.7453983 bigbrain_1538_1809_0.nii 140253708769088
increment_file 1568154743.7456088 1568154744.6317186 bigbrain_1538_1809_0.nii 140253708769088
write_file 1568154744.6425405 1568154745.4660208 inc-bigbrain_1538_1809_0.nii 140253708769088
task_duration 1568154863.7411027 1568154985.5687523 1568154807-tmpfs_1it_25cpus_60delay_withpc-4 140253708769088
read_file 1568154743.7435946 1568154743.7452998 bigbrain_1538_1206_2082.nii 140085746550592
increment_file 1568154743.745489 1568154744.645918 bigbrain_1538_1206_2082.nii 140085746550592
write_file 1568154744.6574976 1568154745.4794977 inc-bigbrain_1538_1206_2082.nii 140085746550592
task_duration 1568154863.7410073 1568154985.5919335 1568154807-tmpfs_1it_25cpus_60delay_withpc-4 140085746550592
read_file 1568154743.7429707 1568154743.7440767 bigbrain_2307_0_0.nii 140489118951232
increment_file 1568154743.7442093 1568154744.3880975 bigbrain_2307_0_0.nii 140489118951232
write_file 1568154744.4012585 1568154744.9703228 inc-bigbrain_2307_0_0.nii 140489118951232
task_duration 1568154863.740317 1568154985.0814083 1568154807-tmpfs_1it_25cpus_60delay_withpc-4 140489118951232
read_file 1568154743.7429612 1568154743.7440422 bigbrain_1538_2412_0.nii 140577543485248
increment_file 1568154743.7441757 1568154744.3839536 bigbrain_1538_2412_0.nii 140577543485248
write_file 1568154744.3967578 1568154744.9782195 inc-bigbrain_1538_2412_0.nii 140577543485248
task_duration 1568154863.740051 1568154985.0892448 1568154807-tmpfs_1it_25cpus_60delay_withpc-4 140577543485248
read_file 1568154743.742967 1568154743.7440326 bigbrain_1538_603_1388.nii 140558640998208
increment_file 1568154743.7441587 1568154744.3664806 bigbrain_1538_603_1388.nii 140558640998208
write_file 1568154744.3793766 1568154744.9520957 inc-bigbrain_1538_603_1388.nii 140558640998208
task_duration 1568154863.740308 1568154985.0627637 1568154807-tmpfs_1it_25cpus_60delay_withpc-4 140558640998208
read_file 1568154743.7429395 1568154743.7440271 bigbrain_1538_1206_1388.nii 140274721449792
increment_file 1568154743.7441466 1568154744.421613 bigbrain_1538_1206_1388.nii 140274721449792
write_file 1568154744.4647968 1568154745.0390658 inc-bigbrain_1538_1206_1388.nii 140274721449792
task_duration 1568154863.7402933 1568154985.1499174 1568154807-tmpfs_1it_25cpus_60delay_withpc-4 140274721449792
read_file 1568154743.742934 1568154743.7440224 bigbrain_1538_2412_1388.nii 140110956468032
increment_file 1568154743.744147 1568154744.3780637 bigbrain_1538_2412_1388.nii 140110956468032
write_file 1568154744.3913143 1568154744.9732404 inc-bigbrain_1538_2412_1388.nii 140110956468032
task_duration 1568154863.740512 1568154985.0786867 1568154807-tmpfs_1it_25cpus_60delay_withpc-4 140110956468032
read_file 1568154743.742956 1568154743.743978 bigbrain_1538_1206_2776.nii 140263915923264
increment_file 1568154743.7441146 1568154744.3711872 bigbrain_1538_1206_2776.nii 140263915923264
write_file 1568154744.3844526 1568154744.9591873 inc-bigbrain_1538_1206_2776.nii 140263915923264
task_duration 1568154863.740251 1568154985.0682201 1568154807-tmpfs_1it_25cpus_60delay_withpc-4 140263915923264
read_file 1568154743.7429345 1568154743.7439718 bigbrain_1538_1206_0.nii 140281278404416
increment_file 1568154743.744106 1568154744.3800714 bigbrain_1538_1206_0.nii 140281278404416
write_file 1568154744.3936996 1568154744.9709983 inc-bigbrain_1538_1206_0.nii 140281278404416
task_duration 1568154863.7402773 1568154985.0826547 1568154807-tmpfs_1it_25cpus_60delay_withpc-4 140281278404416
read_file 1568154743.7429273 1568154743.743966 bigbrain_1538_603_694.nii 139814068610880
increment_file 1568154743.744106 1568154744.3718684 bigbrain_1538_603_694.nii 139814068610880
write_file 1568154744.3847566 1568154744.960048 inc-bigbrain_1538_603_694.nii 139814068610880
task_duration 1568154863.7402139 1568154985.0708039 1568154807-tmpfs_1it_25cpus_60delay_withpc-4 139814068610880
