read_file 1568157859.0462646 1568157860.073038 bigbrain_1538_603_1388.nii 139855919884096
increment_file 1568157935.4128733 1568157983.3536062 bigbrain_1538_603_1388.nii 139855919884096
write_file 1568158383.714823 1568158904.9536242 inc-bigbrain_1538_603_1388.nii 139855919884096
task_duration 1568157859.0425713 1568158905.086369 1568157832-isilon_1it_96cpus_0delay_npc-4 139855919884096
read_file 1568157858.9933984 1568157860.043305 bigbrain_769_1206_1388.nii 139928332830528
increment_file 1568157917.9774294 1568157965.0157316 bigbrain_769_1206_1388.nii 139928332830528
write_file 1568158382.8647377 1568158904.9678347 inc-bigbrain_769_1206_1388.nii 139928332830528
task_duration 1568157858.889093 1568158905.1006136 1568157832-isilon_1it_96cpus_0delay_npc-4 139928332830528
read_file 1568157858.836343 1568157859.5741158 bigbrain_2307_1809_2776.nii 140056520394560
increment_file 1568157864.7378485 1568157878.7574022 bigbrain_2307_1809_2776.nii 140056520394560
write_file 1568158286.3591099 1568158904.9584208 inc-bigbrain_2307_1809_2776.nii 140056520394560
task_duration 1568157858.8300426 1568158905.089431 1568157832-isilon_1it_96cpus_0delay_npc-4 140056520394560
read_file 1568157858.839315 1568157859.697091 bigbrain_769_1206_694.nii 139620737734464
increment_file 1568157889.5751185 1568157918.0842328 bigbrain_769_1206_694.nii 139620737734464
write_file 1568158379.9398096 1568158904.2403936 inc-bigbrain_769_1206_694.nii 139620737734464
task_duration 1568157858.834214 1568158905.054847 1568157832-isilon_1it_96cpus_0delay_npc-4 139620737734464
read_file 1568157859.9283977 1568157864.4694426 bigbrain_3076_1206_0.nii 139947661399872
increment_file 1568158187.9807734 1568158234.4396956 bigbrain_3076_1206_0.nii 139947661399872
write_file 1568158389.515217 1568158904.9976633 inc-bigbrain_3076_1206_0.nii 139947661399872
task_duration 1568157859.9015834 1568158905.1277914 1568157832-isilon_1it_96cpus_0delay_npc-4 139947661399872
read_file 1568157859.4805057 1568157860.4594257 bigbrain_1538_1206_0.nii 139755803240256
increment_file 1568158132.7742255 1568158181.0026393 bigbrain_1538_1206_0.nii 139755803240256
write_file 1568158389.4985373 1568158904.9608033 inc-bigbrain_1538_1206_0.nii 139755803240256
task_duration 1568157859.4686575 1568158905.0937817 1568157832-isilon_1it_96cpus_0delay_npc-4 139755803240256
read_file 1568157859.1111386 1568157860.269469 bigbrain_1538_0_694.nii 139852280272704
increment_file 1568158001.530511 1568158048.9964802 bigbrain_1538_0_694.nii 139852280272704
write_file 1568158389.00436 1568158904.962285 inc-bigbrain_1538_0_694.nii 139852280272704
task_duration 1568157859.0728896 1568158905.094878 1568157832-isilon_1it_96cpus_0delay_npc-4 139852280272704
read_file 1568157860.214355 1568157869.4905117 bigbrain_3076_0_2776.nii 139842140636992
increment_file 1568158226.22369 1568158269.5486708 bigbrain_3076_0_2776.nii 139842140636992
write_file 1568158389.535091 1568158904.990917 inc-bigbrain_3076_0_2776.nii 139842140636992
task_duration 1568157860.181243 1568158905.121491 1568157832-isilon_1it_96cpus_0delay_npc-4 139842140636992
read_file 1568157859.8871646 1568157864.1991646 bigbrain_769_0_2082.nii 140078409840448
increment_file 1568158180.8949337 1568158224.606392 bigbrain_769_0_2082.nii 140078409840448
write_file 1568158389.5140045 1568158904.987093 inc-bigbrain_769_0_2082.nii 140078409840448
task_duration 1568157859.8688178 1568158905.1156151 1568157832-isilon_1it_96cpus_0delay_npc-4 140078409840448
read_file 1568157858.884146 1568157859.9687319 bigbrain_2307_2412_1388.nii 139781039974208
increment_file 1568157897.9195986 1568157934.6126063 bigbrain_2307_2412_1388.nii 139781039974208
write_file 1568158380.8719375 1568158904.7925704 inc-bigbrain_2307_2412_1388.nii 139781039974208
task_duration 1568157858.8809953 1568158905.0774026 1568157832-isilon_1it_96cpus_0delay_npc-4 139781039974208
read_file 1568157859.1134522 1568157860.2720475 bigbrain_2307_1206_694.nii 139825616541504
increment_file 1568158029.182753 1568158074.2858083 bigbrain_2307_1206_694.nii 139825616541504
write_file 1568158389.0061705 1568158904.9688084 inc-bigbrain_2307_1206_694.nii 139825616541504
task_duration 1568157859.0773227 1568158905.1008902 1568157832-isilon_1it_96cpus_0delay_npc-4 139825616541504
read_file 1568157859.062613 1568157860.2206564 bigbrain_2307_1809_2082.nii 140499959105344
increment_file 1568157972.5451005 1568158019.5395496 bigbrain_2307_1809_2082.nii 140499959105344
write_file 1568158385.8232832 1568158904.9674263 inc-bigbrain_2307_1809_2082.nii 140499959105344
task_duration 1568157859.0597367 1568158905.0979402 1568157832-isilon_1it_96cpus_0delay_npc-4 140499959105344
read_file 1568157858.9926243 1568157860.0408208 bigbrain_2307_1206_2082.nii 139642848323392
increment_file 1568157909.155433 1568157954.293647 bigbrain_2307_1206_2082.nii 139642848323392
write_file 1568158382.0427644 1568158904.94872 inc-bigbrain_2307_1206_2082.nii 139642848323392
task_duration 1568157858.8857818 1568158905.078424 1568157832-isilon_1it_96cpus_0delay_npc-4 139642848323392
read_file 1568157860.318811 1568157873.6425014 bigbrain_769_603_2082.nii 140177380050752
increment_file 1568158250.5552683 1568158292.9599066 bigbrain_769_603_2082.nii 140177380050752
write_file 1568158389.5486064 1568158904.9814765 inc-bigbrain_769_603_2082.nii 140177380050752
task_duration 1568157860.2887356 1568158905.1123018 1568157832-isilon_1it_96cpus_0delay_npc-4 140177380050752
read_file 1568157858.8827727 1568157859.96588 bigbrain_3076_0_2082.nii 140505523398464
increment_file 1568157893.7382164 1568157926.218171 bigbrain_3076_0_2082.nii 140505523398464
write_file 1568158380.2565713 1568158904.5740535 inc-bigbrain_3076_0_2082.nii 140505523398464
task_duration 1568157858.8802528 1568158905.0671504 1568157832-isilon_1it_96cpus_0delay_npc-4 140505523398464
read_file 1568157859.0650477 1568157860.230501 bigbrain_1538_603_0.nii 139638286772032
increment_file 1568157979.3706346 1568158027.1797328 bigbrain_1538_603_0.nii 139638286772032
write_file 1568158385.9751863 1568158904.9662774 inc-bigbrain_1538_603_0.nii 139638286772032
task_duration 1568157859.0613763 1568158905.0982149 1568157832-isilon_1it_96cpus_0delay_npc-4 139638286772032
read_file 1568157859.1130865 1568157860.271554 bigbrain_2307_603_1388.nii 139837334755136
increment_file 1568158023.4403126 1568158067.4281178 bigbrain_2307_603_1388.nii 139837334755136
write_file 1568158088.2530677 1568158389.0105195 inc-bigbrain_2307_603_1388.nii 139837334755136
task_duration 1568157859.075538 1568158389.6303282 1568157832-isilon_1it_96cpus_0delay_npc-4 139837334755136
read_file 1568157860.4032345 1568157874.0533729 bigbrain_3076_0_1388.nii 139934967494464
increment_file 1568158259.8933885 1568158302.2895207 bigbrain_3076_0_1388.nii 139934967494464
write_file 1568158389.554525 1568158904.9922788 inc-bigbrain_3076_0_1388.nii 139934967494464
task_duration 1568157860.3925278 1568158905.1232 1568157832-isilon_1it_96cpus_0delay_npc-4 139934967494464
read_file 1568157860.867164 1568157877.4310985 bigbrain_3076_2412_1388.nii 140337986287424
increment_file 1568158277.914532 1568158321.0999577 bigbrain_3076_2412_1388.nii 140337986287424
write_file 1568158389.556344 1568158904.9795723 inc-bigbrain_3076_2412_1388.nii 140337986287424
task_duration 1568157860.5345209 1568158905.1086926 1568157832-isilon_1it_96cpus_0delay_npc-4 140337986287424
read_file 1568157860.115568 1568157868.385882 bigbrain_1538_2412_0.nii 140305670924096
increment_file 1568158216.564729 1568158258.275118 bigbrain_1538_2412_0.nii 140305670924096
write_file 1568158389.5239346 1568158904.970413 inc-bigbrain_1538_2412_0.nii 140305670924096
task_duration 1568157860.083365 1568158905.102593 1568157832-isilon_1it_96cpus_0delay_npc-4 140305670924096
read_file 1568157859.8005435 1568157862.42638 bigbrain_2307_2412_2082.nii 140252030859072
increment_file 1568158155.197574 1568158203.8175507 bigbrain_2307_2412_2082.nii 140252030859072
write_file 1568158389.5117836 1568158904.9783027 inc-bigbrain_2307_2412_2082.nii 140252030859072
task_duration 1568157859.7317922 1568158905.1080675 1568157832-isilon_1it_96cpus_0delay_npc-4 140252030859072
read_file 1568157875.869939 1568157890.247562 bigbrain_769_2412_2776.nii 139885147256640
increment_file 1568158335.0896275 1568158371.3705416 bigbrain_769_2412_2776.nii 139885147256640
write_file 1568158389.5679975 1568158904.9983892 inc-bigbrain_769_2412_2776.nii 139885147256640
task_duration 1568157875.4330904 1568158905.128065 1568157832-isilon_1it_96cpus_0delay_npc-4 139885147256640
read_file 1568157859.8603735 1568157863.389863 bigbrain_3076_1206_694.nii 139717885007680
increment_file 1568158169.7843125 1568158214.9465272 bigbrain_3076_1206_694.nii 139717885007680
write_file 1568158389.5134652 1568158904.9685483 inc-bigbrain_3076_1206_694.nii 139717885007680
task_duration 1568157859.82803 1568158905.1007442 1568157832-isilon_1it_96cpus_0delay_npc-4 139717885007680
read_file 1568157860.2996187 1568157873.3749046 bigbrain_769_1206_2776.nii 139742421325632
increment_file 1568158239.5041857 1568158283.2566998 bigbrain_769_1206_2776.nii 139742421325632
write_file 1568158389.5356529 1568158904.9495 inc-bigbrain_769_1206_2776.nii 139742421325632
task_duration 1568157860.2835934 1568158905.078704 1568157832-isilon_1it_96cpus_0delay_npc-4 139742421325632
read_file 1568157859.3186877 1568157860.3201573 bigbrain_1538_1206_2776.nii 140598428317504
increment_file 1568158057.7754562 1568158100.9434154 bigbrain_1538_1206_2776.nii 140598428317504
write_file 1568158389.4967735 1568158897.5424345 inc-bigbrain_1538_1206_2776.nii 140598428317504
task_duration 1568157859.2837424 1568158905.0041504 1568157832-isilon_1it_96cpus_0delay_npc-4 140598428317504
read_file 1568157859.8184242 1568157862.6967027 bigbrain_3076_2412_2082.nii 139759206197056
increment_file 1568158159.0790641 1568158205.2720218 bigbrain_3076_2412_2082.nii 139759206197056
write_file 1568158389.5123036 1568158904.977795 inc-bigbrain_3076_2412_2082.nii 139759206197056
task_duration 1568157859.7318892 1568158905.1076045 1568157832-isilon_1it_96cpus_0delay_npc-4 139759206197056
read_file 1568157859.4568477 1568157860.452857 bigbrain_2307_0_2776.nii 140232356030272
increment_file 1568158111.3172312 1568158159.0808785 bigbrain_2307_0_2776.nii 140232356030272
write_file 1568158389.5026772 1568158904.9595695 inc-bigbrain_2307_0_2776.nii 140232356030272
task_duration 1568157859.429615 1568158905.0922508 1568157832-isilon_1it_96cpus_0delay_npc-4 140232356030272
read_file 1568157859.0575023 1568157860.1795425 bigbrain_1538_2412_1388.nii 140080931612480
increment_file 1568157957.9211872 1568158007.693784 bigbrain_1538_2412_1388.nii 140080931612480
write_file 1568158385.0964203 1568158904.951769 inc-bigbrain_1538_2412_1388.nii 140080931612480
task_duration 1568157859.054572 1568158905.0844586 1568157832-isilon_1it_96cpus_0delay_npc-4 140080931612480
read_file 1568157873.9179244 1568157886.7285495 bigbrain_769_2412_1388.nii 139806506706752
increment_file 1568158324.06068 1568158362.5128472 bigbrain_769_2412_1388.nii 139806506706752
write_file 1568158389.5723453 1568158904.989272 inc-bigbrain_769_2412_1388.nii 139806506706752
task_duration 1568157873.7839766 1568158905.1182315 1568157832-isilon_1it_96cpus_0delay_npc-4 139806506706752
read_file 1568157858.836675 1568157859.6686664 bigbrain_2307_1206_0.nii 140041526916928
increment_file 1568157880.395236 1568157898.8370845 bigbrain_2307_1206_0.nii 140041526916928
write_file 1568158376.266523 1568158904.9509816 inc-bigbrain_2307_1206_0.nii 140041526916928
task_duration 1568157858.83012 1568158905.08262 1568157832-isilon_1it_96cpus_0delay_npc-4 140041526916928
read_file 1568157859.7826009 1568157862.021428 bigbrain_1538_0_2776.nii 139994973058880
increment_file 1568158148.3348055 1568158195.083126 bigbrain_1538_0_2776.nii 139994973058880
write_file 1568158389.5106466 1568158904.9772153 inc-bigbrain_1538_0_2776.nii 139994973058880
task_duration 1568157859.7306201 1568158905.1072798 1568157832-isilon_1it_96cpus_0delay_npc-4 139994973058880
read_file 1568157878.7038493 1568157892.1208658 bigbrain_769_0_0.nii 139708788135744
increment_file 1568158339.668796 1568158373.363346 bigbrain_769_0_0.nii 139708788135744
write_file 1568158389.5758193 1568158904.9941227 inc-bigbrain_769_0_0.nii 139708788135744
task_duration 1568157878.2416835 1568158905.1224978 1568157832-isilon_1it_96cpus_0delay_npc-4 139708788135744
read_file 1568157859.1123946 1568157860.27122 bigbrain_2307_603_2082.nii 140652770985792
increment_file 1568158016.4624681 1568158059.503724 bigbrain_2307_603_2082.nii 140652770985792
write_file 1568158389.0054982 1568158904.963361 inc-bigbrain_2307_603_2082.nii 140652770985792
task_duration 1568157859.075086 1568158905.0957704 1568157832-isilon_1it_96cpus_0delay_npc-4 140652770985792
read_file 1568157860.7321622 1568157877.0301993 bigbrain_2307_0_2082.nii 140134137530176
increment_file 1568158269.6817393 1568158313.1952477 bigbrain_2307_0_2082.nii 140134137530176
write_file 1568158389.5556798 1568158904.9901967 inc-bigbrain_2307_0_2082.nii 140134137530176
task_duration 1568157860.4806921 1568158905.120968 1568157832-isilon_1it_96cpus_0delay_npc-4 140134137530176
read_file 1568157859.38177 1568157860.44846 bigbrain_3076_0_694.nii 139704940173120
increment_file 1568158096.2901247 1568158144.182336 bigbrain_3076_0_694.nii 139704940173120
write_file 1568158389.504437 1568158904.964739 inc-bigbrain_3076_0_694.nii 139704940173120
task_duration 1568157859.3686683 1568158905.096593 1568157832-isilon_1it_96cpus_0delay_npc-4 139704940173120
read_file 1568157860.5252008 1568157876.2281368 bigbrain_769_1809_694.nii 140532519102272
increment_file 1568158266.2033715 1568158308.5440888 bigbrain_769_1809_694.nii 140532519102272
write_file 1568158389.5551054 1568158904.9810586 inc-bigbrain_769_1809_694.nii 140532519102272
task_duration 1568157860.4698598 1568158905.1114585 1568157832-isilon_1it_96cpus_0delay_npc-4 140532519102272
read_file 1568157873.2397738 1568157886.3058884 bigbrain_769_2412_2082.nii 140635485034304
increment_file 1568158316.2693753 1568158356.742031 bigbrain_769_2412_2082.nii 140635485034304
write_file 1568158389.5717742 1568158904.9924667 inc-bigbrain_769_2412_2082.nii 140635485034304
task_duration 1568157872.9812813 1568158905.1212306 1568157832-isilon_1it_96cpus_0delay_npc-4 140635485034304
read_file 1568157858.8356197 1568157859.493114 bigbrain_1538_603_2776.nii 140596871817024
increment_file 1568157860.4565132 1568157872.9743965 bigbrain_1538_603_2776.nii 140596871817024
write_file 1568158242.4448192 1568158695.6825345 inc-bigbrain_1538_603_2776.nii 140596871817024
task_duration 1568157858.8300838 1568158804.9142292 1568157832-isilon_1it_96cpus_0delay_npc-4 140596871817024
read_file 1568157859.1138272 1568157860.2726755 bigbrain_3076_1809_2082.nii 140664075642688
increment_file 1568158037.2806733 1568158083.5599556 bigbrain_3076_1809_2082.nii 140664075642688
write_file 1568158389.0067863 1568158901.5547476 inc-bigbrain_3076_1809_2082.nii 140664075642688
task_duration 1568157859.0783324 1568158905.0156016 1568157832-isilon_1it_96cpus_0delay_npc-4 140664075642688
read_file 1568157859.1446035 1568157860.2742949 bigbrain_2307_1206_1388.nii 139875653195584
increment_file 1568158048.0874674 1568158091.868338 bigbrain_2307_1206_1388.nii 139875653195584
write_file 1568158389.4961286 1568158904.9526308 inc-bigbrain_2307_1206_1388.nii 139875653195584
task_duration 1568157859.1262438 1568158905.0864367 1568157832-isilon_1it_96cpus_0delay_npc-4 139875653195584
read_file 1568157859.4796731 1568157860.4584463 bigbrain_3076_1809_0.nii 140129167636288
increment_file 1568158121.633605 1568158169.7859123 bigbrain_3076_1809_0.nii 140129167636288
write_file 1568158389.5077848 1568158903.7778022 inc-bigbrain_3076_1809_0.nii 140129167636288
task_duration 1568157859.4659295 1568158905.04422 1568157832-isilon_1it_96cpus_0delay_npc-4 140129167636288
read_file 1568157859.1120257 1568157860.2705083 bigbrain_2307_1206_2776.nii 140409239107392
increment_file 1568158012.4762142 1568158056.4292276 bigbrain_2307_1206_2776.nii 140409239107392
write_file 1568158389.0048738 1568158904.9757566 inc-bigbrain_2307_1206_2776.nii 140409239107392
task_duration 1568157859.0739002 1568158905.1055226 1568157832-isilon_1it_96cpus_0delay_npc-4 140409239107392
read_file 1568157874.791418 1568157887.9411116 bigbrain_769_1809_2082.nii 140665851402048
increment_file 1568158327.3927252 1568158366.399092 bigbrain_769_1809_2082.nii 140665851402048
write_file 1568158389.5752003 1568158905.0038536 inc-bigbrain_769_1809_2082.nii 140665851402048
task_duration 1568157874.5960884 1568158905.129936 1568157832-isilon_1it_96cpus_0delay_npc-4 140665851402048
read_file 1568157885.571027 1568157898.8371203 bigbrain_769_1809_2776.nii 139847926138688
increment_file 1568158376.264521 1568158388.9583771 bigbrain_769_1809_2776.nii 139847926138688
write_file 1568158389.629845 1568158905.006134 inc-bigbrain_769_1809_2776.nii 139847926138688
task_duration 1568157885.3749595 1568158905.133382 1568157832-isilon_1it_96cpus_0delay_npc-4 139847926138688
read_file 1568157859.3198268 1568157860.3214407 bigbrain_3076_2412_0.nii 139873070880576
increment_file 1568158067.5613322 1568158109.714763 bigbrain_3076_2412_0.nii 139873070880576
write_file 1568158389.5021205 1568158904.9805295 inc-bigbrain_3076_2412_0.nii 139873070880576
task_duration 1568157859.287734 1568158905.1106043 1568157832-isilon_1it_96cpus_0delay_npc-4 139873070880576
read_file 1568157859.083648 1568157860.2670915 bigbrain_3076_1206_2082.nii 140431867856704
increment_file 1568157990.2750907 1568158037.2825544 bigbrain_3076_1206_2082.nii 140431867856704
write_file 1568158389.002428 1568158904.974454 inc-bigbrain_3076_1206_2082.nii 140431867856704
task_duration 1568157859.071919 1568158905.1044064 1568157832-isilon_1it_96cpus_0delay_npc-4 140431867856704
read_file 1568157859.3584502 1568157860.386085 bigbrain_769_0_1388.nii 140425390888768
increment_file 1568158085.281138 1568158130.749547 bigbrain_769_0_1388.nii 140425390888768
write_file 1568158389.5032613 1568158904.98491 inc-bigbrain_769_0_1388.nii 140425390888768
task_duration 1568157859.3288944 1568158905.1150033 1568157832-isilon_1it_96cpus_0delay_npc-4 140425390888768
read_file 1568157859.1142423 1568157860.273317 bigbrain_3076_2412_2776.nii 140696571631424
increment_file 1568158041.930797 1568158085.011744 bigbrain_3076_2412_2776.nii 140696571631424
write_file 1568158389.027221 1568158904.9546182 inc-bigbrain_3076_2412_2776.nii 140696571631424
task_duration 1568157859.0772288 1568158905.0883222 1568157832-isilon_1it_96cpus_0delay_npc-4 140696571631424
read_file 1568157860.0692327 1568157867.0416648 bigbrain_769_1206_2082.nii 140409408317248
increment_file 1568158200.193192 1568158245.6290648 bigbrain_769_1206_2082.nii 140409408317248
write_file 1568158389.5251663 1568158904.9862082 inc-bigbrain_769_1206_2082.nii 140409408317248
task_duration 1568157860.060117 1568158905.1159265 1568157832-isilon_1it_96cpus_0delay_npc-4 140409408317248
read_file 1568157858.8377259 1568157859.6962216 bigbrain_2307_1809_1388.nii 139921043580736
increment_file 1568157885.2323365 1568157907.0181653 bigbrain_2307_1809_1388.nii 139921043580736
write_file 1568158379.663554 1568158904.9548051 inc-bigbrain_2307_1809_1388.nii 139921043580736
task_duration 1568157858.8307178 1568158905.0872476 1568157832-isilon_1it_96cpus_0delay_npc-4 139921043580736
read_file 1568157859.11157 1568157860.2698848 bigbrain_2307_2412_2776.nii 140373715224384
increment_file 1568158005.5785065 1568158049.9031737 bigbrain_2307_2412_2776.nii 140373715224384
write_file 1568158386.5784967 1568158904.9713867 inc-bigbrain_2307_2412_2776.nii 140373715224384
task_duration 1568157859.0745187 1568158905.102347 1568157832-isilon_1it_96cpus_0delay_npc-4 140373715224384
read_file 1568157859.457252 1568157860.4534988 bigbrain_2307_603_694.nii 139710959445824
increment_file 1568158114.7925634 1568158162.4269092 bigbrain_2307_603_694.nii 139710959445824
write_file 1568158389.5072412 1568158904.9738715 inc-bigbrain_2307_603_694.nii 139710959445824
task_duration 1568157859.4472752 1568158905.1046016 1568157832-isilon_1it_96cpus_0delay_npc-4 139710959445824
read_file 1568157860.214817 1568157869.6243303 bigbrain_769_2412_0.nii 139904714286912
increment_file 1568158234.437662 1568158278.0937986 bigbrain_769_2412_0.nii 139904714286912
write_file 1568158389.5339496 1568158905.005295 inc-bigbrain_769_2412_0.nii 139904714286912
task_duration 1568157860.1859019 1568158905.1335752 1568157832-isilon_1it_96cpus_0delay_npc-4 139904714286912
read_file 1568157881.241731 1568157894.5481503 bigbrain_769_1809_1388.nii 140597642733376
increment_file 1568158349.304522 1568158376.265537 bigbrain_769_1809_1388.nii 140597642733376
write_file 1568158389.5746186 1568158904.9976454 inc-bigbrain_769_1809_1388.nii 140597642733376
task_duration 1568157880.8056817 1568158905.1267765 1568157832-isilon_1it_96cpus_0delay_npc-4 140597642733376
read_file 1568157858.83705 1568157859.648854 bigbrain_3076_1206_2776.nii 139723534329664
increment_file 1568157870.3091836 1568157884.8153734 bigbrain_3076_1206_2776.nii 139723534329664
write_file 1568158319.2375453 1568158904.9995797 inc-bigbrain_3076_1206_2776.nii 139723534329664
task_duration 1568157858.8301196 1568158905.130072 1568157832-isilon_1it_96cpus_0delay_npc-4 139723534329664
read_file 1568157859.4800835 1568157860.4589045 bigbrain_2307_1809_694.nii 139661862016832
increment_file 1568158125.5193586 1568158173.0987723 bigbrain_2307_1809_694.nii 139661862016832
write_file 1568158389.5094545 1568158904.981743 inc-bigbrain_2307_1809_694.nii 139661862016832
task_duration 1568157859.4665167 1568158905.1114154 1568157832-isilon_1it_96cpus_0delay_npc-4 139661862016832
read_file 1568157884.102178 1568157895.8977304 bigbrain_3076_603_2082.nii 140684794623808
increment_file 1568158355.2920806 1568158385.6467474 bigbrain_3076_603_2082.nii 140684794623808
write_file 1568158389.6204312 1568158905.0045998 inc-bigbrain_3076_603_2082.nii 140684794623808
task_duration 1568157883.6483774 1568158905.1320539 1568157832-isilon_1it_96cpus_0delay_npc-4 140684794623808
read_file 1568157858.9938498 1568157860.0449138 bigbrain_1538_1206_2082.nii 140688417224512
increment_file 1568157924.5075603 1568157972.411733 bigbrain_1538_1206_2082.nii 140688417224512
write_file 1568158383.1673388 1568158904.9582322 inc-bigbrain_1538_1206_2082.nii 140688417224512
task_duration 1568157858.9025893 1568158905.0884738 1568157832-isilon_1it_96cpus_0delay_npc-4 140688417224512
read_file 1568157858.9930928 1568157860.0427134 bigbrain_3076_0_0.nii 139934554195776
increment_file 1568157914.502195 1568157961.9423678 bigbrain_3076_0_0.nii 139934554195776
write_file 1568158382.5382419 1568158902.4612596 inc-bigbrain_3076_0_0.nii 139934554195776
task_duration 1568157858.8894818 1568158905.0281956 1568157832-isilon_1it_96cpus_0delay_npc-4 139934554195776
read_file 1568157859.7566981 1568157861.8690064 bigbrain_1538_603_2082.nii 139749608392512
increment_file 1568158144.449602 1568158192.000358 bigbrain_1538_603_2082.nii 139749608392512
write_file 1568158389.5112343 1568158904.9697967 inc-bigbrain_1538_603_2082.nii 139749608392512
task_duration 1568157859.7290752 1568158905.1017854 1568157832-isilon_1it_96cpus_0delay_npc-4 139749608392512
read_file 1568157859.0611174 1568157860.215772 bigbrain_1538_2412_2082.nii 140576083167040
increment_file 1568157961.940743 1568158009.1365137 bigbrain_1538_2412_2082.nii 140576083167040
write_file 1568158385.5459242 1568158903.1817214 inc-bigbrain_1538_2412_2082.nii 140576083167040
task_duration 1568157859.057487 1568158905.0385776 1568157832-isilon_1it_96cpus_0delay_npc-4 140576083167040
read_file 1568157859.319461 1568157860.3207245 bigbrain_2307_1809_0.nii 139634149234496
increment_file 1568158061.1217892 1568158103.7254345 bigbrain_2307_1809_0.nii 139634149234496
write_file 1568158389.4955232 1568158904.982937 inc-bigbrain_2307_1809_0.nii 139634149234496
task_duration 1568157859.283324 1568158905.1138036 1568157832-isilon_1it_96cpus_0delay_npc-4 139634149234496
read_file 1568157859.456393 1568157860.4509807 bigbrain_3076_603_0.nii 140211816101696
increment_file 1568158105.1938918 1568158151.4120245 bigbrain_3076_603_0.nii 140211816101696
write_file 1568158389.5038846 1568158904.9640217 inc-bigbrain_3076_603_0.nii 140211816101696
task_duration 1568157859.4209378 1568158905.0963511 1568157832-isilon_1it_96cpus_0delay_npc-4 140211816101696
read_file 1568157859.1105976 1568157860.268813 bigbrain_3076_603_1388.nii 139933686159168
increment_file 1568157994.3158631 1568158040.3283005 bigbrain_3076_603_1388.nii 139933686159168
write_file 1568158389.0036235 1568158904.9645877 inc-bigbrain_3076_603_1388.nii 139933686159168
task_duration 1568157859.0732236 1568158905.0979025 1568157832-isilon_1it_96cpus_0delay_npc-4 139933686159168
read_file 1568157859.2488103 1568157860.276279 bigbrain_2307_0_0.nii 140443184047936
increment_file 1568158051.505978 1568158094.6753163 bigbrain_2307_0_0.nii 140443184047936
write_file 1568158389.4974287 1568158904.9719174 inc-bigbrain_2307_0_0.nii 140443184047936
task_duration 1568157859.2221904 1568158905.1042244 1568157832-isilon_1it_96cpus_0delay_npc-4 140443184047936
read_file 1568158906.2061741 1568158906.2247596 bigbrain_769_603_694.nii 140200136193856
increment_file 1568158906.231783 1568158911.7373295 bigbrain_769_603_694.nii 140200136193856
write_file 1568158911.7719042 1568158917.8567748 inc-bigbrain_769_603_694.nii 140200136193856
task_duration 1568158906.2032568 1568158917.8642972 1568157832-isilon_1it_96cpus_0delay_npc-4 140200136193856
read_file 1568157859.062182 1568157860.2166219 bigbrain_2307_2412_0.nii 140565288441664
increment_file 1568157968.6606753 1568158016.4641676 bigbrain_2307_2412_0.nii 140565288441664
write_file 1568158038.8848314 1568158389.0037065 inc-bigbrain_2307_2412_0.nii 140565288441664
task_duration 1568157859.0597992 1568158389.6150727 1568157832-isilon_1it_96cpus_0delay_npc-4 140565288441664
read_file 1568157858.9114993 1568157860.0378892 bigbrain_1538_2412_2776.nii 139917415929664
increment_file 1568157900.3195958 1568157939.7970753 bigbrain_1538_2412_2776.nii 139917415929664
write_file 1568158380.5431182 1568158844.3118792 inc-bigbrain_1538_2412_2776.nii 139917415929664
task_duration 1568157858.8825471 1568158904.9587147 1568157832-isilon_1it_96cpus_0delay_npc-4 139917415929664
read_file 1568157863.2352993 1568157879.1759565 bigbrain_2307_603_0.nii 140648637273920
increment_file 1568158291.5030782 1568158332.0445447 bigbrain_2307_603_0.nii 140648637273920
write_file 1568158389.5568194 1568158904.9952657 inc-bigbrain_2307_603_0.nii 140648637273920
task_duration 1568157862.974414 1568158905.1258707 1568157832-isilon_1it_96cpus_0delay_npc-4 140648637273920
read_file 1568157860.3176491 1568157873.50865 bigbrain_769_0_2776.nii 140561942824768
increment_file 1568158247.364915 1568158289.841574 bigbrain_769_0_2776.nii 140561942824768
write_file 1568158389.5513022 1568158904.9917269 inc-bigbrain_769_0_2776.nii 140561942824768
task_duration 1568157860.2849069 1568158905.1213844 1568157832-isilon_1it_96cpus_0delay_npc-4 140561942824768
read_file 1568157859.8188457 1568157862.8316512 bigbrain_3076_1206_1388.nii 139965264803648
increment_file 1568158165.8008778 1568158211.8681421 bigbrain_3076_1206_1388.nii 139965264803648
write_file 1568158389.5128388 1568158904.9705987 inc-bigbrain_3076_1206_1388.nii 139965264803648
task_duration 1568157859.809765 1568158905.102055 1568157832-isilon_1it_96cpus_0delay_npc-4 139965264803648
read_file 1568157859.8608649 1568157863.524419 bigbrain_3076_2412_694.nii 139938842691392
increment_file 1568158176.8479044 1568158221.2616498 bigbrain_3076_2412_694.nii 139938842691392
write_file 1568158389.5145898 1568158904.9954944 inc-bigbrain_3076_2412_694.nii 139938842691392
task_duration 1568157859.842867 1568158905.124121 1568157832-isilon_1it_96cpus_0delay_npc-4 139938842691392
read_file 1568157879.6200223 1568157892.9303272 bigbrain_769_603_2776.nii 140214080264000
increment_file 1568158346.3631015 1568158375.3499506 bigbrain_769_603_2776.nii 140214080264000
write_file 1568158389.5622685 1568158904.976113 inc-bigbrain_769_603_2776.nii 140214080264000
task_duration 1568157879.4507313 1568158905.107034 1568157832-isilon_1it_96cpus_0delay_npc-4 140214080264000
read_file 1568157859.320608 1568157860.3231952 bigbrain_1538_1809_694.nii 139644558755648
increment_file 1568158079.8178704 1568158123.6350892 bigbrain_1538_1809_694.nii 139644558755648
write_file 1568158389.5066302 1568158905.0000799 inc-bigbrain_1538_1809_694.nii 139644558755648
task_duration 1568157859.300523 1568158905.1296263 1568157832-isilon_1it_96cpus_0delay_npc-4 139644558755648
read_file 1568157860.1447978 1568157868.519094 bigbrain_3076_603_2776.nii 140400273672000
increment_file 1568158222.8792124 1568158264.5841956 bigbrain_3076_603_2776.nii 140400273672000
write_file 1568158389.5345697 1568158904.9793868 inc-bigbrain_3076_603_2776.nii 140400273672000
task_duration 1568157860.1265776 1568158905.1100955 1568157832-isilon_1it_96cpus_0delay_npc-4 140400273672000
read_file 1568157859.3202124 1568157860.3221505 bigbrain_1538_1206_1388.nii 140188252653376
increment_file 1568158071.0681145 1568158116.5090442 bigbrain_1538_1206_1388.nii 140188252653376
write_file 1568158389.5061119 1568158904.9868147 inc-bigbrain_1538_1206_1388.nii 140188252653376
task_duration 1568157859.2889855 1568158905.117822 1568157832-isilon_1it_96cpus_0delay_npc-4 140188252653376
read_file 1568157859.031541 1568157860.061188 bigbrain_1538_603_694.nii 139716852590400
increment_file 1568157928.0886173 1568157975.760142 bigbrain_1538_603_694.nii 139716852590400
write_file 1568158383.45198 1568158904.9889398 inc-bigbrain_1538_603_694.nii 139716852590400
task_duration 1568157859.0034535 1568158905.120057 1568157832-isilon_1it_96cpus_0delay_npc-4 139716852590400
read_file 1568157860.106117 1568157868.118166 bigbrain_1538_1809_2082.nii 140446234752832
increment_file 1568158205.540241 1568158248.9522653 bigbrain_1538_1809_2082.nii 140446234752832
write_file 1568158389.5278664 1568158904.9627404 inc-bigbrain_1538_1809_2082.nii 140446234752832
task_duration 1568157860.0800598 1568158905.0962033 1568157832-isilon_1it_96cpus_0delay_npc-4 140446234752832
read_file 1568157859.049057 1568157860.073597 bigbrain_2307_2412_694.nii 140447128196928
increment_file 1568157939.4230673 1568157986.6671119 bigbrain_2307_2412_694.nii 140447128196928
write_file 1568158384.0017009 1568158904.966823 inc-bigbrain_2307_2412_694.nii 140447128196928
task_duration 1568157859.046713 1568158905.097985 1568157832-isilon_1it_96cpus_0delay_npc-4 140447128196928
read_file 1568157869.810031 1568157884.0412798 bigbrain_769_2412_694.nii 140687204542272
increment_file 1568158311.6175528 1568158352.432908 bigbrain_769_2412_694.nii 140687204542272
write_file 1568158389.570576 1568158904.9874628 inc-bigbrain_769_2412_694.nii 140687204542272
task_duration 1568157869.6326568 1568158905.117273 1568157832-isilon_1it_96cpus_0delay_npc-4 140687204542272
read_file 1568157858.9746504 1568157860.0404773 bigbrain_3076_1809_694.nii 140415278356288
increment_file 1568157905.7068446 1568157950.9800587 bigbrain_3076_1809_694.nii 140415278356288
write_file 1568158381.5865045 1568158904.958666 inc-bigbrain_3076_1809_694.nii 140415278356288
task_duration 1568157858.8842137 1568158905.0920098 1568157832-isilon_1it_96cpus_0delay_npc-4 140415278356288
read_file 1568157858.8374283 1568157859.6670132 bigbrain_1538_1809_0.nii 139681124927296
increment_file 1568157875.1568184 1568157891.7158072 bigbrain_1538_1809_0.nii 139681124927296
write_file 1568158342.2058244 1568158904.9482293 inc-bigbrain_1538_1809_0.nii 139681124927296
task_duration 1568157858.8301277 1568158905.0780401 1568157832-isilon_1it_96cpus_0delay_npc-4 139681124927296
read_file 1568157858.9565492 1568157860.0387933 bigbrain_1538_1206_694.nii 140631360362304
increment_file 1568157902.6065724 1568157945.253193 bigbrain_1538_1206_694.nii 140631360362304
write_file 1568158381.25126 1568158904.957273 inc-bigbrain_1538_1206_694.nii 140631360362304
task_duration 1568157858.88539 1568158905.0882223 1568157832-isilon_1it_96cpus_0delay_npc-4 140631360362304
read_file 1568157860.3193245 1568157873.7759626 bigbrain_1538_2412_694.nii 140274587395904
increment_file 1568158256.8194945 1568158299.2417989 bigbrain_1538_2412_694.nii 140274587395904
write_file 1568158389.552382 1568158904.9881737 inc-bigbrain_1538_2412_694.nii 140274587395904
task_duration 1568157860.3091762 1568158905.1188667 1568157832-isilon_1it_96cpus_0delay_npc-4 140274587395904
read_file 1568157859.0536091 1568157860.1731918 bigbrain_1538_1809_2776.nii 140482223925056
increment_file 1568157950.8731925 1568157997.8871667 bigbrain_1538_1809_2776.nii 140482223925056
write_file 1568158384.7732155 1568158904.9507723 inc-bigbrain_1538_1809_2776.nii 140482223925056
task_duration 1568157859.051392 1568158905.0844004 1568157832-isilon_1it_96cpus_0delay_npc-4 140482223925056
read_file 1568157869.5427487 1568157883.6401196 bigbrain_3076_603_694.nii 140411402921792
increment_file 1568158303.8917549 1568158345.0177767 bigbrain_3076_603_694.nii 140411402921792
write_file 1568158389.5711405 1568158904.9944801 inc-bigbrain_3076_603_694.nii 140411402921792
task_duration 1568157869.3471444 1568158905.1238785 1568157832-isilon_1it_96cpus_0delay_npc-4 140411402921792
read_file 1568157859.7138839 1568157860.5264814 bigbrain_2307_0_1388.nii 140180890040128
increment_file 1568158136.7991319 1568158184.3497238 bigbrain_2307_0_1388.nii 140180890040128
write_file 1568158389.5100408 1568158904.9896002 inc-bigbrain_2307_0_1388.nii 140180890040128
task_duration 1568157859.6994352 1568158905.1207232 1568157832-isilon_1it_96cpus_0delay_npc-4 140180890040128
read_file 1568157865.8805501 1568157881.5997899 bigbrain_769_1206_0.nii 140177323136832
increment_file 1568158300.84453 1568158340.8553822 bigbrain_769_1206_0.nii 140177323136832
write_file 1568158389.5600493 1568158904.9821362 inc-bigbrain_769_1206_0.nii 140177323136832
task_duration 1568157865.4227045 1568158905.1125984 1568157832-isilon_1it_96cpus_0delay_npc-4 140177323136832
read_file 1568157860.0687318 1568157866.6227787 bigbrain_1538_1809_1388.nii 139854337828672
increment_file 1568158191.9985647 1568158237.7673666 bigbrain_1538_1809_1388.nii 139854337828672
write_file 1568158389.5157876 1568158904.984547 inc-bigbrain_1538_1809_1388.nii 139854337828672
task_duration 1568157860.0578105 1568158905.1141634 1568157832-isilon_1it_96cpus_0delay_npc-4 139854337828672
read_file 1568157858.8351686 1568157859.461932 bigbrain_2307_603_2776.nii 140007876810560
increment_file 1568157860.2623954 1568157867.1470706 bigbrain_2307_603_2776.nii 140007876810560
write_file 1568158208.5213459 1568158633.7346308 inc-bigbrain_2307_603_2776.nii 140007876810560
task_duration 1568157858.8309724 1568158774.1757493 1568157832-isilon_1it_96cpus_0delay_npc-4 140007876810560
read_file 1568157859.0525713 1568157860.1551778 bigbrain_769_603_0.nii 140377152956224
increment_file 1568157946.8553045 1568157994.5567787 bigbrain_769_603_0.nii 140377152956224
write_file 1568158384.385852 1568158904.9973419 inc-bigbrain_769_603_0.nii 140377152956224
task_duration 1568157859.05046 1568158905.1273777 1568157832-isilon_1it_96cpus_0delay_npc-4 140377152956224
read_file 1568157859.3588898 1568157860.395639 bigbrain_3076_1809_1388.nii 139941737535296
increment_file 1568158093.3508563 1568158136.8002644 bigbrain_3076_1809_1388.nii 139941737535296
write_file 1568158389.5003536 1568158904.974922 inc-bigbrain_3076_1809_1388.nii 139941737535296
task_duration 1568157859.331704 1568158905.1065812 1568157832-isilon_1it_96cpus_0delay_npc-4 139941737535296
read_file 1568157859.0724213 1568157860.264319 bigbrain_3076_1809_2776.nii 139802267076416
increment_file 1568157983.3524263 1568158030.492864 bigbrain_3076_1809_2776.nii 139802267076416
write_file 1568158386.7792401 1568158904.961358 inc-bigbrain_3076_1809_2776.nii 139802267076416
task_duration 1568157859.0688953 1568158905.0943065 1568157832-isilon_1it_96cpus_0delay_npc-4 139802267076416
read_file 1568157863.0279808 1568157879.0244615 bigbrain_769_0_694.nii 139908640970560
increment_file 1568158283.2549067 1568158325.7880878 bigbrain_769_0_694.nii 139908640970560
write_file 1568158389.5588684 1568158904.953965 inc-bigbrain_769_0_694.nii 139908640970560
task_duration 1568157862.8441472 1568158905.0860734 1568157832-isilon_1it_96cpus_0delay_npc-4 139908640970560
read_file 1568157859.420293 1568157860.450328 bigbrain_2307_0_694.nii 140033058142016
increment_file 1568158100.9416652 1568158148.0655642 bigbrain_2307_0_694.nii 140033058142016
write_file 1568158389.5014844 1568158904.9730341 inc-bigbrain_2307_0_694.nii 140033058142016
task_duration 1568157859.409527 1568158905.103985 1568157832-isilon_1it_96cpus_0delay_npc-4 140033058142016
read_file 1568157864.2519138 1568157879.5769453 bigbrain_769_603_1388.nii 139925619111744
increment_file 1568158294.578778 1568158335.0910654 bigbrain_769_603_1388.nii 139925619111744
write_file 1568158389.5594535 1568158904.983317 inc-bigbrain_769_603_1388.nii 139925619111744
task_duration 1568157864.0720203 1568158905.113078 1568157832-isilon_1it_96cpus_0delay_npc-4 139925619111744
read_file 1568157860.1151872 1568157868.252229 bigbrain_769_1809_0.nii 140514238158656
increment_file 1568158213.352212 1568158255.209658 bigbrain_769_1809_0.nii 140514238158656
write_file 1568158389.5262635 1568158904.9970486 inc-bigbrain_769_1809_0.nii 140514238158656
task_duration 1568157860.0824769 1568158905.1261575 1568157832-isilon_1it_96cpus_0delay_npc-4 140514238158656
