read_file 1568147247.4540672 1568147247.9686007 bigbrain_1538_2412_2082.nii 140672714049344
increment_file 1568147307.5621412 1568147327.1862938 bigbrain_1538_2412_2082.nii 140672714049344
write_file 1568147772.784649 1568147885.1555934 inc-bigbrain_1538_2412_2082.nii 140672714049344
task_duration 1568147247.4515762 1568148287.2972007 1568147219-isilon_1it_96cpus_0delay_npc-2 140672714049344
read_file 1568147247.7786467 1568147254.5967104 bigbrain_2307_0_1388.nii 140700805302080
increment_file 1568147348.7843192 1568147389.299461 bigbrain_2307_0_1388.nii 140700805302080
write_file 1568147776.5132918 1568147947.0581515 inc-bigbrain_2307_0_1388.nii 140700805302080
task_duration 1568147247.7764864 1568148288.1944976 1568147219-isilon_1it_96cpus_0delay_npc-2 140700805302080
read_file 1568147248.1547084 1568147265.7989357 bigbrain_2307_1206_1388.nii 139761010251584
increment_file 1568147398.423417 1568147438.2447343 bigbrain_2307_1206_1388.nii 139761010251584
write_file 1568147778.6894639 1568148000.2402086 inc-bigbrain_2307_1206_1388.nii 139761010251584
task_duration 1568147248.0980692 1568148288.8239822 1568147219-isilon_1it_96cpus_0delay_npc-2 139761010251584
read_file 1568147295.6190357 1568147310.656486 bigbrain_769_603_1388.nii 139882011395904
increment_file 1568147698.225899 1568147742.136448 bigbrain_769_603_1388.nii 139882011395904
write_file 1568147821.0787914 1568148272.647441 inc-bigbrain_769_603_1388.nii 139882011395904
task_duration 1568147295.4342635 1568148277.087158 1568147219-isilon_1it_96cpus_0delay_npc-2 139882011395904
read_file 1568147270.4357321 1568147286.7103214 bigbrain_2307_2412_2776.nii 140064539965248
increment_file 1568147515.4867363 1568147558.449836 bigbrain_2307_2412_2776.nii 140064539965248
write_file 1568147807.383911 1568148113.3941376 inc-bigbrain_2307_2412_2776.nii 140064539965248
task_duration 1568147270.4225276 1568148288.8393655 1568147219-isilon_1it_96cpus_0delay_npc-2 140064539965248
read_file 1568147285.3538826 1568147301.5718536 bigbrain_769_1206_1388.nii 140151352887104
increment_file 1568147631.9486232 1568147674.5457637 bigbrain_769_1206_1388.nii 140151352887104
write_file 1568147812.6923168 1568148149.5339062 inc-bigbrain_769_1206_1388.nii 140151352887104
task_duration 1568147285.0962918 1568148288.8667932 1568147219-isilon_1it_96cpus_0delay_npc-2 140151352887104
read_file 1568147247.8751686 1568147258.4074328 bigbrain_2307_1809_2082.nii 140035594512192
increment_file 1568147360.0906963 1568147401.3580337 bigbrain_2307_1809_2082.nii 140035594512192
write_file 1568147777.1587203 1568147961.913605 inc-bigbrain_2307_1809_2082.nii 140035594512192
task_duration 1568147247.8650522 1568148288.4084132 1568147219-isilon_1it_96cpus_0delay_npc-2 140035594512192
read_file 1568147247.2833533 1568147247.757143 bigbrain_1538_0_694.nii 139831438346048
increment_file 1568147248.0849588 1568147259.205136 bigbrain_1538_0_694.nii 139831438346048
write_file 1568147367.8156269 1568147774.3687155 inc-bigbrain_1538_0_694.nii 139831438346048
task_duration 1568147247.2808287 1568147834.614538 1568147219-isilon_1it_96cpus_0delay_npc-2 139831438346048
read_file 1568147255.0586057 1568147272.1171367 bigbrain_769_0_1388.nii 140302371206976
increment_file 1568147436.801253 1568147477.507007 bigbrain_769_0_1388.nii 140302371206976
write_file 1568147786.0936599 1568148029.919568 inc-bigbrain_769_0_1388.nii 140302371206976
task_duration 1568147254.888955 1568148288.8501136 1568147219-isilon_1it_96cpus_0delay_npc-2 140302371206976
read_file 1568147247.8502967 1568147257.3128765 bigbrain_2307_1206_2082.nii 139897907144512
increment_file 1568147352.2599413 1568147394.0499697 bigbrain_2307_1206_2082.nii 139897907144512
write_file 1568147777.087585 1568147952.051575 inc-bigbrain_2307_1206_2082.nii 139897907144512
task_duration 1568147247.8328562 1568148288.255054 1568147219-isilon_1it_96cpus_0delay_npc-2 139897907144512
read_file 1568147273.2363136 1568147290.7812715 bigbrain_769_1809_694.nii 139888693643072
increment_file 1568147546.0331144 1568147586.6519 bigbrain_769_1809_694.nii 139888693643072
write_file 1568147818.4587953 1568148286.524495 inc-bigbrain_769_1809_694.nii 139888693643072
task_duration 1568147273.06717 1568148288.899504 1568147219-isilon_1it_96cpus_0delay_npc-2 139888693643072
read_file 1568147247.6560354 1568147249.8312566 bigbrain_1538_2412_2776.nii 140585228674880
increment_file 1568147321.5983317 1568147357.8199573 bigbrain_1538_2412_2776.nii 140585228674880
write_file 1568147774.2235558 1568147908.249873 inc-bigbrain_1538_2412_2776.nii 140585228674880
task_duration 1568147247.6452637 1568148287.66865 1568147219-isilon_1it_96cpus_0delay_npc-2 140585228674880
read_file 1568148289.8608088 1568148289.8803372 bigbrain_769_603_694.nii 140142402000704
increment_file 1568148289.887794 1568148295.3817725 bigbrain_769_603_694.nii 140142402000704
write_file 1568148295.412446 1568148301.705762 inc-bigbrain_769_603_694.nii 140142402000704
task_duration 1568148289.8575182 1568148301.7127283 1568147219-isilon_1it_96cpus_0delay_npc-2 140142402000704
read_file 1568147247.3714926 1568147247.910431 bigbrain_1538_1809_0.nii 140498808948544
increment_file 1568147302.683651 1568147317.9876356 bigbrain_1538_1809_0.nii 140498808948544
write_file 1568147745.3520734 1568147872.2419338 inc-bigbrain_1538_1809_0.nii 140498808948544
task_duration 1568147247.3606079 1568148287.0994887 1568147219-isilon_1it_96cpus_0delay_npc-2 140498808948544
read_file 1568147296.960124 1568147311.7147434 bigbrain_769_1809_0.nii 140025791055680
increment_file 1568147711.78171 1568147753.3199604 bigbrain_769_1809_0.nii 140025791055680
write_file 1568147825.9234457 1568148288.8458722 inc-bigbrain_769_1809_0.nii 140025791055680
task_duration 1568147296.7904274 1568148288.9441044 1568147219-isilon_1it_96cpus_0delay_npc-2 140025791055680
read_file 1568147247.340943 1568147247.8516762 bigbrain_1538_1206_2776.nii 140468567664448
increment_file 1568147276.060857 1568147287.7512982 bigbrain_1538_1206_2776.nii 140468567664448
write_file 1568147531.576664 1568147822.4432817 inc-bigbrain_1538_1206_2776.nii 140468567664448
task_duration 1568147247.3372538 1568148179.5110984 1568147219-isilon_1it_96cpus_0delay_npc-2 140468567664448
read_file 1568147247.544142 1568147248.0364285 bigbrain_1538_0_2776.nii 140078827964224
increment_file 1568147319.590772 1568147353.437869 bigbrain_1538_0_2776.nii 140078827964224
write_file 1568147773.9144542 1568147904.5870926 inc-bigbrain_1538_0_2776.nii 140078827964224
task_duration 1568147247.5406914 1568148287.5077133 1568147219-isilon_1it_96cpus_0delay_npc-2 140078827964224
read_file 1568147301.2206218 1568147314.6572995 bigbrain_769_2412_694.nii 139770359326528
increment_file 1568147724.4668255 1568147763.4915495 bigbrain_769_2412_694.nii 139770359326528
write_file 1568147826.6988733 1568148288.860803 inc-bigbrain_769_2412_694.nii 139770359326528
task_duration 1568147301.024145 1568148288.949912 1568147219-isilon_1it_96cpus_0delay_npc-2 139770359326528
read_file 1568147282.6440969 1568147299.8859415 bigbrain_3076_1809_694.nii 139876441069376
increment_file 1568147612.921747 1568147655.292914 bigbrain_3076_1809_694.nii 139876441069376
write_file 1568147811.3213437 1568148140.1381812 inc-bigbrain_3076_1809_694.nii 139876441069376
task_duration 1568147282.4668658 1568148288.8445425 1568147219-isilon_1it_96cpus_0delay_npc-2 139876441069376
read_file 1568147269.9367476 1568147285.0882032 bigbrain_2307_603_2082.nii 140356245776192
increment_file 1568147512.154632 1568147553.7823963 bigbrain_2307_603_2082.nii 140356245776192
write_file 1568147806.9296088 1568148108.0759156 inc-bigbrain_2307_603_2082.nii 140356245776192
task_duration 1568147269.7580357 1568148288.866206 1568147219-isilon_1it_96cpus_0delay_npc-2 140356245776192
read_file 1568147266.407857 1568147282.4585593 bigbrain_3076_2412_1388.nii 140555338131264
increment_file 1568147502.8166962 1568147544.4198978 bigbrain_3076_2412_1388.nii 140555338131264
write_file 1568147806.4928038 1568148110.1771169 inc-bigbrain_3076_2412_1388.nii 140555338131264
task_duration 1568147266.2285812 1568148288.8387835 1568147219-isilon_1it_96cpus_0delay_npc-2 140555338131264
read_file 1568147279.9911633 1568147295.6919358 bigbrain_3076_0_2082.nii 140604085802816
increment_file 1568147588.2665553 1568147630.2124157 bigbrain_3076_0_2082.nii 140604085802816
write_file 1568147809.4944267 1568148122.1943002 inc-bigbrain_3076_0_2082.nii 140604085802816
task_duration 1568147279.5821106 1568148288.865769 1568147219-isilon_1it_96cpus_0delay_npc-2 140604085802816
read_file 1568147281.6350207 1568147299.2128372 bigbrain_3076_1809_2776.nii 140699575097152
increment_file 1568147600.0567281 1568147645.3961465 bigbrain_3076_1809_2776.nii 140699575097152
write_file 1568147810.412312 1568148130.3967125 inc-bigbrain_3076_1809_2776.nii 140699575097152
task_duration 1568147281.6323266 1568148288.843173 1568147219-isilon_1it_96cpus_0delay_npc-2 140699575097152
read_file 1568147247.222566 1568147247.6304722 bigbrain_1538_1206_0.nii 139998433617728
increment_file 1568147247.933141 1568147253.5817962 bigbrain_1538_1206_0.nii 139998433617728
write_file 1568147339.856758 1568147766.427163 inc-bigbrain_1538_1206_0.nii 139998433617728
task_duration 1568147247.2177026 1568147824.4269655 1568147219-isilon_1it_96cpus_0delay_npc-2 139998433617728
read_file 1568147294.743912 1568147309.8540816 bigbrain_3076_603_694.nii 139726899029824
increment_file 1568147685.967826 1568147729.0462837 bigbrain_3076_603_694.nii 139726899029824
write_file 1568147820.4726105 1568148287.5843596 inc-bigbrain_3076_603_694.nii 139726899029824
task_duration 1568147294.5746553 1568148288.9090092 1568147219-isilon_1it_96cpus_0delay_npc-2 139726899029824
read_file 1568147252.5925443 1568147269.4830287 bigbrain_2307_1206_2776.nii 139856039864128
increment_file 1568147415.3609784 1568147456.7437284 bigbrain_2307_1206_2776.nii 139856039864128
write_file 1568147781.4254768 1568148010.4399538 inc-bigbrain_2307_1206_2776.nii 139856039864128
task_duration 1568147252.3970873 1568148288.8372588 1568147219-isilon_1it_96cpus_0delay_npc-2 139856039864128
read_file 1568147264.805835 1568147281.6239748 bigbrain_2307_603_0.nii 140693603886912
increment_file 1568147486.0894318 1568147527.134636 bigbrain_2307_603_0.nii 140693603886912
write_file 1568147790.505168 1568148071.8909526 inc-bigbrain_2307_603_0.nii 140693603886912
task_duration 1568147264.7972264 1568148288.8642206 1568147219-isilon_1it_96cpus_0delay_npc-2 140693603886912
read_file 1568147301.8851228 1568147316.277649 bigbrain_769_1809_1388.nii 140456479848256
increment_file 1568147730.6589472 1568147768.6439416 bigbrain_769_1809_1388.nii 140456479848256
write_file 1568147825.1765392 1568148288.6344805 inc-bigbrain_769_1809_1388.nii 140456479848256
task_duration 1568147301.7148836 1568148288.9319212 1568147219-isilon_1it_96cpus_0delay_npc-2 140456479848256
read_file 1568147259.2873926 1568147277.2657712 bigbrain_2307_1809_0.nii 140692130199360
increment_file 1568147459.654943 1568147497.3375914 bigbrain_2307_1809_0.nii 140692130199360
write_file 1568147793.1193457 1568148082.0609448 inc-bigbrain_2307_1809_0.nii 140692130199360
task_duration 1568147259.2298799 1568148288.8362935 1568147219-isilon_1it_96cpus_0delay_npc-2 140692130199360
read_file 1568147247.9068737 1568147259.2135534 bigbrain_1538_603_2776.nii 139629890271040
increment_file 1568147364.8750408 1568147406.0623395 bigbrain_1538_603_2776.nii 139629890271040
write_file 1568147777.2300353 1568147956.6050246 inc-bigbrain_1538_603_2776.nii 139629890271040
task_duration 1568147247.888071 1568148288.317403 1568147219-isilon_1it_96cpus_0delay_npc-2 139629890271040
read_file 1568147247.2872849 1568147247.7636888 bigbrain_1538_1809_1388.nii 140095274506048
increment_file 1568147253.6165774 1568147264.7867696 bigbrain_1538_1809_1388.nii 140095274506048
write_file 1568147395.4638636 1568147787.0036578 inc-bigbrain_1538_1809_1388.nii 140095274506048
task_duration 1568147247.2838655 1568147934.2450323 1568147219-isilon_1it_96cpus_0delay_npc-2 140095274506048
read_file 1568147292.9525585 1568147307.8307204 bigbrain_769_603_0.nii 140648161855296
increment_file 1568147676.1577504 1568147719.6378767 bigbrain_769_603_0.nii 140648161855296
write_file 1568147819.8668187 1568148287.1938632 inc-bigbrain_769_603_0.nii 140648161855296
task_duration 1568147292.8192012 1568148288.9048138 1568147219-isilon_1it_96cpus_0delay_npc-2 140648161855296
read_file 1568147294.984642 1568147310.2552197 bigbrain_769_603_2082.nii 139951315076928
increment_file 1568147689.6962597 1568147733.9932988 bigbrain_769_603_2082.nii 139951315076928
write_file 1568147820.62418 1568148287.8700657 inc-bigbrain_769_603_2082.nii 139951315076928
task_duration 1568147294.708926 1568148288.9120214 1568147219-isilon_1it_96cpus_0delay_npc-2 139951315076928
read_file 1568147278.2179086 1568147294.0322556 bigbrain_3076_603_2776.nii 140713246512960
increment_file 1568147569.2714303 1568147611.307301 bigbrain_3076_603_2776.nii 140713246512960
write_file 1568147813.306982 1568148154.406962 inc-bigbrain_3076_603_2776.nii 140713246512960
task_duration 1568147277.826145 1568148288.8668256 1568147219-isilon_1it_96cpus_0delay_npc-2 140713246512960
read_file 1568147247.3346596 1568147247.8264227 bigbrain_1538_1206_694.nii 140010757318464
increment_file 1568147270.4386191 1568147281.6239526 bigbrain_1538_1206_694.nii 140010757318464
write_file 1568147494.5471826 1568147815.6087527 inc-bigbrain_1538_1206_694.nii 140010757318464
task_duration 1568147247.3321624 1568148101.3899095 1568147219-isilon_1it_96cpus_0delay_npc-2 140010757318464
read_file 1568147248.0044346 1568147263.3343017 bigbrain_2307_0_2082.nii 140550553200448
increment_file 1568147381.6727502 1568147422.6860795 bigbrain_2307_0_2082.nii 140550553200448
write_file 1568147777.8453135 1568147982.4594917 inc-bigbrain_2307_0_2082.nii 140550553200448
task_duration 1568147247.986512 1568148288.4958293 1568147219-isilon_1it_96cpus_0delay_npc-2 140550553200448
read_file 1568147261.1886487 1568147278.352981 bigbrain_2307_1206_0.nii 139641780741952
increment_file 1568147468.8625715 1568147510.6774044 bigbrain_2307_1206_0.nii 139641780741952
write_file 1568147789.1416519 1568148061.7044015 inc-bigbrain_2307_1206_0.nii 139641780741952
task_duration 1568147261.019272 1568148288.8337483 1568147219-isilon_1it_96cpus_0delay_npc-2 139641780741952
read_file 1568147259.2332523 1568147276.731108 bigbrain_2307_603_1388.nii 140457037260608
increment_file 1568147451.9571102 1568147491.8547204 bigbrain_2307_603_1388.nii 140457037260608
write_file 1568147787.305901 1568148047.3824482 inc-bigbrain_2307_603_1388.nii 140457037260608
task_duration 1568147259.2223928 1568148288.8564851 1568147219-isilon_1it_96cpus_0delay_npc-2 140457037260608
read_file 1568147248.6799462 1568147266.3556485 bigbrain_3076_0_0.nii 140083870476096
increment_file 1568147404.4503121 1568147447.2784011 bigbrain_3076_0_0.nii 140083870476096
write_file 1568147778.9925213 1568148005.425149 inc-bigbrain_3076_0_0.nii 140083870476096
task_duration 1568147248.5022802 1568148288.8253071 1568147219-isilon_1it_96cpus_0delay_npc-2 140083870476096
read_file 1568147299.6688855 1568147313.4526267 bigbrain_3076_2412_2082.nii 140110822508352
increment_file 1568147714.9618535 1568147756.3508694 bigbrain_3076_2412_2082.nii 140110822508352
write_file 1568147826.2175586 1568148288.837819 inc-bigbrain_3076_2412_2082.nii 140110822508352
task_duration 1568147299.49024 1568148288.938904 1568147219-isilon_1it_96cpus_0delay_npc-2 140110822508352
read_file 1568147248.1007116 1568147265.6637504 bigbrain_2307_0_694.nii 140461253773120
increment_file 1568147393.8801568 1568147435.19867 bigbrain_2307_0_694.nii 140461253773120
write_file 1568147778.5468514 1568147989.8976142 inc-bigbrain_2307_0_694.nii 140461253773120
task_duration 1568147248.0894096 1568148279.3900635 1568147219-isilon_1it_96cpus_0delay_npc-2 140461253773120
read_file 1568147268.569124 1568147283.983149 bigbrain_3076_1809_0.nii 139802078054208
increment_file 1568147505.863155 1568147547.4848354 bigbrain_3076_1809_0.nii 139802078054208
write_file 1568147794.946474 1568148096.6629388 inc-bigbrain_3076_1809_0.nii 139802078054208
task_duration 1568147268.3988178 1568148288.8645082 1568147219-isilon_1it_96cpus_0delay_npc-2 139802078054208
read_file 1568147247.664871 1568147249.964688 bigbrain_2307_0_0.nii 139831600408384
increment_file 1568147323.8711724 1568147362.469871 bigbrain_2307_0_0.nii 139831600408384
write_file 1568147776.211977 1568147913.737892 inc-bigbrain_2307_0_0.nii 139831600408384
task_duration 1568147247.6517081 1568148287.7322295 1568147219-isilon_1it_96cpus_0delay_npc-2 139831600408384
read_file 1568147279.0910249 1568147295.2713196 bigbrain_3076_1206_2776.nii 139767295047488
increment_file 1568147578.900817 1568147620.9111123 bigbrain_3076_1206_2776.nii 139767295047488
write_file 1568147814.5648608 1568148175.7298877 inc-bigbrain_3076_1206_2776.nii 139767295047488
task_duration 1568147278.913375 1568148288.8481884 1568147219-isilon_1it_96cpus_0delay_npc-2 139767295047488
read_file 1568147247.5246634 1568147248.006596 bigbrain_1538_1206_1388.nii 140079904421696
increment_file 1568147315.8749785 1568147345.9067361 bigbrain_1538_1206_1388.nii 140079904421696
write_file 1568147773.6692376 1568147898.8507447 inc-bigbrain_1538_1206_1388.nii 140079904421696
task_duration 1568147247.494861 1568148260.9632876 1568147219-isilon_1it_96cpus_0delay_npc-2 140079904421696
read_file 1568147257.2127943 1568147273.4808204 bigbrain_3076_1809_1388.nii 140154460059456
increment_file 1568147439.9808483 1568147480.3017147 bigbrain_3076_1809_1388.nii 140154460059456
write_file 1568147786.3966935 1568148035.0790482 inc-bigbrain_3076_1809_1388.nii 140154460059456
task_duration 1568147257.0515869 1568148288.850402 1568147219-isilon_1it_96cpus_0delay_npc-2 140154460059456
read_file 1568147249.6155524 1568147267.182288 bigbrain_2307_2412_2082.nii 140281744901952
increment_file 1568147407.6651666 1568147446.1032543 bigbrain_2307_2412_2082.nii 140281744901952
write_file 1568147778.8410337 1568147994.9216356 inc-bigbrain_2307_2412_2082.nii 140281744901952
task_duration 1568147249.4383194 1568148288.8258617 1568147219-isilon_1it_96cpus_0delay_npc-2 140281744901952
read_file 1568147253.6682699 1568147270.4570768 bigbrain_2307_1809_2776.nii 139813754419008
increment_file 1568147430.5463965 1568147470.4429114 bigbrain_2307_1809_2776.nii 139813754419008
write_file 1568147782.031545 1568148026.8606296 inc-bigbrain_2307_1809_2776.nii 139813754419008
task_duration 1568147253.6271281 1568148288.8295314 1568147219-isilon_1it_96cpus_0delay_npc-2 139813754419008
read_file 1568147247.3583786 1568147247.885099 bigbrain_1538_603_1388.nii 140377084270400
increment_file 1568147286.4415262 1568147299.213037 bigbrain_1538_603_1388.nii 140377084270400
write_file 1568147606.7616081 1568147827.0115564 inc-bigbrain_1538_603_1388.nii 140377084270400
task_duration 1568147247.3548608 1568148222.576177 1568147219-isilon_1it_96cpus_0delay_npc-2 140377084270400
read_file 1568147272.7075477 1568147290.229161 bigbrain_769_2412_2082.nii 139903044724544
increment_file 1568147539.733107 1568147580.6216931 bigbrain_769_2412_2082.nii 139903044724544
write_file 1568147818.3161688 1568148233.52247 inc-bigbrain_769_2412_2082.nii 139903044724544
task_duration 1568147272.5294902 1568148288.8579457 1568147219-isilon_1it_96cpus_0delay_npc-2 139903044724544
read_file 1568147271.4687235 1568147288.8562603 bigbrain_769_1206_694.nii 140352923748160
increment_file 1568147536.6622448 1568147577.2891371 bigbrain_769_1206_694.nii 140352923748160
write_file 1568147818.1824248 1568148238.6608555 inc-bigbrain_769_1206_694.nii 140352923748160
task_duration 1568147271.2983592 1568148288.8696551 1568147219-isilon_1it_96cpus_0delay_npc-2 140352923748160
read_file 1568147303.5547023 1568147317.0797906 bigbrain_3076_2412_2776.nii 139828861634368
increment_file 1568147735.6070356 1568147770.7673078 bigbrain_3076_2412_2776.nii 139828861634368
write_file 1568147825.47963 1568148288.822441 inc-bigbrain_3076_2412_2776.nii 139828861634368
task_duration 1568147303.0971458 1568148288.9320002 1568147219-isilon_1it_96cpus_0delay_npc-2 139828861634368
read_file 1568147290.0135794 1568147306.0568228 bigbrain_769_1809_2776.nii 140004981339968
increment_file 1568147660.242773 1568147703.520658 bigbrain_769_1809_2776.nii 140004981339968
write_file 1568147816.8201942 1568148218.329976 inc-bigbrain_769_1809_2776.nii 140004981339968
task_duration 1568147289.8177438 1568148288.8533483 1568147219-isilon_1it_96cpus_0delay_npc-2 140004981339968
read_file 1568147262.9550223 1568147280.1263082 bigbrain_3076_0_1388.nii 140436571965248
increment_file 1568147474.58595 1568147514.0101652 bigbrain_3076_0_1388.nii 140436571965248
write_file 1568147789.5872688 1568148063.8163269 inc-bigbrain_3076_0_1388.nii 140436571965248
task_duration 1568147262.786309 1568148288.8606138 1568147219-isilon_1it_96cpus_0delay_npc-2 140436571965248
read_file 1568147247.3614564 1568147247.899194 bigbrain_1538_1809_694.nii 140133932230464
increment_file 1568147297.3371005 1568147311.1628761 bigbrain_1538_1809_694.nii 140133932230464
write_file 1568147706.7305434 1568147857.753809 inc-bigbrain_1538_1809_694.nii 140133932230464
task_duration 1568147247.3578355 1568148287.004308 1568147219-isilon_1it_96cpus_0delay_npc-2 140133932230464
read_file 1568147289.8085396 1568147305.922404 bigbrain_3076_1206_0.nii 139686081881920
increment_file 1568147656.9044716 1568147700.2050412 bigbrain_3076_1206_0.nii 139686081881920
write_file 1568147816.365787 1568148216.1840105 inc-bigbrain_3076_1206_0.nii 139686081881920
task_duration 1568147289.5507107 1568148288.8574214 1568147219-isilon_1it_96cpus_0delay_npc-2 139686081881920
read_file 1568147275.110298 1568147292.0024111 bigbrain_769_1206_2776.nii 140549684365120
increment_file 1568147556.871776 1568147599.7896738 bigbrain_769_1206_2776.nii 140549684365120
write_file 1568147814.3686996 1568148168.7284167 inc-bigbrain_769_1206_2776.nii 140549684365120
task_duration 1568147274.8512352 1568148288.8571403 1568147219-isilon_1it_96cpus_0delay_npc-2 140549684365120
read_file 1568147265.2948585 1568147281.636559 bigbrain_2307_2412_694.nii 140508893103936
increment_file 1568147497.3363805 1568147538.1173418 bigbrain_2307_2412_694.nii 140508893103936
write_file 1568147806.0385094 1568148103.6284313 inc-bigbrain_2307_2412_694.nii 140508893103936
task_duration 1568147265.116256 1568148288.866284 1568147219-isilon_1it_96cpus_0delay_npc-2 140508893103936
read_file 1568147247.696047 1568147251.4532294 bigbrain_2307_1809_1388.nii 140057521895232
increment_file 1568147326.945808 1568147367.984863 bigbrain_2307_1809_1388.nii 140057521895232
write_file 1568147776.2729585 1568147931.0784795 inc-bigbrain_2307_1809_1388.nii 140057521895232
task_duration 1568147247.6832612 1568148287.9535952 1568147219-isilon_1it_96cpus_0delay_npc-2 140057521895232
read_file 1568147247.3595858 1568147247.8856246 bigbrain_1538_1809_2776.nii 140411943421760
increment_file 1568147292.7923343 1568147305.3658738 bigbrain_1538_1809_2776.nii 140411943421760
write_file 1568147651.8194048 1568147835.6622443 inc-bigbrain_1538_1809_2776.nii 140411943421760
task_duration 1568147247.3573859 1568148243.671799 1568147219-isilon_1it_96cpus_0delay_npc-2 140411943421760
read_file 1568147253.5978117 1568147270.1716871 bigbrain_2307_1809_694.nii 139640384091968
increment_file 1568147418.4354815 1568147459.522697 bigbrain_2307_1809_694.nii 139640384091968
write_file 1568147476.0565858 1568147809.6467266 inc-bigbrain_2307_1809_694.nii 139640384091968
task_duration 1568147253.4835303 1568148025.4940922 1568147219-isilon_1it_96cpus_0delay_npc-2 139640384091968
read_file 1568147270.5360775 1568147288.4377234 bigbrain_3076_603_1388.nii 140147375916864
increment_file 1568147528.614159 1568147570.9941423 bigbrain_3076_603_1388.nii 140147375916864
write_file 1568147818.0416827 1568148223.6395888 inc-bigbrain_3076_603_1388.nii 140147375916864
task_duration 1568147270.4526567 1568148288.8661008 1568147219-isilon_1it_96cpus_0delay_npc-2 140147375916864
read_file 1568147283.615903 1568147300.8811333 bigbrain_769_0_694.nii 140513775511360
increment_file 1568147622.5126784 1568147664.954296 bigbrain_769_0_694.nii 140513775511360
write_file 1568147815.1536422 1568148183.1534657 inc-bigbrain_769_0_694.nii 140513775511360
task_duration 1568147283.437858 1568148288.849597 1568147219-isilon_1it_96cpus_0delay_npc-2 140513775511360
read_file 1568147276.5066159 1568147293.1233566 bigbrain_3076_1809_2082.nii 140015627396928
increment_file 1568147561.522656 1568147605.1492379 bigbrain_3076_1809_2082.nii 140015627396928
write_file 1568147818.7794614 1568148247.6299465 inc-bigbrain_3076_1809_2082.nii 140015627396928
task_duration 1568147276.3379197 1568148256.2654548 1568147219-isilon_1it_96cpus_0delay_npc-2 140015627396928
read_file 1568147259.2034295 1568147275.1119256 bigbrain_769_1206_2082.nii 140430106367808
increment_file 1568147447.5440493 1568147487.4089339 bigbrain_769_1206_2082.nii 140430106367808
write_file 1568147786.7000535 1568148039.9162924 inc-bigbrain_769_1206_2082.nii 140430106367808
task_duration 1568147259.1075764 1568148288.8313065 1568147219-isilon_1it_96cpus_0delay_npc-2 140430106367808
read_file 1568147247.9814389 1568147262.5084472 bigbrain_1538_2412_0.nii 140351425316672
increment_file 1568147375.378877 1568147415.3627312 bigbrain_1538_2412_0.nii 140351425316672
write_file 1568147777.3817527 1568147972.8731878 inc-bigbrain_1538_2412_0.nii 140351425316672
task_duration 1568147247.979462 1568148288.4527707 1568147219-isilon_1it_96cpus_0delay_npc-2 140351425316672
read_file 1568147253.6232958 1568147270.4446335 bigbrain_1538_603_694.nii 139894269859648
increment_file 1568147425.7596185 1568147467.39391 bigbrain_1538_603_694.nii 139894269859648
write_file 1568147781.7462697 1568148016.8281837 inc-bigbrain_1538_603_694.nii 139894269859648
task_duration 1568147253.6197164 1568148288.8410025 1568147219-isilon_1it_96cpus_0delay_npc-2 139894269859648
read_file 1568147306.5016794 1568147318.3883188 bigbrain_769_2412_2776.nii 140464636229440
increment_file 1568147743.6133406 1568147773.7807672 bigbrain_769_2412_2776.nii 140464636229440
write_file 1568147832.6134188 1568148288.8666844 inc-bigbrain_769_2412_2776.nii 140464636229440
task_duration 1568147306.3326445 1568148288.9643273 1568147219-isilon_1it_96cpus_0delay_npc-2 140464636229440
read_file 1568147280.9464376 1568147296.3798106 bigbrain_2307_603_2776.nii 140159229871936
increment_file 1568147591.7373886 1568147635.129972 bigbrain_2307_603_2776.nii 140159229871936
write_file 1568147809.9489017 1568148125.7232132 inc-bigbrain_2307_603_2776.nii 140159229871936
task_duration 1568147280.421538 1568148288.8662658 1568147219-isilon_1it_96cpus_0delay_npc-2 140159229871936
read_file 1568147247.7678862 1568147253.6148162 bigbrain_2307_1206_694.nii 140054672873280
increment_file 1568147342.7971094 1568147383.5433204 bigbrain_2307_1206_694.nii 140054672873280
write_file 1568147776.4244316 1568147942.4743595 inc-bigbrain_2307_1206_694.nii 140054672873280
task_duration 1568147247.7643218 1568148288.1401472 1568147219-isilon_1it_96cpus_0delay_npc-2 140054672873280
read_file 1568147309.1839178 1568147320.2627342 bigbrain_769_2412_0.nii 139736873191232
increment_file 1568147750.1380975 1568147776.2473066 bigbrain_769_2412_0.nii 139736873191232
write_file 1568147838.8518465 1568148288.8754423 inc-bigbrain_769_2412_0.nii 139736873191232
task_duration 1568147308.239371 1568148288.9633543 1568147219-isilon_1it_96cpus_0delay_npc-2 139736873191232
read_file 1568147270.4386854 1568147287.1112416 bigbrain_3076_0_694.nii 139652736022336
increment_file 1568147523.525913 1568147566.3092523 bigbrain_3076_0_694.nii 139652736022336
write_file 1568147793.8591454 1568148089.500131 inc-bigbrain_3076_0_694.nii 139652736022336
task_duration 1568147270.4362953 1568148288.86386 1568147219-isilon_1it_96cpus_0delay_npc-2 139652736022336
read_file 1568147285.131163 1568147301.3027492 bigbrain_3076_603_2082.nii 139949679769408
increment_file 1568147625.826406 1568147668.2914174 bigbrain_3076_603_2082.nii 139949679769408
write_file 1568147812.5602596 1568148144.9978073 inc-bigbrain_3076_603_2082.nii 139949679769408
task_duration 1568147284.9625387 1568148288.8674645 1568147219-isilon_1it_96cpus_0delay_npc-2 139949679769408
read_file 1568147247.2917573 1568147247.7713797 bigbrain_1538_1206_2082.nii 139964228269888
increment_file 1568147264.8138084 1568147276.0243435 bigbrain_1538_1206_2082.nii 139964228269888
write_file 1568147454.8992264 1568147806.6539478 inc-bigbrain_1538_1206_2082.nii 139964228269888
task_duration 1568147247.2889495 1568147998.7305498 1568147219-isilon_1it_96cpus_0delay_npc-2 139964228269888
read_file 1568147274.8864305 1568147291.4496624 bigbrain_3076_0_2776.nii 139820202010432
increment_file 1568147549.0983586 1568147591.739673 bigbrain_3076_0_2776.nii 139820202010432
write_file 1568147818.6278996 1568148242.7497392 inc-bigbrain_3076_0_2776.nii 139820202010432
task_duration 1568147274.6984375 1568148254.5996165 1568147219-isilon_1it_96cpus_0delay_npc-2 139820202010432
read_file 1568147278.4227922 1568147294.2997491 bigbrain_3076_2412_694.nii 139890109192000
increment_file 1568147572.607535 1568147614.6434023 bigbrain_3076_2412_694.nii 139890109192000
write_file 1568147813.592275 1568148159.2708426 inc-bigbrain_3076_2412_694.nii 139890109192000
task_duration 1568147278.2277763 1568148288.8672197 1568147219-isilon_1it_96cpus_0delay_npc-2 139890109192000
read_file 1568147247.3425217 1568147247.8522522 bigbrain_1538_2412_1388.nii 139911205308224
increment_file 1568147281.628465 1568147292.7939093 bigbrain_1538_2412_1388.nii 139911205308224
write_file 1568147564.4638934 1568147825.7919552 inc-bigbrain_1538_2412_1388.nii 139911205308224
task_duration 1568147247.3402162 1568148206.3294117 1568147219-isilon_1it_96cpus_0delay_npc-2 139911205308224
read_file 1568147296.6917205 1568147311.5813642 bigbrain_769_1206_0.nii 140503686076224
increment_file 1568147703.7867491 1568147747.0628755 bigbrain_769_1206_0.nii 140503686076224
write_file 1568147825.622352 1568148288.8313818 inc-bigbrain_769_1206_0.nii 140503686076224
task_duration 1568147296.52237 1568148288.9369502 1568147219-isilon_1it_96cpus_0delay_npc-2 140503686076224
read_file 1568147281.7070842 1568147299.6167643 bigbrain_769_0_0.nii 140103957350208
increment_file 1568147605.2814462 1568147648.7276163 bigbrain_769_0_0.nii 140103957350208
write_file 1568147810.8581202 1568148135.5680826 inc-bigbrain_769_0_0.nii 140103957350208
task_duration 1568147281.6422021 1568148288.843766 1568147219-isilon_1it_96cpus_0delay_npc-2 140103957350208
read_file 1568147286.2186387 1568147303.0890315 bigbrain_769_0_2082.nii 139665286846272
increment_file 1568147635.3957407 1568147679.2264433 bigbrain_769_0_2082.nii 139665286846272
write_file 1568147815.3051682 1568148191.9840665 inc-bigbrain_769_0_2082.nii 139665286846272
task_duration 1568147286.0496235 1568148288.867705 1568147219-isilon_1it_96cpus_0delay_npc-2 139665286846272
read_file 1568147247.2887108 1568147247.7643955 bigbrain_1538_1809_2082.nii 140710001125184
increment_file 1568147259.2187104 1568147270.4121456 bigbrain_1538_1809_2082.nii 140710001125184
write_file 1568147427.5005913 1568147814.0475852 inc-bigbrain_1538_1809_2082.nii 140710001125184
task_duration 1568147247.2850065 1568148074.452895 1568147219-isilon_1it_96cpus_0delay_npc-2 140710001125184
read_file 1568147260.1312447 1568147277.5509593 bigbrain_3076_1206_694.nii 139812914169664
increment_file 1568147462.59637 1568147503.3251746 bigbrain_3076_1206_694.nii 139812914169664
write_file 1568147788.6783984 1568148052.8727036 inc-bigbrain_3076_1206_694.nii 139812914169664
task_duration 1568147259.9426796 1568148288.8346667 1568147219-isilon_1it_96cpus_0delay_npc-2 139812914169664
read_file 1568147291.180883 1568147306.7260141 bigbrain_2307_2412_0.nii 139795476064064
increment_file 1568147666.576768 1568147710.312904 bigbrain_2307_2412_0.nii 139795476064064
write_file 1568147822.59377 1568148274.4826555 inc-bigbrain_2307_2412_0.nii 139795476064064
task_duration 1568147291.050301 1568148278.3018157 1568147219-isilon_1it_96cpus_0delay_npc-2 139795476064064
read_file 1568147292.0632944 1568147306.8773825 bigbrain_769_2412_1388.nii 140091040843584
increment_file 1568147669.8938978 1568147713.3596685 bigbrain_769_2412_1388.nii 140091040843584
write_file 1568147822.7452824 1568148277.6919794 inc-bigbrain_769_2412_1388.nii 140091040843584
task_duration 1568147291.876237 1568148288.735847 1568147219-isilon_1it_96cpus_0delay_npc-2 140091040843584
read_file 1568147264.0516286 1568147280.6805463 bigbrain_3076_603_0.nii 140177402095424
increment_file 1568147481.648427 1568147521.911233 bigbrain_3076_603_0.nii 140177402095424
write_file 1568147793.4046826 1568148087.0769172 inc-bigbrain_3076_603_0.nii 140177402095424
task_duration 1568147263.8815932 1568148288.8642018 1568147219-isilon_1it_96cpus_0delay_npc-2 140177402095424
read_file 1568147299.88436 1568147313.853683 bigbrain_769_603_2776.nii 140166896314176
increment_file 1568147721.2517302 1568147761.3421006 bigbrain_769_603_2776.nii 140166896314176
write_file 1568147826.3780415 1568148288.8520334 inc-bigbrain_769_603_2776.nii 140166896314176
task_duration 1568147299.624047 1568148288.9435923 1568147219-isilon_1it_96cpus_0delay_npc-2 140166896314176
read_file 1568147279.7772849 1568147295.5581198 bigbrain_2307_603_694.nii 140331208501056
increment_file 1568147582.234478 1568147624.2236798 bigbrain_2307_603_694.nii 140331208501056
write_file 1568147809.039937 1568148117.6436343 inc-bigbrain_2307_603_694.nii 140331208501056
task_duration 1568147279.5821123 1568148288.8673909 1568147219-isilon_1it_96cpus_0delay_npc-2 140331208501056
read_file 1568147287.555276 1568147303.49277 bigbrain_769_1809_2082.nii 140222778857280
increment_file 1568147643.5509698 1568147687.6791408 bigbrain_769_1809_2082.nii 140222778857280
write_file 1568147815.7598817 1568148199.9075174 inc-bigbrain_769_1809_2082.nii 140222778857280
task_duration 1568147287.1191542 1568148288.868623 1568147219-isilon_1it_96cpus_0delay_npc-2 140222778857280
read_file 1568147247.4722533 1568147247.9820595 bigbrain_1538_603_0.nii 140476439926592
increment_file 1568147312.64916 1568147339.323116 bigbrain_1538_603_0.nii 140476439926592
write_file 1568147773.1883779 1568147895.954817 inc-bigbrain_1538_603_0.nii 140476439926592
task_duration 1568147247.460605 1568148259.1437235 1568147219-isilon_1it_96cpus_0delay_npc-2 140476439926592
read_file 1568147247.907252 1568147259.2144196 bigbrain_1538_603_2082.nii 139660797744960
increment_file 1568147372.3038 1568147412.0496564 bigbrain_1538_603_2082.nii 139660797744960
write_file 1568147777.301317 1568147966.7876625 inc-bigbrain_1538_603_2082.nii 139660797744960
task_duration 1568147247.8967724 1568148288.362093 1568147219-isilon_1it_96cpus_0delay_npc-2 139660797744960
read_file 1568147283.205514 1568147300.3073943 bigbrain_3076_1206_1388.nii 140705386620736
increment_file 1568147616.2555695 1568147658.62751 bigbrain_3076_1206_1388.nii 140705386620736
write_file 1568147818.9309623 1568148252.5119607 inc-bigbrain_3076_1206_1388.nii 140705386620736
task_duration 1568147283.0181017 1568148287.3669806 1568147219-isilon_1it_96cpus_0delay_npc-2 140705386620736
read_file 1568147264.8913932 1568147281.6355624 bigbrain_2307_2412_1388.nii 139692142139200
increment_file 1568147493.065507 1568147535.0495672 bigbrain_2307_2412_1388.nii 139692142139200
write_file 1568147792.9589732 1568148079.637159 inc-bigbrain_2307_2412_1388.nii 139692142139200
task_duration 1568147264.8255267 1568148288.8374162 1568147219-isilon_1it_96cpus_0delay_npc-2 139692142139200
read_file 1568147247.7207685 1568147252.8077347 bigbrain_2307_0_2776.nii 139858119251776
increment_file 1568147331.3283203 1568147372.3055177 bigbrain_2307_0_2776.nii 139858119251776
write_file 1568147776.3262243 1568147927.1034207 inc-bigbrain_2307_0_2776.nii 139858119251776
task_duration 1568147247.7063358 1568148287.812724 1568147219-isilon_1it_96cpus_0delay_npc-2 139858119251776
read_file 1568147294.0753736 1568147308.6330357 bigbrain_3076_1206_2082.nii 140564886644544
increment_file 1568147679.4941456 1568147722.719396 bigbrain_3076_1206_2082.nii 140564886644544
write_file 1568147820.0181923 1568148261.4297452 inc-bigbrain_3076_1206_2082.nii 140564886644544
task_duration 1568147293.9065635 1568148266.2982829 1568147219-isilon_1it_96cpus_0delay_npc-2 140564886644544
read_file 1568147248.0288086 1568147264.2773304 bigbrain_3076_2412_0.nii 139809542453056
increment_file 1568147386.5010948 1568147427.6074 bigbrain_3076_2412_0.nii 139809542453056
write_file 1568147778.3866434 1568147985.0421174 inc-bigbrain_3076_2412_0.nii 139809542453056
task_duration 1568147248.018839 1568148288.5850012 1568147219-isilon_1it_96cpus_0delay_npc-2 139809542453056
read_file 1568147247.7543736 1568147253.6057627 bigbrain_1538_2412_694.nii 140090431743808
increment_file 1568147338.1473026 1568147380.1913855 bigbrain_1538_2412_694.nii 140090431743808
write_file 1568147776.379866 1568147938.2048273 inc-bigbrain_1538_2412_694.nii 140090431743808
task_duration 1568147247.7359283 1568148288.0864904 1568147219-isilon_1it_96cpus_0delay_npc-2 140090431743808
read_file 1568147289.585844 1568147305.6346424 bigbrain_769_0_2776.nii 140074074138432
increment_file 1568147648.8601408 1568147692.878769 bigbrain_769_0_2776.nii 140074074138432
write_file 1568147816.2140942 1568148207.2157671 inc-bigbrain_769_0_2776.nii 140074074138432
task_duration 1568147289.3988833 1568148288.8526382 1568147219-isilon_1it_96cpus_0delay_npc-2 140074074138432
