read_file 1568141867.8321383 1568141867.833487 bigbrain_769_603_694.nii 140206414931776
increment_file 1568141867.8337228 1568141868.8114004 bigbrain_769_603_694.nii 140206414931776
write_file 1568141868.8269846 1568141869.3028586 inc-bigbrain_769_603_694.nii 140206414931776
task_duration 1568141867.8302925 1568141869.3060975 1568141241-tmpfs_1it_96cpus_0delay_npc-1 140206414931776
read_file 1568141859.792895 1568141859.81247 bigbrain_769_2412_2082.nii 140061466347328
increment_file 1568141859.8138494 1568141862.980648 bigbrain_769_2412_2082.nii 140061466347328
write_file 1568141863.0851977 1568141867.3206098 inc-bigbrain_769_2412_2082.nii 140061466347328
task_duration 1568141859.7884874 1568141867.326379 1568141241-tmpfs_1it_96cpus_0delay_npc-1 140061466347328
read_file 1568141859.786676 1568141859.7896206 bigbrain_769_2412_0.nii 139810076419904
increment_file 1568141859.7902613 1568141862.9215388 bigbrain_769_2412_0.nii 139810076419904
write_file 1568141863.020743 1568141867.2860925 inc-bigbrain_769_2412_0.nii 139810076419904
task_duration 1568141859.7827663 1568141867.291753 1568141241-tmpfs_1it_96cpus_0delay_npc-1 139810076419904
read_file 1568141859.7772596 1568141859.781963 bigbrain_769_603_2776.nii 140668463970112
increment_file 1568141859.7829282 1568141862.9196568 bigbrain_769_603_2776.nii 140668463970112
write_file 1568141863.0298913 1568141867.2580874 inc-bigbrain_769_603_2776.nii 140668463970112
task_duration 1568141859.7720153 1568141867.2645717 1568141241-tmpfs_1it_96cpus_0delay_npc-1 140668463970112
read_file 1568141859.7728283 1568141859.7815921 bigbrain_769_1809_1388.nii 140299275835200
increment_file 1568141859.7830544 1568141865.7390976 bigbrain_769_1809_1388.nii 140299275835200
write_file 1568141865.7748237 1568141868.726396 inc-bigbrain_769_1809_1388.nii 140299275835200
task_duration 1568141859.764507 1568141868.7452395 1568141241-tmpfs_1it_96cpus_0delay_npc-1 140299275835200
read_file 1568141859.7692356 1568141859.777193 bigbrain_769_1809_2082.nii 139849492551488
increment_file 1568141859.7782357 1568141865.689606 bigbrain_769_1809_2082.nii 139849492551488
write_file 1568141865.7452946 1568141869.719815 inc-bigbrain_769_1809_2082.nii 139849492551488
task_duration 1568141859.7618754 1568141869.7367818 1568141241-tmpfs_1it_96cpus_0delay_npc-1 139849492551488
read_file 1568141859.7490199 1568141859.7548923 bigbrain_769_603_0.nii 140312883996480
increment_file 1568141859.7559545 1568141862.7664807 bigbrain_769_603_0.nii 140312883996480
write_file 1568141862.8934493 1568141867.2305436 inc-bigbrain_769_603_0.nii 140312883996480
task_duration 1568141859.7427397 1568141867.238012 1568141241-tmpfs_1it_96cpus_0delay_npc-1 140312883996480
read_file 1568141859.7411003 1568141859.7461045 bigbrain_3076_0_1388.nii 139732344715072
increment_file 1568141859.7467282 1568141862.6158955 bigbrain_3076_0_1388.nii 139732344715072
write_file 1568141862.709515 1568141867.2553074 inc-bigbrain_3076_0_1388.nii 139732344715072
task_duration 1568141859.7374887 1568141867.2605996 1568141241-tmpfs_1it_96cpus_0delay_npc-1 139732344715072
read_file 1568141859.7375329 1568141859.7445328 bigbrain_3076_1809_1388.nii 140572510795584
increment_file 1568141859.7454484 1568141865.7134812 bigbrain_3076_1809_1388.nii 140572510795584
write_file 1568141865.7609453 1568141869.793974 inc-bigbrain_3076_1809_1388.nii 140572510795584
task_duration 1568141859.7294025 1568141869.8028278 1568141241-tmpfs_1it_96cpus_0delay_npc-1 140572510795584
read_file 1568141859.730692 1568141859.7387302 bigbrain_2307_603_694.nii 140536746112832
increment_file 1568141859.7398174 1568141865.6958733 bigbrain_2307_603_694.nii 140536746112832
write_file 1568141865.7384906 1568141869.7771344 inc-bigbrain_2307_603_694.nii 140536746112832
task_duration 1568141859.7234552 1568141869.78696 1568141241-tmpfs_1it_96cpus_0delay_npc-1 140536746112832
read_file 1568141859.7253966 1568141859.7337472 bigbrain_769_2412_1388.nii 140656720611136
increment_file 1568141859.734412 1568141862.8354254 bigbrain_769_2412_1388.nii 140656720611136
write_file 1568141862.9458034 1568141867.28588 inc-bigbrain_769_2412_1388.nii 140656720611136
task_duration 1568141859.721328 1568141867.2907307 1568141241-tmpfs_1it_96cpus_0delay_npc-1 140656720611136
read_file 1568141859.7168112 1568141859.7245271 bigbrain_3076_603_694.nii 140277140756288
increment_file 1568141859.72601 1568141865.684032 bigbrain_3076_603_694.nii 140277140756288
write_file 1568141865.7213554 1568141869.6681752 inc-bigbrain_3076_603_694.nii 140277140756288
task_duration 1568141859.710127 1568141869.6824856 1568141241-tmpfs_1it_96cpus_0delay_npc-1 140277140756288
read_file 1568141859.7043757 1568141859.7108932 bigbrain_769_1206_694.nii 140554524231488
increment_file 1568141859.712095 1568141865.6219 bigbrain_769_1206_694.nii 140554524231488
write_file 1568141865.6601465 1568141869.7242212 inc-bigbrain_769_1206_694.nii 140554524231488
task_duration 1568141859.6974533 1568141869.7401652 1568141241-tmpfs_1it_96cpus_0delay_npc-1 140554524231488
read_file 1568141859.7043672 1568141859.7098432 bigbrain_769_603_2082.nii 139821319161664
increment_file 1568141859.7107518 1568141862.8243372 bigbrain_769_603_2082.nii 139821319161664
write_file 1568141862.9418411 1568141867.240175 inc-bigbrain_769_603_2082.nii 139821319161664
task_duration 1568141859.6978717 1568141867.246669 1568141241-tmpfs_1it_96cpus_0delay_npc-1 139821319161664
read_file 1568141859.684625 1568141859.691395 bigbrain_769_1206_2082.nii 140646838167360
increment_file 1568141859.6923146 1568141865.6474056 bigbrain_769_1206_2082.nii 140646838167360
write_file 1568141865.6952102 1568141869.7293167 inc-bigbrain_769_1206_2082.nii 140646838167360
task_duration 1568141859.6777604 1568141869.7450836 1568141241-tmpfs_1it_96cpus_0delay_npc-1 140646838167360
read_file 1568141859.6768165 1568141859.6817267 bigbrain_769_1809_694.nii 139955813656384
increment_file 1568141859.6823776 1568141862.494157 bigbrain_769_1809_694.nii 139955813656384
write_file 1568141862.6001296 1568141867.2280326 inc-bigbrain_769_1809_694.nii 139955813656384
task_duration 1568141859.6725295 1568141867.233781 1568141241-tmpfs_1it_96cpus_0delay_npc-1 139955813656384
read_file 1568141859.6470623 1568141859.6505263 bigbrain_3076_1809_2082.nii 139929809520448
increment_file 1568141859.6511583 1568141862.4548934 bigbrain_3076_1809_2082.nii 139929809520448
write_file 1568141862.536103 1568141867.2282443 inc-bigbrain_3076_1809_2082.nii 139929809520448
task_duration 1568141859.6420622 1568141867.2342944 1568141241-tmpfs_1it_96cpus_0delay_npc-1 139929809520448
read_file 1568141859.6323805 1568141859.6374307 bigbrain_769_2412_2776.nii 140601575057216
increment_file 1568141859.6386492 1568141862.3040571 bigbrain_769_2412_2776.nii 140601575057216
write_file 1568141862.4015465 1568141867.2305446 inc-bigbrain_769_2412_2776.nii 140601575057216
task_duration 1568141859.6272259 1568141867.2375882 1568141241-tmpfs_1it_96cpus_0delay_npc-1 140601575057216
read_file 1568141859.6196127 1568141859.624407 bigbrain_769_1206_2776.nii 140625609439040
increment_file 1568141859.624926 1568141862.3113606 bigbrain_769_1206_2776.nii 140625609439040
write_file 1568141862.3954372 1568141867.1844766 inc-bigbrain_769_1206_2776.nii 140625609439040
task_duration 1568141859.615825 1568141867.191368 1568141241-tmpfs_1it_96cpus_0delay_npc-1 140625609439040
read_file 1568141859.61662 1568141859.6224988 bigbrain_769_0_2082.nii 139831952144192
increment_file 1568141859.6232326 1568141865.576865 bigbrain_769_0_2082.nii 139831952144192
write_file 1568141865.6438854 1568141869.44144 inc-bigbrain_769_0_2082.nii 139831952144192
task_duration 1568141859.6102848 1568141869.462321 1568141241-tmpfs_1it_96cpus_0delay_npc-1 139831952144192
read_file 1568141859.6115494 1568141859.6183388 bigbrain_3076_603_1388.nii 139874220496704
increment_file 1568141859.6194763 1568141865.5684726 bigbrain_3076_603_1388.nii 139874220496704
write_file 1568141865.618954 1568141869.6936052 inc-bigbrain_3076_603_1388.nii 139874220496704
task_duration 1568141859.602158 1568141869.7074258 1568141241-tmpfs_1it_96cpus_0delay_npc-1 139874220496704
read_file 1568141859.603543 1568141859.6066957 bigbrain_3076_0_2776.nii 140134921221952
increment_file 1568141859.6072147 1568141862.26171 bigbrain_3076_0_2776.nii 140134921221952
write_file 1568141862.339392 1568141867.1740866 inc-bigbrain_3076_0_2776.nii 140134921221952
task_duration 1568141859.6000175 1568141867.1817133 1568141241-tmpfs_1it_96cpus_0delay_npc-1 140134921221952
read_file 1568141859.5973637 1568141859.6014104 bigbrain_2307_2412_1388.nii 140270278633280
increment_file 1568141859.6019468 1568141862.2721646 bigbrain_2307_2412_1388.nii 140270278633280
write_file 1568141862.352166 1568141867.217709 inc-bigbrain_2307_2412_1388.nii 140270278633280
task_duration 1568141859.5935447 1568141867.2244852 1568141241-tmpfs_1it_96cpus_0delay_npc-1 140270278633280
read_file 1568141859.585007 1568141859.593923 bigbrain_2307_603_0.nii 139735121962816
increment_file 1568141859.5944471 1568141862.223243 bigbrain_2307_603_0.nii 139735121962816
write_file 1568141862.310232 1568141867.1492739 inc-bigbrain_2307_603_0.nii 139735121962816
task_duration 1568141859.5815537 1568141867.1584322 1568141241-tmpfs_1it_96cpus_0delay_npc-1 139735121962816
read_file 1568141859.5892131 1568141859.5938401 bigbrain_3076_2412_2082.nii 139806288484160
increment_file 1568141859.5944548 1568141862.3419285 bigbrain_3076_2412_2082.nii 139806288484160
write_file 1568141862.452397 1568141867.162883 inc-bigbrain_3076_2412_2082.nii 139806288484160
task_duration 1568141859.5834153 1568141867.1715426 1568141241-tmpfs_1it_96cpus_0delay_npc-1 139806288484160
read_file 1568141859.5870967 1568141859.5931482 bigbrain_769_0_694.nii 140623665125184
increment_file 1568141859.59401 1568141865.6035 bigbrain_769_0_694.nii 140623665125184
write_file 1568141865.659184 1568141868.1984255 inc-bigbrain_769_0_694.nii 140623665125184
task_duration 1568141859.580928 1568141868.2200232 1568141241-tmpfs_1it_96cpus_0delay_npc-1 140623665125184
read_file 1568141859.5742733 1568141859.5806515 bigbrain_3076_0_0.nii 140317430470464
increment_file 1568141859.581835 1568141865.4782805 bigbrain_3076_0_0.nii 140317430470464
write_file 1568141865.5828245 1568141869.567743 inc-bigbrain_3076_0_0.nii 140317430470464
task_duration 1568141859.5682657 1568141869.5936089 1568141241-tmpfs_1it_96cpus_0delay_npc-1 140317430470464
read_file 1568141859.5681198 1568141859.573025 bigbrain_2307_0_694.nii 140088832382784
increment_file 1568141859.5734797 1568141862.203451 bigbrain_2307_0_694.nii 140088832382784
write_file 1568141862.293203 1568141867.145213 inc-bigbrain_2307_0_694.nii 140088832382784
task_duration 1568141859.5649664 1568141867.1550252 1568141241-tmpfs_1it_96cpus_0delay_npc-1 140088832382784
read_file 1568141859.5654829 1568141859.5714822 bigbrain_769_0_2776.nii 140054032746304
increment_file 1568141859.572232 1568141865.4985812 bigbrain_769_0_2776.nii 140054032746304
write_file 1568141865.5520735 1568141869.5185266 inc-bigbrain_769_0_2776.nii 140054032746304
task_duration 1568141859.5602193 1568141869.5392823 1568141241-tmpfs_1it_96cpus_0delay_npc-1 140054032746304
read_file 1568141859.5612972 1568141859.5654051 bigbrain_2307_1809_2776.nii 139871992895296
increment_file 1568141859.5660157 1568141862.1452131 bigbrain_2307_1809_2776.nii 139871992895296
write_file 1568141862.2277873 1568141867.2027953 inc-bigbrain_2307_1809_2776.nii 139871992895296
task_duration 1568141859.556876 1568141867.211651 1568141241-tmpfs_1it_96cpus_0delay_npc-1 139871992895296
read_file 1568141859.5599403 1568141859.5633755 bigbrain_3076_1206_2776.nii 139743187523392
increment_file 1568141859.5637958 1568141862.1777515 bigbrain_3076_1206_2776.nii 139743187523392
write_file 1568141862.2662973 1568141867.2135327 inc-bigbrain_3076_1206_2776.nii 139743187523392
task_duration 1568141859.5567946 1568141867.2207148 1568141241-tmpfs_1it_96cpus_0delay_npc-1 139743187523392
read_file 1568141859.5557475 1568141859.5620508 bigbrain_2307_1206_2776.nii 140398547081024
increment_file 1568141859.5630438 1568141865.5299873 bigbrain_2307_1206_2776.nii 140398547081024
write_file 1568141865.5941956 1568141869.640915 inc-bigbrain_2307_1206_2776.nii 140398547081024
task_duration 1568141859.5489051 1568141869.663172 1568141241-tmpfs_1it_96cpus_0delay_npc-1 140398547081024
read_file 1568141859.555764 1568141859.558026 bigbrain_3076_1206_0.nii 140649252337472
increment_file 1568141859.5583887 1568141862.1421459 bigbrain_3076_1206_0.nii 140649252337472
write_file 1568141862.1936505 1568141867.2064567 inc-bigbrain_3076_1206_0.nii 140649252337472
task_duration 1568141859.5530775 1568141867.213666 1568141241-tmpfs_1it_96cpus_0delay_npc-1 140649252337472
read_file 1568141859.551366 1568141859.554771 bigbrain_2307_0_2776.nii 140675640342336
increment_file 1568141859.5550635 1568141862.1197312 bigbrain_2307_0_2776.nii 140675640342336
write_file 1568141862.1747184 1568141867.187391 inc-bigbrain_2307_0_2776.nii 140675640342336
task_duration 1568141859.5486112 1568141867.1962552 1568141241-tmpfs_1it_96cpus_0delay_npc-1 140675640342336
read_file 1568141859.5513694 1568141859.5539477 bigbrain_1538_603_2082.nii 139691071149888
increment_file 1568141859.554302 1568141862.1205285 bigbrain_1538_603_2082.nii 139691071149888
write_file 1568141862.1872542 1568141867.2066865 inc-bigbrain_1538_603_2082.nii 139691071149888
task_duration 1568141859.547696 1568141867.2143059 1568141241-tmpfs_1it_96cpus_0delay_npc-1 139691071149888
read_file 1568141859.5344677 1568141859.5404687 bigbrain_3076_0_2082.nii 140563315640128
increment_file 1568141859.5413885 1568141865.505316 bigbrain_3076_0_2082.nii 140563315640128
write_file 1568141865.60451 1568141869.6498168 inc-bigbrain_3076_0_2082.nii 140563315640128
task_duration 1568141859.52941 1568141869.6705658 1568141241-tmpfs_1it_96cpus_0delay_npc-1 140563315640128
read_file 1568141859.528259 1568141859.5332077 bigbrain_3076_1809_694.nii 140430463870784
increment_file 1568141859.5338051 1568141865.436939 bigbrain_3076_1809_694.nii 140430463870784
write_file 1568141865.5055306 1568141869.7180734 inc-bigbrain_3076_1809_694.nii 140430463870784
task_duration 1568141859.5229113 1568141869.7371624 1568141241-tmpfs_1it_96cpus_0delay_npc-1 140430463870784
read_file 1568141859.5301726 1568141859.5332267 bigbrain_3076_603_0.nii 139688483616576
increment_file 1568141859.5335884 1568141862.111064 bigbrain_3076_603_0.nii 139688483616576
write_file 1568141862.1688926 1568141867.0873053 inc-bigbrain_3076_603_0.nii 139688483616576
task_duration 1568141859.5272067 1568141867.0979018 1568141241-tmpfs_1it_96cpus_0delay_npc-1 139688483616576
read_file 1568141859.526292 1568141859.532416 bigbrain_2307_2412_0.nii 140416305043264
increment_file 1568141859.5334651 1568141865.5743535 bigbrain_2307_2412_0.nii 140416305043264
write_file 1568141865.6192582 1568141869.6754136 inc-bigbrain_2307_2412_0.nii 140416305043264
task_duration 1568141859.5210693 1568141869.6929278 1568141241-tmpfs_1it_96cpus_0delay_npc-1 140416305043264
read_file 1568141859.523711 1568141859.5281208 bigbrain_3076_2412_1388.nii 140692017301312
increment_file 1568141859.5287685 1568141865.5189934 bigbrain_3076_2412_1388.nii 140692017301312
write_file 1568141865.6115403 1568141869.642865 inc-bigbrain_3076_2412_1388.nii 140692017301312
task_duration 1568141859.5199246 1568141869.6605299 1568141241-tmpfs_1it_96cpus_0delay_npc-1 140692017301312
read_file 1568141859.5218763 1568141859.5232594 bigbrain_769_1206_1388.nii 140381936133952
increment_file 1568141859.523422 1568141862.068161 bigbrain_769_1206_1388.nii 140381936133952
write_file 1568141862.1200614 1568141867.167024 inc-bigbrain_769_1206_1388.nii 140381936133952
task_duration 1568141859.5189722 1568141867.1765873 1568141241-tmpfs_1it_96cpus_0delay_npc-1 140381936133952
read_file 1568141859.5175712 1568141859.5219986 bigbrain_2307_0_1388.nii 140549248026432
increment_file 1568141859.5226784 1568141865.4996467 bigbrain_2307_0_1388.nii 140549248026432
write_file 1568141865.5786777 1568141868.1399684 inc-bigbrain_2307_0_1388.nii 140549248026432
task_duration 1568141859.5135262 1568141868.1592336 1568141241-tmpfs_1it_96cpus_0delay_npc-1 140549248026432
read_file 1568141859.5176048 1568141859.5213408 bigbrain_1538_603_694.nii 140618074392384
increment_file 1568141859.5220544 1568141865.43427 bigbrain_1538_603_694.nii 140618074392384
write_file 1568141865.5176852 1568141869.5940275 inc-bigbrain_1538_603_694.nii 140618074392384
task_duration 1568141859.5132053 1568141869.6093974 1568141241-tmpfs_1it_96cpus_0delay_npc-1 140618074392384
read_file 1568141859.5188572 1568141859.5208163 bigbrain_1538_603_0.nii 139649681368896
increment_file 1568141859.5210493 1568141862.0948029 bigbrain_1538_603_0.nii 139649681368896
write_file 1568141862.1573274 1568141867.0836883 inc-bigbrain_1538_603_0.nii 139649681368896
task_duration 1568141859.5164666 1568141867.0947385 1568141241-tmpfs_1it_96cpus_0delay_npc-1 139649681368896
read_file 1568141859.5162838 1568141859.5198114 bigbrain_2307_1206_0.nii 139715797223232
increment_file 1568141859.5202255 1568141862.0870442 bigbrain_2307_1206_0.nii 139715797223232
write_file 1568141862.1505868 1568141867.152011 inc-bigbrain_2307_1206_0.nii 139715797223232
task_duration 1568141859.5128906 1568141867.1622643 1568141241-tmpfs_1it_96cpus_0delay_npc-1 139715797223232
read_file 1568141859.5163448 1568141859.519368 bigbrain_3076_603_2082.nii 140422733399872
increment_file 1568141859.5196815 1568141865.5044966 bigbrain_3076_603_2082.nii 140422733399872
write_file 1568141865.594613 1568141869.6844735 inc-bigbrain_3076_603_2082.nii 140422733399872
task_duration 1568141859.5138853 1568141869.700821 1568141241-tmpfs_1it_96cpus_0delay_npc-1 140422733399872
read_file 1568141859.5160027 1568141859.5188665 bigbrain_2307_1809_2082.nii 140416225085248
increment_file 1568141859.5192652 1568141862.2101467 bigbrain_2307_1809_2082.nii 140416225085248
write_file 1568141862.3200638 1568141867.226221 inc-bigbrain_2307_1809_2082.nii 140416225085248
task_duration 1568141859.5135524 1568141867.2345476 1568141241-tmpfs_1it_96cpus_0delay_npc-1 140416225085248
read_file 1568141859.5157654 1568141859.5185988 bigbrain_769_1206_0.nii 139701538547520
increment_file 1568141859.5191224 1568141865.4774623 bigbrain_769_1206_0.nii 139701538547520
write_file 1568141865.544448 1568141869.5295641 inc-bigbrain_769_1206_0.nii 139701538547520
task_duration 1568141859.5128608 1568141869.5506475 1568141241-tmpfs_1it_96cpus_0delay_npc-1 139701538547520
read_file 1568141859.5158195 1568141859.5184937 bigbrain_1538_2412_2776.nii 140636892473152
increment_file 1568141859.5188086 1568141865.481281 bigbrain_1538_2412_2776.nii 140636892473152
write_file 1568141865.5820513 1568141868.171997 inc-bigbrain_1538_2412_2776.nii 140636892473152
task_duration 1568141859.5134206 1568141868.1903093 1568141241-tmpfs_1it_96cpus_0delay_npc-1 140636892473152
read_file 1568141859.5160377 1568141859.5182848 bigbrain_2307_2412_2776.nii 139999235118912
increment_file 1568141859.5186687 1568141865.378385 bigbrain_2307_2412_2776.nii 139999235118912
write_file 1568141865.4450305 1568141869.5677433 inc-bigbrain_2307_2412_2776.nii 139999235118912
task_duration 1568141859.5133486 1568141869.5941908 1568141241-tmpfs_1it_96cpus_0delay_npc-1 139999235118912
read_file 1568141859.5147452 1568141859.5166001 bigbrain_3076_0_694.nii 139992871987008
increment_file 1568141859.5167892 1568141862.0715158 bigbrain_3076_0_694.nii 139992871987008
write_file 1568141862.123546 1568141867.0483136 inc-bigbrain_3076_0_694.nii 139992871987008
task_duration 1568141859.5129879 1568141867.05991 1568141241-tmpfs_1it_96cpus_0delay_npc-1 139992871987008
read_file 1568141859.5142713 1568141859.5165641 bigbrain_769_1809_0.nii 140583758890816
increment_file 1568141859.5168507 1568141865.4459467 bigbrain_769_1809_0.nii 140583758890816
write_file 1568141865.5420532 1568141869.6871033 inc-bigbrain_769_1809_0.nii 140583758890816
task_duration 1568141859.5121934 1568141869.7044227 1568141241-tmpfs_1it_96cpus_0delay_npc-1 140583758890816
read_file 1568141859.5146902 1568141859.51626 bigbrain_3076_2412_2776.nii 139991621908288
increment_file 1568141859.5164983 1568141862.0297031 bigbrain_3076_2412_2776.nii 139991621908288
write_file 1568141862.084917 1568141867.1351879 inc-bigbrain_3076_2412_2776.nii 139991621908288
task_duration 1568141859.5128047 1568141867.145767 1568141241-tmpfs_1it_96cpus_0delay_npc-1 139991621908288
read_file 1568141859.5109484 1568141859.5130968 bigbrain_1538_1809_2776.nii 139761358763840
increment_file 1568141859.5134015 1568141862.093693 bigbrain_1538_1809_2776.nii 139761358763840
write_file 1568141862.159589 1568141867.1984336 inc-bigbrain_1538_1809_2776.nii 139761358763840
task_duration 1568141859.5072038 1568141867.2082145 1568141241-tmpfs_1it_96cpus_0delay_npc-1 139761358763840
read_file 1568141859.5102308 1568141859.5128527 bigbrain_2307_603_2082.nii 140011912144704
increment_file 1568141859.5130997 1568141862.0975661 bigbrain_2307_603_2082.nii 140011912144704
write_file 1568141862.146029 1568141867.1941726 inc-bigbrain_2307_603_2082.nii 140011912144704
task_duration 1568141859.5078573 1568141867.2033207 1568141241-tmpfs_1it_96cpus_0delay_npc-1 140011912144704
read_file 1568141859.510171 1568141859.5122037 bigbrain_2307_603_2776.nii 139626609514304
increment_file 1568141859.5124953 1568141865.4859788 bigbrain_2307_603_2776.nii 139626609514304
write_file 1568141865.6047184 1568141869.7272868 inc-bigbrain_2307_603_2776.nii 139626609514304
task_duration 1568141859.5066407 1568141869.7437387 1568141241-tmpfs_1it_96cpus_0delay_npc-1 139626609514304
read_file 1568141859.5023463 1568141859.505425 bigbrain_1538_603_2776.nii 140407855146816
increment_file 1568141859.505794 1568141862.0775204 bigbrain_1538_603_2776.nii 140407855146816
write_file 1568141862.1551218 1568141867.172576 inc-bigbrain_1538_603_2776.nii 140407855146816
task_duration 1568141859.4995444 1568141867.1815848 1568141241-tmpfs_1it_96cpus_0delay_npc-1 140407855146816
read_file 1568141859.5027132 1568141859.5051901 bigbrain_3076_603_2776.nii 140200370898752
increment_file 1568141859.5054638 1568141865.3566048 bigbrain_3076_603_2776.nii 140200370898752
write_file 1568141865.4213953 1568141869.7073083 inc-bigbrain_3076_603_2776.nii 140200370898752
task_duration 1568141859.5002515 1568141869.719819 1568141241-tmpfs_1it_96cpus_0delay_npc-1 140200370898752
read_file 1568141859.5016797 1568141859.503829 bigbrain_769_603_1388.nii 140552664946496
increment_file 1568141859.5041199 1568141865.4370952 bigbrain_769_603_1388.nii 140552664946496
write_file 1568141865.546273 1568141869.727116 inc-bigbrain_769_603_1388.nii 140552664946496
task_duration 1568141859.4987473 1568141869.7442012 1568141241-tmpfs_1it_96cpus_0delay_npc-1 140552664946496
read_file 1568141859.5007005 1568141859.50254 bigbrain_1538_1809_694.nii 140500036556608
increment_file 1568141859.5028055 1568141865.442334 bigbrain_1538_1809_694.nii 140500036556608
write_file 1568141865.530521 1568141869.7530222 inc-bigbrain_1538_1809_694.nii 140500036556608
task_duration 1568141859.4970758 1568141869.763859 1568141241-tmpfs_1it_96cpus_0delay_npc-1 140500036556608
read_file 1568141859.5002174 1568141859.502317 bigbrain_3076_1809_2776.nii 140134145730368
increment_file 1568141859.5025952 1568141865.3630245 bigbrain_3076_1809_2776.nii 140134145730368
write_file 1568141865.4316425 1568141869.685398 inc-bigbrain_3076_1809_2776.nii 140134145730368
task_duration 1568141859.4965968 1568141869.7030456 1568141241-tmpfs_1it_96cpus_0delay_npc-1 140134145730368
read_file 1568141859.4994738 1568141859.5020862 bigbrain_3076_1809_0.nii 140683781330752
increment_file 1568141859.502366 1568141861.9595532 bigbrain_3076_1809_0.nii 140683781330752
write_file 1568141862.028915 1568141867.0884151 inc-bigbrain_3076_1809_0.nii 140683781330752
task_duration 1568141859.4962218 1568141867.100724 1568141241-tmpfs_1it_96cpus_0delay_npc-1 140683781330752
read_file 1568141859.4981964 1568141859.5005634 bigbrain_3076_1206_1388.nii 140638153971520
increment_file 1568141859.50092 1568141862.0076685 bigbrain_3076_1206_1388.nii 140638153971520
write_file 1568141862.072192 1568141867.1452544 inc-bigbrain_3076_1206_1388.nii 140638153971520
task_duration 1568141859.4951177 1568141867.1568477 1568141241-tmpfs_1it_96cpus_0delay_npc-1 140638153971520
read_file 1568141859.4976463 1568141859.5001707 bigbrain_2307_1206_694.nii 140354644309824
increment_file 1568141859.5004342 1568141865.530891 bigbrain_2307_1206_694.nii 140354644309824
write_file 1568141865.6019258 1568141869.7513332 inc-bigbrain_2307_1206_694.nii 140354644309824
task_duration 1568141859.494691 1568141869.7619612 1568141241-tmpfs_1it_96cpus_0delay_npc-1 140354644309824
read_file 1568141859.497442 1568141859.4998567 bigbrain_2307_2412_2082.nii 140041169848128
increment_file 1568141859.500162 1568141865.2084482 bigbrain_2307_2412_2082.nii 140041169848128
write_file 1568141865.3195584 1568141869.5001757 inc-bigbrain_2307_2412_2082.nii 140041169848128
task_duration 1568141859.4945362 1568141869.5219433 1568141241-tmpfs_1it_96cpus_0delay_npc-1 140041169848128
read_file 1568141859.4971924 1568141859.4996214 bigbrain_1538_1809_1388.nii 139743072978752
increment_file 1568141859.4999375 1568141862.0721624 bigbrain_1538_1809_1388.nii 139743072978752
write_file 1568141862.1344042 1568141867.1936443 inc-bigbrain_1538_1809_1388.nii 139743072978752
task_duration 1568141859.494649 1568141867.2036524 1568141241-tmpfs_1it_96cpus_0delay_npc-1 139743072978752
read_file 1568141859.49305 1568141859.494589 bigbrain_769_2412_694.nii 140458135992128
increment_file 1568141859.4947686 1568141865.3775496 bigbrain_769_2412_694.nii 140458135992128
write_file 1568141865.47197 1568141869.7076416 inc-bigbrain_769_2412_694.nii 140458135992128
task_duration 1568141859.4912713 1568141869.7203255 1568141241-tmpfs_1it_96cpus_0delay_npc-1 140458135992128
read_file 1568141859.4919827 1568141859.4935424 bigbrain_2307_1809_1388.nii 140717613463360
increment_file 1568141859.4937336 1568141865.4048579 bigbrain_2307_1809_1388.nii 140717613463360
write_file 1568141865.5115952 1568141868.195754 inc-bigbrain_2307_1809_1388.nii 140717613463360
task_duration 1568141859.4894295 1568141868.2217517 1568141241-tmpfs_1it_96cpus_0delay_npc-1 140717613463360
read_file 1568141859.4916496 1568141859.4934309 bigbrain_769_0_0.nii 139639024613184
increment_file 1568141859.4936256 1568141861.9779465 bigbrain_769_0_0.nii 139639024613184
write_file 1568141862.0442123 1568141867.0165176 inc-bigbrain_769_0_0.nii 139639024613184
task_duration 1568141859.4882386 1568141867.0289168 1568141241-tmpfs_1it_96cpus_0delay_npc-1 139639024613184
read_file 1568141859.4885464 1568141859.4924257 bigbrain_769_1809_2776.nii 139835265599296
increment_file 1568141859.4926882 1568141865.417397 bigbrain_769_1809_2776.nii 139835265599296
write_file 1568141865.5180771 1568141869.6420107 inc-bigbrain_769_1809_2776.nii 139835265599296
task_duration 1568141859.485981 1568141869.6630871 1568141241-tmpfs_1it_96cpus_0delay_npc-1 139835265599296
read_file 1568141859.486147 1568141859.4882379 bigbrain_1538_1206_2776.nii 140336865355584
increment_file 1568141859.4885 1568141861.9804213 bigbrain_1538_1206_2776.nii 140336865355584
write_file 1568141862.0499475 1568141867.1107135 inc-bigbrain_1538_1206_2776.nii 140336865355584
task_duration 1568141859.4836874 1568141867.1221602 1568141241-tmpfs_1it_96cpus_0delay_npc-1 140336865355584
read_file 1568141859.4844413 1568141859.4864192 bigbrain_2307_1809_694.nii 140607409149760
increment_file 1568141859.486725 1568141865.4658387 bigbrain_2307_1809_694.nii 140607409149760
write_file 1568141865.5911663 1568141869.7210333 inc-bigbrain_2307_1809_694.nii 140607409149760
task_duration 1568141859.481863 1568141869.7383022 1568141241-tmpfs_1it_96cpus_0delay_npc-1 140607409149760
read_file 1568141859.484361 1568141859.486087 bigbrain_2307_0_0.nii 140630600861504
increment_file 1568141859.486288 1568141865.430016 bigbrain_2307_0_0.nii 140630600861504
write_file 1568141865.5411005 1568141869.6861413 inc-bigbrain_2307_0_0.nii 140630600861504
task_duration 1568141859.482254 1568141869.7049642 1568141241-tmpfs_1it_96cpus_0delay_npc-1 140630600861504
read_file 1568141859.484039 1568141859.48602 bigbrain_2307_2412_694.nii 140110405764928
increment_file 1568141859.4862304 1568141865.4000695 bigbrain_2307_2412_694.nii 140110405764928
write_file 1568141865.45112 1568141869.6078327 inc-bigbrain_2307_2412_694.nii 140110405764928
task_duration 1568141859.4815714 1568141869.6255252 1568141241-tmpfs_1it_96cpus_0delay_npc-1 140110405764928
read_file 1568141859.4821448 1568141859.4834993 bigbrain_1538_1809_2082.nii 140603049027392
increment_file 1568141859.483697 1568141865.079797 bigbrain_1538_1809_2082.nii 140603049027392
write_file 1568141865.1774633 1568141868.5209556 inc-bigbrain_1538_1809_2082.nii 140603049027392
task_duration 1568141859.4794428 1568141868.540168 1568141241-tmpfs_1it_96cpus_0delay_npc-1 140603049027392
read_file 1568141859.4777064 1568141859.4797719 bigbrain_1538_1206_694.nii 140002708166464
increment_file 1568141859.4799833 1568141865.444833 bigbrain_1538_1206_694.nii 140002708166464
write_file 1568141865.5741236 1568141869.57006 inc-bigbrain_1538_1206_694.nii 140002708166464
task_duration 1568141859.4753463 1568141869.5907266 1568141241-tmpfs_1it_96cpus_0delay_npc-1 140002708166464
read_file 1568141859.4759243 1568141859.4779358 bigbrain_769_0_1388.nii 140117478946624
increment_file 1568141859.4781744 1568141861.914801 bigbrain_769_0_1388.nii 140117478946624
write_file 1568141861.98091 1568141866.9314325 inc-bigbrain_769_0_1388.nii 140117478946624
task_duration 1568141859.4735355 1568141866.9449334 1568141241-tmpfs_1it_96cpus_0delay_npc-1 140117478946624
read_file 1568141859.4755683 1568141859.47747 bigbrain_2307_603_1388.nii 139716107249472
increment_file 1568141859.4777055 1568141865.1213517 bigbrain_2307_603_1388.nii 139716107249472
write_file 1568141865.2149765 1568141868.7995524 inc-bigbrain_2307_603_1388.nii 139716107249472
task_duration 1568141859.473171 1568141868.8260195 1568141241-tmpfs_1it_96cpus_0delay_npc-1 139716107249472
read_file 1568141859.472831 1568141859.4748418 bigbrain_1538_0_694.nii 140199835490112
increment_file 1568141859.4750721 1568141865.413313 bigbrain_1538_0_694.nii 140199835490112
write_file 1568141865.469858 1568141869.4790208 inc-bigbrain_1538_0_694.nii 140199835490112
task_duration 1568141859.47087 1568141869.4995441 1568141241-tmpfs_1it_96cpus_0delay_npc-1 140199835490112
read_file 1568141859.4730406 1568141859.4745438 bigbrain_3076_1206_2082.nii 139926031750976
increment_file 1568141859.4747446 1568141865.0745423 bigbrain_3076_1206_2082.nii 139926031750976
write_file 1568141865.194025 1568141869.5503752 inc-bigbrain_3076_1206_2082.nii 139926031750976
task_duration 1568141859.4712048 1568141869.5658207 1568141241-tmpfs_1it_96cpus_0delay_npc-1 139926031750976
read_file 1568141859.4644046 1568141859.4662037 bigbrain_1538_1809_0.nii 140095428409152
increment_file 1568141859.4664264 1568141861.8661919 bigbrain_1538_1809_0.nii 140095428409152
write_file 1568141861.9402983 1568141867.0110803 inc-bigbrain_1538_1809_0.nii 140095428409152
task_duration 1568141859.4622583 1568141867.0238612 1568141241-tmpfs_1it_96cpus_0delay_npc-1 140095428409152
read_file 1568141859.4624908 1568141859.4639418 bigbrain_1538_2412_0.nii 140639130699584
increment_file 1568141859.4641232 1568141864.7502513 bigbrain_1538_2412_0.nii 140639130699584
write_file 1568141864.8675315 1568141869.092255 inc-bigbrain_1538_2412_0.nii 140639130699584
task_duration 1568141859.4606018 1568141869.1078188 1568141241-tmpfs_1it_96cpus_0delay_npc-1 140639130699584
read_file 1568141859.4616654 1568141859.46305 bigbrain_1538_1206_0.nii 140522828601152
increment_file 1568141859.4632242 1568141861.8356628 bigbrain_1538_1206_0.nii 140522828601152
write_file 1568141861.9019642 1568141866.960504 inc-bigbrain_1538_1206_0.nii 140522828601152
task_duration 1568141859.4592655 1568141866.973967 1568141241-tmpfs_1it_96cpus_0delay_npc-1 140522828601152
read_file 1568141859.4613612 1568141859.462482 bigbrain_3076_2412_694.nii 139783335298880
increment_file 1568141859.462622 1568141865.278313 bigbrain_3076_2412_694.nii 139783335298880
write_file 1568141865.3648946 1568141869.503164 inc-bigbrain_3076_2412_694.nii 139783335298880
task_duration 1568141859.4587677 1568141869.5207143 1568141241-tmpfs_1it_96cpus_0delay_npc-1 139783335298880
read_file 1568141859.459272 1568141859.4612606 bigbrain_2307_0_2082.nii 140633023334208
increment_file 1568141859.4614236 1568141861.7421005 bigbrain_2307_0_2082.nii 140633023334208
write_file 1568141861.800082 1568141866.8698115 inc-bigbrain_2307_0_2082.nii 140633023334208
task_duration 1568141859.4560113 1568141866.8891976 1568141241-tmpfs_1it_96cpus_0delay_npc-1 140633023334208
read_file 1568141859.4561822 1568141859.4582088 bigbrain_2307_1206_2082.nii 140404315260736
increment_file 1568141859.4584334 1568141865.0644531 bigbrain_2307_1206_2082.nii 140404315260736
write_file 1568141865.1784375 1568141869.4552896 inc-bigbrain_2307_1206_2082.nii 140404315260736
task_duration 1568141859.4533665 1568141869.4717999 1568141241-tmpfs_1it_96cpus_0delay_npc-1 140404315260736
read_file 1568141859.4534829 1568141859.4549618 bigbrain_1538_2412_694.nii 139883605862208
increment_file 1568141859.4551656 1568141861.8769789 bigbrain_1538_2412_694.nii 139883605862208
write_file 1568141861.9403837 1568141867.007649 inc-bigbrain_1538_2412_694.nii 139883605862208
task_duration 1568141859.4516416 1568141867.020351 1568141241-tmpfs_1it_96cpus_0delay_npc-1 139883605862208
read_file 1568141859.4527023 1568141859.4542205 bigbrain_1538_1206_2082.nii 140497120896832
increment_file 1568141859.4544 1568141864.9283082 bigbrain_1538_1206_2082.nii 140497120896832
write_file 1568141865.0488718 1568141869.5709279 inc-bigbrain_1538_1206_2082.nii 140497120896832
task_duration 1568141859.450807 1568141869.5956447 1568141241-tmpfs_1it_96cpus_0delay_npc-1 140497120896832
read_file 1568141859.451694 1568141859.4528184 bigbrain_1538_1206_1388.nii 140199373604672
increment_file 1568141859.452968 1568141861.8234978 bigbrain_1538_1206_1388.nii 140199373604672
write_file 1568141861.9872549 1568141867.0851862 inc-bigbrain_1538_1206_1388.nii 140199373604672
task_duration 1568141859.449353 1568141867.0977087 1568141241-tmpfs_1it_96cpus_0delay_npc-1 140199373604672
read_file 1568141859.451046 1568141859.452229 bigbrain_2307_1206_1388.nii 140411831330624
increment_file 1568141859.4523778 1568141861.8138707 bigbrain_2307_1206_1388.nii 140411831330624
write_file 1568141861.8749847 1568141866.9297335 inc-bigbrain_2307_1206_1388.nii 140411831330624
task_duration 1568141859.4478729 1568141866.9435132 1568141241-tmpfs_1it_96cpus_0delay_npc-1 140411831330624
read_file 1568141859.4496682 1568141859.4521623 bigbrain_1538_2412_2082.nii 140275717142336
increment_file 1568141859.4523432 1568141861.885085 bigbrain_1538_2412_2082.nii 140275717142336
write_file 1568141861.9436731 1568141867.0667613 inc-bigbrain_1538_2412_2082.nii 140275717142336
task_duration 1568141859.4475803 1568141867.079049 1568141241-tmpfs_1it_96cpus_0delay_npc-1 140275717142336
read_file 1568141859.4507828 1568141859.4520693 bigbrain_1538_0_2776.nii 140280409270080
increment_file 1568141859.4522357 1568141864.831807 bigbrain_1538_0_2776.nii 140280409270080
write_file 1568141864.9472196 1568141869.213595 inc-bigbrain_1538_0_2776.nii 140280409270080
task_duration 1568141859.4483616 1568141869.232516 1568141241-tmpfs_1it_96cpus_0delay_npc-1 140280409270080
read_file 1568141859.4004526 1568141859.4018767 bigbrain_2307_1809_0.nii 140395449792320
increment_file 1568141859.402054 1568141861.5963173 bigbrain_2307_1809_0.nii 140395449792320
write_file 1568141861.6679034 1568141866.6071002 inc-bigbrain_2307_1809_0.nii 140395449792320
task_duration 1568141859.3971345 1568141866.6262221 1568141241-tmpfs_1it_96cpus_0delay_npc-1 140395449792320
read_file 1568141859.3999445 1568141859.4016843 bigbrain_1538_2412_1388.nii 140003596891968
increment_file 1568141859.4018593 1568141861.6930993 bigbrain_1538_2412_1388.nii 140003596891968
write_file 1568141861.7923331 1568141866.9033864 inc-bigbrain_1538_2412_1388.nii 140003596891968
task_duration 1568141859.3953986 1568141866.9164672 1568141241-tmpfs_1it_96cpus_0delay_npc-1 140003596891968
read_file 1568141859.3998437 1568141859.4015174 bigbrain_1538_603_1388.nii 140107232835392
increment_file 1568141859.4016724 1568141863.573146 bigbrain_1538_603_1388.nii 140107232835392
write_file 1568141863.6800983 1568141869.5958729 inc-bigbrain_1538_603_1388.nii 140107232835392
task_duration 1568141859.395569 1568141869.6156335 1568141241-tmpfs_1it_96cpus_0delay_npc-1 140107232835392
read_file 1568141859.399862 1568141859.401461 bigbrain_3076_2412_0.nii 140101391247168
increment_file 1568141859.4016387 1568141861.480145 bigbrain_3076_2412_0.nii 140101391247168
write_file 1568141861.5446773 1568141866.5638278 inc-bigbrain_3076_2412_0.nii 140101391247168
task_duration 1568141859.3955922 1568141866.5839396 1568141241-tmpfs_1it_96cpus_0delay_npc-1 140101391247168
read_file 1568141859.3998594 1568141859.401462 bigbrain_3076_1206_694.nii 139686828513088
increment_file 1568141859.401635 1568141861.4556437 bigbrain_3076_1206_694.nii 139686828513088
write_file 1568141861.5217009 1568141866.4177437 inc-bigbrain_3076_1206_694.nii 139686828513088
task_duration 1568141859.3955874 1568141866.4366634 1568141241-tmpfs_1it_96cpus_0delay_npc-1 139686828513088
