read_file 1568141906.4436626 1568141907.532187 bigbrain_2307_1206_694.nii 140527456855872
increment_file 1568142063.546314 1568142110.2249112 bigbrain_2307_1206_694.nii 140527456855872
write_file 1568142431.615752 1568142953.27404 inc-bigbrain_2307_1206_694.nii 140527456855872
task_duration 1568141906.392584 1568142953.4557917 1568141879-isilon_1it_96cpus_0delay_npc-1 140527456855872
read_file 1568141906.3757982 1568141907.4401193 bigbrain_1538_0_2776.nii 140026763564864
increment_file 1568142019.0618675 1568142066.5938797 bigbrain_1538_0_2776.nii 140026763564864
write_file 1568142430.416706 1568142953.3073325 inc-bigbrain_1538_0_2776.nii 140026763564864
task_duration 1568141906.3729222 1568142953.4424012 1568141879-isilon_1it_96cpus_0delay_npc-1 140026763564864
read_file 1568141907.8345106 1568141924.1952126 bigbrain_3076_603_694.nii 140147127465792
increment_file 1568142304.03282 1568142345.9128084 bigbrain_3076_603_694.nii 140147127465792
write_file 1568142434.4376023 1568142953.3026042 inc-bigbrain_3076_603_694.nii 140147127465792
task_duration 1568141907.713253 1568142953.460174 1568141879-isilon_1it_96cpus_0delay_npc-1 140147127465792
read_file 1568141907.0353925 1568141907.7067704 bigbrain_2307_2412_694.nii 139724869900096
increment_file 1568142183.2608228 1568142230.3108597 bigbrain_2307_2412_694.nii 139724869900096
write_file 1568142434.3703067 1568142953.2550504 inc-bigbrain_2307_2412_694.nii 139724869900096
task_duration 1568141907.0236204 1568142953.411632 1568141879-isilon_1it_96cpus_0delay_npc-1 139724869900096
read_file 1568141907.4320786 1568141915.8457942 bigbrain_769_0_2082.nii 139920960075584
increment_file 1568142252.8283997 1568142292.639172 bigbrain_769_0_2082.nii 139920960075584
write_file 1568142434.4263482 1568142953.3142738 inc-bigbrain_769_0_2082.nii 139920960075584
task_duration 1568141907.3823264 1568142953.4610431 1568141879-isilon_1it_96cpus_0delay_npc-1 139920960075584
read_file 1568141906.4615018 1568141907.5328782 bigbrain_3076_1809_694.nii 140072869099328
increment_file 1568142070.3352249 1568142117.8162572 bigbrain_3076_1809_694.nii 140072869099328
write_file 1568142431.7515893 1568142953.248387 inc-bigbrain_3076_1809_694.nii 140072869099328
task_duration 1568141906.3915908 1568142953.404469 1568141879-isilon_1it_96cpus_0delay_npc-1 140072869099328
read_file 1568141908.6276321 1568141925.3986568 bigbrain_769_2412_2776.nii 139866533697344
increment_file 1568142312.5929778 1568142352.2344346 bigbrain_769_2412_2776.nii 139866533697344
write_file 1568142434.4342785 1568142953.314298 inc-bigbrain_769_2412_2776.nii 139866533697344
task_duration 1568141908.440948 1568142953.44774 1568141879-isilon_1it_96cpus_0delay_npc-1 139866533697344
read_file 1568141926.3486912 1568141942.2368345 bigbrain_769_0_0.nii 139758478587712
increment_file 1568142366.688267 1568142408.3482578 bigbrain_769_0_0.nii 139758478587712
write_file 1568142434.4551327 1568142953.3081827 inc-bigbrain_769_0_0.nii 139758478587712
task_duration 1568141926.1792326 1568142953.4591024 1568141879-isilon_1it_96cpus_0delay_npc-1 139758478587712
read_file 1568141906.4628491 1568141907.5348349 bigbrain_1538_2412_1388.nii 139934821599040
increment_file 1568142085.0881705 1568142132.0344133 bigbrain_1538_2412_1388.nii 139934821599040
write_file 1568142432.2204545 1568142953.2475743 inc-bigbrain_1538_2412_1388.nii 139934821599040
task_duration 1568141906.3926404 1568142953.3987617 1568141879-isilon_1it_96cpus_0delay_npc-1 139934821599040
read_file 1568141906.3878222 1568141907.5078492 bigbrain_1538_1206_2082.nii 139993403320128
increment_file 1568142041.4158719 1568142088.4034286 bigbrain_1538_1206_2082.nii 139993403320128
write_file 1568142431.2999547 1568142953.255591 inc-bigbrain_1538_1206_2082.nii 139993403320128
task_duration 1568141906.3841708 1568142953.4138193 1568141879-isilon_1it_96cpus_0delay_npc-1 139993403320128
read_file 1568141907.0909002 1568141908.7179563 bigbrain_2307_2412_1388.nii 140607908779840
increment_file 1568142190.1946032 1568142237.9416893 bigbrain_2307_2412_1388.nii 140607908779840
write_file 1568142434.370937 1568142953.2776067 inc-bigbrain_2307_2412_1388.nii 140607908779840
task_duration 1568141907.0469875 1568142953.458047 1568141879-isilon_1it_96cpus_0delay_npc-1 140607908779840
read_file 1568142953.683685 1568142953.7103484 bigbrain_769_603_694.nii 140122823604032
increment_file 1568142953.71839 1568142959.1984046 bigbrain_769_603_694.nii 140122823604032
write_file 1568142959.2301714 1568142965.430504 inc-bigbrain_769_603_694.nii 140122823604032
task_duration 1568142953.6790433 1568142965.437338 1568141879-isilon_1it_96cpus_0delay_npc-1 140122823604032
read_file 1568141907.3659525 1568141913.165222 bigbrain_2307_603_2082.nii 140526941267776
increment_file 1568142227.2460947 1568142270.01516 bigbrain_2307_603_2082.nii 140526941267776
write_file 1568142434.41133 1568142953.274732 inc-bigbrain_2307_603_2082.nii 140526941267776
task_duration 1568141907.3523357 1568142953.4554727 1568141879-isilon_1it_96cpus_0delay_npc-1 140526941267776
read_file 1568141906.2788024 1568141907.343366 bigbrain_2307_603_2776.nii 140238787213120
increment_file 1568141991.159881 1568142039.5460851 bigbrain_2307_603_2776.nii 140238787213120
write_file 1568142429.724943 1568142953.2414231 inc-bigbrain_2307_603_2776.nii 140238787213120
task_duration 1568141906.1917567 1568142953.3939877 1568141879-isilon_1it_96cpus_0delay_npc-1 140238787213120
read_file 1568141906.3763278 1568141907.4510155 bigbrain_2307_1206_2082.nii 140350138713920
increment_file 1568142026.6613376 1568142074.1851618 bigbrain_2307_1206_2082.nii 140350138713920
write_file 1568142430.5860534 1568142953.2441795 inc-bigbrain_2307_1206_2082.nii 140350138713920
task_duration 1568141906.373553 1568142953.3970885 1568141879-isilon_1it_96cpus_0delay_npc-1 140350138713920
read_file 1568141906.3726447 1568141907.3888783 bigbrain_2307_2412_2776.nii 140272213899072
increment_file 1568142015.2136993 1568142063.2806637 bigbrain_2307_2412_2776.nii 140272213899072
write_file 1568142430.277105 1568142953.2452416 inc-bigbrain_2307_2412_2776.nii 140272213899072
task_duration 1568141906.369303 1568142953.3973122 1568141879-isilon_1it_96cpus_0delay_npc-1 140272213899072
read_file 1568141906.1850023 1568141907.3082454 bigbrain_2307_603_694.nii 140186824517440
increment_file 1568141955.1660864 1568141996.9858136 bigbrain_2307_603_694.nii 140186824517440
write_file 1568142428.226697 1568142952.9297922 inc-bigbrain_2307_603_694.nii 140186824517440
task_duration 1568141906.182868 1568142953.3740916 1568141879-isilon_1it_96cpus_0delay_npc-1 140186824517440
read_file 1568141906.1337185 1568141907.0073738 bigbrain_3076_1809_2776.nii 140120508954432
increment_file 1568141917.4846506 1568141931.9994025 bigbrain_3076_1809_2776.nii 140120508954432
write_file 1568142348.4527311 1568142813.9098125 inc-bigbrain_3076_1809_2776.nii 140120508954432
task_duration 1568141906.1283069 1568142949.8015647 1568141879-isilon_1it_96cpus_0delay_npc-1 140120508954432
read_file 1568141906.183547 1568141907.2692142 bigbrain_1538_1206_0.nii 140553713387328
increment_file 1568141947.4230452 1568141978.4816387 bigbrain_1538_1206_0.nii 140553713387328
write_file 1568142428.6489255 1568142887.7359962 inc-bigbrain_1538_1206_0.nii 140553713387328
task_duration 1568141906.1808546 1568142953.2476714 1568141879-isilon_1it_96cpus_0delay_npc-1 140553713387328
read_file 1568141906.4624367 1568141907.534325 bigbrain_1538_2412_2776.nii 140512353797952
increment_file 1568142081.1064882 1568142128.7213287 bigbrain_1538_2412_2776.nii 140512353797952
write_file 1568142432.0657284 1568142953.2760682 inc-bigbrain_1538_2412_2776.nii 140512353797952
task_duration 1568141906.3930345 1568142953.4570088 1568141879-isilon_1it_96cpus_0delay_npc-1 140512353797952
read_file 1568141906.134611 1568141907.0042858 bigbrain_1538_1809_2776.nii 139622918920000
increment_file 1568141907.540285 1568141914.6074135 bigbrain_1538_1809_2776.nii 139622918920000
write_file 1568142249.6487038 1568142434.3862066 inc-bigbrain_1538_1809_2776.nii 139622918920000
task_duration 1568141906.1284564 1568142435.0121596 1568141879-isilon_1it_96cpus_0delay_npc-1 139622918920000
read_file 1568141916.3079221 1568141930.405327 bigbrain_769_1206_0.nii 139800156329792
increment_file 1568142329.068196 1568142367.4640613 bigbrain_769_1206_0.nii 139800156329792
write_file 1568142434.44105 1568142953.2715032 inc-bigbrain_769_1206_0.nii 139800156329792
task_duration 1568141916.138197 1568142953.4176905 1568141879-isilon_1it_96cpus_0delay_npc-1 139800156329792
read_file 1568141907.366507 1568141913.5660148 bigbrain_1538_2412_0.nii 139799653820224
increment_file 1568142234.0776663 1568142277.0756495 bigbrain_1538_2412_0.nii 139799653820224
write_file 1568142434.4119 1568142953.3101678 inc-bigbrain_1538_2412_0.nii 139799653820224
task_duration 1568141907.3556352 1568142953.443119 1568141879-isilon_1it_96cpus_0delay_npc-1 139799653820224
read_file 1568141906.279223 1568141907.3438246 bigbrain_2307_1206_0.nii 140459614648128
increment_file 1568141998.5887866 1568142046.869783 bigbrain_2307_1206_0.nii 140459614648128
write_file 1568142429.8621542 1568142953.246454 inc-bigbrain_2307_1206_0.nii 140459614648128
task_duration 1568141906.198055 1568142953.3982956 1568141879-isilon_1it_96cpus_0delay_npc-1 140459614648128
read_file 1568141907.6915865 1568141921.771134 bigbrain_3076_603_2082.nii 139784582166336
increment_file 1568142294.3751786 1568142336.5539658 bigbrain_3076_603_2082.nii 139784582166336
write_file 1568142434.4354086 1568142953.263825 inc-bigbrain_3076_603_2082.nii 139784582166336
task_duration 1568141907.6791122 1568142953.412222 1568141879-isilon_1it_96cpus_0delay_npc-1 139784582166336
read_file 1568141906.2605965 1568141907.3421779 bigbrain_1538_603_0.nii 139973365045056
increment_file 1568141980.351272 1568142028.3719516 bigbrain_1538_603_0.nii 139973365045056
write_file 1568142429.4518294 1568142953.2388973 inc-bigbrain_1538_603_0.nii 139973365045056
task_duration 1568141906.1902885 1568142953.3889208 1568141879-isilon_1it_96cpus_0delay_npc-1 139973365045056
read_file 1568141906.1874964 1568141907.3283188 bigbrain_3076_1206_2776.nii 139786366777152
increment_file 1568141961.955058 1568142007.6241574 bigbrain_3076_1206_2776.nii 139786366777152
write_file 1568142428.4342878 1568142953.223442 inc-bigbrain_3076_1206_2776.nii 139786366777152
task_duration 1568141906.1850133 1568142953.38305 1568141879-isilon_1it_96cpus_0delay_npc-1 139786366777152
read_file 1568141935.1521997 1568141948.0925257 bigbrain_769_1206_2776.nii 139667247081280
increment_file 1568142399.2989142 1568142427.6047468 bigbrain_769_1206_2776.nii 139667247081280
write_file 1568142434.6093872 1568142953.3155112 inc-bigbrain_769_1206_2776.nii 139667247081280
task_duration 1568141934.6974537 1568142953.4439387 1568141879-isilon_1it_96cpus_0delay_npc-1 139667247081280
read_file 1568141906.4633086 1568141907.5366795 bigbrain_3076_603_0.nii 140284398909248
increment_file 1568142092.1551132 1568142139.634146 bigbrain_3076_603_0.nii 140284398909248
write_file 1568142432.3782825 1568142953.2512038 inc-bigbrain_3076_603_0.nii 140284398909248
task_duration 1568141906.392749 1568142953.4040365 1568141879-isilon_1it_96cpus_0delay_npc-1 140284398909248
read_file 1568141907.6020846 1568141920.416043 bigbrain_769_1206_694.nii 140206456215360
increment_file 1568142284.9322982 1568142327.4542625 bigbrain_769_1206_694.nii 140206456215360
write_file 1568142434.4308784 1568142953.2780187 inc-bigbrain_769_1206_694.nii 140206456215360
task_duration 1568141907.5651824 1568142953.456738 1568141879-isilon_1it_96cpus_0delay_npc-1 140206456215360
read_file 1568141930.5374196 1568141945.820404 bigbrain_769_2412_2082.nii 140392227678016
increment_file 1568142388.13531 1568142420.342571 bigbrain_769_2412_2082.nii 140392227678016
write_file 1568142434.4513328 1568142953.3133795 inc-bigbrain_769_2412_2082.nii 140392227678016
task_duration 1568141929.5752602 1568142953.4606059 1568141879-isilon_1it_96cpus_0delay_npc-1 140392227678016
read_file 1568141906.4258285 1568141907.531476 bigbrain_3076_0_694.nii 140647468107584
increment_file 1568142059.518466 1568142107.1785936 bigbrain_3076_0_694.nii 140647468107584
write_file 1568142431.471947 1568142953.268732 inc-bigbrain_3076_0_694.nii 140647468107584
task_duration 1568141906.3918765 1568142953.4485617 1568141879-isilon_1it_96cpus_0delay_npc-1 140647468107584
read_file 1568141907.5828989 1568141919.3575058 bigbrain_3076_0_2776.nii 140599712188224
increment_file 1568142270.0132892 1568142312.5952432 bigbrain_3076_0_2776.nii 140599712188224
write_file 1568142434.425936 1568142953.2577887 inc-bigbrain_3076_0_2776.nii 140599712188224
task_duration 1568141907.5502965 1568142953.4078667 1568141879-isilon_1it_96cpus_0delay_npc-1 140599712188224
read_file 1568141906.1366222 1568141907.0279822 bigbrain_3076_0_2082.nii 140275479058240
increment_file 1568141943.9447627 1568141969.5478597 bigbrain_3076_0_2082.nii 140275479058240
write_file 1568142428.0218353 1568142950.7793188 inc-bigbrain_3076_0_2082.nii 140275479058240
task_duration 1568141906.1328995 1568142953.3473253 1568141879-isilon_1it_96cpus_0delay_npc-1 140275479058240
read_file 1568141912.8071506 1568141927.9276853 bigbrain_769_2412_694.nii 139694360500032
increment_file 1568142325.866235 1568142361.474413 bigbrain_769_2412_694.nii 139694360500032
write_file 1568142434.4415953 1568142953.3065867 inc-bigbrain_769_2412_694.nii 139694360500032
task_duration 1568141912.3711839 1568142953.4316044 1568141879-isilon_1it_96cpus_0delay_npc-1 139694360500032
read_file 1568141923.5252843 1568141939.8128953 bigbrain_769_603_1388.nii 140707472750400
increment_file 1568142353.3741019 1568142391.1666205 bigbrain_769_603_1388.nii 140707472750400
write_file 1568142434.4442465 1568142953.2515886 inc-bigbrain_769_603_1388.nii 140707472750400
task_duration 1568141923.000707 1568142953.4033973 1568141879-isilon_1it_96cpus_0delay_npc-1 140707472750400
read_file 1568141907.1816227 1568141909.7871542 bigbrain_769_603_2776.nii 140050145408832
increment_file 1568142205.25691 1568142251.091468 bigbrain_769_603_2776.nii 140050145408832
write_file 1568142434.3989475 1568142953.2787008 inc-bigbrain_769_603_2776.nii 140050145408832
task_duration 1568141907.1294093 1568142953.4574578 1568141879-isilon_1it_96cpus_0delay_npc-1 140050145408832
read_file 1568141907.601594 1568141920.282472 bigbrain_769_0_694.nii 140654645245760
increment_file 1568142281.6190698 1568142324.3882923 bigbrain_769_0_694.nii 140654645245760
write_file 1568142434.427532 1568142953.3056297 inc-bigbrain_769_0_694.nii 140654645245760
task_duration 1568141907.565139 1568142953.459187 1568141879-isilon_1it_96cpus_0delay_npc-1 140654645245760
read_file 1568141906.2070253 1568141907.3411095 bigbrain_2307_1809_2082.nii 140125934077760
increment_file 1568141970.4817889 1568142019.0637517 bigbrain_2307_1809_2082.nii 140125934077760
write_file 1568142429.0329425 1568142953.2419026 inc-bigbrain_2307_1809_2082.nii 140125934077760
task_duration 1568141906.1889396 1568142953.3974423 1568141879-isilon_1it_96cpus_0delay_npc-1 140125934077760
read_file 1568141907.3669038 1568141913.5661385 bigbrain_769_1206_1388.nii 140678739883840
increment_file 1568142239.811567 1568142283.3299448 bigbrain_769_1206_1388.nii 140678739883840
write_file 1568142434.4107056 1568142953.2501256 inc-bigbrain_769_1206_1388.nii 140678739883840
task_duration 1568141907.3575149 1568142953.404077 1568141879-isilon_1it_96cpus_0delay_npc-1 140678739883840
read_file 1568141907.39637 1568141915.7120826 bigbrain_2307_603_0.nii 140318606894912
increment_file 1568142248.0445051 1568142289.5935767 bigbrain_2307_603_0.nii 140318606894912
write_file 1568142434.4227326 1568142953.2660208 inc-bigbrain_2307_603_0.nii 140318606894912
task_duration 1568141907.3763533 1568142953.4141228 1568141879-isilon_1it_96cpus_0delay_npc-1 140318606894912
read_file 1568141907.727617 1568141923.794331 bigbrain_3076_603_1388.nii 139690415597376
increment_file 1568142300.5339444 1568142342.311622 bigbrain_3076_603_1388.nii 139690415597376
write_file 1568142434.4360268 1568142953.2654092 inc-bigbrain_3076_603_1388.nii 139690415597376
task_duration 1568141907.7075193 1568142953.4133239 1568141879-isilon_1it_96cpus_0delay_npc-1 139690415597376
read_file 1568141906.2427099 1568141907.3417666 bigbrain_3076_1809_1388.nii 140261279872832
increment_file 1568141975.0324237 1568142026.6632578 bigbrain_3076_1809_1388.nii 140261279872832
write_file 1568142429.3347733 1568142953.2453146 inc-bigbrain_3076_1809_1388.nii 140261279872832
task_duration 1568141906.1897876 1568142953.400787 1568141879-isilon_1it_96cpus_0delay_npc-1 140261279872832
read_file 1568141907.6911652 1568141921.3519764 bigbrain_769_1206_2082.nii 140090339665728
increment_file 1568142291.195323 1568142333.7554066 bigbrain_769_1206_2082.nii 140090339665728
write_file 1568142434.4325645 1568142953.3126056 inc-bigbrain_769_1206_2082.nii 140090339665728
task_duration 1568141907.6743736 1568142953.4372673 1568141879-isilon_1it_96cpus_0delay_npc-1 140090339665728
read_file 1568141906.3623247 1568141907.368282 bigbrain_769_0_2776.nii 139870015694656
increment_file 1568142002.43735 1568142052.59005 bigbrain_769_0_2776.nii 139870015694656
write_file 1568142429.993191 1568142953.2630384 inc-bigbrain_769_0_2776.nii 139870015694656
task_duration 1568141906.3602862 1568142953.431353 1568141879-isilon_1it_96cpus_0delay_npc-1 139870015694656
read_file 1568141907.2054188 1568141910.456117 bigbrain_3076_0_0.nii 140610333660992
increment_file 1568142212.2847326 1568142257.6206481 bigbrain_3076_0_0.nii 140610333660992
write_file 1568142434.4001527 1568142953.2586088 inc-bigbrain_3076_0_0.nii 140610333660992
task_duration 1568141907.1914988 1568142953.4083335 1568141879-isilon_1it_96cpus_0delay_npc-1 140610333660992
read_file 1568141906.1343303 1568141907.014311 bigbrain_2307_1206_1388.nii 140605160929088
increment_file 1568141927.239911 1568141943.5446093 bigbrain_2307_1206_1388.nii 140605160929088
write_file 1568142375.3587496 1568142820.1296365 inc-bigbrain_2307_1206_1388.nii 140605160929088
task_duration 1568141906.1282735 1568142948.6950383 1568141879-isilon_1it_96cpus_0delay_npc-1 140605160929088
read_file 1568141906.184308 1568141907.279061 bigbrain_1538_1206_694.nii 139844180391744
increment_file 1568141949.729453 1568141984.4696293 bigbrain_1538_1206_694.nii 139844180391744
write_file 1568142428.1133626 1568142951.6036537 inc-bigbrain_1538_1206_694.nii 139844180391744
task_duration 1568141906.1818094 1568142953.3456957 1568141879-isilon_1it_96cpus_0delay_npc-1 139844180391744
read_file 1568141916.593308 1568141931.2072663 bigbrain_769_1809_2776.nii 140155319080768
increment_file 1568142338.0323071 1568142376.1344771 bigbrain_769_1809_2776.nii 140155319080768
write_file 1568142434.4491706 1568142953.3134964 inc-bigbrain_769_1809_2776.nii 140155319080768
task_duration 1568141916.4067857 1568142953.46087 1568141879-isilon_1it_96cpus_0delay_npc-1 140155319080768
read_file 1568141906.7102265 1568141907.6220412 bigbrain_1538_603_2776.nii 139759903647552
increment_file 1568142128.7199597 1568142175.6707702 bigbrain_1538_603_2776.nii 139759903647552
write_file 1568142433.4097512 1568142953.3188326 inc-bigbrain_1538_603_2776.nii 139759903647552
task_duration 1568141906.6780603 1568142953.4607158 1568141879-isilon_1it_96cpus_0delay_npc-1 139759903647552
read_file 1568141906.3990648 1568141907.5129316 bigbrain_1538_1809_2082.nii 139837673588544
increment_file 1568142052.588178 1568142099.5867183 bigbrain_1538_1809_2082.nii 139837673588544
write_file 1568142431.1637492 1568142953.252105 inc-bigbrain_1538_1809_2082.nii 139837673588544
task_duration 1568141906.3879075 1568142953.404445 1568141879-isilon_1it_96cpus_0delay_npc-1 139837673588544
read_file 1568141906.658284 1568141907.5844083 bigbrain_2307_1206_2776.nii 140053462980416
increment_file 1568142107.1767287 1568142154.1301026 bigbrain_2307_1206_2776.nii 140053462980416
write_file 1568142432.6841981 1568142953.2572217 inc-bigbrain_2307_1206_2776.nii 140053462980416
task_duration 1568141906.6473148 1568142953.4083068 1568141879-isilon_1it_96cpus_0delay_npc-1 140053462980416
read_file 1568141907.4327066 1568141916.1310844 bigbrain_2307_1809_2776.nii 140006740338496
increment_file 1568142259.0972593 1568142298.9251585 bigbrain_2307_1809_2776.nii 140006740338496
write_file 1568142434.4246643 1568142953.3175404 inc-bigbrain_2307_1809_2776.nii 140006740338496
task_duration 1568141907.3841777 1568142953.460972 1568141879-isilon_1it_96cpus_0delay_npc-1 140006740338496
read_file 1568141906.4637172 1568141907.5385458 bigbrain_2307_0_1388.nii 139838011254592
increment_file 1568142096.1659386 1568142142.9477654 bigbrain_2307_0_1388.nii 139838011254592
write_file 1568142432.5478144 1568142953.2720408 inc-bigbrain_2307_0_1388.nii 139838011254592
task_duration 1568141906.3937438 1568142953.4545362 1568141879-isilon_1it_96cpus_0delay_npc-1 139838011254592
read_file 1568141925.040532 1568141940.2139692 bigbrain_769_603_0.nii 140494634108736
increment_file 1568142358.2921202 1568142397.9637325 bigbrain_769_603_0.nii 140494634108736
write_file 1568142434.4570787 1568142953.263346 inc-bigbrain_769_603_0.nii 140494634108736
task_duration 1568141924.6040285 1568142953.4118292 1568141879-isilon_1it_96cpus_0delay_npc-1 140494634108736
read_file 1568141906.7115414 1568141907.6685529 bigbrain_769_603_2082.nii 139666029053760
increment_file 1568142139.6322262 1568142186.5866363 bigbrain_769_603_2082.nii 139666029053760
write_file 1568142433.68845 1568142953.2713783 inc-bigbrain_769_603_2082.nii 139666029053760
task_duration 1568141906.682499 1568142953.4559245 1568141879-isilon_1it_96cpus_0delay_npc-1 139666029053760
read_file 1568141929.2182095 1568141944.6145751 bigbrain_769_1809_0.nii 139942817957696
increment_file 1568142378.4049394 1568142416.365606 bigbrain_769_1809_0.nii 139942817957696
write_file 1568142434.4546256 1568142953.3185298 inc-bigbrain_769_1809_0.nii 139942817957696
task_duration 1568141928.7380695 1568142953.460603 1568141879-isilon_1it_96cpus_0delay_npc-1 139942817957696
read_file 1568141907.118015 1568141908.985207 bigbrain_1538_1809_1388.nii 140373588268864
increment_file 1568142201.2465973 1568142248.0464451 bigbrain_1538_1809_1388.nii 140373588268864
write_file 1568142434.3726597 1568142953.2808247 inc-bigbrain_1538_1809_1388.nii 140373588268864
task_duration 1568141907.1089802 1568142953.4607642 1568141879-isilon_1it_96cpus_0delay_npc-1 140373588268864
read_file 1568141906.9637847 1568141907.70049 bigbrain_2307_0_2776.nii 140168618993472
increment_file 1568142179.412773 1568142226.9795754 bigbrain_2307_0_2776.nii 140168618993472
write_file 1568142434.3453825 1568142953.2528129 inc-bigbrain_2307_0_2776.nii 140168618993472
task_duration 1568141906.9549131 1568142953.404423 1568141879-isilon_1it_96cpus_0delay_npc-1 140168618993472
read_file 1568141907.117559 1568141908.851584 bigbrain_1538_603_694.nii 140574612137792
increment_file 1568142194.1761587 1568142241.2550662 bigbrain_1538_603_694.nii 140574612137792
write_file 1568142434.3716636 1568142953.304988 inc-bigbrain_1538_603_694.nii 140574612137792
task_duration 1568141907.049931 1568142953.4603813 1568141879-isilon_1it_96cpus_0delay_npc-1 140574612137792
read_file 1568141906.388862 1568141907.5084841 bigbrain_3076_1809_2082.nii 140446312294208
increment_file 1568142048.7401018 1568142096.2722893 bigbrain_3076_1809_2082.nii 140446312294208
write_file 1568142431.0193565 1568142953.2703803 inc-bigbrain_3076_1809_2082.nii 140446312294208
task_duration 1568141906.3842502 1568142953.450215 1568141879-isilon_1it_96cpus_0delay_npc-1 140446312294208
read_file 1568141906.7743082 1568141907.6934998 bigbrain_1538_2412_2082.nii 140356337518400
increment_file 1568142150.7089162 1568142197.505305 bigbrain_1538_2412_2082.nii 140356337518400
write_file 1568142434.025364 1568142953.303472 inc-bigbrain_1538_2412_2082.nii 140356337518400
task_duration 1568141906.7618003 1568142953.4600174 1568141879-isilon_1it_96cpus_0delay_npc-1 140356337518400
read_file 1568141909.705726 1568141926.4394002 bigbrain_3076_1206_0.nii 140553485903680
increment_file 1568142317.8140843 1568142356.289179 bigbrain_3076_1206_0.nii 140553485903680
write_file 1568142434.4380894 1568142953.277039 inc-bigbrain_3076_1206_0.nii 140553485903680
task_duration 1568141909.5280082 1568142953.4219599 1568141879-isilon_1it_96cpus_0delay_npc-1 140553485903680
read_file 1568141906.1356127 1568141907.0170572 bigbrain_3076_2412_0.nii 140298557437760
increment_file 1568141932.3983839 1568141948.9995055 bigbrain_3076_2412_0.nii 140298557437760
write_file 1568142421.5580695 1568142952.6427634 inc-bigbrain_3076_2412_0.nii 140298557437760
task_duration 1568141906.1285307 1568142953.3654535 1568141879-isilon_1it_96cpus_0delay_npc-1 140298557437760
read_file 1568141906.6677785 1568141907.6026766 bigbrain_1538_1206_1388.nii 140333508347712
increment_file 1568142118.0818224 1568142164.7669177 bigbrain_1538_1206_1388.nii 140333508347712
write_file 1568142433.1401095 1568142953.2726748 inc-bigbrain_1538_1206_1388.nii 140333508347712
task_duration 1568141906.652433 1568142953.4551969 1568141879-isilon_1it_96cpus_0delay_npc-1 140333508347712
read_file 1568141945.5517325 1568141953.2959127 bigbrain_769_2412_1388.nii 139730165589824
increment_file 1568142421.5563984 1568142434.2068028 bigbrain_769_2412_1388.nii 139730165589824
write_file 1568142434.9920764 1568142953.3073254 inc-bigbrain_769_2412_1388.nii 139730165589824
task_duration 1568141944.6226401 1568142953.4322257 1568141879-isilon_1it_96cpus_0delay_npc-1 139730165589824
read_file 1568141906.3814723 1568141907.4634664 bigbrain_1538_2412_694.nii 139988443141952
increment_file 1568142030.3764367 1568142077.4985049 bigbrain_1538_2412_694.nii 139988443141952
write_file 1568142430.7455297 1568142953.2531528 inc-bigbrain_1538_2412_694.nii 139988443141952
task_duration 1568141906.3787966 1568142953.4106998 1568141879-isilon_1it_96cpus_0delay_npc-1 139988443141952
read_file 1568141906.4620256 1568141907.5334914 bigbrain_3076_1809_0.nii 139949116446528
increment_file 1568142074.1833777 1568142121.1301332 bigbrain_3076_1809_0.nii 139949116446528
write_file 1568142431.9170287 1568142953.2685862 inc-bigbrain_3076_1809_0.nii 139949116446528
task_duration 1568141906.3928351 1568142953.4500005 1568141879-isilon_1it_96cpus_0delay_npc-1 139949116446528
read_file 1568141906.1846821 1568141907.3058336 bigbrain_3076_1206_2082.nii 140171885578048
increment_file 1568141951.9575698 1568141991.533656 bigbrain_3076_1206_2082.nii 140171885578048
write_file 1568142428.333687 1568142952.2017655 inc-bigbrain_3076_1206_2082.nii 140171885578048
task_duration 1568141906.181903 1568142953.358623 1568141879-isilon_1it_96cpus_0delay_npc-1 140171885578048
read_file 1568141906.1353128 1568141907.0061371 bigbrain_2307_1809_694.nii 140647106832192
increment_file 1568141907.7021081 1568141919.8816664 bigbrain_2307_1809_694.nii 140647106832192
write_file 1568142277.0741398 1568142434.387074 inc-bigbrain_2307_1809_694.nii 140647106832192
task_duration 1568141906.129271 1568142435.0091262 1568141879-isilon_1it_96cpus_0delay_npc-1 140647106832192
read_file 1568141932.0420444 1568141946.221255 bigbrain_769_1809_694.nii 139699761469248
increment_file 1568142394.2471945 1568142421.5286055 bigbrain_769_1809_694.nii 139699761469248
write_file 1568142434.4557347 1568142953.3107796 inc-bigbrain_769_1809_694.nii 139699761469248
task_duration 1568141931.634845 1568142953.4596887 1568141879-isilon_1it_96cpus_0delay_npc-1 139699761469248
read_file 1568141906.2783918 1568141907.342728 bigbrain_2307_2412_2082.nii 140376360908608
increment_file 1568141987.1421015 1568142035.6978784 bigbrain_2307_2412_2082.nii 140376360908608
write_file 1568142429.5943997 1568142953.2426662 inc-bigbrain_2307_2412_2082.nii 140376360908608
task_duration 1568141906.1914625 1568142953.3956118 1568141879-isilon_1it_96cpus_0delay_npc-1 140376360908608
read_file 1568141906.387461 1568141907.5072765 bigbrain_2307_0_0.nii 140669150779200
increment_file 1568142037.5677843 1568142085.0898087 bigbrain_2307_0_0.nii 140669150779200
write_file 1568142430.871702 1568142953.2468023 inc-bigbrain_2307_0_0.nii 140669150779200
task_duration 1568141906.385332 1568142953.3998423 1568141879-isilon_1it_96cpus_0delay_npc-1 140669150779200
read_file 1568141906.1332357 1568141907.006644 bigbrain_3076_1206_1388.nii 139884703119168
increment_file 1568141911.960423 1568141925.9046636 bigbrain_3076_1206_1388.nii 139884703119168
write_file 1568142320.7781773 1568142816.3420951 inc-bigbrain_3076_1206_1388.nii 139884703119168
task_duration 1568141906.1280394 1568142947.453397 1568141879-isilon_1it_96cpus_0delay_npc-1 139884703119168
read_file 1568141907.6006258 1568141920.0154169 bigbrain_3076_2412_694.nii 140072713496384
increment_file 1568142274.2948198 1568142317.5470917 bigbrain_3076_2412_694.nii 140072713496384
write_file 1568142434.4306211 1568142953.259616 inc-bigbrain_3076_2412_694.nii 140072713496384
task_duration 1568141907.553303 1568142953.40907 1568141879-isilon_1it_96cpus_0delay_npc-1 140072713496384
read_file 1568141906.1860528 1568141907.3175995 bigbrain_3076_0_1388.nii 139813130229568
increment_file 1568141958.2404692 1568142002.4391427 bigbrain_3076_0_1388.nii 139813130229568
write_file 1568142428.7834742 1568142824.3653631 inc-bigbrain_3076_0_1388.nii 139813130229568
task_duration 1568141906.1826882 1568142945.9941733 1568141879-isilon_1it_96cpus_0delay_npc-1 139813130229568
read_file 1568141906.134061 1568141907.0110188 bigbrain_2307_2412_0.nii 140374389778240
increment_file 1568141922.5894008 1568141938.0753975 bigbrain_2307_2412_0.nii 140374389778240
write_file 1568142346.0453572 1568142953.2554338 inc-bigbrain_2307_2412_0.nii 140374389778240
task_duration 1568141906.1282692 1568142953.4123297 1568141879-isilon_1it_96cpus_0delay_npc-1 140374389778240
read_file 1568141906.775232 1568141907.694295 bigbrain_1538_0_694.nii 140565386684224
increment_file 1568142157.7375112 1568142205.363643 bigbrain_1538_0_694.nii 140565386684224
write_file 1568142434.1705394 1568142953.3199706 inc-bigbrain_1538_0_694.nii 140565386684224
task_duration 1568141906.7629738 1568142953.4607494 1568141879-isilon_1it_96cpus_0delay_npc-1 140565386684224
read_file 1568141925.5306919 1568141940.6148086 bigbrain_769_1809_1388.nii 140116013619008
increment_file 1568142361.2334416 1568142403.9514084 bigbrain_769_1809_1388.nii 140116013619008
write_file 1568142434.4539433 1568142953.3088698 inc-bigbrain_769_1809_1388.nii 140116013619008
task_duration 1568141925.0058262 1568142953.4607966 1568141879-isilon_1it_96cpus_0delay_npc-1 140116013619008
read_file 1568141927.9706187 1568141944.21334 bigbrain_3076_1206_694.nii 140067763959616
increment_file 1568142373.6197774 1568142414.6442914 bigbrain_3076_1206_694.nii 140067763959616
write_file 1568142434.4471521 1568142953.309012 inc-bigbrain_3076_1206_694.nii 140067763959616
task_duration 1568141927.5344005 1568142953.4586022 1568141879-isilon_1it_96cpus_0delay_npc-1 140067763959616
read_file 1568141906.6157768 1568141907.5432231 bigbrain_2307_603_1388.nii 139921467897664
increment_file 1568142103.1945882 1568142150.8158534 bigbrain_2307_603_1388.nii 139921467897664
write_file 1568142432.8248403 1568142953.2633493 inc-bigbrain_2307_603_1388.nii 139921467897664
task_duration 1568141906.5682926 1568142953.442091 1568141879-isilon_1it_96cpus_0delay_npc-1 139921467897664
read_file 1568141906.7756243 1568141907.694782 bigbrain_3076_2412_1388.nii 140136787560256
increment_file 1568142161.7193265 1568142208.6767535 bigbrain_3076_2412_1388.nii 140136787560256
write_file 1568142434.2120204 1568142953.2486794 inc-bigbrain_3076_2412_1388.nii 140136787560256
task_duration 1568141906.763757 1568142953.4013944 1568141879-isilon_1it_96cpus_0delay_npc-1 140136787560256
read_file 1568141906.750105 1568141907.6739166 bigbrain_3076_2412_2082.nii 139716488857408
increment_file 1568142146.694915 1568142194.1776204 bigbrain_3076_2412_2082.nii 139716488857408
write_file 1568142433.850182 1568142953.261931 inc-bigbrain_3076_2412_2082.nii 139716488857408
task_duration 1568141906.7207077 1568142953.4243062 1568141879-isilon_1it_96cpus_0delay_npc-1 139716488857408
read_file 1568141906.6682074 1568141907.6034856 bigbrain_1538_1809_694.nii 140429067491136
increment_file 1568142124.8713791 1568142172.357362 bigbrain_1538_1809_694.nii 140429067491136
write_file 1568142433.2567158 1568142953.2764034 inc-bigbrain_1538_1809_694.nii 140429067491136
task_duration 1568141906.6573822 1568142953.4552271 1568141879-isilon_1it_96cpus_0delay_npc-1 140429067491136
read_file 1568141923.044124 1568141939.0106888 bigbrain_769_1809_2082.nii 139961770096448
increment_file 1568142349.6554773 1568142388.9110026 bigbrain_769_1809_2082.nii 139961770096448
write_file 1568142434.4448042 1568142953.3059075 inc-bigbrain_769_1809_2082.nii 139961770096448
task_duration 1568141922.5987296 1568142953.4592104 1568141879-isilon_1it_96cpus_0delay_npc-1 139961770096448
read_file 1568141906.372069 1568141907.3797648 bigbrain_2307_1809_0.nii 139998555825984
increment_file 1568142007.8897371 1568142055.6358585 bigbrain_2307_1809_0.nii 139998555825984
write_file 1568142430.1371675 1568142953.2667634 inc-bigbrain_2307_1809_0.nii 139998555825984
task_duration 1568141906.3688705 1568142953.448106 1568141879-isilon_1it_96cpus_0delay_npc-1 139998555825984
read_file 1568141906.1881318 1568141907.33984 bigbrain_2307_1809_1388.nii 140692081284928
increment_file 1568141965.831695 1568142014.948038 bigbrain_2307_1809_1388.nii 140692081284928
write_file 1568142429.1952596 1568142953.246988 inc-bigbrain_2307_1809_1388.nii 140692081284928
task_duration 1568141906.1844945 1568142953.4029684 1568141879-isilon_1it_96cpus_0delay_npc-1 140692081284928
read_file 1568141907.3043227 1568141911.5608068 bigbrain_3076_603_2776.nii 140374721910592
increment_file 1568142223.236668 1568142267.2349312 bigbrain_3076_603_2776.nii 140374721910592
write_file 1568142434.402302 1568142953.2675157 inc-bigbrain_3076_603_2776.nii 140374721910592
task_duration 1568141907.2730846 1568142953.4150648 1568141879-isilon_1it_96cpus_0delay_npc-1 140374721910592
read_file 1568141906.1363115 1568141907.0181866 bigbrain_1538_603_2082.nii 139685052827456
increment_file 1568141938.207237 1568141961.4216545 bigbrain_1538_603_2082.nii 139685052827456
write_file 1568142427.9682996 1568142941.7398772 inc-bigbrain_1538_603_2082.nii 139685052827456
task_duration 1568141906.1329262 1568142953.3190448 1568141879-isilon_1it_96cpus_0delay_npc-1 139685052827456
read_file 1568141906.711014 1568141907.6679664 bigbrain_2307_0_2082.nii 139754114389824
increment_file 1568142135.642574 1568142183.2628043 bigbrain_2307_0_2082.nii 139754114389824
write_file 1568142433.5523524 1568142953.2792706 inc-bigbrain_2307_0_2082.nii 139754114389824
task_duration 1568141906.6774802 1568142953.458286 1568141879-isilon_1it_96cpus_0delay_npc-1 139754114389824
read_file 1568141922.2416933 1568141938.6096628 bigbrain_3076_2412_2776.nii 140237865404224
increment_file 1568142343.6557257 1568142383.7261472 bigbrain_3076_2412_2776.nii 140237865404224
write_file 1568142434.4518929 1568142953.2675529 inc-bigbrain_3076_2412_2776.nii 140237865404224
task_duration 1568141922.0651038 1568142953.416003 1568141879-isilon_1it_96cpus_0delay_npc-1 140237865404224
read_file 1568141907.4584043 1568141916.5325775 bigbrain_769_2412_0.nii 140369469261632
increment_file 1568142262.2947168 1568142305.7565522 bigbrain_769_2412_0.nii 140369469261632
write_file 1568142434.4252558 1568142953.273608 inc-bigbrain_769_2412_0.nii 140369469261632
task_duration 1568141907.4469342 1568142953.4553506 1568141879-isilon_1it_96cpus_0delay_npc-1 140369469261632
read_file 1568141907.2058327 1568141911.008483 bigbrain_1538_1206_2776.nii 139799373915968
increment_file 1568142216.267034 1568142260.6811094 bigbrain_1538_1206_2776.nii 139799373915968
write_file 1568142434.402018 1568142953.249716 inc-bigbrain_1538_1206_2776.nii 139799373915968
task_duration 1568141907.1966362 1568142953.4019706 1568141879-isilon_1it_96cpus_0delay_npc-1 139799373915968
read_file 1568141906.831898 1568141907.6968358 bigbrain_1538_1809_0.nii 140236453234496
increment_file 1568142172.6233547 1568142219.3351884 bigbrain_1538_1809_0.nii 140236453234496
write_file 1568142434.300929 1568142953.2647445 inc-bigbrain_1538_1809_0.nii 140236453234496
task_duration 1568141906.784718 1568142953.4419556 1568141879-isilon_1it_96cpus_0delay_npc-1 140236453234496
read_file 1568141906.667298 1568141907.6021175 bigbrain_2307_0_694.nii 140547685680960
increment_file 1568142114.099567 1568142161.7210412 bigbrain_2307_0_694.nii 140547685680960
write_file 1568142433.0028908 1568142953.2432182 inc-bigbrain_2307_0_694.nii 140547685680960
task_duration 1568141906.650137 1568142953.3967168 1568141879-isilon_1it_96cpus_0delay_npc-1 140547685680960
read_file 1568141906.8140814 1568141907.69623 bigbrain_1538_603_1388.nii 140495873775424
increment_file 1568142168.6420977 1568142216.269325 bigbrain_1538_603_1388.nii 140495873775424
write_file 1568142434.2563834 1568142953.2564385 inc-bigbrain_1538_603_1388.nii 140495873775424
task_duration 1568141906.7801712 1568142953.406454 1568141879-isilon_1it_96cpus_0delay_npc-1 140495873775424
read_file 1568141930.0562677 1568141945.015584 bigbrain_769_0_1388.nii 139649063393088
increment_file 1568142384.6597207 1568142419.4307501 bigbrain_769_0_1388.nii 139649063393088
write_file 1568142434.4583218 1568142953.3121526 inc-bigbrain_769_0_1388.nii 139649063393088
task_duration 1568141929.575375 1568142953.4386256 1568141879-isilon_1it_96cpus_0delay_npc-1 139649063393088
