read_file 1568156537.280674 1568156537.282218 bigbrain_1538_2412_2776.nii 140180503656256
increment_file 1568156537.2823923 1568156567.649593 bigbrain_1538_2412_2776.nii 140180503656256
write_file 1568156567.6675339 1568156568.1351748 inc-bigbrain_1538_2412_2776.nii 140180503656256
task_duration 1568156657.278266 1568156808.238741 1568156106-local_1it_25cpus_60delay_withpc-4 140180503656256
read_file 1568156537.2842588 1568156537.2855794 bigbrain_1538_2412_2082.nii 140496879056704
increment_file 1568156537.2857614 1568156537.748147 bigbrain_1538_2412_2082.nii 140496879056704
write_file 1568156537.7579198 1568156538.2290356 inc-bigbrain_1538_2412_2082.nii 140496879056704
task_duration 1568156657.2825584 1568156778.3430605 1568156106-local_1it_25cpus_60delay_withpc-4 140496879056704
read_file 1568156537.2898638 1568156537.2917325 bigbrain_1538_2412_694.nii 140501962311488
increment_file 1568156537.2919188 1568156537.7052963 bigbrain_1538_2412_694.nii 140501962311488
write_file 1568156537.7149014 1568156538.2068038 inc-bigbrain_1538_2412_694.nii 140501962311488
task_duration 1568156657.2867005 1568156778.3211708 1568156106-local_1it_25cpus_60delay_withpc-4 140501962311488
read_file 1568156537.2842312 1568156537.3007972 bigbrain_1538_1809_1388.nii 140441010267968
increment_file 1568156537.3010485 1568156568.4081955 bigbrain_1538_1809_1388.nii 140441010267968
write_file 1568156568.4285233 1568156568.9208024 inc-bigbrain_1538_1809_1388.nii 140441010267968
task_duration 1568156657.282359 1568156809.0273988 1568156106-local_1it_25cpus_60delay_withpc-4 140441010267968
read_file 1568156537.2842343 1568156537.3007953 bigbrain_1538_2412_1388.nii 140402240997184
increment_file 1568156537.3011057 1568156567.0796533 bigbrain_1538_2412_1388.nii 140402240997184
write_file 1568156567.0988014 1568156567.5753334 inc-bigbrain_1538_2412_1388.nii 140402240997184
task_duration 1568156657.2822933 1568156807.6808867 1568156106-local_1it_25cpus_60delay_withpc-4 140402240997184
read_file 1568156537.2889748 1568156537.3009286 bigbrain_1538_1809_2082.nii 140213525960512
increment_file 1568156537.3011029 1568156569.089557 bigbrain_1538_1809_2082.nii 140213525960512
write_file 1568156569.1039984 1568156569.6722825 inc-bigbrain_1538_1809_2082.nii 140213525960512
task_duration 1568156657.2861533 1568156809.6888368 1568156106-local_1it_25cpus_60delay_withpc-4 140213525960512
read_file 1568156537.284297 1568156537.3009586 bigbrain_1538_603_1388.nii 140182443558720
increment_file 1568156537.3012145 1568156568.614776 bigbrain_1538_603_1388.nii 140182443558720
write_file 1568156568.6342463 1568156569.136585 inc-bigbrain_1538_603_1388.nii 140182443558720
task_duration 1568156657.2825983 1568156809.2471802 1568156106-local_1it_25cpus_60delay_withpc-4 140182443558720
read_file 1568156537.2842457 1568156537.3009658 bigbrain_1538_0_694.nii 140659659360064
increment_file 1568156537.301256 1568156569.1034088 bigbrain_1538_0_694.nii 140659659360064
write_file 1568156569.1207864 1568156569.662433 inc-bigbrain_1538_0_694.nii 140659659360064
task_duration 1568156657.2825446 1568156809.669093 1568156106-local_1it_25cpus_60delay_withpc-4 140659659360064
read_file 1568156537.284273 1568156537.3011377 bigbrain_1538_1809_2776.nii 139854617384768
increment_file 1568156537.301375 1568156569.2694123 bigbrain_1538_1809_2776.nii 139854617384768
write_file 1568156569.2889562 1568156569.9041083 inc-bigbrain_1538_1809_2776.nii 139854617384768
task_duration 1568156657.2825572 1568156810.0080614 1568156106-local_1it_25cpus_60delay_withpc-4 139854617384768
read_file 1568156537.2860858 1568156537.301298 bigbrain_2307_0_1388.nii 140674666006336
increment_file 1568156537.3015199 1568156568.9641566 bigbrain_2307_0_1388.nii 140674666006336
write_file 1568156568.9864717 1568156569.5246832 inc-bigbrain_2307_0_1388.nii 140674666006336
task_duration 1568156657.283874 1568156809.6349728 1568156106-local_1it_25cpus_60delay_withpc-4 140674666006336
read_file 1568156537.2843058 1568156537.3014066 bigbrain_1538_1206_1388.nii 140357139560256
increment_file 1568156537.301645 1568156568.6746404 bigbrain_1538_1206_1388.nii 140357139560256
write_file 1568156568.6951098 1568156569.2083142 inc-bigbrain_1538_1206_1388.nii 140357139560256
task_duration 1568156657.2826138 1568156809.3181868 1568156106-local_1it_25cpus_60delay_withpc-4 140357139560256
read_file 1568156537.2843542 1568156537.301434 bigbrain_1538_603_694.nii 140372174493504
increment_file 1568156537.301676 1568156569.1618965 bigbrain_1538_603_694.nii 140372174493504
write_file 1568156569.1812804 1568156569.7233913 inc-bigbrain_1538_603_694.nii 140372174493504
task_duration 1568156657.2826273 1568156809.8267803 1568156106-local_1it_25cpus_60delay_withpc-4 140372174493504
read_file 1568156537.2843516 1568156537.3014343 bigbrain_1538_1206_694.nii 140010943862592
increment_file 1568156537.3017113 1568156569.3270319 bigbrain_1538_1206_694.nii 140010943862592
write_file 1568156569.344112 1568156569.877945 inc-bigbrain_1538_1206_694.nii 140010943862592
task_duration 1568156657.2826548 1568156809.981526 1568156106-local_1it_25cpus_60delay_withpc-4 140010943862592
read_file 1568156537.2844353 1568156537.3014987 bigbrain_1538_603_2082.nii 139688292902720
increment_file 1568156537.3017647 1568156569.358567 bigbrain_1538_603_2082.nii 139688292902720
write_file 1568156569.3785775 1568156569.9118612 inc-bigbrain_1538_603_2082.nii 139688292902720
task_duration 1568156657.2826514 1568156810.0156965 1568156106-local_1it_25cpus_60delay_withpc-4 139688292902720
read_file 1568156537.2843075 1568156537.3014982 bigbrain_1538_0_2776.nii 139701081618240
increment_file 1568156537.3018057 1568156569.358831 bigbrain_1538_0_2776.nii 139701081618240
write_file 1568156569.378608 1568156569.9345248 inc-bigbrain_1538_0_2776.nii 139701081618240
task_duration 1568156657.2825603 1568156810.038875 1568156106-local_1it_25cpus_60delay_withpc-4 139701081618240
read_file 1568156537.284361 1568156537.3015869 bigbrain_2307_0_0.nii 139993767208768
increment_file 1568156537.3018246 1568156569.5772321 bigbrain_2307_0_0.nii 139993767208768
write_file 1568156569.5878303 1568156570.2665646 inc-bigbrain_2307_0_0.nii 139993767208768
task_duration 1568156657.2826447 1568156810.3700826 1568156106-local_1it_25cpus_60delay_withpc-4 139993767208768
read_file 1568156537.2843516 1568156537.301595 bigbrain_1538_1809_694.nii 139930101221184
increment_file 1568156537.3018692 1568156568.8624017 bigbrain_1538_1809_694.nii 139930101221184
write_file 1568156568.880931 1568156569.4040937 inc-bigbrain_1538_1809_694.nii 139930101221184
task_duration 1568156657.2826345 1568156809.5089338 1568156106-local_1it_25cpus_60delay_withpc-4 139930101221184
read_file 1568156537.284394 1568156537.3016307 bigbrain_2307_0_2082.nii 140045195102016
increment_file 1568156537.3018944 1568156569.2640882 bigbrain_2307_0_2082.nii 140045195102016
write_file 1568156569.2793431 1568156569.8590703 inc-bigbrain_2307_0_2082.nii 140045195102016
task_duration 1568156657.2826533 1568156809.9625335 1568156106-local_1it_25cpus_60delay_withpc-4 140045195102016
read_file 1568156537.2844374 1568156537.3016737 bigbrain_1538_1206_2776.nii 140206932248384
increment_file 1568156537.3019524 1568156569.2086957 bigbrain_1538_1206_2776.nii 140206932248384
write_file 1568156569.2248564 1568156569.80049 inc-bigbrain_1538_1206_2776.nii 140206932248384
task_duration 1568156657.2826517 1568156809.9043307 1568156106-local_1it_25cpus_60delay_withpc-4 140206932248384
read_file 1568156537.28422 1568156537.3016963 bigbrain_1538_603_2776.nii 140082170029888
increment_file 1568156537.302057 1568156568.893682 bigbrain_1538_603_2776.nii 140082170029888
write_file 1568156568.9133863 1568156569.4072459 inc-bigbrain_1538_603_2776.nii 140082170029888
task_duration 1568156657.2823148 1568156809.5121615 1568156106-local_1it_25cpus_60delay_withpc-4 140082170029888
read_file 1568156537.2906566 1568156537.308238 bigbrain_1538_1206_0.nii 139809605060416
increment_file 1568156537.3084414 1568156569.358104 bigbrain_1538_1206_0.nii 139809605060416
write_file 1568156569.3739476 1568156569.8805354 inc-bigbrain_1538_1206_0.nii 139809605060416
task_duration 1568156657.2874937 1568156809.9846098 1568156106-local_1it_25cpus_60delay_withpc-4 139809605060416
read_file 1568156537.2872236 1568156537.3082838 bigbrain_1538_1809_0.nii 140246576183104
increment_file 1568156537.308507 1568156569.1526833 bigbrain_1538_1809_0.nii 140246576183104
write_file 1568156569.17134 1568156569.6836352 inc-bigbrain_1538_1809_0.nii 140246576183104
task_duration 1568156657.2847986 1568156809.78778 1568156106-local_1it_25cpus_60delay_withpc-4 140246576183104
read_file 1568156537.287221 1568156537.3085587 bigbrain_1538_1206_2082.nii 139962496976704
increment_file 1568156537.3088543 1568156568.548453 bigbrain_1538_1206_2082.nii 139962496976704
write_file 1568156568.5687656 1568156569.0670419 inc-bigbrain_1538_1206_2082.nii 139962496976704
task_duration 1568156657.284757 1568156809.1770453 1568156106-local_1it_25cpus_60delay_withpc-4 139962496976704
read_file 1568156537.2844768 1568156537.3085816 bigbrain_1538_603_0.nii 139621173315392
increment_file 1568156537.3088713 1568156568.8105204 bigbrain_1538_603_0.nii 139621173315392
write_file 1568156568.8294084 1568156569.3579538 inc-bigbrain_1538_603_0.nii 139621173315392
task_duration 1568156657.2827191 1568156809.4613142 1568156106-local_1it_25cpus_60delay_withpc-4 139621173315392
read_file 1568156537.289269 1568156537.309084 bigbrain_1538_2412_0.nii 139827140482880
increment_file 1568156537.309444 1568156567.7668114 bigbrain_1538_2412_0.nii 139827140482880
write_file 1568156567.7825203 1568156568.2506125 inc-bigbrain_1538_2412_0.nii 139827140482880
task_duration 1568156657.2863865 1568156808.3566544 1568156106-local_1it_25cpus_60delay_withpc-4 139827140482880
read_file 1568156659.19922 1568156659.2017102 bigbrain_2307_0_2776.nii 140400894363456
increment_file 1568156659.2020378 1568156661.5611863 bigbrain_2307_0_2776.nii 140400894363456
write_file 1568156661.5764968 1568156662.0571294 inc-bigbrain_2307_0_2776.nii 140400894363456
task_duration 1568156779.196658 1568156902.1695106 1568156106-local_1it_25cpus_60delay_withpc-4 140400894363456
read_file 1568156659.1999652 1568156659.2017503 bigbrain_2307_0_694.nii 139897794451264
increment_file 1568156659.2019725 1568156661.5559397 bigbrain_2307_0_694.nii 139897794451264
write_file 1568156661.5714395 1568156662.0368702 inc-bigbrain_2307_0_694.nii 139897794451264
task_duration 1568156779.1979296 1568156902.1502626 1568156106-local_1it_25cpus_60delay_withpc-4 139897794451264
read_file 1568156688.465321 1568156688.4671865 bigbrain_2307_1206_0.nii 139804191909696
increment_file 1568156688.4674056 1568156690.8016665 bigbrain_2307_1206_0.nii 139804191909696
write_file 1568156690.8247495 1568156691.3954582 inc-bigbrain_2307_1206_0.nii 139804191909696
task_duration 1568156808.463328 1568156931.501671 1568156106-local_1it_25cpus_60delay_withpc-4 139804191909696
read_file 1568156689.0614421 1568156689.0705147 bigbrain_2307_1206_1388.nii 139783612680000
increment_file 1568156689.0708475 1568156691.942515 bigbrain_2307_1206_1388.nii 139783612680000
write_file 1568156691.9612594 1568156692.484771 inc-bigbrain_2307_1206_1388.nii 139783612680000
task_duration 1568156809.0597663 1568156932.5893145 1568156106-local_1it_25cpus_60delay_withpc-4 139783612680000
read_file 1568156689.2091904 1568156689.2274485 bigbrain_2307_1206_2082.nii 140544828696384
increment_file 1568156689.2276692 1568156692.1100965 bigbrain_2307_1206_2082.nii 140544828696384
write_file 1568156692.1318476 1568156692.706748 inc-bigbrain_2307_1206_2082.nii 140544828696384
task_duration 1568156809.2063887 1568156932.8113315 1568156106-local_1it_25cpus_60delay_withpc-4 140544828696384
read_file 1568156691.9197085 1568156691.939674 bigbrain_2307_1206_2776.nii 140219556554560
increment_file 1568156691.9400456 1568156693.6417537 bigbrain_2307_1206_2776.nii 140219556554560
write_file 1568156693.661677 1568156694.133293 inc-bigbrain_2307_1206_2776.nii 140219556554560
task_duration 1568156811.9167728 1568156934.2403486 1568156106-local_1it_25cpus_60delay_withpc-4 140219556554560
read_file 1568156692.9272997 1568156692.9359488 bigbrain_2307_1206_694.nii 139964230924096
increment_file 1568156692.9362059 1568156709.474257 bigbrain_2307_1206_694.nii 139964230924096
write_file 1568156709.4900534 1568156709.9652073 inc-bigbrain_2307_1206_694.nii 139964230924096
task_duration 1568156812.925627 1568156950.077341 1568156106-local_1it_25cpus_60delay_withpc-4 139964230924096
read_file 1568156693.292639 1568156693.31573 bigbrain_2307_1809_0.nii 139654301747008
increment_file 1568156693.316137 1568156711.75953 bigbrain_2307_1809_0.nii 139654301747008
write_file 1568156711.7782047 1568156712.2433116 inc-bigbrain_2307_1809_0.nii 139654301747008
task_duration 1568156813.290005 1568156952.3519335 1568156106-local_1it_25cpus_60delay_withpc-4 139654301747008
read_file 1568156693.7354193 1568156693.7564878 bigbrain_2307_1809_1388.nii 140416715454272
increment_file 1568156693.75673 1568156714.5288513 bigbrain_2307_1809_1388.nii 140416715454272
write_file 1568156714.5480912 1568156715.0374525 inc-bigbrain_2307_1809_1388.nii 140416715454272
task_duration 1568156813.7325377 1568156955.1421258 1568156106-local_1it_25cpus_60delay_withpc-4 140416715454272
read_file 1568156694.2876399 1568156694.3255122 bigbrain_2307_1809_2082.nii 140096135092032
increment_file 1568156694.325879 1568156716.8617508 bigbrain_2307_1809_2082.nii 140096135092032
write_file 1568156716.879256 1568156717.356798 inc-bigbrain_2307_1809_2082.nii 140096135092032
task_duration 1568156814.2854838 1568156957.4676056 1568156106-local_1it_25cpus_60delay_withpc-4 140096135092032
read_file 1568156694.4843268 1568156694.5460308 bigbrain_2307_1809_694.nii 140153755645760
increment_file 1568156694.5463684 1568156717.700877 bigbrain_2307_1809_694.nii 140153755645760
write_file 1568156717.7205439 1568156718.2028518 inc-bigbrain_2307_1809_694.nii 140153755645760
task_duration 1568156814.4810288 1568156958.2706687 1568156106-local_1it_25cpus_60delay_withpc-4 140153755645760
read_file 1568156694.475276 1568156694.5664861 bigbrain_2307_1809_2776.nii 139965859813184
increment_file 1568156694.5668862 1568156717.0891826 bigbrain_2307_1809_2776.nii 139965859813184
write_file 1568156717.109132 1568156717.590668 inc-bigbrain_2307_1809_2776.nii 139965859813184
task_duration 1568156814.4723327 1568156957.6945918 1568156106-local_1it_25cpus_60delay_withpc-4 139965859813184
read_file 1568156694.6593835 1568156694.7023947 bigbrain_2307_2412_1388.nii 140664128841536
increment_file 1568156694.702793 1568156717.3523822 bigbrain_2307_2412_1388.nii 140664128841536
write_file 1568156717.3731873 1568156717.972686 inc-bigbrain_2307_2412_1388.nii 140664128841536
task_duration 1568156814.6574218 1568156958.0769746 1568156106-local_1it_25cpus_60delay_withpc-4 140664128841536
read_file 1568156694.6240318 1568156694.7858274 bigbrain_2307_2412_0.nii 140150393349952
increment_file 1568156694.7862356 1568156718.333655 bigbrain_2307_2412_0.nii 140150393349952
write_file 1568156718.3437772 1568156718.824685 inc-bigbrain_2307_2412_0.nii 140150393349952
task_duration 1568156814.6213467 1568156958.9295862 1568156106-local_1it_25cpus_60delay_withpc-4 140150393349952
read_file 1568156694.678899 1568156694.8163812 bigbrain_2307_2412_2082.nii 139948187920192
increment_file 1568156694.816701 1568156718.0513008 bigbrain_2307_2412_2082.nii 139948187920192
write_file 1568156718.0684426 1568156718.5865004 inc-bigbrain_2307_2412_2082.nii 139948187920192
task_duration 1568156814.6762266 1568156958.6897633 1568156106-local_1it_25cpus_60delay_withpc-4 139948187920192
read_file 1568156694.8339753 1568156694.8357008 bigbrain_2307_2412_694.nii 140012887115584
increment_file 1568156694.8360026 1568156695.2762017 bigbrain_2307_2412_694.nii 140012887115584
write_file 1568156695.2859442 1568156695.745522 inc-bigbrain_2307_2412_694.nii 140012887115584
task_duration 1568156814.831794 1568156935.8499677 1568156106-local_1it_25cpus_60delay_withpc-4 140012887115584
read_file 1568156694.8412492 1568156694.910519 bigbrain_2307_2412_2776.nii 139728173545280
increment_file 1568156694.9109077 1568156718.1001647 bigbrain_2307_2412_2776.nii 139728173545280
write_file 1568156718.1214797 1568156718.6867983 inc-bigbrain_2307_2412_2776.nii 139728173545280
task_duration 1568156814.838912 1568156958.7915473 1568156106-local_1it_25cpus_60delay_withpc-4 139728173545280
read_file 1568156694.9218228 1568156694.9231791 bigbrain_2307_603_1388.nii 140197189588800
increment_file 1568156694.9233956 1568156695.355001 bigbrain_2307_603_1388.nii 140197189588800
write_file 1568156695.3642418 1568156695.823526 inc-bigbrain_2307_603_1388.nii 140197189588800
task_duration 1568156814.9187646 1568156935.9293237 1568156106-local_1it_25cpus_60delay_withpc-4 140197189588800
read_file 1568156694.8818305 1568156694.9297187 bigbrain_2307_603_0.nii 140580740224832
increment_file 1568156694.9299643 1568156717.9009774 bigbrain_2307_603_0.nii 140580740224832
write_file 1568156717.9209666 1568156718.436724 inc-bigbrain_2307_603_0.nii 140580740224832
task_duration 1568156814.8794558 1568156958.5406675 1568156106-local_1it_25cpus_60delay_withpc-4 140580740224832
read_file 1568156694.9469814 1568156694.9812996 bigbrain_3076_0_0.nii 140323711055680
increment_file 1568156694.9816647 1568156718.0266657 bigbrain_3076_0_0.nii 140323711055680
write_file 1568156718.042433 1568156718.5463748 inc-bigbrain_3076_0_0.nii 140323711055680
task_duration 1568156814.9445665 1568156958.6494117 1568156106-local_1it_25cpus_60delay_withpc-4 140323711055680
read_file 1568156694.93346 1568156694.9815454 bigbrain_2307_603_2082.nii 140524423763776
increment_file 1568156694.9818902 1568156718.0800407 bigbrain_2307_603_2082.nii 140524423763776
write_file 1568156718.097909 1568156718.668561 inc-bigbrain_2307_603_2082.nii 140524423763776
task_duration 1568156814.9318123 1568156958.7717779 1568156106-local_1it_25cpus_60delay_withpc-4 140524423763776
read_file 1568156694.9421968 1568156695.0330734 bigbrain_2307_603_694.nii 139731843065664
increment_file 1568156695.033346 1568156717.7889733 bigbrain_2307_603_694.nii 139731843065664
write_file 1568156717.8059392 1568156718.3068545 inc-bigbrain_2307_603_694.nii 139731843065664
task_duration 1568156814.939076 1568156958.3443193 1568156106-local_1it_25cpus_60delay_withpc-4 139731843065664
read_file 1568156694.952023 1568156695.042144 bigbrain_3076_0_1388.nii 140186276497216
increment_file 1568156695.042352 1568156718.1648314 bigbrain_3076_0_1388.nii 140186276497216
write_file 1568156718.1848516 1568156718.6916027 inc-bigbrain_3076_0_1388.nii 140186276497216
task_duration 1568156814.9488647 1568156958.7950277 1568156106-local_1it_25cpus_60delay_withpc-4 140186276497216
read_file 1568156694.9442534 1568156695.073684 bigbrain_2307_603_2776.nii 139917652997952
increment_file 1568156695.0740929 1568156717.9967656 bigbrain_2307_603_2776.nii 139917652997952
write_file 1568156718.0148535 1568156718.5083287 inc-bigbrain_2307_603_2776.nii 139917652997952
task_duration 1568156814.942265 1568156958.6120963 1568156106-local_1it_25cpus_60delay_withpc-4 139917652997952
read_file 1568156695.0032856 1568156695.1038187 bigbrain_3076_0_2082.nii 140475637090112
increment_file 1568156695.1041744 1568156717.8501196 bigbrain_3076_0_2082.nii 140475637090112
write_file 1568156717.866251 1568156718.3765996 inc-bigbrain_3076_0_2082.nii 140475637090112
task_duration 1568156815.0007453 1568156958.4810002 1568156106-local_1it_25cpus_60delay_withpc-4 140475637090112
read_file 1568156782.9680505 1568156783.0465167 bigbrain_3076_0_2776.nii 140598521210688
increment_file 1568156783.0468328 1568156786.8447883 bigbrain_3076_0_2776.nii 140598521210688
write_file 1568156786.8629692 1568156787.3235219 inc-bigbrain_3076_0_2776.nii 140598521210688
task_duration 1568156902.9662042 1568157027.4307897 1568156106-local_1it_25cpus_60delay_withpc-4 140598521210688
read_file 1568156782.968498 1568156783.065673 bigbrain_3076_0_694.nii 140142177556288
increment_file 1568156783.0660114 1568156786.853404 bigbrain_3076_0_694.nii 140142177556288
write_file 1568156786.8694592 1568156787.3466723 inc-bigbrain_3076_0_694.nii 140142177556288
task_duration 1568156902.9657688 1568157027.4508176 1568156106-local_1it_25cpus_60delay_withpc-4 140142177556288
read_file 1568156812.3733082 1568156812.3758912 bigbrain_3076_1206_0.nii 139633043621696
increment_file 1568156812.376248 1568156813.753425 bigbrain_3076_1206_0.nii 139633043621696
write_file 1568156813.774549 1568156814.2982373 inc-bigbrain_3076_1206_0.nii 139633043621696
task_duration 1568156932.3714488 1568157054.3203325 1568156106-local_1it_25cpus_60delay_withpc-4 139633043621696
read_file 1568156813.4557729 1568156813.4700582 bigbrain_3076_1206_1388.nii 139868364392256
increment_file 1568156813.4703772 1568156816.2676516 bigbrain_3076_1206_1388.nii 139868364392256
write_file 1568156816.2791557 1568156816.7385814 inc-bigbrain_3076_1206_1388.nii 139868364392256
task_duration 1568156933.4531035 1568157056.7835512 1568156106-local_1it_25cpus_60delay_withpc-4 139868364392256
read_file 1568156813.6119573 1568156813.638187 bigbrain_3076_1206_2082.nii 139975784433472
increment_file 1568156813.638541 1568156816.4413424 bigbrain_3076_1206_2082.nii 139975784433472
write_file 1568156816.4576395 1568156816.9385078 inc-bigbrain_3076_1206_2082.nii 139975784433472
task_duration 1568156933.6107986 1568157057.048504 1568156106-local_1it_25cpus_60delay_withpc-4 139975784433472
read_file 1568156815.0111728 1568156815.0360596 bigbrain_3076_1206_2776.nii 139812793431872
increment_file 1568156815.0364819 1568156817.9614475 bigbrain_3076_1206_2776.nii 139812793431872
write_file 1568156817.979986 1568156818.568688 inc-bigbrain_3076_1206_2776.nii 139812793431872
task_duration 1568156935.0081098 1568157058.673125 1568156106-local_1it_25cpus_60delay_withpc-4 139812793431872
read_file 1568156816.6881173 1568156816.6936266 bigbrain_3076_1206_694.nii 140406127949632
increment_file 1568156816.693795 1568156819.447403 bigbrain_3076_1206_694.nii 140406127949632
write_file 1568156819.4648829 1568156819.9482596 inc-bigbrain_3076_1206_694.nii 140406127949632
task_duration 1568156936.6864014 1568157060.0513165 1568156106-local_1it_25cpus_60delay_withpc-4 140406127949632
read_file 1568156816.7321684 1568156816.7585433 bigbrain_3076_1809_0.nii 139904819099456
increment_file 1568156816.7588718 1568156819.4876444 bigbrain_3076_1809_0.nii 139904819099456
write_file 1568156819.4992821 1568156819.9513965 inc-bigbrain_3076_1809_0.nii 139904819099456
task_duration 1568156936.7308075 1568157059.9654791 1568156106-local_1it_25cpus_60delay_withpc-4 139904819099456
read_file 1568156830.8841887 1568156830.8860643 bigbrain_3076_1809_1388.nii 140367981131584
increment_file 1568156830.886251 1568156832.1228075 bigbrain_3076_1809_1388.nii 140367981131584
write_file 1568156832.1368802 1568156832.5867853 inc-bigbrain_3076_1809_1388.nii 140367981131584
task_duration 1568156950.8827724 1568157072.6962945 1568156106-local_1it_25cpus_60delay_withpc-4 140367981131584
read_file 1568156833.0637898 1568156833.0662885 bigbrain_3076_1809_2082.nii 140112563308352
increment_file 1568156833.066616 1568156834.319981 bigbrain_3076_1809_2082.nii 140112563308352
write_file 1568156834.3348944 1568156834.808047 inc-bigbrain_3076_1809_2082.nii 140112563308352
task_duration 1568156953.0617123 1568157074.9131453 1568156106-local_1it_25cpus_60delay_withpc-4 140112563308352
read_file 1568156835.910155 1568156835.9126737 bigbrain_3076_1809_2776.nii 139752904316736
increment_file 1568156835.9130607 1568156837.1546817 bigbrain_3076_1809_2776.nii 139752904316736
write_file 1568156837.1666682 1568156837.6436226 inc-bigbrain_3076_1809_2776.nii 139752904316736
task_duration 1568156955.907602 1568157077.6952965 1568156106-local_1it_25cpus_60delay_withpc-4 139752904316736
read_file 1568156838.3053458 1568156838.3067703 bigbrain_3076_1809_694.nii 139909473363776
increment_file 1568156838.306946 1568156840.3800673 bigbrain_3076_1809_694.nii 139909473363776
write_file 1568156840.403273 1568156840.9552243 inc-bigbrain_3076_1809_694.nii 139909473363776
task_duration 1568156958.3022323 1568157081.066371 1568156106-local_1it_25cpus_60delay_withpc-4 139909473363776
read_file 1568156838.6922877 1568156838.6971679 bigbrain_3076_2412_0.nii 140072840832832
increment_file 1568156838.6974945 1568156841.1474078 bigbrain_3076_2412_0.nii 140072840832832
write_file 1568156841.1697133 1568156841.6543252 inc-bigbrain_3076_2412_0.nii 140072840832832
task_duration 1568156958.6911657 1568157081.7598703 1568156106-local_1it_25cpus_60delay_withpc-4 140072840832832
read_file 1568156840.1496627 1568156840.1798723 bigbrain_3076_2412_1388.nii 139993223153472
increment_file 1568156840.1802444 1568156850.9232428 bigbrain_3076_2412_1388.nii 139993223153472
write_file 1568156850.9401996 1568156851.4308136 inc-bigbrain_3076_2412_1388.nii 139993223153472
task_duration 1568156960.1476073 1568157091.536914 1568156106-local_1it_25cpus_60delay_withpc-4 139993223153472
read_file 1568156841.0750654 1568156841.095456 bigbrain_3076_2412_2082.nii 140476604385088
increment_file 1568156841.0957956 1568156862.5186787 bigbrain_3076_2412_2082.nii 140476604385088
write_file 1568156862.5364144 1568156862.9994686 inc-bigbrain_3076_2412_2082.nii 140476604385088
task_duration 1568156961.0722048 1568157103.1036344 1568156106-local_1it_25cpus_60delay_withpc-4 140476604385088
read_file 1568156841.2740052 1568156841.2940607 bigbrain_3076_2412_2776.nii 140687382312768
increment_file 1568156841.2943475 1568156861.7633882 bigbrain_3076_2412_2776.nii 140687382312768
write_file 1568156861.780904 1568156862.2713065 inc-bigbrain_3076_2412_2776.nii 140687382312768
task_duration 1568156961.2720983 1568157102.3162231 1568156106-local_1it_25cpus_60delay_withpc-4 140687382312768
read_file 1568156841.4707406 1568156841.503792 bigbrain_3076_2412_694.nii 140099892524864
increment_file 1568156841.5040715 1568156866.5524096 bigbrain_3076_2412_694.nii 140099892524864
write_file 1568156866.572116 1568156867.118304 inc-bigbrain_3076_2412_694.nii 140099892524864
task_duration 1568156961.4678836 1568157107.2206035 1568156106-local_1it_25cpus_60delay_withpc-4 140099892524864
read_file 1568156841.6464093 1568156841.681843 bigbrain_3076_603_1388.nii 139997732661056
increment_file 1568156841.682223 1568156864.3105183 bigbrain_3076_603_1388.nii 139997732661056
write_file 1568156864.3280313 1568156864.812505 inc-bigbrain_3076_603_1388.nii 139997732661056
task_duration 1568156961.6432142 1568157104.920193 1568156106-local_1it_25cpus_60delay_withpc-4 139997732661056
read_file 1568156841.5860786 1568156841.681935 bigbrain_3076_603_0.nii 140003572971328
increment_file 1568156841.6823068 1568156866.5995197 bigbrain_3076_603_0.nii 140003572971328
write_file 1568156866.6103792 1568156867.1802003 inc-bigbrain_3076_603_0.nii 140003572971328
task_duration 1568156961.5828972 1568157107.2842703 1568156106-local_1it_25cpus_60delay_withpc-4 140003572971328
read_file 1568156841.677039 1568156841.7230084 bigbrain_3076_603_2082.nii 139975325935424
increment_file 1568156841.7233515 1568156866.2694976 bigbrain_3076_603_2082.nii 139975325935424
write_file 1568156866.2869287 1568156866.7851186 inc-bigbrain_3076_603_2082.nii 139975325935424
task_duration 1568156961.673874 1568157106.8895 1568156106-local_1it_25cpus_60delay_withpc-4 139975325935424
read_file 1568156841.706763 1568156841.795764 bigbrain_3076_603_2776.nii 139688183609152
increment_file 1568156841.7961566 1568156866.114129 bigbrain_3076_603_2776.nii 139688183609152
write_file 1568156866.1309545 1568156866.632857 inc-bigbrain_3076_603_2776.nii 139688183609152
task_duration 1568156961.7035813 1568157106.7377641 1568156106-local_1it_25cpus_60delay_withpc-4 139688183609152
read_file 1568156841.7574563 1568156841.8255775 bigbrain_3076_603_694.nii 140524489828160
increment_file 1568156841.8257804 1568156865.420421 bigbrain_3076_603_694.nii 140524489828160
write_file 1568156865.4365528 1568156865.9192061 inc-bigbrain_3076_603_694.nii 140524489828160
task_duration 1568156961.7551324 1568157106.0226805 1568156106-local_1it_25cpus_60delay_withpc-4 140524489828160
read_file 1568156841.7738721 1568156841.857331 bigbrain_769_0_0.nii 139640916977472
increment_file 1568156841.8576918 1568156865.8432999 bigbrain_769_0_0.nii 139640916977472
write_file 1568156865.8629158 1568156866.5658503 inc-bigbrain_769_0_0.nii 139640916977472
task_duration 1568156961.7714005 1568157106.6709335 1568156106-local_1it_25cpus_60delay_withpc-4 139640916977472
read_file 1568156841.789575 1568156841.876677 bigbrain_769_0_2082.nii 139884321404736
increment_file 1568156841.8770494 1568156865.3030462 bigbrain_769_0_2082.nii 139884321404736
write_file 1568156865.3203897 1568156865.8119857 inc-bigbrain_769_0_2082.nii 139884321404736
task_duration 1568156961.7877774 1568157105.9221177 1568156106-local_1it_25cpus_60delay_withpc-4 139884321404736
read_file 1568156841.7693617 1568156841.8767352 bigbrain_769_0_1388.nii 140715081135936
increment_file 1568156841.8772273 1568156866.2322986 bigbrain_769_0_1388.nii 140715081135936
write_file 1568156866.2498672 1568156866.7974586 inc-bigbrain_769_0_1388.nii 140715081135936
task_duration 1568156961.7674112 1568157106.9024906 1568156106-local_1it_25cpus_60delay_withpc-4 140715081135936
read_file 1568156908.3001854 1568156908.3859062 bigbrain_769_0_694.nii 139739159701312
increment_file 1568156908.3862033 1568156914.9311862 bigbrain_769_0_694.nii 139739159701312
write_file 1568156914.949628 1568156915.442666 inc-bigbrain_769_0_694.nii 139739159701312
task_duration 1568157028.2980354 1568157155.5496662 1568156106-local_1it_25cpus_60delay_withpc-4 139739159701312
read_file 1568156908.3055573 1568156908.3864458 bigbrain_769_0_2776.nii 140410965841728
increment_file 1568156908.3867912 1568156914.9841776 bigbrain_769_0_2776.nii 140410965841728
write_file 1568156915.001945 1568156915.4885345 inc-bigbrain_769_0_2776.nii 140410965841728
task_duration 1568157028.3029604 1568157155.5956857 1568156106-local_1it_25cpus_60delay_withpc-4 140410965841728
read_file 1568156935.1219292 1568156935.1235385 bigbrain_769_1206_0.nii 139626166228800
increment_file 1568156935.1237392 1568156936.3858094 bigbrain_769_1206_0.nii 139626166228800
write_file 1568156936.3969646 1568156936.856583 inc-bigbrain_769_1206_0.nii 139626166228800
task_duration 1568157055.1201918 1568157176.9675574 1568156106-local_1it_25cpus_60delay_withpc-4 139626166228800
read_file 1568156937.5701392 1568156937.572615 bigbrain_769_1206_1388.nii 139662950979392
increment_file 1568156937.5729594 1568156939.7250137 bigbrain_769_1206_1388.nii 139662950979392
write_file 1568156939.7438545 1568156940.2872953 inc-bigbrain_769_1206_1388.nii 139662950979392
task_duration 1568157057.567771 1568157180.3975368 1568156106-local_1it_25cpus_60delay_withpc-4 139662950979392
read_file 1568156937.8900435 1568156937.9011457 bigbrain_769_1206_2082.nii 139801919162176
increment_file 1568156937.9013522 1568156940.3166058 bigbrain_769_1206_2082.nii 139801919162176
write_file 1568156940.3296256 1568156940.8021445 inc-bigbrain_769_1206_2082.nii 139801919162176
task_duration 1568157057.8878608 1568157180.9125397 1568156106-local_1it_25cpus_60delay_withpc-4 139801919162176
read_file 1568156939.4652607 1568156939.4925108 bigbrain_769_1206_2776.nii 140156370577216
increment_file 1568156939.4928727 1568156941.7529728 bigbrain_769_1206_2776.nii 140156370577216
write_file 1568156941.770609 1568156942.2494593 inc-bigbrain_769_1206_2776.nii 140156370577216
task_duration 1568157059.462032 1568157182.3605404 1568156106-local_1it_25cpus_60delay_withpc-4 140156370577216
read_file 1568156940.8024564 1568156940.820757 bigbrain_769_1206_694.nii 139708972549952
increment_file 1568156940.8211408 1568156943.4526546 bigbrain_769_1206_694.nii 139708972549952
write_file 1568156943.4702578 1568156943.9566376 inc-bigbrain_769_1206_694.nii 139708972549952
task_duration 1568157060.8004167 1568157184.0644217 1568156106-local_1it_25cpus_60delay_withpc-4 139708972549952
read_file 1568156940.8951893 1568156940.9176035 bigbrain_769_1809_0.nii 140664579602240
increment_file 1568156940.9179106 1568156943.508082 bigbrain_769_1809_0.nii 140664579602240
write_file 1568156943.518822 1568156943.992558 inc-bigbrain_769_1809_0.nii 140664579602240
task_duration 1568157060.8933008 1568157184.1008017 1568156106-local_1it_25cpus_60delay_withpc-4 140664579602240
read_file 1568156953.4976103 1568156953.4993246 bigbrain_769_1809_1388.nii 140169862858560
increment_file 1568156953.4995549 1568156954.7610214 bigbrain_769_1809_1388.nii 140169862858560
write_file 1568156954.7770498 1568156955.2511516 inc-bigbrain_769_1809_1388.nii 140169862858560
task_duration 1568157073.495858 1568157195.357446 1568156106-local_1it_25cpus_60delay_withpc-4 140169862858560
read_file 1568156955.6493976 1568156955.6520514 bigbrain_769_1809_2082.nii 140665159518016
increment_file 1568156955.6523702 1568156956.885646 bigbrain_769_1809_2082.nii 140665159518016
write_file 1568156956.8966956 1568156957.3597162 inc-bigbrain_769_1809_2082.nii 140665159518016
task_duration 1568157075.6476521 1568157197.465285 1568156106-local_1it_25cpus_60delay_withpc-4 140665159518016
read_file 1568156958.4415553 1568156958.4440098 bigbrain_769_1809_2776.nii 140558761387840
increment_file 1568156958.4443197 1568156959.7036295 bigbrain_769_1809_2776.nii 140558761387840
write_file 1568156959.7126648 1568156960.1771972 inc-bigbrain_769_1809_2776.nii 140558761387840
task_duration 1568157078.4395697 1568157200.282134 1568156106-local_1it_25cpus_60delay_withpc-4 140558761387840
read_file 1568156961.8184547 1568156961.8202982 bigbrain_769_1809_694.nii 139771084941120
increment_file 1568156961.8205152 1568156963.5512087 bigbrain_769_1809_694.nii 139771084941120
write_file 1568156963.5689633 1568156964.0465202 inc-bigbrain_769_1809_694.nii 139771084941120
task_duration 1568157081.8157356 1568157204.154294 1568156106-local_1it_25cpus_60delay_withpc-4 139771084941120
read_file 1568156962.485361 1568156962.4949656 bigbrain_769_2412_0.nii 139747800115008
increment_file 1568156962.4952998 1568156964.224662 bigbrain_769_2412_0.nii 139747800115008
write_file 1568156964.236664 1568156964.7099833 inc-bigbrain_769_2412_0.nii 139747800115008
task_duration 1568157082.482935 1568157204.8201168 1568156106-local_1it_25cpus_60delay_withpc-4 139747800115008
read_file 1568156972.4195192 1568156972.4221158 bigbrain_769_2412_1388.nii 139764088334144
increment_file 1568156972.4224343 1568156973.6590867 bigbrain_769_2412_1388.nii 139764088334144
write_file 1568156973.674279 1568156974.1404984 inc-bigbrain_769_2412_1388.nii 139764088334144
task_duration 1568157092.4173663 1568157214.2531493 1568156106-local_1it_25cpus_60delay_withpc-4 139764088334144
read_file 1568156983.0600574 1568156983.1753132 bigbrain_769_2412_2082.nii 139700285097792
increment_file 1568156983.1756537 1568156994.1502717 bigbrain_769_2412_2082.nii 139700285097792
write_file 1568156994.1685348 1568156994.6746864 inc-bigbrain_769_2412_2082.nii 139700285097792
task_duration 1568157103.0580885 1568157234.7814445 1568156106-local_1it_25cpus_60delay_withpc-4 139700285097792
read_file 1568156983.829619 1568156983.9067965 bigbrain_769_2412_2776.nii 140499618154304
increment_file 1568156983.907207 1568156995.803138 bigbrain_769_2412_2776.nii 140499618154304
write_file 1568156995.8233998 1568156996.3702893 inc-bigbrain_769_2412_2776.nii 140499618154304
task_duration 1568157103.82787 1568157236.4800744 1568156106-local_1it_25cpus_60delay_withpc-4 140499618154304
read_file 1568156985.6873775 1568156985.7706094 bigbrain_769_2412_694.nii 139672478336832
increment_file 1568156985.7709074 1568156999.1766257 bigbrain_769_2412_694.nii 139672478336832
write_file 1568156999.1931527 1568156999.6646795 inc-bigbrain_769_2412_694.nii 139672478336832
task_duration 1568157105.6855888 1568157239.6965156 1568156106-local_1it_25cpus_60delay_withpc-4 139672478336832
read_file 1568156986.8565543 1568156986.917937 bigbrain_769_603_0.nii 140190777374528
increment_file 1568156986.918321 1568157000.6671956 bigbrain_769_603_0.nii 140190777374528
write_file 1568157000.6820362 1568157001.16114 inc-bigbrain_769_603_0.nii 140190777374528
task_duration 1568157106.853626 1568157241.2690365 1568156106-local_1it_25cpus_60delay_withpc-4 140190777374528
read_file 1568156986.954615 1568156987.0673792 bigbrain_769_603_1388.nii 140574353983296
increment_file 1568156987.0675783 1568157000.8569736 bigbrain_769_603_1388.nii 140574353983296
write_file 1568157000.876144 1568157001.4385462 inc-bigbrain_769_603_1388.nii 140574353983296
task_duration 1568157106.9523482 1568157241.5511236 1568156106-local_1it_25cpus_60delay_withpc-4 140574353983296
read_file 1568156987.7303262 1568156987.7315037 bigbrain_769_603_2082.nii 139749347821376
increment_file 1568156987.7317138 1568156988.1203244 bigbrain_769_603_2082.nii 139749347821376
write_file 1568156988.1295266 1568156988.5849504 inc-bigbrain_769_603_2082.nii 139749347821376
task_duration 1568157107.7281318 1568157228.694926 1568156106-local_1it_25cpus_60delay_withpc-4 139749347821376
read_file 1568156987.8079593 1568156988.001045 bigbrain_769_603_2776.nii 140354250712896
increment_file 1568156988.0013726 1568157001.3913324 bigbrain_769_603_2776.nii 140354250712896
write_file 1568157001.409716 1568157001.891439 inc-bigbrain_769_603_2776.nii 140354250712896
task_duration 1568157107.8060966 1568157242.004306 1568156106-local_1it_25cpus_60delay_withpc-4 140354250712896
read_file 1568156987.8389392 1568156988.0193655 bigbrain_769_603_694.nii 140472074135360
increment_file 1568156988.0196826 1568157001.3455386 bigbrain_769_603_694.nii 140472074135360
write_file 1568157001.363216 1568157001.8438785 inc-bigbrain_769_603_694.nii 140472074135360
task_duration 1568157107.8370223 1568157241.956924 1568156106-local_1it_25cpus_60delay_withpc-4 140472074135360
