read_file 1568144519.1018357 1568144519.1031961 bigbrain_769_603_2776.nii 140275699861312
increment_file 1568144519.103346 1568144519.9722877 bigbrain_769_603_2776.nii 140275699861312
write_file 1568144519.9817777 1568144520.865381 inc-bigbrain_769_603_2776.nii 140275699861312
task_duration 1568144639.1001334 1568144760.975911 1568144172-tmpfs_1it_25cpus_60delay_withpc-2 140275699861312
read_file 1568144519.1010857 1568144519.1024256 bigbrain_769_603_2082.nii 140293698832192
increment_file 1568144519.1025906 1568144519.9695115 bigbrain_769_603_2082.nii 140293698832192
write_file 1568144519.979048 1568144520.8621035 inc-bigbrain_769_603_2082.nii 140293698832192
task_duration 1568144639.0991876 1568144760.9724042 1568144172-tmpfs_1it_25cpus_60delay_withpc-2 140293698832192
read_file 1568144519.0981827 1568144519.0998735 bigbrain_769_603_694.nii 140626208020288
increment_file 1568144519.1000829 1568144519.992762 bigbrain_769_603_694.nii 140626208020288
write_file 1568144520.002488 1568144521.0093462 inc-bigbrain_769_603_694.nii 140626208020288
task_duration 1568144639.0960824 1568144761.1231287 1568144172-tmpfs_1it_25cpus_60delay_withpc-2 140626208020288
read_file 1568144519.090365 1568144519.0916193 bigbrain_769_603_1388.nii 140061726476096
increment_file 1568144519.0917716 1568144519.9608662 bigbrain_769_603_1388.nii 140061726476096
write_file 1568144519.9709225 1568144521.1545434 inc-bigbrain_769_603_1388.nii 140061726476096
task_duration 1568144639.0881288 1568144761.2599168 1568144172-tmpfs_1it_25cpus_60delay_withpc-2 140061726476096
read_file 1568144519.08036 1568144519.0824213 bigbrain_769_603_0.nii 139703754532672
increment_file 1568144519.0826643 1568144519.9476833 bigbrain_769_603_0.nii 139703754532672
write_file 1568144519.9576967 1568144520.8280709 inc-bigbrain_769_603_0.nii 139703754532672
task_duration 1568144639.07763 1568144760.9382136 1568144172-tmpfs_1it_25cpus_60delay_withpc-2 139703754532672
read_file 1568144519.0371807 1568144519.039398 bigbrain_769_2412_694.nii 140157195138880
increment_file 1568144519.0395415 1568144519.8934836 bigbrain_769_2412_694.nii 140157195138880
write_file 1568144519.9032583 1568144520.7969048 inc-bigbrain_769_2412_694.nii 140157195138880
task_duration 1568144639.0339143 1568144760.907002 1568144172-tmpfs_1it_25cpus_60delay_withpc-2 140157195138880
read_file 1568144519.0124052 1568144519.0137982 bigbrain_769_2412_2776.nii 140363438892864
increment_file 1568144519.0139453 1568144519.8872254 bigbrain_769_2412_2776.nii 140363438892864
write_file 1568144519.8972561 1568144520.7798796 inc-bigbrain_769_2412_2776.nii 140363438892864
task_duration 1568144639.0091393 1568144760.8846393 1568144172-tmpfs_1it_25cpus_60delay_withpc-2 140363438892864
read_file 1568144519.0034518 1568144519.0054145 bigbrain_769_2412_2082.nii 139657885747008
increment_file 1568144519.0056434 1568144519.8487275 bigbrain_769_2412_2082.nii 139657885747008
write_file 1568144519.8585865 1568144520.7645454 inc-bigbrain_769_2412_2082.nii 139657885747008
task_duration 1568144639.0007641 1568144760.8755002 1568144172-tmpfs_1it_25cpus_60delay_withpc-2 139657885747008
read_file 1568144519.003543 1568144519.0049121 bigbrain_769_2412_1388.nii 140439557621568
increment_file 1568144519.0050862 1568144519.8697836 bigbrain_769_2412_1388.nii 140439557621568
write_file 1568144519.8798048 1568144520.7611213 inc-bigbrain_769_2412_1388.nii 140439557621568
task_duration 1568144639.0016024 1568144760.871145 1568144172-tmpfs_1it_25cpus_60delay_withpc-2 140439557621568
read_file 1568144518.8824077 1568144518.8836043 bigbrain_769_2412_0.nii 140366276470592
increment_file 1568144518.8837485 1568144519.7466261 bigbrain_769_2412_0.nii 140366276470592
write_file 1568144519.7564204 1568144520.6252286 inc-bigbrain_769_2412_0.nii 140366276470592
task_duration 1568144638.8797767 1568144760.7347753 1568144172-tmpfs_1it_25cpus_60delay_withpc-2 140366276470592
read_file 1568144517.9922767 1568144517.9935443 bigbrain_769_1809_694.nii 140276131751744
increment_file 1568144517.9937005 1568144518.780862 bigbrain_769_1809_694.nii 140276131751744
write_file 1568144518.7905364 1568144519.624109 inc-bigbrain_769_1809_694.nii 140276131751744
task_duration 1568144637.989189 1568144759.7323043 1568144172-tmpfs_1it_25cpus_60delay_withpc-2 140276131751744
read_file 1568144517.2535944 1568144517.254812 bigbrain_769_1809_2776.nii 139924240914240
increment_file 1568144517.254974 1568144517.6897693 bigbrain_769_1809_2776.nii 139924240914240
write_file 1568144517.6995287 1568144518.478798 inc-bigbrain_769_1809_2776.nii 139924240914240
task_duration 1568144637.2504892 1568144758.5927875 1568144172-tmpfs_1it_25cpus_60delay_withpc-2 139924240914240
read_file 1568144517.1613572 1568144517.163304 bigbrain_769_1809_2082.nii 140006121510720
increment_file 1568144517.1634643 1568144517.6025083 bigbrain_769_1809_2082.nii 140006121510720
write_file 1568144517.6125684 1568144518.346563 inc-bigbrain_769_1809_2082.nii 140006121510720
task_duration 1568144637.1579282 1568144758.3967614 1568144172-tmpfs_1it_25cpus_60delay_withpc-2 140006121510720
read_file 1568144516.9388988 1568144516.9402275 bigbrain_769_1809_0.nii 140059456673600
increment_file 1568144516.9403763 1568144517.3984163 bigbrain_769_1809_0.nii 140059456673600
write_file 1568144517.408221 1568144517.9347456 inc-bigbrain_769_1809_0.nii 140059456673600
task_duration 1568144636.9371152 1568144758.0476987 1568144172-tmpfs_1it_25cpus_60delay_withpc-2 140059456673600
read_file 1568144516.9268155 1568144516.928222 bigbrain_769_1809_1388.nii 139675236529984
increment_file 1568144516.9283776 1568144517.3518627 bigbrain_769_1809_1388.nii 139675236529984
write_file 1568144517.361272 1568144518.0334303 inc-bigbrain_769_1809_1388.nii 139675236529984
task_duration 1568144636.9251428 1568144758.1463847 1568144172-tmpfs_1it_25cpus_60delay_withpc-2 139675236529984
read_file 1568144516.507231 1568144516.5090072 bigbrain_769_1206_694.nii 140279113852736
increment_file 1568144516.5091677 1568144516.9441493 bigbrain_769_1206_694.nii 140279113852736
write_file 1568144516.9731565 1568144517.4313984 inc-bigbrain_769_1206_694.nii 140279113852736
task_duration 1568144636.5039687 1568144757.5429957 1568144172-tmpfs_1it_25cpus_60delay_withpc-2 140279113852736
read_file 1568144515.4649584 1568144515.4663756 bigbrain_769_1206_2776.nii 140366428718912
increment_file 1568144515.4665382 1568144515.9146585 bigbrain_769_1206_2776.nii 140366428718912
write_file 1568144515.9248662 1568144516.3674412 inc-bigbrain_769_1206_2776.nii 140366428718912
task_duration 1568144635.4630501 1568144756.477486 1568144172-tmpfs_1it_25cpus_60delay_withpc-2 140366428718912
read_file 1568144515.21847 1568144515.220049 bigbrain_769_1206_2082.nii 140279140386624
increment_file 1568144515.2202308 1568144515.7673895 bigbrain_769_1206_2082.nii 140279140386624
write_file 1568144515.7768521 1568144516.2420876 inc-bigbrain_769_1206_2082.nii 140279140386624
task_duration 1568144635.2163634 1568144756.35163 1568144172-tmpfs_1it_25cpus_60delay_withpc-2 140279140386624
read_file 1568144514.6954472 1568144514.6965694 bigbrain_769_1206_1388.nii 140630470940480
increment_file 1568144514.6966984 1568144515.114167 bigbrain_769_1206_1388.nii 140630470940480
write_file 1568144515.1240747 1568144515.6384866 inc-bigbrain_769_1206_1388.nii 140630470940480
task_duration 1568144634.694024 1568144755.7447124 1568144172-tmpfs_1it_25cpus_60delay_withpc-2 140630470940480
read_file 1568144514.0311153 1568144514.0327775 bigbrain_769_1206_0.nii 140394166732608
increment_file 1568144514.0329733 1568144514.4494925 bigbrain_769_1206_0.nii 140394166732608
write_file 1568144514.4589353 1568144514.8924518 inc-bigbrain_769_1206_0.nii 140394166732608
task_duration 1568144634.0287004 1568144754.9970384 1568144172-tmpfs_1it_25cpus_60delay_withpc-2 140394166732608
read_file 1568144509.58082 1568144509.5820553 bigbrain_769_0_694.nii 139811602761536
increment_file 1568144509.5822103 1568144509.9816334 bigbrain_769_0_694.nii 139811602761536
write_file 1568144509.9906256 1568144510.7238026 inc-bigbrain_769_0_694.nii 139811602761536
task_duration 1568144629.5789883 1568144750.828857 1568144172-tmpfs_1it_25cpus_60delay_withpc-2 139811602761536
read_file 1568144508.6568792 1568144508.6583345 bigbrain_769_0_2776.nii 139781427246912
increment_file 1568144508.6584888 1568144509.1130598 bigbrain_769_0_2776.nii 139781427246912
write_file 1568144509.122468 1568144509.722918 inc-bigbrain_769_0_2776.nii 139781427246912
task_duration 1568144628.65445 1568144749.8351042 1568144172-tmpfs_1it_25cpus_60delay_withpc-2 139781427246912
read_file 1568144393.8398316 1568144393.8411036 bigbrain_769_0_2082.nii 139627282732864
increment_file 1568144393.8412645 1568144394.7868726 bigbrain_769_0_2082.nii 139627282732864
write_file 1568144394.796916 1568144395.748441 inc-bigbrain_769_0_2082.nii 139627282732864
task_duration 1568144513.8384721 1568144635.8531308 1568144172-tmpfs_1it_25cpus_60delay_withpc-2 139627282732864
read_file 1568144393.8245149 1568144393.8259552 bigbrain_769_0_1388.nii 139758169216832
increment_file 1568144393.8261735 1568144394.930523 bigbrain_769_0_1388.nii 139758169216832
write_file 1568144394.9401045 1568144395.8461263 inc-bigbrain_769_0_1388.nii 139758169216832
task_duration 1568144513.8228455 1568144635.9505205 1568144172-tmpfs_1it_25cpus_60delay_withpc-2 139758169216832
read_file 1568144393.808492 1568144393.8106282 bigbrain_769_0_0.nii 140478453827392
increment_file 1568144393.8107889 1568144394.9135346 bigbrain_769_0_0.nii 140478453827392
write_file 1568144394.923318 1568144396.0147054 inc-bigbrain_769_0_0.nii 140478453827392
task_duration 1568144513.8058596 1568144636.1191032 1568144172-tmpfs_1it_25cpus_60delay_withpc-2 140478453827392
read_file 1568144393.774005 1568144393.7757294 bigbrain_3076_603_2776.nii 140091922868032
increment_file 1568144393.7759166 1568144394.887979 bigbrain_3076_603_2776.nii 140091922868032
write_file 1568144394.898401 1568144395.8288271 inc-bigbrain_3076_603_2776.nii 140091922868032
task_duration 1568144513.7719631 1568144635.932076 1568144172-tmpfs_1it_25cpus_60delay_withpc-2 140091922868032
read_file 1568144393.7711205 1568144393.7724035 bigbrain_3076_603_694.nii 139652128925504
increment_file 1568144393.7725523 1568144394.8812912 bigbrain_3076_603_694.nii 139652128925504
write_file 1568144394.8916943 1568144395.8211827 inc-bigbrain_3076_603_694.nii 139652128925504
task_duration 1568144513.7691453 1568144635.9258368 1568144172-tmpfs_1it_25cpus_60delay_withpc-2 139652128925504
read_file 1568144393.770719 1568144393.7719858 bigbrain_3076_603_1388.nii 139722050864960
increment_file 1568144393.7721446 1568144394.7904313 bigbrain_3076_603_1388.nii 139722050864960
write_file 1568144394.801714 1568144396.0210476 inc-bigbrain_3076_603_1388.nii 139722050864960
task_duration 1568144513.7682931 1568144636.1264324 1568144172-tmpfs_1it_25cpus_60delay_withpc-2 139722050864960
read_file 1568144393.7650452 1568144393.767006 bigbrain_3076_603_2082.nii 140010950096704
increment_file 1568144393.767237 1568144394.886413 bigbrain_3076_603_2082.nii 140010950096704
write_file 1568144394.8973858 1568144395.8259535 inc-bigbrain_3076_603_2082.nii 140010950096704
task_duration 1568144513.7625961 1568144635.9297917 1568144172-tmpfs_1it_25cpus_60delay_withpc-2 140010950096704
read_file 1568144393.7569487 1568144393.7582972 bigbrain_3076_603_0.nii 139663315859264
increment_file 1568144393.7584617 1568144394.724735 bigbrain_3076_603_0.nii 139663315859264
write_file 1568144394.735988 1568144395.6836984 inc-bigbrain_3076_603_0.nii 139663315859264
task_duration 1568144513.754663 1568144635.7884285 1568144172-tmpfs_1it_25cpus_60delay_withpc-2 139663315859264
read_file 1568144393.74923 1568144393.7509053 bigbrain_3076_2412_2776.nii 140429771228992
increment_file 1568144393.7511156 1568144394.689387 bigbrain_3076_2412_2776.nii 140429771228992
write_file 1568144394.7002828 1568144395.6549478 inc-bigbrain_3076_2412_2776.nii 140429771228992
task_duration 1568144513.7471483 1568144635.75865 1568144172-tmpfs_1it_25cpus_60delay_withpc-2 140429771228992
read_file 1568144393.7364974 1568144393.7378845 bigbrain_3076_2412_694.nii 139776021870400
increment_file 1568144393.7380702 1568144394.6846225 bigbrain_3076_2412_694.nii 139776021870400
write_file 1568144394.6947925 1568144395.649712 inc-bigbrain_3076_2412_694.nii 139776021870400
task_duration 1568144513.7334785 1568144635.6736145 1568144172-tmpfs_1it_25cpus_60delay_withpc-2 139776021870400
read_file 1568144393.7091484 1568144393.7104902 bigbrain_3076_2412_2082.nii 139753074460480
increment_file 1568144393.7106526 1568144394.8336468 bigbrain_3076_2412_2082.nii 139753074460480
write_file 1568144394.844325 1568144395.7821236 inc-bigbrain_3076_2412_2082.nii 139753074460480
task_duration 1568144513.7061617 1568144635.886739 1568144172-tmpfs_1it_25cpus_60delay_withpc-2 139753074460480
read_file 1568144393.6692774 1568144393.6704032 bigbrain_3076_2412_1388.nii 140073444894528
increment_file 1568144393.6705432 1568144394.769582 bigbrain_3076_2412_1388.nii 140073444894528
write_file 1568144394.780909 1568144396.1852696 inc-bigbrain_3076_2412_1388.nii 140073444894528
task_duration 1568144513.6663432 1568144636.2913227 1568144172-tmpfs_1it_25cpus_60delay_withpc-2 140073444894528
read_file 1568144393.6583202 1568144393.6598074 bigbrain_3076_2412_0.nii 140007666014016
increment_file 1568144393.6599603 1568144394.7630153 bigbrain_3076_2412_0.nii 140007666014016
write_file 1568144394.7732315 1568144395.7165515 inc-bigbrain_3076_2412_0.nii 140007666014016
task_duration 1568144513.6550972 1568144635.8208392 1568144172-tmpfs_1it_25cpus_60delay_withpc-2 140007666014016
read_file 1568144393.1762006 1568144393.1778748 bigbrain_3076_1809_694.nii 140061086848832
increment_file 1568144393.1780915 1568144393.7990074 bigbrain_3076_1809_694.nii 140061086848832
write_file 1568144393.8095934 1568144394.916509 inc-bigbrain_3076_1809_694.nii 140061086848832
task_duration 1568144513.1740413 1568144635.020444 1568144172-tmpfs_1it_25cpus_60delay_withpc-2 140061086848832
read_file 1568144392.9430773 1568144392.9446847 bigbrain_3076_1809_2776.nii 139667452675904
increment_file 1568144392.9448774 1568144393.3552735 bigbrain_3076_1809_2776.nii 139667452675904
write_file 1568144393.3648689 1568144394.3639858 inc-bigbrain_3076_1809_2776.nii 139667452675904
task_duration 1568144512.9410532 1568144634.4675477 1568144172-tmpfs_1it_25cpus_60delay_withpc-2 139667452675904
read_file 1568144392.9124014 1568144392.9138913 bigbrain_3076_1809_1388.nii 139812403386176
increment_file 1568144392.9140728 1568144393.3245187 bigbrain_3076_1809_1388.nii 139812403386176
write_file 1568144393.334081 1568144394.2930636 inc-bigbrain_3076_1809_1388.nii 139812403386176
task_duration 1568144512.910462 1568144634.3962975 1568144172-tmpfs_1it_25cpus_60delay_withpc-2 139812403386176
read_file 1568144392.9054391 1568144392.907584 bigbrain_3076_1809_2082.nii 140552637417280
increment_file 1568144392.9077492 1568144393.515762 bigbrain_3076_1809_2082.nii 140552637417280
write_file 1568144393.5255961 1568144394.437507 inc-bigbrain_3076_1809_2082.nii 140552637417280
task_duration 1568144512.9022036 1568144634.5405662 1568144172-tmpfs_1it_25cpus_60delay_withpc-2 140552637417280
read_file 1568144392.8247576 1568144392.8265324 bigbrain_3076_1206_694.nii 140346016204608
increment_file 1568144392.826721 1568144393.3407567 bigbrain_3076_1206_694.nii 140346016204608
write_file 1568144393.350681 1568144394.2717242 inc-bigbrain_3076_1206_694.nii 140346016204608
task_duration 1568144512.8213768 1568144634.3769505 1568144172-tmpfs_1it_25cpus_60delay_withpc-2 140346016204608
read_file 1568144392.7891736 1568144392.790882 bigbrain_3076_1809_0.nii 139778553194304
increment_file 1568144392.7911015 1568144393.2662861 bigbrain_3076_1809_0.nii 139778553194304
write_file 1568144393.2759104 1568144394.1941063 inc-bigbrain_3076_1809_0.nii 139778553194304
task_duration 1568144512.7869372 1568144634.2973633 1568144172-tmpfs_1it_25cpus_60delay_withpc-2 139778553194304
read_file 1568144392.64585 1568144392.647241 bigbrain_3076_1206_2776.nii 139896134956864
increment_file 1568144392.6474054 1568144393.0985765 bigbrain_3076_1206_2776.nii 139896134956864
write_file 1568144393.1081934 1568144393.9131877 inc-bigbrain_3076_1206_2776.nii 139896134956864
task_duration 1568144512.6440077 1568144633.9176211 1568144172-tmpfs_1it_25cpus_60delay_withpc-2 139896134956864
read_file 1568144392.5878875 1568144392.5897534 bigbrain_3076_1206_2082.nii 139673506359104
increment_file 1568144392.5899768 1568144393.0292811 bigbrain_3076_1206_2082.nii 139673506359104
write_file 1568144393.0391142 1568144393.7658224 inc-bigbrain_3076_1206_2082.nii 139673506359104
task_duration 1568144512.5853374 1568144633.7867842 1568144172-tmpfs_1it_25cpus_60delay_withpc-2 139673506359104
read_file 1568144392.4416914 1568144392.4431157 bigbrain_3076_1206_1388.nii 139831014680384
increment_file 1568144392.4432473 1568144392.8751054 bigbrain_3076_1206_1388.nii 139831014680384
write_file 1568144392.8847485 1568144393.4714613 inc-bigbrain_3076_1206_1388.nii 139831014680384
task_duration 1568144512.4385402 1568144633.5826766 1568144172-tmpfs_1it_25cpus_60delay_withpc-2 139831014680384
read_file 1568144392.2027962 1568144392.204108 bigbrain_3076_1206_0.nii 140134014129984
increment_file 1568144392.2042756 1568144392.607687 bigbrain_3076_1206_0.nii 140134014129984
write_file 1568144392.6172285 1568144393.0836022 inc-bigbrain_3076_1206_0.nii 140134014129984
task_duration 1568144512.19973 1568144633.1948197 1568144172-tmpfs_1it_25cpus_60delay_withpc-2 140134014129984
read_file 1568144387.906862 1568144387.908043 bigbrain_3076_0_694.nii 139675017631552
increment_file 1568144387.9081783 1568144388.3079712 bigbrain_3076_0_694.nii 139675017631552
write_file 1568144388.3172703 1568144388.7442226 inc-bigbrain_3076_0_694.nii 139675017631552
task_duration 1568144507.9052527 1568144628.84933 1568144172-tmpfs_1it_25cpus_60delay_withpc-2 139675017631552
read_file 1568144386.6860635 1568144386.6871393 bigbrain_3076_0_2776.nii 140571022231360
increment_file 1568144386.687274 1568144387.1139088 bigbrain_3076_0_2776.nii 140571022231360
write_file 1568144387.1235838 1568144387.5623934 inc-bigbrain_3076_0_2776.nii 140571022231360
task_duration 1568144506.6832523 1568144627.6698217 1568144172-tmpfs_1it_25cpus_60delay_withpc-2 140571022231360
read_file 1568144265.8359568 1568144265.8371189 bigbrain_3076_0_2082.nii 139739298740032
increment_file 1568144265.8372846 1568144267.1307187 bigbrain_3076_0_2082.nii 139739298740032
write_file 1568144267.1408143 1568144268.2665575 inc-bigbrain_3076_0_2082.nii 139739298740032
task_duration 1568144385.8345373 1568144508.3716848 1568144172-tmpfs_1it_25cpus_60delay_withpc-2 139739298740032
read_file 1568144265.7850611 1568144265.7866974 bigbrain_2307_603_694.nii 139773877417792
increment_file 1568144265.7869105 1568144266.9203894 bigbrain_2307_603_694.nii 139773877417792
write_file 1568144266.932491 1568144267.8644955 inc-bigbrain_2307_603_694.nii 139773877417792
task_duration 1568144385.7831073 1568144507.9679365 1568144172-tmpfs_1it_25cpus_60delay_withpc-2 139773877417792
read_file 1568144265.782734 1568144265.7847407 bigbrain_3076_0_0.nii 139843097319232
increment_file 1568144265.7849646 1568144267.01972 bigbrain_3076_0_0.nii 139843097319232
write_file 1568144267.030745 1568144268.0214903 inc-bigbrain_3076_0_0.nii 139843097319232
task_duration 1568144385.7802622 1568144508.1249719 1568144172-tmpfs_1it_25cpus_60delay_withpc-2 139843097319232
read_file 1568144265.7812812 1568144265.7832482 bigbrain_2307_603_0.nii 140300873160512
increment_file 1568144265.7834966 1568144267.0233924 bigbrain_2307_603_0.nii 140300873160512
write_file 1568144267.0354772 1568144268.4802392 inc-bigbrain_2307_603_0.nii 140300873160512
task_duration 1568144385.778906 1568144508.585603 1568144172-tmpfs_1it_25cpus_60delay_withpc-2 140300873160512
read_file 1568144265.7786188 1568144265.7799766 bigbrain_2307_603_1388.nii 140284221589312
increment_file 1568144265.7801857 1568144267.016035 bigbrain_2307_603_1388.nii 140284221589312
write_file 1568144267.0271327 1568144268.0281696 inc-bigbrain_2307_603_1388.nii 140284221589312
task_duration 1568144385.776295 1568144508.1320803 1568144172-tmpfs_1it_25cpus_60delay_withpc-2 140284221589312
read_file 1568144265.7743897 1568144265.7766206 bigbrain_2307_603_2776.nii 139674010359616
increment_file 1568144265.7769125 1568144266.9978201 bigbrain_2307_603_2776.nii 139674010359616
write_file 1568144267.0097876 1568144268.0177295 inc-bigbrain_2307_603_2776.nii 139674010359616
task_duration 1568144385.7714558 1568144508.1223798 1568144172-tmpfs_1it_25cpus_60delay_withpc-2 139674010359616
read_file 1568144265.766841 1568144265.7685175 bigbrain_3076_0_1388.nii 139823954704192
increment_file 1568144265.7687242 1568144267.0348878 bigbrain_3076_0_1388.nii 139823954704192
write_file 1568144267.045507 1568144268.0356715 inc-bigbrain_3076_0_1388.nii 139823954704192
task_duration 1568144385.7648013 1568144508.1389644 1568144172-tmpfs_1it_25cpus_60delay_withpc-2 139823954704192
read_file 1568144265.757664 1568144265.7598507 bigbrain_2307_2412_2082.nii 140345766745920
increment_file 1568144265.7601244 1568144266.8753943 bigbrain_2307_2412_2082.nii 140345766745920
write_file 1568144266.8864372 1568144267.8309731 inc-bigbrain_2307_2412_2082.nii 140345766745920
task_duration 1568144385.7547643 1568144507.933645 1568144172-tmpfs_1it_25cpus_60delay_withpc-2 140345766745920
read_file 1568144265.7473567 1568144265.748552 bigbrain_2307_2412_694.nii 140432417982272
increment_file 1568144265.7487214 1568144266.9034376 bigbrain_2307_2412_694.nii 140432417982272
write_file 1568144266.915972 1568144268.321855 inc-bigbrain_2307_2412_694.nii 140432417982272
task_duration 1568144385.7443016 1568144508.4275982 1568144172-tmpfs_1it_25cpus_60delay_withpc-2 140432417982272
read_file 1568144265.7431686 1568144265.7450905 bigbrain_2307_2412_2776.nii 140672940345152
increment_file 1568144265.745321 1568144266.9176488 bigbrain_2307_2412_2776.nii 140672940345152
write_file 1568144266.929348 1568144267.966754 inc-bigbrain_2307_2412_2776.nii 140672940345152
task_duration 1568144385.7405877 1568144508.071756 1568144172-tmpfs_1it_25cpus_60delay_withpc-2 140672940345152
read_file 1568144265.7400854 1568144265.7416644 bigbrain_2307_603_2082.nii 140522901559104
increment_file 1568144265.7418764 1568144266.913152 bigbrain_2307_603_2082.nii 140522901559104
write_file 1568144266.9247744 1568144267.9617107 inc-bigbrain_2307_603_2082.nii 140522901559104
task_duration 1568144385.737955 1568144508.0645583 1568144172-tmpfs_1it_25cpus_60delay_withpc-2 140522901559104
read_file 1568144265.7131395 1568144265.7153215 bigbrain_2307_2412_1388.nii 139838067283776
increment_file 1568144265.7155845 1568144266.8404164 bigbrain_2307_2412_1388.nii 139838067283776
write_file 1568144266.8517897 1568144267.9084768 inc-bigbrain_2307_2412_1388.nii 139838067283776
task_duration 1568144385.710058 1568144508.011499 1568144172-tmpfs_1it_25cpus_60delay_withpc-2 139838067283776
read_file 1568144265.646478 1568144265.647844 bigbrain_2307_2412_0.nii 140422273800000
increment_file 1568144265.6480398 1568144266.5469024 bigbrain_2307_2412_0.nii 140422273800000
write_file 1568144266.557444 1568144267.9219341 inc-bigbrain_2307_2412_0.nii 140422273800000
task_duration 1568144385.6440425 1568144508.025338 1568144172-tmpfs_1it_25cpus_60delay_withpc-2 140422273800000
read_file 1568144265.3982294 1568144265.399645 bigbrain_2307_1809_694.nii 139746217850688
increment_file 1568144265.399821 1568144265.971015 bigbrain_2307_1809_694.nii 139746217850688
write_file 1568144265.981714 1568144267.1400487 inc-bigbrain_2307_1809_694.nii 139746217850688
task_duration 1568144385.3961976 1568144507.2434347 1568144172-tmpfs_1it_25cpus_60delay_withpc-2 139746217850688
read_file 1568144265.3856354 1568144265.3875003 bigbrain_2307_1809_2776.nii 140237858101056
increment_file 1568144265.3876615 1568144265.9303663 bigbrain_2307_1809_2776.nii 140237858101056
write_file 1568144265.9405966 1568144267.108497 inc-bigbrain_2307_1809_2776.nii 140237858101056
task_duration 1568144385.3824084 1568144507.1754367 1568144172-tmpfs_1it_25cpus_60delay_withpc-2 140237858101056
read_file 1568144265.3825963 1568144265.3847218 bigbrain_2307_1809_1388.nii 139732518831936
increment_file 1568144265.3849733 1568144265.9239004 bigbrain_2307_1809_1388.nii 139732518831936
write_file 1568144265.9344451 1568144267.105744 inc-bigbrain_2307_1809_1388.nii 139732518831936
task_duration 1568144385.379804 1568144507.2128346 1568144172-tmpfs_1it_25cpus_60delay_withpc-2 139732518831936
read_file 1568144265.3766322 1568144265.3783402 bigbrain_2307_1809_0.nii 139928547518272
increment_file 1568144265.378553 1568144265.9622183 bigbrain_2307_1809_0.nii 139928547518272
write_file 1568144265.9749026 1568144267.2774765 inc-bigbrain_2307_1809_0.nii 139928547518272
task_duration 1568144385.3744183 1568144507.3843815 1568144172-tmpfs_1it_25cpus_60delay_withpc-2 139928547518272
read_file 1568144265.3521898 1568144265.3533053 bigbrain_2307_1809_2082.nii 139632252491584
increment_file 1568144265.353437 1568144265.8425252 bigbrain_2307_1809_2082.nii 139632252491584
write_file 1568144265.854319 1568144267.1229541 inc-bigbrain_2307_1809_2082.nii 139632252491584
task_duration 1568144385.3494706 1568144507.2279994 1568144172-tmpfs_1it_25cpus_60delay_withpc-2 139632252491584
read_file 1568144265.344555 1568144265.3462033 bigbrain_2307_1206_694.nii 140021574825792
increment_file 1568144265.3463776 1568144265.8262346 bigbrain_2307_1206_694.nii 140021574825792
write_file 1568144265.8382041 1568144267.0937805 inc-bigbrain_2307_1206_694.nii 140021574825792
task_duration 1568144385.3423886 1568144507.0988145 1568144172-tmpfs_1it_25cpus_60delay_withpc-2 140021574825792
read_file 1568144265.3410997 1568144265.3422575 bigbrain_2307_1206_2082.nii 139636902864704
increment_file 1568144265.342417 1568144265.8195722 bigbrain_2307_1206_2082.nii 139636902864704
write_file 1568144265.8318248 1568144267.0757806 inc-bigbrain_2307_1206_2082.nii 139636902864704
task_duration 1568144385.3380756 1568144507.1808932 1568144172-tmpfs_1it_25cpus_60delay_withpc-2 139636902864704
read_file 1568144265.3360631 1568144265.3374925 bigbrain_2307_1206_2776.nii 140523363649344
increment_file 1568144265.3376443 1568144265.803271 bigbrain_2307_1206_2776.nii 140523363649344
write_file 1568144265.8141098 1568144267.0056076 inc-bigbrain_2307_1206_2776.nii 140523363649344
task_duration 1568144385.3327959 1568144507.110364 1568144172-tmpfs_1it_25cpus_60delay_withpc-2 140523363649344
read_file 1568144265.3282573 1568144265.3296707 bigbrain_2307_1206_1388.nii 140094550255424
increment_file 1568144265.3298416 1568144265.8344538 bigbrain_2307_1206_1388.nii 140094550255424
write_file 1568144265.8470209 1568144267.0388792 inc-bigbrain_2307_1206_1388.nii 140094550255424
task_duration 1568144385.3264012 1568144507.1430147 1568144172-tmpfs_1it_25cpus_60delay_withpc-2 140094550255424
read_file 1568144265.3168457 1568144265.3181996 bigbrain_2307_1206_0.nii 140332606715712
increment_file 1568144265.3183615 1568144265.777652 bigbrain_2307_1206_0.nii 140332606715712
write_file 1568144265.787988 1568144266.963718 inc-bigbrain_2307_1206_0.nii 140332606715712
task_duration 1568144385.3149421 1568144507.0678623 1568144172-tmpfs_1it_25cpus_60delay_withpc-2 140332606715712
read_file 1568144265.1566234 1568144265.1580908 bigbrain_2307_0_694.nii 140028331820864
increment_file 1568144265.1582644 1568144265.5789752 bigbrain_2307_0_694.nii 140028331820864
write_file 1568144265.588725 1568144266.5147667 inc-bigbrain_2307_0_694.nii 140028331820864
task_duration 1568144385.1546237 1568144506.619117 1568144172-tmpfs_1it_25cpus_60delay_withpc-2 140028331820864
read_file 1568144264.6799524 1568144264.6818845 bigbrain_2307_0_2776.nii 140150738896704
increment_file 1568144264.6821306 1568144265.109651 bigbrain_2307_0_2776.nii 140150738896704
write_file 1568144265.1191678 1568144265.565576 inc-bigbrain_2307_0_2776.nii 140150738896704
task_duration 1568144384.6769128 1568144505.6772144 1568144172-tmpfs_1it_25cpus_60delay_withpc-2 140150738896704
read_file 1568144137.3335996 1568144137.335555 bigbrain_1538_2412_694.nii 140165566072640
increment_file 1568144137.3357205 1568144138.4077992 bigbrain_1538_2412_694.nii 140165566072640
write_file 1568144138.4197297 1568144139.3011954 inc-bigbrain_1538_2412_694.nii 140165566072640
task_duration 1568144257.3302345 1568144379.4064398 1568144172-tmpfs_1it_25cpus_60delay_withpc-2 140165566072640
read_file 1568144137.333492 1568144137.3354573 bigbrain_2307_0_0.nii 140086954473280
increment_file 1568144137.3356147 1568144138.4113452 bigbrain_2307_0_0.nii 140086954473280
write_file 1568144138.4223778 1568144139.2789485 inc-bigbrain_2307_0_0.nii 140086954473280
task_duration 1568144257.3301132 1568144379.3860657 1568144172-tmpfs_1it_25cpus_60delay_withpc-2 140086954473280
read_file 1568144137.3332427 1568144137.335358 bigbrain_1538_0_694.nii 140431315879744
increment_file 1568144137.335517 1568144138.3847136 bigbrain_1538_0_694.nii 140431315879744
write_file 1568144138.395058 1568144139.1688955 inc-bigbrain_1538_0_694.nii 140431315879744
task_duration 1568144257.3299105 1568144379.2161536 1568144172-tmpfs_1it_25cpus_60delay_withpc-2 140431315879744
read_file 1568144137.333619 1568144137.335092 bigbrain_1538_603_2082.nii 140313385285440
increment_file 1568144137.3352659 1568144137.9971368 bigbrain_1538_603_2082.nii 140313385285440
write_file 1568144138.0099015 1568144138.6459765 inc-bigbrain_1538_603_2082.nii 140313385285440
task_duration 1568144257.331306 1568144378.751614 1568144172-tmpfs_1it_25cpus_60delay_withpc-2 140313385285440
read_file 1568144137.332597 1568144137.3350408 bigbrain_1538_1206_1388.nii 140206046779200
increment_file 1568144137.3352127 1568144138.4589748 bigbrain_1538_1206_1388.nii 140206046779200
write_file 1568144138.4821508 1568144139.3609138 inc-bigbrain_1538_1206_1388.nii 140206046779200
task_duration 1568144257.3292532 1568144379.4647434 1568144172-tmpfs_1it_25cpus_60delay_withpc-2 140206046779200
read_file 1568144137.3335893 1568144137.3348699 bigbrain_1538_1809_0.nii 139661358376768
increment_file 1568144137.335021 1568144138.0087345 bigbrain_1538_1809_0.nii 139661358376768
write_file 1568144138.0208726 1568144138.6547823 inc-bigbrain_1538_1809_0.nii 139661358376768
task_duration 1568144257.3313923 1568144378.7602713 1568144172-tmpfs_1it_25cpus_60delay_withpc-2 139661358376768
read_file 1568144137.3331535 1568144137.334614 bigbrain_1538_1809_2776.nii 140522879797056
increment_file 1568144137.3347945 1568144138.0128324 bigbrain_1538_1809_2776.nii 140522879797056
write_file 1568144138.0262492 1568144138.6573658 inc-bigbrain_1538_1809_2776.nii 140522879797056
task_duration 1568144257.3302786 1568144378.7624533 1568144172-tmpfs_1it_25cpus_60delay_withpc-2 140522879797056
read_file 1568144137.3332438 1568144137.3345926 bigbrain_1538_2412_2776.nii 139715352373056
increment_file 1568144137.3347797 1568144138.0136828 bigbrain_1538_2412_2776.nii 139715352373056
write_file 1568144138.0250726 1568144138.6591778 inc-bigbrain_1538_2412_2776.nii 139715352373056
task_duration 1568144257.3304808 1568144378.7643144 1568144172-tmpfs_1it_25cpus_60delay_withpc-2 139715352373056
read_file 1568144137.3331525 1568144137.3344827 bigbrain_1538_1206_694.nii 140117992728384
increment_file 1568144137.3346822 1568144138.0219069 bigbrain_1538_1206_694.nii 140117992728384
write_file 1568144138.0329356 1568144138.671615 inc-bigbrain_1538_1206_694.nii 140117992728384
task_duration 1568144257.330356 1568144378.7768953 1568144172-tmpfs_1it_25cpus_60delay_withpc-2 140117992728384
read_file 1568144137.3298085 1568144137.3318026 bigbrain_1538_1206_0.nii 140268338128704
increment_file 1568144137.3320282 1568144138.4048202 bigbrain_1538_1206_0.nii 140268338128704
write_file 1568144138.4164405 1568144139.2753634 inc-bigbrain_1538_1206_0.nii 140268338128704
task_duration 1568144257.3272417 1568144379.294022 1568144172-tmpfs_1it_25cpus_60delay_withpc-2 140268338128704
read_file 1568144137.3287966 1568144137.3305957 bigbrain_1538_2412_0.nii 140543137945408
increment_file 1568144137.3307853 1568144138.3911176 bigbrain_1538_2412_0.nii 140543137945408
write_file 1568144138.4019043 1568144139.2735102 inc-bigbrain_1538_2412_0.nii 140543137945408
task_duration 1568144257.3265727 1568144379.3783894 1568144172-tmpfs_1it_25cpus_60delay_withpc-2 140543137945408
read_file 1568144137.3272543 1568144137.3286967 bigbrain_1538_603_694.nii 140394253915968
increment_file 1568144137.3288677 1568144138.388875 bigbrain_1538_603_694.nii 140394253915968
write_file 1568144138.3993165 1568144139.2680635 inc-bigbrain_1538_603_694.nii 140394253915968
task_duration 1568144257.3253653 1568144379.3711812 1568144172-tmpfs_1it_25cpus_60delay_withpc-2 140394253915968
read_file 1568144137.3264556 1568144137.327851 bigbrain_2307_0_2082.nii 140088677979968
increment_file 1568144137.328017 1568144138.3859682 bigbrain_2307_0_2082.nii 140088677979968
write_file 1568144138.3962862 1568144139.2666805 inc-bigbrain_2307_0_2082.nii 140088677979968
task_duration 1568144257.3244793 1568144379.3745277 1568144172-tmpfs_1it_25cpus_60delay_withpc-2 140088677979968
read_file 1568144137.3264558 1568144137.3278074 bigbrain_1538_1809_694.nii 139644048643904
increment_file 1568144137.327965 1568144138.3703535 bigbrain_1538_1809_694.nii 139644048643904
write_file 1568144138.3822782 1568144139.2584987 inc-bigbrain_1538_1809_694.nii 139644048643904
task_duration 1568144257.3244946 1568144379.3619099 1568144172-tmpfs_1it_25cpus_60delay_withpc-2 139644048643904
read_file 1568144137.324443 1568144137.3258905 bigbrain_1538_0_2776.nii 139666324313920
increment_file 1568144137.326064 1568144137.9978004 bigbrain_1538_0_2776.nii 139666324313920
write_file 1568144138.0098288 1568144138.6417491 inc-bigbrain_1538_0_2776.nii 139666324313920
task_duration 1568144257.3225174 1568144378.747273 1568144172-tmpfs_1it_25cpus_60delay_withpc-2 139666324313920
read_file 1568144137.3237922 1568144137.3252795 bigbrain_1538_603_1388.nii 140373969028928
increment_file 1568144137.3254533 1568144137.9914954 bigbrain_1538_603_1388.nii 140373969028928
write_file 1568144138.005107 1568144138.646261 inc-bigbrain_1538_603_1388.nii 140373969028928
task_duration 1568144257.3220017 1568144378.7524598 1568144172-tmpfs_1it_25cpus_60delay_withpc-2 140373969028928
read_file 1568144137.3226874 1568144137.3249435 bigbrain_1538_1809_2082.nii 140043093817152
increment_file 1568144137.325174 1568144138.3843687 bigbrain_1538_1809_2082.nii 140043093817152
write_file 1568144138.3948517 1568144139.271141 inc-bigbrain_1538_1809_2082.nii 140043093817152
task_duration 1568144257.3195074 1568144379.3785365 1568144172-tmpfs_1it_25cpus_60delay_withpc-2 140043093817152
read_file 1568144137.3229756 1568144137.3242862 bigbrain_1538_2412_1388.nii 140659578722112
increment_file 1568144137.3244352 1568144137.9888167 bigbrain_1538_2412_1388.nii 140659578722112
write_file 1568144138.002747 1568144138.6412408 inc-bigbrain_1538_2412_1388.nii 140659578722112
task_duration 1568144257.3208299 1568144378.7471924 1568144172-tmpfs_1it_25cpus_60delay_withpc-2 140659578722112
read_file 1568144137.3209083 1568144137.322627 bigbrain_1538_2412_2082.nii 139843910235968
increment_file 1568144137.3227797 1568144137.981941 bigbrain_1538_2412_2082.nii 139843910235968
write_file 1568144137.9962635 1568144138.6350846 inc-bigbrain_1538_2412_2082.nii 139843910235968
task_duration 1568144257.317672 1568144378.7393155 1568144172-tmpfs_1it_25cpus_60delay_withpc-2 139843910235968
read_file 1568144137.3201022 1568144137.3222015 bigbrain_1538_603_2776.nii 140454733829952
increment_file 1568144137.3223393 1568144137.9794204 bigbrain_1538_603_2776.nii 140454733829952
write_file 1568144137.9929008 1568144138.628408 inc-bigbrain_1538_603_2776.nii 140454733829952
task_duration 1568144257.316923 1568144378.7329772 1568144172-tmpfs_1it_25cpus_60delay_withpc-2 140454733829952
read_file 1568144137.3171685 1568144137.3186462 bigbrain_1538_603_0.nii 139857093904192
increment_file 1568144137.3188064 1568144138.3808484 bigbrain_1538_603_0.nii 139857093904192
write_file 1568144138.3915536 1568144139.2497072 inc-bigbrain_1538_603_0.nii 139857093904192
task_duration 1568144257.3152509 1568144379.3548722 1568144172-tmpfs_1it_25cpus_60delay_withpc-2 139857093904192
read_file 1568144137.3154614 1568144137.3165631 bigbrain_1538_1809_1388.nii 140428856670016
increment_file 1568144137.3166974 1568144138.3605046 bigbrain_1538_1809_1388.nii 140428856670016
write_file 1568144138.3721395 1568144139.2373083 inc-bigbrain_1538_1809_1388.nii 140428856670016
task_duration 1568144257.3129447 1568144379.343189 1568144172-tmpfs_1it_25cpus_60delay_withpc-2 140428856670016
read_file 1568144137.3151395 1568144137.3162632 bigbrain_2307_0_1388.nii 140458240055104
increment_file 1568144137.3164055 1568144138.3813343 bigbrain_2307_0_1388.nii 140458240055104
write_file 1568144138.391596 1568144139.2617016 inc-bigbrain_2307_0_1388.nii 140458240055104
task_duration 1568144257.3122492 1568144379.3686924 1568144172-tmpfs_1it_25cpus_60delay_withpc-2 140458240055104
read_file 1568144137.312461 1568144137.3135962 bigbrain_1538_1206_2082.nii 140047804172096
increment_file 1568144137.3137326 1568144137.9640253 bigbrain_1538_1206_2082.nii 140047804172096
write_file 1568144137.978026 1568144138.6120646 inc-bigbrain_1538_1206_2082.nii 140047804172096
task_duration 1568144257.3102832 1568144378.7173676 1568144172-tmpfs_1it_25cpus_60delay_withpc-2 140047804172096
read_file 1568144137.3027108 1568144137.3039858 bigbrain_1538_1206_2776.nii 140706671130432
increment_file 1568144137.3041525 1568144137.959312 bigbrain_1538_1206_2776.nii 140706671130432
write_file 1568144137.9734185 1568144138.6183524 inc-bigbrain_1538_1206_2776.nii 140706671130432
task_duration 1568144257.2995517 1568144378.6360698 1568144172-tmpfs_1it_25cpus_60delay_withpc-2 140706671130432
