read_file 1568152538.3109145 1568152538.3118968 bigbrain_769_603_694.nii 140043290183488
increment_file 1568152538.3120396 1568152538.7255616 bigbrain_769_603_694.nii 140043290183488
write_file 1568152538.7345634 1568152539.1700134 inc-bigbrain_769_603_694.nii 140043290183488
task_duration 1568152538.3086426 1568152539.1723456 1568151967-tmpfs_1it_96cpus_0delay_npc-3 140043290183488
read_file 1568152533.011794 1568152533.0310528 bigbrain_1538_603_2776.nii 140076885997376
increment_file 1568152533.0318947 1568152535.6328921 bigbrain_1538_603_2776.nii 140076885997376
write_file 1568152535.6676288 1568152537.812355 inc-bigbrain_1538_603_2776.nii 140076885997376
task_duration 1568152533.005568 1568152537.8159676 1568151967-tmpfs_1it_96cpus_0delay_npc-3 140076885997376
read_file 1568152533.0081913 1568152533.027594 bigbrain_3076_1206_0.nii 139816193337152
increment_file 1568152533.0285227 1568152534.9004056 bigbrain_3076_1206_0.nii 139816193337152
write_file 1568152534.9313006 1568152536.9786057 inc-bigbrain_3076_1206_0.nii 139816193337152
task_duration 1568152533.001099 1568152537.0098133 1568151967-tmpfs_1it_96cpus_0delay_npc-3 139816193337152
read_file 1568152532.9825244 1568152532.9880922 bigbrain_769_1809_1388.nii 140002927339328
increment_file 1568152532.9887843 1568152534.8920975 bigbrain_769_1809_1388.nii 140002927339328
write_file 1568152534.9226568 1568152536.9731853 inc-bigbrain_769_1809_1388.nii 140002927339328
task_duration 1568152532.9775136 1568152537.003727 1568151967-tmpfs_1it_96cpus_0delay_npc-3 140002927339328
read_file 1568152532.9792817 1568152532.986203 bigbrain_3076_0_694.nii 139710288766784
increment_file 1568152532.9872112 1568152535.6002438 bigbrain_3076_0_694.nii 139710288766784
write_file 1568152535.636367 1568152537.744945 inc-bigbrain_3076_0_694.nii 139710288766784
task_duration 1568152532.973518 1568152537.7560508 1568151967-tmpfs_1it_96cpus_0delay_npc-3 139710288766784
read_file 1568152532.9738686 1568152532.9783154 bigbrain_769_2412_2082.nii 140675134011200
increment_file 1568152532.9790118 1568152534.810259 bigbrain_769_2412_2082.nii 140675134011200
write_file 1568152534.842617 1568152536.9409084 inc-bigbrain_769_2412_2082.nii 140675134011200
task_duration 1568152532.9688542 1568152536.9467733 1568151967-tmpfs_1it_96cpus_0delay_npc-3 140675134011200
read_file 1568152532.9611647 1568152532.9675884 bigbrain_1538_2412_2082.nii 140407441168192
increment_file 1568152532.9684942 1568152535.5828874 bigbrain_1538_2412_2082.nii 140407441168192
write_file 1568152535.62858 1568152537.7996042 inc-bigbrain_1538_2412_2082.nii 140407441168192
task_duration 1568152532.9546952 1568152537.8042161 1568151967-tmpfs_1it_96cpus_0delay_npc-3 140407441168192
read_file 1568152532.9587705 1568152532.9635818 bigbrain_3076_603_0.nii 140054835812160
increment_file 1568152532.964323 1568152534.8082714 bigbrain_3076_603_0.nii 140054835812160
write_file 1568152534.8366761 1568152536.901533 inc-bigbrain_3076_603_0.nii 140054835812160
task_duration 1568152532.9537878 1568152536.9300246 1568151967-tmpfs_1it_96cpus_0delay_npc-3 140054835812160
read_file 1568152532.9538355 1568152532.959969 bigbrain_1538_2412_1388.nii 140418602252096
increment_file 1568152532.9604583 1568152534.8342955 bigbrain_1538_2412_1388.nii 140418602252096
write_file 1568152534.8634622 1568152536.933503 inc-bigbrain_1538_2412_1388.nii 140418602252096
task_duration 1568152532.9498284 1568152536.9375622 1568151967-tmpfs_1it_96cpus_0delay_npc-3 140418602252096
read_file 1568152532.9500763 1568152532.955298 bigbrain_2307_2412_1388.nii 140284903692096
increment_file 1568152532.9562318 1568152534.8092444 bigbrain_2307_2412_1388.nii 140284903692096
write_file 1568152534.8376281 1568152536.9423037 inc-bigbrain_2307_2412_1388.nii 140284903692096
task_duration 1568152532.9452317 1568152536.974198 1568151967-tmpfs_1it_96cpus_0delay_npc-3 140284903692096
read_file 1568152532.9405365 1568152532.9453995 bigbrain_1538_603_0.nii 140385846617920
increment_file 1568152532.9459064 1568152534.7765691 bigbrain_1538_603_0.nii 140385846617920
write_file 1568152534.8079538 1568152536.910325 inc-bigbrain_1538_603_0.nii 140385846617920
task_duration 1568152532.9363556 1568152536.9164207 1568151967-tmpfs_1it_96cpus_0delay_npc-3 140385846617920
read_file 1568152532.9041672 1568152532.9102106 bigbrain_1538_1206_0.nii 140275551041344
increment_file 1568152532.910976 1568152535.564939 bigbrain_1538_1206_0.nii 140275551041344
write_file 1568152535.6074483 1568152537.7528634 inc-bigbrain_1538_1206_0.nii 140275551041344
task_duration 1568152532.8990886 1568152537.7601435 1568151967-tmpfs_1it_96cpus_0delay_npc-3 140275551041344
read_file 1568152532.9024773 1568152532.908556 bigbrain_1538_2412_694.nii 139819555804992
increment_file 1568152532.9094765 1568152535.545284 bigbrain_1538_2412_694.nii 139819555804992
write_file 1568152535.584041 1568152537.7895162 inc-bigbrain_1538_2412_694.nii 139819555804992
task_duration 1568152532.896529 1568152537.7939005 1568151967-tmpfs_1it_96cpus_0delay_npc-3 139819555804992
read_file 1568152532.9026618 1568152532.908346 bigbrain_769_0_2082.nii 139861977810752
increment_file 1568152532.9091954 1568152535.5450723 bigbrain_769_0_2082.nii 139861977810752
write_file 1568152535.5820606 1568152537.745332 inc-bigbrain_769_0_2082.nii 139861977810752
task_duration 1568152532.89743 1568152537.756946 1568151967-tmpfs_1it_96cpus_0delay_npc-3 139861977810752
read_file 1568152532.9006317 1568152532.9058008 bigbrain_1538_2412_2776.nii 139655204149056
increment_file 1568152532.9064443 1568152534.7338736 bigbrain_1538_2412_2776.nii 139655204149056
write_file 1568152534.7650998 1568152536.936321 inc-bigbrain_1538_2412_2776.nii 139655204149056
task_duration 1568152532.8968291 1568152536.9446044 1568151967-tmpfs_1it_96cpus_0delay_npc-3 139655204149056
read_file 1568152532.892476 1568152532.8958235 bigbrain_3076_1809_694.nii 140467506300736
increment_file 1568152532.8962975 1568152534.7288306 bigbrain_3076_1809_694.nii 140467506300736
write_file 1568152534.7602994 1568152536.9200888 inc-bigbrain_3076_1809_694.nii 140467506300736
task_duration 1568152532.8893018 1568152536.9240518 1568151967-tmpfs_1it_96cpus_0delay_npc-3 140467506300736
read_file 1568152532.8898218 1568152532.8937867 bigbrain_2307_1809_0.nii 140662349104960
increment_file 1568152532.8943622 1568152534.822291 bigbrain_2307_1809_0.nii 140662349104960
write_file 1568152534.8524065 1568152536.9471173 inc-bigbrain_2307_1809_0.nii 140662349104960
task_duration 1568152532.8865583 1568152536.952899 1568151967-tmpfs_1it_96cpus_0delay_npc-3 140662349104960
read_file 1568152532.8695185 1568152532.875683 bigbrain_2307_0_694.nii 140674863998784
increment_file 1568152532.8765714 1568152535.546815 bigbrain_2307_0_694.nii 140674863998784
write_file 1568152535.603384 1568152537.752724 inc-bigbrain_2307_0_694.nii 140674863998784
task_duration 1568152532.8633268 1568152537.7607656 1568151967-tmpfs_1it_96cpus_0delay_npc-3 140674863998784
read_file 1568152532.8662903 1568152532.8709362 bigbrain_2307_603_694.nii 139715833964352
increment_file 1568152532.8717248 1568152534.7003977 bigbrain_2307_603_694.nii 139715833964352
write_file 1568152534.7293112 1568152536.8816545 inc-bigbrain_2307_603_694.nii 139715833964352
task_duration 1568152532.861799 1568152536.9100828 1568151967-tmpfs_1it_96cpus_0delay_npc-3 139715833964352
read_file 1568152532.8619397 1568152532.8697836 bigbrain_1538_1809_2776.nii 140342193108800
increment_file 1568152532.8708181 1568152535.5324998 bigbrain_1538_1809_2776.nii 140342193108800
write_file 1568152535.57043 1568152537.7909603 inc-bigbrain_1538_1809_2776.nii 140342193108800
task_duration 1568152532.8554325 1568152537.795226 1568151967-tmpfs_1it_96cpus_0delay_npc-3 140342193108800
read_file 1568152532.8627067 1568152532.8662326 bigbrain_3076_2412_2082.nii 140685832243008
increment_file 1568152532.8666646 1568152534.6993892 bigbrain_3076_2412_2082.nii 140685832243008
write_file 1568152534.7284992 1568152536.9146771 inc-bigbrain_3076_2412_2082.nii 140685832243008
task_duration 1568152532.8594685 1568152536.9203906 1568151967-tmpfs_1it_96cpus_0delay_npc-3 140685832243008
read_file 1568152532.8556461 1568152532.8607254 bigbrain_3076_1809_1388.nii 140713114085184
increment_file 1568152532.8614264 1568152534.6961675 bigbrain_3076_1809_1388.nii 140713114085184
write_file 1568152534.727044 1568152536.921997 inc-bigbrain_3076_1809_1388.nii 140713114085184
task_duration 1568152532.8501902 1568152536.9538686 1568151967-tmpfs_1it_96cpus_0delay_npc-3 140713114085184
read_file 1568152532.8516526 1568152532.8565025 bigbrain_1538_1206_694.nii 140246115260224
increment_file 1568152532.8571393 1568152534.7003589 bigbrain_1538_1206_694.nii 140246115260224
write_file 1568152534.7293494 1568152536.917508 inc-bigbrain_1538_1206_694.nii 140246115260224
task_duration 1568152532.8473902 1568152536.9478745 1568151967-tmpfs_1it_96cpus_0delay_npc-3 140246115260224
read_file 1568152532.8398597 1568152532.8454597 bigbrain_2307_2412_2776.nii 140484366763840
increment_file 1568152532.846421 1568152535.5241427 bigbrain_2307_2412_2776.nii 140484366763840
write_file 1568152535.5757918 1568152537.776334 inc-bigbrain_2307_2412_2776.nii 140484366763840
task_duration 1568152532.8341372 1568152537.781554 1568151967-tmpfs_1it_96cpus_0delay_npc-3 140484366763840
read_file 1568152532.8316936 1568152532.8375223 bigbrain_2307_1206_1388.nii 139880732571456
increment_file 1568152532.8382845 1568152534.7016904 bigbrain_2307_1206_1388.nii 139880732571456
write_file 1568152534.7347229 1568152536.9063954 inc-bigbrain_2307_1206_1388.nii 139880732571456
task_duration 1568152532.8271863 1568152536.9403524 1568151967-tmpfs_1it_96cpus_0delay_npc-3 139880732571456
read_file 1568152532.8332193 1568152532.8375273 bigbrain_2307_603_1388.nii 140332120864576
increment_file 1568152532.8379838 1568152535.5047188 bigbrain_2307_603_1388.nii 140332120864576
write_file 1568152535.5521626 1568152537.8231447 inc-bigbrain_2307_603_1388.nii 140332120864576
task_duration 1568152532.8296943 1568152537.8269951 1568151967-tmpfs_1it_96cpus_0delay_npc-3 140332120864576
read_file 1568152532.824182 1568152532.829931 bigbrain_1538_1206_1388.nii 140438158034752
increment_file 1568152532.830708 1568152535.5289433 bigbrain_1538_1206_1388.nii 140438158034752
write_file 1568152535.6177993 1568152537.8006108 inc-bigbrain_1538_1206_1388.nii 140438158034752
task_duration 1568152532.8186843 1568152537.8049934 1568151967-tmpfs_1it_96cpus_0delay_npc-3 140438158034752
read_file 1568152532.819967 1568152532.8262117 bigbrain_1538_2412_0.nii 139906149644096
increment_file 1568152532.827017 1568152534.6683023 bigbrain_1538_2412_0.nii 139906149644096
write_file 1568152534.7018085 1568152536.9347034 inc-bigbrain_1538_2412_0.nii 139906149644096
task_duration 1568152532.8156898 1568152536.9673688 1568151967-tmpfs_1it_96cpus_0delay_npc-3 139906149644096
read_file 1568152532.8052044 1568152532.8094654 bigbrain_2307_1206_0.nii 140194743662400
increment_file 1568152532.8101003 1568152534.6483383 bigbrain_2307_1206_0.nii 140194743662400
write_file 1568152534.6873462 1568152536.8868651 inc-bigbrain_2307_1206_0.nii 140194743662400
task_duration 1568152532.8011508 1568152536.8943715 1568151967-tmpfs_1it_96cpus_0delay_npc-3 140194743662400
read_file 1568152532.8027256 1568152532.8092198 bigbrain_3076_2412_1388.nii 139754747144000
increment_file 1568152532.8103335 1568152535.439166 bigbrain_3076_2412_1388.nii 139754747144000
write_file 1568152535.4695854 1568152537.7486482 inc-bigbrain_3076_2412_1388.nii 139754747144000
task_duration 1568152532.7966065 1568152537.7584014 1568151967-tmpfs_1it_96cpus_0delay_npc-3 139754747144000
read_file 1568152532.802854 1568152532.808881 bigbrain_2307_0_2776.nii 139833382127424
increment_file 1568152532.8095334 1568152534.6642804 bigbrain_2307_0_2776.nii 139833382127424
write_file 1568152534.7030416 1568152536.909716 inc-bigbrain_2307_0_2776.nii 139833382127424
task_duration 1568152532.7989626 1568152536.9156864 1568151967-tmpfs_1it_96cpus_0delay_npc-3 139833382127424
read_file 1568152532.804378 1568152532.8069541 bigbrain_2307_1206_694.nii 140297697130304
increment_file 1568152532.807224 1568152534.6397393 bigbrain_2307_1206_694.nii 140297697130304
write_file 1568152534.6733418 1568152536.8706865 inc-bigbrain_2307_1206_694.nii 140297697130304
task_duration 1568152532.8015788 1568152536.8781383 1568151967-tmpfs_1it_96cpus_0delay_npc-3 140297697130304
read_file 1568152532.80043 1568152532.8039174 bigbrain_3076_603_2776.nii 139693637850944
increment_file 1568152532.8044178 1568152534.6526732 bigbrain_3076_603_2776.nii 139693637850944
write_file 1568152534.6836495 1568152536.881664 inc-bigbrain_3076_603_2776.nii 139693637850944
task_duration 1568152532.796196 1568152536.9079857 1568151967-tmpfs_1it_96cpus_0delay_npc-3 139693637850944
read_file 1568152532.7943242 1568152532.7973502 bigbrain_769_1206_2776.nii 140077086398272
increment_file 1568152532.7976892 1568152534.6135273 bigbrain_769_1206_2776.nii 140077086398272
write_file 1568152534.6575286 1568152536.8946502 inc-bigbrain_769_1206_2776.nii 140077086398272
task_duration 1568152532.7909033 1568152536.9027476 1568151967-tmpfs_1it_96cpus_0delay_npc-3 140077086398272
read_file 1568152532.7931485 1568152532.795789 bigbrain_2307_1809_1388.nii 140702756886336
increment_file 1568152532.7963 1568152534.6267335 bigbrain_2307_1809_1388.nii 140702756886336
write_file 1568152534.6625457 1568152536.887129 inc-bigbrain_2307_1809_1388.nii 140702756886336
task_duration 1568152532.789599 1568152536.8946502 1568151967-tmpfs_1it_96cpus_0delay_npc-3 140702756886336
read_file 1568152532.7930808 1568152532.7957196 bigbrain_1538_0_2776.nii 139662120478528
increment_file 1568152532.7962368 1568152535.3860877 bigbrain_1538_0_2776.nii 139662120478528
write_file 1568152535.4231434 1568152537.8059192 inc-bigbrain_1538_0_2776.nii 139662120478528
task_duration 1568152532.789931 1568152537.8102973 1568151967-tmpfs_1it_96cpus_0delay_npc-3 139662120478528
read_file 1568152532.790384 1568152532.795409 bigbrain_769_603_1388.nii 140641391097664
increment_file 1568152532.7963388 1568152535.4916136 bigbrain_769_603_1388.nii 140641391097664
write_file 1568152535.53293 1568152537.7565117 inc-bigbrain_769_603_1388.nii 140641391097664
task_duration 1568152532.7854383 1568152537.7644796 1568151967-tmpfs_1it_96cpus_0delay_npc-3 140641391097664
read_file 1568152532.790571 1568152532.7938616 bigbrain_3076_1809_0.nii 139781439219520
increment_file 1568152532.7941277 1568152534.6235657 bigbrain_3076_1809_0.nii 139781439219520
write_file 1568152534.6564174 1568152536.8698475 inc-bigbrain_3076_1809_0.nii 139781439219520
task_duration 1568152532.7878878 1568152536.8785346 1568151967-tmpfs_1it_96cpus_0delay_npc-3 139781439219520
read_file 1568152532.7900407 1568152532.7929628 bigbrain_2307_2412_2082.nii 140208963319616
increment_file 1568152532.7933772 1568152534.612339 bigbrain_2307_2412_2082.nii 140208963319616
write_file 1568152534.6557093 1568152536.8837156 inc-bigbrain_2307_2412_2082.nii 140208963319616
task_duration 1568152532.787624 1568152536.8921404 1568151967-tmpfs_1it_96cpus_0delay_npc-3 140208963319616
read_file 1568152532.7861257 1568152532.7906315 bigbrain_2307_0_2082.nii 140672790538048
increment_file 1568152532.7913277 1568152535.4920888 bigbrain_2307_0_2082.nii 140672790538048
write_file 1568152535.5508919 1568152537.7829883 inc-bigbrain_2307_0_2082.nii 140672790538048
task_duration 1568152532.7822473 1568152537.788265 1568151967-tmpfs_1it_96cpus_0delay_npc-3 140672790538048
read_file 1568152532.787594 1568152532.7903678 bigbrain_2307_603_0.nii 139873677272896
increment_file 1568152532.790739 1568152534.5976436 bigbrain_2307_603_0.nii 139873677272896
write_file 1568152534.6425047 1568152536.7865548 inc-bigbrain_2307_603_0.nii 139873677272896
task_duration 1568152532.784829 1568152536.7986243 1568151967-tmpfs_1it_96cpus_0delay_npc-3 139873677272896
read_file 1568152532.7874854 1568152532.7890463 bigbrain_3076_0_0.nii 140004337473344
increment_file 1568152532.7892222 1568152534.6032646 bigbrain_3076_0_0.nii 140004337473344
write_file 1568152534.637693 1568152536.7959762 inc-bigbrain_3076_0_0.nii 140004337473344
task_duration 1568152532.785669 1568152536.8065944 1568151967-tmpfs_1it_96cpus_0delay_npc-3 140004337473344
read_file 1568152532.784078 1568152532.7888386 bigbrain_1538_1206_2776.nii 140176483125056
increment_file 1568152532.7896025 1568152535.4755905 bigbrain_1538_1206_2776.nii 140176483125056
write_file 1568152535.5049198 1568152537.7636983 inc-bigbrain_1538_1206_2776.nii 140176483125056
task_duration 1568152532.7792642 1568152537.7707047 1568151967-tmpfs_1it_96cpus_0delay_npc-3 140176483125056
read_file 1568152532.7820601 1568152532.7861 bigbrain_769_2412_1388.nii 140312124385088
increment_file 1568152532.7866838 1568152535.4883037 bigbrain_769_2412_1388.nii 140312124385088
write_file 1568152535.5486693 1568152537.7828538 inc-bigbrain_769_2412_1388.nii 140312124385088
task_duration 1568152532.7781174 1568152537.7880783 1568151967-tmpfs_1it_96cpus_0delay_npc-3 140312124385088
read_file 1568152532.7827969 1568152532.7850428 bigbrain_3076_1809_2082.nii 140465268488000
increment_file 1568152532.7852533 1568152534.6072736 bigbrain_3076_1809_2082.nii 140465268488000
write_file 1568152534.6447866 1568152536.8664875 inc-bigbrain_3076_1809_2082.nii 140465268488000
task_duration 1568152532.7807705 1568152536.8741124 1568151967-tmpfs_1it_96cpus_0delay_npc-3 140465268488000
read_file 1568152532.7827566 1568152532.7844226 bigbrain_769_603_2082.nii 139782872180544
increment_file 1568152532.784634 1568152534.6054416 bigbrain_769_603_2082.nii 139782872180544
write_file 1568152534.6394823 1568152536.8112361 inc-bigbrain_769_603_2082.nii 139782872180544
task_duration 1568152532.7803974 1568152536.8193407 1568151967-tmpfs_1it_96cpus_0delay_npc-3 139782872180544
read_file 1568152532.7773867 1568152532.7823808 bigbrain_3076_2412_694.nii 140609914238784
increment_file 1568152532.7830372 1568152535.481824 bigbrain_3076_2412_694.nii 140609914238784
write_file 1568152535.5057182 1568152537.7642097 inc-bigbrain_3076_2412_694.nii 140609914238784
task_duration 1568152532.773164 1568152537.7710693 1568151967-tmpfs_1it_96cpus_0delay_npc-3 140609914238784
read_file 1568152532.7754078 1568152532.7802038 bigbrain_2307_603_2776.nii 139971385472832
increment_file 1568152532.780912 1568152535.4898386 bigbrain_2307_603_2776.nii 139971385472832
write_file 1568152535.51336 1568152537.765486 inc-bigbrain_2307_603_2776.nii 139971385472832
task_duration 1568152532.7713304 1568152537.772202 1568151967-tmpfs_1it_96cpus_0delay_npc-3 139971385472832
read_file 1568152532.7778902 1568152532.7801313 bigbrain_2307_603_2082.nii 140302533846848
increment_file 1568152532.7804608 1568152534.5743158 bigbrain_2307_603_2082.nii 140302533846848
write_file 1568152534.619311 1568152536.8656006 inc-bigbrain_2307_603_2082.nii 140302533846848
task_duration 1568152532.7752702 1568152536.875372 1568151967-tmpfs_1it_96cpus_0delay_npc-3 140302533846848
read_file 1568152532.773673 1568152532.7779856 bigbrain_769_603_0.nii 139646294398784
increment_file 1568152532.778543 1568152535.4310548 bigbrain_769_603_0.nii 139646294398784
write_file 1568152535.4599204 1568152537.648309 inc-bigbrain_769_603_0.nii 139646294398784
task_duration 1568152532.7698205 1568152537.6614478 1568151967-tmpfs_1it_96cpus_0delay_npc-3 139646294398784
read_file 1568152532.7741396 1568152532.7774174 bigbrain_1538_603_694.nii 140199355664192
increment_file 1568152532.777746 1568152535.4873195 bigbrain_1538_603_694.nii 140199355664192
write_file 1568152535.5393217 1568152537.7668734 inc-bigbrain_1538_603_694.nii 140199355664192
task_duration 1568152532.771155 1568152537.7734663 1568151967-tmpfs_1it_96cpus_0delay_npc-3 140199355664192
read_file 1568152532.7737582 1568152532.7767003 bigbrain_3076_1206_1388.nii 140116207507264
increment_file 1568152532.7770727 1568152535.4835694 bigbrain_3076_1206_1388.nii 140116207507264
write_file 1568152535.5200686 1568152537.7800865 inc-bigbrain_3076_1206_1388.nii 140116207507264
task_duration 1568152532.7707725 1568152537.7861667 1568151967-tmpfs_1it_96cpus_0delay_npc-3 140116207507264
read_file 1568152532.7730956 1568152532.7762017 bigbrain_1538_603_1388.nii 140241887508288
increment_file 1568152532.776626 1568152535.4851599 bigbrain_1538_603_1388.nii 140241887508288
write_file 1568152535.519472 1568152537.778937 inc-bigbrain_1538_603_1388.nii 140241887508288
task_duration 1568152532.7701035 1568152537.7853107 1568151967-tmpfs_1it_96cpus_0delay_npc-3 140241887508288
read_file 1568152532.7698722 1568152532.7733717 bigbrain_769_2412_694.nii 140053378189120
increment_file 1568152532.773806 1568152535.4909208 bigbrain_769_2412_694.nii 140053378189120
write_file 1568152535.542083 1568152537.7762487 inc-bigbrain_769_2412_694.nii 140053378189120
task_duration 1568152532.7668083 1568152537.7822998 1568151967-tmpfs_1it_96cpus_0delay_npc-3 140053378189120
read_file 1568152532.7666783 1568152532.7686293 bigbrain_3076_1809_2776.nii 140413283632960
increment_file 1568152532.7688112 1568152534.5887933 bigbrain_3076_1809_2776.nii 140413283632960
write_file 1568152534.629823 1568152536.8717377 inc-bigbrain_3076_1809_2776.nii 140413283632960
task_duration 1568152532.7638674 1568152536.8794432 1568151967-tmpfs_1it_96cpus_0delay_npc-3 140413283632960
read_file 1568152532.7635088 1568152532.7660434 bigbrain_2307_2412_694.nii 140100287014720
increment_file 1568152532.7663891 1568152535.466936 bigbrain_2307_2412_694.nii 140100287014720
write_file 1568152535.4919705 1568152537.7466094 inc-bigbrain_2307_2412_694.nii 140100287014720
task_duration 1568152532.76086 1568152537.7569659 1568151967-tmpfs_1it_96cpus_0delay_npc-3 140100287014720
read_file 1568152532.7618377 1568152532.7644155 bigbrain_769_1206_694.nii 139875935319872
increment_file 1568152532.7647305 1568152534.5563745 bigbrain_769_1206_694.nii 139875935319872
write_file 1568152534.6049595 1568152536.828114 inc-bigbrain_769_1206_694.nii 139875935319872
task_duration 1568152532.7592595 1568152536.838107 1568151967-tmpfs_1it_96cpus_0delay_npc-3 139875935319872
read_file 1568152532.7617023 1568152532.7643523 bigbrain_2307_1206_2776.nii 140068649604928
increment_file 1568152532.7646756 1568152534.5630634 bigbrain_2307_1206_2776.nii 140068649604928
write_file 1568152534.6117659 1568152536.8561652 inc-bigbrain_2307_1206_2776.nii 140068649604928
task_duration 1568152532.758848 1568152536.8654044 1568151967-tmpfs_1it_96cpus_0delay_npc-3 140068649604928
read_file 1568152532.7598917 1568152532.7629638 bigbrain_3076_603_694.nii 139973995231040
increment_file 1568152532.76337 1568152535.4729831 bigbrain_3076_603_694.nii 139973995231040
write_file 1568152535.498005 1568152537.7554243 inc-bigbrain_3076_603_694.nii 139973995231040
task_duration 1568152532.7567537 1568152537.7635467 1568151967-tmpfs_1it_96cpus_0delay_npc-3 139973995231040
read_file 1568152532.7600951 1568152532.7625437 bigbrain_3076_0_2776.nii 140660548319040
increment_file 1568152532.76274 1568152534.5742466 bigbrain_3076_0_2776.nii 140660548319040
write_file 1568152534.620065 1568152536.8469872 inc-bigbrain_3076_0_2776.nii 140660548319040
task_duration 1568152532.7580962 1568152536.854812 1568151967-tmpfs_1it_96cpus_0delay_npc-3 140660548319040
read_file 1568152532.7602024 1568152532.7623842 bigbrain_1538_0_694.nii 140698433468224
increment_file 1568152532.7626061 1568152534.480485 bigbrain_1538_0_694.nii 140698433468224
write_file 1568152534.531797 1568152536.6628664 inc-bigbrain_1538_0_694.nii 140698433468224
task_duration 1568152532.7579231 1568152536.6754138 1568151967-tmpfs_1it_96cpus_0delay_npc-3 140698433468224
read_file 1568152532.759759 1568152532.7619102 bigbrain_1538_1809_694.nii 139872261478208
increment_file 1568152532.7622323 1568152534.56698 bigbrain_1538_1809_694.nii 139872261478208
write_file 1568152534.6125317 1568152536.8417938 inc-bigbrain_1538_1809_694.nii 139872261478208
task_duration 1568152532.7573993 1568152536.8520064 1568151967-tmpfs_1it_96cpus_0delay_npc-3 139872261478208
read_file 1568152532.7570875 1568152532.758896 bigbrain_3076_603_2082.nii 139695796819776
increment_file 1568152532.759184 1568152534.535521 bigbrain_3076_603_2082.nii 139695796819776
write_file 1568152534.578328 1568152536.8261495 inc-bigbrain_3076_603_2082.nii 139695796819776
task_duration 1568152532.752903 1568152536.8361993 1568151967-tmpfs_1it_96cpus_0delay_npc-3 139695796819776
read_file 1568152532.7547033 1568152532.7573724 bigbrain_3076_2412_0.nii 140471777318720
increment_file 1568152532.7577643 1568152534.5575132 bigbrain_3076_2412_0.nii 140471777318720
write_file 1568152534.605706 1568152536.8325658 inc-bigbrain_3076_2412_0.nii 140471777318720
task_duration 1568152532.7519865 1568152536.8412063 1568151967-tmpfs_1it_96cpus_0delay_npc-3 140471777318720
read_file 1568152532.752342 1568152532.7546403 bigbrain_2307_1809_694.nii 140127134398272
increment_file 1568152532.754944 1568152535.419596 bigbrain_2307_1809_694.nii 140127134398272
write_file 1568152535.460199 1568152537.691218 inc-bigbrain_2307_1809_694.nii 140127134398272
task_duration 1568152532.7498043 1568152537.702963 1568151967-tmpfs_1it_96cpus_0delay_npc-3 140127134398272
read_file 1568152532.751766 1568152532.7538664 bigbrain_3076_2412_2776.nii 140493666334528
increment_file 1568152532.7541182 1568152535.436916 bigbrain_3076_2412_2776.nii 140493666334528
write_file 1568152535.477961 1568152537.7451825 inc-bigbrain_3076_2412_2776.nii 140493666334528
task_duration 1568152532.7493749 1568152537.7553952 1568151967-tmpfs_1it_96cpus_0delay_npc-3 140493666334528
read_file 1568152532.7489767 1568152532.7506437 bigbrain_3076_1206_694.nii 139664909932352
increment_file 1568152532.7508802 1568152535.4514499 bigbrain_3076_1206_694.nii 139664909932352
write_file 1568152535.4860747 1568152537.7482934 inc-bigbrain_3076_1206_694.nii 139664909932352
task_duration 1568152532.7472103 1568152537.7580667 1568151967-tmpfs_1it_96cpus_0delay_npc-3 139664909932352
read_file 1568152532.748064 1568152532.7499504 bigbrain_3076_1206_2776.nii 139701104568128
increment_file 1568152532.7501855 1568152534.454247 bigbrain_3076_1206_2776.nii 139701104568128
write_file 1568152534.5116808 1568152536.7397711 inc-bigbrain_3076_1206_2776.nii 139701104568128
task_duration 1568152532.7462492 1568152536.7527437 1568151967-tmpfs_1it_96cpus_0delay_npc-3 139701104568128
read_file 1568152532.7477024 1568152532.7492619 bigbrain_769_1809_0.nii 139627348629312
increment_file 1568152532.7494454 1568152535.418441 bigbrain_769_1809_0.nii 139627348629312
write_file 1568152535.4723105 1568152537.6638207 inc-bigbrain_769_1809_0.nii 139627348629312
task_duration 1568152532.7449248 1568152537.6778548 1568151967-tmpfs_1it_96cpus_0delay_npc-3 139627348629312
read_file 1568152532.7436352 1568152532.7460814 bigbrain_1538_1809_1388.nii 140445153818432
increment_file 1568152532.74636 1568152535.4557989 bigbrain_1538_1809_1388.nii 140445153818432
write_file 1568152535.4935632 1568152537.7476861 inc-bigbrain_1538_1809_1388.nii 140445153818432
task_duration 1568152532.7407312 1568152537.757839 1568151967-tmpfs_1it_96cpus_0delay_npc-3 140445153818432
read_file 1568152532.7440557 1568152532.7458692 bigbrain_2307_0_0.nii 140432291354432
increment_file 1568152532.7461448 1568152534.5427117 bigbrain_2307_0_0.nii 140432291354432
write_file 1568152534.5834105 1568152536.7071016 inc-bigbrain_2307_0_0.nii 140432291354432
task_duration 1568152532.741659 1568152536.7178354 1568151967-tmpfs_1it_96cpus_0delay_npc-3 140432291354432
read_file 1568152532.741176 1568152532.7435296 bigbrain_3076_0_2082.nii 139759152510784
increment_file 1568152532.7438133 1568152534.4890492 bigbrain_3076_0_2082.nii 139759152510784
write_file 1568152534.5451958 1568152536.7988036 inc-bigbrain_3076_0_2082.nii 139759152510784
task_duration 1568152532.7385154 1568152536.8092735 1568151967-tmpfs_1it_96cpus_0delay_npc-3 139759152510784
read_file 1568152532.7403448 1568152532.74217 bigbrain_1538_1809_0.nii 139783659882304
increment_file 1568152532.7423966 1568152534.4485407 bigbrain_1538_1809_0.nii 139783659882304
write_file 1568152534.4912724 1568152536.7085657 inc-bigbrain_1538_1809_0.nii 139783659882304
task_duration 1568152532.737981 1568152536.7204301 1568151967-tmpfs_1it_96cpus_0delay_npc-3 139783659882304
read_file 1568152532.736003 1568152532.738436 bigbrain_769_603_2776.nii 139679292573504
increment_file 1568152532.738701 1568152535.42376 bigbrain_769_603_2776.nii 139679292573504
write_file 1568152535.4610434 1568152537.7286415 inc-bigbrain_769_603_2776.nii 139679292573504
task_duration 1568152532.7321305 1568152537.739451 1568151967-tmpfs_1it_96cpus_0delay_npc-3 139679292573504
read_file 1568152532.7358065 1568152532.7373345 bigbrain_769_1809_2082.nii 140683969414976
increment_file 1568152532.7375412 1568152534.4971201 bigbrain_769_1809_2082.nii 140683969414976
write_file 1568152534.5486367 1568152536.793189 inc-bigbrain_769_1809_2082.nii 140683969414976
task_duration 1568152532.7323585 1568152536.8045483 1568151967-tmpfs_1it_96cpus_0delay_npc-3 140683969414976
read_file 1568152532.7304752 1568152532.7323878 bigbrain_769_0_694.nii 140468404516672
increment_file 1568152532.732622 1568152535.347095 bigbrain_769_0_694.nii 140468404516672
write_file 1568152535.3868196 1568152537.5753353 inc-bigbrain_769_0_694.nii 140468404516672
task_duration 1568152532.7282326 1568152537.587581 1568151967-tmpfs_1it_96cpus_0delay_npc-3 140468404516672
read_file 1568152532.728376 1568152532.730101 bigbrain_2307_1809_2082.nii 140102778627904
increment_file 1568152532.7302825 1568152534.4943864 bigbrain_2307_1809_2082.nii 140102778627904
write_file 1568152534.5438182 1568152536.788074 inc-bigbrain_2307_1809_2082.nii 140102778627904
task_duration 1568152532.7263885 1568152536.798876 1568151967-tmpfs_1it_96cpus_0delay_npc-3 140102778627904
read_file 1568152532.7262366 1568152532.7276826 bigbrain_769_2412_0.nii 140555254634304
increment_file 1568152532.7278755 1568152534.4853907 bigbrain_769_2412_0.nii 140555254634304
write_file 1568152534.5416934 1568152536.65286 inc-bigbrain_769_2412_0.nii 140555254634304
task_duration 1568152532.7233047 1568152536.6662385 1568151967-tmpfs_1it_96cpus_0delay_npc-3 140555254634304
read_file 1568152532.7240412 1568152532.7261481 bigbrain_1538_603_2082.nii 140275906676544
increment_file 1568152532.726278 1568152534.4706664 bigbrain_1538_603_2082.nii 140275906676544
write_file 1568152534.5209243 1568152536.7749672 inc-bigbrain_1538_603_2082.nii 140275906676544
task_duration 1568152532.7208426 1568152536.785539 1568151967-tmpfs_1it_96cpus_0delay_npc-3 140275906676544
read_file 1568152532.7204502 1568152532.7225041 bigbrain_2307_1206_2082.nii 140161891792704
increment_file 1568152532.7227454 1568152534.427594 bigbrain_2307_1206_2082.nii 140161891792704
write_file 1568152534.4817433 1568152536.7399054 inc-bigbrain_2307_1206_2082.nii 140161891792704
task_duration 1568152532.717885 1568152536.7527742 1568151967-tmpfs_1it_96cpus_0delay_npc-3 140161891792704
read_file 1568152532.7183821 1568152532.7212236 bigbrain_769_2412_2776.nii 140038682109760
increment_file 1568152532.721615 1568152535.4206448 bigbrain_769_2412_2776.nii 140038682109760
write_file 1568152535.4386384 1568152537.6874142 inc-bigbrain_769_2412_2776.nii 140038682109760
task_duration 1568152532.716252 1568152537.6987948 1568151967-tmpfs_1it_96cpus_0delay_npc-3 140038682109760
read_file 1568152532.7187262 1568152532.7201045 bigbrain_2307_1809_2776.nii 140629178296128
increment_file 1568152532.7202609 1568152535.382114 bigbrain_2307_1809_2776.nii 140629178296128
write_file 1568152535.4214137 1568152537.6921322 inc-bigbrain_2307_1809_2776.nii 140629178296128
task_duration 1568152532.7167864 1568152537.704275 1568151967-tmpfs_1it_96cpus_0delay_npc-3 140629178296128
read_file 1568152532.7185543 1568152532.7199137 bigbrain_3076_603_1388.nii 140185738422080
increment_file 1568152532.7200773 1568152535.373348 bigbrain_3076_603_1388.nii 140185738422080
write_file 1568152535.4232817 1568152537.7064228 inc-bigbrain_3076_603_1388.nii 140185738422080
task_duration 1568152532.7165828 1568152537.7179585 1568151967-tmpfs_1it_96cpus_0delay_npc-3 140185738422080
read_file 1568152532.7183414 1568152532.7197006 bigbrain_769_1206_2082.nii 140611190716224
increment_file 1568152532.7198524 1568152535.3455365 bigbrain_769_1206_2082.nii 140611190716224
write_file 1568152535.3954592 1568152537.6996906 inc-bigbrain_769_1206_2082.nii 140611190716224
task_duration 1568152532.7161198 1568152537.7119193 1568151967-tmpfs_1it_96cpus_0delay_npc-3 140611190716224
read_file 1568152532.7182527 1568152532.7196112 bigbrain_3076_1206_2082.nii 139882734421824
increment_file 1568152532.719767 1568152535.3537261 bigbrain_3076_1206_2082.nii 139882734421824
write_file 1568152535.413406 1568152537.6682322 inc-bigbrain_3076_1206_2082.nii 139882734421824
task_duration 1568152532.7159424 1568152537.6816797 1568151967-tmpfs_1it_96cpus_0delay_npc-3 139882734421824
read_file 1568152532.718244 1568152532.7195308 bigbrain_769_1206_0.nii 140455083763520
increment_file 1568152532.7196786 1568152535.3170264 bigbrain_769_1206_0.nii 140455083763520
write_file 1568152535.3482318 1568152537.5554755 inc-bigbrain_769_1206_0.nii 140455083763520
task_duration 1568152532.7160008 1568152537.5677586 1568151967-tmpfs_1it_96cpus_0delay_npc-3 140455083763520
read_file 1568152532.7182322 1568152532.7195246 bigbrain_769_1809_2776.nii 140648957519680
increment_file 1568152532.7196748 1568152535.4121976 bigbrain_769_1809_2776.nii 140648957519680
write_file 1568152535.4626014 1568152537.7637455 inc-bigbrain_769_1809_2776.nii 140648957519680
task_duration 1568152532.7160282 1568152537.7716875 1568151967-tmpfs_1it_96cpus_0delay_npc-3 140648957519680
read_file 1568152532.7181077 1568152532.7194428 bigbrain_769_0_2776.nii 139865349064512
increment_file 1568152532.7196014 1568152535.3660953 bigbrain_769_0_2776.nii 139865349064512
write_file 1568152535.419467 1568152537.616094 inc-bigbrain_769_0_2776.nii 139865349064512
task_duration 1568152532.7155738 1568152537.6293533 1568151967-tmpfs_1it_96cpus_0delay_npc-3 139865349064512
read_file 1568152532.7181594 1568152532.7193818 bigbrain_1538_1206_2082.nii 139984179042112
increment_file 1568152532.7195375 1568152535.3443625 bigbrain_1538_1206_2082.nii 139984179042112
write_file 1568152535.3817365 1568152537.6779609 inc-bigbrain_1538_1206_2082.nii 139984179042112
task_duration 1568152532.7159052 1568152537.6903353 1568151967-tmpfs_1it_96cpus_0delay_npc-3 139984179042112
read_file 1568152532.717313 1568152532.7187374 bigbrain_1538_1809_2082.nii 139731981195072
increment_file 1568152532.7188888 1568152534.449365 bigbrain_1538_1809_2082.nii 139731981195072
write_file 1568152534.4969206 1568152536.7601817 inc-bigbrain_1538_1809_2082.nii 139731981195072
task_duration 1568152532.7155755 1568152536.7715452 1568151967-tmpfs_1it_96cpus_0delay_npc-3 139731981195072
read_file 1568152532.7172692 1568152532.718629 bigbrain_769_1206_1388.nii 140025075914560
increment_file 1568152532.7187989 1568152534.4209185 bigbrain_769_1206_1388.nii 140025075914560
write_file 1568152534.4664793 1568152536.737233 inc-bigbrain_769_1206_1388.nii 140025075914560
task_duration 1568152532.7154684 1568152536.7508457 1568151967-tmpfs_1it_96cpus_0delay_npc-3 140025075914560
read_file 1568152532.6784465 1568152532.679925 bigbrain_769_1809_694.nii 139752845711168
increment_file 1568152532.6801348 1568152535.2290812 bigbrain_769_1809_694.nii 139752845711168
write_file 1568152535.2692988 1568152537.5373583 inc-bigbrain_769_1809_694.nii 139752845711168
task_duration 1568152532.6765473 1568152537.5516288 1568151967-tmpfs_1it_96cpus_0delay_npc-3 139752845711168
read_file 1568152532.6679804 1568152532.669267 bigbrain_769_0_0.nii 140494626092864
increment_file 1568152532.6694188 1568152535.1205373 bigbrain_769_0_0.nii 140494626092864
write_file 1568152535.1514242 1568152537.3611798 inc-bigbrain_769_0_0.nii 140494626092864
task_duration 1568152532.6663198 1568152537.3797507 1568151967-tmpfs_1it_96cpus_0delay_npc-3 140494626092864
read_file 1568152532.6665943 1568152532.6678743 bigbrain_3076_0_1388.nii 140207303460672
increment_file 1568152532.6680286 1568152535.1151366 bigbrain_3076_0_1388.nii 140207303460672
write_file 1568152535.1514215 1568152537.4786565 inc-bigbrain_3076_0_1388.nii 140207303460672
task_duration 1568152532.6624558 1568152537.493527 1568151967-tmpfs_1it_96cpus_0delay_npc-3 140207303460672
read_file 1568152532.6666317 1568152532.6678336 bigbrain_2307_2412_0.nii 140514405066560
increment_file 1568152532.6679707 1568152535.1442816 bigbrain_2307_2412_0.nii 140514405066560
write_file 1568152535.1824934 1568152537.4686458 inc-bigbrain_2307_2412_0.nii 140514405066560
task_duration 1568152532.6639311 1568152537.48249 1568151967-tmpfs_1it_96cpus_0delay_npc-3 140514405066560
read_file 1568152532.6665864 1568152532.667806 bigbrain_769_0_1388.nii 139630782187328
increment_file 1568152532.667956 1568152535.151055 bigbrain_769_0_1388.nii 139630782187328
write_file 1568152535.1899636 1568152537.3883753 inc-bigbrain_769_0_1388.nii 139630782187328
task_duration 1568152532.663832 1568152537.4045284 1568151967-tmpfs_1it_96cpus_0delay_npc-3 139630782187328
read_file 1568152532.6666212 1568152532.6678007 bigbrain_2307_0_1388.nii 140239019968320
increment_file 1568152532.6679559 1568152535.153057 bigbrain_2307_0_1388.nii 140239019968320
write_file 1568152535.1912637 1568152537.4899056 inc-bigbrain_2307_0_1388.nii 140239019968320
task_duration 1568152532.6639414 1568152537.5037985 1568151967-tmpfs_1it_96cpus_0delay_npc-3 140239019968320
