read_file 1568147208.378254 1568147208.37968 bigbrain_769_603_694.nii 139871310735168
increment_file 1568147208.3799164 1568147209.343848 bigbrain_769_603_694.nii 139871310735168
write_file 1568147209.3671083 1568147209.8171792 inc-bigbrain_769_603_694.nii 139871310735168
task_duration 1568147208.3765616 1568147209.8201582 1568146634-tmpfs_1it_96cpus_0delay_npc-2 139871310735168
read_file 1568147201.4247053 1568147201.4337177 bigbrain_769_603_2082.nii 140261233067840
increment_file 1568147201.4350517 1568147205.3001344 bigbrain_769_603_2082.nii 140261233067840
write_file 1568147205.3983903 1568147207.8834274 inc-bigbrain_769_603_2082.nii 140261233067840
task_duration 1568147201.4167964 1568147207.8905873 1568146634-tmpfs_1it_96cpus_0delay_npc-2 140261233067840
read_file 1568147201.4149506 1568147201.4262354 bigbrain_769_0_0.nii 140600017246016
increment_file 1568147201.427661 1568147206.7429717 bigbrain_769_0_0.nii 140600017246016
write_file 1568147206.8357966 1568147210.2541707 inc-bigbrain_769_0_0.nii 140600017246016
task_duration 1568147201.4060168 1568147210.2626376 1568146634-tmpfs_1it_96cpus_0delay_npc-2 140600017246016
read_file 1568147201.3946376 1568147201.411613 bigbrain_2307_1809_2082.nii 139940820223808
increment_file 1568147201.4127939 1568147205.2692823 bigbrain_2307_1809_2082.nii 139940820223808
write_file 1568147205.3647645 1568147207.9015386 inc-bigbrain_2307_1809_2082.nii 139940820223808
task_duration 1568147201.3876917 1568147207.9091036 1568146634-tmpfs_1it_96cpus_0delay_npc-2 139940820223808
read_file 1568147201.40496 1568147201.4113417 bigbrain_769_1809_1388.nii 140430711666496
increment_file 1568147201.4122398 1568147205.311408 bigbrain_769_1809_1388.nii 140430711666496
write_file 1568147205.4002197 1568147207.840508 inc-bigbrain_769_1809_1388.nii 140430711666496
task_duration 1568147201.3972142 1568147207.8481948 1568146634-tmpfs_1it_96cpus_0delay_npc-2 140430711666496
read_file 1568147201.4051292 1568147201.410587 bigbrain_769_603_1388.nii 140522920359744
increment_file 1568147201.411248 1568147205.213462 bigbrain_769_603_1388.nii 140522920359744
write_file 1568147205.2879722 1568147207.785441 inc-bigbrain_769_603_1388.nii 140522920359744
task_duration 1568147201.400072 1568147207.7917254 1568146634-tmpfs_1it_96cpus_0delay_npc-2 140522920359744
read_file 1568147201.3749545 1568147201.4053211 bigbrain_769_2412_1388.nii 140384617105216
increment_file 1568147201.4203575 1568147205.333469 bigbrain_769_2412_1388.nii 140384617105216
write_file 1568147205.4209492 1568147207.8434575 inc-bigbrain_769_2412_1388.nii 140384617105216
task_duration 1568147201.3559778 1568147207.8494682 1568146634-tmpfs_1it_96cpus_0delay_npc-2 140384617105216
read_file 1568147201.3481805 1568147201.3553846 bigbrain_769_2412_0.nii 140081805330240
increment_file 1568147201.3561761 1568147205.1122057 bigbrain_769_2412_0.nii 140081805330240
write_file 1568147205.2131228 1568147207.7819529 inc-bigbrain_769_2412_0.nii 140081805330240
task_duration 1568147201.3438354 1568147207.7892 1568146634-tmpfs_1it_96cpus_0delay_npc-2 140081805330240
read_file 1568147201.3100502 1568147201.321451 bigbrain_3076_2412_694.nii 139726828742464
increment_file 1568147201.3232272 1568147206.562959 bigbrain_3076_2412_694.nii 139726828742464
write_file 1568147206.6368957 1568147210.2079332 inc-bigbrain_3076_2412_694.nii 139726828742464
task_duration 1568147201.2995594 1568147210.2178276 1568146634-tmpfs_1it_96cpus_0delay_npc-2 139726828742464
read_file 1568147201.3053026 1568147201.3098807 bigbrain_769_1206_2082.nii 140345142478656
increment_file 1568147201.310267 1568147204.9654477 bigbrain_769_1206_2082.nii 140345142478656
write_file 1568147205.0677729 1568147207.830364 inc-bigbrain_769_1206_2082.nii 140345142478656
task_duration 1568147201.300767 1568147207.836031 1568146634-tmpfs_1it_96cpus_0delay_npc-2 140345142478656
read_file 1568147201.2888522 1568147201.2975078 bigbrain_769_1809_0.nii 140558424323904
increment_file 1568147201.298771 1568147204.9974012 bigbrain_769_1809_0.nii 140558424323904
write_file 1568147205.095954 1568147207.8275392 inc-bigbrain_769_1809_0.nii 140558424323904
task_duration 1568147201.280208 1568147207.8355868 1568146634-tmpfs_1it_96cpus_0delay_npc-2 140558424323904
read_file 1568147201.2635798 1568147201.2749147 bigbrain_769_1809_2776.nii 140191744812864
increment_file 1568147201.2764583 1568147206.7297661 bigbrain_769_1809_2776.nii 140191744812864
write_file 1568147206.7918897 1568147208.494382 inc-bigbrain_769_1809_2776.nii 140191744812864
task_duration 1568147201.2524388 1568147208.5029995 1568146634-tmpfs_1it_96cpus_0delay_npc-2 140191744812864
read_file 1568147201.2522867 1568147201.2566519 bigbrain_769_1206_0.nii 140467156490048
increment_file 1568147201.2573612 1568147204.7734349 bigbrain_769_1206_0.nii 140467156490048
write_file 1568147204.8865614 1568147207.7304595 inc-bigbrain_769_1206_0.nii 140467156490048
task_duration 1568147201.245288 1568147207.739184 1568146634-tmpfs_1it_96cpus_0delay_npc-2 140467156490048
read_file 1568147201.2438679 1568147201.2534478 bigbrain_3076_1809_2776.nii 139834475714368
increment_file 1568147201.2547305 1568147206.6301076 bigbrain_3076_1809_2776.nii 139834475714368
write_file 1568147206.7265847 1568147210.248058 inc-bigbrain_3076_1809_2776.nii 139834475714368
task_duration 1568147201.2355368 1568147210.2573698 1568146634-tmpfs_1it_96cpus_0delay_npc-2 139834475714368
read_file 1568147201.2397406 1568147201.2482648 bigbrain_2307_1206_2082.nii 140249602963264
increment_file 1568147201.2497826 1568147205.1120858 bigbrain_2307_1206_2082.nii 140249602963264
write_file 1568147205.203464 1568147207.8039317 inc-bigbrain_2307_1206_2082.nii 140249602963264
task_duration 1568147201.2335758 1568147207.8128393 1568146634-tmpfs_1it_96cpus_0delay_npc-2 140249602963264
read_file 1568147201.2137127 1568147201.222195 bigbrain_769_603_0.nii 140148502738752
increment_file 1568147201.223342 1568147204.9213784 bigbrain_769_603_0.nii 140148502738752
write_file 1568147205.0072281 1568147207.7907996 inc-bigbrain_769_603_0.nii 140148502738752
task_duration 1568147201.205102 1568147207.7974734 1568146634-tmpfs_1it_96cpus_0delay_npc-2 140148502738752
read_file 1568147201.2010584 1568147201.2118976 bigbrain_2307_1206_0.nii 140430430988096
increment_file 1568147201.213212 1568147205.094787 bigbrain_2307_1206_0.nii 140430430988096
write_file 1568147205.184933 1568147207.862847 inc-bigbrain_2307_1206_0.nii 140430430988096
task_duration 1568147201.1931834 1568147207.868886 1568146634-tmpfs_1it_96cpus_0delay_npc-2 140430430988096
read_file 1568147201.196223 1568147201.2033951 bigbrain_769_1809_694.nii 140592757004096
increment_file 1568147201.2041948 1568147204.5729258 bigbrain_769_1809_694.nii 140592757004096
write_file 1568147204.6868713 1568147207.8298626 inc-bigbrain_769_1809_694.nii 140592757004096
task_duration 1568147201.1919508 1568147207.837416 1568146634-tmpfs_1it_96cpus_0delay_npc-2 140592757004096
read_file 1568147201.1908083 1568147201.1971097 bigbrain_769_0_2776.nii 140312132179776
increment_file 1568147201.197952 1568147204.7278278 bigbrain_769_0_2776.nii 140312132179776
write_file 1568147204.8426023 1568147207.8017921 inc-bigbrain_769_0_2776.nii 140312132179776
task_duration 1568147201.1840534 1568147207.8118658 1568146634-tmpfs_1it_96cpus_0delay_npc-2 140312132179776
read_file 1568147201.1821241 1568147201.1917665 bigbrain_769_2412_2082.nii 140647809644352
increment_file 1568147201.193355 1568147206.2560441 bigbrain_769_2412_2082.nii 140647809644352
write_file 1568147206.3065245 1568147209.4527843 inc-bigbrain_769_2412_2082.nii 140647809644352
task_duration 1568147201.1726532 1568147209.4658108 1568146634-tmpfs_1it_96cpus_0delay_npc-2 140647809644352
read_file 1568147201.1554546 1568147201.1636949 bigbrain_3076_603_1388.nii 140017769731904
increment_file 1568147201.164952 1568147206.644123 bigbrain_3076_603_1388.nii 140017769731904
write_file 1568147206.7180886 1568147210.1981301 inc-bigbrain_3076_603_1388.nii 140017769731904
task_duration 1568147201.1465676 1568147210.2076218 1568146634-tmpfs_1it_96cpus_0delay_npc-2 140017769731904
read_file 1568147201.14589 1568147201.1547115 bigbrain_2307_603_2776.nii 139812764714816
increment_file 1568147201.1559372 1568147206.6438084 bigbrain_2307_603_2776.nii 139812764714816
write_file 1568147206.7177842 1568147210.2854404 inc-bigbrain_2307_603_2776.nii 139812764714816
task_duration 1568147201.1376138 1568147210.2928352 1568146634-tmpfs_1it_96cpus_0delay_npc-2 139812764714816
read_file 1568147201.1471474 1568147201.1541824 bigbrain_769_1206_694.nii 140607412836160
increment_file 1568147201.1552925 1568147206.5119262 bigbrain_769_1206_694.nii 140607412836160
write_file 1568147206.6084116 1568147210.2189763 inc-bigbrain_769_1206_694.nii 140607412836160
task_duration 1568147201.1407416 1568147210.2292895 1568146634-tmpfs_1it_96cpus_0delay_npc-2 140607412836160
read_file 1568147201.1436863 1568147201.1536052 bigbrain_3076_603_2082.nii 139896317372224
increment_file 1568147201.1550038 1568147206.5230055 bigbrain_3076_603_2082.nii 139896317372224
write_file 1568147206.5830655 1568147210.2296438 inc-bigbrain_3076_603_2082.nii 139896317372224
task_duration 1568147201.1356144 1568147210.238621 1568146634-tmpfs_1it_96cpus_0delay_npc-2 139896317372224
read_file 1568147201.1231012 1568147201.1299834 bigbrain_3076_0_0.nii 140400081737536
increment_file 1568147201.1309156 1568147206.2719626 bigbrain_3076_0_0.nii 140400081737536
write_file 1568147206.3318853 1568147210.1452382 inc-bigbrain_3076_0_0.nii 140400081737536
task_duration 1568147201.117162 1568147210.1581738 1568146634-tmpfs_1it_96cpus_0delay_npc-2 140400081737536
read_file 1568147201.1210814 1568147201.1284704 bigbrain_3076_1206_1388.nii 140324809381696
increment_file 1568147201.1295202 1568147206.5256784 bigbrain_3076_1206_1388.nii 140324809381696
write_file 1568147206.6041675 1568147210.2421367 inc-bigbrain_3076_1206_1388.nii 140324809381696
task_duration 1568147201.1145005 1568147210.2515416 1568146634-tmpfs_1it_96cpus_0delay_npc-2 140324809381696
read_file 1568147201.1208107 1568147201.1280322 bigbrain_3076_603_0.nii 140018228549440
increment_file 1568147201.1294727 1568147206.2703767 bigbrain_3076_603_0.nii 140018228549440
write_file 1568147206.3279428 1568147210.1014452 inc-bigbrain_3076_603_0.nii 140018228549440
task_duration 1568147201.1129627 1568147210.1129744 1568146634-tmpfs_1it_96cpus_0delay_npc-2 140018228549440
read_file 1568147201.117227 1568147201.1258056 bigbrain_769_603_2776.nii 140675936782144
increment_file 1568147201.1271808 1568147206.4138236 bigbrain_769_603_2776.nii 140675936782144
write_file 1568147206.4930885 1568147210.1233487 inc-bigbrain_769_603_2776.nii 140675936782144
task_duration 1568147201.1083102 1568147210.1345084 1568146634-tmpfs_1it_96cpus_0delay_npc-2 140675936782144
read_file 1568147201.1169426 1568147201.124696 bigbrain_769_2412_694.nii 140036819015488
increment_file 1568147201.125807 1568147206.383942 bigbrain_769_2412_694.nii 140036819015488
write_file 1568147206.45156 1568147210.2194176 inc-bigbrain_769_2412_694.nii 140036819015488
task_duration 1568147201.1102462 1568147210.2296858 1568146634-tmpfs_1it_96cpus_0delay_npc-2 140036819015488
read_file 1568147201.0974395 1568147201.1020513 bigbrain_3076_1206_2082.nii 139892045154112
increment_file 1568147201.1025028 1568147204.754647 bigbrain_3076_1206_2082.nii 139892045154112
write_file 1568147204.8416972 1568147207.7035062 inc-bigbrain_3076_1206_2082.nii 139892045154112
task_duration 1568147201.093334 1568147207.710771 1568146634-tmpfs_1it_96cpus_0delay_npc-2 139892045154112
read_file 1568147201.086759 1568147201.092677 bigbrain_3076_603_694.nii 140641723066176
increment_file 1568147201.093249 1568147206.3126998 bigbrain_3076_603_694.nii 140641723066176
write_file 1568147206.3735154 1568147210.1755102 inc-bigbrain_3076_603_694.nii 140641723066176
task_duration 1568147201.081222 1568147210.1861472 1568146634-tmpfs_1it_96cpus_0delay_npc-2 140641723066176
read_file 1568147201.0841045 1568147201.0908778 bigbrain_3076_1206_2776.nii 140678774851392
increment_file 1568147201.0918014 1568147206.4464035 bigbrain_3076_1206_2776.nii 140678774851392
write_file 1568147206.518475 1568147210.1856463 inc-bigbrain_3076_1206_2776.nii 140678774851392
task_duration 1568147201.078481 1568147210.196578 1568146634-tmpfs_1it_96cpus_0delay_npc-2 140678774851392
read_file 1568147201.085331 1568147201.0878758 bigbrain_3076_2412_1388.nii 140197357459264
increment_file 1568147201.0882766 1568147206.4898088 bigbrain_3076_2412_1388.nii 140197357459264
write_file 1568147206.5763214 1568147210.2652574 inc-bigbrain_3076_2412_1388.nii 140197357459264
task_duration 1568147201.0834608 1568147210.2732086 1568146634-tmpfs_1it_96cpus_0delay_npc-2 140197357459264
read_file 1568147201.0693324 1568147201.0791137 bigbrain_3076_0_1388.nii 140178027063104
increment_file 1568147201.080649 1568147206.5613117 bigbrain_3076_0_1388.nii 140178027063104
write_file 1568147206.6344647 1568147210.0386114 inc-bigbrain_3076_0_1388.nii 140178027063104
task_duration 1568147201.0604339 1568147210.049078 1568146634-tmpfs_1it_96cpus_0delay_npc-2 140178027063104
read_file 1568147201.0756671 1568147201.077378 bigbrain_2307_2412_694.nii 140169928664896
increment_file 1568147201.0777433 1568147204.1940777 bigbrain_2307_2412_694.nii 140169928664896
write_file 1568147204.282585 1568147207.6722755 inc-bigbrain_2307_2412_694.nii 140169928664896
task_duration 1568147201.0741534 1568147207.679502 1568146634-tmpfs_1it_96cpus_0delay_npc-2 140169928664896
read_file 1568147201.0380104 1568147201.0436049 bigbrain_2307_2412_2082.nii 140196534794048
increment_file 1568147201.0444765 1568147204.3637385 bigbrain_2307_2412_2082.nii 140196534794048
write_file 1568147204.474124 1568147207.6874948 inc-bigbrain_2307_2412_2082.nii 140196534794048
task_duration 1568147201.0340347 1568147207.6959813 1568146634-tmpfs_1it_96cpus_0delay_npc-2 140196534794048
read_file 1568147201.016157 1568147201.0209713 bigbrain_769_0_694.nii 139775209101120
increment_file 1568147201.0220168 1568147204.5251718 bigbrain_769_0_694.nii 139775209101120
write_file 1568147204.6365438 1568147207.6895847 inc-bigbrain_769_0_694.nii 139775209101120
task_duration 1568147201.0114033 1568147207.6984909 1568146634-tmpfs_1it_96cpus_0delay_npc-2 139775209101120
read_file 1568147201.011631 1568147201.0178852 bigbrain_3076_2412_0.nii 139920218765120
increment_file 1568147201.0189204 1568147206.3238199 bigbrain_3076_2412_0.nii 139920218765120
write_file 1568147206.3598967 1568147210.2028813 inc-bigbrain_3076_2412_0.nii 139920218765120
task_duration 1568147201.0053806 1568147210.2123284 1568146634-tmpfs_1it_96cpus_0delay_npc-2 139920218765120
read_file 1568147201.0073872 1568147201.0127869 bigbrain_2307_2412_2776.nii 139932925990720
increment_file 1568147201.0138283 1568147206.1761372 bigbrain_2307_2412_2776.nii 139932925990720
write_file 1568147206.2312117 1568147210.1538038 inc-bigbrain_2307_2412_2776.nii 139932925990720
task_duration 1568147201.0030239 1568147210.1660757 1568146634-tmpfs_1it_96cpus_0delay_npc-2 139932925990720
read_file 1568147200.9807632 1568147200.9848778 bigbrain_3076_1809_694.nii 139704699983680
increment_file 1568147200.9853094 1568147203.8473861 bigbrain_3076_1809_694.nii 139704699983680
write_file 1568147203.9815023 1568147207.6617692 inc-bigbrain_3076_1809_694.nii 139704699983680
task_duration 1568147200.9777303 1568147207.669685 1568146634-tmpfs_1it_96cpus_0delay_npc-2 139704699983680
read_file 1568147200.9733105 1568147200.9788167 bigbrain_2307_1809_2776.nii 140576862811968
increment_file 1568147200.9797945 1568147206.3900547 bigbrain_2307_1809_2776.nii 140576862811968
write_file 1568147206.45453 1568147210.287408 inc-bigbrain_2307_1809_2776.nii 140576862811968
task_duration 1568147200.9679513 1568147210.2945898 1568146634-tmpfs_1it_96cpus_0delay_npc-2 140576862811968
read_file 1568147200.945274 1568147200.9495747 bigbrain_2307_1809_0.nii 140163480205120
increment_file 1568147200.9505293 1568147204.1828768 bigbrain_2307_1809_0.nii 140163480205120
write_file 1568147204.2977555 1568147207.7235622 inc-bigbrain_2307_1809_0.nii 140163480205120
task_duration 1568147200.9402623 1568147207.7333388 1568146634-tmpfs_1it_96cpus_0delay_npc-2 140163480205120
read_file 1568147200.9372337 1568147200.9400663 bigbrain_3076_1809_1388.nii 140021603841856
increment_file 1568147200.9404364 1568147203.6051428 bigbrain_3076_1809_1388.nii 140021603841856
write_file 1568147203.6935756 1568147207.627138 inc-bigbrain_3076_1809_1388.nii 140021603841856
task_duration 1568147200.9326527 1568147207.6345644 1568146634-tmpfs_1it_96cpus_0delay_npc-2 140021603841856
read_file 1568147200.9313705 1568147200.9356356 bigbrain_2307_1809_1388.nii 140581154453312
increment_file 1568147200.9361663 1568147206.1414542 bigbrain_2307_1809_1388.nii 140581154453312
write_file 1568147206.183738 1568147210.155517 inc-bigbrain_2307_1809_1388.nii 140581154453312
task_duration 1568147200.9270852 1568147210.1689343 1568146634-tmpfs_1it_96cpus_0delay_npc-2 140581154453312
read_file 1568147200.9248228 1568147200.9277577 bigbrain_3076_603_2776.nii 139998512256832
increment_file 1568147200.9281394 1568147203.660379 bigbrain_3076_603_2776.nii 139998512256832
write_file 1568147203.7653596 1568147207.6050582 inc-bigbrain_3076_603_2776.nii 139998512256832
task_duration 1568147200.9218252 1568147207.6142552 1568146634-tmpfs_1it_96cpus_0delay_npc-2 139998512256832
read_file 1568147200.9210293 1568147200.9249086 bigbrain_3076_2412_2082.nii 139879082743616
increment_file 1568147200.9254327 1568147206.2295468 bigbrain_3076_2412_2082.nii 139879082743616
write_file 1568147206.267179 1568147210.131178 inc-bigbrain_3076_2412_2082.nii 139879082743616
task_duration 1568147200.9170597 1568147210.146456 1568146634-tmpfs_1it_96cpus_0delay_npc-2 139879082743616
read_file 1568147200.911853 1568147200.916187 bigbrain_769_1206_1388.nii 139772661950272
increment_file 1568147200.9166298 1568147206.2809625 bigbrain_769_1206_1388.nii 139772661950272
write_file 1568147206.334006 1568147210.1634414 inc-bigbrain_769_1206_1388.nii 139772661950272
task_duration 1568147200.9087152 1568147210.1739986 1568146634-tmpfs_1it_96cpus_0delay_npc-2 139772661950272
read_file 1568147200.90414 1568147200.9080913 bigbrain_769_0_1388.nii 140696517912384
increment_file 1568147200.908494 1568147206.2581794 bigbrain_769_0_1388.nii 140696517912384
write_file 1568147206.2914143 1568147210.135186 inc-bigbrain_769_0_1388.nii 140696517912384
task_duration 1568147200.9000185 1568147210.1491115 1568146634-tmpfs_1it_96cpus_0delay_npc-2 140696517912384
read_file 1568147200.896626 1568147200.900534 bigbrain_2307_2412_1388.nii 139936236267328
increment_file 1568147200.9010575 1568147203.8507628 bigbrain_2307_2412_1388.nii 139936236267328
write_file 1568147203.992843 1568147207.6092598 inc-bigbrain_2307_2412_1388.nii 139936236267328
task_duration 1568147200.8932135 1568147207.6186578 1568146634-tmpfs_1it_96cpus_0delay_npc-2 139936236267328
read_file 1568147200.8934102 1568147200.8966618 bigbrain_3076_1206_694.nii 139763554215744
increment_file 1568147200.8970761 1568147203.7794394 bigbrain_3076_1206_694.nii 139763554215744
write_file 1568147203.9083574 1568147207.545254 inc-bigbrain_3076_1206_694.nii 139763554215744
task_duration 1568147200.8904262 1568147207.5557947 1568146634-tmpfs_1it_96cpus_0delay_npc-2 139763554215744
read_file 1568147200.8813605 1568147200.8838227 bigbrain_2307_2412_0.nii 140423894087488
increment_file 1568147200.8842092 1568147203.5145843 bigbrain_2307_2412_0.nii 140423894087488
write_file 1568147203.6482174 1568147207.5743432 inc-bigbrain_2307_2412_0.nii 140423894087488
task_duration 1568147200.8788407 1568147207.5850372 1568146634-tmpfs_1it_96cpus_0delay_npc-2 140423894087488
read_file 1568147200.8725252 1568147200.8763978 bigbrain_2307_603_2082.nii 140432767166272
increment_file 1568147200.8768508 1568147206.1841657 bigbrain_2307_603_2082.nii 140432767166272
write_file 1568147206.2312958 1568147210.0828502 inc-bigbrain_2307_603_2082.nii 140432767166272
task_duration 1568147200.8684435 1568147210.0971687 1568146634-tmpfs_1it_96cpus_0delay_npc-2 140432767166272
read_file 1568147200.8714757 1568147200.874106 bigbrain_3076_1206_0.nii 140664867342144
increment_file 1568147200.8744 1568147206.0941975 bigbrain_3076_1206_0.nii 140664867342144
write_file 1568147206.1597648 1568147210.195245 inc-bigbrain_3076_1206_0.nii 140664867342144
task_duration 1568147200.8685133 1568147210.2058942 1568146634-tmpfs_1it_96cpus_0delay_npc-2 140664867342144
read_file 1568147200.8606062 1568147200.8632445 bigbrain_3076_1809_0.nii 139743218812736
increment_file 1568147200.8635716 1568147206.0425 bigbrain_3076_1809_0.nii 139743218812736
write_file 1568147206.101943 1568147210.1499972 inc-bigbrain_3076_1809_0.nii 139743218812736
task_duration 1568147200.8576987 1568147210.1618044 1568146634-tmpfs_1it_96cpus_0delay_npc-2 139743218812736
read_file 1568147200.859701 1568147200.8620462 bigbrain_2307_603_1388.nii 140001649231680
increment_file 1568147200.8622942 1568147203.0638387 bigbrain_2307_603_1388.nii 140001649231680
write_file 1568147203.1324444 1568147207.4773161 inc-bigbrain_2307_603_1388.nii 140001649231680
task_duration 1568147200.8561366 1568147207.4928474 1568146634-tmpfs_1it_96cpus_0delay_npc-2 140001649231680
read_file 1568147200.8435621 1568147200.845924 bigbrain_2307_603_0.nii 140348036843328
increment_file 1568147200.846306 1568147203.4705012 bigbrain_2307_603_0.nii 140348036843328
write_file 1568147203.612357 1568147207.5330908 inc-bigbrain_2307_603_0.nii 140348036843328
task_duration 1568147200.8413966 1568147207.5454242 1568146634-tmpfs_1it_96cpus_0delay_npc-2 140348036843328
read_file 1568147200.83861 1568147200.8412535 bigbrain_769_2412_2776.nii 140251086407488
increment_file 1568147200.8415504 1568147206.0362387 bigbrain_769_2412_2776.nii 140251086407488
write_file 1568147206.0876458 1568147210.1067154 inc-bigbrain_769_2412_2776.nii 140251086407488
task_duration 1568147200.8359537 1568147210.120393 1568146634-tmpfs_1it_96cpus_0delay_npc-2 140251086407488
read_file 1568147200.835868 1568147200.8380587 bigbrain_3076_0_2776.nii 140273398609728
increment_file 1568147200.8382955 1568147202.9979 bigbrain_3076_0_2776.nii 140273398609728
write_file 1568147203.0560493 1568147207.5035052 inc-bigbrain_3076_0_2776.nii 140273398609728
task_duration 1568147200.833608 1568147207.5148795 1568146634-tmpfs_1it_96cpus_0delay_npc-2 140273398609728
read_file 1568147200.8322513 1568147200.8345704 bigbrain_3076_0_694.nii 139949178926912
increment_file 1568147200.8348584 1568147205.9676754 bigbrain_3076_0_694.nii 139949178926912
write_file 1568147206.0193803 1568147210.0775337 inc-bigbrain_3076_0_694.nii 139949178926912
task_duration 1568147200.8284516 1568147210.0902855 1568146634-tmpfs_1it_96cpus_0delay_npc-2 139949178926912
read_file 1568147200.8248706 1568147200.8266897 bigbrain_769_1809_2082.nii 139867213485888
increment_file 1568147200.8269193 1568147205.9471016 bigbrain_769_1809_2082.nii 139867213485888
write_file 1568147206.0079873 1568147210.0284488 inc-bigbrain_769_1809_2082.nii 139867213485888
task_duration 1568147200.8229706 1568147210.0401688 1568146634-tmpfs_1it_96cpus_0delay_npc-2 139867213485888
read_file 1568147200.8235934 1568147200.8255544 bigbrain_769_0_2082.nii 140467612055360
increment_file 1568147200.825792 1568147205.9700015 bigbrain_769_0_2082.nii 140467612055360
write_file 1568147206.0216212 1568147210.0157478 inc-bigbrain_769_0_2082.nii 140467612055360
task_duration 1568147200.8208876 1568147210.030065 1568146634-tmpfs_1it_96cpus_0delay_npc-2 140467612055360
read_file 1568147200.8226395 1568147200.824715 bigbrain_2307_1206_1388.nii 140098347169600
increment_file 1568147200.8250167 1568147202.9391968 bigbrain_2307_1206_1388.nii 140098347169600
write_file 1568147203.0049884 1568147207.4887257 inc-bigbrain_2307_1206_1388.nii 140098347169600
task_duration 1568147200.8198664 1568147207.5002892 1568146634-tmpfs_1it_96cpus_0delay_npc-2 140098347169600
read_file 1568147200.8161576 1568147200.8188405 bigbrain_2307_603_694.nii 140454895101760
increment_file 1568147200.8191123 1568147203.1910346 bigbrain_2307_603_694.nii 140454895101760
write_file 1568147203.2882135 1568147207.4642904 inc-bigbrain_2307_603_694.nii 140454895101760
task_duration 1568147200.8125412 1568147207.476543 1568146634-tmpfs_1it_96cpus_0delay_npc-2 140454895101760
read_file 1568147200.8148348 1568147200.8166242 bigbrain_1538_603_2776.nii 140529868179264
increment_file 1568147200.8168879 1568147205.8719106 bigbrain_1538_603_2776.nii 140529868179264
write_file 1568147205.934813 1568147210.0722344 inc-bigbrain_1538_603_2776.nii 140529868179264
task_duration 1568147200.8129795 1568147210.0875087 1568146634-tmpfs_1it_96cpus_0delay_npc-2 140529868179264
read_file 1568147200.8067343 1568147200.8088632 bigbrain_2307_0_2776.nii 139763418060608
increment_file 1568147200.8091683 1568147205.7542098 bigbrain_2307_0_2776.nii 139763418060608
write_file 1568147205.818472 1568147209.953804 inc-bigbrain_2307_0_2776.nii 139763418060608
task_duration 1568147200.8044112 1568147209.9675817 1568146634-tmpfs_1it_96cpus_0delay_npc-2 139763418060608
read_file 1568147200.7936883 1568147200.7954772 bigbrain_2307_0_694.nii 140111137449792
increment_file 1568147200.7957022 1568147205.8049734 bigbrain_2307_0_694.nii 140111137449792
write_file 1568147205.8815084 1568147210.0480962 inc-bigbrain_2307_0_694.nii 140111137449792
task_duration 1568147200.790726 1568147210.060354 1568146634-tmpfs_1it_96cpus_0delay_npc-2 140111137449792
read_file 1568147200.7920103 1568147200.7938159 bigbrain_1538_603_0.nii 140108923107136
increment_file 1568147200.7941082 1568147202.9466832 bigbrain_1538_603_0.nii 140108923107136
write_file 1568147203.0153003 1568147207.4474018 inc-bigbrain_1538_603_0.nii 140108923107136
task_duration 1568147200.7898521 1568147207.4593632 1568146634-tmpfs_1it_96cpus_0delay_npc-2 140108923107136
read_file 1568147200.7892056 1568147200.791009 bigbrain_1538_603_2082.nii 140539713492800
increment_file 1568147200.791265 1568147202.9266238 bigbrain_1538_603_2082.nii 140539713492800
write_file 1568147202.9906156 1568147207.48797 inc-bigbrain_1538_603_2082.nii 140539713492800
task_duration 1568147200.785985 1568147207.5010734 1568146634-tmpfs_1it_96cpus_0delay_npc-2 140539713492800
read_file 1568147200.7823281 1568147200.7841218 bigbrain_3076_2412_2776.nii 139637227439936
increment_file 1568147200.7843509 1568147202.8805125 bigbrain_3076_2412_2776.nii 139637227439936
write_file 1568147202.9370317 1568147207.4361987 inc-bigbrain_3076_2412_2776.nii 139637227439936
task_duration 1568147200.7804072 1568147207.4513588 1568146634-tmpfs_1it_96cpus_0delay_npc-2 139637227439936
read_file 1568147200.7788122 1568147200.7803826 bigbrain_2307_1206_2776.nii 140645063587648
increment_file 1568147200.7805815 1568147202.7798636 bigbrain_2307_1206_2776.nii 140645063587648
write_file 1568147202.8416777 1568147207.3826456 inc-bigbrain_2307_1206_2776.nii 140645063587648
task_duration 1568147200.7756972 1568147207.3949325 1568146634-tmpfs_1it_96cpus_0delay_npc-2 140645063587648
read_file 1568147200.7776225 1568147200.7796142 bigbrain_2307_0_0.nii 139624343615296
increment_file 1568147200.779887 1568147205.6623132 bigbrain_2307_0_0.nii 139624343615296
write_file 1568147205.7445452 1568147209.8783095 inc-bigbrain_2307_0_0.nii 139624343615296
task_duration 1568147200.77538 1568147209.8930082 1568146634-tmpfs_1it_96cpus_0delay_npc-2 139624343615296
read_file 1568147200.752594 1568147200.7542248 bigbrain_1538_603_1388.nii 140228675405632
increment_file 1568147200.7544382 1568147205.5048244 bigbrain_1538_603_1388.nii 140228675405632
write_file 1568147205.5995953 1568147209.716353 inc-bigbrain_1538_603_1388.nii 140228675405632
task_duration 1568147200.7498095 1568147209.7272406 1568146634-tmpfs_1it_96cpus_0delay_npc-2 140228675405632
read_file 1568147200.7500396 1568147200.751729 bigbrain_1538_2412_2776.nii 139890745034560
increment_file 1568147200.7519672 1568147202.9184947 bigbrain_1538_2412_2776.nii 139890745034560
write_file 1568147202.9985688 1568147207.3531504 inc-bigbrain_1538_2412_2776.nii 139890745034560
task_duration 1568147200.7481072 1568147207.3677933 1568146634-tmpfs_1it_96cpus_0delay_npc-2 139890745034560
read_file 1568147200.7465625 1568147200.748759 bigbrain_769_1206_2776.nii 139708090263360
increment_file 1568147200.7489755 1568147202.6668017 bigbrain_769_1206_2776.nii 139708090263360
write_file 1568147202.7346737 1568147207.2749453 inc-bigbrain_769_1206_2776.nii 139708090263360
task_duration 1568147200.7433174 1568147207.2921028 1568146634-tmpfs_1it_96cpus_0delay_npc-2 139708090263360
read_file 1568147200.7438612 1568147200.7454722 bigbrain_2307_0_1388.nii 139875893241664
increment_file 1568147200.7456968 1568147205.3273575 bigbrain_2307_0_1388.nii 139875893241664
write_file 1568147205.4076815 1568147208.450814 inc-bigbrain_2307_0_1388.nii 139875893241664
task_duration 1568147200.7420595 1568147208.4626138 1568146634-tmpfs_1it_96cpus_0delay_npc-2 139875893241664
read_file 1568147200.7408187 1568147200.7422543 bigbrain_2307_1206_694.nii 139846854068032
increment_file 1568147200.7424405 1568147202.7077682 bigbrain_2307_1206_694.nii 139846854068032
write_file 1568147202.7670417 1568147207.290538 inc-bigbrain_2307_1206_694.nii 139846854068032
task_duration 1568147200.7392082 1568147207.3037124 1568146634-tmpfs_1it_96cpus_0delay_npc-2 139846854068032
read_file 1568147200.7095141 1568147200.7110727 bigbrain_3076_0_2082.nii 140608043976512
increment_file 1568147200.7112775 1568147202.8552368 bigbrain_3076_0_2082.nii 140608043976512
write_file 1568147202.9255252 1568147207.3349245 inc-bigbrain_3076_0_2082.nii 140608043976512
task_duration 1568147200.7071307 1568147207.3491018 1568146634-tmpfs_1it_96cpus_0delay_npc-2 140608043976512
read_file 1568147200.7069688 1568147200.7092633 bigbrain_1538_603_694.nii 139950811002688
increment_file 1568147200.709588 1568147205.317581 bigbrain_1538_603_694.nii 139950811002688
write_file 1568147205.4160855 1568147209.9704862 inc-bigbrain_1538_603_694.nii 139950811002688
task_duration 1568147200.704319 1568147209.9850512 1568146634-tmpfs_1it_96cpus_0delay_npc-2 139950811002688
read_file 1568147200.6991239 1568147200.701131 bigbrain_2307_0_2082.nii 140181951010624
increment_file 1568147200.7014196 1568147205.093555 bigbrain_2307_0_2082.nii 140181951010624
write_file 1568147205.1730418 1568147209.73036 inc-bigbrain_2307_0_2082.nii 140181951010624
task_duration 1568147200.696494 1568147209.742957 1568146634-tmpfs_1it_96cpus_0delay_npc-2 140181951010624
read_file 1568147200.693944 1568147200.6955504 bigbrain_2307_1809_694.nii 140705969116992
increment_file 1568147200.6957521 1568147205.1551318 bigbrain_2307_1809_694.nii 140705969116992
write_file 1568147205.2354915 1568147209.707209 inc-bigbrain_2307_1809_694.nii 140705969116992
task_duration 1568147200.6920877 1568147209.724635 1568146634-tmpfs_1it_96cpus_0delay_npc-2 140705969116992
read_file 1568147200.6520054 1568147200.6533928 bigbrain_3076_1809_2082.nii 140080043874112
increment_file 1568147200.6535754 1568147204.49216 bigbrain_3076_1809_2082.nii 140080043874112
write_file 1568147204.599815 1568147209.1953938 inc-bigbrain_3076_1809_2082.nii 140080043874112
task_duration 1568147200.6495762 1568147209.2100697 1568146634-tmpfs_1it_96cpus_0delay_npc-2 140080043874112
read_file 1568147200.6390092 1568147200.640556 bigbrain_1538_1206_1388.nii 140337511335744
increment_file 1568147200.6407788 1568147202.5522158 bigbrain_1538_1206_1388.nii 140337511335744
write_file 1568147202.7086463 1568147207.1841161 inc-bigbrain_1538_1206_1388.nii 140337511335744
task_duration 1568147200.637179 1568147207.2029862 1568146634-tmpfs_1it_96cpus_0delay_npc-2 140337511335744
read_file 1568147200.6332161 1568147200.6348372 bigbrain_1538_2412_2082.nii 139878808721216
increment_file 1568147200.6350505 1568147204.1468349 bigbrain_1538_2412_2082.nii 139878808721216
write_file 1568147204.2806997 1568147209.3575861 inc-bigbrain_1538_2412_2082.nii 139878808721216
task_duration 1568147200.6312454 1568147209.3784726 1568146634-tmpfs_1it_96cpus_0delay_npc-2 139878808721216
read_file 1568147200.6229453 1568147200.624477 bigbrain_1538_1809_1388.nii 140279487940416
increment_file 1568147200.6246674 1568147204.121663 bigbrain_1538_1809_1388.nii 140279487940416
write_file 1568147204.2219222 1568147209.183867 inc-bigbrain_1538_1809_1388.nii 140279487940416
task_duration 1568147200.6210644 1568147209.1999507 1568146634-tmpfs_1it_96cpus_0delay_npc-2 140279487940416
read_file 1568147200.6106544 1568147200.612521 bigbrain_1538_0_2776.nii 140654268856128
increment_file 1568147200.612771 1568147202.243368 bigbrain_1538_0_2776.nii 140654268856128
write_file 1568147202.3225625 1568147206.252893 inc-bigbrain_1538_0_2776.nii 140654268856128
task_duration 1568147200.6083927 1568147206.268161 1568146634-tmpfs_1it_96cpus_0delay_npc-2 140654268856128
read_file 1568147200.607091 1568147200.6084132 bigbrain_1538_1809_694.nii 140119518283584
increment_file 1568147200.6085782 1568147202.121002 bigbrain_1538_1809_694.nii 140119518283584
write_file 1568147202.1925268 1568147206.1594942 inc-bigbrain_1538_1809_694.nii 140119518283584
task_duration 1568147200.604022 1568147206.1734104 1568146634-tmpfs_1it_96cpus_0delay_npc-2 140119518283584
read_file 1568147200.5972247 1568147200.598645 bigbrain_1538_1206_694.nii 140519265322816
increment_file 1568147200.598839 1568147202.00018 bigbrain_1538_1206_694.nii 140519265322816
write_file 1568147202.0891197 1568147205.9490714 inc-bigbrain_1538_1206_694.nii 140519265322816
task_duration 1568147200.5943365 1568147205.9649956 1568146634-tmpfs_1it_96cpus_0delay_npc-2 140519265322816
read_file 1568147200.5923154 1568147200.5941544 bigbrain_1538_1809_2082.nii 140250760480576
increment_file 1568147200.594372 1568147202.2381005 bigbrain_1538_1809_2082.nii 140250760480576
write_file 1568147202.310146 1568147206.2150512 inc-bigbrain_1538_1809_2082.nii 140250760480576
task_duration 1568147200.589944 1568147206.2292998 1568146634-tmpfs_1it_96cpus_0delay_npc-2 140250760480576
read_file 1568147200.5896335 1568147200.5912042 bigbrain_1538_1206_2082.nii 139720330516288
increment_file 1568147200.5913858 1568147202.1635432 bigbrain_1538_1206_2082.nii 139720330516288
write_file 1568147202.235453 1568147206.1738374 inc-bigbrain_1538_1206_2082.nii 139720330516288
task_duration 1568147200.5876427 1568147206.1887016 1568146634-tmpfs_1it_96cpus_0delay_npc-2 139720330516288
read_file 1568147200.5854313 1568147200.5874314 bigbrain_1538_1809_0.nii 139669929731904
increment_file 1568147200.5876093 1568147202.1362665 bigbrain_1538_1809_0.nii 139669929731904
write_file 1568147202.2184114 1568147206.1424167 inc-bigbrain_1538_1809_0.nii 139669929731904
task_duration 1568147200.5821052 1568147206.1608202 1568146634-tmpfs_1it_96cpus_0delay_npc-2 139669929731904
read_file 1568147200.5725474 1568147200.5747945 bigbrain_1538_0_694.nii 140579341236032
increment_file 1568147200.5750616 1568147202.0295057 bigbrain_1538_0_694.nii 140579341236032
write_file 1568147202.1099746 1568147205.7544808 inc-bigbrain_1538_0_694.nii 140579341236032
task_duration 1568147200.5695732 1568147205.7733402 1568146634-tmpfs_1it_96cpus_0delay_npc-2 140579341236032
read_file 1568147200.5587044 1568147200.5602138 bigbrain_1538_2412_1388.nii 139884149487424
increment_file 1568147200.560396 1568147201.969319 bigbrain_1538_2412_1388.nii 139884149487424
write_file 1568147202.0455966 1568147205.9326508 inc-bigbrain_1538_2412_1388.nii 139884149487424
task_duration 1568147200.5566902 1568147205.95451 1568146634-tmpfs_1it_96cpus_0delay_npc-2 139884149487424
read_file 1568147200.553679 1568147200.5554223 bigbrain_1538_2412_694.nii 139652643419968
increment_file 1568147200.5556436 1568147203.1405535 bigbrain_1538_2412_694.nii 139652643419968
write_file 1568147203.2487957 1568147208.814334 inc-bigbrain_1538_2412_694.nii 139652643419968
task_duration 1568147200.5513625 1568147208.8350058 1568146634-tmpfs_1it_96cpus_0delay_npc-2 139652643419968
read_file 1568147200.5468612 1568147200.548166 bigbrain_1538_2412_0.nii 140001530697536
increment_file 1568147200.5483341 1568147201.8441746 bigbrain_1538_2412_0.nii 140001530697536
write_file 1568147201.927726 1568147205.633215 inc-bigbrain_1538_2412_0.nii 140001530697536
task_duration 1568147200.5446732 1568147205.6560674 1568146634-tmpfs_1it_96cpus_0delay_npc-2 140001530697536
read_file 1568147200.5442653 1568147200.5460184 bigbrain_1538_1206_0.nii 139690333468480
increment_file 1568147200.546232 1568147203.141112 bigbrain_1538_1206_0.nii 139690333468480
write_file 1568147203.240687 1568147208.769061 inc-bigbrain_1538_1206_0.nii 139690333468480
task_duration 1568147200.5420265 1568147208.7936006 1568146634-tmpfs_1it_96cpus_0delay_npc-2 139690333468480
read_file 1568147200.4898376 1568147200.491299 bigbrain_1538_1206_2776.nii 139869975951168
increment_file 1568147200.4914832 1568147202.2375362 bigbrain_1538_1206_2776.nii 139869975951168
write_file 1568147202.3543437 1568147208.3488085 inc-bigbrain_1538_1206_2776.nii 139869975951168
task_duration 1568147200.486232 1568147208.3786094 1568146634-tmpfs_1it_96cpus_0delay_npc-2 139869975951168
read_file 1568147200.4898276 1568147200.491292 bigbrain_1538_1809_2776.nii 140652668393280
increment_file 1568147200.491483 1568147202.445531 bigbrain_1538_1809_2776.nii 140652668393280
write_file 1568147202.555457 1568147208.3852081 inc-bigbrain_1538_1809_2776.nii 140652668393280
task_duration 1568147200.4866374 1568147208.406182 1568146634-tmpfs_1it_96cpus_0delay_npc-2 140652668393280
