read_file 1568139139.662792 1568139139.6643171 bigbrain_769_603_694.nii 140326018250560
increment_file 1568139139.664503 1568139140.5999236 bigbrain_769_603_694.nii 140326018250560
write_file 1568139140.6094549 1568139141.4487965 inc-bigbrain_769_603_694.nii 140326018250560
task_duration 1568139259.6607966 1568139381.560262 1568138795-tmpfs_1it_25cpus_60delay_withpc-1 140326018250560
read_file 1568139139.6612356 1568139139.6624665 bigbrain_769_603_2082.nii 139685164042048
increment_file 1568139139.662612 1568139140.5962965 bigbrain_769_603_2082.nii 139685164042048
write_file 1568139140.6060712 1568139141.447277 inc-bigbrain_769_603_2082.nii 139685164042048
task_duration 1568139259.6596565 1568139381.5511463 1568138795-tmpfs_1it_25cpus_60delay_withpc-1 139685164042048
read_file 1568139139.6603642 1568139139.6616364 bigbrain_769_603_2776.nii 139986181031744
increment_file 1568139139.6618078 1568139140.5981991 bigbrain_769_603_2776.nii 139986181031744
write_file 1568139140.6076987 1568139141.4491978 inc-bigbrain_769_603_2776.nii 139986181031744
task_duration 1568139259.658318 1568139381.5615268 1568138795-tmpfs_1it_25cpus_60delay_withpc-1 139986181031744
read_file 1568139139.6146617 1568139139.616401 bigbrain_769_603_1388.nii 139865513555776
increment_file 1568139139.6166277 1568139140.5037577 bigbrain_769_603_1388.nii 139865513555776
write_file 1568139140.5136168 1568139141.3563464 inc-bigbrain_769_603_1388.nii 139865513555776
task_duration 1568139259.6123426 1568139381.4686332 1568138795-tmpfs_1it_25cpus_60delay_withpc-1 139865513555776
read_file 1568139139.5823271 1568139139.5844634 bigbrain_769_2412_2776.nii 139728693544768
increment_file 1568139139.584613 1568139140.4623826 bigbrain_769_2412_2776.nii 139728693544768
write_file 1568139140.4721901 1568139141.5238163 inc-bigbrain_769_2412_2776.nii 139728693544768
task_duration 1568139259.5793343 1568139381.6295419 1568138795-tmpfs_1it_25cpus_60delay_withpc-1 139728693544768
read_file 1568139139.575649 1568139139.5770025 bigbrain_769_603_0.nii 139991271851840
increment_file 1568139139.5771673 1568139140.468482 bigbrain_769_603_0.nii 139991271851840
write_file 1568139140.4783616 1568139141.3990006 inc-bigbrain_769_603_0.nii 139991271851840
task_duration 1568139259.5736465 1568139381.5126255 1568138795-tmpfs_1it_25cpus_60delay_withpc-1 139991271851840
read_file 1568139139.5668485 1568139139.5684032 bigbrain_769_2412_694.nii 139952008963904
increment_file 1568139139.5685859 1568139140.439481 bigbrain_769_2412_694.nii 139952008963904
write_file 1568139140.4493732 1568139141.3746338 inc-bigbrain_769_2412_694.nii 139952008963904
task_duration 1568139259.564853 1568139381.4865174 1568138795-tmpfs_1it_25cpus_60delay_withpc-1 139952008963904
read_file 1568139139.5563028 1568139139.5577407 bigbrain_769_2412_2082.nii 139772120287040
increment_file 1568139139.5579054 1568139140.4353495 bigbrain_769_2412_2082.nii 139772120287040
write_file 1568139140.4452062 1568139141.3719375 inc-bigbrain_769_2412_2082.nii 139772120287040
task_duration 1568139259.5544665 1568139381.483735 1568138795-tmpfs_1it_25cpus_60delay_withpc-1 139772120287040
read_file 1568139139.5261855 1568139139.5281243 bigbrain_769_2412_1388.nii 140356905101120
increment_file 1568139139.5282884 1568139140.3069646 bigbrain_769_2412_1388.nii 140356905101120
write_file 1568139140.3173447 1568139141.6849535 inc-bigbrain_769_2412_1388.nii 140356905101120
task_duration 1568139259.5228643 1568139381.79842 1568138795-tmpfs_1it_25cpus_60delay_withpc-1 140356905101120
read_file 1568139139.4308016 1568139139.4326785 bigbrain_769_2412_0.nii 139924718266176
increment_file 1568139139.4329038 1568139140.0894542 bigbrain_769_2412_0.nii 139924718266176
write_file 1568139140.099579 1568139141.5036557 inc-bigbrain_769_2412_0.nii 139924718266176
task_duration 1568139259.4284077 1568139381.6162996 1568138795-tmpfs_1it_25cpus_60delay_withpc-1 139924718266176
read_file 1568139139.277586 1568139139.2791133 bigbrain_769_1809_694.nii 140095104325440
increment_file 1568139139.2793112 1568139139.693248 bigbrain_769_1809_694.nii 140095104325440
write_file 1568139139.703197 1568139140.6522746 inc-bigbrain_769_1809_694.nii 140095104325440
task_duration 1568139259.2755723 1568139380.7629569 1568138795-tmpfs_1it_25cpus_60delay_withpc-1 140095104325440
read_file 1568139139.1252441 1568139139.1265938 bigbrain_769_1809_2776.nii 140378705532736
increment_file 1568139139.1267576 1568139139.5263457 bigbrain_769_1809_2776.nii 140378705532736
write_file 1568139139.5358882 1568139140.356341 inc-bigbrain_769_1809_2776.nii 140378705532736
task_duration 1568139259.1233914 1568139380.4663858 1568138795-tmpfs_1it_25cpus_60delay_withpc-1 140378705532736
read_file 1568139138.7842047 1568139138.785422 bigbrain_769_1809_2082.nii 140270368413504
increment_file 1568139138.7855768 1568139139.2533045 bigbrain_769_1809_2082.nii 140270368413504
write_file 1568139139.2629254 1568139140.106005 inc-bigbrain_769_1809_2082.nii 140270368413504
task_duration 1568139258.781262 1568139380.2154918 1568138795-tmpfs_1it_25cpus_60delay_withpc-1 140270368413504
read_file 1568139138.5938025 1568139138.5952313 bigbrain_769_1809_1388.nii 140464471824192
increment_file 1568139138.5954027 1568139139.0181413 bigbrain_769_1809_1388.nii 140464471824192
write_file 1568139139.0277839 1568139139.7337549 inc-bigbrain_769_1809_1388.nii 140464471824192
task_duration 1568139258.5919397 1568139379.8419406 1568138795-tmpfs_1it_25cpus_60delay_withpc-1 140464471824192
read_file 1568139137.510218 1568139137.5115058 bigbrain_769_1809_0.nii 140455297034048
increment_file 1568139137.511661 1568139137.9381027 bigbrain_769_1809_0.nii 140455297034048
write_file 1568139137.9476757 1568139138.3760407 inc-bigbrain_769_1809_0.nii 140455297034048
task_duration 1568139257.507188 1568139378.4800053 1568138795-tmpfs_1it_25cpus_60delay_withpc-1 140455297034048
read_file 1568139135.497452 1568139135.4984999 bigbrain_769_1206_694.nii 140270890116928
increment_file 1568139135.4986348 1568139135.885786 bigbrain_769_1206_694.nii 140270890116928
write_file 1568139135.8960366 1568139136.3435328 inc-bigbrain_769_1206_694.nii 140270890116928
task_duration 1568139255.4958215 1568139376.4532146 1568138795-tmpfs_1it_25cpus_60delay_withpc-1 140270890116928
read_file 1568139134.271358 1568139134.2722363 bigbrain_769_1206_2776.nii 140075075196736
increment_file 1568139134.272347 1568139134.94013 bigbrain_769_1206_2776.nii 140075075196736
write_file 1568139134.949853 1568139135.5475771 inc-bigbrain_769_1206_2776.nii 140075075196736
task_duration 1568139254.270232 1568139375.6538162 1568138795-tmpfs_1it_25cpus_60delay_withpc-1 140075075196736
read_file 1568139134.1215868 1568139134.122769 bigbrain_769_1206_2082.nii 140554080618304
increment_file 1568139134.1229208 1568139134.8545744 bigbrain_769_1206_2082.nii 140554080618304
write_file 1568139134.864329 1568139135.4360957 inc-bigbrain_769_1206_2082.nii 140554080618304
task_duration 1568139254.1198351 1568139375.543128 1568138795-tmpfs_1it_25cpus_60delay_withpc-1 140554080618304
read_file 1568139133.9706397 1568139133.9719477 bigbrain_769_1206_1388.nii 140274247644992
increment_file 1568139133.9721282 1568139134.5473154 bigbrain_769_1206_1388.nii 140274247644992
write_file 1568139134.5567994 1568139135.348977 inc-bigbrain_769_1206_1388.nii 140274247644992
task_duration 1568139253.9687607 1568139375.4564714 1568138795-tmpfs_1it_25cpus_60delay_withpc-1 140274247644992
read_file 1568139133.7899466 1568139133.791284 bigbrain_769_1206_0.nii 140453803935552
increment_file 1568139133.7914398 1568139134.190634 bigbrain_769_1206_0.nii 140453803935552
write_file 1568139134.2000694 1568139134.9997897 inc-bigbrain_769_1206_0.nii 140453803935552
task_duration 1568139253.7881625 1568139375.1060746 1568138795-tmpfs_1it_25cpus_60delay_withpc-1 140453803935552
read_file 1568139132.7403827 1568139132.7411036 bigbrain_769_0_694.nii 140370148747072
increment_file 1568139132.7411993 1568139133.135626 bigbrain_769_0_694.nii 140370148747072
write_file 1568139133.1449816 1568139133.5816753 inc-bigbrain_769_0_694.nii 140370148747072
task_duration 1568139252.7393653 1568139373.6930282 1568138795-tmpfs_1it_25cpus_60delay_withpc-1 140370148747072
read_file 1568139132.63338 1568139132.6343315 bigbrain_769_0_2776.nii 140582742067008
increment_file 1568139132.6344523 1568139133.0427976 bigbrain_769_0_2776.nii 140582742067008
write_file 1568139133.0530617 1568139133.4899218 inc-bigbrain_769_0_2776.nii 140582742067008
task_duration 1568139252.6304843 1568139373.6021533 1568138795-tmpfs_1it_25cpus_60delay_withpc-1 140582742067008
read_file 1568139014.000882 1568139014.002147 bigbrain_769_0_2082.nii 139721188222784
increment_file 1568139014.0023298 1568139015.1160734 bigbrain_769_0_2082.nii 139721188222784
write_file 1568139015.1260152 1568139016.521458 inc-bigbrain_769_0_2082.nii 139721188222784
task_duration 1568139133.9994133 1568139256.626474 1568138795-tmpfs_1it_25cpus_60delay_withpc-1 139721188222784
read_file 1568139013.9564977 1568139013.958097 bigbrain_769_0_1388.nii 140535766501184
increment_file 1568139013.9582841 1568139015.0706804 bigbrain_769_0_1388.nii 140535766501184
write_file 1568139015.0808284 1568139016.048578 inc-bigbrain_769_0_1388.nii 140535766501184
task_duration 1568139133.9546554 1568139256.1541095 1568138795-tmpfs_1it_25cpus_60delay_withpc-1 140535766501184
read_file 1568139013.9537559 1568139013.9551303 bigbrain_3076_603_694.nii 140688922236736
increment_file 1568139013.9553323 1568139015.0876045 bigbrain_3076_603_694.nii 140688922236736
write_file 1568139015.0977583 1568139016.0477202 inc-bigbrain_3076_603_694.nii 140688922236736
task_duration 1568139133.9504466 1568139256.1523874 1568138795-tmpfs_1it_25cpus_60delay_withpc-1 140688922236736
read_file 1568139013.9488256 1568139013.950719 bigbrain_769_0_0.nii 140569007359808
increment_file 1568139013.9509523 1568139015.0775352 bigbrain_769_0_0.nii 140569007359808
write_file 1568139015.0887392 1568139016.0393012 inc-bigbrain_769_0_0.nii 140569007359808
task_duration 1568139133.946501 1568139256.1432216 1568138795-tmpfs_1it_25cpus_60delay_withpc-1 140569007359808
read_file 1568139013.9393358 1568139013.9413137 bigbrain_3076_603_2776.nii 139747021195072
increment_file 1568139013.9415472 1568139015.0600848 bigbrain_3076_603_2776.nii 139747021195072
write_file 1568139015.070173 1568139016.0322654 inc-bigbrain_3076_603_2776.nii 139747021195072
task_duration 1568139133.9368553 1568139256.136339 1568138795-tmpfs_1it_25cpus_60delay_withpc-1 139747021195072
read_file 1568139013.865091 1568139013.8665612 bigbrain_3076_603_2082.nii 140611109254976
increment_file 1568139013.8667572 1568139014.8039956 bigbrain_3076_603_2082.nii 140611109254976
write_file 1568139014.814412 1568139015.8039408 inc-bigbrain_3076_603_2082.nii 140611109254976
task_duration 1568139133.862427 1568139255.9080775 1568138795-tmpfs_1it_25cpus_60delay_withpc-1 140611109254976
read_file 1568139013.857215 1568139013.8588154 bigbrain_3076_603_1388.nii 140674448992064
increment_file 1568139013.8590302 1568139014.7671933 bigbrain_3076_603_1388.nii 140674448992064
write_file 1568139014.7775598 1568139015.772898 inc-bigbrain_3076_603_1388.nii 140674448992064
task_duration 1568139133.8552248 1568139255.8765373 1568138795-tmpfs_1it_25cpus_60delay_withpc-1 140674448992064
read_file 1568139013.8539708 1568139013.855377 bigbrain_3076_2412_694.nii 139786672179008
increment_file 1568139013.8555362 1568139014.7602923 bigbrain_3076_2412_694.nii 139786672179008
write_file 1568139014.7705564 1568139015.7665243 inc-bigbrain_3076_2412_694.nii 139786672179008
task_duration 1568139133.8506172 1568139255.8695323 1568138795-tmpfs_1it_25cpus_60delay_withpc-1 139786672179008
read_file 1568139013.850453 1568139013.8528402 bigbrain_3076_603_0.nii 140530616981312
increment_file 1568139013.8530886 1568139014.9591687 bigbrain_3076_603_0.nii 140530616981312
write_file 1568139014.9699683 1568139016.2446098 inc-bigbrain_3076_603_0.nii 140530616981312
task_duration 1568139133.847335 1568139256.3494701 1568138795-tmpfs_1it_25cpus_60delay_withpc-1 140530616981312
read_file 1568139013.830824 1568139013.833061 bigbrain_3076_2412_2776.nii 140181293647680
increment_file 1568139013.833232 1568139014.933067 bigbrain_3076_2412_2776.nii 140181293647680
write_file 1568139014.9432433 1568139015.937985 inc-bigbrain_3076_2412_2776.nii 140181293647680
task_duration 1568139133.827569 1568139256.0417027 1568138795-tmpfs_1it_25cpus_60delay_withpc-1 140181293647680
read_file 1568139013.8121214 1568139013.814364 bigbrain_3076_2412_2082.nii 140319667713856
increment_file 1568139013.8145308 1568139014.6688988 bigbrain_3076_2412_2082.nii 140319667713856
write_file 1568139014.679084 1568139015.6830108 inc-bigbrain_3076_2412_2082.nii 140319667713856
task_duration 1568139133.8088388 1568139255.7865202 1568138795-tmpfs_1it_25cpus_60delay_withpc-1 140319667713856
read_file 1568139013.7218792 1568139013.7239752 bigbrain_3076_2412_1388.nii 140643100174144
increment_file 1568139013.7241313 1568139014.4724944 bigbrain_3076_2412_1388.nii 140643100174144
write_file 1568139014.4827447 1568139015.495444 inc-bigbrain_3076_2412_1388.nii 140643100174144
task_duration 1568139133.7186866 1568139255.6010213 1568138795-tmpfs_1it_25cpus_60delay_withpc-1 140643100174144
read_file 1568139013.692768 1568139013.694164 bigbrain_3076_1809_694.nii 140529292547904
increment_file 1568139013.694331 1568139014.7544112 bigbrain_3076_1809_694.nii 140529292547904
write_file 1568139014.764565 1568139015.7980816 inc-bigbrain_3076_1809_694.nii 140529292547904
task_duration 1568139133.6907282 1568139255.9018862 1568138795-tmpfs_1it_25cpus_60delay_withpc-1 140529292547904
read_file 1568139013.6894882 1568139013.6915922 bigbrain_3076_2412_0.nii 140235146999616
increment_file 1568139013.6918273 1568139014.3843865 bigbrain_3076_2412_0.nii 140235146999616
write_file 1568139014.3945816 1568139015.400639 inc-bigbrain_3076_2412_0.nii 140235146999616
task_duration 1568139133.686573 1568139255.5068567 1568138795-tmpfs_1it_25cpus_60delay_withpc-1 140235146999616
read_file 1568139013.6832366 1568139013.6848307 bigbrain_3076_1809_2776.nii 140563072960320
increment_file 1568139013.6850293 1568139014.7462795 bigbrain_3076_1809_2776.nii 140563072960320
write_file 1568139014.7568276 1568139015.7961524 inc-bigbrain_3076_1809_2776.nii 140563072960320
task_duration 1568139133.6812901 1568139255.901235 1568138795-tmpfs_1it_25cpus_60delay_withpc-1 140563072960320
read_file 1568139013.6042683 1568139013.60574 bigbrain_3076_1809_2082.nii 139786991929152
increment_file 1568139013.605911 1568139014.1716032 bigbrain_3076_1809_2082.nii 139786991929152
write_file 1568139014.181767 1568139015.1691773 inc-bigbrain_3076_1809_2082.nii 139786991929152
task_duration 1568139133.6022487 1568139255.2756288 1568138795-tmpfs_1it_25cpus_60delay_withpc-1 139786991929152
read_file 1568139013.473126 1568139013.4750595 bigbrain_3076_1809_1388.nii 140529285531456
increment_file 1568139013.475279 1568139014.429947 bigbrain_3076_1809_1388.nii 140529285531456
write_file 1568139014.4401362 1568139015.556309 inc-bigbrain_3076_1809_1388.nii 140529285531456
task_duration 1568139133.4706194 1568139255.659801 1568138795-tmpfs_1it_25cpus_60delay_withpc-1 140529285531456
read_file 1568139013.4297042 1568139013.431047 bigbrain_3076_1809_0.nii 139887730177856
increment_file 1568139013.431189 1568139013.8607237 bigbrain_3076_1809_0.nii 139887730177856
write_file 1568139013.8706775 1568139014.7147362 inc-bigbrain_3076_1809_0.nii 139887730177856
task_duration 1568139133.4265513 1568139254.8187554 1568138795-tmpfs_1it_25cpus_60delay_withpc-1 139887730177856
read_file 1568139013.361168 1568139013.3628986 bigbrain_3076_1206_694.nii 139772160280384
increment_file 1568139013.363104 1568139014.25237 bigbrain_3076_1206_694.nii 139772160280384
write_file 1568139014.2627068 1568139015.357962 inc-bigbrain_3076_1206_694.nii 139772160280384
task_duration 1568139133.3588521 1568139255.4634442 1568138795-tmpfs_1it_25cpus_60delay_withpc-1 139772160280384
read_file 1568139012.0210743 1568139012.0222833 bigbrain_3076_1206_2776.nii 139761705727808
increment_file 1568139012.0224307 1568139012.43735 bigbrain_3076_1206_2776.nii 139761705727808
write_file 1568139012.4467697 1568139013.2060401 inc-bigbrain_3076_1206_2776.nii 139761705727808
task_duration 1568139132.017823 1568139253.3102765 1568138795-tmpfs_1it_25cpus_60delay_withpc-1 139761705727808
read_file 1568139011.9686553 1568139011.970749 bigbrain_3076_1206_2082.nii 139792234735424
increment_file 1568139011.9709854 1568139012.3885684 bigbrain_3076_1206_2082.nii 139792234735424
write_file 1568139012.3983965 1568139012.8421314 inc-bigbrain_3076_1206_2082.nii 139792234735424
task_duration 1568139131.9657145 1568139252.947072 1568138795-tmpfs_1it_25cpus_60delay_withpc-1 139792234735424
read_file 1568139011.8905728 1568139011.8918452 bigbrain_3076_1206_1388.nii 139889651156800
increment_file 1568139011.8920057 1568139012.309129 bigbrain_3076_1206_1388.nii 139889651156800
write_file 1568139012.3185353 1568139012.9944806 inc-bigbrain_3076_1206_1388.nii 139889651156800
task_duration 1568139131.8885198 1568139253.0975416 1568138795-tmpfs_1it_25cpus_60delay_withpc-1 139889651156800
read_file 1568139011.740606 1568139011.7420104 bigbrain_3076_1206_0.nii 140354052859712
increment_file 1568139011.7421696 1568139012.153457 bigbrain_3076_1206_0.nii 140354052859712
write_file 1568139012.1640701 1568139012.72237 inc-bigbrain_3076_1206_0.nii 140354052859712
task_duration 1568139131.7386947 1568139252.827217 1568138795-tmpfs_1it_25cpus_60delay_withpc-1 140354052859712
read_file 1568139010.985622 1568139010.9877844 bigbrain_3076_0_694.nii 139903758882624
increment_file 1568139010.988036 1568139011.397806 bigbrain_3076_0_694.nii 139903758882624
write_file 1568139011.407601 1568139011.8351727 inc-bigbrain_3076_0_694.nii 139903758882624
task_duration 1568139130.9826956 1568139251.9427938 1568138795-tmpfs_1it_25cpus_60delay_withpc-1 139903758882624
read_file 1568139010.676029 1568139010.6773186 bigbrain_3076_0_2776.nii 140152397887296
increment_file 1568139010.677496 1568139011.0823064 bigbrain_3076_0_2776.nii 140152397887296
write_file 1568139011.0918355 1568139011.5499225 inc-bigbrain_3076_0_2776.nii 140152397887296
task_duration 1568139130.6731257 1568139251.657077 1568138795-tmpfs_1it_25cpus_60delay_withpc-1 140152397887296
read_file 1568138886.2675567 1568138886.2691119 bigbrain_3076_0_2082.nii 139683158882112
increment_file 1568138886.269305 1568138887.5218265 bigbrain_3076_0_2082.nii 139683158882112
write_file 1568138887.5318296 1568138888.3791006 inc-bigbrain_3076_0_2082.nii 139683158882112
task_duration 1568139006.2660139 1568139128.3891516 1568138795-tmpfs_1it_25cpus_60delay_withpc-1 139683158882112
read_file 1568138886.2130194 1568138886.214351 bigbrain_3076_0_1388.nii 139780197173056
increment_file 1568138886.214582 1568138886.8772304 bigbrain_3076_0_1388.nii 139780197173056
write_file 1568138886.8882682 1568138887.9113195 inc-bigbrain_3076_0_1388.nii 139780197173056
task_duration 1568139006.210671 1568139128.0163596 1568138795-tmpfs_1it_25cpus_60delay_withpc-1 139780197173056
read_file 1568138886.2089067 1568138886.2111163 bigbrain_2307_603_0.nii 140639753262912
increment_file 1568138886.2114277 1568138886.854368 bigbrain_2307_603_0.nii 140639753262912
write_file 1568138886.8657508 1568138887.8928764 inc-bigbrain_2307_603_0.nii 140639753262912
task_duration 1568139006.2060983 1568139127.9990685 1568138795-tmpfs_1it_25cpus_60delay_withpc-1 140639753262912
read_file 1568138886.205775 1568138886.2076604 bigbrain_2307_603_1388.nii 140327747434304
increment_file 1568138886.2078807 1568138886.8454392 bigbrain_2307_603_1388.nii 140327747434304
write_file 1568138886.8568833 1568138887.8928664 inc-bigbrain_2307_603_1388.nii 140327747434304
task_duration 1568139006.2034807 1568139127.956202 1568138795-tmpfs_1it_25cpus_60delay_withpc-1 140327747434304
read_file 1568138886.2016046 1568138886.2031004 bigbrain_2307_603_2776.nii 140465397241664
increment_file 1568138886.2032955 1568138887.4661694 bigbrain_2307_603_2776.nii 140465397241664
write_file 1568138887.4781668 1568138888.7436233 inc-bigbrain_2307_603_2776.nii 140465397241664
task_duration 1568139006.1997995 1568139128.848196 1568138795-tmpfs_1it_25cpus_60delay_withpc-1 140465397241664
read_file 1568138886.200104 1568138886.2015007 bigbrain_3076_0_0.nii 140386476357440
increment_file 1568138886.201683 1568138887.475296 bigbrain_3076_0_0.nii 140386476357440
write_file 1568138887.4865987 1568138888.3465505 inc-bigbrain_3076_0_0.nii 140386476357440
task_duration 1568139006.1974711 1568139128.4505572 1568138795-tmpfs_1it_25cpus_60delay_withpc-1 140386476357440
read_file 1568138886.1977088 1568138886.1998348 bigbrain_2307_2412_2776.nii 140585312577344
increment_file 1568138886.2001157 1568138886.8221967 bigbrain_2307_2412_2776.nii 140585312577344
write_file 1568138886.833855 1568138887.87801 inc-bigbrain_2307_2412_2776.nii 140585312577344
task_duration 1568139006.1949766 1568139127.9838724 1568138795-tmpfs_1it_25cpus_60delay_withpc-1 140585312577344
read_file 1568138886.194832 1568138886.196579 bigbrain_2307_2412_694.nii 140657475364672
increment_file 1568138886.1968274 1568138886.8300338 bigbrain_2307_2412_694.nii 140657475364672
write_file 1568138886.8413587 1568138887.8830822 inc-bigbrain_2307_2412_694.nii 140657475364672
task_duration 1568139006.1927192 1568139127.960786 1568138795-tmpfs_1it_25cpus_60delay_withpc-1 140657475364672
read_file 1568138886.190552 1568138886.1918921 bigbrain_2307_603_694.nii 140168704247616
increment_file 1568138886.192075 1568138887.4632056 bigbrain_2307_603_694.nii 140168704247616
write_file 1568138887.4745913 1568138888.3442354 inc-bigbrain_2307_603_694.nii 140168704247616
task_duration 1568139006.1883428 1568139128.4466946 1568138795-tmpfs_1it_25cpus_60delay_withpc-1 140168704247616
read_file 1568138886.1780787 1568138886.1798728 bigbrain_2307_603_2082.nii 140572138571584
increment_file 1568138886.1800544 1568138887.42672 bigbrain_2307_603_2082.nii 140572138571584
write_file 1568138887.437041 1568138888.3196251 inc-bigbrain_2307_603_2082.nii 140572138571584
task_duration 1568139006.1746862 1568139128.4222772 1568138795-tmpfs_1it_25cpus_60delay_withpc-1 140572138571584
read_file 1568138886.1563973 1568138886.1583595 bigbrain_2307_2412_2082.nii 140186116958016
increment_file 1568138886.1585925 1568138886.7650118 bigbrain_2307_2412_2082.nii 140186116958016
write_file 1568138886.7770784 1568138887.8227446 inc-bigbrain_2307_2412_2082.nii 140186116958016
task_duration 1568139006.1538382 1568139127.9277227 1568138795-tmpfs_1it_25cpus_60delay_withpc-1 140186116958016
read_file 1568138886.1125271 1568138886.1139522 bigbrain_2307_2412_1388.nii 140327828764480
increment_file 1568138886.114156 1568138886.7076728 bigbrain_2307_2412_1388.nii 140327828764480
write_file 1568138886.7197013 1568138887.7165422 inc-bigbrain_2307_2412_1388.nii 140327828764480
task_duration 1568139006.1099682 1568139127.8207598 1568138795-tmpfs_1it_25cpus_60delay_withpc-1 140327828764480
read_file 1568138885.8405204 1568138885.8421123 bigbrain_2307_2412_0.nii 139911979173696
increment_file 1568138885.8422976 1568138886.3586953 bigbrain_2307_2412_0.nii 139911979173696
write_file 1568138886.3706818 1568138887.0451407 inc-bigbrain_2307_2412_0.nii 139911979173696
task_duration 1568139005.8386002 1568139127.0497715 1568138795-tmpfs_1it_25cpus_60delay_withpc-1 139911979173696
read_file 1568138885.8303163 1568138885.831893 bigbrain_2307_1809_694.nii 140481808242496
increment_file 1568138885.8320863 1568138886.3449285 bigbrain_2307_1809_694.nii 140481808242496
write_file 1568138886.3575292 1568138887.0280864 inc-bigbrain_2307_1809_694.nii 140481808242496
task_duration 1568139005.8283572 1568139127.0336876 1568138795-tmpfs_1it_25cpus_60delay_withpc-1 140481808242496
read_file 1568138885.826307 1568138885.828064 bigbrain_2307_1809_2082.nii 140189333493568
increment_file 1568138885.8282316 1568138886.3430045 bigbrain_2307_1809_2082.nii 140189333493568
write_file 1568138886.355756 1568138887.018774 inc-bigbrain_2307_1809_2082.nii 140189333493568
task_duration 1568139005.8230073 1568139127.0541368 1568138795-tmpfs_1it_25cpus_60delay_withpc-1 140189333493568
read_file 1568138885.809253 1568138885.8111494 bigbrain_2307_1809_1388.nii 140019145840448
increment_file 1568138885.811375 1568138886.4091551 bigbrain_2307_1809_1388.nii 140019145840448
write_file 1568138886.4210758 1568138887.6557896 inc-bigbrain_2307_1809_1388.nii 140019145840448
task_duration 1568139005.8067882 1568139127.7599175 1568138795-tmpfs_1it_25cpus_60delay_withpc-1 140019145840448
read_file 1568138885.807777 1568138885.8089209 bigbrain_2307_1809_2776.nii 140387257087808
increment_file 1568138885.8090694 1568138886.3144734 bigbrain_2307_1809_2776.nii 140387257087808
write_file 1568138886.3268805 1568138886.9562845 inc-bigbrain_2307_1809_2776.nii 140387257087808
task_duration 1568139005.8052812 1568139127.0620465 1568138795-tmpfs_1it_25cpus_60delay_withpc-1 140387257087808
read_file 1568138885.7977848 1568138885.7993608 bigbrain_2307_1809_0.nii 140336612034368
increment_file 1568138885.7995536 1568138886.416717 bigbrain_2307_1809_0.nii 140336612034368
write_file 1568138886.4306927 1568138887.6624408 inc-bigbrain_2307_1809_0.nii 140336612034368
task_duration 1568139005.795711 1568139127.7679756 1568138795-tmpfs_1it_25cpus_60delay_withpc-1 140336612034368
read_file 1568138885.7969563 1568138885.7984626 bigbrain_2307_1206_2082.nii 140279836600128
increment_file 1568138885.798678 1568138886.3896906 bigbrain_2307_1206_2082.nii 140279836600128
write_file 1568138886.4010875 1568138887.6420667 inc-bigbrain_2307_1206_2082.nii 140279836600128
task_duration 1568139005.795153 1568139127.7467968 1568138795-tmpfs_1it_25cpus_60delay_withpc-1 140279836600128
read_file 1568138885.7872667 1568138885.788498 bigbrain_2307_1206_2776.nii 140562377238336
increment_file 1568138885.788653 1568138886.2933855 bigbrain_2307_1206_2776.nii 140562377238336
write_file 1568138886.306866 1568138886.9015775 inc-bigbrain_2307_1206_2776.nii 140562377238336
task_duration 1568139005.7840486 1568139126.9253578 1568138795-tmpfs_1it_25cpus_60delay_withpc-1 140562377238336
read_file 1568138885.7696702 1568138885.7716813 bigbrain_2307_1206_1388.nii 140565951129408
increment_file 1568138885.7719297 1568138886.280709 bigbrain_2307_1206_1388.nii 140565951129408
write_file 1568138886.2945864 1568138887.5745783 inc-bigbrain_2307_1206_1388.nii 140565951129408
task_duration 1568139005.7670069 1568139127.6799066 1568138795-tmpfs_1it_25cpus_60delay_withpc-1 140565951129408
read_file 1568138885.7223346 1568138885.7246087 bigbrain_2307_1206_694.nii 140336877741888
increment_file 1568138885.7248063 1568138886.1906185 bigbrain_2307_1206_694.nii 140336877741888
write_file 1568138886.2011518 1568138887.4901373 inc-bigbrain_2307_1206_694.nii 140336877741888
task_duration 1568139005.7189543 1568139127.594326 1568138795-tmpfs_1it_25cpus_60delay_withpc-1 140336877741888
read_file 1568138885.7066488 1568138885.7082496 bigbrain_2307_1206_0.nii 140140695807808
increment_file 1568138885.7084327 1568138886.1782157 bigbrain_2307_1206_0.nii 140140695807808
write_file 1568138886.188162 1568138887.4708815 inc-bigbrain_2307_1206_0.nii 140140695807808
task_duration 1568139005.7046707 1568139127.5741608 1568138795-tmpfs_1it_25cpus_60delay_withpc-1 140140695807808
read_file 1568138885.7012622 1568138885.703544 bigbrain_2307_0_2776.nii 139625657694016
increment_file 1568138885.7038124 1568138886.1651297 bigbrain_2307_0_2776.nii 139625657694016
write_file 1568138886.174902 1568138887.4410355 inc-bigbrain_2307_0_2776.nii 139625657694016
task_duration 1568139005.6976619 1568139127.5437968 1568138795-tmpfs_1it_25cpus_60delay_withpc-1 139625657694016
read_file 1568138885.7007122 1568138885.7024097 bigbrain_2307_0_694.nii 139905986246464
increment_file 1568138885.702622 1568138886.1865597 bigbrain_2307_0_694.nii 139905986246464
write_file 1568138886.1970491 1568138886.7089186 inc-bigbrain_2307_0_694.nii 139905986246464
task_duration 1568139005.6980665 1568139126.8144345 1568138795-tmpfs_1it_25cpus_60delay_withpc-1 139905986246464
read_file 1568138757.8115845 1568138757.8127782 bigbrain_1538_603_694.nii 140505342408512
increment_file 1568138757.8129148 1568138758.4552557 bigbrain_1538_603_694.nii 140505342408512
write_file 1568138758.4687696 1568138759.1317537 inc-bigbrain_1538_603_694.nii 140505342408512
task_duration 1568138877.8087535 1568138999.2382739 1568138795-tmpfs_1it_25cpus_60delay_withpc-1 140505342408512
read_file 1568138757.8112226 1568138757.8124926 bigbrain_1538_603_0.nii 139715700787008
increment_file 1568138757.8126822 1568138758.4445543 bigbrain_1538_603_0.nii 139715700787008
write_file 1568138758.4594383 1568138759.1155624 inc-bigbrain_1538_603_0.nii 139715700787008
task_duration 1568138877.8079286 1568138999.2215233 1568138795-tmpfs_1it_25cpus_60delay_withpc-1 139715700787008
read_file 1568138757.8109012 1568138757.8124402 bigbrain_1538_1809_2082.nii 140599423723328
increment_file 1568138757.8126533 1568138758.7868931 bigbrain_1538_1809_2082.nii 140599423723328
write_file 1568138758.7974215 1568138759.8304439 inc-bigbrain_1538_1809_2082.nii 140599423723328
task_duration 1568138877.8090508 1568138999.9391115 1568138795-tmpfs_1it_25cpus_60delay_withpc-1 140599423723328
read_file 1568138757.8104315 1568138757.812071 bigbrain_1538_2412_2776.nii 139730957055808
increment_file 1568138757.8122394 1568138758.4512584 bigbrain_1538_2412_2776.nii 139730957055808
write_file 1568138758.4660528 1568138759.1368728 inc-bigbrain_1538_2412_2776.nii 139730957055808
task_duration 1568138877.8072062 1568138999.243938 1568138795-tmpfs_1it_25cpus_60delay_withpc-1 139730957055808
read_file 1568138757.809803 1568138757.8117704 bigbrain_1538_2412_2082.nii 140097411536704
increment_file 1568138757.81194 1568138758.45073 bigbrain_1538_2412_2082.nii 140097411536704
write_file 1568138758.4659696 1568138759.137328 inc-bigbrain_1538_2412_2082.nii 140097411536704
task_duration 1568138877.8065739 1568138999.244675 1568138795-tmpfs_1it_25cpus_60delay_withpc-1 140097411536704
read_file 1568138757.8096395 1568138757.8116767 bigbrain_1538_0_2776.nii 139660220278592
increment_file 1568138757.8118415 1568138758.456287 bigbrain_1538_0_2776.nii 139660220278592
write_file 1568138758.4703298 1568138759.1348774 inc-bigbrain_1538_0_2776.nii 139660220278592
task_duration 1568138877.8064406 1568138999.2437212 1568138795-tmpfs_1it_25cpus_60delay_withpc-1 139660220278592
read_file 1568138757.8090973 1568138757.8103173 bigbrain_1538_0_694.nii 139724993308480
increment_file 1568138757.8104606 1568138758.7666407 bigbrain_1538_0_694.nii 139724993308480
write_file 1568138758.7766752 1568138759.781217 inc-bigbrain_1538_0_694.nii 139724993308480
task_duration 1568138877.8064241 1568138999.8879454 1568138795-tmpfs_1it_25cpus_60delay_withpc-1 139724993308480
read_file 1568138757.8085647 1568138757.8098383 bigbrain_1538_1206_2776.nii 140482045794112
increment_file 1568138757.8099825 1568138758.7647142 bigbrain_1538_1206_2776.nii 140482045794112
write_file 1568138758.7749372 1568138759.8019288 inc-bigbrain_1538_1206_2776.nii 140482045794112
task_duration 1568138877.8053603 1568138999.9121273 1568138795-tmpfs_1it_25cpus_60delay_withpc-1 140482045794112
read_file 1568138757.808505 1568138757.8098178 bigbrain_1538_2412_0.nii 139915043940160
increment_file 1568138757.8099642 1568138758.7687833 bigbrain_1538_2412_0.nii 139915043940160
write_file 1568138758.7789006 1568138759.8036706 inc-bigbrain_1538_2412_0.nii 139915043940160
task_duration 1568138877.8053112 1568138999.9139075 1568138795-tmpfs_1it_25cpus_60delay_withpc-1 139915043940160
read_file 1568138757.8084939 1568138757.8097117 bigbrain_1538_1809_1388.nii 140350663018304
increment_file 1568138757.809838 1568138758.7741218 bigbrain_1538_1809_1388.nii 140350663018304
write_file 1568138758.7841473 1568138759.8137147 inc-bigbrain_1538_1809_1388.nii 140350663018304
task_duration 1568138877.8053448 1568138999.9177525 1568138795-tmpfs_1it_25cpus_60delay_withpc-1 140350663018304
read_file 1568138757.8078165 1568138757.809371 bigbrain_2307_0_2082.nii 140213047949120
increment_file 1568138757.809532 1568138758.7708209 bigbrain_2307_0_2082.nii 140213047949120
write_file 1568138758.7807915 1568138759.8036196 inc-bigbrain_2307_0_2082.nii 140213047949120
task_duration 1568138877.804598 1568138999.913407 1568138795-tmpfs_1it_25cpus_60delay_withpc-1 140213047949120
read_file 1568138757.8066418 1568138757.8087983 bigbrain_1538_603_1388.nii 139690796504896
increment_file 1568138757.8089428 1568138758.7690861 bigbrain_1538_603_1388.nii 139690796504896
write_file 1568138758.7790806 1568138759.8087583 inc-bigbrain_1538_603_1388.nii 139690796504896
task_duration 1568138877.8032267 1568138999.9179494 1568138795-tmpfs_1it_25cpus_60delay_withpc-1 139690796504896
read_file 1568138757.806496 1568138757.8087199 bigbrain_1538_1809_2776.nii 139679809316672
increment_file 1568138757.8088636 1568138758.7949498 bigbrain_1538_1809_2776.nii 139679809316672
write_file 1568138758.806817 1568138759.8388972 inc-bigbrain_1538_1809_2776.nii 139679809316672
task_duration 1568138877.8031406 1568138999.944258 1568138795-tmpfs_1it_25cpus_60delay_withpc-1 139679809316672
read_file 1568138757.8064346 1568138757.8086853 bigbrain_2307_0_0.nii 140262008207168
increment_file 1568138757.8088322 1568138758.7669713 bigbrain_2307_0_0.nii 140262008207168
write_file 1568138758.7768455 1568138759.780923 inc-bigbrain_2307_0_0.nii 140262008207168
task_duration 1568138877.8028884 1568138999.8858943 1568138795-tmpfs_1it_25cpus_60delay_withpc-1 140262008207168
read_file 1568138757.8064375 1568138757.808622 bigbrain_1538_2412_1388.nii 139765703247680
increment_file 1568138757.808788 1568138758.5275135 bigbrain_1538_2412_1388.nii 139765703247680
write_file 1568138758.5382955 1568138759.2150815 inc-bigbrain_1538_2412_1388.nii 139765703247680
task_duration 1568138877.802979 1568138999.323122 1568138795-tmpfs_1it_25cpus_60delay_withpc-1 139765703247680
read_file 1568138757.8064113 1568138757.808611 bigbrain_1538_1206_0.nii 140401985812288
increment_file 1568138757.8087955 1568138758.7935867 bigbrain_1538_1206_0.nii 140401985812288
write_file 1568138758.8045566 1568138759.7050269 inc-bigbrain_1538_1206_0.nii 140401985812288
task_duration 1568138877.8028414 1568138999.8103664 1568138795-tmpfs_1it_25cpus_60delay_withpc-1 140401985812288
read_file 1568138757.806368 1568138757.8085635 bigbrain_1538_1809_694.nii 139938096158528
increment_file 1568138757.808759 1568138758.7711153 bigbrain_1538_1809_694.nii 139938096158528
write_file 1568138758.780893 1568138759.819526 inc-bigbrain_1538_1809_694.nii 139938096158528
task_duration 1568138877.803234 1568138999.9248426 1568138795-tmpfs_1it_25cpus_60delay_withpc-1 139938096158528
read_file 1568138757.8060393 1568138757.8079445 bigbrain_1538_2412_694.nii 140214809839424
increment_file 1568138757.8081727 1568138758.7711208 bigbrain_1538_2412_694.nii 140214809839424
write_file 1568138758.7809727 1568138759.8084824 inc-bigbrain_1538_2412_694.nii 140214809839424
task_duration 1568138877.8022358 1568138999.9166162 1568138795-tmpfs_1it_25cpus_60delay_withpc-1 140214809839424
read_file 1568138757.8059804 1568138757.8077688 bigbrain_1538_603_2776.nii 140277362779968
increment_file 1568138757.8079803 1568138758.4619331 bigbrain_1538_603_2776.nii 140277362779968
write_file 1568138758.4750175 1568138759.1435492 inc-bigbrain_1538_603_2776.nii 140277362779968
task_duration 1568138877.8026226 1568138999.2510622 1568138795-tmpfs_1it_25cpus_60delay_withpc-1 140277362779968
read_file 1568138757.8057272 1568138757.807369 bigbrain_1538_1206_1388.nii 140085436995392
increment_file 1568138757.8075635 1568138758.5006588 bigbrain_1538_1206_1388.nii 140085436995392
write_file 1568138758.5383072 1568138759.1885178 inc-bigbrain_1538_1206_1388.nii 140085436995392
task_duration 1568138877.8023522 1568138999.2962291 1568138795-tmpfs_1it_25cpus_60delay_withpc-1 140085436995392
read_file 1568138757.8057363 1568138757.8073199 bigbrain_1538_1809_0.nii 139764199253824
increment_file 1568138757.8075058 1568138758.4466157 bigbrain_1538_1809_0.nii 139764199253824
write_file 1568138758.4618385 1568138759.1325126 inc-bigbrain_1538_1809_0.nii 139764199253824
task_duration 1568138877.8023584 1568138999.2393963 1568138795-tmpfs_1it_25cpus_60delay_withpc-1 139764199253824
read_file 1568138757.805658 1568138757.8072464 bigbrain_1538_603_2082.nii 139635303974720
increment_file 1568138757.8074226 1568138758.4469762 bigbrain_1538_603_2082.nii 139635303974720
write_file 1568138758.4612856 1568138759.1316476 inc-bigbrain_1538_603_2082.nii 139635303974720
task_duration 1568138877.8023298 1568138999.2395525 1568138795-tmpfs_1it_25cpus_60delay_withpc-1 139635303974720
read_file 1568138757.8056514 1568138757.807218 bigbrain_1538_1206_694.nii 140102082258752
increment_file 1568138757.8074083 1568138758.4619284 bigbrain_1538_1206_694.nii 140102082258752
write_file 1568138758.4738388 1568138759.1422946 inc-bigbrain_1538_1206_694.nii 140102082258752
task_duration 1568138877.8022952 1568138999.249616 1568138795-tmpfs_1it_25cpus_60delay_withpc-1 140102082258752
read_file 1568138757.8056126 1568138757.807219 bigbrain_1538_1206_2082.nii 140524124411712
increment_file 1568138757.807403 1568138758.4479651 bigbrain_1538_1206_2082.nii 140524124411712
write_file 1568138758.4628575 1568138759.128404 inc-bigbrain_1538_1206_2082.nii 140524124411712
task_duration 1568138877.8023317 1568138999.2354555 1568138795-tmpfs_1it_25cpus_60delay_withpc-1 140524124411712
read_file 1568138757.8056316 1568138757.8072176 bigbrain_2307_0_1388.nii 140476823512896
increment_file 1568138757.8074064 1568138758.444022 bigbrain_2307_0_1388.nii 140476823512896
write_file 1568138758.4583378 1568138759.1254869 inc-bigbrain_2307_0_1388.nii 140476823512896
task_duration 1568138877.8023477 1568138999.2327826 1568138795-tmpfs_1it_25cpus_60delay_withpc-1 140476823512896
