read_file 1568148196.880502 1568148197.3488026 bigbrain_1538_2412_2776.nii 140001296537408
increment_file 1568148197.908305 1568148236.9430366 bigbrain_1538_2412_2776.nii 140001296537408
write_file 1568148329.8387682 1568148418.0252516 inc-bigbrain_1538_2412_2776.nii 140001296537408
task_duration 1568148316.87497 1568148675.1661005 1568148307-isilon_1it_25cpus_60sdelay_withpc-3 140001296537408
read_file 1568148631.2963011 1568148634.9676285 bigbrain_2307_1809_2082.nii 140182007654208
increment_file 1568148636.718901 1568148652.424474 bigbrain_2307_1809_2082.nii 140182007654208
write_file 1568148675.9878063 1568148720.905014 inc-bigbrain_2307_1809_2082.nii 140182007654208
task_duration 1568148751.1893256 1568148965.0666587 1568148307-isilon_1it_25cpus_60sdelay_withpc-3 140182007654208
read_file 1568148916.2259302 1568148919.1910183 bigbrain_3076_2412_2776.nii 140486233995072
increment_file 1568148925.5445735 1568148944.1044898 bigbrain_3076_2412_2776.nii 140486233995072
write_file 1568148949.4577544 1568148972.4523203 inc-bigbrain_3076_2412_2776.nii 140486233995072
task_duration 1568149035.5934124 1568149212.5672152 1568148307-isilon_1it_25cpus_60sdelay_withpc-3 140486233995072
read_file 1568148196.881962 1568148197.3772027 bigbrain_1538_603_0.nii 140284520998720
increment_file 1568148266.4971752 1568148312.8152766 bigbrain_1538_603_0.nii 140284520998720
write_file 1568148333.821485 1568148462.6829367 inc-bigbrain_1538_603_0.nii 140284520998720
task_duration 1568148316.8785675 1568148703.4401243 1568148307-isilon_1it_25cpus_60sdelay_withpc-3 140284520998720
read_file 1568149124.937486 1568149125.0164175 bigbrain_769_1809_694.nii 140703594411840
increment_file 1568149125.0339766 1568149138.8249087 bigbrain_769_1809_694.nii 140703594411840
write_file 1568149143.229636 1568149153.1719677 inc-bigbrain_769_1809_694.nii 140703594411840
task_duration 1568149244.933453 1568149403.608033 1568148307-isilon_1it_25cpus_60sdelay_withpc-3 140703594411840
read_file 1568148749.9381304 1568148754.3287516 bigbrain_2307_603_694.nii 140391212300096
increment_file 1568148764.1387472 1568148773.2975574 bigbrain_2307_603_694.nii 140391212300096
write_file 1568148776.6408868 1568148794.0523314 inc-bigbrain_2307_603_694.nii 140391212300096
task_duration 1568148869.7675447 1568149034.1784496 1568148307-isilon_1it_25cpus_60sdelay_withpc-3 140391212300096
read_file 1568148554.4853442 1568148554.526182 bigbrain_2307_1206_1388.nii 140394995701568
increment_file 1568148554.5479357 1568148569.918817 bigbrain_2307_1206_1388.nii 140394995701568
write_file 1568148570.9682434 1568148589.0018997 inc-bigbrain_2307_1206_1388.nii 140394995701568
task_duration 1568148674.4828937 1568148829.1386015 1568148307-isilon_1it_25cpus_60sdelay_withpc-3 140394995701568
read_file 1568148923.6498096 1568148928.6740336 bigbrain_3076_2412_694.nii 140344995878720
increment_file 1568148931.1858735 1568148947.7154593 bigbrain_3076_2412_694.nii 140344995878720
write_file 1568148949.4662821 1568148972.401794 inc-bigbrain_3076_2412_694.nii 140344995878720
task_duration 1568149043.2764552 1568149212.569227 1568148307-isilon_1it_25cpus_60sdelay_withpc-3 140344995878720
read_file 1568149036.4410207 1568149048.3233206 bigbrain_769_1206_694.nii 139661281404736
increment_file 1568149060.9125307 1568149083.4486501 bigbrain_769_1206_694.nii 139661281404736
write_file 1568149091.137279 1568149122.0343268 inc-bigbrain_769_1206_694.nii 139661281404736
task_duration 1568149155.4788465 1568149362.1639352 1568148307-isilon_1it_25cpus_60sdelay_withpc-3 139661281404736
read_file 1568149142.7483878 1568149150.787597 bigbrain_769_2412_2082.nii 139879742637888
increment_file 1568149155.928545 1568149175.6998239 bigbrain_769_2412_2082.nii 139879742637888
write_file 1568149186.1662188 1568149215.4125373 inc-bigbrain_769_2412_2082.nii 139879742637888
task_duration 1568149262.5541053 1568149456.0008893 1568148307-isilon_1it_25cpus_60sdelay_withpc-3 139879742637888
read_file 1568149125.0396962 1568149132.436579 bigbrain_769_2412_1388.nii 140523121289024
increment_file 1568149141.06719 1568149150.3568432 bigbrain_769_2412_1388.nii 140523121289024
write_file 1568149157.2510602 1568149177.3568592 inc-bigbrain_769_2412_1388.nii 140523121289024
task_duration 1568149245.035912 1568149424.1514547 1568148307-isilon_1it_25cpus_60sdelay_withpc-3 140523121289024
read_file 1568148636.427014 1568148647.7836761 bigbrain_2307_2412_2776.nii 140030651266880
increment_file 1568148665.2164028 1568148683.603442 bigbrain_2307_2412_2776.nii 140030651266880
write_file 1568148695.485146 1568148734.7366228 inc-bigbrain_2307_2412_2776.nii 140030651266880
task_duration 1568148756.3738782 1568148976.4156365 1568148307-isilon_1it_25cpus_60sdelay_withpc-3 140030651266880
read_file 1568148796.0677025 1568148796.163509 bigbrain_3076_0_2776.nii 140434868844352
increment_file 1568148796.1827443 1568148817.9576576 bigbrain_3076_0_2776.nii 140434868844352
write_file 1568148823.4788697 1568148854.9527504 inc-bigbrain_3076_0_2776.nii 140434868844352
task_duration 1568148916.064781 1568149101.9653914 1568148307-isilon_1it_25cpus_60sdelay_withpc-3 140434868844352
read_file 1568148599.27765 1568148599.3700364 bigbrain_2307_1206_694.nii 140683815339840
increment_file 1568148599.397765 1568148609.1843712 bigbrain_2307_1206_694.nii 140683815339840
write_file 1568148615.8674383 1568148626.137146 inc-bigbrain_2307_1206_694.nii 140683815339840
task_duration 1568148719.2737215 1568148868.393528 1568148307-isilon_1it_25cpus_60sdelay_withpc-3 140683815339840
read_file 1568148196.883605 1568148197.4703543 bigbrain_1538_2412_694.nii 140320773572416
increment_file 1568148288.8493102 1568148323.4239204 bigbrain_1538_2412_694.nii 140320773572416
write_file 1568148334.4134128 1568148469.41395 inc-bigbrain_1538_2412_694.nii 140320773572416
task_duration 1568148316.8811684 1568148709.7921798 1568148307-isilon_1it_25cpus_60sdelay_withpc-3 140320773572416
read_file 1568149027.7082133 1568149027.7992136 bigbrain_769_1206_2776.nii 140656990426944
increment_file 1568149031.7085135 1568149064.4974976 bigbrain_769_1206_2776.nii 140656990426944
write_file 1568149074.7081773 1568149115.9872653 inc-bigbrain_769_1206_2776.nii 140656990426944
task_duration 1568149147.6739347 1568149358.335883 1568148307-isilon_1it_25cpus_60sdelay_withpc-3 140656990426944
read_file 1568148636.2569385 1568148645.1038327 bigbrain_2307_2412_1388.nii 139743616358208
increment_file 1568148659.211569 1568148678.6520915 bigbrain_2307_2412_1388.nii 139743616358208
write_file 1568148689.2408388 1568148733.6304386 inc-bigbrain_2307_2412_1388.nii 139743616358208
task_duration 1568148756.1865149 1568148975.4755378 1568148307-isilon_1it_25cpus_60sdelay_withpc-3 139743616358208
read_file 1568148745.0574138 1568148748.8197517 bigbrain_3076_0_1388.nii 139886431987520
increment_file 1568148750.5425122 1568148764.884324 bigbrain_3076_0_1388.nii 139886431987520
write_file 1568148770.7115834 1568148792.2097504 inc-bigbrain_3076_0_1388.nii 139886431987520
task_duration 1568148865.0089295 1568149033.4257977 1568148307-isilon_1it_25cpus_60sdelay_withpc-3 139886431987520
read_file 1568148196.955284 1568148197.3746862 bigbrain_2307_0_0.nii 140701979580224
increment_file 1568148243.7353392 1568148292.8329055 bigbrain_2307_0_0.nii 140701979580224
write_file 1568148332.3685389 1568148450.6223478 inc-bigbrain_2307_0_0.nii 140701979580224
task_duration 1568148316.8811498 1568148694.530151 1568148307-isilon_1it_25cpus_60sdelay_withpc-3 140701979580224
read_file 1568148643.8101456 1568148659.8815405 bigbrain_2307_603_0.nii 140295553431360
increment_file 1568148672.6456666 1568148689.924777 bigbrain_2307_603_0.nii 140295553431360
write_file 1568148703.928494 1568148737.0545814 inc-bigbrain_2307_603_0.nii 140295553431360
task_duration 1568148763.0926201 1568148978.6831417 1568148307-isilon_1it_25cpus_60sdelay_withpc-3 140295553431360
read_file 1568148746.8268003 1568148750.5378847 bigbrain_3076_0_0.nii 140364733515584
increment_file 1568148753.5207996 1568148768.6668124 bigbrain_3076_0_0.nii 140364733515584
write_file 1568148772.8785944 1568148793.1795645 inc-bigbrain_3076_0_0.nii 140364733515584
task_duration 1568148866.6566734 1568149034.1548746 1568148307-isilon_1it_25cpus_60sdelay_withpc-3 140364733515584
read_file 1568148979.862737 1568148982.9900744 bigbrain_3076_603_694.nii 139668689643328
increment_file 1568148990.4038882 1568149001.8051374 bigbrain_3076_603_694.nii 139668689643328
write_file 1568149004.4911323 1568149019.4568818 inc-bigbrain_3076_603_694.nii 139668689643328
task_duration 1568149099.8514175 1568149260.0314884 1568148307-isilon_1it_25cpus_60sdelay_withpc-3 139668689643328
read_file 1568148633.2844443 1568148636.1122494 bigbrain_2307_1809_694.nii 140444151572288
increment_file 1568148642.4105341 1568148663.8814275 bigbrain_2307_1809_694.nii 140444151572288
write_file 1568148681.8811152 1568148725.8536086 inc-bigbrain_2307_1809_694.nii 140444151572288
task_duration 1568148753.1958873 1568148968.5692177 1568148307-isilon_1it_25cpus_60sdelay_withpc-3 140444151572288
read_file 1568148796.071546 1568148796.1801636 bigbrain_3076_1206_0.nii 140588754310976
increment_file 1568148796.1915975 1568148820.0399446 bigbrain_3076_1206_0.nii 140588754310976
write_file 1568148823.4843564 1568148857.063964 inc-bigbrain_3076_1206_0.nii 140588754310976
task_duration 1568148916.0696952 1568149101.9755447 1568148307-isilon_1it_25cpus_60sdelay_withpc-3 140588754310976
read_file 1568148972.500097 1568148972.531658 bigbrain_3076_603_2082.nii 140593024051008
increment_file 1568148972.5379062 1568148978.547441 bigbrain_3076_603_2082.nii 140593024051008
write_file 1568148979.0133886 1568148989.6006725 inc-bigbrain_3076_603_2082.nii 140593024051008
task_duration 1568149092.4970238 1568149232.0726538 1568148307-isilon_1it_25cpus_60sdelay_withpc-3 140593024051008
read_file 1568149027.689574 1568149027.7972023 bigbrain_769_0_2776.nii 139936427558720
increment_file 1568149027.811091 1568149054.92146 bigbrain_769_0_2776.nii 139936427558720
write_file 1568149069.28013 1568149114.1185784 inc-bigbrain_769_0_2776.nii 139936427558720
task_duration 1568149147.6699157 1568149356.7358274 1568148307-isilon_1it_25cpus_60sdelay_withpc-3 139936427558720
read_file 1568148196.8816583 1568148197.376526 bigbrain_1538_1206_2776.nii 140510280378176
increment_file 1568148258.8805838 1568148306.7904687 bigbrain_1538_1206_2776.nii 140510280378176
write_file 1568148333.686761 1568148460.9915507 inc-bigbrain_1538_1206_2776.nii 140510280378176
task_duration 1568148316.8790605 1568148702.326417 1568148307-isilon_1it_25cpus_60sdelay_withpc-3 140510280378176
read_file 1568148823.5910099 1568148826.8664536 bigbrain_3076_1809_0.nii 140510119315264
increment_file 1568148833.0910482 1568148860.1652272 bigbrain_3076_1809_0.nii 140510119315264
write_file 1568148861.893695 1568148879.2851205 inc-bigbrain_3076_1809_0.nii 140510119315264
task_duration 1568148943.5722232 1568149119.3434565 1568148307-isilon_1it_25cpus_60sdelay_withpc-3 140510119315264
read_file 1568148881.230472 1568148881.326665 bigbrain_3076_1809_2082.nii 140235223365440
increment_file 1568148881.3450558 1568148897.9498801 bigbrain_3076_1809_2082.nii 140235223365440
write_file 1568148904.5909028 1568148925.1966238 inc-bigbrain_3076_1809_2082.nii 140235223365440
task_duration 1568149001.227081 1568149168.1582718 1568148307-isilon_1it_25cpus_60sdelay_withpc-3 140235223365440
read_file 1568148570.9874966 1568148571.017133 bigbrain_2307_1206_2082.nii 140688441542464
increment_file 1568148571.023579 1568148586.6206696 bigbrain_2307_1206_2082.nii 140688441542464
write_file 1568148588.996181 1568148595.150935 inc-bigbrain_2307_1206_2082.nii 140688441542464
task_duration 1568148690.9846268 1568148835.2808115 1568148307-isilon_1it_25cpus_60sdelay_withpc-3 140688441542464
read_file 1568148196.9731605 1568148197.4724216 bigbrain_2307_0_2082.nii 140547895744320
increment_file 1568148320.671832 1568148334.3604636 bigbrain_2307_0_2082.nii 140547895744320
write_file 1568148404.5386853 1568148471.168118 inc-bigbrain_2307_0_2082.nii 140547895744320
task_duration 1568148316.8811457 1568148711.2761173 1568148307-isilon_1it_25cpus_60sdelay_withpc-3 140547895744320
read_file 1568148554.4881399 1568148554.5394082 bigbrain_2307_0_694.nii 139859938268992
increment_file 1568148554.5533595 1568148570.0237033 bigbrain_2307_0_694.nii 139859938268992
write_file 1568148570.9663074 1568148588.9991739 inc-bigbrain_2307_0_694.nii 139859938268992
task_duration 1568148674.4847143 1568148829.1432645 1568148307-isilon_1it_25cpus_60sdelay_withpc-3 139859938268992
read_file 1568148796.0830843 1568148796.1812558 bigbrain_3076_1206_2082.nii 140591552313152
increment_file 1568148800.070606 1568148823.4592597 bigbrain_3076_1206_2082.nii 140591552313152
write_file 1568148823.4937243 1568148859.792189 inc-bigbrain_3076_1206_2082.nii 140591552313152
task_duration 1568148916.0696704 1568149101.9766874 1568148307-isilon_1it_25cpus_60sdelay_withpc-3 140591552313152
read_file 1568149141.4398043 1568149147.7119017 bigbrain_769_2412_2776.nii 139969089185600
increment_file 1568149153.5020514 1568149170.308389 bigbrain_769_2412_2776.nii 139969089185600
write_file 1568149184.4446294 1568149213.5872693 inc-bigbrain_769_2412_2776.nii 139969089185600
task_duration 1568149261.3442159 1568149454.4523764 1568148307-isilon_1it_25cpus_60sdelay_withpc-3 139969089185600
read_file 1568148196.879325 1568148197.3602622 bigbrain_1538_603_2776.nii 140664043923264
increment_file 1568148218.3355644 1568148270.3708303 bigbrain_1538_603_2776.nii 140664043923264
write_file 1568148331.6959538 1568148436.3614292 inc-bigbrain_1538_603_2776.nii 140664043923264
task_duration 1568148316.8730574 1568148684.2149622 1568148307-isilon_1it_25cpus_60sdelay_withpc-3 140664043923264
read_file 1568148991.6944795 1568148996.556891 bigbrain_769_0_0.nii 139956655707968
increment_file 1568149002.610476 1568149016.9782672 bigbrain_769_0_0.nii 139956655707968
write_file 1568149018.3800378 1568149025.6883512 inc-bigbrain_769_0_0.nii 139956655707968
task_duration 1568149111.32816 1568149265.8131175 1568148307-isilon_1it_25cpus_60sdelay_withpc-3 139956655707968
read_file 1568148685.3299198 1568148687.006364 bigbrain_2307_603_2082.nii 139645407110976
increment_file 1568148697.0582588 1568148734.1569395 bigbrain_2307_603_2082.nii 139645407110976
write_file 1568148736.5614126 1568148744.9068544 inc-bigbrain_2307_603_2082.nii 139645407110976
task_duration 1568148804.557943 1568148985.0321794 1568148307-isilon_1it_25cpus_60sdelay_withpc-3 139645407110976
read_file 1568149027.7085714 1568149027.803257 bigbrain_769_0_694.nii 140360794449728
increment_file 1568149035.4697566 1568149066.474085 bigbrain_769_0_694.nii 140360794449728
write_file 1568149075.2782743 1568149117.2876754 inc-bigbrain_769_0_694.nii 140360794449728
task_duration 1568149147.6763659 1568149359.5418847 1568148307-isilon_1it_25cpus_60sdelay_withpc-3 140360794449728
read_file 1568149027.8318574 1568149038.5456352 bigbrain_769_1809_0.nii 140549920180032
increment_file 1568149049.7921267 1568149073.1383357 bigbrain_769_1809_0.nii 140549920180032
write_file 1568149081.5979795 1568149121.3658798 inc-bigbrain_769_1809_0.nii 140549920180032
task_duration 1568149147.8121557 1568149362.1360981 1568148307-isilon_1it_25cpus_60sdelay_withpc-3 140549920180032
read_file 1568148949.791546 1568148949.8257852 bigbrain_3076_603_1388.nii 140454962153280
increment_file 1568148949.8359582 1568148970.231655 bigbrain_3076_603_1388.nii 140454962153280
write_file 1568148972.2586322 1568148978.993263 inc-bigbrain_3076_603_1388.nii 140454962153280
task_duration 1568149069.789341 1568149219.1067836 1568148307-isilon_1it_25cpus_60sdelay_withpc-3 140454962153280
read_file 1568148796.0708144 1568148796.172625 bigbrain_3076_0_694.nii 139900313757504
increment_file 1568148796.1874697 1568148818.0625954 bigbrain_3076_0_694.nii 139900313757504
write_file 1568148823.4621155 1568148856.4216387 inc-bigbrain_3076_0_694.nii 139900313757504
task_duration 1568148916.0678525 1568149101.9651618 1568148307-isilon_1it_25cpus_60sdelay_withpc-3 139900313757504
read_file 1568148599.2899585 1568148599.3859608 bigbrain_2307_1206_2776.nii 139925057083200
increment_file 1568148599.4120917 1568148612.5208147 bigbrain_2307_1206_2776.nii 139925057083200
write_file 1568148617.1870592 1568148634.904736 inc-bigbrain_2307_1206_2776.nii 139925057083200
task_duration 1568148719.2877903 1568148876.6570394 1568148307-isilon_1it_25cpus_60sdelay_withpc-3 139925057083200
read_file 1568148196.8782034 1568148197.3526475 bigbrain_1538_0_2776.nii 140378237364032
increment_file 1568148201.4905732 1568148247.6022587 bigbrain_1538_0_2776.nii 140378237364032
write_file 1568148330.647062 1568148422.7005842 inc-bigbrain_1538_0_2776.nii 140378237364032
task_duration 1568148316.873026 1568148670.2740967 1568148307-isilon_1it_25cpus_60sdelay_withpc-3 140378237364032
read_file 1568149027.9833505 1568149040.9518473 bigbrain_769_1809_1388.nii 140511673861952
increment_file 1568149051.2636244 1568149074.7100008 bigbrain_769_1809_1388.nii 140511673861952
write_file 1568149085.7294247 1568149121.8916833 inc-bigbrain_769_1809_1388.nii 140511673861952
task_duration 1568149147.820567 1568149362.149924 1568148307-isilon_1it_25cpus_60sdelay_withpc-3 140511673861952
read_file 1568149143.5413032 1568149151.8295028 bigbrain_769_603_1388.nii 140263697696576
increment_file 1568149160.9490485 1568149181.6404634 bigbrain_769_603_1388.nii 140263697696576
write_file 1568149187.3929527 1568149216.435785 inc-bigbrain_769_603_1388.nii 140263697696576
task_duration 1568149263.3720763 1568149456.9742994 1568148307-isilon_1it_25cpus_60sdelay_withpc-3 140263697696576
read_file 1568148881.2260792 1568148881.319447 bigbrain_3076_2412_1388.nii 140511883794240
increment_file 1568148881.3377123 1568148896.7748203 bigbrain_3076_2412_1388.nii 140511883794240
write_file 1568148904.7245157 1568148931.0531588 inc-bigbrain_3076_2412_1388.nii 140511883794240
task_duration 1568149001.2221184 1568149180.7472448 1568148307-isilon_1it_25cpus_60sdelay_withpc-3 140511883794240
read_file 1568149218.8974187 1568149218.9428344 bigbrain_769_603_2776.nii 140030267438912
increment_file 1568149218.9471326 1568149229.8555222 bigbrain_769_603_2776.nii 140030267438912
write_file 1568149229.877814 1568149241.8994453 inc-bigbrain_769_603_2776.nii 140030267438912
task_duration 1568149338.8944528 1568149482.0161016 1568148307-isilon_1it_25cpus_60sdelay_withpc-3 140030267438912
read_file 1568149151.7113364 1568149154.9805589 bigbrain_769_2412_694.nii 140270039033664
increment_file 1568149168.246469 1568149185.7658954 bigbrain_769_2412_694.nii 140270039033664
write_file 1568149187.9613266 1568149216.7570665 inc-bigbrain_769_2412_694.nii 140270039033664
task_duration 1568149271.5400548 1568149457.179232 1568148307-isilon_1it_25cpus_60sdelay_withpc-3 140270039033664
read_file 1568148196.8768208 1568148197.2011445 bigbrain_1538_1206_0.nii 140505219221312
increment_file 1568148197.4671478 1568148229.9411993 bigbrain_1538_1206_0.nii 140505219221312
write_file 1568148327.4133778 1568148411.7978144 inc-bigbrain_1538_1206_0.nii 140505219221312
task_duration 1568148316.872143 1568148670.733591 1568148307-isilon_1it_25cpus_60sdelay_withpc-3 140505219221312
read_file 1568148745.0012698 1568148747.9947398 bigbrain_3076_0_2082.nii 139967601657664
increment_file 1568148750.4309156 1568148762.793579 bigbrain_3076_0_2082.nii 139967601657664
write_file 1568148769.482043 1568148787.1047926 inc-bigbrain_3076_0_2082.nii 139967601657664
task_duration 1568148864.998173 1568149029.2821767 1568148307-isilon_1it_25cpus_60sdelay_withpc-3 139967601657664
read_file 1568149153.9641 1568149162.187282 bigbrain_769_603_2082.nii 140218164631360
increment_file 1568149175.9650946 1568149191.8073368 bigbrain_769_603_2082.nii 140218164631360
write_file 1568149194.6556144 1568149218.2553163 inc-bigbrain_769_603_2082.nii 140218164631360
task_duration 1568149273.8255997 1568149458.368121 1568148307-isilon_1it_25cpus_60sdelay_withpc-3 140218164631360
read_file 1568148554.5066836 1568148554.553872 bigbrain_2307_1206_0.nii 139752724477760
increment_file 1568148555.098112 1568148570.9411454 bigbrain_2307_1206_0.nii 139752724477760
write_file 1568148570.9738872 1568148588.9939704 inc-bigbrain_2307_1206_0.nii 139752724477760
task_duration 1568148674.4938402 1568148829.1429393 1568148307-isilon_1it_25cpus_60sdelay_withpc-3 139752724477760
read_file 1568148823.6802397 1568148828.6463864 bigbrain_3076_1206_694.nii 140309769353024
increment_file 1568148834.8352695 1568148860.4043036 bigbrain_3076_1206_694.nii 140309769353024
write_file 1568148861.8969631 1568148879.2961383 inc-bigbrain_3076_1206_694.nii 140309769353024
task_duration 1568148943.5756419 1568149119.4195895 1568148307-isilon_1it_25cpus_60sdelay_withpc-3 140309769353024
read_file 1568148196.8807762 1568148197.3622034 bigbrain_1538_0_694.nii 139640492414784
increment_file 1568148226.62395 1568148278.0284123 bigbrain_1538_0_694.nii 139640492414784
write_file 1568148332.0994253 1568148447.1132 inc-bigbrain_1538_0_694.nii 139640492414784
task_duration 1568148316.8745608 1568148694.0872505 1568148307-isilon_1it_25cpus_60sdelay_withpc-3 139640492414784
read_file 1568149140.7017667 1568149145.503409 bigbrain_769_603_0.nii 140195038988096
increment_file 1568149151.9635546 1568149167.2000463 bigbrain_769_603_0.nii 140195038988096
write_file 1568149179.4520986 1568149201.058813 inc-bigbrain_769_603_0.nii 140195038988096
task_duration 1568149260.5409184 1568149442.981067 1568148307-isilon_1it_25cpus_60sdelay_withpc-3 140195038988096
read_file 1568148196.8822546 1568148197.3772352 bigbrain_1538_1809_694.nii 140478379259712
increment_file 1568148270.5041077 1568148315.0746157 bigbrain_1538_1809_694.nii 140478379259712
write_file 1568148333.9562025 1568148464.8828185 inc-bigbrain_1538_1809_694.nii 140478379259712
task_duration 1568148316.878614 1568148705.4132702 1568148307-isilon_1it_25cpus_60sdelay_withpc-3 140478379259712
read_file 1568148881.2515743 1568148881.332827 bigbrain_3076_1809_2776.nii 140356584163136
increment_file 1568148884.5777194 1568148903.243012 bigbrain_3076_1809_2776.nii 140356584163136
write_file 1568148905.259184 1568148939.2875447 inc-bigbrain_3076_1809_2776.nii 140356584163136
task_duration 1568149001.2340548 1568149189.1607323 1568148307-isilon_1it_25cpus_60sdelay_withpc-3 140356584163136
read_file 1568148635.1890483 1568148637.36923 bigbrain_2307_2412_0.nii 140370467592000
increment_file 1568148650.6947029 1568148668.5318096 bigbrain_2307_2412_0.nii 140370467592000
write_file 1568148682.6889367 1568148727.5473185 inc-bigbrain_2307_2412_0.nii 140370467592000
task_duration 1568148755.1179523 1568148971.1607335 1568148307-isilon_1it_25cpus_60sdelay_withpc-3 140370467592000
read_file 1568148979.8182936 1568148979.848866 bigbrain_3076_603_2776.nii 140269444421440
increment_file 1568148979.8627121 1568148991.4445932 bigbrain_3076_603_2776.nii 140269444421440
write_file 1568148995.3451145 1568149013.4881375 inc-bigbrain_3076_603_2776.nii 140269444421440
task_duration 1568149099.7941432 1568149255.254432 1568148307-isilon_1it_25cpus_60sdelay_withpc-3 140269444421440
read_file 1568149125.0914462 1568149139.0921826 bigbrain_769_1809_2776.nii 140359428962112
increment_file 1568149142.2759068 1568149153.1271977 bigbrain_769_1809_2776.nii 140359428962112
write_file 1568149169.0322149 1568149185.3576272 inc-bigbrain_769_1809_2776.nii 140359428962112
task_duration 1568149245.0510345 1568149427.580362 1568148307-isilon_1it_25cpus_60sdelay_withpc-3 140359428962112
read_file 1568148196.9374256 1568148197.4717367 bigbrain_1538_2412_0.nii 140335583729472
increment_file 1568148299.7543087 1568148331.1584594 bigbrain_1538_2412_0.nii 140335583729472
write_file 1568148342.5722294 1568148470.7294316 inc-bigbrain_1538_2412_0.nii 140335583729472
task_duration 1568148316.8801954 1568148710.9678316 1568148307-isilon_1it_25cpus_60sdelay_withpc-3 140335583729472
read_file 1568148656.8591368 1568148673.9838357 bigbrain_2307_603_1388.nii 140500635875136
increment_file 1568148683.496036 1568148716.3330739 bigbrain_2307_603_1388.nii 140500635875136
write_file 1568148726.09264 1568148741.197161 inc-bigbrain_2307_603_1388.nii 140500635875136
task_duration 1568148776.3089652 1568148982.3238199 1568148307-isilon_1it_25cpus_60sdelay_withpc-3 140500635875136
read_file 1568148599.4127972 1568148612.9248528 bigbrain_2307_1809_0.nii 140198243546944
increment_file 1568148615.864802 1568148623.9770355 bigbrain_2307_1809_0.nii 140198243546944
write_file 1568148627.500219 1568148644.4307263 inc-bigbrain_2307_1809_0.nii 140198243546944
task_duration 1568148719.4099195 1568148898.112549 1568148307-isilon_1it_25cpus_60sdelay_withpc-3 140198243546944
read_file 1568149027.6650631 1568149027.7694411 bigbrain_769_1206_2082.nii 140719652697920
increment_file 1568149027.8016393 1568149052.840432 bigbrain_769_1206_2082.nii 140719652697920
write_file 1568149066.47333 1568149090.683489 inc-bigbrain_769_1206_2082.nii 140719652697920
task_duration 1568149147.6611745 1568149341.1511984 1568148307-isilon_1it_25cpus_60sdelay_withpc-3 140719652697920
read_file 1568149027.667469 1568149027.7709656 bigbrain_769_1206_1388.nii 140348557444928
increment_file 1568149027.80555 1568149053.4805017 bigbrain_769_1206_1388.nii 140348557444928
write_file 1568149067.9435728 1568149110.7533288 inc-bigbrain_769_1206_1388.nii 140348557444928
task_duration 1568149147.664988 1568149355.0426745 1568148307-isilon_1it_25cpus_60sdelay_withpc-3 140348557444928
read_file 1568148630.806077 1568148634.3269224 bigbrain_2307_1809_2776.nii 140307687049024
increment_file 1568148635.9542215 1568148649.0924363 bigbrain_2307_1809_2776.nii 140307687049024
write_file 1568148675.1857293 1568148711.7302325 inc-bigbrain_2307_1809_2776.nii 140307687049024
task_duration 1568148750.6110528 1568148958.3986068 1568148307-isilon_1it_25cpus_60sdelay_withpc-3 140307687049024
read_file 1568148196.8790467 1568148197.3582222 bigbrain_1538_1809_2082.nii 140122318833472
increment_file 1568148213.121498 1568148266.4988604 bigbrain_1538_1809_2082.nii 140122318833472
write_file 1568148331.9647448 1568148442.1151135 inc-bigbrain_1538_1809_2082.nii 140122318833472
task_duration 1568148316.873001 1568148691.4844778 1568148307-isilon_1it_25cpus_60sdelay_withpc-3 140122318833472
read_file 1568148196.8773222 1568148197.3045042 bigbrain_1538_1206_1388.nii 140686112073536
increment_file 1568148197.47706 1568148230.6864522 bigbrain_1538_1206_1388.nii 140686112073536
write_file 1568148328.6272051 1568148412.7331564 inc-bigbrain_1538_1206_1388.nii 140686112073536
task_duration 1568148316.8745527 1568148672.9865994 1568148307-isilon_1it_25cpus_60sdelay_withpc-3 140686112073536
read_file 1568148196.8825219 1568148197.469062 bigbrain_2307_0_1388.nii 139667273041728
increment_file 1568148278.0268922 1568148320.2675078 bigbrain_2307_0_1388.nii 139667273041728
write_file 1568148334.090887 1568148466.7258327 inc-bigbrain_2307_0_1388.nii 139667273041728
task_duration 1568148316.8799598 1568148707.234341 1568148307-isilon_1it_25cpus_60sdelay_withpc-3 139667273041728
read_file 1568148823.5300803 1568148823.557885 bigbrain_3076_1206_2776.nii 140092331501376
increment_file 1568148823.5638146 1568148848.0373924 bigbrain_3076_1206_2776.nii 140092331501376
write_file 1568148850.0980306 1568148861.8563693 inc-bigbrain_3076_1206_2776.nii 140092331501376
task_duration 1568148943.526753 1568149101.9809716 1568148307-isilon_1it_25cpus_60sdelay_withpc-3 140092331501376
read_file 1568149027.7074022 1568149027.7978733 bigbrain_769_1206_0.nii 139717610460992
increment_file 1568149027.9833484 1568149057.9694333 bigbrain_769_1206_0.nii 139717610460992
write_file 1568149071.9546347 1568149115.3649867 inc-bigbrain_769_1206_0.nii 139717610460992
task_duration 1568149147.672608 1568149357.8710952 1568148307-isilon_1it_25cpus_60sdelay_withpc-3 139717610460992
read_file 1568148881.2512023 1568148881.3322847 bigbrain_3076_2412_0.nii 140217338865472
increment_file 1568148881.3608193 1568148901.5310664 bigbrain_3076_2412_0.nii 140217338865472
write_file 1568148904.8581388 1568148934.4876378 inc-bigbrain_3076_2412_0.nii 140217338865472
task_duration 1568149001.2319539 1568149187.8204916 1568148307-isilon_1it_25cpus_60sdelay_withpc-3 140217338865472
read_file 1568148196.8810978 1568148197.3753383 bigbrain_1538_2412_2082.nii 140401668962112
increment_file 1568148247.6006083 1568148296.1464434 bigbrain_1538_2412_2082.nii 140401668962112
write_file 1568148332.637497 1568148455.0385234 inc-bigbrain_1538_2412_2082.nii 140401668962112
task_duration 1568148316.877307 1568148698.9509358 1568148307-isilon_1it_25cpus_60sdelay_withpc-3 140401668962112
read_file 1568148881.3489826 1568148896.402839 bigbrain_3076_1809_694.nii 140614657976128
increment_file 1568148902.7345734 1568148909.820004 bigbrain_3076_1809_694.nii 140614657976128
write_file 1568148917.402443 1568148943.3254874 inc-bigbrain_3076_1809_694.nii 140614657976128
task_duration 1568149001.3466733 1568149189.5444083 1568148307-isilon_1it_25cpus_60sdelay_withpc-3 140614657976128
read_file 1568148196.8785057 1568148197.3534064 bigbrain_1538_1809_0.nii 139971677796160
increment_file 1568148204.565099 1568148252.8231978 bigbrain_1538_1809_0.nii 139971677796160
write_file 1568148331.05115 1568148427.736319 inc-bigbrain_1538_1809_0.nii 139971677796160
task_duration 1568148316.8729625 1568148676.9223404 1568148307-isilon_1it_25cpus_60sdelay_withpc-3 139971677796160
read_file 1568148744.9327195 1568148744.974999 bigbrain_2307_603_2776.nii 140632273557312
increment_file 1568148744.9896846 1568148750.5384731 bigbrain_2307_603_2776.nii 140632273557312
write_file 1568148759.0434914 1568148771.519876 inc-bigbrain_2307_603_2776.nii 140632273557312
task_duration 1568148864.9295654 1568149014.2718801 1568148307-isilon_1it_25cpus_60sdelay_withpc-3 140632273557312
read_file 1568148909.1601806 1568148910.5866396 bigbrain_3076_2412_2082.nii 140664600012608
increment_file 1568148916.208145 1568148938.4819448 bigbrain_3076_2412_2082.nii 140664600012608
write_file 1568148949.4390266 1568148972.4513195 inc-bigbrain_3076_2412_2082.nii 140664600012608
task_duration 1568149028.9211733 1568149212.5712364 1568148307-isilon_1it_25cpus_60sdelay_withpc-3 140664600012608
read_file 1568149124.9730768 1568149125.0299873 bigbrain_769_1809_2082.nii 140400455739200
increment_file 1568149125.3141446 1568149141.4412937 bigbrain_769_1809_2082.nii 140400455739200
write_file 1568149148.1785905 1568149170.4578788 inc-bigbrain_769_1809_2082.nii 140400455739200
task_duration 1568149244.9444861 1568149422.9458945 1568148307-isilon_1it_25cpus_60sdelay_withpc-3 140400455739200
read_file 1568149218.89688 1568149218.9148743 bigbrain_769_603_694.nii 140044480157504
increment_file 1568149218.9396338 1568149229.7503097 bigbrain_769_603_694.nii 140044480157504
write_file 1568149229.8784823 1568149241.895507 inc-bigbrain_769_603_694.nii 140044480157504
task_duration 1568149338.8936412 1568149482.0119436 1568148307-isilon_1it_25cpus_60sdelay_withpc-3 140044480157504
read_file 1568148196.8796031 1568148197.3733408 bigbrain_1538_2412_1388.nii 140059119085376
increment_file 1568148231.0862365 1568148282.1693501 bigbrain_1538_2412_1388.nii 140059119085376
write_file 1568148332.2336056 1568148448.626194 inc-bigbrain_1538_2412_1388.nii 140059119085376
task_duration 1568148316.8731697 1568148696.2137449 1568148307-isilon_1it_25cpus_60sdelay_withpc-3 140059119085376
read_file 1568148925.8305688 1568148929.7193334 bigbrain_3076_603_0.nii 140265379448640
increment_file 1568148931.9946756 1568148949.4350011 bigbrain_3076_603_0.nii 140265379448640
write_file 1568148949.475613 1568148972.447498 inc-bigbrain_3076_603_0.nii 140265379448640
task_duration 1568149045.706457 1568149212.5705724 1568148307-isilon_1it_25cpus_60sdelay_withpc-3 140265379448640
read_file 1568148796.0920937 1568148796.1853497 bigbrain_3076_1206_1388.nii 140258326841152
increment_file 1568148797.3968542 1568148822.552092 bigbrain_3076_1206_1388.nii 140258326841152
write_file 1568148823.491308 1568148857.7870831 inc-bigbrain_3076_1206_1388.nii 140258326841152
task_duration 1568148916.071246 1568149101.9766371 1568148307-isilon_1it_25cpus_60sdelay_withpc-3 140258326841152
read_file 1568148196.8787596 1568148197.3560727 bigbrain_1538_1206_694.nii 139734807639872
increment_file 1568148208.441588 1568148260.4692302 bigbrain_1538_1206_694.nii 139734807639872
write_file 1568148331.5617673 1568148431.8251467 inc-bigbrain_1538_1206_694.nii 139734807639872
task_duration 1568148316.8729973 1568148683.9062264 1568148307-isilon_1it_25cpus_60sdelay_withpc-3 139734807639872
read_file 1568148631.643816 1568148635.190388 bigbrain_2307_2412_2082.nii 139880412514112
increment_file 1568148637.9277296 1568148656.5391352 bigbrain_2307_2412_2082.nii 139880412514112
write_file 1568148676.3896072 1568148722.9765637 inc-bigbrain_2307_2412_2082.nii 139880412514112
task_duration 1568148751.5393615 1568148966.7383091 1568148307-isilon_1it_25cpus_60sdelay_withpc-3 139880412514112
read_file 1568148196.882889 1568148197.4696536 bigbrain_1538_1809_2776.nii 140699551360832
increment_file 1568148282.167545 1568148320.9123883 bigbrain_1538_1809_2776.nii 140699551360832
write_file 1568148334.2256627 1568148468.9608023 inc-bigbrain_1538_1809_2776.nii 140699551360832
task_duration 1568148316.8801973 1568148709.3735485 1568148307-isilon_1it_25cpus_60sdelay_withpc-3 140699551360832
read_file 1568148196.8814077 1568148197.3758538 bigbrain_1538_603_2082.nii 140350454638400
increment_file 1568148254.8422973 1568148303.470635 bigbrain_1538_603_2082.nii 140350454638400
write_file 1568148333.1750953 1568148459.6118953 inc-bigbrain_1538_603_2082.nii 140350454638400
task_duration 1568148316.8757696 1568148701.5530066 1568148307-isilon_1it_25cpus_60sdelay_withpc-3 140350454638400
read_file 1568148196.892881 1568148197.471068 bigbrain_1538_603_694.nii 140217922676544
increment_file 1568148292.8310916 1568148324.063554 bigbrain_1538_603_694.nii 140217922676544
write_file 1568148334.4672225 1568148470.4550326 inc-bigbrain_1538_603_694.nii 140217922676544
task_duration 1568148316.880028 1568148710.744651 1568148307-isilon_1it_25cpus_60sdelay_withpc-3 140217922676544
read_file 1568148979.7858412 1568148979.8212612 bigbrain_769_0_2082.nii 140351150184256
increment_file 1568148979.8450503 1568148990.782621 bigbrain_769_0_2082.nii 140351150184256
write_file 1568148994.9406757 1568149009.70958 inc-bigbrain_769_0_2082.nii 140351150184256
task_duration 1568149099.783181 1568149252.5274925 1568148307-isilon_1it_25cpus_60sdelay_withpc-3 140351150184256
read_file 1568148841.0404599 1568148843.8609278 bigbrain_3076_1809_1388.nii 139627089516352
increment_file 1568148844.517647 1568148861.8563244 bigbrain_3076_1809_1388.nii 139627089516352
write_file 1568148861.9011517 1568148879.2926004 inc-bigbrain_3076_1809_1388.nii 139627089516352
task_duration 1568148959.3453977 1568149119.4214861 1568148307-isilon_1it_25cpus_60sdelay_withpc-3 139627089516352
read_file 1568149124.9395995 1568149125.0164232 bigbrain_769_2412_0.nii 140389593384768
increment_file 1568149125.0414999 1568149140.0000577 bigbrain_769_2412_0.nii 140389593384768
write_file 1568149146.321664 1568149167.4663055 inc-bigbrain_769_2412_0.nii 140389593384768
task_duration 1568149244.9370966 1568149417.0361223 1568148307-isilon_1it_25cpus_60sdelay_withpc-3 140389593384768
read_file 1568148196.8798711 1568148197.3740954 bigbrain_1538_603_1388.nii 140122885744448
increment_file 1568148236.3022468 1568148285.5046875 bigbrain_1538_603_1388.nii 140122885744448
write_file 1568148332.9061294 1568148456.5455005 inc-bigbrain_1538_603_1388.nii 140122885744448
task_duration 1568148316.8735754 1568148700.1519136 1568148307-isilon_1it_25cpus_60sdelay_withpc-3 140122885744448
read_file 1568148196.8779223 1568148197.3496377 bigbrain_1538_1206_2082.nii 140028565993280
increment_file 1568148199.2182024 1568148242.1317387 bigbrain_1538_1206_2082.nii 140028565993280
write_file 1568148330.2428956 1568148418.620467 inc-bigbrain_1538_1206_2082.nii 140028565993280
task_duration 1568148316.8729997 1568148668.897194 1568148307-isilon_1it_25cpus_60sdelay_withpc-3 140028565993280
read_file 1568148599.308351 1568148599.386628 bigbrain_2307_1809_1388.nii 140061838616384
increment_file 1568148600.7503934 1568148615.8567512 bigbrain_2307_1809_1388.nii 140061838616384
write_file 1568148618.2673008 1568148636.2317457 inc-bigbrain_2307_1809_1388.nii 140061838616384
task_duration 1568148719.2950664 1568148888.5604272 1568148307-isilon_1it_25cpus_60sdelay_withpc-3 140061838616384
read_file 1568148541.7407782 1568148541.7572627 bigbrain_2307_0_2776.nii 140567168436032
increment_file 1568148541.766049 1568148547.2610652 bigbrain_2307_0_2776.nii 140567168436032
write_file 1568148547.2844052 1568148553.381712 inc-bigbrain_2307_0_2776.nii 140567168436032
task_duration 1568148661.7371168 1568148793.4925296 1568148307-isilon_1it_25cpus_60sdelay_withpc-3 140567168436032
read_file 1568148196.8776662 1568148197.2483356 bigbrain_1538_1809_1388.nii 139658757441344
increment_file 1568148197.4745994 1568148230.0469198 bigbrain_1538_1809_1388.nii 139658757441344
write_file 1568148327.010418 1568148395.5392473 inc-bigbrain_1538_1809_1388.nii 139658757441344
task_duration 1568148316.8721359 1568148660.7086542 1568148307-isilon_1it_25cpus_60sdelay_withpc-3 139658757441344
read_file 1568148635.5347598 1568148638.213644 bigbrain_2307_2412_694.nii 139966488360768
increment_file 1568148654.1604846 1568148672.6471033 bigbrain_2307_2412_694.nii 139966488360768
write_file 1568148683.8715434 1568148731.3946962 inc-bigbrain_2307_2412_694.nii 139966488360768
task_duration 1568148755.4642367 1568148973.9372597 1568148307-isilon_1it_25cpus_60sdelay_withpc-3 139966488360768
read_file 1568148979.9075773 1568148985.9791877 bigbrain_769_0_1388.nii 140705958430528
increment_file 1568148991.6944346 1568149003.925632 bigbrain_769_0_1388.nii 140705958430528
write_file 1568149006.2170222 1568149019.926258 inc-bigbrain_769_0_1388.nii 140705958430528
task_duration 1568149099.858843 1568149260.0464346 1568148307-isilon_1it_25cpus_60sdelay_withpc-3 140705958430528
