read_file 1568145337.0455613 1568145337.0472987 bigbrain_2307_0_1388.nii 139795988019008
increment_file 1568145337.0475147 1568145452.1675131 bigbrain_2307_0_1388.nii 139795988019008
write_file 1568145452.1891375 1568145452.9686003 inc-bigbrain_2307_0_1388.nii 139795988019008
task_duration 1568145337.0422268 1568145452.9720438 1568144769-local_1it_96cpus_0delay_npc-2 139795988019008
read_file 1568145337.0454948 1568145337.0473375 bigbrain_2307_1809_694.nii 140074714199872
increment_file 1568145337.0475442 1568145453.7897797 bigbrain_2307_1809_694.nii 140074714199872
write_file 1568145453.8103147 1568145454.780614 inc-bigbrain_2307_1809_694.nii 140074714199872
task_duration 1568145337.0407104 1568145454.7835176 1568144769-local_1it_96cpus_0delay_npc-2 140074714199872
read_file 1568145337.0759113 1568145337.102837 bigbrain_1538_1809_694.nii 140073552398144
increment_file 1568145337.1031783 1568145455.3316252 bigbrain_1538_1809_694.nii 140073552398144
write_file 1568145455.3532474 1568145456.210318 inc-bigbrain_1538_1809_694.nii 140073552398144
task_duration 1568145337.0735135 1568145456.213562 1568144769-local_1it_96cpus_0delay_npc-2 140073552398144
read_file 1568145337.1008604 1568145337.1217291 bigbrain_1538_1809_2776.nii 139986967828288
increment_file 1568145337.1219838 1568145458.5951438 bigbrain_1538_1809_2776.nii 139986967828288
write_file 1568145458.682126 1568145462.5676994 inc-bigbrain_1538_1809_2776.nii 139986967828288
task_duration 1568145337.0982213 1568145462.5802932 1568144769-local_1it_96cpus_0delay_npc-2 139986967828288
read_file 1568145337.0984178 1568145337.1225042 bigbrain_2307_1809_0.nii 139738025490240
increment_file 1568145337.122916 1568145455.680071 bigbrain_2307_1809_0.nii 139738025490240
write_file 1568145455.698909 1568145456.3801653 inc-bigbrain_2307_1809_0.nii 139738025490240
task_duration 1568145337.096702 1568145456.383286 1568144769-local_1it_96cpus_0delay_npc-2 139738025490240
read_file 1568145337.1034153 1568145337.1315868 bigbrain_1538_1206_2776.nii 140634546931520
increment_file 1568145337.131869 1568145457.8130655 bigbrain_1538_1206_2776.nii 140634546931520
write_file 1568145457.9203415 1568145462.469144 inc-bigbrain_1538_1206_2776.nii 140634546931520
task_duration 1568145337.1003695 1568145462.478187 1568144769-local_1it_96cpus_0delay_npc-2 140634546931520
read_file 1568145337.1109955 1568145337.146225 bigbrain_3076_2412_2082.nii 140037730088768
increment_file 1568145337.1464663 1568145456.4804442 bigbrain_3076_2412_2082.nii 140037730088768
write_file 1568145456.4988508 1568145459.883368 inc-bigbrain_3076_2412_2082.nii 140037730088768
task_duration 1568145337.1084907 1568145459.9031792 1568144769-local_1it_96cpus_0delay_npc-2 140037730088768
read_file 1568145337.117822 1568145337.1463487 bigbrain_3076_1809_2776.nii 140446455502656
increment_file 1568145337.146569 1568145457.1997843 bigbrain_3076_1809_2776.nii 140446455502656
write_file 1568145457.2573326 1568145462.3097608 inc-bigbrain_3076_1809_2776.nii 140446455502656
task_duration 1568145337.114662 1568145462.325337 1568144769-local_1it_96cpus_0delay_npc-2 140446455502656
read_file 1568145337.107738 1568145337.1464205 bigbrain_769_2412_1388.nii 140112651499328
increment_file 1568145337.146651 1568145457.1641145 bigbrain_769_2412_1388.nii 140112651499328
write_file 1568145457.2483177 1568145462.3015397 inc-bigbrain_769_2412_1388.nii 140112651499328
task_duration 1568145337.105954 1568145462.311923 1568144769-local_1it_96cpus_0delay_npc-2 140112651499328
read_file 1568145337.1053545 1568145337.1466384 bigbrain_3076_1809_0.nii 140570096666432
increment_file 1568145337.1469076 1568145456.7202623 bigbrain_3076_1809_0.nii 140570096666432
write_file 1568145456.741112 1568145461.0425186 inc-bigbrain_3076_1809_0.nii 140570096666432
task_duration 1568145337.102131 1568145461.0638788 1568144769-local_1it_96cpus_0delay_npc-2 140570096666432
read_file 1568145337.105132 1568145337.1472876 bigbrain_769_2412_694.nii 140127624148800
increment_file 1568145337.1476586 1568145456.7104306 bigbrain_769_2412_694.nii 140127624148800
write_file 1568145456.7302644 1568145462.461899 inc-bigbrain_769_2412_694.nii 140127624148800
task_duration 1568145337.1014068 1568145462.4747896 1568144769-local_1it_96cpus_0delay_npc-2 140127624148800
read_file 1568145337.1059277 1568145337.147427 bigbrain_769_2412_2082.nii 139960674096960
increment_file 1568145337.1477728 1568145457.1471984 bigbrain_769_2412_2082.nii 139960674096960
write_file 1568145457.223336 1568145462.4451816 inc-bigbrain_769_2412_2082.nii 139960674096960
task_duration 1568145337.1027136 1568145462.464473 1568144769-local_1it_96cpus_0delay_npc-2 139960674096960
read_file 1568145337.1082783 1568145337.1554601 bigbrain_769_1809_2082.nii 140018748368704
increment_file 1568145337.1558294 1568145457.318352 bigbrain_769_1809_2082.nii 140018748368704
write_file 1568145457.4117236 1568145462.4385178 inc-bigbrain_769_1809_2082.nii 140018748368704
task_duration 1568145337.1063097 1568145462.4501748 1568144769-local_1it_96cpus_0delay_npc-2 140018748368704
read_file 1568145337.1055365 1568145337.1555328 bigbrain_2307_1809_2776.nii 140277705623360
increment_file 1568145337.1558776 1568145457.5938232 bigbrain_2307_1809_2776.nii 140277705623360
write_file 1568145457.6721437 1568145462.9251573 inc-bigbrain_2307_1809_2776.nii 140277705623360
task_duration 1568145337.102097 1568145462.9298203 1568144769-local_1it_96cpus_0delay_npc-2 140277705623360
read_file 1568145337.1194024 1568145337.1563327 bigbrain_2307_0_694.nii 139687727023936
increment_file 1568145337.1565764 1568145456.9558725 bigbrain_2307_0_694.nii 139687727023936
write_file 1568145456.9774058 1568145462.1181421 inc-bigbrain_2307_0_694.nii 139687727023936
task_duration 1568145337.11723 1568145462.1393113 1568144769-local_1it_96cpus_0delay_npc-2 139687727023936
read_file 1568145337.1597908 1568145337.161522 bigbrain_769_603_2082.nii 140136323409728
increment_file 1568145337.1617618 1568145337.6461112 bigbrain_769_603_2082.nii 140136323409728
write_file 1568145337.6569161 1568145338.2312539 inc-bigbrain_769_603_2082.nii 140136323409728
task_duration 1568145337.1574414 1568145338.2343855 1568144769-local_1it_96cpus_0delay_npc-2 140136323409728
read_file 1568145337.1627169 1568145337.1638956 bigbrain_2307_2412_694.nii 140096923629376
increment_file 1568145337.1641004 1568145337.6113882 bigbrain_2307_2412_694.nii 140096923629376
write_file 1568145337.6222723 1568145338.132251 inc-bigbrain_2307_2412_694.nii 140096923629376
task_duration 1568145337.1612678 1568145338.1352909 1568144769-local_1it_96cpus_0delay_npc-2 140096923629376
read_file 1568145337.1685698 1568145337.169799 bigbrain_2307_603_1388.nii 140295303112512
increment_file 1568145337.1700041 1568145337.6149542 bigbrain_2307_603_1388.nii 140295303112512
write_file 1568145337.6254773 1568145338.1326709 inc-bigbrain_2307_603_1388.nii 140295303112512
task_duration 1568145337.1668541 1568145338.1355577 1568144769-local_1it_96cpus_0delay_npc-2 140295303112512
read_file 1568145337.131308 1568145337.1724544 bigbrain_2307_1206_2082.nii 140357922023232
increment_file 1568145337.172642 1568145456.6690116 bigbrain_2307_1206_2082.nii 140357922023232
write_file 1568145456.6885707 1568145462.0055432 inc-bigbrain_2307_1206_2082.nii 140357922023232
task_duration 1568145337.1288126 1568145462.0377977 1568144769-local_1it_96cpus_0delay_npc-2 140357922023232
read_file 1568145337.1214576 1568145337.1726058 bigbrain_1538_2412_0.nii 140580446369600
increment_file 1568145337.172809 1568145456.3319106 bigbrain_1538_2412_0.nii 140580446369600
write_file 1568145456.3537362 1568145458.1229525 inc-bigbrain_1538_2412_0.nii 140580446369600
task_duration 1568145337.1199539 1568145458.1570714 1568144769-local_1it_96cpus_0delay_npc-2 140580446369600
read_file 1568145337.1436048 1568145337.1726341 bigbrain_1538_2412_2776.nii 140026207770432
increment_file 1568145337.172842 1568145456.6682746 bigbrain_1538_2412_2776.nii 140026207770432
write_file 1568145456.6882632 1568145460.9699633 inc-bigbrain_1538_2412_2776.nii 140026207770432
task_duration 1568145337.142238 1568145460.9902735 1568144769-local_1it_96cpus_0delay_npc-2 140026207770432
read_file 1568145337.172902 1568145337.1745598 bigbrain_1538_2412_694.nii 140390013007680
increment_file 1568145337.1747735 1568145337.6720533 bigbrain_1538_2412_694.nii 140390013007680
write_file 1568145337.682571 1568145338.2542088 inc-bigbrain_1538_2412_694.nii 140390013007680
task_duration 1568145337.1699164 1568145338.2575421 1568144769-local_1it_96cpus_0delay_npc-2 140390013007680
read_file 1568145337.1729321 1568145337.1745834 bigbrain_1538_2412_2082.nii 140465287563072
increment_file 1568145337.1748066 1568145337.6591618 bigbrain_1538_2412_2082.nii 140465287563072
write_file 1568145337.6698418 1568145338.2392766 inc-bigbrain_1538_2412_2082.nii 140465287563072
task_duration 1568145337.169952 1568145338.2423294 1568144769-local_1it_96cpus_0delay_npc-2 140465287563072
read_file 1568145337.1302502 1568145337.2027013 bigbrain_3076_1206_2082.nii 140352887895872
increment_file 1568145337.203004 1568145457.1075172 bigbrain_3076_1206_2082.nii 140352887895872
write_file 1568145457.2053237 1568145462.446608 inc-bigbrain_3076_1206_2082.nii 140352887895872
task_duration 1568145337.1281536 1568145462.4599679 1568144769-local_1it_96cpus_0delay_npc-2 140352887895872
read_file 1568145337.1456563 1568145337.203416 bigbrain_1538_0_694.nii 140519174600512
increment_file 1568145337.203794 1568145457.4179447 bigbrain_1538_0_694.nii 140519174600512
write_file 1568145457.5282276 1568145462.380978 inc-bigbrain_1538_0_694.nii 140519174600512
task_duration 1568145337.1424983 1568145462.38884 1568144769-local_1it_96cpus_0delay_npc-2 140519174600512
read_file 1568145337.1480348 1568145337.2331161 bigbrain_769_1206_2082.nii 140455257712448
increment_file 1568145337.2335193 1568145457.4299443 bigbrain_769_1206_2082.nii 140455257712448
write_file 1568145457.5383425 1568145462.5097346 inc-bigbrain_769_1206_2082.nii 140455257712448
task_duration 1568145337.1458611 1568145462.5328314 1568144769-local_1it_96cpus_0delay_npc-2 140455257712448
read_file 1568145337.1541705 1568145337.2332208 bigbrain_769_603_0.nii 140601874609984
increment_file 1568145337.2336354 1568145457.4322894 bigbrain_769_603_0.nii 140601874609984
write_file 1568145457.5424438 1568145463.0327191 inc-bigbrain_769_603_0.nii 140601874609984
task_duration 1568145337.1523993 1568145463.03672 1568144769-local_1it_96cpus_0delay_npc-2 140601874609984
read_file 1568145337.1209996 1568145337.2409499 bigbrain_1538_1206_694.nii 139758948955968
increment_file 1568145337.2413578 1568145457.6879067 bigbrain_1538_1206_694.nii 139758948955968
write_file 1568145457.7991142 1568145462.446458 inc-bigbrain_1538_1206_694.nii 139758948955968
task_duration 1568145337.1186466 1568145462.467474 1568144769-local_1it_96cpus_0delay_npc-2 139758948955968
read_file 1568145337.13986 1568145337.2409544 bigbrain_3076_0_2082.nii 140710952871744
increment_file 1568145337.2414198 1568145457.450294 bigbrain_3076_0_2082.nii 140710952871744
write_file 1568145457.5000045 1568145462.8583093 inc-bigbrain_3076_0_2082.nii 140710952871744
task_duration 1568145337.138533 1568145462.8660011 1568144769-local_1it_96cpus_0delay_npc-2 140710952871744
read_file 1568145337.1535084 1568145337.2409651 bigbrain_1538_603_1388.nii 140584417892160
increment_file 1568145337.2415078 1568145457.465093 bigbrain_1538_603_1388.nii 140584417892160
write_file 1568145457.5667148 1568145462.478985 inc-bigbrain_1538_603_1388.nii 140584417892160
task_duration 1568145337.1521516 1568145462.4836805 1568144769-local_1it_96cpus_0delay_npc-2 140584417892160
read_file 1568145337.1588264 1568145337.2495577 bigbrain_2307_1809_2082.nii 140561353090880
increment_file 1568145337.2499597 1568145457.6847441 bigbrain_2307_1809_2082.nii 140561353090880
write_file 1568145457.8136609 1568145462.4613445 inc-bigbrain_2307_1809_2082.nii 140561353090880
task_duration 1568145337.1569047 1568145462.4704168 1568144769-local_1it_96cpus_0delay_npc-2 140561353090880
read_file 1568145337.1503508 1568145337.249672 bigbrain_1538_1809_1388.nii 140574822369088
increment_file 1568145337.250024 1568145457.6864126 bigbrain_1538_1809_1388.nii 140574822369088
write_file 1568145457.8072336 1568145462.3940136 inc-bigbrain_1538_1809_1388.nii 140574822369088
task_duration 1568145337.1482036 1568145462.4026062 1568144769-local_1it_96cpus_0delay_npc-2 140574822369088
read_file 1568145337.1619503 1568145337.256748 bigbrain_3076_2412_0.nii 140325997979456
increment_file 1568145337.2570515 1568145457.693251 bigbrain_3076_2412_0.nii 140325997979456
write_file 1568145457.7770724 1568145462.9320087 inc-bigbrain_3076_2412_0.nii 140325997979456
task_duration 1568145337.1597915 1568145462.9367678 1568144769-local_1it_96cpus_0delay_npc-2 140325997979456
read_file 1568145337.154728 1568145337.2570312 bigbrain_2307_1809_1388.nii 140038713014080
increment_file 1568145337.257362 1568145458.0614667 bigbrain_2307_1809_1388.nii 140038713014080
write_file 1568145458.1536498 1568145462.9854286 inc-bigbrain_2307_1809_1388.nii 140038713014080
task_duration 1568145337.1529803 1568145462.990007 1568144769-local_1it_96cpus_0delay_npc-2 140038713014080
read_file 1568145337.1672602 1568145337.2574008 bigbrain_2307_603_2776.nii 140653127731008
increment_file 1568145337.2577772 1568145457.7001739 bigbrain_2307_603_2776.nii 140653127731008
write_file 1568145457.7776573 1568145462.976317 inc-bigbrain_2307_603_2776.nii 140653127731008
task_duration 1568145337.1641266 1568145462.9806497 1568144769-local_1it_96cpus_0delay_npc-2 140653127731008
read_file 1568145337.1711736 1568145337.2718856 bigbrain_1538_603_2776.nii 140294562182976
increment_file 1568145337.2722836 1568145457.9574814 bigbrain_1538_603_2776.nii 140294562182976
write_file 1568145458.0332696 1568145463.1049812 inc-bigbrain_1538_603_2776.nii 140294562182976
task_duration 1568145337.1693003 1568145463.1084342 1568144769-local_1it_96cpus_0delay_npc-2 140294562182976
read_file 1568145337.157373 1568145337.2718859 bigbrain_769_0_0.nii 140620614969152
increment_file 1568145337.2723515 1568145457.8588822 bigbrain_769_0_0.nii 140620614969152
write_file 1568145457.934759 1568145463.041753 inc-bigbrain_769_0_0.nii 140620614969152
task_duration 1568145337.1536982 1568145463.0454183 1568144769-local_1it_96cpus_0delay_npc-2 140620614969152
read_file 1568145337.1680312 1568145337.2718837 bigbrain_3076_1206_1388.nii 140470736107328
increment_file 1568145337.2724283 1568145458.0841346 bigbrain_3076_1206_1388.nii 140470736107328
write_file 1568145458.187027 1568145463.1473026 inc-bigbrain_3076_1206_1388.nii 140470736107328
task_duration 1568145337.165183 1568145463.1510727 1568144769-local_1it_96cpus_0delay_npc-2 140470736107328
read_file 1568145337.1609712 1568145337.2719114 bigbrain_769_0_694.nii 140490004997952
increment_file 1568145337.272479 1568145457.8198817 bigbrain_769_0_694.nii 140490004997952
write_file 1568145457.8614554 1568145463.0640397 inc-bigbrain_769_0_694.nii 140490004997952
task_duration 1568145337.1581855 1568145463.0674975 1568144769-local_1it_96cpus_0delay_npc-2 140490004997952
read_file 1568145337.1376863 1568145337.2719254 bigbrain_1538_0_2776.nii 139815862806336
increment_file 1568145337.2725482 1568145458.1563838 bigbrain_1538_0_2776.nii 139815862806336
write_file 1568145458.2475564 1568145462.4874303 inc-bigbrain_1538_0_2776.nii 139815862806336
task_duration 1568145337.136088 1568145462.5063183 1568144769-local_1it_96cpus_0delay_npc-2 139815862806336
read_file 1568145337.1502178 1568145337.272016 bigbrain_3076_1809_2082.nii 139989206050624
increment_file 1568145337.2726002 1568145458.0805912 bigbrain_3076_1809_2082.nii 139989206050624
write_file 1568145458.1705978 1568145463.1065366 inc-bigbrain_3076_1809_2082.nii 139989206050624
task_duration 1568145337.1481256 1568145463.109919 1568144769-local_1it_96cpus_0delay_npc-2 139989206050624
read_file 1568145337.1414294 1568145337.2720408 bigbrain_3076_603_1388.nii 139903797143360
increment_file 1568145337.2727275 1568145457.948163 bigbrain_3076_603_1388.nii 139903797143360
write_file 1568145458.0464735 1568145462.5405712 inc-bigbrain_3076_603_1388.nii 139903797143360
task_duration 1568145337.139023 1568145462.54805 1568144769-local_1it_96cpus_0delay_npc-2 139903797143360
read_file 1568145337.1145442 1568145337.2808235 bigbrain_1538_1206_1388.nii 140182416955200
increment_file 1568145337.281196 1568145459.470172 bigbrain_1538_1206_1388.nii 140182416955200
write_file 1568145459.5671084 1568145463.1613498 inc-bigbrain_1538_1206_1388.nii 140182416955200
task_duration 1568145337.1112561 1568145463.1644287 1568144769-local_1it_96cpus_0delay_npc-2 140182416955200
read_file 1568145337.1671202 1568145337.281232 bigbrain_3076_0_0.nii 140114405312320
increment_file 1568145337.281605 1568145458.0812213 bigbrain_3076_0_0.nii 140114405312320
write_file 1568145458.173959 1568145462.606855 inc-bigbrain_3076_0_0.nii 140114405312320
task_duration 1568145337.1650965 1568145462.625428 1568144769-local_1it_96cpus_0delay_npc-2 140114405312320
read_file 1568145337.1578681 1568145337.287458 bigbrain_769_1206_2776.nii 140066231248704
increment_file 1568145337.2877722 1568145458.147111 bigbrain_769_1206_2776.nii 140066231248704
write_file 1568145458.2363222 1568145463.107026 inc-bigbrain_769_1206_2776.nii 140066231248704
task_duration 1568145337.1559284 1568145463.1101878 1568144769-local_1it_96cpus_0delay_npc-2 140066231248704
read_file 1568145337.1275146 1568145337.2875142 bigbrain_2307_1206_1388.nii 140450141734720
increment_file 1568145337.2877839 1568145458.2179232 bigbrain_2307_1206_1388.nii 140450141734720
write_file 1568145458.3067367 1568145462.585284 inc-bigbrain_2307_1206_1388.nii 140450141734720
task_duration 1568145337.1246986 1568145462.5930436 1568144769-local_1it_96cpus_0delay_npc-2 140450141734720
read_file 1568145337.1685984 1568145337.2878723 bigbrain_1538_1206_0.nii 140659174086464
increment_file 1568145337.2883246 1568145458.48551 bigbrain_1538_1206_0.nii 140659174086464
write_file 1568145458.5462184 1568145462.9927452 inc-bigbrain_1538_1206_0.nii 140659174086464
task_duration 1568145337.166774 1568145462.9968991 1568144769-local_1it_96cpus_0delay_npc-2 140659174086464
read_file 1568145337.127758 1568145337.288089 bigbrain_3076_603_0.nii 139833568089920
increment_file 1568145337.2884665 1568145457.5536993 bigbrain_3076_603_0.nii 139833568089920
write_file 1568145457.649775 1568145462.553856 inc-bigbrain_3076_603_0.nii 139833568089920
task_duration 1568145337.125786 1568145462.5613294 1568144769-local_1it_96cpus_0delay_npc-2 139833568089920
read_file 1568145337.1473937 1568145337.2959101 bigbrain_769_1809_0.nii 140494226745152
increment_file 1568145337.2961745 1568145457.3235743 bigbrain_769_1809_0.nii 140494226745152
write_file 1568145457.393261 1568145462.3824253 inc-bigbrain_769_1809_0.nii 140494226745152
task_duration 1568145337.1443284 1568145462.3939981 1568144769-local_1it_96cpus_0delay_npc-2 140494226745152
read_file 1568145337.1719234 1568145337.2968361 bigbrain_2307_0_0.nii 139939146630976
increment_file 1568145337.2972302 1568145457.551758 bigbrain_2307_0_0.nii 139939146630976
write_file 1568145457.602009 1568145462.9336195 inc-bigbrain_2307_0_0.nii 139939146630976
task_duration 1568145337.1691966 1568145462.9380634 1568144769-local_1it_96cpus_0delay_npc-2 139939146630976
read_file 1568145337.1616442 1568145337.3026755 bigbrain_1538_2412_1388.nii 140719901558592
increment_file 1568145337.3029487 1568145457.3291104 bigbrain_1538_2412_1388.nii 140719901558592
write_file 1568145457.3864074 1568145462.4452522 inc-bigbrain_1538_2412_1388.nii 140719901558592
task_duration 1568145337.1584513 1568145462.456156 1568144769-local_1it_96cpus_0delay_npc-2 140719901558592
read_file 1568145337.1589496 1568145337.3032672 bigbrain_769_1809_2776.nii 140098915129152
increment_file 1568145337.3036227 1568145457.3304353 bigbrain_769_1809_2776.nii 140098915129152
write_file 1568145457.4226332 1568145462.4195216 inc-bigbrain_769_1809_2776.nii 140098915129152
task_duration 1568145337.1572008 1568145462.428235 1568144769-local_1it_96cpus_0delay_npc-2 140098915129152
read_file 1568145337.155103 1568145337.3035176 bigbrain_1538_1809_0.nii 139923377207104
increment_file 1568145337.3039062 1568145456.9662135 bigbrain_1538_1809_0.nii 139923377207104
write_file 1568145456.9893022 1568145462.753813 inc-bigbrain_1538_1809_0.nii 139923377207104
task_duration 1568145337.1518497 1568145462.7647414 1568144769-local_1it_96cpus_0delay_npc-2 139923377207104
read_file 1568145337.156663 1568145337.3035438 bigbrain_769_0_2082.nii 140114983307072
increment_file 1568145337.3039615 1568145457.3296824 bigbrain_769_0_2082.nii 140114983307072
write_file 1568145457.421137 1568145462.8882337 inc-bigbrain_769_0_2082.nii 140114983307072
task_duration 1568145337.1528685 1568145462.8937597 1568144769-local_1it_96cpus_0delay_npc-2 140114983307072
read_file 1568145337.1598713 1568145337.3094165 bigbrain_3076_0_694.nii 139989328348992
increment_file 1568145337.3096724 1568145456.9951873 bigbrain_3076_0_694.nii 139989328348992
write_file 1568145457.0291119 1568145462.3132477 inc-bigbrain_3076_0_694.nii 139989328348992
task_duration 1568145337.157523 1568145462.3249264 1568144769-local_1it_96cpus_0delay_npc-2 139989328348992
read_file 1568145337.1512709 1568145337.3097694 bigbrain_2307_1206_2776.nii 140661696460608
increment_file 1568145337.3101048 1568145456.9757884 bigbrain_2307_1206_2776.nii 140661696460608
write_file 1568145457.0010133 1568145462.281443 inc-bigbrain_2307_1206_2776.nii 140661696460608
task_duration 1568145337.1489632 1568145462.298119 1568144769-local_1it_96cpus_0delay_npc-2 140661696460608
read_file 1568145337.150435 1568145337.310069 bigbrain_2307_1206_0.nii 139833531426624
increment_file 1568145337.3104498 1568145456.9880614 bigbrain_2307_1206_0.nii 139833531426624
write_file 1568145457.0168414 1568145462.2783728 inc-bigbrain_2307_1206_0.nii 139833531426624
task_duration 1568145337.1476066 1568145462.2916958 1568144769-local_1it_96cpus_0delay_npc-2 139833531426624
read_file 1568145337.1480496 1568145337.310076 bigbrain_769_1206_694.nii 140530555709248
increment_file 1568145337.3105314 1568145456.977338 bigbrain_769_1206_694.nii 140530555709248
write_file 1568145457.0018525 1568145462.2233143 inc-bigbrain_769_1206_694.nii 140530555709248
task_duration 1568145337.1442773 1568145462.237974 1568144769-local_1it_96cpus_0delay_npc-2 140530555709248
read_file 1568145337.1400037 1568145337.3100939 bigbrain_3076_2412_694.nii 140348588361536
increment_file 1568145337.310582 1568145456.989599 bigbrain_3076_2412_694.nii 140348588361536
write_file 1568145457.018499 1568145462.8642478 inc-bigbrain_3076_2412_694.nii 140348588361536
task_duration 1568145337.1379194 1568145462.8718271 1568144769-local_1it_96cpus_0delay_npc-2 140348588361536
read_file 1568145337.163562 1568145337.310132 bigbrain_769_1206_1388.nii 140038985545536
increment_file 1568145337.3106358 1568145456.9777846 bigbrain_769_1206_1388.nii 140038985545536
write_file 1568145457.0017595 1568145462.1479375 inc-bigbrain_769_1206_1388.nii 140038985545536
task_duration 1568145337.1623406 1568145462.163762 1568144769-local_1it_96cpus_0delay_npc-2 140038985545536
read_file 1568145337.1693804 1568145337.3186517 bigbrain_769_0_1388.nii 140584466020160
increment_file 1568145337.318885 1568145457.0024705 bigbrain_769_0_1388.nii 140584466020160
write_file 1568145457.032448 1568145462.323904 inc-bigbrain_769_0_1388.nii 140584466020160
task_duration 1568145337.1672118 1568145462.3440886 1568144769-local_1it_96cpus_0delay_npc-2 140584466020160
read_file 1568145337.1666133 1568145337.336721 bigbrain_3076_2412_2776.nii 140037548439360
increment_file 1568145337.3370998 1568145456.9987862 bigbrain_3076_2412_2776.nii 140037548439360
write_file 1568145457.029039 1568145462.6817276 inc-bigbrain_3076_2412_2776.nii 140037548439360
task_duration 1568145337.1645894 1568145462.7028177 1568144769-local_1it_96cpus_0delay_npc-2 140037548439360
read_file 1568145337.164712 1568145337.3368676 bigbrain_3076_1206_0.nii 140058254415680
increment_file 1568145337.3372314 1568145457.0097148 bigbrain_3076_1206_0.nii 140058254415680
write_file 1568145457.0417778 1568145462.4233587 inc-bigbrain_3076_1206_0.nii 140058254415680
task_duration 1568145337.1629813 1568145462.442297 1568144769-local_1it_96cpus_0delay_npc-2 140058254415680
read_file 1568145337.1546063 1568145337.3368757 bigbrain_769_1809_694.nii 140411511588672
increment_file 1568145337.3373048 1568145457.0137603 bigbrain_769_1809_694.nii 140411511588672
write_file 1568145457.0451248 1568145462.3391397 inc-bigbrain_769_1809_694.nii 140411511588672
task_duration 1568145337.1533527 1568145462.3521564 1568144769-local_1it_96cpus_0delay_npc-2 140411511588672
read_file 1568145337.1516998 1568145337.3369603 bigbrain_2307_2412_0.nii 140557457999680
increment_file 1568145337.3373637 1568145457.0119736 bigbrain_2307_2412_0.nii 140557457999680
write_file 1568145457.0445967 1568145462.2832994 inc-bigbrain_2307_2412_0.nii 140557457999680
task_duration 1568145337.1495 1568145462.296678 1568144769-local_1it_96cpus_0delay_npc-2 140557457999680
read_file 1568145337.1669743 1568145337.3421988 bigbrain_769_2412_2776.nii 140441006360384
increment_file 1568145337.3424592 1568145457.0306404 bigbrain_769_2412_2776.nii 140441006360384
write_file 1568145457.0758052 1568145462.1558049 inc-bigbrain_769_2412_2776.nii 140441006360384
task_duration 1568145337.164584 1568145462.1715758 1568144769-local_1it_96cpus_0delay_npc-2 140441006360384
read_file 1568145337.1734114 1568145337.3424377 bigbrain_2307_2412_1388.nii 140134092838720
increment_file 1568145337.3427293 1568145457.0211298 bigbrain_2307_2412_1388.nii 140134092838720
write_file 1568145457.0583272 1568145462.315777 inc-bigbrain_2307_2412_1388.nii 140134092838720
task_duration 1568145337.1706047 1568145462.3267002 1568144769-local_1it_96cpus_0delay_npc-2 140134092838720
read_file 1568145337.1713207 1568145337.3428354 bigbrain_3076_603_2776.nii 140485278357312
increment_file 1568145337.3432124 1568145457.0226114 bigbrain_3076_603_2776.nii 140485278357312
write_file 1568145457.0968075 1568145462.195556 inc-bigbrain_3076_603_2776.nii 140485278357312
task_duration 1568145337.1698427 1568145462.2100031 1568144769-local_1it_96cpus_0delay_npc-2 140485278357312
read_file 1568145337.1575344 1568145337.3430152 bigbrain_3076_2412_1388.nii 139940595951424
increment_file 1568145337.3433795 1568145457.3364615 bigbrain_3076_2412_1388.nii 139940595951424
write_file 1568145457.374524 1568145462.3256228 inc-bigbrain_3076_2412_1388.nii 139940595951424
task_duration 1568145337.1561673 1568145462.3404558 1568144769-local_1it_96cpus_0delay_npc-2 139940595951424
read_file 1568145337.1703484 1568145337.3430195 bigbrain_769_603_2776.nii 139784193476416
increment_file 1568145337.3434262 1568145457.020597 bigbrain_769_603_2776.nii 139784193476416
write_file 1568145457.0581439 1568145462.386176 inc-bigbrain_769_603_2776.nii 139784193476416
task_duration 1568145337.1680186 1568145462.3963513 1568144769-local_1it_96cpus_0delay_npc-2 139784193476416
read_file 1568145337.1656814 1568145337.346068 bigbrain_3076_1206_694.nii 139965114558272
increment_file 1568145337.3463643 1568145457.3438685 bigbrain_3076_1206_694.nii 139965114558272
write_file 1568145457.40818 1568145462.3225474 inc-bigbrain_3076_1206_694.nii 139965114558272
task_duration 1568145337.16278 1568145462.3342874 1568144769-local_1it_96cpus_0delay_npc-2 139965114558272
read_file 1568145337.1613548 1568145337.346576 bigbrain_769_1809_1388.nii 140036580362048
increment_file 1568145337.3468838 1568145457.3607373 bigbrain_769_1809_1388.nii 140036580362048
write_file 1568145457.4172819 1568145462.3896694 inc-bigbrain_769_1809_1388.nii 140036580362048
task_duration 1568145337.1590257 1568145462.403979 1568144769-local_1it_96cpus_0delay_npc-2 140036580362048
read_file 1568145337.1655903 1568145337.346873 bigbrain_1538_1809_2082.nii 140058707523392
increment_file 1568145337.3472426 1568145457.370118 bigbrain_1538_1809_2082.nii 140058707523392
write_file 1568145457.4770036 1568145462.3123982 inc-bigbrain_1538_1809_2082.nii 140058707523392
task_duration 1568145337.1638532 1568145462.329904 1568144769-local_1it_96cpus_0delay_npc-2 140058707523392
read_file 1568145337.1681554 1568145337.3468752 bigbrain_1538_603_694.nii 140195095312192
increment_file 1568145337.347286 1568145457.377674 bigbrain_1538_603_694.nii 140195095312192
write_file 1568145457.462589 1568145462.7682774 inc-bigbrain_1538_603_694.nii 140195095312192
task_duration 1568145337.1664155 1568145462.7759411 1568144769-local_1it_96cpus_0delay_npc-2 140195095312192
read_file 1568145337.1646817 1568145337.3469696 bigbrain_3076_0_2776.nii 140710139373376
increment_file 1568145337.3473577 1568145457.3567607 bigbrain_3076_0_2776.nii 140710139373376
write_file 1568145457.4274607 1568145463.0388281 inc-bigbrain_3076_0_2776.nii 140710139373376
task_duration 1568145337.1630504 1568145463.042765 1568144769-local_1it_96cpus_0delay_npc-2 140710139373376
read_file 1568145337.1651971 1568145337.3470213 bigbrain_3076_603_2082.nii 140191698450240
increment_file 1568145337.3474345 1568145457.3625317 bigbrain_3076_603_2082.nii 140191698450240
write_file 1568145457.4250548 1568145462.8295798 inc-bigbrain_3076_603_2082.nii 140191698450240
task_duration 1568145337.1632404 1568145462.838078 1568144769-local_1it_96cpus_0delay_npc-2 140191698450240
read_file 1568145337.1726391 1568145337.3470707 bigbrain_2307_2412_2776.nii 140436559251264
increment_file 1568145337.3474855 1568145457.3445451 bigbrain_2307_2412_2776.nii 140436559251264
write_file 1568145457.3866286 1568145462.7605855 inc-bigbrain_2307_2412_2776.nii 140436559251264
task_duration 1568145337.1701741 1568145462.7701578 1568144769-local_1it_96cpus_0delay_npc-2 140436559251264
read_file 1568145337.163279 1568145337.3532999 bigbrain_769_2412_0.nii 140141928154944
increment_file 1568145337.3535643 1568145457.3600326 bigbrain_769_2412_0.nii 140141928154944
write_file 1568145457.4004188 1568145462.8349984 inc-bigbrain_769_2412_0.nii 140141928154944
task_duration 1568145337.1604009 1568145462.8422556 1568144769-local_1it_96cpus_0delay_npc-2 140141928154944
read_file 1568145337.1604192 1568145337.3537998 bigbrain_769_0_2776.nii 139877740611392
increment_file 1568145337.3541718 1568145457.3691134 bigbrain_769_0_2776.nii 139877740611392
write_file 1568145457.4080436 1568145462.768652 inc-bigbrain_769_0_2776.nii 139877740611392
task_duration 1568145337.1574774 1568145462.781436 1568144769-local_1it_96cpus_0delay_npc-2 139877740611392
read_file 1568145337.1704557 1568145337.353877 bigbrain_2307_603_694.nii 140201309509440
increment_file 1568145337.3542366 1568145457.3889108 bigbrain_2307_603_694.nii 140201309509440
write_file 1568145457.4753807 1568145462.283148 inc-bigbrain_2307_603_694.nii 140201309509440
task_duration 1568145337.1682115 1568145462.3002114 1568144769-local_1it_96cpus_0delay_npc-2 140201309509440
read_file 1568145337.1661196 1568145337.3538997 bigbrain_2307_2412_2082.nii 140414012929856
increment_file 1568145337.354308 1568145457.3806953 bigbrain_2307_2412_2082.nii 140414012929856
write_file 1568145457.4255967 1568145462.8097177 inc-bigbrain_2307_2412_2082.nii 140414012929856
task_duration 1568145337.1640117 1568145462.8198214 1568144769-local_1it_96cpus_0delay_npc-2 140414012929856
read_file 1568145337.1678734 1568145337.357217 bigbrain_2307_0_2776.nii 140451851392832
increment_file 1568145337.3574772 1568145457.3900511 bigbrain_2307_0_2776.nii 140451851392832
write_file 1568145457.4292145 1568145462.7977066 inc-bigbrain_2307_0_2776.nii 140451851392832
task_duration 1568145337.1658893 1568145462.807527 1568144769-local_1it_96cpus_0delay_npc-2 140451851392832
read_file 1568145337.167369 1568145337.357633 bigbrain_3076_1809_1388.nii 140409351595840
increment_file 1568145337.3580108 1568145457.4045765 bigbrain_3076_1809_1388.nii 140409351595840
write_file 1568145457.5212553 1568145462.4130533 inc-bigbrain_3076_1809_1388.nii 140409351595840
task_duration 1568145337.1652684 1568145462.420129 1568144769-local_1it_96cpus_0delay_npc-2 140409351595840
read_file 1568145337.1622481 1568145337.3576968 bigbrain_769_1206_0.nii 139849722304320
increment_file 1568145337.358065 1568145457.5610776 bigbrain_769_1206_0.nii 139849722304320
write_file 1568145457.6762977 1568145462.4825444 inc-bigbrain_769_1206_0.nii 139849722304320
task_duration 1568145337.159696 1568145462.490791 1568144769-local_1it_96cpus_0delay_npc-2 139849722304320
read_file 1568145337.158566 1568145337.3577394 bigbrain_1538_1206_2082.nii 140058471819072
increment_file 1568145337.3581467 1568145457.4048712 bigbrain_1538_1206_2082.nii 140058471819072
write_file 1568145457.4633756 1568145462.3226488 inc-bigbrain_1538_1206_2082.nii 140058471819072
task_duration 1568145337.1568422 1568145462.3401353 1568144769-local_1it_96cpus_0delay_npc-2 140058471819072
read_file 1568145337.1736877 1568145337.3577845 bigbrain_3076_0_1388.nii 140404634601280
increment_file 1568145337.358193 1568145457.386013 bigbrain_3076_0_1388.nii 140404634601280
write_file 1568145457.4264803 1568145462.733595 inc-bigbrain_3076_0_1388.nii 140404634601280
task_duration 1568145337.1710382 1568145462.7443411 1568144769-local_1it_96cpus_0delay_npc-2 140404634601280
read_file 1568145337.1654239 1568145337.357825 bigbrain_2307_0_2082.nii 139890199877440
increment_file 1568145337.3582647 1568145457.408926 bigbrain_2307_0_2082.nii 139890199877440
write_file 1568145457.4508991 1568145462.8538384 inc-bigbrain_2307_0_2082.nii 139890199877440
task_duration 1568145337.162155 1568145462.862372 1568144769-local_1it_96cpus_0delay_npc-2 139890199877440
read_file 1568145337.1734467 1568145337.3582573 bigbrain_2307_603_0.nii 140260009465664
increment_file 1568145337.3586528 1568145457.4049575 bigbrain_2307_603_0.nii 140260009465664
write_file 1568145457.491958 1568145462.8934212 inc-bigbrain_2307_603_0.nii 140260009465664
task_duration 1568145337.171034 1568145462.8989813 1568144769-local_1it_96cpus_0delay_npc-2 140260009465664
read_file 1568145337.1724682 1568145337.3583124 bigbrain_3076_1809_694.nii 140014340704064
increment_file 1568145337.358691 1568145457.418405 bigbrain_3076_1809_694.nii 140014340704064
write_file 1568145457.4668252 1568145462.5446048 inc-bigbrain_3076_1809_694.nii 140014340704064
task_duration 1568145337.1695755 1568145462.5569432 1568144769-local_1it_96cpus_0delay_npc-2 140014340704064
read_file 1568145337.1617315 1568145337.3674507 bigbrain_3076_603_694.nii 140225320367936
increment_file 1568145337.367859 1568145457.5619354 bigbrain_3076_603_694.nii 140225320367936
write_file 1568145457.6471794 1568145463.008072 inc-bigbrain_3076_603_694.nii 140225320367936
task_duration 1568145337.1602767 1568145463.0122736 1568144769-local_1it_96cpus_0delay_npc-2 140225320367936
read_file 1568145337.170514 1568145337.3875675 bigbrain_1538_603_0.nii 139998353688384
increment_file 1568145337.3879843 1568145457.5588748 bigbrain_1538_603_0.nii 139998353688384
write_file 1568145457.618005 1568145463.012426 inc-bigbrain_1538_603_0.nii 139998353688384
task_duration 1568145337.169065 1568145463.0176 1568144769-local_1it_96cpus_0delay_npc-2 139998353688384
read_file 1568145337.1704555 1568145337.3940363 bigbrain_1538_603_2082.nii 139769483261760
increment_file 1568145337.3943825 1568145457.5888128 bigbrain_1538_603_2082.nii 139769483261760
write_file 1568145457.694855 1568145462.4102826 inc-bigbrain_1538_603_2082.nii 139769483261760
task_duration 1568145337.1681967 1568145462.4293954 1568144769-local_1it_96cpus_0delay_npc-2 139769483261760
read_file 1568145337.167084 1568145337.3941588 bigbrain_2307_1206_694.nii 140508966393664
increment_file 1568145337.394615 1568145457.5793402 bigbrain_2307_1206_694.nii 140508966393664
write_file 1568145457.6685982 1568145462.9705322 inc-bigbrain_2307_1206_694.nii 140508966393664
task_duration 1568145337.1647372 1568145462.9770088 1568144769-local_1it_96cpus_0delay_npc-2 140508966393664
read_file 1568145337.1727157 1568145337.394201 bigbrain_769_603_1388.nii 140542151296832
increment_file 1568145337.3946455 1568145457.568426 bigbrain_769_603_1388.nii 140542151296832
write_file 1568145457.6397808 1568145462.9742022 inc-bigbrain_769_603_1388.nii 140542151296832
task_duration 1568145337.169866 1568145462.9785953 1568144769-local_1it_96cpus_0delay_npc-2 140542151296832
read_file 1568145337.1601284 1568145337.3944874 bigbrain_3076_1206_2776.nii 140154726201152
increment_file 1568145337.394887 1568145457.5765705 bigbrain_3076_1206_2776.nii 140154726201152
write_file 1568145457.6809528 1568145462.4575837 inc-bigbrain_3076_1206_2776.nii 140154726201152
task_duration 1568145337.1588438 1568145462.4685967 1568144769-local_1it_96cpus_0delay_npc-2 140154726201152
read_file 1568145337.1734648 1568145337.4664323 bigbrain_2307_603_2082.nii 139673188538176
increment_file 1568145337.4667675 1568145458.1569192 bigbrain_2307_603_2082.nii 139673188538176
write_file 1568145458.2354665 1568145462.5193815 inc-bigbrain_2307_603_2082.nii 139673188538176
task_duration 1568145337.1706398 1568145462.5243988 1568144769-local_1it_96cpus_0delay_npc-2 139673188538176
read_file 1568145338.8273642 1568145339.3213494 bigbrain_769_603_694.nii 140230828541760
increment_file 1568145339.3217697 1568145458.0464175 bigbrain_769_603_694.nii 140230828541760
write_file 1568145458.1383128 1568145463.0814312 inc-bigbrain_769_603_694.nii 140230828541760
task_duration 1568145338.824884 1568145463.0850604 1568144769-local_1it_96cpus_0delay_npc-2 140230828541760
