START DATE:1567642746
/bin/sh: line 0: type: docker: not found
[32mShell command
[0mmkdir -p pmem-1/outputs/NYU_2_0025157; /run.py data/corr/RawDataBIDS/NYU_2 pmem-1/outputs/NYU_2_0025157 participant --participant_label 0025157 
[32mContainer location
[0mLocal (bids-example.simg)
[32mContainer command
[0msingularity exec --cleanenv -B /pmem1-data/val/tristan:/pmem1-data/val/tristan -W /pmem1-data/val/tristan /pmem1-data/val/tristan/bids-example.simg /pmem1-data/val/tristan/temp-442043089291-1567643155833.localExec.boshjob.sh
[32mExit code
[0m0
[32mStd out
[0m	1: This file is not part of the BIDS specification, make sure it isn't included in the dataset by accident. Data derivatives (processed data) should be placed in /derivatives folder. (code: 1 - NOT_INCLUDED)
		/.datalad/.gitattributes
			Evidence: .gitattributes
		/.datalad/config
			Evidence: config
		/.datalad/crawl/crawl.cfg
			Evidence: crawl.cfg
		/.datalad/crawl/versions/master.json
			Evidence: master.json
		/.datalad/meta/meta.json
			Evidence: meta.json
		/.datalad/metadata/aggregate_v1.json
			Evidence: aggregate_v1.json
		/.datalad/metadata/objects/41/cn-8984f0020e6333c64a4e3d42af4382.xz
			Evidence: cn-8984f0020e6333c64a4e3d42af4382.xz
		/.datalad/metadata/objects/41/ds-8984f0020e6333c64a4e3d42af4382
			Evidence: ds-8984f0020e6333c64a4e3d42af4382
		/.gitattributes
			Evidence: .gitattributes

	2: Not all subjects contain the same files. Each subject should contain the same number of files with the same naming unless some files are known to be missing. (code: 38 - INCONSISTENT_SUBJECTS)
		/sub-0025000/ses-3/anat/sub-0025000_ses-3_run-1_T1w.nii.gz
		/sub-0025000/ses-3/anat/sub-0025000_ses-3_run-2_T1w.nii.gz
		/sub-0025000/ses-3/func/sub-0025000_ses-3_task-rest_run-1_bold.nii.gz
		/sub-0025000/ses-3/func/sub-0025000_ses-3_task-rest_run-2_bold.nii.gz
		/sub-0025001/ses-1/anat/sub-0025001_ses-1_run-2_T1w.nii.gz
		/sub-0025001/ses-2/anat/sub-0025001_ses-2_run-2_T1w.nii.gz
		/sub-0025001/ses-2/func/sub-0025001_ses-2_task-rest_run-2_bold.nii.gz
		/sub-0025001/ses-3/anat/sub-0025001_ses-3_run-1_T1w.nii.gz
		/sub-0025001/ses-3/anat/sub-0025001_ses-3_run-2_T1w.nii.gz
		/sub-0025001/ses-3/func/sub-0025001_ses-3_task-rest_run-1_bold.nii.gz
		... and 1323 more files having this issue (Use --verbose to see them all).

	3: Not all subjects/sessions/runs have the same scanning parameters. (code: 39 - INCONSISTENT_PARAMETERS)
		/sub-0025057/ses-2/func/sub-0025057_ses-2_task-rest_run-2_bold.nii.gz

        Summary:                    Available Tasks:        Available Modalities: 
        5429 Files, 105.53GB        rest                    T1w                   
        187 - Subjects                                      bold                  
        3 - Sessions                                                              


bet data/corr/RawDataBIDS/NYU_2/sub-0025157/ses-1/anat/sub-0025157_ses-1_run-1_T1w.nii.gz pmem-1/outputs/NYU_2_0025157/sub-0025157_ses-1_run-1_brain.nii.gz

bet data/corr/RawDataBIDS/NYU_2/sub-0025157/ses-1/anat/sub-0025157_ses-1_run-2_T1w.nii.gz pmem-1/outputs/NYU_2_0025157/sub-0025157_ses-1_run-2_brain.nii.gz


[32mError message
[0m[31m[0m
[32mOutput files
[0m	- pmem-1/outputs/NYU_2_0025157 (output_dir, Required)
[32mMissing files
[0m[31m[0m


real	7m2.345s
user	4m40.134s
sys	1m43.510s
END DATE:1567643168
