START DATE:1567643148
/bin/sh: line 0: type: docker: not found
[32mShell command
[0mmkdir -p pmem-1/outputs/Utah_1_0026027; /run.py data/corr/RawDataBIDS/Utah_1 pmem-1/outputs/Utah_1_0026027 participant --participant_label 0026027 
[32mContainer location
[0mLocal (bids-example.simg)
[32mContainer command
[0msingularity exec --cleanenv -B /pmem1-data/val/tristan:/pmem1-data/val/tristan -W /pmem1-data/val/tristan /pmem1-data/val/tristan/bids-example.simg /pmem1-data/val/tristan/temp-996326889642-1567643201113.localExec.boshjob.sh
[32mExit code
[0m0
[32mStd out
[0m	1: This file is not part of the BIDS specification, make sure it isn't included in the dataset by accident. Data derivatives (processed data) should be placed in /derivatives folder. (code: 1 - NOT_INCLUDED)
		/.datalad/.gitattributes
			Evidence: .gitattributes
		/.datalad/config
			Evidence: config
		/.datalad/crawl/crawl.cfg
			Evidence: crawl.cfg
		/.datalad/crawl/versions/master.json
			Evidence: master.json
		/.datalad/meta/meta.json
			Evidence: meta.json
		/.datalad/metadata/aggregate_v1.json
			Evidence: aggregate_v1.json
		/.datalad/metadata/objects/ee/cn-d6e194d280365f1716091aa3b7c192.xz
			Evidence: cn-d6e194d280365f1716091aa3b7c192.xz
		/.datalad/metadata/objects/ee/ds-d6e194d280365f1716091aa3b7c192
			Evidence: ds-d6e194d280365f1716091aa3b7c192
		/.gitattributes
			Evidence: .gitattributes
		/sub-0026018/ses-1/func/sub-0026018_ses-1_task-rest_run-1_recording-physio.mat
			Evidence: sub-0026018_ses-1_task-rest_run-1_recording-physio.mat
		... and 335 more files having this issue (Use --verbose to see them all).

	2: Not all subjects/sessions/runs have the same scanning parameters. (code: 39 - INCONSISTENT_PARAMETERS)
		/sub-0026024/ses-1/anat/sub-0026024_ses-1_run-1_T1w.nii.gz
		/sub-0026024/ses-1/func/sub-0026024_ses-1_task-rest_run-1_bold.nii.gz
		/sub-0026026/ses-1/anat/sub-0026026_ses-1_run-1_T1w.nii.gz
		/sub-0026026/ses-1/func/sub-0026026_ses-1_task-rest_run-1_bold.nii.gz
		/sub-0026035/ses-1/anat/sub-0026035_ses-1_run-1_T1w.nii.gz
		/sub-0026035/ses-1/func/sub-0026035_ses-1_task-rest_run-1_bold.nii.gz
		/sub-0026037/ses-1/func/sub-0026037_ses-1_task-rest_run-1_bold.nii.gz

        Summary:                   Available Tasks:        Available Modalities: 
        2448 Files, 11.04GB        rest                    T1w                   
        26 - Subjects                                      bold                  
        2 - Sessions                                                             


bet data/corr/RawDataBIDS/Utah_1/sub-0026027/ses-1/anat/sub-0026027_ses-1_run-1_T1w.nii.gz pmem-1/outputs/Utah_1_0026027/sub-0026027_ses-1_run-1_brain.nii.gz

bet data/corr/RawDataBIDS/Utah_1/sub-0026027/ses-2/anat/sub-0026027_ses-2_run-1_T1w.nii.gz pmem-1/outputs/Utah_1_0026027/sub-0026027_ses-2_run-1_brain.nii.gz


[32mError message
[0m[31m[0m
[32mOutput files
[0m	- pmem-1/outputs/Utah_1_0026027 (output_dir, Required)
[32mMissing files
[0m[31m[0m


real	1m11.352s
user	0m39.141s
sys	0m9.487s
END DATE:1567643219
