START DATE:1567730523
/bin/sh: line 0: type: docker: not found
[32mShell command
[0mmkdir -p pmem-2/outputs/IPCAS_8_0025595; /run.py data/corr/RawDataBIDS/IPCAS_8 pmem-2/outputs/IPCAS_8_0025595 participant --participant_label 0025595 
[32mContainer location
[0mLocal (bids-example.simg)
[32mContainer command
[0msingularity exec --cleanenv -B /pmem1-data/val/tristan:/pmem1-data/val/tristan -W /pmem1-data/val/tristan /pmem1-data/val/tristan/bids-example.simg /pmem1-data/val/tristan/temp-230562788265-1567730575718.localExec.boshjob.sh
[32mExit code
[0m0
[32mStd out
[0m	1: This file is not part of the BIDS specification, make sure it isn't included in the dataset by accident. Data derivatives (processed data) should be placed in /derivatives folder. (code: 1 - NOT_INCLUDED)
		/.datalad/.gitattributes
			Evidence: .gitattributes
		/.datalad/config
			Evidence: config
		/.datalad/crawl/crawl.cfg
			Evidence: crawl.cfg
		/.datalad/crawl/versions/master.json
			Evidence: master.json
		/.datalad/meta/meta.json
			Evidence: meta.json
		/.datalad/metadata/aggregate_v1.json
			Evidence: aggregate_v1.json
		/.datalad/metadata/objects/f5/cn-bd8ee6f4a094b34343945370cdaa76.xz
			Evidence: cn-bd8ee6f4a094b34343945370cdaa76.xz
		/.datalad/metadata/objects/f5/ds-bd8ee6f4a094b34343945370cdaa76
			Evidence: ds-bd8ee6f4a094b34343945370cdaa76
		/.gitattributes
			Evidence: .gitattributes

        Summary:                 Available Tasks:        Available Modalities: 
        596 Files, 4.41GB        rest                    T1w                   
        13 - Subjects                                    dwi                   
        2 - Sessions                                     bold                  


bet data/corr/RawDataBIDS/IPCAS_8/sub-0025595/ses-1/anat/sub-0025595_ses-1_run-1_T1w.nii.gz pmem-2/outputs/IPCAS_8_0025595/sub-0025595_ses-1_run-1_brain.nii.gz

bet data/corr/RawDataBIDS/IPCAS_8/sub-0025595/ses-2/anat/sub-0025595_ses-2_run-1_T1w.nii.gz pmem-2/outputs/IPCAS_8_0025595/sub-0025595_ses-2_run-1_brain.nii.gz


[32mError message
[0m[31m[0m
[32mOutput files
[0m	- pmem-2/outputs/IPCAS_8_0025595 (output_dir, Required)
[32mMissing files
[0m[31m[0m


real	1m2.177s
user	0m19.204s
sys	0m5.217s
END DATE:1567730585
