START DATE:1567550808
/bin/sh: line 0: type: docker: not found
[32mShell command
[0mmkdir -p in-mem-3/outputs/IPCAS_4_0026202; /run.py data/corr/RawDataBIDS/IPCAS_4 in-mem-3/outputs/IPCAS_4_0026202 participant --participant_label 0026202 
[32mContainer location
[0mLocal (bids-example.simg)
[32mContainer command
[0msingularity exec --cleanenv -B /run/user/61218/tristan/bids-app-example:/run/user/61218/tristan/bids-app-example -W /run/user/61218/tristan/bids-app-example /run/user/61218/tristan/bids-app-example/bids-example.simg /run/user/61218/tristan/bids-app-example/temp-304613308716-1567550847221.localExec.boshjob.sh
[32mExit code
[0m0
[32mStd out
[0m	1: This file is not part of the BIDS specification, make sure it isn't included in the dataset by accident. Data derivatives (processed data) should be placed in /derivatives folder. (code: 1 - NOT_INCLUDED)
		/.datalad/.gitattributes
			Evidence: .gitattributes
		/.datalad/config
			Evidence: config
		/.datalad/crawl/crawl.cfg
			Evidence: crawl.cfg
		/.datalad/crawl/versions/master.json
			Evidence: master.json
		/.datalad/meta/meta.json
			Evidence: meta.json
		/.datalad/metadata/aggregate_v1.json
			Evidence: aggregate_v1.json
		/.datalad/metadata/objects/6e/cn-5645afe93f50d2b373fb70c5d32128.xz
			Evidence: cn-5645afe93f50d2b373fb70c5d32128.xz
		/.datalad/metadata/objects/6e/ds-5645afe93f50d2b373fb70c5d32128
			Evidence: ds-5645afe93f50d2b373fb70c5d32128
		/.gitattributes
			Evidence: .gitattributes

        Summary:                 Available Tasks:        Available Modalities: 
        465 Files, 2.11GB        rest                    T1w                   
        20 - Subjects                                    bold                  
        1 - Session                                                            


bet data/corr/RawDataBIDS/IPCAS_4/sub-0026202/ses-1/anat/sub-0026202_ses-1_run-1_T1w.nii.gz in-mem-3/outputs/IPCAS_4_0026202/sub-0026202_ses-1_run-1_brain.nii.gz


[32mError message
[0m[31m[0m
[32mOutput files
[0m	- in-mem-3/outputs/IPCAS_4_0026202 (output_dir, Required)
[32mMissing files
[0m[31m[0m


real	0m49.392s
user	0m10.845s
sys	0m2.054s
END DATE:1567550857
