START DATE:1567556182
/bin/sh: line 0: type: docker: not found
[32mShell command
[0mmkdir -p in-mem-6/outputs/IPCAS_7_0026075; /run.py data/corr/RawDataBIDS/IPCAS_7 in-mem-6/outputs/IPCAS_7_0026075 participant --participant_label 0026075 
[32mContainer location
[0mLocal (bids-example.simg)
[32mContainer command
[0msingularity exec --cleanenv -B /run/user/61218/tristan/bids-app-example:/run/user/61218/tristan/bids-app-example -W /run/user/61218/tristan/bids-app-example /run/user/61218/tristan/bids-app-example/bids-example.simg /run/user/61218/tristan/bids-app-example/temp-874924121450-1567556219372.localExec.boshjob.sh
[32mExit code
[0m0
[32mStd out
[0m	1: This file is not part of the BIDS specification, make sure it isn't included in the dataset by accident. Data derivatives (processed data) should be placed in /derivatives folder. (code: 1 - NOT_INCLUDED)
		/.datalad/.gitattributes
			Evidence: .gitattributes
		/.datalad/config
			Evidence: config
		/.datalad/crawl/crawl.cfg
			Evidence: crawl.cfg
		/.datalad/crawl/versions/master.json
			Evidence: master.json
		/.datalad/meta/meta.json
			Evidence: meta.json
		/.datalad/metadata/aggregate_v1.json
			Evidence: aggregate_v1.json
		/.datalad/metadata/objects/49/cn-8550d7fb77ef889f405e179fab44fb.xz
			Evidence: cn-8550d7fb77ef889f405e179fab44fb.xz
		/.datalad/metadata/objects/49/ds-8550d7fb77ef889f405e179fab44fb
			Evidence: ds-8550d7fb77ef889f405e179fab44fb
		/.gitattributes
			Evidence: .gitattributes

	2: Not all subjects contain the same files. Each subject should contain the same number of files with the same naming unless some files are known to be missing. (code: 38 - INCONSISTENT_SUBJECTS)
		/sub-0026056/ses-1/anat/sub-0026056_ses-1_run-1_T1w.nii.gz
		/sub-0026056/ses-1/func/sub-0026056_ses-1_task-rest_run-1_bold.nii.gz
		/sub-0026056/ses-1/func/sub-0026056_ses-1_task-rest_run-2_bold.nii.gz
		/sub-0026072/ses-1/anat/sub-0026072_ses-1_run-1_T1w.nii.gz
		/sub-0026072/ses-1/func/sub-0026072_ses-1_task-rest_run-1_bold.nii.gz
		/sub-0026072/ses-1/func/sub-0026072_ses-1_task-rest_run-2_bold.nii.gz
		/sub-0026101/sub-0026101_sessions.tsv
		/sub-0026117/sub-0026117_sessions.tsv

        Summary:                   Available Tasks:        Available Modalities: 
        1494 Files, 12.68GB        rest                    T1w                   
        74 - Subjects                                      bold                  
        1 - Session                                                              


bet data/corr/RawDataBIDS/IPCAS_7/sub-0026075/ses-1/anat/sub-0026075_ses-1_run-1_T1w.nii.gz in-mem-6/outputs/IPCAS_7_0026075/sub-0026075_ses-1_run-1_brain.nii.gz


[32mError message
[0m[31m[0m
[32mOutput files
[0m	- in-mem-6/outputs/IPCAS_7_0026075 (output_dir, Required)
[32mMissing files
[0m[31m[0m


real	0m41.583s
user	0m26.389s
sys	0m5.534s
END DATE:1567556224
